status file for recon-all
Tue Mar 10 10:19:07 CET 2026
#@# Tessellate rh Tue Mar 10 10:19:07 CET 2026
#@# Smooth1 rh Tue Mar 10 10:19:09 CET 2026
#@# Inflation1 rh Tue Mar 10 10:19:11 CET 2026
#@# QSphere rh Tue Mar 10 10:19:18 CET 2026
#@# Fix Topology rh Tue Mar 10 10:19:58 CET 2026
#@# Smooth2 rh Tue Mar 10 10:23:31 CET 2026
#@# Inflation2 rh Tue Mar 10 10:23:33 CET 2026
#@# Curv .H and .K rh Tue Mar 10 10:23:40 CET 2026
#@# Sphere rh Tue Mar 10 10:24:13 CET 2026
#@# Surf Reg rh Tue Mar 10 10:25:35 CET 2026
#@# Jacobian white rh Tue Mar 10 10:27:32 CET 2026
#@# AvgCurv rh Tue Mar 10 10:27:33 CET 2026
#@# Cortical Parc rh Tue Mar 10 10:27:33 CET 2026
#@# white curv rh Tue Mar 10 10:32:10 CET 2026
#@# white area rh Tue Mar 10 10:32:12 CET 2026
#@# pial curv rh Tue Mar 10 10:32:12 CET 2026
#@# pial area rh Tue Mar 10 10:32:13 CET 2026
#@# thickness rh Tue Mar 10 10:32:14 CET 2026
#@# area and vertex vol rh Tue Mar 10 10:32:30 CET 2026
#@# Curvature Stats rh Tue Mar 10 10:32:31 CET 2026
#@# Cortical Parc 2 rh Tue Mar 10 10:32:32 CET 2026
#@# Cortical Parc 3 rh Tue Mar 10 10:32:41 CET 2026
#@# WM/GM Contrast rh Tue Mar 10 10:32:47 CET 2026
recon-all -s sub-v2s0x29023_ses-1 finished without error at Tue Mar 10 10:32:49 CET 2026



#New# invocation of recon-all 



status file for recon-all
Tue Mar 10 10:52:46 CET 2026
#@# white curv rh Tue Mar 10 10:52:46 CET 2026
#@# white area rh Tue Mar 10 10:52:46 CET 2026
#@# pial curv rh Tue Mar 10 10:52:46 CET 2026
#@# pial area rh Tue Mar 10 10:52:46 CET 2026
#@# thickness rh Tue Mar 10 10:52:46 CET 2026
#@# area and vertex vol rh Tue Mar 10 10:52:46 CET 2026
#@# Parcellation Stats rh Tue Mar 10 10:52:46 CET 2026
#@# Parcellation Stats 2 rh Tue Mar 10 10:52:58 CET 2026
#@# Parcellation Stats 3 rh Tue Mar 10 10:53:04 CET 2026
#@# BA_exvivo Labels rh Tue Mar 10 10:53:10 CET 2026
recon-all -s sub-v2s0x29023_ses-1 finished without error at Tue Mar 10 10:54:47 CET 2026
