/out/sourcedata/freesurfer/sub-v2s0x30150_ses-1/mri
/opt/freesurfer/bin/talairach_avi
--i orig_nu.mgz --xfm transforms/talairach.auto.xfm
talairach_avi 7.3.2
Linux dna043 5.14.0-427.37.1.el9_4.x86_64 #1 SMP PREEMPT_DYNAMIC Fri Sep 13 12:41:50 EDT 2024 x86_64 x86_64 x86_64 GNU/Linux
Tue Mar 10 13:31:34 CET 2026
mri_convert orig_nu.mgz talsrcimg.img 
reading from orig_nu.mgz...
TR=0.00, TE=0.00, TI=0.00, flip angle=0.00
i_ras = (-1, 0, 0)
j_ras = (0, 0, -1)
k_ras = (0, 1, 0)
writing to talsrcimg.img...
Analyze Output Matrix
-1.00000   0.00000   0.00000   126.76805;
 0.00000   0.00000   1.00000  -108.72131;
 0.00000  -1.00000   0.00000   111.76457;
 0.00000   0.00000   0.00000   1.00000;
--------------------
INFO: set hdr.hist.orient to -1
mpr2mni305 talsrcimg
Tue Mar 10 13:31:35 CET 2026
/opt/freesurfer/bin/mpr2mni305 talsrcimg
mpr2mni305 7.3.2
target=711-2C_as_mni_average_305

---------------------------------------------------------------------
analyzeto4dfp talsrcimg -O0 -y
---------------------------------------------------------------------

freesurfer ifh2hdr.c
Tue Mar 10 13:31:35 2026
Writing: talsrcimg.4dfp.hdr
freesurfer analyzeto4dfp.c
Reading: talsrcimg.hdr
header size 348 bytes
hdr.dime.datatype	offset=70	value=2
hdr.dime.bitpix		offset=72	value=8
hdr.hist.orient		offset=252	value=-1
dimensionality     4
dimensions       256       256       256         1
Reading: talsrcimg.img
Writing: talsrcimg.4dfp.img
Writing: talsrcimg.4dfp.ifh
ifh2hdr talsrcimg -r0to255
ori=2

---------------------------------------------------------------------
gauss_4dfp talsrcimg 1.1
---------------------------------------------------------------------

freesurfer gauss_4dfp.c
Reading: talsrcimg.4dfp.img
Writing: talsrcimg_g11.4dfp.img
image dimensions 256 256 256 padded to 288 288 288
processing volume 1freesurfer ifh2hdr.c
Tue Mar 10 13:31:37 2026
Writing: talsrcimg_g11.4dfp.hdr

Writing: talsrcimg_g11.4dfp.ifh
including: talsrcimg.4dfp.img.rec in talsrcimg_g11.4dfp.img.rec

---------------------------------------------------------------------
imgreg_4dfp /opt/freesurfer/average/711-2C_as_mni_average_305 none talsrcimg_g11 none talsrcimg_to_711-2C_as_mni_average_305_t4 4355
---------------------------------------------------------------------

freesurfer imgreg_4dfp.c
/opt/freesurfer/average/711-2C_as_mni_average_305.4dfp.img
       256       256       256         1
  1.000000  1.000000  1.000000
orientation T byte_order littleendian
Reading image: /opt/freesurfer/average/711-2C_as_mni_average_305.4dfp.img
dimensions:      256       256       256
mmppix:       1.0000   -1.0000   -1.0000
center:     128.0000 -129.0000 -129.0000
talsrcimg_g11.4dfp.img
       256       256       256         1
  1.000000  1.000000  1.000000
orientation T byte_order littleendian
Reading image: talsrcimg_g11.4dfp.img
dimensions:      256       256       256
mmppix:       1.0000   -1.0000   -1.0000
center:     128.0000 -129.0000 -129.0000
t4_read: open error in t4_sub.f l:  41 t4_file(1:l)talsrcimg_to_711-2C_as_mni_average_305_t4 
t4_read: transform initialized to I4
rotation matrix determinant  1.000000
image alignment mode   4355 decimal     1103 hex
   -7.5000  -45.0000  -45.0000 9927.2178    8.4951
    0.0000  -45.0000  -45.000010260.7754    8.5130
    7.5000  -45.0000  -45.0000 9808.7051    8.4646
   -7.5000  -37.5000  -45.000010093.5518    8.5257
    0.0000  -37.5000  -45.000010433.3906    8.5441
    7.5000  -37.5000  -45.0000 9957.4775    8.4959
   -7.5000  -30.0000  -45.000010505.0469    8.3517
    0.0000  -30.0000  -45.000010876.1445    8.3702
    7.5000  -30.0000  -45.000010367.9102    8.3263
   -7.5000  -22.5000  -45.000010889.4619    8.2236
    0.0000  -22.5000  -45.000011284.4951    8.2414
    7.5000  -22.5000  -45.000010751.5234    8.2019
   -7.5000  -15.0000  -45.000011241.6572    8.1466
    0.0000  -15.0000  -45.000011649.4092    8.1631
    7.5000  -15.0000  -45.000011100.4023    8.1241
   -7.5000   -7.5000  -45.000011614.8604    8.1139
    0.0000   -7.5000  -45.000012049.1367    8.1297
    7.5000   -7.5000  -45.000011459.3574    8.0876
   -7.5000    0.0000  -45.000011964.0586    8.1078
    0.0000    0.0000  -45.000012408.4512    8.1239
    7.5000    0.0000  -45.000011796.0029    8.0789
   -7.5000    7.5000  -45.000011471.9893    8.2878
    0.0000    7.5000  -45.000011925.4863    8.3051
    7.5000    7.5000  -45.000011320.3066    8.2593
   -7.5000   15.0000  -45.000010945.6650    8.5451
    0.0000   15.0000  -45.000011377.1836    8.5637
    7.5000   15.0000  -45.000010810.0703    8.5194
   -7.5000   22.5000  -45.000010335.1279    8.7979
    0.0000   22.5000  -45.000010762.7842    8.8160
    7.5000   22.5000  -45.000010218.8447    8.7732
   -7.5000   30.0000  -45.0000 9729.5576    8.9654
    0.0000   30.0000  -45.000010127.0830    8.9811
    7.5000   30.0000  -45.0000 9620.4092    8.9387
   -7.5000   37.5000  -45.0000 9497.3125    9.3025
    0.0000   37.5000  -45.0000 9879.0654    9.3147
    7.5000   37.5000  -45.0000 9390.3330    9.2627
   -7.5000   45.0000  -45.0000 8964.8301    9.4294
    0.0000   45.0000  -45.0000 9338.7305    9.4380
    7.5000   45.0000  -45.0000 8848.9482    9.3808
   -7.5000  -45.0000  -37.500010426.9492    8.4683
    0.0000  -45.0000  -37.500010787.8828    8.4865
    7.5000  -45.0000  -37.500010287.8994    8.4403
   -7.5000  -37.5000  -37.500010574.3135    8.4945
    0.0000  -37.5000  -37.500010928.2852    8.5125
    7.5000  -37.5000  -37.500010425.7549    8.4662
   -7.5000  -30.0000  -37.500011006.3848    8.3221
    0.0000  -30.0000  -37.500011375.6904    8.3406
    7.5000  -30.0000  -37.500010842.0908    8.2987
   -7.5000  -22.5000  -37.500011456.8174    8.1970
    0.0000  -22.5000  -37.500011847.1025    8.2155
    7.5000  -22.5000  -37.500011278.6318    8.1784
   -7.5000  -15.0000  -37.500011851.9531    8.1220
    0.0000  -15.0000  -37.500012257.1182    8.1398
    7.5000  -15.0000  -37.500011672.8564    8.1032
   -7.5000   -7.5000  -37.500012230.2441    8.0894
    0.0000   -7.5000  -37.500012666.4600    8.1061
    7.5000   -7.5000  -37.500012064.1016    8.0663
   -7.5000    0.0000  -37.500012580.5352    8.0819
    0.0000    0.0000  -37.500013037.1924    8.0981
    7.5000    0.0000  -37.500012414.9961    8.0551
   -7.5000    7.5000  -37.500012063.6416    8.2583
    0.0000    7.5000  -37.500012518.5176    8.2752
    7.5000    7.5000  -37.500011918.7959    8.2311
   -7.5000   15.0000  -37.500011495.6533    8.5123
    0.0000   15.0000  -37.500011938.7881    8.5311
    7.5000   15.0000  -37.500011392.8457    8.4891
   -7.5000   22.5000  -37.500010870.0000    8.7653
    0.0000   22.5000  -37.500011284.4404    8.7843
    7.5000   22.5000  -37.500010763.6455    8.7443
   -7.5000   30.0000  -37.500010260.5459    8.9361
    0.0000   30.0000  -37.500010631.1504    8.9530
    7.5000   30.0000  -37.500010122.5859    8.9125
   -7.5000   37.5000  -37.500010031.1348    9.2740
    0.0000   37.5000  -37.500010387.6406    9.2875
    7.5000   37.5000  -37.5000 9889.7119    9.2370
   -7.5000   45.0000  -37.5000 9457.9805    9.3960
    0.0000   45.0000  -37.5000 9815.3271    9.4049
    7.5000   45.0000  -37.5000 9335.0254    9.3491
   -7.5000  -45.0000  -30.000011093.1592    8.8235
    0.0000  -45.0000  -30.000011498.3164    8.8438
    7.5000  -45.0000  -30.000010966.7285    8.7983
   -7.5000  -37.5000  -30.000011248.1855    8.8512
    0.0000  -37.5000  -30.000011649.7158    8.8708
    7.5000  -37.5000  -30.000011104.6338    8.8241
   -7.5000  -30.0000  -30.000011732.1055    8.6736
    0.0000  -30.0000  -30.000012148.5791    8.6929
    7.5000  -30.0000  -30.000011569.6357    8.6505
   -7.5000  -22.5000  -30.000012256.4844    8.5437
    0.0000  -22.5000  -30.000012679.6543    8.5626
    7.5000  -22.5000  -30.000012070.9648    8.5257
   -7.5000  -15.0000  -30.000012683.7500    8.4650
    0.0000  -15.0000  -30.000013119.2686    8.4836
    7.5000  -15.0000  -30.000012502.1055    8.4480
   -7.5000   -7.5000  -30.000013070.9600    8.4294
    0.0000   -7.5000  -30.000013517.5322    8.4477
    7.5000   -7.5000  -30.000012917.2686    8.4090
   -7.5000    0.0000  -30.000013455.5840    8.4208
    0.0000    0.0000  -30.000013942.6699    8.4389
    7.5000    0.0000  -30.000013286.2627    8.3965
   -7.5000    7.5000  -30.000012920.2070    8.6053
    0.0000    7.5000  -30.000013392.8174    8.6237
    7.5000    7.5000  -30.000012776.6533    8.5794
   -7.5000   15.0000  -30.000012341.4062    8.8720
    0.0000   15.0000  -30.000012788.3135    8.8915
    7.5000   15.0000  -30.000012213.6260    8.8493
   -7.5000   22.5000  -30.000011643.7451    9.1349
    0.0000   22.5000  -30.000012088.4482    9.1546
    7.5000   22.5000  -30.000011524.2920    9.1154
   -7.5000   30.0000  -30.000010988.9980    9.3144
    0.0000   30.0000  -30.000011386.9941    9.3324
    7.5000   30.0000  -30.000010847.3184    9.2929
   -7.5000   37.5000  -30.000010755.7324    9.6657
    0.0000   37.5000  -30.000011144.5215    9.6814
    7.5000   37.5000  -30.000010619.9482    9.6322
   -7.5000   45.0000  -30.000010120.3896    9.7979
    0.0000   45.0000  -30.000010512.2783    9.8096
    7.5000   45.0000  -30.000010006.2588    9.7547
   -7.5000  -45.0000  -22.500011773.7559    9.1271
    0.0000  -45.0000  -22.500012191.8311    9.1491
    7.5000  -45.0000  -22.500011649.9404    9.1032
   -7.5000  -37.5000  -22.500011970.2803    9.1617
    0.0000  -37.5000  -22.500012395.4033    9.1834
    7.5000  -37.5000  -22.500011822.7705    9.1354
   -7.5000  -30.0000  -22.500012517.3135    8.9798
    0.0000  -30.0000  -22.500012950.4814    9.0000
    7.5000  -30.0000  -22.500012353.1533    8.9558
   -7.5000  -22.5000  -22.500013075.5947    8.8436
    0.0000  -22.5000  -22.500013535.5449    8.8619
    7.5000  -22.5000  -22.500012920.5977    8.8234
   -7.5000  -15.0000  -22.500013545.0547    8.7594
    0.0000  -15.0000  -22.500014011.2344    8.7769
    7.5000  -15.0000  -22.500013383.6934    8.7406
   -7.5000   -7.5000  -22.500013950.2314    8.7205
    0.0000   -7.5000  -22.500014432.0928    8.7391
    7.5000   -7.5000  -22.500013820.4297    8.7002
   -7.5000    0.0000  -22.500014378.5625    8.7123
    0.0000    0.0000  -22.500014905.7666    8.7321
    7.5000    0.0000  -22.500014238.1865    8.6895
   -7.5000    7.5000  -22.500013816.0703    8.9073
    0.0000    7.5000  -22.500014320.2031    8.9277
    7.5000    7.5000  -22.500013683.9248    8.8824
   -7.5000   15.0000  -22.500013189.0195    9.1880
    0.0000   15.0000  -22.500013678.3652    9.2080
    7.5000   15.0000  -22.500013067.4668    9.1639
   -7.5000   22.5000  -22.500012458.1328    9.4579
    0.0000   22.5000  -22.500012930.4502    9.4770
    7.5000   22.5000  -22.500012335.9023    9.4364
   -7.5000   30.0000  -22.500011752.4678    9.6394
    0.0000   30.0000  -22.500012192.7373    9.6568
    7.5000   30.0000  -22.500011619.4219    9.6171
   -7.5000   37.5000  -22.500011489.1660    9.9980
    0.0000   37.5000  -22.500011951.9609   10.0143
    7.5000   37.5000  -22.500011374.6445    9.9665
   -7.5000   45.0000  -22.500010803.3896   10.1435
    0.0000   45.0000  -22.500011250.4639   10.1584
    7.5000   45.0000  -22.500010700.2646   10.1045
   -7.5000  -45.0000  -15.000012374.7578    9.3498
    0.0000  -45.0000  -15.000012814.4951    9.3714
    7.5000  -45.0000  -15.000012257.7471    9.3227
   -7.5000  -37.5000  -15.000012586.0420    9.3902
    0.0000  -37.5000  -15.000013023.7197    9.4121
    7.5000  -37.5000  -15.000012452.4961    9.3615
   -7.5000  -30.0000  -15.000013201.3779    9.2040
    0.0000  -30.0000  -15.000013631.8535    9.2239
    7.5000  -30.0000  -15.000013012.0186    9.1768
   -7.5000  -22.5000  -15.000013803.6016    9.0625
    0.0000  -22.5000  -15.000014257.9346    9.0797
    7.5000  -22.5000  -15.000013607.6016    9.0379
   -7.5000  -15.0000  -15.000014298.1611    8.9743
    0.0000  -15.0000  -15.000014753.4697    8.9902
    7.5000  -15.0000  -15.000014100.8008    8.9507
   -7.5000   -7.5000  -15.000014739.8213    8.9339
    0.0000   -7.5000  -15.000015224.1016    8.9514
    7.5000   -7.5000  -15.000014593.3828    8.9097
   -7.5000    0.0000  -15.000015203.6113    8.9265
    0.0000    0.0000  -15.000015755.8984    8.9462
    7.5000    0.0000  -15.000015078.3682    8.9010
   -7.5000    7.5000  -15.000014660.0400    9.1293
    0.0000    7.5000  -15.000015192.4277    9.1500
    7.5000    7.5000  -15.000014526.0840    9.1022
   -7.5000   15.0000  -15.000013998.2871    9.4194
    0.0000   15.0000  -15.000014532.6113    9.4390
    7.5000   15.0000  -15.000013869.6943    9.3917
   -7.5000   22.5000  -15.000013243.2871    9.6940
    0.0000   22.5000  -15.000013733.9912    9.7118
    7.5000   22.5000  -15.000013095.3145    9.6676
   -7.5000   30.0000  -15.000012499.6201    9.8762
    0.0000   30.0000  -15.000012986.5400    9.8919
    7.5000   30.0000  -15.000012347.9170    9.8497
   -7.5000   37.5000  -15.000012217.1230   10.2392
    0.0000   37.5000  -15.000012728.8721   10.2538
    7.5000   37.5000  -15.000012069.1250   10.2045
   -7.5000   45.0000  -15.000011476.5693   10.3960
    0.0000   45.0000  -15.000011973.9951   10.4107
    7.5000   45.0000  -15.000011335.5029   10.3550
   -7.5000  -45.0000   -7.500012989.5361    9.4598
    0.0000  -45.0000   -7.500013441.9014    9.4799
    7.5000  -45.0000   -7.500012882.3252    9.4274
   -7.5000  -37.5000   -7.500013246.9795    9.4990
    0.0000  -37.5000   -7.500013688.4902    9.5199
    7.5000  -37.5000   -7.500013091.6357    9.4666
   -7.5000  -30.0000   -7.500013900.4453    9.3082
    0.0000  -30.0000   -7.500014359.3262    9.3279
    7.5000  -30.0000   -7.500013712.0371    9.2786
   -7.5000  -22.5000   -7.500014537.9277    9.1651
    0.0000  -22.5000   -7.500015012.1338    9.1827
    7.5000  -22.5000   -7.500014338.6826    9.1384
   -7.5000  -15.0000   -7.500015076.9561    9.0772
    0.0000  -15.0000   -7.500015573.8740    9.0933
    7.5000  -15.0000   -7.500014888.4570    9.0503
   -7.5000   -7.5000   -7.500015553.4678    9.0384
    0.0000   -7.5000   -7.500016068.5156    9.0551
    7.5000   -7.5000   -7.500015403.7861    9.0094
   -7.5000    0.0000   -7.500016072.5205    9.0314
    0.0000    0.0000   -7.500016694.1289    9.0498
    7.5000    0.0000   -7.500015954.6934    9.0010
   -7.5000    7.5000   -7.500015575.3750    9.2348
    0.0000    7.5000   -7.500016215.8359    9.2546
    7.5000    7.5000   -7.500015419.0068    9.2041
   -7.5000   15.0000   -7.500014950.7969    9.5253
    0.0000   15.0000   -7.500015618.8789    9.5450
    7.5000   15.0000   -7.500014781.3164    9.4953
   -7.5000   22.5000   -7.500014142.0273    9.8021
    0.0000   22.5000   -7.500014780.6729    9.8201
    7.5000   22.5000   -7.500013946.7979    9.7726
   -7.5000   30.0000   -7.500013331.7441    9.9888
    0.0000   30.0000   -7.500013974.2656   10.0043
    7.5000   30.0000   -7.500013123.9160    9.9584
   -7.5000   37.5000   -7.500013030.7373   10.3574
    0.0000   37.5000   -7.500013687.5820   10.3702
    7.5000   37.5000   -7.500012809.4072   10.3159
   -7.5000   45.0000   -7.500012245.5527   10.5184
    0.0000   45.0000   -7.500012870.4424   10.5299
    7.5000   45.0000   -7.500012029.2998   10.4693
   -7.5000  -45.0000    0.000013473.7080    9.4728
    0.0000  -45.0000    0.000013968.8564    9.4925
    7.5000  -45.0000    0.000013386.9160    9.4386
   -7.5000  -37.5000    0.000013765.7305    9.5065
    0.0000  -37.5000    0.000014238.4863    9.5267
    7.5000  -37.5000    0.000013635.7500    9.4731
   -7.5000  -30.0000    0.000014487.4932    9.3134
    0.0000  -30.0000    0.000014996.4629    9.3337
    7.5000  -30.0000    0.000014345.3232    9.2848
   -7.5000  -22.5000    0.000015178.7422    9.1717
    0.0000  -22.5000    0.000015720.7363    9.1913
    7.5000  -22.5000    0.000014997.0898    9.1473
   -7.5000  -15.0000    0.000015769.2578    9.0865
    0.0000  -15.0000    0.000016345.8467    9.1046
    7.5000  -15.0000    0.000015569.8838    9.0612
   -7.5000   -7.5000    0.000016301.7041    9.0499
    0.0000   -7.5000    0.000016919.5078    9.0672
    7.5000   -7.5000    0.000016098.9619    9.0204
   -7.5000    0.0000    0.000016887.7949    9.0424
    0.0000    0.0000    0.000017586.1035    9.0601
    7.5000    0.0000    0.000016676.3594    9.0100
   -7.5000    7.5000    0.000016462.1152    9.2421
    0.0000    7.5000    0.000017239.0352    9.2612
    7.5000    7.5000    0.000016184.8301    9.2101
   -7.5000   15.0000    0.000015970.7783    9.5283
    0.0000   15.0000    0.000016906.3750    9.5488
    7.5000   15.0000    0.000015661.5068    9.4994
   -7.5000   22.5000    0.000015189.3496    9.8067
    0.0000   22.5000    0.000016170.4434    9.8266
    7.5000   22.5000    0.000014881.9609    9.7790
   -7.5000   30.0000    0.000014249.6914    9.9999
    0.0000   30.0000    0.000015164.3926   10.0171
    7.5000   30.0000    0.000013952.6855    9.9700
   -7.5000   37.5000    0.000013841.7764   10.3741
    0.0000   37.5000    0.000014679.3682   10.3872
    7.5000   37.5000    0.000013561.4697   10.3296
   -7.5000   45.0000    0.000012946.8057   10.5337
    0.0000   45.0000    0.000013673.6504   10.5430
    7.5000   45.0000    0.000012700.5537   10.4793
   -7.5000  -45.0000    7.500012962.6836    9.4723
    0.0000  -45.0000    7.500013459.5195    9.4927
    7.5000  -45.0000    7.500012878.8477    9.4410
   -7.5000  -37.5000    7.500013286.4297    9.5016
    0.0000  -37.5000    7.500013786.5996    9.5216
    7.5000  -37.5000    7.500013173.4443    9.4698
   -7.5000  -30.0000    7.500014034.9746    9.3090
    0.0000  -30.0000    7.500014590.3555    9.3295
    7.5000  -30.0000    7.500013880.6328    9.2826
   -7.5000  -22.5000    7.500014721.7529    9.1693
    0.0000  -22.5000    7.500015339.8955    9.1899
    7.5000  -22.5000    7.500014507.7051    9.1483
   -7.5000  -15.0000    7.500015336.2803    9.0856
    0.0000  -15.0000    7.500016010.3301    9.1054
    7.5000  -15.0000    7.500015059.8701    9.0646
   -7.5000   -7.5000    7.500015912.9072    9.0489
    0.0000   -7.5000    7.500016623.3477    9.0677
    7.5000   -7.5000    7.500015600.0479    9.0231
   -7.5000    0.0000    7.500016531.3945    9.0403
    0.0000    0.0000    7.500017267.3691    9.0584
    7.5000    0.0000    7.500016172.5264    9.0103
   -7.5000    7.5000    7.500016096.6250    9.2375
    0.0000    7.5000    7.500016912.8555    9.2562
    7.5000    7.5000    7.500015743.2168    9.2069
   -7.5000   15.0000    7.500015634.2080    9.5217
    0.0000   15.0000    7.500016695.8984    9.5425
    7.5000   15.0000    7.500015304.5381    9.4954
   -7.5000   22.5000    7.500014875.9600    9.8016
    0.0000   22.5000    7.500015993.3604    9.8227
    7.5000   22.5000    7.500014611.5146    9.7779
   -7.5000   30.0000    7.500013847.2773    9.9997
    0.0000   30.0000    7.500014807.9229   10.0186
    7.5000   30.0000    7.500013665.9541    9.9734
   -7.5000   37.5000    7.500013337.3398   10.3775
    0.0000   37.5000    7.500014215.1152   10.3926
    7.5000   37.5000    7.500013185.5391   10.3361
   -7.5000   45.0000    7.500012460.6152   10.5342
    0.0000   45.0000    7.500013251.4102   10.5440
    7.5000   45.0000    7.500012352.6670   10.4816
   -7.5000  -45.0000   15.000012287.2295    9.4752
    0.0000  -45.0000   15.000012771.9863    9.4970
    7.5000  -45.0000   15.000012165.0225    9.4481
   -7.5000  -37.5000   15.000012637.7090    9.5049
    0.0000  -37.5000   15.000013139.0479    9.5260
    7.5000  -37.5000   15.000012466.9043    9.4758
   -7.5000  -30.0000   15.000013402.5840    9.3141
    0.0000  -30.0000   15.000013967.2305    9.3349
    7.5000  -30.0000   15.000013178.1143    9.2893
   -7.5000  -22.5000   15.000014078.3838    9.1746
    0.0000  -22.5000   15.000014670.8818    9.1950
    7.5000  -22.5000   15.000013802.4570    9.1553
   -7.5000  -15.0000   15.000014667.4766    9.0902
    0.0000  -15.0000   15.000015310.1875    9.1101
    7.5000  -15.0000   15.000014364.1924    9.0719
   -7.5000   -7.5000   15.000015212.6816    9.0519
    0.0000   -7.5000   15.000015888.3330    9.0716
    7.5000   -7.5000   15.000014915.9131    9.0300
   -7.5000    0.0000   15.000015704.6709    9.0427
    0.0000    0.0000   15.000016414.4219    9.0622
    7.5000    0.0000   15.000015411.5508    9.0167
   -7.5000    7.5000   15.000015179.6162    9.2409
    0.0000    7.5000   15.000015956.5410    9.2606
    7.5000    7.5000   15.000014960.5342    9.2131
   -7.5000   15.0000   15.000014645.8164    9.5272
    0.0000   15.0000   15.000015552.8203    9.5482
    7.5000   15.0000   15.000014511.8691    9.5029
   -7.5000   22.5000   15.000013882.0732    9.8074
    0.0000   22.5000   15.000014700.5605    9.8286
    7.5000   22.5000   15.000013788.2285    9.7864
   -7.5000   30.0000   15.000012959.7402   10.0053
    0.0000   30.0000   15.000013634.0283   10.0246
    7.5000   30.0000   15.000012878.9893    9.9821
   -7.5000   37.5000   15.000012609.8916   10.3826
    0.0000   37.5000   15.000013290.2471   10.3995
    7.5000   37.5000   15.000012532.1494   10.3466
   -7.5000   45.0000   15.000011855.2861   10.5385
    0.0000   45.0000   15.000012524.0205   10.5512
    7.5000   45.0000   15.000011790.1592   10.4921
   -7.5000  -45.0000   22.500011445.9570    9.4768
    0.0000  -45.0000   22.500011862.7344    9.4997
    7.5000  -45.0000   22.500011304.2148    9.4520
   -7.5000  -37.5000   22.500011771.2227    9.5121
    0.0000  -37.5000   22.500012214.0078    9.5346
    7.5000  -37.5000   22.500011572.8486    9.4848
   -7.5000  -30.0000   22.500012457.6953    9.3233
    0.0000  -30.0000   22.500012967.9395    9.3443
    7.5000  -30.0000   22.500012233.5098    9.2984
   -7.5000  -22.5000   22.500013069.6230    9.1819
    0.0000  -22.5000   22.500013623.2949    9.2010
    7.5000  -22.5000   22.500012850.2607    9.1610
   -7.5000  -15.0000   22.500013586.1787    9.0946
    0.0000  -15.0000   22.500014168.2939    9.1129
    7.5000  -15.0000   22.500013378.8975    9.0752
   -7.5000   -7.5000   22.500014043.4395    9.0544
    0.0000   -7.5000   22.500014625.0107    9.0737
    7.5000   -7.5000   22.500013849.2520    9.0334
   -7.5000    0.0000   22.500014476.6367    9.0460
    0.0000    0.0000   22.500015061.7314    9.0666
    7.5000    0.0000   22.500014308.7080    9.0224
   -7.5000    7.5000   22.500013996.1523    9.2479
    0.0000    7.5000   22.500014626.0156    9.2691
    7.5000    7.5000   22.500013879.0586    9.2221
   -7.5000   15.0000   22.500013499.1035    9.5392
    0.0000   15.0000   22.500014181.8447    9.5601
    7.5000   15.0000   22.500013419.7490    9.5143
   -7.5000   22.5000   22.500012812.1104    9.8180
    0.0000   22.5000   22.500013375.4316    9.8378
    7.5000   22.5000   22.500012713.9346    9.7956
   -7.5000   30.0000   22.500012005.5664   10.0093
    0.0000   30.0000   22.500012497.3486   10.0274
    7.5000   30.0000   22.500011893.7246    9.9862
   -7.5000   37.5000   22.500011753.7207   10.3817
    0.0000   37.5000   22.500012270.1973   10.3986
    7.5000   37.5000   22.500011655.1406   10.3491
   -7.5000   45.0000   22.500011106.0615   10.5406
    0.0000   45.0000   22.500011604.6562   10.5560
    7.5000   45.0000   22.500011002.5303   10.5000
   -7.5000  -45.0000   30.000010469.2119    9.5837
    0.0000  -45.0000   30.000010809.7764    9.6062
    7.5000  -45.0000   30.000010338.8232    9.5557
   -7.5000  -37.5000   30.000010731.7051    9.6100
    0.0000  -37.5000   30.000011093.3408    9.6327
    7.5000  -37.5000   30.000010585.8613    9.5803
   -7.5000  -30.0000   30.000011355.6504    9.4205
    0.0000  -30.0000   30.000011796.0547    9.4411
    7.5000  -30.0000   30.000011218.4434    9.3923
   -7.5000  -22.5000   30.000011922.2803    9.2780
    0.0000  -22.5000   30.000012413.4521    9.2958
    7.5000  -22.5000   30.000011803.9932    9.2525
   -7.5000  -15.0000   30.000012414.6934    9.1909
    0.0000  -15.0000   30.000012899.5293    9.2074
    7.5000  -15.0000   30.000012292.5059    9.1665
   -7.5000   -7.5000   30.000012859.2100    9.1524
    0.0000   -7.5000   30.000013314.3779    9.1705
    7.5000   -7.5000   30.000012714.6914    9.1274
   -7.5000    0.0000   30.000013311.8525    9.1452
    0.0000    0.0000   30.000013773.1426    9.1657
    7.5000    0.0000   30.000013155.1318    9.1189
   -7.5000    7.5000   30.000012877.3154    9.3405
    0.0000    7.5000   30.000013376.9414    9.3619
    7.5000    7.5000   30.000012768.5938    9.3125
   -7.5000   15.0000   30.000012405.0088    9.6299
    0.0000   15.0000   30.000012912.6631    9.6502
    7.5000   15.0000   30.000012303.7188    9.6013
   -7.5000   22.5000   30.000011763.8311    9.9114
    0.0000   22.5000   30.000012204.0918    9.9297
    7.5000   22.5000   30.000011655.7236    9.8840
   -7.5000   30.0000   30.000011058.3564   10.1014
    0.0000   30.0000   30.000011471.7314   10.1177
    7.5000   30.0000   30.000010945.2754   10.0741
   -7.5000   37.5000   30.000010883.9648   10.4762
    0.0000   37.5000   30.000011300.3457   10.4913
    7.5000   37.5000   30.000010772.0557   10.4404
   -7.5000   45.0000   30.000010293.3066   10.6435
    0.0000   45.0000   30.000010694.2715   10.6587
    7.5000   45.0000   30.000010179.0107   10.6010
   -7.5000  -45.0000   37.5000 9931.4258    9.7737
    0.0000  -45.0000   37.500010226.8193    9.7952
    7.5000  -45.0000   37.5000 9861.1406    9.7396
   -7.5000  -37.5000   37.500010175.3584    9.7829
    0.0000  -37.5000   37.500010508.5518    9.8051
    7.5000  -37.5000   37.500010091.9980    9.7489
   -7.5000  -30.0000   37.500010787.6113    9.5897
    0.0000  -30.0000   37.500011184.0947    9.6106
    7.5000  -30.0000   37.500010714.6064    9.5586
   -7.5000  -22.5000   37.500011333.5625    9.4458
    0.0000  -22.5000   37.500011766.4385    9.4645
    7.5000  -22.5000   37.500011254.9014    9.4177
   -7.5000  -15.0000   37.500011818.2832    9.3595
    0.0000  -15.0000   37.500012251.3203    9.3765
    7.5000  -15.0000   37.500011731.5469    9.3312
   -7.5000   -7.5000   37.500012273.5674    9.3239
    0.0000   -7.5000   37.500012703.4814    9.3415
    7.5000   -7.5000   37.500012160.2725    9.2934
   -7.5000    0.0000   37.500012715.5508    9.3180
    0.0000    0.0000   37.500013182.8389    9.3375
    7.5000    0.0000   37.500012608.5410    9.2860
   -7.5000    7.5000   37.500012315.6943    9.5035
    0.0000    7.5000   37.500012781.4736    9.5243
    7.5000    7.5000   37.500012219.5625    9.4712
   -7.5000   15.0000   37.500011830.3262    9.7850
    0.0000   15.0000   37.500012268.9688    9.8058
    7.5000   15.0000   37.500011737.6113    9.7535
   -7.5000   22.5000   37.500011204.9697   10.0701
    0.0000   22.5000   37.500011601.3662   10.0891
    7.5000   22.5000   37.500011106.4404   10.0392
   -7.5000   30.0000   37.500010558.1699   10.2699
    0.0000   30.0000   37.500010925.6328   10.2862
    7.5000   30.0000   37.500010451.1924   10.2379
   -7.5000   37.5000   37.500010406.8154   10.6576
    0.0000   37.5000   37.500010776.7979   10.6710
    7.5000   37.5000   37.500010290.9873   10.6139
   -7.5000   45.0000   37.5000 9875.7656   10.8321
    0.0000   45.0000   37.500010238.3291   10.8441
    7.5000   45.0000   37.5000 9761.1729   10.7803
   -7.5000  -45.0000   45.0000 9213.5127   10.0783
    0.0000  -45.0000   45.0000 9464.5654   10.1003
    7.5000  -45.0000   45.0000 9159.5430   10.0399
   -7.5000  -37.5000   45.0000 9425.7344   10.0624
    0.0000  -37.5000   45.0000 9734.7842   10.0846
    7.5000  -37.5000   45.0000 9376.8750   10.0247
   -7.5000  -30.0000   45.0000 9980.3193    9.8589
    0.0000  -30.0000   45.000010345.1016    9.8813
    7.5000  -30.0000   45.0000 9936.8506    9.8268
   -7.5000  -22.5000   45.000010496.9395    9.7127
    0.0000  -22.5000   45.000010868.0273    9.7344
    7.5000  -22.5000   45.000010411.8555    9.6854
   -7.5000  -15.0000   45.000010945.6973    9.6287
    0.0000  -15.0000   45.000011319.7080    9.6489
    7.5000  -15.0000   45.000010844.8115    9.6005
   -7.5000   -7.5000   45.000011383.1387    9.5963
    0.0000   -7.5000   45.000011793.4990    9.6156
    7.5000   -7.5000   45.000011280.1094    9.5634
   -7.5000    0.0000   45.000011767.0996    9.5896
    0.0000    0.0000   45.000012230.5898    9.6091
    7.5000    0.0000   45.000011689.3154    9.5533
   -7.5000    7.5000   45.000011352.4756    9.7649
    0.0000    7.5000   45.000011801.5713    9.7856
    7.5000    7.5000   45.000011274.4902    9.7289
   -7.5000   15.0000   45.000010889.7510   10.0395
    0.0000   15.0000   45.000011300.0615   10.0619
    7.5000   15.0000   45.000010803.8945   10.0071
   -7.5000   22.5000   45.000010317.2158   10.3327
    0.0000   22.5000   45.000010707.8984   10.3544
    7.5000   22.5000   45.000010237.2402   10.3017
   -7.5000   30.0000   45.0000 9741.1680   10.5429
    0.0000   30.0000   45.000010100.2324   10.5618
    7.5000   30.0000   45.0000 9657.8799   10.5094
   -7.5000   37.5000   45.0000 9586.3613   10.9445
    0.0000   37.5000   45.0000 9931.0078   10.9586
    7.5000   37.5000   45.0000 9478.2383   10.8945
   -7.5000   45.0000   45.0000 9078.9531   11.1235
    0.0000   45.0000   45.0000 9427.5361   11.1331
    7.5000   45.0000   45.0000 8983.8057   11.0622

---------------------------------------------------------------------
imgreg_4dfp /opt/freesurfer/average/711-2C_as_mni_average_305 /opt/freesurfer/average/711-2B_as_mni_average_305_mask talsrcimg_g11 none talsrcimg_to_711-2C_as_mni_average_305_t4 4355
---------------------------------------------------------------------

freesurfer imgreg_4dfp.c
/opt/freesurfer/average/711-2C_as_mni_average_305.4dfp.img
       256       256       256         1
  1.000000  1.000000  1.000000
orientation T byte_order littleendian
Reading image: /opt/freesurfer/average/711-2C_as_mni_average_305.4dfp.img
dimensions:      256       256       256
mmppix:       1.0000   -1.0000   -1.0000
center:     128.0000 -129.0000 -129.0000
/opt/freesurfer/average/711-2B_as_mni_average_305_mask.4dfp.img
       256       256       256         1
  1.000000  1.000000  1.000000
orientation T byte_order littleendian
Reading mask: /opt/freesurfer/average/711-2B_as_mni_average_305_mask.4dfp.img (2306576 pixels)
talsrcimg_g11.4dfp.img
       256       256       256         1
  1.000000  1.000000  1.000000
orientation T byte_order littleendian
Reading image: talsrcimg_g11.4dfp.img
dimensions:      256       256       256
mmppix:       1.0000   -1.0000   -1.0000
center:     128.0000 -129.0000 -129.0000
rotation matrix determinant  1.000000
image alignment mode   4355 decimal     1103 hex
   -7.5000  -45.0000  -45.0000 2366.4746   12.2025
    0.0000  -45.0000  -45.0000 2363.0491   12.1879
    7.5000  -45.0000  -45.0000 2351.9504   12.3540
   -7.5000  -37.5000  -45.0000 2375.1814   12.1063
    0.0000  -37.5000  -45.0000 2374.4077   12.1135
    7.5000  -37.5000  -45.0000 2362.7339   12.2648
   -7.5000  -30.0000  -45.0000 2388.8921   12.0082
    0.0000  -30.0000  -45.0000 2393.0076   12.0241
    7.5000  -30.0000  -45.0000 2371.6821   12.1535
   -7.5000  -22.5000  -45.0000 2402.0217   11.9366
    0.0000  -22.5000  -45.0000 2404.1453   11.9520
    7.5000  -22.5000  -45.0000 2386.0042   12.0685
   -7.5000  -15.0000  -45.0000 2411.7957   11.8758
    0.0000  -15.0000  -45.0000 2413.2637   11.9170
    7.5000  -15.0000  -45.0000 2397.1548   12.0163
   -7.5000   -7.5000  -45.0000 2430.9980   11.8109
    0.0000   -7.5000  -45.0000 2434.4636   11.8518
    7.5000   -7.5000  -45.0000 2413.3335   11.9736
   -7.5000    0.0000  -45.0000 2445.4551   11.7660
    0.0000    0.0000  -45.0000 2447.1003   11.7769
    7.5000    0.0000  -45.0000 2422.2830   11.9456
   -7.5000    7.5000  -45.0000 2450.3032   11.7319
    0.0000    7.5000  -45.0000 2455.6572   11.7418
    7.5000    7.5000  -45.0000 2426.5286   11.9220
   -7.5000   15.0000  -45.0000 2443.3975   11.7657
    0.0000   15.0000  -45.0000 2449.4407   11.7536
    7.5000   15.0000  -45.0000 2420.9756   11.9685
   -7.5000   22.5000  -45.0000 2435.6606   11.9220
    0.0000   22.5000  -45.0000 2443.7207   11.9067
    7.5000   22.5000  -45.0000 2418.3308   12.1122
   -7.5000   30.0000  -45.0000 2417.1653   12.2593
    0.0000   30.0000  -45.0000 2427.3074   12.2145
    7.5000   30.0000  -45.0000 2400.5159   12.4344
   -7.5000   37.5000  -45.0000 2382.1709   12.7553
    0.0000   37.5000  -45.0000 2389.6697   12.7207
    7.5000   37.5000  -45.0000 2363.7288   12.9361
   -7.5000   45.0000  -45.0000 2331.3904   13.4300
    0.0000   45.0000  -45.0000 2347.2576   13.4104
    7.5000   45.0000  -45.0000 2311.8647   13.6165
   -7.5000  -45.0000  -37.5000 2464.0515   11.4054
    0.0000  -45.0000  -37.5000 2463.7397   11.3883
    7.5000  -45.0000  -37.5000 2440.8726   11.5355
   -7.5000  -37.5000  -37.5000 2469.6851   11.2891
    0.0000  -37.5000  -37.5000 2467.8530   11.2790
    7.5000  -37.5000  -37.5000 2447.1001   11.4286
   -7.5000  -30.0000  -37.5000 2482.9309   11.1844
    0.0000  -30.0000  -37.5000 2483.2642   11.1817
    7.5000  -30.0000  -37.5000 2459.0920   11.3425
   -7.5000  -22.5000  -37.5000 2500.8154   11.1486
    0.0000  -22.5000  -37.5000 2501.7573   11.1370
    7.5000  -22.5000  -37.5000 2476.4287   11.2752
   -7.5000  -15.0000  -37.5000 2516.6179   11.1056
    0.0000  -15.0000  -37.5000 2515.9670   11.1070
    7.5000  -15.0000  -37.5000 2493.0767   11.2305
   -7.5000   -7.5000  -37.5000 2531.3582   11.0558
    0.0000   -7.5000  -37.5000 2535.2944   11.0546
    7.5000   -7.5000  -37.5000 2509.8467   11.1887
   -7.5000    0.0000  -37.5000 2540.1377   10.9747
    0.0000    0.0000  -37.5000 2543.5591   10.9627
    7.5000    0.0000  -37.5000 2518.7024   11.1085
   -7.5000    7.5000  -37.5000 2550.3982   10.9363
    0.0000    7.5000  -37.5000 2552.5537   10.9111
    7.5000    7.5000  -37.5000 2528.4011   11.0762
   -7.5000   15.0000  -37.5000 2542.0034   10.9854
    0.0000   15.0000  -37.5000 2544.9700   10.9433
    7.5000   15.0000  -37.5000 2520.4934   11.1387
   -7.5000   22.5000  -37.5000 2531.4512   11.1234
    0.0000   22.5000  -37.5000 2535.6157   11.0781
    7.5000   22.5000  -37.5000 2513.1333   11.2972
   -7.5000   30.0000  -37.5000 2514.7004   11.4268
    0.0000   30.0000  -37.5000 2519.9019   11.3500
    7.5000   30.0000  -37.5000 2495.9009   11.5875
   -7.5000   37.5000  -37.5000 2486.3711   11.8215
    0.0000   37.5000  -37.5000 2488.8379   11.7502
    7.5000   37.5000  -37.5000 2464.3938   11.9927
   -7.5000   45.0000  -37.5000 2431.2021   12.3986
    0.0000   45.0000  -37.5000 2445.3157   12.3337
    7.5000   45.0000  -37.5000 2412.6780   12.5643
   -7.5000  -45.0000  -30.0000 2596.7817   11.0337
    0.0000  -45.0000  -30.0000 2599.5784   11.0477
    7.5000  -45.0000  -30.0000 2574.5696   11.1785
   -7.5000  -37.5000  -30.0000 2600.3840   10.9232
    0.0000  -37.5000  -30.0000 2603.4553   10.9218
    7.5000  -37.5000  -30.0000 2580.1912   11.0546
   -7.5000  -30.0000  -30.0000 2613.3364   10.8303
    0.0000  -30.0000  -30.0000 2615.8992   10.8151
    7.5000  -30.0000  -30.0000 2592.4626   10.9711
   -7.5000  -22.5000  -30.0000 2637.2227   10.7899
    0.0000  -22.5000  -30.0000 2637.6504   10.7694
    7.5000  -22.5000  -30.0000 2608.7942   10.9373
   -7.5000  -15.0000  -30.0000 2649.7366   10.7254
    0.0000  -15.0000  -30.0000 2650.9524   10.7145
    7.5000  -15.0000  -30.0000 2621.3855   10.8813
   -7.5000   -7.5000  -30.0000 2661.3274   10.6563
    0.0000   -7.5000  -30.0000 2665.8696   10.6453
    7.5000   -7.5000  -30.0000 2643.0876   10.7956
   -7.5000    0.0000  -30.0000 2670.1460   10.5746
    0.0000    0.0000  -30.0000 2677.9553   10.5628
    7.5000    0.0000  -30.0000 2655.9023   10.7064
   -7.5000    7.5000  -30.0000 2681.1943   10.5265
    0.0000    7.5000  -30.0000 2687.3340   10.4879
    7.5000    7.5000  -30.0000 2665.0957   10.6432
   -7.5000   15.0000  -30.0000 2679.7441   10.5765
    0.0000   15.0000  -30.0000 2682.9163   10.5259
    7.5000   15.0000  -30.0000 2663.0845   10.7199
   -7.5000   22.5000  -30.0000 2668.5347   10.7200
    0.0000   22.5000  -30.0000 2677.0225   10.6475
    7.5000   22.5000  -30.0000 2656.0293   10.8562
   -7.5000   30.0000  -30.0000 2661.0830   11.0066
    0.0000   30.0000  -30.0000 2666.7141   10.9010
    7.5000   30.0000  -30.0000 2642.1770   11.1296
   -7.5000   37.5000  -30.0000 2634.2114   11.3598
    0.0000   37.5000  -30.0000 2638.1028   11.2825
    7.5000   37.5000  -30.0000 2610.7634   11.5333
   -7.5000   45.0000  -30.0000 2572.7593   11.9000
    0.0000   45.0000  -30.0000 2590.0232   11.8172
    7.5000   45.0000  -30.0000 2559.5522   12.0612
   -7.5000  -45.0000  -22.5000 2690.7661   10.6194
    0.0000  -45.0000  -22.5000 2697.9331   10.6381
    7.5000  -45.0000  -22.5000 2674.5308   10.7736
   -7.5000  -37.5000  -22.5000 2693.3162   10.5127
    0.0000  -37.5000  -22.5000 2700.2683   10.5223
    7.5000  -37.5000  -22.5000 2678.3547   10.6580
   -7.5000  -30.0000  -22.5000 2702.2795   10.4431
    0.0000  -30.0000  -22.5000 2710.5818   10.4363
    7.5000  -30.0000  -22.5000 2690.3853   10.5702
   -7.5000  -22.5000  -22.5000 2718.9641   10.3741
    0.0000  -22.5000  -22.5000 2728.8760   10.3585
    7.5000  -22.5000  -22.5000 2706.4307   10.5134
   -7.5000  -15.0000  -22.5000 2731.9307   10.2812
    0.0000  -15.0000  -22.5000 2741.4333   10.2748
    7.5000  -15.0000  -22.5000 2716.2092   10.4491
   -7.5000   -7.5000  -22.5000 2750.9646   10.1723
    0.0000   -7.5000  -22.5000 2758.1470   10.1645
    7.5000   -7.5000  -22.5000 2736.9485   10.3522
   -7.5000    0.0000  -22.5000 2767.8994   10.0773
    0.0000    0.0000  -22.5000 2776.6072   10.0582
    7.5000    0.0000  -22.5000 2753.9216   10.2550
   -7.5000    7.5000  -22.5000 2783.1985   10.0377
    0.0000    7.5000  -22.5000 2792.0889   10.0153
    7.5000    7.5000  -22.5000 2770.6345   10.2076
   -7.5000   15.0000  -22.5000 2783.6594   10.0951
    0.0000   15.0000  -22.5000 2793.7302   10.0453
    7.5000   15.0000  -22.5000 2771.2239   10.2389
   -7.5000   22.5000  -22.5000 2785.0693   10.2121
    0.0000   22.5000  -22.5000 2798.2949   10.1415
    7.5000   22.5000  -22.5000 2771.6167   10.3492
   -7.5000   30.0000  -22.5000 2778.9014   10.4750
    0.0000   30.0000  -22.5000 2791.5630   10.3707
    7.5000   30.0000  -22.5000 2763.6396   10.5979
   -7.5000   37.5000  -22.5000 2748.6816   10.8446
    0.0000   37.5000  -22.5000 2765.7178   10.7497
    7.5000   37.5000  -22.5000 2736.4158   10.9881
   -7.5000   45.0000  -22.5000 2688.1746   11.3396
    0.0000   45.0000  -22.5000 2704.4001   11.2556
    7.5000   45.0000  -22.5000 2676.6443   11.4789
   -7.5000  -45.0000  -15.0000 2737.1650   10.3116
    0.0000  -45.0000  -15.0000 2749.5571   10.3239
    7.5000  -45.0000  -15.0000 2730.6436   10.4510
   -7.5000  -37.5000  -15.0000 2735.0039   10.2022
    0.0000  -37.5000  -15.0000 2745.7224   10.1940
    7.5000  -37.5000  -15.0000 2726.2961   10.3345
   -7.5000  -30.0000  -15.0000 2739.1072   10.1249
    0.0000  -30.0000  -15.0000 2748.4832   10.0954
    7.5000  -30.0000  -15.0000 2728.7480   10.2404
   -7.5000  -22.5000  -15.0000 2755.6558   10.0201
    0.0000  -22.5000  -15.0000 2764.7417    9.9726
    7.5000  -22.5000  -15.0000 2744.7236   10.1513
   -7.5000  -15.0000  -15.0000 2772.4692    9.9011
    0.0000  -15.0000  -15.0000 2777.8748    9.8602
    7.5000  -15.0000  -15.0000 2758.0842   10.0613
   -7.5000   -7.5000  -15.0000 2794.1816    9.7651
    0.0000   -7.5000  -15.0000 2795.7993    9.7333
    7.5000   -7.5000  -15.0000 2782.5144    9.9621
   -7.5000    0.0000  -15.0000 2817.2629    9.6766
    0.0000    0.0000  -15.0000 2823.9260    9.6618
    7.5000    0.0000  -15.0000 2807.0088    9.8562
   -7.5000    7.5000  -15.0000 2838.2788    9.6537
    0.0000    7.5000  -15.0000 2846.4695    9.6281
    7.5000    7.5000  -15.0000 2829.6038    9.8357
   -7.5000   15.0000  -15.0000 2849.5400    9.6809
    0.0000   15.0000  -15.0000 2861.6802    9.6435
    7.5000   15.0000  -15.0000 2841.8401    9.8549
   -7.5000   22.5000  -15.0000 2858.5696    9.7594
    0.0000   22.5000  -15.0000 2875.7227    9.6945
    7.5000   22.5000  -15.0000 2848.6987    9.9282
   -7.5000   30.0000  -15.0000 2858.5754    9.9901
    0.0000   30.0000  -15.0000 2877.1794    9.9016
    7.5000   30.0000  -15.0000 2846.6438   10.1434
   -7.5000   37.5000  -15.0000 2827.6443   10.3535
    0.0000   37.5000  -15.0000 2852.0198   10.2911
    7.5000   37.5000  -15.0000 2819.8442   10.5141
   -7.5000   45.0000  -15.0000 2762.5554   10.8402
    0.0000   45.0000  -15.0000 2783.1238   10.7763
    7.5000   45.0000  -15.0000 2755.7253   10.9961
   -7.5000  -45.0000   -7.5000 2760.2131   10.1162
    0.0000  -45.0000   -7.5000 2761.0547   10.0841
    7.5000  -45.0000   -7.5000 2754.1865   10.2228
   -7.5000  -37.5000   -7.5000 2754.4561   10.0184
    0.0000  -37.5000   -7.5000 2753.2761    9.9825
    7.5000  -37.5000   -7.5000 2742.3079   10.1324
   -7.5000  -30.0000   -7.5000 2755.6938    9.9319
    0.0000  -30.0000   -7.5000 2757.4890    9.8788
    7.5000  -30.0000   -7.5000 2746.4592   10.0507
   -7.5000  -22.5000   -7.5000 2768.8301    9.8026
    0.0000  -22.5000   -7.5000 2771.9028    9.7461
    7.5000  -22.5000   -7.5000 2762.4192    9.9202
   -7.5000  -15.0000   -7.5000 2783.3564    9.6656
    0.0000  -15.0000   -7.5000 2784.9531    9.6114
    7.5000  -15.0000   -7.5000 2779.9180    9.7978
   -7.5000   -7.5000   -7.5000 2805.5874    9.5346
    0.0000   -7.5000   -7.5000 2805.1370    9.4940
    7.5000   -7.5000   -7.5000 2801.6538    9.6868
   -7.5000    0.0000   -7.5000 2832.1956    9.4398
    0.0000    0.0000   -7.5000 2836.2358    9.4362
    7.5000    0.0000   -7.5000 2832.2998    9.5973
   -7.5000    7.5000   -7.5000 2863.8276    9.4215
    0.0000    7.5000   -7.5000 2876.9697    9.4279
    7.5000    7.5000   -7.5000 2863.6399    9.5627
   -7.5000   15.0000   -7.5000 2890.3662    9.4290
    0.0000   15.0000   -7.5000 2910.1836    9.4494
    7.5000   15.0000   -7.5000 2889.2996    9.5686
   -7.5000   22.5000   -7.5000 2909.0076    9.4656
    0.0000   22.5000   -7.5000 2935.4500    9.4614
    7.5000   22.5000   -7.5000 2903.1753    9.6372
   -7.5000   30.0000   -7.5000 2909.8838    9.6429
    0.0000   30.0000   -7.5000 2943.2837    9.6053
    7.5000   30.0000   -7.5000 2900.5493    9.7958
   -7.5000   37.5000   -7.5000 2882.1650    9.9914
    0.0000   37.5000   -7.5000 2917.4189    9.9687
    7.5000   37.5000   -7.5000 2878.2793   10.1237
   -7.5000   45.0000   -7.5000 2817.4441   10.4650
    0.0000   45.0000   -7.5000 2849.9775   10.4361
    7.5000   45.0000   -7.5000 2816.3188   10.5812
   -7.5000  -45.0000    0.0000 2753.8650   10.0305
    0.0000  -45.0000    0.0000 2756.6023   10.0000
    7.5000  -45.0000    0.0000 2752.2993   10.1484
   -7.5000  -37.5000    0.0000 2750.7073    9.9307
    0.0000  -37.5000    0.0000 2745.8530    9.8974
    7.5000  -37.5000    0.0000 2742.4978   10.0538
   -7.5000  -30.0000    0.0000 2749.4941    9.8427
    0.0000  -30.0000    0.0000 2746.2881    9.7854
    7.5000  -30.0000    0.0000 2747.3535    9.9664
   -7.5000  -22.5000    0.0000 2759.1909    9.7189
    0.0000  -22.5000    0.0000 2755.0767    9.6721
    7.5000  -22.5000    0.0000 2757.9797    9.8431
   -7.5000  -15.0000    0.0000 2768.0527    9.5991
    0.0000  -15.0000    0.0000 2764.8062    9.5716
    7.5000  -15.0000    0.0000 2771.2224    9.7271
   -7.5000   -7.5000    0.0000 2791.7952    9.4860
    0.0000   -7.5000    0.0000 2790.5837    9.4840
    7.5000   -7.5000    0.0000 2796.0359    9.6204
   -7.5000    0.0000    0.0000 2832.0093    9.3683
    0.0000    0.0000    0.0000 2840.2410    9.4251
    7.5000    0.0000    0.0000 2836.1738    9.5308
   -7.5000    7.5000    0.0000 2875.9634    9.3636
    0.0000    7.5000    0.0000 2894.4329    9.4244
    7.5000    7.5000    0.0000 2880.1860    9.4784
   -7.5000   15.0000    0.0000 2916.2314    9.4285
    0.0000   15.0000    0.0000 2945.2271    9.5110
    7.5000   15.0000    0.0000 2916.0715    9.4819
   -7.5000   22.5000    0.0000 2945.2952    9.4826
    0.0000   22.5000    0.0000 2988.1147    9.5826
    7.5000   22.5000    0.0000 2938.7305    9.5534
   -7.5000   30.0000    0.0000 2948.1572    9.5152
    0.0000   30.0000    0.0000 2996.4709    9.5721
    7.5000   30.0000    0.0000 2939.9600    9.6281
   -7.5000   37.5000    0.0000 2920.5918    9.7721
    0.0000   37.5000    0.0000 2960.0010    9.7881
    7.5000   37.5000    0.0000 2916.7104    9.8684
   -7.5000   45.0000    0.0000 2849.3687   10.2136
    0.0000   45.0000    0.0000 2883.3662   10.1954
    7.5000   45.0000    0.0000 2852.7373   10.3278
   -7.5000  -45.0000    7.5000 2732.3857   10.1280
    0.0000  -45.0000    7.5000 2733.2336   10.1181
    7.5000  -45.0000    7.5000 2742.1443   10.2789
   -7.5000  -37.5000    7.5000 2728.5103   10.0335
    0.0000  -37.5000    7.5000 2725.9949   10.0102
    7.5000  -37.5000    7.5000 2735.9961   10.1964
   -7.5000  -30.0000    7.5000 2730.5464    9.9447
    0.0000  -30.0000    7.5000 2733.6768    9.9258
    7.5000  -30.0000    7.5000 2743.0422   10.1085
   -7.5000  -22.5000    7.5000 2739.1577    9.8282
    0.0000  -22.5000    7.5000 2744.9224    9.8404
    7.5000  -22.5000    7.5000 2750.2363    9.9609
   -7.5000  -15.0000    7.5000 2753.7715    9.7244
    0.0000  -15.0000    7.5000 2756.7444    9.7641
    7.5000  -15.0000    7.5000 2758.9927    9.8572
   -7.5000   -7.5000    7.5000 2780.4092    9.6227
    0.0000   -7.5000    7.5000 2787.0051    9.6702
    7.5000   -7.5000    7.5000 2782.1121    9.7299
   -7.5000    0.0000    7.5000 2831.0620    9.5134
    0.0000    0.0000    7.5000 2844.8809    9.5874
    7.5000    0.0000    7.5000 2827.2603    9.6280
   -7.5000    7.5000    7.5000 2883.6262    9.4572
    0.0000    7.5000    7.5000 2900.3381    9.5313
    7.5000    7.5000    7.5000 2878.2197    9.5482
   -7.5000   15.0000    7.5000 2929.0901    9.4979
    0.0000   15.0000    7.5000 2956.9399    9.6117
    7.5000   15.0000    7.5000 2921.9290    9.5551
   -7.5000   22.5000    7.5000 2958.9924    9.5186
    0.0000   22.5000    7.5000 3003.2883    9.6663
    7.5000   22.5000    7.5000 2956.5876    9.5964
   -7.5000   30.0000    7.5000 2960.3867    9.5036
    0.0000   30.0000    7.5000 3012.0017    9.5926
    7.5000   30.0000    7.5000 2961.1943    9.6282
   -7.5000   37.5000    7.5000 2923.7964    9.6848
    0.0000   37.5000    7.5000 2968.7834    9.6612
    7.5000   37.5000    7.5000 2922.9060    9.8218
   -7.5000   45.0000    7.5000 2860.5876   10.1093
    0.0000   45.0000    7.5000 2894.7883   10.0505
    7.5000   45.0000    7.5000 2861.9285   10.2339
   -7.5000  -45.0000   15.0000 2691.7375   10.4158
    0.0000  -45.0000   15.0000 2699.3540   10.4286
    7.5000  -45.0000   15.0000 2710.5811   10.5345
   -7.5000  -37.5000   15.0000 2696.2029   10.3533
    0.0000  -37.5000   15.0000 2703.8809   10.3406
    7.5000  -37.5000   15.0000 2713.5671   10.4573
   -7.5000  -30.0000   15.0000 2714.9294   10.3046
    0.0000  -30.0000   15.0000 2725.4990   10.3311
    7.5000  -30.0000   15.0000 2725.8672   10.4184
   -7.5000  -22.5000   15.0000 2723.1338   10.1890
    0.0000  -22.5000   15.0000 2730.0818   10.2135
    7.5000  -22.5000   15.0000 2724.7197   10.2873
   -7.5000  -15.0000   15.0000 2735.1216   10.0467
    0.0000  -15.0000   15.0000 2740.3286   10.0766
    7.5000  -15.0000   15.0000 2735.9915   10.1536
   -7.5000   -7.5000   15.0000 2763.7524    9.8841
    0.0000   -7.5000   15.0000 2769.1401    9.9156
    7.5000   -7.5000   15.0000 2760.8972    9.9950
   -7.5000    0.0000   15.0000 2804.9961    9.7298
    0.0000    0.0000   15.0000 2814.3970    9.7668
    7.5000    0.0000   15.0000 2801.5847    9.8586
   -7.5000    7.5000   15.0000 2856.1997    9.6078
    0.0000    7.5000   15.0000 2869.9932    9.6474
    7.5000    7.5000   15.0000 2854.2998    9.7421
   -7.5000   15.0000   15.0000 2904.5259    9.5769
    0.0000   15.0000   15.0000 2928.5442    9.6397
    7.5000   15.0000   15.0000 2903.7021    9.7094
   -7.5000   22.5000   15.0000 2937.9753    9.5571
    0.0000   22.5000   15.0000 2980.0601    9.6139
    7.5000   22.5000   15.0000 2943.9617    9.7024
   -7.5000   30.0000   15.0000 2942.3271    9.5457
    0.0000   30.0000   15.0000 2979.7881    9.4657
    7.5000   30.0000   15.0000 2942.6643    9.7002
   -7.5000   37.5000   15.0000 2906.9778    9.7868
    0.0000   37.5000   15.0000 2940.0781    9.6773
    7.5000   37.5000   15.0000 2906.6545    9.9262
   -7.5000   45.0000   15.0000 2844.4099   10.2657
    0.0000   45.0000   15.0000 2873.6895   10.1920
    7.5000   45.0000   15.0000 2849.2458   10.3972
   -7.5000  -45.0000   22.5000 2655.9312   10.9162
    0.0000  -45.0000   22.5000 2663.3342   10.9498
    7.5000  -45.0000   22.5000 2667.9373   10.9690
   -7.5000  -37.5000   22.5000 2664.9988   10.8434
    0.0000  -37.5000   22.5000 2672.0999   10.8525
    7.5000  -37.5000   22.5000 2668.1096   10.8988
   -7.5000  -30.0000   22.5000 2681.7395   10.7647
    0.0000  -30.0000   22.5000 2692.0986   10.7876
    7.5000  -30.0000   22.5000 2684.2122   10.8355
   -7.5000  -22.5000   22.5000 2692.6575   10.5929
    0.0000  -22.5000   22.5000 2703.3335   10.5822
    7.5000  -22.5000   22.5000 2693.5256   10.6637
   -7.5000  -15.0000   22.5000 2707.2283   10.3956
    0.0000  -15.0000   22.5000 2715.2461   10.3763
    7.5000  -15.0000   22.5000 2705.3777   10.4704
   -7.5000   -7.5000   22.5000 2732.0393   10.1586
    0.0000   -7.5000   22.5000 2737.0591   10.1376
    7.5000   -7.5000   22.5000 2728.3408   10.2624
   -7.5000    0.0000   22.5000 2770.3477    9.9647
    0.0000    0.0000   22.5000 2775.9241    9.9316
    7.5000    0.0000   22.5000 2769.2344   10.0897
   -7.5000    7.5000   22.5000 2816.9941    9.8566
    0.0000    7.5000   22.5000 2822.4697    9.8152
    7.5000    7.5000   22.5000 2816.2966    9.9707
   -7.5000   15.0000   22.5000 2862.0261    9.8077
    0.0000   15.0000   22.5000 2876.1775    9.7867
    7.5000   15.0000   22.5000 2866.2332    9.9284
   -7.5000   22.5000   22.5000 2899.2952    9.7786
    0.0000   22.5000   22.5000 2922.5059    9.7193
    7.5000   22.5000   22.5000 2900.0325    9.9175
   -7.5000   30.0000   22.5000 2897.1909    9.8072
    0.0000   30.0000   22.5000 2916.8018    9.6592
    7.5000   30.0000   22.5000 2891.1938    9.9311
   -7.5000   37.5000   22.5000 2871.3188   10.0675
    0.0000   37.5000   22.5000 2894.1262    9.9683
    7.5000   37.5000   22.5000 2866.7031   10.1916
   -7.5000   45.0000   22.5000 2812.8794   10.6040
    0.0000   45.0000   22.5000 2836.0884   10.5002
    7.5000   45.0000   22.5000 2809.3218   10.7147
   -7.5000  -45.0000   30.0000 2604.4470   11.3990
    0.0000  -45.0000   30.0000 2607.0425   11.3871
    7.5000  -45.0000   30.0000 2605.3796   11.4609
   -7.5000  -37.5000   30.0000 2607.4900   11.3085
    0.0000  -37.5000   30.0000 2615.8000   11.2728
    7.5000  -37.5000   30.0000 2609.1772   11.3545
   -7.5000  -30.0000   30.0000 2624.8386   11.2056
    0.0000  -30.0000   30.0000 2635.4912   11.1556
    7.5000  -30.0000   30.0000 2622.9429   11.2469
   -7.5000  -22.5000   30.0000 2638.1746   11.0008
    0.0000  -22.5000   30.0000 2650.3489   10.9541
    7.5000  -22.5000   30.0000 2640.2920   11.0680
   -7.5000  -15.0000   30.0000 2656.7949   10.7748
    0.0000  -15.0000   30.0000 2665.8372   10.7019
    7.5000  -15.0000   30.0000 2659.7249   10.8345
   -7.5000   -7.5000   30.0000 2683.5820   10.5268
    0.0000   -7.5000   30.0000 2687.4668   10.4317
    7.5000   -7.5000   30.0000 2681.6658   10.5887
   -7.5000    0.0000   30.0000 2724.2222   10.3423
    0.0000    0.0000   30.0000 2727.2844   10.2566
    7.5000    0.0000   30.0000 2720.9917   10.4308
   -7.5000    7.5000   30.0000 2767.5483   10.2402
    0.0000    7.5000   30.0000 2771.7490   10.1782
    7.5000    7.5000   30.0000 2767.4568   10.3419
   -7.5000   15.0000   30.0000 2805.6235   10.1928
    0.0000   15.0000   30.0000 2817.2485   10.1256
    7.5000   15.0000   30.0000 2810.2773   10.2927
   -7.5000   22.5000   30.0000 2829.4585   10.1844
    0.0000   22.5000   30.0000 2845.3027   10.0479
    7.5000   22.5000   30.0000 2833.3591   10.2738
   -7.5000   30.0000   30.0000 2829.0308   10.2480
    0.0000   30.0000   30.0000 2845.8201   10.1070
    7.5000   30.0000   30.0000 2828.4778   10.3570
   -7.5000   37.5000   30.0000 2811.2180   10.5496
    0.0000   37.5000   30.0000 2830.3469   10.4442
    7.5000   37.5000   30.0000 2810.5256   10.6639
   -7.5000   45.0000   30.0000 2755.3433   11.0788
    0.0000   45.0000   30.0000 2772.8232   10.9890
    7.5000   45.0000   30.0000 2752.2214   11.1999
   -7.5000  -45.0000   37.5000 2537.0132   11.9138
    0.0000  -45.0000   37.5000 2534.5740   11.8187
    7.5000  -45.0000   37.5000 2542.2031   11.9982
   -7.5000  -37.5000   37.5000 2546.7163   11.7622
    0.0000  -37.5000   37.5000 2549.5381   11.6847
    7.5000  -37.5000   37.5000 2548.9219   11.8177
   -7.5000  -30.0000   37.5000 2567.2439   11.6366
    0.0000  -30.0000   37.5000 2573.5667   11.5476
    7.5000  -30.0000   37.5000 2568.5669   11.6691
   -7.5000  -22.5000   37.5000 2582.9258   11.4577
    0.0000  -22.5000   37.5000 2590.5647   11.3437
    7.5000  -22.5000   37.5000 2585.5325   11.4894
   -7.5000  -15.0000   37.5000 2603.8169   11.2252
    0.0000  -15.0000   37.5000 2610.9614   11.0984
    7.5000  -15.0000   37.5000 2607.1384   11.2615
   -7.5000   -7.5000   37.5000 2633.8413   11.0135
    0.0000   -7.5000   37.5000 2639.2239   10.8678
    7.5000   -7.5000   37.5000 2633.3015   11.0368
   -7.5000    0.0000   37.5000 2671.5999   10.8461
    0.0000    0.0000   37.5000 2681.5742   10.7294
    7.5000    0.0000   37.5000 2668.7388   10.9028
   -7.5000    7.5000   37.5000 2709.6851   10.7566
    0.0000    7.5000   37.5000 2719.9731   10.6594
    7.5000    7.5000   37.5000 2708.1113   10.8313
   -7.5000   15.0000   37.5000 2740.4265   10.7096
    0.0000   15.0000   37.5000 2752.7546   10.5761
    7.5000   15.0000   37.5000 2745.0515   10.7669
   -7.5000   22.5000   37.5000 2751.8506   10.7033
    0.0000   22.5000   37.5000 2769.8550   10.5507
    7.5000   22.5000   37.5000 2760.3062   10.7872
   -7.5000   30.0000   37.5000 2748.8599   10.8504
    0.0000   30.0000   37.5000 2763.9966   10.6897
    7.5000   30.0000   37.5000 2753.7849   10.9516
   -7.5000   37.5000   37.5000 2735.4680   11.1723
    0.0000   37.5000   37.5000 2753.8088   11.0525
    7.5000   37.5000   37.5000 2739.2822   11.2926
   -7.5000   45.0000   37.5000 2685.6523   11.7049
    0.0000   45.0000   37.5000 2705.3093   11.5878
    7.5000   45.0000   37.5000 2688.5808   11.8111
   -7.5000  -45.0000   45.0000 2475.6274   12.5660
    0.0000  -45.0000   45.0000 2470.1384   12.4194
    7.5000  -45.0000   45.0000 2478.0352   12.6557
   -7.5000  -37.5000   45.0000 2486.0757   12.3633
    0.0000  -37.5000   45.0000 2486.7080   12.2293
    7.5000  -37.5000   45.0000 2488.7346   12.4264
   -7.5000  -30.0000   45.0000 2509.8367   12.1814
    0.0000  -30.0000   45.0000 2511.0090   12.0686
    7.5000  -30.0000   45.0000 2508.0488   12.2331
   -7.5000  -22.5000   45.0000 2533.6790   11.9943
    0.0000  -22.5000   45.0000 2532.2039   11.8458
    7.5000  -22.5000   45.0000 2525.6184   11.9963
   -7.5000  -15.0000   45.0000 2551.0796   11.7687
    0.0000  -15.0000   45.0000 2555.9724   11.6080
    7.5000  -15.0000   45.0000 2550.1746   11.7860
   -7.5000   -7.5000   45.0000 2582.1357   11.5944
    0.0000   -7.5000   45.0000 2592.7317   11.4347
    7.5000   -7.5000   45.0000 2584.2488   11.5932
   -7.5000    0.0000   45.0000 2610.8762   11.4397
    0.0000    0.0000   45.0000 2627.5881   11.3159
    7.5000    0.0000   45.0000 2614.1453   11.4814
   -7.5000    7.5000   45.0000 2638.2456   11.3980
    0.0000    7.5000   45.0000 2657.6829   11.2461
    7.5000    7.5000   45.0000 2641.0320   11.4207
   -7.5000   15.0000   45.0000 2659.9451   11.3633
    0.0000   15.0000   45.0000 2679.8628   11.2013
    7.5000   15.0000   45.0000 2665.5164   11.3825
   -7.5000   22.5000   45.0000 2671.0083   11.3925
    0.0000   22.5000   45.0000 2687.9702   11.2626
    7.5000   22.5000   45.0000 2675.9502   11.4725
   -7.5000   30.0000   45.0000 2667.3242   11.6020
    0.0000   30.0000   45.0000 2682.0659   11.4675
    7.5000   30.0000   45.0000 2671.5188   11.6940
   -7.5000   37.5000   45.0000 2647.5186   11.9440
    0.0000   37.5000   45.0000 2664.7415   11.8385
    7.5000   37.5000   45.0000 2649.1948   12.0604
   -7.5000   45.0000   45.0000 2600.1631   12.4597
    0.0000   45.0000   45.0000 2624.1892   12.3292
    7.5000   45.0000   45.0000 2607.5159   12.5399

---------------------------------------------------------------------
imgreg_4dfp /opt/freesurfer/average/711-2C_as_mni_average_305 /opt/freesurfer/average/711-2B_as_mni_average_305_mask talsrcimg_g11 none talsrcimg_to_711-2C_as_mni_average_305_t4 1283
---------------------------------------------------------------------

freesurfer imgreg_4dfp.c
/opt/freesurfer/average/711-2C_as_mni_average_305.4dfp.img
       256       256       256         1
  1.000000  1.000000  1.000000
orientation T byte_order littleendian
Reading image: /opt/freesurfer/average/711-2C_as_mni_average_305.4dfp.img
dimensions:      256       256       256
mmppix:       1.0000   -1.0000   -1.0000
center:     128.0000 -129.0000 -129.0000
/opt/freesurfer/average/711-2B_as_mni_average_305_mask.4dfp.img
       256       256       256         1
  1.000000  1.000000  1.000000
orientation T byte_order littleendian
Reading mask: /opt/freesurfer/average/711-2B_as_mni_average_305_mask.4dfp.img (2306576 pixels)
talsrcimg_g11.4dfp.img
       256       256       256         1
  1.000000  1.000000  1.000000
orientation T byte_order littleendian
Reading image: talsrcimg_g11.4dfp.img
dimensions:      256       256       256
mmppix:       1.0000   -1.0000   -1.0000
center:     128.0000 -129.0000 -129.0000
rotation matrix determinant  1.000000
fimgreg.f
image alignment mode   1283 decimal      503 hex
parameters
    0.0000   30.0000    7.5000    0.0000    0.0000    0.0000
eta,q 0.94321  9.64192
niter,ni,del,rscale     5    3   12.0000    1.2000
parameter  2  0.726574 ->  0.500000 qaram    1.1500
parameter  4 -5.520169 ->  0.500000 qaram    1.1500
parameter  5  0.521199 ->  0.500000 qaram    1.1500
parameters
    0.2391   26.5500    5.4136   -3.4500   -3.4500   -1.0633
eta,q 0.95293  9.55568
  0.0716  0.0552  0.0564  0.0457  0.0488  0.0505
  0.0637  0.0554  0.0548  0.0479  0.0473  0.0479
  0.0590  0.0555  0.0546  0.0516  0.0476  0.0471
  0.0568  0.0566  0.0551  0.0546  0.0487  0.0473
  0.0587  0.0590  0.0565  0.0573  0.0517  0.0484
  0.0635  0.0614  0.0593  0.0601  0.0556  0.0506
  0.0686  0.0651  0.0635  0.0620  0.0605  0.0535
niter,ni,del,rscale     7    3   12.0000    1.2000
parameter  4  5.033951 ->  0.500000 qaram    1.3225
parameters
    0.8255   28.0288    4.8122   -7.4175   -3.5452   -0.6068
eta,q 0.96040  9.59527
  0.0659  0.0588  0.0522  0.0365  0.0513  0.0471
  0.0589  0.0523  0.0486  0.0391  0.0461  0.0441
  0.0513  0.0482  0.0469  0.0425  0.0412  0.0414
  0.0471  0.0469  0.0467  0.0466  0.0398  0.0398
  0.0483  0.0466  0.0477  0.0500  0.0418  0.0396
  0.0533  0.0476  0.0506  0.0538  0.0463  0.0419
  0.0610  0.0513  0.0550  0.0582  0.0520  0.0460
niter,ni,del,rscale     7    3   12.0000    1.2000
parameter  4  1.161282 ->  0.500000 qaram    1.5209
parameters
    0.6035   29.3155    4.3513  -11.9801   -3.0216   -1.4163
eta,q 0.96561  9.63392
  0.0588  0.0556  0.0458  0.0342  0.0501  0.0387
  0.0503  0.0487  0.0420  0.0343  0.0427  0.0359
  0.0422  0.0425  0.0397  0.0361  0.0370  0.0345
  0.0396  0.0395  0.0394  0.0393  0.0346  0.0346
  0.0436  0.0398  0.0406  0.0442  0.0356  0.0359
  0.0523  0.0426  0.0433  0.0486  0.0397  0.0381
  0.0616  0.0471  0.0483  0.0535  0.0462  0.0413
niter,ni,del,rscale     7    3   12.0000    1.2000
parameters
    0.4867   30.8615    2.9746  -14.8228   -3.0242   -1.0900
eta,q 0.96987  9.63544
  0.0562  0.0527  0.0394  0.0377  0.0445  0.0379
  0.0464  0.0439  0.0343  0.0322  0.0375  0.0344
  0.0375  0.0371  0.0322  0.0302  0.0321  0.0315
  0.0344  0.0344  0.0339  0.0323  0.0302  0.0302
  0.0381  0.0337  0.0371  0.0372  0.0322  0.0305
  0.0472  0.0348  0.0408  0.0436  0.0374  0.0327
  0.0582  0.0417  0.0468  0.0493  0.0446  0.0369
niter,ni,del,rscale     6    3   12.0000    1.2000
parameters
    0.4030   31.0101    2.4925  -15.0436   -3.0676   -1.0341
eta,q 0.97036  9.63017
  0.0524  0.0467  0.0399  0.0436  0.0439  0.0371
  0.0426  0.0400  0.0336  0.0364  0.0371  0.0336
  0.0335  0.0339  0.0298  0.0313  0.0316  0.0309
  0.0301  0.0301  0.0300  0.0297  0.0297  0.0297
  0.0337  0.0306  0.0327  0.0324  0.0318  0.0301
  0.0428  0.0366  0.0366  0.0378  0.0371  0.0328
  0.0541  0.0477  0.0427  0.0444  0.0444  0.0375
niter,ni,del,rscale     5    3   12.0000    1.2000
parameters
    0.3659   31.0473    2.4359  -15.1183   -3.0704   -1.0218
eta,q 0.97042  9.62879
  0.0523  0.0460  0.0414  0.0438  0.0440  0.0370
  0.0425  0.0395  0.0348  0.0369  0.0372  0.0335
  0.0332  0.0334  0.0303  0.0314  0.0317  0.0308
  0.0296  0.0296  0.0296  0.0296  0.0296  0.0296
  0.0331  0.0304  0.0318  0.0320  0.0316  0.0301
  0.0421  0.0371  0.0355  0.0374  0.0369  0.0328
  0.0535  0.0481  0.0410  0.0440  0.0442  0.0376
registration optimization eta report
parameter search radius
    6.0000    6.9000    6.0000    9.1253    6.9000    6.0000
100000*second partial in parameter space
       63.       36.       32.       17.       30.       21.
  0.0523  0.0460  0.0414  0.0438  0.0440  0.0370
  0.0425  0.0395  0.0348  0.0369  0.0372  0.0335
  0.0332  0.0334  0.0303  0.0314  0.0317  0.0308
  0.0296  0.0296  0.0296  0.0296  0.0296  0.0296
  0.0331  0.0304  0.0318  0.0320  0.0316  0.0301
  0.0421  0.0371  0.0355  0.0374  0.0369  0.0328
  0.0535  0.0481  0.0410  0.0440  0.0442  0.0376
    0.3659   31.0473    2.4359  -15.1183   -3.0704   -1.0218
eta,q 0.97042  9.62879

---------------------------------------------------------------------
imgreg_4dfp /opt/freesurfer/average/711-2C_as_mni_average_305 /opt/freesurfer/average/711-2B_as_mni_average_305_mask talsrcimg_g11 none talsrcimg_to_711-2C_as_mni_average_305_t4 3335
---------------------------------------------------------------------

freesurfer imgreg_4dfp.c
/opt/freesurfer/average/711-2C_as_mni_average_305.4dfp.img
       256       256       256         1
  1.000000  1.000000  1.000000
orientation T byte_order littleendian
Reading image: /opt/freesurfer/average/711-2C_as_mni_average_305.4dfp.img
dimensions:      256       256       256
mmppix:       1.0000   -1.0000   -1.0000
center:     128.0000 -129.0000 -129.0000
/opt/freesurfer/average/711-2B_as_mni_average_305_mask.4dfp.img
       256       256       256         1
  1.000000  1.000000  1.000000
orientation T byte_order littleendian
Reading mask: /opt/freesurfer/average/711-2B_as_mni_average_305_mask.4dfp.img (2306576 pixels)
talsrcimg_g11.4dfp.img
       256       256       256         1
  1.000000  1.000000  1.000000
orientation T byte_order littleendian
Reading image: talsrcimg_g11.4dfp.img
dimensions:      256       256       256
mmppix:       1.0000   -1.0000   -1.0000
center:     128.0000 -129.0000 -129.0000
fimgreg.f
image alignment mode   3335 decimal      D07 hex
parameters
    0.3659   31.0473    2.4359   -0.1594   -3.4515   -3.5996
    0.3248    5.6351   -1.7807   25.9849   -5.3562  -26.0438
eta,q 0.97026  9.66567
niter,ni,del,rscale     5    3    5.0000    1.2000
parameter  4  0.602198 ->  0.500000 qaram    1.1500
parameter  5  0.980450 ->  0.500000 qaram    1.1500
parameters
    0.4457   31.3402    2.1709   -4.2994   -7.5915   -5.6417
    1.0674    6.2411   -0.5112   26.4116   -5.9690  -24.0630
eta,q 0.97395  9.41833
  0.0342  0.0328  0.0314  0.0289  0.0262  0.0274  0.0298  0.0306  0.0291  0.0291  0.0270  0.0287
  0.0319  0.0312  0.0303  0.0284  0.0262  0.0269  0.0281  0.0284  0.0277  0.0276  0.0265  0.0275
  0.0303  0.0302  0.0297  0.0284  0.0268  0.0264  0.0269  0.0269  0.0268  0.0266  0.0263  0.0267
  0.0297  0.0297  0.0297  0.0297  0.0283  0.0263  0.0264  0.0263  0.0263  0.0262  0.0262  0.0262
  0.0301  0.0298  0.0301  0.0323  0.0302  0.0267  0.0265  0.0265  0.0263  0.0264  0.0264  0.0260
  0.0315  0.0304  0.0310  0.0357  0.0324  0.0292  0.0273  0.0274  0.0267  0.0272  0.0267  0.0263
  0.0337  0.0316  0.0322  0.0396  0.0349  0.0323  0.0287  0.0295  0.0277  0.0285  0.0272  0.0269
niter,ni,del,rscale     6    3    5.0000    1.2000
parameters
    0.3356   31.6157    2.0518   -5.3906   -9.8748   -6.0450
    0.7453    6.2662   -0.4531   26.4444   -5.5682  -24.5058
eta,q 0.97392  9.29368
  0.0293  0.0294  0.0275  0.0287  0.0276  0.0280  0.0287  0.0295  0.0280  0.0282  0.0270  0.0274
  0.0275  0.0277  0.0267  0.0273  0.0266  0.0271  0.0272  0.0277  0.0269  0.0269  0.0265  0.0267
  0.0264  0.0266  0.0261  0.0265  0.0261  0.0265  0.0263  0.0265  0.0263  0.0263  0.0262  0.0262
  0.0260  0.0260  0.0260  0.0260  0.0261  0.0260  0.0261  0.0261  0.0261  0.0261  0.0261  0.0261
  0.0266  0.0261  0.0263  0.0263  0.0271  0.0261  0.0265  0.0264  0.0263  0.0263  0.0262  0.0263
  0.0279  0.0269  0.0269  0.0283  0.0290  0.0268  0.0276  0.0275  0.0269  0.0269  0.0264  0.0269
  0.0300  0.0281  0.0279  0.0315  0.0312  0.0293  0.0292  0.0296  0.0279  0.0281  0.0268  0.0278
niter,ni,del,rscale     5    3    5.0000    1.2000
parameters
    0.2894   31.9066    2.1293   -5.3712  -10.3757   -5.9658
    0.6848    6.2355   -0.4684   26.8797   -5.6080  -24.7127
eta,q 0.97395  9.28750
  0.0294  0.0292  0.0278  0.0293  0.0286  0.0282  0.0288  0.0294  0.0279  0.0282  0.0269  0.0275
  0.0275  0.0276  0.0269  0.0277  0.0272  0.0271  0.0273  0.0276  0.0269  0.0269  0.0264  0.0267
  0.0264  0.0266  0.0263  0.0267  0.0264  0.0265  0.0264  0.0265  0.0263  0.0263  0.0262  0.0262
  0.0261  0.0261  0.0261  0.0260  0.0260  0.0261  0.0261  0.0261  0.0261  0.0261  0.0261  0.0261
  0.0265  0.0262  0.0262  0.0260  0.0263  0.0260  0.0264  0.0264  0.0263  0.0262  0.0262  0.0262
  0.0277  0.0268  0.0267  0.0271  0.0276  0.0264  0.0274  0.0275  0.0269  0.0267  0.0265  0.0268
  0.0296  0.0280  0.0276  0.0298  0.0295  0.0286  0.0289  0.0296  0.0279  0.0277  0.0269  0.0277
niter,ni,del,rscale     4    3    5.0000    1.2000
parameters
    0.3068   32.0171    2.0912   -5.3779  -10.5551   -6.0274
    0.6425    6.2817   -0.4754   27.0594   -5.6417  -24.8234
eta,q 0.97394  9.28198
  0.0295  0.0287  0.0277  0.0292  0.0288  0.0281  0.0288  0.0294  0.0278  0.0280  0.0269  0.0275
  0.0276  0.0273  0.0268  0.0277  0.0273  0.0271  0.0274  0.0276  0.0269  0.0268  0.0264  0.0268
  0.0265  0.0264  0.0262  0.0267  0.0264  0.0265  0.0264  0.0265  0.0263  0.0262  0.0262  0.0263
  0.0261  0.0261  0.0261  0.0261  0.0261  0.0261  0.0261  0.0261  0.0261  0.0261  0.0261  0.0261
  0.0264  0.0263  0.0263  0.0260  0.0262  0.0260  0.0264  0.0263  0.0263  0.0262  0.0262  0.0262
  0.0275  0.0270  0.0269  0.0272  0.0274  0.0265  0.0274  0.0274  0.0269  0.0267  0.0265  0.0268
  0.0294  0.0282  0.0277  0.0298  0.0292  0.0288  0.0289  0.0295  0.0278  0.0278  0.0269  0.0277
niter,ni,del,rscale     3    3    5.0000    1.2000
parameters
    0.3148   32.0648    2.0591   -5.4004  -10.6270   -6.0599
    0.6151    6.3043   -0.4796   27.1645   -5.6751  -24.8879
eta,q 0.97392  9.27939
  0.0295  0.0286  0.0277  0.0292  0.0289  0.0281  0.0289  0.0294  0.0278  0.0279  0.0269  0.0275
  0.0276  0.0272  0.0268  0.0277  0.0274  0.0271  0.0274  0.0276  0.0269  0.0268  0.0265  0.0268
  0.0265  0.0264  0.0262  0.0267  0.0265  0.0265  0.0264  0.0265  0.0263  0.0262  0.0262  0.0263
  0.0261  0.0261  0.0261  0.0261  0.0261  0.0261  0.0261  0.0261  0.0261  0.0261  0.0261  0.0261
  0.0264  0.0263  0.0263  0.0260  0.0262  0.0260  0.0264  0.0264  0.0263  0.0262  0.0262  0.0262
  0.0276  0.0271  0.0269  0.0272  0.0273  0.0265  0.0274  0.0274  0.0269  0.0267  0.0265  0.0268
  0.0294  0.0283  0.0277  0.0298  0.0291  0.0288  0.0289  0.0295  0.0278  0.0278  0.0269  0.0276
niter,ni,del,rscale     2    3    5.0000    1.2000
parameters
    0.3175   32.0885    2.0383   -5.4133  -10.6680   -6.0790
    0.6048    6.3130   -0.4820   27.2160   -5.6951  -24.9257
eta,q 0.97392  9.27783
  0.0295  0.0285  0.0277  0.0292  0.0289  0.0282  0.0289  0.0294  0.0278  0.0279  0.0269  0.0275
  0.0276  0.0272  0.0268  0.0277  0.0274  0.0271  0.0274  0.0276  0.0269  0.0268  0.0265  0.0268
  0.0265  0.0263  0.0262  0.0267  0.0265  0.0266  0.0264  0.0265  0.0263  0.0262  0.0262  0.0263
  0.0261  0.0261  0.0261  0.0261  0.0261  0.0261  0.0261  0.0261  0.0261  0.0261  0.0261  0.0261
  0.0264  0.0263  0.0263  0.0260  0.0262  0.0261  0.0264  0.0264  0.0263  0.0262  0.0262  0.0262
  0.0276  0.0271  0.0269  0.0272  0.0273  0.0265  0.0274  0.0274  0.0269  0.0267  0.0265  0.0268
  0.0295  0.0284  0.0277  0.0298  0.0291  0.0288  0.0289  0.0295  0.0278  0.0278  0.0269  0.0276
registration optimization eta report
parameter search radius
    2.4000    2.4000    2.4000    8.2800    8.2800    7.2000
    7.2000    7.2000    7.2000    7.2000    7.2000    7.2000
100000*second partial in parameter space
       58.       41.       28.        5.        4.        5.
        5.        7.        3.        4.        2.        3.
  0.0295  0.0285  0.0277  0.0292  0.0289  0.0282  0.0289  0.0294  0.0278  0.0279  0.0269  0.0275
  0.0276  0.0272  0.0268  0.0277  0.0274  0.0271  0.0274  0.0276  0.0269  0.0268  0.0265  0.0268
  0.0265  0.0263  0.0262  0.0267  0.0265  0.0266  0.0264  0.0265  0.0263  0.0262  0.0262  0.0263
  0.0261  0.0261  0.0261  0.0261  0.0261  0.0261  0.0261  0.0261  0.0261  0.0261  0.0261  0.0261
  0.0264  0.0263  0.0263  0.0260  0.0262  0.0261  0.0264  0.0264  0.0263  0.0262  0.0262  0.0262
  0.0276  0.0271  0.0269  0.0272  0.0273  0.0265  0.0274  0.0274  0.0269  0.0267  0.0265  0.0268
  0.0295  0.0284  0.0277  0.0298  0.0291  0.0288  0.0289  0.0295  0.0278  0.0278  0.0269  0.0276
    0.3175   32.0885    2.0383   -5.4133  -10.6680   -6.0790
    0.6048    6.3130   -0.4820   27.2160   -5.6951  -24.9257
eta,q 0.97392  9.27783

---------------------------------------------------------------------
imgreg_4dfp /opt/freesurfer/average/711-2C_as_mni_average_305 /opt/freesurfer/average/711-2B_as_mni_average_305_mask talsrcimg_g11 none talsrcimg_to_711-2C_as_mni_average_305_t4 2311
---------------------------------------------------------------------

freesurfer imgreg_4dfp.c
/opt/freesurfer/average/711-2C_as_mni_average_305.4dfp.img
       256       256       256         1
  1.000000  1.000000  1.000000
orientation T byte_order littleendian
Reading image: /opt/freesurfer/average/711-2C_as_mni_average_305.4dfp.img
dimensions:      256       256       256
mmppix:       1.0000   -1.0000   -1.0000
center:     128.0000 -129.0000 -129.0000
/opt/freesurfer/average/711-2B_as_mni_average_305_mask.4dfp.img
       256       256       256         1
  1.000000  1.000000  1.000000
orientation T byte_order littleendian
Reading mask: /opt/freesurfer/average/711-2B_as_mni_average_305_mask.4dfp.img (2306576 pixels)
talsrcimg_g11.4dfp.img
       256       256       256         1
  1.000000  1.000000  1.000000
orientation T byte_order littleendian
Reading image: talsrcimg_g11.4dfp.img
dimensions:      256       256       256
mmppix:       1.0000   -1.0000   -1.0000
center:     128.0000 -129.0000 -129.0000
fimgreg.f
image alignment mode   2311 decimal      907 hex
parameters
    0.3175   32.0885    2.0383   -5.4133  -10.6680   -6.0790
    0.6048    6.3130   -0.4820   27.2160   -5.6951  -24.9257
eta,q 0.97392  9.27783
niter,ni,del,rscale     5    3    5.0000    0.8000
parameters
    0.3241   32.0846    2.0105   -4.3538  -10.3440   -4.5902
    0.8283    6.4774   -0.2814   27.1512   -5.6502  -25.1295
eta,q 0.97417  9.39431
  0.0276  0.0271  0.0268  0.0274  0.0269  0.0270  0.0272  0.0275  0.0267  0.0265  0.0262  0.0264
  0.0268  0.0265  0.0264  0.0268  0.0265  0.0266  0.0265  0.0266  0.0262  0.0261  0.0260  0.0261
  0.0263  0.0262  0.0262  0.0264  0.0261  0.0263  0.0260  0.0261  0.0259  0.0259  0.0259  0.0259
  0.0261  0.0261  0.0261  0.0261  0.0260  0.0259  0.0258  0.0258  0.0258  0.0258  0.0258  0.0258
  0.0262  0.0262  0.0262  0.0259  0.0259  0.0258  0.0259  0.0259  0.0259  0.0259  0.0259  0.0259
  0.0268  0.0266  0.0264  0.0261  0.0262  0.0259  0.0263  0.0264  0.0261  0.0261  0.0260  0.0261
  0.0276  0.0271  0.0269  0.0267  0.0268  0.0263  0.0270  0.0274  0.0265  0.0266  0.0262  0.0265
niter,ni,del,rscale     4    3    5.0000    0.7000
parameters
    0.3506   31.9454    2.1921   -4.1238  -10.1333   -4.5301
    0.8199    6.4799   -0.3049   26.9466   -5.6183  -24.8507
eta,q 0.97423  9.40633
  0.0271  0.0265  0.0265  0.0268  0.0265  0.0266  0.0268  0.0270  0.0264  0.0263  0.0261  0.0263
  0.0264  0.0261  0.0262  0.0264  0.0262  0.0262  0.0262  0.0263  0.0260  0.0260  0.0259  0.0260
  0.0260  0.0259  0.0259  0.0260  0.0259  0.0259  0.0259  0.0259  0.0258  0.0258  0.0258  0.0259
  0.0258  0.0258  0.0258  0.0258  0.0258  0.0258  0.0258  0.0258  0.0258  0.0258  0.0258  0.0258
  0.0260  0.0260  0.0258  0.0258  0.0258  0.0258  0.0259  0.0259  0.0258  0.0258  0.0258  0.0258
  0.0263  0.0263  0.0260  0.0260  0.0260  0.0260  0.0262  0.0263  0.0261  0.0260  0.0259  0.0259
  0.0270  0.0268  0.0262  0.0268  0.0265  0.0267  0.0268  0.0271  0.0264  0.0264  0.0261  0.0262
niter,ni,del,rscale     3    3    5.0000    0.6000
parameters
    0.3559   31.8882    2.2240   -3.9693   -9.9673   -4.2317
    0.8751    6.5119   -0.3356   26.8697   -5.5400  -24.7896
eta,q 0.97426  9.42654
  0.0267  0.0263  0.0262  0.0265  0.0263  0.0264  0.0265  0.0267  0.0262  0.0261  0.0260  0.0261
  0.0262  0.0260  0.0260  0.0262  0.0261  0.0261  0.0261  0.0262  0.0259  0.0259  0.0259  0.0259
  0.0259  0.0258  0.0258  0.0259  0.0259  0.0259  0.0258  0.0259  0.0258  0.0258  0.0258  0.0258
  0.0258  0.0258  0.0258  0.0258  0.0257  0.0257  0.0257  0.0257  0.0257  0.0257  0.0257  0.0257
  0.0259  0.0259  0.0258  0.0258  0.0258  0.0257  0.0258  0.0258  0.0258  0.0258  0.0258  0.0258
  0.0262  0.0261  0.0259  0.0260  0.0259  0.0258  0.0260  0.0261  0.0260  0.0259  0.0258  0.0259
  0.0267  0.0265  0.0262  0.0265  0.0263  0.0263  0.0264  0.0267  0.0262  0.0262  0.0260  0.0261
niter,ni,del,rscale     2    3    5.0000    0.5000
parameters
    0.3601   31.8509    2.2639   -3.7876   -9.8396   -4.0006
    0.9099    6.5345   -0.3447   26.8573   -5.5292  -24.7495
eta,q 0.97428  9.44440
  0.0264  0.0262  0.0261  0.0263  0.0261  0.0262  0.0262  0.0264  0.0260  0.0260  0.0259  0.0260
  0.0260  0.0259  0.0259  0.0261  0.0259  0.0259  0.0259  0.0260  0.0259  0.0259  0.0258  0.0258
  0.0258  0.0258  0.0258  0.0259  0.0258  0.0258  0.0258  0.0258  0.0258  0.0258  0.0257  0.0257
  0.0257  0.0257  0.0257  0.0257  0.0257  0.0257  0.0257  0.0257  0.0257  0.0257  0.0257  0.0257
  0.0258  0.0258  0.0258  0.0257  0.0257  0.0257  0.0258  0.0258  0.0258  0.0257  0.0257  0.0257
  0.0260  0.0260  0.0259  0.0259  0.0259  0.0258  0.0259  0.0260  0.0259  0.0258  0.0258  0.0258
  0.0264  0.0262  0.0260  0.0263  0.0261  0.0261  0.0262  0.0264  0.0260  0.0260  0.0259  0.0260
niter,ni,del,rscale     1    3    5.0000    0.4000
parameters
    0.3690   31.8244    2.2791   -3.6548   -9.7270   -3.8550
    0.9353    6.5494   -0.3665   26.8635   -5.5249  -24.7506
eta,q 0.97429  9.45736
  0.0261  0.0260  0.0259  0.0261  0.0260  0.0260  0.0260  0.0262  0.0259  0.0259  0.0258  0.0259
  0.0259  0.0258  0.0258  0.0259  0.0258  0.0258  0.0259  0.0259  0.0258  0.0258  0.0258  0.0258
  0.0258  0.0257  0.0257  0.0258  0.0258  0.0257  0.0257  0.0258  0.0257  0.0257  0.0257  0.0257
  0.0257  0.0257  0.0257  0.0257  0.0257  0.0257  0.0257  0.0257  0.0257  0.0257  0.0257  0.0257
  0.0258  0.0258  0.0257  0.0257  0.0257  0.0257  0.0257  0.0258  0.0257  0.0257  0.0257  0.0257
  0.0259  0.0259  0.0258  0.0258  0.0258  0.0258  0.0258  0.0259  0.0258  0.0258  0.0258  0.0258
  0.0261  0.0260  0.0259  0.0261  0.0259  0.0259  0.0260  0.0262  0.0259  0.0259  0.0258  0.0259
registration optimization eta report
parameter search radius
    0.8000    0.8000    0.8000    2.4000    2.4000    2.4000
    2.4000    2.4000    2.4000    2.4000    2.4000    2.4000
100000*second partial in parameter space
       66.       45.       29.        6.        4.        4.
        6.        8.        4.        4.        2.        3.
  0.0261  0.0260  0.0259  0.0261  0.0260  0.0260  0.0260  0.0262  0.0259  0.0259  0.0258  0.0259
  0.0259  0.0258  0.0258  0.0259  0.0258  0.0258  0.0259  0.0259  0.0258  0.0258  0.0258  0.0258
  0.0258  0.0257  0.0257  0.0258  0.0258  0.0257  0.0257  0.0258  0.0257  0.0257  0.0257  0.0257
  0.0257  0.0257  0.0257  0.0257  0.0257  0.0257  0.0257  0.0257  0.0257  0.0257  0.0257  0.0257
  0.0258  0.0258  0.0257  0.0257  0.0257  0.0257  0.0257  0.0258  0.0257  0.0257  0.0257  0.0257
  0.0259  0.0259  0.0258  0.0258  0.0258  0.0258  0.0258  0.0259  0.0258  0.0258  0.0258  0.0258
  0.0261  0.0260  0.0259  0.0261  0.0259  0.0259  0.0260  0.0262  0.0259  0.0259  0.0258  0.0259
    0.3690   31.8244    2.2791   -3.6548   -9.7270   -3.8550
    0.9353    6.5494   -0.3665   26.8635   -5.5249  -24.7506
eta,q 0.97429  9.45736

---------------------------------------------------------------------
imgreg_4dfp /opt/freesurfer/average/711-2C_as_mni_average_305 /opt/freesurfer/average/711-2B_as_mni_average_305_mask talsrcimg_g11 none talsrcimg_to_711-2C_as_mni_average_305_t4 2311
---------------------------------------------------------------------

freesurfer imgreg_4dfp.c
/opt/freesurfer/average/711-2C_as_mni_average_305.4dfp.img
       256       256       256         1
  1.000000  1.000000  1.000000
orientation T byte_order littleendian
Reading image: /opt/freesurfer/average/711-2C_as_mni_average_305.4dfp.img
dimensions:      256       256       256
mmppix:       1.0000   -1.0000   -1.0000
center:     128.0000 -129.0000 -129.0000
/opt/freesurfer/average/711-2B_as_mni_average_305_mask.4dfp.img
       256       256       256         1
  1.000000  1.000000  1.000000
orientation T byte_order littleendian
Reading mask: /opt/freesurfer/average/711-2B_as_mni_average_305_mask.4dfp.img (2306576 pixels)
talsrcimg_g11.4dfp.img
       256       256       256         1
  1.000000  1.000000  1.000000
orientation T byte_order littleendian
Reading image: talsrcimg_g11.4dfp.img
dimensions:      256       256       256
mmppix:       1.0000   -1.0000   -1.0000
center:     128.0000 -129.0000 -129.0000
fimgreg.f
image alignment mode   2311 decimal      907 hex
parameters
    0.3690   31.8244    2.2791   -3.6548   -9.7270   -3.8550
    0.9353    6.5494   -0.3665   26.8635   -5.5249  -24.7506
eta,q 0.97429  9.45736
niter,ni,del,rscale     5    3    5.0000    0.8000
parameters
    0.3751   31.8306    2.2734   -4.2268  -10.1108   -4.6802
    0.8082    6.4566   -0.3781   26.7421   -5.5686  -24.6455
eta,q 0.97423  9.39313
  0.0274  0.0269  0.0264  0.0268  0.0266  0.0266  0.0270  0.0273  0.0266  0.0265  0.0262  0.0264
  0.0265  0.0262  0.0260  0.0263  0.0262  0.0262  0.0263  0.0265  0.0261  0.0261  0.0260  0.0261
  0.0259  0.0258  0.0258  0.0259  0.0259  0.0258  0.0259  0.0260  0.0259  0.0259  0.0258  0.0259
  0.0257  0.0257  0.0257  0.0257  0.0258  0.0258  0.0258  0.0258  0.0258  0.0258  0.0258  0.0258
  0.0259  0.0259  0.0258  0.0259  0.0259  0.0258  0.0259  0.0259  0.0259  0.0258  0.0258  0.0258
  0.0265  0.0262  0.0260  0.0265  0.0263  0.0265  0.0264  0.0265  0.0262  0.0261  0.0260  0.0260
  0.0274  0.0268  0.0265  0.0278  0.0271  0.0281  0.0271  0.0275  0.0266  0.0267  0.0262  0.0264
niter,ni,del,rscale     4    3    5.0000    0.7000
parameters
    0.3485   31.8713    2.2368   -4.1547  -10.0379   -4.5045
    0.8587    6.4765   -0.3604   26.7954   -5.5303  -24.7284
eta,q 0.97424  9.40610
  0.0270  0.0267  0.0263  0.0267  0.0265  0.0266  0.0268  0.0270  0.0264  0.0264  0.0261  0.0262
  0.0263  0.0262  0.0260  0.0263  0.0261  0.0262  0.0262  0.0263  0.0260  0.0260  0.0259  0.0260
  0.0259  0.0259  0.0258  0.0260  0.0259  0.0259  0.0259  0.0259  0.0258  0.0258  0.0258  0.0258
  0.0258  0.0258  0.0258  0.0258  0.0258  0.0258  0.0258  0.0258  0.0258  0.0258  0.0258  0.0258
  0.0259  0.0259  0.0259  0.0258  0.0258  0.0258  0.0259  0.0259  0.0258  0.0258  0.0258  0.0258
  0.0264  0.0261  0.0260  0.0261  0.0260  0.0259  0.0262  0.0263  0.0260  0.0260  0.0259  0.0260
  0.0271  0.0266  0.0264  0.0269  0.0265  0.0266  0.0267  0.0270  0.0264  0.0264  0.0261  0.0263
niter,ni,del,rscale     3    3    5.0000    0.6000
parameters
    0.3520   31.8606    2.2529   -3.9608   -9.9373   -4.2076
    0.8919    6.5096   -0.3518   26.8115   -5.5193  -24.7517
eta,q 0.97427  9.42756
  0.0267  0.0264  0.0262  0.0265  0.0263  0.0264  0.0265  0.0267  0.0262  0.0262  0.0260  0.0261
  0.0262  0.0260  0.0260  0.0262  0.0260  0.0261  0.0261  0.0262  0.0259  0.0259  0.0258  0.0259
  0.0259  0.0258  0.0258  0.0259  0.0258  0.0258  0.0258  0.0259  0.0258  0.0258  0.0258  0.0258
  0.0258  0.0258  0.0258  0.0258  0.0257  0.0257  0.0257  0.0257  0.0257  0.0257  0.0257  0.0257
  0.0259  0.0258  0.0258  0.0257  0.0258  0.0257  0.0258  0.0258  0.0258  0.0258  0.0258  0.0258
  0.0262  0.0261  0.0259  0.0260  0.0259  0.0258  0.0260  0.0261  0.0259  0.0259  0.0258  0.0259
  0.0267  0.0264  0.0262  0.0265  0.0263  0.0263  0.0265  0.0267  0.0262  0.0262  0.0260  0.0261
niter,ni,del,rscale     2    3    5.0000    0.5000
parameters
    0.3580   31.8403    2.2706   -3.7867   -9.8294   -4.0031
    0.9123    6.5304   -0.3415   26.8298   -5.5093  -24.7287
eta,q 0.97429  9.44410
  0.0264  0.0262  0.0260  0.0263  0.0261  0.0262  0.0262  0.0264  0.0260  0.0260  0.0259  0.0260
  0.0260  0.0259  0.0259  0.0261  0.0259  0.0259  0.0259  0.0260  0.0259  0.0259  0.0258  0.0258
  0.0258  0.0258  0.0258  0.0259  0.0258  0.0258  0.0258  0.0258  0.0258  0.0258  0.0257  0.0258
  0.0257  0.0257  0.0257  0.0257  0.0257  0.0257  0.0257  0.0257  0.0257  0.0257  0.0257  0.0257
  0.0258  0.0258  0.0258  0.0257  0.0257  0.0257  0.0258  0.0258  0.0258  0.0257  0.0257  0.0257
  0.0260  0.0260  0.0259  0.0259  0.0259  0.0258  0.0259  0.0260  0.0259  0.0258  0.0258  0.0258
  0.0264  0.0262  0.0260  0.0263  0.0261  0.0261  0.0262  0.0264  0.0260  0.0260  0.0259  0.0260
niter,ni,del,rscale     1    3    5.0000    0.4000
parameters
    0.3670   31.8223    2.2831   -3.6499   -9.7207   -3.8576
    0.9348    6.5523   -0.3572   26.8442   -5.5032  -24.7432
eta,q 0.97429  9.45731
  0.0261  0.0260  0.0259  0.0261  0.0260  0.0260  0.0260  0.0262  0.0259  0.0259  0.0258  0.0259
  0.0259  0.0258  0.0258  0.0259  0.0258  0.0258  0.0259  0.0259  0.0258  0.0258  0.0258  0.0258
  0.0258  0.0257  0.0257  0.0258  0.0258  0.0257  0.0257  0.0258  0.0257  0.0257  0.0257  0.0257
  0.0257  0.0257  0.0257  0.0257  0.0257  0.0257  0.0257  0.0257  0.0257  0.0257  0.0257  0.0257
  0.0258  0.0258  0.0257  0.0257  0.0257  0.0257  0.0257  0.0257  0.0257  0.0257  0.0257  0.0257
  0.0259  0.0259  0.0258  0.0258  0.0258  0.0258  0.0258  0.0259  0.0258  0.0258  0.0258  0.0258
  0.0261  0.0260  0.0259  0.0261  0.0259  0.0259  0.0260  0.0261  0.0259  0.0259  0.0258  0.0259
registration optimization eta report
parameter search radius
    0.8000    0.8000    0.8000    2.4000    2.4000    2.4000
    2.4000    2.4000    2.4000    2.4000    2.4000    2.4000
100000*second partial in parameter space
       66.       45.       29.        6.        4.        4.
        6.        8.        4.        4.        2.        3.
  0.0261  0.0260  0.0259  0.0261  0.0260  0.0260  0.0260  0.0262  0.0259  0.0259  0.0258  0.0259
  0.0259  0.0258  0.0258  0.0259  0.0258  0.0258  0.0259  0.0259  0.0258  0.0258  0.0258  0.0258
  0.0258  0.0257  0.0257  0.0258  0.0258  0.0257  0.0257  0.0258  0.0257  0.0257  0.0257  0.0257
  0.0257  0.0257  0.0257  0.0257  0.0257  0.0257  0.0257  0.0257  0.0257  0.0257  0.0257  0.0257
  0.0258  0.0258  0.0257  0.0257  0.0257  0.0257  0.0257  0.0257  0.0257  0.0257  0.0257  0.0257
  0.0259  0.0259  0.0258  0.0258  0.0258  0.0258  0.0258  0.0259  0.0258  0.0258  0.0258  0.0258
  0.0261  0.0260  0.0259  0.0261  0.0259  0.0259  0.0260  0.0261  0.0259  0.0259  0.0258  0.0259
    0.3670   31.8223    2.2831   -3.6499   -9.7207   -3.8576
    0.9348    6.5523   -0.3572   26.8442   -5.5032  -24.7432
eta,q 0.97429  9.45731

---------------------------------------------------------------------
compute_vox2vox talsrcimg talsrcimg_to_711-2C_as_mni_average_305_t4 /opt/freesurfer/average/711-2C_as_mni_average_305
---------------------------------------------------------------------

freesurfer compute_vox2vox.c
Reading: talsrcimg.4dfp.ifh
Reading: talsrcimg_to_711-2C_as_mni_average_305_t4
Reading: /opt/freesurfer/average/711-2C_as_mni_average_305.4dfp.ifh
Writing: talsrcimg_to_711-2C_as_mni_average_305_t4_vox2vox.txt

start time Tue Mar 10 13:31:35 CET 2026
end		time Tue Mar 10 13:33:00 CET 2026

mpr2mni305 success

avi2talxfm orig_nu.mgz /opt/freesurfer/average/mni305.cor.mgz talsrcimg_to_711-2C_as_mni_average_305_t4_vox2vox.txt transforms/talairach.auto.xfm
avi2talxfm done
mv -f /out/sourcedata/freesurfer/sub-v2s0x30150_ses-1/mri/talsrcimg_to_711-2C_as_mni_average_305_t4_vox2vox.txt /out/sourcedata/freesurfer/sub-v2s0x30150_ses-1/mri/transforms/talsrcimg_to_711-2C_as_mni_average_305_t4_vox2vox.txt
lta_convert --src orig_nu.mgz --trg /opt/freesurfer/average/mni305.cor.mgz --inxfm transforms/talairach.auto.xfm --outlta transforms/talairach.auto.xfm.lta --subject fsaverage
7.3.2

--src: orig_nu.mgz src image (geometry).
--trg: /opt/freesurfer/average/mni305.cor.mgz trg image (geometry).
--inmni: transforms/talairach.auto.xfm input MNI/XFM transform.
--outlta: transforms/talairach.auto.xfm.lta output LTA.
--s: fsaverage subject name
 LTA read, type : 1
 1.03420  -0.06269  -0.02789   3.68735;
 0.05597   0.96279   0.26330  -25.49588;
-0.01255  -0.28653   1.02927  -8.85909;
 0.00000   0.00000   0.00000   1.00000;
setting subject to fsaverage
Writing  LTA to file transforms/talairach.auto.xfm.lta...
lta_convert successful.
 
 
Started at Tue Mar 10 13:31:34 CET 2026
Ended   at Tue Mar 10 13:33:00 CET 2026
talairach_avi done
