/out/sourcedata/freesurfer/sub-v2s0x29044_ses-1/mri
/opt/freesurfer/bin/talairach_avi
--i orig_nu.mgz --xfm transforms/talairach.auto.xfm
talairach_avi 7.3.2
Linux dna059 5.14.0-427.37.1.el9_4.x86_64 #1 SMP PREEMPT_DYNAMIC Fri Sep 13 12:41:50 EDT 2024 x86_64 x86_64 x86_64 GNU/Linux
Tue Mar 10 10:16:36 CET 2026
mri_convert orig_nu.mgz talsrcimg.img 
reading from orig_nu.mgz...
TR=0.00, TE=0.00, TI=0.00, flip angle=0.00
i_ras = (-1, 0, 0)
j_ras = (0, 0, -1)
k_ras = (0, 1, 0)
writing to talsrcimg.img...
Analyze Output Matrix
-1.00000   0.00000   0.00000   129.77406;
 0.00000   0.00000   1.00000  -94.69324;
 0.00000  -1.00000   0.00000   123.68324;
 0.00000   0.00000   0.00000   1.00000;
--------------------
INFO: set hdr.hist.orient to -1
mpr2mni305 talsrcimg
Tue Mar 10 10:16:36 CET 2026
/opt/freesurfer/bin/mpr2mni305 talsrcimg
mpr2mni305 7.3.2
target=711-2C_as_mni_average_305

---------------------------------------------------------------------
analyzeto4dfp talsrcimg -O0 -y
---------------------------------------------------------------------

freesurfer ifh2hdr.c
Tue Mar 10 10:16:36 2026
Writing: talsrcimg.4dfp.hdr
freesurfer analyzeto4dfp.c
Reading: talsrcimg.hdr
header size 348 bytes
hdr.dime.datatype	offset=70	value=2
hdr.dime.bitpix		offset=72	value=8
hdr.hist.orient		offset=252	value=-1
dimensionality     4
dimensions       256       256       256         1
Reading: talsrcimg.img
Writing: talsrcimg.4dfp.img
Writing: talsrcimg.4dfp.ifh
ifh2hdr talsrcimg -r0to253
ori=2

---------------------------------------------------------------------
gauss_4dfp talsrcimg 1.1
---------------------------------------------------------------------

freesurfer gauss_4dfp.c
Reading: talsrcimg.4dfp.img
Writing: talsrcimg_g11.4dfp.img
image dimensions 256 256 256 padded to 288 288 288
processing volume 1freesurfer ifh2hdr.c
Tue Mar 10 10:16:38 2026
Writing: talsrcimg_g11.4dfp.hdr

Writing: talsrcimg_g11.4dfp.ifh
including: talsrcimg.4dfp.img.rec in talsrcimg_g11.4dfp.img.rec

---------------------------------------------------------------------
imgreg_4dfp /opt/freesurfer/average/711-2C_as_mni_average_305 none talsrcimg_g11 none talsrcimg_to_711-2C_as_mni_average_305_t4 4355
---------------------------------------------------------------------

freesurfer imgreg_4dfp.c
/opt/freesurfer/average/711-2C_as_mni_average_305.4dfp.img
       256       256       256         1
  1.000000  1.000000  1.000000
orientation T byte_order littleendian
Reading image: /opt/freesurfer/average/711-2C_as_mni_average_305.4dfp.img
dimensions:      256       256       256
mmppix:       1.0000   -1.0000   -1.0000
center:     128.0000 -129.0000 -129.0000
talsrcimg_g11.4dfp.img
       256       256       256         1
  1.000000  1.000000  1.000000
orientation T byte_order littleendian
Reading image: talsrcimg_g11.4dfp.img
dimensions:      256       256       256
mmppix:       1.0000   -1.0000   -1.0000
center:     128.0000 -129.0000 -129.0000
t4_read: open error in t4_sub.f l:  41 t4_file(1:l)talsrcimg_to_711-2C_as_mni_average_305_t4 
t4_read: transform initialized to I4
rotation matrix determinant  1.000000
image alignment mode   4355 decimal     1103 hex
   -7.5000  -45.0000  -45.0000 5760.7310   13.3442
    0.0000  -45.0000  -45.0000 6059.4819   13.3040
    7.5000  -45.0000  -45.0000 5843.1538   13.2701
   -7.5000  -37.5000  -45.0000 6359.1816   12.9797
    0.0000  -37.5000  -45.0000 6653.4795   12.9415
    7.5000  -37.5000  -45.0000 6429.1323   12.9073
   -7.5000  -30.0000  -45.0000 7243.4888   12.7462
    0.0000  -30.0000  -45.0000 7576.5645   12.7130
    7.5000  -30.0000  -45.0000 7324.9429   12.6827
   -7.5000  -22.5000  -45.0000 8153.5571   12.5967
    0.0000  -22.5000  -45.0000 8538.2822   12.5656
    7.5000  -22.5000  -45.0000 8250.6748   12.5376
   -7.5000  -15.0000  -45.0000 9095.7031   12.5666
    0.0000  -15.0000  -45.0000 9539.0781   12.5333
    7.5000  -15.0000  -45.0000 9207.2188   12.5045
   -7.5000   -7.5000  -45.000010042.7705   12.5632
    0.0000   -7.5000  -45.000010531.7344   12.5254
    7.5000   -7.5000  -45.000010157.1182   12.4932
   -7.5000    0.0000  -45.000010955.1650   12.5558
    0.0000    0.0000  -45.000011504.3057   12.5160
    7.5000    0.0000  -45.000011083.1143   12.4819
   -7.5000    7.5000  -45.000010934.8086   12.5532
    0.0000    7.5000  -45.000011495.5293   12.5164
    7.5000    7.5000  -45.000011076.8379   12.4836
   -7.5000   15.0000  -45.000010789.4414   12.5559
    0.0000   15.0000  -45.000011353.9609   12.5234
    7.5000   15.0000  -45.000010929.4004   12.4936
   -7.5000   22.5000  -45.000010578.9326   12.5602
    0.0000   22.5000  -45.000011122.2539   12.5292
    7.5000   22.5000  -45.000010694.7891   12.5013
   -7.5000   30.0000  -45.000010332.5830   12.3992
    0.0000   30.0000  -45.000010859.6328   12.3663
    7.5000   30.0000  -45.000010445.7285   12.3378
   -7.5000   37.5000  -45.000010389.7500   12.3958
    0.0000   37.5000  -45.000010933.3730   12.3585
    7.5000   37.5000  -45.000010520.4717   12.3267
   -7.5000   45.0000  -45.0000 9957.9844   12.0739
    0.0000   45.0000  -45.000010499.1709   12.0357
    7.5000   45.0000  -45.000010075.7188   12.0029
   -7.5000  -45.0000  -37.5000 6097.1416   13.3299
    0.0000  -45.0000  -37.5000 6399.7964   13.2874
    7.5000  -45.0000  -37.5000 6190.7148   13.2497
   -7.5000  -37.5000  -37.5000 6718.7939   12.9673
    0.0000  -37.5000  -37.5000 7041.7808   12.9261
    7.5000  -37.5000  -37.5000 6806.2852   12.8900
   -7.5000  -30.0000  -37.5000 7656.9800   12.7400
    0.0000  -30.0000  -37.5000 8019.5947   12.7043
    7.5000  -30.0000  -37.5000 7745.4526   12.6722
   -7.5000  -22.5000  -37.5000 8641.3936   12.5930
    0.0000  -22.5000  -37.5000 9058.7520   12.5603
    7.5000  -22.5000  -37.5000 8748.8965   12.5295
   -7.5000  -15.0000  -37.5000 9661.5039   12.5601
    0.0000  -15.0000  -37.500010144.2422   12.5260
    7.5000  -15.0000  -37.5000 9783.7803   12.4935
   -7.5000   -7.5000  -37.500010660.6357   12.5512
    0.0000   -7.5000  -37.500011196.6289   12.5120
    7.5000   -7.5000  -37.500010800.6484   12.4764
   -7.5000    0.0000  -37.500011630.2881   12.5411
    0.0000    0.0000  -37.500012222.7695   12.4992
    7.5000    0.0000  -37.500011763.3750   12.4623
   -7.5000    7.5000  -37.500011599.3564   12.5419
    0.0000    7.5000  -37.500012191.9639   12.5024
    7.5000    7.5000  -37.500011744.8652   12.4678
   -7.5000   15.0000  -37.500011447.3379   12.5505
    0.0000   15.0000  -37.500012041.9756   12.5155
    7.5000   15.0000  -37.500011589.4639   12.4839
   -7.5000   22.5000  -37.500011210.0361   12.5570
    0.0000   22.5000  -37.500011802.7705   12.5244
    7.5000   22.5000  -37.500011336.0527   12.4937
   -7.5000   30.0000  -37.500010912.3369   12.3927
    0.0000   30.0000  -37.500011511.2529   12.3591
    7.5000   30.0000  -37.500011060.0586   12.3270
   -7.5000   37.5000  -37.500010956.8789   12.3839
    0.0000   37.5000  -37.500011578.2480   12.3453
    7.5000   37.5000  -37.500011122.8252   12.3101
   -7.5000   45.0000  -37.500010498.5830   12.0598
    0.0000   45.0000  -37.500011094.3623   12.0195
    7.5000   45.0000  -37.500010644.9434   11.9840
   -7.5000  -45.0000  -30.0000 6527.3691   13.8922
    0.0000  -45.0000  -30.0000 6848.5620   13.8429
    7.5000  -45.0000  -30.0000 6621.5664   13.8016
   -7.5000  -37.5000  -30.0000 7200.0454   13.5114
    0.0000  -37.5000  -30.0000 7555.3301   13.4640
    7.5000  -37.5000  -30.0000 7293.5259   13.4253
   -7.5000  -30.0000  -30.0000 8232.1494   13.2818
    0.0000  -30.0000  -30.0000 8624.2861   13.2411
    7.5000  -30.0000  -30.0000 8328.3564   13.2059
   -7.5000  -22.5000  -30.0000 9306.3447   13.1358
    0.0000  -22.5000  -30.0000 9750.5625   13.0990
    7.5000  -22.5000  -30.0000 9414.9932   13.0646
   -7.5000  -15.0000  -30.000010381.8457   13.1028
    0.0000  -15.0000  -30.000010907.3770   13.0644
    7.5000  -15.0000  -30.000010522.5537   13.0283
   -7.5000   -7.5000  -30.000011445.5361   13.0862
    0.0000   -7.5000  -30.000012027.0078   13.0418
    7.5000   -7.5000  -30.000011607.0742   13.0032
   -7.5000    0.0000  -30.000012475.3818   13.0681
    0.0000    0.0000  -30.000013125.9414   13.0202
    7.5000    0.0000  -30.000012642.5703   12.9811
   -7.5000    7.5000  -30.000012454.0127   13.0685
    0.0000    7.5000  -30.000013104.0352   13.0233
    7.5000    7.5000  -30.000012627.8945   12.9863
   -7.5000   15.0000  -30.000012279.5908   13.0846
    0.0000   15.0000  -30.000012932.2109   13.0447
    7.5000   15.0000  -30.000012451.2539   13.0101
   -7.5000   22.5000  -30.000012019.2324   13.0977
    0.0000   22.5000  -30.000012677.2217   13.0610
    7.5000   22.5000  -30.000012175.4824   13.0267
   -7.5000   30.0000  -30.000011696.1094   12.9294
    0.0000   30.0000  -30.000012357.0820   12.8915
    7.5000   30.0000  -30.000011861.4424   12.8559
   -7.5000   37.5000  -30.000011724.6738   12.9130
    0.0000   37.5000  -30.000012410.3740   12.8692
    7.5000   37.5000  -30.000011919.8223   12.8311
   -7.5000   45.0000  -30.000011190.2354   12.5758
    0.0000   45.0000  -30.000011845.9014   12.5296
    7.5000   45.0000  -30.000011371.0508   12.4920
   -7.5000  -45.0000  -22.5000 6952.6089   14.3643
    0.0000  -45.0000  -22.5000 7297.0386   14.3111
    7.5000  -45.0000  -22.5000 7051.0400   14.2717
   -7.5000  -37.5000  -22.5000 7710.0781   13.9659
    0.0000  -37.5000  -22.5000 8066.9404   13.9157
    7.5000  -37.5000  -22.5000 7801.7246   13.8781
   -7.5000  -30.0000  -22.5000 8823.8848   13.7289
    0.0000  -30.0000  -22.5000 9231.3750   13.6861
    7.5000  -30.0000  -22.5000 8923.2920   13.6508
   -7.5000  -22.5000  -22.5000 9958.0352   13.5829
    0.0000  -22.5000  -22.500010449.3711   13.5440
    7.5000  -22.5000  -22.500010084.0176   13.5097
   -7.5000  -15.0000  -22.500011094.4453   13.5535
    0.0000  -15.0000  -22.500011677.9932   13.5125
    7.5000  -15.0000  -22.500011261.2891   13.4775
   -7.5000   -7.5000  -22.500012212.5322   13.5358
    0.0000   -7.5000  -22.500012858.0176   13.4882
    7.5000   -7.5000  -22.500012385.9707   13.4516
   -7.5000    0.0000  -22.500013287.0000   13.5126
    0.0000    0.0000  -22.500014006.6260   13.4615
    7.5000    0.0000  -22.500013486.6855   13.4246
   -7.5000    7.5000  -22.500013268.6260   13.5083
    0.0000    7.5000  -22.500013993.5967   13.4606
    7.5000    7.5000  -22.500013480.9404   13.4246
   -7.5000   15.0000  -22.500013077.1953   13.5250
    0.0000   15.0000  -22.500013777.0908   13.4830
    7.5000   15.0000  -22.500013276.3584   13.4482
   -7.5000   22.5000  -22.500012779.0508   13.5429
    0.0000   22.5000  -22.500013518.7256   13.5041
    7.5000   22.5000  -22.500012998.8115   13.4699
   -7.5000   30.0000  -22.500012436.9023   13.3762
    0.0000   30.0000  -22.500013176.8770   13.3357
    7.5000   30.0000  -22.500012656.3066   13.3012
   -7.5000   37.5000  -22.500012507.4766   13.3588
    0.0000   37.5000  -22.500013260.4404   13.3117
    7.5000   37.5000  -22.500012733.2451   13.2757
   -7.5000   45.0000  -22.500011892.5166   13.0133
    0.0000   45.0000  -22.500012595.0791   12.9641
    7.5000   45.0000  -22.500012092.0498   12.9285
   -7.5000  -45.0000  -15.0000 7377.4199   14.7021
    0.0000  -45.0000  -15.0000 7731.6099   14.6498
    7.5000  -45.0000  -15.0000 7467.9229   14.6137
   -7.5000  -37.5000  -15.0000 8206.5107   14.2925
    0.0000  -37.5000  -15.0000 8584.2197   14.2438
    7.5000  -37.5000  -15.0000 8290.8789   14.2080
   -7.5000  -30.0000  -15.0000 9396.1328   14.0446
    0.0000  -30.0000  -15.0000 9841.1348   14.0032
    7.5000  -30.0000  -15.0000 9498.1211   13.9693
   -7.5000  -22.5000  -15.000010605.9023   13.8941
    0.0000  -22.5000  -15.000011164.4990   13.8559
    7.5000  -22.5000  -15.000010764.1699   13.8241
   -7.5000  -15.0000  -15.000011810.4775   13.8678
    0.0000  -15.0000  -15.000012443.9287   13.8269
    7.5000  -15.0000  -15.000012006.4502   13.7952
   -7.5000   -7.5000  -15.000012977.0879   13.8550
    0.0000   -7.5000  -15.000013668.0654   13.8077
    7.5000   -7.5000  -15.000013177.0342   13.7743
   -7.5000    0.0000  -15.000014109.4404   13.8328
    0.0000    0.0000  -15.000014853.9395   13.7826
    7.5000    0.0000  -15.000014314.5146   13.7480
   -7.5000    7.5000  -15.000014108.2520   13.8242
    0.0000    7.5000  -15.000014867.0996   13.7778
    7.5000    7.5000  -15.000014335.1445   13.7434
   -7.5000   15.0000  -15.000013855.8809   13.8356
    0.0000   15.0000  -15.000014618.7598   13.7949
    7.5000   15.0000  -15.000014092.8691   13.7616
   -7.5000   22.5000  -15.000013520.0469   13.8520
    0.0000   22.5000  -15.000014312.7578   13.8140
    7.5000   22.5000  -15.000013770.3496   13.7823
   -7.5000   30.0000  -15.000013156.6006   13.6883
    0.0000   30.0000  -15.000013946.7588   13.6479
    7.5000   30.0000  -15.000013407.1387   13.6167
   -7.5000   37.5000  -15.000013234.3271   13.6757
    0.0000   37.5000  -15.000014044.4609   13.6290
    7.5000   37.5000  -15.000013487.7402   13.5960
   -7.5000   45.0000  -15.000012583.5176   13.3297
    0.0000   45.0000  -15.000013310.8643   13.2814
    7.5000   45.0000  -15.000012780.1182   13.2480
   -7.5000  -45.0000   -7.5000 7807.5420   14.8750
    0.0000  -45.0000   -7.5000 8177.8042   14.8271
    7.5000  -45.0000   -7.5000 7910.6567   14.7915
   -7.5000  -37.5000   -7.5000 8707.2783   14.4641
    0.0000  -37.5000   -7.5000 9104.3301   14.4195
    7.5000  -37.5000   -7.5000 8799.3770   14.3832
   -7.5000  -30.0000   -7.5000 9966.8135   14.2062
    0.0000  -30.0000   -7.500010462.7188   14.1681
    7.5000  -30.0000   -7.500010097.4414   14.1349
   -7.5000  -22.5000   -7.500011280.5625   14.0465
    0.0000  -22.5000   -7.500011890.5801   14.0106
    7.5000  -22.5000   -7.500011450.8730   13.9803
   -7.5000  -15.0000   -7.500012568.9785   14.0183
    0.0000  -15.0000   -7.500013257.7021   13.9793
    7.5000  -15.0000   -7.500012761.1533   13.9490
   -7.5000   -7.5000   -7.500013784.2432   14.0124
    0.0000   -7.5000   -7.500014537.9258   13.9678
    7.5000   -7.5000   -7.500013998.7979   13.9347
   -7.5000    0.0000   -7.500014970.5840   13.9976
    0.0000    0.0000   -7.500015779.3164   13.9510
    7.5000    0.0000   -7.500015192.0762   13.9156
   -7.5000    7.5000   -7.500014979.9219   13.9898
    0.0000    7.5000   -7.500015802.6543   13.9471
    7.5000    7.5000   -7.500015236.4453   13.9122
   -7.5000   15.0000   -7.500014736.5693   13.9945
    0.0000   15.0000   -7.500015576.7246   13.9571
    7.5000   15.0000   -7.500015029.0244   13.9244
   -7.5000   22.5000   -7.500014359.6143   14.0017
    0.0000   22.5000   -7.500015188.2314   13.9660
    7.5000   22.5000   -7.500014628.9473   13.9357
   -7.5000   30.0000   -7.500013917.8926   13.8365
    0.0000   30.0000   -7.500014718.0059   13.7980
    7.5000   30.0000   -7.500014147.0283   13.7681
   -7.5000   37.5000   -7.500013967.9863   13.8306
    0.0000   37.5000   -7.500014762.8018   13.7867
    7.5000   37.5000   -7.500014197.7158   13.7540
   -7.5000   45.0000   -7.500013270.8652   13.4910
    0.0000   45.0000   -7.500014009.1221   13.4461
    7.5000   45.0000   -7.500013485.4678   13.4120
   -7.5000  -45.0000    0.0000 8167.5493   14.9110
    0.0000  -45.0000    0.0000 8564.2070   14.8662
    7.5000  -45.0000    0.0000 8264.9062   14.8284
   -7.5000  -37.5000    0.0000 9156.5430   14.5041
    0.0000  -37.5000    0.0000 9580.2920   14.4615
    7.5000  -37.5000    0.0000 9253.5381   14.4234
   -7.5000  -30.0000    0.000010499.4023   14.2433
    0.0000  -30.0000    0.000011016.1846   14.2063
    7.5000  -30.0000    0.000010634.6445   14.1725
   -7.5000  -22.5000    0.000011866.8145   14.0765
    0.0000  -22.5000    0.000012480.7207   14.0418
    7.5000  -22.5000    0.000012019.4229   14.0106
   -7.5000  -15.0000    0.000013195.3350   14.0431
    0.0000  -15.0000    0.000013921.8398   14.0058
    7.5000  -15.0000    0.000013390.9141   13.9737
   -7.5000   -7.5000    0.000014448.6484   14.0394
    0.0000   -7.5000    0.000015274.8643   13.9973
    7.5000   -7.5000    0.000014685.4736   13.9614
   -7.5000    0.0000    0.000015704.6172   14.0312
    0.0000    0.0000    0.000016562.5684   13.9869
    7.5000    0.0000    0.000015945.7852   13.9489
   -7.5000    7.5000    0.000015784.5615   14.0282
    0.0000    7.5000    0.000016697.9844   13.9871
    7.5000    7.5000    0.000016076.6875   13.9506
   -7.5000   15.0000    0.000015636.7041   14.0310
    0.0000   15.0000    0.000016577.2773   13.9947
    7.5000   15.0000    0.000015993.5332   13.9615
   -7.5000   22.5000    0.000015234.6094   14.0312
    0.0000   22.5000    0.000015993.7275   13.9966
    7.5000   22.5000    0.000015476.8926   13.9655
   -7.5000   30.0000    0.000014720.1865   13.8613
    0.0000   30.0000    0.000015398.4570   13.8246
    7.5000   30.0000    0.000014887.0420   13.7929
   -7.5000   37.5000    0.000014764.6660   13.8577
    0.0000   37.5000    0.000015489.7520   13.8161
    7.5000   37.5000    0.000014940.8389   13.7807
   -7.5000   45.0000    0.000014011.0156   13.5245
    0.0000   45.0000    0.000014743.1758   13.4818
    7.5000   45.0000    0.000014215.8066   13.4452
   -7.5000  -45.0000    7.5000 7871.2373   14.9165
    0.0000  -45.0000    7.5000 8265.3174   14.8689
    7.5000  -45.0000    7.5000 7985.2192   14.8267
   -7.5000  -37.5000    7.5000 8820.5332   14.5108
    0.0000  -37.5000    7.5000 9262.0986   14.4647
    7.5000  -37.5000    7.5000 8952.2598   14.4242
   -7.5000  -30.0000    7.500010155.8418   14.2564
    0.0000  -30.0000    7.500010678.6074   14.2165
    7.5000  -30.0000    7.500010303.3984   14.1805
   -7.5000  -22.5000    7.500011499.1807   14.0920
    0.0000  -22.5000    7.500012082.0996   14.0553
    7.5000  -22.5000    7.500011651.6465   14.0208
   -7.5000  -15.0000    7.500012793.7129   14.0551
    0.0000  -15.0000    7.500013471.5684   14.0169
    7.5000  -15.0000    7.500012970.0205   13.9805
   -7.5000   -7.5000    7.500014002.1309   14.0451
    0.0000   -7.5000    7.500014783.5596   14.0013
    7.5000   -7.5000    7.500014213.2246   13.9614
   -7.5000    0.0000    7.500015217.6074   14.0338
    0.0000    0.0000    7.500016052.0693   13.9869
    7.5000    0.0000    7.500015458.9707   13.9457
   -7.5000    7.5000    7.500015319.9844   14.0347
    0.0000    7.5000    7.500016236.1846   13.9906
    7.5000    7.5000    7.500015666.7363   13.9518
   -7.5000   15.0000    7.500015278.8750   14.0444
    0.0000   15.0000    7.500016131.4600   14.0052
    7.5000   15.0000    7.500015633.7822   13.9698
   -7.5000   22.5000    7.500014959.4014   14.0471
    0.0000   22.5000    7.500015598.5059   14.0106
    7.5000   22.5000    7.500015177.0176   13.9763
   -7.5000   30.0000    7.500014492.8301   13.8732
    0.0000   30.0000    7.500015120.1729   13.8355
    7.5000   30.0000    7.500014636.5303   13.7996
   -7.5000   37.5000    7.500014504.8496   13.8633
    0.0000   37.5000    7.500015232.8066   13.8201
    7.5000   37.5000    7.500014658.6602   13.7807
   -7.5000   45.0000    7.500013707.9102   13.5270
    0.0000   45.0000    7.500014432.0469   13.4818
    7.5000   45.0000    7.500013863.9980   13.4420
   -7.5000  -45.0000   15.0000 7478.3452   14.9179
    0.0000  -45.0000   15.0000 7875.6743   14.8650
    7.5000  -45.0000   15.0000 7602.6284   14.8206
   -7.5000  -37.5000   15.0000 8434.2471   14.5090
    0.0000  -37.5000   15.0000 8858.2373   14.4581
    7.5000  -37.5000   15.0000 8565.2295   14.4166
   -7.5000  -30.0000   15.0000 9733.2422   14.2625
    0.0000  -30.0000   15.000010223.9863   14.2188
    7.5000  -30.0000   15.0000 9884.0605   14.1810
   -7.5000  -22.5000   15.000011014.5264   14.1057
    0.0000  -22.5000   15.000011551.0312   14.0662
    7.5000  -22.5000   15.000011169.9658   14.0292
   -7.5000  -15.0000   15.000012231.4473   14.0702
    0.0000  -15.0000   15.000012859.0342   14.0290
    7.5000  -15.0000   15.000012421.4951   13.9902
   -7.5000   -7.5000   15.000013400.3223   14.0524
    0.0000   -7.5000   15.000014086.2842   14.0047
    7.5000   -7.5000   15.000013587.2256   13.9633
   -7.5000    0.0000   15.000014578.9014   14.0330
    0.0000    0.0000   15.000015338.7891   13.9815
    7.5000    0.0000   15.000014799.5762   13.9395
   -7.5000    7.5000   15.000014615.9619   14.0334
    0.0000    7.5000   15.000015487.2607   13.9849
    7.5000    7.5000   15.000014929.2070   13.9452
   -7.5000   15.0000   15.000014507.0645   14.0507
    0.0000   15.0000   15.000015372.3896   14.0079
    7.5000   15.0000   15.000014792.1650   13.9707
   -7.5000   22.5000   15.000014239.7598   14.0617
    0.0000   22.5000   15.000015007.6807   14.0223
    7.5000   22.5000   15.000014429.6367   13.9855
   -7.5000   30.0000   15.000013842.2422   13.8881
    0.0000   30.0000   15.000014615.3174   13.8474
    7.5000   30.0000   15.000014034.6230   13.8092
   -7.5000   37.5000   15.000013890.8975   13.8705
    0.0000   37.5000   15.000014666.8076   13.8235
    7.5000   37.5000   15.000014051.6328   13.7826
   -7.5000   45.0000   15.000013119.3145   13.5262
    0.0000   45.0000   15.000013795.0469   13.4766
    7.5000   45.0000   15.000013256.8896   13.4361
   -7.5000  -45.0000   22.5000 7013.5625   14.9115
    0.0000  -45.0000   22.5000 7375.5415   14.8563
    7.5000  -45.0000   22.5000 7139.2529   14.8155
   -7.5000  -37.5000   22.5000 7928.1401   14.4979
    0.0000  -37.5000   22.5000 8310.5635   14.4459
    7.5000  -37.5000   22.5000 8045.7583   14.4068
   -7.5000  -30.0000   22.5000 9136.8154   14.2519
    0.0000  -30.0000   22.5000 9612.0635   14.2075
    7.5000  -30.0000   22.5000 9295.0391   14.1708
   -7.5000  -22.5000   22.500010338.5996   14.1004
    0.0000  -22.5000   22.500010899.7129   14.0599
    7.5000  -22.5000   22.500010524.6396   14.0244
   -7.5000  -15.0000   22.500011508.7734   14.0698
    0.0000  -15.0000   22.500012150.8018   14.0273
    7.5000  -15.0000   22.500011715.2832   13.9909
   -7.5000   -7.5000   22.500012647.3467   14.0515
    0.0000   -7.5000   22.500013359.2451   14.0020
    7.5000   -7.5000   22.500012859.0693   13.9641
   -7.5000    0.0000   22.500013776.3467   14.0274
    0.0000    0.0000   22.500014551.9775   13.9744
    7.5000    0.0000   22.500014035.0322   13.9360
   -7.5000    7.5000   22.500013807.9346   14.0229
    0.0000    7.5000   22.500014587.5898   13.9734
    7.5000    7.5000   22.500014066.1973   13.9360
   -7.5000   15.0000   22.500013650.2441   14.0403
    0.0000   15.0000   22.500014359.0918   13.9966
    7.5000   15.0000   22.500013816.2432   13.9606
   -7.5000   22.5000   22.500013338.5479   14.0566
    0.0000   22.5000   22.500013947.3594   14.0164
    7.5000   22.5000   22.500013434.2754   13.9809
   -7.5000   30.0000   22.500012967.2109   13.8877
    0.0000   30.0000   22.500013559.7744   13.8457
    7.5000   30.0000   22.500013067.5000   13.8099
   -7.5000   37.5000   22.500013058.6396   13.8696
    0.0000   37.5000   22.500013672.1670   13.8208
    7.5000   37.5000   22.500013162.4092   13.7834
   -7.5000   45.0000   22.500012378.6885   13.5208
    0.0000   45.0000   22.500012953.4766   13.4697
    7.5000   45.0000   22.500012488.7783   13.4327
   -7.5000  -45.0000   30.0000 6453.3975   14.9646
    0.0000  -45.0000   30.0000 6795.3755   14.9112
    7.5000  -45.0000   30.0000 6566.4644   14.8746
   -7.5000  -37.5000   30.0000 7290.1704   14.5460
    0.0000  -37.5000   30.0000 7680.5142   14.4964
    7.5000  -37.5000   30.0000 7421.8066   14.4599
   -7.5000  -30.0000   30.0000 8416.0947   14.2927
    0.0000  -30.0000   30.0000 8881.3525   14.2505
    7.5000  -30.0000   30.0000 8581.2002   14.2161
   -7.5000  -22.5000   30.0000 9561.6865   14.1390
    0.0000  -22.5000   30.000010087.4805   14.1000
    7.5000  -22.5000   30.0000 9735.1797   14.0677
   -7.5000  -15.0000   30.000010659.5859   14.1121
    0.0000  -15.0000   30.000011257.1855   14.0704
    7.5000  -15.0000   30.000010854.8916   14.0382
   -7.5000   -7.5000   30.000011734.0996   14.0990
    0.0000   -7.5000   30.000012394.5420   14.0508
    7.5000   -7.5000   30.000011936.2998   14.0169
   -7.5000    0.0000   30.000012783.9727   14.0764
    0.0000    0.0000   30.000013476.6973   14.0252
    7.5000    0.0000   30.000012997.6035   13.9900
   -7.5000    7.5000   30.000012806.6172   14.0676
    0.0000    7.5000   30.000013472.7021   14.0203
    7.5000    7.5000   30.000012999.8311   13.9853
   -7.5000   15.0000   30.000012641.7666   14.0793
    0.0000   15.0000   30.000013223.7383   14.0378
    7.5000   15.0000   30.000012740.1807   14.0039
   -7.5000   22.5000   30.000012335.2607   14.0945
    0.0000   22.5000   30.000012847.1582   14.0557
    7.5000   22.5000   30.000012374.1035   14.0235
   -7.5000   30.0000   30.000011995.1885   13.9294
    0.0000   30.0000   30.000012478.0439   13.8883
    7.5000   30.0000   30.000012035.7949   13.8566
   -7.5000   37.5000   30.000012085.6250   13.9166
    0.0000   37.5000   30.000012601.3555   13.8690
    7.5000   37.5000   30.000012133.6729   13.8355
   -7.5000   45.0000   30.000011522.0332   13.5680
    0.0000   45.0000   30.000012015.6035   13.5187
    7.5000   45.0000   30.000011575.5957   13.4848
   -7.5000  -45.0000   37.5000 6151.9009   15.1798
    0.0000  -45.0000   37.5000 6478.6611   15.1302
    7.5000  -45.0000   37.5000 6258.9360   15.0939
   -7.5000  -37.5000   37.5000 6940.5859   14.7525
    0.0000  -37.5000   37.5000 7309.1567   14.7065
    7.5000  -37.5000   37.5000 7067.9629   14.6695
   -7.5000  -30.0000   37.5000 8026.6382   14.4846
    0.0000  -30.0000   37.5000 8441.4893   14.4453
    7.5000  -30.0000   37.5000 8168.3398   14.4114
   -7.5000  -22.5000   37.5000 9139.4756   14.3190
    0.0000  -22.5000   37.5000 9601.8418   14.2821
    7.5000  -22.5000   37.5000 9270.8125   14.2510
   -7.5000  -15.0000   37.500010193.9375   14.2902
    0.0000  -15.0000   37.500010746.3525   14.2500
    7.5000  -15.0000   37.500010357.6855   14.2189
   -7.5000   -7.5000   37.500011239.0869   14.2843
    0.0000   -7.5000   37.500011849.6582   14.2383
    7.5000   -7.5000   37.500011417.0684   14.2044
   -7.5000    0.0000   37.500012237.7607   14.2689
    0.0000    0.0000   37.500012879.8857   14.2207
    7.5000    0.0000   37.500012413.9463   14.1847
   -7.5000    7.5000   37.500012259.1475   14.2604
    0.0000    7.5000   37.500012878.9668   14.2163
    7.5000    7.5000   37.500012404.9453   14.1808
   -7.5000   15.0000   37.500012097.2715   14.2650
    0.0000   15.0000   37.500012637.2842   14.2264
    7.5000   15.0000   37.500012183.5557   14.1931
   -7.5000   22.5000   37.500011804.8398   14.2727
    0.0000   22.5000   37.500012295.5146   14.2359
    7.5000   22.5000   37.500011857.2500   14.2049
   -7.5000   30.0000   37.500011479.4336   14.1052
    0.0000   30.0000   37.500011958.4404   14.0656
    7.5000   30.0000   37.500011530.1201   14.0349
   -7.5000   37.5000   37.500011561.6035   14.0994
    0.0000   37.5000   37.500012050.6719   14.0541
    7.5000   37.5000   37.500011610.1035   14.0206
   -7.5000   45.0000   37.500011063.1230   13.7535
    0.0000   45.0000   37.500011528.0107   13.7072
    7.5000   45.0000   37.500011107.1963   13.6724
   -7.5000  -45.0000   45.0000 5625.5659   15.4828
    0.0000  -45.0000   45.0000 5921.9497   15.4332
    7.5000  -45.0000   45.0000 5715.8003   15.3906
   -7.5000  -37.5000   45.0000 6335.3770   15.0431
    0.0000  -37.5000   45.0000 6665.8945   14.9956
    7.5000  -37.5000   45.0000 6445.3052   14.9531
   -7.5000  -30.0000   45.0000 7324.4717   14.7611
    0.0000  -30.0000   45.0000 7693.5107   14.7198
    7.5000  -30.0000   45.0000 7442.0376   14.6819
   -7.5000  -22.5000   45.0000 8349.9521   14.5797
    0.0000  -22.5000   45.0000 8778.6904   14.5412
    7.5000  -22.5000   45.0000 8463.4971   14.5060
   -7.5000  -15.0000   45.0000 9337.2617   14.5421
    0.0000  -15.0000   45.0000 9856.3721   14.5012
    7.5000  -15.0000   45.0000 9478.0303   14.4649
   -7.5000   -7.5000   45.000010292.8438   14.5381
    0.0000   -7.5000   45.000010860.0830   14.4919
    7.5000   -7.5000   45.000010457.7676   14.4518
   -7.5000    0.0000   45.000011191.3213   14.5305
    0.0000    0.0000   45.000011786.0547   14.4818
    7.5000    0.0000   45.000011359.3555   14.4395
   -7.5000    7.5000   45.000011218.2842   14.5285
    0.0000    7.5000   45.000011786.9082   14.4829
    7.5000    7.5000   45.000011348.2549   14.4423
   -7.5000   15.0000   45.000011077.3926   14.5318
    0.0000   15.0000   45.000011582.6924   14.4913
    7.5000   15.0000   45.000011162.1094   14.4541
   -7.5000   22.5000   45.000010801.8828   14.5311
    0.0000   22.5000   45.000011278.6367   14.4927
    7.5000   22.5000   45.000010882.9619   14.4577
   -7.5000   30.0000   45.000010490.7842   14.3526
    0.0000   30.0000   45.000010942.1475   14.3122
    7.5000   30.0000   45.000010573.0352   14.2765
   -7.5000   37.5000   45.000010566.0684   14.3487
    0.0000   37.5000   45.000011025.5068   14.3032
    7.5000   37.5000   45.000010640.5029   14.2635
   -7.5000   45.0000   45.000010152.6943   14.0121
    0.0000   45.0000   45.000010611.6475   13.9651
    7.5000   45.0000   45.000010226.3086   13.9243

---------------------------------------------------------------------
imgreg_4dfp /opt/freesurfer/average/711-2C_as_mni_average_305 /opt/freesurfer/average/711-2B_as_mni_average_305_mask talsrcimg_g11 none talsrcimg_to_711-2C_as_mni_average_305_t4 4355
---------------------------------------------------------------------

freesurfer imgreg_4dfp.c
/opt/freesurfer/average/711-2C_as_mni_average_305.4dfp.img
       256       256       256         1
  1.000000  1.000000  1.000000
orientation T byte_order littleendian
Reading image: /opt/freesurfer/average/711-2C_as_mni_average_305.4dfp.img
dimensions:      256       256       256
mmppix:       1.0000   -1.0000   -1.0000
center:     128.0000 -129.0000 -129.0000
/opt/freesurfer/average/711-2B_as_mni_average_305_mask.4dfp.img
       256       256       256         1
  1.000000  1.000000  1.000000
orientation T byte_order littleendian
Reading mask: /opt/freesurfer/average/711-2B_as_mni_average_305_mask.4dfp.img (2306576 pixels)
talsrcimg_g11.4dfp.img
       256       256       256         1
  1.000000  1.000000  1.000000
orientation T byte_order littleendian
Reading image: talsrcimg_g11.4dfp.img
dimensions:      256       256       256
mmppix:       1.0000   -1.0000   -1.0000
center:     128.0000 -129.0000 -129.0000
rotation matrix determinant  1.000000
image alignment mode   4355 decimal     1103 hex
   -7.5000  -37.5000  -45.0000 1761.2496   18.9888
    0.0000  -37.5000  -45.0000 1774.1903   18.8080
    7.5000  -37.5000  -45.0000 1771.0056   18.9807
   -7.5000  -30.0000  -45.0000 1889.2026   16.6830
    0.0000  -30.0000  -45.0000 1902.3748   16.4546
    7.5000  -30.0000  -45.0000 1901.0927   16.6105
   -7.5000  -22.5000  -45.0000 2009.6685   14.8946
    0.0000  -22.5000  -45.0000 2024.7559   14.6900
    7.5000  -22.5000  -45.0000 2023.9020   14.7968
   -7.5000  -15.0000  -45.0000 2112.8455   13.5032
    0.0000  -15.0000  -45.0000 2132.0522   13.3412
    7.5000  -15.0000  -45.0000 2130.6006   13.4342
   -7.5000   -7.5000  -45.0000 2207.0623   12.4415
    0.0000   -7.5000  -45.0000 2226.0518   12.3249
    7.5000   -7.5000  -45.0000 2223.2322   12.3983
   -7.5000    0.0000  -45.0000 2274.2861   11.6475
    0.0000    0.0000  -45.0000 2299.4180   11.5458
    7.5000    0.0000  -45.0000 2292.7366   11.6207
   -7.5000    7.5000  -45.0000 2305.2781   11.1341
    0.0000    7.5000  -45.0000 2327.3525   11.0394
    7.5000    7.5000  -45.0000 2322.5811   11.0961
   -7.5000   15.0000  -45.0000 2322.7275   10.8431
    0.0000   15.0000  -45.0000 2342.6870   10.7240
    7.5000   15.0000  -45.0000 2335.8918   10.7915
   -7.5000   22.5000  -45.0000 2326.8809   10.7733
    0.0000   22.5000  -45.0000 2347.3118   10.6426
    7.5000   22.5000  -45.0000 2338.8240   10.6937
   -7.5000   30.0000  -45.0000 2312.3896   10.9775
    0.0000   30.0000  -45.0000 2334.7732   10.8324
    7.5000   30.0000  -45.0000 2326.6179   10.8691
   -7.5000   37.5000  -45.0000 2280.2837   11.3766
    0.0000   37.5000  -45.0000 2305.3411   11.2154
    7.5000   37.5000  -45.0000 2296.3643   11.2630
   -7.5000   45.0000  -45.0000 2228.9395   12.0179
    0.0000   45.0000  -45.0000 2257.6084   11.8377
    7.5000   45.0000  -45.0000 2250.1038   11.8792
   -7.5000   52.5000  -45.0000 2146.1479   12.7663
    0.0000   52.5000  -45.0000 2168.4919   12.5662
    7.5000   52.5000  -45.0000 2162.1987   12.6284
   -7.5000  -37.5000  -37.5000 1814.2561   17.7956
    0.0000  -37.5000  -37.5000 1824.2842   17.6144
    7.5000  -37.5000  -37.5000 1827.5804   17.7593
   -7.5000  -30.0000  -37.5000 1946.0128   15.6221
    0.0000  -30.0000  -37.5000 1959.6625   15.4592
    7.5000  -30.0000  -37.5000 1961.8884   15.5665
   -7.5000  -22.5000  -37.5000 2074.6013   13.9459
    0.0000  -22.5000  -37.5000 2093.9661   13.7928
    7.5000  -22.5000  -37.5000 2093.4270   13.8688
   -7.5000  -15.0000  -37.5000 2189.3721   12.6351
    0.0000  -15.0000  -37.5000 2212.6726   12.4931
    7.5000  -15.0000  -37.5000 2210.5024   12.5736
   -7.5000   -7.5000  -37.5000 2288.8848   11.5872
    0.0000   -7.5000  -37.5000 2313.9387   11.4628
    7.5000   -7.5000  -37.5000 2313.0068   11.5599
   -7.5000    0.0000  -37.5000 2363.6157   10.8343
    0.0000    0.0000  -37.5000 2391.7263   10.7138
    7.5000    0.0000  -37.5000 2383.5076   10.7940
   -7.5000    7.5000  -37.5000 2401.8501   10.3207
    0.0000    7.5000  -37.5000 2427.2786   10.2148
    7.5000    7.5000  -37.5000 2419.4314   10.2783
   -7.5000   15.0000  -37.5000 2427.7173   10.0192
    0.0000   15.0000  -37.5000 2451.3450    9.9238
    7.5000   15.0000  -37.5000 2442.2188    9.9672
   -7.5000   22.5000  -37.5000 2437.0425    9.9631
    0.0000   22.5000  -37.5000 2461.9277    9.8571
    7.5000   22.5000  -37.5000 2451.0894    9.8940
   -7.5000   30.0000  -37.5000 2416.8064   10.1406
    0.0000   30.0000  -37.5000 2446.0403   10.0225
    7.5000   30.0000  -37.5000 2437.7434   10.0575
   -7.5000   37.5000  -37.5000 2383.0234   10.4913
    0.0000   37.5000  -37.5000 2414.4854   10.3677
    7.5000   37.5000  -37.5000 2403.6228   10.4002
   -7.5000   45.0000  -37.5000 2332.2546   11.0585
    0.0000   45.0000  -37.5000 2363.4250   10.9190
    7.5000   45.0000  -37.5000 2356.9983   10.9478
   -7.5000   52.5000  -37.5000 2242.7002   11.7502
    0.0000   52.5000  -37.5000 2268.3145   11.5907
    7.5000   52.5000  -37.5000 2261.3596   11.6466
   -7.5000  -37.5000  -30.0000 1891.7096   17.3844
    0.0000  -37.5000  -30.0000 1908.5315   17.1730
    7.5000  -37.5000  -30.0000 1909.0924   17.3179
   -7.5000  -30.0000  -30.0000 2033.6097   15.2309
    0.0000  -30.0000  -30.0000 2053.1948   15.0540
    7.5000  -30.0000  -30.0000 2053.7493   15.1432
   -7.5000  -22.5000  -30.0000 2175.6460   13.5716
    0.0000  -22.5000  -30.0000 2196.0208   13.4223
    7.5000  -22.5000  -30.0000 2194.3469   13.4963
   -7.5000  -15.0000  -30.0000 2296.4414   12.2608
    0.0000  -15.0000  -30.0000 2323.6067   12.1292
    7.5000  -15.0000  -30.0000 2323.4810   12.2067
   -7.5000   -7.5000  -30.0000 2401.2656   11.2116
    0.0000   -7.5000  -30.0000 2431.0835   11.0984
    7.5000   -7.5000  -30.0000 2430.2178   11.1602
   -7.5000    0.0000  -30.0000 2487.4495   10.4495
    0.0000    0.0000  -30.0000 2516.1208   10.3260
    7.5000    0.0000  -30.0000 2510.5828   10.3767
   -7.5000    7.5000  -30.0000 2539.2458    9.9184
    0.0000    7.5000  -30.0000 2562.3540    9.8008
    7.5000    7.5000  -30.0000 2554.8921    9.8538
   -7.5000   15.0000  -30.0000 2577.7932    9.6032
    0.0000   15.0000  -30.0000 2603.8005    9.5060
    7.5000   15.0000  -30.0000 2592.0259    9.5429
   -7.5000   22.5000  -30.0000 2593.1724    9.5196
    0.0000   22.5000  -30.0000 2624.5508    9.4257
    7.5000   22.5000  -30.0000 2609.3599    9.4654
   -7.5000   30.0000  -30.0000 2575.2913    9.6736
    0.0000   30.0000  -30.0000 2611.0256    9.5722
    7.5000   30.0000  -30.0000 2597.3208    9.6079
   -7.5000   37.5000  -30.0000 2536.7332   10.0255
    0.0000   37.5000  -30.0000 2575.3328    9.9036
    7.5000   37.5000  -30.0000 2561.9624    9.9400
   -7.5000   45.0000  -30.0000 2479.4424   10.5598
    0.0000   45.0000  -30.0000 2516.9536   10.4408
    7.5000   45.0000  -30.0000 2504.9517   10.4637
   -7.5000   52.5000  -30.0000 2381.0496   11.2367
    0.0000   52.5000  -30.0000 2413.5701   11.0949
    7.5000   52.5000  -30.0000 2402.8347   11.1334
   -7.5000  -37.5000  -22.5000 1949.6722   16.8548
    0.0000  -37.5000  -22.5000 1968.5566   16.6465
    7.5000  -37.5000  -22.5000 1969.4363   16.7774
   -7.5000  -30.0000  -22.5000 2099.2344   14.7808
    0.0000  -30.0000  -22.5000 2118.6299   14.5387
    7.5000  -30.0000  -22.5000 2121.8354   14.6608
   -7.5000  -22.5000  -22.5000 2243.4941   13.1340
    0.0000  -22.5000  -22.5000 2269.4375   12.9441
    7.5000  -22.5000  -22.5000 2269.5691   13.0374
   -7.5000  -15.0000  -22.5000 2369.9480   11.8108
    0.0000  -15.0000  -22.5000 2402.8669   11.6646
    7.5000  -15.0000  -22.5000 2402.6245   11.7353
   -7.5000   -7.5000  -22.5000 2482.3528   10.7524
    0.0000   -7.5000  -22.5000 2513.1318   10.6456
    7.5000   -7.5000  -22.5000 2510.7773   10.6807
   -7.5000    0.0000  -22.5000 2577.2356    9.9859
    0.0000    0.0000  -22.5000 2608.3044    9.8753
    7.5000    0.0000  -22.5000 2602.2112    9.9093
   -7.5000    7.5000  -22.5000 2640.1667    9.4472
    0.0000    7.5000  -22.5000 2673.1628    9.3242
    7.5000    7.5000  -22.5000 2665.9995    9.3732
   -7.5000   15.0000  -22.5000 2691.2510    9.1138
    0.0000   15.0000  -22.5000 2722.7112    9.0013
    7.5000   15.0000  -22.5000 2710.3157    9.0456
   -7.5000   22.5000  -22.5000 2716.4883    9.0113
    0.0000   22.5000  -22.5000 2755.3782    8.9185
    7.5000   22.5000  -22.5000 2738.6392    8.9592
   -7.5000   30.0000  -22.5000 2705.1409    9.1458
    0.0000   30.0000  -22.5000 2747.3181    9.0383
    7.5000   30.0000  -22.5000 2728.7253    9.0830
   -7.5000   37.5000  -22.5000 2670.3965    9.4899
    0.0000   37.5000  -22.5000 2712.5684    9.3697
    7.5000   37.5000  -22.5000 2697.2217    9.4070
   -7.5000   45.0000  -22.5000 2606.2432   10.0192
    0.0000   45.0000  -22.5000 2646.8921    9.8751
    7.5000   45.0000  -22.5000 2632.5559    9.9099
   -7.5000   52.5000  -22.5000 2493.5220   10.6763
    0.0000   52.5000  -22.5000 2531.0376   10.5236
    7.5000   52.5000  -22.5000 2518.5806   10.5580
   -7.5000  -37.5000  -15.0000 1985.1465   16.4307
    0.0000  -37.5000  -15.0000 2003.5682   16.1633
    7.5000  -37.5000  -15.0000 2004.7216   16.2892
   -7.5000  -30.0000  -15.0000 2135.8691   14.3480
    0.0000  -30.0000  -15.0000 2159.4563   14.1210
    7.5000  -30.0000  -15.0000 2158.0845   14.2139
   -7.5000  -22.5000  -15.0000 2280.5928   12.7140
    0.0000  -22.5000  -15.0000 2314.7439   12.5230
    7.5000  -22.5000  -15.0000 2312.2163   12.5939
   -7.5000  -15.0000  -15.0000 2408.6133   11.4010
    0.0000  -15.0000  -15.0000 2445.1702   11.2380
    7.5000  -15.0000  -15.0000 2444.4592   11.3110
   -7.5000   -7.5000  -15.0000 2526.1323   10.3597
    0.0000   -7.5000  -15.0000 2560.0264   10.2170
    7.5000   -7.5000  -15.0000 2558.9243   10.2778
   -7.5000    0.0000  -15.0000 2633.0828    9.5625
    0.0000    0.0000  -15.0000 2666.0989    9.4473
    7.5000    0.0000  -15.0000 2663.3608    9.4837
   -7.5000    7.5000  -15.0000 2717.8906    9.0129
    0.0000    7.5000  -15.0000 2754.0298    8.8797
    7.5000    7.5000  -15.0000 2748.2283    8.9317
   -7.5000   15.0000  -15.0000 2773.4172    8.6616
    0.0000   15.0000  -15.0000 2811.1709    8.5322
    7.5000   15.0000  -15.0000 2797.2856    8.6002
   -7.5000   22.5000  -15.0000 2809.9519    8.5317
    0.0000   22.5000  -15.0000 2853.5317    8.4097
    7.5000   22.5000  -15.0000 2832.8518    8.4751
   -7.5000   30.0000  -15.0000 2806.2229    8.6529
    0.0000   30.0000  -15.0000 2852.6018    8.5226
    7.5000   30.0000  -15.0000 2832.1580    8.5769
   -7.5000   37.5000  -15.0000 2768.8750    8.9800
    0.0000   37.5000  -15.0000 2815.3828    8.8436
    7.5000   37.5000  -15.0000 2799.6133    8.8822
   -7.5000   45.0000  -15.0000 2700.1284    9.4971
    0.0000   45.0000  -15.0000 2737.4016    9.3409
    7.5000   45.0000  -15.0000 2723.7798    9.3836
   -7.5000   52.5000  -15.0000 2577.7119   10.1533
    0.0000   52.5000  -15.0000 2614.3784    9.9918
    7.5000   52.5000  -15.0000 2600.2087   10.0280
   -7.5000  -37.5000   -7.5000 2000.6727   16.1241
    0.0000  -37.5000   -7.5000 2023.9392   15.8080
    7.5000  -37.5000   -7.5000 2025.8901   15.9637
   -7.5000  -30.0000   -7.5000 2150.9424   14.0213
    0.0000  -30.0000   -7.5000 2178.8755   13.7811
    7.5000  -30.0000   -7.5000 2180.5784   13.8746
   -7.5000  -22.5000   -7.5000 2298.9512   12.3780
    0.0000  -22.5000   -7.5000 2333.7285   12.1894
    7.5000  -22.5000   -7.5000 2334.8135   12.2442
   -7.5000  -15.0000   -7.5000 2427.9973   11.0895
    0.0000  -15.0000   -7.5000 2465.8977   10.9016
    7.5000  -15.0000   -7.5000 2464.8086   10.9581
   -7.5000   -7.5000   -7.5000 2545.9092   10.0562
    0.0000   -7.5000   -7.5000 2586.4041    9.8681
    7.5000   -7.5000   -7.5000 2582.1130    9.9307
   -7.5000    0.0000   -7.5000 2666.5854    9.2572
    0.0000    0.0000   -7.5000 2708.6948    9.0839
    7.5000    0.0000   -7.5000 2702.7632    9.1431
   -7.5000    7.5000   -7.5000 2768.1162    8.6820
    0.0000    7.5000   -7.5000 2815.1758    8.5264
    7.5000    7.5000   -7.5000 2809.9470    8.5791
   -7.5000   15.0000   -7.5000 2838.9360    8.3277
    0.0000   15.0000   -7.5000 2883.9407    8.1746
    7.5000   15.0000   -7.5000 2874.2319    8.2398
   -7.5000   22.5000   -7.5000 2884.0923    8.1731
    0.0000   22.5000   -7.5000 2935.0500    8.0106
    7.5000   22.5000   -7.5000 2915.0764    8.0884
   -7.5000   30.0000   -7.5000 2884.2222    8.2512
    0.0000   30.0000   -7.5000 2937.7705    8.0839
    7.5000   30.0000   -7.5000 2912.8508    8.1466
   -7.5000   37.5000   -7.5000 2840.1213    8.5800
    0.0000   37.5000   -7.5000 2888.9856    8.3991
    7.5000   37.5000   -7.5000 2871.7378    8.4453
   -7.5000   45.0000   -7.5000 2763.0029    9.0914
    0.0000   45.0000   -7.5000 2803.2051    8.8821
    7.5000   45.0000   -7.5000 2793.6433    8.9377
   -7.5000   52.5000   -7.5000 2631.5288    9.7587
    0.0000   52.5000   -7.5000 2665.6055    9.5593
    7.5000   52.5000   -7.5000 2654.1113    9.6201
   -7.5000  -37.5000    0.0000 2003.6169   16.1264
    0.0000  -37.5000    0.0000 2033.1284   15.7701
    7.5000  -37.5000    0.0000 2033.7548   15.8791
   -7.5000  -30.0000    0.0000 2157.9656   13.9702
    0.0000  -30.0000    0.0000 2188.3374   13.6761
    7.5000  -30.0000    0.0000 2191.0959   13.7670
   -7.5000  -22.5000    0.0000 2305.4583   12.2577
    0.0000  -22.5000    0.0000 2333.9626   12.0129
    7.5000  -22.5000    0.0000 2337.2402   12.0774
   -7.5000  -15.0000    0.0000 2433.3079   10.9334
    0.0000  -15.0000    0.0000 2465.6440   10.7163
    7.5000  -15.0000    0.0000 2468.4285   10.7611
   -7.5000   -7.5000    0.0000 2553.1704    9.8699
    0.0000   -7.5000    0.0000 2592.1045    9.6824
    7.5000   -7.5000    0.0000 2592.0222    9.7368
   -7.5000    0.0000    0.0000 2679.5818    9.0743
    0.0000    0.0000    0.0000 2720.7966    8.8918
    7.5000    0.0000    0.0000 2717.2097    8.9484
   -7.5000    7.5000    0.0000 2793.4114    8.5081
    0.0000    7.5000    0.0000 2840.4746    8.3162
    7.5000    7.5000    0.0000 2834.3369    8.3755
   -7.5000   15.0000    0.0000 2879.4404    8.1754
    0.0000   15.0000    0.0000 2933.6382    7.9791
    7.5000   15.0000    0.0000 2925.5596    8.0502
   -7.5000   22.5000    0.0000 2934.3584    8.0011
    0.0000   22.5000    0.0000 2994.5537    7.7910
    7.5000   22.5000    0.0000 2977.2490    7.8848
   -7.5000   30.0000    0.0000 2941.6660    8.0427
    0.0000   30.0000    0.0000 2999.2800    7.8006
    7.5000   30.0000    0.0000 2974.8015    7.9066
   -7.5000   37.5000    0.0000 2885.0427    8.3965
    0.0000   37.5000    0.0000 2933.5645    8.1398
    7.5000   37.5000    0.0000 2915.5989    8.2188
   -7.5000   45.0000    0.0000 2799.2910    8.8946
    0.0000   45.0000    0.0000 2842.0469    8.6426
    7.5000   45.0000    0.0000 2829.6125    8.7202
   -7.5000   52.5000    0.0000 2666.2944    9.5377
    0.0000   52.5000    0.0000 2701.5322    9.3341
    7.5000   52.5000    0.0000 2689.8098    9.3858
   -7.5000  -37.5000    7.5000 1993.4606   16.2835
    0.0000  -37.5000    7.5000 2023.4027   15.8562
    7.5000  -37.5000    7.5000 2029.9683   15.9623
   -7.5000  -30.0000    7.5000 2149.2815   14.0428
    0.0000  -30.0000    7.5000 2182.5459   13.7360
    7.5000  -30.0000    7.5000 2187.6321   13.8090
   -7.5000  -22.5000    7.5000 2296.1013   12.3116
    0.0000  -22.5000    7.5000 2325.6292   12.0248
    7.5000  -22.5000    7.5000 2328.4429   12.0804
   -7.5000  -15.0000    7.5000 2423.5139   10.9551
    0.0000  -15.0000    7.5000 2455.7900   10.6835
    7.5000  -15.0000    7.5000 2456.3081   10.7414
   -7.5000   -7.5000    7.5000 2544.5789    9.8822
    0.0000   -7.5000    7.5000 2582.5771    9.6503
    7.5000   -7.5000    7.5000 2580.3567    9.6948
   -7.5000    0.0000    7.5000 2676.6714    9.0655
    0.0000    0.0000    7.5000 2715.3411    8.8457
    7.5000    0.0000    7.5000 2712.4177    8.8995
   -7.5000    7.5000    7.5000 2795.3608    8.4981
    0.0000    7.5000    7.5000 2838.4644    8.2795
    7.5000    7.5000    7.5000 2835.7534    8.3524
   -7.5000   15.0000    7.5000 2890.3850    8.1871
    0.0000   15.0000    7.5000 2946.7249    7.9904
    7.5000   15.0000    7.5000 2941.5864    8.0571
   -7.5000   22.5000    7.5000 2949.2771    8.0401
    0.0000   22.5000    7.5000 3020.0671    7.7817
    7.5000   22.5000    7.5000 3004.8760    7.9058
   -7.5000   30.0000    7.5000 2962.9446    8.0514
    0.0000   30.0000    7.5000 3033.8345    7.7857
    7.5000   30.0000    7.5000 3008.5725    7.9002
   -7.5000   37.5000    7.5000 2901.4421    8.3687
    0.0000   37.5000    7.5000 2956.9175    8.1234
    7.5000   37.5000    7.5000 2939.2568    8.1980
   -7.5000   45.0000    7.5000 2810.9495    8.8475
    0.0000   45.0000    7.5000 2853.5872    8.6075
    7.5000   45.0000    7.5000 2844.2832    8.6535
   -7.5000   52.5000    7.5000 2673.2947    9.4852
    0.0000   52.5000    7.5000 2704.8809    9.2721
    7.5000   52.5000    7.5000 2696.0811    9.2995
   -7.5000  -37.5000   15.0000 1970.7659   16.6311
    0.0000  -37.5000   15.0000 2001.2800   16.2303
    7.5000  -37.5000   15.0000 2007.8914   16.3106
   -7.5000  -30.0000   15.0000 2129.6575   14.3162
    0.0000  -30.0000   15.0000 2163.7888   13.9691
    7.5000  -30.0000   15.0000 2167.4800   14.0553
   -7.5000  -22.5000   15.0000 2274.8838   12.5207
    0.0000  -22.5000   15.0000 2304.1333   12.1707
    7.5000  -22.5000   15.0000 2309.4175   12.2648
   -7.5000  -15.0000   15.0000 2399.9565   11.1256
    0.0000  -15.0000   15.0000 2431.8118   10.8096
    7.5000  -15.0000   15.0000 2435.9326   10.8764
   -7.5000   -7.5000   15.0000 2521.9924   10.0552
    0.0000   -7.5000   15.0000 2556.1899    9.7737
    7.5000   -7.5000   15.0000 2555.8491    9.8278
   -7.5000    0.0000   15.0000 2656.5769    9.2422
    0.0000    0.0000   15.0000 2693.6970    8.9925
    7.5000    0.0000   15.0000 2690.6760    9.0592
   -7.5000    7.5000   15.0000 2772.7310    8.6740
    0.0000    7.5000   15.0000 2813.9858    8.4599
    7.5000    7.5000   15.0000 2804.7649    8.5323
   -7.5000   15.0000   15.0000 2865.2124    8.3350
    0.0000   15.0000   15.0000 2914.6738    8.1636
    7.5000   15.0000   15.0000 2904.7517    8.2281
   -7.5000   22.5000   15.0000 2923.3455    8.1718
    0.0000   22.5000   15.0000 2984.6033    7.9756
    7.5000   22.5000   15.0000 2968.0186    8.0420
   -7.5000   30.0000   15.0000 2934.4641    8.2116
    0.0000   30.0000   15.0000 3001.0632    8.0235
    7.5000   30.0000   15.0000 2980.9688    8.0824
   -7.5000   37.5000   15.0000 2879.1021    8.5166
    0.0000   37.5000   15.0000 2934.8999    8.3234
    7.5000   37.5000   15.0000 2914.6016    8.3768
   -7.5000   45.0000   15.0000 2787.9958    8.9917
    0.0000   45.0000   15.0000 2828.8328    8.7713
    7.5000   45.0000   15.0000 2819.1599    8.8088
   -7.5000   52.5000   15.0000 2651.2017    9.6036
    0.0000   52.5000   15.0000 2681.0559    9.3727
    7.5000   52.5000   15.0000 2674.3350    9.4111
   -7.5000  -37.5000   22.5000 1936.9656   17.1717
    0.0000  -37.5000   22.5000 1958.4276   16.7301
    7.5000  -37.5000   22.5000 1965.7029   16.8453
   -7.5000  -30.0000   22.5000 2096.6118   14.7671
    0.0000  -30.0000   22.5000 2124.7883   14.3917
    7.5000  -30.0000   22.5000 2132.1069   14.4700
   -7.5000  -22.5000   22.5000 2242.5618   12.9047
    0.0000  -22.5000   22.5000 2271.9055   12.5632
    7.5000  -22.5000   22.5000 2276.3394   12.6474
   -7.5000  -15.0000   22.5000 2369.8298   11.4746
    0.0000  -15.0000   22.5000 2400.6235   11.1971
    7.5000  -15.0000   22.5000 2400.1201   11.2642
   -7.5000   -7.5000   22.5000 2490.7695   10.4004
    0.0000   -7.5000   22.5000 2525.3870   10.1549
    7.5000   -7.5000   22.5000 2519.2292   10.2136
   -7.5000    0.0000   22.5000 2620.8992    9.5884
    0.0000    0.0000   22.5000 2656.9939    9.3646
    7.5000    0.0000   22.5000 2651.7627    9.4331
   -7.5000    7.5000   22.5000 2730.5396    9.0217
    0.0000    7.5000   22.5000 2769.7668    8.7911
    7.5000    7.5000   22.5000 2761.8770    8.8716
   -7.5000   15.0000   22.5000 2812.8047    8.6674
    0.0000   15.0000   22.5000 2862.7087    8.4116
    7.5000   15.0000   22.5000 2850.0815    8.4839
   -7.5000   22.5000   22.5000 2864.5698    8.4544
    0.0000   22.5000   22.5000 2916.4656    8.2186
    7.5000   22.5000   22.5000 2901.3516    8.2965
   -7.5000   30.0000   22.5000 2874.3384    8.4872
    0.0000   30.0000   22.5000 2923.8098    8.2871
    7.5000   30.0000   22.5000 2909.8491    8.3382
   -7.5000   37.5000   22.5000 2823.8401    8.7861
    0.0000   37.5000   22.5000 2874.1621    8.5956
    7.5000   37.5000   22.5000 2858.0303    8.6381
   -7.5000   45.0000   22.5000 2734.7747    9.2642
    0.0000   45.0000   22.5000 2775.0435    9.0755
    7.5000   45.0000   22.5000 2767.5293    9.1097
   -7.5000   52.5000   22.5000 2603.8677    9.8411
    0.0000   52.5000   22.5000 2634.3608    9.6540
    7.5000   52.5000   22.5000 2627.4368    9.6899
   -7.5000  -37.5000   30.0000 1890.9231   17.9452
    0.0000  -37.5000   30.0000 1911.1543   17.5440
    7.5000  -37.5000   30.0000 1912.9556   17.6686
   -7.5000  -30.0000   30.0000 2051.6709   15.4122
    0.0000  -30.0000   30.0000 2076.3896   15.0955
    7.5000  -30.0000   30.0000 2081.9514   15.1899
   -7.5000  -22.5000   30.0000 2203.5305   13.4896
    0.0000  -22.5000   30.0000 2227.3015   13.2099
    7.5000  -22.5000   30.0000 2230.0088   13.2723
   -7.5000  -15.0000   30.0000 2329.6306   12.0259
    0.0000  -15.0000   30.0000 2362.8416   11.7544
    7.5000  -15.0000   30.0000 2357.7439   11.8229
   -7.5000   -7.5000   30.0000 2449.7019   10.9274
    0.0000   -7.5000   30.0000 2488.4358   10.6808
    7.5000   -7.5000   30.0000 2481.5623   10.7333
   -7.5000    0.0000   30.0000 2569.3542   10.0927
    0.0000    0.0000   30.0000 2609.0652    9.8501
    7.5000    0.0000   30.0000 2604.2993    9.9150
   -7.5000    7.5000   30.0000 2669.1633    9.5002
    0.0000    7.5000   30.0000 2713.2578    9.2323
    7.5000    7.5000   30.0000 2707.2656    9.2999
   -7.5000   15.0000   30.0000 2743.1716    9.1117
    0.0000   15.0000   30.0000 2790.6992    8.8160
    7.5000   15.0000   30.0000 2780.8186    8.8822
   -7.5000   22.5000   30.0000 2787.6074    8.8862
    0.0000   22.5000   30.0000 2829.6809    8.6200
    7.5000   22.5000   30.0000 2816.7981    8.6898
   -7.5000   30.0000   30.0000 2789.9209    8.9131
    0.0000   30.0000   30.0000 2830.5859    8.6758
    7.5000   30.0000   30.0000 2819.1201    8.7370
   -7.5000   37.5000   30.0000 2742.4917    9.1877
    0.0000   37.5000   30.0000 2788.3899    8.9734
    7.5000   37.5000   30.0000 2775.2478    9.0211
   -7.5000   45.0000   30.0000 2661.4944    9.6806
    0.0000   45.0000   30.0000 2701.7258    9.4678
    7.5000   45.0000   30.0000 2693.2471    9.4974
   -7.5000   52.5000   30.0000 2538.6160   10.2444
    0.0000   52.5000   30.0000 2570.2024   10.0531
    7.5000   52.5000   30.0000 2567.1340   10.0865
   -7.5000  -37.5000   37.5000 1838.5782   18.9344
    0.0000  -37.5000   37.5000 1861.9607   18.5497
    7.5000  -37.5000   37.5000 1862.8401   18.7136
   -7.5000  -30.0000   37.5000 2001.9182   16.2658
    0.0000  -30.0000   37.5000 2025.9355   15.9432
    7.5000  -30.0000   37.5000 2028.6699   16.0392
   -7.5000  -22.5000   37.5000 2157.5745   14.2688
    0.0000  -22.5000   37.5000 2181.4155   13.9584
    7.5000  -22.5000   37.5000 2181.2583   14.0050
   -7.5000  -15.0000   37.5000 2283.0437   12.7137
    0.0000  -15.0000   37.5000 2319.9695   12.4311
    7.5000  -15.0000   37.5000 2313.8181   12.4707
   -7.5000   -7.5000   37.5000 2401.6499   11.5711
    0.0000   -7.5000   37.5000 2442.8833   11.3217
    7.5000   -7.5000   37.5000 2436.9507   11.3626
   -7.5000    0.0000   37.5000 2510.4546   10.7337
    0.0000    0.0000   37.5000 2552.4282   10.4594
    7.5000    0.0000   37.5000 2547.2524   10.5203
   -7.5000    7.5000   37.5000 2598.1863   10.1040
    0.0000    7.5000   37.5000 2646.8589    9.8284
    7.5000    7.5000   37.5000 2639.1660    9.8797
   -7.5000   15.0000   37.5000 2663.7522    9.6816
    0.0000   15.0000   37.5000 2709.5466    9.3970
    7.5000   15.0000   37.5000 2701.5901    9.4539
   -7.5000   22.5000   37.5000 2697.8445    9.4545
    0.0000   22.5000   37.5000 2738.0901    9.1874
    7.5000   22.5000   37.5000 2729.5566    9.2448
   -7.5000   30.0000   37.5000 2695.2781    9.4826
    0.0000   30.0000   37.5000 2736.2712    9.2249
    7.5000   30.0000   37.5000 2728.0208    9.2838
   -7.5000   37.5000   37.5000 2651.2822    9.7328
    0.0000   37.5000   37.5000 2693.9944    9.4899
    7.5000   37.5000   37.5000 2681.7334    9.5480
   -7.5000   45.0000   37.5000 2582.1257   10.1941
    0.0000   45.0000   37.5000 2616.9739    9.9569
    7.5000   45.0000   37.5000 2609.2778   10.0037
   -7.5000   52.5000   37.5000 2463.4885   10.7483
    0.0000   52.5000   37.5000 2496.2046   10.5415
    7.5000   52.5000   37.5000 2494.1433   10.5686
   -7.5000  -37.5000   45.0000 1781.1259   20.2026
    0.0000  -37.5000   45.0000 1809.8788   19.8305
    7.5000  -37.5000   45.0000 1809.7612   19.9493
   -7.5000  -30.0000   45.0000 1945.8553   17.3050
    0.0000  -30.0000   45.0000 1975.5728   16.9426
    7.5000  -30.0000   45.0000 1977.3142   17.0191
   -7.5000  -22.5000   45.0000 2100.5823   15.1729
    0.0000  -22.5000   45.0000 2132.4666   14.8636
    7.5000  -22.5000   45.0000 2129.2671   14.8833
   -7.5000  -15.0000   45.0000 2230.6653   13.5544
    0.0000  -15.0000   45.0000 2273.0544   13.2808
    7.5000  -15.0000   45.0000 2266.0288   13.2985
   -7.5000   -7.5000   45.0000 2342.1030   12.3773
    0.0000   -7.5000   45.0000 2385.8049   12.1217
    7.5000   -7.5000   45.0000 2379.1812   12.1522
   -7.5000    0.0000   45.0000 2437.3438   11.5044
    0.0000    0.0000   45.0000 2481.1089   11.2425
    7.5000    0.0000   45.0000 2475.3633   11.2768
   -7.5000    7.5000   45.0000 2521.3621   10.8468
    0.0000    7.5000   45.0000 2566.2502   10.5823
    7.5000    7.5000   45.0000 2561.5930   10.6142
   -7.5000   15.0000   45.0000 2577.8284   10.3877
    0.0000   15.0000   45.0000 2618.5242   10.1287
    7.5000   15.0000   45.0000 2611.4631   10.1735
   -7.5000   22.5000   45.0000 2602.3860   10.1591
    0.0000   22.5000   45.0000 2640.3396    9.9148
    7.5000   22.5000   45.0000 2634.1169    9.9622
   -7.5000   30.0000   45.0000 2589.9146   10.1804
    0.0000   30.0000   45.0000 2625.9817    9.9457
    7.5000   30.0000   45.0000 2624.8154   10.0013
   -7.5000   37.5000   45.0000 2553.7764   10.4026
    0.0000   37.5000   45.0000 2593.0093   10.1668
    7.5000   37.5000   45.0000 2587.1648   10.2251
   -7.5000   45.0000   45.0000 2495.1721   10.8429
    0.0000   45.0000   45.0000 2534.7290   10.5952
    7.5000   45.0000   45.0000 2525.4954   10.6622
   -7.5000   52.5000   45.0000 2385.4648   11.3907
    0.0000   52.5000   45.0000 2415.8564   11.1731
    7.5000   52.5000   45.0000 2413.7100   11.2141

---------------------------------------------------------------------
imgreg_4dfp /opt/freesurfer/average/711-2C_as_mni_average_305 /opt/freesurfer/average/711-2B_as_mni_average_305_mask talsrcimg_g11 none talsrcimg_to_711-2C_as_mni_average_305_t4 1283
---------------------------------------------------------------------

freesurfer imgreg_4dfp.c
/opt/freesurfer/average/711-2C_as_mni_average_305.4dfp.img
       256       256       256         1
  1.000000  1.000000  1.000000
orientation T byte_order littleendian
Reading image: /opt/freesurfer/average/711-2C_as_mni_average_305.4dfp.img
dimensions:      256       256       256
mmppix:       1.0000   -1.0000   -1.0000
center:     128.0000 -129.0000 -129.0000
/opt/freesurfer/average/711-2B_as_mni_average_305_mask.4dfp.img
       256       256       256         1
  1.000000  1.000000  1.000000
orientation T byte_order littleendian
Reading mask: /opt/freesurfer/average/711-2B_as_mni_average_305_mask.4dfp.img (2306576 pixels)
talsrcimg_g11.4dfp.img
       256       256       256         1
  1.000000  1.000000  1.000000
orientation T byte_order littleendian
Reading image: talsrcimg_g11.4dfp.img
dimensions:      256       256       256
mmppix:       1.0000   -1.0000   -1.0000
center:     128.0000 -129.0000 -129.0000
rotation matrix determinant  1.000000
fimgreg.f
image alignment mode   1283 decimal      503 hex
parameters
    0.0000   30.0000    7.5000    0.0000    0.0000    0.0000
eta,q 0.95138  7.78552
niter,ni,del,rscale     5    3   12.0000    1.2000
parameter  2  0.796942 ->  0.500000 qaram    1.1500
parameter  4  0.508010 ->  0.500000 qaram    1.1500
parameters
    1.5965   26.5500    7.0615   -3.4500    2.7006   -0.2598
eta,q 0.95762  7.79149
  0.0657  0.0471  0.0514  0.0469  0.0555  0.0478
  0.0593  0.0461  0.0490  0.0443  0.0512  0.0452
  0.0545  0.0479  0.0469  0.0445  0.0471  0.0431
  0.0514  0.0505  0.0462  0.0464  0.0440  0.0424
  0.0509  0.0543  0.0472  0.0488  0.0425  0.0437
  0.0523  0.0600  0.0500  0.0519  0.0430  0.0460
  0.0561  0.0661  0.0534  0.0546  0.0450  0.0486
niter,ni,del,rscale     6    3   12.0000    1.2000
parameters
    1.4548   27.2906    6.4975   -4.0522    2.8803   -0.2267
eta,q 0.95837  7.77176
  0.0548  0.0571  0.0491  0.0475  0.0489  0.0479
  0.0483  0.0523  0.0453  0.0460  0.0453  0.0452
  0.0438  0.0474  0.0420  0.0437  0.0426  0.0428
  0.0424  0.0424  0.0417  0.0415  0.0416  0.0416
  0.0445  0.0424  0.0437  0.0434  0.0428  0.0425
  0.0495  0.0475  0.0474  0.0468  0.0449  0.0450
  0.0557  0.0537  0.0524  0.0509  0.0479  0.0480
niter,ni,del,rscale     5    3   12.0000    1.2000
parameters
    1.4441   27.5108    6.3199   -4.2965    2.9263   -0.1944
eta,q 0.95843  7.76909
  0.0544  0.0554  0.0497  0.0481  0.0485  0.0479
  0.0479  0.0510  0.0459  0.0463  0.0450  0.0451
  0.0434  0.0461  0.0425  0.0443  0.0424  0.0428
  0.0416  0.0416  0.0415  0.0414  0.0416  0.0416
  0.0434  0.0431  0.0429  0.0428  0.0428  0.0424
  0.0483  0.0490  0.0460  0.0461  0.0449  0.0449
  0.0543  0.0552  0.0511  0.0503  0.0480  0.0480
niter,ni,del,rscale     4    3   12.0000    1.2000
parameters
    1.4430   27.5921    6.2588   -4.3803    2.9434   -0.1805
eta,q 0.95845  7.76852
  0.0544  0.0549  0.0499  0.0484  0.0483  0.0479
  0.0479  0.0506  0.0461  0.0464  0.0449  0.0451
  0.0434  0.0458  0.0427  0.0445  0.0424  0.0428
  0.0416  0.0416  0.0415  0.0415  0.0415  0.0415
  0.0433  0.0434  0.0427  0.0426  0.0428  0.0423
  0.0482  0.0495  0.0456  0.0458  0.0449  0.0449
  0.0542  0.0555  0.0507  0.0500  0.0481  0.0480
niter,ni,del,rscale     3    3   12.0000    1.2000
parameters
    1.4414   27.6266    6.2425   -4.4099    2.9488   -0.1749
eta,q 0.95846  7.76828
  0.0543  0.0548  0.0500  0.0485  0.0483  0.0478
  0.0478  0.0504  0.0461  0.0465  0.0449  0.0451
  0.0434  0.0457  0.0427  0.0446  0.0424  0.0428
  0.0415  0.0415  0.0415  0.0415  0.0415  0.0415
  0.0433  0.0436  0.0427  0.0425  0.0428  0.0423
  0.0481  0.0496  0.0455  0.0457  0.0449  0.0449
  0.0542  0.0556  0.0505  0.0499  0.0481  0.0480
registration optimization eta report
parameter search radius
    6.0000    6.9000    6.0000    6.9000    6.0000    6.0000
100000*second partial in parameter space
       35.       27.       24.       15.       18.       17.
  0.0543  0.0548  0.0500  0.0485  0.0483  0.0478
  0.0478  0.0504  0.0461  0.0465  0.0449  0.0451
  0.0434  0.0457  0.0427  0.0446  0.0424  0.0428
  0.0415  0.0415  0.0415  0.0415  0.0415  0.0415
  0.0433  0.0436  0.0427  0.0425  0.0428  0.0423
  0.0481  0.0496  0.0455  0.0457  0.0449  0.0449
  0.0542  0.0556  0.0505  0.0499  0.0481  0.0480
    1.4414   27.6266    6.2425   -4.4099    2.9488   -0.1749
eta,q 0.95846  7.76828

---------------------------------------------------------------------
imgreg_4dfp /opt/freesurfer/average/711-2C_as_mni_average_305 /opt/freesurfer/average/711-2B_as_mni_average_305_mask talsrcimg_g11 none talsrcimg_to_711-2C_as_mni_average_305_t4 3335
---------------------------------------------------------------------

freesurfer imgreg_4dfp.c
/opt/freesurfer/average/711-2C_as_mni_average_305.4dfp.img
       256       256       256         1
  1.000000  1.000000  1.000000
orientation T byte_order littleendian
Reading image: /opt/freesurfer/average/711-2C_as_mni_average_305.4dfp.img
dimensions:      256       256       256
mmppix:       1.0000   -1.0000   -1.0000
center:     128.0000 -129.0000 -129.0000
/opt/freesurfer/average/711-2B_as_mni_average_305_mask.4dfp.img
       256       256       256         1
  1.000000  1.000000  1.000000
orientation T byte_order littleendian
Reading mask: /opt/freesurfer/average/711-2B_as_mni_average_305_mask.4dfp.img (2306576 pixels)
talsrcimg_g11.4dfp.img
       256       256       256         1
  1.000000  1.000000  1.000000
orientation T byte_order littleendian
Reading image: talsrcimg_g11.4dfp.img
dimensions:      256       256       256
mmppix:       1.0000   -1.0000   -1.0000
center:     128.0000 -129.0000 -129.0000
fimgreg.f
image alignment mode   3335 decimal      D07 hex
parameters
    1.4414   27.6266    6.2425   -0.1329   -0.2977   -0.4281
    0.7000   -5.1057   -0.3049    7.7048    5.1444   -7.6790
eta,q 0.95770  7.75171
niter,ni,del,rscale     5    3    5.0000    1.2000
parameter  4  3.452494 ->  0.500000 qaram    1.1500
parameter  5  3.630134 ->  0.500000 qaram    1.1500
parameter  6  1.013669 ->  0.500000 qaram    1.1500
parameters
    1.6007   27.6596    6.4704   -4.2729   -4.4377   -4.5681
   -0.1057   -3.0713    0.2477    6.5445    5.1618   -8.0600
eta,q 0.97186  7.55250
  0.0444  0.0441  0.0438  0.0345  0.0293  0.0286  0.0308  0.0359  0.0304  0.0305  0.0298  0.0295
  0.0434  0.0432  0.0431  0.0364  0.0317  0.0286  0.0296  0.0330  0.0293  0.0289  0.0290  0.0287
  0.0426  0.0425  0.0425  0.0391  0.0343  0.0298  0.0289  0.0305  0.0286  0.0282  0.0284  0.0283
  0.0423  0.0423  0.0423  0.0423  0.0371  0.0324  0.0288  0.0288  0.0283  0.0282  0.0282  0.0281
  0.0424  0.0425  0.0423  0.0457  0.0404  0.0361  0.0293  0.0283  0.0284  0.0289  0.0283  0.0284
  0.0430  0.0431  0.0427  0.0490  0.0439  0.0402  0.0304  0.0291  0.0289  0.0304  0.0289  0.0290
  0.0440  0.0440  0.0434  0.0527  0.0475  0.0446  0.0319  0.0310  0.0299  0.0327  0.0298  0.0298
niter,ni,del,rscale     7    3    5.0000    1.2000
parameter  4  0.663538 ->  0.500000 qaram    1.3225
parameter  5  0.827856 ->  0.500000 qaram    1.3225
parameters
    1.7630   27.5492    5.7325   -9.0339   -9.1987   -6.9052
    0.0272   -3.0754    0.1594    7.6878    5.5563   -8.1977
eta,q 0.97656  7.31793
  0.0317  0.0300  0.0290  0.0268  0.0236  0.0250  0.0263  0.0274  0.0255  0.0276  0.0244  0.0249
  0.0299  0.0289  0.0282  0.0259  0.0232  0.0242  0.0249  0.0252  0.0245  0.0258  0.0239  0.0240
  0.0287  0.0283  0.0279  0.0262  0.0238  0.0237  0.0239  0.0239  0.0238  0.0244  0.0236  0.0236
  0.0281  0.0281  0.0281  0.0279  0.0258  0.0232  0.0236  0.0236  0.0236  0.0236  0.0234  0.0234
  0.0283  0.0284  0.0288  0.0307  0.0284  0.0242  0.0239  0.0240  0.0238  0.0236  0.0235  0.0236
  0.0293  0.0291  0.0300  0.0343  0.0314  0.0273  0.0248  0.0253  0.0245  0.0245  0.0237  0.0241
  0.0309  0.0305  0.0314  0.0380  0.0351  0.0314  0.0261  0.0273  0.0257  0.0258  0.0243  0.0249
niter,ni,del,rscale     7    3    5.0000    1.2000
parameters
    1.7947   28.1133    5.3011   -9.2807  -11.0477   -7.7096
    0.0720   -3.0824   -0.1832    9.1651    5.9437   -8.9378
eta,q 0.97667  7.23523
  0.0267  0.0274  0.0242  0.0273  0.0262  0.0256  0.0260  0.0269  0.0250  0.0269  0.0242  0.0244
  0.0249  0.0256  0.0236  0.0258  0.0246  0.0245  0.0247  0.0250  0.0242  0.0253  0.0237  0.0238
  0.0238  0.0242  0.0233  0.0244  0.0236  0.0240  0.0238  0.0239  0.0237  0.0243  0.0235  0.0234
  0.0234  0.0234  0.0233  0.0232  0.0233  0.0234  0.0236  0.0236  0.0236  0.0236  0.0234  0.0233
  0.0238  0.0233  0.0237  0.0235  0.0245  0.0232  0.0239  0.0239  0.0238  0.0233  0.0234  0.0236
  0.0248  0.0239  0.0243  0.0254  0.0269  0.0247  0.0246  0.0251  0.0244  0.0239  0.0236  0.0241
  0.0265  0.0249  0.0253  0.0286  0.0300  0.0279  0.0259  0.0269  0.0253  0.0251  0.0240  0.0249
niter,ni,del,rscale     6    3    5.0000    1.2000
parameters
    1.8113   28.5455    5.1190   -9.3864  -11.9265   -7.9301
    0.1901   -3.0931   -0.4794   10.4674    6.2157   -9.4723
eta,q 0.97677  7.20052
  0.0263  0.0264  0.0244  0.0268  0.0265  0.0259  0.0258  0.0266  0.0247  0.0262  0.0240  0.0243
  0.0247  0.0249  0.0237  0.0256  0.0250  0.0247  0.0245  0.0248  0.0240  0.0249  0.0236  0.0237
  0.0237  0.0238  0.0233  0.0243  0.0239  0.0240  0.0237  0.0238  0.0235  0.0241  0.0234  0.0233
  0.0233  0.0233  0.0233  0.0233  0.0233  0.0234  0.0235  0.0235  0.0235  0.0234  0.0233  0.0232
  0.0237  0.0234  0.0235  0.0233  0.0238  0.0231  0.0237  0.0238  0.0237  0.0232  0.0233  0.0235
  0.0246  0.0239  0.0240  0.0249  0.0257  0.0241  0.0244  0.0248  0.0241  0.0237  0.0235  0.0240
  0.0262  0.0247  0.0248  0.0279  0.0283  0.0271  0.0256  0.0266  0.0249  0.0249  0.0240  0.0247
niter,ni,del,rscale     5    3    5.0000    1.2000
parameters
    1.8088   28.9209    4.8950   -9.5881  -12.7698   -8.2350
    0.2627   -3.1027   -0.6474   11.9100    6.5272   -9.9019
eta,q 0.97686  7.15960
  0.0260  0.0260  0.0243  0.0264  0.0262  0.0258  0.0255  0.0264  0.0246  0.0260  0.0239  0.0243
  0.0245  0.0246  0.0236  0.0253  0.0248  0.0246  0.0243  0.0246  0.0239  0.0249  0.0236  0.0237
  0.0235  0.0236  0.0233  0.0242  0.0237  0.0239  0.0236  0.0237  0.0235  0.0240  0.0233  0.0233
  0.0232  0.0232  0.0232  0.0232  0.0232  0.0233  0.0234  0.0234  0.0234  0.0234  0.0232  0.0231
  0.0236  0.0233  0.0235  0.0232  0.0237  0.0231  0.0236  0.0237  0.0236  0.0231  0.0232  0.0234
  0.0245  0.0238  0.0240  0.0247  0.0255  0.0242  0.0243  0.0247  0.0240  0.0236  0.0234  0.0239
  0.0260  0.0246  0.0248  0.0276  0.0278  0.0271  0.0254  0.0264  0.0247  0.0247  0.0239  0.0246
niter,ni,del,rscale     4    3    5.0000    1.2000
parameters
    1.8058   29.3741    4.6244   -9.9031  -13.8223   -8.6650
    0.2870   -3.0996   -0.8116   13.6578    6.8752  -10.3415
eta,q 0.97704  7.10301
  0.0258  0.0259  0.0242  0.0260  0.0258  0.0256  0.0253  0.0260  0.0245  0.0261  0.0238  0.0241
  0.0243  0.0245  0.0235  0.0249  0.0245  0.0245  0.0241  0.0244  0.0238  0.0250  0.0234  0.0235
  0.0234  0.0236  0.0231  0.0240  0.0235  0.0238  0.0235  0.0236  0.0234  0.0240  0.0231  0.0231
  0.0231  0.0231  0.0231  0.0231  0.0231  0.0232  0.0233  0.0233  0.0233  0.0233  0.0230  0.0230
  0.0234  0.0232  0.0234  0.0230  0.0236  0.0231  0.0235  0.0235  0.0234  0.0229  0.0230  0.0232
  0.0244  0.0236  0.0239  0.0245  0.0254  0.0242  0.0242  0.0244  0.0239  0.0233  0.0232  0.0237
  0.0258  0.0244  0.0248  0.0273  0.0276  0.0271  0.0252  0.0260  0.0246  0.0245  0.0237  0.0244
niter,ni,del,rscale     3    3    5.0000    1.2000
parameters
    1.8088   29.9137    4.2911  -10.3400  -15.0360   -9.2119
    0.2894   -3.0856   -0.8805   15.2931    6.9705  -10.8721
eta,q 0.97727  7.03308
  0.0255  0.0259  0.0239  0.0254  0.0255  0.0253  0.0249  0.0256  0.0244  0.0262  0.0235  0.0238
  0.0241  0.0245  0.0233  0.0244  0.0242  0.0243  0.0238  0.0242  0.0236  0.0250  0.0231  0.0232
  0.0232  0.0235  0.0229  0.0236  0.0232  0.0235  0.0232  0.0233  0.0232  0.0238  0.0228  0.0228
  0.0230  0.0230  0.0229  0.0228  0.0229  0.0229  0.0230  0.0230  0.0230  0.0230  0.0227  0.0227
  0.0232  0.0229  0.0232  0.0228  0.0235  0.0229  0.0233  0.0233  0.0232  0.0227  0.0228  0.0230
  0.0241  0.0233  0.0238  0.0241  0.0253  0.0241  0.0239  0.0241  0.0237  0.0232  0.0230  0.0235
  0.0255  0.0241  0.0247  0.0268  0.0275  0.0269  0.0248  0.0256  0.0244  0.0245  0.0235  0.0241
niter,ni,del,rscale     2    3    5.0000    1.2000
parameters
    1.8204   30.3726    4.0025  -10.7737  -15.9698   -9.6180
    0.2934   -3.0828   -0.7347   16.3858    6.7112  -11.3643
eta,q 0.97734  6.97773
  0.0251  0.0258  0.0237  0.0249  0.0256  0.0251  0.0246  0.0253  0.0244  0.0260  0.0233  0.0237
  0.0238  0.0243  0.0231  0.0240  0.0241  0.0241  0.0236  0.0239  0.0235  0.0247  0.0229  0.0231
  0.0230  0.0233  0.0227  0.0233  0.0231  0.0234  0.0230  0.0231  0.0230  0.0236  0.0227  0.0228
  0.0227  0.0227  0.0227  0.0227  0.0227  0.0227  0.0228  0.0228  0.0228  0.0228  0.0227  0.0227
  0.0230  0.0227  0.0229  0.0225  0.0233  0.0227  0.0231  0.0231  0.0230  0.0227  0.0227  0.0229
  0.0238  0.0232  0.0235  0.0237  0.0249  0.0238  0.0237  0.0239  0.0235  0.0233  0.0230  0.0233
  0.0251  0.0241  0.0244  0.0262  0.0272  0.0265  0.0245  0.0254  0.0242  0.0248  0.0234  0.0240
niter,ni,del,rscale     1    3    5.0000    1.2000
parameters
    1.8317   30.6749    3.8033  -11.0771  -16.5064   -9.8861
    0.2742   -3.0908   -0.5851   17.0824    6.4638  -11.7148
eta,q 0.97733  6.94457
  0.0249  0.0254  0.0237  0.0248  0.0258  0.0251  0.0245  0.0253  0.0244  0.0259  0.0232  0.0237
  0.0237  0.0240  0.0231  0.0238  0.0243  0.0240  0.0235  0.0238  0.0235  0.0245  0.0229  0.0231
  0.0229  0.0231  0.0227  0.0232  0.0232  0.0233  0.0229  0.0230  0.0230  0.0234  0.0227  0.0228
  0.0227  0.0227  0.0226  0.0226  0.0227  0.0227  0.0227  0.0227  0.0227  0.0227  0.0227  0.0227
  0.0229  0.0227  0.0228  0.0225  0.0231  0.0226  0.0230  0.0230  0.0229  0.0227  0.0227  0.0228
  0.0236  0.0233  0.0234  0.0235  0.0246  0.0236  0.0236  0.0238  0.0234  0.0235  0.0230  0.0233
  0.0249  0.0243  0.0241  0.0258  0.0269  0.0262  0.0245  0.0253  0.0242  0.0251  0.0233  0.0239
registration optimization eta report
parameter search radius
    2.4000    2.4000    2.4000    9.5220    9.5220    8.2800
    7.2000    7.2000    7.2000    7.2000    7.2000    7.2000
100000*second partial in parameter space
       39.       38.       22.        3.        4.        4.
        3.        5.        3.        5.        1.        2.
  0.0249  0.0254  0.0237  0.0248  0.0258  0.0251  0.0245  0.0253  0.0244  0.0259  0.0232  0.0237
  0.0237  0.0240  0.0231  0.0238  0.0243  0.0240  0.0235  0.0238  0.0235  0.0245  0.0229  0.0231
  0.0229  0.0231  0.0227  0.0232  0.0232  0.0233  0.0229  0.0230  0.0230  0.0234  0.0227  0.0228
  0.0227  0.0227  0.0226  0.0226  0.0227  0.0227  0.0227  0.0227  0.0227  0.0227  0.0227  0.0227
  0.0229  0.0227  0.0228  0.0225  0.0231  0.0226  0.0230  0.0230  0.0229  0.0227  0.0227  0.0228
  0.0236  0.0233  0.0234  0.0235  0.0246  0.0236  0.0236  0.0238  0.0234  0.0235  0.0230  0.0233
  0.0249  0.0243  0.0241  0.0258  0.0269  0.0262  0.0245  0.0253  0.0242  0.0251  0.0233  0.0239
    1.8317   30.6749    3.8033  -11.0771  -16.5064   -9.8861
    0.2742   -3.0908   -0.5851   17.0824    6.4638  -11.7148
eta,q 0.97733  6.94457

---------------------------------------------------------------------
imgreg_4dfp /opt/freesurfer/average/711-2C_as_mni_average_305 /opt/freesurfer/average/711-2B_as_mni_average_305_mask talsrcimg_g11 none talsrcimg_to_711-2C_as_mni_average_305_t4 2311
---------------------------------------------------------------------

freesurfer imgreg_4dfp.c
/opt/freesurfer/average/711-2C_as_mni_average_305.4dfp.img
       256       256       256         1
  1.000000  1.000000  1.000000
orientation T byte_order littleendian
Reading image: /opt/freesurfer/average/711-2C_as_mni_average_305.4dfp.img
dimensions:      256       256       256
mmppix:       1.0000   -1.0000   -1.0000
center:     128.0000 -129.0000 -129.0000
/opt/freesurfer/average/711-2B_as_mni_average_305_mask.4dfp.img
       256       256       256         1
  1.000000  1.000000  1.000000
orientation T byte_order littleendian
Reading mask: /opt/freesurfer/average/711-2B_as_mni_average_305_mask.4dfp.img (2306576 pixels)
talsrcimg_g11.4dfp.img
       256       256       256         1
  1.000000  1.000000  1.000000
orientation T byte_order littleendian
Reading image: talsrcimg_g11.4dfp.img
dimensions:      256       256       256
mmppix:       1.0000   -1.0000   -1.0000
center:     128.0000 -129.0000 -129.0000
fimgreg.f
image alignment mode   2311 decimal      907 hex
parameters
    1.8317   30.6749    3.8033  -11.0771  -16.5064   -9.8861
    0.2742   -3.0908   -0.5851   17.0824    6.4638  -11.7148
eta,q 0.97733  6.94457
niter,ni,del,rscale     5    3    5.0000    0.8000
parameters
    1.8556   30.8314    3.7001   -8.9357  -16.0605   -8.5130
    0.4735   -2.9963   -0.5518   17.1298    6.7358  -12.7896
eta,q 0.97780  7.07099
  0.0237  0.0239  0.0231  0.0234  0.0237  0.0238  0.0232  0.0237  0.0230  0.0237  0.0226  0.0225
  0.0231  0.0232  0.0229  0.0232  0.0231  0.0233  0.0227  0.0229  0.0226  0.0230  0.0224  0.0223
  0.0228  0.0228  0.0227  0.0229  0.0227  0.0228  0.0223  0.0224  0.0223  0.0225  0.0223  0.0222
  0.0227  0.0227  0.0227  0.0227  0.0224  0.0224  0.0222  0.0222  0.0222  0.0222  0.0222  0.0222
  0.0228  0.0227  0.0227  0.0225  0.0225  0.0222  0.0223  0.0224  0.0223  0.0224  0.0222  0.0223
  0.0231  0.0230  0.0230  0.0225  0.0228  0.0224  0.0226  0.0228  0.0226  0.0229  0.0223  0.0226
  0.0236  0.0235  0.0233  0.0228  0.0233  0.0229  0.0230  0.0236  0.0230  0.0238  0.0226  0.0230
niter,ni,del,rscale     4    3    5.0000    0.7000
parameters
    1.7954   30.7254    3.7835   -9.0861  -16.0840   -8.1963
    0.4885   -3.1761   -0.6078   17.1655    6.7675  -12.8990
eta,q 0.97783  7.07544
  0.0230  0.0229  0.0228  0.0229  0.0230  0.0233  0.0229  0.0232  0.0227  0.0234  0.0224  0.0225
  0.0225  0.0225  0.0225  0.0226  0.0226  0.0229  0.0225  0.0226  0.0224  0.0228  0.0223  0.0223
  0.0223  0.0222  0.0223  0.0223  0.0223  0.0225  0.0222  0.0223  0.0222  0.0223  0.0222  0.0222
  0.0222  0.0222  0.0222  0.0222  0.0222  0.0222  0.0222  0.0222  0.0222  0.0222  0.0222  0.0222
  0.0223  0.0223  0.0222  0.0222  0.0223  0.0222  0.0223  0.0223  0.0222  0.0223  0.0222  0.0222
  0.0226  0.0226  0.0224  0.0225  0.0226  0.0225  0.0225  0.0227  0.0224  0.0227  0.0223  0.0223
  0.0232  0.0231  0.0226  0.0231  0.0231  0.0232  0.0228  0.0234  0.0228  0.0234  0.0224  0.0226
niter,ni,del,rscale     3    3    5.0000    0.6000
parameters
    1.7673   30.7088    3.8464   -8.9212  -16.0899   -7.9562
    0.5674   -3.2273   -0.6162   17.1226    6.7074  -13.0357
eta,q 0.97786  7.08676
  0.0228  0.0227  0.0226  0.0228  0.0228  0.0230  0.0227  0.0230  0.0226  0.0230  0.0223  0.0224
  0.0224  0.0224  0.0224  0.0225  0.0224  0.0227  0.0224  0.0225  0.0223  0.0226  0.0222  0.0223
  0.0222  0.0222  0.0222  0.0223  0.0222  0.0223  0.0222  0.0222  0.0222  0.0223  0.0222  0.0222
  0.0222  0.0222  0.0222  0.0222  0.0222  0.0222  0.0221  0.0221  0.0221  0.0221  0.0221  0.0221
  0.0223  0.0222  0.0222  0.0222  0.0222  0.0222  0.0222  0.0222  0.0222  0.0222  0.0222  0.0222
  0.0225  0.0224  0.0223  0.0224  0.0224  0.0224  0.0224  0.0225  0.0223  0.0225  0.0222  0.0223
  0.0229  0.0228  0.0225  0.0228  0.0228  0.0229  0.0226  0.0230  0.0226  0.0231  0.0224  0.0224
niter,ni,del,rscale     2    3    5.0000    0.5000
parameters
    1.7483   30.6788    3.8862   -8.7623  -16.0547   -7.7493
    0.6047   -3.2662   -0.6090   17.0591    6.6206  -13.1673
eta,q 0.97787  7.09829
  0.0226  0.0225  0.0224  0.0226  0.0226  0.0228  0.0225  0.0227  0.0224  0.0227  0.0223  0.0223
  0.0223  0.0223  0.0223  0.0224  0.0223  0.0225  0.0223  0.0224  0.0223  0.0224  0.0222  0.0222
  0.0222  0.0222  0.0222  0.0222  0.0222  0.0223  0.0222  0.0222  0.0222  0.0222  0.0221  0.0221
  0.0221  0.0221  0.0221  0.0221  0.0221  0.0221  0.0221  0.0221  0.0221  0.0221  0.0221  0.0221
  0.0222  0.0222  0.0222  0.0221  0.0222  0.0222  0.0222  0.0222  0.0222  0.0222  0.0221  0.0222
  0.0224  0.0223  0.0222  0.0223  0.0223  0.0223  0.0223  0.0224  0.0223  0.0224  0.0222  0.0222
  0.0226  0.0226  0.0224  0.0226  0.0226  0.0227  0.0225  0.0227  0.0224  0.0228  0.0223  0.0223
niter,ni,del,rscale     1    3    5.0000    0.4000
parameters
    1.7419   30.6496    3.9121   -8.6239  -16.0170   -7.5747
    0.6395   -3.2963   -0.5754   17.0017    6.4982  -13.3106
eta,q 0.97788  7.10852
  0.0224  0.0224  0.0223  0.0225  0.0224  0.0226  0.0224  0.0225  0.0223  0.0225  0.0222  0.0222
  0.0223  0.0222  0.0222  0.0223  0.0222  0.0224  0.0222  0.0223  0.0222  0.0223  0.0221  0.0222
  0.0222  0.0221  0.0221  0.0222  0.0222  0.0222  0.0221  0.0222  0.0221  0.0222  0.0221  0.0221
  0.0221  0.0221  0.0221  0.0221  0.0221  0.0221  0.0221  0.0221  0.0221  0.0221  0.0221  0.0221
  0.0222  0.0222  0.0221  0.0221  0.0221  0.0221  0.0221  0.0222  0.0221  0.0222  0.0221  0.0221
  0.0223  0.0223  0.0222  0.0222  0.0222  0.0223  0.0222  0.0223  0.0222  0.0223  0.0222  0.0222
  0.0224  0.0224  0.0223  0.0224  0.0224  0.0225  0.0223  0.0225  0.0223  0.0226  0.0222  0.0223
registration optimization eta report
parameter search radius
    0.8000    0.8000    0.8000    2.4000    2.4000    2.4000
    2.4000    2.4000    2.4000    2.4000    2.4000    2.4000
100000*second partial in parameter space
       47.       40.       27.        5.        5.        7.
        4.        7.        3.        7.        2.        2.
  0.0224  0.0224  0.0223  0.0225  0.0224  0.0226  0.0224  0.0225  0.0223  0.0225  0.0222  0.0222
  0.0223  0.0222  0.0222  0.0223  0.0222  0.0224  0.0222  0.0223  0.0222  0.0223  0.0221  0.0222
  0.0222  0.0221  0.0221  0.0222  0.0222  0.0222  0.0221  0.0222  0.0221  0.0222  0.0221  0.0221
  0.0221  0.0221  0.0221  0.0221  0.0221  0.0221  0.0221  0.0221  0.0221  0.0221  0.0221  0.0221
  0.0222  0.0222  0.0221  0.0221  0.0221  0.0221  0.0221  0.0222  0.0221  0.0222  0.0221  0.0221
  0.0223  0.0223  0.0222  0.0222  0.0222  0.0223  0.0222  0.0223  0.0222  0.0223  0.0222  0.0222
  0.0224  0.0224  0.0223  0.0224  0.0224  0.0225  0.0223  0.0225  0.0223  0.0226  0.0222  0.0223
    1.7419   30.6496    3.9121   -8.6239  -16.0170   -7.5747
    0.6395   -3.2963   -0.5754   17.0017    6.4982  -13.3106
eta,q 0.97788  7.10852

---------------------------------------------------------------------
imgreg_4dfp /opt/freesurfer/average/711-2C_as_mni_average_305 /opt/freesurfer/average/711-2B_as_mni_average_305_mask talsrcimg_g11 none talsrcimg_to_711-2C_as_mni_average_305_t4 2311
---------------------------------------------------------------------

freesurfer imgreg_4dfp.c
/opt/freesurfer/average/711-2C_as_mni_average_305.4dfp.img
       256       256       256         1
  1.000000  1.000000  1.000000
orientation T byte_order littleendian
Reading image: /opt/freesurfer/average/711-2C_as_mni_average_305.4dfp.img
dimensions:      256       256       256
mmppix:       1.0000   -1.0000   -1.0000
center:     128.0000 -129.0000 -129.0000
/opt/freesurfer/average/711-2B_as_mni_average_305_mask.4dfp.img
       256       256       256         1
  1.000000  1.000000  1.000000
orientation T byte_order littleendian
Reading mask: /opt/freesurfer/average/711-2B_as_mni_average_305_mask.4dfp.img (2306576 pixels)
talsrcimg_g11.4dfp.img
       256       256       256         1
  1.000000  1.000000  1.000000
orientation T byte_order littleendian
Reading image: talsrcimg_g11.4dfp.img
dimensions:      256       256       256
mmppix:       1.0000   -1.0000   -1.0000
center:     128.0000 -129.0000 -129.0000
fimgreg.f
image alignment mode   2311 decimal      907 hex
parameters
    1.7419   30.6496    3.9121   -8.6239  -16.0169   -7.5747
    0.6395   -3.2963   -0.5754   17.0017    6.4982  -13.3106
eta,q 0.97788  7.10853
niter,ni,del,rscale     5    3    5.0000    0.8000
parameters
    1.7460   30.6510    3.9437   -9.1556  -16.1520   -8.0006
    0.6042   -3.2695   -0.5486   17.0572    6.6549  -12.8261
eta,q 0.97784  7.07560
  0.0234  0.0232  0.0228  0.0230  0.0231  0.0233  0.0231  0.0237  0.0229  0.0237  0.0225  0.0228
  0.0227  0.0226  0.0224  0.0226  0.0226  0.0228  0.0226  0.0228  0.0225  0.0229  0.0223  0.0225
  0.0223  0.0222  0.0222  0.0223  0.0223  0.0224  0.0223  0.0223  0.0223  0.0224  0.0222  0.0223
  0.0221  0.0221  0.0221  0.0221  0.0221  0.0221  0.0222  0.0222  0.0222  0.0222  0.0222  0.0222
  0.0223  0.0222  0.0222  0.0222  0.0223  0.0223  0.0223  0.0223  0.0222  0.0223  0.0222  0.0222
  0.0227  0.0226  0.0224  0.0228  0.0226  0.0229  0.0226  0.0228  0.0225  0.0228  0.0223  0.0223
  0.0233  0.0231  0.0228  0.0237  0.0233  0.0242  0.0231  0.0236  0.0229  0.0237  0.0225  0.0226
niter,ni,del,rscale     4    3    5.0000    0.7000
parameters
    1.7447   30.6683    3.9078   -9.0726  -16.1214   -8.0238
    0.5752   -3.2532   -0.5874   17.0547    6.7257  -12.8424
eta,q 0.97784  7.07840
  0.0231  0.0230  0.0226  0.0229  0.0230  0.0232  0.0228  0.0233  0.0227  0.0233  0.0224  0.0225
  0.0226  0.0225  0.0224  0.0226  0.0226  0.0228  0.0225  0.0227  0.0224  0.0227  0.0223  0.0223
  0.0223  0.0223  0.0222  0.0223  0.0223  0.0224  0.0222  0.0223  0.0222  0.0223  0.0222  0.0222
  0.0222  0.0222  0.0222  0.0222  0.0222  0.0222  0.0222  0.0222  0.0222  0.0222  0.0222  0.0222
  0.0223  0.0223  0.0222  0.0222  0.0222  0.0222  0.0222  0.0223  0.0222  0.0223  0.0222  0.0222
  0.0226  0.0225  0.0224  0.0224  0.0225  0.0226  0.0225  0.0226  0.0224  0.0227  0.0223  0.0223
  0.0231  0.0229  0.0227  0.0230  0.0230  0.0234  0.0228  0.0233  0.0228  0.0234  0.0224  0.0225
niter,ni,del,rscale     3    3    5.0000    0.6000
parameters
    1.7468   30.6659    3.9002   -8.9065  -16.0653   -7.8820
    0.5845   -3.2588   -0.6088   17.0307    6.6867  -12.9889
eta,q 0.97786  7.08948
  0.0228  0.0227  0.0225  0.0228  0.0228  0.0230  0.0227  0.0230  0.0226  0.0230  0.0223  0.0224
  0.0224  0.0224  0.0223  0.0225  0.0224  0.0226  0.0224  0.0225  0.0223  0.0226  0.0222  0.0222
  0.0222  0.0222  0.0222  0.0223  0.0222  0.0223  0.0222  0.0222  0.0222  0.0223  0.0222  0.0222
  0.0222  0.0222  0.0222  0.0222  0.0221  0.0221  0.0221  0.0221  0.0221  0.0221  0.0221  0.0221
  0.0222  0.0222  0.0222  0.0222  0.0222  0.0222  0.0222  0.0222  0.0222  0.0222  0.0222  0.0222
  0.0225  0.0224  0.0223  0.0223  0.0224  0.0224  0.0224  0.0225  0.0223  0.0225  0.0222  0.0223
  0.0228  0.0227  0.0225  0.0228  0.0228  0.0230  0.0226  0.0230  0.0226  0.0231  0.0223  0.0224
niter,ni,del,rscale     2    3    5.0000    0.5000
parameters
    1.7420   30.6509    3.9164   -8.7525  -16.0262   -7.7065
    0.6123   -3.2756   -0.6106   16.9921    6.6219  -13.1260
eta,q 0.97788  7.10028
  0.0226  0.0225  0.0224  0.0226  0.0226  0.0228  0.0225  0.0227  0.0224  0.0227  0.0223  0.0223
  0.0223  0.0223  0.0223  0.0224  0.0223  0.0225  0.0223  0.0224  0.0223  0.0224  0.0222  0.0222
  0.0222  0.0222  0.0222  0.0222  0.0222  0.0223  0.0222  0.0222  0.0222  0.0222  0.0221  0.0221
  0.0221  0.0221  0.0221  0.0221  0.0221  0.0221  0.0221  0.0221  0.0221  0.0221  0.0221  0.0221
  0.0222  0.0222  0.0222  0.0221  0.0222  0.0221  0.0222  0.0222  0.0222  0.0222  0.0221  0.0222
  0.0224  0.0223  0.0222  0.0223  0.0223  0.0223  0.0223  0.0224  0.0223  0.0224  0.0222  0.0222
  0.0226  0.0225  0.0224  0.0226  0.0226  0.0227  0.0225  0.0227  0.0224  0.0228  0.0223  0.0223
niter,ni,del,rscale     1    3    5.0000    0.4000
parameters
    1.7377   30.6274    3.9361   -8.6210  -16.0012   -7.5555
    0.6389   -3.2991   -0.5761   16.9618    6.5085  -13.2692
eta,q 0.97789  7.10934
  0.0224  0.0224  0.0223  0.0225  0.0224  0.0226  0.0224  0.0225  0.0223  0.0225  0.0222  0.0222
  0.0223  0.0222  0.0222  0.0223  0.0222  0.0224  0.0222  0.0223  0.0222  0.0223  0.0222  0.0222
  0.0222  0.0221  0.0221  0.0222  0.0221  0.0222  0.0221  0.0222  0.0221  0.0222  0.0221  0.0221
  0.0221  0.0221  0.0221  0.0221  0.0221  0.0221  0.0221  0.0221  0.0221  0.0221  0.0221  0.0221
  0.0222  0.0222  0.0221  0.0221  0.0221  0.0221  0.0221  0.0222  0.0221  0.0222  0.0221  0.0221
  0.0223  0.0222  0.0222  0.0222  0.0222  0.0223  0.0222  0.0223  0.0222  0.0223  0.0222  0.0222
  0.0224  0.0224  0.0223  0.0224  0.0224  0.0225  0.0223  0.0225  0.0223  0.0225  0.0222  0.0222
registration optimization eta report
parameter search radius
    0.8000    0.8000    0.8000    2.4000    2.4000    2.4000
    2.4000    2.4000    2.4000    2.4000    2.4000    2.4000
100000*second partial in parameter space
       48.       41.       27.        6.        5.        7.
        4.        7.        3.        7.        2.        2.
  0.0224  0.0224  0.0223  0.0225  0.0224  0.0226  0.0224  0.0225  0.0223  0.0225  0.0222  0.0222
  0.0223  0.0222  0.0222  0.0223  0.0222  0.0224  0.0222  0.0223  0.0222  0.0223  0.0222  0.0222
  0.0222  0.0221  0.0221  0.0222  0.0221  0.0222  0.0221  0.0222  0.0221  0.0222  0.0221  0.0221
  0.0221  0.0221  0.0221  0.0221  0.0221  0.0221  0.0221  0.0221  0.0221  0.0221  0.0221  0.0221
  0.0222  0.0222  0.0221  0.0221  0.0221  0.0221  0.0221  0.0222  0.0221  0.0222  0.0221  0.0221
  0.0223  0.0222  0.0222  0.0222  0.0222  0.0223  0.0222  0.0223  0.0222  0.0223  0.0222  0.0222
  0.0224  0.0224  0.0223  0.0224  0.0224  0.0225  0.0223  0.0225  0.0223  0.0225  0.0222  0.0222
    1.7377   30.6274    3.9361   -8.6210  -16.0012   -7.5555
    0.6389   -3.2991   -0.5761   16.9618    6.5085  -13.2692
eta,q 0.97789  7.10934

---------------------------------------------------------------------
compute_vox2vox talsrcimg talsrcimg_to_711-2C_as_mni_average_305_t4 /opt/freesurfer/average/711-2C_as_mni_average_305
---------------------------------------------------------------------

freesurfer compute_vox2vox.c
Reading: talsrcimg.4dfp.ifh
Reading: talsrcimg_to_711-2C_as_mni_average_305_t4
Reading: /opt/freesurfer/average/711-2C_as_mni_average_305.4dfp.ifh
Writing: talsrcimg_to_711-2C_as_mni_average_305_t4_vox2vox.txt

start time Tue Mar 10 10:16:36 CET 2026
end		time Tue Mar 10 10:18:03 CET 2026

mpr2mni305 success

avi2talxfm orig_nu.mgz /opt/freesurfer/average/mni305.cor.mgz talsrcimg_to_711-2C_as_mni_average_305_t4_vox2vox.txt transforms/talairach.auto.xfm
avi2talxfm done
mv -f /out/sourcedata/freesurfer/sub-v2s0x29044_ses-1/mri/talsrcimg_to_711-2C_as_mni_average_305_t4_vox2vox.txt /out/sourcedata/freesurfer/sub-v2s0x29044_ses-1/mri/transforms/talsrcimg_to_711-2C_as_mni_average_305_t4_vox2vox.txt
lta_convert --src orig_nu.mgz --trg /opt/freesurfer/average/mni305.cor.mgz --inxfm transforms/talairach.auto.xfm --outlta transforms/talairach.auto.xfm.lta --subject fsaverage
7.3.2

--src: orig_nu.mgz src image (geometry).
--trg: /opt/freesurfer/average/mni305.cor.mgz trg image (geometry).
--inmni: transforms/talairach.auto.xfm input MNI/XFM transform.
--outlta: transforms/talairach.auto.xfm.lta output LTA.
--s: fsaverage subject name
 LTA read, type : 1
 1.09153   0.03934  -0.00209  -4.15385;
-0.07364   1.04861   0.16621  -44.07496;
 0.02236  -0.21147   1.15692  -21.46257;
 0.00000   0.00000   0.00000   1.00000;
setting subject to fsaverage
Writing  LTA to file transforms/talairach.auto.xfm.lta...
lta_convert successful.
 
 
Started at Tue Mar 10 10:16:36 CET 2026
Ended   at Tue Mar 10 10:18:04 CET 2026
talairach_avi done
