Logfile for bbregister
Tue Mar 10 15:42:29 CET 2026

setenv SUBJECTS_DIR /out/sourcedata/freesurfer
cd /out/sourcedata/freesurfer/sub-v2s0x30151_ses-1/scripts
/opt/freesurfer/bin/bbregister --s sub-v2s0x30151_ses-1 --mov /out/sourcedata/freesurfer/sub-v2s0x30151_ses-1/mri/orig/FLAIRraw.mgz --lta /out/sourcedata/freesurfer/sub-v2s0x30151_ses-1/mri/transforms/FLAIRraw.auto.lta --init-coreg --T2 --gm-proj-abs 2 --wm-proj-abs 1 --no-coreg-ref-mask

bbregister 7.3.2
Linux dna043 5.14.0-427.37.1.el9_4.x86_64 #1 SMP PREEMPT_DYNAMIC Fri Sep 13 12:41:50 EDT 2024 x86_64 x86_64 x86_64 GNU/Linux
FREESURFER_HOME /opt/freesurfer
mri_convert /out/sourcedata/freesurfer/sub-v2s0x30151_ses-1/mri/orig/FLAIRraw.mgz /out/sourcedata/freesurfer/sub-v2s0x30151_ses-1/mri/transforms/tmp.bbregister.15267/template.nii
mri_convert /out/sourcedata/freesurfer/sub-v2s0x30151_ses-1/mri/orig/FLAIRraw.mgz /out/sourcedata/freesurfer/sub-v2s0x30151_ses-1/mri/transforms/tmp.bbregister.15267/template.nii 
reading from /out/sourcedata/freesurfer/sub-v2s0x30151_ses-1/mri/orig/FLAIRraw.mgz...
TR=0.00, TE=0.00, TI=0.00, flip angle=0.00
i_ras = (-1, 0, 0)
j_ras = (0, 1, 0)
k_ras = (0, 0, 1)
writing to /out/sourcedata/freesurfer/sub-v2s0x30151_ses-1/mri/transforms/tmp.bbregister.15267/template.nii...
mri_coreg --s sub-v2s0x30151_ses-1 --mov /out/sourcedata/freesurfer/sub-v2s0x30151_ses-1/mri/transforms/tmp.bbregister.15267/template.nii --regdat /out/sourcedata/freesurfer/sub-v2s0x30151_ses-1/mri/transforms/tmp.bbregister.15267/reg.init.dat --reg /out/sourcedata/freesurfer/sub-v2s0x30151_ses-1/mri/transforms/tmp.bbregister.15267/mri_coreg.lta --nthreads 4 --dof 6 --sep 4 --ftol .0001 --linmintol .01 --no-ref-mask

$Id: mri_coreg.c,v 1.27 2016/04/30 15:11:49 greve Exp $
cwd /out/sourcedata/freesurfer/sub-v2s0x30151_ses-1/scripts
cmdline mri_coreg --s sub-v2s0x30151_ses-1 --mov /out/sourcedata/freesurfer/sub-v2s0x30151_ses-1/mri/transforms/tmp.bbregister.15267/template.nii --regdat /out/sourcedata/freesurfer/sub-v2s0x30151_ses-1/mri/transforms/tmp.bbregister.15267/reg.init.dat --reg /out/sourcedata/freesurfer/sub-v2s0x30151_ses-1/mri/transforms/tmp.bbregister.15267/mri_coreg.lta --nthreads 4 --dof 6 --sep 4 --ftol .0001 --linmintol .01 --no-ref-mask 
sysname  Linux
hostname dna043
machine  x86_64
user     oesteban
dof    6
nsep    1
cras0    1
ftol    0.000100
linmintol    0.010000
bf       1
bflim    30.000000
bfnsamp    30
SmoothRef 0
SatPct    99.990000
MovOOB 0
optschema 1
Seed 53
Reading in mov /out/sourcedata/freesurfer/sub-v2s0x30151_ses-1/mri/transforms/tmp.bbregister.15267/template.nii
Reading in ref /out/sourcedata/freesurfer/sub-v2s0x30151_ses-1/mri/brainmask.mgz
Setting cras translation parameters to align volume centers
Creating random numbers for coordinate dithering
Performing intensity dithering
Performing intensity dithering on mov with computed dither
Init matrix params -1.0562  1.4757  4.4837  0.0000  0.0000  0.0000  1.0000  1.0000  1.0000  0.0000  0.0000  0.0000 
Initial parameters to be opt -1.0562  1.4757  4.4837  0.0000  0.0000  0.0000 
Separation list (1):  4   min = 4
DoSmoothing 1
DoCoordDither 1
DoIntensityDither 1
nitersmax 4
ftol 1.000e-04
linmintol 1.000e-02
SatPct 99.990000
Hist FWHM 7.000000 7.000000
nthreads 4
movsat = 81.0000
mov gstd 1.8943 1.8943 1.8943
Smoothing mov
refsat = 114.0000
ref gstd 1.8914 1.8914 1.8914
Smoothing ref
COREGpreproc() done
Testing if mov and target overlap
Init cost   -1.0592702569
nhits = 176015 out of 16777216, Percent Overlap:  67.1
Initial  RefRAS-to-MovRAS
 1.00000   0.00000   0.00000  -1.05624;
 0.00000   1.00000   0.00000   1.47566;
 0.00000   0.00000   1.00000   4.48367;
 0.00000   0.00000   0.00000   1.00000;
Initial  RefVox-to-MovVox
 1.02400   0.00000   0.00000  -37.55999;
 0.00000   0.00000   1.02400  -3.06000;
 0.00000  -1.02400   0.00000   258.06000;
 0.00000   0.00000   0.00000   1.00000;
sep = 4 -----------------------------------
COREGoptBruteForce() 30 1 30
Turning on MovOOB for BruteForce Search
#BF# sep= 4 iter=0 lim=30.0 delta=2.00   0.94376  -0.52434   0.48367   0.00000   0.00000   0.00000   -1.0553369
Turning  MovOOB back off after brute force search


---------------------------------
Init Powel Params dof = 6: 0.943756 -0.524338 0.483673 0.000000 0.000000 0.000000 
Starting OpenPowel2(), sep = 4
InitialCost        -1.0665096045 
#@#  4  188  0.94376 -0.52434 0.48367 0.00000 0.00000 0.00000   -1.0665096
fs_powell::minimize
  nparams 6
  maxfev 4
  ftol   0.000100
  linmin_xtol_   0.010000
  powell nthiter 0: fret = -1.066510
#@#  4  193  0.32572 -0.52434 0.48367 0.00000 0.00000 0.00000   -1.0670253
#@#  4  195  0.15415 -0.52434 0.48367 0.00000 0.00000 0.00000   -1.0670583
#@#  4  196  0.14415 -0.52434 0.48367 0.00000 0.00000 0.00000   -1.0670592
#@#  4  198  0.11952 -0.52434 0.48367 0.00000 0.00000 0.00000   -1.0670602
#@#  4  202  0.11952 0.47566 0.48367 0.00000 0.00000 0.00000   -1.0671329
#@#  4  206  0.11952 0.09370 0.48367 0.00000 0.00000 0.00000   -1.0672704
#@#  4  208  0.11952 0.02152 0.48367 0.00000 0.00000 0.00000   -1.0672767
#@#  4  215  0.11952 0.02152 -0.13436 0.00000 0.00000 0.00000   -1.0676075
#@#  4  218  0.11952 0.02152 -0.14822 0.00000 0.00000 0.00000   -1.0676080
#@#  4  224  0.11952 0.02152 -0.14822 1.00000 0.00000 0.00000   -1.0679064
#@#  4  228  0.11952 0.02152 -0.14822 0.61803 0.00000 0.00000   -1.0679344
#@#  4  229  0.11952 0.02152 -0.14822 0.71645 0.00000 0.00000   -1.0679390
#@#  4  232  0.11952 0.02152 -0.14822 0.70645 0.00000 0.00000   -1.0679393
#@#  4  234  0.11952 0.02152 -0.14822 0.70645 1.00000 0.00000   -1.0681794
#@#  4  238  0.11952 0.02152 -0.14822 0.70645 0.61803 0.00000   -1.0681988
#@#  4  239  0.11952 0.02152 -0.14822 0.70645 0.74289 0.00000   -1.0682093
#@#  4  242  0.11952 0.02152 -0.14822 0.70645 0.73138 0.00000   -1.0682095
#@#  4  249  0.11952 0.02152 -0.14822 0.70645 0.73138 0.13956   -1.0682249
  powell nthiter 1: fret = -1.068225
#@#  4  268  0.11952 0.08321 -0.14822 0.70645 0.73138 0.13956   -1.0682300
#@#  4  269  0.11952 0.09448 -0.14822 0.70645 0.73138 0.13956   -1.0682316
#@#  4  279  0.11952 0.09448 -0.05336 0.70645 0.73138 0.13956   -1.0682397
#@#  4  280  0.11952 0.09448 -0.06336 0.70645 0.73138 0.13956   -1.0682400
#@#  4  281  0.11952 0.09448 -0.07336 0.70645 0.73138 0.13956   -1.0682402
Powell done niters total = 1
OptTimeSec  5.2 sec
OptTimeMin  0.09 min
nEvals 314
Final optimized parameters   0.11951907   0.09448127  -0.08336148   0.70644587   0.73138177   0.13955912 
Final matrix parameters  0.1195  0.0945 -0.0834  0.7064  0.7314  0.1228  1.0000  1.0000  1.0000  0.0000  0.0000  0.0000 
Final cost   -1.068240109144980
 

---------------------------------
Final  RefRAS-to-MovRAS
 0.99992   0.00244   0.01276   0.11952;
-0.00259   0.99992   0.01233   0.09448;
-0.01273  -0.01236   0.99984  -0.08336;
 0.00000   0.00000   0.00000   1.00000;
Final  RefVox-to-MovVox
 1.02391   0.01307  -0.00249  -39.77821;
 0.00266  -0.01262   1.02392  -3.54146;
 0.01304  -1.02384  -0.01266   253.13394;
 0.00000   0.00000   0.00000   1.00000;
Final matrix parameters  0.1195  0.0945 -0.0834  0.7064  0.7314  0.1396  0.0000  0.0000  0.0000  0.0000  0.0000  0.0000 
Final opt parameters  0.1195  0.0945 -0.0834  0.7064  0.7314  0.1396 
nhits = 174707 out of 16777216, Percent Overlap:  66.6
mri_coreg RunTimeSec 54.0 sec
To check run:
   tkregisterfv --mov /out/sourcedata/freesurfer/sub-v2s0x30151_ses-1/mri/transforms/tmp.bbregister.15267/template.nii --targ /out/sourcedata/freesurfer/sub-v2s0x30151_ses-1/mri/brainmask.mgz --reg /out/sourcedata/freesurfer/sub-v2s0x30151_ses-1/mri/transforms/tmp.bbregister.15267/mri_coreg.lta --s sub-v2s0x30151_ses-1 --surfs 

mri_coreg done

mri_segreg --mov /out/sourcedata/freesurfer/sub-v2s0x30151_ses-1/mri/transforms/tmp.bbregister.15267/template.nii --init-reg /out/sourcedata/freesurfer/sub-v2s0x30151_ses-1/mri/transforms/tmp.bbregister.15267/reg.init.dat --out-reg /out/sourcedata/freesurfer/sub-v2s0x30151_ses-1/mri/transforms/tmp.bbregister.15267/bbr.pass1.dat --subsamp-brute 100 --subsamp 100 --tol 1e-4 --tol1d 1e-3 --brute -4 4 4 --surf white --gm-proj-abs 2 --gm-gt-wm 0.5
7.3.2
setenv SUBJECTS_DIR /out/sourcedata/freesurfer
cd /out/sourcedata/freesurfer/sub-v2s0x30151_ses-1/scripts
mri_segreg --mov /out/sourcedata/freesurfer/sub-v2s0x30151_ses-1/mri/transforms/tmp.bbregister.15267/template.nii --init-reg /out/sourcedata/freesurfer/sub-v2s0x30151_ses-1/mri/transforms/tmp.bbregister.15267/reg.init.dat --out-reg /out/sourcedata/freesurfer/sub-v2s0x30151_ses-1/mri/transforms/tmp.bbregister.15267/bbr.pass1.dat --subsamp-brute 100 --subsamp 100 --tol 1e-4 --tol1d 1e-3 --brute -4 4 4 --surf white --gm-proj-abs 2 --gm-gt-wm 0.5 
sysname  Linux
hostname dna043
machine  x86_64
user     oesteban
movvol /out/sourcedata/freesurfer/sub-v2s0x30151_ses-1/mri/transforms/tmp.bbregister.15267/template.nii
regfile /out/sourcedata/freesurfer/sub-v2s0x30151_ses-1/mri/transforms/tmp.bbregister.15267/reg.init.dat
subject sub-v2s0x30151_ses-1
dof 6
outregfile /out/sourcedata/freesurfer/sub-v2s0x30151_ses-1/mri/transforms/tmp.bbregister.15267/bbr.pass1.dat
UseMask 0
UseLH 1
UseRH 1
nsubsamp 100
PenaltySign  -1
PenaltySlope 0.500000
PenaltyCenter 0.000000
surfname white
GMProjAbs 2.000000
WMProjAbs 2.000000
lhcostfile (null)
rhcostfile (null)
interp  trilinear (1)
frame  0
TolPowell 0.000100
nMaxItersPowell 36
n1dmin  3
Profile   0
Gdiag_no  -1
AddNoise  0 (0)
SynthSeed 1773367268
TransRandMax 0.000000
RotRandMax 0.000000
Translations 0.000000 0.000000 0.000000
Rotations   0.000000 0.000000 0.000000
Input reg
 0.99992   0.00244   0.01276   0.84317;
-0.01273  -0.01236   0.99984  -5.73095;
 0.00259  -0.99992  -0.01233   1.71475;
 0.00000   0.00000   0.00000   1.00000;

Loading mov
ExcludeZeroVoxels 1
Reading in targ vol /out/sourcedata/freesurfer/sub-v2s0x30151_ses-1/mri/orig.mgz
Projecting LH Surfs
Loading lh.white surf
GM Proj: 0 0.500000 2.000000
WM Proj: 0 0.500000 2.000000
Projecting RH Surfs
Loading rh.white surf
Projecting RH Surfs
Using lh.cortex.label
Using rh.cortex.label
Computing relative cost
 0  -25.0 -25.0 -25.0   1.007509
 1  -25.0 -25.0  25.0   1.023346
 2  -25.0  25.0 -25.0   0.995644
 3  -25.0  25.0  25.0   1.034048
 4   25.0 -25.0 -25.0   1.017688
 5   25.0 -25.0  25.0   1.028368
 6   25.0  25.0 -25.0   1.005397
 7   25.0  25.0  25.0   1.013667
REL:  8  0.302114    8.125668  1.015708 rel = 0.297442 
Initial costs ----------------
Number of surface hits 2673
WM  Intensity    46.6300 +/-   6.0780
Ctx Intensity    54.3677 +/-   9.6625
Pct Contrast     14.1061 +/-  23.9513
Cost   0.3021
RelCost   0.2974

------------------------------------
Brute force preopt -4 4 4, n = 729
     0  -4.0000  -4.0000  -4.0000  -4.0000  -4.0000  -4.0000      1.0484   1.0484  0.0
     2  -4.0000  -4.0000  -4.0000  -4.0000  -4.0000   4.0000      1.0374   1.0374  0.0
     3  -4.0000  -4.0000  -4.0000  -4.0000   0.0000  -4.0000      1.0149   1.0149  0.0
    15  -4.0000  -4.0000  -4.0000   0.0000   4.0000  -4.0000      0.9436   0.9436  0.0
    21  -4.0000  -4.0000  -4.0000   4.0000   0.0000  -4.0000      0.9404   0.9404  0.0
   102  -4.0000   0.0000  -4.0000   4.0000   0.0000  -4.0000      0.8756   0.8756  0.0
   120  -4.0000   0.0000   0.0000   0.0000   0.0000  -4.0000      0.7785   0.7785  0.0
   346   0.0000   0.0000  -4.0000   4.0000   0.0000   0.0000      0.7372   0.7372  0.0
   364   0.0000   0.0000   0.0000   0.0000   0.0000   0.0000      0.3021   0.3021  0.0
Brute Force --------------------------
Min cost was 0.302114
Number of iterations   729
Search time 0.930490 sec
Parameters at best (transmm, rotdeg)
  0.000   0.000   0.000  0.000  0.000  0.000 
--------------------------------------------

Starting Powell Minimization
Init Powel Params dof = 6
0 0
1 0
2 0
3 0
4 0
5 0
fs_powell::minimize
  nparams 6
  maxfev 36
  ftol   0.000100
  linmin_xtol_   0.001000
  powell nthiter 0: fret = 0.302114
   7  0.178  0.000  0.000  0.000  0.000  0.000   0.3004735753
   8  0.168  0.000  0.000  0.000  0.000  0.000   0.3004733996
   9  0.173  0.000  0.000  0.000  0.000  0.000   0.3004609154
  10  0.174  0.000  0.000  0.000  0.000  0.000   0.3004604677
  18  0.174 -0.017  0.000  0.000  0.000  0.000   0.2999329800
  20  0.174 -0.108  0.000  0.000  0.000  0.000   0.2971299909
  22  0.174 -0.131  0.000  0.000  0.000  0.000   0.2968854290
  23  0.174 -0.133  0.000  0.000  0.000  0.000   0.2968779426
  25  0.174 -0.137  0.000  0.000  0.000  0.000   0.2968704832
  26  0.174 -0.136  0.000  0.000  0.000  0.000   0.2968704301
  32  0.174 -0.136 -0.618  0.000  0.000  0.000   0.2930312756
  34  0.174 -0.136 -0.379  0.000  0.000  0.000   0.2883073136
  35  0.174 -0.136 -0.354  0.000  0.000  0.000   0.2874856410
  37  0.174 -0.136 -0.325  0.000  0.000  0.000   0.2872812098
  38  0.174 -0.136 -0.333  0.000  0.000  0.000   0.2872294638
  39  0.174 -0.136 -0.334  0.000  0.000  0.000   0.2872268593
  53  0.174 -0.136 -0.334 -0.001  0.000  0.000   0.2872155919
  54  0.174 -0.136 -0.334 -0.003  0.000  0.000   0.2872101890
  55  0.174 -0.136 -0.334 -0.004  0.000  0.000   0.2872096574
  63  0.174 -0.136 -0.334 -0.004 -0.063  0.000   0.2862224854
  66  0.174 -0.136 -0.334 -0.004 -0.045  0.000   0.2859509519
  68  0.174 -0.136 -0.334 -0.004 -0.044  0.000   0.2859490982
  69  0.174 -0.136 -0.334 -0.004 -0.043  0.000   0.2859486816
  81  0.174 -0.136 -0.334 -0.004 -0.043 -0.007   0.2859413868
  82  0.174 -0.136 -0.334 -0.004 -0.043 -0.004   0.2859323004
  powell nthiter 1: fret = 0.285932
  95  0.160 -0.136 -0.334 -0.004 -0.043 -0.004   0.2858178137
 106  0.160 -0.108 -0.334 -0.004 -0.043 -0.004   0.2857768766
 107  0.160 -0.118 -0.334 -0.004 -0.043 -0.004   0.2857022023
 108  0.160 -0.120 -0.334 -0.004 -0.043 -0.004   0.2856977587
 109  0.160 -0.121 -0.334 -0.004 -0.043 -0.004   0.2856954980
 112  0.160 -0.122 -0.334 -0.004 -0.043 -0.004   0.2856950809
 121  0.160 -0.122 -0.346 -0.004 -0.043 -0.004   0.2856843563
 122  0.160 -0.122 -0.341 -0.004 -0.043 -0.004   0.2856661158
 136  0.160 -0.122 -0.341  0.008 -0.043 -0.004   0.2856640928
 137  0.160 -0.122 -0.341  0.002 -0.043 -0.004   0.2856200994
 159  0.160 -0.122 -0.341  0.002 -0.043 -0.007   0.2855696769
 161  0.160 -0.122 -0.341  0.002 -0.043 -0.016   0.2855125762
 164  0.147 -0.109 -0.348  0.008 -0.043 -0.028   0.2850441553
 167  0.125 -0.087 -0.359  0.018 -0.043 -0.047   0.2841979234
 168  0.090 -0.053 -0.376  0.033 -0.043 -0.079   0.2824954419
 169  0.033  0.004 -0.405  0.059 -0.043 -0.129   0.2797888844
 174  0.021  0.016 -0.411  0.064 -0.043 -0.141   0.2797103496
 176  0.021  0.016 -0.411  0.064 -0.043 -0.140   0.2797096944
 177  0.022  0.015 -0.410  0.064 -0.043 -0.139   0.2797089655
 178  0.022  0.015 -0.410  0.064 -0.043 -0.139   0.2797082549
  powell nthiter 2: fret = 0.279708
 192  0.032  0.015 -0.410  0.064 -0.043 -0.139   0.2796734378
 194  0.034  0.015 -0.410  0.064 -0.043 -0.139   0.2796724962
 208  0.034  0.015 -0.410  0.064 -0.043 -0.133   0.2796448057
 209  0.034  0.015 -0.410  0.064 -0.043 -0.131   0.2796420813
 210  0.034  0.015 -0.410  0.064 -0.043 -0.129   0.2796416043
 213  0.034  0.015 -0.410  0.064 -0.043 -0.130   0.2796414627
 220  0.034  0.015 -0.528  0.064 -0.043 -0.130   0.2796339902
 221  0.034  0.015 -0.470  0.064 -0.043 -0.130   0.2787581084
 223  0.034  0.015 -0.473  0.064 -0.043 -0.130   0.2787541707
 238  0.034  0.015 -0.473  0.071 -0.043 -0.130   0.2787017718
 248  0.034  0.015 -0.473  0.071 -0.105 -0.130   0.2782199835
 250  0.034  0.015 -0.473  0.071 -0.086 -0.130   0.2780073338
 252  0.034  0.015 -0.473  0.071 -0.083 -0.130   0.2779981014
 253  0.034  0.015 -0.473  0.071 -0.082 -0.130   0.2779969155
 254  0.034  0.015 -0.473  0.071 -0.081 -0.130   0.2779968552
 262  0.036  0.013 -0.472  0.070 -0.081 -0.128   0.2779895142
 263  0.036  0.013 -0.472  0.070 -0.081 -0.128   0.2779891267
 271 -0.087  0.147 -0.603  0.138 -0.118 -0.239   0.2779698617
 276 -0.164  0.231 -0.684  0.181 -0.141 -0.308   0.2773408696
 280 -0.153  0.219 -0.672  0.174 -0.138 -0.298   0.2772447076
 281 -0.154  0.220 -0.674  0.175 -0.138 -0.299   0.2772391475
 282 -0.155  0.221 -0.675  0.176 -0.139 -0.301   0.2772372214
 286 -0.156  0.222 -0.675  0.176 -0.139 -0.301   0.2772371942
 288 -0.156  0.222 -0.675  0.176 -0.139 -0.301   0.2772371172
 289 -0.156  0.222 -0.675  0.176 -0.139 -0.301   0.2772370928
  powell nthiter 3: fret = 0.277237
 299 -0.163  0.222 -0.675  0.176 -0.139 -0.301   0.2772108829
 311 -0.163  0.222 -0.675  0.176 -0.139 -0.300   0.2772108424
 319 -0.163  0.221 -0.675  0.176 -0.139 -0.299   0.2772105484
 321 -0.163  0.221 -0.675  0.176 -0.139 -0.300   0.2772104482
 324 -0.163  0.221 -0.675  0.176 -0.139 -0.300   0.2772101304
 333 -0.163  0.221 -0.675  0.250 -0.139 -0.300   0.2738296760
 334 -0.163  0.221 -0.675  0.305 -0.139 -0.300   0.2734711012
 335 -0.163  0.221 -0.675  0.288 -0.139 -0.300   0.2729814432
 336 -0.163  0.221 -0.675  0.281 -0.139 -0.300   0.2729324813
 338 -0.163  0.221 -0.675  0.282 -0.139 -0.300   0.2729300219
 347 -0.163  0.221 -0.675  0.282 -0.169 -0.300   0.2720306977
 350 -0.163  0.221 -0.675  0.282 -0.193 -0.300   0.2717774795
 351 -0.163  0.221 -0.675  0.282 -0.194 -0.300   0.2717763831
 352 -0.163  0.221 -0.675  0.282 -0.195 -0.300   0.2717759976
 361 -0.143  0.199 -0.654  0.271 -0.189 -0.282   0.2717029099
 365 -0.143  0.199 -0.654  0.271 -0.189 -0.281   0.2717025222
 369 -0.142  0.199 -0.653  0.271 -0.189 -0.281   0.2717025002
  powell nthiter 4: fret = 0.271702
 378 -0.108  0.199 -0.653  0.271 -0.189 -0.281   0.2714683740
 380 -0.116  0.199 -0.653  0.271 -0.189 -0.281   0.2714527560
 381 -0.114  0.199 -0.653  0.271 -0.189 -0.281   0.2714506722
 392 -0.114  0.199 -0.653  0.271 -0.189 -0.248   0.2712324422
 393 -0.114  0.199 -0.653  0.271 -0.189 -0.253   0.2711796583
 394 -0.114  0.199 -0.653  0.271 -0.189 -0.259   0.2711455359
 396 -0.114  0.199 -0.653  0.271 -0.189 -0.260   0.2711439012
 397 -0.114  0.199 -0.653  0.271 -0.189 -0.261   0.2711431091
 404 -0.106  0.191 -0.649  0.267 -0.189 -0.254   0.2711290048
 406 -0.108  0.193 -0.650  0.268 -0.189 -0.255   0.2711259303
 407 -0.108  0.193 -0.651  0.268 -0.189 -0.256   0.2711256857
 411 -0.108  0.193 -0.650  0.268 -0.189 -0.256   0.2711256082
 424 -0.108  0.193 -0.650  0.263 -0.189 -0.256   0.2710891655
 426 -0.108  0.193 -0.650  0.264 -0.189 -0.256   0.2710886293
 434 -0.108  0.193 -0.650  0.264 -0.187 -0.256   0.2710790685
 436 -0.108  0.193 -0.650  0.264 -0.179 -0.256   0.2710618380
 445 -0.115  0.200 -0.657  0.268 -0.181 -0.262   0.2710455497
 446 -0.114  0.200 -0.657  0.268 -0.181 -0.261   0.2710432944
 451 -0.085  0.200 -0.660  0.264 -0.173 -0.241   0.2707401486
 456 -0.068  0.201 -0.662  0.262 -0.169 -0.229   0.2707091031
 458 -0.074  0.201 -0.661  0.263 -0.171 -0.233   0.2706951526
 459 -0.074  0.201 -0.661  0.263 -0.170 -0.233   0.2706950657
 460 -0.074  0.201 -0.661  0.263 -0.170 -0.233   0.2706949805
 466 -0.074  0.201 -0.661  0.263 -0.170 -0.233   0.2706949277
 467 -0.074  0.201 -0.661  0.263 -0.170 -0.233   0.2706945332
  powell nthiter 5: fret = 0.270695
 477 -0.072  0.201 -0.661  0.263 -0.170 -0.233   0.2706921919
 485 -0.069  0.197 -0.658  0.261 -0.169 -0.230   0.2706737195
 487 -0.066  0.194 -0.655  0.260 -0.169 -0.228   0.2706677463
 492 -0.066  0.194 -0.655  0.260 -0.169 -0.228   0.2706676681
 495 -0.045  0.173 -0.645  0.250 -0.169 -0.208   0.2706052658
 496 -0.049  0.177 -0.647  0.252 -0.169 -0.212   0.2706044343
 500 -0.047  0.176 -0.646  0.251 -0.169 -0.211   0.2706036044
 502 -0.047  0.175 -0.646  0.251 -0.169 -0.211   0.2706034562
 503 -0.047  0.175 -0.646  0.251 -0.169 -0.211   0.2706034436
 504 -0.047  0.175 -0.646  0.251 -0.169 -0.211   0.2706032405
 506 -0.047  0.175 -0.646  0.251 -0.169 -0.211   0.2706030282
 518 -0.047  0.175 -0.646  0.254 -0.169 -0.211   0.2705880152
 527 -0.047  0.175 -0.646  0.254 -0.203 -0.211   0.2705780231
 528 -0.047  0.175 -0.646  0.254 -0.187 -0.211   0.2704814075
 529 -0.047  0.175 -0.646  0.254 -0.186 -0.211   0.2704805353
 530 -0.047  0.175 -0.646  0.254 -0.185 -0.211   0.2704799606
 538 -0.036  0.175 -0.647  0.252 -0.182 -0.203   0.2704139047
 540 -0.034  0.175 -0.647  0.252 -0.182 -0.202   0.2704127908
 541 -0.034  0.175 -0.647  0.252 -0.182 -0.202   0.2704125798
  powell nthiter 6: fret = 0.270413
 555 -0.033  0.175 -0.647  0.252 -0.182 -0.202   0.2704098547
 563 -0.042  0.186 -0.657  0.257 -0.185 -0.210   0.2704045101
 564 -0.038  0.181 -0.653  0.255 -0.183 -0.207   0.2703947632
 577 -0.038  0.181 -0.653  0.255 -0.183 -0.207   0.2703947141
 579 -0.038  0.181 -0.653  0.255 -0.183 -0.207   0.2703945800
 591 -0.038  0.181 -0.653  0.259 -0.183 -0.207   0.2703380435
 592 -0.038  0.181 -0.653  0.261 -0.183 -0.207   0.2703357679
 602 -0.038  0.181 -0.653  0.261 -0.192 -0.207   0.2703120275
 603 -0.038  0.181 -0.653  0.261 -0.190 -0.207   0.2703112305
 610 -0.027  0.181 -0.654  0.259 -0.187 -0.199   0.2702844537
 611 -0.029  0.181 -0.654  0.260 -0.188 -0.201   0.2702804031
 612 -0.030  0.181 -0.654  0.260 -0.188 -0.201   0.2702801195
 614 -0.030  0.181 -0.654  0.260 -0.188 -0.201   0.2702798223
 617 -0.026  0.187 -0.660  0.267 -0.194 -0.200   0.2702155991
 624 -0.024  0.189 -0.662  0.269 -0.195 -0.200   0.2702119829
 625 -0.024  0.189 -0.662  0.269 -0.195 -0.200   0.2702119099
 628 -0.024  0.189 -0.662  0.269 -0.195 -0.200   0.2702118023
 629 -0.024  0.189 -0.662  0.269 -0.195 -0.200   0.2702114293
  powell nthiter 7: fret = 0.270211
 641 -0.027  0.189 -0.662  0.269 -0.195 -0.200   0.2702090982
 642 -0.026  0.189 -0.662  0.269 -0.195 -0.200   0.2702088153
 649 -0.033  0.196 -0.668  0.273 -0.197 -0.206   0.2701876559
 658 -0.038  0.201 -0.671  0.275 -0.197 -0.210   0.2701860889
 659 -0.035  0.199 -0.670  0.274 -0.197 -0.209   0.2701837560
 660 -0.035  0.199 -0.670  0.274 -0.197 -0.208   0.2701834699
 663 -0.035  0.198 -0.670  0.274 -0.197 -0.208   0.2701832677
 674 -0.034  0.198 -0.670  0.274 -0.197 -0.207   0.2701815806
 691 -0.034  0.198 -0.670  0.274 -0.195 -0.207   0.2701810578
 693 -0.034  0.198 -0.670  0.274 -0.196 -0.207   0.2701803244
 699 -0.032  0.201 -0.672  0.277 -0.198 -0.207   0.2701743449
 700 -0.032  0.201 -0.673  0.277 -0.198 -0.207   0.2701739680
 701 -0.031  0.202 -0.674  0.279 -0.200 -0.207   0.2701733953
 702 -0.032  0.201 -0.673  0.278 -0.199 -0.207   0.2701726552
  powell nthiter 8: fret = 0.270173
 715 -0.034  0.201 -0.673  0.278 -0.199 -0.207   0.2701708540
 725 -0.033  0.200 -0.672  0.277 -0.199 -0.206   0.2701701833
 735 -0.038  0.205 -0.675  0.280 -0.199 -0.210   0.2701672982
 736 -0.036  0.203 -0.674  0.279 -0.199 -0.209   0.2701667350
 737 -0.036  0.204 -0.674  0.279 -0.199 -0.209   0.2701667241
 738 -0.036  0.204 -0.674  0.279 -0.199 -0.209   0.2701665519
 739 -0.036  0.204 -0.674  0.279 -0.199 -0.209   0.2701665305
 740 -0.036  0.203 -0.674  0.279 -0.199 -0.209   0.2701663628
 742 -0.036  0.203 -0.674  0.279 -0.199 -0.209   0.2701663551
 749 -0.034  0.204 -0.674  0.279 -0.198 -0.207   0.2701628322
 751 -0.034  0.204 -0.674  0.279 -0.198 -0.207   0.2701625593
 771 -0.032  0.206 -0.676  0.282 -0.201 -0.207   0.2701622340
 772 -0.033  0.205 -0.675  0.280 -0.200 -0.207   0.2701604702
 773 -0.033  0.205 -0.675  0.280 -0.199 -0.207   0.2701602444
 774 -0.033  0.204 -0.675  0.280 -0.199 -0.207   0.2701600557
Powell done niters = 8
Computing relative cost
 0  -25.0 -25.0 -25.0   1.017353
 1  -25.0 -25.0  25.0   1.034219
 2  -25.0  25.0 -25.0   0.984859
 3  -25.0  25.0  25.0   1.042291
 4   25.0 -25.0 -25.0   1.023442
 5   25.0 -25.0  25.0   1.027722
 6   25.0  25.0 -25.0   1.026292
 7   25.0  25.0  25.0   1.015041
REL:  8  0.270160    8.171220  1.021403 rel = 0.264499 
Number of iterations     8
Min cost was 0.270160
Number of FunctionCalls   784
TolPowell 0.000100
nMaxItersPowell 36
OptimizationTime 1.433588 sec
Parameters at optimum (transmm) -0.03321  0.20424 -0.67483
Parameters at optimum (rotdeg)  0.27953 -0.19903 -0.20719 
Final costs ----------------
Number of surface hits 2673
WM  Intensity    46.5012 +/-   5.9151
Ctx Intensity    54.6121 +/-   9.2488
Pct Contrast     15.0106 +/-  22.0410
Cost   0.2702
RelCost   0.2974
Reg at min cost was 
 0.99985   0.00588   0.01641   0.78333;
-0.01636  -0.00750   0.99984  -5.53800;
 0.00600  -0.99995  -0.00741   1.01486;
 0.00000   0.00000   0.00000   1.00000;

Writing optimal reg to /out/sourcedata/freesurfer/sub-v2s0x30151_ses-1/mri/transforms/tmp.bbregister.15267/bbr.pass1.dat, type = 14 
Original Reg 
 0.99992   0.00244   0.01276   0.84317;
-0.01273  -0.01236   0.99984  -5.73095;
 0.00259  -0.99992  -0.01233   1.71475;
 0.00000   0.00000   0.00000   1.00000;

Original Reg - Optimal Reg
 0.00007  -0.00345  -0.00364   0.05984;
 0.00363  -0.00486   0.00000  -0.19295;
-0.00341   0.00003  -0.00492   0.69989;
 0.00000   0.00000   0.00000   0.00000;

Computing change in lh position
LH rmsDiffMean 0.674707
Computing change in rh position
Surface-RMS-Diff-mm 0.578117 0.173521 0.967737
mri_segreg done
mri_segreg --mov /out/sourcedata/freesurfer/sub-v2s0x30151_ses-1/mri/transforms/tmp.bbregister.15267/template.nii --init-reg /out/sourcedata/freesurfer/sub-v2s0x30151_ses-1/mri/transforms/tmp.bbregister.15267/bbr.pass1.dat --out-reg /out/sourcedata/freesurfer/sub-v2s0x30151_ses-1/mri/transforms/FLAIRraw.auto.dat --interp trilinear --wm-proj-abs 1 --tol 1e-8 --tol1d 1e-3 --c0 0 --mincost /out/sourcedata/freesurfer/sub-v2s0x30151_ses-1/mri/transforms/FLAIRraw.auto.dat.mincost --dof 6 --nmax 36 --param /out/sourcedata/freesurfer/sub-v2s0x30151_ses-1/mri/transforms/FLAIRraw.auto.dat.param --surf white --brute -0.1 0.1 0.1 --cur-reg /out/sourcedata/freesurfer/sub-v2s0x30151_ses-1/mri/transforms/tmp.bbregister.15267/reg.curopt.dat --gm-proj-abs 2 --nsub 1 --gm-gt-wm 0.5
7.3.2
setenv SUBJECTS_DIR /out/sourcedata/freesurfer
cd /out/sourcedata/freesurfer/sub-v2s0x30151_ses-1/scripts
mri_segreg --mov /out/sourcedata/freesurfer/sub-v2s0x30151_ses-1/mri/transforms/tmp.bbregister.15267/template.nii --init-reg /out/sourcedata/freesurfer/sub-v2s0x30151_ses-1/mri/transforms/tmp.bbregister.15267/bbr.pass1.dat --out-reg /out/sourcedata/freesurfer/sub-v2s0x30151_ses-1/mri/transforms/FLAIRraw.auto.dat --interp trilinear --wm-proj-abs 1 --tol 1e-8 --tol1d 1e-3 --c0 0 --mincost /out/sourcedata/freesurfer/sub-v2s0x30151_ses-1/mri/transforms/FLAIRraw.auto.dat.mincost --dof 6 --nmax 36 --param /out/sourcedata/freesurfer/sub-v2s0x30151_ses-1/mri/transforms/FLAIRraw.auto.dat.param --surf white --brute -0.1 0.1 0.1 --cur-reg /out/sourcedata/freesurfer/sub-v2s0x30151_ses-1/mri/transforms/tmp.bbregister.15267/reg.curopt.dat --gm-proj-abs 2 --nsub 1 --gm-gt-wm 0.5 
sysname  Linux
hostname dna043
machine  x86_64
user     oesteban
movvol /out/sourcedata/freesurfer/sub-v2s0x30151_ses-1/mri/transforms/tmp.bbregister.15267/template.nii
regfile /out/sourcedata/freesurfer/sub-v2s0x30151_ses-1/mri/transforms/tmp.bbregister.15267/bbr.pass1.dat
subject sub-v2s0x30151_ses-1
dof 6
outregfile /out/sourcedata/freesurfer/sub-v2s0x30151_ses-1/mri/transforms/FLAIRraw.auto.dat
UseMask 0
UseLH 1
UseRH 1
nsubsamp 1
PenaltySign  -1
PenaltySlope 0.500000
PenaltyCenter 0.000000
surfname white
GMProjAbs 2.000000
WMProjAbs 1.000000
lhcostfile (null)
rhcostfile (null)
interp  trilinear (1)
frame  0
TolPowell 0.000000
nMaxItersPowell 36
n1dmin  3
Profile   0
Gdiag_no  -1
AddNoise  0 (0)
SynthSeed 1773421536
TransRandMax 0.000000
RotRandMax 0.000000
Translations 0.000000 0.000000 0.000000
Rotations   0.000000 0.000000 0.000000
Input reg
 0.99985   0.00588   0.01641   0.78333;
-0.01636  -0.00750   0.99984  -5.53800;
 0.00600  -0.99995  -0.00741   1.01486;
 0.00000   0.00000   0.00000   1.00000;

Loading mov
ExcludeZeroVoxels 1
Reading in targ vol /out/sourcedata/freesurfer/sub-v2s0x30151_ses-1/mri/orig.mgz
Projecting LH Surfs
Loading lh.white surf
GM Proj: 0 0.500000 2.000000
WM Proj: 0 0.500000 1.000000
Projecting RH Surfs
Loading rh.white surf
Projecting RH Surfs
Using lh.cortex.label
Using rh.cortex.label
Computing relative cost
 0  -25.0 -25.0 -25.0   1.027913
 1  -25.0 -25.0  25.0   1.018328
 2  -25.0  25.0 -25.0   1.004926
 3  -25.0  25.0  25.0   1.023549
 4   25.0 -25.0 -25.0   1.019985
 5   25.0 -25.0  25.0   1.025883
 6   25.0  25.0 -25.0   1.010087
 7   25.0  25.0  25.0   1.028849
REL:  8  0.318159    8.159519  1.019940 rel = 0.311939 
Initial costs ----------------
Number of surface hits 267149
WM  Intensity    47.2772 +/-   5.6824
Ctx Intensity    54.5325 +/-   9.2315
Pct Contrast     13.1731 +/-  22.0935
Cost   0.3182
RelCost   0.3119

------------------------------------
Brute force preopt -0.1 0.1 0.1, n = 729
     0  -0.1000  -0.1000  -0.1000  -0.1000  -0.1000  -0.1000      0.3077   0.3077  0.0
     7  -0.1000  -0.1000  -0.1000  -0.1000   0.1000   0.0000      0.3056   0.3056  0.0
     9  -0.1000  -0.1000  -0.1000   0.0000  -0.1000  -0.1000      0.3038   0.3038  0.0
    10  -0.1000  -0.1000  -0.1000   0.0000  -0.1000   0.0000      0.3025   0.3025  0.0
    13  -0.1000  -0.1000  -0.1000   0.0000   0.0000   0.0000      0.3012   0.3012  0.0
    14  -0.1000  -0.1000  -0.1000   0.0000   0.0000   0.1000      0.3009   0.3009  0.0
    19  -0.1000  -0.1000  -0.1000   0.1000  -0.1000   0.0000      0.2995   0.2995  0.0
   253   0.0000  -0.1000  -0.1000   0.0000  -0.1000   0.0000      0.2993   0.2993  0.0
   262   0.0000  -0.1000  -0.1000   0.1000  -0.1000   0.0000      0.2991   0.2991  0.0
   263   0.0000  -0.1000  -0.1000   0.1000  -0.1000   0.1000      0.2979   0.2979  0.0
   265   0.0000  -0.1000  -0.1000   0.1000   0.0000   0.0000      0.2971   0.2971  0.0
   295   0.0000  -0.1000   0.0000   0.1000   0.1000   0.0000      0.2963   0.2963  0.0
   506   0.1000  -0.1000  -0.1000   0.1000  -0.1000   0.1000      0.2959   0.2959  0.0
   536   0.1000  -0.1000   0.0000   0.1000   0.0000   0.1000      0.2948   0.2948  0.0
   539   0.1000  -0.1000   0.0000   0.1000   0.1000   0.1000      0.2940   0.2940  0.0
Brute Force --------------------------
Min cost was 0.294005
Number of iterations   729
Search time 1.165530 sec
Parameters at best (transmm, rotdeg)
  0.100  -0.100   0.000  0.100  0.100  0.100 
--------------------------------------------

Starting Powell Minimization
Init Powel Params dof = 6
0 0.1
1 -0.1
2 0
3 0.1
4 0.1
5 0.1
fs_powell::minimize
  nparams 6
  maxfev 36
  ftol   0.000000
  linmin_xtol_   0.001000
  powell nthiter 0: fret = 0.310389
   7  0.275 -0.100  0.000  0.100  0.100  0.100   0.3078501041
   8  0.277 -0.100  0.000  0.100  0.100  0.100   0.3078440616
  10  0.286 -0.100  0.000  0.100  0.100  0.100   0.3078313902
  12  0.287 -0.100  0.000  0.100  0.100  0.100   0.3078312957
  22  0.287 -0.095  0.000  0.100  0.100  0.100   0.3078312159
  23  0.287 -0.098  0.000  0.100  0.100  0.100   0.3078302643
  32  0.287 -0.098  0.055  0.100  0.100  0.100   0.3075286088
  33  0.287 -0.098  0.057  0.100  0.100  0.100   0.3075192007
  36  0.287 -0.098  0.074  0.100  0.100  0.100   0.3074819744
  38  0.287 -0.098  0.076  0.100  0.100  0.100   0.3074809746
  47  0.287 -0.098  0.076  0.123  0.100  0.100   0.3074546647
  48  0.287 -0.098  0.076  0.116  0.100  0.100   0.3074262780
  49  0.287 -0.098  0.076  0.113  0.100  0.100   0.3074237911
  58  0.287 -0.098  0.076  0.113  0.145  0.100   0.3070478017
  59  0.287 -0.098  0.076  0.113  0.174  0.100   0.3069922251
  61  0.287 -0.098  0.076  0.113  0.178  0.100   0.3069911367
  62  0.287 -0.098  0.076  0.113  0.179  0.100   0.3069904637
  74  0.287 -0.098  0.076  0.113  0.179  0.158   0.3068691610
  75  0.287 -0.098  0.076  0.113  0.179  0.140   0.3068365898
  powell nthiter 1: fret = 0.306837
  85  0.290 -0.098  0.076  0.113  0.179  0.140   0.3068217950
  86  0.321 -0.098  0.076  0.113  0.179  0.140   0.3067088142
  88  0.329 -0.098  0.076  0.113  0.179  0.140   0.3067067503
  89  0.327 -0.098  0.076  0.113  0.179  0.140   0.3067059385
  99  0.327 -0.100  0.076  0.113  0.179  0.140   0.3067052392
 109  0.327 -0.100  0.068  0.113  0.179  0.140   0.3066935576
 119  0.327 -0.100  0.068  0.120  0.179  0.140   0.3066808127
 120  0.327 -0.100  0.068  0.121  0.179  0.140   0.3066806800
 129  0.327 -0.100  0.068  0.121  0.177  0.140   0.3066796059
 130  0.327 -0.100  0.068  0.121  0.175  0.140   0.3066787639
 134  0.327 -0.100  0.068  0.121  0.174  0.140   0.3066787324
 135  0.327 -0.100  0.068  0.121  0.173  0.140   0.3066784135
 142  0.327 -0.100  0.068  0.121  0.173  0.183   0.3066477894
 143  0.327 -0.100  0.068  0.121  0.173  0.165   0.3066279595
 146  0.366 -0.102  0.060  0.129  0.167  0.190   0.3065652770
 153  0.361 -0.102  0.061  0.128  0.168  0.187   0.3065635746
 159  0.361 -0.102  0.061  0.128  0.168  0.187   0.3065635218
 161  0.361 -0.102  0.061  0.128  0.168  0.187   0.3065634772
  powell nthiter 2: fret = 0.306563
 169  0.361 -0.102  0.061  0.128  0.168  0.195   0.3065616318
 170  0.361 -0.102  0.061  0.128  0.168  0.193   0.3065611346
 180  0.361 -0.101  0.061  0.128  0.168  0.193   0.3065611050
 189  0.361 -0.101  0.056  0.128  0.168  0.193   0.3065574460
  powell nthiter 3: fret = 0.306557
 244  0.361 -0.100  0.056  0.128  0.168  0.193   0.3065574257
  powell nthiter 4: fret = 0.306557
 300  0.361 -0.100  0.056  0.128  0.168  0.192   0.3065574127
 339  0.361 -0.100  0.056  0.128  0.167  0.192   0.3065572399
  powell nthiter 5: fret = 0.306557
 375  0.361 -0.101  0.056  0.128  0.167  0.192   0.3065572355
 383  0.361 -0.101  0.057  0.128  0.167  0.192   0.3065571864
  powell nthiter 6: fret = 0.306557
Powell done niters = 6
Computing relative cost
 0  -25.0 -25.0 -25.0   1.027522
 1  -25.0 -25.0  25.0   1.016916
 2  -25.0  25.0 -25.0   1.006626
 3  -25.0  25.0  25.0   1.023551
 4   25.0 -25.0 -25.0   1.022517
 5   25.0 -25.0  25.0   1.028638
 6   25.0  25.0 -25.0   1.008529
 7   25.0  25.0  25.0   1.027927
REL:  8  0.306557    8.162225  1.020278 rel = 0.300464 
Number of iterations     6
Min cost was 0.306557
Number of FunctionCalls   488
TolPowell 0.000000
nMaxItersPowell 36
OptimizationTime 21.152768 sec
Parameters at optimum (transmm)  0.36078 -0.09980  0.05672
Parameters at optimum (rotdeg)  0.12806  0.16685  0.19186 
Final costs ----------------
Number of surface hits 267149
WM  Intensity    47.0802 +/-   5.6293
Ctx Intensity    54.5383 +/-   9.2926
Pct Contrast     13.5478 +/-  22.2852
Cost   0.3066
RelCost   0.3119
Reg at min cost was 
 0.99991   0.00299   0.01304   1.16558;
-0.01303  -0.00526   0.99990  -5.63739;
 0.00306  -0.99998  -0.00522   1.05692;
 0.00000   0.00000   0.00000   1.00000;

Writing optimal reg to /out/sourcedata/freesurfer/sub-v2s0x30151_ses-1/mri/transforms/FLAIRraw.auto.dat, type = 14 
Original Reg 
 0.99985   0.00588   0.01641   0.78333;
-0.01636  -0.00750   0.99984  -5.53800;
 0.00600  -0.99995  -0.00741   1.01486;
 0.00000   0.00000   0.00000   1.00000;

Original Reg - Optimal Reg
-0.00006   0.00289   0.00336  -0.38224;
-0.00333  -0.00224  -0.00006   0.09939;
 0.00295   0.00003  -0.00219  -0.04205;
 0.00000   0.00000   0.00000   0.00000;

Computing change in lh position
LH rmsDiffMean 0.440208
Computing change in rh position
Surface-RMS-Diff-mm 0.388763 0.151877 0.750355
mri_segreg done
MinCost: 0.306557 47.080207 54.538251 13.547788 
tkregister2_cmdl --mov /out/sourcedata/freesurfer/sub-v2s0x30151_ses-1/mri/orig/FLAIRraw.mgz --reg /out/sourcedata/freesurfer/sub-v2s0x30151_ses-1/mri/transforms/FLAIRraw.auto.dat --noedit --ltaout /out/sourcedata/freesurfer/sub-v2s0x30151_ses-1/mri/transforms/FLAIRraw.auto.lta
INFO: no target volume specified, assuming FreeSurfer orig volume.
target  volume orig
movable volume /out/sourcedata/freesurfer/sub-v2s0x30151_ses-1/mri/orig/FLAIRraw.mgz
reg file       /out/sourcedata/freesurfer/sub-v2s0x30151_ses-1/mri/transforms/FLAIRraw.auto.dat
LoadVol        0
ZeroCRAS       0
7.3.2
Diagnostic Level -1
---- Input registration matrix --------
 0.99991   0.00299   0.01304   1.16558;
-0.01303  -0.00526   0.99990  -5.63739;
 0.00306  -0.99998  -0.00522   1.05692;
 0.00000   0.00000   0.00000   1.00000;
float2int = 0
---------------------------------------
INFO: loading target /out/sourcedata/freesurfer/sub-v2s0x30151_ses-1/mri/orig.mgz
Ttarg: --------------------
-1.00000   0.00000   0.00000   128.00000;
 0.00000   0.00000   1.00000  -128.00000;
 0.00000  -1.00000   0.00000   128.00000;
 0.00000   0.00000   0.00000   1.00000;
INFO: loading movable /out/sourcedata/freesurfer/sub-v2s0x30151_ses-1/mri/orig/FLAIRraw.mgz
Tmov: --------------------
-0.97656   0.00000   0.00000   91.30859;
 0.00000   0.00000   0.97656  -125.00000;
 0.00000  -0.97656   0.00000   125.00000;
 0.00000   0.00000   0.00000   1.00000;
mkheaderreg = 0, float2int = 0
---- Input registration matrix --------
 0.99991   0.00299   0.01304   1.16558;
-0.01303  -0.00526   0.99990  -5.63739;
 0.00306  -0.99998  -0.00522   1.05692;
 0.00000   0.00000   0.00000   1.00000;
Determinant 1
subject = sub-v2s0x30151_ses-1
RegMat ---------------------------
 0.99991   0.00299   0.01304   1.16558;
-0.01303  -0.00526   0.99990  -5.63739;
 0.00306  -0.99998  -0.00522   1.05692;
 0.00000   0.00000   0.00000   1.00000;
Cleaning up
 
Started at Tue Mar 10 15:42:29 CET 2026 
Ended   at Tue Mar 10 15:43:55 CET 2026
BBR-Run-Time-Sec 86
 
bbregister Done
To check results, run:
tkregisterfv --mov /out/sourcedata/freesurfer/sub-v2s0x30151_ses-1/mri/orig/FLAIRraw.mgz --reg /out/sourcedata/freesurfer/sub-v2s0x30151_ses-1/mri/transforms/FLAIRraw.auto.lta --surfs  --sd /out/sourcedata/freesurfer
