/out/sourcedata/freesurfer/sub-v2s0x30151_ses-1/mri
/opt/freesurfer/bin/talairach_avi
--i orig_nu.mgz --xfm transforms/talairach.auto.xfm
talairach_avi 7.3.2
Linux dna043 5.14.0-427.37.1.el9_4.x86_64 #1 SMP PREEMPT_DYNAMIC Fri Sep 13 12:41:50 EDT 2024 x86_64 x86_64 x86_64 GNU/Linux
Tue Mar 10 13:31:34 CET 2026
mri_convert orig_nu.mgz talsrcimg.img 
reading from orig_nu.mgz...
TR=0.00, TE=0.00, TI=0.00, flip angle=0.00
i_ras = (-1, 0, 0)
j_ras = (0, 0, -1)
k_ras = (0, 1, 0)
writing to talsrcimg.img...
Analyze Output Matrix
-1.00000   0.00000   0.00000   129.77406;
 0.00000   0.00000   1.00000  -115.23433;
 0.00000  -1.00000   0.00000   101.24355;
 0.00000   0.00000   0.00000   1.00000;
--------------------
INFO: set hdr.hist.orient to -1
mpr2mni305 talsrcimg
Tue Mar 10 13:31:35 CET 2026
/opt/freesurfer/bin/mpr2mni305 talsrcimg
mpr2mni305 7.3.2
target=711-2C_as_mni_average_305

---------------------------------------------------------------------
analyzeto4dfp talsrcimg -O0 -y
---------------------------------------------------------------------

freesurfer ifh2hdr.c
Tue Mar 10 13:31:35 2026
Writing: talsrcimg.4dfp.hdr
freesurfer analyzeto4dfp.c
Reading: talsrcimg.hdr
header size 348 bytes
hdr.dime.datatype	offset=70	value=2
hdr.dime.bitpix		offset=72	value=8
hdr.hist.orient		offset=252	value=-1
dimensionality     4
dimensions       256       256       256         1
Reading: talsrcimg.img
Writing: talsrcimg.4dfp.img
Writing: talsrcimg.4dfp.ifh
ifh2hdr talsrcimg -r0to237
ori=2

---------------------------------------------------------------------
gauss_4dfp talsrcimg 1.1
---------------------------------------------------------------------

freesurfer gauss_4dfp.c
Reading: talsrcimg.4dfp.img
Writing: talsrcimg_g11.4dfp.img
image dimensions 256 256 256 padded to 288 288 288
processing volume 1freesurfer ifh2hdr.c
Tue Mar 10 13:31:37 2026
Writing: talsrcimg_g11.4dfp.hdr

Writing: talsrcimg_g11.4dfp.ifh
including: talsrcimg.4dfp.img.rec in talsrcimg_g11.4dfp.img.rec

---------------------------------------------------------------------
imgreg_4dfp /opt/freesurfer/average/711-2C_as_mni_average_305 none talsrcimg_g11 none talsrcimg_to_711-2C_as_mni_average_305_t4 4355
---------------------------------------------------------------------

freesurfer imgreg_4dfp.c
/opt/freesurfer/average/711-2C_as_mni_average_305.4dfp.img
       256       256       256         1
  1.000000  1.000000  1.000000
orientation T byte_order littleendian
Reading image: /opt/freesurfer/average/711-2C_as_mni_average_305.4dfp.img
dimensions:      256       256       256
mmppix:       1.0000   -1.0000   -1.0000
center:     128.0000 -129.0000 -129.0000
talsrcimg_g11.4dfp.img
       256       256       256         1
  1.000000  1.000000  1.000000
orientation T byte_order littleendian
Reading image: talsrcimg_g11.4dfp.img
dimensions:      256       256       256
mmppix:       1.0000   -1.0000   -1.0000
center:     128.0000 -129.0000 -129.0000
t4_read: open error in t4_sub.f l:  41 t4_file(1:l)talsrcimg_to_711-2C_as_mni_average_305_t4 
t4_read: transform initialized to I4
rotation matrix determinant  1.000000
image alignment mode   4355 decimal     1103 hex
   -7.5000  -45.0000  -45.0000 6188.1997   11.6093
    0.0000  -45.0000  -45.0000 6469.6772   11.6214
    7.5000  -45.0000  -45.0000 6192.9282   11.6477
   -7.5000  -37.5000  -45.0000 6751.2798   11.2061
    0.0000  -37.5000  -45.0000 7067.3018   11.2139
    7.5000  -37.5000  -45.0000 6745.2383   11.2350
   -7.5000  -30.0000  -45.0000 7616.2505   10.9552
    0.0000  -30.0000  -45.0000 7991.9761   10.9592
    7.5000  -30.0000  -45.0000 7604.9316   10.9789
   -7.5000  -22.5000  -45.0000 8483.8232   10.7956
    0.0000  -22.5000  -45.0000 8891.5674   10.8007
    7.5000  -22.5000  -45.0000 8460.9248   10.8230
   -7.5000  -15.0000  -45.0000 9348.6572   10.7312
    0.0000  -15.0000  -45.0000 9767.9932   10.7403
    7.5000  -15.0000  -45.0000 9315.5752   10.7651
   -7.5000   -7.5000  -45.000010230.4629   10.7310
    0.0000   -7.5000  -45.000010684.7295   10.7435
    7.5000   -7.5000  -45.000010207.5391   10.7687
   -7.5000    0.0000  -45.000011080.8877   10.7227
    0.0000    0.0000  -45.000011576.6602   10.7343
    7.5000    0.0000  -45.000011059.7021   10.7569
   -7.5000    7.5000  -45.000011148.1680   10.7123
    0.0000    7.5000  -45.000011652.5205   10.7199
    7.5000    7.5000  -45.000011114.2676   10.7396
   -7.5000   15.0000  -45.000011105.9824   10.7099
    0.0000   15.0000  -45.000011603.4902   10.7141
    7.5000   15.0000  -45.000011061.2490   10.7335
   -7.5000   22.5000  -45.000010885.8037   10.7179
    0.0000   22.5000  -45.000011407.2285   10.7229
    7.5000   22.5000  -45.000010859.1201   10.7447
   -7.5000   30.0000  -45.000010450.7803   10.5872
    0.0000   30.0000  -45.000010964.5996   10.5961
    7.5000   30.0000  -45.000010423.5283   10.6207
   -7.5000   37.5000  -45.000010294.1104   10.5880
    0.0000   37.5000  -45.000010791.1367   10.6004
    7.5000   37.5000  -45.000010253.7246   10.6252
   -7.5000   45.0000  -45.0000 9769.4805   10.3111
    0.0000   45.0000  -45.000010250.8779   10.3223
    7.5000   45.0000  -45.0000 9735.9375   10.3440
   -7.5000  -45.0000  -37.5000 6488.8521   11.5370
    0.0000  -45.0000  -37.5000 6810.1523   11.5480
    7.5000  -45.0000  -37.5000 6485.8096   11.5737
   -7.5000  -37.5000  -37.5000 7072.9697   11.1352
    0.0000  -37.5000  -37.5000 7416.3721   11.1423
    7.5000  -37.5000  -37.5000 7051.9331   11.1623
   -7.5000  -30.0000  -37.5000 7981.2192   10.8883
    0.0000  -30.0000  -37.5000 8364.8945   10.8910
    7.5000  -30.0000  -37.5000 7951.9863   10.9090
   -7.5000  -22.5000  -37.5000 8932.8115   10.7343
    0.0000  -22.5000  -37.5000 9346.3340   10.7373
    7.5000  -22.5000  -37.5000 8894.0977   10.7571
   -7.5000  -15.0000  -37.5000 9876.8066   10.6731
    0.0000  -15.0000  -37.500010315.4609   10.6801
    7.5000  -15.0000  -37.5000 9844.6055   10.7027
   -7.5000   -7.5000  -37.500010819.4912   10.6709
    0.0000   -7.5000  -37.500011303.0908   10.6819
    7.5000   -7.5000  -37.500010798.1074   10.7057
   -7.5000    0.0000  -37.500011731.4219   10.6591
    0.0000    0.0000  -37.500012265.2676   10.6700
    7.5000    0.0000  -37.500011708.0137   10.6918
   -7.5000    7.5000  -37.500011741.8867   10.6472
    0.0000    7.5000  -37.500012279.4590   10.6541
    7.5000    7.5000  -37.500011718.1074   10.6728
   -7.5000   15.0000  -37.500011660.8965   10.6457
    0.0000   15.0000  -37.500012176.8887   10.6486
    7.5000   15.0000  -37.500011636.7979   10.6662
   -7.5000   22.5000  -37.500011432.6094   10.6573
    0.0000   22.5000  -37.500011960.7598   10.6603
    7.5000   22.5000  -37.500011410.5791   10.6797
   -7.5000   30.0000  -37.500010995.0459   10.5299
    0.0000   30.0000  -37.500011521.9707   10.5367
    7.5000   30.0000  -37.500010969.9609   10.5591
   -7.5000   37.5000  -37.500010801.3496   10.5287
    0.0000   37.5000  -37.500011320.4375   10.5395
    7.5000   37.5000  -37.500010779.0420   10.5631
   -7.5000   45.0000  -37.500010255.9912   10.2500
    0.0000   45.0000  -37.500010742.3848   10.2605
    7.5000   45.0000  -37.500010226.9805   10.2815
   -7.5000  -45.0000  -30.0000 6882.5215   11.9956
    0.0000  -45.0000  -30.0000 7220.1685   12.0061
    7.5000  -45.0000  -30.0000 6869.0547   12.0352
   -7.5000  -37.5000  -30.0000 7501.6138   11.5771
    0.0000  -37.5000  -30.0000 7857.3398   11.5833
    7.5000  -37.5000  -30.0000 7476.2339   11.6061
   -7.5000  -30.0000  -30.0000 8495.1475   11.3207
    0.0000  -30.0000  -30.0000 8875.7910   11.3226
    7.5000  -30.0000  -30.0000 8449.3359   11.3426
   -7.5000  -22.5000  -30.0000 9536.7842   11.1648
    0.0000  -22.5000  -30.0000 9960.6689   11.1672
    7.5000  -22.5000  -30.0000 9492.8340   11.1882
   -7.5000  -15.0000  -30.000010575.0195   11.1042
    0.0000  -15.0000  -30.000011034.1250   11.1112
    7.5000  -15.0000  -30.000010528.4180   11.1354
   -7.5000   -7.5000  -30.000011587.3652   11.1004
    0.0000   -7.5000  -30.000012081.6777   11.1117
    7.5000   -7.5000  -30.000011555.8232   11.1381
   -7.5000    0.0000  -30.000012554.1162   11.0844
    0.0000    0.0000  -30.000013093.1406   11.0954
    7.5000    0.0000  -30.000012538.0703   11.1202
   -7.5000    7.5000  -30.000012540.3525   11.0696
    0.0000    7.5000  -30.000013088.2529   11.0760
    7.5000    7.5000  -30.000012524.8018   11.0975
   -7.5000   15.0000  -30.000012451.2334   11.0688
    0.0000   15.0000  -30.000012981.9502   11.0709
    7.5000   15.0000  -30.000012436.2617   11.0905
   -7.5000   22.5000  -30.000012214.2373   11.0837
    0.0000   22.5000  -30.000012760.3936   11.0860
    7.5000   22.5000  -30.000012199.4258   11.1067
   -7.5000   30.0000  -30.000011741.1035   10.9562
    0.0000   30.0000  -30.000012292.3057   10.9631
    7.5000   30.0000  -30.000011729.2158   10.9870
   -7.5000   37.5000  -30.000011537.5850   10.9535
    0.0000   37.5000  -30.000012072.6885   10.9647
    7.5000   37.5000  -30.000011525.0342   10.9907
   -7.5000   45.0000  -30.000010946.9902   10.6669
    0.0000   45.0000  -30.000011448.7158   10.6774
    7.5000   45.0000  -30.000010933.0322   10.7013
   -7.5000  -45.0000  -22.5000 7262.6953   12.4106
    0.0000  -45.0000  -22.5000 7598.4482   12.4222
    7.5000  -45.0000  -22.5000 7242.1011   12.4554
   -7.5000  -37.5000  -22.5000 7925.9170   11.9802
    0.0000  -37.5000  -22.5000 8277.9199   11.9867
    7.5000  -37.5000  -22.5000 7898.2100   12.0137
   -7.5000  -30.0000  -22.5000 8991.3545   11.7119
    0.0000  -30.0000  -22.5000 9382.7002   11.7150
    7.5000  -30.0000  -22.5000 8950.5068   11.7389
   -7.5000  -22.5000  -22.500010131.4121   11.5483
    0.0000  -22.5000  -22.500010563.1064   11.5535
    7.5000  -22.5000  -22.500010081.8818   11.5779
   -7.5000  -15.0000  -22.500011264.2109   11.4855
    0.0000  -15.0000  -22.500011733.4248   11.4963
    7.5000  -15.0000  -22.500011220.6123   11.5236
   -7.5000   -7.5000  -22.500012359.2051   11.4841
    0.0000   -7.5000  -22.500012873.9912   11.4984
    7.5000   -7.5000  -22.500012339.5645   11.5283
   -7.5000    0.0000  -22.500013393.3271   11.4696
    0.0000    0.0000  -22.500013958.0078   11.4819
    7.5000    0.0000  -22.500013387.0664   11.5107
   -7.5000    7.5000  -22.500013403.3320   11.4540
    0.0000    7.5000  -22.500013973.1152   11.4610
    7.5000    7.5000  -22.500013407.3008   11.4866
   -7.5000   15.0000  -22.500013287.6406   11.4514
    0.0000   15.0000  -22.500013865.3486   11.4547
    7.5000   15.0000  -22.500013290.1621   11.4781
   -7.5000   22.5000  -22.500013013.9404   11.4637
    0.0000   22.5000  -22.500013613.1650   11.4687
    7.5000   22.5000  -22.500013028.5010   11.4928
   -7.5000   30.0000  -22.500012528.6094   11.3343
    0.0000   30.0000  -22.500013121.0693   11.3448
    7.5000   30.0000  -22.500012532.3320   11.3718
   -7.5000   37.5000  -22.500012326.4258   11.3339
    0.0000   37.5000  -22.500012906.5107   11.3480
    7.5000   37.5000  -22.500012336.8154   11.3775
   -7.5000   45.0000  -22.500011686.7998   11.0458
    0.0000   45.0000  -22.500012228.1729   11.0576
    7.5000   45.0000  -22.500011705.6660   11.0854
   -7.5000  -45.0000  -15.0000 7634.9595   12.6982
    0.0000  -45.0000  -15.0000 7959.8574   12.7118
    7.5000  -45.0000  -15.0000 7605.4404   12.7461
   -7.5000  -37.5000  -15.0000 8355.3115   12.2624
    0.0000  -37.5000  -15.0000 8705.0850   12.2702
    7.5000  -37.5000  -15.0000 8316.0010   12.2988
   -7.5000  -30.0000  -15.0000 9488.2607   11.9856
    0.0000  -30.0000  -15.0000 9893.8408   11.9910
    7.5000  -30.0000  -15.0000 9452.6982   12.0169
   -7.5000  -22.5000  -15.000010706.8018   11.8135
    0.0000  -22.5000  -15.000011152.9922   11.8221
    7.5000  -22.5000  -15.000010669.3438   11.8492
   -7.5000  -15.0000  -15.000011926.8027   11.7468
    0.0000  -15.0000  -15.000012424.8799   11.7612
    7.5000  -15.0000  -15.000011908.7529   11.7910
   -7.5000   -7.5000  -15.000013119.3125   11.7485
    0.0000   -7.5000  -15.000013661.6826   11.7656
    7.5000   -7.5000  -15.000013117.3945   11.7972
   -7.5000    0.0000  -15.000014241.9971   11.7384
    0.0000    0.0000  -15.000014855.5176   11.7521
    7.5000    0.0000  -15.000014239.3037   11.7823
   -7.5000    7.5000  -15.000014309.6943   11.7242
    0.0000    7.5000  -15.000014960.1465   11.7325
    7.5000    7.5000  -15.000014341.5186   11.7597
   -7.5000   15.0000  -15.000014162.6855   11.7194
    0.0000   15.0000  -15.000014834.9033   11.7251
    7.5000   15.0000  -15.000014218.2490   11.7506
   -7.5000   22.5000  -15.000013846.6865   11.7266
    0.0000   22.5000  -15.000014505.4775   11.7350
    7.5000   22.5000  -15.000013886.4102   11.7618
   -7.5000   30.0000  -15.000013332.1445   11.5937
    0.0000   30.0000  -15.000013991.7969   11.6079
    7.5000   30.0000  -15.000013360.4424   11.6373
   -7.5000   37.5000  -15.000013137.8721   11.5965
    0.0000   37.5000  -15.000013808.3486   11.6133
    7.5000   37.5000  -15.000013201.4443   11.6445
   -7.5000   45.0000  -15.000012459.9082   11.3115
    0.0000   45.0000  -15.000013069.6953   11.3247
    7.5000   45.0000  -15.000012517.5781   11.3538
   -7.5000  -45.0000   -7.5000 8038.4878   12.8304
    0.0000  -45.0000   -7.5000 8369.6982   12.8446
    7.5000  -45.0000   -7.5000 8019.4951   12.8765
   -7.5000  -37.5000   -7.5000 8805.6650   12.3917
    0.0000  -37.5000   -7.5000 9167.7002   12.4006
    7.5000  -37.5000   -7.5000 8773.8975   12.4269
   -7.5000  -30.0000   -7.500010023.7764   12.1137
    0.0000  -30.0000   -7.500010430.8838   12.1197
    7.5000  -30.0000   -7.5000 9979.5723   12.1443
   -7.5000  -22.5000   -7.500011309.3818   11.9374
    0.0000  -22.5000   -7.500011742.9961   11.9460
    7.5000  -22.5000   -7.500011249.3711   11.9728
   -7.5000  -15.0000   -7.500012631.2412   11.8672
    0.0000  -15.0000   -7.500013098.4834   11.8808
    7.5000  -15.0000   -7.500012567.3818   11.9103
   -7.5000   -7.5000   -7.500013934.1992   11.8694
    0.0000   -7.5000   -7.500014468.0352   11.8858
    7.5000   -7.5000   -7.500013876.6162   11.9160
   -7.5000    0.0000   -7.500015153.7549   11.8618
    0.0000    0.0000   -7.500015803.6328   11.8756
    7.5000    0.0000   -7.500015097.0635   11.9035
   -7.5000    7.5000   -7.500015276.4658   11.8497
    0.0000    7.5000   -7.500016038.7871   11.8587
    7.5000    7.5000   -7.500015298.7256   11.8837
   -7.5000   15.0000   -7.500015137.8721   11.8452
    0.0000   15.0000   -7.500015969.4346   11.8514
    7.5000   15.0000   -7.500015206.6523   11.8757
   -7.5000   22.5000   -7.500014770.2168   11.8485
    0.0000   22.5000   -7.500015569.5098   11.8568
    7.5000   22.5000   -7.500014823.9004   11.8833
   -7.5000   30.0000   -7.500014203.3857   11.7122
    0.0000   30.0000   -7.500014969.6553   11.7256
    7.5000   30.0000   -7.500014250.8994   11.7548
   -7.5000   37.5000   -7.500014036.6240   11.7155
    0.0000   37.5000   -7.500014824.1523   11.7316
    7.5000   37.5000   -7.500014105.2871   11.7615
   -7.5000   45.0000   -7.500013301.8232   11.4325
    0.0000   45.0000   -7.500014048.9609   11.4459
    7.5000   45.0000   -7.500013358.7529   11.4728
   -7.5000  -45.0000    0.0000 8382.3965   12.8497
    0.0000  -45.0000    0.0000 8726.5449   12.8632
    7.5000  -45.0000    0.0000 8349.1924   12.8921
   -7.5000  -37.5000    0.0000 9220.8730   12.4082
    0.0000  -37.5000    0.0000 9592.3906   12.4171
    7.5000  -37.5000    0.0000 9173.7119   12.4403
   -7.5000  -30.0000    0.000010491.4043   12.1331
    0.0000  -30.0000    0.000010903.2178   12.1378
    7.5000  -30.0000    0.000010450.6338   12.1595
   -7.5000  -22.5000    0.000011827.6143   11.9578
    0.0000  -22.5000    0.000012256.0381   11.9638
    7.5000  -22.5000    0.000011758.3613   11.9881
   -7.5000  -15.0000    0.000013201.5752   11.8869
    0.0000  -15.0000    0.000013686.7754   11.8973
    7.5000  -15.0000    0.000013138.7100   11.9244
   -7.5000   -7.5000    0.000014588.7852   11.8871
    0.0000   -7.5000    0.000015189.0127   11.9011
    7.5000   -7.5000    0.000014545.5010   11.9286
   -7.5000    0.0000    0.000015916.4258   11.8782
    0.0000    0.0000    0.000016675.7578   11.8912
    7.5000    0.0000    0.000015887.6338   11.9160
   -7.5000    7.5000    0.000016122.0068   11.8669
    0.0000    7.5000    0.000017085.8262   11.8755
    7.5000    7.5000    0.000016156.0342   11.8973
   -7.5000   15.0000    0.000016083.1934   11.8641
    0.0000   15.0000    0.000017198.6602   11.8691
    7.5000   15.0000    0.000016156.0381   11.8905
   -7.5000   22.5000    0.000015723.6533   11.8687
    0.0000   22.5000    0.000016834.8672   11.8745
    7.5000   22.5000    0.000015812.7998   11.8984
   -7.5000   30.0000    0.000015101.9688   11.7320
    0.0000   30.0000    0.000016116.8389   11.7423
    7.5000   30.0000    0.000015155.2422   11.7689
   -7.5000   37.5000    0.000014938.9658   11.7332
    0.0000   37.5000    0.000015951.9971   11.7471
    7.5000   37.5000    0.000014976.7676   11.7742
   -7.5000   45.0000    0.000014168.2500   11.4492
    0.0000   45.0000    0.000015126.5742   11.4617
    7.5000   45.0000    0.000014192.1826   11.4856
   -7.5000  -45.0000    7.5000 8029.4292   12.8632
    0.0000  -45.0000    7.5000 8405.7793   12.8755
    7.5000  -45.0000    7.5000 8028.9395   12.9040
   -7.5000  -37.5000    7.5000 8839.8154   12.4169
    0.0000  -37.5000    7.5000 9230.7812   12.4249
    7.5000  -37.5000    7.5000 8832.9639   12.4471
   -7.5000  -30.0000    7.500010093.1562   12.1431
    0.0000  -30.0000    7.500010535.8340   12.1462
    7.5000  -30.0000    7.500010087.1621   12.1662
   -7.5000  -22.5000    7.500011439.4111   11.9724
    0.0000  -22.5000    7.500011911.7617   11.9758
    7.5000  -22.5000    7.500011387.3916   11.9978
   -7.5000  -15.0000    7.500012815.1533   11.9043
    0.0000  -15.0000    7.500013377.9883   11.9120
    7.5000  -15.0000    7.500012784.8232   11.9373
   -7.5000   -7.5000    7.500014205.1172   11.9013
    0.0000   -7.5000    7.500014895.0400   11.9135
    7.5000   -7.5000    7.500014199.7715   11.9400
   -7.5000    0.0000    7.500015518.4580   11.8877
    0.0000    0.0000    7.500016349.3760   11.8999
    7.5000    0.0000    7.500015536.6191   11.9241
   -7.5000    7.5000    7.500015721.4941   11.8746
    0.0000    7.5000    7.500016755.3711   11.8822
    7.5000    7.5000    7.500015762.1875   11.9030
   -7.5000   15.0000    7.500015798.2314   11.8734
    0.0000   15.0000    7.500017130.2480   11.8767
    7.5000   15.0000    7.500015876.4893   11.8963
   -7.5000   22.5000    7.500015623.1748   11.8830
    0.0000   22.5000    7.500017079.7988   11.8862
    7.5000   22.5000    7.500015742.0430   11.9079
   -7.5000   30.0000    7.500015064.0664   11.7492
    0.0000   30.0000    7.500016368.3701   11.7568
    7.5000   30.0000    7.500015102.4219   11.7817
   -7.5000   37.5000    7.500014802.1230   11.7473
    0.0000   37.5000    7.500015993.3926   11.7593
    7.5000   37.5000    7.500014800.3711   11.7855
   -7.5000   45.0000    7.500013961.1523   11.4584
    0.0000   45.0000    7.500015003.7500   11.4701
    7.5000   45.0000    7.500013959.8291   11.4934
   -7.5000  -45.0000   15.0000 7578.3345   12.8806
    0.0000  -45.0000   15.0000 8003.9014   12.8919
    7.5000  -45.0000   15.0000 7603.8574   12.9231
   -7.5000  -37.5000   15.0000 8392.3076   12.4312
    0.0000  -37.5000   15.0000 8855.8516   12.4380
    7.5000  -37.5000   15.0000 8427.4297   12.4625
   -7.5000  -30.0000   15.0000 9651.4199   12.1560
    0.0000  -30.0000   15.000010149.1611   12.1580
    7.5000  -30.0000   15.0000 9671.1963   12.1795
   -7.5000  -22.5000   15.000010963.7930   11.9885
    0.0000  -22.5000   15.000011499.7031   11.9912
    7.5000  -22.5000   15.000010949.2852   12.0137
   -7.5000  -15.0000   15.000012297.4590   11.9234
    0.0000  -15.0000   15.000012901.0215   11.9310
    7.5000  -15.0000   15.000012284.8184   11.9569
   -7.5000   -7.5000   15.000013634.4785   11.9193
    0.0000   -7.5000   15.000014359.8311   11.9315
    7.5000   -7.5000   15.000013653.7129   11.9598
   -7.5000    0.0000   15.000014889.9053   11.9023
    0.0000    0.0000   15.000015743.0625   11.9140
    7.5000    0.0000   15.000014932.0342   11.9407
   -7.5000    7.5000   15.000015047.7393   11.8864
    0.0000    7.5000   15.000016019.3262   11.8932
    7.5000    7.5000   15.000015104.2051   11.9163
   -7.5000   15.0000   15.000015084.1436   11.8855
    0.0000   15.0000   15.000016358.6807   11.8877
    7.5000   15.0000   15.000015238.9912   11.9088
   -7.5000   22.5000   15.000014953.2363   11.8988
    0.0000   22.5000   15.000016352.5928   11.9013
    7.5000   22.5000   15.000015147.1006   11.9235
   -7.5000   30.0000   15.000014437.0449   11.7680
    0.0000   30.0000   15.000015620.7178   11.7755
    7.5000   30.0000   15.000014529.7578   11.8011
   -7.5000   37.5000   15.000014173.5283   11.7651
    0.0000   37.5000   15.000015227.8789   11.7771
    7.5000   37.5000   15.000014248.7715   11.8050
   -7.5000   45.0000   15.000013365.9609   11.4724
    0.0000   45.0000   15.000014319.7832   11.4837
    7.5000   45.0000   15.000013447.9980   11.5094
   -7.5000  -45.0000   22.5000 6995.1221   12.8834
    0.0000  -45.0000   22.5000 7365.2275   12.8955
    7.5000  -45.0000   22.5000 7007.8550   12.9299
   -7.5000  -37.5000   22.5000 7810.0562   12.4367
    0.0000  -37.5000   22.5000 8237.2500   12.4434
    7.5000  -37.5000   22.5000 7836.0645   12.4714
   -7.5000  -30.0000   22.5000 9040.6641   12.1581
    0.0000  -30.0000   22.5000 9527.2520   12.1613
    7.5000  -30.0000   22.5000 9053.8857   12.1861
   -7.5000  -22.5000   22.500010289.6309   11.9883
    0.0000  -22.5000   22.500010824.9121   11.9936
    7.5000  -22.5000   22.500010298.6973   12.0190
   -7.5000  -15.0000   22.500011558.5312   11.9231
    0.0000  -15.0000   22.500012142.9629   11.9342
    7.5000  -15.0000   22.500011587.2402   11.9627
   -7.5000   -7.5000   22.500012824.3711   11.9216
    0.0000   -7.5000   22.500013489.4824   11.9365
    7.5000   -7.5000   22.500012869.4111   11.9675
   -7.5000    0.0000   22.500013999.8623   11.9066
    0.0000    0.0000   22.500014757.8779   11.9193
    7.5000    0.0000   22.500014050.2422   11.9492
   -7.5000    7.5000   22.500014077.9326   11.8904
    0.0000    7.5000   22.500014927.4404   11.8976
    7.5000    7.5000   22.500014168.0146   11.9242
   -7.5000   15.0000   22.500014050.4473   11.8876
    0.0000   15.0000   22.500015075.8711   11.8911
    7.5000   15.0000   22.500014250.0186   11.9154
   -7.5000   22.5000   22.500013860.0000   11.8986
    0.0000   22.5000   22.500014787.9092   11.9038
    7.5000   22.5000   22.500014010.3525   11.9288
   -7.5000   30.0000   22.500013350.3076   11.7677
    0.0000   30.0000   22.500014085.4854   11.7787
    7.5000   30.0000   22.500013422.7764   11.8067
   -7.5000   37.5000   22.500013203.0820   11.7673
    0.0000   37.5000   22.500013944.8418   11.7820
    7.5000   37.5000   22.500013286.9502   11.8126
   -7.5000   45.0000   22.500012585.2520   11.4766
    0.0000   45.0000   22.500013349.6768   11.4888
    7.5000   45.0000   22.500012696.9521   11.5177
   -7.5000  -45.0000   30.0000 6312.1694   12.8933
    0.0000  -45.0000   30.0000 6631.0757   12.9069
    7.5000  -45.0000   30.0000 6310.1270   12.9418
   -7.5000  -37.5000   30.0000 7105.9648   12.4502
    0.0000  -37.5000   30.0000 7487.8257   12.4581
    7.5000  -37.5000   30.0000 7112.7837   12.4870
   -7.5000  -30.0000   30.0000 8252.0811   12.1688
    0.0000  -30.0000   30.0000 8711.7227   12.1742
    7.5000  -30.0000   30.0000 8260.5078   12.2005
   -7.5000  -22.5000   30.0000 9408.1064   11.9938
    0.0000  -22.5000   30.0000 9917.3711   12.0025
    7.5000  -22.5000   30.0000 9427.8037   12.0300
   -7.5000  -15.0000   30.000010584.5010   11.9258
    0.0000  -15.0000   30.000011134.7666   11.9404
    7.5000  -15.0000   30.000010626.0752   11.9708
   -7.5000   -7.5000   30.000011734.0605   11.9275
    0.0000   -7.5000   30.000012362.9131   11.9448
    7.5000   -7.5000   30.000011791.0010   11.9770
   -7.5000    0.0000   30.000012795.2422   11.9172
    0.0000    0.0000   30.000013454.7100   11.9311
    7.5000    0.0000   30.000012826.7148   11.9617
   -7.5000    7.5000   30.000012903.6162   11.9029
    0.0000    7.5000   30.000013618.8340   11.9113
    7.5000    7.5000   30.000012974.4111   11.9389
   -7.5000   15.0000   30.000012894.3545   11.8982
    0.0000   15.0000   30.000013687.4990   11.9038
    7.5000   15.0000   30.000013035.6055   11.9298
   -7.5000   22.5000   30.000012716.0684   11.9042
    0.0000   22.5000   30.000013369.3096   11.9126
    7.5000   22.5000   30.000012768.3643   11.9398
   -7.5000   30.0000   30.000012289.9990   11.7704
    0.0000   30.0000   30.000012858.2949   11.7848
    7.5000   30.0000   30.000012295.1025   11.8148
   -7.5000   37.5000   30.000012215.2266   11.7731
    0.0000   37.5000   30.000012841.6768   11.7902
    7.5000   37.5000   30.000012246.3877   11.8220
   -7.5000   45.0000   30.000011692.7930   11.4868
    0.0000   45.0000   30.000012350.9043   11.5002
    7.5000   45.0000   30.000011747.5820   11.5297
   -7.5000  -45.0000   37.5000 5935.6230   13.1405
    0.0000  -45.0000   37.5000 6226.5317   13.1551
    7.5000  -45.0000   37.5000 5918.9688   13.1884
   -7.5000  -37.5000   37.5000 6698.2891   12.6819
    0.0000  -37.5000   37.5000 7048.0488   12.6910
    7.5000  -37.5000   37.5000 6687.3154   12.7183
   -7.5000  -30.0000   37.5000 7790.7197   12.3916
    0.0000  -30.0000   37.5000 8230.6016   12.3976
    7.5000  -30.0000   37.5000 7814.0801   12.4230
   -7.5000  -22.5000   37.5000 8911.6699   12.2072
    0.0000  -22.5000   37.5000 9403.2363   12.2160
    7.5000  -22.5000   37.5000 8950.5010   12.2437
   -7.5000  -15.0000   37.500010051.6934   12.1336
    0.0000  -15.0000   37.500010580.9180   12.1478
    7.5000  -15.0000   37.500010092.9980   12.1783
   -7.5000   -7.5000   37.500011170.8174   12.1359
    0.0000   -7.5000   37.500011747.8232   12.1529
    7.5000   -7.5000   37.500011204.3916   12.1843
   -7.5000    0.0000   37.500012212.6387   12.1282
    0.0000    0.0000   37.500012797.7383   12.1425
    7.5000    0.0000   37.500012226.7070   12.1715
   -7.5000    7.5000   37.500012367.1475   12.1160
    0.0000    7.5000   37.500012998.2734   12.1251
    7.5000    7.5000   37.500012434.7998   12.1509
   -7.5000   15.0000   37.500012376.1611   12.1113
    0.0000   15.0000   37.500013019.1836   12.1175
    7.5000   15.0000   37.500012461.6738   12.1426
   -7.5000   22.5000   37.500012185.1484   12.1145
    0.0000   22.5000   37.500012729.2920   12.1231
    7.5000   22.5000   37.500012195.1045   12.1504
   -7.5000   30.0000   37.500011803.1602   11.9754
    0.0000   30.0000   37.500012329.3623   11.9894
    7.5000   30.0000   37.500011795.9746   12.0196
   -7.5000   37.5000   37.500011767.3857   11.9788
    0.0000   37.5000   37.500012349.7031   11.9956
    7.5000   37.5000   37.500011779.4297   12.0266
   -7.5000   45.0000   37.500011299.5830   11.6902
    0.0000   45.0000   37.500011879.6396   11.7040
    7.5000   45.0000   37.500011311.7305   11.7319
   -7.5000  -45.0000   45.0000 5444.7783   13.6026
    0.0000  -45.0000   45.0000 5699.1611   13.6178
    7.5000  -45.0000   45.0000 5422.8213   13.6501
   -7.5000  -37.5000   45.0000 6140.2686   13.1105
    0.0000  -37.5000   45.0000 6444.1963   13.1206
    7.5000  -37.5000   45.0000 6136.0640   13.1467
   -7.5000  -30.0000   45.0000 7157.5596   12.8062
    0.0000  -30.0000   45.0000 7544.3945   12.8118
    7.5000  -30.0000   45.0000 7194.9062   12.8362
   -7.5000  -22.5000   45.0000 8220.1221   12.6098
    0.0000  -22.5000   45.0000 8657.2031   12.6168
    7.5000  -22.5000   45.0000 8265.0791   12.6440
   -7.5000  -15.0000   45.0000 9261.2969   12.5264
    0.0000  -15.0000   45.0000 9724.5908   12.5383
    7.5000  -15.0000   45.0000 9301.8770   12.5683
   -7.5000   -7.5000   45.000010298.6113   12.5222
    0.0000   -7.5000   45.000010787.0352   12.5379
    7.5000   -7.5000   45.000010330.1670   12.5683
   -7.5000    0.0000   45.000011304.9502   12.5122
    0.0000    0.0000   45.000011805.8359   12.5267
    7.5000    0.0000   45.000011321.5898   12.5542
   -7.5000    7.5000   45.000011490.5029   12.5039
    0.0000    7.5000   45.000012034.0283   12.5136
    7.5000    7.5000   45.000011537.0820   12.5380
   -7.5000   15.0000   45.000011488.3516   12.5050
    0.0000   15.0000   45.000012021.3486   12.5108
    7.5000   15.0000   45.000011522.1025   12.5348
   -7.5000   22.5000   45.000011289.3965   12.5104
    0.0000   22.5000   45.000011765.5420   12.5173
    7.5000   22.5000   45.000011274.9824   12.5440
   -7.5000   30.0000   45.000010939.4102   12.3620
    0.0000   30.0000   45.000011435.4736   12.3737
    7.5000   30.0000   45.000010930.7793   12.4033
   -7.5000   37.5000   45.000010924.8955   12.3591
    0.0000   37.5000   45.000011459.4307   12.3746
    7.5000   37.5000   45.000010942.6084   12.4045
   -7.5000   45.0000   45.000010512.1836   12.0658
    0.0000   45.0000   45.000011018.7227   12.0798
    7.5000   45.0000   45.000010514.9248   12.1063

---------------------------------------------------------------------
imgreg_4dfp /opt/freesurfer/average/711-2C_as_mni_average_305 /opt/freesurfer/average/711-2B_as_mni_average_305_mask talsrcimg_g11 none talsrcimg_to_711-2C_as_mni_average_305_t4 4355
---------------------------------------------------------------------

freesurfer imgreg_4dfp.c
/opt/freesurfer/average/711-2C_as_mni_average_305.4dfp.img
       256       256       256         1
  1.000000  1.000000  1.000000
orientation T byte_order littleendian
Reading image: /opt/freesurfer/average/711-2C_as_mni_average_305.4dfp.img
dimensions:      256       256       256
mmppix:       1.0000   -1.0000   -1.0000
center:     128.0000 -129.0000 -129.0000
/opt/freesurfer/average/711-2B_as_mni_average_305_mask.4dfp.img
       256       256       256         1
  1.000000  1.000000  1.000000
orientation T byte_order littleendian
Reading mask: /opt/freesurfer/average/711-2B_as_mni_average_305_mask.4dfp.img (2306576 pixels)
talsrcimg_g11.4dfp.img
       256       256       256         1
  1.000000  1.000000  1.000000
orientation T byte_order littleendian
Reading image: talsrcimg_g11.4dfp.img
dimensions:      256       256       256
mmppix:       1.0000   -1.0000   -1.0000
center:     128.0000 -129.0000 -129.0000
rotation matrix determinant  1.000000
image alignment mode   4355 decimal     1103 hex
   -7.5000  -30.0000  -45.0000 2053.0940   14.4757
    0.0000  -30.0000  -45.0000 2064.7485   14.4993
    7.5000  -30.0000  -45.0000 2046.9518   14.6070
   -7.5000  -22.5000  -45.0000 2153.0400   13.1072
    0.0000  -22.5000  -45.0000 2163.2639   13.1221
    7.5000  -22.5000  -45.0000 2144.5173   13.2036
   -7.5000  -15.0000  -45.0000 2233.9268   12.0158
    0.0000  -15.0000  -45.0000 2239.8452   11.9936
    7.5000  -15.0000  -45.0000 2222.0505   12.0867
   -7.5000   -7.5000  -45.0000 2302.8857   11.2222
    0.0000   -7.5000  -45.0000 2307.6345   11.1741
    7.5000   -7.5000  -45.0000 2291.2402   11.2868
   -7.5000    0.0000  -45.0000 2350.1106   10.6535
    0.0000    0.0000  -45.0000 2358.5325   10.6068
    7.5000    0.0000  -45.0000 2340.6333   10.7163
   -7.5000    7.5000  -45.0000 2383.9631   10.3427
    0.0000    7.5000  -45.0000 2396.6580   10.2872
    7.5000    7.5000  -45.0000 2374.5430   10.3964
   -7.5000   15.0000  -45.0000 2398.6890   10.2229
    0.0000   15.0000  -45.0000 2413.1450   10.1693
    7.5000   15.0000  -45.0000 2389.1978   10.2777
   -7.5000   22.5000  -45.0000 2402.0896   10.2693
    0.0000   22.5000  -45.0000 2417.3813   10.1981
    7.5000   22.5000  -45.0000 2390.0684   10.3253
   -7.5000   30.0000  -45.0000 2385.1880   10.5019
    0.0000   30.0000  -45.0000 2402.1980   10.4354
    7.5000   30.0000  -45.0000 2376.8936   10.5432
   -7.5000   37.5000  -45.0000 2355.5144   10.8929
    0.0000   37.5000  -45.0000 2371.9080   10.8284
    7.5000   37.5000  -45.0000 2349.8684   10.9392
   -7.5000   45.0000  -45.0000 2301.5259   11.4625
    0.0000   45.0000  -45.0000 2321.4785   11.4224
    7.5000   45.0000  -45.0000 2302.7493   11.5081
   -7.5000   52.5000  -45.0000 2214.2874   12.0843
    0.0000   52.5000  -45.0000 2236.5330   12.0620
    7.5000   52.5000  -45.0000 2215.9954   12.1415
   -7.5000   60.0000  -45.0000 2086.2944   12.8038
    0.0000   60.0000  -45.0000 2102.8638   12.7985
    7.5000   60.0000  -45.0000 2088.3340   12.8491
   -7.5000  -30.0000  -37.5000 2114.0288   13.7794
    0.0000  -30.0000  -37.5000 2130.0610   13.7818
    7.5000  -30.0000  -37.5000 2106.9795   13.8617
   -7.5000  -22.5000  -37.5000 2225.7803   12.4791
    0.0000  -22.5000  -37.5000 2237.5378   12.4564
    7.5000  -22.5000  -37.5000 2216.8997   12.5422
   -7.5000  -15.0000  -37.5000 2313.3848   11.4372
    0.0000  -15.0000  -37.5000 2321.2996   11.4030
    7.5000  -15.0000  -37.5000 2304.7156   11.4914
   -7.5000   -7.5000  -37.5000 2389.6621   10.6113
    0.0000   -7.5000  -37.5000 2399.1619   10.5467
    7.5000   -7.5000  -37.5000 2383.2761   10.6646
   -7.5000    0.0000  -37.5000 2450.2161    9.9899
    0.0000    0.0000  -37.5000 2463.1135    9.9333
    7.5000    0.0000  -37.5000 2447.3291   10.0383
   -7.5000    7.5000  -37.5000 2484.6558    9.6518
    0.0000    7.5000  -37.5000 2499.0728    9.5818
    7.5000    7.5000  -37.5000 2478.2212    9.7002
   -7.5000   15.0000  -37.5000 2502.0244    9.5146
    0.0000   15.0000  -37.5000 2515.2156    9.4383
    7.5000   15.0000  -37.5000 2494.4822    9.5757
   -7.5000   22.5000  -37.5000 2505.4856    9.5503
    0.0000   22.5000  -37.5000 2519.2720    9.4617
    7.5000   22.5000  -37.5000 2497.6470    9.6044
   -7.5000   30.0000  -37.5000 2491.7961    9.7592
    0.0000   30.0000  -37.5000 2507.7144    9.6680
    7.5000   30.0000  -37.5000 2483.0232    9.8007
   -7.5000   37.5000  -37.5000 2457.8376   10.0922
    0.0000   37.5000  -37.5000 2473.3367   10.0152
    7.5000   37.5000  -37.5000 2451.9512   10.1457
   -7.5000   45.0000  -37.5000 2402.6929   10.5779
    0.0000   45.0000  -37.5000 2424.6990   10.5181
    7.5000   45.0000  -37.5000 2402.1377   10.6475
   -7.5000   52.5000  -37.5000 2314.1675   11.1244
    0.0000   52.5000  -37.5000 2336.3623   11.0842
    7.5000   52.5000  -37.5000 2315.2217   11.2057
   -7.5000   60.0000  -37.5000 2176.5149   11.7573
    0.0000   60.0000  -37.5000 2199.8965   11.7305
    7.5000   60.0000  -37.5000 2182.9219   11.8134
   -7.5000  -30.0000  -30.0000 2201.6814   13.6139
    0.0000  -30.0000  -30.0000 2216.9053   13.5915
    7.5000  -30.0000  -30.0000 2192.9482   13.7016
   -7.5000  -22.5000  -30.0000 2323.0063   12.3137
    0.0000  -22.5000  -30.0000 2340.4524   12.2483
    7.5000  -22.5000  -30.0000 2315.9453   12.3794
   -7.5000  -15.0000  -30.0000 2424.6023   11.2594
    0.0000  -15.0000  -30.0000 2438.9463   11.1986
    7.5000  -15.0000  -30.0000 2416.3027   11.3340
   -7.5000   -7.5000  -30.0000 2510.5820   10.4008
    0.0000   -7.5000  -30.0000 2524.3474   10.3307
    7.5000   -7.5000  -30.0000 2504.8335   10.4535
   -7.5000    0.0000  -30.0000 2579.7859    9.7584
    0.0000    0.0000  -30.0000 2591.4619    9.6811
    7.5000    0.0000  -30.0000 2578.5173    9.7877
   -7.5000    7.5000  -30.0000 2615.2241    9.3398
    0.0000    7.5000  -30.0000 2629.9797    9.2563
    7.5000    7.5000  -30.0000 2614.8040    9.3774
   -7.5000   15.0000  -30.0000 2643.8564    9.1920
    0.0000   15.0000  -30.0000 2656.8750    9.0944
    7.5000   15.0000  -30.0000 2642.5640    9.2378
   -7.5000   22.5000  -30.0000 2649.4141    9.2295
    0.0000   22.5000  -30.0000 2661.0496    9.1414
    7.5000   22.5000  -30.0000 2643.4668    9.2821
   -7.5000   30.0000  -30.0000 2631.5930    9.4191
    0.0000   30.0000  -30.0000 2648.2231    9.3347
    7.5000   30.0000  -30.0000 2627.7351    9.4686
   -7.5000   37.5000  -30.0000 2599.7263    9.7182
    0.0000   37.5000  -30.0000 2615.9565    9.6276
    7.5000   37.5000  -30.0000 2597.2139    9.7713
   -7.5000   45.0000  -30.0000 2546.2854   10.1545
    0.0000   45.0000  -30.0000 2567.0173   10.0707
    7.5000   45.0000  -30.0000 2547.3228   10.2204
   -7.5000   52.5000  -30.0000 2449.9363   10.6594
    0.0000   52.5000  -30.0000 2471.3455   10.5882
    7.5000   52.5000  -30.0000 2454.3462   10.7324
   -7.5000   60.0000  -30.0000 2306.6365   11.2627
    0.0000   60.0000  -30.0000 2327.0007   11.1973
    7.5000   60.0000  -30.0000 2316.9211   11.3176
   -7.5000  -30.0000  -22.5000 2251.8860   13.3823
    0.0000  -30.0000  -22.5000 2266.6362   13.3192
    7.5000  -30.0000  -22.5000 2245.4866   13.4591
   -7.5000  -22.5000  -22.5000 2384.8081   12.0730
    0.0000  -22.5000  -22.5000 2399.7771   12.0081
    7.5000  -22.5000  -22.5000 2378.2212   12.1522
   -7.5000  -15.0000  -22.5000 2496.8950   11.0076
    0.0000  -15.0000  -22.5000 2511.2849   10.9354
    7.5000  -15.0000  -22.5000 2491.3545   11.0860
   -7.5000   -7.5000  -22.5000 2590.4961   10.1197
    0.0000   -7.5000  -22.5000 2604.5063   10.0482
    7.5000   -7.5000  -22.5000 2587.7056   10.1838
   -7.5000    0.0000  -22.5000 2665.5017    9.4432
    0.0000    0.0000  -22.5000 2678.0989    9.3682
    7.5000    0.0000  -22.5000 2667.0549    9.4875
   -7.5000    7.5000  -22.5000 2714.0933    8.9714
    0.0000    7.5000  -22.5000 2726.9893    8.8982
    7.5000    7.5000  -22.5000 2719.0095    9.0182
   -7.5000   15.0000  -22.5000 2744.2378    8.7981
    0.0000   15.0000  -22.5000 2760.9966    8.7094
    7.5000   15.0000  -22.5000 2746.4800    8.8326
   -7.5000   22.5000  -22.5000 2756.0532    8.8194
    0.0000   22.5000  -22.5000 2772.4553    8.7267
    7.5000   22.5000  -22.5000 2757.3718    8.8449
   -7.5000   30.0000  -22.5000 2742.3796    9.0008
    0.0000   30.0000  -22.5000 2761.6587    8.9105
    7.5000   30.0000  -22.5000 2746.6675    9.0332
   -7.5000   37.5000  -22.5000 2717.1980    9.2787
    0.0000   37.5000  -22.5000 2734.8792    9.1816
    7.5000   37.5000  -22.5000 2719.7188    9.3244
   -7.5000   45.0000  -22.5000 2663.3425    9.6867
    0.0000   45.0000  -22.5000 2682.9395    9.5722
    7.5000   45.0000  -22.5000 2670.0295    9.7217
   -7.5000   52.5000  -22.5000 2561.9932   10.1537
    0.0000   52.5000  -22.5000 2582.1731   10.0451
    7.5000   52.5000  -22.5000 2573.5361   10.1929
   -7.5000   60.0000  -22.5000 2410.3083   10.7125
    0.0000   60.0000  -22.5000 2431.3091   10.6187
    7.5000   60.0000  -22.5000 2426.4072   10.7478
   -7.5000  -30.0000  -15.0000 2262.4646   13.1778
    0.0000  -30.0000  -15.0000 2283.5837   13.0838
    7.5000  -30.0000  -15.0000 2263.9729   13.2407
   -7.5000  -22.5000  -15.0000 2402.4446   11.8552
    0.0000  -22.5000  -15.0000 2419.3098   11.7604
    7.5000  -22.5000  -15.0000 2400.1499   11.9135
   -7.5000  -15.0000  -15.0000 2524.4624   10.7730
    0.0000  -15.0000  -15.0000 2541.4617   10.6903
    7.5000  -15.0000  -15.0000 2523.4219   10.8553
   -7.5000   -7.5000  -15.0000 2624.8765    9.8689
    0.0000   -7.5000  -15.0000 2639.9067    9.7806
    7.5000   -7.5000  -15.0000 2625.3540    9.9406
   -7.5000    0.0000  -15.0000 2704.8430    9.1689
    0.0000    0.0000  -15.0000 2720.0422    9.0724
    7.5000    0.0000  -15.0000 2708.3225    9.2091
   -7.5000    7.5000  -15.0000 2774.6555    8.6541
    0.0000    7.5000  -15.0000 2787.3652    8.5757
    7.5000    7.5000  -15.0000 2780.8035    8.7013
   -7.5000   15.0000  -15.0000 2808.6829    8.4346
    0.0000   15.0000  -15.0000 2827.2625    8.3597
    7.5000   15.0000  -15.0000 2815.8374    8.4896
   -7.5000   22.5000  -15.0000 2828.0483    8.4164
    0.0000   22.5000  -15.0000 2844.8230    8.3261
    7.5000   22.5000  -15.0000 2829.1477    8.4609
   -7.5000   30.0000  -15.0000 2827.2522    8.5684
    0.0000   30.0000  -15.0000 2843.9260    8.4694
    7.5000   30.0000  -15.0000 2827.5437    8.6085
   -7.5000   37.5000  -15.0000 2799.2676    8.8406
    0.0000   37.5000  -15.0000 2823.4819    8.7354
    7.5000   37.5000  -15.0000 2810.8098    8.8863
   -7.5000   45.0000  -15.0000 2746.4583    9.2352
    0.0000   45.0000  -15.0000 2767.5667    9.1192
    7.5000   45.0000  -15.0000 2759.5835    9.2620
   -7.5000   52.5000  -15.0000 2645.7820    9.6819
    0.0000   52.5000  -15.0000 2667.2944    9.5668
    7.5000   52.5000  -15.0000 2658.7441    9.7060
   -7.5000   60.0000  -15.0000 2490.3877   10.1962
    0.0000   60.0000  -15.0000 2512.4238   10.1001
    7.5000   60.0000  -15.0000 2504.5767   10.2427
   -7.5000  -30.0000   -7.5000 2255.9468   13.0914
    0.0000  -30.0000   -7.5000 2276.3252   12.9462
    7.5000  -30.0000   -7.5000 2257.6597   13.1472
   -7.5000  -22.5000   -7.5000 2395.4722   11.7214
    0.0000  -22.5000   -7.5000 2410.3931   11.5726
    7.5000  -22.5000   -7.5000 2393.6726   11.7482
   -7.5000  -15.0000   -7.5000 2526.6360   10.6184
    0.0000  -15.0000   -7.5000 2536.7200   10.4767
    7.5000  -15.0000   -7.5000 2522.0500   10.6404
   -7.5000   -7.5000   -7.5000 2634.7727    9.7020
    0.0000   -7.5000   -7.5000 2642.7078    9.5725
    7.5000   -7.5000   -7.5000 2631.2820    9.7240
   -7.5000    0.0000   -7.5000 2722.6465    8.9518
    0.0000    0.0000   -7.5000 2729.5510    8.8549
    7.5000    0.0000   -7.5000 2720.3872    8.9779
   -7.5000    7.5000   -7.5000 2802.1992    8.4463
    0.0000    7.5000   -7.5000 2814.6519    8.3941
    7.5000    7.5000   -7.5000 2808.6082    8.4952
   -7.5000   15.0000   -7.5000 2850.9285    8.1689
    0.0000   15.0000   -7.5000 2867.8877    8.1434
    7.5000   15.0000   -7.5000 2857.6311    8.2396
   -7.5000   22.5000   -7.5000 2879.0662    8.0840
    0.0000   22.5000   -7.5000 2897.2263    8.0322
    7.5000   22.5000   -7.5000 2882.5339    8.1650
   -7.5000   30.0000   -7.5000 2890.6321    8.1778
    0.0000   30.0000   -7.5000 2905.3318    8.1012
    7.5000   30.0000   -7.5000 2889.1953    8.2586
   -7.5000   37.5000   -7.5000 2863.7571    8.4469
    0.0000   37.5000   -7.5000 2889.3757    8.3640
    7.5000   37.5000   -7.5000 2876.9800    8.5021
   -7.5000   45.0000   -7.5000 2811.0405    8.8295
    0.0000   45.0000   -7.5000 2839.6868    8.7469
    7.5000   45.0000   -7.5000 2827.0757    8.8705
   -7.5000   52.5000   -7.5000 2706.5488    9.2721
    0.0000   52.5000   -7.5000 2730.7502    9.1710
    7.5000   52.5000   -7.5000 2721.6372    9.2897
   -7.5000   60.0000   -7.5000 2550.6890    9.7681
    0.0000   60.0000   -7.5000 2571.1226    9.6716
    7.5000   60.0000   -7.5000 2562.2502    9.7905
   -7.5000  -30.0000    0.0000 2237.0300   13.2498
    0.0000  -30.0000    0.0000 2247.5813   13.0562
    7.5000  -30.0000    0.0000 2236.9465   13.2564
   -7.5000  -22.5000    0.0000 2371.8022   11.7788
    0.0000  -22.5000    0.0000 2378.6658   11.6043
    7.5000  -22.5000    0.0000 2367.1716   11.7944
   -7.5000  -15.0000    0.0000 2500.5266   10.5936
    0.0000  -15.0000    0.0000 2505.0173   10.4478
    7.5000  -15.0000    0.0000 2496.2041   10.6150
   -7.5000   -7.5000    0.0000 2612.8052    9.6422
    0.0000   -7.5000    0.0000 2620.1611    9.5430
    7.5000   -7.5000    0.0000 2611.8062    9.6757
   -7.5000    0.0000    0.0000 2712.8726    8.9115
    0.0000    0.0000    0.0000 2720.9480    8.8648
    7.5000    0.0000    0.0000 2711.9827    8.9506
   -7.5000    7.5000    0.0000 2803.6926    8.4234
    0.0000    7.5000    0.0000 2817.8647    8.4200
    7.5000    7.5000    0.0000 2811.1458    8.4670
   -7.5000   15.0000    0.0000 2868.9714    8.1006
    0.0000   15.0000    0.0000 2890.7131    8.1536
    7.5000   15.0000    0.0000 2876.8237    8.1559
   -7.5000   22.5000    0.0000 2908.3665    7.9737
    0.0000   22.5000    0.0000 2942.2576    7.9993
    7.5000   22.5000    0.0000 2917.2190    8.0498
   -7.5000   30.0000    0.0000 2926.6707    7.9886
    0.0000   30.0000    0.0000 2955.4722    7.9753
    7.5000   30.0000    0.0000 2931.1094    8.0685
   -7.5000   37.5000    0.0000 2906.3928    8.2153
    0.0000   37.5000    0.0000 2945.3228    8.1876
    7.5000   37.5000    0.0000 2919.8691    8.2533
   -7.5000   45.0000    0.0000 2857.7869    8.5805
    0.0000   45.0000    0.0000 2895.3958    8.5429
    7.5000   45.0000    0.0000 2871.8787    8.5873
   -7.5000   52.5000    0.0000 2751.3501    9.0199
    0.0000   52.5000    0.0000 2784.5837    8.9516
    7.5000   52.5000    0.0000 2765.2031    9.0008
   -7.5000   60.0000    0.0000 2590.4780    9.5166
    0.0000   60.0000    0.0000 2619.3857    9.4309
    7.5000   60.0000    0.0000 2602.7910    9.4796
   -7.5000  -30.0000    7.5000 2202.5508   13.5289
    0.0000  -30.0000    7.5000 2205.7104   13.4118
    7.5000  -30.0000    7.5000 2203.4382   13.5794
   -7.5000  -22.5000    7.5000 2337.6118   12.0420
    0.0000  -22.5000    7.5000 2337.6333   11.9347
    7.5000  -22.5000    7.5000 2331.5156   12.0807
   -7.5000  -15.0000    7.5000 2464.0881   10.8235
    0.0000  -15.0000    7.5000 2465.2144   10.7395
    7.5000  -15.0000    7.5000 2461.1089   10.8765
   -7.5000   -7.5000    7.5000 2583.4680    9.8250
    0.0000   -7.5000    7.5000 2591.5823    9.7981
    7.5000   -7.5000    7.5000 2587.3408    9.8953
   -7.5000    0.0000    7.5000 2692.2478    9.0881
    0.0000    0.0000    7.5000 2703.8911    9.0878
    7.5000    0.0000    7.5000 2697.8208    9.1431
   -7.5000    7.5000    7.5000 2790.3511    8.5596
    0.0000    7.5000    7.5000 2810.1877    8.6017
    7.5000    7.5000    7.5000 2801.4119    8.6097
   -7.5000   15.0000    7.5000 2878.8877    8.2178
    0.0000   15.0000    7.5000 2911.9255    8.3244
    7.5000   15.0000    7.5000 2888.5449    8.2581
   -7.5000   22.5000    7.5000 2932.8684    8.0866
    0.0000   22.5000    7.5000 2987.7036    8.2108
    7.5000   22.5000    7.5000 2945.2124    8.1167
   -7.5000   30.0000    7.5000 2959.1924    8.0535
    0.0000   30.0000    7.5000 3011.6025    8.1097
    7.5000   30.0000    7.5000 2968.5818    8.0839
   -7.5000   37.5000    7.5000 2940.2354    8.1632
    0.0000   37.5000    7.5000 2987.0439    8.1770
    7.5000   37.5000    7.5000 2952.5945    8.1740
   -7.5000   45.0000    7.5000 2890.0984    8.4591
    0.0000   45.0000    7.5000 2927.2446    8.4348
    7.5000   45.0000    7.5000 2902.9531    8.4573
   -7.5000   52.5000    7.5000 2780.5527    8.8995
    0.0000   52.5000    7.5000 2809.1487    8.8217
    7.5000   52.5000    7.5000 2796.2637    8.8746
   -7.5000   60.0000    7.5000 2614.0422    9.4103
    0.0000   60.0000    7.5000 2639.1692    9.3052
    7.5000   60.0000    7.5000 2627.6855    9.3721
   -7.5000  -30.0000   15.0000 2167.9243   14.1201
    0.0000  -30.0000   15.0000 2176.9783   14.1008
    7.5000  -30.0000   15.0000 2170.2991   14.2385
   -7.5000  -22.5000   15.0000 2294.3315   12.5194
    0.0000  -22.5000   15.0000 2306.6064   12.4781
    7.5000  -22.5000   15.0000 2295.4170   12.6186
   -7.5000  -15.0000   15.0000 2419.6201   11.2492
    0.0000  -15.0000   15.0000 2429.5730   11.1985
    7.5000  -15.0000   15.0000 2420.2708   11.3136
   -7.5000   -7.5000   15.0000 2544.0083   10.2106
    0.0000   -7.5000   15.0000 2555.2205   10.1935
    7.5000   -7.5000   15.0000 2548.8987   10.2717
   -7.5000    0.0000   15.0000 2656.2947    9.3931
    0.0000    0.0000   15.0000 2674.0247    9.4358
    7.5000    0.0000   15.0000 2664.0642    9.4794
   -7.5000    7.5000   15.0000 2766.4893    8.7815
    0.0000    7.5000   15.0000 2789.8850    8.8473
    7.5000    7.5000   15.0000 2775.0774    8.8470
   -7.5000   15.0000   15.0000 2869.4197    8.3896
    0.0000   15.0000   15.0000 2905.6958    8.4832
    7.5000   15.0000   15.0000 2877.7053    8.4475
   -7.5000   22.5000   15.0000 2936.3250    8.2187
    0.0000   22.5000   15.0000 2990.0862    8.3246
    7.5000   22.5000   15.0000 2951.7732    8.2682
   -7.5000   30.0000   15.0000 2969.8098    8.1539
    0.0000   30.0000   15.0000 3018.5247    8.1926
    7.5000   30.0000   15.0000 2980.9297    8.1793
   -7.5000   37.5000   15.0000 2951.9158    8.2374
    0.0000   37.5000   15.0000 2994.9504    8.1979
    7.5000   37.5000   15.0000 2964.2292    8.2291
   -7.5000   45.0000   15.0000 2891.5708    8.4971
    0.0000   45.0000   15.0000 2929.6152    8.4117
    7.5000   45.0000   15.0000 2906.5513    8.4859
   -7.5000   52.5000   15.0000 2775.5796    8.9031
    0.0000   52.5000   15.0000 2809.4116    8.8093
    7.5000   52.5000   15.0000 2794.8650    8.8863
   -7.5000   60.0000   15.0000 2609.8567    9.3932
    0.0000   60.0000   15.0000 2631.9390    9.2992
    7.5000   60.0000   15.0000 2624.2935    9.3730
   -7.5000  -30.0000   22.5000 2125.4121   14.9500
    0.0000  -30.0000   22.5000 2143.7507   14.9813
    7.5000  -30.0000   22.5000 2128.5603   15.1017
   -7.5000  -22.5000   22.5000 2253.8682   13.2283
    0.0000  -22.5000   22.5000 2271.4150   13.2330
    7.5000  -22.5000   22.5000 2255.5640   13.3598
   -7.5000  -15.0000   22.5000 2378.3953   11.8363
    0.0000  -15.0000   22.5000 2393.9282   11.8213
    7.5000  -15.0000   22.5000 2381.3337   11.9547
   -7.5000   -7.5000   22.5000 2499.0642   10.6998
    0.0000   -7.5000   22.5000 2516.5061   10.7026
    7.5000   -7.5000   22.5000 2506.3601   10.7998
   -7.5000    0.0000   22.5000 2612.7463    9.7929
    0.0000    0.0000   22.5000 2630.9568    9.7872
    7.5000    0.0000   22.5000 2620.0776    9.8513
   -7.5000    7.5000   22.5000 2727.6768    9.0735
    0.0000    7.5000   22.5000 2749.8899    9.0626
    7.5000    7.5000   22.5000 2739.1331    9.1110
   -7.5000   15.0000   22.5000 2834.9321    8.6110
    0.0000   15.0000   22.5000 2865.5793    8.6143
    7.5000   15.0000   22.5000 2848.6863    8.6516
   -7.5000   22.5000   22.5000 2909.8140    8.3466
    0.0000   22.5000   22.5000 2955.1699    8.3495
    7.5000   22.5000   22.5000 2925.5757    8.3895
   -7.5000   30.0000   22.5000 2946.1199    8.2465
    0.0000   30.0000   22.5000 2989.8108    8.1378
    7.5000   30.0000   22.5000 2958.9233    8.2418
   -7.5000   37.5000   22.5000 2934.6914    8.3335
    0.0000   37.5000   22.5000 2978.7146    8.1859
    7.5000   37.5000   22.5000 2951.1426    8.3002
   -7.5000   45.0000   22.5000 2878.3894    8.6400
    0.0000   45.0000   22.5000 2919.6265    8.5124
    7.5000   45.0000   22.5000 2899.9053    8.6181
   -7.5000   52.5000   22.5000 2763.0078    9.0954
    0.0000   52.5000   22.5000 2796.1467    8.9955
    7.5000   52.5000   22.5000 2784.2024    9.0787
   -7.5000   60.0000   22.5000 2589.5881    9.6097
    0.0000   60.0000   22.5000 2613.0471    9.5173
    7.5000   60.0000   22.5000 2604.9783    9.5962
   -7.5000  -30.0000   30.0000 2076.2065   15.9345
    0.0000  -30.0000   30.0000 2097.7551   15.9851
    7.5000  -30.0000   30.0000 2077.1624   16.1133
   -7.5000  -22.5000   30.0000 2208.4495   13.9933
    0.0000  -22.5000   30.0000 2230.0134   13.9819
    7.5000  -22.5000   30.0000 2207.0244   14.1284
   -7.5000  -15.0000   30.0000 2330.9980   12.4329
    0.0000  -15.0000   30.0000 2350.9036   12.3951
    7.5000  -15.0000   30.0000 2335.3640   12.5507
   -7.5000   -7.5000   30.0000 2450.1323   11.2035
    0.0000   -7.5000   30.0000 2469.5034   11.1314
    7.5000   -7.5000   30.0000 2455.9941   11.2565
   -7.5000    0.0000   30.0000 2565.8860   10.1895
    0.0000    0.0000   30.0000 2581.5042   10.1031
    7.5000    0.0000   30.0000 2571.1990   10.2090
   -7.5000    7.5000   30.0000 2679.6619    9.4234
    0.0000    7.5000   30.0000 2697.3425    9.3465
    7.5000    7.5000   30.0000 2689.4543    9.4266
   -7.5000   15.0000   30.0000 2782.5066    8.9422
    0.0000   15.0000   30.0000 2806.7456    8.8752
    7.5000   15.0000   30.0000 2794.0703    8.9492
   -7.5000   22.5000   30.0000 2860.7693    8.6219
    0.0000   22.5000   30.0000 2893.1394    8.5251
    7.5000   22.5000   30.0000 2872.6655    8.6307
   -7.5000   30.0000   30.0000 2898.7012    8.5073
    0.0000   30.0000   30.0000 2930.1680    8.3256
    7.5000   30.0000   30.0000 2911.5525    8.4619
   -7.5000   37.5000   30.0000 2894.0164    8.5934
    0.0000   37.5000   30.0000 2934.2292    8.4399
    7.5000   37.5000   30.0000 2912.6423    8.5474
   -7.5000   45.0000   30.0000 2839.2961    8.9057
    0.0000   45.0000   30.0000 2881.2886    8.7936
    7.5000   45.0000   30.0000 2864.6199    8.8849
   -7.5000   52.5000   30.0000 2727.4314    9.3719
    0.0000   52.5000   30.0000 2762.2068    9.2519
    7.5000   52.5000   30.0000 2751.6743    9.3351
   -7.5000   60.0000   30.0000 2556.0801    9.9009
    0.0000   60.0000   30.0000 2581.9805    9.7947
    7.5000   60.0000   30.0000 2574.1848    9.8819
   -7.5000  -30.0000   37.5000 2019.0312   16.9311
    0.0000  -30.0000   37.5000 2036.2111   16.9364
    7.5000  -30.0000   37.5000 2016.7296   17.1035
   -7.5000  -22.5000   37.5000 2153.7075   14.7858
    0.0000  -22.5000   37.5000 2175.5627   14.7115
    7.5000  -22.5000   37.5000 2153.8428   14.9209
   -7.5000  -15.0000   37.5000 2281.7593   13.1248
    0.0000  -15.0000   37.5000 2297.6895   12.9954
    7.5000  -15.0000   37.5000 2280.4141   13.1776
   -7.5000   -7.5000   37.5000 2403.0928   11.7575
    0.0000   -7.5000   37.5000 2419.8362   11.6210
    7.5000   -7.5000   37.5000 2405.4915   11.7721
   -7.5000    0.0000   37.5000 2513.6855   10.6957
    0.0000    0.0000   37.5000 2531.5618   10.5449
    7.5000    0.0000   37.5000 2520.6440   10.6732
   -7.5000    7.5000   37.5000 2621.9106    9.9293
    0.0000    7.5000   37.5000 2640.5608    9.7767
    7.5000    7.5000   37.5000 2631.3640    9.8942
   -7.5000   15.0000   37.5000 2724.6646    9.3973
    0.0000   15.0000   37.5000 2743.6240    9.2591
    7.5000   15.0000   37.5000 2733.7004    9.3619
   -7.5000   22.5000   37.5000 2797.0986    9.0471
    0.0000   22.5000   37.5000 2823.2139    8.8592
    7.5000   22.5000   37.5000 2809.3279    8.9939
   -7.5000   30.0000   37.5000 2830.4761    8.9078
    0.0000   30.0000   37.5000 2858.0981    8.7318
    7.5000   30.0000   37.5000 2845.4331    8.8473
   -7.5000   37.5000   37.5000 2824.2429    9.0268
    0.0000   37.5000   37.5000 2857.4846    8.8837
    7.5000   37.5000   37.5000 2844.0107    8.9729
   -7.5000   45.0000   37.5000 2776.2930    9.3337
    0.0000   45.0000   37.5000 2811.1616    9.2175
    7.5000   45.0000   37.5000 2798.8201    9.2940
   -7.5000   52.5000   37.5000 2674.1443    9.7913
    0.0000   52.5000   37.5000 2707.1416    9.6637
    7.5000   52.5000   37.5000 2694.8655    9.7321
   -7.5000   60.0000   37.5000 2510.5945   10.2809
    0.0000   60.0000   37.5000 2540.9097   10.1750
    7.5000   60.0000   37.5000 2531.6704   10.2443
   -7.5000  -30.0000   45.0000 1950.6350   18.0517
    0.0000  -30.0000   45.0000 1966.5485   17.9397
    7.5000  -30.0000   45.0000 1954.4980   18.1266
   -7.5000  -22.5000   45.0000 2095.7383   15.7203
    0.0000  -22.5000   45.0000 2111.1125   15.5530
    7.5000  -22.5000   45.0000 2099.9976   15.7801
   -7.5000  -15.0000   45.0000 2222.5930   13.9135
    0.0000  -15.0000   45.0000 2233.5591   13.6936
    7.5000  -15.0000   45.0000 2224.9038   13.9076
   -7.5000   -7.5000   45.0000 2345.1799   12.4561
    0.0000   -7.5000   45.0000 2358.8884   12.2378
    7.5000   -7.5000   45.0000 2348.7202   12.4247
   -7.5000    0.0000   45.0000 2455.5974   11.3543
    0.0000    0.0000   45.0000 2473.0811   11.1211
    7.5000    0.0000   45.0000 2464.3684   11.2872
   -7.5000    7.5000   45.0000 2562.2607   10.5576
    0.0000    7.5000   45.0000 2581.4980   10.3338
    7.5000    7.5000   45.0000 2571.5681   10.4843
   -7.5000   15.0000   45.0000 2657.8472    9.9616
    0.0000   15.0000   45.0000 2680.3501    9.7572
    7.5000   15.0000   45.0000 2668.7104    9.8919
   -7.5000   22.5000   45.0000 2721.3301    9.5934
    0.0000   22.5000   45.0000 2745.9399    9.3748
    7.5000   22.5000   45.0000 2733.4004    9.5064
   -7.5000   30.0000   45.0000 2749.0513    9.4573
    0.0000   30.0000   45.0000 2777.6318    9.2856
    7.5000   30.0000   45.0000 2764.5154    9.3832
   -7.5000   37.5000   45.0000 2737.3911    9.5805
    0.0000   37.5000   45.0000 2767.4426    9.4345
    7.5000   37.5000   45.0000 2758.7795    9.5113
   -7.5000   45.0000   45.0000 2696.1304    9.8824
    0.0000   45.0000   45.0000 2723.4492    9.7529
    7.5000   45.0000   45.0000 2717.5906    9.8169
   -7.5000   52.5000   45.0000 2603.9292   10.3334
    0.0000   52.5000   45.0000 2632.4993   10.1770
    7.5000   52.5000   45.0000 2622.7520   10.2426
   -7.5000   60.0000   45.0000 2448.8813   10.8037
    0.0000   60.0000   45.0000 2477.8806   10.6733
    7.5000   60.0000   45.0000 2471.1162   10.7251

---------------------------------------------------------------------
imgreg_4dfp /opt/freesurfer/average/711-2C_as_mni_average_305 /opt/freesurfer/average/711-2B_as_mni_average_305_mask talsrcimg_g11 none talsrcimg_to_711-2C_as_mni_average_305_t4 1283
---------------------------------------------------------------------

freesurfer imgreg_4dfp.c
/opt/freesurfer/average/711-2C_as_mni_average_305.4dfp.img
       256       256       256         1
  1.000000  1.000000  1.000000
orientation T byte_order littleendian
Reading image: /opt/freesurfer/average/711-2C_as_mni_average_305.4dfp.img
dimensions:      256       256       256
mmppix:       1.0000   -1.0000   -1.0000
center:     128.0000 -129.0000 -129.0000
/opt/freesurfer/average/711-2B_as_mni_average_305_mask.4dfp.img
       256       256       256         1
  1.000000  1.000000  1.000000
orientation T byte_order littleendian
Reading mask: /opt/freesurfer/average/711-2B_as_mni_average_305_mask.4dfp.img (2306576 pixels)
talsrcimg_g11.4dfp.img
       256       256       256         1
  1.000000  1.000000  1.000000
orientation T byte_order littleendian
Reading image: talsrcimg_g11.4dfp.img
dimensions:      256       256       256
mmppix:       1.0000   -1.0000   -1.0000
center:     128.0000 -129.0000 -129.0000
rotation matrix determinant  1.000000
fimgreg.f
image alignment mode   1283 decimal      503 hex
parameters
    0.0000   30.0000   15.0000    0.0000    0.0000    0.0000
eta,q 0.94746  8.19829
niter,ni,del,rscale     5    3   12.0000    1.2000
parameter  4  2.111963 ->  0.500000 qaram    1.1500
parameters
    1.0432   30.4875   13.4802   -3.4500   -1.5066   -0.5084
eta,q 0.95339  8.13494
  0.0658  0.0608  0.0520  0.0440  0.0494  0.0493
  0.0597  0.0564  0.0503  0.0464  0.0475  0.0476
  0.0541  0.0524  0.0506  0.0486  0.0467  0.0467
  0.0510  0.0509  0.0510  0.0506  0.0470  0.0467
  0.0515  0.0528  0.0510  0.0541  0.0482  0.0470
  0.0540  0.0550  0.0522  0.0586  0.0508  0.0483
  0.0587  0.0577  0.0555  0.0620  0.0546  0.0504
niter,ni,del,rscale     5    3   12.0000    1.2000
parameter  4  2.538440 ->  0.500000 qaram    1.3225
parameters
    1.5933   30.8748   12.5759   -7.4175   -1.7632   -0.5015
eta,q 0.95800  8.20113
  0.0604  0.0537  0.0494  0.0392  0.0469  0.0454
  0.0538  0.0481  0.0470  0.0414  0.0443  0.0434
  0.0488  0.0460  0.0465  0.0438  0.0425  0.0422
  0.0466  0.0465  0.0467  0.0466  0.0420  0.0420
  0.0474  0.0474  0.0474  0.0485  0.0429  0.0423
  0.0509  0.0483  0.0486  0.0514  0.0449  0.0435
  0.0562  0.0507  0.0516  0.0565  0.0478  0.0453
niter,ni,del,rscale     5    3   12.0000    1.2000
parameter  4  2.403799 ->  0.500000 qaram    1.5209
parameters
    1.4611   32.0090   11.4178  -11.9801   -1.4220   -1.0376
eta,q 0.96381  8.17893
  0.0543  0.0496  0.0453  0.0359  0.0449  0.0401
  0.0481  0.0442  0.0423  0.0358  0.0410  0.0379
  0.0439  0.0423  0.0416  0.0381  0.0376  0.0365
  0.0420  0.0420  0.0420  0.0417  0.0362  0.0363
  0.0440  0.0420  0.0430  0.0457  0.0370  0.0372
  0.0490  0.0427  0.0456  0.0483  0.0393  0.0390
  0.0554  0.0445  0.0493  0.0510  0.0434  0.0417
niter,ni,del,rscale     5    3   12.0000    1.2000
parameters
    1.1782   33.4544   10.1571  -14.4137   -1.2444   -0.6064
eta,q 0.96697  8.15219
  0.0515  0.0492  0.0416  0.0412  0.0423  0.0397
  0.0439  0.0423  0.0372  0.0346  0.0384  0.0365
  0.0382  0.0374  0.0350  0.0327  0.0350  0.0341
  0.0362  0.0362  0.0363  0.0352  0.0331  0.0331
  0.0393  0.0364  0.0393  0.0389  0.0338  0.0335
  0.0463  0.0372  0.0429  0.0451  0.0369  0.0354
  0.0543  0.0401  0.0466  0.0496  0.0421  0.0381
niter,ni,del,rscale     4    3   12.0000    1.2000
parameters
    1.1309   33.9865    9.8638  -14.7454   -1.3036   -0.5796
eta,q 0.96741  8.14735
  0.0518  0.0463  0.0423  0.0455  0.0414  0.0386
  0.0430  0.0388  0.0371  0.0391  0.0375  0.0354
  0.0359  0.0344  0.0332  0.0326  0.0342  0.0334
  0.0330  0.0330  0.0330  0.0328  0.0326  0.0326
  0.0360  0.0338  0.0353  0.0356  0.0336  0.0333
  0.0435  0.0370  0.0389  0.0402  0.0371  0.0356
  0.0524  0.0416  0.0434  0.0468  0.0425  0.0384
niter,ni,del,rscale     3    3   12.0000    1.2000
parameters
    1.1236   34.0903    9.8156  -14.8433   -1.3169   -0.5839
eta,q 0.96747  8.14662
  0.0516  0.0447  0.0431  0.0460  0.0415  0.0385
  0.0427  0.0375  0.0376  0.0397  0.0376  0.0353
  0.0356  0.0336  0.0333  0.0329  0.0342  0.0333
  0.0326  0.0326  0.0326  0.0326  0.0325  0.0325
  0.0353  0.0341  0.0347  0.0352  0.0334  0.0333
  0.0428  0.0379  0.0382  0.0396  0.0369  0.0356
  0.0518  0.0430  0.0427  0.0462  0.0423  0.0384
niter,ni,del,rscale     2    3   12.0000    1.2000
parameters
    1.1245   34.1239    9.8054  -14.8704   -1.3203   -0.5869
eta,q 0.96749  8.14646
  0.0516  0.0444  0.0432  0.0462  0.0415  0.0385
  0.0427  0.0373  0.0376  0.0399  0.0376  0.0353
  0.0356  0.0334  0.0333  0.0330  0.0342  0.0333
  0.0325  0.0325  0.0325  0.0325  0.0325  0.0325
  0.0352  0.0342  0.0346  0.0351  0.0334  0.0332
  0.0427  0.0381  0.0380  0.0394  0.0369  0.0356
  0.0517  0.0433  0.0426  0.0460  0.0423  0.0384
registration optimization eta report
parameter search radius
    6.0000    6.0000    6.0000    9.1253    6.0000    6.0000
100000*second partial in parameter space
       52.       31.       28.       16.       26.       16.
  0.0516  0.0444  0.0432  0.0462  0.0415  0.0385
  0.0427  0.0373  0.0376  0.0399  0.0376  0.0353
  0.0356  0.0334  0.0333  0.0330  0.0342  0.0333
  0.0325  0.0325  0.0325  0.0325  0.0325  0.0325
  0.0352  0.0342  0.0346  0.0351  0.0334  0.0332
  0.0427  0.0381  0.0380  0.0394  0.0369  0.0356
  0.0517  0.0433  0.0426  0.0460  0.0423  0.0384
    1.1245   34.1239    9.8054  -14.8704   -1.3203   -0.5869
eta,q 0.96749  8.14646

---------------------------------------------------------------------
imgreg_4dfp /opt/freesurfer/average/711-2C_as_mni_average_305 /opt/freesurfer/average/711-2B_as_mni_average_305_mask talsrcimg_g11 none talsrcimg_to_711-2C_as_mni_average_305_t4 3335
---------------------------------------------------------------------

freesurfer imgreg_4dfp.c
/opt/freesurfer/average/711-2C_as_mni_average_305.4dfp.img
       256       256       256         1
  1.000000  1.000000  1.000000
orientation T byte_order littleendian
Reading image: /opt/freesurfer/average/711-2C_as_mni_average_305.4dfp.img
dimensions:      256       256       256
mmppix:       1.0000   -1.0000   -1.0000
center:     128.0000 -129.0000 -129.0000
/opt/freesurfer/average/711-2B_as_mni_average_305_mask.4dfp.img
       256       256       256         1
  1.000000  1.000000  1.000000
orientation T byte_order littleendian
Reading mask: /opt/freesurfer/average/711-2B_as_mni_average_305_mask.4dfp.img (2306576 pixels)
talsrcimg_g11.4dfp.img
       256       256       256         1
  1.000000  1.000000  1.000000
orientation T byte_order littleendian
Reading image: talsrcimg_g11.4dfp.img
dimensions:      256       256       256
mmppix:       1.0000   -1.0000   -1.0000
center:     128.0000 -129.0000 -129.0000
fimgreg.f
image alignment mode   3335 decimal      D07 hex
parameters
    1.1245   34.1239    9.8054   -0.0318   -3.3481   -3.3748
    0.3988    2.4897   -1.0241   25.6391   -2.3041  -25.6565
eta,q 0.96716  8.24144
niter,ni,del,rscale     5    3    5.0000    1.2000
parameter  4  0.913169 ->  0.500000 qaram    1.1500
parameter  5  2.569830 ->  0.500000 qaram    1.1500
parameters
    1.2288   34.4996    9.5427   -4.1718   -7.4881   -4.5412
    1.0143    3.7579   -0.2601   25.1534   -1.9232  -25.8411
eta,q 0.97411  8.03295
  0.0364  0.0351  0.0342  0.0300  0.0242  0.0278  0.0293  0.0308  0.0284  0.0289  0.0266  0.0271
  0.0345  0.0339  0.0333  0.0302  0.0254  0.0271  0.0277  0.0285  0.0271  0.0274  0.0262  0.0264
  0.0333  0.0332  0.0328  0.0310  0.0275  0.0265  0.0266  0.0270  0.0263  0.0263  0.0260  0.0260
  0.0328  0.0328  0.0328  0.0327  0.0303  0.0259  0.0261  0.0261  0.0259  0.0259  0.0259  0.0259
  0.0331  0.0328  0.0331  0.0354  0.0334  0.0259  0.0263  0.0259  0.0260  0.0264  0.0259  0.0261
  0.0341  0.0332  0.0339  0.0388  0.0362  0.0277  0.0271  0.0267  0.0265  0.0279  0.0261  0.0265
  0.0358  0.0340  0.0349  0.0426  0.0394  0.0316  0.0284  0.0285  0.0275  0.0300  0.0265  0.0272
niter,ni,del,rscale     6    3    5.0000    1.2000
parameter  5  0.752092 ->  0.500000 qaram    1.3225
parameters
    1.2372   34.6479    9.7656   -7.7803  -12.2491   -4.2366
    0.9999    3.8292   -0.1777   25.9862   -1.8777  -27.4574
eta,q 0.97628  7.79359
  0.0291  0.0290  0.0275  0.0261  0.0241  0.0258  0.0261  0.0271  0.0255  0.0269  0.0243  0.0243
  0.0274  0.0274  0.0266  0.0257  0.0239  0.0249  0.0249  0.0255  0.0246  0.0255  0.0240  0.0239
  0.0263  0.0263  0.0261  0.0256  0.0242  0.0243  0.0241  0.0243  0.0240  0.0244  0.0239  0.0237
  0.0259  0.0259  0.0259  0.0259  0.0256  0.0239  0.0238  0.0238  0.0238  0.0238  0.0238  0.0238
  0.0263  0.0261  0.0260  0.0270  0.0282  0.0237  0.0241  0.0241  0.0240  0.0238  0.0238  0.0240
  0.0273  0.0270  0.0263  0.0293  0.0314  0.0239  0.0249  0.0252  0.0245  0.0245  0.0240  0.0245
  0.0291  0.0283  0.0269  0.0328  0.0346  0.0261  0.0261  0.0271  0.0254  0.0259  0.0243  0.0252
niter,ni,del,rscale     6    3    5.0000    1.2000
parameters
    1.2764   35.2099   10.2857   -7.5391  -14.8409   -3.9720
    0.8865    3.6988   -0.2963   26.8869   -2.4457  -28.0455
eta,q 0.97661  7.73305
  0.0266  0.0273  0.0253  0.0254  0.0254  0.0254  0.0255  0.0264  0.0249  0.0262  0.0239  0.0243
  0.0250  0.0256  0.0245  0.0244  0.0242  0.0244  0.0244  0.0249  0.0241  0.0248  0.0236  0.0238
  0.0241  0.0244  0.0239  0.0238  0.0236  0.0239  0.0237  0.0239  0.0236  0.0239  0.0235  0.0235
  0.0237  0.0237  0.0236  0.0235  0.0235  0.0235  0.0234  0.0234  0.0234  0.0234  0.0234  0.0234
  0.0240  0.0236  0.0236  0.0234  0.0246  0.0232  0.0237  0.0238  0.0236  0.0234  0.0235  0.0236
  0.0249  0.0240  0.0238  0.0239  0.0272  0.0236  0.0245  0.0249  0.0242  0.0239  0.0237  0.0240
  0.0264  0.0250  0.0242  0.0255  0.0309  0.0257  0.0256  0.0268  0.0250  0.0252  0.0241  0.0246
niter,ni,del,rscale     5    3    5.0000    1.2000
parameters
    1.2853   35.4971   10.4178   -7.3229  -15.5479   -3.9016
    0.9085    3.6332   -0.3178   27.2738   -2.7098  -28.3439
eta,q 0.97660  7.72581
  0.0261  0.0262  0.0247  0.0251  0.0264  0.0254  0.0255  0.0264  0.0249  0.0258  0.0239  0.0244
  0.0246  0.0247  0.0240  0.0242  0.0250  0.0244  0.0244  0.0248  0.0240  0.0245  0.0236  0.0238
  0.0237  0.0238  0.0236  0.0236  0.0239  0.0239  0.0236  0.0238  0.0236  0.0237  0.0235  0.0235
  0.0234  0.0234  0.0234  0.0234  0.0234  0.0234  0.0234  0.0234  0.0234  0.0234  0.0234  0.0234
  0.0237  0.0235  0.0235  0.0233  0.0236  0.0232  0.0236  0.0237  0.0236  0.0235  0.0234  0.0235
  0.0246  0.0241  0.0238  0.0237  0.0251  0.0236  0.0244  0.0248  0.0241  0.0241  0.0237  0.0239
  0.0261  0.0251  0.0244  0.0252  0.0282  0.0260  0.0255  0.0266  0.0249  0.0254  0.0240  0.0245
niter,ni,del,rscale     4    3    5.0000    1.2000
parameters
    1.2858   35.5807   10.3893   -7.3371  -15.7228   -3.9230
    0.9182    3.6092   -0.3179   27.4125   -2.7966  -28.5197
eta,q 0.97658  7.72197
  0.0261  0.0257  0.0246  0.0250  0.0266  0.0254  0.0255  0.0264  0.0249  0.0256  0.0239  0.0244
  0.0246  0.0244  0.0239  0.0241  0.0252  0.0244  0.0244  0.0248  0.0241  0.0244  0.0237  0.0239
  0.0237  0.0236  0.0235  0.0236  0.0240  0.0239  0.0237  0.0238  0.0236  0.0237  0.0235  0.0235
  0.0234  0.0234  0.0234  0.0234  0.0234  0.0234  0.0234  0.0234  0.0234  0.0234  0.0234  0.0234
  0.0237  0.0236  0.0235  0.0233  0.0234  0.0232  0.0237  0.0237  0.0236  0.0235  0.0235  0.0235
  0.0246  0.0243  0.0239  0.0238  0.0247  0.0237  0.0244  0.0248  0.0241  0.0242  0.0237  0.0239
  0.0261  0.0254  0.0246  0.0254  0.0276  0.0262  0.0255  0.0266  0.0249  0.0255  0.0240  0.0245
niter,ni,del,rscale     3    3    5.0000    1.2000
parameters
    1.2845   35.6043   10.3649   -7.3331  -15.7829   -3.9274
    0.9277    3.5954   -0.3184   27.4682   -2.8386  -28.6029
eta,q 0.97657  7.72167
  0.0261  0.0256  0.0246  0.0250  0.0267  0.0254  0.0255  0.0264  0.0249  0.0255  0.0239  0.0244
  0.0246  0.0244  0.0240  0.0241  0.0252  0.0244  0.0244  0.0248  0.0241  0.0244  0.0237  0.0239
  0.0237  0.0236  0.0236  0.0236  0.0241  0.0239  0.0237  0.0238  0.0236  0.0237  0.0235  0.0236
  0.0234  0.0234  0.0234  0.0234  0.0234  0.0234  0.0234  0.0234  0.0234  0.0234  0.0234  0.0234
  0.0237  0.0237  0.0236  0.0234  0.0234  0.0232  0.0237  0.0237  0.0236  0.0235  0.0235  0.0235
  0.0246  0.0244  0.0240  0.0238  0.0246  0.0237  0.0244  0.0248  0.0241  0.0242  0.0237  0.0239
  0.0261  0.0255  0.0247  0.0254  0.0274  0.0262  0.0255  0.0265  0.0249  0.0256  0.0240  0.0245
niter,ni,del,rscale     2    3    5.0000    1.2000
parameters
    1.2836   35.6131   10.3516   -7.3253  -15.8071   -3.9306
    0.9307    3.5904   -0.3107   27.4972   -2.8939  -28.6519
eta,q 0.97656  7.72208
  0.0261  0.0256  0.0246  0.0250  0.0267  0.0254  0.0255  0.0264  0.0249  0.0255  0.0239  0.0244
  0.0246  0.0243  0.0240  0.0242  0.0252  0.0245  0.0244  0.0248  0.0241  0.0244  0.0237  0.0239
  0.0237  0.0236  0.0236  0.0237  0.0241  0.0239  0.0237  0.0238  0.0236  0.0237  0.0235  0.0236
  0.0234  0.0234  0.0234  0.0234  0.0234  0.0234  0.0234  0.0234  0.0234  0.0234  0.0234  0.0234
  0.0237  0.0237  0.0236  0.0234  0.0234  0.0232  0.0237  0.0237  0.0236  0.0235  0.0235  0.0235
  0.0246  0.0244  0.0240  0.0238  0.0246  0.0237  0.0244  0.0248  0.0241  0.0242  0.0237  0.0239
  0.0261  0.0255  0.0247  0.0254  0.0274  0.0262  0.0255  0.0265  0.0249  0.0256  0.0240  0.0245
registration optimization eta report
parameter search radius
    2.4000    2.4000    2.4000    8.2800    9.5220    7.2000
    7.2000    7.2000    7.2000    7.2000    7.2000    7.2000
100000*second partial in parameter space
       46.       37.       21.        3.        4.        5.
        4.        6.        3.        4.        1.        2.
  0.0261  0.0256  0.0246  0.0250  0.0267  0.0254  0.0255  0.0264  0.0249  0.0255  0.0239  0.0244
  0.0246  0.0243  0.0240  0.0242  0.0252  0.0245  0.0244  0.0248  0.0241  0.0244  0.0237  0.0239
  0.0237  0.0236  0.0236  0.0237  0.0241  0.0239  0.0237  0.0238  0.0236  0.0237  0.0235  0.0236
  0.0234  0.0234  0.0234  0.0234  0.0234  0.0234  0.0234  0.0234  0.0234  0.0234  0.0234  0.0234
  0.0237  0.0237  0.0236  0.0234  0.0234  0.0232  0.0237  0.0237  0.0236  0.0235  0.0235  0.0235
  0.0246  0.0244  0.0240  0.0238  0.0246  0.0237  0.0244  0.0248  0.0241  0.0242  0.0237  0.0239
  0.0261  0.0255  0.0247  0.0254  0.0274  0.0262  0.0255  0.0265  0.0249  0.0256  0.0240  0.0245
    1.2836   35.6131   10.3516   -7.3253  -15.8071   -3.9306
    0.9307    3.5904   -0.3107   27.4972   -2.8939  -28.6519
eta,q 0.97656  7.72208

---------------------------------------------------------------------
imgreg_4dfp /opt/freesurfer/average/711-2C_as_mni_average_305 /opt/freesurfer/average/711-2B_as_mni_average_305_mask talsrcimg_g11 none talsrcimg_to_711-2C_as_mni_average_305_t4 2311
---------------------------------------------------------------------

freesurfer imgreg_4dfp.c
/opt/freesurfer/average/711-2C_as_mni_average_305.4dfp.img
       256       256       256         1
  1.000000  1.000000  1.000000
orientation T byte_order littleendian
Reading image: /opt/freesurfer/average/711-2C_as_mni_average_305.4dfp.img
dimensions:      256       256       256
mmppix:       1.0000   -1.0000   -1.0000
center:     128.0000 -129.0000 -129.0000
/opt/freesurfer/average/711-2B_as_mni_average_305_mask.4dfp.img
       256       256       256         1
  1.000000  1.000000  1.000000
orientation T byte_order littleendian
Reading mask: /opt/freesurfer/average/711-2B_as_mni_average_305_mask.4dfp.img (2306576 pixels)
talsrcimg_g11.4dfp.img
       256       256       256         1
  1.000000  1.000000  1.000000
orientation T byte_order littleendian
Reading image: talsrcimg_g11.4dfp.img
dimensions:      256       256       256
mmppix:       1.0000   -1.0000   -1.0000
center:     128.0000 -129.0000 -129.0000
fimgreg.f
image alignment mode   2311 decimal      907 hex
parameters
    1.2836   35.6131   10.3516   -7.3253  -15.8071   -3.9306
    0.9307    3.5904   -0.3107   27.4972   -2.8939  -28.6519
eta,q 0.97656  7.72208
niter,ni,del,rscale     5    3    5.0000    0.8000
parameters
    1.2939   35.5802   10.3590   -6.0280  -14.4318   -1.6135
    1.1320    3.7227   -0.2717   27.1916   -3.6485  -29.2264
eta,q 0.97714  7.89259
  0.0246  0.0243  0.0240  0.0240  0.0247  0.0245  0.0240  0.0246  0.0236  0.0238  0.0231  0.0233
  0.0240  0.0238  0.0237  0.0237  0.0241  0.0240  0.0234  0.0237  0.0232  0.0233  0.0229  0.0230
  0.0236  0.0235  0.0235  0.0235  0.0237  0.0237  0.0230  0.0231  0.0230  0.0230  0.0229  0.0229
  0.0234  0.0234  0.0234  0.0234  0.0234  0.0233  0.0229  0.0229  0.0229  0.0229  0.0229  0.0229
  0.0236  0.0236  0.0235  0.0234  0.0232  0.0229  0.0230  0.0230  0.0230  0.0230  0.0230  0.0230
  0.0240  0.0239  0.0237  0.0234  0.0234  0.0229  0.0233  0.0235  0.0232  0.0234  0.0231  0.0232
  0.0246  0.0244  0.0240  0.0236  0.0238  0.0234  0.0238  0.0244  0.0236  0.0242  0.0233  0.0235
niter,ni,del,rscale     4    3    5.0000    0.7000
parameters
    1.3442   35.4853   10.2346   -5.1532  -14.3040   -2.1823
    1.0369    3.7579   -0.3032   27.2087   -3.6383  -29.3754
eta,q 0.97718  7.91743
  0.0239  0.0236  0.0233  0.0235  0.0237  0.0238  0.0236  0.0241  0.0234  0.0237  0.0231  0.0232
  0.0234  0.0231  0.0230  0.0232  0.0233  0.0234  0.0232  0.0234  0.0231  0.0232  0.0229  0.0230
  0.0230  0.0229  0.0229  0.0230  0.0230  0.0230  0.0229  0.0230  0.0229  0.0229  0.0228  0.0228
  0.0229  0.0229  0.0229  0.0229  0.0228  0.0228  0.0228  0.0228  0.0228  0.0228  0.0228  0.0228
  0.0229  0.0230  0.0229  0.0228  0.0228  0.0229  0.0229  0.0230  0.0229  0.0229  0.0229  0.0229
  0.0233  0.0233  0.0232  0.0228  0.0231  0.0236  0.0232  0.0234  0.0231  0.0232  0.0229  0.0230
  0.0238  0.0238  0.0235  0.0232  0.0237  0.0252  0.0237  0.0241  0.0234  0.0237  0.0231  0.0232
niter,ni,del,rscale     3    3    5.0000    0.6000
parameters
    1.3440   35.5089   10.1155   -5.0897  -14.1833   -2.0045
    1.0384    3.8046   -0.3263   27.2908   -3.6130  -29.6350
eta,q 0.97721  7.93096
  0.0236  0.0235  0.0231  0.0232  0.0235  0.0238  0.0234  0.0238  0.0232  0.0234  0.0230  0.0230
  0.0232  0.0231  0.0229  0.0231  0.0232  0.0234  0.0231  0.0232  0.0230  0.0231  0.0229  0.0229
  0.0229  0.0229  0.0228  0.0229  0.0229  0.0231  0.0229  0.0229  0.0228  0.0229  0.0228  0.0228
  0.0228  0.0228  0.0228  0.0228  0.0228  0.0228  0.0228  0.0228  0.0228  0.0228  0.0228  0.0228
  0.0229  0.0229  0.0229  0.0228  0.0228  0.0228  0.0229  0.0229  0.0228  0.0228  0.0228  0.0228
  0.0232  0.0231  0.0230  0.0229  0.0230  0.0230  0.0231  0.0232  0.0230  0.0230  0.0229  0.0230
  0.0236  0.0234  0.0233  0.0233  0.0235  0.0238  0.0234  0.0237  0.0232  0.0234  0.0230  0.0231
niter,ni,del,rscale     2    3    5.0000    0.5000
parameters
    1.3364   35.5039   10.0805   -4.8572  -14.1311   -1.7870
    1.0241    3.8463   -0.3734   27.3364   -3.6099  -29.7535
eta,q 0.97725  7.94627
  0.0233  0.0232  0.0230  0.0231  0.0233  0.0236  0.0232  0.0235  0.0231  0.0232  0.0229  0.0230
  0.0230  0.0230  0.0229  0.0230  0.0230  0.0232  0.0230  0.0231  0.0229  0.0230  0.0228  0.0228
  0.0228  0.0228  0.0228  0.0229  0.0229  0.0230  0.0228  0.0228  0.0228  0.0228  0.0228  0.0228
  0.0228  0.0228  0.0228  0.0228  0.0228  0.0228  0.0228  0.0228  0.0228  0.0227  0.0228  0.0228
  0.0228  0.0228  0.0228  0.0228  0.0228  0.0227  0.0228  0.0228  0.0228  0.0228  0.0228  0.0228
  0.0230  0.0230  0.0229  0.0229  0.0230  0.0229  0.0230  0.0231  0.0229  0.0229  0.0228  0.0229
  0.0233  0.0232  0.0231  0.0231  0.0233  0.0235  0.0232  0.0234  0.0231  0.0232  0.0229  0.0230
niter,ni,del,rscale     1    3    5.0000    0.4000
parameters
    1.3251   35.4994   10.0635   -4.6789  -14.0708   -1.6338
    0.9937    3.8753   -0.4139   27.3609   -3.5722  -29.7698
eta,q 0.97727  7.95726
  0.0231  0.0230  0.0229  0.0230  0.0231  0.0233  0.0230  0.0232  0.0229  0.0230  0.0228  0.0229
  0.0229  0.0229  0.0228  0.0229  0.0229  0.0230  0.0229  0.0230  0.0228  0.0229  0.0228  0.0228
  0.0228  0.0228  0.0228  0.0228  0.0228  0.0229  0.0228  0.0228  0.0228  0.0228  0.0227  0.0227
  0.0228  0.0227  0.0227  0.0228  0.0227  0.0227  0.0227  0.0227  0.0227  0.0227  0.0227  0.0227
  0.0228  0.0228  0.0228  0.0227  0.0228  0.0227  0.0228  0.0228  0.0228  0.0228  0.0227  0.0228
  0.0229  0.0229  0.0228  0.0228  0.0229  0.0229  0.0229  0.0229  0.0228  0.0229  0.0228  0.0228
  0.0231  0.0230  0.0229  0.0230  0.0231  0.0232  0.0230  0.0232  0.0229  0.0230  0.0228  0.0229
registration optimization eta report
parameter search radius
    0.8000    0.8000    0.8000    2.4000    2.4000    2.4000
    2.4000    2.4000    2.4000    2.4000    2.4000    2.4000
100000*second partial in parameter space
       56.       44.       30.        4.        6.        9.
        5.        8.        4.        5.        2.        3.
  0.0231  0.0230  0.0229  0.0230  0.0231  0.0233  0.0230  0.0232  0.0229  0.0230  0.0228  0.0229
  0.0229  0.0229  0.0228  0.0229  0.0229  0.0230  0.0229  0.0230  0.0228  0.0229  0.0228  0.0228
  0.0228  0.0228  0.0228  0.0228  0.0228  0.0229  0.0228  0.0228  0.0228  0.0228  0.0227  0.0227
  0.0228  0.0227  0.0227  0.0228  0.0227  0.0227  0.0227  0.0227  0.0227  0.0227  0.0227  0.0227
  0.0228  0.0228  0.0228  0.0227  0.0228  0.0227  0.0228  0.0228  0.0228  0.0228  0.0227  0.0228
  0.0229  0.0229  0.0228  0.0228  0.0229  0.0229  0.0229  0.0229  0.0228  0.0229  0.0228  0.0228
  0.0231  0.0230  0.0229  0.0230  0.0231  0.0232  0.0230  0.0232  0.0229  0.0230  0.0228  0.0229
    1.3251   35.4994   10.0635   -4.6789  -14.0708   -1.6338
    0.9937    3.8753   -0.4139   27.3609   -3.5722  -29.7698
eta,q 0.97727  7.95726

---------------------------------------------------------------------
imgreg_4dfp /opt/freesurfer/average/711-2C_as_mni_average_305 /opt/freesurfer/average/711-2B_as_mni_average_305_mask talsrcimg_g11 none talsrcimg_to_711-2C_as_mni_average_305_t4 2311
---------------------------------------------------------------------

freesurfer imgreg_4dfp.c
/opt/freesurfer/average/711-2C_as_mni_average_305.4dfp.img
       256       256       256         1
  1.000000  1.000000  1.000000
orientation T byte_order littleendian
Reading image: /opt/freesurfer/average/711-2C_as_mni_average_305.4dfp.img
dimensions:      256       256       256
mmppix:       1.0000   -1.0000   -1.0000
center:     128.0000 -129.0000 -129.0000
/opt/freesurfer/average/711-2B_as_mni_average_305_mask.4dfp.img
       256       256       256         1
  1.000000  1.000000  1.000000
orientation T byte_order littleendian
Reading mask: /opt/freesurfer/average/711-2B_as_mni_average_305_mask.4dfp.img (2306576 pixels)
talsrcimg_g11.4dfp.img
       256       256       256         1
  1.000000  1.000000  1.000000
orientation T byte_order littleendian
Reading image: talsrcimg_g11.4dfp.img
dimensions:      256       256       256
mmppix:       1.0000   -1.0000   -1.0000
center:     128.0000 -129.0000 -129.0000
fimgreg.f
image alignment mode   2311 decimal      907 hex
parameters
    1.3251   35.4994   10.0635   -4.6789  -14.0708   -1.6338
    0.9937    3.8753   -0.4139   27.3609   -3.5722  -29.7698
eta,q 0.97727  7.95726
niter,ni,del,rscale     5    3    5.0000    0.8000
parameters
    1.3114   35.4853   10.0682   -5.4715  -14.4388   -2.4679
    1.0967    3.7244   -0.2608   27.3212   -3.6000  -29.5380
eta,q 0.97711  7.89863
  0.0242  0.0238  0.0235  0.0233  0.0238  0.0240  0.0240  0.0244  0.0237  0.0239  0.0232  0.0235
  0.0234  0.0232  0.0231  0.0231  0.0233  0.0235  0.0234  0.0235  0.0232  0.0233  0.0230  0.0231
  0.0229  0.0229  0.0228  0.0229  0.0229  0.0230  0.0230  0.0230  0.0230  0.0230  0.0229  0.0229
  0.0227  0.0227  0.0227  0.0227  0.0228  0.0228  0.0229  0.0229  0.0229  0.0229  0.0229  0.0229
  0.0229  0.0229  0.0228  0.0228  0.0229  0.0230  0.0230  0.0231  0.0229  0.0230  0.0229  0.0229
  0.0234  0.0232  0.0231  0.0233  0.0234  0.0240  0.0233  0.0236  0.0232  0.0233  0.0230  0.0231
  0.0242  0.0239  0.0235  0.0243  0.0243  0.0261  0.0239  0.0246  0.0236  0.0240  0.0232  0.0233
niter,ni,del,rscale     4    3    5.0000    0.7000
parameters
    1.3420   35.5252   10.0890   -5.3079  -14.3451   -2.2956
    1.0580    3.7536   -0.2859   27.3286   -3.6481  -29.6053
eta,q 0.97716  7.91203
  0.0239  0.0237  0.0234  0.0234  0.0237  0.0240  0.0237  0.0241  0.0234  0.0236  0.0231  0.0232
  0.0234  0.0233  0.0231  0.0232  0.0233  0.0236  0.0232  0.0234  0.0231  0.0232  0.0229  0.0230
  0.0230  0.0230  0.0230  0.0230  0.0230  0.0232  0.0229  0.0230  0.0229  0.0229  0.0229  0.0229
  0.0229  0.0229  0.0229  0.0229  0.0229  0.0229  0.0228  0.0228  0.0228  0.0228  0.0228  0.0228
  0.0230  0.0230  0.0229  0.0229  0.0229  0.0228  0.0229  0.0230  0.0229  0.0229  0.0229  0.0229
  0.0233  0.0232  0.0231  0.0230  0.0232  0.0231  0.0232  0.0234  0.0231  0.0232  0.0230  0.0230
  0.0239  0.0237  0.0234  0.0235  0.0238  0.0242  0.0237  0.0241  0.0234  0.0237  0.0231  0.0232
niter,ni,del,rscale     3    3    5.0000    0.6000
parameters
    1.3402   35.5226   10.0806   -5.0618  -14.2335   -2.0065
    1.0339    3.8053   -0.3278   27.3296   -3.6318  -29.7067
eta,q 0.97722  7.93126
  0.0236  0.0234  0.0232  0.0233  0.0235  0.0238  0.0234  0.0238  0.0232  0.0234  0.0230  0.0231
  0.0232  0.0231  0.0230  0.0231  0.0232  0.0235  0.0231  0.0232  0.0230  0.0231  0.0229  0.0229
  0.0229  0.0229  0.0229  0.0230  0.0230  0.0231  0.0229  0.0229  0.0228  0.0229  0.0228  0.0228
  0.0228  0.0228  0.0228  0.0228  0.0228  0.0228  0.0228  0.0228  0.0228  0.0228  0.0228  0.0228
  0.0229  0.0229  0.0229  0.0228  0.0228  0.0228  0.0229  0.0229  0.0228  0.0228  0.0228  0.0228
  0.0232  0.0231  0.0230  0.0229  0.0231  0.0230  0.0231  0.0232  0.0230  0.0230  0.0229  0.0229
  0.0236  0.0234  0.0232  0.0233  0.0235  0.0238  0.0234  0.0237  0.0232  0.0234  0.0230  0.0231
niter,ni,del,rscale     2    3    5.0000    0.5000
parameters
    1.3346   35.5102   10.0702   -4.8502  -14.1520   -1.7965
    1.0231    3.8407   -0.3817   27.3534   -3.6239  -29.7679
eta,q 0.97725  7.94597
  0.0233  0.0232  0.0231  0.0231  0.0233  0.0236  0.0232  0.0235  0.0231  0.0232  0.0229  0.0230
  0.0230  0.0230  0.0229  0.0230  0.0230  0.0232  0.0230  0.0231  0.0229  0.0230  0.0228  0.0228
  0.0228  0.0228  0.0228  0.0229  0.0229  0.0230  0.0228  0.0228  0.0228  0.0228  0.0228  0.0228
  0.0228  0.0228  0.0228  0.0228  0.0228  0.0228  0.0228  0.0228  0.0228  0.0227  0.0228  0.0228
  0.0228  0.0228  0.0228  0.0228  0.0228  0.0227  0.0228  0.0228  0.0228  0.0228  0.0228  0.0228
  0.0230  0.0230  0.0229  0.0229  0.0229  0.0229  0.0230  0.0231  0.0229  0.0229  0.0228  0.0229
  0.0233  0.0232  0.0231  0.0231  0.0233  0.0235  0.0232  0.0235  0.0231  0.0232  0.0229  0.0230
niter,ni,del,rscale     1    3    5.0000    0.4000
parameters
    1.3251   35.4987   10.0599   -4.6814  -14.0703   -1.6348
    1.0032    3.8757   -0.4158   27.3591   -3.5852  -29.7728
eta,q 0.97727  7.95720
  0.0231  0.0230  0.0229  0.0230  0.0231  0.0233  0.0230  0.0232  0.0229  0.0230  0.0228  0.0229
  0.0229  0.0229  0.0228  0.0229  0.0229  0.0230  0.0229  0.0230  0.0228  0.0229  0.0228  0.0228
  0.0228  0.0228  0.0228  0.0228  0.0228  0.0229  0.0228  0.0228  0.0228  0.0228  0.0227  0.0227
  0.0228  0.0228  0.0228  0.0227  0.0227  0.0227  0.0227  0.0227  0.0227  0.0227  0.0227  0.0227
  0.0228  0.0228  0.0228  0.0227  0.0228  0.0227  0.0228  0.0228  0.0228  0.0228  0.0227  0.0228
  0.0229  0.0229  0.0228  0.0228  0.0229  0.0229  0.0229  0.0229  0.0228  0.0229  0.0228  0.0228
  0.0231  0.0230  0.0229  0.0230  0.0231  0.0232  0.0230  0.0232  0.0229  0.0230  0.0228  0.0229
registration optimization eta report
parameter search radius
    0.8000    0.8000    0.8000    2.4000    2.4000    2.4000
    2.4000    2.4000    2.4000    2.4000    2.4000    2.4000
100000*second partial in parameter space
       55.       43.       30.        4.        6.        9.
        5.        8.        4.        5.        2.        3.
  0.0231  0.0230  0.0229  0.0230  0.0231  0.0233  0.0230  0.0232  0.0229  0.0230  0.0228  0.0229
  0.0229  0.0229  0.0228  0.0229  0.0229  0.0230  0.0229  0.0230  0.0228  0.0229  0.0228  0.0228
  0.0228  0.0228  0.0228  0.0228  0.0228  0.0229  0.0228  0.0228  0.0228  0.0228  0.0227  0.0227
  0.0228  0.0228  0.0228  0.0227  0.0227  0.0227  0.0227  0.0227  0.0227  0.0227  0.0227  0.0227
  0.0228  0.0228  0.0228  0.0227  0.0228  0.0227  0.0228  0.0228  0.0228  0.0228  0.0227  0.0228
  0.0229  0.0229  0.0228  0.0228  0.0229  0.0229  0.0229  0.0229  0.0228  0.0229  0.0228  0.0228
  0.0231  0.0230  0.0229  0.0230  0.0231  0.0232  0.0230  0.0232  0.0229  0.0230  0.0228  0.0229
    1.3251   35.4987   10.0599   -4.6814  -14.0703   -1.6348
    1.0032    3.8757   -0.4158   27.3591   -3.5852  -29.7728
eta,q 0.97727  7.95720

---------------------------------------------------------------------
compute_vox2vox talsrcimg talsrcimg_to_711-2C_as_mni_average_305_t4 /opt/freesurfer/average/711-2C_as_mni_average_305
---------------------------------------------------------------------

freesurfer compute_vox2vox.c
Reading: talsrcimg.4dfp.ifh
Reading: talsrcimg_to_711-2C_as_mni_average_305_t4
Reading: /opt/freesurfer/average/711-2C_as_mni_average_305.4dfp.ifh
Writing: talsrcimg_to_711-2C_as_mni_average_305_t4_vox2vox.txt

start time Tue Mar 10 13:31:35 CET 2026
end		time Tue Mar 10 13:33:00 CET 2026

mpr2mni305 success

avi2talxfm orig_nu.mgz /opt/freesurfer/average/mni305.cor.mgz talsrcimg_to_711-2C_as_mni_average_305_t4_vox2vox.txt transforms/talairach.auto.xfm
avi2talxfm done
mv -f /out/sourcedata/freesurfer/sub-v2s0x30151_ses-1/mri/talsrcimg_to_711-2C_as_mni_average_305_t4_vox2vox.txt /out/sourcedata/freesurfer/sub-v2s0x30151_ses-1/mri/transforms/talsrcimg_to_711-2C_as_mni_average_305_t4_vox2vox.txt
lta_convert --src orig_nu.mgz --trg /opt/freesurfer/average/mni305.cor.mgz --inxfm transforms/talairach.auto.xfm --outlta transforms/talairach.auto.xfm.lta --subject fsaverage
7.3.2

--src: orig_nu.mgz src image (geometry).
--trg: /opt/freesurfer/average/mni305.cor.mgz trg image (geometry).
--inmni: transforms/talairach.auto.xfm input MNI/XFM transform.
--outlta: transforms/talairach.auto.xfm.lta output LTA.
--s: fsaverage subject name
 LTA read, type : 1
 1.04771  -0.03455  -0.02420  -1.22337;
 0.03623   0.92607   0.32044  -24.69498;
-0.00647  -0.29502   1.06160  -1.47162;
 0.00000   0.00000   0.00000   1.00000;
setting subject to fsaverage
Writing  LTA to file transforms/talairach.auto.xfm.lta...
lta_convert successful.
 
 
Started at Tue Mar 10 13:31:34 CET 2026
Ended   at Tue Mar 10 13:33:00 CET 2026
talairach_avi done
