status file for recon-all
Tue Mar 10 14:33:45 CET 2026
#@# Tessellate lh Tue Mar 10 14:33:45 CET 2026
#@# Smooth1 lh Tue Mar 10 14:33:49 CET 2026
#@# Inflation1 lh Tue Mar 10 14:33:52 CET 2026
#@# QSphere lh Tue Mar 10 14:34:05 CET 2026
#@# Fix Topology lh Tue Mar 10 14:35:14 CET 2026
#@# Smooth2 lh Tue Mar 10 14:40:47 CET 2026
#@# Inflation2 lh Tue Mar 10 14:40:50 CET 2026
#@# Curv .H and .K lh Tue Mar 10 14:41:04 CET 2026
#@# Sphere lh Tue Mar 10 14:41:48 CET 2026
#@# Surf Reg lh Tue Mar 10 14:44:06 CET 2026
#@# Jacobian white lh Tue Mar 10 14:48:10 CET 2026
#@# AvgCurv lh Tue Mar 10 14:48:11 CET 2026
#@# Cortical Parc lh Tue Mar 10 14:48:12 CET 2026
#@# white curv lh Tue Mar 10 14:53:57 CET 2026
#@# white area lh Tue Mar 10 14:53:59 CET 2026
#@# pial curv lh Tue Mar 10 14:54:00 CET 2026
#@# pial area lh Tue Mar 10 14:54:02 CET 2026
#@# thickness lh Tue Mar 10 14:54:03 CET 2026
#@# area and vertex vol lh Tue Mar 10 14:54:31 CET 2026
#@# Curvature Stats lh Tue Mar 10 14:54:32 CET 2026
#@# Cortical Parc 2 lh Tue Mar 10 14:54:35 CET 2026
#@# Cortical Parc 3 lh Tue Mar 10 14:54:49 CET 2026
#@# WM/GM Contrast lh Tue Mar 10 14:54:59 CET 2026
recon-all -s sub-v2s0x29050_ses-1 finished without error at Tue Mar 10 14:55:02 CET 2026



#New# invocation of recon-all 



status file for recon-all
Tue Mar 10 15:47:53 CET 2026
#@# white curv lh Tue Mar 10 15:47:54 CET 2026
#@# white area lh Tue Mar 10 15:47:54 CET 2026
#@# pial curv lh Tue Mar 10 15:47:54 CET 2026
#@# pial area lh Tue Mar 10 15:47:54 CET 2026
#@# thickness lh Tue Mar 10 15:47:54 CET 2026
#@# area and vertex vol lh Tue Mar 10 15:47:54 CET 2026
#@# Parcellation Stats lh Tue Mar 10 15:47:54 CET 2026
#@# Parcellation Stats 2 lh Tue Mar 10 15:48:10 CET 2026
#@# Parcellation Stats 3 lh Tue Mar 10 15:48:19 CET 2026
#@# BA_exvivo Labels lh Tue Mar 10 15:48:27 CET 2026
recon-all -s sub-v2s0x29050_ses-1 finished without error at Tue Mar 10 15:51:14 CET 2026
