status file for recon-all
Tue Mar 10 14:19:16 CET 2026
#@# Tessellate lh Tue Mar 10 14:19:16 CET 2026
#@# Smooth1 lh Tue Mar 10 14:19:19 CET 2026
#@# Inflation1 lh Tue Mar 10 14:19:22 CET 2026
#@# QSphere lh Tue Mar 10 14:19:32 CET 2026
#@# Fix Topology lh Tue Mar 10 14:20:28 CET 2026
#@# Smooth2 lh Tue Mar 10 14:25:51 CET 2026
#@# Inflation2 lh Tue Mar 10 14:25:54 CET 2026
#@# Curv .H and .K lh Tue Mar 10 14:26:05 CET 2026
#@# Sphere lh Tue Mar 10 14:26:54 CET 2026
#@# Surf Reg lh Tue Mar 10 14:28:53 CET 2026
#@# Jacobian white lh Tue Mar 10 14:32:34 CET 2026
#@# AvgCurv lh Tue Mar 10 14:32:34 CET 2026
#@# Cortical Parc lh Tue Mar 10 14:32:35 CET 2026
#@# white curv lh Tue Mar 10 14:38:10 CET 2026
#@# white area lh Tue Mar 10 14:38:12 CET 2026
#@# pial curv lh Tue Mar 10 14:38:13 CET 2026
#@# pial area lh Tue Mar 10 14:38:14 CET 2026
#@# thickness lh Tue Mar 10 14:38:15 CET 2026
#@# area and vertex vol lh Tue Mar 10 14:38:46 CET 2026
#@# Curvature Stats lh Tue Mar 10 14:38:47 CET 2026
#@# Cortical Parc 2 lh Tue Mar 10 14:38:50 CET 2026
#@# Cortical Parc 3 lh Tue Mar 10 14:39:03 CET 2026
#@# WM/GM Contrast lh Tue Mar 10 14:39:13 CET 2026
recon-all -s sub-v2s0x29048_ses-1 finished without error at Tue Mar 10 14:39:16 CET 2026



#New# invocation of recon-all 



status file for recon-all
Tue Mar 10 15:29:42 CET 2026
#@# white curv lh Tue Mar 10 15:29:42 CET 2026
#@# white area lh Tue Mar 10 15:29:42 CET 2026
#@# pial curv lh Tue Mar 10 15:29:42 CET 2026
#@# pial area lh Tue Mar 10 15:29:42 CET 2026
#@# thickness lh Tue Mar 10 15:29:42 CET 2026
#@# area and vertex vol lh Tue Mar 10 15:29:42 CET 2026
#@# Parcellation Stats lh Tue Mar 10 15:29:42 CET 2026
#@# Parcellation Stats 2 lh Tue Mar 10 15:30:02 CET 2026
#@# Parcellation Stats 3 lh Tue Mar 10 15:30:12 CET 2026
#@# BA_exvivo Labels lh Tue Mar 10 15:30:22 CET 2026
recon-all -s sub-v2s0x29048_ses-1 finished without error at Tue Mar 10 15:32:49 CET 2026
