status file for recon-all
Tue Mar 10 14:39:18 CET 2026
#@# Tessellate rh Tue Mar 10 14:39:18 CET 2026
#@# Smooth1 rh Tue Mar 10 14:39:21 CET 2026
#@# Inflation1 rh Tue Mar 10 14:39:24 CET 2026
#@# QSphere rh Tue Mar 10 14:39:34 CET 2026
#@# Fix Topology rh Tue Mar 10 14:40:33 CET 2026
#@# Smooth2 rh Tue Mar 10 14:46:05 CET 2026
#@# Inflation2 rh Tue Mar 10 14:46:08 CET 2026
#@# Curv .H and .K rh Tue Mar 10 14:46:20 CET 2026
#@# Sphere rh Tue Mar 10 14:47:09 CET 2026
#@# Surf Reg rh Tue Mar 10 14:49:53 CET 2026
#@# Jacobian white rh Tue Mar 10 14:53:42 CET 2026
#@# AvgCurv rh Tue Mar 10 14:53:43 CET 2026
#@# Cortical Parc rh Tue Mar 10 14:53:43 CET 2026
#@# white curv rh Tue Mar 10 14:59:09 CET 2026
#@# white area rh Tue Mar 10 14:59:11 CET 2026
#@# pial curv rh Tue Mar 10 14:59:11 CET 2026
#@# pial area rh Tue Mar 10 14:59:13 CET 2026
#@# thickness rh Tue Mar 10 14:59:13 CET 2026
#@# area and vertex vol rh Tue Mar 10 14:59:45 CET 2026
#@# Curvature Stats rh Tue Mar 10 14:59:47 CET 2026
#@# Cortical Parc 2 rh Tue Mar 10 14:59:49 CET 2026
#@# Cortical Parc 3 rh Tue Mar 10 15:00:03 CET 2026
#@# WM/GM Contrast rh Tue Mar 10 15:00:13 CET 2026
recon-all -s sub-v2s0x29048_ses-1 finished without error at Tue Mar 10 15:00:16 CET 2026



#New# invocation of recon-all 



status file for recon-all
Tue Mar 10 15:32:52 CET 2026
#@# white curv rh Tue Mar 10 15:32:52 CET 2026
#@# white area rh Tue Mar 10 15:32:52 CET 2026
#@# pial curv rh Tue Mar 10 15:32:52 CET 2026
#@# pial area rh Tue Mar 10 15:32:52 CET 2026
#@# thickness rh Tue Mar 10 15:32:52 CET 2026
#@# area and vertex vol rh Tue Mar 10 15:32:52 CET 2026
#@# Parcellation Stats rh Tue Mar 10 15:32:52 CET 2026
#@# Parcellation Stats 2 rh Tue Mar 10 15:33:12 CET 2026
#@# Parcellation Stats 3 rh Tue Mar 10 15:33:22 CET 2026
#@# BA_exvivo Labels rh Tue Mar 10 15:33:32 CET 2026
recon-all -s sub-v2s0x29048_ses-1 finished without error at Tue Mar 10 15:35:59 CET 2026
