12739459-8620-4330-b547-a500f65974ae oesteban@dna058:/tmp/59441401/oesteban/bootstrap-fmriprep/59441401_755/project/derivatives/v2s0 timestamp=1773130250.018845028s
187320a6-b9fb-4388-a07d-3cb925ecc35c oesteban@dna056:/tmp/59447254/oesteban/bootstrap-fmriprep/59447254_778/project/derivatives/v2s0 timestamp=1773143046.67558615s
1aab6992-b016-4a96-bf0b-893ff2986d2d oesteban@dna030:/tmp/59440374/oesteban/bootstrap-fmriprep/59440374_744/project/derivatives/v2s0 timestamp=1773127928.168653437s
1ae72e4d-03e4-4e92-b792-8296596a3207 oesteban@dna075:/tmp/59440366/oesteban/bootstrap-fmriprep/59440366_740/project/derivatives/v2s0 timestamp=1773127256.220204712s
1d4e5b2f-9b1f-42f7-afbb-c6ccb2ace3fd oesteban@Mac:~/workspace/abide_preproc/derivatives/v2s0 timestamp=1772959768s
1de77e2c-8aa1-40bf-8d08-730a64085375 oesteban@dna060:/tmp/59447280/oesteban/bootstrap-fmriprep/59447280_780/project/derivatives/v2s0 timestamp=1773143484.018609487s
1debc365-909b-44b3-b10a-6dc6d8982afa git@0cf3a9a26dcd:/data/repos/abide-fmriprep/v2s0.git timestamp=1773125672.903235722s
235216ca-9498-4d32-9e70-7a635e578bf3 oesteban@dna007:/tmp/59440953/oesteban/bootstrap-fmriprep/59440953_749/project/derivatives/v2s0 timestamp=1773129023.597915992s
24515730-cb16-4f10-80ff-9cb982f74071 oesteban@dna025:/tmp/59440358/oesteban/bootstrap-fmriprep/59440358_737/project/derivatives/v2s0 timestamp=1773126286.19364685s
24f7f3a6-70f8-4a31-8ca3-9c3f8c56b9b4 oesteban@dna029:/tmp/59441580/oesteban/bootstrap-fmriprep/59441580_760/project/derivatives/v2s0 timestamp=1773131710.637561756s
32253e73-f3c2-46ab-a96e-ab9a352afe48 oesteban@dna061:/tmp/59440372/oesteban/bootstrap-fmriprep/59440372_742/project/derivatives/v2s0 timestamp=1773127547.689555838s
35b93f10-8f24-44cc-93e5-eca7377728ed oesteban@dna006:/tmp/59441715/oesteban/bootstrap-fmriprep/59441715_762/project/derivatives/v2s0 timestamp=1773131857.252092s
42375c21-1be8-4fd6-88dd-b1a60b6b37f1 oesteban@dna059:/tmp/59443730/oesteban/bootstrap-fmriprep/59443730_768/project/derivatives/v2s0 timestamp=1773133749.863413965s
440b17b6-e9c8-4f5f-8468-0926f66ce552 oesteban@dna020:/tmp/59447011/oesteban/bootstrap-fmriprep/59447011_771/project/derivatives/v2s0 timestamp=1773142440.146146768s
4678c6d2-0bef-482d-bfae-84ea5579f5e2 oesteban@dna020:/tmp/59440368/oesteban/bootstrap-fmriprep/59440368_741/project/derivatives/v2s0 timestamp=1773127305.185127637s
490e1f2b-d2a3-403a-8c7a-f5924599bf9b oesteban@dna087:/tmp/59440354/oesteban/bootstrap-fmriprep/59440354_735/project/derivatives/v2s0 timestamp=1773126044.357792269s
52e3d3a7-367f-4896-bace-ff38b1e99b40 oesteban@dna010:/tmp/59441938/oesteban/bootstrap-fmriprep/59441938_763/project/derivatives/v2s0 timestamp=1773132067.274577022s
5b1d1ccb-b179-4310-be1d-50948b9ff8e3 oesteban@dna058:/tmp/59441618/oesteban/bootstrap-fmriprep/59441618_761/project/derivatives/v2s0 timestamp=1773131786.742151733s
5ba96204-4848-4276-98d0-caf71819ce49 oesteban@dna052:/tmp/59440949/oesteban/bootstrap-fmriprep/59440949_748/project/derivatives/v2s0 timestamp=1773128836.184540736s
605636e4-7378-4520-a0d6-b3140faac624 oesteban@dna003:/tmp/59441380/oesteban/bootstrap-fmriprep/59441380_752/project/derivatives/v2s0 timestamp=1773129996.150160143s
60e34670-ee42-4887-8ebc-2df0c5d76129 oesteban@dna014:/tmp/59440377/oesteban/bootstrap-fmriprep/59440377_745/project/derivatives/v2s0 timestamp=1773128243.103879933s
6266695d-de56-424a-b187-8938a8ef30fe oesteban@dna075:/tmp/59440360/oesteban/bootstrap-fmriprep/59440360_739/project/derivatives/v2s0 timestamp=1773126647.965666162s
6347cf44-7dcd-49b2-b78c-82246c8abd1f oesteban@dna014:/tmp/59441454/oesteban/bootstrap-fmriprep/59441454_758/project/derivatives/v2s0 timestamp=1773131207.189952416s
65284324-5c99-4431-bfd3-5392f5e4329e oesteban@dna066:/tmp/59440448/oesteban/bootstrap-fmriprep/59440448_747/project/derivatives/v2s0 timestamp=1773128691.348845027s
69523e51-32ea-4230-a164-dd11012b6e87 oesteban@dna003:/tmp/59441400/oesteban/bootstrap-fmriprep/59441400_754/project/derivatives/v2s0 timestamp=1773130207.973800936s
6ea42db6-5dc5-4dcd-871e-33398822fd01 oesteban@dna069:/tmp/59441354/oesteban/bootstrap-fmriprep/59441354_751/project/derivatives/v2s0 timestamp=1773129667.58294099s
71359e46-3204-4f3b-8b24-5213207cd973 oesteban@dna048:/tmp/59447753/oesteban/bootstrap-fmriprep/59447753_784/project/derivatives/v2s0 timestamp=1773144369.372033346s
7b757c97-4eee-4c20-b1e6-f4bf2b716f7e oesteban@dna052:/tmp/59447253/oesteban/bootstrap-fmriprep/59447253_777/project/derivatives/v2s0 timestamp=1773143048.04016584s
83ac6c3c-b8ae-42cb-b51d-8cc36e8dd5dd oesteban@dna076:/tmp/59443512/oesteban/bootstrap-fmriprep/59443512_767/project/derivatives/v2s0 timestamp=1773133390.104233494s
8a65be78-ac6f-4041-97de-dbc2acdaa82f oesteban@dna065:/tmp/59440349/oesteban/bootstrap-fmriprep/59440349_734/project/derivatives/v2s0 timestamp=1773126007.797080533s
8fb3f160-538f-4ad3-9a38-3007b087349b oesteban@dna063:/tmp/59447236/oesteban/bootstrap-fmriprep/59447236_773/project/derivatives/v2s0 timestamp=1773142987.085317813s
92050387-4678-4080-802d-ef2209c09160 oesteban@dna007:/tmp/59441453/oesteban/bootstrap-fmriprep/59441453_757/project/derivatives/v2s0 timestamp=1773131115.129813865s
929d5157-375d-4163-aa89-fce26974b6f3 oesteban@dna061:/tmp/59440359/oesteban/bootstrap-fmriprep/59440359_738/project/derivatives/v2s0 timestamp=1773126425.631601871s
961850c7-28d9-4b6e-a9ec-9e6424e402ca oesteban@dna025:/tmp/59442386/oesteban/bootstrap-fmriprep/59442386_765/project/derivatives/v2s0 timestamp=1773132337.912744439s
96579ee4-611b-4487-bffc-3977091946bf oesteban@dna060:/tmp/59447277/oesteban/bootstrap-fmriprep/59447277_779/project/derivatives/v2s0 timestamp=1773143198.964365773s
99a6311a-8b45-4575-a17f-9cd2bcd36c6c oesteban@dna030:/tmp/59447252/oesteban/bootstrap-fmriprep/59447252_776/project/derivatives/v2s0 timestamp=1773143047.234031888s
a24456a0-0b7f-48db-a77e-c14bd2847ef6 oesteban@dna052:/tmp/59440341/oesteban/bootstrap-fmriprep/59440341_731/project/derivatives/v2s0 timestamp=1773125671.049833988s
affc9cf2-2c86-441d-bc84-c7e4ba796680 oesteban@dna006:/tmp/59443735/oesteban/bootstrap-fmriprep/59443735_769/project/derivatives/v2s0 timestamp=1773133989.363341458s
b26c1c8e-586c-4396-8c36-ef385dc7a90d oesteban@dna010:/tmp/59441460/oesteban/bootstrap-fmriprep/59441460_759/project/derivatives/v2s0 timestamp=1773131381.859126126s
c415864a-fc9f-47ce-936f-fe167d90bab8 oesteban@dna030:/tmp/59441399/oesteban/bootstrap-fmriprep/59441399_753/project/derivatives/v2s0 timestamp=1773130078.831383356s
c7543aa0-da48-4626-bf7b-94a69566848f oesteban@dna074:/tmp/59441402/oesteban/bootstrap-fmriprep/59441402_756/project/derivatives/v2s0 timestamp=1773130393.848841218s
c95beafb-3502-4bf2-8a88-3f79c9310096 oesteban@dna020:/tmp/59440378/oesteban/bootstrap-fmriprep/59440378_746/project/derivatives/v2s0 timestamp=1773128260.077114489s
d44b83bb-ec04-40df-a704-d91c80f99387 oesteban@dna061:/tmp/59446665/oesteban/bootstrap-fmriprep/59446665_770/project/derivatives/v2s0 timestamp=1773141833.214226994s
d4704849-1a3e-40ea-a213-932890babfce oesteban@dna050:/tmp/59440356/oesteban/bootstrap-fmriprep/59440356_736/project/derivatives/v2s0 timestamp=1773126215.987035637s
d66c4955-b977-4de1-969b-40ea10535d15 oesteban@dna078:/tmp/59440348/oesteban/bootstrap-fmriprep/59440348_733/project/derivatives/v2s0 timestamp=1773125939.271038847s
db621c09-e91f-45f1-9205-f444bdc81445 oesteban@dna078:/tmp/59440954/oesteban/bootstrap-fmriprep/59440954_750/project/derivatives/v2s0 timestamp=1773129360.868301202s
dd3ee607-a87c-4579-99c9-06f6992ce499 oesteban@dna020:/tmp/59440373/oesteban/bootstrap-fmriprep/59440373_743/project/derivatives/v2s0 timestamp=1773127886.639533438s
ed79a809-b757-4048-9830-04e2aa44cfd0 oesteban@dna052:/tmp/59440342/oesteban/bootstrap-fmriprep/59440342_732/project/derivatives/v2s0 timestamp=1773125749.028683589s
ee561712-b2a2-42e7-a10f-5e9165ade88c oesteban@dna058:/tmp/59442001/oesteban/bootstrap-fmriprep/59442001_764/project/derivatives/v2s0 timestamp=1773132127.356853379s
f8e53df8-b004-4e92-bf81-d1bcaee77dcc oesteban@dna020:/tmp/59447123/oesteban/bootstrap-fmriprep/59447123_772/project/derivatives/v2s0 timestamp=1773142622.070575541s
fc0cb27b-8b2d-4281-831e-12aca5bfe1e9 oesteban@dna003:/tmp/59442477/oesteban/bootstrap-fmriprep/59442477_766/project/derivatives/v2s0 timestamp=1773132427.991080013s
