status file for recon-all
Tue Mar 10 13:04:14 CET 2026
#@# T2/FLAIR Input Tue Mar 10 13:04:15 CET 2026
#@# MotionCor Tue Mar 10 13:04:17 CET 2026
#@# Talairach Tue Mar 10 13:04:25 CET 2026
#@# Talairach Failure Detection Tue Mar 10 13:08:48 CET 2026
#@# Nu Intensity Correction Tue Mar 10 13:08:48 CET 2026
#@# Intensity Normalization Tue Mar 10 13:12:04 CET 2026
recon-all -s sub-v2s0x30144_ses-1 finished without error at Tue Mar 10 13:13:51 CET 2026



#New# invocation of recon-all 



status file for recon-all
Tue Mar 10 13:21:27 CET 2026
#@# EM Registration Tue Mar 10 13:21:27 CET 2026
recon-all -s sub-v2s0x30144_ses-1 finished without error at Tue Mar 10 13:23:09 CET 2026



#New# invocation of recon-all 



status file for recon-all
Tue Mar 10 13:23:12 CET 2026
#@# CA Normalize Tue Mar 10 13:23:12 CET 2026
#@# CA Reg Tue Mar 10 13:24:29 CET 2026
#@# SubCort Seg Tue Mar 10 14:14:11 CET 2026
#@# CC Seg Tue Mar 10 14:42:22 CET 2026
#@# Merge ASeg Tue Mar 10 14:42:54 CET 2026
#@# Intensity Normalization2 Tue Mar 10 14:42:54 CET 2026
#@# Mask BFS Tue Mar 10 14:45:04 CET 2026
#@# WM Segmentation Tue Mar 10 14:45:04 CET 2026
#@# Fill Tue Mar 10 14:47:03 CET 2026
recon-all -s sub-v2s0x30144_ses-1 finished without error at Tue Mar 10 14:48:04 CET 2026



#New# invocation of recon-all 



status file for recon-all
Tue Mar 10 15:33:14 CET 2026
#@# Refine Pial Surfs w/ T2/FLAIR Tue Mar 10 15:33:14 CET 2026
#@# white curv lh Tue Mar 10 15:54:13 CET 2026
#@# white area lh Tue Mar 10 15:54:13 CET 2026
#@# pial curv lh Tue Mar 10 15:54:13 CET 2026
#@# pial area lh Tue Mar 10 15:54:14 CET 2026
#@# thickness lh Tue Mar 10 15:54:15 CET 2026
#@# area and vertex vol lh Tue Mar 10 15:54:42 CET 2026
#@# white curv rh Tue Mar 10 15:54:43 CET 2026
#@# white area rh Tue Mar 10 15:54:43 CET 2026
#@# pial curv rh Tue Mar 10 15:54:43 CET 2026
#@# pial area rh Tue Mar 10 15:54:45 CET 2026
#@# thickness rh Tue Mar 10 15:54:45 CET 2026
#@# area and vertex vol rh Tue Mar 10 15:55:11 CET 2026
#@# Cortical ribbon mask Tue Mar 10 15:55:12 CET 2026
recon-all -s sub-v2s0x30144_ses-1 finished without error at Tue Mar 10 16:00:21 CET 2026



#New# invocation of recon-all 



status file for recon-all
Tue Mar 10 16:06:26 CET 2026
#@# white curv lh Tue Mar 10 16:06:26 CET 2026
#@# white area lh Tue Mar 10 16:06:26 CET 2026
#@# pial curv lh Tue Mar 10 16:06:26 CET 2026
#@# pial area lh Tue Mar 10 16:06:26 CET 2026
#@# thickness lh Tue Mar 10 16:06:26 CET 2026
#@# area and vertex vol lh Tue Mar 10 16:06:26 CET 2026
#@# white curv rh Tue Mar 10 16:06:26 CET 2026
#@# white area rh Tue Mar 10 16:06:26 CET 2026
#@# pial curv rh Tue Mar 10 16:06:26 CET 2026
#@# pial area rh Tue Mar 10 16:06:26 CET 2026
#@# thickness rh Tue Mar 10 16:06:26 CET 2026
#@# area and vertex vol rh Tue Mar 10 16:06:26 CET 2026
#@# Curvature Stats lh Tue Mar 10 16:06:26 CET 2026
#@# Curvature Stats rh Tue Mar 10 16:06:29 CET 2026
#@# Relabel Hypointensities Tue Mar 10 16:06:31 CET 2026
#@# APas-to-ASeg Tue Mar 10 16:06:46 CET 2026
#@# AParc-to-ASeg aparc Tue Mar 10 16:06:53 CET 2026
#@# AParc-to-ASeg aparc.a2009s Tue Mar 10 16:07:15 CET 2026
#@# AParc-to-ASeg aparc.DKTatlas Tue Mar 10 16:07:35 CET 2026
#@# WMParc Tue Mar 10 16:07:57 CET 2026
#@# ASeg Stats Tue Mar 10 16:12:00 CET 2026
recon-all -s sub-v2s0x30144_ses-1 finished without error at Tue Mar 10 16:12:40 CET 2026
