status file for recon-all
Tue Mar 10 15:08:48 CET 2026
#@# Tessellate rh Tue Mar 10 15:08:48 CET 2026
#@# Smooth1 rh Tue Mar 10 15:08:51 CET 2026
#@# Inflation1 rh Tue Mar 10 15:08:54 CET 2026
#@# QSphere rh Tue Mar 10 15:09:05 CET 2026
#@# Fix Topology rh Tue Mar 10 15:10:06 CET 2026
#@# Smooth2 rh Tue Mar 10 15:18:14 CET 2026
#@# Inflation2 rh Tue Mar 10 15:18:16 CET 2026
#@# Curv .H and .K rh Tue Mar 10 15:18:29 CET 2026
#@# Sphere rh Tue Mar 10 15:19:12 CET 2026
#@# Surf Reg rh Tue Mar 10 15:22:27 CET 2026
#@# Jacobian white rh Tue Mar 10 15:26:31 CET 2026
#@# AvgCurv rh Tue Mar 10 15:26:32 CET 2026
#@# Cortical Parc rh Tue Mar 10 15:26:33 CET 2026
#@# white curv rh Tue Mar 10 15:32:11 CET 2026
#@# white area rh Tue Mar 10 15:32:13 CET 2026
#@# pial curv rh Tue Mar 10 15:32:14 CET 2026
#@# pial area rh Tue Mar 10 15:32:15 CET 2026
#@# thickness rh Tue Mar 10 15:32:16 CET 2026
#@# area and vertex vol rh Tue Mar 10 15:32:42 CET 2026
#@# Curvature Stats rh Tue Mar 10 15:32:43 CET 2026
#@# Cortical Parc 2 rh Tue Mar 10 15:32:45 CET 2026
#@# Cortical Parc 3 rh Tue Mar 10 15:32:58 CET 2026
#@# WM/GM Contrast rh Tue Mar 10 15:33:07 CET 2026
recon-all -s sub-v2s0x30144_ses-1 finished without error at Tue Mar 10 15:33:10 CET 2026



#New# invocation of recon-all 



status file for recon-all
Tue Mar 10 16:03:26 CET 2026
#@# white curv rh Tue Mar 10 16:03:26 CET 2026
#@# white area rh Tue Mar 10 16:03:26 CET 2026
#@# pial curv rh Tue Mar 10 16:03:26 CET 2026
#@# pial area rh Tue Mar 10 16:03:26 CET 2026
#@# thickness rh Tue Mar 10 16:03:26 CET 2026
#@# area and vertex vol rh Tue Mar 10 16:03:26 CET 2026
#@# Parcellation Stats rh Tue Mar 10 16:03:26 CET 2026
#@# Parcellation Stats 2 rh Tue Mar 10 16:03:42 CET 2026
#@# Parcellation Stats 3 rh Tue Mar 10 16:03:50 CET 2026
#@# BA_exvivo Labels rh Tue Mar 10 16:03:58 CET 2026
recon-all -s sub-v2s0x30144_ses-1 finished without error at Tue Mar 10 16:06:22 CET 2026
