status file for recon-all
Tue Mar 10 14:33:00 CET 2026
#@# Tessellate lh Tue Mar 10 14:33:00 CET 2026
#@# Smooth1 lh Tue Mar 10 14:33:04 CET 2026
#@# Inflation1 lh Tue Mar 10 14:33:07 CET 2026
#@# QSphere lh Tue Mar 10 14:33:19 CET 2026
#@# Fix Topology lh Tue Mar 10 14:34:28 CET 2026
#@# Smooth2 lh Tue Mar 10 14:39:40 CET 2026
#@# Inflation2 lh Tue Mar 10 14:39:43 CET 2026
#@# Curv .H and .K lh Tue Mar 10 14:39:57 CET 2026
#@# Sphere lh Tue Mar 10 14:40:42 CET 2026
#@# Surf Reg lh Tue Mar 10 14:44:03 CET 2026
#@# Jacobian white lh Tue Mar 10 14:48:02 CET 2026
#@# AvgCurv lh Tue Mar 10 14:48:03 CET 2026
#@# Cortical Parc lh Tue Mar 10 14:48:04 CET 2026
#@# white curv lh Tue Mar 10 14:53:27 CET 2026
#@# white area lh Tue Mar 10 14:53:29 CET 2026
#@# pial curv lh Tue Mar 10 14:53:30 CET 2026
#@# pial area lh Tue Mar 10 14:53:32 CET 2026
#@# thickness lh Tue Mar 10 14:53:33 CET 2026
#@# area and vertex vol lh Tue Mar 10 14:54:02 CET 2026
#@# Curvature Stats lh Tue Mar 10 14:54:03 CET 2026
#@# Cortical Parc 2 lh Tue Mar 10 14:54:06 CET 2026
#@# Cortical Parc 3 lh Tue Mar 10 14:54:20 CET 2026
#@# WM/GM Contrast lh Tue Mar 10 14:54:30 CET 2026
recon-all -s sub-v2s0x29054_ses-1 finished without error at Tue Mar 10 14:54:33 CET 2026



#New# invocation of recon-all 



status file for recon-all
Tue Mar 10 15:44:23 CET 2026
#@# white curv lh Tue Mar 10 15:44:23 CET 2026
#@# white area lh Tue Mar 10 15:44:23 CET 2026
#@# pial curv lh Tue Mar 10 15:44:23 CET 2026
#@# pial area lh Tue Mar 10 15:44:23 CET 2026
#@# thickness lh Tue Mar 10 15:44:23 CET 2026
#@# area and vertex vol lh Tue Mar 10 15:44:23 CET 2026
#@# Parcellation Stats lh Tue Mar 10 15:44:23 CET 2026
#@# Parcellation Stats 2 lh Tue Mar 10 15:44:41 CET 2026
#@# Parcellation Stats 3 lh Tue Mar 10 15:44:51 CET 2026
#@# BA_exvivo Labels lh Tue Mar 10 15:44:59 CET 2026
recon-all -s sub-v2s0x29054_ses-1 finished without error at Tue Mar 10 15:47:32 CET 2026
