status file for recon-all
Tue Mar 10 10:06:49 CET 2026
#@# T2/FLAIR Input Tue Mar 10 10:06:51 CET 2026
#@# MotionCor Tue Mar 10 10:06:52 CET 2026
#@# Talairach Tue Mar 10 10:06:58 CET 2026
#@# Talairach Failure Detection Tue Mar 10 10:09:47 CET 2026
#@# Nu Intensity Correction Tue Mar 10 10:09:47 CET 2026
#@# Intensity Normalization Tue Mar 10 10:12:34 CET 2026
recon-all -s sub-v2s0x29043_ses-1 finished without error at Tue Mar 10 10:13:54 CET 2026



#New# invocation of recon-all 



status file for recon-all
Tue Mar 10 10:19:48 CET 2026
#@# EM Registration Tue Mar 10 10:19:48 CET 2026
recon-all -s sub-v2s0x29043_ses-1 finished without error at Tue Mar 10 10:21:01 CET 2026



#New# invocation of recon-all 



status file for recon-all
Tue Mar 10 10:21:03 CET 2026
#@# CA Normalize Tue Mar 10 10:21:03 CET 2026
#@# CA Reg Tue Mar 10 10:21:58 CET 2026
#@# SubCort Seg Tue Mar 10 10:58:26 CET 2026
#@# CC Seg Tue Mar 10 11:19:48 CET 2026
#@# Merge ASeg Tue Mar 10 11:20:06 CET 2026
#@# Intensity Normalization2 Tue Mar 10 11:20:06 CET 2026
#@# Mask BFS Tue Mar 10 11:21:41 CET 2026
#@# WM Segmentation Tue Mar 10 11:21:42 CET 2026
#@# Fill Tue Mar 10 11:23:16 CET 2026
recon-all -s sub-v2s0x29043_ses-1 finished without error at Tue Mar 10 11:23:56 CET 2026



#New# invocation of recon-all 



status file for recon-all
Tue Mar 10 11:55:41 CET 2026
#@# Refine Pial Surfs w/ T2/FLAIR Tue Mar 10 11:55:41 CET 2026
#@# white curv lh Tue Mar 10 12:11:49 CET 2026
#@# white area lh Tue Mar 10 12:11:49 CET 2026
#@# pial curv lh Tue Mar 10 12:11:49 CET 2026
#@# pial area lh Tue Mar 10 12:11:50 CET 2026
#@# thickness lh Tue Mar 10 12:11:50 CET 2026
#@# area and vertex vol lh Tue Mar 10 12:12:08 CET 2026
#@# white curv rh Tue Mar 10 12:12:09 CET 2026
#@# white area rh Tue Mar 10 12:12:09 CET 2026
#@# pial curv rh Tue Mar 10 12:12:09 CET 2026
#@# pial area rh Tue Mar 10 12:12:11 CET 2026
#@# thickness rh Tue Mar 10 12:12:11 CET 2026
#@# area and vertex vol rh Tue Mar 10 12:12:29 CET 2026
#@# Cortical ribbon mask Tue Mar 10 12:12:30 CET 2026
recon-all -s sub-v2s0x29043_ses-1 finished without error at Tue Mar 10 12:14:42 CET 2026



#New# invocation of recon-all 



status file for recon-all
Tue Mar 10 12:19:11 CET 2026
#@# white curv lh Tue Mar 10 12:19:11 CET 2026
#@# white area lh Tue Mar 10 12:19:11 CET 2026
#@# pial curv lh Tue Mar 10 12:19:11 CET 2026
#@# pial area lh Tue Mar 10 12:19:11 CET 2026
#@# thickness lh Tue Mar 10 12:19:11 CET 2026
#@# area and vertex vol lh Tue Mar 10 12:19:11 CET 2026
#@# white curv rh Tue Mar 10 12:19:11 CET 2026
#@# white area rh Tue Mar 10 12:19:11 CET 2026
#@# pial curv rh Tue Mar 10 12:19:11 CET 2026
#@# pial area rh Tue Mar 10 12:19:11 CET 2026
#@# thickness rh Tue Mar 10 12:19:11 CET 2026
#@# area and vertex vol rh Tue Mar 10 12:19:11 CET 2026
#@# Curvature Stats lh Tue Mar 10 12:19:11 CET 2026
#@# Curvature Stats rh Tue Mar 10 12:19:13 CET 2026
#@# Relabel Hypointensities Tue Mar 10 12:19:14 CET 2026
#@# APas-to-ASeg Tue Mar 10 12:19:24 CET 2026
#@# AParc-to-ASeg aparc Tue Mar 10 12:19:28 CET 2026
#@# AParc-to-ASeg aparc.a2009s Tue Mar 10 12:19:40 CET 2026
#@# AParc-to-ASeg aparc.DKTatlas Tue Mar 10 12:19:52 CET 2026
#@# WMParc Tue Mar 10 12:20:03 CET 2026
#@# ASeg Stats Tue Mar 10 12:21:43 CET 2026
recon-all -s sub-v2s0x29043_ses-1 finished without error at Tue Mar 10 12:22:03 CET 2026
