status file for recon-all
Tue Mar 10 13:28:27 CET 2026
#@# T2/FLAIR Input Tue Mar 10 13:28:30 CET 2026
#@# MotionCor Tue Mar 10 13:28:31 CET 2026
#@# Talairach Tue Mar 10 13:28:39 CET 2026
#@# Talairach Failure Detection Tue Mar 10 13:33:02 CET 2026
#@# Nu Intensity Correction Tue Mar 10 13:33:02 CET 2026
#@# Intensity Normalization Tue Mar 10 13:36:16 CET 2026
recon-all -s sub-v2s0x30150_ses-1 finished without error at Tue Mar 10 13:37:51 CET 2026



#New# invocation of recon-all 



status file for recon-all
Tue Mar 10 13:44:54 CET 2026
#@# EM Registration Tue Mar 10 13:44:54 CET 2026
recon-all -s sub-v2s0x30150_ses-1 finished without error at Tue Mar 10 13:46:33 CET 2026



#New# invocation of recon-all 



status file for recon-all
Tue Mar 10 13:46:35 CET 2026
#@# CA Normalize Tue Mar 10 13:46:35 CET 2026
#@# CA Reg Tue Mar 10 13:47:58 CET 2026
#@# SubCort Seg Tue Mar 10 14:30:44 CET 2026
#@# CC Seg Tue Mar 10 15:02:25 CET 2026
#@# Merge ASeg Tue Mar 10 15:03:08 CET 2026
#@# Intensity Normalization2 Tue Mar 10 15:03:08 CET 2026
#@# Mask BFS Tue Mar 10 15:05:33 CET 2026
#@# WM Segmentation Tue Mar 10 15:05:34 CET 2026
#@# Fill Tue Mar 10 15:07:34 CET 2026
recon-all -s sub-v2s0x30150_ses-1 finished without error at Tue Mar 10 15:08:35 CET 2026



#New# invocation of recon-all 



status file for recon-all
Tue Mar 10 15:49:38 CET 2026
#@# Refine Pial Surfs w/ T2/FLAIR Tue Mar 10 15:49:38 CET 2026
#@# white curv lh Tue Mar 10 16:16:01 CET 2026
#@# white area lh Tue Mar 10 16:16:01 CET 2026
#@# pial curv lh Tue Mar 10 16:16:01 CET 2026
#@# pial area lh Tue Mar 10 16:16:03 CET 2026
#@# thickness lh Tue Mar 10 16:16:03 CET 2026
#@# area and vertex vol lh Tue Mar 10 16:16:34 CET 2026
#@# white curv rh Tue Mar 10 16:16:35 CET 2026
#@# white area rh Tue Mar 10 16:16:35 CET 2026
#@# pial curv rh Tue Mar 10 16:16:35 CET 2026
#@# pial area rh Tue Mar 10 16:16:37 CET 2026
#@# thickness rh Tue Mar 10 16:16:37 CET 2026
#@# area and vertex vol rh Tue Mar 10 16:17:07 CET 2026
#@# Cortical ribbon mask Tue Mar 10 16:17:08 CET 2026
recon-all -s sub-v2s0x30150_ses-1 finished without error at Tue Mar 10 16:22:07 CET 2026



#New# invocation of recon-all 



status file for recon-all
Tue Mar 10 16:28:14 CET 2026
#@# white curv lh Tue Mar 10 16:28:14 CET 2026
#@# white area lh Tue Mar 10 16:28:14 CET 2026
#@# pial curv lh Tue Mar 10 16:28:14 CET 2026
#@# pial area lh Tue Mar 10 16:28:14 CET 2026
#@# thickness lh Tue Mar 10 16:28:14 CET 2026
#@# area and vertex vol lh Tue Mar 10 16:28:14 CET 2026
#@# white curv rh Tue Mar 10 16:28:14 CET 2026
#@# white area rh Tue Mar 10 16:28:14 CET 2026
#@# pial curv rh Tue Mar 10 16:28:14 CET 2026
#@# pial area rh Tue Mar 10 16:28:14 CET 2026
#@# thickness rh Tue Mar 10 16:28:14 CET 2026
#@# area and vertex vol rh Tue Mar 10 16:28:14 CET 2026
#@# Curvature Stats lh Tue Mar 10 16:28:14 CET 2026
#@# Curvature Stats rh Tue Mar 10 16:28:17 CET 2026
#@# Relabel Hypointensities Tue Mar 10 16:28:19 CET 2026
#@# APas-to-ASeg Tue Mar 10 16:28:33 CET 2026
#@# AParc-to-ASeg aparc Tue Mar 10 16:28:40 CET 2026
#@# AParc-to-ASeg aparc.a2009s Tue Mar 10 16:28:55 CET 2026
#@# AParc-to-ASeg aparc.DKTatlas Tue Mar 10 16:29:10 CET 2026
#@# WMParc Tue Mar 10 16:29:26 CET 2026
#@# ASeg Stats Tue Mar 10 16:33:00 CET 2026
recon-all -s sub-v2s0x30150_ses-1 finished without error at Tue Mar 10 16:33:32 CET 2026
