status file for recon-all
Tue Mar 10 15:08:40 CET 2026
#@# Tessellate lh Tue Mar 10 15:08:40 CET 2026
#@# Smooth1 lh Tue Mar 10 15:08:43 CET 2026
#@# Inflation1 lh Tue Mar 10 15:08:45 CET 2026
#@# QSphere lh Tue Mar 10 15:08:55 CET 2026
#@# Fix Topology lh Tue Mar 10 15:09:58 CET 2026
#@# Smooth2 lh Tue Mar 10 15:14:52 CET 2026
#@# Inflation2 lh Tue Mar 10 15:14:55 CET 2026
#@# Curv .H and .K lh Tue Mar 10 15:15:05 CET 2026
#@# Sphere lh Tue Mar 10 15:15:53 CET 2026
#@# Surf Reg lh Tue Mar 10 15:18:36 CET 2026
#@# Jacobian white lh Tue Mar 10 15:21:54 CET 2026
#@# AvgCurv lh Tue Mar 10 15:21:55 CET 2026
#@# Cortical Parc lh Tue Mar 10 15:21:55 CET 2026
#@# white curv lh Tue Mar 10 15:27:24 CET 2026
#@# white area lh Tue Mar 10 15:27:25 CET 2026
#@# pial curv lh Tue Mar 10 15:27:26 CET 2026
#@# pial area lh Tue Mar 10 15:27:27 CET 2026
#@# thickness lh Tue Mar 10 15:27:28 CET 2026
#@# area and vertex vol lh Tue Mar 10 15:27:58 CET 2026
#@# Curvature Stats lh Tue Mar 10 15:27:59 CET 2026
#@# Cortical Parc 2 lh Tue Mar 10 15:28:02 CET 2026
#@# Cortical Parc 3 lh Tue Mar 10 15:28:15 CET 2026
#@# WM/GM Contrast lh Tue Mar 10 15:28:25 CET 2026
recon-all -s sub-v2s0x30150_ses-1 finished without error at Tue Mar 10 15:28:28 CET 2026



#New# invocation of recon-all 



status file for recon-all
Tue Mar 10 16:22:10 CET 2026
#@# white curv lh Tue Mar 10 16:22:10 CET 2026
#@# white area lh Tue Mar 10 16:22:10 CET 2026
#@# pial curv lh Tue Mar 10 16:22:10 CET 2026
#@# pial area lh Tue Mar 10 16:22:10 CET 2026
#@# thickness lh Tue Mar 10 16:22:10 CET 2026
#@# area and vertex vol lh Tue Mar 10 16:22:10 CET 2026
#@# Parcellation Stats lh Tue Mar 10 16:22:10 CET 2026
#@# Parcellation Stats 2 lh Tue Mar 10 16:22:29 CET 2026
#@# Parcellation Stats 3 lh Tue Mar 10 16:22:39 CET 2026
#@# BA_exvivo Labels lh Tue Mar 10 16:22:48 CET 2026
recon-all -s sub-v2s0x30150_ses-1 finished without error at Tue Mar 10 16:25:11 CET 2026
