/out/sourcedata/freesurfer/sub-v2s0x29053_ses-1/mri
/opt/freesurfer/bin/talairach_avi
--i orig_nu.mgz --xfm transforms/talairach.auto.xfm
talairach_avi 7.3.2
Linux dna052 5.14.0-427.37.1.el9_4.x86_64 #1 SMP PREEMPT_DYNAMIC Fri Sep 13 12:41:50 EDT 2024 x86_64 x86_64 x86_64 GNU/Linux
Tue Mar 10 12:51:38 CET 2026
mri_convert orig_nu.mgz talsrcimg.img 
reading from orig_nu.mgz...
TR=0.00, TE=0.00, TI=0.00, flip angle=0.00
i_ras = (-1, 0, 0)
j_ras = (0, 0, -1)
k_ras = (0, 1, 0)
writing to talsrcimg.img...
Analyze Output Matrix
-1.00000   0.00000   0.00000   129.77406;
 0.00000   0.00000   1.00000  -90.16119;
 0.00000  -1.00000   0.00000   170.86380;
 0.00000   0.00000   0.00000   1.00000;
--------------------
INFO: set hdr.hist.orient to -1
mpr2mni305 talsrcimg
Tue Mar 10 12:51:39 CET 2026
/opt/freesurfer/bin/mpr2mni305 talsrcimg
mpr2mni305 7.3.2
target=711-2C_as_mni_average_305

---------------------------------------------------------------------
analyzeto4dfp talsrcimg -O0 -y
---------------------------------------------------------------------

freesurfer ifh2hdr.c
Tue Mar 10 12:51:39 2026
Writing: talsrcimg.4dfp.hdr
freesurfer analyzeto4dfp.c
Reading: talsrcimg.hdr
header size 348 bytes
hdr.dime.datatype	offset=70	value=2
hdr.dime.bitpix		offset=72	value=8
hdr.hist.orient		offset=252	value=-1
dimensionality     4
dimensions       256       256       256         1
Reading: talsrcimg.img
Writing: talsrcimg.4dfp.img
Writing: talsrcimg.4dfp.ifh
ifh2hdr talsrcimg -r0to249
ori=2

---------------------------------------------------------------------
gauss_4dfp talsrcimg 1.1
---------------------------------------------------------------------

freesurfer gauss_4dfp.c
Reading: talsrcimg.4dfp.img
Writing: talsrcimg_g11.4dfp.img
image dimensions 256 256 256 padded to 288 288 288
processing volume 1freesurfer ifh2hdr.c
Tue Mar 10 12:51:41 2026
Writing: talsrcimg_g11.4dfp.hdr

Writing: talsrcimg_g11.4dfp.ifh
including: talsrcimg.4dfp.img.rec in talsrcimg_g11.4dfp.img.rec

---------------------------------------------------------------------
imgreg_4dfp /opt/freesurfer/average/711-2C_as_mni_average_305 none talsrcimg_g11 none talsrcimg_to_711-2C_as_mni_average_305_t4 4355
---------------------------------------------------------------------

freesurfer imgreg_4dfp.c
/opt/freesurfer/average/711-2C_as_mni_average_305.4dfp.img
       256       256       256         1
  1.000000  1.000000  1.000000
orientation T byte_order littleendian
Reading image: /opt/freesurfer/average/711-2C_as_mni_average_305.4dfp.img
dimensions:      256       256       256
mmppix:       1.0000   -1.0000   -1.0000
center:     128.0000 -129.0000 -129.0000
talsrcimg_g11.4dfp.img
       256       256       256         1
  1.000000  1.000000  1.000000
orientation T byte_order littleendian
Reading image: talsrcimg_g11.4dfp.img
dimensions:      256       256       256
mmppix:       1.0000   -1.0000   -1.0000
center:     128.0000 -129.0000 -129.0000
t4_read: open error in t4_sub.f l:  41 t4_file(1:l)talsrcimg_to_711-2C_as_mni_average_305_t4 
t4_read: transform initialized to I4
rotation matrix determinant  1.000000
image alignment mode   4355 decimal     1103 hex
   -7.5000  -45.0000  -45.0000 7096.9082   12.2694
    0.0000  -45.0000  -45.0000 7481.7354   12.3031
    7.5000  -45.0000  -45.0000 7238.0083   12.2804
   -7.5000  -37.5000  -45.0000 7648.7344   12.1789
    0.0000  -37.5000  -45.0000 8067.7661   12.2054
    7.5000  -37.5000  -45.0000 7783.4600   12.1853
   -7.5000  -30.0000  -45.0000 8486.0879   12.1827
    0.0000  -30.0000  -45.0000 8952.7109   12.2071
    7.5000  -30.0000  -45.0000 8653.9922   12.1884
   -7.5000  -22.5000  -45.0000 9340.9590   12.1957
    0.0000  -22.5000  -45.0000 9831.2090   12.2252
    7.5000  -22.5000  -45.0000 9499.6826   12.2052
   -7.5000  -15.0000  -45.000010130.6982   12.2043
    0.0000  -15.0000  -45.000010640.2471   12.2404
    7.5000  -15.0000  -45.000010271.8760   12.2178
   -7.5000   -7.5000  -45.000010746.0449   12.1986
    0.0000   -7.5000  -45.000011308.5156   12.2362
    7.5000   -7.5000  -45.000010906.7861   12.2128
   -7.5000    0.0000  -45.000011290.5586   12.1856
    0.0000    0.0000  -45.000011872.5352   12.2189
    7.5000    0.0000  -45.000011472.8799   12.1965
   -7.5000    7.5000  -45.000011053.1094   12.1783
    0.0000    7.5000  -45.000011581.5176   12.2048
    7.5000    7.5000  -45.000011217.8447   12.1847
   -7.5000   15.0000  -45.000010775.8916   12.1827
    0.0000   15.0000  -45.000011286.6592   12.2071
    7.5000   15.0000  -45.000010948.2412   12.1884
   -7.5000   22.5000  -45.000010423.6260   12.1940
    0.0000   22.5000  -45.000010928.9678   12.2235
    7.5000   22.5000  -45.000010600.1113   12.2036
   -7.5000   30.0000  -45.0000 9928.9180   12.0416
    0.0000   30.0000  -45.000010417.4971   12.0772
    7.5000   30.0000  -45.000010051.2988   12.0550
   -7.5000   37.5000  -45.0000 9582.8252   12.0360
    0.0000   37.5000  -45.000010095.0977   12.0732
    7.5000   37.5000  -45.0000 9701.5703   12.0500
   -7.5000   45.0000  -45.0000 8782.6963   11.7179
    0.0000   45.0000  -45.0000 9245.7637   11.7499
    7.5000   45.0000  -45.0000 8877.7256   11.7284
   -7.5000  -45.0000  -37.5000 7527.5620   12.2023
    0.0000  -45.0000  -37.5000 7938.8037   12.2387
    7.5000  -45.0000  -37.5000 7680.8188   12.2148
   -7.5000  -37.5000  -37.5000 8149.1455   12.1152
    0.0000  -37.5000  -37.5000 8601.3584   12.1445
    7.5000  -37.5000  -37.5000 8287.6123   12.1231
   -7.5000  -30.0000  -37.5000 9062.0605   12.1233
    0.0000  -30.0000  -37.5000 9555.1709   12.1492
    7.5000  -30.0000  -37.5000 9213.7188   12.1283
   -7.5000  -22.5000  -37.5000 9940.9756   12.1386
    0.0000  -22.5000  -37.500010472.7305   12.1682
    7.5000  -22.5000  -37.500010103.7627   12.1451
   -7.5000  -15.0000  -37.500010771.2656   12.1451
    0.0000  -15.0000  -37.500011327.2578   12.1811
    7.5000  -15.0000  -37.500010928.4414   12.1557
   -7.5000   -7.5000  -37.500011435.0732   12.1348
    0.0000   -7.5000  -37.500012003.2051   12.1736
    7.5000   -7.5000  -37.500011608.1846   12.1482
   -7.5000    0.0000  -37.500011996.0234   12.1195
    0.0000    0.0000  -37.500012593.5547   12.1555
    7.5000    0.0000  -37.500012198.2979   12.1320
   -7.5000    7.5000  -37.500011713.4277   12.1147
    0.0000    7.5000  -37.500012280.6602   12.1440
    7.5000    7.5000  -37.500011903.2510   12.1226
   -7.5000   15.0000  -37.500011415.4521   12.1233
    0.0000   15.0000  -37.500011966.7373   12.1492
    7.5000   15.0000  -37.500011585.4053   12.1283
   -7.5000   22.5000  -37.500011019.2236   12.1369
    0.0000   22.5000  -37.500011566.3467   12.1665
    7.5000   22.5000  -37.500011185.2061   12.1435
   -7.5000   30.0000  -37.500010466.8340   11.9833
    0.0000   30.0000  -37.500010991.7344   12.0187
    7.5000   30.0000  -37.500010591.9766   11.9937
   -7.5000   37.5000  -37.500010070.5010   11.9730
    0.0000   37.5000  -37.500010585.9980   12.0114
    7.5000   37.5000  -37.500010189.4805   11.9863
   -7.5000   45.0000  -37.5000 9242.8037   11.6543
    0.0000   45.0000  -37.5000 9698.1582   11.6890
    7.5000   45.0000  -37.5000 9320.5771   11.6663
   -7.5000  -45.0000  -30.0000 8135.6470   12.6766
    0.0000  -45.0000  -30.0000 8574.7578   12.7124
    7.5000  -45.0000  -30.0000 8269.6768   12.6842
   -7.5000  -37.5000  -30.0000 8824.5332   12.5893
    0.0000  -37.5000  -30.0000 9302.6055   12.6186
    7.5000  -37.5000  -30.0000 8956.5420   12.5934
   -7.5000  -30.0000  -30.0000 9787.9209   12.6012
    0.0000  -30.0000  -30.000010305.9365   12.6274
    7.5000  -30.0000  -30.0000 9938.9316   12.6028
   -7.5000  -22.5000  -30.000010721.1992   12.6178
    0.0000  -22.5000  -30.000011283.1777   12.6480
    7.5000  -22.5000  -30.000010896.2021   12.6206
   -7.5000  -15.0000  -30.000011609.6738   12.6217
    0.0000  -15.0000  -30.000012196.7832   12.6581
    7.5000  -15.0000  -30.000011777.6357   12.6280
   -7.5000   -7.5000  -30.000012330.3975   12.6074
    0.0000   -7.5000  -30.000012924.6113   12.6460
    7.5000   -7.5000  -30.000012512.1084   12.6159
   -7.5000    0.0000  -30.000012962.7041   12.5910
    0.0000    0.0000  -30.000013593.5469   12.6265
    7.5000    0.0000  -30.000013161.1328   12.5987
   -7.5000    7.5000  -30.000012625.5322   12.5887
    0.0000    7.5000  -30.000013247.7568   12.6181
    7.5000    7.5000  -30.000012819.9629   12.5929
   -7.5000   15.0000  -30.000012253.2656   12.6012
    0.0000   15.0000  -30.000012857.8242   12.6274
    7.5000   15.0000  -30.000012425.2275   12.6028
   -7.5000   22.5000  -30.000011790.3008   12.6148
    0.0000   22.5000  -30.000012368.1357   12.6449
    7.5000   22.5000  -30.000011946.2725   12.6176
   -7.5000   30.0000  -30.000011161.7148   12.4547
    0.0000   30.0000  -30.000011727.6895   12.4906
    7.5000   30.0000  -30.000011322.3066   12.4609
   -7.5000   37.5000  -30.000010730.8682   12.4405
    0.0000   37.5000  -30.000011265.5605   12.4787
    7.5000   37.5000  -30.000010871.5752   12.4490
   -7.5000   45.0000  -30.0000 9860.8184   12.1167
    0.0000   45.0000  -30.000010334.3057   12.1508
    7.5000   45.0000  -30.0000 9954.3369   12.1240
   -7.5000  -45.0000  -22.5000 8764.2861   13.1058
    0.0000  -45.0000  -22.5000 9239.5186   13.1376
    7.5000  -45.0000  -22.5000 8902.1992   13.1069
   -7.5000  -37.5000  -22.5000 9494.6562   13.0138
    0.0000  -37.5000  -22.500010001.4395   13.0393
    7.5000  -37.5000  -22.5000 9635.1465   13.0124
   -7.5000  -30.0000  -22.500010520.6553   13.0235
    0.0000  -30.0000  -22.500011074.0693   13.0478
    7.5000  -30.0000  -22.500010690.1250   13.0226
   -7.5000  -22.5000  -22.500011508.7471   13.0399
    0.0000  -22.5000  -22.500012104.7002   13.0699
    7.5000  -22.5000  -22.500011688.3867   13.0426
   -7.5000  -15.0000  -22.500012426.8574   13.0453
    0.0000  -15.0000  -22.500013059.5078   13.0816
    7.5000  -15.0000  -22.500012620.0205   13.0509
   -7.5000   -7.5000  -22.500013229.0752   13.0331
    0.0000   -7.5000  -22.500013846.7773   13.0698
    7.5000   -7.5000  -22.500013413.8018   13.0377
   -7.5000    0.0000  -22.500013906.7783   13.0175
    0.0000    0.0000  -22.500014573.3652   13.0489
    7.5000    0.0000  -22.500014114.3564   13.0186
   -7.5000    7.5000  -22.500013538.3584   13.0133
    0.0000    7.5000  -22.500014210.0723   13.0387
    7.5000    7.5000  -22.500013738.3447   13.0118
   -7.5000   15.0000  -22.500013115.0840   13.0235
    0.0000   15.0000  -22.500013769.7471   13.0478
    7.5000   15.0000  -22.500013271.7930   13.0226
   -7.5000   22.5000  -22.500012588.2705   13.0358
    0.0000   22.5000  -22.500013214.4902   13.0658
    7.5000   22.5000  -22.500012748.3643   13.0386
   -7.5000   30.0000  -22.500011901.1338   12.8746
    0.0000   30.0000  -22.500012484.6152   12.9105
    7.5000   30.0000  -22.500012070.3750   12.8802
   -7.5000   37.5000  -22.500011415.1758   12.8627
    0.0000   37.5000  -22.500011963.5635   12.8988
    7.5000   37.5000  -22.500011568.7197   12.8672
   -7.5000   45.0000  -22.500010481.6689   12.5365
    0.0000   45.0000  -22.500010955.2793   12.5667
    7.5000   45.0000  -22.500010585.0410   12.5375
   -7.5000  -45.0000  -15.0000 9395.3711   13.4241
    0.0000  -45.0000  -15.0000 9891.0342   13.4537
    7.5000  -45.0000  -15.0000 9534.8096   13.4238
   -7.5000  -37.5000  -15.000010149.5605   13.3265
    0.0000  -37.5000  -15.000010667.5322   13.3493
    7.5000  -37.5000  -15.000010307.1387   13.3232
   -7.5000  -30.0000  -15.000011231.2793   13.3312
    0.0000  -30.0000  -15.000011811.0547   13.3539
    7.5000  -30.0000  -15.000011408.7471   13.3307
   -7.5000  -22.5000  -15.000012301.7207   13.3453
    0.0000  -22.5000  -15.000012925.0742   13.3752
    7.5000  -22.5000  -15.000012486.5781   13.3511
   -7.5000  -15.0000  -15.000013263.2285   13.3534
    0.0000  -15.0000  -15.000013929.7451   13.3901
    7.5000  -15.0000  -15.000013484.2812   13.3626
   -7.5000   -7.5000  -15.000014100.0625   13.3469
    0.0000   -7.5000  -15.000014781.8799   13.3827
    7.5000   -7.5000  -15.000014320.2305   13.3526
   -7.5000    0.0000  -15.000014819.8047   13.3335
    0.0000    0.0000  -15.000015557.2891   13.3627
    7.5000    0.0000  -15.000015073.0898   13.3332
   -7.5000    7.5000  -15.000014448.0508   13.3259
    0.0000    7.5000  -15.000015191.6104   13.3487
    7.5000    7.5000  -15.000014676.0205   13.3226
   -7.5000   15.0000  -15.000013997.2461   13.3312
    0.0000   15.0000  -15.000014684.8809   13.3539
    7.5000   15.0000  -15.000014180.9561   13.3307
   -7.5000   22.5000  -15.000013412.0283   13.3406
    0.0000   22.5000  -15.000014072.0498   13.3704
    7.5000   22.5000  -15.000013607.3340   13.3463
   -7.5000   30.0000  -15.000012660.8115   13.1805
    0.0000   30.0000  -15.000013272.9023   13.2168
    7.5000   30.0000  -15.000012834.6357   13.1897
   -7.5000   37.5000  -15.000012121.3467   13.1742
    0.0000   37.5000  -15.000012700.4971   13.2095
    7.5000   37.5000  -15.000012292.2793   13.1798
   -7.5000   45.0000  -15.000011116.9355   12.8486
    0.0000   45.0000  -15.000011632.2852   12.8767
    7.5000   45.0000  -15.000011259.4131   12.8482
   -7.5000  -45.0000   -7.500010030.2217   13.5935
    0.0000  -45.0000   -7.500010555.6367   13.6256
    7.5000  -45.0000   -7.500010189.2881   13.5986
   -7.5000  -37.5000   -7.500010818.2510   13.4931
    0.0000  -37.5000   -7.500011367.4551   13.5179
    7.5000  -37.5000   -7.500010988.1533   13.4940
   -7.5000  -30.0000   -7.500011972.9033   13.4958
    0.0000  -30.0000   -7.500012581.3037   13.5198
    7.5000  -30.0000   -7.500012148.8340   13.4985
   -7.5000  -22.5000   -7.500013115.0645   13.5087
    0.0000  -22.5000   -7.500013792.3672   13.5398
    7.5000  -22.5000   -7.500013320.9180   13.5179
   -7.5000  -15.0000   -7.500014155.5244   13.5181
    0.0000  -15.0000   -7.500014855.0439   13.5564
    7.5000  -15.0000   -7.500014384.5645   13.5316
   -7.5000   -7.5000   -7.500015054.2080   13.5140
    0.0000   -7.5000   -7.500015786.5234   13.5522
    7.5000   -7.5000   -7.500015322.7422   13.5253
   -7.5000    0.0000   -7.500015791.0332   13.5014
    0.0000    0.0000   -7.500016612.6094   13.5331
    7.5000    0.0000   -7.500016144.0703   13.5065
   -7.5000    7.5000   -7.500015392.5977   13.4926
    0.0000    7.5000   -7.500016181.7852   13.5173
    7.5000    7.5000   -7.500015691.3672   13.4934
   -7.5000   15.0000   -7.500014905.3818   13.4958
    0.0000   15.0000   -7.500015631.9805   13.5198
    7.5000   15.0000   -7.500015149.8926   13.4985
   -7.5000   22.5000   -7.500014296.1572   13.5024
    0.0000   22.5000   -7.500015008.1641   13.5336
    7.5000   22.5000   -7.500014525.5752   13.5117
   -7.5000   30.0000   -7.500013510.1162   13.3428
    0.0000   30.0000   -7.500014159.9492   13.3806
    7.5000   30.0000   -7.500013700.4639   13.3562
   -7.5000   37.5000   -7.500012905.6318   13.3388
    0.0000   37.5000   -7.500013535.3604   13.3765
    7.5000   37.5000   -7.500013114.1191   13.3499
   -7.5000   45.0000   -7.500011843.1016   13.0128
    0.0000   45.0000   -7.500012431.1035   13.0434
    7.5000   45.0000   -7.500012038.1592   13.0178
   -7.5000  -45.0000    0.000010624.1074   13.6295
    0.0000  -45.0000    0.000011170.9160   13.6667
    7.5000  -45.0000    0.000010793.7969   13.6417
   -7.5000  -37.5000    0.000011424.9307   13.5289
    0.0000  -37.5000    0.000011993.9082   13.5583
    7.5000  -37.5000    0.000011615.5859   13.5361
   -7.5000  -30.0000    0.000012622.7617   13.5329
    0.0000  -30.0000    0.000013258.6426   13.5602
    7.5000  -30.0000    0.000012830.1133   13.5394
   -7.5000  -22.5000    0.000013779.1270   13.5478
    0.0000  -22.5000    0.000014497.7725   13.5807
    7.5000  -22.5000    0.000013997.1553   13.5584
   -7.5000  -15.0000    0.000014864.0117   13.5579
    0.0000  -15.0000    0.000015634.0820   13.5979
    7.5000  -15.0000    0.000015107.7256   13.5729
   -7.5000   -7.5000    0.000015898.1924   13.5519
    0.0000   -7.5000    0.000016793.3320   13.5935
    7.5000   -7.5000    0.000016291.9824   13.5675
   -7.5000    0.0000    0.000016743.7227   13.5370
    0.0000    0.0000    0.000017751.7617   13.5738
    7.5000    0.0000    0.000017304.6914   13.5492
   -7.5000    7.5000    0.000016300.8994   13.5283
    0.0000    7.5000    0.000017194.6992   13.5578
    7.5000    7.5000    0.000016745.6289   13.5356
   -7.5000   15.0000    0.000015769.1377   13.5329
    0.0000   15.0000    0.000016561.1855   13.5602
    7.5000   15.0000    0.000016085.1641   13.5394
   -7.5000   22.5000    0.000015140.8906   13.5415
    0.0000   22.5000    0.000015937.6807   13.5744
    7.5000   22.5000    0.000015395.8428   13.5522
   -7.5000   30.0000    0.000014296.5518   13.3825
    0.0000   30.0000    0.000015081.3945   13.4219
    7.5000   30.0000    0.000014516.5381   13.3973
   -7.5000   37.5000    0.000013637.9697   13.3765
    0.0000   37.5000    0.000014423.6562   13.4175
    7.5000   37.5000    0.000013878.8574   13.3919
   -7.5000   45.0000    0.000012513.8291   13.0482
    0.0000   45.0000    0.000013236.0029   13.0836
    7.5000   45.0000    0.000012769.9785   13.0599
   -7.5000  -45.0000    7.500010312.7588   13.6246
    0.0000  -45.0000    7.500010874.1162   13.6650
    7.5000  -45.0000    7.500010489.3955   13.6384
   -7.5000  -37.5000    7.500011100.7910   13.5274
    0.0000  -37.5000    7.500011678.7383   13.5601
    7.5000  -37.5000    7.500011304.5176   13.5363
   -7.5000  -30.0000    7.500012275.1621   13.5362
    0.0000  -30.0000    7.500012903.5928   13.5653
    7.5000  -30.0000    7.500012478.8477   13.5421
   -7.5000  -22.5000    7.500013378.6924   13.5533
    0.0000  -22.5000    7.500014020.5850   13.5865
    7.5000  -22.5000    7.500013564.8984   13.5607
   -7.5000  -15.0000    7.500014436.4297   13.5608
    0.0000  -15.0000    7.500015142.0039   13.6009
    7.5000  -15.0000    7.500014665.6729   13.5724
   -7.5000   -7.5000    7.500015527.1689   13.5494
    0.0000   -7.5000    7.500016546.4824   13.5925
    7.5000   -7.5000    7.500016065.2070   13.5641
   -7.5000    0.0000    7.500016504.6621   13.5324
    0.0000    0.0000    7.500017803.5234   13.5723
    7.5000    0.0000    7.500017310.2324   13.5461
   -7.5000    7.5000    7.500016146.4775   13.5268
    0.0000    7.5000    7.500017304.5586   13.5595
    7.5000    7.5000    7.500016731.6934   13.5357
   -7.5000   15.0000    7.500015592.9424   13.5362
    0.0000   15.0000    7.500016605.2871   13.5653
    7.5000   15.0000    7.500015950.6680   13.5421
   -7.5000   22.5000    7.500014886.5498   13.5470
    0.0000   22.5000    7.500015865.4492   13.5803
    7.5000   22.5000    7.500015145.9150   13.5545
   -7.5000   30.0000    7.500013961.6807   13.3853
    0.0000   30.0000    7.500014867.1221   13.4249
    7.5000   30.0000    7.500014188.7842   13.3967
   -7.5000   37.5000    7.500013264.8281   13.3741
    0.0000   37.5000    7.500014135.3145   13.4166
    7.5000   37.5000    7.500013527.3379   13.3885
   -7.5000   45.0000    7.500012141.4229   13.0437
    0.0000   45.0000    7.500012927.8945   13.0822
    7.5000   45.0000    7.500012406.3105   13.0569
   -7.5000  -45.0000   15.0000 9921.9258   13.6126
    0.0000  -45.0000   15.000010421.8418   13.6510
    7.5000  -45.0000   15.000010093.7900   13.6208
   -7.5000  -37.5000   15.000010686.1387   13.5188
    0.0000  -37.5000   15.000011221.8135   13.5503
    7.5000  -37.5000   15.000010887.7383   13.5232
   -7.5000  -30.0000   15.000011817.7510   13.5316
    0.0000  -30.0000   15.000012396.0234   13.5598
    7.5000  -30.0000   15.000011996.8545   13.5333
   -7.5000  -22.5000   15.000012912.7646   13.5494
    0.0000  -22.5000   15.000013532.0254   13.5818
    7.5000  -22.5000   15.000013070.2354   13.5524
   -7.5000  -15.0000   15.000013954.5342   13.5537
    0.0000  -15.0000   15.000014713.7490   13.5927
    7.5000  -15.0000   15.000014206.6592   13.5604
   -7.5000   -7.5000   15.000014981.1855   13.5382
    0.0000   -7.5000   15.000016104.1211   13.5798
    7.5000   -7.5000   15.000015560.9150   13.5474
   -7.5000    0.0000   15.000015914.8223   13.5207
    0.0000    0.0000   15.000017321.4980   13.5588
    7.5000    0.0000   15.000016616.0527   13.5289
   -7.5000    7.5000   15.000015614.6123   13.5182
    0.0000    7.5000   15.000016939.7246   13.5497
    7.5000    7.5000   15.000016100.6523   13.5227
   -7.5000   15.0000   15.000015057.7754   13.5316
    0.0000   15.0000   15.000016276.3301   13.5598
    7.5000   15.0000   15.000015411.5088   13.5333
   -7.5000   22.5000   15.000014308.1113   13.5432
    0.0000   22.5000   15.000015378.9307   13.5756
    7.5000   22.5000   15.000014576.0186   13.5462
   -7.5000   30.0000   15.000013356.0107   13.3783
    0.0000   30.0000   15.000014256.1709   13.4168
    7.5000   30.0000   15.000013585.9746   13.3849
   -7.5000   37.5000   15.000012663.4766   13.3630
    0.0000   37.5000   15.000013490.4219   13.4040
    7.5000   37.5000   15.000012930.2305   13.3721
   -7.5000   45.0000   15.000011601.4512   13.0324
    0.0000   45.0000   15.000012337.5488   13.0691
    7.5000   45.0000   15.000011873.9863   13.0403
   -7.5000  -45.0000   22.5000 9355.6924   13.6050
    0.0000  -45.0000   22.5000 9890.6660   13.6379
    7.5000  -45.0000   22.5000 9517.2295   13.6061
   -7.5000  -37.5000   22.500010120.4668   13.5094
    0.0000  -37.5000   22.500010703.5303   13.5359
    7.5000  -37.5000   22.500010296.1426   13.5080
   -7.5000  -30.0000   22.500011209.9580   13.5196
    0.0000  -30.0000   22.500011842.6953   13.5448
    7.5000  -30.0000   22.500011403.9570   13.5186
   -7.5000  -22.5000   22.500012297.5156   13.5365
    0.0000  -22.5000   22.500012947.4043   13.5676
    7.5000  -22.5000   22.500012492.2471   13.5393
   -7.5000  -15.0000   22.500013310.3320   13.5421
    0.0000  -15.0000   22.500014048.9473   13.5798
    7.5000  -15.0000   22.500013609.5576   13.5480
   -7.5000   -7.5000   22.500014253.9004   13.5295
    0.0000   -7.5000   22.500015112.4688   13.5675
    7.5000   -7.5000   22.500014621.1699   13.5343
   -7.5000    0.0000   22.500015048.2930   13.5133
    0.0000    0.0000   22.500015895.5029   13.5459
    7.5000    0.0000   22.500015324.3965   13.5144
   -7.5000    7.5000   22.500014685.8213   13.5089
    0.0000    7.5000   22.500015499.2451   13.5353
    7.5000    7.5000   22.500014922.9180   13.5074
   -7.5000   15.0000   22.500014184.3818   13.5196
    0.0000   15.0000   22.500015016.1855   13.5448
    7.5000   15.0000   22.500014448.2373   13.5186
   -7.5000   22.5000   22.500013532.8154   13.5302
    0.0000   22.5000   22.500014352.6260   13.5614
    7.5000   22.5000   22.500013781.9570   13.5331
   -7.5000   30.0000   22.500012651.0859   13.3668
    0.0000   30.0000   22.500013410.9443   13.4041
    7.5000   30.0000   22.500012890.8027   13.3727
   -7.5000   37.5000   22.500012037.4307   13.3544
    0.0000   37.5000   22.500012768.1357   13.3919
    7.5000   37.5000   22.500012278.6553   13.3591
   -7.5000   45.0000   22.500011021.3643   13.0252
    0.0000   45.0000   22.500011711.2139   13.0566
    7.5000   45.0000   22.500011280.3574   13.0263
   -7.5000  -45.0000   30.0000 8663.5459   13.6562
    0.0000  -45.0000   30.0000 9160.2568   13.6864
    7.5000  -45.0000   30.0000 8847.6201   13.6560
   -7.5000  -37.5000   30.0000 9396.2617   13.5565
    0.0000  -37.5000   30.0000 9909.8809   13.5798
    7.5000  -37.5000   30.0000 9580.1162   13.5533
   -7.5000  -30.0000   30.000010433.1328   13.5614
    0.0000  -30.0000   30.000010958.8877   13.5846
    7.5000  -30.0000   30.000010621.5732   13.5610
   -7.5000  -22.5000   30.000011445.0674   13.5758
    0.0000  -22.5000   30.000011992.4414   13.6063
    7.5000  -22.5000   30.000011654.3750   13.5819
   -7.5000  -15.0000   30.000012395.9258   13.5840
    0.0000  -15.0000   30.000012993.0107   13.6215
    7.5000  -15.0000   30.000012653.8652   13.5937
   -7.5000   -7.5000   30.000013240.5488   13.5774
    0.0000   -7.5000   30.000013867.8799   13.6140
    7.5000   -7.5000   30.000013454.8281   13.5835
   -7.5000    0.0000   30.000013948.1084   13.5637
    0.0000    0.0000   30.000014552.0547   13.5935
    7.5000    0.0000   30.000014062.0342   13.5635
   -7.5000    7.5000   30.000013604.8242   13.5559
    0.0000    7.5000   30.000014224.0732   13.5793
    7.5000    7.5000   30.000013745.5146   13.5527
   -7.5000   15.0000   30.000013150.4395   13.5614
    0.0000   15.0000   30.000013811.4512   13.5846
    7.5000   15.0000   30.000013349.1865   13.5610
   -7.5000   22.5000   30.000012602.9062   13.5695
    0.0000   22.5000   30.000013262.8857   13.6000
    7.5000   22.5000   30.000012795.0869   13.5756
   -7.5000   30.0000   30.000011847.4600   13.4082
    0.0000   30.0000   30.000012480.6816   13.4452
    7.5000   30.0000   30.000012016.9375   13.4178
   -7.5000   37.5000   30.000011307.7080   13.4017
    0.0000   37.5000   30.000011944.5234   13.4378
    7.5000   37.5000   30.000011489.1035   13.4077
   -7.5000   45.0000   30.000010344.2695   13.0739
    0.0000   45.0000   30.000010953.2598   13.1026
    7.5000   45.0000   30.000010547.2656   13.0736
   -7.5000  -45.0000   37.5000 8275.6777   13.8498
    0.0000  -45.0000   37.5000 8738.9648   13.8825
    7.5000  -45.0000   37.5000 8493.2842   13.8545
   -7.5000  -37.5000   37.5000 8979.1436   13.7460
    0.0000  -37.5000   37.5000 9457.8242   13.7711
    7.5000  -37.5000   37.5000 9199.2119   13.7463
   -7.5000  -30.0000   37.5000 9983.6025   13.7482
    0.0000  -30.0000   37.500010477.1045   13.7725
    7.5000  -30.0000   37.500010201.5371   13.7505
   -7.5000  -22.5000   37.500010965.1455   13.7607
    0.0000  -22.5000   37.500011503.7148   13.7924
    7.5000  -22.5000   37.500011208.8525   13.7700
   -7.5000  -15.0000   37.500011874.9775   13.7703
    0.0000  -15.0000   37.500012452.7588   13.8094
    7.5000  -15.0000   37.500012119.3311   13.7840
   -7.5000   -7.5000   37.500012691.6621   13.7667
    0.0000   -7.5000   37.500013265.4580   13.8057
    7.5000   -7.5000   37.500012861.2861   13.7779
   -7.5000    0.0000   37.500013387.2900   13.7545
    0.0000    0.0000   37.500013940.3525   13.7867
    7.5000    0.0000   37.500013506.1045   13.7591
   -7.5000    7.5000   37.500013073.7178   13.7455
    0.0000    7.5000   37.500013628.6328   13.7705
    7.5000    7.5000   37.500013198.3057   13.7457
   -7.5000   15.0000   37.500012643.3252   13.7482
    0.0000   15.0000   37.500013241.0820   13.7725
    7.5000   15.0000   37.500012815.0986   13.7505
   -7.5000   22.5000   37.500012124.7793   13.7544
    0.0000   22.5000   37.500012744.0635   13.7861
    7.5000   22.5000   37.500012287.6025   13.7637
   -7.5000   30.0000   37.500011428.6660   13.5921
    0.0000   30.0000   37.500012010.5742   13.6306
    7.5000   30.0000   37.500011563.6328   13.6056
   -7.5000   37.5000   37.500010944.3467   13.5885
    0.0000   37.5000   37.500011526.2285   13.6270
    7.5000   37.5000   37.500011094.0283   13.5996
   -7.5000   45.0000   37.500010038.3604   13.2577
    0.0000   45.0000   37.500010569.2881   13.2888
    7.5000   45.0000   37.500010189.1807   13.2622
   -7.5000  -45.0000   45.0000 7571.2563   14.0694
    0.0000  -45.0000   45.0000 8015.9741   14.1088
    7.5000  -45.0000   45.0000 7801.7822   14.0826
   -7.5000  -37.5000   45.0000 8230.9238   13.9619
    0.0000  -37.5000   45.0000 8685.7295   13.9929
    7.5000  -37.5000   45.0000 8461.2764   13.9696
   -7.5000  -30.0000   45.0000 9170.5957   13.9649
    0.0000  -30.0000   45.0000 9638.0039   13.9934
    7.5000  -30.0000   45.0000 9395.8164   13.9718
   -7.5000  -22.5000   45.000010061.8457   13.9789
    0.0000  -22.5000   45.000010560.6934   14.0135
    7.5000  -22.5000   45.000010308.5400   13.9905
   -7.5000  -15.0000   45.000010881.8555   13.9892
    0.0000  -15.0000   45.000011427.9941   14.0315
    7.5000  -15.0000   45.000011124.0898   14.0057
   -7.5000   -7.5000   45.000011653.5527   13.9842
    0.0000   -7.5000   45.000012179.3682   14.0283
    7.5000   -7.5000   45.000011823.1309   14.0014
   -7.5000    0.0000   45.000012294.1152   13.9702
    0.0000    0.0000   45.000012808.5215   14.0092
    7.5000    0.0000   45.000012443.6865   13.9834
   -7.5000    7.5000   45.000012006.8008   13.9613
    0.0000    7.5000   45.000012516.7021   13.9923
    7.5000    7.5000   45.000012146.3643   13.9690
   -7.5000   15.0000   45.000011608.8408   13.9649
    0.0000   15.0000   45.000012155.0908   13.9934
    7.5000   15.0000   45.000011796.2256   13.9718
   -7.5000   22.5000   45.000011137.4443   13.9724
    0.0000   22.5000   45.000011704.9062   14.0070
    7.5000   22.5000   45.000011307.7256   13.9840
   -7.5000   30.0000   45.000010514.8936   13.8070
    0.0000   30.0000   45.000011056.6670   13.8487
    7.5000   30.0000   45.000010663.3320   13.8232
   -7.5000   37.5000   45.000010116.4531   13.8020
    0.0000   37.5000   45.000010621.1396   13.8456
    7.5000   37.5000   45.000010235.2637   13.8190
   -7.5000   45.0000   45.0000 9287.6182   13.4718
    0.0000   45.0000   45.0000 9744.9062   13.5094
    7.5000   45.0000   45.0000 9402.9219   13.4845

---------------------------------------------------------------------
imgreg_4dfp /opt/freesurfer/average/711-2C_as_mni_average_305 /opt/freesurfer/average/711-2B_as_mni_average_305_mask talsrcimg_g11 none talsrcimg_to_711-2C_as_mni_average_305_t4 4355
---------------------------------------------------------------------

freesurfer imgreg_4dfp.c
/opt/freesurfer/average/711-2C_as_mni_average_305.4dfp.img
       256       256       256         1
  1.000000  1.000000  1.000000
orientation T byte_order littleendian
Reading image: /opt/freesurfer/average/711-2C_as_mni_average_305.4dfp.img
dimensions:      256       256       256
mmppix:       1.0000   -1.0000   -1.0000
center:     128.0000 -129.0000 -129.0000
/opt/freesurfer/average/711-2B_as_mni_average_305_mask.4dfp.img
       256       256       256         1
  1.000000  1.000000  1.000000
orientation T byte_order littleendian
Reading mask: /opt/freesurfer/average/711-2B_as_mni_average_305_mask.4dfp.img (2306576 pixels)
talsrcimg_g11.4dfp.img
       256       256       256         1
  1.000000  1.000000  1.000000
orientation T byte_order littleendian
Reading image: talsrcimg_g11.4dfp.img
dimensions:      256       256       256
mmppix:       1.0000   -1.0000   -1.0000
center:     128.0000 -129.0000 -129.0000
rotation matrix determinant  1.000000
image alignment mode   4355 decimal     1103 hex
   -7.5000  -45.0000  -37.5000 1982.9008   14.8374
    0.0000  -45.0000  -37.5000 2002.4899   14.6472
    7.5000  -45.0000  -37.5000 2007.7382   14.5867
   -7.5000  -37.5000  -37.5000 2110.3428   13.3691
    0.0000  -37.5000  -37.5000 2130.8081   13.1702
    7.5000  -37.5000  -37.5000 2133.1694   13.0863
   -7.5000  -30.0000  -37.5000 2215.7878   12.2094
    0.0000  -30.0000  -37.5000 2236.2112   12.0299
    7.5000  -30.0000  -37.5000 2237.5901   11.9665
   -7.5000  -22.5000  -37.5000 2301.5198   11.3311
    0.0000  -22.5000  -37.5000 2322.1670   11.1615
    7.5000  -22.5000  -37.5000 2320.3311   11.1310
   -7.5000  -15.0000  -37.5000 2359.2346   10.7811
    0.0000  -15.0000  -37.5000 2383.5933   10.6002
    7.5000  -15.0000  -37.5000 2377.3682   10.5736
   -7.5000   -7.5000  -37.5000 2381.7634   10.3990
    0.0000   -7.5000  -37.5000 2409.6321   10.2164
    7.5000   -7.5000  -37.5000 2411.1892   10.1981
   -7.5000    0.0000  -37.5000 2387.5691   10.2077
    0.0000    0.0000  -37.5000 2413.7458   10.0207
    7.5000    0.0000  -37.5000 2417.9185   10.0211
   -7.5000    7.5000  -37.5000 2374.6184   10.2538
    0.0000    7.5000  -37.5000 2398.7122   10.0607
    7.5000    7.5000  -37.5000 2408.3467   10.0515
   -7.5000   15.0000  -37.5000 2341.8472   10.5509
    0.0000   15.0000  -37.5000 2374.3450   10.3349
    7.5000   15.0000  -37.5000 2381.3911   10.3324
   -7.5000   22.5000  -37.5000 2294.0066   11.1228
    0.0000   22.5000  -37.5000 2324.8096   10.9013
    7.5000   22.5000  -37.5000 2331.4253   10.8951
   -7.5000   30.0000  -37.5000 2226.4866   11.9191
    0.0000   30.0000  -37.5000 2253.7754   11.6858
    7.5000   30.0000  -37.5000 2259.9045   11.6692
   -7.5000   37.5000  -37.5000 2140.7925   12.9390
    0.0000   37.5000  -37.5000 2168.0190   12.7103
    7.5000   37.5000  -37.5000 2172.6143   12.7058
   -7.5000   45.0000  -37.5000 2033.6542   14.3080
    0.0000   45.0000  -37.5000 2060.7727   14.0795
    7.5000   45.0000  -37.5000 2068.4565   14.0951
   -7.5000  -45.0000  -30.0000 2080.9343   14.4292
    0.0000  -45.0000  -30.0000 2103.8416   14.2194
    7.5000  -45.0000  -30.0000 2104.8906   14.1224
   -7.5000  -37.5000  -30.0000 2219.5281   12.9724
    0.0000  -37.5000  -30.0000 2245.7786   12.7589
    7.5000  -37.5000  -30.0000 2243.3411   12.6588
   -7.5000  -30.0000  -30.0000 2329.9307   11.8258
    0.0000  -30.0000  -30.0000 2353.1384   11.6209
    7.5000  -30.0000  -30.0000 2354.4329   11.5752
   -7.5000  -22.5000  -30.0000 2421.3889   10.9410
    0.0000  -22.5000  -30.0000 2446.9944   10.7693
    7.5000  -22.5000  -30.0000 2445.4087   10.7294
   -7.5000  -15.0000  -30.0000 2490.1089   10.3827
    0.0000  -15.0000  -30.0000 2517.5525   10.1783
    7.5000  -15.0000  -30.0000 2516.7178   10.1665
   -7.5000   -7.5000  -30.0000 2526.0032    9.9707
    0.0000   -7.5000  -30.0000 2554.5762    9.7869
    7.5000   -7.5000  -30.0000 2560.2180    9.7877
   -7.5000    0.0000  -30.0000 2541.3027    9.7805
    0.0000    0.0000  -30.0000 2567.9993    9.5978
    7.5000    0.0000  -30.0000 2575.9956    9.6014
   -7.5000    7.5000  -30.0000 2527.9900    9.8305
    0.0000    7.5000  -30.0000 2555.0891    9.6412
    7.5000    7.5000  -30.0000 2562.9832    9.6225
   -7.5000   15.0000  -30.0000 2485.5432   10.0995
    0.0000   15.0000  -30.0000 2521.1919    9.9031
    7.5000   15.0000  -30.0000 2530.2642    9.8759
   -7.5000   22.5000  -30.0000 2431.3130   10.6221
    0.0000   22.5000  -30.0000 2467.7095   10.4173
    7.5000   22.5000  -30.0000 2474.1426   10.4020
   -7.5000   30.0000  -30.0000 2356.8066   11.3639
    0.0000   30.0000  -30.0000 2393.1116   11.1458
    7.5000   30.0000  -30.0000 2401.2014   11.1336
   -7.5000   37.5000  -30.0000 2264.4453   12.3262
    0.0000   37.5000  -30.0000 2299.8599   12.1114
    7.5000   37.5000  -30.0000 2306.8115   12.1225
   -7.5000   45.0000  -30.0000 2152.5991   13.6044
    0.0000   45.0000  -30.0000 2188.2002   13.3852
    7.5000   45.0000  -30.0000 2199.0837   13.4226
   -7.5000  -45.0000  -22.5000 2155.3999   13.9704
    0.0000  -45.0000  -22.5000 2180.9187   13.7306
    7.5000  -45.0000  -22.5000 2181.3193   13.6532
   -7.5000  -37.5000  -22.5000 2298.8508   12.5119
    0.0000  -37.5000  -22.5000 2326.2715   12.2837
    7.5000  -37.5000  -22.5000 2322.1753   12.2127
   -7.5000  -30.0000  -22.5000 2410.1472   11.3509
    0.0000  -30.0000  -22.5000 2438.8948   11.1416
    7.5000  -30.0000  -22.5000 2437.9431   11.0984
   -7.5000  -22.5000  -22.5000 2508.1677   10.4864
    0.0000  -22.5000  -22.5000 2538.1116   10.2887
    7.5000  -22.5000  -22.5000 2537.2356   10.2554
   -7.5000  -15.0000  -22.5000 2582.5984    9.8937
    0.0000  -15.0000  -22.5000 2615.4126    9.7044
    7.5000  -15.0000  -22.5000 2620.0522    9.6874
   -7.5000   -7.5000  -22.5000 2632.7412    9.4881
    0.0000   -7.5000  -22.5000 2666.2222    9.3129
    7.5000   -7.5000  -22.5000 2677.1152    9.2976
   -7.5000    0.0000  -22.5000 2659.7561    9.2869
    0.0000    0.0000  -22.5000 2693.4426    9.0991
    7.5000    0.0000  -22.5000 2701.3120    9.0901
   -7.5000    7.5000  -22.5000 2652.2363    9.3016
    0.0000    7.5000  -22.5000 2684.8716    9.1159
    7.5000    7.5000  -22.5000 2691.5457    9.1094
   -7.5000   15.0000  -22.5000 2606.7539    9.5668
    0.0000   15.0000  -22.5000 2649.4814    9.3609
    7.5000   15.0000  -22.5000 2655.7542    9.3469
   -7.5000   22.5000  -22.5000 2552.1917   10.0681
    0.0000   22.5000  -22.5000 2592.6162    9.8537
    7.5000   22.5000  -22.5000 2599.1165    9.8416
   -7.5000   30.0000  -22.5000 2473.7341   10.7781
    0.0000   30.0000  -22.5000 2511.5723   10.5468
    7.5000   30.0000  -22.5000 2520.3152   10.5304
   -7.5000   37.5000  -22.5000 2373.9277   11.7077
    0.0000   37.5000  -22.5000 2409.0439   11.4713
    7.5000   37.5000  -22.5000 2418.7678   11.4765
   -7.5000   45.0000  -22.5000 2253.1687   12.9060
    0.0000   45.0000  -22.5000 2289.7544   12.6787
    7.5000   45.0000  -22.5000 2303.5601   12.6800
   -7.5000  -45.0000  -15.0000 2199.8916   13.5202
    0.0000  -45.0000  -15.0000 2225.0125   13.2723
    7.5000  -45.0000  -15.0000 2219.9692   13.2132
   -7.5000  -37.5000  -15.0000 2340.2805   12.0332
    0.0000  -37.5000  -15.0000 2363.8059   11.8121
    7.5000  -37.5000  -15.0000 2363.2578   11.7646
   -7.5000  -30.0000  -15.0000 2454.0752   10.8843
    0.0000  -30.0000  -15.0000 2482.0764   10.6755
    7.5000  -30.0000  -15.0000 2482.1125   10.6469
   -7.5000  -22.5000  -15.0000 2562.5269   10.0275
    0.0000  -22.5000  -15.0000 2597.3181    9.8318
    7.5000  -22.5000  -15.0000 2597.9084    9.8111
   -7.5000  -15.0000  -15.0000 2645.4683    9.4191
    0.0000  -15.0000  -15.0000 2683.7485    9.2629
    7.5000  -15.0000  -15.0000 2693.2756    9.2448
   -7.5000   -7.5000  -15.0000 2705.9353    9.0184
    0.0000   -7.5000  -15.0000 2745.5942    8.8545
    7.5000   -7.5000  -15.0000 2760.7524    8.8527
   -7.5000    0.0000  -15.0000 2740.5835    8.8094
    0.0000    0.0000  -15.0000 2783.8667    8.6248
    7.5000    0.0000  -15.0000 2795.4089    8.6301
   -7.5000    7.5000  -15.0000 2744.3315    8.8133
    0.0000    7.5000  -15.0000 2787.3274    8.6127
    7.5000    7.5000  -15.0000 2792.4917    8.6216
   -7.5000   15.0000  -15.0000 2709.6104    9.0596
    0.0000   15.0000  -15.0000 2749.6909    8.8495
    7.5000   15.0000  -15.0000 2759.1472    8.8560
   -7.5000   22.5000  -15.0000 2646.6392    9.5518
    0.0000   22.5000  -15.0000 2687.7917    9.3267
    7.5000   22.5000  -15.0000 2696.4382    9.3296
   -7.5000   30.0000  -15.0000 2562.1570   10.2448
    0.0000   30.0000  -15.0000 2599.7000   10.0039
    7.5000   30.0000  -15.0000 2606.3953    9.9836
   -7.5000   37.5000  -15.0000 2452.1736   11.1375
    0.0000   37.5000  -15.0000 2488.8079   10.9044
    7.5000   37.5000  -15.0000 2495.9214   10.8998
   -7.5000   45.0000  -15.0000 2325.5190   12.2927
    0.0000   45.0000  -15.0000 2361.4758   12.0649
    7.5000   45.0000  -15.0000 2371.4128   12.0659
   -7.5000  -45.0000   -7.5000 2213.1833   13.1602
    0.0000  -45.0000   -7.5000 2241.8699   12.8983
    7.5000  -45.0000   -7.5000 2238.9851   12.8646
   -7.5000  -37.5000   -7.5000 2351.6802   11.6585
    0.0000  -37.5000   -7.5000 2378.5332   11.4044
    7.5000  -37.5000   -7.5000 2378.9429   11.3815
   -7.5000  -30.0000   -7.5000 2470.1309   10.4963
    0.0000  -30.0000   -7.5000 2503.6072   10.2770
    7.5000  -30.0000   -7.5000 2503.9604   10.2668
   -7.5000  -22.5000   -7.5000 2591.7393    9.6427
    0.0000  -22.5000   -7.5000 2631.6619    9.4489
    7.5000  -22.5000   -7.5000 2637.1807    9.4277
   -7.5000  -15.0000   -7.5000 2688.6306    9.0490
    0.0000  -15.0000   -7.5000 2730.7092    8.8740
    7.5000  -15.0000   -7.5000 2744.8735    8.8646
   -7.5000   -7.5000   -7.5000 2764.2197    8.6355
    0.0000   -7.5000   -7.5000 2808.4097    8.4682
    7.5000   -7.5000   -7.5000 2824.2939    8.4895
   -7.5000    0.0000   -7.5000 2809.5742    8.4169
    0.0000    0.0000   -7.5000 2856.8264    8.2299
    7.5000    0.0000   -7.5000 2868.5007    8.2652
   -7.5000    7.5000   -7.5000 2821.2065    8.3973
    0.0000    7.5000   -7.5000 2866.3025    8.1844
    7.5000    7.5000   -7.5000 2873.7473    8.2218
   -7.5000   15.0000   -7.5000 2784.9341    8.6223
    0.0000   15.0000   -7.5000 2821.8582    8.3965
    7.5000   15.0000   -7.5000 2835.1858    8.4422
   -7.5000   22.5000   -7.5000 2716.0449    9.1035
    0.0000   22.5000   -7.5000 2756.9270    8.8609
    7.5000   22.5000   -7.5000 2770.6943    8.8972
   -7.5000   30.0000   -7.5000 2619.9282    9.7956
    0.0000   30.0000   -7.5000 2659.7280    9.5470
    7.5000   30.0000   -7.5000 2668.2717    9.5692
   -7.5000   37.5000   -7.5000 2505.8137   10.6619
    0.0000   37.5000   -7.5000 2544.2236   10.4218
    7.5000   37.5000   -7.5000 2551.2361   10.4580
   -7.5000   45.0000   -7.5000 2374.8665   11.7935
    0.0000   45.0000   -7.5000 2412.1365   11.5638
    7.5000   45.0000   -7.5000 2417.0413   11.5771
   -7.5000  -45.0000    0.0000 2215.3945   13.0171
    0.0000  -45.0000    0.0000 2242.7725   12.7183
    7.5000  -45.0000    0.0000 2243.7043   12.7026
   -7.5000  -37.5000    0.0000 2348.5947   11.4475
    0.0000  -37.5000    0.0000 2372.9021   11.1810
    7.5000  -37.5000    0.0000 2383.8308   11.1887
   -7.5000  -30.0000    0.0000 2470.9387   10.2683
    0.0000  -30.0000    0.0000 2501.5464   10.0492
    7.5000  -30.0000    0.0000 2517.3906   10.0510
   -7.5000  -22.5000    0.0000 2597.0942    9.4149
    0.0000  -22.5000    0.0000 2637.7004    9.2264
    7.5000  -22.5000    0.0000 2653.3938    9.2105
   -7.5000  -15.0000    0.0000 2704.2363    8.8070
    0.0000  -15.0000    0.0000 2749.8494    8.6364
    7.5000  -15.0000    0.0000 2769.2576    8.6394
   -7.5000   -7.5000    0.0000 2798.2148    8.4100
    0.0000   -7.5000    0.0000 2847.7632    8.2601
    7.5000   -7.5000    0.0000 2866.9160    8.2854
   -7.5000    0.0000    0.0000 2856.4441    8.1995
    0.0000    0.0000    0.0000 2906.9668    8.0465
    7.5000    0.0000    0.0000 2926.1816    8.1066
   -7.5000    7.5000    0.0000 2872.2727    8.1588
    0.0000    7.5000    0.0000 2923.0376    7.9634
    7.5000    7.5000    0.0000 2939.7349    8.0420
   -7.5000   15.0000    0.0000 2836.0476    8.3413
    0.0000   15.0000    0.0000 2877.8413    8.1353
    7.5000   15.0000    0.0000 2889.6033    8.2160
   -7.5000   22.5000    0.0000 2760.3408    8.8216
    0.0000   22.5000    0.0000 2804.8987    8.5935
    7.5000   22.5000    0.0000 2821.0261    8.6368
   -7.5000   30.0000    0.0000 2655.2117    9.4984
    0.0000   30.0000    0.0000 2702.4299    9.2739
    7.5000   30.0000    0.0000 2712.0798    9.2991
   -7.5000   37.5000    0.0000 2535.3333   10.3554
    0.0000   37.5000    0.0000 2578.9292   10.1519
    7.5000   37.5000    0.0000 2587.1743   10.1650
   -7.5000   45.0000    0.0000 2399.7454   11.4707
    0.0000   45.0000    0.0000 2437.8953   11.2642
    7.5000   45.0000    0.0000 2448.5986   11.2559
   -7.5000  -45.0000    7.5000 2201.4902   12.9500
    0.0000  -45.0000    7.5000 2228.9619   12.6813
    7.5000  -45.0000    7.5000 2233.2092   12.6615
   -7.5000  -37.5000    7.5000 2332.2649   11.3745
    0.0000  -37.5000    7.5000 2360.3167   11.1322
    7.5000  -37.5000    7.5000 2374.7034   11.1398
   -7.5000  -30.0000    7.5000 2463.0320   10.2143
    0.0000  -30.0000    7.5000 2495.5913    9.9840
    7.5000  -30.0000    7.5000 2514.1743    9.9794
   -7.5000  -22.5000    7.5000 2588.9014    9.3449
    0.0000  -22.5000    7.5000 2629.4502    9.1408
    7.5000  -22.5000    7.5000 2655.7329    9.1363
   -7.5000  -15.0000    7.5000 2705.1580    8.7364
    0.0000  -15.0000    7.5000 2748.1921    8.5521
    7.5000  -15.0000    7.5000 2779.1343    8.5568
   -7.5000   -7.5000    7.5000 2815.4414    8.3527
    0.0000   -7.5000    7.5000 2861.2224    8.2237
    7.5000   -7.5000    7.5000 2885.3608    8.2381
   -7.5000    0.0000    7.5000 2887.1892    8.1700
    0.0000    0.0000    7.5000 2944.8430    8.1183
    7.5000    0.0000    7.5000 2966.0115    8.1442
   -7.5000    7.5000    7.5000 2903.6301    8.1328
    0.0000    7.5000    7.5000 2971.3259    8.0507
    7.5000    7.5000    7.5000 2988.7617    8.0766
   -7.5000   15.0000    7.5000 2868.9106    8.2873
    0.0000   15.0000    7.5000 2925.4980    8.1426
    7.5000   15.0000    7.5000 2932.7915    8.1550
   -7.5000   22.5000    7.5000 2788.5015    8.7075
    0.0000   22.5000    7.5000 2839.6267    8.5282
    7.5000   22.5000    7.5000 2848.6116    8.4923
   -7.5000   30.0000    7.5000 2678.3059    9.3278
    0.0000   30.0000    7.5000 2722.4705    9.1455
    7.5000   30.0000    7.5000 2735.5254    9.1038
   -7.5000   37.5000    7.5000 2550.9104   10.1643
    0.0000   37.5000    7.5000 2593.3833    9.9905
    7.5000   37.5000    7.5000 2605.9243    9.9631
   -7.5000   45.0000    7.5000 2405.6013   11.2893
    0.0000   45.0000    7.5000 2445.1345   11.1069
    7.5000   45.0000    7.5000 2456.7622   11.0814
   -7.5000  -45.0000   15.0000 2181.9771   13.1119
    0.0000  -45.0000   15.0000 2210.1787   12.7936
    7.5000  -45.0000   15.0000 2221.2715   12.7976
   -7.5000  -37.5000   15.0000 2318.0232   11.5046
    0.0000  -37.5000   15.0000 2350.2720   11.2046
    7.5000  -37.5000   15.0000 2368.0254   11.2290
   -7.5000  -30.0000   15.0000 2449.5793   10.3294
    0.0000  -30.0000   15.0000 2479.5747   10.0486
    7.5000  -30.0000   15.0000 2500.1721   10.0460
   -7.5000  -22.5000   15.0000 2571.5818    9.4784
    0.0000  -22.5000   15.0000 2611.4856    9.2577
    7.5000  -22.5000   15.0000 2637.5630    9.2266
   -7.5000  -15.0000   15.0000 2689.1909    8.8755
    0.0000  -15.0000   15.0000 2738.3428    8.7197
    7.5000  -15.0000   15.0000 2764.6492    8.6747
   -7.5000   -7.5000   15.0000 2804.8420    8.4810
    0.0000   -7.5000   15.0000 2862.5066    8.4137
    7.5000   -7.5000   15.0000 2878.1951    8.3642
   -7.5000    0.0000   15.0000 2882.8535    8.2655
    0.0000    0.0000   15.0000 2952.8557    8.2610
    7.5000    0.0000   15.0000 2959.6665    8.2362
   -7.5000    7.5000   15.0000 2904.4563    8.2432
    0.0000    7.5000   15.0000 2975.3640    8.1843
    7.5000    7.5000   15.0000 2981.6008    8.1497
   -7.5000   15.0000   15.0000 2867.1868    8.4045
    0.0000   15.0000   15.0000 2932.5000    8.2990
    7.5000   15.0000   15.0000 2933.4890    8.2296
   -7.5000   22.5000   15.0000 2788.0969    8.7702
    0.0000   22.5000   15.0000 2841.6606    8.6123
    7.5000   22.5000   15.0000 2847.5132    8.5403
   -7.5000   30.0000   15.0000 2680.1489    9.3325
    0.0000   30.0000   15.0000 2721.8093    9.1439
    7.5000   30.0000   15.0000 2728.2073    9.1128
   -7.5000   37.5000   15.0000 2541.9805   10.1462
    0.0000   37.5000   15.0000 2582.0962    9.9420
    7.5000   37.5000   15.0000 2596.0857    9.9283
   -7.5000   45.0000   15.0000 2396.6694   11.2305
    0.0000   45.0000   15.0000 2434.7170   11.0149
    7.5000   45.0000   15.0000 2449.2510   11.0145
   -7.5000  -45.0000   22.5000 2155.5876   13.4552
    0.0000  -45.0000   22.5000 2188.1296   13.1111
    7.5000  -45.0000   22.5000 2197.9016   13.0823
   -7.5000  -37.5000   22.5000 2299.9309   11.7994
    0.0000  -37.5000   22.5000 2334.6350   11.5128
    7.5000  -37.5000   22.5000 2349.0186   11.4909
   -7.5000  -30.0000   22.5000 2426.6760   10.6325
    0.0000  -30.0000   22.5000 2463.9031   10.3891
    7.5000  -30.0000   22.5000 2482.9070   10.3359
   -7.5000  -22.5000   22.5000 2552.1072    9.7844
    0.0000  -22.5000   22.5000 2594.1675    9.5691
    7.5000  -22.5000   22.5000 2619.0947    9.5227
   -7.5000  -15.0000   22.5000 2669.6882    9.1703
    0.0000  -15.0000   22.5000 2717.9858    8.9801
    7.5000  -15.0000   22.5000 2746.1782    8.9473
   -7.5000   -7.5000   22.5000 2777.1155    8.7367
    0.0000   -7.5000   22.5000 2829.1465    8.5987
    7.5000   -7.5000   22.5000 2848.3293    8.5715
   -7.5000    0.0000   22.5000 2846.5012    8.4793
    0.0000    0.0000   22.5000 2900.5330    8.3224
    7.5000    0.0000   22.5000 2917.5027    8.2970
   -7.5000    7.5000   22.5000 2866.4121    8.4216
    0.0000    7.5000   22.5000 2933.0295    8.2321
    7.5000    7.5000   22.5000 2944.0669    8.1843
   -7.5000   15.0000   22.5000 2838.9539    8.5636
    0.0000   15.0000   22.5000 2899.5918    8.3859
    7.5000   15.0000   22.5000 2903.1562    8.3654
   -7.5000   22.5000   22.5000 2761.4631    8.9435
    0.0000   22.5000   22.5000 2815.5164    8.7657
    7.5000   22.5000   22.5000 2816.6953    8.7482
   -7.5000   30.0000   22.5000 2649.1626    9.5196
    0.0000   30.0000   22.5000 2694.8809    9.3370
    7.5000   30.0000   22.5000 2701.4355    9.3318
   -7.5000   37.5000   22.5000 2517.2349   10.2958
    0.0000   37.5000   22.5000 2556.0513   10.1043
    7.5000   37.5000   22.5000 2567.9768   10.0946
   -7.5000   45.0000   22.5000 2377.0232   11.3379
    0.0000   45.0000   22.5000 2415.9746   11.1203
    7.5000   45.0000   22.5000 2430.9834   11.1054
   -7.5000  -45.0000   30.0000 2124.6694   14.0186
    0.0000  -45.0000   30.0000 2155.9956   13.6704
    7.5000  -45.0000   30.0000 2167.5364   13.6302
   -7.5000  -37.5000   30.0000 2271.5986   12.3293
    0.0000  -37.5000   30.0000 2307.4460   12.0053
    7.5000  -37.5000   30.0000 2320.4973   11.9952
   -7.5000  -30.0000   30.0000 2398.5142   11.1123
    0.0000  -30.0000   30.0000 2437.4192   10.8043
    7.5000  -30.0000   30.0000 2455.0349   10.7939
   -7.5000  -22.5000   30.0000 2520.3027   10.2151
    0.0000  -22.5000   30.0000 2562.6309    9.9373
    7.5000  -22.5000   30.0000 2588.4050    9.9190
   -7.5000  -15.0000   30.0000 2634.1763    9.5655
    0.0000  -15.0000   30.0000 2678.1040    9.3287
    7.5000  -15.0000   30.0000 2706.7178    9.3003
   -7.5000   -7.5000   30.0000 2728.6550    9.1112
    0.0000   -7.5000   30.0000 2773.7517    8.8839
    7.5000   -7.5000   30.0000 2795.9907    8.8648
   -7.5000    0.0000   30.0000 2783.3152    8.8106
    0.0000    0.0000   30.0000 2832.5295    8.5727
    7.5000    0.0000   30.0000 2850.3877    8.5215
   -7.5000    7.5000   30.0000 2803.1409    8.7223
    0.0000    7.5000   30.0000 2862.0037    8.4923
    7.5000    7.5000   30.0000 2875.8643    8.4677
   -7.5000   15.0000   30.0000 2772.6438    8.8536
    0.0000   15.0000   30.0000 2832.8496    8.6597
    7.5000   15.0000   30.0000 2841.6284    8.6517
   -7.5000   22.5000   30.0000 2703.9656    9.2301
    0.0000   22.5000   30.0000 2758.3828    9.0538
    7.5000   22.5000   30.0000 2763.6541    9.0495
   -7.5000   30.0000   30.0000 2598.5852    9.8419
    0.0000   30.0000   30.0000 2645.9795    9.6548
    7.5000   30.0000   30.0000 2654.2585    9.6429
   -7.5000   37.5000   30.0000 2471.6265   10.6254
    0.0000   37.5000   30.0000 2516.4663   10.4348
    7.5000   37.5000   30.0000 2530.7590   10.4153
   -7.5000   45.0000   30.0000 2339.7100   11.6333
    0.0000   45.0000   30.0000 2379.0718   11.4059
    7.5000   45.0000   30.0000 2396.6487   11.3772
   -7.5000  -45.0000   37.5000 2084.0342   14.6924
    0.0000  -45.0000   37.5000 2116.6934   14.3176
    7.5000  -45.0000   37.5000 2131.2158   14.2884
   -7.5000  -37.5000   37.5000 2231.7588   12.9468
    0.0000  -37.5000   37.5000 2270.7251   12.5867
    7.5000  -37.5000   37.5000 2286.5977   12.5743
   -7.5000  -30.0000   37.5000 2359.3508   11.6850
    0.0000  -30.0000   37.5000 2397.8127   11.3389
    7.5000  -30.0000   37.5000 2416.2876   11.3374
   -7.5000  -22.5000   37.5000 2478.8188   10.7699
    0.0000  -22.5000   37.5000 2523.4202   10.4376
    7.5000  -22.5000   37.5000 2544.6174   10.4300
   -7.5000  -15.0000   37.5000 2582.4036   10.0944
    0.0000  -15.0000   37.5000 2630.5388    9.7955
    7.5000  -15.0000   37.5000 2651.9839    9.7857
   -7.5000   -7.5000   37.5000 2662.8516    9.6108
    0.0000   -7.5000   37.5000 2712.0374    9.3056
    7.5000   -7.5000   37.5000 2733.0784    9.2603
   -7.5000    0.0000   37.5000 2708.7634    9.2940
    0.0000    0.0000   37.5000 2758.8459    9.0008
    7.5000    0.0000   37.5000 2783.6355    8.9549
   -7.5000    7.5000   37.5000 2724.3201    9.1955
    0.0000    7.5000   37.5000 2777.2490    8.9328
    7.5000    7.5000   37.5000 2794.1865    8.9067
   -7.5000   15.0000   37.5000 2693.1340    9.3134
    0.0000   15.0000   37.5000 2747.6079    9.1053
    7.5000   15.0000   37.5000 2760.0881    9.0888
   -7.5000   22.5000   37.5000 2628.7119    9.6828
    0.0000   22.5000   37.5000 2680.8757    9.5078
    7.5000   22.5000   37.5000 2687.2312    9.4884
   -7.5000   30.0000   37.5000 2532.9448   10.2915
    0.0000   30.0000   37.5000 2576.2317   10.1067
    7.5000   30.0000   37.5000 2587.3818   10.0717
   -7.5000   37.5000   37.5000 2418.0032   11.0749
    0.0000   37.5000   37.5000 2462.0815   10.8725
    7.5000   37.5000   37.5000 2478.1694   10.8368
   -7.5000   45.0000   37.5000 2292.7832   12.0898
    0.0000   45.0000   37.5000 2324.6851   11.8604
    7.5000   45.0000   37.5000 2343.7087   11.8125
   -7.5000  -45.0000   45.0000 2035.1617   15.4838
    0.0000  -45.0000   45.0000 2072.3496   15.1230
    7.5000  -45.0000   45.0000 2085.8516   15.0710
   -7.5000  -37.5000   45.0000 2183.2957   13.6975
    0.0000  -37.5000   45.0000 2227.2456   13.3233
    7.5000  -37.5000   45.0000 2242.6548   13.2865
   -7.5000  -30.0000   45.0000 2313.1182   12.4242
    0.0000  -30.0000   45.0000 2353.8818   12.0371
    7.5000  -30.0000   45.0000 2368.3440   12.0040
   -7.5000  -22.5000   45.0000 2425.4114   11.4554
    0.0000  -22.5000   45.0000 2468.6868   11.0823
    7.5000  -22.5000   45.0000 2486.7539   11.0608
   -7.5000  -15.0000   45.0000 2514.0510   10.7610
    0.0000  -15.0000   45.0000 2565.5933   10.3882
    7.5000  -15.0000   45.0000 2582.4893   10.3509
   -7.5000   -7.5000   45.0000 2587.0154   10.2512
    0.0000   -7.5000   45.0000 2635.5117    9.8869
    7.5000   -7.5000   45.0000 2656.4131    9.8285
   -7.5000    0.0000   45.0000 2628.0295    9.8984
    0.0000    0.0000   45.0000 2677.7507    9.5795
    7.5000    0.0000   45.0000 2700.4824    9.5406
   -7.5000    7.5000   45.0000 2638.2471    9.7919
    0.0000    7.5000   45.0000 2687.4968    9.5066
    7.5000    7.5000   45.0000 2705.2036    9.4814
   -7.5000   15.0000   45.0000 2603.2095    9.9155
    0.0000   15.0000   45.0000 2653.3308    9.6687
    7.5000   15.0000   45.0000 2673.2593    9.6407
   -7.5000   22.5000   45.0000 2541.2004   10.2766
    0.0000   22.5000   45.0000 2591.7771   10.0745
    7.5000   22.5000   45.0000 2601.1904   10.0349
   -7.5000   30.0000   45.0000 2457.6580   10.8677
    0.0000   30.0000   45.0000 2499.7578   10.6711
    7.5000   30.0000   45.0000 2512.1802   10.6127
   -7.5000   37.5000   45.0000 2357.3208   11.6413
    0.0000   37.5000   45.0000 2392.6289   11.4153
    7.5000   37.5000   45.0000 2411.3799   11.3533
   -7.5000   45.0000   45.0000 2230.8489   12.6628
    0.0000   45.0000   45.0000 2257.9880   12.4112
    7.5000   45.0000   45.0000 2277.5024   12.3417
   -7.5000  -45.0000   52.5000 1987.5363   16.4664
    0.0000  -45.0000   52.5000 2026.4763   16.0713
    7.5000  -45.0000   52.5000 2038.5087   16.0135
   -7.5000  -37.5000   52.5000 2133.2354   14.5937
    0.0000  -37.5000   52.5000 2181.3894   14.1875
    7.5000  -37.5000   52.5000 2191.8928   14.1351
   -7.5000  -30.0000   52.5000 2257.1218   13.2589
    0.0000  -30.0000   52.5000 2303.9248   12.8370
    7.5000  -30.0000   52.5000 2316.9236   12.7888
   -7.5000  -22.5000   52.5000 2361.5269   12.2566
    0.0000  -22.5000   52.5000 2407.2107   11.8390
    7.5000  -22.5000   52.5000 2425.3438   11.7778
   -7.5000  -15.0000   52.5000 2442.3579   11.5142
    0.0000  -15.0000   52.5000 2486.5889   11.0875
    7.5000  -15.0000   52.5000 2511.4868   11.0153
   -7.5000   -7.5000   52.5000 2509.9519   10.9854
    0.0000   -7.5000   52.5000 2553.3862   10.5848
    7.5000   -7.5000   52.5000 2574.4639   10.5183
   -7.5000    0.0000   52.5000 2543.8206   10.6363
    0.0000    0.0000   52.5000 2587.9016   10.2862
    7.5000    0.0000   52.5000 2608.8701   10.2525
   -7.5000    7.5000   52.5000 2546.8394   10.5163
    0.0000    7.5000   52.5000 2594.0500   10.2219
    7.5000    7.5000   52.5000 2609.7800   10.1958
   -7.5000   15.0000   52.5000 2516.7322   10.6204
    0.0000   15.0000   52.5000 2564.7349   10.3481
    7.5000   15.0000   52.5000 2587.3613   10.3109
   -7.5000   22.5000   52.5000 2460.4575   10.9752
    0.0000   22.5000   52.5000 2509.4197   10.7507
    7.5000   22.5000   52.5000 2526.7708   10.6919
   -7.5000   30.0000   52.5000 2381.1204   11.5669
    0.0000   30.0000   52.5000 2424.7402   11.3261
    7.5000   30.0000   52.5000 2441.8584   11.2549
   -7.5000   37.5000   52.5000 2286.5615   12.3340
    0.0000   37.5000   52.5000 2319.0471   12.0798
    7.5000   37.5000   52.5000 2334.7917   11.9955
   -7.5000   45.0000   52.5000 2159.5884   13.3245
    0.0000   45.0000   52.5000 2183.5505   13.0873
    7.5000   45.0000   52.5000 2200.9600   13.0083

---------------------------------------------------------------------
imgreg_4dfp /opt/freesurfer/average/711-2C_as_mni_average_305 /opt/freesurfer/average/711-2B_as_mni_average_305_mask talsrcimg_g11 none talsrcimg_to_711-2C_as_mni_average_305_t4 1283
---------------------------------------------------------------------

freesurfer imgreg_4dfp.c
/opt/freesurfer/average/711-2C_as_mni_average_305.4dfp.img
       256       256       256         1
  1.000000  1.000000  1.000000
orientation T byte_order littleendian
Reading image: /opt/freesurfer/average/711-2C_as_mni_average_305.4dfp.img
dimensions:      256       256       256
mmppix:       1.0000   -1.0000   -1.0000
center:     128.0000 -129.0000 -129.0000
/opt/freesurfer/average/711-2B_as_mni_average_305_mask.4dfp.img
       256       256       256         1
  1.000000  1.000000  1.000000
orientation T byte_order littleendian
Reading mask: /opt/freesurfer/average/711-2B_as_mni_average_305_mask.4dfp.img (2306576 pixels)
talsrcimg_g11.4dfp.img
       256       256       256         1
  1.000000  1.000000  1.000000
orientation T byte_order littleendian
Reading image: talsrcimg_g11.4dfp.img
dimensions:      256       256       256
mmppix:       1.0000   -1.0000   -1.0000
center:     128.0000 -129.0000 -129.0000
rotation matrix determinant  1.000000
fimgreg.f
image alignment mode   1283 decimal      503 hex
parameters
    7.5000    7.5000    7.5000    0.0000    0.0000    0.0000
eta,q 0.93700  8.09885
niter,ni,del,rscale     5    3   12.0000    1.2000
parameter  3 -0.523657 -> -0.500000 qaram    1.1500
parameter  5  0.650837 ->  0.500000 qaram    1.1500
parameter  6  2.176048 ->  0.500000 qaram    1.1500
parameters
    5.0641    4.5563   10.9500    0.0489   -3.4500   -3.4500
eta,q 0.94934  8.04745
  0.0660  0.0638  0.0722  0.0621  0.0576  0.0486
  0.0637  0.0616  0.0683  0.0603  0.0559  0.0502
  0.0632  0.0619  0.0647  0.0595  0.0565  0.0524
  0.0644  0.0634  0.0615  0.0589  0.0589  0.0558
  0.0676  0.0663  0.0590  0.0589  0.0615  0.0606
  0.0737  0.0708  0.0592  0.0599  0.0653  0.0650
  0.0811  0.0760  0.0618  0.0624  0.0696  0.0683
niter,ni,del,rscale     7    3   12.0000    1.2000
parameter  6  1.211726 ->  0.500000 qaram    1.3225
parameters
    5.2040    5.2142   11.0276   -1.1897   -3.1763   -7.4175
eta,q 0.95268  8.16784
  0.0675  0.0642  0.0624  0.0523  0.0609  0.0457
  0.0597  0.0575  0.0551  0.0518  0.0557  0.0468
  0.0536  0.0528  0.0505  0.0513  0.0526  0.0486
  0.0507  0.0506  0.0506  0.0507  0.0510  0.0509
  0.0524  0.0515  0.0534  0.0511  0.0519  0.0543
  0.0582  0.0547  0.0564  0.0528  0.0548  0.0589
  0.0666  0.0591  0.0599  0.0562  0.0595  0.0637
niter,ni,del,rscale     7    3   12.0000    1.2000
parameters
    4.8378    6.0083   11.3264   -1.2919   -2.9831   -9.8263
eta,q 0.95549  8.15299
  0.0640  0.0582  0.0598  0.0513  0.0581  0.0501
  0.0556  0.0540  0.0529  0.0494  0.0522  0.0460
  0.0495  0.0507  0.0475  0.0480  0.0485  0.0445
  0.0473  0.0474  0.0463  0.0464  0.0465  0.0465
  0.0505  0.0457  0.0488  0.0466  0.0474  0.0496
  0.0586  0.0491  0.0524  0.0493  0.0512  0.0535
  0.0688  0.0553  0.0565  0.0525  0.0572  0.0582
niter,ni,del,rscale     6    3   12.0000    1.2000
parameters
    4.5107    6.1600   11.5203   -1.2768   -2.8452  -10.0541
eta,q 0.95565  8.15082
  0.0634  0.0566  0.0579  0.0504  0.0571  0.0538
  0.0540  0.0523  0.0515  0.0486  0.0514  0.0493
  0.0471  0.0482  0.0460  0.0466  0.0470  0.0453
  0.0445  0.0446  0.0444  0.0445  0.0445  0.0444
  0.0480  0.0450  0.0469  0.0445  0.0455  0.0468
  0.0572  0.0503  0.0510  0.0475  0.0501  0.0502
  0.0680  0.0571  0.0558  0.0517  0.0570  0.0543
niter,ni,del,rscale     5    3   12.0000    1.2000
parameters
    4.4122    6.1748   11.5526   -1.2628   -2.7644  -10.1296
eta,q 0.95565  8.15080
  0.0645  0.0564  0.0573  0.0502  0.0570  0.0541
  0.0552  0.0520  0.0509  0.0485  0.0514  0.0496
  0.0476  0.0477  0.0456  0.0465  0.0469  0.0455
  0.0444  0.0444  0.0444  0.0444  0.0444  0.0444
  0.0469  0.0454  0.0471  0.0444  0.0455  0.0466
  0.0557  0.0509  0.0512  0.0473  0.0503  0.0500
  0.0666  0.0577  0.0562  0.0516  0.0572  0.0540
niter,ni,del,rscale     4    3   12.0000    1.2000
parameters
    4.3704    6.1728   11.5563   -1.2513   -2.7278  -10.1540
eta,q 0.95565  8.15096
  0.0649  0.0564  0.0571  0.0501  0.0568  0.0542
  0.0555  0.0519  0.0508  0.0484  0.0513  0.0497
  0.0478  0.0477  0.0455  0.0465  0.0468  0.0456
  0.0443  0.0444  0.0444  0.0444  0.0444  0.0444
  0.0467  0.0454  0.0471  0.0443  0.0456  0.0465
  0.0553  0.0509  0.0512  0.0473  0.0505  0.0499
  0.0662  0.0578  0.0562  0.0515  0.0574  0.0539
registration optimization eta report
parameter search radius
    6.0000    6.0000    6.9000    6.0000    6.9000    7.9350
100000*second partial in parameter space
       58.       34.       25.       17.       26.       15.
  0.0649  0.0564  0.0571  0.0501  0.0568  0.0542
  0.0555  0.0519  0.0508  0.0484  0.0513  0.0497
  0.0478  0.0477  0.0455  0.0465  0.0468  0.0456
  0.0443  0.0444  0.0444  0.0444  0.0444  0.0444
  0.0467  0.0454  0.0471  0.0443  0.0456  0.0465
  0.0553  0.0509  0.0512  0.0473  0.0505  0.0499
  0.0662  0.0578  0.0562  0.0515  0.0574  0.0539
    4.3704    6.1728   11.5563   -1.2513   -2.7278  -10.1540
eta,q 0.95565  8.15096

---------------------------------------------------------------------
imgreg_4dfp /opt/freesurfer/average/711-2C_as_mni_average_305 /opt/freesurfer/average/711-2B_as_mni_average_305_mask talsrcimg_g11 none talsrcimg_to_711-2C_as_mni_average_305_t4 3335
---------------------------------------------------------------------

freesurfer imgreg_4dfp.c
/opt/freesurfer/average/711-2C_as_mni_average_305.4dfp.img
       256       256       256         1
  1.000000  1.000000  1.000000
orientation T byte_order littleendian
Reading image: /opt/freesurfer/average/711-2C_as_mni_average_305.4dfp.img
dimensions:      256       256       256
mmppix:       1.0000   -1.0000   -1.0000
center:     128.0000 -129.0000 -129.0000
/opt/freesurfer/average/711-2B_as_mni_average_305_mask.4dfp.img
       256       256       256         1
  1.000000  1.000000  1.000000
orientation T byte_order littleendian
Reading mask: /opt/freesurfer/average/711-2B_as_mni_average_305_mask.4dfp.img (2306576 pixels)
talsrcimg_g11.4dfp.img
       256       256       256         1
  1.000000  1.000000  1.000000
orientation T byte_order littleendian
Reading image: talsrcimg_g11.4dfp.img
dimensions:      256       256       256
mmppix:       1.0000   -1.0000   -1.0000
center:     128.0000 -129.0000 -129.0000
fimgreg.f
image alignment mode   3335 decimal      D07 hex
parameters
    4.3704    6.1728   11.5563   -1.6778   -1.5714   -0.1371
   17.5229    5.0684  -17.6094    1.3108   -4.7591   -2.1813
eta,q 0.95593  8.19245
niter,ni,del,rscale     5    3    5.0000    1.2000
parameter  4  0.759958 ->  0.500000 qaram    1.1500
parameter  5  3.211069 ->  0.500000 qaram    1.1500
parameter  6  0.683045 ->  0.500000 qaram    1.1500
parameter  9 -0.532024 -> -0.500000 qaram    1.1500
parameter 12  0.653197 ->  0.500000 qaram    1.1500
parameters
    4.3734    6.5384   11.3793   -5.8178   -5.7114   -4.2771
   15.5515    5.2951  -13.4694    0.1641   -5.1693   -6.3213
eta,q 0.96562  7.82068
  0.0478  0.0470  0.0456  0.0422  0.0336  0.0352  0.0366  0.0392  0.0393  0.0372  0.0354  0.0345
  0.0458  0.0456  0.0446  0.0420  0.0360  0.0354  0.0358  0.0371  0.0376  0.0356  0.0351  0.0344
  0.0445  0.0446  0.0441  0.0424  0.0387  0.0360  0.0354  0.0358  0.0363  0.0349  0.0349  0.0345
  0.0441  0.0441  0.0440  0.0440  0.0420  0.0367  0.0356  0.0354  0.0354  0.0349  0.0348  0.0348
  0.0445  0.0440  0.0443  0.0469  0.0456  0.0383  0.0363  0.0357  0.0349  0.0355  0.0349  0.0354
  0.0458  0.0446  0.0450  0.0506  0.0494  0.0411  0.0375  0.0368  0.0349  0.0372  0.0352  0.0363
  0.0478  0.0457  0.0461  0.0542  0.0535  0.0450  0.0391  0.0387  0.0353  0.0392  0.0356  0.0374
niter,ni,del,rscale     7    3    5.0000    1.2000
parameter  5  1.428351 ->  0.500000 qaram    1.3225
parameters
    4.4920    6.3447   10.6027   -8.6325  -10.4724   -6.3918
   14.8957    5.0306  -13.6979    1.3023   -4.7730   -6.3675
eta,q 0.97036  7.40700
  0.0380  0.0366  0.0349  0.0348  0.0287  0.0311  0.0317  0.0331  0.0323  0.0348  0.0306  0.0313
  0.0361  0.0352  0.0344  0.0345  0.0297  0.0300  0.0305  0.0312  0.0308  0.0323  0.0301  0.0304
  0.0349  0.0344  0.0342  0.0342  0.0316  0.0297  0.0299  0.0301  0.0300  0.0306  0.0298  0.0298
  0.0344  0.0344  0.0343  0.0342  0.0342  0.0301  0.0297  0.0297  0.0297  0.0297  0.0297  0.0296
  0.0346  0.0349  0.0348  0.0348  0.0371  0.0306  0.0302  0.0303  0.0301  0.0299  0.0297  0.0299
  0.0356  0.0358  0.0356  0.0366  0.0410  0.0315  0.0312  0.0316  0.0311  0.0308  0.0300  0.0304
  0.0373  0.0374  0.0367  0.0399  0.0454  0.0338  0.0325  0.0335  0.0325  0.0323  0.0305  0.0313
niter,ni,del,rscale     7    3    5.0000    1.2000
parameter  5  0.756327 ->  0.500000 qaram    1.5209
parameters
    4.4136    6.5919   10.6452  -10.2179  -15.9475   -6.4145
   14.6379    5.2463  -13.9744    2.8059   -3.8851   -5.9708
eta,q 0.97253  7.07870
  0.0325  0.0332  0.0313  0.0305  0.0277  0.0302  0.0298  0.0314  0.0299  0.0319  0.0287  0.0292
  0.0309  0.0314  0.0304  0.0298  0.0276  0.0287  0.0286  0.0295  0.0286  0.0298  0.0281  0.0283
  0.0299  0.0302  0.0298  0.0296  0.0281  0.0278  0.0279  0.0282  0.0279  0.0284  0.0277  0.0277
  0.0296  0.0296  0.0296  0.0296  0.0296  0.0277  0.0277  0.0277  0.0277  0.0277  0.0275  0.0275
  0.0301  0.0298  0.0298  0.0298  0.0323  0.0282  0.0280  0.0280  0.0280  0.0275  0.0275  0.0277
  0.0312  0.0306  0.0303  0.0305  0.0353  0.0288  0.0289  0.0292  0.0289  0.0281  0.0278  0.0281
  0.0329  0.0320  0.0312  0.0321  0.0395  0.0300  0.0301  0.0310  0.0302  0.0294  0.0282  0.0289
niter,ni,del,rscale     7    3    5.0000    1.2000
parameters
    4.3384    7.1693   10.3558  -10.9451  -19.2542   -7.3354
   14.5697    5.2630  -14.2415    4.9032   -3.3117   -6.1210
eta,q 0.97348  6.86767
  0.0301  0.0311  0.0286  0.0286  0.0290  0.0289  0.0291  0.0303  0.0292  0.0306  0.0278  0.0280
  0.0286  0.0293  0.0278  0.0275  0.0276  0.0276  0.0278  0.0285  0.0279  0.0288  0.0272  0.0272
  0.0277  0.0281  0.0274  0.0271  0.0269  0.0269  0.0270  0.0272  0.0270  0.0276  0.0267  0.0267
  0.0275  0.0275  0.0273  0.0273  0.0272  0.0269  0.0268  0.0268  0.0268  0.0268  0.0265  0.0265
  0.0278  0.0274  0.0277  0.0276  0.0285  0.0276  0.0271  0.0273  0.0272  0.0265  0.0266  0.0268
  0.0289  0.0278  0.0283  0.0280  0.0313  0.0284  0.0280  0.0285  0.0281  0.0268  0.0269  0.0273
  0.0305  0.0287  0.0293  0.0289  0.0348  0.0299  0.0291  0.0302  0.0295  0.0279  0.0275  0.0280
niter,ni,del,rscale     6    3    5.0000    1.2000
parameters
    4.3425    8.1754    9.7209  -12.0640  -20.9269   -8.5282
   14.5118    5.4079  -14.2036    7.0887   -3.0914   -7.0887
eta,q 0.97465  6.71613
  0.0293  0.0308  0.0268  0.0273  0.0290  0.0277  0.0281  0.0294  0.0287  0.0297  0.0266  0.0265
  0.0278  0.0289  0.0262  0.0262  0.0272  0.0265  0.0268  0.0274  0.0271  0.0280  0.0259  0.0258
  0.0268  0.0275  0.0260  0.0257  0.0261  0.0258  0.0260  0.0262  0.0261  0.0266  0.0255  0.0254
  0.0265  0.0265  0.0261  0.0260  0.0258  0.0258  0.0257  0.0257  0.0257  0.0257  0.0254  0.0254
  0.0268  0.0261  0.0266  0.0265  0.0268  0.0265  0.0260  0.0261  0.0261  0.0254  0.0255  0.0257
  0.0278  0.0263  0.0274  0.0271  0.0288  0.0274  0.0269  0.0273  0.0271  0.0257  0.0259  0.0263
  0.0293  0.0269  0.0284  0.0280  0.0323  0.0290  0.0281  0.0290  0.0286  0.0268  0.0265  0.0271
niter,ni,del,rscale     5    3    5.0000    1.2000
parameters
    4.4049    8.9092    9.1804  -12.3951  -21.6536   -9.1417
   14.3480    5.6742  -14.1872    8.3191   -3.0292   -7.9821
eta,q 0.97511  6.66022
  0.0283  0.0294  0.0259  0.0271  0.0291  0.0272  0.0274  0.0288  0.0282  0.0288  0.0261  0.0260
  0.0267  0.0276  0.0253  0.0258  0.0271  0.0260  0.0261  0.0269  0.0265  0.0270  0.0255  0.0253
  0.0257  0.0262  0.0251  0.0250  0.0257  0.0252  0.0253  0.0255  0.0254  0.0257  0.0250  0.0250
  0.0253  0.0253  0.0251  0.0250  0.0250  0.0251  0.0250  0.0250  0.0250  0.0250  0.0249  0.0249
  0.0256  0.0251  0.0255  0.0256  0.0256  0.0256  0.0254  0.0254  0.0254  0.0250  0.0250  0.0252
  0.0266  0.0255  0.0262  0.0263  0.0275  0.0265  0.0263  0.0266  0.0265  0.0256  0.0254  0.0258
  0.0280  0.0264  0.0272  0.0271  0.0309  0.0278  0.0275  0.0283  0.0282  0.0269  0.0261  0.0266
niter,ni,del,rscale     4    3    5.0000    1.2000
parameters
    4.4898    9.2838    8.8833  -12.5774  -21.9422   -9.4598
   14.1790    5.8728  -14.1961    9.0075   -3.0275   -8.4448
eta,q 0.97521  6.63730
  0.0280  0.0282  0.0259  0.0270  0.0292  0.0271  0.0272  0.0286  0.0280  0.0282  0.0260  0.0260
  0.0263  0.0266  0.0252  0.0257  0.0271  0.0258  0.0259  0.0266  0.0263  0.0265  0.0253  0.0253
  0.0253  0.0254  0.0249  0.0249  0.0256  0.0250  0.0251  0.0253  0.0252  0.0253  0.0249  0.0249
  0.0249  0.0249  0.0248  0.0248  0.0248  0.0248  0.0248  0.0248  0.0248  0.0248  0.0248  0.0248
  0.0252  0.0249  0.0251  0.0253  0.0251  0.0254  0.0252  0.0252  0.0252  0.0249  0.0249  0.0250
  0.0261  0.0255  0.0257  0.0261  0.0270  0.0261  0.0261  0.0264  0.0263  0.0257  0.0253  0.0255
  0.0275  0.0266  0.0266  0.0269  0.0303  0.0274  0.0273  0.0281  0.0280  0.0271  0.0260  0.0263
niter,ni,del,rscale     3    3    5.0000    1.2000
parameters
    4.5498    9.4805    8.7216  -12.6709  -22.0836   -9.6462
   14.0796    5.9958  -14.2034    9.3715   -3.0610   -8.6641
eta,q 0.97524  6.62598
  0.0278  0.0277  0.0260  0.0270  0.0293  0.0271  0.0272  0.0285  0.0279  0.0279  0.0260  0.0261
  0.0262  0.0261  0.0253  0.0257  0.0272  0.0258  0.0259  0.0265  0.0262  0.0262  0.0253  0.0253
  0.0251  0.0252  0.0249  0.0249  0.0256  0.0250  0.0250  0.0252  0.0251  0.0252  0.0249  0.0249
  0.0248  0.0248  0.0248  0.0248  0.0248  0.0248  0.0248  0.0248  0.0248  0.0248  0.0248  0.0248
  0.0251  0.0250  0.0250  0.0253  0.0250  0.0252  0.0251  0.0252  0.0252  0.0250  0.0249  0.0249
  0.0260  0.0257  0.0255  0.0260  0.0268  0.0260  0.0260  0.0264  0.0263  0.0258  0.0253  0.0254
  0.0275  0.0268  0.0263  0.0269  0.0301  0.0272  0.0273  0.0282  0.0279  0.0273  0.0260  0.0262
niter,ni,del,rscale     2    3    5.0000    1.2000
parameters
    4.5876    9.5855    8.6269  -12.7184  -22.1532   -9.7697
   14.0163    6.0701  -14.2078    9.5671   -3.0850   -8.7866
eta,q 0.97525  6.61975
  0.0277  0.0274  0.0260  0.0271  0.0293  0.0271  0.0272  0.0284  0.0279  0.0277  0.0260  0.0261
  0.0261  0.0260  0.0253  0.0258  0.0272  0.0258  0.0259  0.0265  0.0262  0.0261  0.0253  0.0253
  0.0251  0.0251  0.0249  0.0249  0.0256  0.0250  0.0250  0.0252  0.0251  0.0251  0.0249  0.0249
  0.0248  0.0248  0.0248  0.0248  0.0248  0.0248  0.0248  0.0248  0.0248  0.0248  0.0248  0.0248
  0.0251  0.0250  0.0249  0.0252  0.0250  0.0252  0.0251  0.0252  0.0252  0.0250  0.0249  0.0249
  0.0260  0.0257  0.0254  0.0260  0.0267  0.0259  0.0260  0.0264  0.0262  0.0259  0.0253  0.0254
  0.0275  0.0269  0.0262  0.0269  0.0300  0.0271  0.0272  0.0282  0.0279  0.0274  0.0260  0.0261
niter,ni,del,rscale     1    3    5.0000    1.2000
parameters
    4.6093    9.6436    8.5720  -12.7493  -22.1968   -9.8434
   13.9827    6.1131  -14.2079    9.6695   -3.1016   -8.8478
eta,q 0.97525  6.61579
  0.0277  0.0273  0.0261  0.0271  0.0293  0.0271  0.0272  0.0284  0.0279  0.0276  0.0260  0.0261
  0.0261  0.0259  0.0253  0.0258  0.0272  0.0258  0.0259  0.0265  0.0262  0.0260  0.0253  0.0253
  0.0251  0.0250  0.0249  0.0249  0.0256  0.0250  0.0250  0.0252  0.0251  0.0251  0.0249  0.0249
  0.0248  0.0248  0.0248  0.0248  0.0248  0.0248  0.0248  0.0248  0.0248  0.0248  0.0248  0.0248
  0.0251  0.0250  0.0249  0.0252  0.0249  0.0252  0.0251  0.0252  0.0252  0.0250  0.0249  0.0249
  0.0260  0.0258  0.0254  0.0260  0.0266  0.0259  0.0259  0.0265  0.0262  0.0259  0.0253  0.0254
  0.0275  0.0270  0.0262  0.0269  0.0300  0.0271  0.0272  0.0282  0.0278  0.0275  0.0260  0.0261
registration optimization eta report
parameter search radius
    2.4000    2.4000    2.4000    8.2800   10.9503    8.2800
    7.2000    7.2000    8.2800    7.2000    7.2000    8.2800
100000*second partial in parameter space
       49.       41.       24.        3.        4.        3.
        5.        7.        5.        5.        2.        2.
  0.0277  0.0273  0.0261  0.0271  0.0293  0.0271  0.0272  0.0284  0.0279  0.0276  0.0260  0.0261
  0.0261  0.0259  0.0253  0.0258  0.0272  0.0258  0.0259  0.0265  0.0262  0.0260  0.0253  0.0253
  0.0251  0.0250  0.0249  0.0249  0.0256  0.0250  0.0250  0.0252  0.0251  0.0251  0.0249  0.0249
  0.0248  0.0248  0.0248  0.0248  0.0248  0.0248  0.0248  0.0248  0.0248  0.0248  0.0248  0.0248
  0.0251  0.0250  0.0249  0.0252  0.0249  0.0252  0.0251  0.0252  0.0252  0.0250  0.0249  0.0249
  0.0260  0.0258  0.0254  0.0260  0.0266  0.0259  0.0259  0.0265  0.0262  0.0259  0.0253  0.0254
  0.0275  0.0270  0.0262  0.0269  0.0300  0.0271  0.0272  0.0282  0.0278  0.0275  0.0260  0.0261
    4.6093    9.6436    8.5720  -12.7493  -22.1968   -9.8434
   13.9827    6.1131  -14.2079    9.6695   -3.1016   -8.8478
eta,q 0.97525  6.61579

---------------------------------------------------------------------
imgreg_4dfp /opt/freesurfer/average/711-2C_as_mni_average_305 /opt/freesurfer/average/711-2B_as_mni_average_305_mask talsrcimg_g11 none talsrcimg_to_711-2C_as_mni_average_305_t4 2311
---------------------------------------------------------------------

freesurfer imgreg_4dfp.c
/opt/freesurfer/average/711-2C_as_mni_average_305.4dfp.img
       256       256       256         1
  1.000000  1.000000  1.000000
orientation T byte_order littleendian
Reading image: /opt/freesurfer/average/711-2C_as_mni_average_305.4dfp.img
dimensions:      256       256       256
mmppix:       1.0000   -1.0000   -1.0000
center:     128.0000 -129.0000 -129.0000
/opt/freesurfer/average/711-2B_as_mni_average_305_mask.4dfp.img
       256       256       256         1
  1.000000  1.000000  1.000000
orientation T byte_order littleendian
Reading mask: /opt/freesurfer/average/711-2B_as_mni_average_305_mask.4dfp.img (2306576 pixels)
talsrcimg_g11.4dfp.img
       256       256       256         1
  1.000000  1.000000  1.000000
orientation T byte_order littleendian
Reading image: talsrcimg_g11.4dfp.img
dimensions:      256       256       256
mmppix:       1.0000   -1.0000   -1.0000
center:     128.0000 -129.0000 -129.0000
fimgreg.f
image alignment mode   2311 decimal      907 hex
parameters
    4.6093    9.6436    8.5720  -12.7493  -22.1968   -9.8434
   13.9827    6.1131  -14.2079    9.6695   -3.1016   -8.8478
eta,q 0.97525  6.61579
niter,ni,del,rscale     5    3    5.0000    0.8000
parameters
    4.6093    9.6435    8.5342  -13.2276  -21.0356  -10.0380
   14.0081    6.0730  -14.2265    9.6713   -3.1222   -8.8976
eta,q 0.97537  6.63840
  0.0261  0.0258  0.0253  0.0255  0.0260  0.0255  0.0258  0.0264  0.0257  0.0259  0.0252  0.0251
  0.0253  0.0252  0.0250  0.0250  0.0255  0.0250  0.0252  0.0254  0.0251  0.0252  0.0249  0.0248
  0.0249  0.0249  0.0248  0.0248  0.0250  0.0247  0.0248  0.0248  0.0248  0.0248  0.0247  0.0247
  0.0248  0.0248  0.0248  0.0248  0.0247  0.0246  0.0246  0.0246  0.0246  0.0246  0.0246  0.0246
  0.0249  0.0249  0.0248  0.0250  0.0246  0.0248  0.0248  0.0249  0.0248  0.0248  0.0247  0.0247
  0.0253  0.0252  0.0250  0.0253  0.0248  0.0251  0.0252  0.0255  0.0251  0.0252  0.0249  0.0248
  0.0260  0.0258  0.0254  0.0258  0.0252  0.0256  0.0258  0.0264  0.0257  0.0259  0.0252  0.0251
niter,ni,del,rscale     4    3    5.0000    0.7000
parameters
    4.6035    9.5887    8.4784  -13.3444  -21.0014  -10.1353
   14.0121    6.0616  -14.2386    9.6243   -3.1241   -8.9007
eta,q 0.97538  6.63173
  0.0256  0.0254  0.0251  0.0254  0.0254  0.0253  0.0256  0.0260  0.0255  0.0256  0.0251  0.0250
  0.0251  0.0250  0.0248  0.0249  0.0250  0.0249  0.0250  0.0252  0.0250  0.0250  0.0248  0.0248
  0.0247  0.0247  0.0247  0.0247  0.0248  0.0247  0.0247  0.0248  0.0247  0.0247  0.0247  0.0246
  0.0246  0.0246  0.0246  0.0246  0.0246  0.0246  0.0246  0.0246  0.0246  0.0246  0.0246  0.0246
  0.0248  0.0248  0.0247  0.0248  0.0247  0.0247  0.0247  0.0248  0.0247  0.0247  0.0247  0.0247
  0.0251  0.0251  0.0249  0.0250  0.0249  0.0250  0.0250  0.0253  0.0250  0.0251  0.0248  0.0248
  0.0257  0.0256  0.0251  0.0254  0.0255  0.0254  0.0255  0.0260  0.0255  0.0256  0.0251  0.0250
niter,ni,del,rscale     3    3    5.0000    0.6000
parameters
    4.5980    9.5853    8.4624  -13.4091  -20.9278  -10.1946
   14.0231    6.0460  -14.2397    9.6250   -3.1151   -8.9144
eta,q 0.97538  6.63065
  0.0254  0.0253  0.0250  0.0252  0.0252  0.0252  0.0253  0.0256  0.0253  0.0253  0.0249  0.0249
  0.0249  0.0249  0.0248  0.0249  0.0249  0.0249  0.0249  0.0251  0.0249  0.0249  0.0248  0.0247
  0.0247  0.0247  0.0247  0.0247  0.0247  0.0247  0.0247  0.0247  0.0247  0.0247  0.0247  0.0246
  0.0246  0.0246  0.0246  0.0246  0.0246  0.0246  0.0246  0.0246  0.0246  0.0246  0.0246  0.0246
  0.0247  0.0247  0.0247  0.0247  0.0247  0.0247  0.0247  0.0247  0.0247  0.0247  0.0246  0.0246
  0.0250  0.0249  0.0248  0.0249  0.0248  0.0249  0.0249  0.0251  0.0249  0.0249  0.0248  0.0247
  0.0254  0.0253  0.0250  0.0252  0.0252  0.0252  0.0253  0.0256  0.0253  0.0254  0.0249  0.0249
niter,ni,del,rscale     2    3    5.0000    0.5000
parameters
    4.5916    9.5828    8.4479  -13.4710  -20.8606  -10.2285
   14.0397    6.0295  -14.2428    9.6319   -3.0994   -8.9469
eta,q 0.97539  6.63023
  0.0251  0.0251  0.0249  0.0250  0.0250  0.0250  0.0251  0.0253  0.0251  0.0251  0.0248  0.0248
  0.0248  0.0248  0.0247  0.0248  0.0248  0.0248  0.0248  0.0249  0.0248  0.0248  0.0247  0.0247
  0.0247  0.0247  0.0246  0.0247  0.0247  0.0247  0.0247  0.0247  0.0247  0.0247  0.0246  0.0246
  0.0246  0.0246  0.0246  0.0246  0.0246  0.0246  0.0246  0.0246  0.0246  0.0246  0.0246  0.0246
  0.0247  0.0247  0.0246  0.0247  0.0246  0.0247  0.0247  0.0247  0.0247  0.0247  0.0246  0.0246
  0.0249  0.0248  0.0247  0.0248  0.0248  0.0248  0.0248  0.0249  0.0248  0.0248  0.0247  0.0247
  0.0251  0.0251  0.0249  0.0250  0.0250  0.0250  0.0251  0.0253  0.0251  0.0251  0.0248  0.0248
niter,ni,del,rscale     1    3    5.0000    0.4000
parameters
    4.5863    9.5814    8.4393  -13.5161  -20.8108  -10.2437
   14.0493    6.0149  -14.2543    9.6542   -3.0734   -8.9737
eta,q 0.97539  6.63044
  0.0250  0.0249  0.0248  0.0249  0.0249  0.0249  0.0249  0.0251  0.0249  0.0249  0.0248  0.0247
  0.0248  0.0247  0.0247  0.0247  0.0247  0.0247  0.0248  0.0248  0.0247  0.0248  0.0247  0.0247
  0.0246  0.0246  0.0246  0.0246  0.0247  0.0246  0.0247  0.0247  0.0246  0.0247  0.0246  0.0246
  0.0246  0.0246  0.0246  0.0246  0.0246  0.0246  0.0246  0.0246  0.0246  0.0246  0.0246  0.0246
  0.0247  0.0247  0.0246  0.0247  0.0246  0.0246  0.0246  0.0247  0.0246  0.0246  0.0246  0.0246
  0.0248  0.0247  0.0247  0.0248  0.0247  0.0247  0.0247  0.0248  0.0247  0.0247  0.0247  0.0247
  0.0250  0.0249  0.0248  0.0249  0.0249  0.0249  0.0249  0.0251  0.0249  0.0249  0.0248  0.0247
registration optimization eta report
parameter search radius
    0.8000    0.8000    0.8000    2.4000    2.4000    2.4000
    2.4000    2.4000    2.4000    2.4000    2.4000    2.4000
100000*second partial in parameter space
       53.       45.       24.        5.        5.        5.
        5.        8.        5.        6.        3.        2.
  0.0250  0.0249  0.0248  0.0249  0.0249  0.0249  0.0249  0.0251  0.0249  0.0249  0.0248  0.0247
  0.0248  0.0247  0.0247  0.0247  0.0247  0.0247  0.0248  0.0248  0.0247  0.0248  0.0247  0.0247
  0.0246  0.0246  0.0246  0.0246  0.0247  0.0246  0.0247  0.0247  0.0246  0.0247  0.0246  0.0246
  0.0246  0.0246  0.0246  0.0246  0.0246  0.0246  0.0246  0.0246  0.0246  0.0246  0.0246  0.0246
  0.0247  0.0247  0.0246  0.0247  0.0246  0.0246  0.0246  0.0247  0.0246  0.0246  0.0246  0.0246
  0.0248  0.0247  0.0247  0.0248  0.0247  0.0247  0.0247  0.0248  0.0247  0.0247  0.0247  0.0247
  0.0250  0.0249  0.0248  0.0249  0.0249  0.0249  0.0249  0.0251  0.0249  0.0249  0.0248  0.0247
    4.5863    9.5814    8.4393  -13.5161  -20.8108  -10.2437
   14.0493    6.0149  -14.2543    9.6542   -3.0734   -8.9737
eta,q 0.97539  6.63044

---------------------------------------------------------------------
imgreg_4dfp /opt/freesurfer/average/711-2C_as_mni_average_305 /opt/freesurfer/average/711-2B_as_mni_average_305_mask talsrcimg_g11 none talsrcimg_to_711-2C_as_mni_average_305_t4 2311
---------------------------------------------------------------------

freesurfer imgreg_4dfp.c
/opt/freesurfer/average/711-2C_as_mni_average_305.4dfp.img
       256       256       256         1
  1.000000  1.000000  1.000000
orientation T byte_order littleendian
Reading image: /opt/freesurfer/average/711-2C_as_mni_average_305.4dfp.img
dimensions:      256       256       256
mmppix:       1.0000   -1.0000   -1.0000
center:     128.0000 -129.0000 -129.0000
/opt/freesurfer/average/711-2B_as_mni_average_305_mask.4dfp.img
       256       256       256         1
  1.000000  1.000000  1.000000
orientation T byte_order littleendian
Reading mask: /opt/freesurfer/average/711-2B_as_mni_average_305_mask.4dfp.img (2306576 pixels)
talsrcimg_g11.4dfp.img
       256       256       256         1
  1.000000  1.000000  1.000000
orientation T byte_order littleendian
Reading image: talsrcimg_g11.4dfp.img
dimensions:      256       256       256
mmppix:       1.0000   -1.0000   -1.0000
center:     128.0000 -129.0000 -129.0000
fimgreg.f
image alignment mode   2311 decimal      907 hex
parameters
    4.5863    9.5814    8.4393  -13.5161  -20.8108  -10.2437
   14.0493    6.0149  -14.2543    9.6542   -3.0734   -8.9737
eta,q 0.97539  6.63044
niter,ni,del,rscale     5    3    5.0000    0.8000
parameters
    4.5946    9.6150    8.4358  -13.2925  -21.0919  -10.1671
   14.0307    6.0613  -14.2472    9.6755   -3.1004   -8.8861
eta,q 0.97538  6.62955
  0.0260  0.0258  0.0252  0.0257  0.0255  0.0256  0.0258  0.0264  0.0258  0.0259  0.0252  0.0251
  0.0252  0.0251  0.0249  0.0251  0.0251  0.0251  0.0252  0.0254  0.0251  0.0252  0.0249  0.0248
  0.0248  0.0247  0.0247  0.0247  0.0247  0.0247  0.0248  0.0248  0.0247  0.0248  0.0247  0.0247
  0.0246  0.0246  0.0246  0.0246  0.0246  0.0246  0.0246  0.0246  0.0246  0.0246  0.0246  0.0246
  0.0248  0.0247  0.0247  0.0247  0.0247  0.0247  0.0248  0.0248  0.0248  0.0248  0.0247  0.0247
  0.0252  0.0251  0.0249  0.0251  0.0251  0.0251  0.0252  0.0254  0.0251  0.0252  0.0249  0.0248
  0.0259  0.0257  0.0252  0.0254  0.0259  0.0255  0.0258  0.0263  0.0257  0.0259  0.0252  0.0251
niter,ni,del,rscale     4    3    5.0000    0.7000
parameters
    4.5985    9.6119    8.4492  -13.3313  -21.0120  -10.1893
   14.0309    6.0627  -14.2416    9.6586   -3.1086   -8.9072
eta,q 0.97538  6.63067
  0.0257  0.0255  0.0251  0.0254  0.0254  0.0254  0.0256  0.0260  0.0255  0.0256  0.0251  0.0250
  0.0251  0.0250  0.0248  0.0249  0.0250  0.0249  0.0250  0.0252  0.0250  0.0251  0.0248  0.0248
  0.0247  0.0247  0.0247  0.0247  0.0248  0.0247  0.0247  0.0248  0.0247  0.0247  0.0247  0.0246
  0.0246  0.0246  0.0246  0.0246  0.0246  0.0246  0.0246  0.0246  0.0246  0.0246  0.0246  0.0246
  0.0247  0.0247  0.0247  0.0248  0.0247  0.0247  0.0247  0.0248  0.0247  0.0247  0.0247  0.0247
  0.0251  0.0250  0.0248  0.0250  0.0249  0.0250  0.0250  0.0252  0.0250  0.0251  0.0248  0.0248
  0.0256  0.0255  0.0251  0.0253  0.0254  0.0253  0.0256  0.0260  0.0255  0.0256  0.0251  0.0250
niter,ni,del,rscale     3    3    5.0000    0.6000
parameters
    4.5973    9.5990    8.4456  -13.4012  -20.9374  -10.2116
   14.0260    6.0488  -14.2399    9.6499   -3.1026   -8.9310
eta,q 0.97538  6.63028
  0.0254  0.0253  0.0250  0.0252  0.0252  0.0252  0.0253  0.0256  0.0253  0.0253  0.0249  0.0249
  0.0250  0.0249  0.0248  0.0249  0.0249  0.0249  0.0249  0.0251  0.0249  0.0249  0.0248  0.0247
  0.0247  0.0247  0.0247  0.0247  0.0247  0.0247  0.0247  0.0247  0.0247  0.0247  0.0247  0.0246
  0.0246  0.0246  0.0246  0.0246  0.0246  0.0246  0.0246  0.0246  0.0246  0.0246  0.0246  0.0246
  0.0247  0.0247  0.0247  0.0247  0.0247  0.0247  0.0247  0.0247  0.0247  0.0247  0.0247  0.0246
  0.0250  0.0249  0.0248  0.0249  0.0249  0.0249  0.0249  0.0251  0.0249  0.0249  0.0248  0.0247
  0.0254  0.0253  0.0250  0.0252  0.0252  0.0252  0.0253  0.0256  0.0253  0.0254  0.0249  0.0249
niter,ni,del,rscale     2    3    5.0000    0.5000
parameters
    4.5924    9.5930    8.4381  -13.4708  -20.8703  -10.2479
   14.0335    6.0292  -14.2464    9.6550   -3.1083   -8.9535
eta,q 0.97539  6.62954
  0.0251  0.0251  0.0249  0.0250  0.0250  0.0250  0.0251  0.0253  0.0251  0.0251  0.0248  0.0248
  0.0248  0.0248  0.0247  0.0248  0.0248  0.0248  0.0248  0.0249  0.0248  0.0248  0.0247  0.0247
  0.0247  0.0247  0.0246  0.0246  0.0247  0.0247  0.0247  0.0247  0.0247  0.0247  0.0246  0.0246
  0.0246  0.0246  0.0246  0.0246  0.0246  0.0246  0.0246  0.0246  0.0246  0.0246  0.0246  0.0246
  0.0247  0.0247  0.0246  0.0247  0.0246  0.0247  0.0247  0.0247  0.0247  0.0247  0.0246  0.0246
  0.0249  0.0248  0.0247  0.0248  0.0248  0.0248  0.0248  0.0249  0.0248  0.0248  0.0247  0.0247
  0.0251  0.0251  0.0249  0.0250  0.0250  0.0250  0.0251  0.0253  0.0251  0.0251  0.0248  0.0248
niter,ni,del,rscale     1    3    5.0000    0.4000
parameters
    4.5883    9.5910    8.4275  -13.5162  -20.8112  -10.2539
   14.0429    6.0230  -14.2526    9.6678   -3.0810   -8.9724
eta,q 0.97539  6.63019
  0.0249  0.0249  0.0248  0.0249  0.0249  0.0249  0.0249  0.0251  0.0249  0.0249  0.0248  0.0247
  0.0248  0.0247  0.0247  0.0247  0.0247  0.0247  0.0247  0.0248  0.0247  0.0248  0.0247  0.0247
  0.0246  0.0246  0.0246  0.0246  0.0247  0.0246  0.0247  0.0247  0.0246  0.0247  0.0246  0.0246
  0.0246  0.0246  0.0246  0.0246  0.0246  0.0246  0.0246  0.0246  0.0246  0.0246  0.0246  0.0246
  0.0247  0.0247  0.0246  0.0247  0.0246  0.0246  0.0246  0.0247  0.0246  0.0246  0.0246  0.0246
  0.0248  0.0247  0.0247  0.0248  0.0247  0.0247  0.0248  0.0248  0.0247  0.0247  0.0247  0.0247
  0.0250  0.0249  0.0248  0.0249  0.0249  0.0249  0.0249  0.0251  0.0249  0.0249  0.0248  0.0247
registration optimization eta report
parameter search radius
    0.8000    0.8000    0.8000    2.4000    2.4000    2.4000
    2.4000    2.4000    2.4000    2.4000    2.4000    2.4000
100000*second partial in parameter space
       52.       45.       24.        5.        5.        5.
        5.        8.        5.        6.        3.        2.
  0.0249  0.0249  0.0248  0.0249  0.0249  0.0249  0.0249  0.0251  0.0249  0.0249  0.0248  0.0247
  0.0248  0.0247  0.0247  0.0247  0.0247  0.0247  0.0247  0.0248  0.0247  0.0248  0.0247  0.0247
  0.0246  0.0246  0.0246  0.0246  0.0247  0.0246  0.0247  0.0247  0.0246  0.0247  0.0246  0.0246
  0.0246  0.0246  0.0246  0.0246  0.0246  0.0246  0.0246  0.0246  0.0246  0.0246  0.0246  0.0246
  0.0247  0.0247  0.0246  0.0247  0.0246  0.0246  0.0246  0.0247  0.0246  0.0246  0.0246  0.0246
  0.0248  0.0247  0.0247  0.0248  0.0247  0.0247  0.0248  0.0248  0.0247  0.0247  0.0247  0.0247
  0.0250  0.0249  0.0248  0.0249  0.0249  0.0249  0.0249  0.0251  0.0249  0.0249  0.0248  0.0247
    4.5883    9.5910    8.4275  -13.5162  -20.8112  -10.2539
   14.0429    6.0230  -14.2526    9.6678   -3.0810   -8.9724
eta,q 0.97539  6.63019

---------------------------------------------------------------------
compute_vox2vox talsrcimg talsrcimg_to_711-2C_as_mni_average_305_t4 /opt/freesurfer/average/711-2C_as_mni_average_305
---------------------------------------------------------------------

freesurfer compute_vox2vox.c
Reading: talsrcimg.4dfp.ifh
Reading: talsrcimg_to_711-2C_as_mni_average_305_t4
Reading: /opt/freesurfer/average/711-2C_as_mni_average_305.4dfp.ifh
Writing: talsrcimg_to_711-2C_as_mni_average_305_t4_vox2vox.txt

start time Tue Mar 10 12:51:39 CET 2026
end		time Tue Mar 10 12:53:09 CET 2026

mpr2mni305 success

avi2talxfm orig_nu.mgz /opt/freesurfer/average/mni305.cor.mgz talsrcimg_to_711-2C_as_mni_average_305_t4_vox2vox.txt transforms/talairach.auto.xfm
avi2talxfm done
mv -f /out/sourcedata/freesurfer/sub-v2s0x29053_ses-1/mri/talsrcimg_to_711-2C_as_mni_average_305_t4_vox2vox.txt /out/sourcedata/freesurfer/sub-v2s0x29053_ses-1/mri/transforms/talsrcimg_to_711-2C_as_mni_average_305_t4_vox2vox.txt
lta_convert --src orig_nu.mgz --trg /opt/freesurfer/average/mni305.cor.mgz --inxfm transforms/talairach.auto.xfm --outlta transforms/talairach.auto.xfm.lta --subject fsaverage
7.3.2

--src: orig_nu.mgz src image (geometry).
--trg: /opt/freesurfer/average/mni305.cor.mgz trg image (geometry).
--inmni: transforms/talairach.auto.xfm input MNI/XFM transform.
--outlta: transforms/talairach.auto.xfm.lta output LTA.
--s: fsaverage subject name
 LTA read, type : 1
 1.12065  -0.05315  -0.20475   6.98524;
 0.05793   1.09807   0.11414  -57.98753;
 0.19463  -0.14363   1.21202  -56.76276;
 0.00000   0.00000   0.00000   1.00000;
setting subject to fsaverage
Writing  LTA to file transforms/talairach.auto.xfm.lta...
lta_convert successful.
 
 
Started at Tue Mar 10 12:51:38 CET 2026
Ended   at Tue Mar 10 12:53:09 CET 2026
talairach_avi done
