/out/sourcedata/freesurfer/sub-v2s0x30148_ses-1/mri
/opt/freesurfer/bin/talairach_avi
--i orig_nu.mgz --xfm transforms/talairach.auto.xfm
talairach_avi 7.3.2
Linux dna048 5.14.0-427.37.1.el9_4.x86_64 #1 SMP PREEMPT_DYNAMIC Fri Sep 13 12:41:50 EDT 2024 x86_64 x86_64 x86_64 GNU/Linux
Tue Mar 10 13:13:30 CET 2026
mri_convert orig_nu.mgz talsrcimg.img 
reading from orig_nu.mgz...
TR=0.00, TE=0.00, TI=0.00, flip angle=0.00
i_ras = (-1, 0, 0)
j_ras = (0, 0, -1)
k_ras = (0, 1, 0)
writing to talsrcimg.img...
Analyze Output Matrix
-1.00000   0.00000   0.00000   133.28174;
 0.00000   0.00000   1.00000  -90.18423;
 0.00000  -1.00000   0.00000   109.76056;
 0.00000   0.00000   0.00000   1.00000;
--------------------
INFO: set hdr.hist.orient to -1
mpr2mni305 talsrcimg
Tue Mar 10 13:13:31 CET 2026
/opt/freesurfer/bin/mpr2mni305 talsrcimg
mpr2mni305 7.3.2
target=711-2C_as_mni_average_305

---------------------------------------------------------------------
analyzeto4dfp talsrcimg -O0 -y
---------------------------------------------------------------------

freesurfer ifh2hdr.c
Tue Mar 10 13:13:31 2026
Writing: talsrcimg.4dfp.hdr
freesurfer analyzeto4dfp.c
Reading: talsrcimg.hdr
header size 348 bytes
hdr.dime.datatype	offset=70	value=2
hdr.dime.bitpix		offset=72	value=8
hdr.hist.orient		offset=252	value=-1
dimensionality     4
dimensions       256       256       256         1
Reading: talsrcimg.img
Writing: talsrcimg.4dfp.img
Writing: talsrcimg.4dfp.ifh
ifh2hdr talsrcimg -r0to255
ori=2

---------------------------------------------------------------------
gauss_4dfp talsrcimg 1.1
---------------------------------------------------------------------

freesurfer gauss_4dfp.c
Reading: talsrcimg.4dfp.img
Writing: talsrcimg_g11.4dfp.img
image dimensions 256 256 256 padded to 288 288 288
processing volume 1freesurfer ifh2hdr.c
Tue Mar 10 13:13:33 2026
Writing: talsrcimg_g11.4dfp.hdr

Writing: talsrcimg_g11.4dfp.ifh
including: talsrcimg.4dfp.img.rec in talsrcimg_g11.4dfp.img.rec

---------------------------------------------------------------------
imgreg_4dfp /opt/freesurfer/average/711-2C_as_mni_average_305 none talsrcimg_g11 none talsrcimg_to_711-2C_as_mni_average_305_t4 4355
---------------------------------------------------------------------

freesurfer imgreg_4dfp.c
/opt/freesurfer/average/711-2C_as_mni_average_305.4dfp.img
       256       256       256         1
  1.000000  1.000000  1.000000
orientation T byte_order littleendian
Reading image: /opt/freesurfer/average/711-2C_as_mni_average_305.4dfp.img
dimensions:      256       256       256
mmppix:       1.0000   -1.0000   -1.0000
center:     128.0000 -129.0000 -129.0000
talsrcimg_g11.4dfp.img
       256       256       256         1
  1.000000  1.000000  1.000000
orientation T byte_order littleendian
Reading image: talsrcimg_g11.4dfp.img
dimensions:      256       256       256
mmppix:       1.0000   -1.0000   -1.0000
center:     128.0000 -129.0000 -129.0000
t4_read: open error in t4_sub.f l:  41 t4_file(1:l)talsrcimg_to_711-2C_as_mni_average_305_t4 
t4_read: transform initialized to I4
rotation matrix determinant  1.000000
image alignment mode   4355 decimal     1103 hex
   -7.5000  -45.0000  -45.0000 5834.6577   11.5278
    0.0000  -45.0000  -45.0000 6099.4580   11.4915
    7.5000  -45.0000  -45.0000 5841.4932   11.4884
   -7.5000  -37.5000  -45.0000 6392.8555   11.0755
    0.0000  -37.5000  -45.0000 6691.7852   11.0419
    7.5000  -37.5000  -45.0000 6394.5063   11.0425
   -7.5000  -30.0000  -45.0000 7252.6216   10.7813
    0.0000  -30.0000  -45.0000 7589.4580   10.7474
    7.5000  -30.0000  -45.0000 7265.6948   10.7479
   -7.5000  -22.5000  -45.0000 8183.4492   10.5680
    0.0000  -22.5000  -45.0000 8587.7510   10.5325
    7.5000  -22.5000  -45.0000 8209.9580   10.5286
   -7.5000  -15.0000  -45.0000 9153.7197   10.4337
    0.0000  -15.0000  -45.0000 9609.7637   10.3996
    7.5000  -15.0000  -45.0000 9189.1211   10.3937
   -7.5000   -7.5000  -45.000010159.8730   10.3890
    0.0000   -7.5000  -45.000010650.9229   10.3588
    7.5000   -7.5000  -45.000010183.8174   10.3551
   -7.5000    0.0000  -45.000011149.7695   10.3890
    0.0000    0.0000  -45.000011662.6592   10.3618
    7.5000    0.0000  -45.000011137.4580   10.3623
   -7.5000    7.5000  -45.000011254.1875   10.4042
    0.0000    7.5000  -45.000011770.2197   10.3751
    7.5000    7.5000  -45.000011240.6367   10.3768
   -7.5000   15.0000  -45.000011191.3301   10.4173
    0.0000   15.0000  -45.000011703.6074   10.3845
    7.5000   15.0000  -45.000011165.1709   10.3842
   -7.5000   22.5000  -45.000011086.9600   10.4131
    0.0000   22.5000  -45.000011599.5537   10.3783
    7.5000   22.5000  -45.000011028.1631   10.3747
   -7.5000   30.0000  -45.000010915.2939   10.2625
    0.0000   30.0000  -45.000011439.4326   10.2290
    7.5000   30.0000  -45.000010845.8496   10.2233
   -7.5000   37.5000  -45.000010953.1670   10.2503
    0.0000   37.5000  -45.000011461.6309   10.2206
    7.5000   37.5000  -45.000010876.9023   10.2168
   -7.5000   45.0000  -45.000010493.5498    9.9903
    0.0000   45.0000  -45.000010971.6953    9.9641
    7.5000   45.0000  -45.000010390.2793    9.9646
   -7.5000  -45.0000  -37.5000 6104.6909   11.4987
    0.0000  -45.0000  -37.5000 6384.2021   11.4597
    7.5000  -45.0000  -37.5000 6106.6333   11.4575
   -7.5000  -37.5000  -37.5000 6683.0444   11.0480
    0.0000  -37.5000  -37.5000 7005.4375   11.0128
    7.5000  -37.5000  -37.5000 6694.3711   11.0145
   -7.5000  -30.0000  -37.5000 7594.0288   10.7565
    0.0000  -30.0000  -37.5000 7964.1460   10.7206
    7.5000  -30.0000  -37.5000 7619.0303   10.7208
   -7.5000  -22.5000  -37.5000 8601.4697   10.5483
    0.0000  -22.5000  -37.5000 9023.6973   10.5099
    7.5000  -22.5000  -37.5000 8624.0566   10.5048
   -7.5000  -15.0000  -37.5000 9651.5225   10.4168
    0.0000  -15.0000  -37.500010116.9707   10.3791
    7.5000  -15.0000  -37.5000 9672.5205   10.3721
   -7.5000   -7.5000  -37.500010729.2764   10.3706
    0.0000   -7.5000  -37.500011224.6982   10.3372
    7.5000   -7.5000  -37.500010736.3994   10.3332
   -7.5000    0.0000  -37.500011757.5273   10.3671
    0.0000    0.0000  -37.500012284.1475   10.3377
    7.5000    0.0000  -37.500011747.5859   10.3389
   -7.5000    7.5000  -37.500011888.9375   10.3796
    0.0000    7.5000  -37.500012404.6885   10.3492
    7.5000    7.5000  -37.500011862.9648   10.3518
   -7.5000   15.0000  -37.500011811.8359   10.3939
    0.0000   15.0000  -37.500012319.0439   10.3593
    7.5000   15.0000  -37.500011757.9102   10.3589
   -7.5000   22.5000  -37.500011681.6016   10.3938
    0.0000   22.5000  -37.500012192.5850   10.3561
    7.5000   22.5000  -37.500011605.7363   10.3514
   -7.5000   30.0000  -37.500011478.0781   10.2459
    0.0000   30.0000  -37.500011979.1084   10.2089
    7.5000   30.0000  -37.500011393.2588   10.2021
   -7.5000   37.5000  -37.500011517.5811   10.2322
    0.0000   37.5000  -37.500012016.9980   10.1992
    7.5000   37.5000  -37.500011426.5322   10.1953
   -7.5000   45.0000  -37.500011032.0654    9.9692
    0.0000   45.0000  -37.500011496.4648    9.9409
    7.5000   45.0000  -37.500010924.9316    9.9421
   -7.5000  -45.0000  -30.0000 6472.7241   11.9747
    0.0000  -45.0000  -30.0000 6759.3281   11.9331
    7.5000  -45.0000  -30.0000 6474.2578   11.9318
   -7.5000  -37.5000  -30.0000 7086.0063   11.5075
    0.0000  -37.5000  -30.0000 7428.4722   11.4706
    7.5000  -37.5000  -30.0000 7115.1982   11.4733
   -7.5000  -30.0000  -30.0000 8074.9004   11.2054
    0.0000  -30.0000  -30.0000 8459.5879   11.1666
    7.5000  -30.0000  -30.0000 8106.1343   11.1656
   -7.5000  -22.5000  -30.0000 9166.2842   10.9928
    0.0000  -22.5000  -30.0000 9604.1602   10.9506
    7.5000  -22.5000  -30.0000 9186.7930   10.9427
   -7.5000  -15.0000  -30.000010325.4404   10.8590
    0.0000  -15.0000  -30.000010809.1895   10.8170
    7.5000  -15.0000  -30.000010316.2051   10.8071
   -7.5000   -7.5000  -30.000011480.3701   10.8103
    0.0000   -7.5000  -30.000011987.2998   10.7735
    7.5000   -7.5000  -30.000011456.0742   10.7681
   -7.5000    0.0000  -30.000012531.0771   10.8033
    0.0000    0.0000  -30.000013064.5801   10.7720
    7.5000    0.0000  -30.000012524.3057   10.7735
   -7.5000    7.5000  -30.000012677.5625   10.8132
    0.0000    7.5000  -30.000013218.4707   10.7813
    7.5000    7.5000  -30.000012657.0469   10.7844
   -7.5000   15.0000  -30.000012611.1924   10.8286
    0.0000   15.0000  -30.000013148.3291   10.7914
    7.5000   15.0000  -30.000012549.9287   10.7898
   -7.5000   22.5000  -30.000012452.2910   10.8309
    0.0000   22.5000  -30.000012985.0664   10.7894
    7.5000   22.5000  -30.000012372.1748   10.7820
   -7.5000   30.0000  -30.000012248.6807   10.6817
    0.0000   30.0000  -30.000012750.0645   10.6406
    7.5000   30.0000  -30.000012144.7490   10.6309
   -7.5000   37.5000  -30.000012328.9082   10.6670
    0.0000   37.5000  -30.000012821.9287   10.6307
    7.5000   37.5000  -30.000012194.8779   10.6254
   -7.5000   45.0000  -30.000011799.2959   10.3963
    0.0000   45.0000  -30.000012266.4688   10.3661
    7.5000   45.0000  -30.000011664.2148   10.3676
   -7.5000  -45.0000  -22.5000 6822.9814   12.3812
    0.0000  -45.0000  -22.5000 7131.1035   12.3419
    7.5000  -45.0000  -22.5000 6844.2803   12.3405
   -7.5000  -37.5000  -22.5000 7487.3374   11.9006
    0.0000  -37.5000  -22.5000 7850.2188   11.8654
    7.5000  -37.5000  -22.5000 7541.7500   11.8681
   -7.5000  -30.0000  -22.5000 8552.1436   11.5888
    0.0000  -30.0000  -22.5000 8968.1621   11.5507
    7.5000  -30.0000  -22.5000 8592.1260   11.5491
   -7.5000  -22.5000  -22.5000 9718.6611   11.3691
    0.0000  -22.5000  -22.500010193.1006   11.3275
    7.5000  -22.5000  -22.5000 9743.9443   11.3183
   -7.5000  -15.0000  -22.500010946.1094   11.2320
    0.0000  -15.0000  -22.500011452.0762   11.1908
    7.5000  -15.0000  -22.500010953.9590   11.1793
   -7.5000   -7.5000  -22.500012159.8652   11.1829
    0.0000   -7.5000  -22.500012693.6172   11.1474
    7.5000   -7.5000  -22.500012173.2031   11.1408
   -7.5000    0.0000  -22.500013283.4824   11.1755
    0.0000    0.0000  -22.500013844.2285   11.1459
    7.5000    0.0000  -22.500013294.3711   11.1471
   -7.5000    7.5000  -22.500013449.8271   11.1848
    0.0000    7.5000  -22.500014030.1211   11.1542
    7.5000    7.5000  -22.500013442.0566   11.1570
   -7.5000   15.0000  -22.500013411.6436   11.2000
    0.0000   15.0000  -22.500013984.6797   11.1634
    7.5000   15.0000  -22.500013351.8848   11.1613
   -7.5000   22.5000  -22.500013209.3086   11.2013
    0.0000   22.5000  -22.500013770.8730   11.1604
    7.5000   22.5000  -22.500013128.9180   11.1517
   -7.5000   30.0000  -22.500013017.7832   11.0503
    0.0000   30.0000  -22.500013536.5234   11.0099
    7.5000   30.0000  -22.500012884.4521   10.9987
   -7.5000   37.5000  -22.500013143.1152   11.0364
    0.0000   37.5000  -22.500013646.0547   11.0013
    7.5000   37.5000  -22.500012965.1719   10.9948
   -7.5000   45.0000  -22.500012595.1406   10.7625
    0.0000   45.0000  -22.500013075.0928   10.7341
    7.5000   45.0000  -22.500012404.1885   10.7352
   -7.5000  -45.0000  -15.0000 7146.4600   12.6792
    0.0000  -45.0000  -15.0000 7474.1016   12.6433
    7.5000  -45.0000  -15.0000 7182.0083   12.6414
   -7.5000  -37.5000  -15.0000 7883.8174   12.1877
    0.0000  -37.5000  -15.0000 8252.4746   12.1549
    7.5000  -37.5000  -15.0000 7935.8218   12.1567
   -7.5000  -30.0000  -15.0000 9014.0918   11.8676
    0.0000  -30.0000  -15.0000 9436.5312   11.8319
    7.5000  -30.0000  -15.0000 9053.9062   11.8307
   -7.5000  -22.5000  -15.000010238.8906   11.6389
    0.0000  -22.5000  -15.000010716.6328   11.6005
    7.5000  -22.5000  -15.000010268.3008   11.5925
   -7.5000  -15.0000  -15.000011532.9639   11.4967
    0.0000  -15.0000  -15.000012048.3096   11.4592
    7.5000  -15.0000  -15.000011542.2139   11.4489
   -7.5000   -7.5000  -15.000012814.2148   11.4479
    0.0000   -7.5000  -15.000013365.7686   11.4160
    7.5000   -7.5000  -15.000012833.3789   11.4096
   -7.5000    0.0000  -15.000014014.5791   11.4433
    0.0000    0.0000  -15.000014607.9424   11.4165
    7.5000    0.0000  -15.000014038.3564   11.4170
   -7.5000    7.5000  -15.000014193.3779   11.4550
    0.0000    7.5000  -15.000014812.3926   11.4263
    7.5000    7.5000  -15.000014210.4023   11.4285
   -7.5000   15.0000  -15.000014203.3750   11.4697
    0.0000   15.0000  -15.000014812.7969   11.4353
    7.5000   15.0000  -15.000014166.1387   11.4335
   -7.5000   22.5000  -15.000014022.5312   11.4669
    0.0000   22.5000  -15.000014611.7480   11.4290
    7.5000   22.5000  -15.000013909.0693   11.4217
   -7.5000   30.0000  -15.000013812.9531   11.3123
    0.0000   30.0000  -15.000014344.5049   11.2756
    7.5000   30.0000  -15.000013619.5068   11.2655
   -7.5000   37.5000  -15.000013989.4805   11.2994
    0.0000   37.5000  -15.000014497.6494   11.2680
    7.5000   37.5000  -15.000013706.6660   11.2617
   -7.5000   45.0000  -15.000013386.8340   11.0271
    0.0000   45.0000  -15.000013867.8047   11.0013
    7.5000   45.0000  -15.000013103.7891   11.0018
   -7.5000  -45.0000   -7.5000 7475.8296   12.8350
    0.0000  -45.0000   -7.5000 7814.6152   12.7985
    7.5000  -45.0000   -7.5000 7509.7305   12.7958
   -7.5000  -37.5000   -7.5000 8260.6270   12.3356
    0.0000  -37.5000   -7.5000 8657.7197   12.3015
    7.5000  -37.5000   -7.5000 8322.9248   12.3024
   -7.5000  -30.0000   -7.5000 9470.6279   12.0100
    0.0000  -30.0000   -7.5000 9927.6445   11.9743
    7.5000  -30.0000   -7.5000 9535.1914   11.9741
   -7.5000  -22.5000   -7.500010774.0137   11.7741
    0.0000  -22.5000   -7.500011280.9580   11.7367
    7.5000  -22.5000   -7.500010811.6523   11.7311
   -7.5000  -15.0000   -7.500012132.2314   11.6264
    0.0000  -15.0000   -7.500012663.3301   11.5905
    7.5000  -15.0000   -7.500012134.9863   11.5829
   -7.5000   -7.5000   -7.500013489.0586   11.5772
    0.0000   -7.5000   -7.500014050.3096   11.5463
    7.5000   -7.5000   -7.500013470.0645   11.5414
   -7.5000    0.0000   -7.500014789.3398   11.5762
    0.0000    0.0000   -7.500015405.0078   11.5490
    7.5000    0.0000   -7.500014742.9941   11.5494
   -7.5000    7.5000   -7.500015019.8984   11.5919
    0.0000    7.5000   -7.500015671.4873   11.5622
    7.5000    7.5000   -7.500014966.4814   11.5640
   -7.5000   15.0000   -7.500015090.3740   11.6065
    0.0000   15.0000   -7.500015779.3936   11.5720
    7.5000   15.0000   -7.500015022.7676   11.5710
   -7.5000   22.5000   -7.500015020.6201   11.5986
    0.0000   22.5000   -7.500015732.4307   11.5618
    7.5000   22.5000   -7.500014853.3574   11.5567
   -7.5000   30.0000   -7.500014823.8047   11.4398
    0.0000   30.0000   -7.500015444.2510   11.4045
    7.5000   30.0000   -7.500014534.7334   11.3970
   -7.5000   37.5000   -7.500014952.7930   11.4268
    0.0000   37.5000   -7.500015505.0312   11.3963
    7.5000   37.5000   -7.500014551.6182   11.3914
   -7.5000   45.0000   -7.500014246.7119   11.1573
    0.0000   45.0000   -7.500014796.8887   11.1311
    7.5000   45.0000   -7.500013859.5654   11.1315
   -7.5000  -45.0000    0.0000 7670.7446   12.8689
    0.0000  -45.0000    0.0000 8052.6567   12.8288
    7.5000  -45.0000    0.0000 7699.5205   12.8257
   -7.5000  -37.5000    0.0000 8514.3066   12.3651
    0.0000  -37.5000    0.0000 8961.1123   12.3280
    7.5000  -37.5000    0.0000 8583.6143   12.3289
   -7.5000  -30.0000    0.0000 9827.0527   12.0379
    0.0000  -30.0000    0.000010336.6035   12.0003
    7.5000  -30.0000    0.0000 9897.2773   12.0009
   -7.5000  -22.5000    0.000011226.9053   11.8006
    0.0000  -22.5000    0.000011771.2012   11.7613
    7.5000  -22.5000    0.000011248.1484   11.7570
   -7.5000  -15.0000    0.000012670.9248   11.6511
    0.0000  -15.0000    0.000013236.9355   11.6132
    7.5000  -15.0000    0.000012646.9277   11.6068
   -7.5000   -7.5000    0.000014118.0615   11.6008
    0.0000   -7.5000    0.000014711.2988   11.5675
    7.5000   -7.5000    0.000014043.5469   11.5634
   -7.5000    0.0000    0.000015524.4893   11.6005
    0.0000    0.0000    0.000016205.2666   11.5704
    7.5000    0.0000    0.000015405.8584   11.5711
   -7.5000    7.5000    0.000015759.8262   11.6173
    0.0000    7.5000    0.000016527.5645   11.5851
    7.5000    7.5000    0.000015667.7168   11.5872
   -7.5000   15.0000    0.000015949.8760   11.6323
    0.0000   15.0000    0.000016847.8398   11.5959
    7.5000   15.0000    0.000015851.1787   11.5957
   -7.5000   22.5000    0.000016021.1914   11.6243
    0.0000   22.5000    0.000017042.3711   11.5856
    7.5000   22.5000    0.000015826.6289   11.5817
   -7.5000   30.0000    0.000015894.7998   11.4644
    0.0000   30.0000    0.000016762.0957   11.4272
    7.5000   30.0000    0.000015503.9072   11.4210
   -7.5000   37.5000    0.000015868.3643   11.4505
    0.0000   37.5000    0.000016607.9727   11.4175
    7.5000   37.5000    0.000015352.1279   11.4135
   -7.5000   45.0000    0.000015017.3545   11.1815
    0.0000   45.0000    0.000015663.2588   11.1525
    7.5000   45.0000    0.000014505.6465   11.1532
   -7.5000  -45.0000    7.5000 7288.2021   12.8674
    0.0000  -45.0000    7.5000 7640.7393   12.8237
    7.5000  -45.0000    7.5000 7304.9819   12.8213
   -7.5000  -37.5000    7.5000 8138.1855   12.3630
    0.0000  -37.5000    7.5000 8558.1445   12.3236
    7.5000  -37.5000    7.5000 8181.5474   12.3255
   -7.5000  -30.0000    7.5000 9444.8213   12.0368
    0.0000  -30.0000    7.5000 9939.7031   11.9966
    7.5000  -30.0000    7.5000 9467.3682   11.9968
   -7.5000  -22.5000    7.500010833.4443   11.8038
    0.0000  -22.5000    7.500011382.5938   11.7608
    7.5000  -22.5000    7.500010796.8252   11.7552
   -7.5000  -15.0000    7.500012252.3545   11.6567
    0.0000  -15.0000    7.500012864.0293   11.6145
    7.5000  -15.0000    7.500012178.4531   11.6067
   -7.5000   -7.5000    7.500013664.7891   11.6050
    0.0000   -7.5000    7.500014367.2510   11.5676
    7.5000   -7.5000    7.500013573.4463   11.5632
   -7.5000    0.0000    7.500014985.4258   11.6010
    0.0000    0.0000    7.500015821.3711   11.5682
    7.5000    0.0000    7.500014904.5547   11.5695
   -7.5000    7.5000    7.500015174.2432   11.6151
    0.0000    7.5000    7.500016094.2656   11.5811
    7.5000    7.5000    7.500015130.9219   11.5840
   -7.5000   15.0000    7.500015384.3574   11.6311
    0.0000   15.0000    7.500016388.4688   11.5923
    7.5000   15.0000    7.500015250.1445   11.5919
   -7.5000   22.5000    7.500015525.3633   11.6272
    0.0000   22.5000    7.500016628.0703   11.5850
    7.5000   22.5000    7.500015248.2021   11.5797
   -7.5000   30.0000    7.500015357.9805   11.4699
    0.0000   30.0000    7.500016378.0986   11.4285
    7.5000   30.0000    7.500015017.8965   11.4208
   -7.5000   37.5000    7.500015253.8535   11.4545
    0.0000   37.5000    7.500016176.0723   11.4177
    7.5000   37.5000    7.500014913.0830   11.4133
   -7.5000   45.0000    7.500014468.9590   11.1820
    0.0000   45.0000    7.500015215.4072   11.1504
    7.5000   45.0000    7.500014060.3594   11.1517
   -7.5000  -45.0000   15.0000 6735.0298   12.8588
    0.0000  -45.0000   15.0000 7083.2739   12.8142
    7.5000  -45.0000   15.0000 6743.7808   12.8128
   -7.5000  -37.5000   15.0000 7604.8896   12.3572
    0.0000  -37.5000   15.0000 8017.7661   12.3175
    7.5000  -37.5000   15.0000 7614.2041   12.3204
   -7.5000  -30.0000   15.0000 8898.3096   12.0328
    0.0000  -30.0000   15.0000 9360.2451   11.9911
    7.5000  -30.0000   15.0000 8840.4951   11.9900
   -7.5000  -22.5000   15.000010260.3154   11.8044
    0.0000  -22.5000   15.000010759.2061   11.7591
    7.5000  -22.5000   15.000010141.5186   11.7507
   -7.5000  -15.0000   15.000011627.4502   11.6607
    0.0000  -15.0000   15.000012170.5410   11.6157
    7.5000  -15.0000   15.000011469.6436   11.6051
   -7.5000   -7.5000   15.000012991.6689   11.6085
    0.0000   -7.5000   15.000013604.8633   11.5690
    7.5000   -7.5000   15.000012798.8750   11.5632
   -7.5000    0.0000   15.000014255.7207   11.6010
    0.0000    0.0000   15.000014912.5430   11.5673
    7.5000    0.0000   15.000014031.5244   11.5690
   -7.5000    7.5000   15.000014447.4404   11.6116
    0.0000    7.5000   15.000015094.4395   11.5774
    7.5000    7.5000   15.000014163.3799   11.5806
   -7.5000   15.0000   15.000014614.7422   11.6281
    0.0000   15.0000   15.000015269.4375   11.5881
    7.5000   15.0000   15.000014189.8584   11.5865
   -7.5000   22.5000   15.000014632.6025   11.6280
    0.0000   22.5000   15.000015324.7139   11.5835
    7.5000   22.5000   15.000014106.3818   11.5755
   -7.5000   30.0000   15.000014280.6807   11.4738
    0.0000   30.0000   15.000014998.4619   11.4296
    7.5000   30.0000   15.000013840.8779   11.4192
   -7.5000   37.5000   15.000014221.0098   11.4580
    0.0000   37.5000   15.000014964.0918   11.4190
    7.5000   37.5000   15.000013905.7207   11.4132
   -7.5000   45.0000   15.000013622.0723   11.1820
    0.0000   45.0000   15.000014293.7666   11.1496
    7.5000   45.0000   15.000013310.8447   11.1512
   -7.5000  -45.0000   22.5000 6135.3130   12.8764
    0.0000  -45.0000   22.5000 6433.7549   12.8355
    7.5000  -45.0000   22.5000 6131.0283   12.8343
   -7.5000  -37.5000   22.5000 6981.9209   12.3757
    0.0000  -37.5000   22.5000 7313.6313   12.3391
    7.5000  -37.5000   22.5000 6932.4639   12.3421
   -7.5000  -30.0000   22.5000 8199.1318   12.0509
    0.0000  -30.0000   22.5000 8568.4600   12.0113
    7.5000  -30.0000   22.5000 8088.5298   12.0097
   -7.5000  -22.5000   22.5000 9466.3076   11.8220
    0.0000  -22.5000   22.5000 9882.5400   11.7787
    7.5000  -22.5000   22.5000 9318.9229   11.7693
   -7.5000  -15.0000   22.500010759.9111   11.6792
    0.0000  -15.0000   22.500011184.3174   11.6364
    7.5000  -15.0000   22.500010561.0654   11.6245
   -7.5000   -7.5000   22.500012046.3418   11.6281
    0.0000   -7.5000   22.500012492.0195   11.5912
    7.5000   -7.5000   22.500011801.3203   11.5844
   -7.5000    0.0000   22.500013231.5342   11.6203
    0.0000    0.0000   22.500013682.0557   11.5897
    7.5000    0.0000   22.500012951.8438   11.5910
   -7.5000    7.5000   22.500013431.3408   11.6301
    0.0000    7.5000   22.500013847.7334   11.5983
    7.5000    7.5000   22.500013101.4424   11.6014
   -7.5000   15.0000   22.500013543.1943   11.6459
    0.0000   15.0000   22.500013959.5811   11.6079
    7.5000   15.0000   22.500013138.1699   11.6058
   -7.5000   22.5000   22.500013437.5459   11.6455
    0.0000   22.5000   22.500013910.0557   11.6029
    7.5000   22.5000   22.500013038.7285   11.5940
   -7.5000   30.0000   22.500013059.9492   11.4919
    0.0000   30.0000   22.500013576.4531   11.4498
    7.5000   30.0000   22.500012794.6836   11.4382
   -7.5000   37.5000   22.500013116.0254   11.4773
    0.0000   37.5000   22.500013640.7744   11.4409
    7.5000   37.5000   22.500012903.9160   11.4342
   -7.5000   45.0000   22.500012652.2412   11.2007
    0.0000   45.0000   22.500013123.3906   11.1711
    7.5000   45.0000   22.500012393.4072   11.1723
   -7.5000  -45.0000   30.0000 5596.3330   13.1376
    0.0000  -45.0000   30.0000 5845.0142   13.0996
    7.5000  -45.0000   30.0000 5584.0586   13.0974
   -7.5000  -37.5000   30.0000 6367.4956   12.6178
    0.0000  -37.5000   30.0000 6637.8931   12.5831
    7.5000  -37.5000   30.0000 6308.8716   12.5850
   -7.5000  -30.0000   30.0000 7501.5859   12.2803
    0.0000  -30.0000   30.0000 7819.0708   12.2427
    7.5000  -30.0000   30.0000 7401.9976   12.2413
   -7.5000  -22.5000   30.0000 8682.9004   12.0394
    0.0000  -22.5000   30.0000 9051.5596   11.9987
    7.5000  -22.5000   30.0000 8567.4453   11.9901
   -7.5000  -15.0000   30.0000 9890.0830   11.8891
    0.0000  -15.0000   30.000010272.2686   11.8495
    7.5000  -15.0000   30.0000 9751.3066   11.8385
   -7.5000   -7.5000   30.000011088.5059   11.8368
    0.0000   -7.5000   30.000011483.9590   11.8031
    7.5000   -7.5000   30.000010904.9834   11.7963
   -7.5000    0.0000   30.000012166.4023   11.8314
    0.0000    0.0000   30.000012595.4385   11.8032
    7.5000    0.0000   30.000011984.0703   11.8036
   -7.5000    7.5000   30.000012374.6357   11.8441
    0.0000    7.5000   30.000012824.7314   11.8139
    7.5000    7.5000   30.000012190.9238   11.8161
   -7.5000   15.0000   30.000012448.3369   11.8603
    0.0000   15.0000   30.000012915.6377   11.8241
    7.5000   15.0000   30.000012248.7588   11.8220
   -7.5000   22.5000   30.000012305.4805   11.8567
    0.0000   22.5000   30.000012815.0713   11.8167
    7.5000   22.5000   30.000012143.7051   11.8088
   -7.5000   30.0000   30.000011974.6309   11.6977
    0.0000   30.0000   30.000012501.0117   11.6588
    7.5000   30.0000   30.000011908.0039   11.6480
   -7.5000   37.5000   30.000012082.9395   11.6834
    0.0000   37.5000   30.000012591.0225   11.6501
    7.5000   37.5000   30.000012018.1533   11.6434
   -7.5000   45.0000   30.000011718.7549   11.4041
    0.0000   45.0000   30.000012183.0029   11.3769
    7.5000   45.0000   30.000011590.0781   11.3773
   -7.5000  -45.0000   37.5000 5338.7920   13.5402
    0.0000  -45.0000   37.5000 5572.1626   13.5003
    7.5000  -45.0000   37.5000 5317.8374   13.4972
   -7.5000  -37.5000   37.5000 6076.4302   12.9897
    0.0000  -37.5000   37.5000 6332.7432   12.9523
    7.5000  -37.5000   37.5000 6017.4487   12.9528
   -7.5000  -30.0000   37.5000 7154.3257   12.6281
    0.0000  -30.0000   37.5000 7459.9390   12.5892
    7.5000  -30.0000   37.5000 7085.2671   12.5885
   -7.5000  -22.5000   37.5000 8302.7139   12.3631
    0.0000  -22.5000   37.5000 8646.4902   12.3225
    7.5000  -22.5000   37.5000 8216.8867   12.3163
   -7.5000  -15.0000   37.5000 9461.9209   12.1980
    0.0000  -15.0000   37.5000 9850.3535   12.1591
    7.5000  -15.0000   37.5000 9364.1768   12.1511
   -7.5000   -7.5000   37.500010610.6953   12.1461
    0.0000   -7.5000   37.500011038.2422   12.1127
    7.5000   -7.5000   37.500010490.0977   12.1076
   -7.5000    0.0000   37.500011665.2314   12.1494
    0.0000    0.0000   37.500012136.4531   12.1199
    7.5000    0.0000   37.500011559.8750   12.1203
   -7.5000    7.5000   37.500011889.5645   12.1692
    0.0000    7.5000   37.500012369.7041   12.1369
    7.5000    7.5000   37.500011778.6279   12.1384
   -7.5000   15.0000   37.500011950.7012   12.1836
    0.0000   15.0000   37.500012460.2871   12.1461
    7.5000   15.0000   37.500011823.6367   12.1445
   -7.5000   22.5000   37.500011789.3584   12.1704
    0.0000   22.5000   37.500012320.0889   12.1305
    7.5000   22.5000   37.500011707.9258   12.1249
   -7.5000   30.0000   37.500011500.9121   12.0007
    0.0000   30.0000   37.500012010.2812   11.9626
    7.5000   30.0000   37.500011474.4277   11.9547
   -7.5000   37.5000   37.500011640.3076   11.9887
    0.0000   37.5000   37.500012134.4043   11.9557
    7.5000   37.5000   37.500011601.1338   11.9506
   -7.5000   45.0000   37.500011292.6768   11.7107
    0.0000   45.0000   37.500011747.4385   11.6822
    7.5000   45.0000   37.500011221.9326   11.6826
   -7.5000  -45.0000   45.0000 4874.4839   13.9468
    0.0000  -45.0000   45.0000 5087.3037   13.8998
    7.5000  -45.0000   45.0000 4842.8149   13.8948
   -7.5000  -37.5000   45.0000 5551.3638   13.3600
    0.0000  -37.5000   45.0000 5785.4531   13.3168
    7.5000  -37.5000   45.0000 5489.9023   13.3164
   -7.5000  -30.0000   45.0000 6556.8135   12.9684
    0.0000  -30.0000   45.0000 6826.8491   12.9246
    7.5000  -30.0000   45.0000 6472.5190   12.9241
   -7.5000  -22.5000   45.0000 7599.1396   12.6855
    0.0000  -22.5000   45.0000 7908.1367   12.6397
    7.5000  -22.5000   45.0000 7500.5703   12.6336
   -7.5000  -15.0000   45.0000 8654.0107   12.5127
    0.0000  -15.0000   45.0000 9022.9570   12.4687
    7.5000  -15.0000   45.0000 8555.7939   12.4605
   -7.5000   -7.5000   45.0000 9711.6982   12.4619
    0.0000   -7.5000   45.000010119.9287   12.4234
    7.5000   -7.5000   45.0000 9607.2549   12.4179
   -7.5000    0.0000   45.000010720.8398   12.4680
    0.0000    0.0000   45.000011154.7832   12.4334
    7.5000    0.0000   45.000010618.9180   12.4333
   -7.5000    7.5000   45.000010927.4971   12.4860
    0.0000    7.5000   45.000011362.8887   12.4489
    7.5000    7.5000   45.000010819.1855   12.4502
   -7.5000   15.0000   45.000010960.1260   12.4959
    0.0000   15.0000   45.000011423.2969   12.4538
    7.5000   15.0000   45.000010861.1797   12.4523
   -7.5000   22.5000   45.000010809.4629   12.4810
    0.0000   22.5000   45.000011286.9463   12.4361
    7.5000   22.5000   45.000010754.3359   12.4306
   -7.5000   30.0000   45.000010587.4072   12.3080
    0.0000   30.0000   45.000011038.1582   12.2648
    7.5000   30.0000   45.000010550.6797   12.2568
   -7.5000   37.5000   45.000010705.7764   12.2992
    0.0000   37.5000   45.000011150.5088   12.2612
    7.5000   37.5000   45.000010661.5596   12.2559
   -7.5000   45.0000   45.000010384.9990   12.0232
    0.0000   45.0000   45.000010794.1758   11.9898
    7.5000   45.0000   45.000010319.7881   11.9897

---------------------------------------------------------------------
imgreg_4dfp /opt/freesurfer/average/711-2C_as_mni_average_305 /opt/freesurfer/average/711-2B_as_mni_average_305_mask talsrcimg_g11 none talsrcimg_to_711-2C_as_mni_average_305_t4 4355
---------------------------------------------------------------------

freesurfer imgreg_4dfp.c
/opt/freesurfer/average/711-2C_as_mni_average_305.4dfp.img
       256       256       256         1
  1.000000  1.000000  1.000000
orientation T byte_order littleendian
Reading image: /opt/freesurfer/average/711-2C_as_mni_average_305.4dfp.img
dimensions:      256       256       256
mmppix:       1.0000   -1.0000   -1.0000
center:     128.0000 -129.0000 -129.0000
/opt/freesurfer/average/711-2B_as_mni_average_305_mask.4dfp.img
       256       256       256         1
  1.000000  1.000000  1.000000
orientation T byte_order littleendian
Reading mask: /opt/freesurfer/average/711-2B_as_mni_average_305_mask.4dfp.img (2306576 pixels)
talsrcimg_g11.4dfp.img
       256       256       256         1
  1.000000  1.000000  1.000000
orientation T byte_order littleendian
Reading image: talsrcimg_g11.4dfp.img
dimensions:      256       256       256
mmppix:       1.0000   -1.0000   -1.0000
center:     128.0000 -129.0000 -129.0000
rotation matrix determinant  1.000000
image alignment mode   4355 decimal     1103 hex
   -7.5000  -22.5000  -45.0000 2073.2607   13.2475
    0.0000  -22.5000  -45.0000 2091.1121   13.2593
    7.5000  -22.5000  -45.0000 2078.1001   13.3402
   -7.5000  -15.0000  -45.0000 2179.2637   11.9404
    0.0000  -15.0000  -45.0000 2196.3232   11.9425
    7.5000  -15.0000  -45.0000 2184.5967   12.0138
   -7.5000   -7.5000  -45.0000 2277.8940   10.9200
    0.0000   -7.5000  -45.0000 2290.9917   10.8923
    7.5000   -7.5000  -45.0000 2280.4829   10.9838
   -7.5000    0.0000  -45.0000 2354.2690   10.1873
    0.0000    0.0000  -45.0000 2368.5845   10.1424
    7.5000    0.0000  -45.0000 2354.6677   10.2475
   -7.5000    7.5000  -45.0000 2401.9185    9.6843
    0.0000    7.5000  -45.0000 2418.0359    9.6396
    7.5000    7.5000  -45.0000 2402.5085    9.7383
   -7.5000   15.0000  -45.0000 2419.2249    9.3947
    0.0000   15.0000  -45.0000 2439.0413    9.3412
    7.5000   15.0000  -45.0000 2422.3552    9.4425
   -7.5000   22.5000  -45.0000 2427.0227    9.2445
    0.0000   22.5000  -45.0000 2450.9607    9.1938
    7.5000   22.5000  -45.0000 2430.2751    9.2906
   -7.5000   30.0000  -45.0000 2426.8225    9.2754
    0.0000   30.0000  -45.0000 2445.8247    9.2399
    7.5000   30.0000  -45.0000 2427.6194    9.3244
   -7.5000   37.5000  -45.0000 2405.7263    9.4938
    0.0000   37.5000  -45.0000 2429.5779    9.4547
    7.5000   37.5000  -45.0000 2411.0652    9.5521
   -7.5000   45.0000  -45.0000 2371.1736    9.8678
    0.0000   45.0000  -45.0000 2393.7656    9.8401
    7.5000   45.0000  -45.0000 2373.7268    9.9411
   -7.5000   52.5000  -45.0000 2301.7090   10.3163
    0.0000   52.5000  -45.0000 2323.6162   10.2910
    7.5000   52.5000  -45.0000 2301.1150   10.4149
   -7.5000   60.0000  -45.0000 2184.8032   10.8253
    0.0000   60.0000  -45.0000 2201.0835   10.7946
    7.5000   60.0000  -45.0000 2181.8816   10.9276
   -7.5000   67.5000  -45.0000 2035.6385   11.3431
    0.0000   67.5000  -45.0000 2048.4709   11.3226
    7.5000   67.5000  -45.0000 2026.1431   11.4420
   -7.5000  -22.5000  -37.5000 2128.0732   12.5675
    0.0000  -22.5000  -37.5000 2149.0386   12.5540
    7.5000  -22.5000  -37.5000 2136.3958   12.6254
   -7.5000  -15.0000  -37.5000 2246.5244   11.3254
    0.0000  -15.0000  -37.5000 2262.2183   11.2913
    7.5000  -15.0000  -37.5000 2247.2466   11.3622
   -7.5000   -7.5000  -37.5000 2354.0366   10.3593
    0.0000   -7.5000  -37.5000 2366.6235   10.3067
    7.5000   -7.5000  -37.5000 2353.1685   10.3986
   -7.5000    0.0000  -37.5000 2433.1152    9.6171
    0.0000    0.0000  -37.5000 2448.2900    9.5575
    7.5000    0.0000  -37.5000 2434.8303    9.6624
   -7.5000    7.5000  -37.5000 2491.9263    9.0782
    0.0000    7.5000  -37.5000 2504.8481    9.0289
    7.5000    7.5000  -37.5000 2489.5344    9.1234
   -7.5000   15.0000  -37.5000 2515.4812    8.7517
    0.0000   15.0000  -37.5000 2531.5947    8.6931
    7.5000   15.0000  -37.5000 2514.2632    8.8005
   -7.5000   22.5000  -37.5000 2529.3682    8.5866
    0.0000   22.5000  -37.5000 2548.0154    8.5348
    7.5000   22.5000  -37.5000 2529.4939    8.6309
   -7.5000   30.0000  -37.5000 2524.7351    8.6216
    0.0000   30.0000  -37.5000 2540.4749    8.5750
    7.5000   30.0000  -37.5000 2523.6099    8.6868
   -7.5000   37.5000  -37.5000 2503.1423    8.8328
    0.0000   37.5000  -37.5000 2524.3008    8.7772
    7.5000   37.5000  -37.5000 2506.3154    8.8982
   -7.5000   45.0000  -37.5000 2472.8420    9.1598
    0.0000   45.0000  -37.5000 2491.6772    9.1036
    7.5000   45.0000  -37.5000 2473.9026    9.2402
   -7.5000   52.5000  -37.5000 2401.1643    9.5612
    0.0000   52.5000  -37.5000 2418.3337    9.5006
    7.5000   52.5000  -37.5000 2399.5369    9.6625
   -7.5000   60.0000  -37.5000 2278.3245    9.9917
    0.0000   60.0000  -37.5000 2295.5161    9.9431
    7.5000   60.0000  -37.5000 2273.8896   10.0931
   -7.5000   67.5000  -37.5000 2120.1558   10.4705
    0.0000   67.5000  -37.5000 2134.5271   10.4307
    7.5000   67.5000  -37.5000 2111.7861   10.5660
   -7.5000  -22.5000  -30.0000 2214.0510   12.4068
    0.0000  -22.5000  -30.0000 2233.1545   12.3286
    7.5000  -22.5000  -30.0000 2221.3179   12.4349
   -7.5000  -15.0000  -30.0000 2342.2383   11.1738
    0.0000  -15.0000  -30.0000 2359.8384   11.0871
    7.5000  -15.0000  -30.0000 2341.4993   11.1606
   -7.5000   -7.5000  -30.0000 2453.5645   10.1778
    0.0000   -7.5000  -30.0000 2468.2070   10.0949
    7.5000   -7.5000  -30.0000 2453.1519   10.1845
   -7.5000    0.0000  -30.0000 2536.6865    9.3866
    0.0000    0.0000  -30.0000 2550.4534    9.3123
    7.5000    0.0000  -30.0000 2539.6584    9.4270
   -7.5000    7.5000  -30.0000 2602.7432    8.8366
    0.0000    7.5000  -30.0000 2620.3962    8.7635
    7.5000    7.5000  -30.0000 2606.6387    8.8713
   -7.5000   15.0000  -30.0000 2635.4924    8.4669
    0.0000   15.0000  -30.0000 2653.3088    8.3945
    7.5000   15.0000  -30.0000 2638.3770    8.4944
   -7.5000   22.5000  -30.0000 2666.0303    8.2787
    0.0000   22.5000  -30.0000 2683.4915    8.2143
    7.5000   22.5000  -30.0000 2666.2351    8.3051
   -7.5000   30.0000  -30.0000 2667.7893    8.3142
    0.0000   30.0000  -30.0000 2682.3499    8.2479
    7.5000   30.0000  -30.0000 2665.2366    8.3603
   -7.5000   37.5000  -30.0000 2657.0259    8.5181
    0.0000   37.5000  -30.0000 2670.9363    8.4395
    7.5000   37.5000  -30.0000 2650.7495    8.5628
   -7.5000   45.0000  -30.0000 2623.1165    8.8187
    0.0000   45.0000  -30.0000 2640.8606    8.7530
    7.5000   45.0000  -30.0000 2618.5176    8.8853
   -7.5000   52.5000  -30.0000 2545.9792    9.1914
    0.0000   52.5000  -30.0000 2562.5569    9.1195
    7.5000   52.5000  -30.0000 2538.5486    9.2752
   -7.5000   60.0000  -30.0000 2413.3027    9.6063
    0.0000   60.0000  -30.0000 2426.1748    9.5459
    7.5000   60.0000  -30.0000 2403.3914    9.6701
   -7.5000   67.5000  -30.0000 2246.1211   10.0699
    0.0000   67.5000  -30.0000 2259.8191   10.0027
    7.5000   67.5000  -30.0000 2235.0715   10.1287
   -7.5000  -22.5000  -22.5000 2263.8113   12.1704
    0.0000  -22.5000  -22.5000 2285.4873   12.0824
    7.5000  -22.5000  -22.5000 2269.5771   12.2036
   -7.5000  -15.0000  -22.5000 2394.2451   10.9363
    0.0000  -15.0000  -22.5000 2416.3989   10.8249
    7.5000  -15.0000  -22.5000 2397.7756   10.9185
   -7.5000   -7.5000  -22.5000 2508.1807    9.9201
    0.0000   -7.5000  -22.5000 2528.2249    9.8027
    7.5000   -7.5000  -22.5000 2517.0933    9.9284
   -7.5000    0.0000  -22.5000 2597.4507    9.1219
    0.0000    0.0000  -22.5000 2616.4973    9.0145
    7.5000    0.0000  -22.5000 2608.3738    9.1508
   -7.5000    7.5000  -22.5000 2676.1069    8.5384
    0.0000    7.5000  -22.5000 2696.7510    8.4607
    7.5000    7.5000  -22.5000 2686.2412    8.5720
   -7.5000   15.0000  -22.5000 2723.7712    8.1468
    0.0000   15.0000  -22.5000 2745.1140    8.0701
    7.5000   15.0000  -22.5000 2735.6956    8.1687
   -7.5000   22.5000  -22.5000 2758.7004    7.9390
    0.0000   22.5000  -22.5000 2780.1694    7.8538
    7.5000   22.5000  -22.5000 2769.6138    7.9396
   -7.5000   30.0000  -22.5000 2775.0935    7.9637
    0.0000   30.0000  -22.5000 2793.2981    7.8653
    7.5000   30.0000  -22.5000 2777.5364    7.9727
   -7.5000   37.5000  -22.5000 2772.4858    8.1460
    0.0000   37.5000  -22.5000 2789.4099    8.0475
    7.5000   37.5000  -22.5000 2765.6626    8.1721
   -7.5000   45.0000  -22.5000 2742.6221    8.4253
    0.0000   45.0000  -22.5000 2759.9441    8.3533
    7.5000   45.0000  -22.5000 2735.3074    8.4791
   -7.5000   52.5000  -22.5000 2662.7693    8.7742
    0.0000   52.5000  -22.5000 2676.5891    8.6932
    7.5000   52.5000  -22.5000 2650.4500    8.8369
   -7.5000   60.0000  -22.5000 2521.8215    9.1675
    0.0000   60.0000  -22.5000 2530.9587    9.0978
    7.5000   60.0000  -22.5000 2508.2766    9.2414
   -7.5000   67.5000  -22.5000 2345.8186    9.6142
    0.0000   67.5000  -22.5000 2358.0493    9.5419
    7.5000   67.5000  -22.5000 2333.8044    9.6826
   -7.5000  -22.5000  -15.0000 2273.2754   12.0018
    0.0000  -22.5000  -15.0000 2296.5408   11.8847
    7.5000  -22.5000  -15.0000 2282.9788   12.0295
   -7.5000  -15.0000  -15.0000 2407.8418   10.7259
    0.0000  -15.0000  -15.0000 2430.5688   10.5842
    7.5000  -15.0000  -15.0000 2414.8333   10.7206
   -7.5000   -7.5000  -15.0000 2524.5723    9.6999
    0.0000   -7.5000  -15.0000 2546.4878    9.5654
    7.5000   -7.5000  -15.0000 2536.0850    9.7154
   -7.5000    0.0000  -15.0000 2621.1765    8.8940
    0.0000    0.0000  -15.0000 2643.1682    8.7758
    7.5000    0.0000  -15.0000 2635.8628    8.9203
   -7.5000    7.5000  -15.0000 2711.9038    8.2950
    0.0000    7.5000  -15.0000 2733.5688    8.1904
    7.5000    7.5000  -15.0000 2725.6111    8.3252
   -7.5000   15.0000  -15.0000 2773.4131    7.8948
    0.0000   15.0000  -15.0000 2794.3987    7.7938
    7.5000   15.0000  -15.0000 2789.9207    7.9078
   -7.5000   22.5000  -15.0000 2822.6270    7.6642
    0.0000   22.5000  -15.0000 2843.6433    7.5738
    7.5000   22.5000  -15.0000 2836.8376    7.6608
   -7.5000   30.0000  -15.0000 2851.6675    7.6355
    0.0000   30.0000  -15.0000 2872.6047    7.5241
    7.5000   30.0000  -15.0000 2854.9456    7.6319
   -7.5000   37.5000  -15.0000 2858.7717    7.8052
    0.0000   37.5000  -15.0000 2875.4602    7.6963
    7.5000   37.5000  -15.0000 2849.0842    7.8092
   -7.5000   45.0000  -15.0000 2827.8555    8.0583
    0.0000   45.0000  -15.0000 2844.5693    7.9654
    7.5000   45.0000  -15.0000 2817.4663    8.0897
   -7.5000   52.5000  -15.0000 2742.9580    8.3907
    0.0000   52.5000  -15.0000 2755.9395    8.2927
    7.5000   52.5000  -15.0000 2730.2329    8.4457
   -7.5000   60.0000  -15.0000 2597.7305    8.7659
    0.0000   60.0000  -15.0000 2609.4885    8.6772
    7.5000   60.0000  -15.0000 2582.8835    8.8388
   -7.5000   67.5000  -15.0000 2415.9954    9.2110
    0.0000   67.5000  -15.0000 2428.9260    9.1177
    7.5000   67.5000  -15.0000 2401.0784    9.2740
   -7.5000  -22.5000   -7.5000 2264.4197   11.9548
    0.0000  -22.5000   -7.5000 2284.0850   11.8147
    7.5000  -22.5000   -7.5000 2277.4204   12.0056
   -7.5000  -15.0000   -7.5000 2397.5615   10.6179
    0.0000  -15.0000   -7.5000 2415.1614   10.4613
    7.5000  -15.0000   -7.5000 2407.5696   10.6366
   -7.5000   -7.5000   -7.5000 2514.0237    9.5757
    0.0000   -7.5000   -7.5000 2530.7466    9.4264
    7.5000   -7.5000   -7.5000 2524.5818    9.5875
   -7.5000    0.0000   -7.5000 2622.1724    8.7617
    0.0000    0.0000   -7.5000 2637.5713    8.6249
    7.5000    0.0000   -7.5000 2629.2278    8.7758
   -7.5000    7.5000   -7.5000 2721.8938    8.1672
    0.0000    7.5000   -7.5000 2739.7180    8.0540
    7.5000    7.5000   -7.5000 2731.9221    8.1899
   -7.5000   15.0000   -7.5000 2803.6267    7.7587
    0.0000   15.0000   -7.5000 2820.4517    7.6636
    7.5000   15.0000   -7.5000 2817.1572    7.7688
   -7.5000   22.5000   -7.5000 2872.1074    7.5248
    0.0000   22.5000   -7.5000 2895.7305    7.4495
    7.5000   22.5000   -7.5000 2884.7126    7.5303
   -7.5000   30.0000   -7.5000 2916.0847    7.4383
    0.0000   30.0000   -7.5000 2942.9438    7.3481
    7.5000   30.0000   -7.5000 2913.3113    7.4532
   -7.5000   37.5000   -7.5000 2929.6921    7.5382
    0.0000   37.5000   -7.5000 2946.7097    7.4363
    7.5000   37.5000   -7.5000 2908.6482    7.5467
   -7.5000   45.0000   -7.5000 2892.4351    7.7716
    0.0000   45.0000   -7.5000 2908.3967    7.6761
    7.5000   45.0000   -7.5000 2871.7952    7.7923
   -7.5000   52.5000   -7.5000 2804.7600    8.0725
    0.0000   52.5000   -7.5000 2821.6733    7.9774
    7.5000   52.5000   -7.5000 2784.4651    8.1204
   -7.5000   60.0000   -7.5000 2651.3052    8.4612
    0.0000   60.0000   -7.5000 2665.6050    8.3700
    7.5000   60.0000   -7.5000 2633.9299    8.5122
   -7.5000   67.5000   -7.5000 2465.4048    8.9120
    0.0000   67.5000   -7.5000 2480.4817    8.8181
    7.5000   67.5000   -7.5000 2444.8333    8.9651
   -7.5000  -22.5000    0.0000 2237.9678   12.0948
    0.0000  -22.5000    0.0000 2252.1179   12.0055
    7.5000  -22.5000    0.0000 2246.8442   12.1476
   -7.5000  -15.0000    0.0000 2370.9146   10.6943
    0.0000  -15.0000    0.0000 2378.3726   10.5947
    7.5000  -15.0000    0.0000 2374.7893   10.7416
   -7.5000   -7.5000    0.0000 2490.2351    9.6345
    0.0000   -7.5000    0.0000 2494.1511    9.5417
    7.5000   -7.5000    0.0000 2492.9111    9.6735
   -7.5000    0.0000    0.0000 2604.4277    8.8219
    0.0000    0.0000    0.0000 2613.7402    8.7404
    7.5000    0.0000    0.0000 2605.7090    8.8601
   -7.5000    7.5000    0.0000 2713.1914    8.1978
    0.0000    7.5000    0.0000 2729.8804    8.1573
    7.5000    7.5000    0.0000 2719.5930    8.2558
   -7.5000   15.0000    0.0000 2818.1587    7.7684
    0.0000   15.0000    0.0000 2840.7920    7.7652
    7.5000   15.0000    0.0000 2822.1948    7.8372
   -7.5000   22.5000    0.0000 2908.4717    7.5321
    0.0000   22.5000    0.0000 2940.7996    7.5503
    7.5000   22.5000    0.0000 2907.1733    7.5838
   -7.5000   30.0000    0.0000 2973.4751    7.4197
    0.0000   30.0000    0.0000 3001.0303    7.4303
    7.5000   30.0000    0.0000 2951.1218    7.4620
   -7.5000   37.5000    0.0000 2981.0171    7.4243
    0.0000   37.5000    0.0000 2999.9209    7.3814
    7.5000   37.5000    0.0000 2941.2412    7.4702
   -7.5000   45.0000    0.0000 2936.0752    7.5885
    0.0000   45.0000    0.0000 2949.8816    7.5307
    7.5000   45.0000    0.0000 2896.7168    7.6387
   -7.5000   52.5000    0.0000 2838.7507    7.8819
    0.0000   52.5000    0.0000 2853.7441    7.8182
    7.5000   52.5000    0.0000 2809.3884    7.9506
   -7.5000   60.0000    0.0000 2685.2776    8.2572
    0.0000   60.0000    0.0000 2697.2251    8.2114
    7.5000   60.0000    0.0000 2660.9255    8.3473
   -7.5000   67.5000    0.0000 2492.1787    8.7228
    0.0000   67.5000    0.0000 2500.7834    8.6833
    7.5000   67.5000    0.0000 2469.9048    8.8117
   -7.5000  -22.5000    7.5000 2210.4270   12.4141
    0.0000  -22.5000    7.5000 2222.7468   12.3741
    7.5000  -22.5000    7.5000 2215.8599   12.4895
   -7.5000  -15.0000    7.5000 2338.9111   10.9715
    0.0000  -15.0000    7.5000 2347.3567   10.9555
    7.5000  -15.0000    7.5000 2340.6746   11.0573
   -7.5000   -7.5000    7.5000 2458.9360    9.8757
    0.0000   -7.5000    7.5000 2467.9475    9.8883
    7.5000   -7.5000    7.5000 2458.8191    9.9752
   -7.5000    0.0000    7.5000 2574.1553    9.0118
    0.0000    0.0000    7.5000 2588.6284    9.0459
    7.5000    0.0000    7.5000 2576.7456    9.1430
   -7.5000    7.5000    7.5000 2691.9209    8.3408
    0.0000    7.5000    7.5000 2712.2283    8.3941
    7.5000    7.5000    7.5000 2697.2119    8.4747
   -7.5000   15.0000    7.5000 2809.7109    7.8810
    0.0000   15.0000    7.5000 2835.7979    7.9528
    7.5000   15.0000    7.5000 2809.8855    8.0162
   -7.5000   22.5000    7.5000 2914.9922    7.6369
    0.0000   22.5000    7.5000 2946.8435    7.7091
    7.5000   22.5000    7.5000 2906.9221    7.7332
   -7.5000   30.0000    7.5000 2991.6421    7.4788
    0.0000   30.0000    7.5000 3019.3440    7.5473
    7.5000   30.0000    7.5000 2958.4126    7.5848
   -7.5000   37.5000    7.5000 2996.2625    7.4383
    0.0000   37.5000    7.5000 3015.5312    7.4864
    7.5000   37.5000    7.5000 2950.4146    7.5619
   -7.5000   45.0000    7.5000 2952.5002    7.5642
    0.0000   45.0000    7.5000 2962.5281    7.5599
    7.5000   45.0000    7.5000 2903.6924    7.6989
   -7.5000   52.5000    7.5000 2845.9241    7.8457
    0.0000   52.5000    7.5000 2855.4482    7.8264
    7.5000   52.5000    7.5000 2809.2893    7.9575
   -7.5000   60.0000    7.5000 2688.9841    8.2291
    0.0000   60.0000    7.5000 2695.4062    8.1835
    7.5000   60.0000    7.5000 2659.8418    8.3164
   -7.5000   67.5000    7.5000 2498.1035    8.6730
    0.0000   67.5000    7.5000 2503.8037    8.6244
    7.5000   67.5000    7.5000 2476.5220    8.7396
   -7.5000  -22.5000   15.0000 2175.4568   12.9960
    0.0000  -22.5000   15.0000 2192.6648   13.0184
    7.5000  -22.5000   15.0000 2176.4795   13.1210
   -7.5000  -15.0000   15.0000 2303.6887   11.4675
    0.0000  -15.0000   15.0000 2317.8411   11.4913
    7.5000  -15.0000   15.0000 2302.6455   11.5935
   -7.5000   -7.5000   15.0000 2425.1704   10.2664
    0.0000   -7.5000   15.0000 2440.5327   10.2902
    7.5000   -7.5000   15.0000 2423.2490   10.4130
   -7.5000    0.0000   15.0000 2540.2598    9.3330
    0.0000    0.0000   15.0000 2557.4617    9.3606
    7.5000    0.0000   15.0000 2540.0129    9.4778
   -7.5000    7.5000   15.0000 2659.8083    8.6043
    0.0000    7.5000   15.0000 2677.4688    8.6300
    7.5000    7.5000   15.0000 2658.9966    8.7261
   -7.5000   15.0000   15.0000 2781.0706    8.0997
    0.0000   15.0000   15.0000 2800.4761    8.1306
    7.5000   15.0000   15.0000 2772.9954    8.2022
   -7.5000   22.5000   15.0000 2892.0229    7.8010
    0.0000   22.5000   15.0000 2912.6121    7.8108
    7.5000   22.5000   15.0000 2872.3098    7.8597
   -7.5000   30.0000   15.0000 2965.9836    7.5725
    0.0000   30.0000   15.0000 2986.3584    7.5977
    7.5000   30.0000   15.0000 2928.0127    7.6686
   -7.5000   37.5000   15.0000 2970.6724    7.5154
    0.0000   37.5000   15.0000 2986.5991    7.5456
    7.5000   37.5000   15.0000 2927.3599    7.6861
   -7.5000   45.0000   15.0000 2932.8301    7.6950
    0.0000   45.0000   15.0000 2943.9062    7.7358
    7.5000   45.0000   15.0000 2882.7090    7.8824
   -7.5000   52.5000   15.0000 2824.9937    8.0180
    0.0000   52.5000   15.0000 2834.5544    8.0253
    7.5000   52.5000   15.0000 2786.0581    8.1733
   -7.5000   60.0000   15.0000 2661.1140    8.3911
    0.0000   60.0000   15.0000 2669.1465    8.3527
    7.5000   60.0000   15.0000 2631.4507    8.5024
   -7.5000   67.5000   15.0000 2475.1250    8.7812
    0.0000   67.5000   15.0000 2480.4541    8.7392
    7.5000   67.5000   15.0000 2449.4194    8.8692
   -7.5000  -22.5000   22.5000 2133.1025   13.7258
    0.0000  -22.5000   22.5000 2147.9150   13.7302
    7.5000  -22.5000   22.5000 2127.6760   13.8603
   -7.5000  -15.0000   22.5000 2264.4883   12.0163
    0.0000  -15.0000   22.5000 2275.5396   12.0057
    7.5000  -15.0000   22.5000 2255.1321   12.1711
   -7.5000   -7.5000   22.5000 2389.1794   10.7231
    0.0000   -7.5000   22.5000 2401.1157   10.6860
    7.5000   -7.5000   22.5000 2377.8906   10.8741
   -7.5000    0.0000   22.5000 2505.6873    9.7233
    0.0000    0.0000   22.5000 2519.6279    9.6906
    7.5000    0.0000   22.5000 2497.9834    9.8472
   -7.5000    7.5000   22.5000 2625.4976    8.9386
    0.0000    7.5000   22.5000 2636.7949    8.8995
    7.5000    7.5000   22.5000 2616.1165    9.0460
   -7.5000   15.0000   22.5000 2742.5557    8.3922
    0.0000   15.0000   22.5000 2750.9282    8.3433
    7.5000   15.0000   22.5000 2724.9148    8.4780
   -7.5000   22.5000   22.5000 2845.1938    8.0041
    0.0000   22.5000   22.5000 2853.9338    7.9883
    7.5000   22.5000   22.5000 2816.7769    8.0972
   -7.5000   30.0000   22.5000 2903.4397    7.7801
    0.0000   30.0000   22.5000 2912.1853    7.7658
    7.5000   30.0000   22.5000 2867.9072    7.9215
   -7.5000   37.5000   22.5000 2914.2251    7.7502
    0.0000   37.5000   22.5000 2921.1692    7.7487
    7.5000   37.5000   22.5000 2877.9006    7.9270
   -7.5000   45.0000   22.5000 2884.3054    7.9873
    0.0000   45.0000   22.5000 2890.9133    7.9566
    7.5000   45.0000   22.5000 2839.9814    8.1373
   -7.5000   52.5000   22.5000 2785.8562    8.3184
    0.0000   52.5000   22.5000 2789.6814    8.2702
    7.5000   52.5000   22.5000 2745.6262    8.4257
   -7.5000   60.0000   22.5000 2623.9746    8.6781
    0.0000   60.0000   22.5000 2628.5151    8.6253
    7.5000   60.0000   22.5000 2592.7517    8.7731
   -7.5000   67.5000   22.5000 2441.0945    9.0276
    0.0000   67.5000   22.5000 2444.6494    8.9889
    7.5000   67.5000   22.5000 2411.1455    9.1225
   -7.5000  -22.5000   30.0000 2076.1345   14.5020
    0.0000  -22.5000   30.0000 2089.1445   14.4633
    7.5000  -22.5000   30.0000 2074.0183   14.6707
   -7.5000  -15.0000   30.0000 2211.9856   12.6481
    0.0000  -15.0000   30.0000 2225.1956   12.6015
    7.5000  -15.0000   30.0000 2206.6709   12.8475
   -7.5000   -7.5000   30.0000 2340.8813   11.2496
    0.0000   -7.5000   30.0000 2353.7410   11.1761
    7.5000   -7.5000   30.0000 2330.2273   11.4328
   -7.5000    0.0000   30.0000 2458.6482   10.1725
    0.0000    0.0000   30.0000 2469.5090   10.0957
    7.5000    0.0000   30.0000 2445.1111   10.3340
   -7.5000    7.5000   30.0000 2579.7205    9.3392
    0.0000    7.5000   30.0000 2588.5144    9.2933
    7.5000    7.5000   30.0000 2563.8928    9.5065
   -7.5000   15.0000   30.0000 2691.3232    8.7537
    0.0000   15.0000   30.0000 2695.3210    8.7333
    7.5000   15.0000   30.0000 2666.6726    8.9129
   -7.5000   22.5000   30.0000 2782.3955    8.3368
    0.0000   22.5000   30.0000 2784.8352    8.3252
    7.5000   22.5000   30.0000 2746.5334    8.5088
   -7.5000   30.0000   30.0000 2830.1606    8.0982
    0.0000   30.0000   30.0000 2833.6135    8.1118
    7.5000   30.0000   30.0000 2791.3298    8.3217
   -7.5000   37.5000   30.0000 2840.1211    8.1128
    0.0000   37.5000   30.0000 2840.0706    8.1076
    7.5000   37.5000   30.0000 2801.5103    8.3124
   -7.5000   45.0000   30.0000 2813.9019    8.3623
    0.0000   45.0000   30.0000 2814.8682    8.3273
    7.5000   45.0000   30.0000 2772.4465    8.5091
   -7.5000   52.5000   30.0000 2722.0298    8.6996
    0.0000   52.5000   30.0000 2722.5476    8.6454
    7.5000   52.5000   30.0000 2680.5962    8.8192
   -7.5000   60.0000   30.0000 2570.0950    9.0510
    0.0000   60.0000   30.0000 2569.8906    8.9832
    7.5000   60.0000   30.0000 2534.2026    9.1373
   -7.5000   67.5000   30.0000 2397.4436    9.3812
    0.0000   67.5000   30.0000 2398.6057    9.3288
    7.5000   67.5000   30.0000 2367.3552    9.4657
   -7.5000  -22.5000   37.5000 2016.2495   15.3413
    0.0000  -22.5000   37.5000 2028.1797   15.2693
    7.5000  -22.5000   37.5000 2020.2448   15.5685
   -7.5000  -15.0000   37.5000 2154.4236   13.3750
    0.0000  -15.0000   37.5000 2170.0103   13.2939
    7.5000  -15.0000   37.5000 2155.3250   13.6174
   -7.5000   -7.5000   37.5000 2286.9861   11.8810
    0.0000   -7.5000   37.5000 2302.5540   11.7987
    7.5000   -7.5000   37.5000 2277.7559   12.1154
   -7.5000    0.0000   37.5000 2408.1238   10.7307
    0.0000    0.0000   37.5000 2416.7722   10.6681
    7.5000    0.0000   37.5000 2392.5222   10.9772
   -7.5000    7.5000   37.5000 2524.3826    9.8744
    0.0000    7.5000   37.5000 2531.7307    9.8554
    7.5000    7.5000   37.5000 2504.4797   10.1094
   -7.5000   15.0000   37.5000 2630.2168    9.2462
    0.0000   15.0000   37.5000 2633.3992    9.2348
    7.5000   15.0000   37.5000 2599.2029    9.4762
   -7.5000   22.5000   37.5000 2711.8149    8.7998
    0.0000   22.5000   37.5000 2713.8369    8.8174
    7.5000   22.5000   37.5000 2671.4695    9.0525
   -7.5000   30.0000   37.5000 2753.1995    8.5874
    0.0000   30.0000   37.5000 2751.4917    8.6022
    7.5000   30.0000   37.5000 2710.3921    8.8363
   -7.5000   37.5000   37.5000 2761.5354    8.6144
    0.0000   37.5000   37.5000 2757.3354    8.6093
    7.5000   37.5000   37.5000 2720.3391    8.8256
   -7.5000   45.0000   37.5000 2735.0779    8.8389
    0.0000   45.0000   37.5000 2730.3508    8.8186
    7.5000   45.0000   37.5000 2693.0381    9.0317
   -7.5000   52.5000   37.5000 2645.4961    9.1699
    0.0000   52.5000   37.5000 2643.8152    9.1246
    7.5000   52.5000   37.5000 2605.4856    9.3174
   -7.5000   60.0000   37.5000 2502.2908    9.5021
    0.0000   60.0000   37.5000 2501.8284    9.4594
    7.5000   60.0000   37.5000 2465.0930    9.6279
   -7.5000   67.5000   37.5000 2336.6294    9.7985
    0.0000   67.5000   37.5000 2339.4849    9.7678
    7.5000   67.5000   37.5000 2306.5356    9.9166
   -7.5000  -22.5000   45.0000 1955.6813   16.3740
    0.0000  -22.5000   45.0000 1965.2035   16.3042
    7.5000  -22.5000   45.0000 1953.8489   16.6523
   -7.5000  -15.0000   45.0000 2096.3108   14.2259
    0.0000  -15.0000   45.0000 2108.9834   14.1579
    7.5000  -15.0000   45.0000 2091.4878   14.5127
   -7.5000   -7.5000   45.0000 2229.3267   12.6090
    0.0000   -7.5000   45.0000 2241.6365   12.5525
    7.5000   -7.5000   45.0000 2215.8401   12.9160
   -7.5000    0.0000   45.0000 2352.0293   11.4330
    0.0000    0.0000   45.0000 2359.2251   11.3931
    7.5000    0.0000   45.0000 2330.7664   11.7431
   -7.5000    7.5000   45.0000 2462.3328   10.5522
    0.0000    7.5000   45.0000 2466.7905   10.5256
    7.5000    7.5000   45.0000 2437.4875   10.8446
   -7.5000   15.0000   45.0000 2556.5210    9.8795
    0.0000   15.0000   45.0000 2561.2505    9.8845
    7.5000   15.0000   45.0000 2524.3271   10.1770
   -7.5000   22.5000   45.0000 2628.8164    9.4221
    0.0000   22.5000   45.0000 2630.2585    9.4421
    7.5000   22.5000   45.0000 2588.8101    9.7252
   -7.5000   30.0000   45.0000 2666.8782    9.2308
    0.0000   30.0000   45.0000 2663.8750    9.2386
    7.5000   30.0000   45.0000 2626.3157    9.4871
   -7.5000   37.5000   45.0000 2670.5845    9.2520
    0.0000   37.5000   45.0000 2667.6958    9.2473
    7.5000   37.5000   45.0000 2631.1987    9.4677
   -7.5000   45.0000   45.0000 2642.8079    9.4629
    0.0000   45.0000   45.0000 2637.9661    9.4533
    7.5000   45.0000   45.0000 2602.5276    9.6815
   -7.5000   52.5000   45.0000 2566.9673    9.7296
    0.0000   52.5000   45.0000 2563.7471    9.7139
    7.5000   52.5000   45.0000 2526.7832    9.9519
   -7.5000   60.0000   45.0000 2434.3120   10.0341
    0.0000   60.0000   45.0000 2432.9314   10.0085
    7.5000   60.0000   45.0000 2397.1755   10.2195
   -7.5000   67.5000   45.0000 2268.9602   10.3381
    0.0000   67.5000   45.0000 2267.1509   10.3177
    7.5000   67.5000   45.0000 2232.7578   10.5042

---------------------------------------------------------------------
imgreg_4dfp /opt/freesurfer/average/711-2C_as_mni_average_305 /opt/freesurfer/average/711-2B_as_mni_average_305_mask talsrcimg_g11 none talsrcimg_to_711-2C_as_mni_average_305_t4 1283
---------------------------------------------------------------------

freesurfer imgreg_4dfp.c
/opt/freesurfer/average/711-2C_as_mni_average_305.4dfp.img
       256       256       256         1
  1.000000  1.000000  1.000000
orientation T byte_order littleendian
Reading image: /opt/freesurfer/average/711-2C_as_mni_average_305.4dfp.img
dimensions:      256       256       256
mmppix:       1.0000   -1.0000   -1.0000
center:     128.0000 -129.0000 -129.0000
/opt/freesurfer/average/711-2B_as_mni_average_305_mask.4dfp.img
       256       256       256         1
  1.000000  1.000000  1.000000
orientation T byte_order littleendian
Reading mask: /opt/freesurfer/average/711-2B_as_mni_average_305_mask.4dfp.img (2306576 pixels)
talsrcimg_g11.4dfp.img
       256       256       256         1
  1.000000  1.000000  1.000000
orientation T byte_order littleendian
Reading image: talsrcimg_g11.4dfp.img
dimensions:      256       256       256
mmppix:       1.0000   -1.0000   -1.0000
center:     128.0000 -129.0000 -129.0000
rotation matrix determinant  1.000000
fimgreg.f
image alignment mode   1283 decimal      503 hex
parameters
    0.0000   30.0000    7.5000    0.0000    0.0000    0.0000
eta,q 0.94743  7.58790
niter,ni,del,rscale     5    3   12.0000    1.2000
parameter  4  2.584124 ->  0.500000 qaram    1.1500
parameters
   -0.9764   32.5539    7.1894   -3.4500    1.6995   -0.2215
eta,q 0.95616  7.49482
  0.0617  0.0668  0.0558  0.0435  0.0564  0.0492
  0.0560  0.0586  0.0528  0.0447  0.0523  0.0463
  0.0511  0.0528  0.0498  0.0465  0.0480  0.0444
  0.0501  0.0499  0.0487  0.0488  0.0451  0.0439
  0.0548  0.0490  0.0502  0.0518  0.0439  0.0450
  0.0634  0.0493  0.0535  0.0547  0.0455  0.0471
  0.0716  0.0508  0.0577  0.0571  0.0489  0.0496
niter,ni,del,rscale     5    3   12.0000    1.2000
parameter  4  1.148483 ->  0.500000 qaram    1.3225
parameters
   -2.0595   34.1099    6.1872   -7.4175    2.8156   -1.2422
eta,q 0.96108  7.49343
  0.0552  0.0593  0.0470  0.0392  0.0509  0.0434
  0.0488  0.0508  0.0455  0.0393  0.0465  0.0407
  0.0440  0.0449  0.0442  0.0409  0.0424  0.0392
  0.0438  0.0432  0.0437  0.0439  0.0396  0.0391
  0.0494  0.0440  0.0444  0.0468  0.0391  0.0408
  0.0575  0.0454  0.0471  0.0505  0.0412  0.0438
  0.0654  0.0472  0.0518  0.0552  0.0456  0.0471
niter,ni,del,rscale     5    3   12.0000    1.2000
parameters
   -2.3525   35.8873    4.7189   -9.7219    3.2241   -1.0932
eta,q 0.96380  7.49728
  0.0555  0.0555  0.0427  0.0431  0.0467  0.0439
  0.0467  0.0466  0.0404  0.0370  0.0424  0.0398
  0.0403  0.0410  0.0384  0.0362  0.0385  0.0372
  0.0389  0.0388  0.0386  0.0382  0.0363  0.0362
  0.0428  0.0387  0.0409  0.0422  0.0368  0.0371
  0.0499  0.0397  0.0454  0.0460  0.0399  0.0395
  0.0577  0.0422  0.0512  0.0504  0.0450  0.0431
niter,ni,del,rscale     4    3   12.0000    1.2000
parameters
   -2.4804   36.4179    3.9446   -9.9233    3.4129   -0.9847
eta,q 0.96416  7.48963
  0.0538  0.0515  0.0417  0.0477  0.0461  0.0435
  0.0450  0.0435  0.0387  0.0412  0.0416  0.0393
  0.0384  0.0380  0.0365  0.0360  0.0379  0.0367
  0.0362  0.0362  0.0361  0.0360  0.0359  0.0358
  0.0394  0.0368  0.0375  0.0391  0.0367  0.0369
  0.0464  0.0401  0.0408  0.0433  0.0402  0.0394
  0.0549  0.0469  0.0462  0.0471  0.0455  0.0425
niter,ni,del,rscale     3    3   12.0000    1.2000
parameters
   -2.5387   36.3767    3.8690   -9.9408    3.4429   -0.9538
eta,q 0.96416  7.48842
  0.0537  0.0492  0.0431  0.0481  0.0456  0.0433
  0.0451  0.0416  0.0395  0.0418  0.0412  0.0391
  0.0385  0.0371  0.0369  0.0362  0.0376  0.0366
  0.0358  0.0358  0.0358  0.0358  0.0358  0.0358
  0.0385  0.0373  0.0367  0.0387  0.0369  0.0370
  0.0456  0.0419  0.0392  0.0428  0.0406  0.0395
  0.0545  0.0495  0.0440  0.0468  0.0459  0.0426
niter,ni,del,rscale     2    3   12.0000    1.2000
parameters
   -2.5520   36.3668    3.8675   -9.9373    3.4462   -0.9502
eta,q 0.96416  7.48836
  0.0539  0.0493  0.0433  0.0482  0.0455  0.0432
  0.0453  0.0417  0.0396  0.0419  0.0411  0.0391
  0.0386  0.0372  0.0369  0.0362  0.0376  0.0366
  0.0358  0.0358  0.0358  0.0358  0.0358  0.0358
  0.0384  0.0373  0.0367  0.0387  0.0370  0.0371
  0.0454  0.0418  0.0391  0.0428  0.0406  0.0395
  0.0542  0.0494  0.0437  0.0467  0.0460  0.0427
registration optimization eta report
parameter search radius
    6.0000    6.0000    6.0000    7.9350    6.0000    6.0000
100000*second partial in parameter space
       50.       38.       21.       18.       27.       19.
  0.0539  0.0493  0.0433  0.0482  0.0455  0.0432
  0.0453  0.0417  0.0396  0.0419  0.0411  0.0391
  0.0386  0.0372  0.0369  0.0362  0.0376  0.0366
  0.0358  0.0358  0.0358  0.0358  0.0358  0.0358
  0.0384  0.0373  0.0367  0.0387  0.0370  0.0371
  0.0454  0.0418  0.0391  0.0428  0.0406  0.0395
  0.0542  0.0494  0.0437  0.0467  0.0460  0.0427
   -2.5520   36.3668    3.8675   -9.9373    3.4462   -0.9502
eta,q 0.96416  7.48836

---------------------------------------------------------------------
imgreg_4dfp /opt/freesurfer/average/711-2C_as_mni_average_305 /opt/freesurfer/average/711-2B_as_mni_average_305_mask talsrcimg_g11 none talsrcimg_to_711-2C_as_mni_average_305_t4 3335
---------------------------------------------------------------------

freesurfer imgreg_4dfp.c
/opt/freesurfer/average/711-2C_as_mni_average_305.4dfp.img
       256       256       256         1
  1.000000  1.000000  1.000000
orientation T byte_order littleendian
Reading image: /opt/freesurfer/average/711-2C_as_mni_average_305.4dfp.img
dimensions:      256       256       256
mmppix:       1.0000   -1.0000   -1.0000
center:     128.0000 -129.0000 -129.0000
/opt/freesurfer/average/711-2B_as_mni_average_305_mask.4dfp.img
       256       256       256         1
  1.000000  1.000000  1.000000
orientation T byte_order littleendian
Reading mask: /opt/freesurfer/average/711-2B_as_mni_average_305_mask.4dfp.img (2306576 pixels)
talsrcimg_g11.4dfp.img
       256       256       256         1
  1.000000  1.000000  1.000000
orientation T byte_order littleendian
Reading image: talsrcimg_g11.4dfp.img
dimensions:      256       256       256
mmppix:       1.0000   -1.0000   -1.0000
center:     128.0000 -129.0000 -129.0000
fimgreg.f
image alignment mode   3335 decimal      D07 hex
parameters
   -2.5520   36.3668    3.8675   -0.1946   -1.5310   -1.6784
    2.6707   -5.6339   -1.6554   17.3529    6.0111  -17.2259
eta,q 0.96281  7.52477
niter,ni,del,rscale     5    3    5.0000    1.2000
parameter  4  0.786143 ->  0.500000 qaram    1.1500
parameter  5  2.027846 ->  0.500000 qaram    1.1500
parameter  6  0.872857 ->  0.500000 qaram    1.1500
parameter 11  1.042346 ->  0.500000 qaram    1.1500
parameter 12 -0.756332 -> -0.500000 qaram    1.1500
parameters
   -2.8080   36.6137    3.9795   -4.3346   -5.6710   -5.8184
    2.6111   -5.7517   -2.8081   17.7130    1.8711  -13.0859
eta,q 0.97146  7.21422
  0.0396  0.0392  0.0385  0.0355  0.0308  0.0303  0.0326  0.0343  0.0318  0.0335  0.0290  0.0326
  0.0381  0.0382  0.0377  0.0353  0.0319  0.0303  0.0314  0.0324  0.0309  0.0319  0.0292  0.0313
  0.0373  0.0375  0.0373  0.0359  0.0334  0.0310  0.0307  0.0310  0.0304  0.0308  0.0296  0.0301
  0.0372  0.0371  0.0371  0.0371  0.0354  0.0323  0.0304  0.0304  0.0304  0.0304  0.0304  0.0293
  0.0378  0.0372  0.0372  0.0391  0.0378  0.0340  0.0307  0.0309  0.0309  0.0306  0.0314  0.0287
  0.0390  0.0376  0.0376  0.0418  0.0402  0.0363  0.0315  0.0324  0.0318  0.0316  0.0327  0.0285
  0.0408  0.0386  0.0382  0.0449  0.0430  0.0393  0.0327  0.0347  0.0331  0.0329  0.0341  0.0286
niter,ni,del,rscale     7    3    5.0000    1.2000
parameter  5  0.755861 ->  0.500000 qaram    1.3225
parameters
   -3.1207   36.2746    3.8391   -5.1707  -10.4320   -7.0975
    2.3856   -5.2783   -2.8288   17.4813   -0.9501  -12.0508
eta,q 0.97329  6.98867
  0.0308  0.0301  0.0299  0.0308  0.0273  0.0294  0.0290  0.0308  0.0288  0.0294  0.0272  0.0288
  0.0294  0.0290  0.0290  0.0296  0.0269  0.0280  0.0279  0.0290  0.0277  0.0279  0.0268  0.0277
  0.0286  0.0285  0.0285  0.0288  0.0274  0.0270  0.0271  0.0276  0.0270  0.0270  0.0267  0.0269
  0.0285  0.0285  0.0284  0.0284  0.0285  0.0269  0.0269  0.0269  0.0268  0.0268  0.0268  0.0267
  0.0292  0.0290  0.0287  0.0286  0.0303  0.0276  0.0272  0.0270  0.0270  0.0272  0.0272  0.0268
  0.0304  0.0300  0.0293  0.0300  0.0327  0.0293  0.0281  0.0281  0.0277  0.0281  0.0280  0.0272
  0.0323  0.0313  0.0303  0.0327  0.0351  0.0319  0.0293  0.0301  0.0288  0.0296  0.0291  0.0278
niter,ni,del,rscale     7    3    5.0000    1.2000
parameters
   -3.1178   36.4965    4.0959   -4.8055  -11.9400   -7.1826
    2.3905   -5.0859   -2.4690   17.6049   -1.2473  -12.0751
eta,q 0.97344  6.94642
  0.0295  0.0296  0.0285  0.0292  0.0291  0.0298  0.0289  0.0301  0.0287  0.0292  0.0276  0.0280
  0.0280  0.0281  0.0276  0.0281  0.0278  0.0282  0.0277  0.0284  0.0276  0.0277  0.0270  0.0271
  0.0271  0.0271  0.0270  0.0272  0.0268  0.0271  0.0268  0.0271  0.0269  0.0268  0.0267  0.0266
  0.0267  0.0267  0.0267  0.0267  0.0266  0.0266  0.0266  0.0266  0.0266  0.0266  0.0266  0.0266
  0.0270  0.0269  0.0268  0.0265  0.0275  0.0269  0.0269  0.0268  0.0267  0.0269  0.0267  0.0268
  0.0280  0.0275  0.0271  0.0272  0.0291  0.0280  0.0277  0.0280  0.0273  0.0277  0.0271  0.0273
  0.0295  0.0287  0.0279  0.0293  0.0315  0.0302  0.0288  0.0299  0.0283  0.0290  0.0278  0.0279
niter,ni,del,rscale     6    3    5.0000    1.2000
parameters
   -3.1318   36.6637    4.1941   -4.8445  -12.2211   -7.1700
    2.3547   -5.1247   -2.3931   17.7821   -1.3538  -12.1650
eta,q 0.97343  6.93574
  0.0293  0.0293  0.0281  0.0289  0.0297  0.0298  0.0288  0.0299  0.0285  0.0292  0.0276  0.0280
  0.0278  0.0279  0.0273  0.0278  0.0283  0.0282  0.0276  0.0282  0.0275  0.0278  0.0271  0.0271
  0.0269  0.0269  0.0268  0.0271  0.0271  0.0271  0.0268  0.0270  0.0268  0.0269  0.0267  0.0266
  0.0266  0.0266  0.0266  0.0266  0.0266  0.0266  0.0266  0.0266  0.0266  0.0266  0.0266  0.0266
  0.0269  0.0267  0.0267  0.0265  0.0271  0.0269  0.0269  0.0269  0.0268  0.0269  0.0267  0.0268
  0.0279  0.0274  0.0271  0.0273  0.0283  0.0279  0.0277  0.0281  0.0274  0.0277  0.0271  0.0273
  0.0294  0.0286  0.0279  0.0294  0.0303  0.0301  0.0289  0.0301  0.0284  0.0289  0.0278  0.0280
niter,ni,del,rscale     5    3    5.0000    1.2000
parameters
   -3.1478   36.7229    4.1980   -4.8759  -12.3319   -7.1624
    2.3700   -5.1585   -2.3572   17.8796   -1.4123  -12.2392
eta,q 0.97342  6.93172
  0.0293  0.0291  0.0280  0.0288  0.0298  0.0298  0.0289  0.0299  0.0285  0.0292  0.0277  0.0280
  0.0278  0.0277  0.0272  0.0278  0.0283  0.0282  0.0277  0.0282  0.0275  0.0277  0.0271  0.0272
  0.0269  0.0269  0.0267  0.0271  0.0272  0.0271  0.0269  0.0270  0.0268  0.0268  0.0267  0.0267
  0.0266  0.0266  0.0266  0.0266  0.0266  0.0266  0.0266  0.0266  0.0266  0.0266  0.0266  0.0266
  0.0269  0.0268  0.0267  0.0265  0.0270  0.0269  0.0269  0.0269  0.0268  0.0269  0.0267  0.0268
  0.0279  0.0276  0.0272  0.0273  0.0283  0.0279  0.0277  0.0281  0.0275  0.0277  0.0271  0.0273
  0.0294  0.0288  0.0280  0.0294  0.0301  0.0301  0.0288  0.0301  0.0284  0.0290  0.0277  0.0280
niter,ni,del,rscale     4    3    5.0000    1.2000
parameters
   -3.1577   36.7518    4.1926   -4.8920  -12.3848   -7.1595
    2.3878   -5.1753   -2.3367   17.9343   -1.4391  -12.2785
eta,q 0.97341  6.92982
  0.0293  0.0290  0.0280  0.0288  0.0298  0.0298  0.0289  0.0299  0.0285  0.0291  0.0277  0.0280
  0.0278  0.0277  0.0272  0.0278  0.0284  0.0282  0.0277  0.0282  0.0275  0.0277  0.0271  0.0272
  0.0269  0.0268  0.0267  0.0271  0.0272  0.0271  0.0269  0.0270  0.0268  0.0268  0.0267  0.0267
  0.0266  0.0266  0.0266  0.0266  0.0266  0.0266  0.0266  0.0266  0.0266  0.0266  0.0266  0.0266
  0.0269  0.0269  0.0267  0.0265  0.0270  0.0269  0.0269  0.0269  0.0268  0.0269  0.0267  0.0268
  0.0279  0.0276  0.0272  0.0273  0.0282  0.0279  0.0277  0.0281  0.0275  0.0277  0.0271  0.0273
  0.0294  0.0288  0.0280  0.0294  0.0301  0.0301  0.0288  0.0301  0.0284  0.0290  0.0277  0.0280
niter,ni,del,rscale     3    3    5.0000    1.2000
parameters
   -3.1622   36.7684    4.1862   -4.9013  -12.4168   -7.1619
    2.3937   -5.1883   -2.3226   17.9685   -1.4599  -12.2982
eta,q 0.97340  6.92853
  0.0293  0.0290  0.0280  0.0289  0.0298  0.0298  0.0289  0.0299  0.0285  0.0291  0.0277  0.0281
  0.0278  0.0276  0.0272  0.0278  0.0284  0.0282  0.0277  0.0282  0.0275  0.0277  0.0271  0.0272
  0.0269  0.0268  0.0268  0.0271  0.0272  0.0271  0.0269  0.0270  0.0268  0.0268  0.0267  0.0267
  0.0266  0.0266  0.0266  0.0266  0.0266  0.0266  0.0266  0.0266  0.0266  0.0266  0.0266  0.0266
  0.0269  0.0269  0.0268  0.0265  0.0270  0.0269  0.0269  0.0269  0.0268  0.0269  0.0267  0.0268
  0.0278  0.0277  0.0272  0.0273  0.0282  0.0279  0.0277  0.0281  0.0275  0.0277  0.0271  0.0273
  0.0294  0.0288  0.0280  0.0294  0.0300  0.0301  0.0288  0.0301  0.0284  0.0290  0.0277  0.0280
registration optimization eta report
parameter search radius
    2.4000    2.4000    2.4000    8.2800    9.5220    8.2800
    7.2000    7.2000    7.2000    7.2000    8.2800    8.2800
100000*second partial in parameter space
       48.       40.       25.        4.        4.        5.
        4.        7.        4.        5.        2.        2.
  0.0293  0.0290  0.0280  0.0289  0.0298  0.0298  0.0289  0.0299  0.0285  0.0291  0.0277  0.0281
  0.0278  0.0276  0.0272  0.0278  0.0284  0.0282  0.0277  0.0282  0.0275  0.0277  0.0271  0.0272
  0.0269  0.0268  0.0268  0.0271  0.0272  0.0271  0.0269  0.0270  0.0268  0.0268  0.0267  0.0267
  0.0266  0.0266  0.0266  0.0266  0.0266  0.0266  0.0266  0.0266  0.0266  0.0266  0.0266  0.0266
  0.0269  0.0269  0.0268  0.0265  0.0270  0.0269  0.0269  0.0269  0.0268  0.0269  0.0267  0.0268
  0.0278  0.0277  0.0272  0.0273  0.0282  0.0279  0.0277  0.0281  0.0275  0.0277  0.0271  0.0273
  0.0294  0.0288  0.0280  0.0294  0.0300  0.0301  0.0288  0.0301  0.0284  0.0290  0.0277  0.0280
   -3.1622   36.7684    4.1862   -4.9013  -12.4168   -7.1619
    2.3937   -5.1883   -2.3226   17.9685   -1.4599  -12.2982
eta,q 0.97340  6.92853

---------------------------------------------------------------------
imgreg_4dfp /opt/freesurfer/average/711-2C_as_mni_average_305 /opt/freesurfer/average/711-2B_as_mni_average_305_mask talsrcimg_g11 none talsrcimg_to_711-2C_as_mni_average_305_t4 2311
---------------------------------------------------------------------

freesurfer imgreg_4dfp.c
/opt/freesurfer/average/711-2C_as_mni_average_305.4dfp.img
       256       256       256         1
  1.000000  1.000000  1.000000
orientation T byte_order littleendian
Reading image: /opt/freesurfer/average/711-2C_as_mni_average_305.4dfp.img
dimensions:      256       256       256
mmppix:       1.0000   -1.0000   -1.0000
center:     128.0000 -129.0000 -129.0000
/opt/freesurfer/average/711-2B_as_mni_average_305_mask.4dfp.img
       256       256       256         1
  1.000000  1.000000  1.000000
orientation T byte_order littleendian
Reading mask: /opt/freesurfer/average/711-2B_as_mni_average_305_mask.4dfp.img (2306576 pixels)
talsrcimg_g11.4dfp.img
       256       256       256         1
  1.000000  1.000000  1.000000
orientation T byte_order littleendian
Reading image: talsrcimg_g11.4dfp.img
dimensions:      256       256       256
mmppix:       1.0000   -1.0000   -1.0000
center:     128.0000 -129.0000 -129.0000
fimgreg.f
image alignment mode   2311 decimal      907 hex
parameters
   -3.1622   36.7684    4.1862   -4.9013  -12.4168   -7.1619
    2.3937   -5.1883   -2.3226   17.9685   -1.4599  -12.2982
eta,q 0.97340  6.92854
niter,ni,del,rscale     5    3    5.0000    0.8000
parameters
   -3.1585   36.7480    4.1877   -3.6115  -12.0430   -6.6503
    2.3615   -5.0439   -2.4423   17.6227   -1.1645  -12.9437
eta,q 0.97359  7.00487
  0.0279  0.0276  0.0272  0.0276  0.0277  0.0279  0.0276  0.0281  0.0273  0.0274  0.0269  0.0268
  0.0272  0.0270  0.0269  0.0272  0.0272  0.0272  0.0270  0.0273  0.0268  0.0268  0.0267  0.0265
  0.0268  0.0267  0.0267  0.0269  0.0267  0.0267  0.0266  0.0267  0.0265  0.0265  0.0265  0.0264
  0.0266  0.0266  0.0266  0.0266  0.0265  0.0265  0.0265  0.0265  0.0264  0.0264  0.0264  0.0264
  0.0267  0.0267  0.0267  0.0265  0.0265  0.0265  0.0266  0.0266  0.0266  0.0267  0.0265  0.0266
  0.0272  0.0271  0.0269  0.0266  0.0269  0.0268  0.0270  0.0271  0.0269  0.0271  0.0266  0.0268
  0.0278  0.0277  0.0272  0.0270  0.0275  0.0274  0.0276  0.0280  0.0274  0.0277  0.0268  0.0271
niter,ni,del,rscale     4    3    5.0000    0.7000
parameters
   -3.1454   36.6412    4.2099   -3.5339  -11.8182   -6.5600
    2.3565   -4.9904   -2.5211   17.5454   -1.1522  -12.9076
eta,q 0.97360  7.01794
  0.0275  0.0272  0.0270  0.0271  0.0274  0.0274  0.0273  0.0277  0.0271  0.0273  0.0267  0.0268
  0.0269  0.0267  0.0267  0.0268  0.0269  0.0269  0.0268  0.0270  0.0267  0.0268  0.0265  0.0266
  0.0265  0.0265  0.0265  0.0266  0.0266  0.0265  0.0265  0.0266  0.0265  0.0265  0.0264  0.0264
  0.0264  0.0264  0.0264  0.0264  0.0264  0.0264  0.0264  0.0264  0.0264  0.0264  0.0264  0.0264
  0.0265  0.0266  0.0265  0.0264  0.0265  0.0265  0.0265  0.0265  0.0265  0.0265  0.0264  0.0265
  0.0269  0.0269  0.0266  0.0266  0.0268  0.0268  0.0268  0.0269  0.0268  0.0269  0.0265  0.0266
  0.0274  0.0274  0.0269  0.0272  0.0273  0.0273  0.0273  0.0276  0.0272  0.0273  0.0267  0.0268
niter,ni,del,rscale     3    3    5.0000    0.6000
parameters
   -3.1359   36.5954    4.2112   -3.3616  -11.7442   -6.5465
    2.3598   -4.9380   -2.5337   17.4363   -1.1225  -12.9390
eta,q 0.97362  7.02600
  0.0272  0.0270  0.0268  0.0270  0.0271  0.0271  0.0271  0.0273  0.0269  0.0270  0.0266  0.0267
  0.0267  0.0266  0.0266  0.0267  0.0268  0.0267  0.0267  0.0268  0.0266  0.0267  0.0265  0.0265
  0.0265  0.0264  0.0264  0.0265  0.0265  0.0265  0.0265  0.0265  0.0264  0.0264  0.0264  0.0264
  0.0264  0.0264  0.0264  0.0264  0.0264  0.0264  0.0264  0.0264  0.0264  0.0264  0.0264  0.0264
  0.0265  0.0265  0.0264  0.0264  0.0264  0.0265  0.0265  0.0265  0.0264  0.0265  0.0264  0.0264
  0.0267  0.0267  0.0266  0.0266  0.0267  0.0267  0.0267  0.0268  0.0266  0.0267  0.0265  0.0265
  0.0271  0.0271  0.0268  0.0269  0.0271  0.0271  0.0271  0.0273  0.0269  0.0271  0.0266  0.0267
niter,ni,del,rscale     2    3    5.0000    0.5000
parameters
   -3.1323   36.5718    4.2097   -3.2112  -11.6833   -6.5422
    2.3534   -4.9031   -2.5553   17.3717   -1.0982  -12.9665
eta,q 0.97363  7.03259
  0.0269  0.0268  0.0267  0.0268  0.0269  0.0269  0.0269  0.0270  0.0268  0.0269  0.0265  0.0266
  0.0266  0.0266  0.0265  0.0266  0.0266  0.0266  0.0266  0.0267  0.0265  0.0266  0.0264  0.0264
  0.0264  0.0264  0.0264  0.0265  0.0264  0.0264  0.0264  0.0265  0.0264  0.0264  0.0264  0.0264
  0.0264  0.0264  0.0264  0.0264  0.0264  0.0264  0.0264  0.0264  0.0264  0.0264  0.0264  0.0264
  0.0264  0.0264  0.0264  0.0264  0.0264  0.0264  0.0264  0.0264  0.0264  0.0264  0.0264  0.0264
  0.0266  0.0266  0.0265  0.0265  0.0266  0.0266  0.0266  0.0266  0.0265  0.0266  0.0264  0.0265
  0.0269  0.0269  0.0267  0.0268  0.0269  0.0269  0.0269  0.0270  0.0268  0.0269  0.0265  0.0266
niter,ni,del,rscale     1    3    5.0000    0.4000
parameters
   -3.1327   36.5544    4.2024   -3.0980  -11.6380   -6.5612
    2.3472   -4.8726   -2.5654   17.3172   -1.0896  -12.9916
eta,q 0.97364  7.03677
  0.0267  0.0267  0.0265  0.0266  0.0267  0.0267  0.0267  0.0268  0.0266  0.0267  0.0265  0.0265
  0.0265  0.0265  0.0264  0.0265  0.0265  0.0265  0.0265  0.0266  0.0265  0.0265  0.0264  0.0264
  0.0264  0.0264  0.0264  0.0264  0.0264  0.0264  0.0264  0.0264  0.0264  0.0264  0.0264  0.0264
  0.0264  0.0264  0.0264  0.0264  0.0264  0.0264  0.0264  0.0264  0.0264  0.0264  0.0264  0.0264
  0.0264  0.0264  0.0264  0.0264  0.0264  0.0264  0.0264  0.0264  0.0264  0.0264  0.0264  0.0264
  0.0265  0.0265  0.0264  0.0265  0.0265  0.0265  0.0265  0.0265  0.0265  0.0265  0.0264  0.0264
  0.0267  0.0267  0.0266  0.0266  0.0267  0.0267  0.0267  0.0268  0.0266  0.0267  0.0265  0.0265
registration optimization eta report
parameter search radius
    0.8000    0.8000    0.8000    2.4000    2.4000    2.4000
    2.4000    2.4000    2.4000    2.4000    2.4000    2.4000
100000*second partial in parameter space
       55.       46.       29.        5.        6.        6.
        5.        7.        4.        6.        2.        2.
  0.0267  0.0267  0.0265  0.0266  0.0267  0.0267  0.0267  0.0268  0.0266  0.0267  0.0265  0.0265
  0.0265  0.0265  0.0264  0.0265  0.0265  0.0265  0.0265  0.0266  0.0265  0.0265  0.0264  0.0264
  0.0264  0.0264  0.0264  0.0264  0.0264  0.0264  0.0264  0.0264  0.0264  0.0264  0.0264  0.0264
  0.0264  0.0264  0.0264  0.0264  0.0264  0.0264  0.0264  0.0264  0.0264  0.0264  0.0264  0.0264
  0.0264  0.0264  0.0264  0.0264  0.0264  0.0264  0.0264  0.0264  0.0264  0.0264  0.0264  0.0264
  0.0265  0.0265  0.0264  0.0265  0.0265  0.0265  0.0265  0.0265  0.0265  0.0265  0.0264  0.0264
  0.0267  0.0267  0.0266  0.0266  0.0267  0.0267  0.0267  0.0268  0.0266  0.0267  0.0265  0.0265
   -3.1327   36.5544    4.2024   -3.0980  -11.6380   -6.5612
    2.3472   -4.8726   -2.5654   17.3172   -1.0896  -12.9916
eta,q 0.97364  7.03677

---------------------------------------------------------------------
imgreg_4dfp /opt/freesurfer/average/711-2C_as_mni_average_305 /opt/freesurfer/average/711-2B_as_mni_average_305_mask talsrcimg_g11 none talsrcimg_to_711-2C_as_mni_average_305_t4 2311
---------------------------------------------------------------------

freesurfer imgreg_4dfp.c
/opt/freesurfer/average/711-2C_as_mni_average_305.4dfp.img
       256       256       256         1
  1.000000  1.000000  1.000000
orientation T byte_order littleendian
Reading image: /opt/freesurfer/average/711-2C_as_mni_average_305.4dfp.img
dimensions:      256       256       256
mmppix:       1.0000   -1.0000   -1.0000
center:     128.0000 -129.0000 -129.0000
/opt/freesurfer/average/711-2B_as_mni_average_305_mask.4dfp.img
       256       256       256         1
  1.000000  1.000000  1.000000
orientation T byte_order littleendian
Reading mask: /opt/freesurfer/average/711-2B_as_mni_average_305_mask.4dfp.img (2306576 pixels)
talsrcimg_g11.4dfp.img
       256       256       256         1
  1.000000  1.000000  1.000000
orientation T byte_order littleendian
Reading image: talsrcimg_g11.4dfp.img
dimensions:      256       256       256
mmppix:       1.0000   -1.0000   -1.0000
center:     128.0000 -129.0000 -129.0000
fimgreg.f
image alignment mode   2311 decimal      907 hex
parameters
   -3.1327   36.5544    4.2024   -3.0980  -11.6380   -6.5612
    2.3472   -4.8726   -2.5654   17.3172   -1.0896  -12.9916
eta,q 0.97364  7.03677
niter,ni,del,rscale     5    3    5.0000    0.8000
parameters
   -3.1188   36.5555    4.2101   -3.6418  -11.6926   -6.6256
    2.3469   -4.9785   -2.5268   17.4976   -1.1505  -12.7299
eta,q 0.97360  7.01577
  0.0278  0.0275  0.0271  0.0272  0.0276  0.0276  0.0276  0.0280  0.0274  0.0277  0.0268  0.0270
  0.0270  0.0269  0.0267  0.0268  0.0270  0.0270  0.0269  0.0271  0.0268  0.0270  0.0266  0.0267
  0.0265  0.0265  0.0264  0.0265  0.0266  0.0265  0.0265  0.0266  0.0265  0.0265  0.0264  0.0265
  0.0264  0.0264  0.0264  0.0264  0.0264  0.0264  0.0264  0.0264  0.0264  0.0264  0.0264  0.0264
  0.0265  0.0265  0.0264  0.0265  0.0265  0.0266  0.0265  0.0266  0.0265  0.0265  0.0264  0.0265
  0.0270  0.0269  0.0267  0.0270  0.0270  0.0270  0.0269  0.0272  0.0268  0.0269  0.0266  0.0266
  0.0277  0.0275  0.0271  0.0279  0.0276  0.0277  0.0276  0.0282  0.0273  0.0275  0.0269  0.0269
niter,ni,del,rscale     4    3    5.0000    0.7000
parameters
   -3.1299   36.5760    4.2127   -3.5309  -11.7303   -6.5705
    2.3450   -4.9606   -2.5190   17.4406   -1.1077  -12.8327
eta,q 0.97361  7.01994
  0.0274  0.0273  0.0269  0.0271  0.0273  0.0274  0.0273  0.0277  0.0271  0.0273  0.0267  0.0268
  0.0268  0.0268  0.0266  0.0268  0.0268  0.0269  0.0268  0.0270  0.0267  0.0268  0.0265  0.0265
  0.0265  0.0265  0.0265  0.0265  0.0265  0.0265  0.0265  0.0266  0.0265  0.0265  0.0264  0.0264
  0.0264  0.0264  0.0264  0.0264  0.0264  0.0264  0.0264  0.0264  0.0264  0.0264  0.0264  0.0264
  0.0265  0.0265  0.0265  0.0264  0.0265  0.0265  0.0265  0.0265  0.0265  0.0265  0.0264  0.0265
  0.0269  0.0268  0.0266  0.0266  0.0269  0.0268  0.0268  0.0269  0.0267  0.0269  0.0265  0.0266
  0.0275  0.0273  0.0269  0.0272  0.0274  0.0273  0.0273  0.0277  0.0271  0.0273  0.0267  0.0268
niter,ni,del,rscale     3    3    5.0000    0.6000
parameters
   -3.1288   36.5707    4.2135   -3.3543  -11.7104   -6.5602
    2.3420   -4.9292   -2.5423   17.4017   -1.1191  -12.9018
eta,q 0.97362  7.02659
  0.0272  0.0270  0.0268  0.0270  0.0271  0.0271  0.0271  0.0273  0.0269  0.0271  0.0266  0.0267
  0.0267  0.0267  0.0266  0.0267  0.0267  0.0267  0.0267  0.0268  0.0266  0.0267  0.0265  0.0265
  0.0265  0.0264  0.0264  0.0265  0.0265  0.0265  0.0265  0.0265  0.0264  0.0264  0.0264  0.0264
  0.0264  0.0264  0.0264  0.0264  0.0264  0.0264  0.0264  0.0264  0.0264  0.0264  0.0264  0.0264
  0.0265  0.0265  0.0264  0.0264  0.0264  0.0265  0.0265  0.0265  0.0264  0.0265  0.0264  0.0264
  0.0267  0.0267  0.0266  0.0266  0.0267  0.0267  0.0267  0.0268  0.0266  0.0267  0.0265  0.0265
  0.0272  0.0270  0.0268  0.0269  0.0271  0.0271  0.0271  0.0273  0.0269  0.0271  0.0266  0.0267
niter,ni,del,rscale     2    3    5.0000    0.5000
parameters
   -3.1316   36.5623    4.2128   -3.2150  -11.6709   -6.5497
    2.3510   -4.8972   -2.5607   17.3535   -1.0875  -12.9648
eta,q 0.97363  7.03256
  0.0269  0.0268  0.0267  0.0268  0.0269  0.0269  0.0269  0.0270  0.0268  0.0269  0.0265  0.0266
  0.0266  0.0266  0.0265  0.0266  0.0266  0.0266  0.0266  0.0267  0.0265  0.0266  0.0264  0.0264
  0.0264  0.0264  0.0264  0.0265  0.0264  0.0264  0.0264  0.0265  0.0264  0.0264  0.0264  0.0264
  0.0264  0.0264  0.0264  0.0264  0.0264  0.0264  0.0264  0.0264  0.0264  0.0264  0.0264  0.0264
  0.0264  0.0264  0.0264  0.0264  0.0264  0.0264  0.0264  0.0264  0.0264  0.0264  0.0264  0.0264
  0.0266  0.0266  0.0265  0.0265  0.0266  0.0266  0.0266  0.0266  0.0265  0.0266  0.0264  0.0265
  0.0269  0.0268  0.0267  0.0268  0.0269  0.0269  0.0269  0.0270  0.0268  0.0269  0.0265  0.0266
niter,ni,del,rscale     1    3    5.0000    0.4000
parameters
   -3.1308   36.5518    4.2073   -3.0958  -11.6414   -6.5530
    2.3514   -4.8666   -2.5624   17.3173   -1.1011  -13.0000
eta,q 0.97364  7.03704
  0.0267  0.0267  0.0265  0.0267  0.0267  0.0267  0.0267  0.0268  0.0266  0.0267  0.0265  0.0265
  0.0265  0.0265  0.0264  0.0265  0.0265  0.0265  0.0265  0.0266  0.0265  0.0265  0.0264  0.0264
  0.0264  0.0264  0.0264  0.0264  0.0264  0.0264  0.0264  0.0264  0.0264  0.0264  0.0264  0.0264
  0.0264  0.0264  0.0264  0.0264  0.0264  0.0264  0.0264  0.0264  0.0264  0.0264  0.0264  0.0264
  0.0264  0.0264  0.0264  0.0264  0.0264  0.0264  0.0264  0.0264  0.0264  0.0264  0.0264  0.0264
  0.0265  0.0265  0.0264  0.0265  0.0265  0.0265  0.0265  0.0265  0.0265  0.0265  0.0264  0.0264
  0.0267  0.0267  0.0265  0.0266  0.0267  0.0267  0.0267  0.0268  0.0266  0.0267  0.0265  0.0265
registration optimization eta report
parameter search radius
    0.8000    0.8000    0.8000    2.4000    2.4000    2.4000
    2.4000    2.4000    2.4000    2.4000    2.4000    2.4000
100000*second partial in parameter space
       55.       46.       28.        5.        6.        6.
        5.        7.        4.        6.        2.        2.
  0.0267  0.0267  0.0265  0.0267  0.0267  0.0267  0.0267  0.0268  0.0266  0.0267  0.0265  0.0265
  0.0265  0.0265  0.0264  0.0265  0.0265  0.0265  0.0265  0.0266  0.0265  0.0265  0.0264  0.0264
  0.0264  0.0264  0.0264  0.0264  0.0264  0.0264  0.0264  0.0264  0.0264  0.0264  0.0264  0.0264
  0.0264  0.0264  0.0264  0.0264  0.0264  0.0264  0.0264  0.0264  0.0264  0.0264  0.0264  0.0264
  0.0264  0.0264  0.0264  0.0264  0.0264  0.0264  0.0264  0.0264  0.0264  0.0264  0.0264  0.0264
  0.0265  0.0265  0.0264  0.0265  0.0265  0.0265  0.0265  0.0265  0.0265  0.0265  0.0264  0.0264
  0.0267  0.0267  0.0265  0.0266  0.0267  0.0267  0.0267  0.0268  0.0266  0.0267  0.0265  0.0265
   -3.1308   36.5518    4.2073   -3.0958  -11.6414   -6.5530
    2.3514   -4.8666   -2.5624   17.3173   -1.1011  -13.0000
eta,q 0.97364  7.03704

---------------------------------------------------------------------
compute_vox2vox talsrcimg talsrcimg_to_711-2C_as_mni_average_305_t4 /opt/freesurfer/average/711-2C_as_mni_average_305
---------------------------------------------------------------------

freesurfer compute_vox2vox.c
Reading: talsrcimg.4dfp.ifh
Reading: talsrcimg_to_711-2C_as_mni_average_305_t4
Reading: /opt/freesurfer/average/711-2C_as_mni_average_305.4dfp.ifh
Writing: talsrcimg_to_711-2C_as_mni_average_305_t4_vox2vox.txt

start time Tue Mar 10 13:13:31 CET 2026
end		time Tue Mar 10 13:14:56 CET 2026

mpr2mni305 success

avi2talxfm orig_nu.mgz /opt/freesurfer/average/mni305.cor.mgz talsrcimg_to_711-2C_as_mni_average_305_t4_vox2vox.txt transforms/talairach.auto.xfm
avi2talxfm done
mv -f /out/sourcedata/freesurfer/sub-v2s0x30148_ses-1/mri/talsrcimg_to_711-2C_as_mni_average_305_t4_vox2vox.txt /out/sourcedata/freesurfer/sub-v2s0x30148_ses-1/mri/transforms/talsrcimg_to_711-2C_as_mni_average_305_t4_vox2vox.txt
lta_convert --src orig_nu.mgz --trg /opt/freesurfer/average/mni305.cor.mgz --inxfm transforms/talairach.auto.xfm --outlta transforms/talairach.auto.xfm.lta --subject fsaverage
7.3.2

--src: orig_nu.mgz src image (geometry).
--trg: /opt/freesurfer/average/mni305.cor.mgz trg image (geometry).
--inmni: transforms/talairach.auto.xfm input MNI/XFM transform.
--outlta: transforms/talairach.auto.xfm.lta output LTA.
--s: fsaverage subject name
 LTA read, type : 1
 1.03209   0.05728  -0.01904  -3.26524;
 0.01589   1.04261   0.15297  -47.48006;
 0.02682  -0.20268   1.10122  -10.57846;
 0.00000   0.00000   0.00000   1.00000;
setting subject to fsaverage
Writing  LTA to file transforms/talairach.auto.xfm.lta...
lta_convert successful.
 
 
Started at Tue Mar 10 13:13:30 CET 2026
Ended   at Tue Mar 10 13:14:56 CET 2026
talairach_avi done
