/out/sourcedata/freesurfer/sub-v2s0x29008_ses-1/mri
/opt/freesurfer/bin/talairach_avi
--i orig_nu.mgz --xfm transforms/talairach.auto.xfm
talairach_avi 7.3.2
Linux dna052 5.14.0-427.37.1.el9_4.x86_64 #1 SMP PREEMPT_DYNAMIC Fri Sep 13 12:41:50 EDT 2024 x86_64 x86_64 x86_64 GNU/Linux
Tue Mar 10 08:03:18 CET 2026
mri_convert orig_nu.mgz talsrcimg.img 
reading from orig_nu.mgz...
TR=0.00, TE=0.00, TI=0.00, flip angle=0.00
i_ras = (-1, 0, 0)
j_ras = (0, 0, -1)
k_ras = (0, 1, 0)
writing to talsrcimg.img...
Analyze Output Matrix
-1.00000   0.00000   0.00000   129.94670;
 0.00000   0.00000   1.00000  -87.19963;
 0.00000  -1.00000   0.00000   132.43022;
 0.00000   0.00000   0.00000   1.00000;
--------------------
INFO: set hdr.hist.orient to -1
mpr2mni305 talsrcimg
Tue Mar 10 08:03:18 CET 2026
/opt/freesurfer/bin/mpr2mni305 talsrcimg
mpr2mni305 7.3.2
target=711-2C_as_mni_average_305

---------------------------------------------------------------------
analyzeto4dfp talsrcimg -O0 -y
---------------------------------------------------------------------

freesurfer ifh2hdr.c
Tue Mar 10 08:03:18 2026
Writing: talsrcimg.4dfp.hdr
freesurfer analyzeto4dfp.c
Reading: talsrcimg.hdr
header size 348 bytes
hdr.dime.datatype	offset=70	value=2
hdr.dime.bitpix		offset=72	value=8
hdr.hist.orient		offset=252	value=-1
dimensionality     4
dimensions       256       256       256         1
Reading: talsrcimg.img
Writing: talsrcimg.4dfp.img
Writing: talsrcimg.4dfp.ifh
ifh2hdr talsrcimg -r0to248
ori=2

---------------------------------------------------------------------
gauss_4dfp talsrcimg 1.1
---------------------------------------------------------------------

freesurfer gauss_4dfp.c
Reading: talsrcimg.4dfp.img
Writing: talsrcimg_g11.4dfp.img
image dimensions 256 256 256 padded to 288 288 288
processing volume 1freesurfer ifh2hdr.c
Tue Mar 10 08:03:20 2026
Writing: talsrcimg_g11.4dfp.hdr

Writing: talsrcimg_g11.4dfp.ifh
including: talsrcimg.4dfp.img.rec in talsrcimg_g11.4dfp.img.rec

---------------------------------------------------------------------
imgreg_4dfp /opt/freesurfer/average/711-2C_as_mni_average_305 none talsrcimg_g11 none talsrcimg_to_711-2C_as_mni_average_305_t4 4355
---------------------------------------------------------------------

freesurfer imgreg_4dfp.c
/opt/freesurfer/average/711-2C_as_mni_average_305.4dfp.img
       256       256       256         1
  1.000000  1.000000  1.000000
orientation T byte_order littleendian
Reading image: /opt/freesurfer/average/711-2C_as_mni_average_305.4dfp.img
dimensions:      256       256       256
mmppix:       1.0000   -1.0000   -1.0000
center:     128.0000 -129.0000 -129.0000
talsrcimg_g11.4dfp.img
       256       256       256         1
  1.000000  1.000000  1.000000
orientation T byte_order littleendian
Reading image: talsrcimg_g11.4dfp.img
dimensions:      256       256       256
mmppix:       1.0000   -1.0000   -1.0000
center:     128.0000 -129.0000 -129.0000
t4_read: open error in t4_sub.f l:  41 t4_file(1:l)talsrcimg_to_711-2C_as_mni_average_305_t4 
t4_read: transform initialized to I4
rotation matrix determinant  1.000000
image alignment mode   4355 decimal     1103 hex
   -7.5000  -45.0000  -45.0000 6706.3564   12.0477
    0.0000  -45.0000  -45.0000 7001.6367   12.0563
    7.5000  -45.0000  -45.0000 6744.6416   12.0197
   -7.5000  -37.5000  -45.0000 7307.9561   11.8556
    0.0000  -37.5000  -45.0000 7655.9131   11.8677
    7.5000  -37.5000  -45.0000 7348.4932   11.8304
   -7.5000  -30.0000  -45.0000 8241.9258   11.7394
    0.0000  -30.0000  -45.0000 8645.7041   11.7568
    7.5000  -30.0000  -45.0000 8260.1602   11.7196
   -7.5000  -22.5000  -45.0000 9222.8184   11.7309
    0.0000  -22.5000  -45.0000 9672.8271   11.7499
    7.5000  -22.5000  -45.0000 9234.8516   11.7151
   -7.5000  -15.0000  -45.000010188.1270   11.7003
    0.0000  -15.0000  -45.000010678.1602   11.7166
    7.5000  -15.0000  -45.000010179.9209   11.6851
   -7.5000   -7.5000  -45.000011098.1592   11.6726
    0.0000   -7.5000  -45.000011649.3701   11.6840
    7.5000   -7.5000  -45.000011088.4355   11.6528
   -7.5000    0.0000  -45.000011844.5752   11.6716
    0.0000    0.0000  -45.000012445.5215   11.6802
    7.5000    0.0000  -45.000011837.5771   11.6465
   -7.5000    7.5000  -45.000011683.8525   11.7022
    0.0000    7.5000  -45.000012277.7305   11.7141
    7.5000    7.5000  -45.000011679.2217   11.6779
   -7.5000   15.0000  -45.000011371.4814   11.7339
    0.0000   15.0000  -45.000011962.6436   11.7513
    7.5000   15.0000  -45.000011371.6260   11.7141
   -7.5000   22.5000  -45.000011054.8291   11.7293
    0.0000   22.5000  -45.000011634.0801   11.7483
    7.5000   22.5000  -45.000011053.7500   11.7135
   -7.5000   30.0000  -45.000010733.7031   11.5444
    0.0000   30.0000  -45.000011299.0996   11.5604
    7.5000   30.0000  -45.000010731.1240   11.5294
   -7.5000   37.5000  -45.000010594.3018   11.5170
    0.0000   37.5000  -45.000011151.7246   11.5283
    7.5000   37.5000  -45.000010603.3125   11.4975
   -7.5000   45.0000  -45.000010053.6309   11.2236
    0.0000   45.0000  -45.000010587.5645   11.2319
    7.5000   45.0000  -45.000010086.9932   11.1995
   -7.5000  -45.0000  -37.5000 7049.5195   12.0610
    0.0000  -45.0000  -37.5000 7380.3389   12.0656
    7.5000  -45.0000  -37.5000 7091.0342   12.0279
   -7.5000  -37.5000  -37.5000 7707.1411   11.8711
    0.0000  -37.5000  -37.5000 8086.7666   11.8799
    7.5000  -37.5000  -37.5000 7746.1050   11.8412
   -7.5000  -30.0000  -37.5000 8691.1816   11.7524
    0.0000  -30.0000  -37.5000 9116.1631   11.7658
    7.5000  -30.0000  -37.5000 8716.2852   11.7267
   -7.5000  -22.5000  -37.5000 9739.2646   11.7395
    0.0000  -22.5000  -37.500010206.3555   11.7522
    7.5000  -22.5000  -37.5000 9750.6787   11.7153
   -7.5000  -15.0000  -37.500010741.7168   11.7065
    0.0000  -15.0000  -37.500011254.1846   11.7152
    7.5000  -15.0000  -37.500010741.8320   11.6817
   -7.5000   -7.5000  -37.500011716.8701   11.6810
    0.0000   -7.5000  -37.500012286.3496   11.6862
    7.5000   -7.5000  -37.500011719.7217   11.6536
   -7.5000    0.0000  -37.500012507.3008   11.6846
    0.0000    0.0000  -37.500013113.3955   11.6893
    7.5000    0.0000  -37.500012506.2588   11.6546
   -7.5000    7.5000  -37.500012315.8496   11.7174
    0.0000    7.5000  -37.500012922.1201   11.7262
    7.5000    7.5000  -37.500012291.9590   11.6886
   -7.5000   15.0000  -37.500011975.2061   11.7468
    0.0000   15.0000  -37.500012570.5264   11.7602
    7.5000   15.0000  -37.500011937.5391   11.7212
   -7.5000   22.5000  -37.500011622.0107   11.7379
    0.0000   22.5000  -37.500012222.9893   11.7506
    7.5000   22.5000  -37.500011605.0703   11.7137
   -7.5000   30.0000  -37.500011290.5381   11.5505
    0.0000   30.0000  -37.500011878.1670   11.5591
    7.5000   30.0000  -37.500011278.3154   11.5260
   -7.5000   37.5000  -37.500011124.4717   11.5254
    0.0000   37.5000  -37.500011700.6748   11.5305
    7.5000   37.5000  -37.500011137.6689   11.4983
   -7.5000   45.0000  -37.500010531.6504   11.2361
    0.0000   45.0000  -37.500011086.5410   11.2407
    7.5000   45.0000  -37.500010541.7305   11.2072
   -7.5000  -45.0000  -30.0000 7514.5967   12.5808
    0.0000  -45.0000  -30.0000 7866.5000   12.5837
    7.5000  -45.0000  -30.0000 7575.6558   12.5452
   -7.5000  -37.5000  -30.0000 8244.5635   12.3803
    0.0000  -37.5000  -30.0000 8628.0742   12.3884
    7.5000  -37.5000  -30.0000 8290.3438   12.3488
   -7.5000  -30.0000  -30.0000 9327.5088   12.2519
    0.0000  -30.0000  -30.0000 9748.5439   12.2636
    7.5000  -30.0000  -30.0000 9350.9834   12.2222
   -7.5000  -22.5000  -30.000010436.4893   12.2366
    0.0000  -22.5000  -30.000010910.8867   12.2450
    7.5000  -22.5000  -30.000010439.0205   12.2042
   -7.5000  -15.0000  -30.000011481.1514   12.2043
    0.0000  -15.0000  -30.000012019.5420   12.2072
    7.5000  -15.0000  -30.000011478.4932   12.1694
   -7.5000   -7.5000  -30.000012503.9521   12.1818
    0.0000   -7.5000  -30.000013098.1523   12.1830
    7.5000   -7.5000  -30.000012509.9795   12.1478
   -7.5000    0.0000  -30.000013355.1611   12.1877
    0.0000    0.0000  -30.000013994.9893   12.1909
    7.5000    0.0000  -30.000013364.4453   12.1555
   -7.5000    7.5000  -30.000013122.5469   12.2195
    0.0000    7.5000  -30.000013761.0889   12.2277
    7.5000    7.5000  -30.000013106.4600   12.1893
   -7.5000   15.0000  -30.000012783.7412   12.2461
    0.0000   15.0000  -30.000013414.0137   12.2577
    7.5000   15.0000  -30.000012747.8809   12.2164
   -7.5000   22.5000  -30.000012432.5771   12.2336
    0.0000   22.5000  -30.000013084.3604   12.2421
    7.5000   22.5000  -30.000012414.1475   12.2013
   -7.5000   30.0000  -30.000012057.3809   12.0428
    0.0000   30.0000  -30.000012691.0684   12.0457
    7.5000   30.0000  -30.000012047.6865   12.0084
   -7.5000   37.5000  -30.000011846.2490   12.0207
    0.0000   37.5000  -30.000012471.8027   12.0218
    7.5000   37.5000  -30.000011866.3408   11.9870
   -7.5000   45.0000  -30.000011148.4053   11.7285
    0.0000   45.0000  -30.000011738.5459   11.7316
    7.5000   45.0000  -30.000011188.8125   11.6976
   -7.5000  -45.0000  -22.5000 7985.3184   13.0046
    0.0000  -45.0000  -22.5000 8360.1211   13.0106
    7.5000  -45.0000  -22.5000 8046.8442   12.9737
   -7.5000  -37.5000  -22.5000 8779.4961   12.7924
    0.0000  -37.5000  -22.5000 9188.3438   12.8034
    7.5000  -37.5000  -22.5000 8818.4248   12.7656
   -7.5000  -30.0000  -22.5000 9922.7754   12.6586
    0.0000  -30.0000  -22.500010357.3447   12.6727
    7.5000  -30.0000  -22.5000 9935.9482   12.6319
   -7.5000  -22.5000  -22.500011074.8418   12.6469
    0.0000  -22.5000  -22.500011563.7998   12.6579
    7.5000  -22.5000  -22.500011072.2334   12.6158
   -7.5000  -15.0000  -22.500012165.5166   12.6184
    0.0000  -15.0000  -22.500012729.7881   12.6242
    7.5000  -15.0000  -22.500012165.3535   12.5846
   -7.5000   -7.5000  -22.500013253.9238   12.5959
    0.0000   -7.5000  -22.500013871.8916   12.6000
    7.5000   -7.5000  -22.500013265.3721   12.5647
   -7.5000    0.0000  -22.500014153.8027   12.5978
    0.0000    0.0000  -22.500014826.5732   12.6041
    7.5000    0.0000  -22.500014173.1426   12.5705
   -7.5000    7.5000  -22.500013906.3340   12.6259
    0.0000    7.5000  -22.500014572.7354   12.6369
    7.5000    7.5000  -22.500013907.4854   12.6005
   -7.5000   15.0000  -22.500013572.1582   12.6526
    0.0000   15.0000  -22.500014232.7148   12.6666
    7.5000   15.0000  -22.500013537.3955   12.6259
   -7.5000   22.5000  -22.500013251.7666   12.6430
    0.0000   22.5000  -22.500013922.6279   12.6540
    7.5000   22.5000  -22.500013207.8193   12.6119
   -7.5000   30.0000  -22.500012838.9307   12.4533
    0.0000   30.0000  -22.500013523.3604   12.4591
    7.5000   30.0000  -22.500012825.4326   12.4199
   -7.5000   37.5000  -22.500012578.2979   12.4311
    0.0000   37.5000  -22.500013240.4932   12.4352
    7.5000   37.5000  -22.500012597.5420   12.4003
   -7.5000   45.0000  -22.500011803.5029   12.1323
    0.0000   45.0000  -22.500012428.7119   12.1383
    7.5000   45.0000  -22.500011843.3838   12.1060
   -7.5000  -45.0000  -15.0000 8426.8672   13.2969
    0.0000  -45.0000  -15.0000 8809.4453   13.3073
    7.5000  -45.0000  -15.0000 8479.2109   13.2714
   -7.5000  -37.5000  -15.0000 9276.0986   13.0765
    0.0000  -37.5000  -15.0000 9691.1006   13.0909
    7.5000  -37.5000  -15.0000 9307.7480   13.0547
   -7.5000  -30.0000  -15.000010477.0771   12.9422
    0.0000  -30.0000  -15.000010923.1562   12.9607
    7.5000  -30.0000  -15.000010487.0342   12.9215
   -7.5000  -22.5000  -15.000011684.4658   12.9359
    0.0000  -22.5000  -15.000012183.8369   12.9538
    7.5000  -22.5000  -15.000011681.8135   12.9130
   -7.5000  -15.0000  -15.000012828.0439   12.9103
    0.0000  -15.0000  -15.000013373.5439   12.9244
    7.5000  -15.0000  -15.000012826.6230   12.8859
   -7.5000   -7.5000  -15.000013977.4150   12.8848
    0.0000   -7.5000  -15.000014552.9775   12.8956
    7.5000   -7.5000  -15.000013978.6582   12.8613
   -7.5000    0.0000  -15.000014959.9219   12.8809
    0.0000    0.0000  -15.000015624.4580   12.8914
    7.5000    0.0000  -15.000014978.6777   12.8591
   -7.5000    7.5000  -15.000014746.5342   12.9064
    0.0000    7.5000  -15.000015427.8291   12.9208
    7.5000    7.5000  -15.000014747.8564   12.8860
   -7.5000   15.0000  -15.000014420.1523   12.9360
    0.0000   15.0000  -15.000015084.3350   12.9545
    7.5000   15.0000  -15.000014357.6758   12.9154
   -7.5000   22.5000  -15.000014091.1240   12.9313
    0.0000   22.5000  -15.000014744.2002   12.9492
    7.5000   22.5000  -15.000013996.2734   12.9085
   -7.5000   30.0000  -15.000013654.1904   12.7432
    0.0000   30.0000  -15.000014341.5029   12.7571
    7.5000   30.0000  -15.000013592.4590   12.7192
   -7.5000   37.5000  -15.000013371.5479   12.7181
    0.0000   37.5000  -15.000014051.7207   12.7287
    7.5000   37.5000  -15.000013321.2607   12.6949
   -7.5000   45.0000  -15.000012493.9717   12.4124
    0.0000   45.0000  -15.000013160.4121   12.4226
    7.5000   45.0000  -15.000012461.7402   12.3914
   -7.5000  -45.0000   -7.5000 8835.3936   13.4448
    0.0000  -45.0000   -7.5000 9253.6523   13.4566
    7.5000  -45.0000   -7.5000 8868.9229   13.4186
   -7.5000  -37.5000   -7.5000 9724.7266   13.2242
    0.0000  -37.5000   -7.500010184.2334   13.2399
    7.5000  -37.5000   -7.5000 9732.6064   13.2016
   -7.5000  -30.0000   -7.500010985.2070   13.0923
    0.0000  -30.0000   -7.500011498.7217   13.1134
    7.5000  -30.0000   -7.500010980.2305   13.0738
   -7.5000  -22.5000   -7.500012262.1885   13.0868
    0.0000  -22.5000   -7.500012824.4912   13.1096
    7.5000  -22.5000   -7.500012228.2119   13.0706
   -7.5000  -15.0000   -7.500013452.2480   13.0586
    0.0000  -15.0000   -7.500014024.2852   13.0785
    7.5000  -15.0000   -7.500013411.4316   13.0425
   -7.5000   -7.5000   -7.500014695.5264   13.0296
    0.0000   -7.5000   -7.500015292.7646   13.0442
    7.5000   -7.5000   -7.500014648.7129   13.0102
   -7.5000    0.0000   -7.500015938.5625   13.0245
    0.0000    0.0000   -7.500016657.7539   13.0364
    7.5000    0.0000   -7.500015883.3262   13.0019
   -7.5000    7.5000   -7.500015927.0820   13.0528
    0.0000    7.5000   -7.500016765.7148   13.0682
    7.5000    7.5000   -7.500015821.0322   13.0313
   -7.5000   15.0000   -7.500015581.7852   13.0861
    0.0000   15.0000   -7.500016318.2168   13.1072
    7.5000   15.0000   -7.500015400.9395   13.0677
   -7.5000   22.5000   -7.500015100.5381   13.0807
    0.0000   22.5000   -7.500015786.7129   13.1035
    7.5000   22.5000   -7.500014898.5205   13.0646
   -7.5000   30.0000   -7.500014527.5498   12.8892
    0.0000   30.0000   -7.500015231.5508   12.9089
    7.5000   30.0000   -7.500014351.1709   12.8733
   -7.5000   37.5000   -7.500014186.4492   12.8606
    0.0000   37.5000   -7.500014928.9209   12.8751
    7.5000   37.5000   -7.500014039.6846   12.8414
   -7.5000   45.0000   -7.500013176.5371   12.5532
    0.0000   45.0000   -7.500013932.6553   12.5646
    7.5000   45.0000   -7.500013064.5547   12.5314
   -7.5000  -45.0000    0.0000 9178.1113   13.4792
    0.0000  -45.0000    0.0000 9608.5625   13.4889
    7.5000  -45.0000    0.0000 9182.3154   13.4479
   -7.5000  -37.5000    0.000010088.7979   13.2642
    0.0000  -37.5000    0.000010582.2646   13.2778
    7.5000  -37.5000    0.000010074.8018   13.2360
   -7.5000  -30.0000    0.000011386.1484   13.1343
    0.0000  -30.0000    0.000011945.9922   13.1538
    7.5000  -30.0000    0.000011359.9219   13.1122
   -7.5000  -22.5000    0.000012701.2744   13.1250
    0.0000  -22.5000    0.000013312.2393   13.1463
    7.5000  -22.5000    0.000012655.3027   13.1074
   -7.5000  -15.0000    0.000013931.8486   13.0909
    0.0000  -15.0000    0.000014620.5020   13.1092
    7.5000  -15.0000    0.000013876.4277   13.0740
   -7.5000   -7.5000    0.000015289.3926   13.0598
    0.0000   -7.5000    0.000016062.1074   13.0726
    7.5000   -7.5000    0.000015213.3340   13.0377
   -7.5000    0.0000    0.000016820.3828   13.0585
    0.0000    0.0000    0.000017934.4258   13.0681
    7.5000    0.0000    0.000016652.7305   13.0305
   -7.5000    7.5000    0.000017083.5957   13.0927
    0.0000    7.5000    0.000018321.2441   13.1060
    7.5000    7.5000    0.000016851.8789   13.0655
   -7.5000   15.0000    0.000016668.7207   13.1282
    0.0000   15.0000    0.000017655.9336   13.1476
    7.5000   15.0000    0.000016414.5723   13.1061
   -7.5000   22.5000    0.000015952.6963   13.1190
    0.0000   22.5000    0.000016742.6777   13.1402
    7.5000   22.5000    0.000015700.6113   13.1014
   -7.5000   30.0000    0.000015176.8330   12.9215
    0.0000   30.0000    0.000015888.0225   12.9395
    7.5000   30.0000    0.000014974.2578   12.9048
   -7.5000   37.5000    0.000014765.1064   12.8908
    0.0000   37.5000    0.000015503.7646   12.9034
    7.5000   37.5000    0.000014619.7236   12.8690
   -7.5000   45.0000    0.000013682.2607   12.5869
    0.0000   45.0000    0.000014418.9395   12.5962
    7.5000   45.0000    0.000013571.7373   12.5599
   -7.5000  -45.0000    7.5000 8724.7588   13.4966
    0.0000  -45.0000    7.5000 9156.2197   13.5017
    7.5000  -45.0000    7.5000 8701.2354   13.4596
   -7.5000  -37.5000    7.5000 9603.1689   13.2841
    0.0000  -37.5000    7.500010105.9775   13.2940
    7.5000  -37.5000    7.5000 9561.3311   13.2506
   -7.5000  -30.0000    7.500010847.6279   13.1513
    0.0000  -30.0000    7.500011409.2529   13.1662
    7.5000  -30.0000    7.500010782.7061   13.1225
   -7.5000  -22.5000    7.500012110.9609   13.1368
    0.0000  -22.5000    7.500012746.7598   13.1510
    7.5000  -22.5000    7.500012022.1221   13.1098
   -7.5000  -15.0000    7.500013356.2402   13.0999
    0.0000  -15.0000    7.500014066.6377   13.1096
    7.5000  -15.0000    7.500013219.2588   13.0721
   -7.5000   -7.5000    7.500014662.0498   13.0714
    0.0000   -7.5000    7.500015510.7979   13.0772
    7.5000   -7.5000    7.500014462.7510   13.0407
   -7.5000    0.0000    7.500015993.1162   13.0754
    0.0000    0.0000    7.500017114.5703   13.0806
    7.5000    0.0000    7.500015772.0879   13.0418
   -7.5000    7.5000    7.500016057.8203   13.1121
    0.0000    7.5000    7.500017222.4844   13.1220
    7.5000    7.5000    7.500015890.1514   13.0798
   -7.5000   15.0000    7.500015646.4834   13.1450
    0.0000   15.0000    7.500016641.1738   13.1600
    7.5000   15.0000    7.500015535.6631   13.1164
   -7.5000   22.5000    7.500015103.5527   13.1308
    0.0000   22.5000    7.500015940.4863   13.1450
    7.5000   22.5000    7.500014957.1982   13.1037
   -7.5000   30.0000    7.500014434.6396   12.9304
    0.0000   30.0000    7.500015209.3574   12.9399
    7.5000   30.0000    7.500014311.3721   12.9030
   -7.5000   37.5000    7.500014066.0010   12.9022
    0.0000   37.5000    7.500014777.2471   12.9080
    7.5000   37.5000    7.500013968.1104   12.8719
   -7.5000   45.0000    7.500013015.0557   12.6031
    0.0000   45.0000    7.500013674.2344   12.6082
    7.5000   45.0000    7.500012940.2441   12.5708
   -7.5000  -45.0000   15.0000 8113.2944   13.5101
    0.0000  -45.0000   15.0000 8504.8877   13.5132
    7.5000  -45.0000   15.0000 8107.2930   13.4719
   -7.5000  -37.5000   15.0000 8964.2090   13.2947
    0.0000  -37.5000   15.0000 9404.4922   13.3035
    7.5000  -37.5000   15.0000 8930.9326   13.2609
   -7.5000  -30.0000   15.000010163.4590   13.1569
    0.0000  -30.0000   15.000010632.0947   13.1694
    7.5000  -30.0000   15.000010095.2617   13.1250
   -7.5000  -22.5000   15.000011380.1377   13.1404
    0.0000  -22.5000   15.000011909.3809   13.1495
    7.5000  -22.5000   15.000011281.2588   13.1057
   -7.5000  -15.0000   15.000012531.4814   13.1057
    0.0000  -15.0000   15.000013109.2207   13.1089
    7.5000  -15.0000   15.000012422.8613   13.0683
   -7.5000   -7.5000   15.000013706.9492   13.0816
    0.0000   -7.5000   15.000014327.3916   13.0828
    7.5000   -7.5000   15.000013589.9482   13.0450
   -7.5000    0.0000   15.000014780.9727   13.0879
    0.0000    0.0000   15.000015509.6504   13.0913
    7.5000    0.0000   15.000014715.2520   13.0534
   -7.5000    7.5000   15.000014646.0830   13.1221
    0.0000    7.5000   15.000015287.9014   13.1309
    7.5000    7.5000   15.000014618.8779   13.0897
   -7.5000   15.0000   15.000014252.7471   13.1506
    0.0000   15.0000   15.000014812.4189   13.1631
    7.5000   15.0000   15.000014246.7227   13.1188
   -7.5000   22.5000   15.000013940.0195   13.1343
    0.0000   22.5000   15.000014527.6855   13.1435
    7.5000   22.5000   15.000013886.8740   13.0996
   -7.5000   30.0000   15.000013530.4492   12.9361
    0.0000   30.0000   15.000014158.5811   12.9392
    7.5000   30.0000   15.000013451.5537   12.8991
   -7.5000   37.5000   15.000013282.2236   12.9123
    0.0000   37.5000   15.000013921.8008   12.9135
    7.5000   37.5000   15.000013210.2012   12.8762
   -7.5000   45.0000   15.000012290.9121   12.6152
    0.0000   45.0000   15.000012896.6436   12.6185
    7.5000   45.0000   15.000012233.3398   12.5819
   -7.5000  -45.0000   22.5000 7470.8027   13.6308
    0.0000  -45.0000   22.5000 7810.1777   13.6369
    7.5000  -45.0000   22.5000 7482.6885   13.5980
   -7.5000  -37.5000   22.5000 8266.9824   13.4064
    0.0000  -37.5000   22.5000 8654.1260   13.4177
    7.5000  -37.5000   22.5000 8269.6357   13.3780
   -7.5000  -30.0000   22.5000 9408.1914   13.2653
    0.0000  -30.0000   22.5000 9825.2031   13.2798
    7.5000  -30.0000   22.5000 9365.6230   13.2369
   -7.5000  -22.5000   22.500010556.3721   13.2531
    0.0000  -22.5000   22.500011017.2637   13.2643
    7.5000  -22.5000   22.500010499.0879   13.2200
   -7.5000  -15.0000   22.500011602.1406   13.2227
    0.0000  -15.0000   22.500012116.1348   13.2286
    7.5000  -15.0000   22.500011564.1396   13.1869
   -7.5000   -7.5000   22.500012650.4111   13.1986
    0.0000   -7.5000   22.500013202.6006   13.2026
    7.5000   -7.5000   22.500012647.5811   13.1655
   -7.5000    0.0000   22.500013619.5371   13.2004
    0.0000    0.0000   22.500014210.7461   13.2067
    7.5000    0.0000   22.500013650.2480   13.1715
   -7.5000    7.5000   22.500013469.1826   13.2303
    0.0000    7.5000   22.500013944.7656   13.2416
    7.5000    7.5000   22.500013486.5293   13.2033
   -7.5000   15.0000   22.500013121.7334   13.2589
    0.0000   15.0000   22.500013542.5127   13.2734
    7.5000   15.0000   22.500013151.3945   13.2305
   -7.5000   22.5000   22.500012852.7031   13.2470
    0.0000   22.5000   22.500013309.4570   13.2582
    7.5000   22.5000   22.500012867.0410   13.2139
   -7.5000   30.0000   22.500012523.0215   13.0516
    0.0000   30.0000   22.500012998.7217   13.0574
    7.5000   30.0000   22.500012498.7207   13.0162
   -7.5000   37.5000   22.500012411.7334   13.0278
    0.0000   37.5000   22.500012904.7041   13.0318
    7.5000   37.5000   22.500012367.0166   12.9951
   -7.5000   45.0000   22.500011527.0898   12.7236
    0.0000   45.0000   22.500012015.2197   12.7298
    7.5000   45.0000   22.500011490.0410   12.6958
   -7.5000  -45.0000   30.0000 6918.8926   13.9301
    0.0000  -45.0000   30.0000 7236.2876   13.9410
    7.5000  -45.0000   30.0000 6938.4312   13.9022
   -7.5000  -37.5000   30.0000 7674.7534   13.6936
    0.0000  -37.5000   30.0000 8018.0166   13.7090
    7.5000  -37.5000   30.0000 7673.0220   13.6695
   -7.5000  -30.0000   30.0000 8718.7314   13.5461
    0.0000  -30.0000   30.0000 9100.5195   13.5660
    7.5000  -30.0000   30.0000 8709.8721   13.5233
   -7.5000  -22.5000   30.0000 9767.5127   13.5345
    0.0000  -22.5000   30.000010207.8516   13.5537
    7.5000  -22.5000   30.0000 9769.9854   13.5098
   -7.5000  -15.0000   30.000010746.9346   13.5048
    0.0000  -15.0000   30.000011235.5752   13.5199
    7.5000  -15.0000   30.000010777.2969   13.4788
   -7.5000   -7.5000   30.000011726.0986   13.4800
    0.0000   -7.5000   30.000012263.3760   13.4916
    7.5000   -7.5000   30.000011776.5205   13.4548
   -7.5000    0.0000   30.000012636.6279   13.4801
    0.0000    0.0000   30.000013181.6445   13.4912
    7.5000    0.0000   30.000012658.0664   13.4562
   -7.5000    7.5000   30.000012499.2158   13.5098
    0.0000    7.5000   30.000012960.1045   13.5250
    7.5000    7.5000   30.000012500.3984   13.4871
   -7.5000   15.0000   30.000012178.2227   13.5395
    0.0000   15.0000   30.000012605.7822   13.5593
    7.5000   15.0000   30.000012189.8633   13.5167
   -7.5000   22.5000   30.000011908.1904   13.5283
    0.0000   22.5000   30.000012340.1035   13.5475
    7.5000   22.5000   30.000011906.2188   13.5036
   -7.5000   30.0000   30.000011577.4766   13.3300
    0.0000   30.0000   30.000012008.9189   13.3449
    7.5000   30.0000   30.000011553.1846   13.3043
   -7.5000   37.5000   30.000011537.2285   13.3056
    0.0000   37.5000   30.000011989.2529   13.3169
    7.5000   37.5000   30.000011501.0186   13.2806
   -7.5000   45.0000   30.000010735.5449   12.9933
    0.0000   45.0000   30.000011176.2998   13.0040
    7.5000   45.0000   30.000010714.5576   12.9703
   -7.5000  -45.0000   37.5000 6661.6865   14.3271
    0.0000  -45.0000   37.5000 6962.9287   14.3411
    7.5000  -45.0000   37.5000 6677.6284   14.2984
   -7.5000  -37.5000   37.5000 7374.4775   14.0783
    0.0000  -37.5000   37.5000 7708.4023   14.0968
    7.5000  -37.5000   37.5000 7382.0352   14.0538
   -7.5000  -30.0000   37.5000 8356.3682   13.9198
    0.0000  -30.0000   37.5000 8752.7510   13.9446
    7.5000  -30.0000   37.5000 8380.3447   13.9005
   -7.5000  -22.5000   37.5000 9381.6191   13.9032
    0.0000  -22.5000   37.5000 9820.6621   13.9299
    7.5000  -22.5000   37.5000 9398.9863   13.8869
   -7.5000  -15.0000   37.500010338.5889   13.8705
    0.0000  -15.0000   37.500010835.8506   13.8937
    7.5000  -15.0000   37.500010368.6611   13.8543
   -7.5000   -7.5000   37.500011294.6270   13.8473
    0.0000   -7.5000   37.500011839.7773   13.8643
    7.5000   -7.5000   37.500011324.9336   13.8267
   -7.5000    0.0000   37.500012148.8301   13.8518
    0.0000    0.0000   37.500012694.5166   13.8657
    7.5000    0.0000   37.500012138.2578   13.8271
   -7.5000    7.5000   37.500012017.7510   13.8845
    0.0000    7.5000   37.500012508.5791   13.9027
    7.5000    7.5000   37.500011988.9971   13.8613
   -7.5000   15.0000   37.500011701.5586   13.9128
    0.0000   15.0000   37.500012161.0127   13.9376
    7.5000   15.0000   37.500011687.1348   13.8936
   -7.5000   22.5000   37.500011419.3340   13.8968
    0.0000   22.5000   37.500011859.3242   13.9235
    7.5000   22.5000   37.500011400.5967   13.8805
   -7.5000   30.0000   37.500011107.0264   13.6910
    0.0000   30.0000   37.500011528.8281   13.7139
    7.5000   30.0000   37.500011069.1143   13.6750
   -7.5000   37.5000   37.500011099.6719   13.6681
    0.0000   37.5000   37.500011529.2637   13.6849
    7.5000   37.5000   37.500011065.0107   13.6478
   -7.5000   45.0000   37.500010336.2852   13.3515
    0.0000   45.0000   37.500010778.3037   13.3649
    7.5000   45.0000   37.500010308.2148   13.3277
   -7.5000  -45.0000   45.0000 6087.4541   14.7480
    0.0000  -45.0000   45.0000 6363.9883   14.7618
    7.5000  -45.0000   45.0000 6106.2358   14.7167
   -7.5000  -37.5000   45.0000 6735.8560   14.4881
    0.0000  -37.5000   45.0000 7034.7964   14.5067
    7.5000  -37.5000   45.0000 6749.4229   14.4602
   -7.5000  -30.0000   45.0000 7640.7949   14.3161
    0.0000  -30.0000   45.0000 8001.5742   14.3415
    7.5000  -30.0000   45.0000 7660.0771   14.2952
   -7.5000  -22.5000   45.0000 8602.2188   14.2902
    0.0000  -22.5000   45.0000 9013.6357   14.3174
    7.5000  -22.5000   45.0000 8605.4326   14.2746
   -7.5000  -15.0000   45.0000 9478.6943   14.2503
    0.0000  -15.0000   45.0000 9962.5479   14.2736
    7.5000  -15.0000   45.0000 9502.6660   14.2356
   -7.5000   -7.5000   45.000010348.2354   14.2290
    0.0000   -7.5000   45.000010859.9404   14.2460
    7.5000   -7.5000   45.000010372.6807   14.2083
   -7.5000    0.0000   45.000011116.5059   14.2425
    0.0000    0.0000   45.000011632.6484   14.2561
    7.5000    0.0000   45.000011105.5596   14.2150
   -7.5000    7.5000   45.000010994.2627   14.2823
    0.0000    7.5000   45.000011472.4492   14.3005
    7.5000    7.5000   45.000010958.3701   14.2556
   -7.5000   15.0000   45.000010717.9893   14.3087
    0.0000   15.0000   45.000011160.7305   14.3341
    7.5000   15.0000   45.000010681.9766   14.2879
   -7.5000   22.5000   45.000010424.6875   14.2836
    0.0000   22.5000   45.000010838.1191   14.3107
    7.5000   22.5000   45.000010402.2627   14.2680
   -7.5000   30.0000   45.000010143.0107   14.0647
    0.0000   30.0000   45.000010541.2930   14.0876
    7.5000   30.0000   45.000010106.8604   14.0502
   -7.5000   37.5000   45.000010165.0498   14.0437
    0.0000   37.5000   45.000010593.6143   14.0604
    7.5000   37.5000   45.000010137.6250   14.0232
   -7.5000   45.0000   45.0000 9473.4727   13.7344
    0.0000   45.0000   45.0000 9884.9404   13.7475
    7.5000   45.0000   45.0000 9431.2588   13.7079

---------------------------------------------------------------------
imgreg_4dfp /opt/freesurfer/average/711-2C_as_mni_average_305 /opt/freesurfer/average/711-2B_as_mni_average_305_mask talsrcimg_g11 none talsrcimg_to_711-2C_as_mni_average_305_t4 4355
---------------------------------------------------------------------

freesurfer imgreg_4dfp.c
/opt/freesurfer/average/711-2C_as_mni_average_305.4dfp.img
       256       256       256         1
  1.000000  1.000000  1.000000
orientation T byte_order littleendian
Reading image: /opt/freesurfer/average/711-2C_as_mni_average_305.4dfp.img
dimensions:      256       256       256
mmppix:       1.0000   -1.0000   -1.0000
center:     128.0000 -129.0000 -129.0000
/opt/freesurfer/average/711-2B_as_mni_average_305_mask.4dfp.img
       256       256       256         1
  1.000000  1.000000  1.000000
orientation T byte_order littleendian
Reading mask: /opt/freesurfer/average/711-2B_as_mni_average_305_mask.4dfp.img (2306576 pixels)
talsrcimg_g11.4dfp.img
       256       256       256         1
  1.000000  1.000000  1.000000
orientation T byte_order littleendian
Reading image: talsrcimg_g11.4dfp.img
dimensions:      256       256       256
mmppix:       1.0000   -1.0000   -1.0000
center:     128.0000 -129.0000 -129.0000
rotation matrix determinant  1.000000
image alignment mode   4355 decimal     1103 hex
   -7.5000  -37.5000  -45.0000 1964.8605   14.9287
    0.0000  -37.5000  -45.0000 1983.4150   14.8724
    7.5000  -37.5000  -45.0000 1970.9552   14.8062
   -7.5000  -30.0000  -45.0000 2088.2251   13.4236
    0.0000  -30.0000  -45.0000 2107.6206   13.3866
    7.5000  -30.0000  -45.0000 2091.3770   13.2916
   -7.5000  -22.5000  -45.0000 2199.5203   12.1609
    0.0000  -22.5000  -45.0000 2218.4524   12.1366
    7.5000  -22.5000  -45.0000 2205.5989   12.0556
   -7.5000  -15.0000  -45.0000 2297.1526   11.1804
    0.0000  -15.0000  -45.0000 2313.4253   11.1521
    7.5000  -15.0000  -45.0000 2297.8291   11.0943
   -7.5000   -7.5000  -45.0000 2370.2419   10.4442
    0.0000   -7.5000  -45.0000 2386.3149   10.3995
    7.5000   -7.5000  -45.0000 2365.8003   10.3888
   -7.5000    0.0000  -45.0000 2405.2251    9.9683
    0.0000    0.0000  -45.0000 2425.3452    9.9334
    7.5000    0.0000  -45.0000 2404.5400    9.9095
   -7.5000    7.5000  -45.0000 2432.0911    9.6737
    0.0000    7.5000  -45.0000 2455.7480    9.6402
    7.5000    7.5000  -45.0000 2433.6829    9.6365
   -7.5000   15.0000  -45.0000 2436.5964    9.6109
    0.0000   15.0000  -45.0000 2459.5676    9.5743
    7.5000   15.0000  -45.0000 2440.5605    9.5682
   -7.5000   22.5000  -45.0000 2411.8684    9.8069
    0.0000   22.5000  -45.0000 2440.1340    9.7889
    7.5000   22.5000  -45.0000 2416.5479    9.8068
   -7.5000   30.0000  -45.0000 2368.6252   10.2718
    0.0000   30.0000  -45.0000 2399.8025   10.2368
    7.5000   30.0000  -45.0000 2375.9353   10.2655
   -7.5000   37.5000  -45.0000 2317.6987   10.8561
    0.0000   37.5000  -45.0000 2346.3208   10.8185
    7.5000   37.5000  -45.0000 2325.1709   10.8732
   -7.5000   45.0000  -45.0000 2247.5410   11.6353
    0.0000   45.0000  -45.0000 2273.2710   11.5855
    7.5000   45.0000  -45.0000 2254.4800   11.6607
   -7.5000   52.5000  -45.0000 2139.0815   12.6025
    0.0000   52.5000  -45.0000 2155.7703   12.5373
    7.5000   52.5000  -45.0000 2138.4583   12.6394
   -7.5000  -37.5000  -37.5000 2019.9222   14.1885
    0.0000  -37.5000  -37.5000 2038.3241   14.1042
    7.5000  -37.5000  -37.5000 2024.9612   14.0199
   -7.5000  -30.0000  -37.5000 2148.7480   12.7107
    0.0000  -30.0000  -37.5000 2167.4019   12.6502
    7.5000  -30.0000  -37.5000 2152.9866   12.5682
   -7.5000  -22.5000  -37.5000 2264.6819   11.5034
    0.0000  -22.5000  -37.5000 2285.2634   11.4771
    7.5000  -22.5000  -37.5000 2273.0942   11.3873
   -7.5000  -15.0000  -37.5000 2361.8477   10.5306
    0.0000  -15.0000  -37.5000 2382.0427   10.4768
    7.5000  -15.0000  -37.5000 2369.2771   10.4320
   -7.5000   -7.5000  -37.5000 2444.4075    9.8222
    0.0000   -7.5000  -37.5000 2464.6121    9.7755
    7.5000   -7.5000  -37.5000 2446.4014    9.7298
   -7.5000    0.0000  -37.5000 2491.1328    9.3349
    0.0000    0.0000  -37.5000 2507.6536    9.2952
    7.5000    0.0000  -37.5000 2494.1001    9.2738
   -7.5000    7.5000  -37.5000 2525.4932    9.0533
    0.0000    7.5000  -37.5000 2545.9128    9.0080
    7.5000    7.5000  -37.5000 2524.5264    9.0133
   -7.5000   15.0000  -37.5000 2534.0852    8.9777
    0.0000   15.0000  -37.5000 2552.8970    8.9452
    7.5000   15.0000  -37.5000 2530.3328    8.9465
   -7.5000   22.5000  -37.5000 2507.2612    9.1375
    0.0000   22.5000  -37.5000 2534.8379    9.1067
    7.5000   22.5000  -37.5000 2513.7319    9.1364
   -7.5000   30.0000  -37.5000 2466.7344    9.5528
    0.0000   30.0000  -37.5000 2496.6079    9.5038
    7.5000   30.0000  -37.5000 2473.2937    9.5574
   -7.5000   37.5000  -37.5000 2411.6943   10.1022
    0.0000   37.5000  -37.5000 2439.3643   10.0562
    7.5000   37.5000  -37.5000 2419.7900   10.1114
   -7.5000   45.0000  -37.5000 2335.1641   10.8271
    0.0000   45.0000  -37.5000 2360.7190   10.7719
    7.5000   45.0000  -37.5000 2341.5210   10.8491
   -7.5000   52.5000  -37.5000 2217.8704   11.7435
    0.0000   52.5000  -37.5000 2242.2615   11.6915
    7.5000   52.5000  -37.5000 2222.6089   11.7642
   -7.5000  -37.5000  -30.0000 2099.3054   14.0638
    0.0000  -37.5000  -30.0000 2118.7568   13.9392
    7.5000  -37.5000  -30.0000 2110.9766   13.8934
   -7.5000  -30.0000  -30.0000 2238.7649   12.5635
    0.0000  -30.0000  -30.0000 2257.2542   12.4405
    7.5000  -30.0000  -30.0000 2249.3687   12.3978
   -7.5000  -22.5000  -30.0000 2360.5610   11.2902
    0.0000  -22.5000  -30.0000 2383.2136   11.1898
    7.5000  -22.5000  -30.0000 2370.1655   11.1556
   -7.5000  -15.0000  -30.0000 2461.4128   10.2973
    0.0000  -15.0000  -30.0000 2483.2300   10.2086
    7.5000  -15.0000  -30.0000 2470.0076   10.1750
   -7.5000   -7.5000  -30.0000 2548.5513    9.5862
    0.0000   -7.5000  -30.0000 2571.9736    9.5137
    7.5000   -7.5000  -30.0000 2560.4614    9.4807
   -7.5000    0.0000  -30.0000 2605.0190    9.0891
    0.0000    0.0000  -30.0000 2625.7390    9.0227
    7.5000    0.0000  -30.0000 2616.7832    9.0044
   -7.5000    7.5000  -30.0000 2648.7151    8.7904
    0.0000    7.5000  -30.0000 2672.8381    8.7259
    7.5000    7.5000  -30.0000 2654.0864    8.7320
   -7.5000   15.0000  -30.0000 2669.7571    8.7035
    0.0000   15.0000  -30.0000 2689.1677    8.6588
    7.5000   15.0000  -30.0000 2668.3457    8.6689
   -7.5000   22.5000  -30.0000 2653.2271    8.8419
    0.0000   22.5000  -30.0000 2680.6824    8.7981
    7.5000   22.5000  -30.0000 2658.8003    8.8316
   -7.5000   30.0000  -30.0000 2612.2637    9.2476
    0.0000   30.0000  -30.0000 2641.0068    9.1741
    7.5000   30.0000  -30.0000 2618.9878    9.2370
   -7.5000   37.5000  -30.0000 2549.4795    9.7809
    0.0000   37.5000  -30.0000 2576.2393    9.7154
    7.5000   37.5000  -30.0000 2557.6372    9.7605
   -7.5000   45.0000  -30.0000 2462.8118   10.4895
    0.0000   45.0000  -30.0000 2488.7842   10.4206
    7.5000   45.0000  -30.0000 2469.5459   10.4786
   -7.5000   52.5000  -30.0000 2335.7588   11.3792
    0.0000   52.5000  -30.0000 2357.0540   11.3065
    7.5000   52.5000  -30.0000 2340.0916   11.3528
   -7.5000  -37.5000  -22.5000 2149.4570   13.8804
    0.0000  -37.5000  -22.5000 2170.0415   13.6910
    7.5000  -37.5000  -22.5000 2162.6902   13.6875
   -7.5000  -30.0000  -22.5000 2291.8823   12.3348
    0.0000  -30.0000  -22.5000 2310.3020   12.1619
    7.5000  -30.0000  -22.5000 2303.5837   12.1460
   -7.5000  -22.5000  -22.5000 2413.0842   11.0260
    0.0000  -22.5000  -22.5000 2435.5432   10.8627
    7.5000  -22.5000  -22.5000 2427.5476   10.8735
   -7.5000  -15.0000  -22.5000 2518.6343   10.0191
    0.0000  -15.0000  -22.5000 2543.0007    9.8918
    7.5000  -15.0000  -22.5000 2533.3086    9.8883
   -7.5000   -7.5000  -22.5000 2617.9653    9.2858
    0.0000   -7.5000  -22.5000 2644.4399    9.1717
    7.5000   -7.5000  -22.5000 2636.9272    9.1731
   -7.5000    0.0000  -22.5000 2690.7520    8.7814
    0.0000    0.0000  -22.5000 2714.9988    8.6998
    7.5000    0.0000  -22.5000 2708.6123    8.7138
   -7.5000    7.5000  -22.5000 2742.1641    8.4757
    0.0000    7.5000  -22.5000 2766.9541    8.3916
    7.5000    7.5000  -22.5000 2755.5994    8.4223
   -7.5000   15.0000  -22.5000 2770.7632    8.3654
    0.0000   15.0000  -22.5000 2794.5862    8.2978
    7.5000   15.0000  -22.5000 2773.8337    8.3404
   -7.5000   22.5000  -22.5000 2768.5298    8.5334
    0.0000   22.5000  -22.5000 2794.5186    8.4572
    7.5000   22.5000  -22.5000 2773.6538    8.5086
   -7.5000   30.0000  -22.5000 2727.9136    8.9144
    0.0000   30.0000  -22.5000 2756.3547    8.8436
    7.5000   30.0000  -22.5000 2734.9888    8.8915
   -7.5000   37.5000  -22.5000 2661.6970    9.4128
    0.0000   37.5000  -22.5000 2686.8752    9.3341
    7.5000   37.5000  -22.5000 2667.4631    9.3995
   -7.5000   45.0000  -22.5000 2569.6482   10.0985
    0.0000   45.0000  -22.5000 2588.8579   10.0234
    7.5000   45.0000  -22.5000 2574.6934   10.1017
   -7.5000   52.5000  -22.5000 2427.8201   10.9474
    0.0000   52.5000  -22.5000 2448.0459   10.8616
    7.5000   52.5000  -22.5000 2434.2378   10.9364
   -7.5000  -37.5000  -15.0000 2162.5881   13.7874
    0.0000  -37.5000  -15.0000 2182.3105   13.5366
    7.5000  -37.5000  -15.0000 2173.6384   13.5617
   -7.5000  -30.0000  -15.0000 2308.7297   12.1613
    0.0000  -30.0000  -15.0000 2323.1350   11.9353
    7.5000  -30.0000  -15.0000 2317.3933   11.9910
   -7.5000  -22.5000  -15.0000 2431.1938   10.8265
    0.0000  -22.5000  -15.0000 2446.1221   10.6291
    7.5000  -22.5000  -15.0000 2444.1458   10.6892
   -7.5000  -15.0000  -15.0000 2538.9851    9.8171
    0.0000  -15.0000  -15.0000 2558.0081    9.6323
    7.5000  -15.0000  -15.0000 2556.7939    9.6951
   -7.5000   -7.5000  -15.0000 2651.7837    9.0752
    0.0000   -7.5000  -15.0000 2673.3018    8.8953
    7.5000   -7.5000  -15.0000 2673.5505    8.9721
   -7.5000    0.0000  -15.0000 2739.7410    8.5505
    0.0000    0.0000  -15.0000 2763.2388    8.4054
    7.5000    0.0000  -15.0000 2759.2590    8.4803
   -7.5000    7.5000  -15.0000 2801.2095    8.2472
    0.0000    7.5000  -15.0000 2826.4009    8.1252
    7.5000    7.5000  -15.0000 2817.0120    8.2001
   -7.5000   15.0000  -15.0000 2841.9062    8.1251
    0.0000   15.0000  -15.0000 2867.0413    7.9965
    7.5000   15.0000  -15.0000 2843.9429    8.1049
   -7.5000   22.5000  -15.0000 2849.9939    8.2705
    0.0000   22.5000  -15.0000 2869.0916    8.1599
    7.5000   22.5000  -15.0000 2845.9092    8.2527
   -7.5000   30.0000  -15.0000 2801.8115    8.6274
    0.0000   30.0000  -15.0000 2826.4016    8.5150
    7.5000   30.0000  -15.0000 2807.1477    8.6015
   -7.5000   37.5000  -15.0000 2729.4148    9.1111
    0.0000   37.5000  -15.0000 2753.4631    8.9978
    7.5000   37.5000  -15.0000 2733.8071    9.1012
   -7.5000   45.0000  -15.0000 2633.0691    9.7440
    0.0000   45.0000  -15.0000 2655.0378    9.6298
    7.5000   45.0000  -15.0000 2635.8940    9.7448
   -7.5000   52.5000  -15.0000 2486.4355   10.5779
    0.0000   52.5000  -15.0000 2510.7014   10.4499
    7.5000   52.5000  -15.0000 2489.7480   10.5867
   -7.5000  -37.5000   -7.5000 2152.9451   13.7173
    0.0000  -37.5000   -7.5000 2169.6143   13.4930
    7.5000  -37.5000   -7.5000 2166.5081   13.4783
   -7.5000  -30.0000   -7.5000 2297.1392   12.0581
    0.0000  -30.0000   -7.5000 2312.2881   11.8690
    7.5000  -30.0000   -7.5000 2309.5837   11.8841
   -7.5000  -22.5000   -7.5000 2422.5640   10.7302
    0.0000  -22.5000   -7.5000 2437.4346   10.5435
    7.5000  -22.5000   -7.5000 2434.9846   10.5822
   -7.5000  -15.0000   -7.5000 2535.4722    9.7272
    0.0000  -15.0000   -7.5000 2549.4385    9.5444
    7.5000  -15.0000   -7.5000 2551.4585    9.5895
   -7.5000   -7.5000   -7.5000 2659.8630    9.0050
    0.0000   -7.5000   -7.5000 2673.8120    8.8190
    7.5000   -7.5000   -7.5000 2676.0645    8.8725
   -7.5000    0.0000   -7.5000 2765.5139    8.5018
    0.0000    0.0000   -7.5000 2782.7151    8.3573
    7.5000    0.0000   -7.5000 2781.9255    8.4044
   -7.5000    7.5000   -7.5000 2845.8213    8.2245
    0.0000    7.5000   -7.5000 2873.1746    8.1160
    7.5000    7.5000   -7.5000 2860.4197    8.1462
   -7.5000   15.0000   -7.5000 2895.8521    8.0512
    0.0000   15.0000   -7.5000 2926.9290    7.9354
    7.5000   15.0000   -7.5000 2895.0054    8.0116
   -7.5000   22.5000   -7.5000 2900.5757    8.1283
    0.0000   22.5000   -7.5000 2928.2263    7.9960
    7.5000   22.5000   -7.5000 2892.7815    8.0947
   -7.5000   30.0000   -7.5000 2846.2883    8.3961
    0.0000   30.0000   -7.5000 2868.5061    8.3010
    7.5000   30.0000   -7.5000 2843.6233    8.3818
   -7.5000   37.5000   -7.5000 2770.6792    8.8372
    0.0000   37.5000   -7.5000 2796.1521    8.7133
    7.5000   37.5000   -7.5000 2776.0498    8.8195
   -7.5000   45.0000   -7.5000 2668.2419    9.4877
    0.0000   45.0000   -7.5000 2690.6821    9.3686
    7.5000   45.0000   -7.5000 2671.4319    9.4827
   -7.5000   52.5000   -7.5000 2521.9507   10.3401
    0.0000   52.5000   -7.5000 2539.6919   10.2284
    7.5000   52.5000   -7.5000 2523.5220   10.3340
   -7.5000  -37.5000    0.0000 2136.0498   13.9122
    0.0000  -37.5000    0.0000 2148.9993   13.6846
    7.5000  -37.5000    0.0000 2149.5852   13.6316
   -7.5000  -30.0000    0.0000 2275.7456   12.1677
    0.0000  -30.0000    0.0000 2282.3254   11.9853
    7.5000  -30.0000    0.0000 2288.1936   11.9758
   -7.5000  -22.5000    0.0000 2406.7363   10.8189
    0.0000  -22.5000    0.0000 2413.2209   10.6627
    7.5000  -22.5000    0.0000 2415.7175   10.6565
   -7.5000  -15.0000    0.0000 2527.2603    9.8142
    0.0000  -15.0000    0.0000 2540.0203    9.6843
    7.5000  -15.0000    0.0000 2536.1479    9.6661
   -7.5000   -7.5000    0.0000 2659.0405    9.0966
    0.0000   -7.5000    0.0000 2675.9751    8.9873
    7.5000   -7.5000    0.0000 2669.1707    8.9708
   -7.5000    0.0000    0.0000 2780.3115    8.6360
    0.0000    0.0000    0.0000 2805.1958    8.5782
    7.5000    0.0000    0.0000 2784.2786    8.5283
   -7.5000    7.5000    0.0000 2878.1589    8.3981
    0.0000    7.5000    0.0000 2916.8677    8.3901
    7.5000    7.5000    0.0000 2882.1082    8.2846
   -7.5000   15.0000    0.0000 2935.6140    8.1838
    0.0000   15.0000    0.0000 2982.4250    8.1304
    7.5000   15.0000    0.0000 2927.1763    8.1126
   -7.5000   22.5000    0.0000 2934.7920    8.0972
    0.0000   22.5000    0.0000 2969.9951    7.9784
    7.5000   22.5000    0.0000 2922.7759    8.0697
   -7.5000   30.0000    0.0000 2868.5229    8.2888
    0.0000   30.0000    0.0000 2887.0996    8.1577
    7.5000   30.0000    0.0000 2860.6243    8.2970
   -7.5000   37.5000    0.0000 2786.7749    8.7021
    0.0000   37.5000    0.0000 2808.9932    8.5934
    7.5000   37.5000    0.0000 2787.4192    8.6984
   -7.5000   45.0000    0.0000 2681.8027    9.3593
    0.0000   45.0000    0.0000 2700.8679    9.2834
    7.5000   45.0000    0.0000 2681.9385    9.3613
   -7.5000   52.5000    0.0000 2534.1631   10.2090
    0.0000   52.5000    0.0000 2552.8826   10.1546
    7.5000   52.5000    0.0000 2532.3794   10.2059
   -7.5000  -37.5000    7.5000 2111.2368   14.2983
    0.0000  -37.5000    7.5000 2127.3933   14.1043
    7.5000  -37.5000    7.5000 2118.1001   14.0135
   -7.5000  -30.0000    7.5000 2250.6011   12.4809
    0.0000  -30.0000    7.5000 2263.6833   12.3502
    7.5000  -30.0000    7.5000 2256.6433   12.3094
   -7.5000  -22.5000    7.5000 2383.1162   11.0885
    0.0000  -22.5000    7.5000 2396.8982   10.9954
    7.5000  -22.5000    7.5000 2385.9670   10.9465
   -7.5000  -15.0000    7.5000 2513.7615   10.0696
    0.0000  -15.0000    7.5000 2529.6155   10.0018
    7.5000  -15.0000    7.5000 2514.5066    9.9579
   -7.5000   -7.5000    7.5000 2650.5278    9.3420
    0.0000   -7.5000    7.5000 2672.9880    9.2847
    7.5000   -7.5000    7.5000 2650.1294    9.2368
   -7.5000    0.0000    7.5000 2769.5327    8.8561
    0.0000    0.0000    7.5000 2798.2256    8.8386
    7.5000    0.0000    7.5000 2765.8872    8.7583
   -7.5000    7.5000    7.5000 2870.5215    8.5474
    0.0000    7.5000    7.5000 2912.4226    8.5511
    7.5000    7.5000    7.5000 2865.1907    8.4593
   -7.5000   15.0000    7.5000 2931.0105    8.2589
    0.0000   15.0000    7.5000 2974.7129    8.2330
    7.5000   15.0000    7.5000 2915.0010    8.2583
   -7.5000   22.5000    7.5000 2936.5383    8.1773
    0.0000   22.5000    7.5000 2970.4043    8.1032
    7.5000   22.5000    7.5000 2916.0310    8.2072
   -7.5000   30.0000    7.5000 2864.3096    8.3764
    0.0000   30.0000    7.5000 2897.7920    8.3141
    7.5000   30.0000    7.5000 2856.1975    8.4115
   -7.5000   37.5000    7.5000 2778.0859    8.7808
    0.0000   37.5000    7.5000 2805.4988    8.7090
    7.5000   37.5000    7.5000 2775.2065    8.8003
   -7.5000   45.0000    7.5000 2669.0818    9.4192
    0.0000   45.0000    7.5000 2686.1643    9.3494
    7.5000   45.0000    7.5000 2665.8750    9.4146
   -7.5000   52.5000    7.5000 2520.5933   10.2346
    0.0000   52.5000    7.5000 2539.6438   10.1663
    7.5000   52.5000    7.5000 2519.3435   10.2175
   -7.5000  -37.5000   15.0000 2085.1785   14.8218
    0.0000  -37.5000   15.0000 2101.4834   14.6694
    7.5000  -37.5000   15.0000 2087.4497   14.6131
   -7.5000  -30.0000   15.0000 2228.1067   12.9196
    0.0000  -30.0000   15.0000 2241.7576   12.7916
    7.5000  -30.0000   15.0000 2225.9404   12.7972
   -7.5000  -22.5000   15.0000 2366.2263   11.4658
    0.0000  -22.5000   15.0000 2378.7170   11.3325
    7.5000  -22.5000   15.0000 2362.2285   11.3530
   -7.5000  -15.0000   15.0000 2490.4294   10.3999
    0.0000  -15.0000   15.0000 2505.4968   10.2681
    7.5000  -15.0000   15.0000 2490.7422   10.3002
   -7.5000   -7.5000   15.0000 2625.3413    9.6022
    0.0000   -7.5000   15.0000 2643.7585    9.4789
    7.5000   -7.5000   15.0000 2621.6121    9.5189
   -7.5000    0.0000   15.0000 2734.7463    9.0507
    0.0000    0.0000   15.0000 2756.6333    8.9214
    7.5000    0.0000   15.0000 2733.0881    8.9924
   -7.5000    7.5000   15.0000 2828.8889    8.6462
    0.0000    7.5000   15.0000 2861.7812    8.5300
    7.5000    7.5000   15.0000 2825.9097    8.6293
   -7.5000   15.0000   15.0000 2885.4016    8.3440
    0.0000   15.0000   15.0000 2907.0435    8.1821
    7.5000   15.0000   15.0000 2872.1243    8.3802
   -7.5000   22.5000   15.0000 2897.7659    8.3563
    0.0000   22.5000   15.0000 2924.8274    8.2298
    7.5000   22.5000   15.0000 2878.7561    8.3686
   -7.5000   30.0000   15.0000 2838.3066    8.6685
    0.0000   30.0000   15.0000 2870.4026    8.5909
    7.5000   30.0000   15.0000 2828.2266    8.6770
   -7.5000   37.5000   15.0000 2744.5750    9.1118
    0.0000   37.5000   15.0000 2772.7146    9.0642
    7.5000   37.5000   15.0000 2740.1289    9.1335
   -7.5000   45.0000   15.0000 2634.0669    9.6969
    0.0000   45.0000   15.0000 2652.3069    9.6633
    7.5000   45.0000   15.0000 2628.6360    9.7187
   -7.5000   52.5000   15.0000 2488.0884   10.4393
    0.0000   52.5000   15.0000 2503.0227   10.4037
    7.5000   52.5000   15.0000 2483.5281   10.4498
   -7.5000  -37.5000   22.5000 2048.5923   15.3344
    0.0000  -37.5000   22.5000 2061.7537   15.1891
    7.5000  -37.5000   22.5000 2053.2954   15.2752
   -7.5000  -30.0000   22.5000 2197.2144   13.3687
    0.0000  -30.0000   22.5000 2210.1428   13.2161
    7.5000  -30.0000   22.5000 2195.6868   13.3189
   -7.5000  -22.5000   22.5000 2338.4358   11.8553
    0.0000  -22.5000   22.5000 2355.6873   11.6968
    7.5000  -22.5000   22.5000 2334.4858   11.8029
   -7.5000  -15.0000   22.5000 2456.5732   10.7293
    0.0000  -15.0000   22.5000 2483.0505   10.5799
    7.5000  -15.0000   22.5000 2456.3157   10.6737
   -7.5000   -7.5000   22.5000 2585.3315    9.9143
    0.0000   -7.5000   22.5000 2605.9236    9.7442
    7.5000   -7.5000   22.5000 2581.6965    9.8781
   -7.5000    0.0000   22.5000 2689.5671    9.3323
    0.0000    0.0000   22.5000 2708.3628    9.1703
    7.5000    0.0000   22.5000 2686.6487    9.3070
   -7.5000    7.5000   22.5000 2773.0249    8.8915
    0.0000    7.5000   22.5000 2791.7236    8.6803
    7.5000    7.5000   22.5000 2765.8171    8.9065
   -7.5000   15.0000   22.5000 2816.1836    8.5988
    0.0000   15.0000   22.5000 2833.5181    8.4107
    7.5000   15.0000   22.5000 2810.2432    8.6287
   -7.5000   22.5000   22.5000 2829.6541    8.6520
    0.0000   22.5000   22.5000 2854.6294    8.4931
    7.5000   22.5000   22.5000 2824.6147    8.6559
   -7.5000   30.0000   22.5000 2779.8757    8.9785
    0.0000   30.0000   22.5000 2806.5312    8.8536
    7.5000   30.0000   22.5000 2772.6426    8.9833
   -7.5000   37.5000   22.5000 2696.1511    9.4753
    0.0000   37.5000   22.5000 2717.4790    9.3745
    7.5000   37.5000   22.5000 2688.8936    9.4823
   -7.5000   45.0000   22.5000 2587.0945   10.1046
    0.0000   45.0000   22.5000 2608.6631   10.0462
    7.5000   45.0000   22.5000 2585.1726   10.1299
   -7.5000   52.5000   22.5000 2441.2847   10.8389
    0.0000   52.5000   22.5000 2461.4983   10.8051
    7.5000   52.5000   22.5000 2441.4373   10.8483
   -7.5000  -37.5000   30.0000 2007.7559   15.9880
    0.0000  -37.5000   30.0000 2020.6892   15.8099
    7.5000  -37.5000   30.0000 2011.4834   15.9799
   -7.5000  -30.0000   30.0000 2160.4512   13.9332
    0.0000  -30.0000   30.0000 2175.7944   13.7583
    7.5000  -30.0000   30.0000 2162.0212   13.9221
   -7.5000  -22.5000   30.0000 2301.8159   12.3319
    0.0000  -22.5000   30.0000 2321.1465   12.1784
    7.5000  -22.5000   30.0000 2297.8521   12.3380
   -7.5000  -15.0000   30.0000 2418.4526   11.1748
    0.0000  -15.0000   30.0000 2440.9880   11.0214
    7.5000  -15.0000   30.0000 2417.5288   11.1907
   -7.5000   -7.5000   30.0000 2534.3386   10.3552
    0.0000   -7.5000   30.0000 2558.0884   10.1911
    7.5000   -7.5000   30.0000 2532.4287   10.3639
   -7.5000    0.0000   30.0000 2630.3833    9.7438
    0.0000    0.0000   30.0000 2653.0312    9.5583
    7.5000    0.0000   30.0000 2628.4775    9.7489
   -7.5000    7.5000   30.0000 2701.4834    9.3108
    0.0000    7.5000   30.0000 2724.1206    9.1058
    7.5000    7.5000   30.0000 2695.8540    9.3242
   -7.5000   15.0000   30.0000 2736.4697    9.0452
    0.0000   15.0000   30.0000 2751.7434    8.8776
    7.5000   15.0000   30.0000 2734.6765    9.0713
   -7.5000   22.5000   30.0000 2739.6433    9.1265
    0.0000   22.5000   30.0000 2760.5459    8.9640
    7.5000   22.5000   30.0000 2738.6633    9.1271
   -7.5000   30.0000   30.0000 2694.9019    9.4061
    0.0000   30.0000   30.0000 2716.9365    9.2676
    7.5000   30.0000   30.0000 2688.6738    9.4183
   -7.5000   37.5000   30.0000 2621.2725    9.9044
    0.0000   37.5000   30.0000 2641.9126    9.7867
    7.5000   37.5000   30.0000 2617.9463    9.9146
   -7.5000   45.0000   30.0000 2521.8076   10.5562
    0.0000   45.0000   30.0000 2545.3726   10.4720
    7.5000   45.0000   30.0000 2526.4651   10.5681
   -7.5000   52.5000   30.0000 2386.7571   11.3148
    0.0000   52.5000   30.0000 2412.9065   11.2412
    7.5000   52.5000   30.0000 2391.3469   11.3055
   -7.5000  -37.5000   37.5000 1960.9404   16.8381
    0.0000  -37.5000   37.5000 1975.1102   16.6480
    7.5000  -37.5000   37.5000 1960.4889   16.8277
   -7.5000  -30.0000   37.5000 2111.9424   14.6648
    0.0000  -30.0000   37.5000 2132.8843   14.5170
    7.5000  -30.0000   37.5000 2114.2283   14.6801
   -7.5000  -22.5000   37.5000 2254.8926   13.0034
    0.0000  -22.5000   37.5000 2277.8018   12.8587
    7.5000  -22.5000   37.5000 2251.4602   13.0253
   -7.5000  -15.0000   37.5000 2369.2544   11.8252
    0.0000  -15.0000   37.5000 2395.0439   11.6720
    7.5000  -15.0000   37.5000 2365.6648   11.8364
   -7.5000   -7.5000   37.5000 2473.9519   10.9698
    0.0000   -7.5000   37.5000 2501.0730   10.8054
    7.5000   -7.5000   37.5000 2472.2576   10.9666
   -7.5000    0.0000   37.5000 2558.8752   10.3490
    0.0000    0.0000   37.5000 2586.9885   10.1511
    7.5000    0.0000   37.5000 2553.7937   10.3279
   -7.5000    7.5000   37.5000 2620.7285    9.9126
    0.0000    7.5000   37.5000 2643.4836    9.7391
    7.5000    7.5000   37.5000 2613.2051    9.9155
   -7.5000   15.0000   37.5000 2646.5146    9.6892
    0.0000   15.0000   37.5000 2663.8345    9.5314
    7.5000   15.0000   37.5000 2642.4082    9.6963
   -7.5000   22.5000   37.5000 2643.5532    9.7456
    0.0000   22.5000   37.5000 2664.7673    9.5954
    7.5000   22.5000   37.5000 2643.6228    9.7322
   -7.5000   30.0000   37.5000 2602.9895    9.9975
    0.0000   30.0000   37.5000 2620.4390    9.8638
    7.5000   30.0000   37.5000 2599.9607    9.9943
   -7.5000   37.5000   37.5000 2536.5442   10.4659
    0.0000   37.5000   37.5000 2557.2119   10.3505
    7.5000   37.5000   37.5000 2539.7197   10.4644
   -7.5000   45.0000   37.5000 2446.3616   11.1036
    0.0000   45.0000   37.5000 2471.7473   10.9890
    7.5000   45.0000   37.5000 2451.7190   11.1057
   -7.5000   52.5000   37.5000 2316.6755   11.8569
    0.0000   52.5000   37.5000 2342.6694   11.7766
    7.5000   52.5000   37.5000 2319.2961   11.8508
   -7.5000  -37.5000   45.0000 1904.9806   17.9027
    0.0000  -37.5000   45.0000 1918.9453   17.7184
    7.5000  -37.5000   45.0000 1905.2095   17.9294
   -7.5000  -30.0000   45.0000 2053.1147   15.6235
    0.0000  -30.0000   45.0000 2076.3918   15.4762
    7.5000  -30.0000   45.0000 2055.2554   15.6825
   -7.5000  -22.5000   45.0000 2194.8594   13.9193
    0.0000  -22.5000   45.0000 2219.8452   13.7805
    7.5000  -22.5000   45.0000 2188.8037   13.9516
   -7.5000  -15.0000   45.0000 2303.3938   12.6591
    0.0000  -15.0000   45.0000 2333.4248   12.5369
    7.5000  -15.0000   45.0000 2299.2075   12.6631
   -7.5000   -7.5000   45.0000 2399.4099   11.7782
    0.0000   -7.5000   45.0000 2426.9011   11.6148
    7.5000   -7.5000   45.0000 2396.2449   11.7522
   -7.5000    0.0000   45.0000 2476.5706   11.1293
    0.0000    0.0000   45.0000 2502.1948   10.9594
    7.5000    0.0000   45.0000 2468.9302   11.0903
   -7.5000    7.5000   45.0000 2532.4170   10.6933
    0.0000    7.5000   45.0000 2548.1848   10.5509
    7.5000    7.5000   45.0000 2519.2881   10.6876
   -7.5000   15.0000   45.0000 2548.9822   10.5050
    0.0000   15.0000   45.0000 2563.4556   10.3547
    7.5000   15.0000   45.0000 2537.6804   10.4925
   -7.5000   22.5000   45.0000 2538.2234   10.5282
    0.0000   22.5000   45.0000 2557.0312   10.3903
    7.5000   22.5000   45.0000 2538.8396   10.5169
   -7.5000   30.0000   45.0000 2508.9050   10.7158
    0.0000   30.0000   45.0000 2528.4451   10.5855
    7.5000   30.0000   45.0000 2507.0486   10.7263
   -7.5000   37.5000   45.0000 2452.0417   11.1413
    0.0000   37.5000   45.0000 2478.1875   11.0434
    7.5000   37.5000   45.0000 2452.9917   11.1545
   -7.5000   45.0000   45.0000 2367.4905   11.7703
    0.0000   45.0000   45.0000 2388.2209   11.6687
    7.5000   45.0000   45.0000 2365.9111   11.7984
   -7.5000   52.5000   45.0000 2234.4309   12.5882
    0.0000   52.5000   45.0000 2255.2102   12.5006
    7.5000   52.5000   45.0000 2237.5181   12.5657

---------------------------------------------------------------------
imgreg_4dfp /opt/freesurfer/average/711-2C_as_mni_average_305 /opt/freesurfer/average/711-2B_as_mni_average_305_mask talsrcimg_g11 none talsrcimg_to_711-2C_as_mni_average_305_t4 1283
---------------------------------------------------------------------

freesurfer imgreg_4dfp.c
/opt/freesurfer/average/711-2C_as_mni_average_305.4dfp.img
       256       256       256         1
  1.000000  1.000000  1.000000
orientation T byte_order littleendian
Reading image: /opt/freesurfer/average/711-2C_as_mni_average_305.4dfp.img
dimensions:      256       256       256
mmppix:       1.0000   -1.0000   -1.0000
center:     128.0000 -129.0000 -129.0000
/opt/freesurfer/average/711-2B_as_mni_average_305_mask.4dfp.img
       256       256       256         1
  1.000000  1.000000  1.000000
orientation T byte_order littleendian
Reading mask: /opt/freesurfer/average/711-2B_as_mni_average_305_mask.4dfp.img (2306576 pixels)
talsrcimg_g11.4dfp.img
       256       256       256         1
  1.000000  1.000000  1.000000
orientation T byte_order littleendian
Reading image: talsrcimg_g11.4dfp.img
dimensions:      256       256       256
mmppix:       1.0000   -1.0000   -1.0000
center:     128.0000 -129.0000 -129.0000
rotation matrix determinant  1.000000
fimgreg.f
image alignment mode   1283 decimal      503 hex
parameters
    0.0000   15.0000    0.0000    0.0000    0.0000    0.0000
eta,q 0.93950  8.15423
niter,ni,del,rscale     5    3   12.0000    1.2000
parameter  3 -0.640641 -> -0.500000 qaram    1.1500
parameters
   -0.0968   16.7447    3.4500   -1.3848    1.4897   -2.1479
eta,q 0.94619  8.22246
  0.0740  0.0756  0.0721  0.0566  0.0665  0.0558
  0.0682  0.0682  0.0675  0.0565  0.0621  0.0540
  0.0635  0.0638  0.0628  0.0558  0.0578  0.0539
  0.0610  0.0609  0.0583  0.0541  0.0553  0.0548
  0.0625  0.0584  0.0550  0.0550  0.0549  0.0558
  0.0683  0.0601  0.0547  0.0587  0.0566  0.0582
  0.0756  0.0649  0.0574  0.0628  0.0595  0.0619
niter,ni,del,rscale     5    3   12.0000    1.2000
parameters
   -0.7967   16.7842    2.8340   -3.4762    1.8674   -2.4796
eta,q 0.94637  8.23250
  0.0674  0.0652  0.0644  0.0534  0.0640  0.0584
  0.0599  0.0587  0.0581  0.0532  0.0589  0.0551
  0.0548  0.0559  0.0537  0.0538  0.0553  0.0535
  0.0538  0.0536  0.0536  0.0531  0.0538  0.0538
  0.0581  0.0536  0.0570  0.0528  0.0544  0.0551
  0.0659  0.0588  0.0616  0.0559  0.0572  0.0566
  0.0744  0.0654  0.0677  0.0604  0.0619  0.0585
niter,ni,del,rscale     4    3   12.0000    1.2000
parameters
   -0.8883   17.4526    2.4801   -3.9408    1.8990   -2.5795
eta,q 0.94708  8.21085
  0.0705  0.0654  0.0668  0.0555  0.0623  0.0588
  0.0620  0.0580  0.0590  0.0531  0.0575  0.0551
  0.0560  0.0549  0.0537  0.0528  0.0541  0.0531
  0.0536  0.0536  0.0532  0.0529  0.0530  0.0530
  0.0561  0.0527  0.0574  0.0523  0.0540  0.0544
  0.0629  0.0548  0.0622  0.0534  0.0572  0.0562
  0.0715  0.0612  0.0677  0.0574  0.0623  0.0583
niter,ni,del,rscale     3    3   12.0000    1.2000
parameters
   -0.8742   17.4605    2.3940   -3.8880    1.9009   -2.5879
eta,q 0.94716  8.20923
  0.0707  0.0625  0.0681  0.0563  0.0622  0.0590
  0.0620  0.0564  0.0601  0.0534  0.0574  0.0552
  0.0557  0.0539  0.0542  0.0526  0.0540  0.0531
  0.0529  0.0529  0.0529  0.0528  0.0528  0.0528
  0.0552  0.0528  0.0568  0.0523  0.0539  0.0542
  0.0619  0.0560  0.0618  0.0530  0.0572  0.0561
  0.0706  0.0630  0.0672  0.0564  0.0623  0.0581
niter,ni,del,rscale     2    3   12.0000    1.2000
parameters
   -0.8637   17.4499    2.3857   -3.9099    1.8949   -2.5887
eta,q 0.94717  8.20981
  0.0706  0.0624  0.0684  0.0562  0.0621  0.0590
  0.0619  0.0563  0.0603  0.0533  0.0574  0.0552
  0.0556  0.0539  0.0543  0.0526  0.0539  0.0531
  0.0528  0.0528  0.0528  0.0528  0.0528  0.0528
  0.0552  0.0527  0.0566  0.0523  0.0539  0.0542
  0.0619  0.0561  0.0615  0.0530  0.0572  0.0560
  0.0706  0.0631  0.0669  0.0566  0.0623  0.0581
registration optimization eta report
parameter search radius
    6.0000    6.0000    6.9000    6.0000    6.0000    6.0000
100000*second partial in parameter space
       48.       29.       30.       11.       26.       16.
  0.0706  0.0624  0.0684  0.0562  0.0621  0.0590
  0.0619  0.0563  0.0603  0.0533  0.0574  0.0552
  0.0556  0.0539  0.0543  0.0526  0.0539  0.0531
  0.0528  0.0528  0.0528  0.0528  0.0528  0.0528
  0.0552  0.0527  0.0566  0.0523  0.0539  0.0542
  0.0619  0.0561  0.0615  0.0530  0.0572  0.0560
  0.0706  0.0631  0.0669  0.0566  0.0623  0.0581
   -0.8637   17.4499    2.3857   -3.9099    1.8949   -2.5887
eta,q 0.94717  8.20981

---------------------------------------------------------------------
imgreg_4dfp /opt/freesurfer/average/711-2C_as_mni_average_305 /opt/freesurfer/average/711-2B_as_mni_average_305_mask talsrcimg_g11 none talsrcimg_to_711-2C_as_mni_average_305_t4 3335
---------------------------------------------------------------------

freesurfer imgreg_4dfp.c
/opt/freesurfer/average/711-2C_as_mni_average_305.4dfp.img
       256       256       256         1
  1.000000  1.000000  1.000000
orientation T byte_order littleendian
Reading image: /opt/freesurfer/average/711-2C_as_mni_average_305.4dfp.img
dimensions:      256       256       256
mmppix:       1.0000   -1.0000   -1.0000
center:     128.0000 -129.0000 -129.0000
/opt/freesurfer/average/711-2B_as_mni_average_305_mask.4dfp.img
       256       256       256         1
  1.000000  1.000000  1.000000
orientation T byte_order littleendian
Reading mask: /opt/freesurfer/average/711-2B_as_mni_average_305_mask.4dfp.img (2306576 pixels)
talsrcimg_g11.4dfp.img
       256       256       256         1
  1.000000  1.000000  1.000000
orientation T byte_order littleendian
Reading image: talsrcimg_g11.4dfp.img
dimensions:      256       256       256
mmppix:       1.0000   -1.0000   -1.0000
center:     128.0000 -129.0000 -129.0000
fimgreg.f
image alignment mode   3335 decimal      D07 hex
parameters
   -0.8637   17.4499    2.3857   -0.1567   -0.3447   -0.2873
    4.7313   -2.9877   -4.5141    6.9608    3.3067   -6.8150
eta,q 0.94862  8.20560
niter,ni,del,rscale     5    3    5.0000    1.2000
parameter  4  2.285079 ->  0.500000 qaram    1.1500
parameter  5  2.407659 ->  0.500000 qaram    1.1500
parameter  6  0.803819 ->  0.500000 qaram    1.1500
parameters
   -0.7758   17.9238    2.2898   -4.2967   -4.4847   -4.4273
    3.8653   -2.3640   -2.9770    5.9336    2.7491   -9.3293
eta,q 0.96369  7.98410
  0.0546  0.0547  0.0536  0.0421  0.0360  0.0358  0.0389  0.0427  0.0397  0.0385  0.0375  0.0367
  0.0529  0.0530  0.0523  0.0437  0.0378  0.0364  0.0375  0.0397  0.0382  0.0374  0.0369  0.0364
  0.0518  0.0519  0.0515  0.0469  0.0408  0.0372  0.0367  0.0376  0.0371  0.0366  0.0365  0.0363
  0.0514  0.0514  0.0513  0.0513  0.0444  0.0386  0.0366  0.0366  0.0365  0.0365  0.0364  0.0364
  0.0516  0.0514  0.0516  0.0560  0.0484  0.0413  0.0373  0.0368  0.0365  0.0370  0.0366  0.0367
  0.0525  0.0518  0.0526  0.0609  0.0527  0.0457  0.0385  0.0383  0.0369  0.0382  0.0371  0.0373
  0.0542  0.0528  0.0540  0.0657  0.0573  0.0506  0.0402  0.0410  0.0378  0.0404  0.0379  0.0382
niter,ni,del,rscale     7    3    5.0000    1.2000
parameter  4  0.838172 ->  0.500000 qaram    1.3225
parameter  5  1.212724 ->  0.500000 qaram    1.3225
parameters
   -0.8490   18.5774    1.8566   -9.0577   -9.2457   -8.3666
    3.6910   -2.5849   -3.1540    6.4756    2.4673   -9.3309
eta,q 0.97093  7.50870
  0.0401  0.0406  0.0370  0.0329  0.0290  0.0301  0.0317  0.0333  0.0312  0.0332  0.0302  0.0305
  0.0380  0.0387  0.0363  0.0334  0.0298  0.0292  0.0303  0.0310  0.0300  0.0311  0.0295  0.0297
  0.0367  0.0372  0.0360  0.0343  0.0314  0.0292  0.0294  0.0295  0.0293  0.0296  0.0292  0.0292
  0.0363  0.0363  0.0361  0.0360  0.0336  0.0302  0.0291  0.0291  0.0291  0.0291  0.0291  0.0291
  0.0369  0.0361  0.0364  0.0395  0.0369  0.0313  0.0295  0.0297  0.0294  0.0293  0.0293  0.0293
  0.0383  0.0365  0.0370  0.0441  0.0410  0.0337  0.0304  0.0314  0.0302  0.0303  0.0297  0.0297
  0.0406  0.0376  0.0381  0.0491  0.0451  0.0372  0.0319  0.0339  0.0314  0.0322  0.0303  0.0304
niter,ni,del,rscale     7    3    5.0000    1.2000
parameters
   -0.8133   18.8424    1.8734  -12.8236  -13.2133   -8.6153
    3.4700   -2.5797   -3.3026    7.3420    2.2055   -9.3971
eta,q 0.97265  7.17677
  0.0327  0.0325  0.0308  0.0296  0.0291  0.0307  0.0299  0.0318  0.0295  0.0316  0.0283  0.0286
  0.0307  0.0307  0.0298  0.0286  0.0279  0.0289  0.0285  0.0295  0.0284  0.0296  0.0278  0.0279
  0.0295  0.0296  0.0292  0.0284  0.0274  0.0278  0.0277  0.0280  0.0276  0.0282  0.0274  0.0274
  0.0291  0.0291  0.0290  0.0290  0.0284  0.0274  0.0274  0.0274  0.0274  0.0274  0.0274  0.0274
  0.0294  0.0292  0.0292  0.0303  0.0302  0.0280  0.0278  0.0280  0.0277  0.0276  0.0275  0.0275
  0.0306  0.0299  0.0298  0.0329  0.0332  0.0293  0.0288  0.0295  0.0285  0.0285  0.0279  0.0279
  0.0325  0.0313  0.0307  0.0372  0.0376  0.0310  0.0302  0.0318  0.0296  0.0300  0.0285  0.0286
niter,ni,del,rscale     6    3    5.0000    1.2000
parameters
   -0.8215   19.1012    1.7244  -13.3214  -13.8653   -8.8965
    3.4436   -2.5171   -3.2094    7.8808    2.0086   -9.4702
eta,q 0.97269  7.11946
  0.0308  0.0308  0.0288  0.0303  0.0310  0.0306  0.0298  0.0317  0.0294  0.0309  0.0283  0.0285
  0.0289  0.0291  0.0279  0.0286  0.0291  0.0288  0.0285  0.0294  0.0283  0.0291  0.0277  0.0278
  0.0278  0.0279  0.0274  0.0275  0.0279  0.0277  0.0276  0.0279  0.0276  0.0279  0.0274  0.0274
  0.0274  0.0274  0.0273  0.0273  0.0273  0.0273  0.0273  0.0273  0.0273  0.0273  0.0273  0.0273
  0.0277  0.0275  0.0276  0.0278  0.0281  0.0279  0.0277  0.0279  0.0276  0.0275  0.0275  0.0275
  0.0289  0.0283  0.0282  0.0289  0.0296  0.0292  0.0285  0.0293  0.0282  0.0285  0.0278  0.0278
  0.0308  0.0296  0.0291  0.0310  0.0323  0.0309  0.0299  0.0315  0.0293  0.0300  0.0284  0.0285
niter,ni,del,rscale     5    3    5.0000    1.2000
parameters
   -0.8169   19.2785    1.5655  -13.4816  -14.1273   -9.1624
    3.4242   -2.4814   -3.1191    8.2628    1.8650   -9.5216
eta,q 0.97272  7.09291
  0.0307  0.0304  0.0287  0.0304  0.0311  0.0306  0.0298  0.0315  0.0293  0.0306  0.0283  0.0284
  0.0288  0.0288  0.0278  0.0286  0.0292  0.0288  0.0285  0.0293  0.0282  0.0289  0.0277  0.0278
  0.0277  0.0277  0.0274  0.0275  0.0279  0.0277  0.0276  0.0279  0.0275  0.0278  0.0274  0.0274
  0.0273  0.0273  0.0273  0.0273  0.0273  0.0273  0.0273  0.0273  0.0273  0.0273  0.0273  0.0273
  0.0277  0.0275  0.0276  0.0277  0.0279  0.0279  0.0276  0.0278  0.0275  0.0275  0.0274  0.0274
  0.0288  0.0283  0.0282  0.0287  0.0293  0.0292  0.0285  0.0293  0.0282  0.0285  0.0278  0.0278
  0.0307  0.0296  0.0291  0.0306  0.0317  0.0309  0.0298  0.0315  0.0292  0.0300  0.0283  0.0284
niter,ni,del,rscale     4    3    5.0000    1.2000
parameters
   -0.8125   19.4111    1.4314  -13.6244  -14.3349   -9.3912
    3.4016   -2.4551   -3.0406    8.5850    1.7407   -9.5318
eta,q 0.97274  7.07008
  0.0306  0.0302  0.0287  0.0303  0.0310  0.0306  0.0297  0.0315  0.0292  0.0304  0.0282  0.0284
  0.0288  0.0286  0.0278  0.0286  0.0292  0.0288  0.0284  0.0293  0.0282  0.0288  0.0277  0.0277
  0.0277  0.0276  0.0274  0.0275  0.0279  0.0277  0.0276  0.0278  0.0275  0.0278  0.0274  0.0274
  0.0273  0.0273  0.0273  0.0273  0.0273  0.0273  0.0273  0.0273  0.0273  0.0273  0.0273  0.0273
  0.0277  0.0275  0.0275  0.0277  0.0278  0.0278  0.0276  0.0278  0.0275  0.0275  0.0274  0.0274
  0.0288  0.0283  0.0281  0.0287  0.0292  0.0292  0.0284  0.0292  0.0281  0.0284  0.0278  0.0278
  0.0306  0.0295  0.0290  0.0305  0.0315  0.0309  0.0297  0.0314  0.0291  0.0299  0.0283  0.0284
niter,ni,del,rscale     3    3    5.0000    1.2000
parameters
   -0.8098   19.5296    1.3156  -13.7488  -14.5427   -9.6096
    3.3795   -2.4297   -2.9763    8.8908    1.6139   -9.5255
eta,q 0.97276  7.04850
  0.0306  0.0301  0.0287  0.0303  0.0309  0.0306  0.0297  0.0314  0.0291  0.0303  0.0282  0.0283
  0.0288  0.0286  0.0278  0.0286  0.0291  0.0288  0.0284  0.0293  0.0281  0.0287  0.0277  0.0277
  0.0276  0.0276  0.0274  0.0275  0.0278  0.0277  0.0276  0.0278  0.0275  0.0278  0.0273  0.0274
  0.0273  0.0273  0.0273  0.0273  0.0273  0.0273  0.0273  0.0273  0.0273  0.0273  0.0272  0.0272
  0.0276  0.0275  0.0275  0.0277  0.0278  0.0278  0.0276  0.0278  0.0275  0.0274  0.0274  0.0274
  0.0287  0.0283  0.0281  0.0287  0.0292  0.0292  0.0284  0.0292  0.0281  0.0284  0.0278  0.0277
  0.0305  0.0295  0.0290  0.0304  0.0314  0.0308  0.0297  0.0314  0.0291  0.0299  0.0283  0.0283
niter,ni,del,rscale     2    3    5.0000    1.2000
parameters
   -0.8062   19.6483    1.2023  -13.8770  -14.7703   -9.8298
    3.3644   -2.4031   -2.9195    9.2251    1.5077   -9.5173
eta,q 0.97277  7.02592
  0.0305  0.0300  0.0287  0.0303  0.0308  0.0305  0.0296  0.0313  0.0291  0.0302  0.0282  0.0283
  0.0287  0.0285  0.0278  0.0285  0.0291  0.0288  0.0284  0.0292  0.0281  0.0287  0.0277  0.0277
  0.0276  0.0276  0.0274  0.0275  0.0278  0.0276  0.0275  0.0278  0.0275  0.0278  0.0273  0.0273
  0.0272  0.0272  0.0272  0.0272  0.0272  0.0273  0.0273  0.0273  0.0273  0.0273  0.0272  0.0272
  0.0276  0.0275  0.0275  0.0277  0.0277  0.0278  0.0275  0.0277  0.0275  0.0274  0.0274  0.0274
  0.0287  0.0283  0.0281  0.0287  0.0292  0.0292  0.0284  0.0292  0.0281  0.0283  0.0277  0.0277
  0.0305  0.0294  0.0289  0.0304  0.0314  0.0308  0.0296  0.0313  0.0290  0.0298  0.0283  0.0283
niter,ni,del,rscale     1    3    5.0000    1.2000
parameters
   -0.8032   19.7805    1.0789  -14.0223  -15.0315  -10.0748
    3.3381   -2.3689   -2.8699    9.6225    1.4029   -9.4836
eta,q 0.97279  7.00029
  0.0305  0.0300  0.0286  0.0303  0.0307  0.0305  0.0296  0.0313  0.0290  0.0301  0.0282  0.0283
  0.0287  0.0285  0.0278  0.0285  0.0290  0.0288  0.0283  0.0292  0.0281  0.0287  0.0277  0.0277
  0.0276  0.0275  0.0273  0.0274  0.0278  0.0276  0.0275  0.0278  0.0275  0.0278  0.0273  0.0273
  0.0272  0.0272  0.0272  0.0272  0.0272  0.0272  0.0272  0.0272  0.0272  0.0272  0.0272  0.0272
  0.0276  0.0275  0.0275  0.0277  0.0277  0.0277  0.0275  0.0277  0.0274  0.0273  0.0274  0.0273
  0.0287  0.0282  0.0281  0.0287  0.0291  0.0292  0.0284  0.0291  0.0280  0.0282  0.0277  0.0277
  0.0305  0.0293  0.0289  0.0303  0.0313  0.0308  0.0296  0.0313  0.0290  0.0296  0.0283  0.0283
registration optimization eta report
parameter search radius
    2.4000    2.4000    2.4000    9.5220    9.5220    8.2800
    7.2000    7.2000    7.2000    7.2000    7.2000    7.2000
100000*second partial in parameter space
       56.       42.       27.        3.        4.        5.
        5.        8.        3.        5.        2.        2.
  0.0305  0.0300  0.0286  0.0303  0.0307  0.0305  0.0296  0.0313  0.0290  0.0301  0.0282  0.0283
  0.0287  0.0285  0.0278  0.0285  0.0290  0.0288  0.0283  0.0292  0.0281  0.0287  0.0277  0.0277
  0.0276  0.0275  0.0273  0.0274  0.0278  0.0276  0.0275  0.0278  0.0275  0.0278  0.0273  0.0273
  0.0272  0.0272  0.0272  0.0272  0.0272  0.0272  0.0272  0.0272  0.0272  0.0272  0.0272  0.0272
  0.0276  0.0275  0.0275  0.0277  0.0277  0.0277  0.0275  0.0277  0.0274  0.0273  0.0274  0.0273
  0.0287  0.0282  0.0281  0.0287  0.0291  0.0292  0.0284  0.0291  0.0280  0.0282  0.0277  0.0277
  0.0305  0.0293  0.0289  0.0303  0.0313  0.0308  0.0296  0.0313  0.0290  0.0296  0.0283  0.0283
   -0.8032   19.7805    1.0789  -14.0223  -15.0315  -10.0748
    3.3381   -2.3689   -2.8699    9.6225    1.4029   -9.4836
eta,q 0.97279  7.00029

---------------------------------------------------------------------
imgreg_4dfp /opt/freesurfer/average/711-2C_as_mni_average_305 /opt/freesurfer/average/711-2B_as_mni_average_305_mask talsrcimg_g11 none talsrcimg_to_711-2C_as_mni_average_305_t4 2311
---------------------------------------------------------------------

freesurfer imgreg_4dfp.c
/opt/freesurfer/average/711-2C_as_mni_average_305.4dfp.img
       256       256       256         1
  1.000000  1.000000  1.000000
orientation T byte_order littleendian
Reading image: /opt/freesurfer/average/711-2C_as_mni_average_305.4dfp.img
dimensions:      256       256       256
mmppix:       1.0000   -1.0000   -1.0000
center:     128.0000 -129.0000 -129.0000
/opt/freesurfer/average/711-2B_as_mni_average_305_mask.4dfp.img
       256       256       256         1
  1.000000  1.000000  1.000000
orientation T byte_order littleendian
Reading mask: /opt/freesurfer/average/711-2B_as_mni_average_305_mask.4dfp.img (2306576 pixels)
talsrcimg_g11.4dfp.img
       256       256       256         1
  1.000000  1.000000  1.000000
orientation T byte_order littleendian
Reading image: talsrcimg_g11.4dfp.img
dimensions:      256       256       256
mmppix:       1.0000   -1.0000   -1.0000
center:     128.0000 -129.0000 -129.0000
fimgreg.f
image alignment mode   2311 decimal      907 hex
parameters
   -0.8032   19.7805    1.0789  -14.0223  -15.0315  -10.0748
    3.3381   -2.3689   -2.8699    9.6225    1.4029   -9.4836
eta,q 0.97279  7.00029
niter,ni,del,rscale     5    3    5.0000    0.8000
parameters
   -0.8031   19.8759    0.9400  -14.5772  -15.1236  -10.3042
    3.3160   -2.2915   -2.8251   10.1512    1.2584   -9.4253
eta,q 0.97285  6.96327
  0.0287  0.0285  0.0278  0.0278  0.0282  0.0284  0.0283  0.0292  0.0280  0.0286  0.0276  0.0276
  0.0279  0.0278  0.0274  0.0274  0.0277  0.0277  0.0277  0.0281  0.0276  0.0280  0.0274  0.0274
  0.0274  0.0274  0.0272  0.0272  0.0273  0.0273  0.0273  0.0274  0.0273  0.0275  0.0272  0.0272
  0.0272  0.0272  0.0272  0.0272  0.0272  0.0272  0.0272  0.0272  0.0272  0.0272  0.0271  0.0271
  0.0274  0.0273  0.0273  0.0274  0.0273  0.0273  0.0273  0.0274  0.0273  0.0272  0.0272  0.0272
  0.0279  0.0276  0.0276  0.0277  0.0277  0.0279  0.0277  0.0280  0.0275  0.0275  0.0274  0.0274
  0.0287  0.0281  0.0280  0.0282  0.0284  0.0287  0.0283  0.0291  0.0280  0.0282  0.0277  0.0276
niter,ni,del,rscale     4    3    5.0000    0.7000
parameters
   -0.8047   20.0588    0.7678  -14.8516  -15.5209  -10.5672
    3.2780   -2.2246   -2.7551   10.9137    1.1622   -9.4010
eta,q 0.97292  6.92678
  0.0283  0.0282  0.0275  0.0277  0.0278  0.0280  0.0280  0.0287  0.0278  0.0283  0.0275  0.0274
  0.0276  0.0277  0.0273  0.0273  0.0274  0.0275  0.0275  0.0278  0.0274  0.0278  0.0272  0.0272
  0.0273  0.0273  0.0272  0.0271  0.0272  0.0272  0.0272  0.0273  0.0272  0.0274  0.0271  0.0271
  0.0271  0.0271  0.0271  0.0271  0.0271  0.0271  0.0271  0.0271  0.0271  0.0271  0.0271  0.0271
  0.0273  0.0272  0.0272  0.0273  0.0272  0.0272  0.0272  0.0273  0.0272  0.0271  0.0271  0.0271
  0.0277  0.0274  0.0275  0.0275  0.0276  0.0277  0.0275  0.0278  0.0274  0.0273  0.0273  0.0272
  0.0283  0.0278  0.0278  0.0279  0.0281  0.0284  0.0280  0.0286  0.0277  0.0277  0.0275  0.0274
niter,ni,del,rscale     3    3    5.0000    0.6000
parameters
   -0.7956   20.3343    0.5522  -15.2276  -16.2082  -10.9163
    3.2038   -2.1433   -2.7804   12.1474    1.2211   -9.3301
eta,q 0.97308  6.87276
  0.0279  0.0280  0.0273  0.0275  0.0274  0.0276  0.0276  0.0282  0.0275  0.0280  0.0272  0.0272
  0.0275  0.0275  0.0271  0.0272  0.0271  0.0273  0.0273  0.0275  0.0272  0.0276  0.0271  0.0271
  0.0272  0.0272  0.0271  0.0270  0.0270  0.0271  0.0271  0.0272  0.0271  0.0273  0.0270  0.0270
  0.0271  0.0271  0.0271  0.0270  0.0270  0.0270  0.0270  0.0270  0.0270  0.0270  0.0269  0.0269
  0.0272  0.0271  0.0271  0.0272  0.0271  0.0271  0.0271  0.0271  0.0271  0.0269  0.0269  0.0270
  0.0274  0.0272  0.0273  0.0274  0.0274  0.0274  0.0273  0.0275  0.0272  0.0270  0.0270  0.0270
  0.0279  0.0274  0.0276  0.0277  0.0278  0.0280  0.0277  0.0281  0.0275  0.0272  0.0272  0.0272
niter,ni,del,rscale     2    3    5.0000    0.5000
parameter  2 -0.513831 -> -0.500000 qaram    1.1500
parameter  5  0.521338 ->  0.500000 qaram    1.1500
parameter 10 -0.812113 -> -0.500000 qaram    1.1500
parameters
   -0.7653   20.9093    0.1438  -15.7090  -17.9332  -11.6724
    3.0664   -2.0404   -3.2402   13.8724    1.6498   -8.9618
eta,q 0.97366  6.75948
  0.0275  0.0277  0.0269  0.0271  0.0267  0.0269  0.0270  0.0274  0.0269  0.0277  0.0266  0.0266
  0.0272  0.0274  0.0268  0.0269  0.0267  0.0267  0.0268  0.0270  0.0267  0.0273  0.0265  0.0265
  0.0270  0.0271  0.0268  0.0268  0.0267  0.0266  0.0267  0.0267  0.0266  0.0269  0.0264  0.0264
  0.0269  0.0269  0.0268  0.0268  0.0268  0.0266  0.0266  0.0266  0.0266  0.0266  0.0263  0.0263
  0.0270  0.0268  0.0269  0.0269  0.0269  0.0268  0.0267  0.0267  0.0267  0.0264  0.0263  0.0263
  0.0272  0.0268  0.0271  0.0271  0.0272  0.0270  0.0268  0.0269  0.0268  0.0263  0.0264  0.0264
  0.0275  0.0269  0.0273  0.0273  0.0275  0.0275  0.0271  0.0273  0.0271  0.0264  0.0265  0.0265
niter,ni,del,rscale     4    3    5.0000    0.7000
parameters
   -0.6935   21.5858   -0.3939  -15.9363  -18.8072  -12.6742
    3.0455   -2.0058   -3.5204   15.3234    1.7950   -9.5350
eta,q 0.97421  6.69272
  0.0275  0.0284  0.0262  0.0269  0.0269  0.0265  0.0268  0.0274  0.0266  0.0282  0.0262  0.0261
  0.0269  0.0275  0.0261  0.0264  0.0263  0.0261  0.0263  0.0266  0.0262  0.0272  0.0260  0.0259
  0.0265  0.0268  0.0261  0.0261  0.0260  0.0260  0.0261  0.0261  0.0260  0.0264  0.0259  0.0258
  0.0263  0.0263  0.0261  0.0261  0.0261  0.0260  0.0260  0.0260  0.0260  0.0260  0.0258  0.0258
  0.0264  0.0261  0.0263  0.0262  0.0264  0.0262  0.0261  0.0261  0.0261  0.0258  0.0258  0.0259
  0.0267  0.0262  0.0266  0.0265  0.0269  0.0267  0.0263  0.0266  0.0264  0.0260  0.0260  0.0260
  0.0273  0.0265  0.0270  0.0270  0.0278  0.0276  0.0268  0.0273  0.0268  0.0266  0.0262  0.0263
niter,ni,del,rscale     3    3    5.0000    0.6000
parameters
   -0.6536   21.9624   -0.7972  -15.9916  -19.1266  -13.1880
    3.1007   -1.9504   -3.5350   15.9703    1.7816   -9.9929
eta,q 0.97436  6.66762
  0.0266  0.0272  0.0258  0.0264  0.0265  0.0262  0.0263  0.0267  0.0263  0.0271  0.0259  0.0258
  0.0262  0.0265  0.0257  0.0260  0.0261  0.0259  0.0260  0.0262  0.0259  0.0264  0.0258  0.0257
  0.0259  0.0261  0.0257  0.0258  0.0258  0.0257  0.0258  0.0258  0.0257  0.0259  0.0257  0.0257
  0.0258  0.0258  0.0257  0.0257  0.0257  0.0257  0.0257  0.0257  0.0257  0.0257  0.0256  0.0256
  0.0259  0.0257  0.0258  0.0258  0.0259  0.0258  0.0257  0.0258  0.0257  0.0257  0.0257  0.0257
  0.0261  0.0259  0.0260  0.0260  0.0263  0.0261  0.0259  0.0261  0.0259  0.0259  0.0258  0.0258
  0.0265  0.0262  0.0263  0.0264  0.0269  0.0266  0.0263  0.0267  0.0263  0.0265  0.0259  0.0260
niter,ni,del,rscale     2    3    5.0000    0.5000
parameters
   -0.6393   22.1317   -0.9997  -16.0135  -19.2297  -13.3889
    3.1112   -1.9165   -3.5265   16.3036    1.7999  -10.2377
eta,q 0.97440  6.65977
  0.0262  0.0264  0.0258  0.0261  0.0263  0.0260  0.0260  0.0263  0.0260  0.0265  0.0258  0.0258
  0.0259  0.0260  0.0257  0.0258  0.0259  0.0258  0.0258  0.0259  0.0258  0.0261  0.0257  0.0257
  0.0257  0.0258  0.0256  0.0257  0.0257  0.0256  0.0257  0.0257  0.0257  0.0258  0.0256  0.0256
  0.0256  0.0256  0.0256  0.0256  0.0256  0.0256  0.0256  0.0256  0.0256  0.0256  0.0256  0.0256
  0.0257  0.0257  0.0257  0.0257  0.0257  0.0257  0.0257  0.0257  0.0257  0.0256  0.0256  0.0256
  0.0259  0.0258  0.0258  0.0259  0.0260  0.0258  0.0258  0.0259  0.0258  0.0259  0.0257  0.0257
  0.0262  0.0261  0.0260  0.0261  0.0264  0.0261  0.0260  0.0263  0.0260  0.0263  0.0258  0.0258
niter,ni,del,rscale     1    3    5.0000    0.4000
parameters
   -0.6311   22.2107   -1.1090  -16.0329  -19.2749  -13.4757
    3.1119   -1.9030   -3.5309   16.4775    1.8110  -10.3476
eta,q 0.97440  6.65619
  0.0260  0.0261  0.0257  0.0259  0.0261  0.0258  0.0259  0.0261  0.0259  0.0262  0.0257  0.0257
  0.0258  0.0258  0.0256  0.0257  0.0258  0.0257  0.0257  0.0258  0.0257  0.0259  0.0257  0.0256
  0.0256  0.0257  0.0256  0.0256  0.0256  0.0256  0.0256  0.0257  0.0256  0.0257  0.0256  0.0256
  0.0256  0.0256  0.0256  0.0256  0.0256  0.0256  0.0256  0.0256  0.0256  0.0256  0.0256  0.0256
  0.0256  0.0256  0.0256  0.0256  0.0257  0.0256  0.0256  0.0257  0.0256  0.0256  0.0256  0.0256
  0.0258  0.0257  0.0257  0.0258  0.0258  0.0257  0.0257  0.0258  0.0257  0.0258  0.0257  0.0257
  0.0259  0.0259  0.0258  0.0259  0.0261  0.0259  0.0259  0.0261  0.0259  0.0260  0.0257  0.0257
registration optimization eta report
parameter search radius
    0.8000    0.9200    0.8000    2.4000    2.7600    2.4000
    2.4000    2.4000    2.4000    2.7600    2.4000    2.4000
100000*second partial in parameter space
       55.       47.       23.        6.        6.        5.
        5.        8.        5.        7.        2.        2.
  0.0260  0.0261  0.0257  0.0259  0.0261  0.0258  0.0259  0.0261  0.0259  0.0262  0.0257  0.0257
  0.0258  0.0258  0.0256  0.0257  0.0258  0.0257  0.0257  0.0258  0.0257  0.0259  0.0257  0.0256
  0.0256  0.0257  0.0256  0.0256  0.0256  0.0256  0.0256  0.0257  0.0256  0.0257  0.0256  0.0256
  0.0256  0.0256  0.0256  0.0256  0.0256  0.0256  0.0256  0.0256  0.0256  0.0256  0.0256  0.0256
  0.0256  0.0256  0.0256  0.0256  0.0257  0.0256  0.0256  0.0257  0.0256  0.0256  0.0256  0.0256
  0.0258  0.0257  0.0257  0.0258  0.0258  0.0257  0.0257  0.0258  0.0257  0.0258  0.0257  0.0257
  0.0259  0.0259  0.0258  0.0259  0.0261  0.0259  0.0259  0.0261  0.0259  0.0260  0.0257  0.0257
   -0.6311   22.2107   -1.1090  -16.0329  -19.2749  -13.4757
    3.1119   -1.9030   -3.5309   16.4775    1.8110  -10.3476
eta,q 0.97440  6.65619

---------------------------------------------------------------------
imgreg_4dfp /opt/freesurfer/average/711-2C_as_mni_average_305 /opt/freesurfer/average/711-2B_as_mni_average_305_mask talsrcimg_g11 none talsrcimg_to_711-2C_as_mni_average_305_t4 2311
---------------------------------------------------------------------

freesurfer imgreg_4dfp.c
/opt/freesurfer/average/711-2C_as_mni_average_305.4dfp.img
       256       256       256         1
  1.000000  1.000000  1.000000
orientation T byte_order littleendian
Reading image: /opt/freesurfer/average/711-2C_as_mni_average_305.4dfp.img
dimensions:      256       256       256
mmppix:       1.0000   -1.0000   -1.0000
center:     128.0000 -129.0000 -129.0000
/opt/freesurfer/average/711-2B_as_mni_average_305_mask.4dfp.img
       256       256       256         1
  1.000000  1.000000  1.000000
orientation T byte_order littleendian
Reading mask: /opt/freesurfer/average/711-2B_as_mni_average_305_mask.4dfp.img (2306576 pixels)
talsrcimg_g11.4dfp.img
       256       256       256         1
  1.000000  1.000000  1.000000
orientation T byte_order littleendian
Reading image: talsrcimg_g11.4dfp.img
dimensions:      256       256       256
mmppix:       1.0000   -1.0000   -1.0000
center:     128.0000 -129.0000 -129.0000
fimgreg.f
image alignment mode   2311 decimal      907 hex
parameters
   -0.6311   22.2107   -1.1090  -16.0329  -19.2749  -13.4757
    3.1119   -1.9030   -3.5309   16.4775    1.8110  -10.3476
eta,q 0.97440  6.65619
niter,ni,del,rscale     5    3    5.0000    0.8000
parameters
   -0.6248   22.2697   -1.1643  -15.9515  -19.3657  -13.9041
    3.1048   -1.8912   -3.5420   16.5316    1.7798  -10.3440
eta,q 0.97440  6.64514
  0.0270  0.0269  0.0261  0.0268  0.0269  0.0265  0.0267  0.0274  0.0266  0.0271  0.0261  0.0261
  0.0262  0.0262  0.0258  0.0262  0.0262  0.0260  0.0261  0.0264  0.0261  0.0263  0.0258  0.0258
  0.0257  0.0258  0.0257  0.0257  0.0258  0.0257  0.0257  0.0258  0.0257  0.0258  0.0257  0.0257
  0.0256  0.0256  0.0256  0.0256  0.0256  0.0256  0.0256  0.0256  0.0256  0.0256  0.0256  0.0256
  0.0257  0.0257  0.0257  0.0257  0.0258  0.0257  0.0257  0.0258  0.0257  0.0257  0.0257  0.0257
  0.0262  0.0261  0.0259  0.0261  0.0262  0.0262  0.0261  0.0264  0.0261  0.0262  0.0258  0.0258
  0.0269  0.0267  0.0262  0.0267  0.0270  0.0271  0.0267  0.0274  0.0266  0.0271  0.0261  0.0261
niter,ni,del,rscale     4    3    5.0000    0.7000
parameters
   -0.6182   22.3006   -1.2699  -15.9233  -19.3288  -13.9529
    3.1076   -1.8722   -3.5380   16.6093    1.7858  -10.4090
eta,q 0.97441  6.64633
  0.0267  0.0266  0.0260  0.0265  0.0266  0.0264  0.0264  0.0270  0.0264  0.0268  0.0260  0.0260
  0.0261  0.0260  0.0258  0.0260  0.0261  0.0260  0.0260  0.0262  0.0260  0.0261  0.0258  0.0258
  0.0257  0.0257  0.0256  0.0257  0.0257  0.0257  0.0257  0.0258  0.0257  0.0258  0.0256  0.0256
  0.0256  0.0256  0.0256  0.0256  0.0256  0.0256  0.0256  0.0256  0.0256  0.0256  0.0256  0.0256
  0.0257  0.0257  0.0257  0.0257  0.0257  0.0257  0.0257  0.0258  0.0257  0.0257  0.0256  0.0256
  0.0261  0.0260  0.0258  0.0260  0.0261  0.0259  0.0260  0.0262  0.0260  0.0261  0.0258  0.0258
  0.0266  0.0265  0.0261  0.0265  0.0266  0.0265  0.0264  0.0270  0.0264  0.0267  0.0260  0.0260
niter,ni,del,rscale     3    3    5.0000    0.6000
parameters
   -0.6173   22.3179   -1.2985  -15.9448  -19.3213  -13.8834
    3.1158   -1.8624   -3.5390   16.6617    1.7938  -10.4710
eta,q 0.97440  6.64802
  0.0264  0.0263  0.0259  0.0263  0.0264  0.0262  0.0262  0.0266  0.0262  0.0265  0.0259  0.0259
  0.0259  0.0259  0.0257  0.0259  0.0260  0.0259  0.0259  0.0261  0.0259  0.0260  0.0257  0.0257
  0.0257  0.0257  0.0256  0.0257  0.0257  0.0257  0.0257  0.0257  0.0257  0.0257  0.0256  0.0256
  0.0256  0.0256  0.0256  0.0256  0.0256  0.0256  0.0256  0.0256  0.0256  0.0256  0.0256  0.0256
  0.0257  0.0257  0.0256  0.0257  0.0257  0.0256  0.0257  0.0257  0.0257  0.0257  0.0256  0.0256
  0.0259  0.0259  0.0258  0.0259  0.0259  0.0258  0.0259  0.0261  0.0259  0.0260  0.0257  0.0257
  0.0264  0.0262  0.0260  0.0263  0.0264  0.0262  0.0262  0.0266  0.0262  0.0264  0.0259  0.0259
niter,ni,del,rscale     2    3    5.0000    0.5000
parameters
   -0.6179   22.3224   -1.2860  -15.9826  -19.3271  -13.7823
    3.1096   -1.8616   -3.5369   16.6881    1.8056  -10.5084
eta,q 0.97440  6.64947
  0.0261  0.0261  0.0258  0.0261  0.0261  0.0260  0.0260  0.0263  0.0260  0.0262  0.0258  0.0258
  0.0258  0.0258  0.0257  0.0258  0.0258  0.0258  0.0258  0.0259  0.0258  0.0259  0.0257  0.0257
  0.0257  0.0257  0.0256  0.0256  0.0257  0.0257  0.0256  0.0257  0.0256  0.0257  0.0256  0.0256
  0.0256  0.0256  0.0256  0.0256  0.0256  0.0256  0.0256  0.0256  0.0256  0.0256  0.0256  0.0256
  0.0257  0.0257  0.0256  0.0257  0.0257  0.0256  0.0256  0.0257  0.0256  0.0257  0.0256  0.0256
  0.0258  0.0258  0.0257  0.0258  0.0258  0.0257  0.0258  0.0259  0.0258  0.0259  0.0257  0.0257
  0.0261  0.0261  0.0258  0.0261  0.0261  0.0260  0.0260  0.0263  0.0260  0.0262  0.0258  0.0258
niter,ni,del,rscale     1    3    5.0000    0.4000
parameters
   -0.6186   22.3183   -1.2556  -16.0199  -19.3341  -13.6768
    3.1155   -1.8736   -3.5382   16.6935    1.8004  -10.5224
eta,q 0.97440  6.65094
  0.0259  0.0259  0.0258  0.0259  0.0259  0.0259  0.0259  0.0261  0.0259  0.0260  0.0257  0.0257
  0.0257  0.0257  0.0257  0.0257  0.0258  0.0257  0.0257  0.0258  0.0257  0.0258  0.0257  0.0256
  0.0256  0.0256  0.0256  0.0256  0.0256  0.0256  0.0256  0.0256  0.0256  0.0256  0.0256  0.0256
  0.0256  0.0256  0.0256  0.0256  0.0256  0.0256  0.0256  0.0256  0.0256  0.0256  0.0256  0.0256
  0.0256  0.0256  0.0256  0.0256  0.0256  0.0256  0.0256  0.0257  0.0256  0.0256  0.0256  0.0256
  0.0258  0.0257  0.0257  0.0258  0.0258  0.0257  0.0257  0.0258  0.0257  0.0258  0.0257  0.0256
  0.0259  0.0259  0.0257  0.0259  0.0260  0.0258  0.0259  0.0261  0.0259  0.0260  0.0257  0.0257
registration optimization eta report
parameter search radius
    0.8000    0.8000    0.8000    2.4000    2.4000    2.4000
    2.4000    2.4000    2.4000    2.4000    2.4000    2.4000
100000*second partial in parameter space
       54.       46.       22.        6.        6.        4.
        5.        8.        5.        7.        2.        2.
  0.0259  0.0259  0.0258  0.0259  0.0259  0.0259  0.0259  0.0261  0.0259  0.0260  0.0257  0.0257
  0.0257  0.0257  0.0257  0.0257  0.0258  0.0257  0.0257  0.0258  0.0257  0.0258  0.0257  0.0256
  0.0256  0.0256  0.0256  0.0256  0.0256  0.0256  0.0256  0.0256  0.0256  0.0256  0.0256  0.0256
  0.0256  0.0256  0.0256  0.0256  0.0256  0.0256  0.0256  0.0256  0.0256  0.0256  0.0256  0.0256
  0.0256  0.0256  0.0256  0.0256  0.0256  0.0256  0.0256  0.0257  0.0256  0.0256  0.0256  0.0256
  0.0258  0.0257  0.0257  0.0258  0.0258  0.0257  0.0257  0.0258  0.0257  0.0258  0.0257  0.0256
  0.0259  0.0259  0.0257  0.0259  0.0260  0.0258  0.0259  0.0261  0.0259  0.0260  0.0257  0.0257
   -0.6186   22.3183   -1.2556  -16.0199  -19.3341  -13.6768
    3.1155   -1.8736   -3.5382   16.6935    1.8004  -10.5224
eta,q 0.97440  6.65094

---------------------------------------------------------------------
compute_vox2vox talsrcimg talsrcimg_to_711-2C_as_mni_average_305_t4 /opt/freesurfer/average/711-2C_as_mni_average_305
---------------------------------------------------------------------

freesurfer compute_vox2vox.c
Reading: talsrcimg.4dfp.ifh
Reading: talsrcimg_to_711-2C_as_mni_average_305_t4
Reading: /opt/freesurfer/average/711-2C_as_mni_average_305.4dfp.ifh
Writing: talsrcimg_to_711-2C_as_mni_average_305_t4_vox2vox.txt

start time Tue Mar 10 08:03:18 CET 2026
end		time Tue Mar 10 08:04:44 CET 2026

mpr2mni305 success

avi2talxfm orig_nu.mgz /opt/freesurfer/average/mni305.cor.mgz talsrcimg_to_711-2C_as_mni_average_305_t4_vox2vox.txt transforms/talairach.auto.xfm
avi2talxfm done
mv -f /out/sourcedata/freesurfer/sub-v2s0x29008_ses-1/mri/talsrcimg_to_711-2C_as_mni_average_305_t4_vox2vox.txt /out/sourcedata/freesurfer/sub-v2s0x29008_ses-1/mri/transforms/talsrcimg_to_711-2C_as_mni_average_305_t4_vox2vox.txt
lta_convert --src orig_nu.mgz --trg /opt/freesurfer/average/mni305.cor.mgz --inxfm transforms/talairach.auto.xfm --outlta transforms/talairach.auto.xfm.lta --subject fsaverage
7.3.2

--src: orig_nu.mgz src image (geometry).
--trg: /opt/freesurfer/average/mni305.cor.mgz trg image (geometry).
--inmni: transforms/talairach.auto.xfm input MNI/XFM transform.
--outlta: transforms/talairach.auto.xfm.lta output LTA.
--s: fsaverage subject name
 LTA read, type : 1
 1.18829   0.03381  -0.04148  -0.65883;
-0.01798   1.12942   0.14802  -49.46819;
 0.05584  -0.23225   1.20723  -21.91853;
 0.00000   0.00000   0.00000   1.00000;
setting subject to fsaverage
Writing  LTA to file transforms/talairach.auto.xfm.lta...
lta_convert successful.
 
 
Started at Tue Mar 10 08:03:18 CET 2026
Ended   at Tue Mar 10 08:04:45 CET 2026
talairach_avi done
