Logfile for bbregister
Tue Mar 10 10:46:43 CET 2026

setenv SUBJECTS_DIR /out/sourcedata/freesurfer
cd /out/sourcedata/freesurfer/sub-v2s0x29027_ses-1/scripts
/opt/freesurfer/bin/bbregister --s sub-v2s0x29027_ses-1 --mov /out/sourcedata/freesurfer/sub-v2s0x29027_ses-1/mri/orig/FLAIRraw.mgz --lta /out/sourcedata/freesurfer/sub-v2s0x29027_ses-1/mri/transforms/FLAIRraw.auto.lta --init-coreg --T2 --gm-proj-abs 2 --wm-proj-abs 1 --no-coreg-ref-mask

bbregister 7.3.2
Linux dna069 5.14.0-427.37.1.el9_4.x86_64 #1 SMP PREEMPT_DYNAMIC Fri Sep 13 12:41:50 EDT 2024 x86_64 x86_64 x86_64 GNU/Linux
FREESURFER_HOME /opt/freesurfer
mri_convert /out/sourcedata/freesurfer/sub-v2s0x29027_ses-1/mri/orig/FLAIRraw.mgz /out/sourcedata/freesurfer/sub-v2s0x29027_ses-1/mri/transforms/tmp.bbregister.2562566/template.nii
mri_convert /out/sourcedata/freesurfer/sub-v2s0x29027_ses-1/mri/orig/FLAIRraw.mgz /out/sourcedata/freesurfer/sub-v2s0x29027_ses-1/mri/transforms/tmp.bbregister.2562566/template.nii 
reading from /out/sourcedata/freesurfer/sub-v2s0x29027_ses-1/mri/orig/FLAIRraw.mgz...
TR=0.00, TE=0.00, TI=0.00, flip angle=0.00
i_ras = (-1, 0, 0)
j_ras = (0, 1, 0)
k_ras = (0, 0, 1)
writing to /out/sourcedata/freesurfer/sub-v2s0x29027_ses-1/mri/transforms/tmp.bbregister.2562566/template.nii...
mri_coreg --s sub-v2s0x29027_ses-1 --mov /out/sourcedata/freesurfer/sub-v2s0x29027_ses-1/mri/transforms/tmp.bbregister.2562566/template.nii --regdat /out/sourcedata/freesurfer/sub-v2s0x29027_ses-1/mri/transforms/tmp.bbregister.2562566/reg.init.dat --reg /out/sourcedata/freesurfer/sub-v2s0x29027_ses-1/mri/transforms/tmp.bbregister.2562566/mri_coreg.lta --nthreads 4 --dof 6 --sep 4 --ftol .0001 --linmintol .01 --no-ref-mask

$Id: mri_coreg.c,v 1.27 2016/04/30 15:11:49 greve Exp $
cwd /out/sourcedata/freesurfer/sub-v2s0x29027_ses-1/scripts
cmdline mri_coreg --s sub-v2s0x29027_ses-1 --mov /out/sourcedata/freesurfer/sub-v2s0x29027_ses-1/mri/transforms/tmp.bbregister.2562566/template.nii --regdat /out/sourcedata/freesurfer/sub-v2s0x29027_ses-1/mri/transforms/tmp.bbregister.2562566/reg.init.dat --reg /out/sourcedata/freesurfer/sub-v2s0x29027_ses-1/mri/transforms/tmp.bbregister.2562566/mri_coreg.lta --nthreads 4 --dof 6 --sep 4 --ftol .0001 --linmintol .01 --no-ref-mask 
sysname  Linux
hostname dna069
machine  x86_64
user     oesteban
dof    6
nsep    1
cras0    1
ftol    0.000100
linmintol    0.010000
bf       1
bflim    30.000000
bfnsamp    30
SmoothRef 0
SatPct    99.990000
MovOOB 0
optschema 1
Seed 53
Reading in mov /out/sourcedata/freesurfer/sub-v2s0x29027_ses-1/mri/transforms/tmp.bbregister.2562566/template.nii
Reading in ref /out/sourcedata/freesurfer/sub-v2s0x29027_ses-1/mri/brainmask.mgz
Setting cras translation parameters to align volume centers
Creating random numbers for coordinate dithering
Performing intensity dithering
Performing intensity dithering on mov with computed dither
Init matrix params -1.0562 -0.0273  3.1655  0.0000  0.0000  0.0000  1.0000  1.0000  1.0000  0.0000  0.0000  0.0000 
Initial parameters to be opt -1.0562 -0.0273  3.1655  0.0000  0.0000  0.0000 
Separation list (1):  4   min = 4
DoSmoothing 1
DoCoordDither 1
DoIntensityDither 1
nitersmax 4
ftol 1.000e-04
linmintol 1.000e-02
SatPct 99.990000
Hist FWHM 7.000000 7.000000
nthreads 4
movsat = 69.0000
mov gstd 1.8943 1.8943 1.8943
Smoothing mov
refsat = 114.0000
ref gstd 1.8914 1.8914 1.8914
Smoothing ref
COREGpreproc() done
Testing if mov and target overlap
Init cost   -1.0607818502
nhits = 176015 out of 16777216, Percent Overlap:  67.1
Initial  RefRAS-to-MovRAS
 1.00000   0.00000   0.00000  -1.05624;
 0.00000   1.00000   0.00000  -0.02733;
 0.00000   0.00000   1.00000   3.16551;
 0.00000   0.00000   0.00000   1.00000;
Initial  RefVox-to-MovVox
 1.02400   0.00000   0.00000  -37.55999;
 0.00000   0.00000   1.02400  -3.05999;
 0.00000  -1.02400   0.00000   258.05997;
 0.00000   0.00000   0.00000   1.00000;
sep = 4 -----------------------------------
COREGoptBruteForce() 30 1 30
Turning on MovOOB for BruteForce Search
#BF# sep= 4 iter=0 lim=30.0 delta=2.00  -1.05624  -0.02733   1.16551   0.00000   0.00000   0.00000   -1.0514266
Turning  MovOOB back off after brute force search


---------------------------------
Init Powel Params dof = 6: -1.056244 -0.027328 1.165512 0.000000 0.000000 0.000000 
Starting OpenPowel2(), sep = 4
InitialCost        -1.0622379780 
#@#  4  188  -1.05624 -0.02733 1.16551 0.00000 0.00000 0.00000   -1.0622380
fs_powell::minimize
  nparams 6
  maxfev 4
  ftol   0.000100
  linmin_xtol_   0.010000
  powell nthiter 0: fret = -1.062238
#@#  4  190  -0.05624 -0.02733 1.16551 0.00000 0.00000 0.00000   -1.0625927
#@#  4  194  -0.43821 -0.02733 1.16551 0.00000 0.00000 0.00000   -1.0627328
#@#  4  196  -0.37463 -0.02733 1.16551 0.00000 0.00000 0.00000   -1.0627396
#@#  4  198  -0.36395 -0.02733 1.16551 0.00000 0.00000 0.00000   -1.0627400
#@#  4  206  -0.36395 0.04037 1.16551 0.00000 0.00000 0.00000   -1.0627443
#@#  4  214  -0.36395 0.04037 1.54748 0.00000 0.00000 0.00000   -1.0627521
#@#  4  215  -0.36395 0.04037 1.37175 0.00000 0.00000 0.00000   -1.0627766
#@#  4  216  -0.36395 0.04037 1.36175 0.00000 0.00000 0.00000   -1.0627767
#@#  4  223  -0.36395 0.04037 1.36175 0.38197 0.00000 0.00000   -1.0628159
#@#  4  224  -0.36395 0.04037 1.36175 0.29189 0.00000 0.00000   -1.0628184
#@#  4  228  -0.36395 0.04037 1.36175 0.28189 0.00000 0.00000   -1.0628190
#@#  4  229  -0.36395 0.04037 1.36175 0.26515 0.00000 0.00000   -1.0628194
#@#  4  237  -0.36395 0.04037 1.36175 0.26515 -0.27411 0.00000   -1.0628413
#@#  4  239  -0.36395 0.04037 1.36175 0.26515 -0.25269 0.00000   -1.0628417
#@#  4  249  -0.36395 0.04037 1.36175 0.26515 -0.25269 -0.22861   -1.0628849
#@#  4  250  -0.36395 0.04037 1.36175 0.26515 -0.25269 -0.23861   -1.0628850
#@#  4  258  -0.09952 0.06622 1.43671 0.36642 -0.34920 -0.32975   -1.0629491
#@#  4  260  -0.11794 0.06442 1.43149 0.35937 -0.34248 -0.32339   -1.0629492
  powell nthiter 1: fret = -1.062949
#@#  4  269  -0.11794 0.06442 1.43149 0.35937 -0.34248 -0.40902   -1.0629531
#@#  4  281  -0.11794 -0.05419 1.43149 0.35937 -0.34248 -0.40902   -1.0629604
#@#  4  284  -0.11794 -0.06623 1.43149 0.35937 -0.34248 -0.40902   -1.0629607
#@#  4  291  -0.11794 -0.06623 1.53306 0.35937 -0.34248 -0.40902   -1.0629699
#@#  4  292  -0.11794 -0.06623 1.54306 0.35937 -0.34248 -0.40902   -1.0629704
#@#  4  294  -0.11794 -0.06623 1.55719 0.35937 -0.34248 -0.40902   -1.0629706
#@#  4  302  -0.11794 -0.06623 1.55719 0.45497 -0.34248 -0.40902   -1.0629718
#@#  4  314  -0.11794 -0.06623 1.55719 0.45497 -0.30864 -0.40902   -1.0629733
#@#  4  315  -0.11794 -0.06623 1.55719 0.45497 -0.28136 -0.40902   -1.0629742
#@#  4  327  -0.11102 -0.06555 1.55915 0.45762 -0.28388 -0.41140   -1.0629745
Powell done niters total = 1
OptTimeSec  4.3 sec
OptTimeMin  0.07 min
nEvals 328
Final optimized parameters  -0.11102063  -0.06555398   1.55915368   0.45762193  -0.28388456  -0.41140440 
Final matrix parameters -0.1041 -0.0649  1.5611  0.4603 -0.2864 -0.4138  1.0000  1.0000  1.0000  0.0000  0.0000  0.0000 
Final cost   -1.062974506805056
 

---------------------------------
Final  RefRAS-to-MovRAS
 0.99996  -0.00718  -0.00495  -0.11102;
 0.00722   0.99994   0.00799  -0.06555;
 0.00490  -0.00802   0.99996   1.55915;
 0.00000   0.00000   0.00000   1.00000;
Final  RefVox-to-MovVox
 1.02396  -0.00507   0.00735  -38.61330;
-0.00739  -0.00818   1.02394  -1.23405;
-0.00501  -1.02395  -0.00821   257.78604;
 0.00000   0.00000   0.00000   1.00000;
Final matrix parameters -0.1110 -0.0656  1.5592  0.4576 -0.2839 -0.4114  0.0000  0.0000  0.0000  0.0000  0.0000  0.0000 
Final opt parameters -0.1110 -0.0656  1.5592  0.4576 -0.2839 -0.4114 
nhits = 176030 out of 16777216, Percent Overlap:  67.2
mri_coreg RunTimeSec 40.4 sec
To check run:
   tkregisterfv --mov /out/sourcedata/freesurfer/sub-v2s0x29027_ses-1/mri/transforms/tmp.bbregister.2562566/template.nii --targ /out/sourcedata/freesurfer/sub-v2s0x29027_ses-1/mri/brainmask.mgz --reg /out/sourcedata/freesurfer/sub-v2s0x29027_ses-1/mri/transforms/tmp.bbregister.2562566/mri_coreg.lta --s sub-v2s0x29027_ses-1 --surfs 

mri_coreg done

mri_segreg --mov /out/sourcedata/freesurfer/sub-v2s0x29027_ses-1/mri/transforms/tmp.bbregister.2562566/template.nii --init-reg /out/sourcedata/freesurfer/sub-v2s0x29027_ses-1/mri/transforms/tmp.bbregister.2562566/reg.init.dat --out-reg /out/sourcedata/freesurfer/sub-v2s0x29027_ses-1/mri/transforms/tmp.bbregister.2562566/bbr.pass1.dat --subsamp-brute 100 --subsamp 100 --tol 1e-4 --tol1d 1e-3 --brute -4 4 4 --surf white --gm-proj-abs 2 --gm-gt-wm 0.5
7.3.2
setenv SUBJECTS_DIR /out/sourcedata/freesurfer
cd /out/sourcedata/freesurfer/sub-v2s0x29027_ses-1/scripts
mri_segreg --mov /out/sourcedata/freesurfer/sub-v2s0x29027_ses-1/mri/transforms/tmp.bbregister.2562566/template.nii --init-reg /out/sourcedata/freesurfer/sub-v2s0x29027_ses-1/mri/transforms/tmp.bbregister.2562566/reg.init.dat --out-reg /out/sourcedata/freesurfer/sub-v2s0x29027_ses-1/mri/transforms/tmp.bbregister.2562566/bbr.pass1.dat --subsamp-brute 100 --subsamp 100 --tol 1e-4 --tol1d 1e-3 --brute -4 4 4 --surf white --gm-proj-abs 2 --gm-gt-wm 0.5 
sysname  Linux
hostname dna069
machine  x86_64
user     oesteban
movvol /out/sourcedata/freesurfer/sub-v2s0x29027_ses-1/mri/transforms/tmp.bbregister.2562566/template.nii
regfile /out/sourcedata/freesurfer/sub-v2s0x29027_ses-1/mri/transforms/tmp.bbregister.2562566/reg.init.dat
subject sub-v2s0x29027_ses-1
dof 6
outregfile /out/sourcedata/freesurfer/sub-v2s0x29027_ses-1/mri/transforms/tmp.bbregister.2562566/bbr.pass1.dat
UseMask 0
UseLH 1
UseRH 1
nsubsamp 100
PenaltySign  -1
PenaltySlope 0.500000
PenaltyCenter 0.000000
surfname white
GMProjAbs 2.000000
WMProjAbs 2.000000
lhcostfile (null)
rhcostfile (null)
interp  trilinear (1)
frame  0
TolPowell 0.000100
nMaxItersPowell 36
n1dmin  3
Profile   0
Gdiag_no  -1
AddNoise  0 (0)
SynthSeed 1773896725
TransRandMax 0.000000
RotRandMax 0.000000
Translations 0.000000 0.000000 0.000000
Rotations   0.000000 0.000000 0.000000
Input reg
 0.99996  -0.00718  -0.00495   0.73691;
 0.00490  -0.00802   0.99996  -2.90390;
-0.00722  -0.99994  -0.00799   0.15896;
 0.00000   0.00000   0.00000   1.00000;

Loading mov
ExcludeZeroVoxels 1
Reading in targ vol /out/sourcedata/freesurfer/sub-v2s0x29027_ses-1/mri/orig.mgz
Projecting LH Surfs
Loading lh.white surf
GM Proj: 0 0.500000 2.000000
WM Proj: 0 0.500000 2.000000
Projecting RH Surfs
Loading rh.white surf
Projecting RH Surfs
Using lh.cortex.label
Using rh.cortex.label
Computing relative cost
 0  -25.0 -25.0 -25.0   1.049875
 1  -25.0 -25.0  25.0   1.049789
 2  -25.0  25.0 -25.0   1.059766
 3  -25.0  25.0  25.0   1.046213
 4   25.0 -25.0 -25.0   1.034163
 5   25.0 -25.0  25.0   1.027622
 6   25.0  25.0 -25.0   1.031784
 7   25.0  25.0  25.0   1.053525
REL:  8  0.538746    8.352738  1.044092 rel = 0.515995 
Initial costs ----------------
Number of surface hits 2540
WM  Intensity    35.8865 +/-   5.1464
Ctx Intensity    39.4998 +/-   9.2853
Pct Contrast      7.1834 +/-  30.2786
Cost   0.5387
RelCost   0.5160

------------------------------------
Brute force preopt -4 4 4, n = 729
     0  -4.0000  -4.0000  -4.0000  -4.0000  -4.0000  -4.0000      1.0372   1.0372  0.0
     4  -4.0000  -4.0000  -4.0000  -4.0000   0.0000   0.0000      1.0279   1.0279  0.0
     6  -4.0000  -4.0000  -4.0000  -4.0000   4.0000  -4.0000      1.0019   1.0019  0.0
    15  -4.0000  -4.0000  -4.0000   0.0000   4.0000  -4.0000      0.9226   0.9226  0.0
   265   0.0000  -4.0000  -4.0000   4.0000   0.0000   0.0000      0.9129   0.9129  0.0
   343   0.0000   0.0000  -4.0000   4.0000  -4.0000   0.0000      0.8992   0.8992  0.0
   346   0.0000   0.0000  -4.0000   4.0000   0.0000   0.0000      0.7941   0.7941  0.0
   364   0.0000   0.0000   0.0000   0.0000   0.0000   0.0000      0.5387   0.5387  0.0
Brute Force --------------------------
Min cost was 0.538746
Number of iterations   729
Search time 0.567678 sec
Parameters at best (transmm, rotdeg)
  0.000   0.000   0.000  0.000  0.000  0.000 
--------------------------------------------

Starting Powell Minimization
Init Powel Params dof = 6
0 0
1 0
2 0
3 0
4 0
5 0
fs_powell::minimize
  nparams 6
  maxfev 36
  ftol   0.000100
  linmin_xtol_   0.001000
  powell nthiter 0: fret = 0.538746
   6  0.382  0.000  0.000  0.000  0.000  0.000   0.5367717736
   7  0.262  0.000  0.000  0.000  0.000  0.000   0.5360052186
   9  0.301  0.000  0.000  0.000  0.000  0.000   0.5355419274
  11  0.306  0.000  0.000  0.000  0.000  0.000   0.5355047940
  12  0.312  0.000  0.000  0.000  0.000  0.000   0.5354867922
  13  0.313  0.000  0.000  0.000  0.000  0.000   0.5354862557
  23  0.313 -0.067  0.000  0.000  0.000  0.000   0.5341223068
  25  0.313 -0.069  0.000  0.000  0.000  0.000   0.5341133758
  39  0.313 -0.069  0.006  0.000  0.000  0.000   0.5340821869
  41  0.313 -0.069  0.005  0.000  0.000  0.000   0.5340806714
  44  0.313 -0.069  0.005  1.000  0.000  0.000   0.5188256676
  50  0.313 -0.069  0.005  0.970  0.000  0.000   0.5183389119
  54  0.313 -0.069  0.005  0.952  0.000  0.000   0.5179453054
  57  0.313 -0.069  0.005  0.951  0.000  0.000   0.5179446278
  65  0.313 -0.069  0.005  0.951 -0.027  0.000   0.5171463971
  67  0.313 -0.069  0.005  0.951 -0.073  0.000   0.5159194316
  71  0.313 -0.069  0.005  0.951 -0.075  0.000   0.5159086970
  83  0.313 -0.069  0.005  0.951 -0.075  0.007   0.5158260298
  84  0.313 -0.069  0.005  0.951 -0.075  0.016   0.5157901902
  85  0.313 -0.069  0.005  0.951 -0.075  0.015   0.5157867010
  powell nthiter 1: fret = 0.515787
  97  0.296 -0.069  0.005  0.951 -0.075  0.015   0.5155280663
  98  0.293 -0.069  0.005  0.951 -0.075  0.015   0.5155170998
  99  0.290 -0.069  0.005  0.951 -0.075  0.015   0.5155156362
 101  0.291 -0.069  0.005  0.951 -0.075  0.015   0.5155155676
 111  0.291 -0.099  0.005  0.951 -0.075  0.015   0.5151279948
 112  0.291 -0.101  0.005  0.951 -0.075  0.015   0.5151193622
 113  0.291 -0.106  0.005  0.951 -0.075  0.015   0.5151128562
 114  0.291 -0.105  0.005  0.951 -0.075  0.015   0.5151123467
 125  0.291 -0.105  0.008  0.951 -0.075  0.015   0.5150826317
 126  0.291 -0.105  0.009  0.951 -0.075  0.015   0.5150818299
 138  0.291 -0.105  0.009  0.944 -0.075  0.015   0.5149394122
 139  0.291 -0.105  0.009  0.943 -0.075  0.015   0.5149373873
 149  0.291 -0.105  0.009  0.943 -0.032  0.015   0.5149312470
 150  0.291 -0.105  0.009  0.943 -0.053  0.015   0.5146625427
 152  0.291 -0.105  0.009  0.943 -0.061  0.015   0.5146147238
 155  0.291 -0.105  0.009  0.943 -0.060  0.015   0.5146125451
 168  0.291 -0.105  0.009  0.943 -0.060  0.016   0.5146106537
  powell nthiter 2: fret = 0.514611
 180  0.281 -0.105  0.009  0.943 -0.060  0.016   0.5145594086
 181  0.282 -0.105  0.009  0.943 -0.060  0.016   0.5145571015
 182  0.283 -0.105  0.009  0.943 -0.060  0.016   0.5145568319
 195  0.283 -0.104  0.009  0.943 -0.060  0.016   0.5145432767
 196  0.283 -0.085  0.009  0.943 -0.060  0.016   0.5145403870
 198  0.283 -0.094  0.009  0.943 -0.060  0.016   0.5144579594
 200  0.283 -0.093  0.009  0.943 -0.060  0.016   0.5144562512
 211  0.283 -0.093  0.027  0.943 -0.060  0.016   0.5142636795
 212  0.283 -0.093  0.024  0.943 -0.060  0.016   0.5142430889
 225  0.283 -0.093  0.024  0.938 -0.060  0.016   0.5141377480
 228  0.283 -0.093  0.024  0.937 -0.060  0.016   0.5141356127
 238  0.283 -0.093  0.024  0.937 -0.041  0.016   0.5139475991
 239  0.283 -0.093  0.024  0.937 -0.042  0.016   0.5139459364
 240  0.283 -0.093  0.024  0.937 -0.043  0.016   0.5139449582
 242  0.283 -0.093  0.024  0.937 -0.044  0.016   0.5139442752
 244  0.283 -0.093  0.024  0.937 -0.045  0.016   0.5139441899
 257  0.283 -0.093  0.024  0.937 -0.045  0.019   0.5139273740
 260  0.275 -0.082  0.039  0.931 -0.029  0.022   0.5136432723
 267  0.276 -0.083  0.037  0.932 -0.031  0.021   0.5136376539
 271  0.276 -0.083  0.037  0.932 -0.031  0.021   0.5136376510
  powell nthiter 3: fret = 0.513638
 286  0.272 -0.083  0.037  0.932 -0.031  0.021   0.5136228867
 299  0.272 -0.107  0.037  0.932 -0.031  0.021   0.5136192539
 300  0.272 -0.095  0.037  0.932 -0.031  0.021   0.5134844452
 301  0.272 -0.094  0.037  0.932 -0.031  0.021   0.5134842328
 313  0.272 -0.094  0.037  0.932 -0.031  0.010   0.5134170992
 314  0.272 -0.094  0.037  0.932 -0.031  0.013   0.5133865285
 315  0.272 -0.094  0.037  0.932 -0.031  0.014   0.5133844381
 327  0.272 -0.094  0.037  0.936 -0.031  0.014   0.5133217002
 328  0.272 -0.094  0.037  0.937 -0.031  0.014   0.5133198774
 342  0.272 -0.094  0.037  0.937 -0.034  0.014   0.5133177553
 350  0.269 -0.090  0.042  0.935 -0.028  0.015   0.5132383622
 351  0.269 -0.089  0.043  0.935 -0.027  0.015   0.5132369030
 352  0.269 -0.089  0.043  0.935 -0.027  0.015   0.5132368801
  powell nthiter 4: fret = 0.513237
 364  0.267 -0.089  0.043  0.935 -0.027  0.015   0.5132345913
 377  0.267 -0.090  0.043  0.935 -0.027  0.015   0.5132232783
 378  0.267 -0.095  0.043  0.935 -0.027  0.015   0.5131975107
 380  0.267 -0.094  0.043  0.935 -0.027  0.015   0.5131975013
 393  0.267 -0.094  0.043  0.935 -0.027  0.013   0.5131771337
 394  0.267 -0.094  0.043  0.935 -0.027  0.012   0.5131761208
 406  0.267 -0.094  0.043  0.933 -0.027  0.012   0.5131698497
 417  0.267 -0.094  0.043  0.933 -0.028  0.012   0.5131631003
 419  0.267 -0.094  0.043  0.933 -0.035  0.012   0.5131565190
 420  0.267 -0.094  0.043  0.933 -0.032  0.012   0.5131520348
 428  0.264 -0.090  0.049  0.931 -0.026  0.013   0.5131455398
 429  0.265 -0.092  0.046  0.932 -0.029  0.012   0.5131341667
 430  0.265 -0.092  0.046  0.932 -0.029  0.012   0.5131339687
 436  0.262 -0.095  0.050  0.929 -0.030  0.009   0.5130620606
 439  0.256 -0.099  0.055  0.924 -0.033  0.005   0.5130101718
 440  0.256 -0.100  0.055  0.924 -0.034  0.004   0.5130080135
 441  0.255 -0.100  0.056  0.923 -0.034  0.003   0.5130057893
 446  0.255 -0.100  0.056  0.923 -0.034  0.003   0.5130055047
 451  0.255 -0.100  0.056  0.923 -0.034  0.003   0.5130052452
  powell nthiter 5: fret = 0.513005
 458  0.266 -0.100  0.056  0.923 -0.034  0.003   0.5129777204
 460  0.262 -0.100  0.056  0.923 -0.034  0.003   0.5129567367
 469  0.260 -0.099  0.058  0.922 -0.032  0.004   0.5129434474
 471  0.260 -0.099  0.058  0.922 -0.032  0.004   0.5129427468
 502  0.260 -0.099  0.058  0.921 -0.032  0.004   0.5129426454
 514  0.260 -0.099  0.058  0.921 -0.036  0.004   0.5129379809
 516  0.260 -0.099  0.058  0.921 -0.035  0.004   0.5129360526
 519  0.257 -0.101  0.061  0.918 -0.037  0.001   0.5129114761
 524  0.257 -0.102  0.061  0.918 -0.037  0.001   0.5129109716
 526  0.257 -0.102  0.062  0.918 -0.037  0.000   0.5129105480
 527  0.257 -0.102  0.062  0.917 -0.037  0.000   0.5129104197
 528  0.257 -0.102  0.062  0.918 -0.037  0.000   0.5129100029
 529  0.257 -0.102  0.062  0.918 -0.037  0.000   0.5129100018
  powell nthiter 6: fret = 0.512910
 545  0.260 -0.102  0.062  0.918 -0.037  0.000   0.5128990727
 554  0.259 -0.100  0.064  0.917 -0.035  0.001   0.5128882845
 555  0.259 -0.100  0.064  0.917 -0.035  0.001   0.5128882534
 556  0.259 -0.100  0.063  0.917 -0.035  0.001   0.5128880573
 558  0.259 -0.100  0.064  0.917 -0.035  0.001   0.5128878421
 560  0.259 -0.100  0.064  0.917 -0.035  0.001   0.5128878207
 601  0.259 -0.100  0.064  0.917 -0.036  0.001   0.5128869862
 604  0.256 -0.103  0.067  0.914 -0.038 -0.002   0.5128802404
 608  0.257 -0.102  0.066  0.915 -0.038 -0.001   0.5128738623
 610  0.257 -0.102  0.066  0.915 -0.038 -0.001   0.5128735436
 615  0.257 -0.102  0.066  0.915 -0.038 -0.001   0.5128729289
Powell done niters = 6
Computing relative cost
 0  -25.0 -25.0 -25.0   1.064004
 1  -25.0 -25.0  25.0   1.073467
 2  -25.0  25.0 -25.0   1.048731
 3  -25.0  25.0  25.0   1.027132
 4   25.0 -25.0 -25.0   1.025412
 5   25.0 -25.0  25.0   1.030495
 6   25.0  25.0 -25.0   1.037894
 7   25.0  25.0  25.0   1.047706
REL:  8  0.512873    8.354842  1.044355 rel = 0.491091 
Number of iterations     6
Min cost was 0.512873
Number of FunctionCalls   618
TolPowell 0.000100
nMaxItersPowell 36
OptimizationTime 0.483626 sec
Parameters at optimum (transmm)  0.25687 -0.10191  0.06574
Parameters at optimum (rotdeg)  0.91490 -0.03764 -0.00110 
Final costs ----------------
Number of surface hits 2540
WM  Intensity    35.6675 +/-   5.1381
Ctx Intensity    39.4006 +/-   9.6633
Pct Contrast      7.1638 +/-  32.6468
Cost   0.5129
RelCost   0.5160
Reg at min cost was 
 0.99997  -0.00652  -0.00494   0.99364;
 0.00499   0.00795   0.99996  -3.00800;
-0.00648  -0.99995   0.00798   0.17879;
 0.00000   0.00000   0.00000   1.00000;

Writing optimal reg to /out/sourcedata/freesurfer/sub-v2s0x29027_ses-1/mri/transforms/tmp.bbregister.2562566/bbr.pass1.dat, type = 14 
Original Reg 
 0.99996  -0.00718  -0.00495   0.73691;
 0.00490  -0.00802   0.99996  -2.90390;
-0.00722  -0.99994  -0.00799   0.15896;
 0.00000   0.00000   0.00000   1.00000;

Original Reg - Optimal Reg
-0.00000  -0.00066  -0.00001  -0.25674;
-0.00010  -0.01597  -0.00000   0.10409;
-0.00074   0.00001  -0.01596  -0.01983;
 0.00000   0.00000   0.00000   0.00000;

Computing change in lh position
LH rmsDiffMean 1.057981
Computing change in rh position
Surface-RMS-Diff-mm 1.073521 0.373142 1.777119
mri_segreg done
mri_segreg --mov /out/sourcedata/freesurfer/sub-v2s0x29027_ses-1/mri/transforms/tmp.bbregister.2562566/template.nii --init-reg /out/sourcedata/freesurfer/sub-v2s0x29027_ses-1/mri/transforms/tmp.bbregister.2562566/bbr.pass1.dat --out-reg /out/sourcedata/freesurfer/sub-v2s0x29027_ses-1/mri/transforms/FLAIRraw.auto.dat --interp trilinear --wm-proj-abs 1 --tol 1e-8 --tol1d 1e-3 --c0 0 --mincost /out/sourcedata/freesurfer/sub-v2s0x29027_ses-1/mri/transforms/FLAIRraw.auto.dat.mincost --dof 6 --nmax 36 --param /out/sourcedata/freesurfer/sub-v2s0x29027_ses-1/mri/transforms/FLAIRraw.auto.dat.param --surf white --brute -0.1 0.1 0.1 --cur-reg /out/sourcedata/freesurfer/sub-v2s0x29027_ses-1/mri/transforms/tmp.bbregister.2562566/reg.curopt.dat --gm-proj-abs 2 --nsub 1 --gm-gt-wm 0.5
7.3.2
setenv SUBJECTS_DIR /out/sourcedata/freesurfer
cd /out/sourcedata/freesurfer/sub-v2s0x29027_ses-1/scripts
mri_segreg --mov /out/sourcedata/freesurfer/sub-v2s0x29027_ses-1/mri/transforms/tmp.bbregister.2562566/template.nii --init-reg /out/sourcedata/freesurfer/sub-v2s0x29027_ses-1/mri/transforms/tmp.bbregister.2562566/bbr.pass1.dat --out-reg /out/sourcedata/freesurfer/sub-v2s0x29027_ses-1/mri/transforms/FLAIRraw.auto.dat --interp trilinear --wm-proj-abs 1 --tol 1e-8 --tol1d 1e-3 --c0 0 --mincost /out/sourcedata/freesurfer/sub-v2s0x29027_ses-1/mri/transforms/FLAIRraw.auto.dat.mincost --dof 6 --nmax 36 --param /out/sourcedata/freesurfer/sub-v2s0x29027_ses-1/mri/transforms/FLAIRraw.auto.dat.param --surf white --brute -0.1 0.1 0.1 --cur-reg /out/sourcedata/freesurfer/sub-v2s0x29027_ses-1/mri/transforms/tmp.bbregister.2562566/reg.curopt.dat --gm-proj-abs 2 --nsub 1 --gm-gt-wm 0.5 
sysname  Linux
hostname dna069
machine  x86_64
user     oesteban
movvol /out/sourcedata/freesurfer/sub-v2s0x29027_ses-1/mri/transforms/tmp.bbregister.2562566/template.nii
regfile /out/sourcedata/freesurfer/sub-v2s0x29027_ses-1/mri/transforms/tmp.bbregister.2562566/bbr.pass1.dat
subject sub-v2s0x29027_ses-1
dof 6
outregfile /out/sourcedata/freesurfer/sub-v2s0x29027_ses-1/mri/transforms/FLAIRraw.auto.dat
UseMask 0
UseLH 1
UseRH 1
nsubsamp 1
PenaltySign  -1
PenaltySlope 0.500000
PenaltyCenter 0.000000
surfname white
GMProjAbs 2.000000
WMProjAbs 1.000000
lhcostfile (null)
rhcostfile (null)
interp  trilinear (1)
frame  0
TolPowell 0.000000
nMaxItersPowell 36
n1dmin  3
Profile   0
Gdiag_no  -1
AddNoise  0 (0)
SynthSeed 1773887843
TransRandMax 0.000000
RotRandMax 0.000000
Translations 0.000000 0.000000 0.000000
Rotations   0.000000 0.000000 0.000000
Input reg
 0.99997  -0.00652  -0.00494   0.99364;
 0.00499   0.00795   0.99996  -3.00800;
-0.00648  -0.99995   0.00798   0.17879;
 0.00000   0.00000   0.00000   1.00000;

Loading mov
ExcludeZeroVoxels 1
Reading in targ vol /out/sourcedata/freesurfer/sub-v2s0x29027_ses-1/mri/orig.mgz
Projecting LH Surfs
Loading lh.white surf
GM Proj: 0 0.500000 2.000000
WM Proj: 0 0.500000 1.000000
Projecting RH Surfs
Loading rh.white surf
Projecting RH Surfs
Using lh.cortex.label
Using rh.cortex.label
Computing relative cost
 0  -25.0 -25.0 -25.0   1.041157
 1  -25.0 -25.0  25.0   1.034977
 2  -25.0  25.0 -25.0   1.051616
 3  -25.0  25.0  25.0   1.036840
 4   25.0 -25.0 -25.0   1.037380
 5   25.0 -25.0  25.0   1.027191
 6   25.0  25.0 -25.0   1.034773
 7   25.0  25.0  25.0   1.021912
REL:  8  0.576891    8.285844  1.035730 rel = 0.55699 
Initial costs ----------------
Number of surface hits 253858
WM  Intensity    36.6116 +/-   5.0077
Ctx Intensity    39.5179 +/-   9.6260
Pct Contrast      4.9169 +/-  31.8386
Cost   0.5769
RelCost   0.5570

------------------------------------
Brute force preopt -0.1 0.1 0.1, n = 729
     0  -0.1000  -0.1000  -0.1000  -0.1000  -0.1000  -0.1000      0.5718   0.5718  0.0
     3  -0.1000  -0.1000  -0.1000  -0.1000   0.0000  -0.1000      0.5700   0.5700  0.0
     9  -0.1000  -0.1000  -0.1000   0.0000  -0.1000  -0.1000      0.5674   0.5674  0.0
    12  -0.1000  -0.1000  -0.1000   0.0000   0.0000  -0.1000      0.5666   0.5666  0.0
   246   0.0000  -0.1000  -0.1000  -0.1000   0.0000  -0.1000      0.5666   0.5666  0.0
   255   0.0000  -0.1000  -0.1000   0.0000   0.0000  -0.1000      0.5664   0.5664  0.0
Brute Force --------------------------
Min cost was 0.566441
Number of iterations   729
Search time 0.560423 sec
Parameters at best (transmm, rotdeg)
  0.000  -0.100  -0.100  0.000  0.000 -0.100 
--------------------------------------------

Starting Powell Minimization
Init Powel Params dof = 6
0 0
1 -0.1
2 -0.1
3 0
4 0
5 -0.1
fs_powell::minimize
  nparams 6
  maxfev 36
  ftol   0.000000
  linmin_xtol_   0.001000
  powell nthiter 0: fret = 0.569237
   7  0.046 -0.100 -0.100  0.000  0.000 -0.100   0.5686562939
   8  0.114 -0.100 -0.100  0.000  0.000 -0.100   0.5682877296
  10  0.099 -0.100 -0.100  0.000  0.000 -0.100   0.5682685609
  12  0.103 -0.100 -0.100  0.000  0.000 -0.100   0.5682651292
  13  0.104 -0.100 -0.100  0.000  0.000 -0.100   0.5682651235
  21  0.104 -0.353 -0.100  0.000  0.000 -0.100   0.5641506298
  22  0.104 -0.346 -0.100  0.000  0.000 -0.100   0.5641441733
  23  0.104 -0.344 -0.100  0.000  0.000 -0.100   0.5641434626
  24  0.104 -0.342 -0.100  0.000  0.000 -0.100   0.5641431220
  27  0.104 -0.341 -0.100  0.000  0.000 -0.100   0.5641429513
  35  0.104 -0.341 -0.244  0.000  0.000 -0.100   0.5631042084
  37  0.104 -0.341 -0.225  0.000  0.000 -0.100   0.5630707048
  40  0.104 -0.341 -0.222  0.000  0.000 -0.100   0.5630705755
  49  0.104 -0.341 -0.222  0.004  0.000 -0.100   0.5630270915
  50  0.104 -0.341 -0.222  0.071  0.000 -0.100   0.5626654226
  52  0.104 -0.341 -0.222  0.067  0.000 -0.100   0.5626536779
  53  0.104 -0.341 -0.222  0.057  0.000 -0.100   0.5626438610
  55  0.104 -0.341 -0.222  0.059  0.000 -0.100   0.5626425884
  56  0.104 -0.341 -0.222  0.060  0.000 -0.100   0.5626421600
  65  0.104 -0.341 -0.222  0.060  0.172 -0.100   0.5614576155
  68  0.104 -0.341 -0.222  0.060  0.171 -0.100   0.5614575662
  75  0.104 -0.341 -0.222  0.060  0.171 -0.147   0.5610900976
  77  0.104 -0.341 -0.222  0.060  0.171 -0.173   0.5610055784
  78  0.104 -0.341 -0.222  0.060  0.171 -0.176   0.5610021260
  79  0.104 -0.341 -0.222  0.060  0.171 -0.182   0.5610017109
  81  0.104 -0.341 -0.222  0.060  0.171 -0.179   0.5610006295
  powell nthiter 1: fret = 0.561001
  91  0.000 -0.341 -0.222  0.060  0.171 -0.179   0.5606093208
  93  0.007 -0.341 -0.222  0.060  0.171 -0.179   0.5606025452
  94  0.009 -0.341 -0.222  0.060  0.171 -0.179   0.5606019122
 104  0.009 -0.350 -0.222  0.060  0.171 -0.179   0.5605938166
 105  0.009 -0.351 -0.222  0.060  0.171 -0.179   0.5605936324
 113  0.009 -0.351 -0.356  0.060  0.171 -0.179   0.5598126142
 116  0.009 -0.351 -0.351  0.060  0.171 -0.179   0.5598106627
 126  0.009 -0.351 -0.351  0.081  0.171 -0.179   0.5597096422
 129  0.009 -0.351 -0.351  0.090  0.171 -0.179   0.5596920377
 130  0.009 -0.351 -0.351  0.097  0.171 -0.179   0.5596914130
 131  0.009 -0.351 -0.351  0.094  0.171 -0.179   0.5596906774
 132  0.009 -0.351 -0.351  0.095  0.171 -0.179   0.5596901933
 140  0.009 -0.351 -0.351  0.095  0.149 -0.179   0.5596836237
 141  0.009 -0.351 -0.351  0.095  0.156 -0.179   0.5596749060
 142  0.009 -0.351 -0.351  0.095  0.159 -0.179   0.5596746051
 151  0.009 -0.351 -0.351  0.095  0.159 -0.224   0.5595365437
 153  0.009 -0.351 -0.351  0.095  0.159 -0.218   0.5595297975
 155  0.009 -0.351 -0.351  0.095  0.159 -0.213   0.5595263704
 156  0.009 -0.351 -0.351  0.095  0.159 -0.212   0.5595259062
 165 -0.027 -0.355 -0.400  0.108  0.154 -0.224   0.5593271917
 166 -0.033 -0.355 -0.409  0.110  0.153 -0.226   0.5593210490
 168 -0.033 -0.355 -0.409  0.110  0.153 -0.226   0.5593207772
  powell nthiter 2: fret = 0.559321
 181 -0.037 -0.355 -0.409  0.110  0.153 -0.226   0.5593178776
 182 -0.039 -0.355 -0.409  0.110  0.153 -0.226   0.5593173867
 191 -0.040 -0.396 -0.409  0.110  0.153 -0.226   0.5592127254
 194 -0.040 -0.398 -0.409  0.110  0.153 -0.226   0.5592125214
 202 -0.040 -0.398 -0.409  0.110  0.153 -0.250   0.5591091172
 203 -0.040 -0.398 -0.409  0.110  0.153 -0.282   0.5590344536
 217 -0.040 -0.398 -0.409  0.096  0.153 -0.282   0.5590280046
 220 -0.040 -0.398 -0.409  0.095  0.153 -0.282   0.5590279818
 228 -0.040 -0.398 -0.409  0.095  0.160 -0.282   0.5590140518
 229 -0.040 -0.398 -0.409  0.095  0.178 -0.282   0.5590051274
 231 -0.040 -0.398 -0.409  0.095  0.173 -0.282   0.5590039050
 233 -0.040 -0.398 -0.409  0.095  0.172 -0.282   0.5590038126
 235 -0.040 -0.398 -0.409  0.095  0.171 -0.282   0.5590036590
 242 -0.076 -0.402 -0.458  0.108  0.166 -0.294   0.5589738575
 243 -0.061 -0.400 -0.438  0.103  0.168 -0.289   0.5589640066
 246 -0.060 -0.400 -0.437  0.102  0.168 -0.289   0.5589639526
 247 -0.060 -0.400 -0.437  0.102  0.168 -0.289   0.5589636993
 249 -0.060 -0.400 -0.436  0.102  0.168 -0.288   0.5589636057
 250 -0.060 -0.400 -0.436  0.102  0.168 -0.288   0.5589635427
  powell nthiter 3: fret = 0.558964
 261 -0.065 -0.400 -0.436  0.102  0.168 -0.288   0.5589616124
 262 -0.063 -0.400 -0.436  0.102  0.168 -0.288   0.5589613206
 270 -0.063 -0.393 -0.436  0.102  0.168 -0.288   0.5589586983
 281 -0.063 -0.394 -0.436  0.102  0.168 -0.309   0.5589119557
 291 -0.063 -0.394 -0.436  0.070  0.168 -0.309   0.5588855637
 293 -0.063 -0.394 -0.436  0.064  0.168 -0.309   0.5588804836
 295 -0.063 -0.394 -0.436  0.056  0.168 -0.309   0.5588748318
 306 -0.063 -0.394 -0.436  0.056  0.169 -0.309   0.5588735006
 307 -0.063 -0.394 -0.436  0.056  0.175 -0.309   0.5588711362
 310 -0.063 -0.394 -0.436  0.056  0.172 -0.309   0.5588710896
 317 -0.099 -0.398 -0.485  0.069  0.168 -0.321   0.5587614668
 319 -0.089 -0.397 -0.471  0.065  0.169 -0.318   0.5587383689
 321 -0.090 -0.397 -0.473  0.065  0.169 -0.318   0.5587373545
  powell nthiter 4: fret = 0.558737
 336 -0.093 -0.397 -0.473  0.065  0.169 -0.318   0.5587357227
 346 -0.093 -0.390 -0.473  0.065  0.169 -0.318   0.5587356684
 348 -0.093 -0.394 -0.473  0.065  0.169 -0.318   0.5587334237
 357 -0.093 -0.394 -0.473  0.065  0.169 -0.319   0.5587316004
 359 -0.093 -0.394 -0.473  0.065  0.169 -0.325   0.5587256065
 370 -0.093 -0.394 -0.473  0.070  0.169 -0.325   0.5587222889
 372 -0.093 -0.394 -0.473  0.069  0.169 -0.325   0.5587219423
 380 -0.093 -0.394 -0.473  0.069  0.176 -0.325   0.5587176705
 382 -0.093 -0.394 -0.473  0.069  0.174 -0.325   0.5587168868
 391 -0.097 -0.394 -0.478  0.071  0.174 -0.326   0.5587139954
 392 -0.096 -0.394 -0.477  0.070  0.174 -0.326   0.5587137976
 394 -0.096 -0.394 -0.477  0.070  0.174 -0.326   0.5587137365
 396 -0.103 -0.391 -0.482  0.075  0.179 -0.334   0.5587131148
  powell nthiter 5: fret = 0.558714
 405 -0.100 -0.394 -0.477  0.070  0.174 -0.326   0.5587111999
 426 -0.100 -0.394 -0.477  0.070  0.174 -0.335   0.5587098409
 427 -0.100 -0.394 -0.477  0.070  0.174 -0.331   0.5587067623
 438 -0.100 -0.394 -0.477  0.072  0.174 -0.331   0.5587062848
 447 -0.100 -0.394 -0.477  0.073  0.175 -0.331   0.5587057087
 459 -0.100 -0.394 -0.477  0.073  0.175 -0.331   0.5587056901
 466 -0.104 -0.394 -0.476  0.076  0.176 -0.335   0.5587044968
 472 -0.102 -0.394 -0.476  0.075  0.176 -0.334   0.5587042049
 476 -0.102 -0.394 -0.476  0.075  0.176 -0.334   0.5587037645
  powell nthiter 6: fret = 0.558704
 489 -0.107 -0.394 -0.476  0.075  0.176 -0.334   0.5587000233
 491 -0.106 -0.394 -0.476  0.075  0.176 -0.334   0.5587000011
 501 -0.106 -0.392 -0.476  0.075  0.176 -0.334   0.5586998098
 515 -0.106 -0.392 -0.476  0.075  0.176 -0.334   0.5586997791
 516 -0.106 -0.392 -0.476  0.075  0.176 -0.334   0.5586997646
 526 -0.106 -0.392 -0.476  0.071  0.176 -0.334   0.5586986831
 539 -0.106 -0.392 -0.476  0.071  0.177 -0.334   0.5586986163
 541 -0.110 -0.392 -0.476  0.074  0.178 -0.338   0.5586957361
 550 -0.110 -0.392 -0.476  0.074  0.178 -0.338   0.5586956934
  powell nthiter 7: fret = 0.558696
 564 -0.111 -0.392 -0.476  0.074  0.178 -0.338   0.5586954888
 574 -0.111 -0.391 -0.476  0.074  0.178 -0.338   0.5586951435
 585 -0.111 -0.391 -0.475  0.073  0.178 -0.338   0.5586949003
 596 -0.111 -0.391 -0.475  0.069  0.178 -0.338   0.5586942459
 597 -0.111 -0.391 -0.475  0.071  0.178 -0.338   0.5586938942
 606 -0.111 -0.391 -0.475  0.071  0.177 -0.338   0.5586931443
 609 -0.114 -0.391 -0.474  0.073  0.178 -0.343   0.5586931408
 614 -0.114 -0.391 -0.474  0.073  0.178 -0.342   0.5586930450
 615 -0.114 -0.391 -0.474  0.073  0.178 -0.342   0.5586927097
 622 -0.114 -0.391 -0.474  0.073  0.178 -0.342   0.5586927019
 623 -0.118 -0.390 -0.473  0.072  0.178 -0.345   0.5586919288
  powell nthiter 8: fret = 0.558693
 669 -0.115 -0.391 -0.474  0.071  0.178 -0.342   0.5586913314
 693 -0.115 -0.391 -0.474  0.071  0.178 -0.342   0.5586912966
 695 -0.115 -0.391 -0.474  0.071  0.178 -0.342   0.5586912745
  powell nthiter 9: fret = 0.558691
 725 -0.113 -0.391 -0.472  0.070  0.178 -0.341   0.5586907140
 726 -0.113 -0.391 -0.472  0.070  0.178 -0.341   0.5586902641
 729 -0.113 -0.391 -0.472  0.070  0.178 -0.341   0.5586902278
 749 -0.113 -0.391 -0.472  0.070  0.177 -0.341   0.5586901470
 750 -0.113 -0.391 -0.472  0.070  0.176 -0.341   0.5586895935
 764 -0.113 -0.391 -0.472  0.070  0.176 -0.341   0.5586895723
 765 -0.113 -0.391 -0.472  0.070  0.176 -0.341   0.5586895308
 767 -0.113 -0.391 -0.472  0.070  0.176 -0.341   0.5586894983
  powell nthiter 10: fret = 0.558689
 778 -0.114 -0.391 -0.472  0.070  0.176 -0.341   0.5586894852
 840 -0.114 -0.391 -0.472  0.070  0.176 -0.341   0.5586894832
Powell done niters = 10
Computing relative cost
 0  -25.0 -25.0 -25.0   1.039695
 1  -25.0 -25.0  25.0   1.034206
 2  -25.0  25.0 -25.0   1.046614
 3  -25.0  25.0  25.0   1.040748
 4   25.0 -25.0 -25.0   1.036921
 5   25.0 -25.0  25.0   1.026964
 6   25.0  25.0 -25.0   1.031581
 7   25.0  25.0  25.0   1.023703
REL:  8  0.558689    8.280431  1.035054 rel = 0.539769 
Number of iterations    10
Min cost was 0.558689
Number of FunctionCalls   841
TolPowell 0.000000
nMaxItersPowell 36
OptimizationTime 26.598465 sec
Parameters at optimum (transmm) -0.11406 -0.39077 -0.47218
Parameters at optimum (rotdeg)  0.07034  0.17588 -0.34123 
Final costs ----------------
Number of surface hits 253858
WM  Intensity    36.7516 +/-   5.0293
Ctx Intensity    39.6846 +/-   9.5290
Pct Contrast      5.0298 +/-  31.4833
Cost   0.5587
RelCost   0.5570
Reg at min cost was 
 0.99995  -0.00954   0.00104   0.86218;
-0.00095   0.00923   0.99996  -3.40485;
-0.00955  -0.99991   0.00922  -0.30013;
 0.00000   0.00000   0.00000   1.00000;

Writing optimal reg to /out/sourcedata/freesurfer/sub-v2s0x29027_ses-1/mri/transforms/FLAIRraw.auto.dat, type = 14 
Original Reg 
 0.99997  -0.00652  -0.00494   0.99364;
 0.00499   0.00795   0.99996  -3.00800;
-0.00648  -0.99995   0.00798   0.17879;
 0.00000   0.00000   0.00000   1.00000;

Original Reg - Optimal Reg
 0.00001   0.00301  -0.00598   0.13147;
 0.00595  -0.00128  -0.00000   0.39685;
 0.00306  -0.00004  -0.00124   0.47892;
 0.00000   0.00000   0.00000   0.00000;

Computing change in lh position
LH rmsDiffMean 0.497284
Computing change in rh position
Surface-RMS-Diff-mm 0.642593 0.190112 1.025777
mri_segreg done
MinCost: 0.558689 36.751575 39.684610 5.029847 
tkregister2_cmdl --mov /out/sourcedata/freesurfer/sub-v2s0x29027_ses-1/mri/orig/FLAIRraw.mgz --reg /out/sourcedata/freesurfer/sub-v2s0x29027_ses-1/mri/transforms/FLAIRraw.auto.dat --noedit --ltaout /out/sourcedata/freesurfer/sub-v2s0x29027_ses-1/mri/transforms/FLAIRraw.auto.lta
INFO: no target volume specified, assuming FreeSurfer orig volume.
target  volume orig
movable volume /out/sourcedata/freesurfer/sub-v2s0x29027_ses-1/mri/orig/FLAIRraw.mgz
reg file       /out/sourcedata/freesurfer/sub-v2s0x29027_ses-1/mri/transforms/FLAIRraw.auto.dat
LoadVol        0
ZeroCRAS       0
7.3.2
Diagnostic Level -1
---- Input registration matrix --------
 0.99995  -0.00954   0.00104   0.86218;
-0.00095   0.00923   0.99996  -3.40485;
-0.00955  -0.99991   0.00922  -0.30013;
 0.00000   0.00000   0.00000   1.00000;
float2int = 0
---------------------------------------
INFO: loading target /out/sourcedata/freesurfer/sub-v2s0x29027_ses-1/mri/orig.mgz
Ttarg: --------------------
-1.00000   0.00000   0.00000   128.00000;
 0.00000   0.00000   1.00000  -128.00000;
 0.00000  -1.00000   0.00000   128.00000;
 0.00000   0.00000   0.00000   1.00000;
INFO: loading movable /out/sourcedata/freesurfer/sub-v2s0x29027_ses-1/mri/orig/FLAIRraw.mgz
Tmov: --------------------
-0.97656   0.00000   0.00000   91.30859;
 0.00000   0.00000   0.97656  -125.00000;
 0.00000  -0.97656   0.00000   125.00000;
 0.00000   0.00000   0.00000   1.00000;
mkheaderreg = 0, float2int = 0
---- Input registration matrix --------
 0.99995  -0.00954   0.00104   0.86218;
-0.00095   0.00923   0.99996  -3.40485;
-0.00955  -0.99991   0.00922  -0.30013;
 0.00000   0.00000   0.00000   1.00000;
Determinant 1
subject = sub-v2s0x29027_ses-1
RegMat ---------------------------
 0.99995  -0.00954   0.00104   0.86218;
-0.00095   0.00923   0.99996  -3.40485;
-0.00955  -0.99991   0.00922  -0.30013;
 0.00000   0.00000   0.00000   1.00000;
Cleaning up
 
Started at Tue Mar 10 10:46:43 CET 2026 
Ended   at Tue Mar 10 10:47:56 CET 2026
BBR-Run-Time-Sec 73
 
bbregister Done
To check results, run:
tkregisterfv --mov /out/sourcedata/freesurfer/sub-v2s0x29027_ses-1/mri/orig/FLAIRraw.mgz --reg /out/sourcedata/freesurfer/sub-v2s0x29027_ses-1/mri/transforms/FLAIRraw.auto.lta --surfs  --sd /out/sourcedata/freesurfer
