/out/sourcedata/freesurfer/sub-v2s0x29038_ses-1/mri
/opt/freesurfer/bin/talairach_avi
--i orig_nu.mgz --xfm transforms/talairach.auto.xfm
talairach_avi 7.3.2
Linux dna006 5.14.0-427.37.1.el9_4.x86_64 #1 SMP PREEMPT_DYNAMIC Fri Sep 13 12:41:50 EDT 2024 x86_64 x86_64 x86_64 GNU/Linux
Tue Mar 10 09:45:02 CET 2026
mri_convert orig_nu.mgz talsrcimg.img 
reading from orig_nu.mgz...
TR=0.00, TE=0.00, TI=0.00, flip angle=0.00
i_ras = (-1, 0, 0)
j_ras = (0, 0, -1)
k_ras = (0, 1, 0)
writing to talsrcimg.img...
Analyze Output Matrix
-1.00000   0.00000   0.00000   129.77406;
 0.00000   0.00000   1.00000  -88.68123;
 0.00000  -1.00000   0.00000   110.26158;
 0.00000   0.00000   0.00000   1.00000;
--------------------
INFO: set hdr.hist.orient to -1
mpr2mni305 talsrcimg
Tue Mar 10 09:45:03 CET 2026
/opt/freesurfer/bin/mpr2mni305 talsrcimg
mpr2mni305 7.3.2
target=711-2C_as_mni_average_305

---------------------------------------------------------------------
analyzeto4dfp talsrcimg -O0 -y
---------------------------------------------------------------------

freesurfer ifh2hdr.c
Tue Mar 10 09:45:03 2026
Writing: talsrcimg.4dfp.hdr
freesurfer analyzeto4dfp.c
Reading: talsrcimg.hdr
header size 348 bytes
hdr.dime.datatype	offset=70	value=2
hdr.dime.bitpix		offset=72	value=8
hdr.hist.orient		offset=252	value=-1
dimensionality     4
dimensions       256       256       256         1
Reading: talsrcimg.img
Writing: talsrcimg.4dfp.img
Writing: talsrcimg.4dfp.ifh
ifh2hdr talsrcimg -r0to251
ori=2

---------------------------------------------------------------------
gauss_4dfp talsrcimg 1.1
---------------------------------------------------------------------

freesurfer gauss_4dfp.c
Reading: talsrcimg.4dfp.img
Writing: talsrcimg_g11.4dfp.img
image dimensions 256 256 256 padded to 288 288 288
processing volume 1freesurfer ifh2hdr.c
Tue Mar 10 09:45:05 2026
Writing: talsrcimg_g11.4dfp.hdr

Writing: talsrcimg_g11.4dfp.ifh
including: talsrcimg.4dfp.img.rec in talsrcimg_g11.4dfp.img.rec

---------------------------------------------------------------------
imgreg_4dfp /opt/freesurfer/average/711-2C_as_mni_average_305 none talsrcimg_g11 none talsrcimg_to_711-2C_as_mni_average_305_t4 4355
---------------------------------------------------------------------

freesurfer imgreg_4dfp.c
/opt/freesurfer/average/711-2C_as_mni_average_305.4dfp.img
       256       256       256         1
  1.000000  1.000000  1.000000
orientation T byte_order littleendian
Reading image: /opt/freesurfer/average/711-2C_as_mni_average_305.4dfp.img
dimensions:      256       256       256
mmppix:       1.0000   -1.0000   -1.0000
center:     128.0000 -129.0000 -129.0000
talsrcimg_g11.4dfp.img
       256       256       256         1
  1.000000  1.000000  1.000000
orientation T byte_order littleendian
Reading image: talsrcimg_g11.4dfp.img
dimensions:      256       256       256
mmppix:       1.0000   -1.0000   -1.0000
center:     128.0000 -129.0000 -129.0000
t4_read: open error in t4_sub.f l:  41 t4_file(1:l)talsrcimg_to_711-2C_as_mni_average_305_t4 
t4_read: transform initialized to I4
rotation matrix determinant  1.000000
image alignment mode   4355 decimal     1103 hex
   -7.5000  -45.0000  -45.0000 5295.0522   12.5789
    0.0000  -45.0000  -45.0000 5507.6577   12.5735
    7.5000  -45.0000  -45.0000 5261.5928   12.5676
   -7.5000  -37.5000  -45.0000 5939.0420   12.1649
    0.0000  -37.5000  -45.0000 6168.9854   12.1590
    7.5000  -37.5000  -45.0000 5896.2080   12.1562
   -7.5000  -30.0000  -45.0000 6801.8682   11.9051
    0.0000  -30.0000  -45.0000 7094.7188   11.9013
    7.5000  -30.0000  -45.0000 6781.0400   11.9008
   -7.5000  -22.5000  -45.0000 7727.6831   11.7144
    0.0000  -22.5000  -45.0000 8089.0186   11.7089
    7.5000  -22.5000  -45.0000 7729.2793   11.7072
   -7.5000  -15.0000  -45.0000 8729.4863   11.6252
    0.0000  -15.0000  -45.0000 9144.7207   11.6165
    7.5000  -15.0000  -45.0000 8721.2080   11.6109
   -7.5000   -7.5000  -45.0000 9778.7783   11.6193
    0.0000   -7.5000  -45.000010247.3164   11.6104
    7.5000   -7.5000  -45.0000 9764.8604   11.6025
   -7.5000    0.0000  -45.000010790.0215   11.6175
    0.0000    0.0000  -45.000011307.1328   11.6111
    7.5000    0.0000  -45.000010763.7256   11.6040
   -7.5000    7.5000  -45.000011003.0742   11.6178
    0.0000    7.5000  -45.000011510.1543   11.6142
    7.5000    7.5000  -45.000010944.5898   11.6105
   -7.5000   15.0000  -45.000010939.2734   11.6205
    0.0000   15.0000  -45.000011443.9092   11.6176
    7.5000   15.0000  -45.000010879.1826   11.6170
   -7.5000   22.5000  -45.000010713.9053   11.6223
    0.0000   22.5000  -45.000011258.0195   11.6168
    7.5000   22.5000  -45.000010709.3574   11.6152
   -7.5000   30.0000  -45.000010458.8350   11.4680
    0.0000   30.0000  -45.000010996.6768   11.4595
    7.5000   30.0000  -45.000010466.0879   11.4540
   -7.5000   37.5000  -45.000010569.6475   11.4644
    0.0000   37.5000  -45.000011105.6748   11.4557
    7.5000   37.5000  -45.000010566.2725   11.4479
   -7.5000   45.0000  -45.000010297.9141   11.1716
    0.0000   45.0000  -45.000010817.2363   11.1655
    7.5000   45.0000  -45.000010285.6582   11.1586
   -7.5000  -45.0000  -37.5000 5601.8535   12.5353
    0.0000  -45.0000  -37.5000 5826.2168   12.5296
    7.5000  -45.0000  -37.5000 5550.2163   12.5247
   -7.5000  -37.5000  -37.5000 6268.7920   12.1234
    0.0000  -37.5000  -37.5000 6526.3511   12.1166
    7.5000  -37.5000  -37.5000 6224.1289   12.1140
   -7.5000  -30.0000  -37.5000 7191.7466   11.8661
    0.0000  -30.0000  -37.5000 7517.8423   11.8609
    7.5000  -30.0000  -37.5000 7172.0435   11.8592
   -7.5000  -22.5000  -37.5000 8198.5244   11.6770
    0.0000  -22.5000  -37.5000 8588.7861   11.6705
    7.5000  -22.5000  -37.5000 8192.3604   11.6681
   -7.5000  -15.0000  -37.5000 9280.0342   11.5887
    0.0000  -15.0000  -37.5000 9734.7109   11.5797
    7.5000  -15.0000  -37.5000 9262.5898   11.5749
   -7.5000   -7.5000  -37.500010404.2119   11.5829
    0.0000   -7.5000  -37.500010913.2217   11.5740
    7.5000   -7.5000  -37.500010380.8330   11.5677
   -7.5000    0.0000  -37.500011475.6406   11.5808
    0.0000    0.0000  -37.500012030.8369   11.5742
    7.5000    0.0000  -37.500011446.5479   11.5685
   -7.5000    7.5000  -37.500011667.6660   11.5806
    0.0000    7.5000  -37.500012206.8936   11.5762
    7.5000    7.5000  -37.500011607.3398   11.5725
   -7.5000   15.0000  -37.500011600.5723   11.5834
    0.0000   15.0000  -37.500012135.5400   11.5791
    7.5000   15.0000  -37.500011551.8086   11.5774
   -7.5000   22.5000  -37.500011378.7217   11.5856
    0.0000   22.5000  -37.500011945.9297   11.5791
    7.5000   22.5000  -37.500011364.0439   11.5767
   -7.5000   30.0000  -37.500011101.6270   11.4320
    0.0000   30.0000  -37.500011656.5264   11.4232
    7.5000   30.0000  -37.500011096.1025   11.4185
   -7.5000   37.5000  -37.500011185.4697   11.4286
    0.0000   37.5000  -37.500011727.8740   11.4197
    7.5000   37.5000  -37.500011162.6396   11.4136
   -7.5000   45.0000  -37.500010879.0977   11.1364
    0.0000   45.0000  -37.500011392.6533   11.1299
    7.5000   45.0000  -37.500010838.5547   11.1245
   -7.5000  -45.0000  -30.0000 5985.5703   13.0631
    0.0000  -45.0000  -30.0000 6236.2461   13.0538
    7.5000  -45.0000  -30.0000 5944.8110   13.0501
   -7.5000  -37.5000  -30.0000 6707.0757   12.6332
    0.0000  -37.5000  -30.0000 7009.7754   12.6226
    7.5000  -37.5000  -30.0000 6688.3018   12.6205
   -7.5000  -30.0000  -30.0000 7734.8057   12.3665
    0.0000  -30.0000  -30.0000 8100.9058   12.3574
    7.5000  -30.0000  -30.0000 7726.6548   12.3547
   -7.5000  -22.5000  -30.0000 8838.7148   12.1694
    0.0000  -22.5000  -30.0000 9271.7041   12.1598
    7.5000  -22.5000  -30.0000 8836.3428   12.1565
   -7.5000  -15.0000  -30.000010017.5918   12.0761
    0.0000  -15.0000  -30.000010500.1748   12.0646
    7.5000  -15.0000  -30.000010004.1084   12.0600
   -7.5000   -7.5000  -30.000011210.9170   12.0693
    0.0000   -7.5000  -30.000011740.9287   12.0580
    7.5000   -7.5000  -30.000011182.4277   12.0530
   -7.5000    0.0000  -30.000012355.1211   12.0668
    0.0000    0.0000  -30.000012911.1221   12.0573
    7.5000    0.0000  -30.000012297.7061   12.0531
   -7.5000    7.5000  -30.000012516.6006   12.0674
    0.0000    7.5000  -30.000013083.0635   12.0596
    7.5000    7.5000  -30.000012474.2109   12.0563
   -7.5000   15.0000  -30.000012429.9053   12.0719
    0.0000   15.0000  -30.000012991.3369   12.0640
    7.5000   15.0000  -30.000012421.6387   12.0613
   -7.5000   22.5000  -30.000012220.2354   12.0729
    0.0000   22.5000  -30.000012795.7402   12.0632
    7.5000   22.5000  -30.000012206.5518   12.0600
   -7.5000   30.0000  -30.000011920.5029   11.9140
    0.0000   30.0000  -30.000012502.7412   11.9027
    7.5000   30.0000  -30.000011908.5020   11.8982
   -7.5000   37.5000  -30.000011999.6562   11.9096
    0.0000   37.5000  -30.000012559.4551   11.8984
    7.5000   37.5000  -30.000011950.8486   11.8935
   -7.5000   45.0000  -30.000011664.2373   11.6122
    0.0000   45.0000  -30.000012198.7783   11.6030
    7.5000   45.0000  -30.000011602.7734   11.5990
   -7.5000  -45.0000  -22.5000 6379.2568   13.5085
    0.0000  -45.0000  -22.5000 6653.9629   13.4957
    7.5000  -45.0000  -22.5000 6336.9292   13.4924
   -7.5000  -37.5000  -22.5000 7171.0356   13.0640
    0.0000  -37.5000  -22.5000 7498.7417   13.0507
    7.5000  -37.5000  -22.5000 7155.7827   13.0494
   -7.5000  -30.0000  -22.5000 8295.5039   12.7889
    0.0000  -30.0000  -22.5000 8682.1953   12.7780
    7.5000  -30.0000  -22.5000 8287.5127   12.7763
   -7.5000  -22.5000  -22.5000 9489.5322   12.5853
    0.0000  -22.5000  -22.5000 9944.2959   12.5742
    7.5000  -22.5000  -22.5000 9487.5762   12.5713
   -7.5000  -15.0000  -22.500010747.1084   12.4874
    0.0000  -15.0000  -22.500011256.9307   12.4741
    7.5000  -15.0000  -22.500010726.4072   12.4693
   -7.5000   -7.5000  -22.500012000.8164   12.4791
    0.0000   -7.5000  -22.500012544.6768   12.4655
    7.5000   -7.5000  -22.500011957.2822   12.4602
   -7.5000    0.0000  -22.500013206.6865   12.4760
    0.0000    0.0000  -22.500013786.6045   12.4639
    7.5000    0.0000  -22.500013145.9922   12.4600
   -7.5000    7.5000  -22.500013341.9980   12.4780
    0.0000    7.5000  -22.500013954.1982   12.4678
    7.5000    7.5000  -22.500013333.2852   12.4653
   -7.5000   15.0000  -22.500013253.9072   12.4844
    0.0000   15.0000  -22.500013858.4238   12.4749
    7.5000   15.0000  -22.500013270.8672   12.4731
   -7.5000   22.5000  -22.500013021.0361   12.4847
    0.0000   22.5000  -22.500013635.9434   12.4735
    7.5000   22.5000  -22.500013012.7920   12.4706
   -7.5000   30.0000  -22.500012678.4609   12.3218
    0.0000   30.0000  -22.500013288.8926   12.3086
    7.5000   30.0000  -22.500012662.8281   12.3038
   -7.5000   37.5000  -22.500012785.3389   12.3158
    0.0000   37.5000  -22.500013370.7832   12.3025
    7.5000   37.5000  -22.500012727.1738   12.2973
   -7.5000   45.0000  -22.500012438.8457   12.0150
    0.0000   45.0000  -22.500013009.1689   12.0034
    7.5000   45.0000  -22.500012375.6279   11.9996
   -7.5000  -45.0000  -15.0000 6758.3555   13.8288
    0.0000  -45.0000  -15.0000 7045.2939   13.8156
    7.5000  -45.0000  -15.0000 6707.3486   13.8118
   -7.5000  -37.5000  -15.0000 7613.3047   13.3742
    0.0000  -37.5000  -15.0000 7958.9756   13.3613
    7.5000  -37.5000  -15.0000 7600.1650   13.3608
   -7.5000  -30.0000  -15.0000 8827.5615   13.0924
    0.0000  -30.0000  -15.0000 9257.9795   13.0828
    7.5000  -30.0000  -15.0000 8829.6973   13.0832
   -7.5000  -22.5000  -15.000010119.3896   12.8843
    0.0000  -22.5000  -15.000010609.4209   12.8741
    7.5000  -22.5000  -15.000010118.5186   12.8724
   -7.5000  -15.0000  -15.000011452.8359   12.7839
    0.0000  -15.0000  -15.000011982.8115   12.7705
    7.5000  -15.0000  -15.000011419.5977   12.7651
   -7.5000   -7.5000  -15.000012758.8320   12.7745
    0.0000   -7.5000  -15.000013314.6748   12.7606
    7.5000   -7.5000  -15.000012697.3076   12.7538
   -7.5000    0.0000  -15.000013990.9434   12.7711
    0.0000    0.0000  -15.000014600.2451   12.7588
    7.5000    0.0000  -15.000013931.2979   12.7539
   -7.5000    7.5000  -15.000014164.8896   12.7737
    0.0000    7.5000  -15.000014801.4980   12.7640
    7.5000    7.5000  -15.000014126.4961   12.7622
   -7.5000   15.0000  -15.000014127.0371   12.7808
    0.0000   15.0000  -15.000014768.8809   12.7726
    7.5000   15.0000  -15.000014122.7344   12.7727
   -7.5000   22.5000  -15.000013830.6650   12.7807
    0.0000   22.5000  -15.000014488.8643   12.7704
    7.5000   22.5000  -15.000013824.5264   12.7687
   -7.5000   30.0000  -15.000013437.0488   12.6161
    0.0000   30.0000  -15.000014056.3467   12.6029
    7.5000   30.0000  -15.000013404.9531   12.5975
   -7.5000   37.5000  -15.000013550.5938   12.6092
    0.0000   37.5000  -15.000014161.6553   12.5954
    7.5000   37.5000  -15.000013479.1152   12.5888
   -7.5000   45.0000  -15.000013165.9170   12.3066
    0.0000   45.0000  -15.000013770.2842   12.2948
    7.5000   45.0000  -15.000013105.7051   12.2900
   -7.5000  -45.0000   -7.5000 7080.6538   13.9901
    0.0000  -45.0000   -7.5000 7388.4067   13.9801
    7.5000  -45.0000   -7.5000 7037.7461   13.9745
   -7.5000  -37.5000   -7.5000 8023.7354   13.5307
    0.0000  -37.5000   -7.5000 8384.3447   13.5208
    7.5000  -37.5000   -7.5000 8004.7383   13.5191
   -7.5000  -30.0000   -7.5000 9367.9365   13.2440
    0.0000  -30.0000   -7.5000 9818.7617   13.2373
    7.5000  -30.0000   -7.5000 9353.5371   13.2379
   -7.5000  -22.5000   -7.500010754.3311   13.0336
    0.0000  -22.5000   -7.500011267.7197   13.0254
    7.5000  -22.5000   -7.500010746.9385   13.0240
   -7.5000  -15.0000   -7.500012186.3682   12.9337
    0.0000  -15.0000   -7.500012727.4482   12.9219
    7.5000  -15.0000   -7.500012139.4453   12.9155
   -7.5000   -7.5000   -7.500013546.9902   12.9253
    0.0000   -7.5000   -7.500014139.5391   12.9130
    7.5000   -7.5000   -7.500013467.5439   12.9044
   -7.5000    0.0000   -7.500014760.2373   12.9221
    0.0000    0.0000   -7.500015434.0127   12.9121
    7.5000    0.0000   -7.500014719.4092   12.9050
   -7.5000    7.5000   -7.500014939.4385   12.9234
    0.0000    7.5000   -7.500015632.2188   12.9166
    7.5000    7.5000   -7.500014905.7168   12.9136
   -7.5000   15.0000   -7.500014989.6367   12.9287
    0.0000   15.0000   -7.500015743.4902   12.9231
    7.5000   15.0000   -7.500014972.6680   12.9234
   -7.5000   22.5000   -7.500014715.9062   12.9273
    0.0000   22.5000   -7.500015504.4346   12.9192
    7.5000   22.5000   -7.500014734.8936   12.9177
   -7.5000   30.0000   -7.500014262.2705   12.7636
    0.0000   30.0000   -7.500014953.6211   12.7519
    7.5000   30.0000   -7.500014223.3066   12.7456
   -7.5000   37.5000   -7.500014348.9375   12.7577
    0.0000   37.5000   -7.500015005.0654   12.7455
    7.5000   37.5000   -7.500014268.3584   12.7370
   -7.5000   45.0000   -7.500013952.1299   12.4544
    0.0000   45.0000   -7.500014577.6797   12.4448
    7.5000   45.0000   -7.500013853.4053   12.4380
   -7.5000  -45.0000    0.0000 7368.5854   14.0215
    0.0000  -45.0000    0.0000 7679.5107   14.0152
    7.5000  -45.0000    0.0000 7317.6362   14.0086
   -7.5000  -37.5000    0.0000 8400.1025   13.5613
    0.0000  -37.5000    0.0000 8761.9922   13.5544
    7.5000  -37.5000    0.0000 8347.9209   13.5514
   -7.5000  -30.0000    0.0000 9822.9668   13.2728
    0.0000  -30.0000    0.000010302.9043   13.2684
    7.5000  -30.0000    0.0000 9792.8789   13.2678
   -7.5000  -22.5000    0.000011262.6611   13.0616
    0.0000  -22.5000    0.000011819.8105   13.0553
    7.5000  -22.5000    0.000011252.9629   13.0534
   -7.5000  -15.0000    0.000012762.9932   12.9630
    0.0000  -15.0000    0.000013364.4521   12.9531
    7.5000  -15.0000    0.000012742.7109   12.9468
   -7.5000   -7.5000    0.000014175.3643   12.9562
    0.0000   -7.5000    0.000014845.6377   12.9462
    7.5000   -7.5000    0.000014122.4844   12.9372
   -7.5000    0.0000    0.000015421.5957   12.9537
    0.0000    0.0000    0.000016142.7119   12.9464
    7.5000    0.0000    0.000015375.0488   12.9384
   -7.5000    7.5000    0.000015574.0381   12.9535
    0.0000    7.5000    0.000016249.6045   12.9494
    7.5000    7.5000    0.000015521.3750   12.9451
   -7.5000   15.0000    0.000015671.2959   12.9566
    0.0000   15.0000    0.000016551.8711   12.9532
    7.5000   15.0000    0.000015697.7686   12.9525
   -7.5000   22.5000    0.000015543.4746   12.9550
    0.0000   22.5000    0.000016573.0293   12.9488
    7.5000   22.5000    0.000015618.6494   12.9469
   -7.5000   30.0000    0.000015152.9980   12.7928
    0.0000   30.0000    0.000016055.4629   12.7831
    7.5000   30.0000    0.000015122.6123   12.7769
   -7.5000   37.5000    0.000015274.4893   12.7886
    0.0000   37.5000    0.000016069.2119   12.7786
    7.5000   37.5000    0.000015123.7979   12.7698
   -7.5000   45.0000    0.000014791.2764   12.4858
    0.0000   45.0000    0.000015538.2119   12.4788
    7.5000   45.0000    0.000014607.7891   12.4711
   -7.5000  -45.0000    7.5000 7033.8325   14.0265
    0.0000  -45.0000    7.5000 7345.0166   14.0201
    7.5000  -45.0000    7.5000 6985.4727   14.0147
   -7.5000  -37.5000    7.5000 8062.7637   13.5656
    0.0000  -37.5000    7.5000 8428.8145   13.5580
    7.5000  -37.5000    7.5000 8000.2344   13.5551
   -7.5000  -30.0000    7.5000 9480.0186   13.2778
    0.0000  -30.0000    7.5000 9963.2734   13.2719
    7.5000  -30.0000    7.5000 9436.3232   13.2700
   -7.5000  -22.5000    7.500010909.8496   13.0662
    0.0000  -22.5000    7.500011453.4053   13.0589
    7.5000  -22.5000    7.500010883.5449   13.0563
   -7.5000  -15.0000    7.500012348.6328   12.9673
    0.0000  -15.0000    7.500012931.0967   12.9573
    7.5000  -15.0000    7.500012339.8145   12.9519
   -7.5000   -7.5000    7.500013718.0635   12.9609
    0.0000   -7.5000    7.500014335.7139   12.9509
    7.5000   -7.5000    7.500013682.0215   12.9439
   -7.5000    0.0000    7.500014947.0127   12.9585
    0.0000    0.0000    7.500015610.5918   12.9511
    7.5000    0.0000    7.500014887.6943   12.9448
   -7.5000    7.5000    7.500015122.6709   12.9583
    0.0000    7.5000    7.500015845.2930   12.9533
    7.5000    7.5000    7.500015080.3447   12.9492
   -7.5000   15.0000    7.500015191.8662   12.9615
    0.0000   15.0000    7.500016185.2471   12.9566
    7.5000   15.0000    7.500015236.9258   12.9547
   -7.5000   22.5000    7.500015096.3975   12.9597
    0.0000   22.5000    7.500016196.1973   12.9524
    7.5000   22.5000    7.500015134.5371   12.9498
   -7.5000   30.0000    7.500014788.1504   12.7970
    0.0000   30.0000    7.500015852.0381   12.7872
    7.5000   30.0000    7.500014742.0840   12.7819
   -7.5000   37.5000    7.500014965.8301   12.7932
    0.0000   37.5000    7.500015980.3955   12.7833
    7.5000   37.5000    7.500014800.7314   12.7764
   -7.5000   45.0000    7.500014390.5371   12.4905
    0.0000   45.0000    7.500015291.6719   12.4834
    7.5000   45.0000    7.500014216.2441   12.4773
   -7.5000  -45.0000   15.0000 6656.5117   14.0277
    0.0000  -45.0000   15.0000 6968.4375   14.0177
    7.5000  -45.0000   15.0000 6620.9224   14.0137
   -7.5000  -37.5000   15.0000 7628.5972   13.5660
    0.0000  -37.5000   15.0000 8012.9746   13.5547
    7.5000  -37.5000   15.0000 7591.1436   13.5523
   -7.5000  -30.0000   15.0000 8988.1152   13.2796
    0.0000  -30.0000   15.0000 9457.3174   13.2699
    7.5000  -30.0000   15.0000 8958.7998   13.2669
   -7.5000  -22.5000   15.000010369.2021   13.0680
    0.0000  -22.5000   15.000010883.7461   13.0576
    7.5000  -22.5000   15.000010335.5205   13.0541
   -7.5000  -15.0000   15.000011740.8633   12.9678
    0.0000  -15.0000   15.000012318.7188   12.9555
    7.5000  -15.0000   15.000011710.4971   12.9505
   -7.5000   -7.5000   15.000013048.7031   12.9605
    0.0000   -7.5000   15.000013691.0381   12.9483
    7.5000   -7.5000   15.000012994.9795   12.9430
   -7.5000    0.0000   15.000014270.2090   12.9578
    0.0000    0.0000   15.000014980.2686   12.9476
    7.5000    0.0000   15.000014203.0684   12.9430
   -7.5000    7.5000   15.000014465.3506   12.9585
    0.0000    7.5000   15.000015249.8799   12.9500
    7.5000    7.5000   15.000014424.5312   12.9465
   -7.5000   15.0000   15.000014447.8779   12.9633
    0.0000   15.0000   15.000015311.2451   12.9548
    7.5000   15.0000   15.000014461.0518   12.9519
   -7.5000   22.5000   15.000014257.2793   12.9615
    0.0000   22.5000   15.000015048.4287   12.9511
    7.5000   22.5000   15.000014214.9131   12.9476
   -7.5000   30.0000   15.000013962.1270   12.7975
    0.0000   30.0000   15.000014670.2314   12.7854
    7.5000   30.0000   15.000013836.8633   12.7805
   -7.5000   37.5000   15.000014127.5508   12.7927
    0.0000   37.5000   15.000014867.7979   12.7808
    7.5000   37.5000   15.000013965.8535   12.7755
   -7.5000   45.0000   15.000013627.1729   12.4899
    0.0000   45.0000   15.000014355.2363   12.4800
    7.5000   45.0000   15.000013506.9590   12.4756
   -7.5000  -45.0000   22.5000 6224.6064   14.0258
    0.0000  -45.0000   22.5000 6513.4502   14.0125
    7.5000  -45.0000   22.5000 6190.3218   14.0091
   -7.5000  -37.5000   22.5000 7109.9434   13.5641
    0.0000  -37.5000   22.5000 7463.5205   13.5503
    7.5000  -37.5000   22.5000 7073.0166   13.5490
   -7.5000  -30.0000   22.5000 8370.9463   13.2784
    0.0000  -30.0000   22.5000 8819.9033   13.2672
    7.5000  -30.0000   22.5000 8357.3213   13.2654
   -7.5000  -22.5000   22.5000 9661.7236   13.0670
    0.0000  -22.5000   22.500010164.2109   13.0555
    7.5000  -22.5000   22.5000 9641.9951   13.0525
   -7.5000  -15.0000   22.500010969.5977   12.9654
    0.0000  -15.0000   22.500011515.2998   12.9516
    7.5000  -15.0000   22.500010919.7344   12.9465
   -7.5000   -7.5000   22.500012210.6787   12.9567
    0.0000   -7.5000   22.500012781.0947   12.9426
    7.5000   -7.5000   22.500012141.9297   12.9372
   -7.5000    0.0000   22.500013360.6475   12.9536
    0.0000    0.0000   22.500013964.4746   12.9410
    7.5000    0.0000   22.500013297.1914   12.9369
   -7.5000    7.5000   22.500013521.4102   12.9556
    0.0000    7.5000   22.500014163.7764   12.9450
    7.5000    7.5000   22.500013509.4492   12.9425
   -7.5000   15.0000   22.500013468.2461   12.9623
    0.0000   15.0000   22.500014105.8730   12.9524
    7.5000   15.0000   22.500013476.3291   12.9506
   -7.5000   22.5000   22.500013257.0098   12.9605
    0.0000   22.5000   22.500013811.4756   12.9489
    7.5000   22.5000   22.500013198.2783   12.9459
   -7.5000   30.0000   22.500012943.3945   12.7952
    0.0000   30.0000   22.500013477.3643   12.7815
    7.5000   30.0000   22.500012864.7139   12.7766
   -7.5000   37.5000   22.500013063.8984   12.7890
    0.0000   37.5000   22.500013659.4121   12.7751
    7.5000   37.5000   22.500013003.1074   12.7697
   -7.5000   45.0000   22.500012652.4609   12.4857
    0.0000   45.0000   22.500013259.8174   12.4736
    7.5000   45.0000   22.500012607.8984   12.4697
   -7.5000  -45.0000   30.0000 5784.9150   14.1726
    0.0000  -45.0000   30.0000 6059.2188   14.1585
    7.5000  -45.0000   30.0000 5764.8628   14.1546
   -7.5000  -37.5000   30.0000 6576.0610   13.7018
    0.0000  -37.5000   30.0000 6919.6470   13.6881
    7.5000  -37.5000   30.0000 6567.8242   13.6875
   -7.5000  -30.0000   30.0000 7729.6987   13.4100
    0.0000  -30.0000   30.0000 8150.0347   13.4000
    7.5000  -30.0000   30.0000 7746.2236   13.4003
   -7.5000  -22.5000   30.0000 8924.6035   13.1947
    0.0000  -22.5000   30.0000 9371.4072   13.1839
    7.5000  -22.5000   30.0000 8913.3408   13.1823
   -7.5000  -15.0000   30.000010130.7637   13.0908
    0.0000  -15.0000   30.000010601.8057   13.0768
    7.5000  -15.0000   30.000010109.8174   13.0712
   -7.5000   -7.5000   30.000011295.3613   13.0811
    0.0000   -7.5000   30.000011797.5020   13.0664
    7.5000   -7.5000   30.000011272.0127   13.0595
   -7.5000    0.0000   30.000012365.3623   13.0776
    0.0000    0.0000   30.000012919.3545   13.0645
    7.5000    0.0000   30.000012377.5254   13.0595
   -7.5000    7.5000   30.000012484.4766   13.0803
    0.0000    7.5000   30.000013067.9375   13.0700
    7.5000    7.5000   30.000012546.6895   13.0681
   -7.5000   15.0000   30.000012433.9971   13.0876
    0.0000   15.0000   30.000012986.1367   13.0789
    7.5000   15.0000   30.000012469.4424   13.0790
   -7.5000   22.5000   30.000012251.6143   13.0862
    0.0000   22.5000   30.000012746.6455   13.0754
    7.5000   22.5000   30.000012228.0498   13.0736
   -7.5000   30.0000   30.000011960.1738   12.9190
    0.0000   30.0000   30.000012450.4346   12.9051
    7.5000   30.0000   30.000011932.9824   12.8996
   -7.5000   37.5000   30.000012054.8330   12.9118
    0.0000   37.5000   30.000012584.4395   12.8973
    7.5000   37.5000   30.000012047.4053   12.8905
   -7.5000   45.0000   30.000011692.1348   12.6053
    0.0000   45.0000   30.000012218.1387   12.5927
    7.5000   45.0000   30.000011679.1680   12.5878
   -7.5000  -45.0000   37.5000 5563.8672   14.4525
    0.0000  -45.0000   37.5000 5836.2734   14.4425
    7.5000  -45.0000   37.5000 5563.3770   14.4367
   -7.5000  -37.5000   37.5000 6326.2456   13.9639
    0.0000  -37.5000   37.5000 6658.1011   13.9541
    7.5000  -37.5000   37.5000 6334.4155   13.9523
   -7.5000  -30.0000   37.5000 7415.1035   13.6578
    0.0000  -30.0000   37.5000 7808.0718   13.6514
    7.5000  -30.0000   37.5000 7448.3467   13.6519
   -7.5000  -22.5000   37.5000 8538.4023   13.4327
    0.0000  -22.5000   37.5000 8969.1641   13.4247
    7.5000  -22.5000   37.5000 8568.0586   13.4231
   -7.5000  -15.0000   37.5000 9687.4199   13.3266
    0.0000  -15.0000   37.500010153.0381   13.3146
    7.5000  -15.0000   37.5000 9717.0225   13.3079
   -7.5000   -7.5000   37.500010812.3574   13.3194
    0.0000   -7.5000   37.500011339.3154   13.3068
    7.5000   -7.5000   37.500010844.9297   13.2978
   -7.5000    0.0000   37.500011850.0586   13.3177
    0.0000    0.0000   37.500012402.6113   13.3077
    7.5000    0.0000   37.500011908.9932   13.3003
   -7.5000    7.5000   37.500011971.7344   13.3193
    0.0000    7.5000   37.500012512.4834   13.3126
    7.5000    7.5000   37.500012046.8994   13.3096
   -7.5000   15.0000   37.500011928.8926   13.3234
    0.0000   15.0000   37.500012427.0693   13.3181
    7.5000   15.0000   37.500011959.8105   13.3184
   -7.5000   22.5000   37.500011731.9639   13.3202
    0.0000   22.5000   37.500012194.1279   13.3123
    7.5000   22.5000   37.500011741.0264   13.3106
   -7.5000   30.0000   37.500011453.2803   13.1516
    0.0000   30.0000   37.500011919.1133   13.1398
    7.5000   30.0000   37.500011461.0410   13.1332
   -7.5000   37.5000   37.500011545.4766   13.1470
    0.0000   37.5000   37.500012032.3916   13.1346
    7.5000   37.5000   37.500011556.7002   13.1257
   -7.5000   45.0000   37.500011195.2324   12.8367
    0.0000   45.0000   37.500011675.9961   12.8271
    7.5000   45.0000   37.500011212.1738   12.8200
   -7.5000  -45.0000   45.0000 5112.0591   14.7833
    0.0000  -45.0000   45.0000 5355.7661   14.7758
    7.5000  -45.0000   45.0000 5113.2383   14.7691
   -7.5000  -37.5000   45.0000 5823.0532   14.2745
    0.0000  -37.5000   45.0000 6115.2168   14.2664
    7.5000  -37.5000   45.0000 5828.6182   14.2637
   -7.5000  -30.0000   45.0000 6810.8979   13.9481
    0.0000  -30.0000   45.0000 7160.5864   13.9425
    7.5000  -30.0000   45.0000 6836.6157   13.9422
   -7.5000  -22.5000   45.0000 7826.4756   13.7072
    0.0000  -22.5000   45.0000 8230.8936   13.6990
    7.5000  -22.5000   45.0000 7866.7856   13.6971
   -7.5000  -15.0000   45.0000 8874.5439   13.5966
    0.0000  -15.0000   45.0000 9320.7861   13.5844
    7.5000  -15.0000   45.0000 8910.9248   13.5775
   -7.5000   -7.5000   45.0000 9902.7822   13.5943
    0.0000   -7.5000   45.000010403.3232   13.5823
    7.5000   -7.5000   45.0000 9943.3447   13.5727
   -7.5000    0.0000   45.000010855.2881   13.5976
    0.0000    0.0000   45.000011395.3906   13.5891
    7.5000    0.0000   45.000010920.0059   13.5808
   -7.5000    7.5000   45.000010966.2158   13.5985
    0.0000    7.5000   45.000011486.4443   13.5935
    7.5000    7.5000   45.000011039.4756   13.5894
   -7.5000   15.0000   45.000010921.8750   13.5971
    0.0000   15.0000   45.000011397.6855   13.5926
    7.5000   15.0000   45.000010961.5146   13.5922
   -7.5000   22.5000   45.000010743.5977   13.5894
    0.0000   22.5000   45.000011175.8652   13.5814
    7.5000   22.5000   45.000010761.5586   13.5794
   -7.5000   30.0000   45.000010453.8945   13.4167
    0.0000   30.0000   45.000010878.2598   13.4048
    7.5000   30.0000   45.000010488.0479   13.3979
   -7.5000   37.5000   45.000010557.2666   13.4172
    0.0000   37.5000   45.000010981.3643   13.4053
    7.5000   37.5000   45.000010564.8857   13.3959
   -7.5000   45.0000   45.000010263.7363   13.1125
    0.0000   45.0000   45.000010692.5713   13.1043
    7.5000   45.0000   45.000010285.3193   13.0962

---------------------------------------------------------------------
imgreg_4dfp /opt/freesurfer/average/711-2C_as_mni_average_305 /opt/freesurfer/average/711-2B_as_mni_average_305_mask talsrcimg_g11 none talsrcimg_to_711-2C_as_mni_average_305_t4 4355
---------------------------------------------------------------------

freesurfer imgreg_4dfp.c
/opt/freesurfer/average/711-2C_as_mni_average_305.4dfp.img
       256       256       256         1
  1.000000  1.000000  1.000000
orientation T byte_order littleendian
Reading image: /opt/freesurfer/average/711-2C_as_mni_average_305.4dfp.img
dimensions:      256       256       256
mmppix:       1.0000   -1.0000   -1.0000
center:     128.0000 -129.0000 -129.0000
/opt/freesurfer/average/711-2B_as_mni_average_305_mask.4dfp.img
       256       256       256         1
  1.000000  1.000000  1.000000
orientation T byte_order littleendian
Reading mask: /opt/freesurfer/average/711-2B_as_mni_average_305_mask.4dfp.img (2306576 pixels)
talsrcimg_g11.4dfp.img
       256       256       256         1
  1.000000  1.000000  1.000000
orientation T byte_order littleendian
Reading image: talsrcimg_g11.4dfp.img
dimensions:      256       256       256
mmppix:       1.0000   -1.0000   -1.0000
center:     128.0000 -129.0000 -129.0000
rotation matrix determinant  1.000000
image alignment mode   4355 decimal     1103 hex
   -7.5000  -22.5000  -45.0000 1907.5618   15.5630
    0.0000  -22.5000  -45.0000 1917.0673   15.5479
    7.5000  -22.5000  -45.0000 1907.0017   15.5969
   -7.5000  -15.0000  -45.0000 2036.1558   13.7976
    0.0000  -15.0000  -45.0000 2047.7924   13.7744
    7.5000  -15.0000  -45.0000 2035.8000   13.8183
   -7.5000   -7.5000  -45.0000 2158.9331   12.4628
    0.0000   -7.5000  -45.0000 2170.4290   12.4388
    7.5000   -7.5000  -45.0000 2157.8799   12.4565
   -7.5000    0.0000  -45.0000 2259.4580   11.4345
    0.0000    0.0000  -45.0000 2269.6912   11.4252
    7.5000    0.0000  -45.0000 2256.0503   11.4651
   -7.5000    7.5000  -45.0000 2342.0842   10.7028
    0.0000    7.5000  -45.0000 2350.1343   10.6777
    7.5000    7.5000  -45.0000 2330.8804   10.7414
   -7.5000   15.0000  -45.0000 2377.7949   10.2248
    0.0000   15.0000  -45.0000 2388.7595   10.1841
    7.5000   15.0000  -45.0000 2368.2886   10.2484
   -7.5000   22.5000  -45.0000 2394.2175    9.9435
    0.0000   22.5000  -45.0000 2413.4075    9.9069
    7.5000   22.5000  -45.0000 2392.5581    9.9800
   -7.5000   30.0000  -45.0000 2394.2415    9.8852
    0.0000   30.0000  -45.0000 2408.8589    9.8435
    7.5000   30.0000  -45.0000 2394.5952    9.9046
   -7.5000   37.5000  -45.0000 2367.9817   10.0507
    0.0000   37.5000  -45.0000 2387.5518    9.9741
    7.5000   37.5000  -45.0000 2376.1343   10.0200
   -7.5000   45.0000  -45.0000 2326.4238   10.4362
    0.0000   45.0000  -45.0000 2353.5815   10.3417
    7.5000   45.0000  -45.0000 2338.2654   10.3997
   -7.5000   52.5000  -45.0000 2257.8835   10.9560
    0.0000   52.5000  -45.0000 2281.7148   10.8778
    7.5000   52.5000  -45.0000 2268.8909   10.9208
   -7.5000   60.0000  -45.0000 2139.9841   11.5742
    0.0000   60.0000  -45.0000 2158.8015   11.4783
    7.5000   60.0000  -45.0000 2147.0950   11.5406
   -7.5000   67.5000  -45.0000 1989.7222   12.2245
    0.0000   67.5000  -45.0000 2005.9625   12.1188
    7.5000   67.5000  -45.0000 1994.6848   12.2073
   -7.5000  -22.5000  -37.5000 1970.0641   14.5557
    0.0000  -22.5000  -37.5000 1979.8262   14.5485
    7.5000  -22.5000  -37.5000 1968.1940   14.5906
   -7.5000  -15.0000  -37.5000 2108.3940   12.9217
    0.0000  -15.0000  -37.5000 2119.9553   12.8947
    7.5000  -15.0000  -37.5000 2103.2659   12.9232
   -7.5000   -7.5000  -37.5000 2237.3250   11.6682
    0.0000   -7.5000  -37.5000 2251.5713   11.6401
    7.5000   -7.5000  -37.5000 2234.4753   11.6705
   -7.5000    0.0000  -37.5000 2342.8757   10.6702
    0.0000    0.0000  -37.5000 2356.4099   10.6468
    7.5000    0.0000  -37.5000 2337.1245   10.6857
   -7.5000    7.5000  -37.5000 2429.6912    9.9582
    0.0000    7.5000  -37.5000 2440.4604    9.9114
    7.5000    7.5000  -37.5000 2419.4758    9.9758
   -7.5000   15.0000  -37.5000 2475.1738    9.5153
    0.0000   15.0000  -37.5000 2487.5640    9.4314
    7.5000   15.0000  -37.5000 2468.5239    9.5115
   -7.5000   22.5000  -37.5000 2499.9795    9.2451
    0.0000   22.5000  -37.5000 2519.9866    9.1855
    7.5000   22.5000  -37.5000 2497.5496    9.2662
   -7.5000   30.0000  -37.5000 2505.4846    9.1753
    0.0000   30.0000  -37.5000 2520.2341    9.1147
    7.5000   30.0000  -37.5000 2505.0884    9.1863
   -7.5000   37.5000  -37.5000 2478.8264    9.3169
    0.0000   37.5000  -37.5000 2496.3850    9.2437
    7.5000   37.5000  -37.5000 2483.3345    9.2926
   -7.5000   45.0000  -37.5000 2432.9009    9.6739
    0.0000   45.0000  -37.5000 2458.4360    9.5798
    7.5000   45.0000  -37.5000 2443.0471    9.6399
   -7.5000   52.5000  -37.5000 2354.3733   10.1545
    0.0000   52.5000  -37.5000 2378.5205   10.0621
    7.5000   52.5000  -37.5000 2362.1133   10.1162
   -7.5000   60.0000  -37.5000 2226.4622   10.7203
    0.0000   60.0000  -37.5000 2246.2183   10.6274
    7.5000   60.0000  -37.5000 2233.9031   10.6769
   -7.5000   67.5000  -37.5000 2068.2136   11.2997
    0.0000   67.5000  -37.5000 2089.8220   11.2123
    7.5000   67.5000  -37.5000 2077.4766   11.2799
   -7.5000  -22.5000  -30.0000 2064.5422   14.1814
    0.0000  -22.5000  -30.0000 2076.3811   14.1357
    7.5000  -22.5000  -30.0000 2061.9441   14.2079
   -7.5000  -15.0000  -30.0000 2210.0767   12.5679
    0.0000  -15.0000  -30.0000 2226.3403   12.5045
    7.5000  -15.0000  -30.0000 2207.3550   12.5653
   -7.5000   -7.5000  -30.0000 2343.3833   11.3143
    0.0000   -7.5000  -30.0000 2360.3535   11.2338
    7.5000   -7.5000  -30.0000 2339.4324   11.3018
   -7.5000    0.0000  -30.0000 2457.2800   10.3154
    0.0000    0.0000  -30.0000 2470.7024   10.2523
    7.5000    0.0000  -30.0000 2449.1836   10.3205
   -7.5000    7.5000  -30.0000 2549.2622    9.6152
    0.0000    7.5000  -30.0000 2561.0085    9.5310
    7.5000    7.5000  -30.0000 2543.0474    9.6181
   -7.5000   15.0000  -30.0000 2602.3081    9.1703
    0.0000   15.0000  -30.0000 2616.7053    9.0706
    7.5000   15.0000  -30.0000 2604.0918    9.1653
   -7.5000   22.5000  -30.0000 2642.9568    8.9011
    0.0000   22.5000  -30.0000 2661.8892    8.8055
    7.5000   22.5000  -30.0000 2639.4800    8.9091
   -7.5000   30.0000  -30.0000 2656.7383    8.8032
    0.0000   30.0000  -30.0000 2675.3560    8.7179
    7.5000   30.0000  -30.0000 2656.2073    8.8092
   -7.5000   37.5000  -30.0000 2634.6567    8.9224
    0.0000   37.5000  -30.0000 2656.3220    8.8288
    7.5000   37.5000  -30.0000 2637.0989    8.9062
   -7.5000   45.0000  -30.0000 2588.7483    9.2865
    0.0000   45.0000  -30.0000 2615.3320    9.1736
    7.5000   45.0000  -30.0000 2593.9246    9.2426
   -7.5000   52.5000  -30.0000 2497.8113    9.7693
    0.0000   52.5000  -30.0000 2527.8745    9.6519
    7.5000   52.5000  -30.0000 2506.9534    9.7184
   -7.5000   60.0000  -30.0000 2357.3474   10.3169
    0.0000   60.0000  -30.0000 2382.6179   10.1963
    7.5000   60.0000  -30.0000 2367.3801   10.2561
   -7.5000   67.5000  -30.0000 2190.7876   10.8831
    0.0000   67.5000  -30.0000 2214.0249   10.7694
    7.5000   67.5000  -30.0000 2202.5396   10.8361
   -7.5000  -22.5000  -22.5000 2127.6167   13.7687
    0.0000  -22.5000  -22.5000 2143.4167   13.6705
    7.5000  -22.5000  -22.5000 2125.7231   13.8065
   -7.5000  -15.0000  -22.5000 2280.9973   12.1464
    0.0000  -15.0000  -22.5000 2299.5989   12.0287
    7.5000  -15.0000  -22.5000 2276.0210   12.1488
   -7.5000   -7.5000  -22.5000 2415.7681   10.8737
    0.0000   -7.5000  -22.5000 2433.9263   10.7767
    7.5000   -7.5000  -22.5000 2411.3364   10.8690
   -7.5000    0.0000  -22.5000 2535.7576    9.9067
    0.0000    0.0000  -22.5000 2551.6294    9.8210
    7.5000    0.0000  -22.5000 2530.6401    9.8902
   -7.5000    7.5000  -22.5000 2633.4971    9.2034
    0.0000    7.5000  -22.5000 2651.5889    9.1168
    7.5000    7.5000  -22.5000 2633.4092    9.2065
   -7.5000   15.0000  -22.5000 2698.7007    8.7484
    0.0000   15.0000  -22.5000 2720.5510    8.6605
    7.5000   15.0000  -22.5000 2708.4985    8.7607
   -7.5000   22.5000  -22.5000 2750.4312    8.4736
    0.0000   22.5000  -22.5000 2775.1199    8.3775
    7.5000   22.5000  -22.5000 2754.3120    8.4779
   -7.5000   30.0000  -22.5000 2771.5879    8.3672
    0.0000   30.0000  -22.5000 2798.2361    8.2607
    7.5000   30.0000  -22.5000 2775.4609    8.3659
   -7.5000   37.5000  -22.5000 2758.5559    8.4723
    0.0000   37.5000  -22.5000 2785.3474    8.3502
    7.5000   37.5000  -22.5000 2763.4568    8.4594
   -7.5000   45.0000  -22.5000 2712.7302    8.8377
    0.0000   45.0000  -22.5000 2741.4207    8.7055
    7.5000   45.0000  -22.5000 2719.7041    8.8064
   -7.5000   52.5000  -22.5000 2613.3984    9.3184
    0.0000   52.5000  -22.5000 2642.6296    9.1869
    7.5000   52.5000  -22.5000 2624.1589    9.2668
   -7.5000   60.0000  -22.5000 2459.6040    9.8625
    0.0000   60.0000  -22.5000 2484.4595    9.7233
    7.5000   60.0000  -22.5000 2469.5945    9.7928
   -7.5000   67.5000  -22.5000 2277.1013   10.4144
    0.0000   67.5000  -22.5000 2303.2639   10.2899
    7.5000   67.5000  -22.5000 2291.4038   10.3535
   -7.5000  -22.5000  -15.0000 2160.9973   13.4094
    0.0000  -22.5000  -15.0000 2180.6602   13.3212
    7.5000  -22.5000  -15.0000 2162.1978   13.4605
   -7.5000  -15.0000  -15.0000 2314.0786   11.7785
    0.0000  -15.0000  -15.0000 2336.5627   11.6662
    7.5000  -15.0000  -15.0000 2312.0527   11.7883
   -7.5000   -7.5000  -15.0000 2451.0435   10.5058
    0.0000   -7.5000  -15.0000 2469.1262   10.3771
    7.5000   -7.5000  -15.0000 2447.5737   10.5090
   -7.5000    0.0000  -15.0000 2571.5200    9.5370
    0.0000    0.0000  -15.0000 2590.7048    9.4335
    7.5000    0.0000  -15.0000 2571.9331    9.5415
   -7.5000    7.5000  -15.0000 2683.3354    8.8402
    0.0000    7.5000  -15.0000 2706.7996    8.7390
    7.5000    7.5000  -15.0000 2687.5659    8.8494
   -7.5000   15.0000  -15.0000 2771.2100    8.3934
    0.0000   15.0000  -15.0000 2796.1807    8.2948
    7.5000   15.0000  -15.0000 2778.5569    8.4044
   -7.5000   22.5000  -15.0000 2828.7554    8.1082
    0.0000   22.5000  -15.0000 2858.6313    8.0061
    7.5000   22.5000  -15.0000 2837.0491    8.1166
   -7.5000   30.0000  -15.0000 2860.8311    7.9665
    0.0000   30.0000  -15.0000 2893.0435    7.8408
    7.5000   30.0000  -15.0000 2866.3889    7.9702
   -7.5000   37.5000  -15.0000 2852.8430    8.0774
    0.0000   37.5000  -15.0000 2880.6548    7.9398
    7.5000   37.5000  -15.0000 2855.9236    8.0614
   -7.5000   45.0000  -15.0000 2797.4150    8.4356
    0.0000   45.0000  -15.0000 2831.9202    8.2893
    7.5000   45.0000  -15.0000 2809.0002    8.4072
   -7.5000   52.5000  -15.0000 2689.7900    8.9080
    0.0000   52.5000  -15.0000 2719.8994    8.7551
    7.5000   52.5000  -15.0000 2702.9094    8.8629
   -7.5000   60.0000  -15.0000 2525.8228    9.4469
    0.0000   60.0000  -15.0000 2551.6179    9.2960
    7.5000   60.0000  -15.0000 2536.1169    9.3960
   -7.5000   67.5000  -15.0000 2334.2437   10.0111
    0.0000   67.5000  -15.0000 2361.2014    9.8694
    7.5000   67.5000  -15.0000 2347.7788    9.9541
   -7.5000  -22.5000   -7.5000 2179.3562   13.2059
    0.0000  -22.5000   -7.5000 2197.7234   13.0838
    7.5000  -22.5000   -7.5000 2180.1426   13.2520
   -7.5000  -15.0000   -7.5000 2329.5730   11.5621
    0.0000  -15.0000   -7.5000 2346.4417   11.4233
    7.5000  -15.0000   -7.5000 2329.3616   11.5786
   -7.5000   -7.5000   -7.5000 2464.2043   10.2620
    0.0000   -7.5000   -7.5000 2483.1008   10.1284
    7.5000   -7.5000   -7.5000 2464.6233   10.2660
   -7.5000    0.0000   -7.5000 2584.1328    9.2666
    0.0000    0.0000   -7.5000 2608.8301    9.1564
    7.5000    0.0000   -7.5000 2591.0200    9.2851
   -7.5000    7.5000   -7.5000 2706.0347    8.5583
    0.0000    7.5000   -7.5000 2732.7205    8.4644
    7.5000    7.5000   -7.5000 2716.4663    8.5836
   -7.5000   15.0000   -7.5000 2809.8701    8.1245
    0.0000   15.0000   -7.5000 2838.1238    8.0336
    7.5000   15.0000   -7.5000 2818.3909    8.1393
   -7.5000   22.5000   -7.5000 2882.3032    7.8244
    0.0000   22.5000   -7.5000 2922.5203    7.7368
    7.5000   22.5000   -7.5000 2900.2271    7.8446
   -7.5000   30.0000   -7.5000 2926.1321    7.6692
    0.0000   30.0000   -7.5000 2970.2239    7.5384
    7.5000   30.0000   -7.5000 2937.5391    7.6774
   -7.5000   37.5000   -7.5000 2918.5874    7.7814
    0.0000   37.5000   -7.5000 2955.8647    7.6285
    7.5000   37.5000   -7.5000 2926.0781    7.7718
   -7.5000   45.0000   -7.5000 2859.2573    8.1264
    0.0000   45.0000   -7.5000 2889.0308    7.9673
    7.5000   45.0000   -7.5000 2871.5896    8.0993
   -7.5000   52.5000   -7.5000 2738.8281    8.5810
    0.0000   52.5000   -7.5000 2769.3831    8.4185
    7.5000   52.5000   -7.5000 2756.1294    8.5472
   -7.5000   60.0000   -7.5000 2565.1187    9.1139
    0.0000   60.0000   -7.5000 2592.8889    8.9626
    7.5000   60.0000   -7.5000 2579.8000    9.0880
   -7.5000   67.5000   -7.5000 2368.4932    9.6770
    0.0000   67.5000   -7.5000 2396.6721    9.5359
    7.5000   67.5000   -7.5000 2382.5215    9.6487
   -7.5000  -22.5000    0.0000 2179.4146   13.1193
    0.0000  -22.5000    0.0000 2199.3311   12.9979
    7.5000  -22.5000    0.0000 2179.2266   13.1839
   -7.5000  -15.0000    0.0000 2323.0715   11.4439
    0.0000  -15.0000    0.0000 2343.8267   11.3332
    7.5000  -15.0000    0.0000 2329.5444   11.5085
   -7.5000   -7.5000    0.0000 2459.3101   10.1382
    0.0000   -7.5000    0.0000 2478.2869   10.0136
    7.5000   -7.5000    0.0000 2460.7737   10.1639
   -7.5000    0.0000    0.0000 2580.8889    9.1302
    0.0000    0.0000    0.0000 2606.8201    9.0210
    7.5000    0.0000    0.0000 2592.2993    9.1590
   -7.5000    7.5000    0.0000 2707.6868    8.4153
    0.0000    7.5000    0.0000 2735.2830    8.3151
    7.5000    7.5000    0.0000 2719.7288    8.4454
   -7.5000   15.0000    0.0000 2820.6919    7.9720
    0.0000   15.0000    0.0000 2852.1404    7.8874
    7.5000   15.0000    0.0000 2831.6550    7.9967
   -7.5000   22.5000    0.0000 2913.9800    7.7179
    0.0000   22.5000    0.0000 2961.9846    7.6572
    7.5000   22.5000    0.0000 2935.0557    7.7389
   -7.5000   30.0000    0.0000 2970.2542    7.5717
    0.0000   30.0000    0.0000 3028.5591    7.4940
    7.5000   30.0000    0.0000 2986.9373    7.5988
   -7.5000   37.5000    0.0000 2968.2227    7.6514
    0.0000   37.5000    0.0000 3016.1914    7.5499
    7.5000   37.5000    0.0000 2977.1152    7.6483
   -7.5000   45.0000    0.0000 2896.4116    7.9744
    0.0000   45.0000    0.0000 2933.1023    7.8570
    7.5000   45.0000    0.0000 2906.0820    7.9457
   -7.5000   52.5000    0.0000 2763.3933    8.3805
    0.0000   52.5000    0.0000 2796.8516    8.2564
    7.5000   52.5000    0.0000 2779.8193    8.3470
   -7.5000   60.0000    0.0000 2581.4067    8.9050
    0.0000   60.0000    0.0000 2609.3823    8.7812
    7.5000   60.0000    0.0000 2596.8630    8.8768
   -7.5000   67.5000    0.0000 2380.7019    9.4755
    0.0000   67.5000    0.0000 2408.3479    9.3552
    7.5000   67.5000    0.0000 2394.7751    9.4349
   -7.5000  -22.5000    7.5000 2171.5090   13.2017
    0.0000  -22.5000    7.5000 2193.6484   13.0723
    7.5000  -22.5000    7.5000 2169.9089   13.2782
   -7.5000  -15.0000    7.5000 2316.1704   11.5130
    0.0000  -15.0000    7.5000 2338.6997   11.3660
    7.5000  -15.0000    7.5000 2321.8384   11.5652
   -7.5000   -7.5000    7.5000 2447.5620   10.1655
    0.0000   -7.5000    7.5000 2468.6550   10.0075
    7.5000   -7.5000    7.5000 2454.2207   10.2011
   -7.5000    0.0000    7.5000 2572.0801    9.1657
    0.0000    0.0000    7.5000 2592.5137    9.0330
    7.5000    0.0000    7.5000 2582.7405    9.1907
   -7.5000    7.5000    7.5000 2699.9355    8.4530
    0.0000    7.5000    7.5000 2723.3777    8.3630
    7.5000    7.5000    7.5000 2712.9709    8.4811
   -7.5000   15.0000    7.5000 2814.7947    8.0142
    0.0000   15.0000    7.5000 2847.6404    7.9616
    7.5000   15.0000    7.5000 2831.8782    8.0408
   -7.5000   22.5000    7.5000 2920.9663    7.7303
    0.0000   22.5000    7.5000 2970.3318    7.7346
    7.5000   22.5000    7.5000 2938.0500    7.7649
   -7.5000   30.0000    7.5000 2978.8843    7.6009
    0.0000   30.0000    7.5000 3048.3564    7.5910
    7.5000   30.0000    7.5000 2989.9619    7.6387
   -7.5000   37.5000    7.5000 2981.1287    7.7005
    0.0000   37.5000    7.5000 3043.0610    7.6537
    7.5000   37.5000    7.5000 2983.3203    7.7066
   -7.5000   45.0000    7.5000 2902.3105    7.9752
    0.0000   45.0000    7.5000 2946.8499    7.9134
    7.5000   45.0000    7.5000 2910.5105    7.9613
   -7.5000   52.5000    7.5000 2767.5039    8.3515
    0.0000   52.5000    7.5000 2798.7625    8.2525
    7.5000   52.5000    7.5000 2780.9202    8.3202
   -7.5000   60.0000    7.5000 2582.4221    8.8425
    0.0000   60.0000    7.5000 2607.9443    8.7295
    7.5000   60.0000    7.5000 2598.7114    8.8117
   -7.5000   67.5000    7.5000 2376.6846    9.4188
    0.0000   67.5000    7.5000 2402.8655    9.2866
    7.5000   67.5000    7.5000 2394.3904    9.3770
   -7.5000  -22.5000   15.0000 2146.2727   13.4375
    0.0000  -22.5000   15.0000 2169.3667   13.2901
    7.5000  -22.5000   15.0000 2149.7014   13.4973
   -7.5000  -15.0000   15.0000 2296.6323   11.6939
    0.0000  -15.0000   15.0000 2320.7410   11.5402
    7.5000  -15.0000   15.0000 2304.0056   11.7422
   -7.5000   -7.5000   15.0000 2429.9844   10.3606
    0.0000   -7.5000   15.0000 2452.9238   10.2229
    7.5000   -7.5000   15.0000 2438.2114   10.3957
   -7.5000    0.0000   15.0000 2551.8533    9.3984
    0.0000    0.0000   15.0000 2575.0945    9.2935
    7.5000    0.0000   15.0000 2563.9294    9.4240
   -7.5000    7.5000   15.0000 2680.5847    8.6890
    0.0000    7.5000   15.0000 2707.1201    8.6069
    7.5000    7.5000   15.0000 2693.3994    8.7147
   -7.5000   15.0000   15.0000 2793.4250    8.2093
    0.0000   15.0000   15.0000 2826.3127    8.1573
    7.5000   15.0000   15.0000 2811.8882    8.2334
   -7.5000   22.5000   15.0000 2891.2900    7.8645
    0.0000   22.5000   15.0000 2936.2178    7.8139
    7.5000   22.5000   15.0000 2910.9854    7.8851
   -7.5000   30.0000   15.0000 2945.9006    7.7399
    0.0000   30.0000   15.0000 2995.8684    7.6521
    7.5000   30.0000   15.0000 2954.3191    7.7422
   -7.5000   37.5000   15.0000 2946.6167    7.8408
    0.0000   37.5000   15.0000 2995.9106    7.7636
    7.5000   37.5000   15.0000 2949.3564    7.8364
   -7.5000   45.0000   15.0000 2867.7644    8.1375
    0.0000   45.0000   15.0000 2908.9446    8.0682
    7.5000   45.0000   15.0000 2877.8130    8.1350
   -7.5000   52.5000   15.0000 2736.7937    8.5441
    0.0000   52.5000   15.0000 2763.7512    8.4546
    7.5000   52.5000   15.0000 2747.6965    8.5321
   -7.5000   60.0000   15.0000 2554.2695    9.0264
    0.0000   60.0000   15.0000 2576.6917    8.9206
    7.5000   60.0000   15.0000 2567.5215    9.0019
   -7.5000   67.5000   15.0000 2355.4595    9.5480
    0.0000   67.5000   15.0000 2377.0859    9.4205
    7.5000   67.5000   15.0000 2369.1353    9.5084
   -7.5000  -22.5000   22.5000 2109.4438   13.8472
    0.0000  -22.5000   22.5000 2130.8472   13.7022
    7.5000  -22.5000   22.5000 2117.8823   13.9046
   -7.5000  -15.0000   22.5000 2267.0168   12.0530
    0.0000  -15.0000   22.5000 2290.8909   11.9123
    7.5000  -15.0000   22.5000 2273.0435   12.1057
   -7.5000   -7.5000   22.5000 2409.2720   10.7054
    0.0000   -7.5000   22.5000 2432.6670   10.5652
    7.5000   -7.5000   22.5000 2413.7061   10.7442
   -7.5000    0.0000   22.5000 2530.8401    9.7332
    0.0000    0.0000   22.5000 2554.4758    9.5924
    7.5000    0.0000   22.5000 2539.4048    9.7364
   -7.5000    7.5000   22.5000 2656.3545    9.0327
    0.0000    7.5000   22.5000 2680.7715    8.9051
    7.5000    7.5000   22.5000 2669.2319    9.0452
   -7.5000   15.0000   22.5000 2763.3127    8.5099
    0.0000   15.0000   22.5000 2791.2959    8.3993
    7.5000   15.0000   22.5000 2781.7471    8.5243
   -7.5000   22.5000   22.5000 2846.5481    8.1526
    0.0000   22.5000   22.5000 2880.6240    8.0052
    7.5000   22.5000   22.5000 2862.3843    8.1406
   -7.5000   30.0000   22.5000 2887.8958    8.0201
    0.0000   30.0000   22.5000 2920.7549    7.8838
    7.5000   30.0000   22.5000 2895.3184    8.0047
   -7.5000   37.5000   22.5000 2875.2974    8.1126
    0.0000   37.5000   22.5000 2912.9380    8.0137
    7.5000   37.5000   22.5000 2887.4441    8.0981
   -7.5000   45.0000   22.5000 2802.5583    8.4159
    0.0000   45.0000   22.5000 2840.4238    8.3326
    7.5000   45.0000   22.5000 2816.9092    8.4092
   -7.5000   52.5000   22.5000 2681.4172    8.8462
    0.0000   52.5000   22.5000 2707.2646    8.7486
    7.5000   52.5000   22.5000 2693.1663    8.8381
   -7.5000   60.0000   22.5000 2509.4016    9.3344
    0.0000   60.0000   22.5000 2531.4167    9.2363
    7.5000   60.0000   22.5000 2520.4626    9.3262
   -7.5000   67.5000   22.5000 2316.6960    9.8216
    0.0000   67.5000   22.5000 2337.8411    9.7212
    7.5000   67.5000   22.5000 2328.7200    9.7996
   -7.5000  -22.5000   30.0000 2068.8335   14.3227
    0.0000  -22.5000   30.0000 2091.1665   14.1767
    7.5000  -22.5000   30.0000 2078.4009   14.4117
   -7.5000  -15.0000   30.0000 2231.2354   12.5115
    0.0000  -15.0000   30.0000 2254.0220   12.3218
    7.5000  -15.0000   30.0000 2238.0537   12.5500
   -7.5000   -7.5000   30.0000 2379.3528   11.1464
    0.0000   -7.5000   30.0000 2402.8115   10.9671
    7.5000   -7.5000   30.0000 2383.7993   11.1896
   -7.5000    0.0000   30.0000 2501.3440   10.1769
    0.0000    0.0000   30.0000 2526.3728    9.9918
    7.5000    0.0000   30.0000 2508.8975   10.1944
   -7.5000    7.5000   30.0000 2620.1790    9.4486
    0.0000    7.5000   30.0000 2645.6272    9.2934
    7.5000    7.5000   30.0000 2632.3540    9.4756
   -7.5000   15.0000   30.0000 2718.2820    8.9098
    0.0000   15.0000   30.0000 2747.5476    8.7337
    7.5000   15.0000   30.0000 2732.7366    8.9098
   -7.5000   22.5000   30.0000 2786.5474    8.5673
    0.0000   22.5000   30.0000 2819.8774    8.3813
    7.5000   22.5000   30.0000 2800.2026    8.5409
   -7.5000   30.0000   30.0000 2813.6057    8.4309
    0.0000   30.0000   30.0000 2843.1814    8.2779
    7.5000   30.0000   30.0000 2823.4783    8.4107
   -7.5000   37.5000   30.0000 2788.0535    8.5228
    0.0000   37.5000   30.0000 2821.6128    8.4075
    7.5000   37.5000   30.0000 2803.8313    8.5060
   -7.5000   45.0000   30.0000 2720.7336    8.8223
    0.0000   45.0000   30.0000 2751.3989    8.7085
    7.5000   45.0000   30.0000 2732.8530    8.8087
   -7.5000   52.5000   30.0000 2609.4104    9.2621
    0.0000   52.5000   30.0000 2629.0740    9.1329
    7.5000   52.5000   30.0000 2619.4744    9.2328
   -7.5000   60.0000   30.0000 2447.6536    9.7449
    0.0000   60.0000   30.0000 2470.0815    9.6266
    7.5000   60.0000   30.0000 2461.5549    9.7195
   -7.5000   67.5000   30.0000 2263.0044   10.2227
    0.0000   67.5000   30.0000 2283.2209   10.1156
    7.5000   67.5000   30.0000 2275.4395   10.1890
   -7.5000  -22.5000   37.5000 2032.4918   14.9470
    0.0000  -22.5000   37.5000 2053.6631   14.7820
    7.5000  -22.5000   37.5000 2038.0258   15.0734
   -7.5000  -15.0000   37.5000 2192.9646   13.0989
    0.0000  -15.0000   37.5000 2217.9614   12.9070
    7.5000  -15.0000   37.5000 2200.0305   13.1580
   -7.5000   -7.5000   37.5000 2340.5608   11.7237
    0.0000   -7.5000   37.5000 2371.0876   11.5279
    7.5000   -7.5000   37.5000 2347.0784   11.7527
   -7.5000    0.0000   37.5000 2461.2830   10.7212
    0.0000    0.0000   37.5000 2488.5530   10.5260
    7.5000    0.0000   37.5000 2467.8665   10.7323
   -7.5000    7.5000   37.5000 2570.5845    9.9748
    0.0000    7.5000   37.5000 2595.4460    9.7840
    7.5000    7.5000   37.5000 2582.0857    9.9920
   -7.5000   15.0000   37.5000 2655.8538    9.4361
    0.0000   15.0000   37.5000 2685.6619    9.2241
    7.5000   15.0000   37.5000 2669.4390    9.4260
   -7.5000   22.5000   37.5000 2713.2451    9.0847
    0.0000   22.5000   37.5000 2741.8384    8.8954
    7.5000   22.5000   37.5000 2725.3577    9.0756
   -7.5000   30.0000   37.5000 2731.4368    8.9575
    0.0000   30.0000   37.5000 2762.7769    8.7933
    7.5000   30.0000   37.5000 2745.1685    8.9405
   -7.5000   37.5000   37.5000 2702.0361    9.0605
    0.0000   37.5000   37.5000 2733.7195    8.9167
    7.5000   37.5000   37.5000 2715.6611    9.0335
   -7.5000   45.0000   37.5000 2631.6646    9.3524
    0.0000   45.0000   37.5000 2659.6492    9.2199
    7.5000   45.0000   37.5000 2647.9224    9.3360
   -7.5000   52.5000   37.5000 2524.1204    9.7899
    0.0000   52.5000   37.5000 2547.5720    9.6347
    7.5000   52.5000   37.5000 2540.9717    9.7326
   -7.5000   60.0000   37.5000 2377.5427   10.2401
    0.0000   60.0000   37.5000 2395.5808   10.1046
    7.5000   60.0000   37.5000 2392.0710   10.1924
   -7.5000   67.5000   37.5000 2197.5535   10.6908
    0.0000   67.5000   37.5000 2215.5212   10.5721
    7.5000   67.5000   37.5000 2211.2625   10.6499
   -7.5000  -22.5000   45.0000 1990.1444   15.7885
    0.0000  -22.5000   45.0000 2012.1769   15.6282
    7.5000  -22.5000   45.0000 1993.8470   15.9098
   -7.5000  -15.0000   45.0000 2148.5874   13.8856
    0.0000  -15.0000   45.0000 2174.8445   13.6937
    7.5000  -15.0000   45.0000 2151.9917   13.9171
   -7.5000   -7.5000   45.0000 2287.7520   12.4604
    0.0000   -7.5000   45.0000 2320.7095   12.2775
    7.5000   -7.5000   45.0000 2293.9185   12.4667
   -7.5000    0.0000   45.0000 2401.4155   11.4085
    0.0000    0.0000   45.0000 2434.1614   11.2250
    7.5000    0.0000   45.0000 2411.0735   11.4159
   -7.5000    7.5000   45.0000 2500.9307   10.6393
    0.0000    7.5000   45.0000 2529.8054   10.4501
    7.5000    7.5000   45.0000 2514.3977   10.6497
   -7.5000   15.0000   45.0000 2577.5093   10.0897
    0.0000   15.0000   45.0000 2607.5132    9.8970
    7.5000   15.0000   45.0000 2593.1670   10.0815
   -7.5000   22.5000   45.0000 2626.4534    9.7471
    0.0000   22.5000   45.0000 2650.6050    9.5688
    7.5000   22.5000   45.0000 2639.2161    9.7411
   -7.5000   30.0000   45.0000 2628.4551    9.6300
    0.0000   30.0000   45.0000 2654.5825    9.4619
    7.5000   30.0000   45.0000 2645.5994    9.6079
   -7.5000   37.5000   45.0000 2607.3645    9.7052
    0.0000   37.5000   45.0000 2633.1426    9.5681
    7.5000   37.5000   45.0000 2618.1836    9.6861
   -7.5000   45.0000   45.0000 2547.6169    9.9982
    0.0000   45.0000   45.0000 2573.6672    9.8593
    7.5000   45.0000   45.0000 2561.3506    9.9814
   -7.5000   52.5000   45.0000 2444.7759   10.4185
    0.0000   52.5000   45.0000 2468.4841   10.2581
    7.5000   52.5000   45.0000 2458.2839   10.3703
   -7.5000   60.0000   45.0000 2300.2290   10.8672
    0.0000   60.0000   45.0000 2321.4558   10.7023
    7.5000   60.0000   45.0000 2311.0344   10.7956
   -7.5000   67.5000   45.0000 2120.9116   11.2805
    0.0000   67.5000   45.0000 2143.2109   11.1495
    7.5000   67.5000   45.0000 2135.9617   11.2216

---------------------------------------------------------------------
imgreg_4dfp /opt/freesurfer/average/711-2C_as_mni_average_305 /opt/freesurfer/average/711-2B_as_mni_average_305_mask talsrcimg_g11 none talsrcimg_to_711-2C_as_mni_average_305_t4 1283
---------------------------------------------------------------------

freesurfer imgreg_4dfp.c
/opt/freesurfer/average/711-2C_as_mni_average_305.4dfp.img
       256       256       256         1
  1.000000  1.000000  1.000000
orientation T byte_order littleendian
Reading image: /opt/freesurfer/average/711-2C_as_mni_average_305.4dfp.img
dimensions:      256       256       256
mmppix:       1.0000   -1.0000   -1.0000
center:     128.0000 -129.0000 -129.0000
/opt/freesurfer/average/711-2B_as_mni_average_305_mask.4dfp.img
       256       256       256         1
  1.000000  1.000000  1.000000
orientation T byte_order littleendian
Reading mask: /opt/freesurfer/average/711-2B_as_mni_average_305_mask.4dfp.img (2306576 pixels)
talsrcimg_g11.4dfp.img
       256       256       256         1
  1.000000  1.000000  1.000000
orientation T byte_order littleendian
Reading image: talsrcimg_g11.4dfp.img
dimensions:      256       256       256
mmppix:       1.0000   -1.0000   -1.0000
center:     128.0000 -129.0000 -129.0000
rotation matrix determinant  1.000000
fimgreg.f
image alignment mode   1283 decimal      503 hex
parameters
    0.0000   30.0000    7.5000    0.0000    0.0000    0.0000
eta,q 0.95657  7.59653
niter,ni,del,rscale     5    3   12.0000    1.2000
parameter  2 -0.525516 -> -0.500000 qaram    1.1500
parameter  6  0.686498 ->  0.500000 qaram    1.1500
parameters
    0.5346   33.4500    5.2175   -1.1187   -0.3057   -3.4500
eta,q 0.96460  7.51930
  0.0631  0.0621  0.0430  0.0429  0.0463  0.0374
  0.0550  0.0540  0.0396  0.0408  0.0422  0.0356
  0.0478  0.0478  0.0383  0.0387  0.0392  0.0358
  0.0435  0.0432  0.0403  0.0384  0.0383  0.0383
  0.0450  0.0407  0.0443  0.0405  0.0397  0.0418
  0.0505  0.0408  0.0488  0.0439  0.0430  0.0452
  0.0579  0.0429  0.0537  0.0483  0.0483  0.0482
niter,ni,del,rscale     6    3   12.0000    1.2000
parameters
    0.5634   33.0905    5.0251   -0.9313   -0.3957   -3.6405
eta,q 0.96454  7.51429
  0.0543  0.0476  0.0463  0.0430  0.0447  0.0428
  0.0445  0.0429  0.0408  0.0409  0.0402  0.0398
  0.0375  0.0388  0.0369  0.0384  0.0369  0.0370
  0.0354  0.0354  0.0356  0.0356  0.0354  0.0354
  0.0383  0.0379  0.0379  0.0361  0.0367  0.0367
  0.0447  0.0439  0.0423  0.0392  0.0403  0.0401
  0.0534  0.0516  0.0471  0.0435  0.0456  0.0440
niter,ni,del,rscale     5    3   12.0000    1.2000
parameters
    0.5779   32.9530    5.0011   -0.8469   -0.4106   -3.6831
eta,q 0.96450  7.51248
  0.0541  0.0485  0.0468  0.0428  0.0449  0.0430
  0.0445  0.0433  0.0413  0.0408  0.0404  0.0399
  0.0376  0.0392  0.0372  0.0383  0.0370  0.0371
  0.0355  0.0355  0.0356  0.0356  0.0355  0.0355
  0.0383  0.0375  0.0375  0.0362  0.0367  0.0365
  0.0447  0.0432  0.0418  0.0395  0.0402  0.0398
  0.0535  0.0508  0.0466  0.0437  0.0453  0.0436
niter,ni,del,rscale     4    3   12.0000    1.2000
parameters
    0.5760   32.9081    5.0059   -0.8132   -0.4103   -3.6924
eta,q 0.96449  7.51184
  0.0540  0.0489  0.0469  0.0427  0.0450  0.0431
  0.0445  0.0435  0.0414  0.0407  0.0404  0.0400
  0.0377  0.0393  0.0372  0.0382  0.0371  0.0372
  0.0355  0.0355  0.0355  0.0355  0.0355  0.0355
  0.0383  0.0373  0.0374  0.0363  0.0367  0.0365
  0.0448  0.0430  0.0417  0.0396  0.0402  0.0397
  0.0536  0.0505  0.0465  0.0439  0.0453  0.0435
registration optimization eta report
parameter search radius
    6.0000    6.9000    6.0000    6.0000    6.0000    6.9000
100000*second partial in parameter space
       50.       28.       30.       20.       26.       16.
  0.0540  0.0489  0.0469  0.0427  0.0450  0.0431
  0.0445  0.0435  0.0414  0.0407  0.0404  0.0400
  0.0377  0.0393  0.0372  0.0382  0.0371  0.0372
  0.0355  0.0355  0.0355  0.0355  0.0355  0.0355
  0.0383  0.0373  0.0374  0.0363  0.0367  0.0365
  0.0448  0.0430  0.0417  0.0396  0.0402  0.0397
  0.0536  0.0505  0.0465  0.0439  0.0453  0.0435
    0.5760   32.9081    5.0059   -0.8132   -0.4103   -3.6924
eta,q 0.96449  7.51184

---------------------------------------------------------------------
imgreg_4dfp /opt/freesurfer/average/711-2C_as_mni_average_305 /opt/freesurfer/average/711-2B_as_mni_average_305_mask talsrcimg_g11 none talsrcimg_to_711-2C_as_mni_average_305_t4 3335
---------------------------------------------------------------------

freesurfer imgreg_4dfp.c
/opt/freesurfer/average/711-2C_as_mni_average_305.4dfp.img
       256       256       256         1
  1.000000  1.000000  1.000000
orientation T byte_order littleendian
Reading image: /opt/freesurfer/average/711-2C_as_mni_average_305.4dfp.img
dimensions:      256       256       256
mmppix:       1.0000   -1.0000   -1.0000
center:     128.0000 -129.0000 -129.0000
/opt/freesurfer/average/711-2B_as_mni_average_305_mask.4dfp.img
       256       256       256         1
  1.000000  1.000000  1.000000
orientation T byte_order littleendian
Reading mask: /opt/freesurfer/average/711-2B_as_mni_average_305_mask.4dfp.img (2306576 pixels)
talsrcimg_g11.4dfp.img
       256       256       256         1
  1.000000  1.000000  1.000000
orientation T byte_order littleendian
Reading image: talsrcimg_g11.4dfp.img
dimensions:      256       256       256
mmppix:       1.0000   -1.0000   -1.0000
center:     128.0000 -129.0000 -129.0000
fimgreg.f
image alignment mode   3335 decimal      D07 hex
parameters
    0.5760   32.9081    5.0059   -0.2101   -0.2170   -0.0126
    6.4292    0.8060   -6.4399    1.3702   -0.7162   -1.4192
eta,q 0.96291  7.56245
niter,ni,del,rscale     5    3    5.0000    1.2000
parameter  4  0.590745 ->  0.500000 qaram    1.1500
parameter  5  3.076220 ->  0.500000 qaram    1.1500
parameter 12  0.822770 ->  0.500000 qaram    1.1500
parameters
    0.7061   33.3355    5.8078   -4.3501   -4.3570   -2.2153
    6.8133    1.9916   -5.0276    0.8302    0.2811   -5.5592
eta,q 0.96986  7.32124
  0.0405  0.0397  0.0397  0.0362  0.0276  0.0322  0.0333  0.0366  0.0334  0.0334  0.0318  0.0301
  0.0387  0.0385  0.0385  0.0357  0.0302  0.0316  0.0321  0.0341  0.0321  0.0318  0.0313  0.0301
  0.0376  0.0376  0.0376  0.0358  0.0328  0.0311  0.0313  0.0322  0.0312  0.0309  0.0309  0.0303
  0.0371  0.0371  0.0370  0.0368  0.0356  0.0309  0.0310  0.0310  0.0308  0.0307  0.0307  0.0307
  0.0373  0.0371  0.0368  0.0388  0.0390  0.0318  0.0312  0.0309  0.0308  0.0311  0.0307  0.0312
  0.0383  0.0375  0.0370  0.0415  0.0429  0.0342  0.0318  0.0319  0.0311  0.0323  0.0309  0.0319
  0.0399  0.0384  0.0376  0.0449  0.0469  0.0374  0.0329  0.0341  0.0319  0.0345  0.0314  0.0329
niter,ni,del,rscale     7    3    5.0000    1.2000
parameter  5  1.851597 ->  0.500000 qaram    1.3225
parameters
    0.6235   33.1868    4.9111   -4.7238   -9.1180   -2.4179
    6.5430    1.9748   -5.1344    1.7702    0.5039   -9.0807
eta,q 0.97508  7.18446
  0.0330  0.0318  0.0305  0.0328  0.0235  0.0275  0.0275  0.0297  0.0275  0.0300  0.0261  0.0254
  0.0314  0.0308  0.0300  0.0316  0.0248  0.0265  0.0262  0.0276  0.0263  0.0279  0.0256  0.0250
  0.0304  0.0302  0.0299  0.0306  0.0270  0.0259  0.0255  0.0260  0.0255  0.0262  0.0253  0.0249
  0.0301  0.0301  0.0301  0.0299  0.0300  0.0253  0.0253  0.0253  0.0253  0.0253  0.0252  0.0252
  0.0306  0.0304  0.0306  0.0301  0.0331  0.0252  0.0257  0.0257  0.0256  0.0254  0.0252  0.0257
  0.0317  0.0311  0.0314  0.0315  0.0367  0.0261  0.0265  0.0274  0.0264  0.0265  0.0255  0.0265
  0.0335  0.0323  0.0325  0.0340  0.0410  0.0285  0.0278  0.0300  0.0276  0.0282  0.0260  0.0277
niter,ni,del,rscale     7    3    5.0000    1.2000
parameter  5  0.793259 ->  0.500000 qaram    1.5209
parameters
    0.6301   33.0586    4.7357   -3.7057  -14.5932   -1.5070
    6.5577    1.8946   -5.6499    3.0358   -0.1706   -9.4426
eta,q 0.97806  7.07935
  0.0281  0.0276  0.0262  0.0284  0.0224  0.0250  0.0246  0.0267  0.0239  0.0267  0.0228  0.0233
  0.0264  0.0261  0.0254  0.0271  0.0222  0.0239  0.0233  0.0244  0.0228  0.0245  0.0223  0.0225
  0.0253  0.0252  0.0250  0.0259  0.0229  0.0231  0.0224  0.0228  0.0222  0.0230  0.0220  0.0221
  0.0249  0.0249  0.0249  0.0249  0.0247  0.0223  0.0221  0.0221  0.0221  0.0221  0.0219  0.0219
  0.0253  0.0254  0.0252  0.0246  0.0278  0.0220  0.0224  0.0227  0.0225  0.0220  0.0221  0.0222
  0.0263  0.0265  0.0257  0.0255  0.0315  0.0225  0.0233  0.0244  0.0233  0.0227  0.0225  0.0227
  0.0281  0.0282  0.0266  0.0276  0.0357  0.0244  0.0246  0.0271  0.0245  0.0244  0.0232  0.0236
niter,ni,del,rscale     7    3    5.0000    1.2000
parameters
    0.6355   33.0113    5.3487   -3.0829  -16.9166   -0.7010
    6.6578    1.8325   -5.6274    3.3040   -0.5467   -9.0426
eta,q 0.97863  7.03902
  0.0253  0.0248  0.0243  0.0252  0.0251  0.0246  0.0239  0.0261  0.0234  0.0251  0.0224  0.0230
  0.0235  0.0231  0.0232  0.0239  0.0230  0.0234  0.0226  0.0237  0.0223  0.0231  0.0218  0.0222
  0.0223  0.0222  0.0224  0.0228  0.0217  0.0225  0.0217  0.0220  0.0216  0.0218  0.0215  0.0216
  0.0219  0.0219  0.0219  0.0218  0.0217  0.0216  0.0214  0.0214  0.0214  0.0214  0.0214  0.0214
  0.0223  0.0224  0.0218  0.0216  0.0230  0.0213  0.0217  0.0219  0.0216  0.0216  0.0215  0.0215
  0.0234  0.0234  0.0221  0.0227  0.0263  0.0219  0.0225  0.0237  0.0223  0.0227  0.0219  0.0220
  0.0252  0.0249  0.0227  0.0249  0.0305  0.0240  0.0238  0.0264  0.0234  0.0246  0.0226  0.0228
niter,ni,del,rscale     6    3    5.0000    1.2000
parameters
    0.6348   33.0170    5.7038   -2.9971  -17.2620   -0.4430
    6.6629    1.8312   -5.5543    3.2610   -0.6460   -8.7911
eta,q 0.97872  7.03607
  0.0248  0.0243  0.0235  0.0245  0.0265  0.0243  0.0238  0.0261  0.0234  0.0247  0.0224  0.0229
  0.0229  0.0227  0.0225  0.0233  0.0240  0.0232  0.0224  0.0237  0.0222  0.0228  0.0218  0.0221
  0.0218  0.0217  0.0218  0.0222  0.0222  0.0222  0.0216  0.0220  0.0215  0.0216  0.0214  0.0215
  0.0214  0.0214  0.0214  0.0213  0.0213  0.0213  0.0213  0.0213  0.0213  0.0213  0.0213  0.0213
  0.0218  0.0217  0.0214  0.0214  0.0218  0.0212  0.0216  0.0218  0.0215  0.0216  0.0214  0.0214
  0.0229  0.0227  0.0218  0.0226  0.0240  0.0222  0.0225  0.0236  0.0222  0.0228  0.0218  0.0219
  0.0248  0.0242  0.0226  0.0250  0.0278  0.0246  0.0238  0.0262  0.0233  0.0248  0.0225  0.0227
niter,ni,del,rscale     5    3    5.0000    1.2000
parameters
    0.6263   32.9838    5.8102   -3.0032  -17.3026   -0.3790
    6.6527    1.8297   -5.5165    3.1965   -0.6711   -8.6655
eta,q 0.97873  7.03576
  0.0247  0.0242  0.0231  0.0244  0.0268  0.0242  0.0238  0.0261  0.0233  0.0247  0.0224  0.0229
  0.0228  0.0225  0.0222  0.0232  0.0242  0.0232  0.0224  0.0237  0.0222  0.0228  0.0218  0.0220
  0.0217  0.0215  0.0216  0.0221  0.0222  0.0221  0.0216  0.0219  0.0215  0.0216  0.0214  0.0214
  0.0213  0.0213  0.0213  0.0213  0.0213  0.0213  0.0213  0.0213  0.0213  0.0213  0.0213  0.0213
  0.0217  0.0217  0.0214  0.0214  0.0216  0.0212  0.0216  0.0218  0.0215  0.0216  0.0214  0.0214
  0.0229  0.0227  0.0219  0.0227  0.0237  0.0224  0.0224  0.0236  0.0222  0.0228  0.0218  0.0219
  0.0247  0.0243  0.0229  0.0251  0.0274  0.0249  0.0238  0.0262  0.0233  0.0249  0.0224  0.0228
niter,ni,del,rscale     4    3    5.0000    1.2000
parameters
    0.6232   32.9647    5.8428   -3.0060  -17.3060   -0.3626
    6.6474    1.8296   -5.5052    3.1602   -0.6716   -8.6185
eta,q 0.97874  7.03573
  0.0247  0.0242  0.0230  0.0244  0.0268  0.0242  0.0238  0.0261  0.0233  0.0247  0.0224  0.0228
  0.0228  0.0225  0.0221  0.0232  0.0242  0.0231  0.0224  0.0237  0.0222  0.0228  0.0218  0.0220
  0.0217  0.0215  0.0215  0.0221  0.0222  0.0221  0.0216  0.0219  0.0215  0.0216  0.0214  0.0214
  0.0213  0.0213  0.0213  0.0213  0.0213  0.0213  0.0213  0.0213  0.0213  0.0213  0.0213  0.0213
  0.0217  0.0217  0.0214  0.0213  0.0216  0.0213  0.0216  0.0218  0.0215  0.0216  0.0214  0.0214
  0.0228  0.0227  0.0220  0.0227  0.0236  0.0224  0.0224  0.0236  0.0222  0.0228  0.0218  0.0220
  0.0247  0.0242  0.0230  0.0251  0.0274  0.0249  0.0238  0.0262  0.0233  0.0249  0.0224  0.0228
niter,ni,del,rscale     3    3    5.0000    1.2000
parameters
    0.6223   32.9578    5.8530   -3.0096  -17.3045   -0.3596
    6.6444    1.8293   -5.5050    3.1465   -0.6671   -8.5983
eta,q 0.97874  7.03568
  0.0247  0.0242  0.0230  0.0244  0.0268  0.0242  0.0238  0.0261  0.0233  0.0247  0.0224  0.0228
  0.0228  0.0226  0.0221  0.0232  0.0242  0.0231  0.0224  0.0237  0.0222  0.0228  0.0218  0.0220
  0.0217  0.0216  0.0215  0.0221  0.0222  0.0221  0.0216  0.0219  0.0215  0.0216  0.0214  0.0214
  0.0213  0.0213  0.0213  0.0213  0.0213  0.0213  0.0213  0.0213  0.0213  0.0213  0.0213  0.0213
  0.0217  0.0216  0.0214  0.0213  0.0216  0.0213  0.0216  0.0218  0.0215  0.0216  0.0214  0.0215
  0.0228  0.0227  0.0220  0.0227  0.0236  0.0224  0.0224  0.0236  0.0222  0.0228  0.0218  0.0220
  0.0247  0.0242  0.0230  0.0251  0.0274  0.0249  0.0238  0.0262  0.0233  0.0248  0.0224  0.0228
registration optimization eta report
parameter search radius
    2.4000    2.4000    2.4000    8.2800   10.9503    7.2000
    7.2000    7.2000    7.2000    7.2000    7.2000    8.2800
100000*second partial in parameter space
       60.       51.       30.        5.        5.        6.
        5.        9.        4.        7.        2.        2.
  0.0247  0.0242  0.0230  0.0244  0.0268  0.0242  0.0238  0.0261  0.0233  0.0247  0.0224  0.0228
  0.0228  0.0226  0.0221  0.0232  0.0242  0.0231  0.0224  0.0237  0.0222  0.0228  0.0218  0.0220
  0.0217  0.0216  0.0215  0.0221  0.0222  0.0221  0.0216  0.0219  0.0215  0.0216  0.0214  0.0214
  0.0213  0.0213  0.0213  0.0213  0.0213  0.0213  0.0213  0.0213  0.0213  0.0213  0.0213  0.0213
  0.0217  0.0216  0.0214  0.0213  0.0216  0.0213  0.0216  0.0218  0.0215  0.0216  0.0214  0.0215
  0.0228  0.0227  0.0220  0.0227  0.0236  0.0224  0.0224  0.0236  0.0222  0.0228  0.0218  0.0220
  0.0247  0.0242  0.0230  0.0251  0.0274  0.0249  0.0238  0.0262  0.0233  0.0248  0.0224  0.0228
    0.6223   32.9578    5.8530   -3.0096  -17.3045   -0.3596
    6.6444    1.8293   -5.5050    3.1465   -0.6671   -8.5983
eta,q 0.97874  7.03568

---------------------------------------------------------------------
imgreg_4dfp /opt/freesurfer/average/711-2C_as_mni_average_305 /opt/freesurfer/average/711-2B_as_mni_average_305_mask talsrcimg_g11 none talsrcimg_to_711-2C_as_mni_average_305_t4 2311
---------------------------------------------------------------------

freesurfer imgreg_4dfp.c
/opt/freesurfer/average/711-2C_as_mni_average_305.4dfp.img
       256       256       256         1
  1.000000  1.000000  1.000000
orientation T byte_order littleendian
Reading image: /opt/freesurfer/average/711-2C_as_mni_average_305.4dfp.img
dimensions:      256       256       256
mmppix:       1.0000   -1.0000   -1.0000
center:     128.0000 -129.0000 -129.0000
/opt/freesurfer/average/711-2B_as_mni_average_305_mask.4dfp.img
       256       256       256         1
  1.000000  1.000000  1.000000
orientation T byte_order littleendian
Reading mask: /opt/freesurfer/average/711-2B_as_mni_average_305_mask.4dfp.img (2306576 pixels)
talsrcimg_g11.4dfp.img
       256       256       256         1
  1.000000  1.000000  1.000000
orientation T byte_order littleendian
Reading image: talsrcimg_g11.4dfp.img
dimensions:      256       256       256
mmppix:       1.0000   -1.0000   -1.0000
center:     128.0000 -129.0000 -129.0000
fimgreg.f
image alignment mode   2311 decimal      907 hex
parameters
    0.6223   32.9578    5.8530   -3.0096  -17.3045   -0.3596
    6.6444    1.8293   -5.5050    3.1465   -0.6671   -8.5983
eta,q 0.97874  7.03568
niter,ni,del,rscale     5    3    5.0000    0.8000
parameters
    0.6206   32.9224    5.8860   -2.1503  -16.4807    0.3154
    6.5197    1.7592   -5.5030    3.0990   -1.1818   -9.0020
eta,q 0.97897  7.10627
  0.0228  0.0226  0.0221  0.0229  0.0227  0.0230  0.0222  0.0235  0.0221  0.0226  0.0215  0.0215
  0.0220  0.0218  0.0216  0.0223  0.0220  0.0223  0.0216  0.0222  0.0215  0.0218  0.0212  0.0212
  0.0214  0.0214  0.0214  0.0217  0.0214  0.0216  0.0212  0.0213  0.0211  0.0212  0.0211  0.0211
  0.0213  0.0213  0.0213  0.0213  0.0212  0.0211  0.0210  0.0210  0.0210  0.0210  0.0210  0.0210
  0.0214  0.0214  0.0213  0.0212  0.0212  0.0210  0.0212  0.0214  0.0212  0.0212  0.0212  0.0211
  0.0220  0.0219  0.0216  0.0215  0.0214  0.0214  0.0217  0.0223  0.0215  0.0217  0.0214  0.0213
  0.0228  0.0227  0.0220  0.0222  0.0219  0.0224  0.0224  0.0237  0.0220  0.0228  0.0218  0.0217
niter,ni,del,rscale     4    3    5.0000    0.7000
parameters
    0.6169   32.8826    5.9504   -2.1068  -16.4519    0.6083
    6.5313    1.7896   -5.3841    3.1227   -1.3654   -9.0628
eta,q 0.97900  7.11627
  0.0223  0.0220  0.0217  0.0222  0.0220  0.0226  0.0220  0.0230  0.0218  0.0223  0.0215  0.0214
  0.0216  0.0215  0.0214  0.0217  0.0215  0.0219  0.0214  0.0219  0.0214  0.0216  0.0212  0.0212
  0.0212  0.0211  0.0211  0.0212  0.0211  0.0213  0.0211  0.0213  0.0211  0.0212  0.0210  0.0210
  0.0210  0.0210  0.0210  0.0210  0.0210  0.0210  0.0210  0.0210  0.0210  0.0210  0.0210  0.0210
  0.0212  0.0212  0.0211  0.0211  0.0211  0.0210  0.0211  0.0212  0.0211  0.0211  0.0211  0.0211
  0.0216  0.0216  0.0213  0.0215  0.0214  0.0214  0.0214  0.0219  0.0213  0.0215  0.0212  0.0212
  0.0223  0.0221  0.0216  0.0223  0.0219  0.0223  0.0220  0.0230  0.0217  0.0223  0.0215  0.0214
niter,ni,del,rscale     3    3    5.0000    0.6000
parameters
    0.6225   32.8675    5.9966   -2.0611  -16.4421    0.7783
    6.5199    1.8026   -5.3503    3.1405   -1.4404   -9.1076
eta,q 0.97902  7.12226
  0.0220  0.0218  0.0215  0.0219  0.0217  0.0222  0.0217  0.0225  0.0216  0.0219  0.0213  0.0213
  0.0214  0.0213  0.0212  0.0215  0.0213  0.0216  0.0213  0.0217  0.0213  0.0214  0.0211  0.0211
  0.0211  0.0211  0.0211  0.0212  0.0211  0.0212  0.0211  0.0212  0.0211  0.0211  0.0210  0.0210
  0.0210  0.0210  0.0210  0.0210  0.0210  0.0210  0.0210  0.0210  0.0210  0.0210  0.0210  0.0210
  0.0211  0.0211  0.0210  0.0211  0.0211  0.0210  0.0211  0.0211  0.0211  0.0211  0.0210  0.0210
  0.0214  0.0214  0.0212  0.0214  0.0213  0.0213  0.0213  0.0217  0.0212  0.0214  0.0212  0.0211
  0.0220  0.0218  0.0214  0.0220  0.0217  0.0221  0.0217  0.0225  0.0216  0.0219  0.0214  0.0213
niter,ni,del,rscale     2    3    5.0000    0.5000
parameters
    0.6262   32.8606    6.0172   -2.0191  -16.4413    0.8841
    6.5134    1.8024   -5.3289    3.1649   -1.4946   -9.1689
eta,q 0.97902  7.12613
  0.0217  0.0215  0.0213  0.0217  0.0215  0.0218  0.0215  0.0220  0.0214  0.0216  0.0212  0.0212
  0.0213  0.0212  0.0211  0.0213  0.0212  0.0214  0.0212  0.0215  0.0212  0.0213  0.0211  0.0211
  0.0211  0.0210  0.0210  0.0211  0.0210  0.0211  0.0210  0.0211  0.0210  0.0211  0.0210  0.0210
  0.0210  0.0210  0.0210  0.0210  0.0210  0.0210  0.0210  0.0210  0.0210  0.0210  0.0210  0.0210
  0.0211  0.0211  0.0210  0.0210  0.0210  0.0210  0.0210  0.0211  0.0210  0.0210  0.0210  0.0210
  0.0213  0.0212  0.0211  0.0213  0.0212  0.0212  0.0212  0.0215  0.0212  0.0212  0.0211  0.0211
  0.0217  0.0215  0.0213  0.0217  0.0215  0.0217  0.0215  0.0221  0.0214  0.0216  0.0213  0.0212
niter,ni,del,rscale     1    3    5.0000    0.4000
parameters
    0.6270   32.8583    6.0328   -1.9785  -16.4482    0.9813
    6.5094    1.7984   -5.3284    3.1846   -1.5330   -9.2332
eta,q 0.97903  7.12944
  0.0214  0.0213  0.0212  0.0214  0.0213  0.0215  0.0213  0.0217  0.0212  0.0214  0.0211  0.0211
  0.0212  0.0211  0.0211  0.0212  0.0211  0.0212  0.0211  0.0213  0.0211  0.0212  0.0210  0.0210
  0.0210  0.0210  0.0210  0.0210  0.0210  0.0211  0.0210  0.0211  0.0210  0.0210  0.0210  0.0210
  0.0210  0.0210  0.0210  0.0210  0.0210  0.0210  0.0210  0.0210  0.0210  0.0210  0.0210  0.0210
  0.0210  0.0210  0.0210  0.0210  0.0210  0.0210  0.0210  0.0211  0.0210  0.0210  0.0210  0.0210
  0.0212  0.0211  0.0211  0.0212  0.0211  0.0211  0.0211  0.0213  0.0211  0.0211  0.0211  0.0210
  0.0214  0.0213  0.0212  0.0214  0.0213  0.0214  0.0213  0.0217  0.0212  0.0214  0.0212  0.0211
registration optimization eta report
parameter search radius
    0.8000    0.8000    0.8000    2.4000    2.4000    2.4000
    2.4000    2.4000    2.4000    2.4000    2.4000    2.4000
100000*second partial in parameter space
       69.       56.       34.        8.        5.        9.
        6.       12.        5.        7.        3.        2.
  0.0214  0.0213  0.0212  0.0214  0.0213  0.0215  0.0213  0.0217  0.0212  0.0214  0.0211  0.0211
  0.0212  0.0211  0.0211  0.0212  0.0211  0.0212  0.0211  0.0213  0.0211  0.0212  0.0210  0.0210
  0.0210  0.0210  0.0210  0.0210  0.0210  0.0211  0.0210  0.0211  0.0210  0.0210  0.0210  0.0210
  0.0210  0.0210  0.0210  0.0210  0.0210  0.0210  0.0210  0.0210  0.0210  0.0210  0.0210  0.0210
  0.0210  0.0210  0.0210  0.0210  0.0210  0.0210  0.0210  0.0211  0.0210  0.0210  0.0210  0.0210
  0.0212  0.0211  0.0211  0.0212  0.0211  0.0211  0.0211  0.0213  0.0211  0.0211  0.0211  0.0210
  0.0214  0.0213  0.0212  0.0214  0.0213  0.0214  0.0213  0.0217  0.0212  0.0214  0.0212  0.0211
    0.6270   32.8583    6.0328   -1.9785  -16.4482    0.9813
    6.5094    1.7984   -5.3284    3.1846   -1.5330   -9.2332
eta,q 0.97903  7.12944

---------------------------------------------------------------------
imgreg_4dfp /opt/freesurfer/average/711-2C_as_mni_average_305 /opt/freesurfer/average/711-2B_as_mni_average_305_mask talsrcimg_g11 none talsrcimg_to_711-2C_as_mni_average_305_t4 2311
---------------------------------------------------------------------

freesurfer imgreg_4dfp.c
/opt/freesurfer/average/711-2C_as_mni_average_305.4dfp.img
       256       256       256         1
  1.000000  1.000000  1.000000
orientation T byte_order littleendian
Reading image: /opt/freesurfer/average/711-2C_as_mni_average_305.4dfp.img
dimensions:      256       256       256
mmppix:       1.0000   -1.0000   -1.0000
center:     128.0000 -129.0000 -129.0000
/opt/freesurfer/average/711-2B_as_mni_average_305_mask.4dfp.img
       256       256       256         1
  1.000000  1.000000  1.000000
orientation T byte_order littleendian
Reading mask: /opt/freesurfer/average/711-2B_as_mni_average_305_mask.4dfp.img (2306576 pixels)
talsrcimg_g11.4dfp.img
       256       256       256         1
  1.000000  1.000000  1.000000
orientation T byte_order littleendian
Reading image: talsrcimg_g11.4dfp.img
dimensions:      256       256       256
mmppix:       1.0000   -1.0000   -1.0000
center:     128.0000 -129.0000 -129.0000
fimgreg.f
image alignment mode   2311 decimal      907 hex
parameters
    0.6270   32.8583    6.0328   -1.9785  -16.4482    0.9813
    6.5094    1.7984   -5.3284    3.1846   -1.5330   -9.2332
eta,q 0.97903  7.12944
niter,ni,del,rscale     5    3    5.0000    0.8000
parameters
    0.6316   32.8807    6.0392   -2.2465  -16.5141    0.6250
    6.5361    1.8505   -5.3013    3.1119   -1.3839   -8.9438
eta,q 0.97900  7.11127
  0.0227  0.0224  0.0218  0.0224  0.0222  0.0226  0.0223  0.0236  0.0220  0.0226  0.0217  0.0216
  0.0218  0.0216  0.0214  0.0217  0.0215  0.0218  0.0216  0.0222  0.0215  0.0217  0.0213  0.0213
  0.0212  0.0211  0.0211  0.0212  0.0211  0.0212  0.0212  0.0213  0.0211  0.0212  0.0211  0.0211
  0.0210  0.0210  0.0210  0.0210  0.0210  0.0210  0.0210  0.0210  0.0210  0.0210  0.0210  0.0210
  0.0212  0.0211  0.0211  0.0212  0.0211  0.0212  0.0211  0.0213  0.0211  0.0212  0.0211  0.0210
  0.0217  0.0216  0.0214  0.0218  0.0215  0.0220  0.0216  0.0221  0.0215  0.0217  0.0213  0.0212
  0.0227  0.0223  0.0218  0.0229  0.0223  0.0235  0.0222  0.0235  0.0220  0.0228  0.0216  0.0215
niter,ni,del,rscale     4    3    5.0000    0.7000
parameters
    0.6268   32.8611    6.0130   -2.1511  -16.4677    0.6513
    6.5139    1.8240   -5.3386    3.0998   -1.3926   -8.9938
eta,q 0.97901  7.11561
  0.0223  0.0221  0.0216  0.0223  0.0219  0.0224  0.0220  0.0230  0.0218  0.0222  0.0215  0.0214
  0.0216  0.0215  0.0213  0.0217  0.0214  0.0218  0.0214  0.0219  0.0213  0.0216  0.0212  0.0212
  0.0211  0.0211  0.0211  0.0212  0.0211  0.0212  0.0211  0.0212  0.0211  0.0212  0.0210  0.0210
  0.0210  0.0210  0.0210  0.0210  0.0210  0.0210  0.0210  0.0210  0.0210  0.0210  0.0210  0.0210
  0.0212  0.0211  0.0211  0.0211  0.0211  0.0211  0.0211  0.0212  0.0211  0.0211  0.0211  0.0210
  0.0216  0.0215  0.0213  0.0215  0.0214  0.0215  0.0214  0.0219  0.0214  0.0215  0.0212  0.0212
  0.0223  0.0221  0.0217  0.0222  0.0219  0.0226  0.0220  0.0230  0.0218  0.0223  0.0215  0.0214
niter,ni,del,rscale     3    3    5.0000    0.6000
parameters
    0.6249   32.8579    6.0136   -2.0724  -16.4438    0.7767
    6.5137    1.8081   -5.3401    3.1267   -1.4433   -9.0863
eta,q 0.97902  7.12177
  0.0220  0.0218  0.0215  0.0220  0.0217  0.0221  0.0217  0.0225  0.0216  0.0219  0.0213  0.0213
  0.0214  0.0213  0.0212  0.0215  0.0213  0.0216  0.0213  0.0217  0.0213  0.0214  0.0211  0.0211
  0.0211  0.0211  0.0210  0.0212  0.0211  0.0212  0.0211  0.0212  0.0211  0.0211  0.0210  0.0210
  0.0210  0.0210  0.0210  0.0210  0.0210  0.0210  0.0210  0.0210  0.0210  0.0210  0.0210  0.0210
  0.0211  0.0211  0.0210  0.0211  0.0211  0.0210  0.0211  0.0212  0.0211  0.0211  0.0210  0.0210
  0.0214  0.0214  0.0212  0.0214  0.0213  0.0214  0.0213  0.0217  0.0213  0.0214  0.0212  0.0211
  0.0220  0.0218  0.0215  0.0219  0.0217  0.0221  0.0217  0.0225  0.0216  0.0219  0.0214  0.0213
niter,ni,del,rscale     2    3    5.0000    0.5000
parameters
    0.6252   32.8577    6.0275   -2.0196  -16.4500    0.8940
    6.5100    1.7999   -5.3313    3.1564   -1.5026   -9.1623
eta,q 0.97902  7.12603
  0.0217  0.0215  0.0213  0.0217  0.0215  0.0218  0.0215  0.0220  0.0214  0.0216  0.0212  0.0212
  0.0213  0.0212  0.0211  0.0213  0.0212  0.0214  0.0212  0.0215  0.0212  0.0213  0.0211  0.0211
  0.0211  0.0210  0.0210  0.0211  0.0210  0.0211  0.0210  0.0211  0.0210  0.0211  0.0210  0.0210
  0.0210  0.0210  0.0210  0.0210  0.0210  0.0210  0.0210  0.0210  0.0210  0.0210  0.0210  0.0210
  0.0211  0.0211  0.0210  0.0210  0.0210  0.0210  0.0210  0.0211  0.0210  0.0210  0.0210  0.0210
  0.0213  0.0212  0.0211  0.0213  0.0212  0.0212  0.0212  0.0215  0.0212  0.0212  0.0211  0.0211
  0.0217  0.0215  0.0213  0.0217  0.0215  0.0217  0.0215  0.0221  0.0214  0.0216  0.0213  0.0212
niter,ni,del,rscale     1    3    5.0000    0.4000
parameters
    0.6249   32.8561    6.0375   -1.9795  -16.4496    0.9784
    6.5145    1.7962   -5.3265    3.1849   -1.5359   -9.2319
eta,q 0.97902  7.12932
  0.0214  0.0213  0.0212  0.0214  0.0213  0.0215  0.0213  0.0217  0.0212  0.0214  0.0211  0.0211
  0.0212  0.0211  0.0211  0.0212  0.0211  0.0212  0.0211  0.0213  0.0211  0.0212  0.0210  0.0210
  0.0210  0.0210  0.0210  0.0210  0.0210  0.0210  0.0210  0.0211  0.0210  0.0210  0.0210  0.0210
  0.0210  0.0210  0.0210  0.0210  0.0210  0.0210  0.0210  0.0210  0.0210  0.0210  0.0210  0.0210
  0.0210  0.0210  0.0210  0.0210  0.0210  0.0210  0.0210  0.0211  0.0210  0.0210  0.0210  0.0210
  0.0212  0.0211  0.0211  0.0212  0.0211  0.0212  0.0211  0.0213  0.0211  0.0211  0.0211  0.0210
  0.0214  0.0213  0.0212  0.0214  0.0213  0.0215  0.0213  0.0217  0.0212  0.0214  0.0212  0.0211
registration optimization eta report
parameter search radius
    0.8000    0.8000    0.8000    2.4000    2.4000    2.4000
    2.4000    2.4000    2.4000    2.4000    2.4000    2.4000
100000*second partial in parameter space
       69.       56.       33.        8.        5.        9.
        6.       12.        5.        7.        3.        2.
  0.0214  0.0213  0.0212  0.0214  0.0213  0.0215  0.0213  0.0217  0.0212  0.0214  0.0211  0.0211
  0.0212  0.0211  0.0211  0.0212  0.0211  0.0212  0.0211  0.0213  0.0211  0.0212  0.0210  0.0210
  0.0210  0.0210  0.0210  0.0210  0.0210  0.0210  0.0210  0.0211  0.0210  0.0210  0.0210  0.0210
  0.0210  0.0210  0.0210  0.0210  0.0210  0.0210  0.0210  0.0210  0.0210  0.0210  0.0210  0.0210
  0.0210  0.0210  0.0210  0.0210  0.0210  0.0210  0.0210  0.0211  0.0210  0.0210  0.0210  0.0210
  0.0212  0.0211  0.0211  0.0212  0.0211  0.0212  0.0211  0.0213  0.0211  0.0211  0.0211  0.0210
  0.0214  0.0213  0.0212  0.0214  0.0213  0.0215  0.0213  0.0217  0.0212  0.0214  0.0212  0.0211
    0.6249   32.8561    6.0375   -1.9795  -16.4496    0.9784
    6.5145    1.7962   -5.3265    3.1849   -1.5359   -9.2319
eta,q 0.97902  7.12932

---------------------------------------------------------------------
compute_vox2vox talsrcimg talsrcimg_to_711-2C_as_mni_average_305_t4 /opt/freesurfer/average/711-2C_as_mni_average_305
---------------------------------------------------------------------

freesurfer compute_vox2vox.c
Reading: talsrcimg.4dfp.ifh
Reading: talsrcimg_to_711-2C_as_mni_average_305_t4
Reading: /opt/freesurfer/average/711-2C_as_mni_average_305.4dfp.ifh
Writing: talsrcimg_to_711-2C_as_mni_average_305_t4_vox2vox.txt

start time Tue Mar 10 09:45:03 CET 2026
end		time Tue Mar 10 09:46:33 CET 2026

mpr2mni305 success

avi2talxfm orig_nu.mgz /opt/freesurfer/average/mni305.cor.mgz talsrcimg_to_711-2C_as_mni_average_305_t4_vox2vox.txt transforms/talairach.auto.xfm
avi2talxfm done
mv -f /out/sourcedata/freesurfer/sub-v2s0x29038_ses-1/mri/talsrcimg_to_711-2C_as_mni_average_305_t4_vox2vox.txt /out/sourcedata/freesurfer/sub-v2s0x29038_ses-1/mri/transforms/talsrcimg_to_711-2C_as_mni_average_305_t4_vox2vox.txt
lta_convert --src orig_nu.mgz --trg /opt/freesurfer/average/mni305.cor.mgz --inxfm transforms/talairach.auto.xfm --outlta transforms/talairach.auto.xfm.lta --subject fsaverage
7.3.2

--src: orig_nu.mgz src image (geometry).
--trg: /opt/freesurfer/average/mni305.cor.mgz trg image (geometry).
--inmni: transforms/talairach.auto.xfm input MNI/XFM transform.
--outlta: transforms/talairach.auto.xfm.lta output LTA.
--s: fsaverage subject name
 LTA read, type : 1
 1.01556  -0.01551  -0.08090   0.42500;
 0.02129   0.98655   0.10735  -47.29140;
 0.06393  -0.03860   1.18763  -15.10554;
 0.00000   0.00000   0.00000   1.00000;
setting subject to fsaverage
Writing  LTA to file transforms/talairach.auto.xfm.lta...
lta_convert successful.
 
 
Started at Tue Mar 10 09:45:02 CET 2026
Ended   at Tue Mar 10 09:46:34 CET 2026
talairach_avi done
