status file for recon-all
Tue Mar 10 10:07:33 CET 2026
#@# Tessellate lh Tue Mar 10 10:07:33 CET 2026
#@# Smooth1 lh Tue Mar 10 10:07:36 CET 2026
#@# Inflation1 lh Tue Mar 10 10:07:38 CET 2026
#@# QSphere lh Tue Mar 10 10:07:48 CET 2026
#@# Fix Topology lh Tue Mar 10 10:08:43 CET 2026
#@# Smooth2 lh Tue Mar 10 10:14:30 CET 2026
#@# Inflation2 lh Tue Mar 10 10:14:32 CET 2026
#@# Curv .H and .K lh Tue Mar 10 10:14:43 CET 2026
#@# Sphere lh Tue Mar 10 10:15:27 CET 2026
#@# Surf Reg lh Tue Mar 10 10:18:14 CET 2026
#@# Jacobian white lh Tue Mar 10 10:21:48 CET 2026
#@# AvgCurv lh Tue Mar 10 10:21:49 CET 2026
#@# Cortical Parc lh Tue Mar 10 10:21:49 CET 2026
#@# white curv lh Tue Mar 10 10:26:36 CET 2026
#@# white area lh Tue Mar 10 10:26:37 CET 2026
#@# pial curv lh Tue Mar 10 10:26:38 CET 2026
#@# pial area lh Tue Mar 10 10:26:39 CET 2026
#@# thickness lh Tue Mar 10 10:26:40 CET 2026
#@# area and vertex vol lh Tue Mar 10 10:27:08 CET 2026
#@# Curvature Stats lh Tue Mar 10 10:27:10 CET 2026
#@# Cortical Parc 2 lh Tue Mar 10 10:27:12 CET 2026
#@# Cortical Parc 3 lh Tue Mar 10 10:27:24 CET 2026
#@# WM/GM Contrast lh Tue Mar 10 10:27:34 CET 2026
recon-all -s sub-v2s0x29018_ses-1 finished without error at Tue Mar 10 10:27:37 CET 2026



#New# invocation of recon-all 



status file for recon-all
Tue Mar 10 11:28:11 CET 2026
#@# white curv lh Tue Mar 10 11:28:11 CET 2026
#@# white area lh Tue Mar 10 11:28:11 CET 2026
#@# pial curv lh Tue Mar 10 11:28:11 CET 2026
#@# pial area lh Tue Mar 10 11:28:11 CET 2026
#@# thickness lh Tue Mar 10 11:28:11 CET 2026
#@# area and vertex vol lh Tue Mar 10 11:28:11 CET 2026
#@# Parcellation Stats lh Tue Mar 10 11:28:11 CET 2026
#@# Parcellation Stats 2 lh Tue Mar 10 11:28:28 CET 2026
#@# Parcellation Stats 3 lh Tue Mar 10 11:28:37 CET 2026
#@# BA_exvivo Labels lh Tue Mar 10 11:28:45 CET 2026
recon-all -s sub-v2s0x29018_ses-1 finished without error at Tue Mar 10 11:31:06 CET 2026
