status file for recon-all
Tue Mar 10 08:29:47 CET 2026
#@# T2/FLAIR Input Tue Mar 10 08:29:48 CET 2026
#@# MotionCor Tue Mar 10 08:29:50 CET 2026
#@# Talairach Tue Mar 10 08:29:57 CET 2026
#@# Talairach Failure Detection Tue Mar 10 08:34:30 CET 2026
#@# Nu Intensity Correction Tue Mar 10 08:34:31 CET 2026
#@# Intensity Normalization Tue Mar 10 08:37:44 CET 2026
recon-all -s sub-v2s0x29018_ses-1 finished without error at Tue Mar 10 08:39:19 CET 2026



#New# invocation of recon-all 



status file for recon-all
Tue Mar 10 08:46:22 CET 2026
#@# EM Registration Tue Mar 10 08:46:22 CET 2026
recon-all -s sub-v2s0x29018_ses-1 finished without error at Tue Mar 10 08:47:51 CET 2026



#New# invocation of recon-all 



status file for recon-all
Tue Mar 10 08:47:54 CET 2026
#@# CA Normalize Tue Mar 10 08:47:54 CET 2026
#@# CA Reg Tue Mar 10 08:49:15 CET 2026
#@# SubCort Seg Tue Mar 10 09:31:17 CET 2026
#@# CC Seg Tue Mar 10 10:01:30 CET 2026
#@# Merge ASeg Tue Mar 10 10:02:04 CET 2026
#@# Intensity Normalization2 Tue Mar 10 10:02:04 CET 2026
#@# Mask BFS Tue Mar 10 10:04:28 CET 2026
#@# WM Segmentation Tue Mar 10 10:04:29 CET 2026
#@# Fill Tue Mar 10 10:06:25 CET 2026
recon-all -s sub-v2s0x29018_ses-1 finished without error at Tue Mar 10 10:07:27 CET 2026



#New# invocation of recon-all 



status file for recon-all
Tue Mar 10 10:56:59 CET 2026
#@# Refine Pial Surfs w/ T2/FLAIR Tue Mar 10 10:56:59 CET 2026
#@# white curv lh Tue Mar 10 11:23:12 CET 2026
#@# white area lh Tue Mar 10 11:23:12 CET 2026
#@# pial curv lh Tue Mar 10 11:23:12 CET 2026
#@# pial area lh Tue Mar 10 11:23:13 CET 2026
#@# thickness lh Tue Mar 10 11:23:14 CET 2026
#@# area and vertex vol lh Tue Mar 10 11:23:42 CET 2026
#@# white curv rh Tue Mar 10 11:23:43 CET 2026
#@# white area rh Tue Mar 10 11:23:43 CET 2026
#@# pial curv rh Tue Mar 10 11:23:43 CET 2026
#@# pial area rh Tue Mar 10 11:23:45 CET 2026
#@# thickness rh Tue Mar 10 11:23:45 CET 2026
#@# area and vertex vol rh Tue Mar 10 11:24:13 CET 2026
#@# Cortical ribbon mask Tue Mar 10 11:24:14 CET 2026
recon-all -s sub-v2s0x29018_ses-1 finished without error at Tue Mar 10 11:28:07 CET 2026



#New# invocation of recon-all 



status file for recon-all
Tue Mar 10 11:34:07 CET 2026
#@# white curv lh Tue Mar 10 11:34:07 CET 2026
#@# white area lh Tue Mar 10 11:34:07 CET 2026
#@# pial curv lh Tue Mar 10 11:34:07 CET 2026
#@# pial area lh Tue Mar 10 11:34:07 CET 2026
#@# thickness lh Tue Mar 10 11:34:07 CET 2026
#@# area and vertex vol lh Tue Mar 10 11:34:07 CET 2026
#@# white curv rh Tue Mar 10 11:34:07 CET 2026
#@# white area rh Tue Mar 10 11:34:07 CET 2026
#@# pial curv rh Tue Mar 10 11:34:07 CET 2026
#@# pial area rh Tue Mar 10 11:34:07 CET 2026
#@# thickness rh Tue Mar 10 11:34:07 CET 2026
#@# area and vertex vol rh Tue Mar 10 11:34:07 CET 2026
#@# Curvature Stats lh Tue Mar 10 11:34:07 CET 2026
#@# Curvature Stats rh Tue Mar 10 11:34:09 CET 2026
#@# Relabel Hypointensities Tue Mar 10 11:34:11 CET 2026
#@# APas-to-ASeg Tue Mar 10 11:34:26 CET 2026
#@# AParc-to-ASeg aparc Tue Mar 10 11:34:32 CET 2026
#@# AParc-to-ASeg aparc.a2009s Tue Mar 10 11:34:52 CET 2026
#@# AParc-to-ASeg aparc.DKTatlas Tue Mar 10 11:35:11 CET 2026
#@# WMParc Tue Mar 10 11:35:30 CET 2026
#@# ASeg Stats Tue Mar 10 11:39:26 CET 2026
recon-all -s sub-v2s0x29018_ses-1 finished without error at Tue Mar 10 11:40:00 CET 2026
