status file for recon-all
Tue Mar 10 10:27:39 CET 2026
#@# Tessellate rh Tue Mar 10 10:27:39 CET 2026
#@# Smooth1 rh Tue Mar 10 10:27:42 CET 2026
#@# Inflation1 rh Tue Mar 10 10:27:45 CET 2026
#@# QSphere rh Tue Mar 10 10:27:54 CET 2026
#@# Fix Topology rh Tue Mar 10 10:28:59 CET 2026
#@# Smooth2 rh Tue Mar 10 10:36:44 CET 2026
#@# Inflation2 rh Tue Mar 10 10:36:46 CET 2026
#@# Curv .H and .K rh Tue Mar 10 10:36:57 CET 2026
#@# Sphere rh Tue Mar 10 10:37:40 CET 2026
#@# Surf Reg rh Tue Mar 10 10:42:25 CET 2026
#@# Jacobian white rh Tue Mar 10 10:47:27 CET 2026
#@# AvgCurv rh Tue Mar 10 10:47:28 CET 2026
#@# Cortical Parc rh Tue Mar 10 10:47:29 CET 2026
#@# white curv rh Tue Mar 10 10:55:57 CET 2026
#@# white area rh Tue Mar 10 10:55:58 CET 2026
#@# pial curv rh Tue Mar 10 10:55:59 CET 2026
#@# pial area rh Tue Mar 10 10:56:00 CET 2026
#@# thickness rh Tue Mar 10 10:56:01 CET 2026
#@# area and vertex vol rh Tue Mar 10 10:56:28 CET 2026
#@# Curvature Stats rh Tue Mar 10 10:56:30 CET 2026
#@# Cortical Parc 2 rh Tue Mar 10 10:56:32 CET 2026
#@# Cortical Parc 3 rh Tue Mar 10 10:56:44 CET 2026
#@# WM/GM Contrast rh Tue Mar 10 10:56:53 CET 2026
recon-all -s sub-v2s0x29018_ses-1 finished without error at Tue Mar 10 10:56:56 CET 2026



#New# invocation of recon-all 



status file for recon-all
Tue Mar 10 11:31:09 CET 2026
#@# white curv rh Tue Mar 10 11:31:09 CET 2026
#@# white area rh Tue Mar 10 11:31:09 CET 2026
#@# pial curv rh Tue Mar 10 11:31:09 CET 2026
#@# pial area rh Tue Mar 10 11:31:09 CET 2026
#@# thickness rh Tue Mar 10 11:31:09 CET 2026
#@# area and vertex vol rh Tue Mar 10 11:31:09 CET 2026
#@# Parcellation Stats rh Tue Mar 10 11:31:09 CET 2026
#@# Parcellation Stats 2 rh Tue Mar 10 11:31:25 CET 2026
#@# Parcellation Stats 3 rh Tue Mar 10 11:31:34 CET 2026
#@# BA_exvivo Labels rh Tue Mar 10 11:31:42 CET 2026
recon-all -s sub-v2s0x29018_ses-1 finished without error at Tue Mar 10 11:33:59 CET 2026
