status file for recon-all
Tue Mar 10 11:48:26 CET 2026
#@# Tessellate rh Tue Mar 10 11:48:26 CET 2026
#@# Smooth1 rh Tue Mar 10 11:48:29 CET 2026
#@# Inflation1 rh Tue Mar 10 11:48:32 CET 2026
#@# QSphere rh Tue Mar 10 11:48:44 CET 2026
#@# Fix Topology rh Tue Mar 10 11:49:53 CET 2026
#@# Smooth2 rh Tue Mar 10 11:54:29 CET 2026
#@# Inflation2 rh Tue Mar 10 11:54:32 CET 2026
#@# Curv .H and .K rh Tue Mar 10 11:54:45 CET 2026
#@# Sphere rh Tue Mar 10 11:55:27 CET 2026
#@# Surf Reg rh Tue Mar 10 11:56:46 CET 2026
#@# Jacobian white rh Tue Mar 10 12:00:52 CET 2026
#@# AvgCurv rh Tue Mar 10 12:00:53 CET 2026
#@# Cortical Parc rh Tue Mar 10 12:00:53 CET 2026
#@# white curv rh Tue Mar 10 12:06:26 CET 2026
#@# white area rh Tue Mar 10 12:06:28 CET 2026
#@# pial curv rh Tue Mar 10 12:06:28 CET 2026
#@# pial area rh Tue Mar 10 12:06:30 CET 2026
#@# thickness rh Tue Mar 10 12:06:31 CET 2026
#@# area and vertex vol rh Tue Mar 10 12:06:56 CET 2026
#@# Curvature Stats rh Tue Mar 10 12:06:58 CET 2026
#@# Cortical Parc 2 rh Tue Mar 10 12:07:00 CET 2026
#@# Cortical Parc 3 rh Tue Mar 10 12:07:12 CET 2026
#@# WM/GM Contrast rh Tue Mar 10 12:07:21 CET 2026
recon-all -s sub-v2s0x29040_ses-1 finished without error at Tue Mar 10 12:07:23 CET 2026



#New# invocation of recon-all 



status file for recon-all
Tue Mar 10 12:37:20 CET 2026
#@# white curv rh Tue Mar 10 12:37:21 CET 2026
#@# white area rh Tue Mar 10 12:37:21 CET 2026
#@# pial curv rh Tue Mar 10 12:37:21 CET 2026
#@# pial area rh Tue Mar 10 12:37:21 CET 2026
#@# thickness rh Tue Mar 10 12:37:21 CET 2026
#@# area and vertex vol rh Tue Mar 10 12:37:21 CET 2026
#@# Parcellation Stats rh Tue Mar 10 12:37:21 CET 2026
#@# Parcellation Stats 2 rh Tue Mar 10 12:37:36 CET 2026
#@# Parcellation Stats 3 rh Tue Mar 10 12:37:45 CET 2026
#@# BA_exvivo Labels rh Tue Mar 10 12:37:52 CET 2026
recon-all -s sub-v2s0x29040_ses-1 finished without error at Tue Mar 10 12:40:23 CET 2026
