status file for recon-all
Tue Mar 10 11:27:38 CET 2026
#@# Tessellate lh Tue Mar 10 11:27:38 CET 2026
#@# Smooth1 lh Tue Mar 10 11:27:41 CET 2026
#@# Inflation1 lh Tue Mar 10 11:27:44 CET 2026
#@# QSphere lh Tue Mar 10 11:27:56 CET 2026
#@# Fix Topology lh Tue Mar 10 11:29:00 CET 2026
#@# Smooth2 lh Tue Mar 10 11:34:21 CET 2026
#@# Inflation2 lh Tue Mar 10 11:34:24 CET 2026
#@# Curv .H and .K lh Tue Mar 10 11:34:39 CET 2026
#@# Sphere lh Tue Mar 10 11:35:22 CET 2026
#@# Surf Reg lh Tue Mar 10 11:38:02 CET 2026
#@# Jacobian white lh Tue Mar 10 11:41:45 CET 2026
#@# AvgCurv lh Tue Mar 10 11:41:46 CET 2026
#@# Cortical Parc lh Tue Mar 10 11:41:46 CET 2026
#@# white curv lh Tue Mar 10 11:47:24 CET 2026
#@# white area lh Tue Mar 10 11:47:26 CET 2026
#@# pial curv lh Tue Mar 10 11:47:27 CET 2026
#@# pial area lh Tue Mar 10 11:47:28 CET 2026
#@# thickness lh Tue Mar 10 11:47:29 CET 2026
#@# area and vertex vol lh Tue Mar 10 11:47:56 CET 2026
#@# Curvature Stats lh Tue Mar 10 11:47:57 CET 2026
#@# Cortical Parc 2 lh Tue Mar 10 11:47:59 CET 2026
#@# Cortical Parc 3 lh Tue Mar 10 11:48:11 CET 2026
#@# WM/GM Contrast lh Tue Mar 10 11:48:21 CET 2026
recon-all -s sub-v2s0x29040_ses-1 finished without error at Tue Mar 10 11:48:24 CET 2026



#New# invocation of recon-all 



status file for recon-all
Tue Mar 10 12:34:10 CET 2026
#@# white curv lh Tue Mar 10 12:34:10 CET 2026
#@# white area lh Tue Mar 10 12:34:10 CET 2026
#@# pial curv lh Tue Mar 10 12:34:10 CET 2026
#@# pial area lh Tue Mar 10 12:34:10 CET 2026
#@# thickness lh Tue Mar 10 12:34:10 CET 2026
#@# area and vertex vol lh Tue Mar 10 12:34:10 CET 2026
#@# Parcellation Stats lh Tue Mar 10 12:34:10 CET 2026
#@# Parcellation Stats 2 lh Tue Mar 10 12:34:27 CET 2026
#@# Parcellation Stats 3 lh Tue Mar 10 12:34:35 CET 2026
#@# BA_exvivo Labels lh Tue Mar 10 12:34:43 CET 2026
recon-all -s sub-v2s0x29040_ses-1 finished without error at Tue Mar 10 12:37:17 CET 2026
