Logfile for bbregister
Tue Mar 10 15:20:47 CET 2026

setenv SUBJECTS_DIR /out/sourcedata/freesurfer
cd /out/sourcedata/freesurfer/sub-v2s0x29050_ses-1/scripts
/opt/freesurfer/bin/bbregister --s sub-v2s0x29050_ses-1 --mov /out/sourcedata/freesurfer/sub-v2s0x29050_ses-1/mri/orig/FLAIRraw.mgz --lta /out/sourcedata/freesurfer/sub-v2s0x29050_ses-1/mri/transforms/FLAIRraw.auto.lta --init-coreg --T2 --gm-proj-abs 2 --wm-proj-abs 1 --no-coreg-ref-mask

bbregister 7.3.2
Linux dna056 5.14.0-427.37.1.el9_4.x86_64 #1 SMP PREEMPT_DYNAMIC Fri Sep 13 12:41:50 EDT 2024 x86_64 x86_64 x86_64 GNU/Linux
FREESURFER_HOME /opt/freesurfer
mri_convert /out/sourcedata/freesurfer/sub-v2s0x29050_ses-1/mri/orig/FLAIRraw.mgz /out/sourcedata/freesurfer/sub-v2s0x29050_ses-1/mri/transforms/tmp.bbregister.3745291/template.nii
mri_convert /out/sourcedata/freesurfer/sub-v2s0x29050_ses-1/mri/orig/FLAIRraw.mgz /out/sourcedata/freesurfer/sub-v2s0x29050_ses-1/mri/transforms/tmp.bbregister.3745291/template.nii 
reading from /out/sourcedata/freesurfer/sub-v2s0x29050_ses-1/mri/orig/FLAIRraw.mgz...
TR=0.00, TE=0.00, TI=0.00, flip angle=0.00
i_ras = (-1, 0, 0)
j_ras = (0, 1, 0)
k_ras = (0, 0, 1)
writing to /out/sourcedata/freesurfer/sub-v2s0x29050_ses-1/mri/transforms/tmp.bbregister.3745291/template.nii...
mri_coreg --s sub-v2s0x29050_ses-1 --mov /out/sourcedata/freesurfer/sub-v2s0x29050_ses-1/mri/transforms/tmp.bbregister.3745291/template.nii --regdat /out/sourcedata/freesurfer/sub-v2s0x29050_ses-1/mri/transforms/tmp.bbregister.3745291/reg.init.dat --reg /out/sourcedata/freesurfer/sub-v2s0x29050_ses-1/mri/transforms/tmp.bbregister.3745291/mri_coreg.lta --nthreads 4 --dof 6 --sep 4 --ftol .0001 --linmintol .01 --no-ref-mask

$Id: mri_coreg.c,v 1.27 2016/04/30 15:11:49 greve Exp $
cwd /out/sourcedata/freesurfer/sub-v2s0x29050_ses-1/scripts
cmdline mri_coreg --s sub-v2s0x29050_ses-1 --mov /out/sourcedata/freesurfer/sub-v2s0x29050_ses-1/mri/transforms/tmp.bbregister.3745291/template.nii --regdat /out/sourcedata/freesurfer/sub-v2s0x29050_ses-1/mri/transforms/tmp.bbregister.3745291/reg.init.dat --reg /out/sourcedata/freesurfer/sub-v2s0x29050_ses-1/mri/transforms/tmp.bbregister.3745291/mri_coreg.lta --nthreads 4 --dof 6 --sep 4 --ftol .0001 --linmintol .01 --no-ref-mask 
sysname  Linux
hostname dna056
machine  x86_64
user     oesteban
dof    6
nsep    1
cras0    1
ftol    0.000100
linmintol    0.010000
bf       1
bflim    30.000000
bfnsamp    30
SmoothRef 0
SatPct    99.990000
MovOOB 0
optschema 1
Seed 53
Reading in mov /out/sourcedata/freesurfer/sub-v2s0x29050_ses-1/mri/transforms/tmp.bbregister.3745291/template.nii
Reading in ref /out/sourcedata/freesurfer/sub-v2s0x29050_ses-1/mri/brainmask.mgz
Setting cras translation parameters to align volume centers
Creating random numbers for coordinate dithering
Performing intensity dithering
Performing intensity dithering on mov with computed dither
Init matrix params -1.0569 -0.0273 -1.0273  0.0000  0.0000  0.0000  1.0000  1.0000  1.0000  0.0000  0.0000  0.0000 
Initial parameters to be opt -1.0569 -0.0273 -1.0273  0.0000  0.0000  0.0000 
Separation list (1):  4   min = 4
DoSmoothing 1
DoCoordDither 1
DoIntensityDither 1
nitersmax 4
ftol 1.000e-04
linmintol 1.000e-02
SatPct 99.990000
Hist FWHM 7.000000 7.000000
nthreads 4
movsat = 78.0000
mov gstd 1.8943 1.8943 1.8943
Smoothing mov
refsat = 115.0000
ref gstd 1.8914 1.8914 1.8914
Smoothing ref
COREGpreproc() done
Testing if mov and target overlap
Init cost   -1.0630794517
nhits = 176015 out of 16777216, Percent Overlap:  67.1
Initial  RefRAS-to-MovRAS
 1.00000   0.00000   0.00000  -1.05689;
 0.00000   1.00000   0.00000  -0.02734;
 0.00000   0.00000   1.00000  -1.02734;
 0.00000   0.00000   0.00000   1.00000;
Initial  RefVox-to-MovVox
 1.02400   0.00000   0.00000  -37.55998;
 0.00000   0.00000   1.02400  -3.05999;
 0.00000  -1.02400   0.00000   258.06000;
 0.00000   0.00000   0.00000   1.00000;
sep = 4 -----------------------------------
COREGoptBruteForce() 30 1 30
Turning on MovOOB for BruteForce Search
#BF# sep= 4 iter=0 lim=30.0 delta=2.00  -1.05689  -0.02734   0.97266   2.00000   0.00000   0.00000   -1.0526059
Turning  MovOOB back off after brute force search


---------------------------------
Init Powel Params dof = 6: -1.056892 -0.027344 0.972656 2.000000 0.000000 0.000000 
Starting OpenPowel2(), sep = 4
InitialCost        -1.0635560751 
#@#  4  188  -1.05689 -0.02734 0.97266 2.00000 0.00000 0.00000   -1.0635561
fs_powell::minimize
  nparams 6
  maxfev 4
  ftol   0.000100
  linmin_xtol_   0.010000
  powell nthiter 0: fret = -1.063556
#@#  4  190  -0.05689 -0.02734 0.97266 2.00000 0.00000 0.00000   -1.0641818
#@#  4  194  -0.43886 -0.02734 0.97266 2.00000 0.00000 0.00000   -1.0642047
#@#  4  195  -0.27752 -0.02734 0.97266 2.00000 0.00000 0.00000   -1.0642470
#@#  4  205  -0.27752 -0.06564 0.97266 2.00000 0.00000 0.00000   -1.0642475
#@#  4  214  -0.27752 -0.06564 0.88188 2.00000 0.00000 0.00000   -1.0642570
#@#  4  215  -0.27752 -0.06564 0.86003 2.00000 0.00000 0.00000   -1.0642580
#@#  4  221  -0.27752 -0.06564 0.86003 0.38197 0.00000 0.00000   -1.0644361
#@#  4  222  -0.27752 -0.06564 0.86003 1.05852 0.00000 0.00000   -1.0648221
#@#  4  226  -0.27752 -0.06564 0.86003 1.08303 0.00000 0.00000   -1.0648224
#@#  4  237  -0.27752 -0.06564 0.86003 1.08303 -0.12375 0.00000   -1.0648243
#@#  4  242  -0.27752 -0.06564 0.86003 1.08303 -0.15129 0.00000   -1.0648251
#@#  4  251  -0.27752 -0.06564 0.86003 1.08303 -0.15129 -0.04730   -1.0648263
#@#  4  256  -0.27752 -0.06564 0.86003 1.08303 -0.15129 -0.05730   -1.0648272
  powell nthiter 1: fret = -1.064827
#@#  4  265  -0.18167 -0.06564 0.86003 1.08303 -0.15129 -0.05730   -1.0648451
#@#  4  266  -0.17057 -0.06564 0.86003 1.08303 -0.15129 -0.05730   -1.0648458
#@#  4  275  -0.17057 0.00071 0.86003 1.08303 -0.15129 -0.05730   -1.0648540
#@#  4  282  -0.17057 0.01908 0.24200 1.08303 -0.15129 -0.05730   -1.0649244
#@#  4  284  -0.17057 0.01908 0.50324 1.08303 -0.15129 -0.05730   -1.0650122
#@#  4  293  -0.17057 0.01908 0.50324 0.88285 -0.15129 -0.05730   -1.0650599
#@#  4  303  -0.17057 0.01908 0.50324 0.88285 -0.23249 -0.05730   -1.0650626
#@#  4  304  -0.17057 0.01908 0.50324 0.88285 -0.21850 -0.05730   -1.0650638
#@#  4  324  -0.12972 0.05144 0.36696 0.80639 -0.24417 -0.05730   -1.0650852
#@#  4  325  -0.13079 0.05059 0.37053 0.80840 -0.24349 -0.05730   -1.0650859
  powell nthiter 2: fret = -1.065086
#@#  4  336  -0.17065 0.04929 0.37603 0.81148 -0.24246 -0.05730   -1.0650865
#@#  4  337  -0.15590 0.04929 0.37603 0.81148 -0.24246 -0.05730   -1.0650876
#@#  4  345  -0.15590 0.10082 0.37603 0.81148 -0.24246 -0.05730   -1.0650952
#@#  4  346  -0.15590 0.12850 0.37603 0.81148 -0.24246 -0.05730   -1.0650955
#@#  4  348  -0.15590 0.11850 0.37603 0.81148 -0.24246 -0.05730   -1.0650958
#@#  4  355  -0.15590 0.11850 0.37603 0.81148 -0.24246 -0.11208   -1.0650966
#@#  4  359  -0.15590 0.11850 0.37603 0.81148 -0.24246 -0.14347   -1.0650977
#@#  4  391  -0.15483 0.11935 0.37246 0.80948 -0.24313 -0.14347   -1.0650980
Powell done niters total = 2
OptTimeSec 12.4 sec
OptTimeMin  0.21 min
nEvals 393
Final optimized parameters  -0.15482812   0.11934654   0.37245926   0.80947840  -0.24313152  -0.14346601 
Final matrix parameters -0.1538  0.1202  0.3689  0.8075 -0.2438 -0.1435  1.0000  1.0000  1.0000  0.0000  0.0000  0.0000 
Final cost   -1.065098039478786
 

---------------------------------
Final  RefRAS-to-MovRAS
 0.99999  -0.00250  -0.00424  -0.15483;
 0.00256   0.99990   0.01413   0.11935;
 0.00421  -0.01414   0.99989   0.37246;
 0.00000   0.00000   0.00000   1.00000;
Final  RefVox-to-MovVox
 1.02399  -0.00435   0.00256  -38.21127;
-0.00263  -0.01447   1.02389  -0.82881;
-0.00431  -1.02389  -0.01448   261.44418;
 0.00000   0.00000   0.00000   1.00000;
Final matrix parameters -0.1548  0.1193  0.3725  0.8095 -0.2431 -0.1435  0.0000  0.0000  0.0000  0.0000  0.0000  0.0000 
Final opt parameters -0.1548  0.1193  0.3725  0.8095 -0.2431 -0.1435 
nhits = 175988 out of 16777216, Percent Overlap:  67.1
mri_coreg RunTimeSec 64.7 sec
To check run:
   tkregisterfv --mov /out/sourcedata/freesurfer/sub-v2s0x29050_ses-1/mri/transforms/tmp.bbregister.3745291/template.nii --targ /out/sourcedata/freesurfer/sub-v2s0x29050_ses-1/mri/brainmask.mgz --reg /out/sourcedata/freesurfer/sub-v2s0x29050_ses-1/mri/transforms/tmp.bbregister.3745291/mri_coreg.lta --s sub-v2s0x29050_ses-1 --surfs 

mri_coreg done

mri_segreg --mov /out/sourcedata/freesurfer/sub-v2s0x29050_ses-1/mri/transforms/tmp.bbregister.3745291/template.nii --init-reg /out/sourcedata/freesurfer/sub-v2s0x29050_ses-1/mri/transforms/tmp.bbregister.3745291/reg.init.dat --out-reg /out/sourcedata/freesurfer/sub-v2s0x29050_ses-1/mri/transforms/tmp.bbregister.3745291/bbr.pass1.dat --subsamp-brute 100 --subsamp 100 --tol 1e-4 --tol1d 1e-3 --brute -4 4 4 --surf white --gm-proj-abs 2 --gm-gt-wm 0.5
7.3.2
setenv SUBJECTS_DIR /out/sourcedata/freesurfer
cd /out/sourcedata/freesurfer/sub-v2s0x29050_ses-1/scripts
mri_segreg --mov /out/sourcedata/freesurfer/sub-v2s0x29050_ses-1/mri/transforms/tmp.bbregister.3745291/template.nii --init-reg /out/sourcedata/freesurfer/sub-v2s0x29050_ses-1/mri/transforms/tmp.bbregister.3745291/reg.init.dat --out-reg /out/sourcedata/freesurfer/sub-v2s0x29050_ses-1/mri/transforms/tmp.bbregister.3745291/bbr.pass1.dat --subsamp-brute 100 --subsamp 100 --tol 1e-4 --tol1d 1e-3 --brute -4 4 4 --surf white --gm-proj-abs 2 --gm-gt-wm 0.5 
sysname  Linux
hostname dna056
machine  x86_64
user     oesteban
movvol /out/sourcedata/freesurfer/sub-v2s0x29050_ses-1/mri/transforms/tmp.bbregister.3745291/template.nii
regfile /out/sourcedata/freesurfer/sub-v2s0x29050_ses-1/mri/transforms/tmp.bbregister.3745291/reg.init.dat
subject sub-v2s0x29050_ses-1
dof 6
outregfile /out/sourcedata/freesurfer/sub-v2s0x29050_ses-1/mri/transforms/tmp.bbregister.3745291/bbr.pass1.dat
UseMask 0
UseLH 1
UseRH 1
nsubsamp 100
PenaltySign  -1
PenaltySlope 0.500000
PenaltyCenter 0.000000
surfname white
GMProjAbs 2.000000
WMProjAbs 2.000000
lhcostfile (null)
rhcostfile (null)
interp  trilinear (1)
frame  0
TolPowell 0.000100
nMaxItersPowell 36
n1dmin  3
Profile   0
Gdiag_no  -1
AddNoise  0 (0)
SynthSeed 1774021425
TransRandMax 0.000000
RotRandMax 0.000000
Translations 0.000000 0.000000 0.000000
Rotations   0.000000 0.000000 0.000000
Input reg
 0.99999  -0.00250  -0.00424   0.84847;
 0.00421  -0.01414   0.99989  -0.01779;
-0.00256  -0.99990  -0.01413  -0.04095;
 0.00000   0.00000   0.00000   1.00000;

Loading mov
ExcludeZeroVoxels 1
Reading in targ vol /out/sourcedata/freesurfer/sub-v2s0x29050_ses-1/mri/orig.mgz
Projecting LH Surfs
Loading lh.white surf
GM Proj: 0 0.500000 2.000000
WM Proj: 0 0.500000 2.000000
Projecting RH Surfs
Loading rh.white surf
Projecting RH Surfs
Using lh.cortex.label
Using rh.cortex.label
Computing relative cost
 0  -25.0 -25.0 -25.0   1.057618
 1  -25.0 -25.0  25.0   1.036763
 2  -25.0  25.0 -25.0   1.038243
 3  -25.0  25.0  25.0   1.029675
 4   25.0 -25.0 -25.0   1.044726
 5   25.0 -25.0  25.0   1.049194
 6   25.0  25.0 -25.0   1.036227
 7   25.0  25.0  25.0   1.028529
REL:  8  0.487107    8.320974  1.040122 rel = 0.468317 
Initial costs ----------------
Number of surface hits 2371
WM  Intensity    46.3883 +/-   6.1064
Ctx Intensity    51.0255 +/-  10.7420
Pct Contrast      7.6108 +/-  25.3028
Cost   0.4871
RelCost   0.4683

------------------------------------
Brute force preopt -4 4 4, n = 729
     0  -4.0000  -4.0000  -4.0000  -4.0000  -4.0000  -4.0000      1.0437   1.0437  0.0
     1  -4.0000  -4.0000  -4.0000  -4.0000  -4.0000   0.0000      1.0305   1.0305  0.0
     2  -4.0000  -4.0000  -4.0000  -4.0000  -4.0000   4.0000      1.0218   1.0218  0.0
     6  -4.0000  -4.0000  -4.0000  -4.0000   4.0000  -4.0000      1.0024   1.0024  0.0
    12  -4.0000  -4.0000  -4.0000   0.0000   0.0000  -4.0000      0.9962   0.9962  0.0
    15  -4.0000  -4.0000  -4.0000   0.0000   4.0000  -4.0000      0.9324   0.9324  0.0
   102  -4.0000   0.0000  -4.0000   4.0000   0.0000  -4.0000      0.9092   0.9092  0.0
   120  -4.0000   0.0000   0.0000   0.0000   0.0000  -4.0000      0.8993   0.8993  0.0
   346   0.0000   0.0000  -4.0000   4.0000   0.0000   0.0000      0.8127   0.8127  0.0
   364   0.0000   0.0000   0.0000   0.0000   0.0000   0.0000      0.4871   0.4871  0.0
Brute Force --------------------------
Min cost was 0.487107
Number of iterations   729
Search time 1.096135 sec
Parameters at best (transmm, rotdeg)
  0.000   0.000   0.000  0.000  0.000  0.000 
--------------------------------------------

Starting Powell Minimization
Init Powel Params dof = 6
0 0
1 0
2 0
3 0
4 0
5 0
fs_powell::minimize
  nparams 6
  maxfev 36
  ftol   0.000100
  linmin_xtol_   0.001000
  powell nthiter 0: fret = 0.487107
   2  1.000  0.000  0.000  0.000  0.000  0.000   0.4779201202
   6  0.618  0.000  0.000  0.000  0.000  0.000   0.4583955473
  10  0.682  0.000  0.000  0.000  0.000  0.000   0.4563699126
  21  0.682 -0.109  0.000  0.000  0.000  0.000   0.4561802285
  29  0.682 -0.114  0.000  0.000  0.000  0.000   0.4561592473
  30  0.682 -0.113  0.000  0.000  0.000  0.000   0.4561569728
  43  0.682 -0.113 -0.002  0.000  0.000  0.000   0.4561529096
  57  0.682 -0.113 -0.002 -0.006  0.000  0.000   0.4561496650
  58  0.682 -0.113 -0.002 -0.003  0.000  0.000   0.4561295269
  70  0.682 -0.113 -0.002 -0.003  0.018  0.000   0.4560931246
  71  0.682 -0.113 -0.002 -0.003  0.011  0.000   0.4560562468
  83  0.682 -0.113 -0.002 -0.003  0.011  0.001   0.4560531012
  84  0.682 -0.113 -0.002 -0.003  0.011  0.003   0.4560492797
  87  0.682 -0.113 -0.002 -0.003  0.011  0.002   0.4560492278
  powell nthiter 1: fret = 0.456049
  96  0.671 -0.113 -0.002 -0.003  0.011  0.002   0.4558794609
  98  0.663 -0.113 -0.002 -0.003  0.011  0.002   0.4558486710
 112  0.663 -0.108 -0.002 -0.003  0.011  0.002   0.4558037011
 113  0.663 -0.107 -0.002 -0.003  0.011  0.002   0.4558017648
 126  0.663 -0.107  0.003 -0.003  0.011  0.002   0.4557814441
 141  0.663 -0.107  0.003 -0.007  0.011  0.002   0.4557671548
 143  0.663 -0.107  0.003 -0.006  0.011  0.002   0.4557654826
 165  0.663 -0.107  0.003 -0.006  0.011 -0.006   0.4556674434
 168  0.663 -0.107  0.003 -0.006  0.011 -0.009   0.4556632767
 171  0.645 -0.100  0.008 -0.008  0.011 -0.020   0.4555058465
 174  0.616 -0.089  0.015 -0.012  0.011 -0.038   0.4553467405
 178  0.606 -0.086  0.017 -0.013  0.011 -0.044   0.4553119958
 179  0.600 -0.084  0.019 -0.014  0.011 -0.048   0.4552979960
 183  0.600 -0.084  0.019 -0.014  0.011 -0.048   0.4552979784
 186  0.600 -0.084  0.019 -0.014  0.011 -0.048   0.4552978753
 189  0.600 -0.084  0.019 -0.014  0.011 -0.048   0.4552977727
  powell nthiter 2: fret = 0.455298
 200  0.600 -0.084  0.019 -0.014  0.011 -0.047   0.4552972974
 210  0.600 -0.053  0.019 -0.014  0.011 -0.047   0.4552478094
 212  0.600 -0.024  0.019 -0.014  0.011 -0.047   0.4550224146
 214  0.600 -0.035  0.019 -0.014  0.011 -0.047   0.4550087326
 215  0.600 -0.031  0.019 -0.014  0.011 -0.047   0.4549918552
 216  0.600 -0.030  0.019 -0.014  0.011 -0.047   0.4549912458
 229  0.600 -0.030  0.014 -0.014  0.011 -0.047   0.4549874035
 230  0.600 -0.030  0.016 -0.014  0.011 -0.047   0.4549861169
 232  0.600 -0.030  0.015 -0.014  0.011 -0.047   0.4549857909
 238  0.600 -0.030  0.015  0.368  0.011 -0.047   0.4538036651
 240  0.600 -0.030  0.015  0.604  0.011 -0.047   0.4498540194
 245  0.600 -0.030  0.015  0.618  0.011 -0.047   0.4495436144
 247  0.600 -0.030  0.015  0.619  0.011 -0.047   0.4495417878
 258  0.600 -0.030  0.015  0.619 -0.018 -0.047   0.4492602518
 259  0.600 -0.030  0.015  0.619 -0.019 -0.047   0.4492581215
 263  0.582 -0.023  0.020  0.617 -0.019 -0.058   0.4484206608
 264  0.553 -0.013  0.027  0.612 -0.019 -0.076   0.4467592993
 265  0.505  0.005  0.039  0.606 -0.019 -0.106   0.4431142579
 266  0.428  0.033  0.059  0.596 -0.019 -0.153   0.4402052326
 267  0.406  0.041  0.065  0.593 -0.019 -0.167   0.4401523768
 269  0.370  0.054  0.074  0.588 -0.019 -0.189   0.4400496035
 270  0.312  0.075  0.088  0.580 -0.019 -0.225   0.4391340453
 276  0.317  0.074  0.087  0.580 -0.019 -0.222   0.4391169573
 283  0.316  0.074  0.087  0.580 -0.019 -0.222   0.4391165200
  powell nthiter 3: fret = 0.439117
 296  0.316  0.074  0.087  0.580 -0.019 -0.228   0.4390568018
 299  0.316  0.074  0.087  0.580 -0.019 -0.229   0.4390545836
 310  0.316  0.076  0.087  0.580 -0.019 -0.229   0.4390490086
 321  0.316  0.076  0.066  0.580 -0.019 -0.229   0.4389154042
 323  0.316  0.076  0.074  0.580 -0.019 -0.229   0.4388157387
 337  0.316  0.076  0.074  0.582 -0.019 -0.229   0.4388058978
 346  0.316  0.076  0.074  0.582  0.020 -0.229   0.4380191054
 349  0.316  0.076  0.074  0.582  0.018 -0.229   0.4380129468
 352  0.316  0.076  0.074  0.582  0.014 -0.229   0.4380033693
 355  0.316  0.076  0.074  0.582  0.013 -0.229   0.4380032634
 361  0.309  0.078  0.076  0.581  0.013 -0.233   0.4379993306
 362  0.313  0.077  0.075  0.582  0.013 -0.231   0.4379915390
 363  0.313  0.077  0.075  0.582  0.013 -0.231   0.4379913483
 365  0.312  0.077  0.075  0.582  0.013 -0.231   0.4379912651
 366  0.312  0.077  0.075  0.582  0.013 -0.231   0.4379909865
 376  0.311  0.078  0.071  0.582  0.025 -0.235   0.4379640133
 378  0.311  0.078  0.071  0.582  0.024 -0.234   0.4379639949
 379  0.311  0.078  0.071  0.582  0.024 -0.235   0.4379632958
 380  0.311  0.078  0.071  0.582  0.024 -0.235   0.4379630918
  powell nthiter 4: fret = 0.437963
 393  0.311  0.078  0.071  0.582  0.024 -0.238   0.4379563240
 394  0.311  0.078  0.071  0.582  0.024 -0.237   0.4379538892
 404  0.311  0.081  0.071  0.582  0.024 -0.237   0.4379264054
 405  0.311  0.089  0.071  0.582  0.024 -0.237   0.4379086655
 407  0.311  0.086  0.071  0.582  0.024 -0.237   0.4378979990
 420  0.311  0.086  0.070  0.582  0.024 -0.237   0.4378931889
 421  0.311  0.086  0.068  0.582  0.024 -0.237   0.4378893126
 434  0.311  0.086  0.068  0.581  0.024 -0.237   0.4378835850
 435  0.311  0.086  0.068  0.580  0.024 -0.237   0.4378812710
 441  0.322  0.082  0.065  0.581  0.024 -0.230   0.4378470336
 443  0.317  0.083  0.066  0.581  0.024 -0.233   0.4378259260
 444  0.318  0.083  0.066  0.581  0.024 -0.233   0.4378250205
 446  0.318  0.083  0.066  0.581  0.024 -0.233   0.4378245939
 447  0.318  0.083  0.066  0.581  0.024 -0.233   0.4378244977
 457  0.318  0.083  0.065  0.581  0.027 -0.234   0.4378224179
 458  0.318  0.083  0.065  0.581  0.026 -0.234   0.4378223914
 459  0.318  0.083  0.065  0.581  0.026 -0.234   0.4378221991
 460  0.318  0.083  0.065  0.581  0.026 -0.234   0.4378219902
  powell nthiter 5: fret = 0.437822
 475  0.318  0.083  0.065  0.581  0.026 -0.232   0.4378201411
 487  0.318  0.084  0.065  0.581  0.026 -0.232   0.4378180327
 498  0.318  0.084  0.066  0.581  0.026 -0.232   0.4378097733
 499  0.318  0.084  0.070  0.581  0.026 -0.232   0.4377951508
 511  0.318  0.084  0.070  0.572  0.026 -0.232   0.4377883832
 512  0.318  0.084  0.070  0.576  0.026 -0.232   0.4377667891
 521  0.320  0.084  0.069  0.576  0.026 -0.231   0.4377554804
 522  0.322  0.083  0.069  0.577  0.026 -0.230   0.4377548843
 523  0.321  0.083  0.069  0.576  0.026 -0.230   0.4377535033
 535  0.321  0.083  0.069  0.577  0.027 -0.231   0.4377533242
 536  0.321  0.083  0.069  0.576  0.027 -0.230   0.4377530756
 537  0.321  0.083  0.069  0.576  0.027 -0.230   0.4377528158
 539  0.321  0.083  0.069  0.576  0.027 -0.230   0.4377525377
 543  0.324  0.083  0.073  0.572  0.027 -0.227   0.4377056282
 548  0.326  0.083  0.075  0.569  0.028 -0.225   0.4376933245
 550  0.326  0.083  0.075  0.569  0.028 -0.225   0.4376925823
  powell nthiter 6: fret = 0.437693
 569  0.326  0.083  0.075  0.569  0.028 -0.224   0.4376923309
 590  0.326  0.083  0.080  0.569  0.028 -0.224   0.4376506274
 591  0.326  0.083  0.082  0.569  0.028 -0.224   0.4376497406
 593  0.326  0.083  0.081  0.569  0.028 -0.224   0.4376491085
 600  0.326  0.083  0.081  0.569  0.029 -0.224   0.4376450006
 602  0.326  0.083  0.081  0.569  0.029 -0.225   0.4376447042
 603  0.326  0.083  0.081  0.569  0.029 -0.225   0.4376445389
 615  0.326  0.083  0.081  0.569  0.029 -0.225   0.4376445107
 617  0.326  0.083  0.081  0.569  0.029 -0.225   0.4376444400
  powell nthiter 7: fret = 0.437644
 645  0.326  0.083  0.081  0.569  0.029 -0.226   0.4376401950
 646  0.326  0.083  0.081  0.569  0.029 -0.228   0.4376400178
 649  0.326  0.083  0.081  0.569  0.029 -0.227   0.4376389432
 671  0.326  0.083  0.083  0.569  0.029 -0.227   0.4376375381
 674  0.326  0.083  0.082  0.569  0.029 -0.227   0.4376369209
 686  0.326  0.083  0.082  0.569  0.029 -0.227   0.4376367308
 695  0.326  0.083  0.082  0.569  0.029 -0.227   0.4376366740
 697  0.326  0.083  0.082  0.569  0.029 -0.227   0.4376366515
 705  0.326  0.083  0.082  0.569  0.029 -0.227   0.4376364184
 708  0.326  0.083  0.082  0.569  0.029 -0.227   0.4376359325
 711  0.326  0.083  0.082  0.569  0.029 -0.227   0.4376358924
Powell done niters = 7
Computing relative cost
 0  -25.0 -25.0 -25.0   1.033073
 1  -25.0 -25.0  25.0   1.017274
 2  -25.0  25.0 -25.0   1.053006
 3  -25.0  25.0  25.0   1.042462
 4   25.0 -25.0 -25.0   1.046399
 5   25.0 -25.0  25.0   1.067942
 6   25.0  25.0 -25.0   1.013343
 7   25.0  25.0  25.0   1.034578
REL:  8  0.437636    8.308078  1.038510 rel = 0.421408 
Number of iterations     7
Min cost was 0.437636
Number of FunctionCalls   714
TolPowell 0.000100
nMaxItersPowell 36
OptimizationTime 1.080896 sec
Parameters at optimum (transmm)  0.32609  0.08321  0.08212
Parameters at optimum (rotdeg)  0.56909  0.02929 -0.22655 
Final costs ----------------
Number of surface hits 2371
WM  Intensity    46.3924 +/-   6.1841
Ctx Intensity    51.1460 +/-  11.0562
Pct Contrast      7.5681 +/-  27.4930
Cost   0.4376
RelCost   0.4683
Reg at min cost was 
 1.00000  -0.00303  -0.00029   1.17447;
 0.00028  -0.00419   0.99999   0.06247;
-0.00303  -0.99999  -0.00419   0.04056;
 0.00000   0.00000   0.00000   1.00000;

Writing optimal reg to /out/sourcedata/freesurfer/sub-v2s0x29050_ses-1/mri/transforms/tmp.bbregister.3745291/bbr.pass1.dat, type = 14 
Original Reg 
 0.99999  -0.00250  -0.00424   0.84847;
 0.00421  -0.01414   0.99989  -0.01779;
-0.00256  -0.99990  -0.01413  -0.04095;
 0.00000   0.00000   0.00000   1.00000;

Original Reg - Optimal Reg
-0.00001   0.00053  -0.00395  -0.32600;
 0.00393  -0.00994  -0.00010  -0.08026;
 0.00047   0.00009  -0.00993  -0.08151;
 0.00000   0.00000   0.00000   0.00000;

Computing change in lh position
LH rmsDiffMean 0.789104
Computing change in rh position
Surface-RMS-Diff-mm 0.780787 0.212555 1.207038
mri_segreg done
mri_segreg --mov /out/sourcedata/freesurfer/sub-v2s0x29050_ses-1/mri/transforms/tmp.bbregister.3745291/template.nii --init-reg /out/sourcedata/freesurfer/sub-v2s0x29050_ses-1/mri/transforms/tmp.bbregister.3745291/bbr.pass1.dat --out-reg /out/sourcedata/freesurfer/sub-v2s0x29050_ses-1/mri/transforms/FLAIRraw.auto.dat --interp trilinear --wm-proj-abs 1 --tol 1e-8 --tol1d 1e-3 --c0 0 --mincost /out/sourcedata/freesurfer/sub-v2s0x29050_ses-1/mri/transforms/FLAIRraw.auto.dat.mincost --dof 6 --nmax 36 --param /out/sourcedata/freesurfer/sub-v2s0x29050_ses-1/mri/transforms/FLAIRraw.auto.dat.param --surf white --brute -0.1 0.1 0.1 --cur-reg /out/sourcedata/freesurfer/sub-v2s0x29050_ses-1/mri/transforms/tmp.bbregister.3745291/reg.curopt.dat --gm-proj-abs 2 --nsub 1 --gm-gt-wm 0.5
7.3.2
setenv SUBJECTS_DIR /out/sourcedata/freesurfer
cd /out/sourcedata/freesurfer/sub-v2s0x29050_ses-1/scripts
mri_segreg --mov /out/sourcedata/freesurfer/sub-v2s0x29050_ses-1/mri/transforms/tmp.bbregister.3745291/template.nii --init-reg /out/sourcedata/freesurfer/sub-v2s0x29050_ses-1/mri/transforms/tmp.bbregister.3745291/bbr.pass1.dat --out-reg /out/sourcedata/freesurfer/sub-v2s0x29050_ses-1/mri/transforms/FLAIRraw.auto.dat --interp trilinear --wm-proj-abs 1 --tol 1e-8 --tol1d 1e-3 --c0 0 --mincost /out/sourcedata/freesurfer/sub-v2s0x29050_ses-1/mri/transforms/FLAIRraw.auto.dat.mincost --dof 6 --nmax 36 --param /out/sourcedata/freesurfer/sub-v2s0x29050_ses-1/mri/transforms/FLAIRraw.auto.dat.param --surf white --brute -0.1 0.1 0.1 --cur-reg /out/sourcedata/freesurfer/sub-v2s0x29050_ses-1/mri/transforms/tmp.bbregister.3745291/reg.curopt.dat --gm-proj-abs 2 --nsub 1 --gm-gt-wm 0.5 
sysname  Linux
hostname dna056
machine  x86_64
user     oesteban
movvol /out/sourcedata/freesurfer/sub-v2s0x29050_ses-1/mri/transforms/tmp.bbregister.3745291/template.nii
regfile /out/sourcedata/freesurfer/sub-v2s0x29050_ses-1/mri/transforms/tmp.bbregister.3745291/bbr.pass1.dat
subject sub-v2s0x29050_ses-1
dof 6
outregfile /out/sourcedata/freesurfer/sub-v2s0x29050_ses-1/mri/transforms/FLAIRraw.auto.dat
UseMask 0
UseLH 1
UseRH 1
nsubsamp 1
PenaltySign  -1
PenaltySlope 0.500000
PenaltyCenter 0.000000
surfname white
GMProjAbs 2.000000
WMProjAbs 1.000000
lhcostfile (null)
rhcostfile (null)
interp  trilinear (1)
frame  0
TolPowell 0.000000
nMaxItersPowell 36
n1dmin  3
Profile   0
Gdiag_no  -1
AddNoise  0 (0)
SynthSeed 1773885494
TransRandMax 0.000000
RotRandMax 0.000000
Translations 0.000000 0.000000 0.000000
Rotations   0.000000 0.000000 0.000000
Input reg
 1.00000  -0.00303  -0.00029   1.17447;
 0.00028  -0.00419   0.99999   0.06247;
-0.00303  -0.99999  -0.00419   0.04056;
 0.00000   0.00000   0.00000   1.00000;

Loading mov
ExcludeZeroVoxels 1
Reading in targ vol /out/sourcedata/freesurfer/sub-v2s0x29050_ses-1/mri/orig.mgz
Projecting LH Surfs
Loading lh.white surf
GM Proj: 0 0.500000 2.000000
WM Proj: 0 0.500000 1.000000
Projecting RH Surfs
Loading rh.white surf
Projecting RH Surfs
Using lh.cortex.label
Using rh.cortex.label
Computing relative cost
 0  -25.0 -25.0 -25.0   1.047352
 1  -25.0 -25.0  25.0   1.043143
 2  -25.0  25.0 -25.0   1.042419
 3  -25.0  25.0  25.0   1.029099
 4   25.0 -25.0 -25.0   1.027101
 5   25.0 -25.0  25.0   1.041922
 6   25.0  25.0 -25.0   1.034270
 7   25.0  25.0  25.0   1.025504
REL:  8  0.494353    8.290809  1.036351 rel = 0.477013 
Initial costs ----------------
Number of surface hits 238272
WM  Intensity    46.8555 +/-   6.0683
Ctx Intensity    50.8040 +/-  10.9749
Pct Contrast      5.9822 +/-  27.7659
Cost   0.4944
RelCost   0.4770

------------------------------------
Brute force preopt -0.1 0.1 0.1, n = 729
     0  -0.1000  -0.1000  -0.1000  -0.1000  -0.1000  -0.1000      0.4677   0.4677  0.0
     1  -0.1000  -0.1000  -0.1000  -0.1000  -0.1000   0.0000      0.4670   0.4670  0.0
     2  -0.1000  -0.1000  -0.1000  -0.1000  -0.1000   0.1000      0.4663   0.4663  0.0
     9  -0.1000  -0.1000  -0.1000   0.0000  -0.1000  -0.1000      0.4654   0.4654  0.0
    12  -0.1000  -0.1000  -0.1000   0.0000   0.0000  -0.1000      0.4631   0.4631  0.0
    21  -0.1000  -0.1000  -0.1000   0.1000   0.0000  -0.1000      0.4602   0.4602  0.0
    81  -0.1000   0.0000  -0.1000  -0.1000  -0.1000  -0.1000      0.4602   0.4602  0.0
    84  -0.1000   0.0000  -0.1000  -0.1000   0.0000  -0.1000      0.4579   0.4579  0.0
    85  -0.1000   0.0000  -0.1000  -0.1000   0.0000   0.0000      0.4574   0.4574  0.0
    93  -0.1000   0.0000  -0.1000   0.0000   0.0000  -0.1000      0.4572   0.4572  0.0
   112  -0.1000   0.0000   0.0000  -0.1000   0.0000   0.0000      0.4549   0.4549  0.0
   175  -0.1000   0.1000  -0.1000   0.0000   0.0000   0.0000      0.4544   0.4544  0.0
   325   0.0000   0.0000  -0.1000  -0.1000  -0.1000   0.0000      0.4530   0.4530  0.0
   328   0.0000   0.0000  -0.1000  -0.1000   0.0000   0.0000      0.4524   0.4524  0.0
   409   0.0000   0.1000  -0.1000  -0.1000   0.0000   0.0000      0.4493   0.4493  0.0
Brute Force --------------------------
Min cost was 0.449302
Number of iterations   729
Search time 0.891407 sec
Parameters at best (transmm, rotdeg)
  0.000   0.100  -0.100 -0.100  0.000  0.000 
--------------------------------------------

Starting Powell Minimization
Init Powel Params dof = 6
0 0
1 0.1
2 -0.1
3 -0.1
4 0
5 0
fs_powell::minimize
  nparams 6
  maxfev 36
  ftol   0.000000
  linmin_xtol_   0.001000
  powell nthiter 0: fret = 0.491536
   7 -0.191  0.100 -0.100 -0.100  0.000  0.000   0.4896763652
   8 -0.179  0.100 -0.100 -0.100  0.000  0.000   0.4896252908
   9 -0.157  0.100 -0.100 -0.100  0.000  0.000   0.4895686609
  12 -0.154  0.100 -0.100 -0.100  0.000  0.000   0.4895678582
  21 -0.154 -0.017 -0.100 -0.100  0.000  0.000   0.4883058308
  22 -0.154 -0.001 -0.100 -0.100  0.000  0.000   0.4883012090
  23 -0.154 -0.008 -0.100 -0.100  0.000  0.000   0.4882936991
  36 -0.154 -0.008 -0.079 -0.100  0.000  0.000   0.4882852566
  38 -0.154 -0.008 -0.087 -0.100  0.000  0.000   0.4882852492
  39 -0.154 -0.008 -0.083 -0.100  0.000  0.000   0.4882842058
  48 -0.154 -0.008 -0.082 -0.162  0.000  0.000   0.4881368685
  49 -0.154 -0.008 -0.082 -0.143  0.000  0.000   0.4881324917
  50 -0.154 -0.008 -0.082 -0.150  0.000  0.000   0.4881213617
  51 -0.154 -0.008 -0.082 -0.152  0.000  0.000   0.4881213081
  59 -0.154 -0.008 -0.082 -0.152 -0.150  0.000   0.4871767653
  62 -0.154 -0.008 -0.082 -0.152 -0.172  0.000   0.4871456615
  64 -0.154 -0.008 -0.082 -0.152 -0.171  0.000   0.4871455878
  71 -0.154 -0.008 -0.082 -0.152 -0.171  0.382   0.4863639611
  72 -0.154 -0.008 -0.082 -0.152 -0.171  0.205   0.4830969280
  73 -0.154 -0.008 -0.082 -0.152 -0.171  0.201   0.4830942783
  74 -0.154 -0.008 -0.082 -0.152 -0.171  0.199   0.4830935578
  77 -0.154 -0.008 -0.082 -0.152 -0.171  0.198   0.4830934618
  powell nthiter 1: fret = 0.483093
  87 -0.178 -0.008 -0.082 -0.152 -0.171  0.198   0.4830233640
  88 -0.179 -0.008 -0.082 -0.152 -0.171  0.198   0.4830228562
  89 -0.180 -0.008 -0.082 -0.152 -0.171  0.198   0.4830226225
  98 -0.180 -0.011 -0.082 -0.152 -0.171  0.198   0.4830192924
  99 -0.180 -0.012 -0.082 -0.152 -0.171  0.198   0.4830187629
 107 -0.180 -0.012 -0.085 -0.152 -0.171  0.198   0.4830038932
 108 -0.180 -0.012 -0.114 -0.152 -0.171  0.198   0.4829670891
 110 -0.180 -0.012 -0.106 -0.152 -0.171  0.198   0.4829602629
 121 -0.180 -0.012 -0.106 -0.154 -0.171  0.198   0.4829571216
 130 -0.180 -0.012 -0.106 -0.154 -0.254  0.198   0.4823424536
 142 -0.180 -0.012 -0.106 -0.154 -0.254  0.193   0.4823369635
 143 -0.180 -0.012 -0.106 -0.154 -0.254  0.192   0.4823368968
  powell nthiter 2: fret = 0.482337
 153 -0.196 -0.012 -0.106 -0.154 -0.254  0.192   0.4823359101
 154 -0.188 -0.012 -0.106 -0.154 -0.254  0.192   0.4823320917
 157 -0.187 -0.012 -0.106 -0.154 -0.254  0.192   0.4823319966
 165 -0.187 -0.002 -0.106 -0.154 -0.254  0.192   0.4823237338
 166 -0.187 -0.005 -0.106 -0.154 -0.254  0.192   0.4823215797
 176 -0.187 -0.005 -0.098 -0.154 -0.254  0.192   0.4823074071
 177 -0.187 -0.005 -0.097 -0.154 -0.254  0.192   0.4823070971
 185 -0.187 -0.005 -0.097 -0.155 -0.254  0.192   0.4823049639
 187 -0.187 -0.005 -0.097 -0.160 -0.254  0.192   0.4823028185
 188 -0.187 -0.005 -0.097 -0.158 -0.254  0.192   0.4823024004
 196 -0.187 -0.005 -0.097 -0.158 -0.261  0.192   0.4822986331
 198 -0.187 -0.005 -0.097 -0.158 -0.259  0.192   0.4822985143
 210 -0.187 -0.005 -0.097 -0.158 -0.258  0.191   0.4822983796
  powell nthiter 3: fret = 0.482298
 221 -0.194 -0.005 -0.097 -0.158 -0.258  0.191   0.4822945535
 222 -0.193 -0.005 -0.097 -0.158 -0.258  0.191   0.4822943386
 241 -0.193 -0.005 -0.095 -0.158 -0.258  0.191   0.4822912966
 242 -0.193 -0.005 -0.092 -0.158 -0.258  0.191   0.4822892348
 253 -0.193 -0.005 -0.092 -0.165 -0.258  0.191   0.4822886919
 254 -0.193 -0.005 -0.092 -0.162 -0.258  0.191   0.4822848826
 274 -0.193 -0.005 -0.092 -0.162 -0.258  0.190   0.4822847124
 276 -0.199 -0.005 -0.087 -0.165 -0.258  0.189   0.4822792870
 281 -0.202 -0.005 -0.084 -0.167 -0.258  0.189   0.4822784114
 282 -0.205 -0.005 -0.082 -0.169 -0.258  0.188   0.4822779990
 289 -0.205 -0.005 -0.082 -0.168 -0.258  0.188   0.4822778984
 290 -0.204 -0.005 -0.082 -0.168 -0.258  0.188   0.4822778623
  powell nthiter 4: fret = 0.482278
 304 -0.201 -0.005 -0.082 -0.168 -0.258  0.188   0.4822773476
 305 -0.202 -0.005 -0.082 -0.168 -0.258  0.188   0.4822772653
 315 -0.202 -0.008 -0.082 -0.168 -0.258  0.188   0.4822764270
 317 -0.202 -0.007 -0.082 -0.168 -0.258  0.188   0.4822760928
 326 -0.202 -0.007 -0.082 -0.168 -0.258  0.190   0.4822755083
 327 -0.202 -0.007 -0.082 -0.168 -0.258  0.191   0.4822750689
 348 -0.202 -0.007 -0.082 -0.168 -0.257  0.191   0.4822746652
 362 -0.202 -0.007 -0.082 -0.168 -0.257  0.191   0.4822745837
  powell nthiter 5: fret = 0.482275
 374 -0.200 -0.007 -0.082 -0.168 -0.257  0.191   0.4822743377
 376 -0.201 -0.007 -0.082 -0.168 -0.257  0.191   0.4822743336
 441 -0.200 -0.007 -0.082 -0.168 -0.257  0.191   0.4822742953
 443 -0.200 -0.007 -0.082 -0.168 -0.257  0.191   0.4822742762
 447 -0.200 -0.007 -0.082 -0.168 -0.257  0.191   0.4822742740
  powell nthiter 6: fret = 0.482274
Powell done niters = 6
Computing relative cost
 0  -25.0 -25.0 -25.0   1.048355
 1  -25.0 -25.0  25.0   1.047423
 2  -25.0  25.0 -25.0   1.038337
 3  -25.0  25.0  25.0   1.026846
 4   25.0 -25.0 -25.0   1.027009
 5   25.0 -25.0  25.0   1.041919
 6   25.0  25.0 -25.0   1.034830
 7   25.0  25.0  25.0   1.024778
REL:  8  0.482274    8.289498  1.036187 rel = 0.465432 
Number of iterations     6
Min cost was 0.482274
Number of FunctionCalls   524
TolPowell 0.000000
nMaxItersPowell 36
OptimizationTime 20.329496 sec
Parameters at optimum (transmm) -0.20047 -0.00703 -0.08246
Parameters at optimum (rotdeg) -0.16845 -0.25716  0.19079 
Final costs ----------------
Number of surface hits 238272
WM  Intensity    46.6321 +/-   5.9768
Ctx Intensity    50.7895 +/-  10.7633
Pct Contrast      6.5675 +/-  26.3534
Cost   0.4823
RelCost   0.4770
Reg at min cost was 
 0.99999   0.00148  -0.00359   0.97359;
 0.00360  -0.00713   0.99997   0.05947;
 0.00145  -0.99997  -0.00713  -0.03681;
 0.00000   0.00000   0.00000   1.00000;

Writing optimal reg to /out/sourcedata/freesurfer/sub-v2s0x29050_ses-1/mri/transforms/FLAIRraw.auto.dat, type = 14 
Original Reg 
 1.00000  -0.00303  -0.00029   1.17447;
 0.00028  -0.00419   0.99999   0.06247;
-0.00303  -0.99999  -0.00419   0.04056;
 0.00000   0.00000   0.00000   1.00000;

Original Reg - Optimal Reg
 0.00000  -0.00451   0.00330   0.20088;
-0.00332   0.00294   0.00002   0.00300;
-0.00449  -0.00001   0.00294   0.07738;
 0.00000   0.00000   0.00000   0.00000;

Computing change in lh position
LH rmsDiffMean 0.558108
Computing change in rh position
Surface-RMS-Diff-mm 0.493786 0.175063 0.823779
mri_segreg done
MinCost: 0.482274 46.632083 50.789512 6.567481 
tkregister2_cmdl --mov /out/sourcedata/freesurfer/sub-v2s0x29050_ses-1/mri/orig/FLAIRraw.mgz --reg /out/sourcedata/freesurfer/sub-v2s0x29050_ses-1/mri/transforms/FLAIRraw.auto.dat --noedit --ltaout /out/sourcedata/freesurfer/sub-v2s0x29050_ses-1/mri/transforms/FLAIRraw.auto.lta
INFO: no target volume specified, assuming FreeSurfer orig volume.
target  volume orig
movable volume /out/sourcedata/freesurfer/sub-v2s0x29050_ses-1/mri/orig/FLAIRraw.mgz
reg file       /out/sourcedata/freesurfer/sub-v2s0x29050_ses-1/mri/transforms/FLAIRraw.auto.dat
LoadVol        0
ZeroCRAS       0
7.3.2
Diagnostic Level -1
---- Input registration matrix --------
 0.99999   0.00148  -0.00359   0.97359;
 0.00360  -0.00713   0.99997   0.05947;
 0.00145  -0.99997  -0.00713  -0.03681;
 0.00000   0.00000   0.00000   1.00000;
float2int = 0
---------------------------------------
INFO: loading target /out/sourcedata/freesurfer/sub-v2s0x29050_ses-1/mri/orig.mgz
Ttarg: --------------------
-1.00000   0.00000   0.00000   128.00000;
 0.00000   0.00000   1.00000  -128.00000;
 0.00000  -1.00000   0.00000   128.00000;
 0.00000   0.00000   0.00000   1.00000;
INFO: loading movable /out/sourcedata/freesurfer/sub-v2s0x29050_ses-1/mri/orig/FLAIRraw.mgz
Tmov: --------------------
-0.97656   0.00000   0.00000   91.30859;
 0.00000   0.00000   0.97656  -125.00000;
 0.00000  -0.97656   0.00000   125.00000;
 0.00000   0.00000   0.00000   1.00000;
mkheaderreg = 0, float2int = 0
---- Input registration matrix --------
 0.99999   0.00148  -0.00359   0.97359;
 0.00360  -0.00713   0.99997   0.05947;
 0.00145  -0.99997  -0.00713  -0.03681;
 0.00000   0.00000   0.00000   1.00000;
Determinant 1
subject = sub-v2s0x29050_ses-1
RegMat ---------------------------
 0.99999   0.00148  -0.00359   0.97359;
 0.00360  -0.00713   0.99997   0.05947;
 0.00145  -0.99997  -0.00713  -0.03681;
 0.00000   0.00000   0.00000   1.00000;
Cleaning up
 
Started at Tue Mar 10 15:20:47 CET 2026 
Ended   at Tue Mar 10 15:22:22 CET 2026
BBR-Run-Time-Sec 95
 
bbregister Done
To check results, run:
tkregisterfv --mov /out/sourcedata/freesurfer/sub-v2s0x29050_ses-1/mri/orig/FLAIRraw.mgz --reg /out/sourcedata/freesurfer/sub-v2s0x29050_ses-1/mri/transforms/FLAIRraw.auto.lta --surfs  --sd /out/sourcedata/freesurfer
