/out/sourcedata/freesurfer/sub-v2s0x29050_ses-1/mri
/opt/freesurfer/bin/talairach_avi
--i orig_nu.mgz --xfm transforms/talairach.auto.xfm
talairach_avi 7.3.2
Linux dna056 5.14.0-427.37.1.el9_4.x86_64 #1 SMP PREEMPT_DYNAMIC Fri Sep 13 12:41:50 EDT 2024 x86_64 x86_64 x86_64 GNU/Linux
Tue Mar 10 12:50:37 CET 2026
mri_convert orig_nu.mgz talsrcimg.img 
reading from orig_nu.mgz...
TR=0.00, TE=0.00, TI=0.00, flip angle=0.00
i_ras = (-1, 0, 0)
j_ras = (0, 0, -1)
k_ras = (0, 1, 0)
writing to talsrcimg.img...
Analyze Output Matrix
-1.00000   0.00000   0.00000   135.28574;
 0.00000   0.00000   1.00000  -96.69724;
 0.00000  -1.00000   0.00000   119.78061;
 0.00000   0.00000   0.00000   1.00000;
--------------------
INFO: set hdr.hist.orient to -1
mpr2mni305 talsrcimg
Tue Mar 10 12:50:38 CET 2026
/opt/freesurfer/bin/mpr2mni305 talsrcimg
mpr2mni305 7.3.2
target=711-2C_as_mni_average_305

---------------------------------------------------------------------
analyzeto4dfp talsrcimg -O0 -y
---------------------------------------------------------------------

freesurfer ifh2hdr.c
Tue Mar 10 12:50:38 2026
Writing: talsrcimg.4dfp.hdr
freesurfer analyzeto4dfp.c
Reading: talsrcimg.hdr
header size 348 bytes
hdr.dime.datatype	offset=70	value=2
hdr.dime.bitpix		offset=72	value=8
hdr.hist.orient		offset=252	value=-1
dimensionality     4
dimensions       256       256       256         1
Reading: talsrcimg.img
Writing: talsrcimg.4dfp.img
Writing: talsrcimg.4dfp.ifh
ifh2hdr talsrcimg -r0to255
ori=2

---------------------------------------------------------------------
gauss_4dfp talsrcimg 1.1
---------------------------------------------------------------------

freesurfer gauss_4dfp.c
Reading: talsrcimg.4dfp.img
Writing: talsrcimg_g11.4dfp.img
image dimensions 256 256 256 padded to 288 288 288
processing volume 1freesurfer ifh2hdr.c
Tue Mar 10 12:50:40 2026
Writing: talsrcimg_g11.4dfp.hdr

Writing: talsrcimg_g11.4dfp.ifh
including: talsrcimg.4dfp.img.rec in talsrcimg_g11.4dfp.img.rec

---------------------------------------------------------------------
imgreg_4dfp /opt/freesurfer/average/711-2C_as_mni_average_305 none talsrcimg_g11 none talsrcimg_to_711-2C_as_mni_average_305_t4 4355
---------------------------------------------------------------------

freesurfer imgreg_4dfp.c
/opt/freesurfer/average/711-2C_as_mni_average_305.4dfp.img
       256       256       256         1
  1.000000  1.000000  1.000000
orientation T byte_order littleendian
Reading image: /opt/freesurfer/average/711-2C_as_mni_average_305.4dfp.img
dimensions:      256       256       256
mmppix:       1.0000   -1.0000   -1.0000
center:     128.0000 -129.0000 -129.0000
talsrcimg_g11.4dfp.img
       256       256       256         1
  1.000000  1.000000  1.000000
orientation T byte_order littleendian
Reading image: talsrcimg_g11.4dfp.img
dimensions:      256       256       256
mmppix:       1.0000   -1.0000   -1.0000
center:     128.0000 -129.0000 -129.0000
t4_read: open error in t4_sub.f l:  41 t4_file(1:l)talsrcimg_to_711-2C_as_mni_average_305_t4 
t4_read: transform initialized to I4
rotation matrix determinant  1.000000
image alignment mode   4355 decimal     1103 hex
   -7.5000  -45.0000  -45.0000 5881.0947   13.5600
    0.0000  -45.0000  -45.0000 6101.6157   13.5490
    7.5000  -45.0000  -45.0000 5825.9937   13.5602
   -7.5000  -37.5000  -45.0000 6484.6523   13.2655
    0.0000  -37.5000  -45.0000 6735.1431   13.2545
    7.5000  -37.5000  -45.0000 6413.1455   13.2656
   -7.5000  -30.0000  -45.0000 7368.0610   13.0341
    0.0000  -30.0000  -45.0000 7660.4907   13.0223
    7.5000  -30.0000  -45.0000 7290.6333   13.0293
   -7.5000  -22.5000  -45.0000 8287.1787   12.9275
    0.0000  -22.5000  -45.0000 8620.9395   12.9165
    7.5000  -22.5000  -45.0000 8189.8813   12.9214
   -7.5000  -15.0000  -45.0000 9234.7549   12.9233
    0.0000  -15.0000  -45.0000 9592.3223   12.9128
    7.5000  -15.0000  -45.0000 9115.5664   12.9187
   -7.5000   -7.5000  -45.000010176.5381   12.9453
    0.0000   -7.5000  -45.000010575.1416   12.9348
    7.5000   -7.5000  -45.000010040.8320   12.9433
   -7.5000    0.0000  -45.000011056.2500   12.9693
    0.0000    0.0000  -45.000011481.9639   12.9585
    7.5000    0.0000  -45.000010891.5469   12.9688
   -7.5000    7.5000  -45.000010979.5557   12.9698
    0.0000    7.5000  -45.000011397.5781   12.9584
    7.5000    7.5000  -45.000010781.6602   12.9678
   -7.5000   15.0000  -45.000010779.6426   12.9493
    0.0000   15.0000  -45.000011186.4121   12.9376
    7.5000   15.0000  -45.000010578.7949   12.9442
   -7.5000   22.5000  -45.000010562.2607   12.9250
    0.0000   22.5000  -45.000010975.7109   12.9140
    7.5000   22.5000  -45.000010370.1562   12.9189
   -7.5000   30.0000  -45.000010311.3770   12.7510
    0.0000   30.0000  -45.000010701.2520   12.7407
    7.5000   30.0000  -45.000010100.3223   12.7465
   -7.5000   37.5000  -45.000010319.7109   12.7727
    0.0000   37.5000  -45.000010706.5352   12.7625
    7.5000   37.5000  -45.000010093.1699   12.7708
   -7.5000   45.0000  -45.0000 9895.3057   12.4716
    0.0000   45.0000  -45.000010271.9248   12.4612
    7.5000   45.0000  -45.0000 9648.1055   12.4711
   -7.5000  -45.0000  -37.5000 6226.9307   13.4861
    0.0000  -45.0000  -37.5000 6463.1958   13.4739
    7.5000  -45.0000  -37.5000 6162.4272   13.4845
   -7.5000  -37.5000  -37.5000 6856.1509   13.1951
    0.0000  -37.5000  -37.5000 7116.7290   13.1846
    7.5000  -37.5000  -37.5000 6778.5801   13.1958
   -7.5000  -30.0000  -37.5000 7796.0088   12.9610
    0.0000  -30.0000  -37.5000 8108.3521   12.9509
    7.5000  -30.0000  -37.5000 7714.7056   12.9609
   -7.5000  -22.5000  -37.5000 8804.4727   12.8521
    0.0000  -22.5000  -37.5000 9165.8203   12.8424
    7.5000  -22.5000  -37.5000 8706.0732   12.8523
   -7.5000  -15.0000  -37.5000 9838.0850   12.8487
    0.0000  -15.0000  -37.500010233.7949   12.8384
    7.5000  -15.0000  -37.5000 9709.0283   12.8486
   -7.5000   -7.5000  -37.500010850.9307   12.8746
    0.0000   -7.5000  -37.500011265.1377   12.8632
    7.5000   -7.5000  -37.500010685.9697   12.8730
   -7.5000    0.0000  -37.500011780.8086   12.9019
    0.0000    0.0000  -37.500012204.7617   12.8902
    7.5000    0.0000  -37.500011560.7061   12.8996
   -7.5000    7.5000  -37.500011666.5352   12.9016
    0.0000    7.5000  -37.500012093.2900   12.8908
    7.5000    7.5000  -37.500011435.4912   12.9004
   -7.5000   15.0000  -37.500011434.6162   12.8771
    0.0000   15.0000  -37.500011838.5693   12.8671
    7.5000   15.0000  -37.500011196.4980   12.8768
   -7.5000   22.5000  -37.500011185.8438   12.8497
    0.0000   22.5000  -37.500011595.6494   12.8400
    7.5000   22.5000  -37.500010949.8447   12.8499
   -7.5000   30.0000  -37.500010904.9414   12.6775
    0.0000   30.0000  -37.500011311.2432   12.6673
    7.5000   30.0000  -37.500010663.3955   12.6774
   -7.5000   37.5000  -37.500010879.3213   12.7031
    0.0000   37.5000  -37.500011284.7432   12.6918
    7.5000   37.5000  -37.500010627.0439   12.7015
   -7.5000   45.0000  -37.500010410.1377   12.4067
    0.0000   45.0000  -37.500010812.2158   12.3955
    7.5000   45.0000  -37.500010158.8447   12.4046
   -7.5000  -45.0000  -30.0000 6666.5122   14.0519
    0.0000  -45.0000  -30.0000 6914.7310   14.0359
    7.5000  -45.0000  -30.0000 6584.2549   14.0409
   -7.5000  -37.5000  -30.0000 7361.4053   13.7475
    0.0000  -37.5000  -30.0000 7638.1982   13.7345
    7.5000  -37.5000  -30.0000 7259.2588   13.7418
   -7.5000  -30.0000  -30.0000 8401.1387   13.4977
    0.0000  -30.0000  -30.0000 8734.4844   13.4862
    7.5000  -30.0000  -30.0000 8296.5088   13.4953
   -7.5000  -22.5000  -30.0000 9514.4795   13.3836
    0.0000  -22.5000  -30.0000 9900.6416   13.3727
    7.5000  -22.5000  -30.0000 9403.0781   13.3824
   -7.5000  -15.0000  -30.000010630.1836   13.3843
    0.0000  -15.0000  -30.000011044.3457   13.3717
    7.5000  -15.0000  -30.000010490.1064   13.3801
   -7.5000   -7.5000  -30.000011694.8965   13.4164
    0.0000   -7.5000  -30.000012133.8223   13.4013
    7.5000   -7.5000  -30.000011528.2617   13.4068
   -7.5000    0.0000  -30.000012671.3682   13.4458
    0.0000    0.0000  -30.000013137.8877   13.4306
    7.5000    0.0000  -30.000012461.3701   13.4347
   -7.5000    7.5000  -30.000012555.5977   13.4414
    0.0000    7.5000  -30.000013019.1650   13.4281
    7.5000    7.5000  -30.000012342.6787   13.4341
   -7.5000   15.0000  -30.000012302.4863   13.4105
    0.0000   15.0000  -30.000012727.9658   13.3992
    7.5000   15.0000  -30.000012067.8311   13.4078
   -7.5000   22.5000  -30.000012018.7578   13.3797
    0.0000   22.5000  -30.000012437.9443   13.3688
    7.5000   22.5000  -30.000011757.7949   13.3785
   -7.5000   30.0000  -30.000011709.1436   13.2072
    0.0000   30.0000  -30.000012093.5469   13.1948
    7.5000   30.0000  -30.000011442.1006   13.2031
   -7.5000   37.5000  -30.000011657.8008   13.2388
    0.0000   37.5000  -30.000012058.0645   13.2240
    7.5000   37.5000  -30.000011394.9629   13.2294
   -7.5000   45.0000  -30.000011120.4580   12.9393
    0.0000   45.0000  -30.000011520.9668   12.9247
    7.5000   45.0000  -30.000010865.7832   12.9285
   -7.5000  -45.0000  -22.5000 7118.4355   14.5471
    0.0000  -45.0000  -22.5000 7390.8735   14.5285
    7.5000  -45.0000  -22.5000 7034.2212   14.5276
   -7.5000  -37.5000  -22.5000 7887.6377   14.2303
    0.0000  -37.5000  -22.5000 8197.1279   14.2143
    7.5000  -37.5000  -22.5000 7786.0137   14.2168
   -7.5000  -30.0000  -22.5000 9020.3330   13.9723
    0.0000  -30.0000  -22.5000 9385.2021   13.9578
    7.5000  -30.0000  -22.5000 8902.6660   13.9619
   -7.5000  -22.5000  -22.500010212.9375   13.8581
    0.0000  -22.5000  -22.500010619.8926   13.8445
    7.5000  -22.5000  -22.500010088.7275   13.8478
   -7.5000  -15.0000  -22.500011381.2002   13.8619
    0.0000  -15.0000  -22.500011816.4434   13.8469
    7.5000  -15.0000  -22.500011242.9170   13.8480
   -7.5000   -7.5000  -22.500012497.9062   13.8944
    0.0000   -7.5000  -22.500012974.0029   13.8771
    7.5000   -7.5000  -22.500012320.8740   13.8758
   -7.5000    0.0000  -22.500013517.9688   13.9216
    0.0000    0.0000  -22.500014031.5107   13.9039
    7.5000    0.0000  -22.500013325.4883   13.9025
   -7.5000    7.5000  -22.500013413.7949   13.9139
    0.0000    7.5000  -22.500013910.1465   13.8976
    7.5000    7.5000  -22.500013201.1924   13.8990
   -7.5000   15.0000  -22.500013121.7803   13.8821
    0.0000   15.0000  -22.500013598.8330   13.8678
    7.5000   15.0000  -22.500012907.9102   13.8715
   -7.5000   22.5000  -22.500012825.7607   13.8531
    0.0000   22.5000  -22.500013282.2158   13.8395
    7.5000   22.5000  -22.500012557.8682   13.8428
   -7.5000   30.0000  -22.500012512.9434   13.6806
    0.0000   30.0000  -22.500012925.1338   13.6658
    7.5000   30.0000  -22.500012210.7197   13.6669
   -7.5000   37.5000  -22.500012450.0449   13.7127
    0.0000   37.5000  -22.500012862.3877   13.6956
    7.5000   37.5000  -22.500012162.4238   13.6943
   -7.5000   45.0000  -22.500011824.1680   13.4072
    0.0000   45.0000  -22.500012233.1514   13.3901
    7.5000   45.0000  -22.500011560.2168   13.3888
   -7.5000  -45.0000  -15.0000 7590.5581   14.9054
    0.0000  -45.0000  -15.0000 7886.4102   14.8878
    7.5000  -45.0000  -15.0000 7505.3110   14.8868
   -7.5000  -37.5000  -15.0000 8425.2246   14.5806
    0.0000  -37.5000  -15.0000 8765.5830   14.5638
    7.5000  -37.5000  -15.0000 8333.8730   14.5658
   -7.5000  -30.0000  -15.0000 9618.4434   14.3229
    0.0000  -30.0000  -15.000010015.1816   14.3062
    7.5000  -30.0000  -15.0000 9508.9580   14.3065
   -7.5000  -22.5000  -15.000010869.3906   14.2103
    0.0000  -22.5000  -15.000011291.9980   14.1950
    7.5000  -22.5000  -15.000010765.3555   14.1923
   -7.5000  -15.0000  -15.000012106.6064   14.2132
    0.0000  -15.0000  -15.000012569.6602   14.1980
    7.5000  -15.0000  -15.000011969.2168   14.1935
   -7.5000   -7.5000  -15.000013295.1963   14.2409
    0.0000   -7.5000  -15.000013805.0840   14.2246
    7.5000   -7.5000  -15.000013107.4590   14.2209
   -7.5000    0.0000  -15.000014367.9492   14.2641
    0.0000    0.0000  -15.000014920.7725   14.2471
    7.5000    0.0000  -15.000014160.1943   14.2460
   -7.5000    7.5000  -15.000014267.4355   14.2572
    0.0000    7.5000  -15.000014805.6758   14.2400
    7.5000    7.5000  -15.000014045.2158   14.2408
   -7.5000   15.0000  -15.000013953.4795   14.2303
    0.0000   15.0000  -15.000014469.5049   14.2138
    7.5000   15.0000  -15.000013706.2051   14.2137
   -7.5000   22.5000  -15.000013634.3643   14.2045
    0.0000   22.5000  -15.000014114.4893   14.1893
    7.5000   22.5000  -15.000013325.8828   14.1865
   -7.5000   30.0000  -15.000013307.4443   14.0292
    0.0000   30.0000  -15.000013744.6143   14.0143
    7.5000   30.0000  -15.000012973.5713   14.0099
   -7.5000   37.5000  -15.000013257.3350   14.0566
    0.0000   37.5000  -15.000013678.1230   14.0405
    7.5000   37.5000  -15.000012908.0137   14.0369
   -7.5000   45.0000  -15.000012517.3877   13.7453
    0.0000   45.0000  -15.000012932.3857   13.7290
    7.5000   45.0000  -15.000012216.4336   13.7279
   -7.5000  -45.0000   -7.5000 8089.0200   15.0765
    0.0000  -45.0000   -7.5000 8419.3154   15.0622
    7.5000  -45.0000   -7.5000 8011.4048   15.0677
   -7.5000  -37.5000   -7.5000 8979.4473   14.7501
    0.0000  -37.5000   -7.5000 9345.8232   14.7354
    7.5000  -37.5000   -7.5000 8883.7734   14.7420
   -7.5000  -30.0000   -7.500010236.9434   14.4952
    0.0000  -30.0000   -7.500010642.0107   14.4796
    7.5000  -30.0000   -7.500010128.9600   14.4815
   -7.5000  -22.5000   -7.500011561.7197   14.3809
    0.0000  -22.5000   -7.500012022.5029   14.3667
    7.5000  -22.5000   -7.500011435.4668   14.3650
   -7.5000  -15.0000   -7.500012866.9980   14.3789
    0.0000  -15.0000   -7.500013369.9619   14.3657
    7.5000  -15.0000   -7.500012702.1855   14.3639
   -7.5000   -7.5000   -7.500014097.9316   14.4021
    0.0000   -7.5000   -7.500014654.1787   14.3888
    7.5000   -7.5000   -7.500013893.9424   14.3905
   -7.5000    0.0000   -7.500015231.9180   14.4252
    0.0000    0.0000   -7.500015823.2393   14.4113
    7.5000    0.0000   -7.500014999.0469   14.4164
   -7.5000    7.5000   -7.500015199.6680   14.4232
    0.0000    7.5000   -7.500015793.2773   14.4081
    7.5000    7.5000   -7.500014938.7422   14.4131
   -7.5000   15.0000   -7.500014892.2783   14.4014
    0.0000   15.0000   -7.500015469.8320   14.3859
    7.5000   15.0000   -7.500014586.2451   14.3875
   -7.5000   22.5000   -7.500014513.5889   14.3735
    0.0000   22.5000   -7.500015036.0186   14.3593
    7.5000   22.5000   -7.500014160.2568   14.3576
   -7.5000   30.0000   -7.500014165.5625   14.1924
    0.0000   30.0000   -7.500014621.6250   14.1794
    7.5000   30.0000   -7.500013753.2793   14.1777
   -7.5000   37.5000   -7.500014072.7529   14.2153
    0.0000   37.5000   -7.500014518.2773   14.2022
    7.5000   37.5000   -7.500013660.3691   14.2039
   -7.5000   45.0000   -7.500013266.6191   13.9032
    0.0000   45.0000   -7.500013688.7012   13.8898
    7.5000   45.0000   -7.500012921.1201   13.8947
   -7.5000  -45.0000    0.0000 8517.0381   15.0955
    0.0000  -45.0000    0.0000 8866.8838   15.0834
    7.5000  -45.0000    0.0000 8416.6191   15.0954
   -7.5000  -37.5000    0.0000 9489.2363   14.7705
    0.0000  -37.5000    0.0000 9865.0088   14.7584
    7.5000  -37.5000    0.0000 9360.7051   14.7704
   -7.5000  -30.0000    0.000010844.8916   14.5151
    0.0000  -30.0000    0.000011269.6182   14.5022
    7.5000  -30.0000    0.000010694.1895   14.5096
   -7.5000  -22.5000    0.000012233.1309   14.3967
    0.0000  -22.5000    0.000012708.7451   14.3847
    7.5000  -22.5000    0.000012056.8428   14.3899
   -7.5000  -15.0000    0.000013554.5654   14.3910
    0.0000  -15.0000    0.000014068.4414   14.3796
    7.5000  -15.0000    0.000013338.2148   14.3859
   -7.5000   -7.5000    0.000014785.3262   14.4145
    0.0000   -7.5000    0.000015336.8154   14.4030
    7.5000   -7.5000    0.000014526.8623   14.4121
   -7.5000    0.0000    0.000015987.3223   14.4412
    0.0000    0.0000    0.000016580.7500   14.4293
    7.5000    0.0000    0.000015682.9082   14.4404
   -7.5000    7.5000    0.000016094.4824   14.4428
    0.0000    7.5000    0.000016751.6309   14.4303
    7.5000    7.5000    0.000015735.1914   14.4404
   -7.5000   15.0000    0.000015907.5752   14.4210
    0.0000   15.0000    0.000016580.6504   14.4083
    7.5000   15.0000    0.000015468.8271   14.4154
   -7.5000   22.5000    0.000015461.8955   14.3893
    0.0000   22.5000    0.000016025.9414   14.3773
    7.5000   22.5000    0.000015021.2188   14.3825
   -7.5000   30.0000    0.000014989.0430   14.2048
    0.0000   30.0000    0.000015466.4521   14.1935
    7.5000   30.0000    0.000014516.5342   14.1997
   -7.5000   37.5000    0.000014882.3555   14.2279
    0.0000   37.5000    0.000015340.7393   14.2166
    7.5000   37.5000    0.000014354.5107   14.2256
   -7.5000   45.0000    0.000014039.5879   13.9197
    0.0000   45.0000    0.000014478.1660   13.9081
    7.5000   45.0000    0.000013542.6113   13.9189
   -7.5000  -45.0000    7.5000 8260.6611   15.0870
    0.0000  -45.0000    7.5000 8584.0312   15.0734
    7.5000  -45.0000    7.5000 8125.6685   15.0852
   -7.5000  -37.5000    7.5000 9242.2842   14.7617
    0.0000  -37.5000    7.5000 9618.7910   14.7500
    7.5000  -37.5000    7.5000 9088.4570   14.7625
   -7.5000  -30.0000    7.500010588.0078   14.5000
    0.0000  -30.0000    7.500010997.0957   14.4886
    7.5000  -30.0000    7.500010383.6631   14.4998
   -7.5000  -22.5000    7.500011930.0752   14.3780
    0.0000  -22.5000    7.500012393.0215   14.3671
    7.5000  -22.5000    7.500011716.3018   14.3782
   -7.5000  -15.0000    7.500013183.7607   14.3741
    0.0000  -15.0000    7.500013670.9102   14.3625
    7.5000  -15.0000    7.500012930.1846   14.3739
   -7.5000   -7.5000    7.500014326.4297   14.4030
    0.0000   -7.5000    7.500014840.4844   14.3903
    7.5000   -7.5000    7.500014072.4951   14.4012
   -7.5000    0.0000    7.500015524.1357   14.4336
    0.0000    0.0000    7.500016081.6494   14.4206
    7.5000    0.0000    7.500015211.3975   14.4311
   -7.5000    7.5000    7.500015802.4951   14.4335
    0.0000    7.5000    7.500016507.6699   14.4214
    7.5000    7.5000    7.500015306.5723   14.4320
   -7.5000   15.0000    7.500015793.6338   14.4062
    0.0000   15.0000    7.500016532.0781   14.3949
    7.5000   15.0000    7.500015165.7119   14.4057
   -7.5000   22.5000    7.500015387.4365   14.3707
    0.0000   22.5000    7.500016016.7041   14.3598
    7.5000   22.5000    7.500014770.5518   14.3708
   -7.5000   30.0000    7.500014916.5049   14.1881
    0.0000   30.0000    7.500015393.5684   14.1766
    7.5000   30.0000    7.500014252.6406   14.1879
   -7.5000   37.5000    7.500014747.0596   14.2166
    0.0000   37.5000    7.500015164.3438   14.2040
    7.5000   37.5000    7.500014023.9287   14.2148
   -7.5000   45.0000    7.500013798.3115   13.9124
    0.0000   45.0000    7.500014197.9873   13.8998
    7.5000   45.0000    7.500013171.6084   13.9099
   -7.5000  -45.0000   15.0000 7866.7979   15.0894
    0.0000  -45.0000   15.0000 8194.4004   15.0723
    7.5000  -45.0000   15.0000 7749.7124   15.0777
   -7.5000  -37.5000   15.0000 8876.7285   14.7626
    0.0000  -37.5000   15.0000 9249.9395   14.7486
    7.5000  -37.5000   15.0000 8706.8320   14.7564
   -7.5000  -30.0000   15.000010184.0508   14.4943
    0.0000  -30.0000   15.000010567.0557   14.4819
    7.5000  -30.0000   15.0000 9973.9443   14.4917
   -7.5000  -22.5000   15.000011491.5576   14.3718
    0.0000  -22.5000   15.000011913.2988   14.3601
    7.5000  -22.5000   15.000011259.0205   14.3705
   -7.5000  -15.0000   15.000012693.6260   14.3725
    0.0000  -15.0000   15.000013170.9443   14.3590
    7.5000  -15.0000   15.000012404.0293   14.3680
   -7.5000   -7.5000   15.000013848.9404   14.4070
    0.0000   -7.5000   15.000014323.5273   14.3908
    7.5000   -7.5000   15.000013483.6592   14.3967
   -7.5000    0.0000   15.000015059.0303   14.4386
    0.0000    0.0000   15.000015598.5488   14.4223
    7.5000    0.0000   15.000014577.9277   14.4266
   -7.5000    7.5000   15.000015234.6240   14.4339
    0.0000    7.5000   15.000015891.6484   14.4196
    7.5000    7.5000   15.000014622.0322   14.4260
   -7.5000   15.0000   15.000015078.3096   14.4007
    0.0000   15.0000   15.000015781.3311   14.3885
    7.5000   15.0000   15.000014435.4238   14.3978
   -7.5000   22.5000   15.000014735.7734   14.3644
    0.0000   22.5000   15.000015390.6309   14.3527
    7.5000   22.5000   15.000014096.9277   14.3631
   -7.5000   30.0000   15.000014365.9209   14.1865
    0.0000   30.0000   15.000014886.9287   14.1732
    7.5000   30.0000   15.000013670.4541   14.1821
   -7.5000   37.5000   15.000014190.3906   14.2205
    0.0000   37.5000   15.000014638.5361   14.2046
    7.5000   37.5000   15.000013492.9775   14.2104
   -7.5000   45.0000   15.000013204.0459   13.9171
    0.0000   45.0000   15.000013636.4443   13.9014
    7.5000   45.0000   15.000012657.6221   13.9056
   -7.5000  -45.0000   22.5000 7401.0786   15.1011
    0.0000  -45.0000   22.5000 7711.5020   15.0818
    7.5000  -45.0000   22.5000 7265.1948   15.0809
   -7.5000  -37.5000   22.5000 8380.4570   14.7722
    0.0000  -37.5000   22.5000 8729.4766   14.7556
    7.5000  -37.5000   22.5000 8188.8525   14.7582
   -7.5000  -30.0000   22.5000 9647.8945   14.5044
    0.0000  -30.0000   22.500010009.4443   14.4894
    7.5000  -30.0000   22.5000 9406.4414   14.4937
   -7.5000  -22.5000   22.500010934.4805   14.3858
    0.0000  -22.5000   22.500011327.1309   14.3718
    7.5000  -22.5000   22.500010630.3408   14.3752
   -7.5000  -15.0000   22.500012084.4619   14.3898
    0.0000  -15.0000   22.500012521.1475   14.3743
    7.5000  -15.0000   22.500011730.5225   14.3754
   -7.5000   -7.5000   22.500013176.9111   14.4236
    0.0000   -7.5000   22.500013633.4502   14.4056
    7.5000   -7.5000   22.500012808.6309   14.4042
   -7.5000    0.0000   22.500014286.2627   14.4518
    0.0000    0.0000   22.500014807.9580   14.4334
    7.5000    0.0000   22.500013875.3184   14.4319
   -7.5000    7.5000   22.500014257.5918   14.4438
    0.0000    7.5000   22.500014853.8867   14.4269
    7.5000    7.5000   22.500013877.7617   14.4284
   -7.5000   15.0000   22.500013944.3613   14.4108
    0.0000   15.0000   22.500014517.5566   14.3959
    7.5000   15.0000   22.500013675.7666   14.3998
   -7.5000   22.5000   22.500013562.8418   14.3784
    0.0000   22.5000   22.500014121.6084   14.3644
    7.5000   22.5000   22.500013324.0684   14.3678
   -7.5000   30.0000   22.500013256.1855   14.2035
    0.0000   30.0000   22.500013753.0986   14.1882
    7.5000   30.0000   22.500012933.9209   14.1893
   -7.5000   37.5000   22.500013244.3076   14.2369
    0.0000   37.5000   22.500013696.7402   14.2192
    7.5000   37.5000   22.500012849.6162   14.2178
   -7.5000   45.0000   22.500012456.3018   13.9299
    0.0000   45.0000   22.500012885.9590   13.9121
    7.5000   45.0000   22.500012106.3760   13.9107
   -7.5000  -45.0000   30.0000 6834.1602   15.1350
    0.0000  -45.0000   30.0000 7128.0488   15.1171
    7.5000  -45.0000   30.0000 6690.4995   15.1162
   -7.5000  -37.5000   30.0000 7765.4780   14.8048
    0.0000  -37.5000   30.0000 8084.7163   14.7876
    7.5000  -37.5000   30.0000 7556.1226   14.7898
   -7.5000  -30.0000   30.0000 8946.8984   14.5427
    0.0000  -30.0000   30.0000 9297.2295   14.5257
    7.5000  -30.0000   30.0000 8722.8711   14.5262
   -7.5000  -22.5000   30.000010122.4561   14.4283
    0.0000  -22.5000   30.000010490.5234   14.4128
    7.5000  -22.5000   30.0000 9877.8418   14.4101
   -7.5000  -15.0000   30.000011183.6270   14.4312
    0.0000  -15.0000   30.000011585.9658   14.4157
    7.5000  -15.0000   30.000010938.4824   14.4114
   -7.5000   -7.5000   30.000012202.0732   14.4593
    0.0000   -7.5000   30.000012623.6592   14.4427
    7.5000   -7.5000   30.000011967.3877   14.4391
   -7.5000    0.0000   30.000013191.5508   14.4828
    0.0000    0.0000   30.000013681.2578   14.4655
    7.5000    0.0000   30.000012980.7520   14.4645
   -7.5000    7.5000   30.000013136.5215   14.4758
    0.0000    7.5000   30.000013643.3809   14.4583
    7.5000    7.5000   30.000012966.2344   14.4593
   -7.5000   15.0000   30.000012875.2881   14.4486
    0.0000   15.0000   30.000013341.8193   14.4318
    7.5000   15.0000   30.000012754.8350   14.4318
   -7.5000   22.5000   30.000012498.5537   14.4209
    0.0000   22.5000   30.000012967.3633   14.4054
    7.5000   22.5000   30.000012400.2080   14.4027
   -7.5000   30.0000   30.000012159.9902   14.2444
    0.0000   30.0000   30.000012600.4658   14.2292
    7.5000   30.0000   30.000012019.3105   14.2249
   -7.5000   37.5000   30.000012186.4785   14.2722
    0.0000   37.5000   30.000012604.5342   14.2558
    7.5000   37.5000   30.000011985.6641   14.2522
   -7.5000   45.0000   30.000011559.5928   13.9598
    0.0000   45.0000   30.000011943.7607   13.9431
    7.5000   45.0000   30.000011331.2998   13.9421
   -7.5000  -45.0000   37.5000 6536.0371   15.3426
    0.0000  -45.0000   37.5000 6802.4375   15.3278
    7.5000  -45.0000   37.5000 6403.9321   15.3329
   -7.5000  -37.5000   37.5000 7407.0034   15.0056
    0.0000  -37.5000   37.5000 7695.1016   14.9901
    7.5000  -37.5000   37.5000 7235.8872   14.9963
   -7.5000  -30.0000   37.5000 8521.1582   14.7428
    0.0000  -30.0000   37.5000 8848.6416   14.7263
    7.5000  -30.0000   37.5000 8360.6182   14.7276
   -7.5000  -22.5000   37.5000 9642.8711   14.6251
    0.0000  -22.5000   37.500010000.3711   14.6101
    7.5000  -22.5000   37.5000 9476.7979   14.6077
   -7.5000  -15.0000   37.500010688.9824   14.6228
    0.0000  -15.0000   37.500011095.6699   14.6090
    7.5000  -15.0000   37.500010538.0420   14.6067
   -7.5000   -7.5000   37.500011699.6660   14.6463
    0.0000   -7.5000   37.500012115.5811   14.6326
    7.5000   -7.5000   37.500011544.3193   14.6338
   -7.5000    0.0000   37.500012672.3750   14.6700
    0.0000    0.0000   37.500013138.0195   14.6555
    7.5000    0.0000   37.500012506.4297   14.6602
   -7.5000    7.5000   37.500012635.5068   14.6681
    0.0000    7.5000   37.500013091.2900   14.6522
    7.5000    7.5000   37.500012479.1094   14.6568
   -7.5000   15.0000   37.500012397.6846   14.6459
    0.0000   15.0000   37.500012811.6709   14.6296
    7.5000   15.0000   37.500012257.2539   14.6305
   -7.5000   22.5000   37.500012021.5518   14.6176
    0.0000   22.5000   37.500012443.2510   14.6026
    7.5000   22.5000   37.500011916.8037   14.6002
   -7.5000   30.0000   37.500011648.9521   14.4336
    0.0000   30.0000   37.500012058.4834   14.4200
    7.5000   30.0000   37.500011517.8320   14.4177
   -7.5000   37.5000   37.500011706.3994   14.4568
    0.0000   37.5000   37.500012095.5088   14.4432
    7.5000   37.5000   37.500011523.1016   14.4444
   -7.5000   45.0000   37.500011142.2197   14.1401
    0.0000   45.0000   37.500011511.2607   14.1262
    7.5000   45.0000   37.500010941.8506   14.1307
   -7.5000  -45.0000   45.0000 5974.7788   15.5714
    0.0000  -45.0000   45.0000 6212.8779   15.5590
    7.5000  -45.0000   45.0000 5857.3315   15.5725
   -7.5000  -37.5000   45.0000 6746.4985   15.2233
    0.0000  -37.5000   45.0000 7003.1509   15.2108
    7.5000  -37.5000   45.0000 6617.7686   15.2242
   -7.5000  -30.0000   45.0000 7748.3232   14.9501
    0.0000  -30.0000   45.0000 8053.5488   14.9369
    7.5000  -30.0000   45.0000 7632.2852   14.9454
   -7.5000  -22.5000   45.0000 8774.0859   14.8239
    0.0000  -22.5000   45.0000 9120.3779   14.8119
    7.5000  -22.5000   45.0000 8670.8018   14.8182
   -7.5000  -15.0000   45.0000 9771.1357   14.8182
    0.0000  -15.0000   45.000010136.9531   14.8070
    7.5000  -15.0000   45.0000 9637.9863   14.8145
   -7.5000   -7.5000   45.000010719.4355   14.8433
    0.0000   -7.5000   45.000011107.7881   14.8319
    7.5000   -7.5000   45.000010553.3867   14.8423
   -7.5000    0.0000   45.000011616.0684   14.8717
    0.0000    0.0000   45.000012045.6035   14.8595
    7.5000    0.0000   45.000011461.5381   14.8719
   -7.5000    7.5000   45.000011584.3701   14.8733
    0.0000    7.5000   45.000012006.7822   14.8603
    7.5000    7.5000   45.000011446.8770   14.8715
   -7.5000   15.0000   45.000011346.8994   14.8498
    0.0000   15.0000   45.000011753.1855   14.8367
    7.5000   15.0000   45.000011231.8193   14.8448
   -7.5000   22.5000   45.000011016.8740   14.8162
    0.0000   22.5000   45.000011431.6650   14.8042
    7.5000   22.5000   45.000010928.6191   14.8105
   -7.5000   30.0000   45.000010644.9385   14.6252
    0.0000   30.0000   45.000011045.3066   14.6141
    7.5000   30.0000   45.000010545.0889   14.6215
   -7.5000   37.5000   45.000010710.8994   14.6499
    0.0000   37.5000   45.000011088.6172   14.6386
    7.5000   37.5000   45.000010562.0674   14.6489
   -7.5000   45.0000   45.000010236.5430   14.3411
    0.0000   45.0000   45.000010591.3682   14.3294
    7.5000   45.0000   45.000010058.5010   14.3413

---------------------------------------------------------------------
imgreg_4dfp /opt/freesurfer/average/711-2C_as_mni_average_305 /opt/freesurfer/average/711-2B_as_mni_average_305_mask talsrcimg_g11 none talsrcimg_to_711-2C_as_mni_average_305_t4 4355
---------------------------------------------------------------------

freesurfer imgreg_4dfp.c
/opt/freesurfer/average/711-2C_as_mni_average_305.4dfp.img
       256       256       256         1
  1.000000  1.000000  1.000000
orientation T byte_order littleendian
Reading image: /opt/freesurfer/average/711-2C_as_mni_average_305.4dfp.img
dimensions:      256       256       256
mmppix:       1.0000   -1.0000   -1.0000
center:     128.0000 -129.0000 -129.0000
/opt/freesurfer/average/711-2B_as_mni_average_305_mask.4dfp.img
       256       256       256         1
  1.000000  1.000000  1.000000
orientation T byte_order littleendian
Reading mask: /opt/freesurfer/average/711-2B_as_mni_average_305_mask.4dfp.img (2306576 pixels)
talsrcimg_g11.4dfp.img
       256       256       256         1
  1.000000  1.000000  1.000000
orientation T byte_order littleendian
Reading image: talsrcimg_g11.4dfp.img
dimensions:      256       256       256
mmppix:       1.0000   -1.0000   -1.0000
center:     128.0000 -129.0000 -129.0000
rotation matrix determinant  1.000000
image alignment mode   4355 decimal     1103 hex
   -7.5000  -37.5000  -45.0000 1787.0432   19.4363
    0.0000  -37.5000  -45.0000 1790.9758   19.5232
    7.5000  -37.5000  -45.0000 1778.5510   19.7863
   -7.5000  -30.0000  -45.0000 1909.7838   17.0336
    0.0000  -30.0000  -45.0000 1913.7262   17.0938
    7.5000  -30.0000  -45.0000 1899.9105   17.2682
   -7.5000  -22.5000  -45.0000 2023.2908   15.1758
    0.0000  -22.5000  -45.0000 2026.4069   15.2183
    7.5000  -22.5000  -45.0000 2012.0010   15.3935
   -7.5000  -15.0000  -45.0000 2126.8176   13.7463
    0.0000  -15.0000  -45.0000 2128.2661   13.7890
    7.5000  -15.0000  -45.0000 2115.1089   13.9678
   -7.5000   -7.5000  -45.0000 2213.0547   12.7127
    0.0000   -7.5000  -45.0000 2218.0811   12.7573
    7.5000   -7.5000  -45.0000 2201.4355   12.9151
   -7.5000    0.0000  -45.0000 2272.0945   11.9531
    0.0000    0.0000  -45.0000 2280.4294   11.9786
    7.5000    0.0000  -45.0000 2258.1284   12.1728
   -7.5000    7.5000  -45.0000 2305.0437   11.4533
    0.0000    7.5000  -45.0000 2311.6592   11.4750
    7.5000    7.5000  -45.0000 2286.8582   11.6682
   -7.5000   15.0000  -45.0000 2320.5430   11.2323
    0.0000   15.0000  -45.0000 2327.8706   11.2398
    7.5000   15.0000  -45.0000 2303.5698   11.4241
   -7.5000   22.5000  -45.0000 2315.9431   11.2840
    0.0000   22.5000  -45.0000 2327.4673   11.2716
    7.5000   22.5000  -45.0000 2299.9805   11.4497
   -7.5000   30.0000  -45.0000 2299.5308   11.5437
    0.0000   30.0000  -45.0000 2309.1821   11.5654
    7.5000   30.0000  -45.0000 2281.5703   11.7404
   -7.5000   37.5000  -45.0000 2263.4580   12.1453
    0.0000   37.5000  -45.0000 2269.3489   12.1634
    7.5000   37.5000  -45.0000 2243.4114   12.3457
   -7.5000   45.0000  -45.0000 2205.2058   12.9297
    0.0000   45.0000  -45.0000 2212.9873   12.9710
    7.5000   45.0000  -45.0000 2184.9939   13.1698
   -7.5000   52.5000  -45.0000 2108.3464   13.8686
    0.0000   52.5000  -45.0000 2114.0864   13.8946
    7.5000   52.5000  -45.0000 2087.6851   14.1259
   -7.5000  -37.5000  -37.5000 1841.2988   18.0772
    0.0000  -37.5000  -37.5000 1843.4727   18.1834
    7.5000  -37.5000  -37.5000 1832.1324   18.4096
   -7.5000  -30.0000  -37.5000 1971.9135   15.8504
    0.0000  -30.0000  -37.5000 1974.2672   15.9219
    7.5000  -30.0000  -37.5000 1960.3470   16.1388
   -7.5000  -22.5000  -37.5000 2096.5088   14.1185
    0.0000  -22.5000  -37.5000 2099.9973   14.1822
    7.5000  -22.5000  -37.5000 2083.0796   14.3586
   -7.5000  -15.0000  -37.5000 2212.3577   12.8048
    0.0000  -15.0000  -37.5000 2217.0435   12.8537
    7.5000  -15.0000  -37.5000 2199.2659   13.0224
   -7.5000   -7.5000  -37.5000 2308.1750   11.8131
    0.0000   -7.5000  -37.5000 2314.5522   11.8320
    7.5000   -7.5000  -37.5000 2294.8782   12.0104
   -7.5000    0.0000  -37.5000 2377.6912   11.1023
    0.0000    0.0000  -37.5000 2381.0420   11.1069
    7.5000    0.0000  -37.5000 2355.2456   11.2958
   -7.5000    7.5000  -37.5000 2413.0593   10.6226
    0.0000    7.5000  -37.5000 2415.1873   10.6247
    7.5000    7.5000  -37.5000 2387.0898   10.8324
   -7.5000   15.0000  -37.5000 2427.1169   10.4031
    0.0000   15.0000  -37.5000 2432.1350   10.3839
    7.5000   15.0000  -37.5000 2403.2576   10.5914
   -7.5000   22.5000  -37.5000 2425.2542   10.4126
    0.0000   22.5000  -37.5000 2436.9448   10.3943
    7.5000   22.5000  -37.5000 2407.3962   10.5902
   -7.5000   30.0000  -37.5000 2402.8687   10.6704
    0.0000   30.0000  -37.5000 2416.1670   10.6565
    7.5000   30.0000  -37.5000 2381.3613   10.8457
   -7.5000   37.5000  -37.5000 2361.4392   11.1890
    0.0000   37.5000  -37.5000 2370.2854   11.1685
    7.5000   37.5000  -37.5000 2340.6255   11.3726
   -7.5000   45.0000  -37.5000 2304.9019   11.8942
    0.0000   45.0000  -37.5000 2313.6672   11.8967
    7.5000   45.0000  -37.5000 2281.8708   12.0998
   -7.5000   52.5000  -37.5000 2204.4946   12.7217
    0.0000   52.5000  -37.5000 2209.5796   12.7674
    7.5000   52.5000  -37.5000 2181.7102   12.9738
   -7.5000  -37.5000  -30.0000 1926.4967   17.5620
    0.0000  -37.5000  -30.0000 1925.8160   17.6121
    7.5000  -37.5000  -30.0000 1912.2034   17.8684
   -7.5000  -30.0000  -30.0000 2067.0002   15.3750
    0.0000  -30.0000  -30.0000 2069.8264   15.4133
    7.5000  -30.0000  -30.0000 2050.6299   15.6540
   -7.5000  -22.5000  -30.0000 2206.9224   13.7028
    0.0000  -22.5000  -30.0000 2210.4292   13.7387
    7.5000  -22.5000  -30.0000 2188.5713   13.9547
   -7.5000  -15.0000  -30.0000 2333.2935   12.4084
    0.0000  -15.0000  -30.0000 2337.9890   12.4288
    7.5000  -15.0000  -30.0000 2314.8240   12.6319
   -7.5000   -7.5000  -30.0000 2434.2930   11.4121
    0.0000   -7.5000  -30.0000 2440.3176   11.4098
    7.5000   -7.5000  -30.0000 2418.4197   11.6214
   -7.5000    0.0000  -30.0000 2510.1963   10.7009
    0.0000    0.0000  -30.0000 2512.7295   10.6871
    7.5000    0.0000  -30.0000 2489.9866   10.8953
   -7.5000    7.5000  -30.0000 2557.8577   10.2195
    0.0000    7.5000  -30.0000 2558.5889   10.2064
    7.5000    7.5000  -30.0000 2532.1121   10.4172
   -7.5000   15.0000  -30.0000 2583.9087    9.9674
    0.0000   15.0000  -30.0000 2582.9783    9.9511
    7.5000   15.0000  -30.0000 2554.3840   10.1663
   -7.5000   22.5000  -30.0000 2585.8801    9.9901
    0.0000   22.5000  -30.0000 2589.2495    9.9682
    7.5000   22.5000  -30.0000 2555.7141   10.1532
   -7.5000   30.0000  -30.0000 2556.9172   10.2438
    0.0000   30.0000  -30.0000 2563.6519   10.2247
    7.5000   30.0000  -30.0000 2531.2996   10.4069
   -7.5000   37.5000  -30.0000 2510.6826   10.7197
    0.0000   37.5000  -30.0000 2520.5505   10.6867
    7.5000   37.5000  -30.0000 2486.9426   10.8902
   -7.5000   45.0000  -30.0000 2447.7117   11.3680
    0.0000   45.0000  -30.0000 2455.9355   11.3407
    7.5000   45.0000  -30.0000 2419.3250   11.5492
   -7.5000   52.5000  -30.0000 2340.4431   12.1477
    0.0000   52.5000  -30.0000 2346.2583   12.1546
    7.5000   52.5000  -30.0000 2310.8872   12.3764
   -7.5000  -37.5000  -22.5000 1987.0470   16.9863
    0.0000  -37.5000  -22.5000 1987.6593   17.0718
    7.5000  -37.5000  -22.5000 1974.4293   17.3495
   -7.5000  -30.0000  -22.5000 2135.0229   14.8856
    0.0000  -30.0000  -22.5000 2140.5972   14.9188
    7.5000  -30.0000  -22.5000 2119.0608   15.1732
   -7.5000  -22.5000  -22.5000 2282.8657   13.2283
    0.0000  -22.5000  -22.5000 2289.4949   13.2526
    7.5000  -22.5000  -22.5000 2265.4758   13.4895
   -7.5000  -15.0000  -22.5000 2410.4207   11.9424
    0.0000  -15.0000  -22.5000 2418.2495   11.9342
    7.5000  -15.0000  -22.5000 2395.4231   12.1583
   -7.5000   -7.5000  -22.5000 2518.9329   10.9667
    0.0000   -7.5000  -22.5000 2526.8525   10.9408
    7.5000   -7.5000  -22.5000 2503.9441   11.1524
   -7.5000    0.0000  -22.5000 2602.1931   10.2560
    0.0000    0.0000  -22.5000 2611.4836   10.2366
    7.5000    0.0000  -22.5000 2589.3115   10.4405
   -7.5000    7.5000  -22.5000 2663.8508    9.7637
    0.0000    7.5000  -22.5000 2666.2021    9.7552
    7.5000    7.5000  -22.5000 2642.3174    9.9498
   -7.5000   15.0000  -22.5000 2701.7625    9.4966
    0.0000   15.0000  -22.5000 2702.6279    9.4675
    7.5000   15.0000  -22.5000 2672.9146    9.6567
   -7.5000   22.5000  -22.5000 2715.5298    9.4894
    0.0000   22.5000  -22.5000 2716.1016    9.4667
    7.5000   22.5000  -22.5000 2680.0093    9.6483
   -7.5000   30.0000  -22.5000 2687.8333    9.7537
    0.0000   30.0000  -22.5000 2691.3345    9.7231
    7.5000   30.0000  -22.5000 2653.5947    9.9223
   -7.5000   37.5000  -22.5000 2640.3972   10.2052
    0.0000   37.5000  -22.5000 2645.4697   10.1627
    7.5000   37.5000  -22.5000 2609.7380   10.3643
   -7.5000   45.0000  -22.5000 2570.0344   10.8011
    0.0000   45.0000  -22.5000 2573.2842   10.7565
    7.5000   45.0000  -22.5000 2536.9895   10.9713
   -7.5000   52.5000  -22.5000 2446.7593   11.5432
    0.0000   52.5000  -22.5000 2450.9028   11.5126
    7.5000   52.5000  -22.5000 2420.8318   11.7407
   -7.5000  -37.5000  -15.0000 2023.2971   16.5122
    0.0000  -37.5000  -15.0000 2028.4818   16.6025
    7.5000  -37.5000  -15.0000 2010.3611   16.8851
   -7.5000  -30.0000  -15.0000 2171.8296   14.4262
    0.0000  -30.0000  -15.0000 2180.6350   14.4442
    7.5000  -30.0000  -15.0000 2157.5518   14.7189
   -7.5000  -22.5000  -15.0000 2315.7654   12.7646
    0.0000  -22.5000  -15.0000 2325.8557   12.7688
    7.5000  -22.5000  -15.0000 2307.5654   13.0295
   -7.5000  -15.0000  -15.0000 2449.8279   11.5018
    0.0000  -15.0000  -15.0000 2459.8416   11.4773
    7.5000  -15.0000  -15.0000 2442.5330   11.7205
   -7.5000   -7.5000  -15.0000 2569.8086   10.5499
    0.0000   -7.5000  -15.0000 2581.7468   10.5240
    7.5000   -7.5000  -15.0000 2556.2363   10.7406
   -7.5000    0.0000  -15.0000 2664.3918    9.8469
    0.0000    0.0000  -15.0000 2674.7170    9.8202
    7.5000    0.0000  -15.0000 2649.6362   10.0173
   -7.5000    7.5000  -15.0000 2738.6162    9.3480
    0.0000    7.5000  -15.0000 2744.3079    9.3375
    7.5000    7.5000  -15.0000 2714.9160    9.5242
   -7.5000   15.0000  -15.0000 2784.0854    9.0433
    0.0000   15.0000  -15.0000 2789.7539    9.0150
    7.5000   15.0000  -15.0000 2755.9519    9.2108
   -7.5000   22.5000  -15.0000 2812.4038    9.0023
    0.0000   22.5000  -15.0000 2812.6743    8.9624
    7.5000   22.5000  -15.0000 2773.8474    9.1665
   -7.5000   30.0000  -15.0000 2789.8081    9.2801
    0.0000   30.0000  -15.0000 2789.4409    9.2372
    7.5000   30.0000  -15.0000 2751.9143    9.4343
   -7.5000   37.5000  -15.0000 2736.6746    9.7111
    0.0000   37.5000  -15.0000 2739.2732    9.6643
    7.5000   37.5000  -15.0000 2703.3069    9.8547
   -7.5000   45.0000  -15.0000 2654.2119   10.2842
    0.0000   45.0000  -15.0000 2656.1838   10.2252
    7.5000   45.0000  -15.0000 2621.5649   10.4443
   -7.5000   52.5000  -15.0000 2524.8005   10.9782
    0.0000   52.5000  -15.0000 2525.5962   10.9312
    7.5000   52.5000  -15.0000 2498.2107   11.1578
   -7.5000  -37.5000   -7.5000 2039.2618   16.1691
    0.0000  -37.5000   -7.5000 2048.2263   16.2215
    7.5000  -37.5000   -7.5000 2028.3428   16.5356
   -7.5000  -30.0000   -7.5000 2189.0264   14.0283
    0.0000  -30.0000   -7.5000 2195.1824   14.0294
    7.5000  -30.0000   -7.5000 2174.1160   14.3374
   -7.5000  -22.5000   -7.5000 2335.6040   12.3514
    0.0000  -22.5000   -7.5000 2343.2815   12.3518
    7.5000  -22.5000   -7.5000 2321.8689   12.6294
   -7.5000  -15.0000   -7.5000 2472.8508   11.1066
    0.0000  -15.0000   -7.5000 2482.1292   11.0817
    7.5000  -15.0000   -7.5000 2460.2244   11.3255
   -7.5000   -7.5000   -7.5000 2594.4910   10.1764
    0.0000   -7.5000   -7.5000 2607.9221   10.1514
    7.5000   -7.5000   -7.5000 2580.0864   10.3757
   -7.5000    0.0000   -7.5000 2701.7783    9.4813
    0.0000    0.0000   -7.5000 2713.1355    9.4507
    7.5000    0.0000   -7.5000 2685.1733    9.6695
   -7.5000    7.5000   -7.5000 2794.3738    8.9999
    0.0000    7.5000   -7.5000 2801.7332    8.9768
    7.5000    7.5000   -7.5000 2770.5117    9.1749
   -7.5000   15.0000   -7.5000 2853.1885    8.6807
    0.0000   15.0000   -7.5000 2861.8018    8.6581
    7.5000   15.0000   -7.5000 2818.5974    8.8641
   -7.5000   22.5000   -7.5000 2890.2065    8.5822
    0.0000   22.5000   -7.5000 2894.4751    8.5501
    7.5000   22.5000   -7.5000 2844.8801    8.7803
   -7.5000   30.0000   -7.5000 2870.4253    8.8466
    0.0000   30.0000   -7.5000 2869.7097    8.8079
    7.5000   30.0000   -7.5000 2822.5210    9.0233
   -7.5000   37.5000   -7.5000 2806.0493    9.2530
    0.0000   37.5000   -7.5000 2807.1907    9.2097
    7.5000   37.5000   -7.5000 2765.2273    9.4272
   -7.5000   45.0000   -7.5000 2714.6389    9.8032
    0.0000   45.0000   -7.5000 2717.9204    9.7625
    7.5000   45.0000   -7.5000 2684.1748   10.0096
   -7.5000   52.5000   -7.5000 2579.6023   10.4838
    0.0000   52.5000   -7.5000 2581.3958   10.4430
    7.5000   52.5000   -7.5000 2548.2266   10.7151
   -7.5000  -37.5000    0.0000 2045.8986   16.0399
    0.0000  -37.5000    0.0000 2053.9001   16.0706
    7.5000  -37.5000    0.0000 2031.2445   16.4353
   -7.5000  -30.0000    0.0000 2191.3311   13.8423
    0.0000  -30.0000    0.0000 2199.1509   13.8439
    7.5000  -30.0000    0.0000 2178.0557   14.1980
   -7.5000  -22.5000    0.0000 2338.2258   12.1568
    0.0000  -22.5000    0.0000 2348.5325   12.1364
    7.5000  -22.5000    0.0000 2323.7109   12.4457
   -7.5000  -15.0000    0.0000 2474.2917   10.8793
    0.0000  -15.0000    0.0000 2483.8914   10.8255
    7.5000  -15.0000    0.0000 2459.0989   11.1191
   -7.5000   -7.5000    0.0000 2598.6199    9.9366
    0.0000   -7.5000    0.0000 2605.6138    9.8951
    7.5000   -7.5000    0.0000 2581.9609   10.1587
   -7.5000    0.0000    0.0000 2717.7759    9.2613
    0.0000    0.0000    0.0000 2724.9133    9.2164
    7.5000    0.0000    0.0000 2697.5256    9.4548
   -7.5000    7.5000    0.0000 2826.8015    8.8058
    0.0000    7.5000    0.0000 2835.2031    8.7789
    7.5000    7.5000    0.0000 2800.0217    8.9831
   -7.5000   15.0000    0.0000 2900.7280    8.5092
    0.0000   15.0000    0.0000 2916.6658    8.4837
    7.5000   15.0000    0.0000 2866.1794    8.6860
   -7.5000   22.5000    0.0000 2946.6560    8.3731
    0.0000   22.5000    0.0000 2953.2046    8.3652
    7.5000   22.5000    0.0000 2894.0850    8.5898
   -7.5000   30.0000    0.0000 2928.1411    8.5681
    0.0000   30.0000    0.0000 2924.4460    8.5417
    7.5000   30.0000    0.0000 2865.1777    8.7839
   -7.5000   37.5000    0.0000 2855.7942    8.9443
    0.0000   37.5000    0.0000 2854.5464    8.9117
    7.5000   37.5000    0.0000 2801.6304    9.1504
   -7.5000   45.0000    0.0000 2759.3518    9.4838
    0.0000   45.0000    0.0000 2764.3843    9.4401
    7.5000   45.0000    0.0000 2718.9939    9.6947
   -7.5000   52.5000    0.0000 2615.4297   10.1647
    0.0000   52.5000    0.0000 2619.4346   10.1341
    7.5000   52.5000    0.0000 2582.5964   10.3811
   -7.5000  -37.5000    7.5000 2036.6931   16.1495
    0.0000  -37.5000    7.5000 2050.5830   16.1161
    7.5000  -37.5000    7.5000 2027.0306   16.4883
   -7.5000  -30.0000    7.5000 2178.9316   13.8721
    0.0000  -30.0000    7.5000 2189.1838   13.8439
    7.5000  -30.0000    7.5000 2169.1863   14.1901
   -7.5000  -22.5000    7.5000 2321.9902   12.1363
    0.0000  -22.5000    7.5000 2332.0552   12.0887
    7.5000  -22.5000    7.5000 2312.0796   12.4038
   -7.5000  -15.0000    7.5000 2456.6270   10.8152
    0.0000  -15.0000    7.5000 2461.9983   10.7632
    7.5000  -15.0000    7.5000 2439.8716   11.0761
   -7.5000   -7.5000    7.5000 2583.0583    9.8487
    0.0000   -7.5000    7.5000 2589.5054    9.8085
    7.5000   -7.5000    7.5000 2566.4241   10.0945
   -7.5000    0.0000    7.5000 2712.2173    9.1623
    0.0000    0.0000    7.5000 2718.0791    9.1297
    7.5000    0.0000    7.5000 2693.5166    9.3982
   -7.5000    7.5000    7.5000 2829.5852    8.7588
    0.0000    7.5000    7.5000 2842.5789    8.7509
    7.5000    7.5000    7.5000 2807.4602    8.9561
   -7.5000   15.0000    7.5000 2925.6345    8.5229
    0.0000   15.0000    7.5000 2946.7935    8.5374
    7.5000   15.0000    7.5000 2891.0198    8.6543
   -7.5000   22.5000    7.5000 2983.1531    8.4023
    0.0000   22.5000    7.5000 2997.9714    8.4165
    7.5000   22.5000    7.5000 2924.1252    8.5479
   -7.5000   30.0000    7.5000 2964.0032    8.4924
    0.0000   30.0000    7.5000 2961.8743    8.4925
    7.5000   30.0000    7.5000 2893.6719    8.6885
   -7.5000   37.5000    7.5000 2885.8276    8.8332
    0.0000   37.5000    7.5000 2878.3025    8.8052
    7.5000   37.5000    7.5000 2821.0847    9.0148
   -7.5000   45.0000    7.5000 2773.3757    9.3480
    0.0000   45.0000    7.5000 2776.3687    9.3062
    7.5000   45.0000    7.5000 2730.5740    9.5168
   -7.5000   52.5000    7.5000 2622.3848   10.0207
    0.0000   52.5000    7.5000 2629.4395    9.9775
    7.5000   52.5000    7.5000 2590.1545   10.1921
   -7.5000  -37.5000   15.0000 2010.8521   16.4785
    0.0000  -37.5000   15.0000 2025.0748   16.4713
    7.5000  -37.5000   15.0000 1998.1278   16.8548
   -7.5000  -30.0000   15.0000 2158.4036   14.0835
    0.0000  -30.0000   15.0000 2168.3301   14.0607
    7.5000  -30.0000   15.0000 2142.0361   14.4135
   -7.5000  -22.5000   15.0000 2301.3711   12.2570
    0.0000  -22.5000   15.0000 2309.8232   12.2270
    7.5000  -22.5000   15.0000 2290.3628   12.5882
   -7.5000  -15.0000   15.0000 2426.8562   10.9161
    0.0000  -15.0000   15.0000 2431.7739   10.8923
    7.5000  -15.0000   15.0000 2413.4204   11.2174
   -7.5000   -7.5000   15.0000 2557.2715    9.9891
    0.0000   -7.5000   15.0000 2559.7732    9.9686
    7.5000   -7.5000   15.0000 2540.4949   10.2264
   -7.5000    0.0000   15.0000 2692.0938    9.3309
    0.0000    0.0000   15.0000 2695.6414    9.3185
    7.5000    0.0000   15.0000 2670.3950    9.5209
   -7.5000    7.5000   15.0000 2818.9431    8.9013
    0.0000    7.5000   15.0000 2826.4463    8.9277
    7.5000    7.5000   15.0000 2786.4202    9.0629
   -7.5000   15.0000   15.0000 2918.1157    8.6001
    0.0000   15.0000   15.0000 2933.9368    8.6439
    7.5000   15.0000   15.0000 2869.5681    8.7444
   -7.5000   22.5000   15.0000 2975.3403    8.4348
    0.0000   22.5000   15.0000 2986.4124    8.4914
    7.5000   22.5000   15.0000 2906.2117    8.6352
   -7.5000   30.0000   15.0000 2964.4570    8.5580
    0.0000   30.0000   15.0000 2962.0496    8.5949
    7.5000   30.0000   15.0000 2887.1787    8.7470
   -7.5000   37.5000   15.0000 2877.5583    8.9270
    0.0000   37.5000   15.0000 2869.6609    8.9403
    7.5000   37.5000   15.0000 2812.9980    9.0863
   -7.5000   45.0000   15.0000 2749.9758    9.4401
    0.0000   45.0000   15.0000 2752.6274    9.4132
    7.5000   45.0000   15.0000 2711.2278    9.5913
   -7.5000   52.5000   15.0000 2601.2297   10.0718
    0.0000   52.5000   15.0000 2603.5537   10.0250
    7.5000   52.5000   15.0000 2571.1804   10.2290
   -7.5000  -37.5000   22.5000 1969.6273   17.0190
    0.0000  -37.5000   22.5000 1984.2349   17.0234
    7.5000  -37.5000   22.5000 1961.0089   17.3883
   -7.5000  -30.0000   22.5000 2126.6128   14.4897
    0.0000  -30.0000   22.5000 2134.8091   14.4770
    7.5000  -30.0000   22.5000 2111.9595   14.8556
   -7.5000  -22.5000   22.5000 2273.0447   12.6419
    0.0000  -22.5000   22.5000 2277.1467   12.6526
    7.5000  -22.5000   22.5000 2254.7402   12.9884
   -7.5000  -15.0000   22.5000 2397.4548   11.2863
    0.0000  -15.0000   22.5000 2400.3701   11.3163
    7.5000  -15.0000   22.5000 2374.2173   11.6034
   -7.5000   -7.5000   22.5000 2528.4629   10.3323
    0.0000   -7.5000   22.5000 2528.1504   10.3309
    7.5000   -7.5000   22.5000 2501.4131   10.5935
   -7.5000    0.0000   22.5000 2660.7441    9.6277
    0.0000    0.0000   22.5000 2659.7339    9.6406
    7.5000    0.0000   22.5000 2628.6887    9.8785
   -7.5000    7.5000   22.5000 2781.3513    9.1274
    0.0000    7.5000   22.5000 2782.1704    9.1640
    7.5000    7.5000   22.5000 2741.6990    9.3565
   -7.5000   15.0000   22.5000 2868.9419    8.7399
    0.0000   15.0000   22.5000 2880.0298    8.7816
    7.5000   15.0000   22.5000 2825.9319    9.0099
   -7.5000   22.5000   22.5000 2916.3262    8.5835
    0.0000   22.5000   22.5000 2927.6982    8.6025
    7.5000   22.5000   22.5000 2865.3284    8.8602
   -7.5000   30.0000   22.5000 2915.2754    8.7254
    0.0000   30.0000   22.5000 2916.2515    8.7252
    7.5000   30.0000   22.5000 2851.8442    8.9517
   -7.5000   37.5000   22.5000 2838.2874    9.1725
    0.0000   37.5000   22.5000 2833.5112    9.1619
    7.5000   37.5000   22.5000 2779.2952    9.3447
   -7.5000   45.0000   22.5000 2707.0081    9.7468
    0.0000   45.0000   22.5000 2709.5479    9.7157
    7.5000   45.0000   22.5000 2674.4775    9.8990
   -7.5000   52.5000   22.5000 2561.2549   10.3692
    0.0000   52.5000   22.5000 2561.8262   10.3247
    7.5000   52.5000   22.5000 2534.3733   10.5292
   -7.5000  -37.5000   30.0000 1917.8517   17.8299
    0.0000  -37.5000   30.0000 1929.0701   17.8878
    7.5000  -37.5000   30.0000 1904.0911   18.2596
   -7.5000  -30.0000   30.0000 2079.4150   15.1444
    0.0000  -30.0000   30.0000 2088.4180   15.1763
    7.5000  -30.0000   30.0000 2064.2329   15.5747
   -7.5000  -22.5000   30.0000 2231.2410   13.1909
    0.0000  -22.5000   30.0000 2235.8152   13.2009
    7.5000  -22.5000   30.0000 2210.8933   13.6001
   -7.5000  -15.0000   30.0000 2364.2405   11.7673
    0.0000  -15.0000   30.0000 2364.0190   11.7862
    7.5000  -15.0000   30.0000 2335.7554   12.1691
   -7.5000   -7.5000   30.0000 2495.1042   10.7494
    0.0000   -7.5000   30.0000 2492.9910   10.7527
    7.5000   -7.5000   30.0000 2460.9192   11.1157
   -7.5000    0.0000   30.0000 2619.8413   10.0266
    0.0000    0.0000   30.0000 2618.6785   10.0296
    7.5000    0.0000   30.0000 2584.3972   10.3613
   -7.5000    7.5000   30.0000 2729.0334    9.4747
    0.0000    7.5000   30.0000 2727.8083    9.4754
    7.5000    7.5000   30.0000 2691.2354    9.7907
   -7.5000   15.0000   30.0000 2808.6606    9.0864
    0.0000   15.0000   30.0000 2811.9802    9.0797
    7.5000   15.0000   30.0000 2763.2698    9.4159
   -7.5000   22.5000   30.0000 2836.4797    8.9460
    0.0000   22.5000   30.0000 2842.7900    8.9445
    7.5000   22.5000   30.0000 2797.3574    9.2486
   -7.5000   30.0000   30.0000 2825.9844    9.0810
    0.0000   30.0000   30.0000 2831.8489    9.0739
    7.5000   30.0000   30.0000 2785.0173    9.3315
   -7.5000   37.5000   30.0000 2763.0803    9.5105
    0.0000   37.5000   30.0000 2765.8069    9.4929
    7.5000   37.5000   30.0000 2721.9180    9.7173
   -7.5000   45.0000   30.0000 2652.3433   10.0996
    0.0000   45.0000   30.0000 2654.8376   10.0555
    7.5000   45.0000   30.0000 2620.6016   10.2793
   -7.5000   52.5000   30.0000 2507.8655   10.7654
    0.0000   52.5000   30.0000 2513.4963   10.7254
    7.5000   52.5000   30.0000 2484.2686   10.9470
   -7.5000  -37.5000   37.5000 1863.4767   18.6968
    0.0000  -37.5000   37.5000 1869.0117   18.7537
    7.5000  -37.5000   37.5000 1850.3842   19.2791
   -7.5000  -30.0000   37.5000 2027.0953   15.8733
    0.0000  -30.0000   37.5000 2032.7993   15.9063
    7.5000  -30.0000   37.5000 2012.0475   16.4104
   -7.5000  -22.5000   37.5000 2184.6660   13.8492
    0.0000  -22.5000   37.5000 2186.5349   13.8397
    7.5000  -22.5000   37.5000 2162.8660   14.3236
   -7.5000  -15.0000   37.5000 2325.2817   12.3722
    0.0000  -15.0000   37.5000 2326.0476   12.3579
    7.5000  -15.0000   37.5000 2293.5930   12.8289
   -7.5000   -7.5000   37.5000 2455.0986   11.3115
    0.0000   -7.5000   37.5000 2454.5239   11.3042
    7.5000   -7.5000   37.5000 2418.9067   11.7482
   -7.5000    0.0000   37.5000 2568.5618   10.5683
    0.0000    0.0000   37.5000 2567.7568   10.5435
    7.5000    0.0000   37.5000 2533.4243   10.9545
   -7.5000    7.5000   37.5000 2667.2026    9.9889
    0.0000    7.5000   37.5000 2667.5068    9.9702
    7.5000    7.5000   37.5000 2627.5059   10.3594
   -7.5000   15.0000   37.5000 2727.7070    9.6235
    0.0000   15.0000   37.5000 2728.8123    9.5977
    7.5000   15.0000   37.5000 2684.6392    9.9571
   -7.5000   22.5000   37.5000 2746.8547    9.4681
    0.0000   22.5000   37.5000 2748.8215    9.4493
    7.5000   22.5000   37.5000 2714.4277    9.7630
   -7.5000   30.0000   37.5000 2728.6265    9.6052
    0.0000   30.0000   37.5000 2734.9595    9.5753
    7.5000   30.0000   37.5000 2699.4570    9.8443
   -7.5000   37.5000   37.5000 2675.3616   10.0064
    0.0000   37.5000   37.5000 2676.8694    9.9772
    7.5000   37.5000   37.5000 2643.4993   10.2098
   -7.5000   45.0000   37.5000 2580.7983   10.5881
    0.0000   45.0000   37.5000 2582.6240   10.5553
    7.5000   45.0000   37.5000 2555.0181   10.7854
   -7.5000   52.5000   37.5000 2447.5251   11.2531
    0.0000   52.5000   37.5000 2454.6301   11.2118
    7.5000   52.5000   37.5000 2423.9211   11.4472
   -7.5000  -37.5000   45.0000 1807.6401   19.8067
    0.0000  -37.5000   45.0000 1812.3710   19.8420
    7.5000  -37.5000   45.0000 1796.8911   20.4649
   -7.5000  -30.0000   45.0000 1973.9385   16.8099
    0.0000  -30.0000   45.0000 1974.3932   16.8185
    7.5000  -30.0000   45.0000 1954.0938   17.4090
   -7.5000  -22.5000   45.0000 2132.9922   14.6612
    0.0000  -22.5000   45.0000 2134.0461   14.6426
    7.5000  -22.5000   45.0000 2109.1973   15.1881
   -7.5000  -15.0000   45.0000 2277.1726   13.1315
    0.0000  -15.0000   45.0000 2274.8164   13.1105
    7.5000  -15.0000   45.0000 2239.8711   13.6283
   -7.5000   -7.5000   45.0000 2402.5898   12.0479
    0.0000   -7.5000   45.0000 2399.9805   12.0166
    7.5000   -7.5000   45.0000 2359.4963   12.4841
   -7.5000    0.0000   45.0000 2502.9626   11.2743
    0.0000    0.0000   45.0000 2502.6763   11.2487
    7.5000    0.0000   45.0000 2465.2268   11.6751
   -7.5000    7.5000   45.0000 2589.9324   10.6942
    0.0000    7.5000   45.0000 2590.1079   10.6663
    7.5000    7.5000   45.0000 2549.0105   11.0642
   -7.5000   15.0000   45.0000 2633.3215   10.2903
    0.0000   15.0000   45.0000 2635.6807   10.2804
    7.5000   15.0000   45.0000 2597.7849   10.6464
   -7.5000   22.5000   45.0000 2647.0408   10.1285
    0.0000   22.5000   45.0000 2652.5999   10.1223
    7.5000   22.5000   45.0000 2621.4756   10.4390
   -7.5000   30.0000   45.0000 2623.8989   10.2431
    0.0000   30.0000   45.0000 2631.6624   10.2387
    7.5000   30.0000   45.0000 2600.7454   10.5028
   -7.5000   37.5000   45.0000 2580.5708   10.6137
    0.0000   37.5000   45.0000 2579.3162   10.5803
    7.5000   37.5000   45.0000 2548.7566   10.8419
   -7.5000   45.0000   45.0000 2501.0127   11.1932
    0.0000   45.0000   45.0000 2500.9387   11.1561
    7.5000   45.0000   45.0000 2470.4766   11.4092
   -7.5000   52.5000   45.0000 2376.8096   11.8290
    0.0000   52.5000   45.0000 2380.3591   11.8017
    7.5000   52.5000   45.0000 2351.6338   12.0578

---------------------------------------------------------------------
imgreg_4dfp /opt/freesurfer/average/711-2C_as_mni_average_305 /opt/freesurfer/average/711-2B_as_mni_average_305_mask talsrcimg_g11 none talsrcimg_to_711-2C_as_mni_average_305_t4 1283
---------------------------------------------------------------------

freesurfer imgreg_4dfp.c
/opt/freesurfer/average/711-2C_as_mni_average_305.4dfp.img
       256       256       256         1
  1.000000  1.000000  1.000000
orientation T byte_order littleendian
Reading image: /opt/freesurfer/average/711-2C_as_mni_average_305.4dfp.img
dimensions:      256       256       256
mmppix:       1.0000   -1.0000   -1.0000
center:     128.0000 -129.0000 -129.0000
/opt/freesurfer/average/711-2B_as_mni_average_305_mask.4dfp.img
       256       256       256         1
  1.000000  1.000000  1.000000
orientation T byte_order littleendian
Reading mask: /opt/freesurfer/average/711-2B_as_mni_average_305_mask.4dfp.img (2306576 pixels)
talsrcimg_g11.4dfp.img
       256       256       256         1
  1.000000  1.000000  1.000000
orientation T byte_order littleendian
Reading image: talsrcimg_g11.4dfp.img
dimensions:      256       256       256
mmppix:       1.0000   -1.0000   -1.0000
center:     128.0000 -129.0000 -129.0000
rotation matrix determinant  1.000000
fimgreg.f
image alignment mode   1283 decimal      503 hex
parameters
    0.0000   22.5000    7.5000    0.0000    0.0000    0.0000
eta,q 0.94111  8.45485
niter,ni,del,rscale     5    3   12.0000    1.2000
parameter  3 -0.640035 -> -0.500000 qaram    1.1500
parameter  5 -0.504406 -> -0.500000 qaram    1.1500
parameters
   -2.5246   23.4669   10.9500   -2.1904    3.4500   -1.3480
eta,q 0.95213  8.43433
  0.0596  0.0696  0.0647  0.0529  0.0621  0.0509
  0.0556  0.0631  0.0608  0.0510  0.0569  0.0488
  0.0540  0.0578  0.0570  0.0501  0.0530  0.0479
  0.0564  0.0539  0.0534  0.0504  0.0502  0.0481
  0.0629  0.0539  0.0508  0.0536  0.0485  0.0494
  0.0711  0.0575  0.0505  0.0584  0.0482  0.0519
  0.0787  0.0627  0.0525  0.0626  0.0503  0.0553
niter,ni,del,rscale     6    3   12.0000    1.2000
parameters
   -3.9553   24.6809   10.4844   -4.3408    4.1265   -1.6590
eta,q 0.95527  8.41795
  0.0577  0.0631  0.0570  0.0477  0.0584  0.0492
  0.0502  0.0565  0.0515  0.0466  0.0527  0.0465
  0.0464  0.0504  0.0473  0.0449  0.0477  0.0449
  0.0479  0.0462  0.0455  0.0455  0.0449  0.0448
  0.0545  0.0459  0.0482  0.0485  0.0458  0.0456
  0.0622  0.0492  0.0539  0.0532  0.0494  0.0473
  0.0698  0.0542  0.0604  0.0583  0.0544  0.0499
niter,ni,del,rscale     5    3   12.0000    1.2000
parameters
   -4.1657   25.5774    9.9392   -5.7618    4.2423   -2.0685
eta,q 0.95523  8.40414
  0.0629  0.0588  0.0561  0.0475  0.0566  0.0489
  0.0539  0.0530  0.0500  0.0467  0.0509  0.0461
  0.0469  0.0479  0.0459  0.0454  0.0467  0.0446
  0.0447  0.0447  0.0444  0.0445  0.0450  0.0450
  0.0485  0.0450  0.0471  0.0460  0.0463  0.0460
  0.0564  0.0477  0.0533  0.0496  0.0503  0.0474
  0.0648  0.0531  0.0600  0.0546  0.0560  0.0494
niter,ni,del,rscale     4    3   12.0000    1.2000
parameters
   -4.1357   25.9999    9.5189   -6.3602    4.2236   -2.3326
eta,q 0.95533  8.40020
  0.0642  0.0558  0.0568  0.0489  0.0558  0.0494
  0.0550  0.0508  0.0505  0.0471  0.0506  0.0464
  0.0476  0.0471  0.0458  0.0459  0.0466  0.0447
  0.0448  0.0448  0.0445  0.0445  0.0448  0.0448
  0.0476  0.0445  0.0469  0.0451  0.0461  0.0460
  0.0550  0.0480  0.0531  0.0479  0.0504  0.0475
  0.0636  0.0540  0.0598  0.0524  0.0563  0.0494
niter,ni,del,rscale     3    3   12.0000    1.2000
parameters
   -4.0873   26.1044    9.3364   -6.4959    4.2037   -2.4151
eta,q 0.95537  8.39930
  0.0644  0.0545  0.0577  0.0498  0.0557  0.0498
  0.0551  0.0498  0.0516  0.0477  0.0507  0.0466
  0.0476  0.0468  0.0464  0.0462  0.0466  0.0448
  0.0447  0.0447  0.0446  0.0446  0.0447  0.0447
  0.0476  0.0447  0.0466  0.0448  0.0460  0.0459
  0.0549  0.0487  0.0525  0.0472  0.0504  0.0474
  0.0636  0.0549  0.0593  0.0514  0.0563  0.0493
niter,ni,del,rscale     2    3   12.0000    1.2000
parameters
   -4.0632   26.1135    9.2837   -6.5187    4.1905   -2.4388
eta,q 0.95536  8.39943
  0.0644  0.0542  0.0581  0.0500  0.0558  0.0499
  0.0550  0.0497  0.0521  0.0478  0.0507  0.0467
  0.0475  0.0468  0.0468  0.0463  0.0467  0.0448
  0.0446  0.0446  0.0446  0.0446  0.0446  0.0447
  0.0477  0.0448  0.0464  0.0447  0.0460  0.0459
  0.0551  0.0490  0.0521  0.0470  0.0505  0.0474
  0.0638  0.0552  0.0589  0.0512  0.0563  0.0493
registration optimization eta report
parameter search radius
    6.0000    6.0000    6.9000    6.0000    6.9000    6.0000
100000*second partial in parameter space
       53.       28.       29.       16.       23.       13.
  0.0644  0.0542  0.0581  0.0500  0.0558  0.0499
  0.0550  0.0497  0.0521  0.0478  0.0507  0.0467
  0.0475  0.0468  0.0468  0.0463  0.0467  0.0448
  0.0446  0.0446  0.0446  0.0446  0.0446  0.0447
  0.0477  0.0448  0.0464  0.0447  0.0460  0.0459
  0.0551  0.0490  0.0521  0.0470  0.0505  0.0474
  0.0638  0.0552  0.0589  0.0512  0.0563  0.0493
   -4.0632   26.1135    9.2837   -6.5187    4.1905   -2.4388
eta,q 0.95536  8.39943

---------------------------------------------------------------------
imgreg_4dfp /opt/freesurfer/average/711-2C_as_mni_average_305 /opt/freesurfer/average/711-2B_as_mni_average_305_mask talsrcimg_g11 none talsrcimg_to_711-2C_as_mni_average_305_t4 3335
---------------------------------------------------------------------

freesurfer imgreg_4dfp.c
/opt/freesurfer/average/711-2C_as_mni_average_305.4dfp.img
       256       256       256         1
  1.000000  1.000000  1.000000
orientation T byte_order littleendian
Reading image: /opt/freesurfer/average/711-2C_as_mni_average_305.4dfp.img
dimensions:      256       256       256
mmppix:       1.0000   -1.0000   -1.0000
center:     128.0000 -129.0000 -129.0000
/opt/freesurfer/average/711-2B_as_mni_average_305_mask.4dfp.img
       256       256       256         1
  1.000000  1.000000  1.000000
orientation T byte_order littleendian
Reading mask: /opt/freesurfer/average/711-2B_as_mni_average_305_mask.4dfp.img (2306576 pixels)
talsrcimg_g11.4dfp.img
       256       256       256         1
  1.000000  1.000000  1.000000
orientation T byte_order littleendian
Reading image: talsrcimg_g11.4dfp.img
dimensions:      256       256       256
mmppix:       1.0000   -1.0000   -1.0000
center:     128.0000 -129.0000 -129.0000
fimgreg.f
image alignment mode   3335 decimal      D07 hex
parameters
   -4.0632   26.1135    9.2837   -0.3577   -0.7718   -0.9121
    5.0566   -6.7704   -4.2439   11.6515    7.3073  -11.3225
eta,q 0.95475  8.47097
niter,ni,del,rscale     5    3    5.0000    1.2000
parameter  4  0.658243 ->  0.500000 qaram    1.1500
parameter  5  2.920210 ->  0.500000 qaram    1.1500
parameter  6  0.684084 ->  0.500000 qaram    1.1500
parameter  9 -0.523349 -> -0.500000 qaram    1.1500
parameter 12  0.547481 ->  0.500000 qaram    1.1500
parameters
   -4.0630   26.4589    9.3388   -4.4977   -4.9118   -5.0521
    4.2082   -5.7472   -0.1039   10.2233    9.9984  -15.4625
eta,q 0.96401  8.17467
  0.0485  0.0478  0.0471  0.0441  0.0350  0.0368  0.0383  0.0416  0.0405  0.0382  0.0373  0.0362
  0.0468  0.0466  0.0461  0.0437  0.0376  0.0369  0.0374  0.0392  0.0389  0.0370  0.0368  0.0360
  0.0457  0.0457  0.0454  0.0438  0.0404  0.0372  0.0370  0.0376  0.0377  0.0364  0.0365  0.0360
  0.0452  0.0452  0.0452  0.0452  0.0436  0.0384  0.0369  0.0369  0.0368  0.0363  0.0363  0.0362
  0.0456  0.0452  0.0454  0.0477  0.0474  0.0407  0.0373  0.0370  0.0364  0.0370  0.0362  0.0365
  0.0468  0.0457  0.0460  0.0509  0.0516  0.0442  0.0380  0.0378  0.0364  0.0387  0.0362  0.0369
  0.0486  0.0468  0.0469  0.0546  0.0560  0.0483  0.0391  0.0395  0.0368  0.0410  0.0364  0.0375
niter,ni,del,rscale     7    3    5.0000    1.2000
parameter  5  1.872129 ->  0.500000 qaram    1.3225
parameters
   -4.1755   25.9674    8.2296   -5.4194   -9.6728   -8.4830
    3.7090   -6.1070   -0.5200   10.3502   11.0221  -14.6215
eta,q 0.96962  7.84913
  0.0387  0.0373  0.0359  0.0378  0.0283  0.0308  0.0323  0.0335  0.0328  0.0341  0.0311  0.0319
  0.0372  0.0362  0.0356  0.0369  0.0301  0.0303  0.0312  0.0317  0.0315  0.0321  0.0308  0.0311
  0.0362  0.0358  0.0356  0.0361  0.0327  0.0305  0.0306  0.0307  0.0306  0.0308  0.0306  0.0306
  0.0360  0.0360  0.0358  0.0355  0.0357  0.0307  0.0304  0.0304  0.0304  0.0304  0.0304  0.0304
  0.0364  0.0366  0.0364  0.0356  0.0392  0.0313  0.0308  0.0309  0.0308  0.0309  0.0304  0.0305
  0.0375  0.0376  0.0372  0.0373  0.0435  0.0333  0.0316  0.0322  0.0318  0.0320  0.0305  0.0308
  0.0393  0.0389  0.0382  0.0401  0.0483  0.0366  0.0329  0.0342  0.0333  0.0337  0.0308  0.0314
niter,ni,del,rscale     7    3    5.0000    1.2000
parameter  5  0.982203 ->  0.500000 qaram    1.5209
parameters
   -4.3486   25.9111    8.5220   -5.4865  -15.1480   -8.8455
    3.7374   -6.2264   -1.1340   10.9155   11.5819  -14.7977
eta,q 0.97305  7.60785
  0.0327  0.0329  0.0318  0.0323  0.0266  0.0292  0.0294  0.0305  0.0294  0.0314  0.0277  0.0284
  0.0313  0.0316  0.0311  0.0313  0.0268  0.0278  0.0282  0.0286  0.0280  0.0291  0.0273  0.0276
  0.0306  0.0307  0.0306  0.0308  0.0280  0.0271  0.0273  0.0274  0.0272  0.0276  0.0271  0.0271
  0.0304  0.0304  0.0304  0.0304  0.0304  0.0270  0.0270  0.0270  0.0270  0.0270  0.0270  0.0270
  0.0308  0.0307  0.0304  0.0301  0.0337  0.0273  0.0273  0.0275  0.0275  0.0272  0.0270  0.0272
  0.0319  0.0317  0.0307  0.0309  0.0375  0.0280  0.0281  0.0288  0.0286  0.0283  0.0272  0.0277
  0.0335  0.0332  0.0312  0.0329  0.0422  0.0297  0.0294  0.0308  0.0302  0.0302  0.0275  0.0285
niter,ni,del,rscale     7    3    5.0000    1.2000
parameters
   -4.3949   25.9993    8.6742   -5.2866  -18.5366   -8.7471
    3.7925   -6.3167   -1.5536   11.5452   12.0568  -14.4723
eta,q 0.97363  7.47668
  0.0297  0.0301  0.0283  0.0290  0.0292  0.0288  0.0288  0.0299  0.0289  0.0305  0.0271  0.0280
  0.0282  0.0284  0.0276  0.0279  0.0274  0.0274  0.0276  0.0280  0.0275  0.0284  0.0268  0.0271
  0.0273  0.0273  0.0271  0.0273  0.0264  0.0266  0.0267  0.0268  0.0266  0.0270  0.0265  0.0266
  0.0269  0.0270  0.0270  0.0269  0.0269  0.0264  0.0264  0.0264  0.0264  0.0264  0.0264  0.0264
  0.0273  0.0272  0.0270  0.0267  0.0288  0.0266  0.0267  0.0269  0.0269  0.0267  0.0264  0.0265
  0.0283  0.0282  0.0274  0.0274  0.0323  0.0273  0.0275  0.0281  0.0279  0.0277  0.0266  0.0270
  0.0299  0.0296  0.0280  0.0292  0.0365  0.0288  0.0287  0.0301  0.0294  0.0292  0.0270  0.0277
niter,ni,del,rscale     6    3    5.0000    1.2000
parameters
   -4.4545   26.2211    8.6422   -5.1818  -19.1549   -9.0267
    3.9832   -6.4049   -1.8572   11.9296   12.5267  -14.4559
eta,q 0.97367  7.44923
  0.0290  0.0297  0.0275  0.0283  0.0310  0.0286  0.0287  0.0299  0.0288  0.0301  0.0271  0.0278
  0.0275  0.0280  0.0269  0.0273  0.0288  0.0273  0.0275  0.0280  0.0274  0.0281  0.0267  0.0270
  0.0266  0.0268  0.0265  0.0267  0.0271  0.0265  0.0267  0.0268  0.0266  0.0268  0.0265  0.0265
  0.0264  0.0264  0.0263  0.0263  0.0263  0.0264  0.0263  0.0263  0.0263  0.0263  0.0263  0.0263
  0.0267  0.0265  0.0265  0.0261  0.0270  0.0266  0.0266  0.0268  0.0268  0.0267  0.0264  0.0265
  0.0277  0.0273  0.0269  0.0268  0.0291  0.0274  0.0273  0.0281  0.0277  0.0277  0.0266  0.0270
  0.0293  0.0286  0.0276  0.0286  0.0327  0.0290  0.0286  0.0301  0.0291  0.0293  0.0269  0.0278
niter,ni,del,rscale     5    3    5.0000    1.2000
parameters
   -4.4807   26.3548    8.4782   -5.2141  -19.4110   -9.3694
    4.1356   -6.4716   -2.0830   12.2265   12.8615  -14.4735
eta,q 0.97368  7.42829
  0.0290  0.0293  0.0274  0.0282  0.0311  0.0286  0.0287  0.0299  0.0288  0.0298  0.0271  0.0278
  0.0275  0.0277  0.0268  0.0272  0.0289  0.0272  0.0275  0.0280  0.0274  0.0280  0.0267  0.0270
  0.0266  0.0267  0.0264  0.0267  0.0272  0.0264  0.0266  0.0268  0.0265  0.0268  0.0264  0.0265
  0.0263  0.0263  0.0263  0.0263  0.0263  0.0263  0.0263  0.0263  0.0263  0.0263  0.0263  0.0263
  0.0266  0.0266  0.0265  0.0261  0.0269  0.0266  0.0266  0.0268  0.0267  0.0267  0.0264  0.0265
  0.0276  0.0274  0.0270  0.0269  0.0287  0.0274  0.0273  0.0280  0.0276  0.0277  0.0266  0.0270
  0.0291  0.0287  0.0277  0.0286  0.0322  0.0291  0.0285  0.0300  0.0290  0.0292  0.0270  0.0278
niter,ni,del,rscale     4    3    5.0000    1.2000
parameters
   -4.4967   26.4719    8.3203   -5.2670  -19.6126   -9.6766
    4.2514   -6.5219   -2.2502   12.5009   13.1067  -14.4909
eta,q 0.97368  7.40947
  0.0290  0.0292  0.0274  0.0281  0.0311  0.0286  0.0286  0.0299  0.0287  0.0297  0.0271  0.0278
  0.0275  0.0277  0.0268  0.0271  0.0289  0.0273  0.0274  0.0280  0.0274  0.0279  0.0267  0.0270
  0.0266  0.0267  0.0264  0.0267  0.0272  0.0265  0.0266  0.0267  0.0265  0.0268  0.0264  0.0265
  0.0263  0.0263  0.0263  0.0263  0.0263  0.0263  0.0263  0.0263  0.0263  0.0263  0.0263  0.0263
  0.0266  0.0266  0.0265  0.0261  0.0268  0.0266  0.0266  0.0268  0.0267  0.0267  0.0264  0.0265
  0.0275  0.0274  0.0270  0.0269  0.0286  0.0274  0.0273  0.0280  0.0276  0.0277  0.0266  0.0270
  0.0291  0.0287  0.0277  0.0286  0.0320  0.0291  0.0285  0.0300  0.0289  0.0291  0.0270  0.0278
niter,ni,del,rscale     3    3    5.0000    1.2000
parameters
   -4.5106   26.5792    8.1745   -5.3301  -19.8096   -9.9655
    4.3621   -6.5661   -2.3739   12.7572   13.2556  -14.5024
eta,q 0.97368  7.39069
  0.0289  0.0292  0.0274  0.0281  0.0310  0.0286  0.0286  0.0298  0.0287  0.0296  0.0270  0.0278
  0.0275  0.0276  0.0268  0.0271  0.0289  0.0273  0.0274  0.0279  0.0274  0.0279  0.0267  0.0270
  0.0266  0.0267  0.0264  0.0266  0.0272  0.0265  0.0266  0.0267  0.0265  0.0267  0.0264  0.0265
  0.0263  0.0263  0.0263  0.0263  0.0263  0.0263  0.0263  0.0263  0.0263  0.0263  0.0263  0.0263
  0.0266  0.0266  0.0265  0.0261  0.0268  0.0266  0.0266  0.0268  0.0267  0.0267  0.0264  0.0265
  0.0275  0.0274  0.0270  0.0268  0.0286  0.0274  0.0273  0.0280  0.0275  0.0276  0.0266  0.0270
  0.0290  0.0286  0.0277  0.0285  0.0319  0.0290  0.0285  0.0299  0.0288  0.0291  0.0270  0.0278
niter,ni,del,rscale     2    3    5.0000    1.2000
parameters
   -4.5241   26.6844    8.0414   -5.3944  -20.0087  -10.2308
    4.4548   -6.6051   -2.4485   13.0114   13.3382  -14.5037
eta,q 0.97367  7.37228
  0.0289  0.0291  0.0274  0.0280  0.0309  0.0287  0.0286  0.0298  0.0287  0.0295  0.0270  0.0278
  0.0275  0.0276  0.0268  0.0271  0.0288  0.0273  0.0274  0.0279  0.0274  0.0278  0.0267  0.0270
  0.0266  0.0266  0.0264  0.0266  0.0272  0.0265  0.0266  0.0267  0.0265  0.0267  0.0264  0.0265
  0.0263  0.0263  0.0263  0.0263  0.0263  0.0263  0.0263  0.0263  0.0263  0.0263  0.0263  0.0263
  0.0266  0.0266  0.0265  0.0261  0.0268  0.0267  0.0266  0.0268  0.0267  0.0267  0.0264  0.0265
  0.0275  0.0274  0.0270  0.0268  0.0285  0.0274  0.0273  0.0280  0.0275  0.0276  0.0266  0.0270
  0.0290  0.0286  0.0277  0.0285  0.0318  0.0290  0.0285  0.0299  0.0287  0.0290  0.0270  0.0278
niter,ni,del,rscale     1    3    5.0000    1.2000
parameters
   -4.5374   26.7920    7.9159   -5.4672  -20.2246  -10.4952
    4.5423   -6.6455   -2.4753   13.2810   13.3399  -14.5068
eta,q 0.97366  7.35267
  0.0289  0.0290  0.0274  0.0280  0.0308  0.0287  0.0285  0.0298  0.0287  0.0294  0.0270  0.0278
  0.0275  0.0276  0.0268  0.0270  0.0288  0.0273  0.0274  0.0279  0.0274  0.0278  0.0267  0.0270
  0.0266  0.0266  0.0264  0.0266  0.0272  0.0265  0.0266  0.0267  0.0266  0.0267  0.0264  0.0265
  0.0263  0.0263  0.0263  0.0263  0.0263  0.0264  0.0263  0.0263  0.0263  0.0263  0.0263  0.0263
  0.0266  0.0266  0.0265  0.0261  0.0268  0.0267  0.0266  0.0268  0.0267  0.0267  0.0264  0.0265
  0.0275  0.0273  0.0270  0.0268  0.0285  0.0274  0.0273  0.0280  0.0275  0.0276  0.0266  0.0270
  0.0289  0.0285  0.0277  0.0284  0.0317  0.0290  0.0285  0.0299  0.0286  0.0290  0.0270  0.0278
registration optimization eta report
parameter search radius
    2.4000    2.4000    2.4000    8.2800   10.9503    8.2800
    7.2000    7.2000    8.2800    7.2000    7.2000    8.2800
100000*second partial in parameter space
       45.       43.       21.        3.        4.        4.
        4.        7.        3.        5.        1.        2.
  0.0289  0.0290  0.0274  0.0280  0.0308  0.0287  0.0285  0.0298  0.0287  0.0294  0.0270  0.0278
  0.0275  0.0276  0.0268  0.0270  0.0288  0.0273  0.0274  0.0279  0.0274  0.0278  0.0267  0.0270
  0.0266  0.0266  0.0264  0.0266  0.0272  0.0265  0.0266  0.0267  0.0266  0.0267  0.0264  0.0265
  0.0263  0.0263  0.0263  0.0263  0.0263  0.0264  0.0263  0.0263  0.0263  0.0263  0.0263  0.0263
  0.0266  0.0266  0.0265  0.0261  0.0268  0.0267  0.0266  0.0268  0.0267  0.0267  0.0264  0.0265
  0.0275  0.0273  0.0270  0.0268  0.0285  0.0274  0.0273  0.0280  0.0275  0.0276  0.0266  0.0270
  0.0289  0.0285  0.0277  0.0284  0.0317  0.0290  0.0285  0.0299  0.0286  0.0290  0.0270  0.0278
   -4.5374   26.7920    7.9159   -5.4672  -20.2246  -10.4952
    4.5423   -6.6455   -2.4753   13.2810   13.3399  -14.5068
eta,q 0.97366  7.35267

---------------------------------------------------------------------
imgreg_4dfp /opt/freesurfer/average/711-2C_as_mni_average_305 /opt/freesurfer/average/711-2B_as_mni_average_305_mask talsrcimg_g11 none talsrcimg_to_711-2C_as_mni_average_305_t4 2311
---------------------------------------------------------------------

freesurfer imgreg_4dfp.c
/opt/freesurfer/average/711-2C_as_mni_average_305.4dfp.img
       256       256       256         1
  1.000000  1.000000  1.000000
orientation T byte_order littleendian
Reading image: /opt/freesurfer/average/711-2C_as_mni_average_305.4dfp.img
dimensions:      256       256       256
mmppix:       1.0000   -1.0000   -1.0000
center:     128.0000 -129.0000 -129.0000
/opt/freesurfer/average/711-2B_as_mni_average_305_mask.4dfp.img
       256       256       256         1
  1.000000  1.000000  1.000000
orientation T byte_order littleendian
Reading mask: /opt/freesurfer/average/711-2B_as_mni_average_305_mask.4dfp.img (2306576 pixels)
talsrcimg_g11.4dfp.img
       256       256       256         1
  1.000000  1.000000  1.000000
orientation T byte_order littleendian
Reading image: talsrcimg_g11.4dfp.img
dimensions:      256       256       256
mmppix:       1.0000   -1.0000   -1.0000
center:     128.0000 -129.0000 -129.0000
fimgreg.f
image alignment mode   2311 decimal      907 hex
parameters
   -4.5374   26.7920    7.9159   -5.4672  -20.2246  -10.4952
    4.5423   -6.6455   -2.4753   13.2810   13.3399  -14.5068
eta,q 0.97366  7.35267
niter,ni,del,rscale     5    3    5.0000    0.8000
parameters
   -4.5432   26.8705    7.7899   -3.7815  -19.6559  -10.4854
    4.7346   -6.6864   -2.5797   13.1747   13.4754  -14.7443
eta,q 0.97387  7.44325
  0.0274  0.0276  0.0268  0.0268  0.0275  0.0269  0.0273  0.0278  0.0269  0.0275  0.0265  0.0266
  0.0268  0.0269  0.0265  0.0266  0.0269  0.0264  0.0267  0.0269  0.0265  0.0267  0.0263  0.0263
  0.0265  0.0265  0.0264  0.0265  0.0264  0.0262  0.0263  0.0263  0.0262  0.0263  0.0262  0.0262
  0.0263  0.0263  0.0263  0.0263  0.0262  0.0261  0.0261  0.0261  0.0261  0.0261  0.0261  0.0261
  0.0265  0.0264  0.0264  0.0262  0.0262  0.0263  0.0262  0.0263  0.0262  0.0263  0.0262  0.0262
  0.0268  0.0268  0.0267  0.0261  0.0265  0.0265  0.0266  0.0269  0.0265  0.0268  0.0263  0.0264
  0.0275  0.0273  0.0270  0.0265  0.0270  0.0269  0.0271  0.0279  0.0270  0.0275  0.0265  0.0267
niter,ni,del,rscale     4    3    5.0000    0.7000
parameters
   -4.5753   26.7536    7.8091   -4.0429  -19.4642  -10.4024
    4.7273   -6.6806   -2.6426   12.9502   13.5524  -14.7076
eta,q 0.97387  7.44297
  0.0271  0.0269  0.0266  0.0265  0.0271  0.0268  0.0270  0.0275  0.0268  0.0271  0.0264  0.0265
  0.0265  0.0264  0.0263  0.0264  0.0266  0.0264  0.0265  0.0267  0.0264  0.0265  0.0263  0.0263
  0.0262  0.0262  0.0262  0.0263  0.0263  0.0262  0.0262  0.0263  0.0262  0.0262  0.0262  0.0262
  0.0261  0.0261  0.0261  0.0261  0.0261  0.0261  0.0261  0.0261  0.0261  0.0261  0.0261  0.0261
  0.0263  0.0263  0.0262  0.0261  0.0262  0.0262  0.0262  0.0263  0.0262  0.0263  0.0262  0.0262
  0.0266  0.0266  0.0263  0.0263  0.0265  0.0264  0.0265  0.0267  0.0265  0.0267  0.0262  0.0263
  0.0272  0.0271  0.0266  0.0269  0.0270  0.0266  0.0270  0.0275  0.0268  0.0273  0.0264  0.0265
niter,ni,del,rscale     3    3    5.0000    0.6000
parameters
   -4.5694   26.6772    7.8651   -3.6773  -19.3190  -10.3266
    4.7226   -6.6506   -2.6751   12.7492   13.4975  -14.7079
eta,q 0.97392  7.46281
  0.0269  0.0267  0.0265  0.0265  0.0268  0.0265  0.0267  0.0271  0.0266  0.0269  0.0263  0.0264
  0.0264  0.0264  0.0263  0.0264  0.0265  0.0263  0.0264  0.0266  0.0263  0.0264  0.0262  0.0262
  0.0262  0.0262  0.0262  0.0263  0.0262  0.0261  0.0262  0.0262  0.0261  0.0261  0.0261  0.0261
  0.0261  0.0261  0.0261  0.0261  0.0261  0.0261  0.0261  0.0261  0.0261  0.0261  0.0261  0.0261
  0.0262  0.0262  0.0262  0.0261  0.0262  0.0262  0.0262  0.0262  0.0262  0.0262  0.0261  0.0261
  0.0264  0.0265  0.0263  0.0262  0.0264  0.0263  0.0264  0.0265  0.0263  0.0266  0.0262  0.0262
  0.0268  0.0269  0.0264  0.0265  0.0267  0.0265  0.0267  0.0271  0.0266  0.0270  0.0263  0.0264
niter,ni,del,rscale     2    3    5.0000    0.5000
parameters
   -4.5691   26.6016    7.9114   -3.4155  -19.1939  -10.3001
    4.6961   -6.6275   -2.6520   12.5607   13.3765  -14.7048
eta,q 0.97394  7.47574
  0.0266  0.0265  0.0263  0.0264  0.0266  0.0264  0.0265  0.0268  0.0264  0.0266  0.0262  0.0263
  0.0263  0.0262  0.0262  0.0263  0.0263  0.0262  0.0263  0.0264  0.0262  0.0263  0.0261  0.0261
  0.0261  0.0261  0.0261  0.0262  0.0261  0.0261  0.0261  0.0262  0.0261  0.0261  0.0261  0.0261
  0.0261  0.0261  0.0261  0.0261  0.0261  0.0261  0.0261  0.0261  0.0261  0.0261  0.0261  0.0261
  0.0261  0.0262  0.0261  0.0261  0.0261  0.0261  0.0261  0.0261  0.0261  0.0262  0.0261  0.0261
  0.0263  0.0263  0.0262  0.0261  0.0263  0.0262  0.0263  0.0264  0.0262  0.0264  0.0261  0.0262
  0.0266  0.0266  0.0263  0.0264  0.0265  0.0263  0.0265  0.0268  0.0264  0.0267  0.0262  0.0263
niter,ni,del,rscale     1    3    5.0000    0.4000
parameters
   -4.5655   26.5365    7.9499   -3.2002  -19.1004  -10.3416
    4.6710   -6.6018   -2.6083   12.4045   13.2456  -14.7010
eta,q 0.97396  7.48317
  0.0264  0.0263  0.0262  0.0263  0.0264  0.0262  0.0263  0.0265  0.0263  0.0264  0.0261  0.0262
  0.0262  0.0262  0.0261  0.0262  0.0262  0.0261  0.0262  0.0263  0.0262  0.0262  0.0261  0.0261
  0.0261  0.0261  0.0261  0.0261  0.0261  0.0260  0.0261  0.0261  0.0261  0.0261  0.0260  0.0261
  0.0261  0.0261  0.0261  0.0261  0.0260  0.0260  0.0260  0.0260  0.0260  0.0260  0.0260  0.0260
  0.0261  0.0261  0.0261  0.0260  0.0261  0.0261  0.0261  0.0261  0.0261  0.0261  0.0261  0.0261
  0.0262  0.0262  0.0261  0.0261  0.0262  0.0261  0.0262  0.0262  0.0261  0.0263  0.0261  0.0261
  0.0264  0.0264  0.0262  0.0263  0.0264  0.0262  0.0263  0.0265  0.0263  0.0265  0.0261  0.0262
registration optimization eta report
parameter search radius
    0.8000    0.8000    0.8000    2.4000    2.4000    2.4000
    2.4000    2.4000    2.4000    2.4000    2.4000    2.4000
100000*second partial in parameter space
       55.       48.       24.        4.        6.        3.
        5.        8.        4.        7.        2.        2.
  0.0264  0.0263  0.0262  0.0263  0.0264  0.0262  0.0263  0.0265  0.0263  0.0264  0.0261  0.0262
  0.0262  0.0262  0.0261  0.0262  0.0262  0.0261  0.0262  0.0263  0.0262  0.0262  0.0261  0.0261
  0.0261  0.0261  0.0261  0.0261  0.0261  0.0260  0.0261  0.0261  0.0261  0.0261  0.0260  0.0261
  0.0261  0.0261  0.0261  0.0261  0.0260  0.0260  0.0260  0.0260  0.0260  0.0260  0.0260  0.0260
  0.0261  0.0261  0.0261  0.0260  0.0261  0.0261  0.0261  0.0261  0.0261  0.0261  0.0261  0.0261
  0.0262  0.0262  0.0261  0.0261  0.0262  0.0261  0.0262  0.0262  0.0261  0.0263  0.0261  0.0261
  0.0264  0.0264  0.0262  0.0263  0.0264  0.0262  0.0263  0.0265  0.0263  0.0265  0.0261  0.0262
   -4.5655   26.5365    7.9499   -3.2002  -19.1004  -10.3416
    4.6710   -6.6018   -2.6083   12.4045   13.2456  -14.7010
eta,q 0.97396  7.48317

---------------------------------------------------------------------
imgreg_4dfp /opt/freesurfer/average/711-2C_as_mni_average_305 /opt/freesurfer/average/711-2B_as_mni_average_305_mask talsrcimg_g11 none talsrcimg_to_711-2C_as_mni_average_305_t4 2311
---------------------------------------------------------------------

freesurfer imgreg_4dfp.c
/opt/freesurfer/average/711-2C_as_mni_average_305.4dfp.img
       256       256       256         1
  1.000000  1.000000  1.000000
orientation T byte_order littleendian
Reading image: /opt/freesurfer/average/711-2C_as_mni_average_305.4dfp.img
dimensions:      256       256       256
mmppix:       1.0000   -1.0000   -1.0000
center:     128.0000 -129.0000 -129.0000
/opt/freesurfer/average/711-2B_as_mni_average_305_mask.4dfp.img
       256       256       256         1
  1.000000  1.000000  1.000000
orientation T byte_order littleendian
Reading mask: /opt/freesurfer/average/711-2B_as_mni_average_305_mask.4dfp.img (2306576 pixels)
talsrcimg_g11.4dfp.img
       256       256       256         1
  1.000000  1.000000  1.000000
orientation T byte_order littleendian
Reading image: talsrcimg_g11.4dfp.img
dimensions:      256       256       256
mmppix:       1.0000   -1.0000   -1.0000
center:     128.0000 -129.0000 -129.0000
fimgreg.f
image alignment mode   2311 decimal      907 hex
parameters
   -4.5655   26.5365    7.9499   -3.2002  -19.1004  -10.3416
    4.6710   -6.6018   -2.6083   12.4045   13.2456  -14.7010
eta,q 0.97396  7.48316
niter,ni,del,rscale     5    3    5.0000    0.8000
parameters
   -4.5374   26.5185    7.9650   -4.0614  -19.0518   -9.9943
    4.5812   -6.5984   -2.5036   12.4689   13.4361  -14.6502
eta,q 0.97389  7.46966
  0.0275  0.0273  0.0266  0.0266  0.0273  0.0270  0.0272  0.0278  0.0271  0.0277  0.0265  0.0267
  0.0267  0.0266  0.0263  0.0264  0.0267  0.0265  0.0266  0.0269  0.0266  0.0268  0.0263  0.0264
  0.0262  0.0262  0.0261  0.0262  0.0263  0.0262  0.0262  0.0263  0.0262  0.0263  0.0262  0.0262
  0.0260  0.0260  0.0260  0.0260  0.0261  0.0261  0.0261  0.0261  0.0261  0.0261  0.0261  0.0261
  0.0262  0.0262  0.0261  0.0261  0.0262  0.0262  0.0263  0.0263  0.0262  0.0263  0.0261  0.0262
  0.0266  0.0266  0.0263  0.0266  0.0267  0.0264  0.0266  0.0269  0.0265  0.0268  0.0263  0.0264
  0.0274  0.0273  0.0266  0.0275  0.0273  0.0267  0.0273  0.0279  0.0270  0.0276  0.0264  0.0266
niter,ni,del,rscale     4    3    5.0000    0.7000
parameters
   -4.5389   26.5148    8.0510   -3.9179  -19.0242   -9.8640
    4.5559   -6.5874   -2.5423   12.4240   13.4280  -14.6579
eta,q 0.97390  7.48062
  0.0271  0.0271  0.0266  0.0266  0.0270  0.0267  0.0270  0.0275  0.0268  0.0273  0.0264  0.0265
  0.0266  0.0265  0.0264  0.0265  0.0266  0.0263  0.0265  0.0267  0.0264  0.0266  0.0262  0.0263
  0.0262  0.0262  0.0262  0.0263  0.0262  0.0261  0.0262  0.0263  0.0262  0.0262  0.0261  0.0261
  0.0261  0.0261  0.0261  0.0261  0.0261  0.0261  0.0261  0.0261  0.0261  0.0261  0.0261  0.0261
  0.0262  0.0262  0.0261  0.0260  0.0262  0.0262  0.0262  0.0262  0.0262  0.0263  0.0261  0.0262
  0.0266  0.0266  0.0263  0.0262  0.0265  0.0263  0.0265  0.0267  0.0264  0.0267  0.0262  0.0263
  0.0271  0.0271  0.0265  0.0267  0.0270  0.0266  0.0270  0.0275  0.0268  0.0273  0.0264  0.0265
niter,ni,del,rscale     3    3    5.0000    0.6000
parameters
   -4.5411   26.4819    8.0864   -3.6344  -18.9876   -9.8354
    4.5647   -6.5740   -2.5446   12.3313   13.3643  -14.6711
eta,q 0.97393  7.49201
  0.0269  0.0268  0.0265  0.0266  0.0268  0.0265  0.0267  0.0271  0.0266  0.0269  0.0263  0.0264
  0.0264  0.0264  0.0263  0.0264  0.0264  0.0262  0.0264  0.0266  0.0263  0.0265  0.0262  0.0262
  0.0262  0.0262  0.0261  0.0262  0.0262  0.0261  0.0262  0.0262  0.0261  0.0262  0.0261  0.0261
  0.0261  0.0261  0.0261  0.0261  0.0261  0.0261  0.0261  0.0261  0.0261  0.0261  0.0261  0.0261
  0.0262  0.0262  0.0261  0.0260  0.0262  0.0261  0.0261  0.0262  0.0261  0.0262  0.0261  0.0261
  0.0264  0.0264  0.0262  0.0262  0.0264  0.0263  0.0264  0.0265  0.0263  0.0265  0.0262  0.0262
  0.0268  0.0268  0.0264  0.0265  0.0268  0.0264  0.0267  0.0271  0.0266  0.0270  0.0263  0.0264
niter,ni,del,rscale     2    3    5.0000    0.5000
parameters
   -4.5452   26.4495    8.1039   -3.3860  -18.9448   -9.9094
    4.5671   -6.5654   -2.5241   12.2444   13.2353  -14.6877
eta,q 0.97395  7.49823
  0.0266  0.0265  0.0263  0.0264  0.0266  0.0263  0.0265  0.0268  0.0264  0.0267  0.0262  0.0263
  0.0263  0.0263  0.0262  0.0263  0.0263  0.0261  0.0263  0.0264  0.0262  0.0263  0.0261  0.0261
  0.0261  0.0261  0.0261  0.0262  0.0261  0.0261  0.0261  0.0261  0.0261  0.0261  0.0261  0.0261
  0.0261  0.0261  0.0261  0.0261  0.0261  0.0261  0.0261  0.0261  0.0261  0.0261  0.0261  0.0261
  0.0261  0.0261  0.0261  0.0260  0.0261  0.0261  0.0261  0.0261  0.0261  0.0262  0.0261  0.0261
  0.0263  0.0263  0.0262  0.0262  0.0263  0.0262  0.0263  0.0264  0.0262  0.0264  0.0261  0.0261
  0.0266  0.0266  0.0263  0.0264  0.0266  0.0263  0.0265  0.0268  0.0264  0.0267  0.0262  0.0263
niter,ni,del,rscale     1    3    5.0000    0.4000
parameters
   -4.5467   26.4205    8.0977   -3.1825  -18.9202  -10.0299
    4.5683   -6.5507   -2.5075   12.1674   13.1063  -14.6866
eta,q 0.97396  7.50012
  0.0264  0.0264  0.0262  0.0263  0.0264  0.0262  0.0263  0.0265  0.0263  0.0264  0.0261  0.0262
  0.0262  0.0262  0.0261  0.0262  0.0262  0.0261  0.0262  0.0263  0.0262  0.0262  0.0261  0.0261
  0.0261  0.0261  0.0261  0.0261  0.0261  0.0260  0.0261  0.0261  0.0261  0.0261  0.0260  0.0261
  0.0261  0.0261  0.0261  0.0261  0.0260  0.0260  0.0260  0.0260  0.0260  0.0260  0.0260  0.0260
  0.0261  0.0261  0.0261  0.0260  0.0261  0.0261  0.0261  0.0261  0.0261  0.0261  0.0261  0.0261
  0.0262  0.0262  0.0261  0.0261  0.0262  0.0261  0.0262  0.0262  0.0262  0.0263  0.0261  0.0261
  0.0264  0.0264  0.0262  0.0263  0.0264  0.0262  0.0263  0.0265  0.0263  0.0265  0.0261  0.0262
registration optimization eta report
parameter search radius
    0.8000    0.8000    0.8000    2.4000    2.4000    2.4000
    2.4000    2.4000    2.4000    2.4000    2.4000    2.4000
100000*second partial in parameter space
       56.       51.       23.        5.        6.        3.
        5.        8.        4.        7.        2.        2.
  0.0264  0.0264  0.0262  0.0263  0.0264  0.0262  0.0263  0.0265  0.0263  0.0264  0.0261  0.0262
  0.0262  0.0262  0.0261  0.0262  0.0262  0.0261  0.0262  0.0263  0.0262  0.0262  0.0261  0.0261
  0.0261  0.0261  0.0261  0.0261  0.0261  0.0260  0.0261  0.0261  0.0261  0.0261  0.0260  0.0261
  0.0261  0.0261  0.0261  0.0261  0.0260  0.0260  0.0260  0.0260  0.0260  0.0260  0.0260  0.0260
  0.0261  0.0261  0.0261  0.0260  0.0261  0.0261  0.0261  0.0261  0.0261  0.0261  0.0261  0.0261
  0.0262  0.0262  0.0261  0.0261  0.0262  0.0261  0.0262  0.0262  0.0262  0.0263  0.0261  0.0261
  0.0264  0.0264  0.0262  0.0263  0.0264  0.0262  0.0263  0.0265  0.0263  0.0265  0.0261  0.0262
   -4.5467   26.4205    8.0977   -3.1825  -18.9202  -10.0299
    4.5683   -6.5507   -2.5075   12.1674   13.1063  -14.6866
eta,q 0.97396  7.50012

---------------------------------------------------------------------
compute_vox2vox talsrcimg talsrcimg_to_711-2C_as_mni_average_305_t4 /opt/freesurfer/average/711-2C_as_mni_average_305
---------------------------------------------------------------------

freesurfer compute_vox2vox.c
Reading: talsrcimg.4dfp.ifh
Reading: talsrcimg_to_711-2C_as_mni_average_305_t4
Reading: /opt/freesurfer/average/711-2C_as_mni_average_305.4dfp.ifh
Writing: talsrcimg_to_711-2C_as_mni_average_305_t4_vox2vox.txt

start time Tue Mar 10 12:50:38 CET 2026
end		time Tue Mar 10 12:52:09 CET 2026

mpr2mni305 success

avi2talxfm orig_nu.mgz /opt/freesurfer/average/mni305.cor.mgz talsrcimg_to_711-2C_as_mni_average_305_t4_vox2vox.txt transforms/talairach.auto.xfm
avi2talxfm done
mv -f /out/sourcedata/freesurfer/sub-v2s0x29050_ses-1/mri/talsrcimg_to_711-2C_as_mni_average_305_t4_vox2vox.txt /out/sourcedata/freesurfer/sub-v2s0x29050_ses-1/mri/transforms/talsrcimg_to_711-2C_as_mni_average_305_t4_vox2vox.txt
lta_convert --src orig_nu.mgz --trg /opt/freesurfer/average/mni305.cor.mgz --inxfm transforms/talairach.auto.xfm --outlta transforms/talairach.auto.xfm.lta --subject fsaverage
7.3.2

--src: orig_nu.mgz src image (geometry).
--trg: /opt/freesurfer/average/mni305.cor.mgz trg image (geometry).
--inmni: transforms/talairach.auto.xfm input MNI/XFM transform.
--outlta: transforms/talairach.auto.xfm.lta output LTA.
--s: fsaverage subject name
 LTA read, type : 1
 1.02091   0.08015  -0.04300  -4.19352;
-0.14013   1.07390   0.20242  -46.55038;
 0.05260  -0.15868   1.20165  -14.50905;
 0.00000   0.00000   0.00000   1.00000;
setting subject to fsaverage
Writing  LTA to file transforms/talairach.auto.xfm.lta...
lta_convert successful.
 
 
Started at Tue Mar 10 12:50:37 CET 2026
Ended   at Tue Mar 10 12:52:09 CET 2026
talairach_avi done
