status file for recon-all
Tue Mar 10 11:52:57 CET 2026
#@# Tessellate rh Tue Mar 10 11:52:57 CET 2026
#@# Smooth1 rh Tue Mar 10 11:53:01 CET 2026
#@# Inflation1 rh Tue Mar 10 11:53:04 CET 2026
#@# QSphere rh Tue Mar 10 11:53:18 CET 2026
#@# Fix Topology rh Tue Mar 10 11:54:48 CET 2026
#@# Smooth2 rh Tue Mar 10 12:00:59 CET 2026
#@# Inflation2 rh Tue Mar 10 12:01:02 CET 2026
#@# Curv .H and .K rh Tue Mar 10 12:01:17 CET 2026
#@# Sphere rh Tue Mar 10 12:02:03 CET 2026
#@# Surf Reg rh Tue Mar 10 12:05:40 CET 2026
#@# Jacobian white rh Tue Mar 10 12:10:18 CET 2026
#@# AvgCurv rh Tue Mar 10 12:10:19 CET 2026
#@# Cortical Parc rh Tue Mar 10 12:10:20 CET 2026
#@# white curv rh Tue Mar 10 12:16:34 CET 2026
#@# white area rh Tue Mar 10 12:16:36 CET 2026
#@# pial curv rh Tue Mar 10 12:16:37 CET 2026
#@# pial area rh Tue Mar 10 12:16:39 CET 2026
#@# thickness rh Tue Mar 10 12:16:40 CET 2026
#@# area and vertex vol rh Tue Mar 10 12:17:10 CET 2026
#@# Curvature Stats rh Tue Mar 10 12:17:12 CET 2026
#@# Cortical Parc 2 rh Tue Mar 10 12:17:15 CET 2026
#@# Cortical Parc 3 rh Tue Mar 10 12:17:28 CET 2026
#@# WM/GM Contrast rh Tue Mar 10 12:17:38 CET 2026
recon-all -s sub-v2s0x29038_ses-1 finished without error at Tue Mar 10 12:17:41 CET 2026



#New# invocation of recon-all 



status file for recon-all
Tue Mar 10 12:50:29 CET 2026
#@# white curv rh Tue Mar 10 12:50:29 CET 2026
#@# white area rh Tue Mar 10 12:50:29 CET 2026
#@# pial curv rh Tue Mar 10 12:50:29 CET 2026
#@# pial area rh Tue Mar 10 12:50:29 CET 2026
#@# thickness rh Tue Mar 10 12:50:29 CET 2026
#@# area and vertex vol rh Tue Mar 10 12:50:29 CET 2026
#@# Parcellation Stats rh Tue Mar 10 12:50:29 CET 2026
#@# Parcellation Stats 2 rh Tue Mar 10 12:50:47 CET 2026
#@# Parcellation Stats 3 rh Tue Mar 10 12:50:57 CET 2026
#@# BA_exvivo Labels rh Tue Mar 10 12:51:06 CET 2026
recon-all -s sub-v2s0x29038_ses-1 finished without error at Tue Mar 10 12:53:53 CET 2026
