status file for recon-all
Tue Mar 10 11:27:41 CET 2026
#@# Tessellate lh Tue Mar 10 11:27:41 CET 2026
#@# Smooth1 lh Tue Mar 10 11:27:45 CET 2026
#@# Inflation1 lh Tue Mar 10 11:27:48 CET 2026
#@# QSphere lh Tue Mar 10 11:28:02 CET 2026
#@# Fix Topology lh Tue Mar 10 11:29:15 CET 2026
#@# Smooth2 lh Tue Mar 10 11:37:05 CET 2026
#@# Inflation2 lh Tue Mar 10 11:37:08 CET 2026
#@# Curv .H and .K lh Tue Mar 10 11:37:30 CET 2026
#@# Sphere lh Tue Mar 10 11:38:17 CET 2026
#@# Surf Reg lh Tue Mar 10 11:40:53 CET 2026
#@# Jacobian white lh Tue Mar 10 11:45:34 CET 2026
#@# AvgCurv lh Tue Mar 10 11:45:35 CET 2026
#@# Cortical Parc lh Tue Mar 10 11:45:36 CET 2026
#@# white curv lh Tue Mar 10 11:51:47 CET 2026
#@# white area lh Tue Mar 10 11:51:49 CET 2026
#@# pial curv lh Tue Mar 10 11:51:50 CET 2026
#@# pial area lh Tue Mar 10 11:51:52 CET 2026
#@# thickness lh Tue Mar 10 11:51:53 CET 2026
#@# area and vertex vol lh Tue Mar 10 11:52:23 CET 2026
#@# Curvature Stats lh Tue Mar 10 11:52:25 CET 2026
#@# Cortical Parc 2 lh Tue Mar 10 11:52:27 CET 2026
#@# Cortical Parc 3 lh Tue Mar 10 11:52:42 CET 2026
#@# WM/GM Contrast lh Tue Mar 10 11:52:52 CET 2026
recon-all -s sub-v2s0x29038_ses-1 finished without error at Tue Mar 10 11:52:55 CET 2026



#New# invocation of recon-all 



status file for recon-all
Tue Mar 10 12:46:59 CET 2026
#@# white curv lh Tue Mar 10 12:46:59 CET 2026
#@# white area lh Tue Mar 10 12:46:59 CET 2026
#@# pial curv lh Tue Mar 10 12:46:59 CET 2026
#@# pial area lh Tue Mar 10 12:46:59 CET 2026
#@# thickness lh Tue Mar 10 12:46:59 CET 2026
#@# area and vertex vol lh Tue Mar 10 12:46:59 CET 2026
#@# Parcellation Stats lh Tue Mar 10 12:46:59 CET 2026
#@# Parcellation Stats 2 lh Tue Mar 10 12:47:18 CET 2026
#@# Parcellation Stats 3 lh Tue Mar 10 12:47:29 CET 2026
#@# BA_exvivo Labels lh Tue Mar 10 12:47:38 CET 2026
recon-all -s sub-v2s0x29038_ses-1 finished without error at Tue Mar 10 12:50:27 CET 2026
