/out/sourcedata/freesurfer/sub-v2s0x29028_ses-1/mri
/opt/freesurfer/bin/talairach_avi
--i orig_nu.mgz --xfm transforms/talairach.auto.xfm
talairach_avi 7.3.2
Linux dna003 5.14.0-427.37.1.el9_4.x86_64 #1 SMP PREEMPT_DYNAMIC Fri Sep 13 12:41:50 EDT 2024 x86_64 x86_64 x86_64 GNU/Linux
Tue Mar 10 09:13:59 CET 2026
mri_convert orig_nu.mgz talsrcimg.img 
reading from orig_nu.mgz...
TR=0.00, TE=0.00, TI=0.00, flip angle=0.00
i_ras = (-1, 0, 0)
j_ras = (0, 0, -1)
k_ras = (0, 1, 0)
writing to talsrcimg.img...
Analyze Output Matrix
-1.00000   0.00000   0.00000   129.27307;
 0.00000   0.00000   1.00000  -104.71329;
 0.00000  -1.00000   0.00000   135.31168;
 0.00000   0.00000   0.00000   1.00000;
--------------------
INFO: set hdr.hist.orient to -1
mpr2mni305 talsrcimg
Tue Mar 10 09:13:59 CET 2026
/opt/freesurfer/bin/mpr2mni305 talsrcimg
mpr2mni305 7.3.2
target=711-2C_as_mni_average_305

---------------------------------------------------------------------
analyzeto4dfp talsrcimg -O0 -y
---------------------------------------------------------------------

freesurfer ifh2hdr.c
Tue Mar 10 09:13:59 2026
Writing: talsrcimg.4dfp.hdr
freesurfer analyzeto4dfp.c
Reading: talsrcimg.hdr
header size 348 bytes
hdr.dime.datatype	offset=70	value=2
hdr.dime.bitpix		offset=72	value=8
hdr.hist.orient		offset=252	value=-1
dimensionality     4
dimensions       256       256       256         1
Reading: talsrcimg.img
Writing: talsrcimg.4dfp.img
Writing: talsrcimg.4dfp.ifh
ifh2hdr talsrcimg -r0to255
ori=2

---------------------------------------------------------------------
gauss_4dfp talsrcimg 1.1
---------------------------------------------------------------------

freesurfer gauss_4dfp.c
Reading: talsrcimg.4dfp.img
Writing: talsrcimg_g11.4dfp.img
image dimensions 256 256 256 padded to 288 288 288
processing volume 1freesurfer ifh2hdr.c
Tue Mar 10 09:14:01 2026
Writing: talsrcimg_g11.4dfp.hdr

Writing: talsrcimg_g11.4dfp.ifh
including: talsrcimg.4dfp.img.rec in talsrcimg_g11.4dfp.img.rec

---------------------------------------------------------------------
imgreg_4dfp /opt/freesurfer/average/711-2C_as_mni_average_305 none talsrcimg_g11 none talsrcimg_to_711-2C_as_mni_average_305_t4 4355
---------------------------------------------------------------------

freesurfer imgreg_4dfp.c
/opt/freesurfer/average/711-2C_as_mni_average_305.4dfp.img
       256       256       256         1
  1.000000  1.000000  1.000000
orientation T byte_order littleendian
Reading image: /opt/freesurfer/average/711-2C_as_mni_average_305.4dfp.img
dimensions:      256       256       256
mmppix:       1.0000   -1.0000   -1.0000
center:     128.0000 -129.0000 -129.0000
talsrcimg_g11.4dfp.img
       256       256       256         1
  1.000000  1.000000  1.000000
orientation T byte_order littleendian
Reading image: talsrcimg_g11.4dfp.img
dimensions:      256       256       256
mmppix:       1.0000   -1.0000   -1.0000
center:     128.0000 -129.0000 -129.0000
t4_read: open error in t4_sub.f l:  41 t4_file(1:l)talsrcimg_to_711-2C_as_mni_average_305_t4 
t4_read: transform initialized to I4
rotation matrix determinant  1.000000
image alignment mode   4355 decimal     1103 hex
   -7.5000  -45.0000  -45.0000 9840.0020    8.4743
    0.0000  -45.0000  -45.000010223.6611    8.4880
    7.5000  -45.0000  -45.0000 9803.9639    8.4723
   -7.5000  -37.5000  -45.0000 9992.4189    8.4136
    0.0000  -37.5000  -45.000010362.5098    8.4243
    7.5000  -37.5000  -45.0000 9943.9590    8.4094
   -7.5000  -30.0000  -45.000010448.7979    8.2362
    0.0000  -30.0000  -45.000010820.9951    8.2447
    7.5000  -30.0000  -45.000010382.9766    8.2304
   -7.5000  -22.5000  -45.000010909.3643    8.1148
    0.0000  -22.5000  -45.000011289.5312    8.1232
    7.5000  -22.5000  -45.000010829.1768    8.1086
   -7.5000  -15.0000  -45.000011320.2490    8.0250
    0.0000  -15.0000  -45.000011735.0303    8.0341
    7.5000  -15.0000  -45.000011239.4023    8.0188
   -7.5000   -7.5000  -45.000011733.8867    7.9777
    0.0000   -7.5000  -45.000012172.0000    7.9877
    7.5000   -7.5000  -45.000011641.5742    7.9727
   -7.5000    0.0000  -45.000012109.0215    7.9654
    0.0000    0.0000  -45.000012563.7744    7.9756
    7.5000    0.0000  -45.000012005.1641    7.9616
   -7.5000    7.5000  -45.000011635.6455    8.0859
    0.0000    7.5000  -45.000012079.7109    8.0954
    7.5000    7.5000  -45.000011520.1416    8.0818
   -7.5000   15.0000  -45.000011135.8818    8.2732
    0.0000   15.0000  -45.000011586.4033    8.2828
    7.5000   15.0000  -45.000011021.3936    8.2686
   -7.5000   22.5000  -45.000010594.6895    8.4889
    0.0000   22.5000  -45.000011030.3652    8.4989
    7.5000   22.5000  -45.000010457.1787    8.4815
   -7.5000   30.0000  -45.000010010.2744    8.6112
    0.0000   30.0000  -45.000010431.9756    8.6227
    7.5000   30.0000  -45.0000 9860.2861    8.6021
   -7.5000   37.5000  -45.0000 9781.0879    8.8680
    0.0000   37.5000  -45.000010181.5752    8.8809
    7.5000   37.5000  -45.0000 9620.3350    8.8582
   -7.5000   45.0000  -45.0000 9243.5361    8.9307
    0.0000   45.0000  -45.0000 9632.4570    8.9458
    7.5000   45.0000  -45.0000 9100.1152    8.9226
   -7.5000  -45.0000  -37.500010254.8389    8.4323
    0.0000  -45.0000  -37.500010648.0205    8.4455
    7.5000  -45.0000  -37.500010219.4287    8.4293
   -7.5000  -37.5000  -37.500010439.3994    8.3689
    0.0000  -37.5000  -37.500010810.7178    8.3784
    7.5000  -37.5000  -37.500010371.3281    8.3624
   -7.5000  -30.0000  -37.500010950.3691    8.1909
    0.0000  -30.0000  -37.500011344.7773    8.1975
    7.5000  -30.0000  -37.500010849.2861    8.1817
   -7.5000  -22.5000  -37.500011465.2852    8.0713
    0.0000  -22.5000  -37.500011886.5713    8.0779
    7.5000  -22.5000  -37.500011356.7314    8.0622
   -7.5000  -15.0000  -37.500011944.3193    7.9848
    0.0000  -15.0000  -37.500012393.5518    7.9934
    7.5000  -15.0000  -37.500011824.7354    7.9779
   -7.5000   -7.5000  -37.500012391.9424    7.9398
    0.0000   -7.5000  -37.500012868.9854    7.9502
    7.5000   -7.5000  -37.500012281.8164    7.9353
   -7.5000    0.0000  -37.500012791.6318    7.9274
    0.0000    0.0000  -37.500013284.7578    7.9379
    7.5000    0.0000  -37.500012677.3838    7.9236
   -7.5000    7.5000  -37.500012282.5068    8.0434
    0.0000    7.5000  -37.500012767.4746    8.0517
    7.5000    7.5000  -37.500012166.8799    8.0370
   -7.5000   15.0000  -37.500011760.1035    8.2268
    0.0000   15.0000  -37.500012228.2070    8.2345
    7.5000   15.0000  -37.500011623.4053    8.2190
   -7.5000   22.5000  -37.500011187.7676    8.4408
    0.0000   22.5000  -37.500011645.3955    8.4498
    7.5000   22.5000  -37.500011033.7266    8.4317
   -7.5000   30.0000  -37.500010555.3643    8.5625
    0.0000   30.0000  -37.500010997.1924    8.5745
    7.5000   30.0000  -37.500010399.7764    8.5544
   -7.5000   37.5000  -37.500010280.1426    8.8155
    0.0000   37.5000  -37.500010722.7656    8.8297
    7.5000   37.5000  -37.500010133.8652    8.8076
   -7.5000   45.0000  -37.5000 9698.8369    8.8757
    0.0000   45.0000  -37.500010131.4434    8.8911
    7.5000   45.0000  -37.5000 9565.4014    8.8686
   -7.5000  -45.0000  -30.000010809.5254    8.7784
    0.0000  -45.0000  -30.000011219.3154    8.7926
    7.5000  -45.0000  -30.000010782.8965    8.7756
   -7.5000  -37.5000  -30.000011034.0635    8.7132
    0.0000  -37.5000  -30.000011418.3564    8.7239
    7.5000  -37.5000  -30.000010971.7520    8.7061
   -7.5000  -30.0000  -30.000011631.2334    8.5280
    0.0000  -30.0000  -30.000012042.7725    8.5360
    7.5000  -30.0000  -30.000011531.3350    8.5180
   -7.5000  -22.5000  -30.000012210.4355    8.4014
    0.0000  -22.5000  -30.000012677.1582    8.4100
    7.5000  -22.5000  -30.000012111.4463    8.3928
   -7.5000  -15.0000  -30.000012753.4258    8.3105
    0.0000  -15.0000  -30.000013248.7744    8.3213
    7.5000  -15.0000  -30.000012646.3760    8.3051
   -7.5000   -7.5000  -30.000013271.3535    8.2644
    0.0000   -7.5000  -30.000013771.7051    8.2766
    7.5000   -7.5000  -30.000013157.3887    8.2613
   -7.5000    0.0000  -30.000013712.8350    8.2529
    0.0000    0.0000  -30.000014225.4219    8.2644
    7.5000    0.0000  -30.000013596.5039    8.2494
   -7.5000    7.5000  -30.000013179.2568    8.3747
    0.0000    7.5000  -30.000013681.3350    8.3840
    7.5000    7.5000  -30.000013061.2861    8.3677
   -7.5000   15.0000  -30.000012624.6650    8.5637
    0.0000   15.0000  -30.000013113.1523    8.5725
    7.5000   15.0000  -30.000012493.3945    8.5551
   -7.5000   22.5000  -30.000011992.8691    8.7832
    0.0000   22.5000  -30.000012476.7158    8.7943
    7.5000   22.5000  -30.000011853.9141    8.7751
   -7.5000   30.0000  -30.000011307.2412    8.9108
    0.0000   30.0000  -30.000011780.7744    8.9258
    7.5000   30.0000  -30.000011153.2109    8.9058
   -7.5000   37.5000  -30.000010993.1123    9.1728
    0.0000   37.5000  -30.000011469.5117    9.1898
    7.5000   37.5000  -30.000010851.3838    9.1679
   -7.5000   45.0000  -30.000010365.1982    9.2389
    0.0000   45.0000  -30.000010812.8555    9.2556
    7.5000   45.0000  -30.000010223.5713    9.2332
   -7.5000  -45.0000  -22.500011357.4756    9.0840
    0.0000  -45.0000  -22.500011787.5088    9.0999
    7.5000  -45.0000  -22.500011338.0947    9.0825
   -7.5000  -37.5000  -22.500011618.8770    9.0210
    0.0000  -37.5000  -22.500012032.7402    9.0340
    7.5000  -37.5000  -22.500011562.0176    9.0157
   -7.5000  -30.0000  -22.500012292.2520    8.8318
    0.0000  -30.0000  -22.500012738.3867    8.8433
    7.5000  -30.0000  -22.500012194.4961    8.8251
   -7.5000  -22.5000  -22.500012951.1240    8.6984
    0.0000  -22.5000  -22.500013446.5889    8.7107
    7.5000  -22.5000  -22.500012833.7314    8.6933
   -7.5000  -15.0000  -22.500013557.0283    8.6007
    0.0000  -15.0000  -22.500014080.4824    8.6140
    7.5000  -15.0000  -22.500013423.0127    8.5975
   -7.5000   -7.5000  -22.500014133.3818    8.5512
    0.0000   -7.5000  -22.500014668.4492    8.5646
    7.5000   -7.5000  -22.500014009.6973    8.5490
   -7.5000    0.0000  -22.500014637.8848    8.5405
    0.0000    0.0000  -22.500015197.3545    8.5530
    7.5000    0.0000  -22.500014517.6436    8.5376
   -7.5000    7.5000  -22.500014113.0625    8.6719
    0.0000    7.5000  -22.500014659.1914    8.6833
    7.5000    7.5000  -22.500013994.5850    8.6667
   -7.5000   15.0000  -22.500013513.4648    8.8680
    0.0000   15.0000  -22.500014057.0293    8.8800
    7.5000   15.0000  -22.500013402.0410    8.8621
   -7.5000   22.5000  -22.500012813.2607    9.0927
    0.0000   22.5000  -22.500013334.4287    9.1071
    7.5000   22.5000  -22.500012688.0420    9.0877
   -7.5000   30.0000  -22.500012067.1455    9.2254
    0.0000   30.0000  -22.500012561.6533    9.2428
    7.5000   30.0000  -22.500011926.3711    9.2225
   -7.5000   37.5000  -22.500011735.2529    9.4961
    0.0000   37.5000  -22.500012220.3457    9.5147
    7.5000   37.5000  -22.500011585.3809    9.4925
   -7.5000   45.0000  -22.500011048.6592    9.5684
    0.0000   45.0000  -22.500011518.3662    9.5862
    7.5000   45.0000  -22.500010927.3525    9.5636
   -7.5000  -45.0000  -15.000011865.1777    9.3056
    0.0000  -45.0000  -15.000012324.2725    9.3223
    7.5000  -45.0000  -15.000011856.4316    9.3052
   -7.5000  -37.5000  -15.000012124.7598    9.2445
    0.0000  -37.5000  -15.000012606.0732    9.2591
    7.5000  -37.5000  -15.000012111.1768    9.2418
   -7.5000  -30.0000  -15.000012840.2471    9.0529
    0.0000  -30.0000  -15.000013356.7607    9.0670
    7.5000  -30.0000  -15.000012777.3174    9.0502
   -7.5000  -22.5000  -15.000013566.1709    8.9158
    0.0000  -22.5000  -15.000014121.5596    8.9302
    7.5000  -22.5000  -15.000013482.9639    8.9137
   -7.5000  -15.0000  -15.000014249.8027    8.8132
    0.0000  -15.0000  -15.000014826.2178    8.8271
    7.5000  -15.0000  -15.000014143.5361    8.8106
   -7.5000   -7.5000  -15.000014892.0713    8.7604
    0.0000   -7.5000  -15.000015470.5000    8.7735
    7.5000   -7.5000  -15.000014776.3320    8.7575
   -7.5000    0.0000  -15.000015456.3584    8.7495
    0.0000    0.0000  -15.000016079.5361    8.7620
    7.5000    0.0000  -15.000015345.3008    8.7466
   -7.5000    7.5000  -15.000014963.0029    8.8879
    0.0000    7.5000  -15.000015568.5723    8.9009
    7.5000    7.5000  -15.000014850.0312    8.8852
   -7.5000   15.0000  -15.000014362.2344    9.0908
    0.0000   15.0000  -15.000014943.3203    9.1055
    7.5000   15.0000  -15.000014271.0889    9.0886
   -7.5000   22.5000  -15.000013620.3730    9.3206
    0.0000   22.5000  -15.000014161.1387    9.3366
    7.5000   22.5000  -15.000013520.3008    9.3177
   -7.5000   30.0000  -15.000012837.4541    9.4573
    0.0000   30.0000  -15.000013329.8174    9.4745
    7.5000   30.0000  -15.000012696.7061    9.4534
   -7.5000   37.5000  -15.000012493.9805    9.7359
    0.0000   37.5000  -15.000012990.4551    9.7535
    7.5000   37.5000  -15.000012354.8086    9.7303
   -7.5000   45.0000  -15.000011756.5527    9.8150
    0.0000   45.0000  -15.000012259.7363    9.8327
    7.5000   45.0000  -15.000011655.2236    9.8093
   -7.5000  -45.0000   -7.500012371.3135    9.4155
    0.0000  -45.0000   -7.500012871.7041    9.4318
    7.5000  -45.0000   -7.500012394.0273    9.4147
   -7.5000  -37.5000   -7.500012660.8203    9.3524
    0.0000  -37.5000   -7.500013206.9336    9.3662
    7.5000  -37.5000   -7.500012667.1152    9.3500
   -7.5000  -30.0000   -7.500013445.3926    9.1585
    0.0000  -30.0000   -7.500014030.9541    9.1714
    7.5000  -30.0000   -7.500013394.5508    9.1559
   -7.5000  -22.5000   -7.500014239.6123    9.0221
    0.0000  -22.5000   -7.500014857.4209    9.0348
    7.5000  -22.5000   -7.500014145.8945    9.0191
   -7.5000  -15.0000   -7.500014984.9580    8.9196
    0.0000  -15.0000   -7.500015625.7051    8.9318
    7.5000  -15.0000   -7.500014868.9170    8.9151
   -7.5000   -7.5000   -7.500015674.2842    8.8658
    0.0000   -7.5000   -7.500016340.3633    8.8776
    7.5000   -7.5000   -7.500015537.1582    8.8611
   -7.5000    0.0000   -7.500016302.6328    8.8532
    0.0000    0.0000   -7.500016996.0410    8.8650
    7.5000    0.0000   -7.500016159.5625    8.8497
   -7.5000    7.5000   -7.500015807.4639    8.9914
    0.0000    7.5000   -7.500016476.7422    9.0037
    7.5000    7.5000   -7.500015686.0410    8.9890
   -7.5000   15.0000   -7.500015264.7227    9.1985
    0.0000   15.0000   -7.500015871.1172    9.2123
    7.5000   15.0000   -7.500015166.3994    9.1967
   -7.5000   22.5000   -7.500014576.7607    9.4320
    0.0000   22.5000   -7.500015125.8193    9.4462
    7.5000   22.5000   -7.500014474.3359    9.4275
   -7.5000   30.0000   -7.500013783.5156    9.5719
    0.0000   30.0000   -7.500014278.8848    9.5866
    7.5000   30.0000   -7.500013631.2070    9.5643
   -7.5000   37.5000   -7.500013440.9629    9.8554
    0.0000   37.5000   -7.500013929.6738    9.8706
    7.5000   37.5000   -7.500013256.0635    9.8460
   -7.5000   45.0000   -7.500012617.0283    9.9398
    0.0000   45.0000   -7.500013146.5576    9.9567
    7.5000   45.0000   -7.500012455.6045    9.9318
   -7.5000  -45.0000    0.000012818.3262    9.4342
    0.0000  -45.0000    0.000013320.8857    9.4494
    7.5000  -45.0000    0.000012851.6572    9.4319
   -7.5000  -37.5000    0.000013120.9004    9.3664
    0.0000  -37.5000    0.000013673.2305    9.3783
    7.5000  -37.5000    0.000013137.4111    9.3619
   -7.5000  -30.0000    0.000013966.6338    9.1700
    0.0000  -30.0000    0.000014563.6533    9.1795
    7.5000  -30.0000    0.000013917.4062    9.1636
   -7.5000  -22.5000    0.000014817.6895    9.0361
    0.0000  -22.5000    0.000015464.8115    9.0453
    7.5000  -22.5000    0.000014732.3330    9.0290
   -7.5000  -15.0000    0.000015636.6836    8.9369
    0.0000  -15.0000    0.000016292.4482    8.9470
    7.5000  -15.0000    0.000015522.9941    8.9300
   -7.5000   -7.5000    0.000016429.2793    8.8845
    0.0000   -7.5000    0.000017101.9004    8.8955
    7.5000   -7.5000    0.000016277.4482    8.8788
   -7.5000    0.0000    0.000017122.4434    8.8703
    0.0000    0.0000    0.000017820.6406    8.8817
    7.5000    0.0000    0.000016944.7109    8.8661
   -7.5000    7.5000    0.000016589.2832    9.0035
    0.0000    7.5000    0.000017261.0801    9.0140
    7.5000    7.5000    0.000016435.4883    8.9990
   -7.5000   15.0000    0.000016126.7490    9.2110
    0.0000   15.0000    0.000016800.4434    9.2217
    7.5000   15.0000    0.000015946.4658    9.2059
   -7.5000   22.5000    0.000015659.2500    9.4474
    0.0000   22.5000    0.000016392.8066    9.4585
    7.5000   22.5000    0.000015384.7246    9.4391
   -7.5000   30.0000    0.000014918.5430    9.5894
    0.0000   30.0000    0.000015618.5791    9.6022
    7.5000   30.0000    0.000014564.6650    9.5792
   -7.5000   37.5000    0.000014462.9707    9.8737
    0.0000   37.5000    0.000015106.2607    9.8881
    7.5000   37.5000    0.000014090.0195    9.8628
   -7.5000   45.0000    0.000013432.7891    9.9607
    0.0000   45.0000    0.000014060.6729    9.9775
    7.5000   45.0000    0.000013128.4404    9.9517
   -7.5000  -45.0000    7.500012311.5400    9.4296
    0.0000  -45.0000    7.500012736.7695    9.4443
    7.5000  -45.0000    7.500012354.4648    9.4263
   -7.5000  -37.5000    7.500012679.2197    9.3587
    0.0000  -37.5000    7.500013140.4062    9.3694
    7.5000  -37.5000    7.500012683.5303    9.3515
   -7.5000  -30.0000    7.500013514.3652    9.1598
    0.0000  -30.0000    7.500014038.6836    9.1671
    7.5000  -30.0000    7.500013470.5088    9.1494
   -7.5000  -22.5000    7.500014358.6465    9.0260
    0.0000  -22.5000    7.500014918.9385    9.0335
    7.5000  -22.5000    7.500014275.3887    9.0159
   -7.5000  -15.0000    7.500015141.3203    8.9294
    0.0000  -15.0000    7.500015728.9609    8.9390
    7.5000  -15.0000    7.500015034.0273    8.9217
   -7.5000   -7.5000    7.500015923.2275    8.8792
    0.0000   -7.5000    7.500016540.1582    8.8908
    7.5000   -7.5000    7.500015766.2568    8.8742
   -7.5000    0.0000    7.500016688.8496    8.8654
    0.0000    0.0000    7.500017351.1660    8.8770
    7.5000    0.0000    7.500016457.2422    8.8611
   -7.5000    7.5000    7.500016243.8809    8.9949
    0.0000    7.5000    7.500016933.1777    9.0042
    7.5000    7.5000    7.500015962.5098    8.9879
   -7.5000   15.0000    7.500015846.2930    9.1999
    0.0000   15.0000    7.500016598.0957    9.2084
    7.5000   15.0000    7.500015464.8271    9.1912
   -7.5000   22.5000    7.500015393.4189    9.4359
    0.0000   22.5000    7.500016238.2910    9.4459
    7.5000   22.5000    7.500014907.6084    9.4258
   -7.5000   30.0000    7.500014680.9854    9.5786
    0.0000   30.0000    7.500015435.2773    9.5920
    7.5000   30.0000    7.500014163.8828    9.5696
   -7.5000   37.5000    7.500014154.3730    9.8615
    0.0000   37.5000    7.500014851.7480    9.8774
    7.5000   37.5000    7.500013690.8496    9.8528
   -7.5000   45.0000    7.500013039.7441    9.9481
    0.0000   45.0000    7.500013692.5000    9.9654
    7.5000   45.0000    7.500012697.0176    9.9402
   -7.5000  -45.0000   15.000011749.3428    9.4266
    0.0000  -45.0000   15.000012108.4717    9.4419
    7.5000  -45.0000   15.000011773.2256    9.4236
   -7.5000  -37.5000   15.000012097.6152    9.3567
    0.0000  -37.5000   15.000012496.7432    9.3681
    7.5000  -37.5000   15.000012100.4570    9.3490
   -7.5000  -30.0000   15.000012901.9434    9.1577
    0.0000  -30.0000   15.000013399.4141    9.1663
    7.5000  -30.0000   15.000012877.4395    9.1471
   -7.5000  -22.5000   15.000013716.4297    9.0218
    0.0000  -22.5000   15.000014267.1436    9.0310
    7.5000  -22.5000   15.000013632.0518    9.0126
   -7.5000  -15.0000   15.000014466.4082    8.9242
    0.0000  -15.0000   15.000015058.8428    8.9358
    7.5000  -15.0000   15.000014346.1885    8.9184
   -7.5000   -7.5000   15.000015200.1963    8.8747
    0.0000   -7.5000   15.000015851.5449    8.8877
    7.5000   -7.5000   15.000015031.1572    8.8714
   -7.5000    0.0000   15.000015904.1904    8.8623
    0.0000    0.0000   15.000016595.0938    8.8747
    7.5000    0.0000   15.000015688.2725    8.8586
   -7.5000    7.5000   15.000015476.2344    8.9931
    0.0000    7.5000   15.000016207.2715    9.0031
    7.5000    7.5000   15.000015196.9385    8.9857
   -7.5000   15.0000   15.000015044.3203    9.1961
    0.0000   15.0000   15.000015800.4111    9.2055
    7.5000   15.0000   15.000014696.5654    9.1868
   -7.5000   22.5000   15.000014443.5322    9.4298
    0.0000   22.5000   15.000015165.6279    9.4416
    7.5000   22.5000   15.000014078.4990    9.4210
   -7.5000   30.0000   15.000013652.5195    9.5716
    0.0000   30.0000   15.000014259.1699    9.5878
    7.5000   30.0000   15.000013311.3838    9.5662
   -7.5000   37.5000   15.000013240.5479    9.8531
    0.0000   37.5000   15.000013792.6680    9.8713
    7.5000   37.5000   15.000012909.5977    9.8478
   -7.5000   45.0000   15.000012312.6797    9.9372
    0.0000   45.0000   15.000012842.9395    9.9552
    7.5000   45.0000   15.000012031.3145    9.9311
   -7.5000  -45.0000   22.500010986.1826    9.4448
    0.0000  -45.0000   22.500011348.1250    9.4613
    7.5000  -45.0000   22.500010989.7109    9.4432
   -7.5000  -37.5000   22.500011296.0742    9.3792
    0.0000  -37.5000   22.500011701.6934    9.3927
    7.5000  -37.5000   22.500011292.5879    9.3736
   -7.5000  -30.0000   22.500012057.4834    9.1821
    0.0000  -30.0000   22.500012546.9727    9.1941
    7.5000  -30.0000   22.500012029.0781    9.1752
   -7.5000  -22.5000   22.500012834.6436    9.0433
    0.0000  -22.5000   22.500013372.1816    9.0560
    7.5000  -22.5000   22.500012741.9150    9.0379
   -7.5000  -15.0000   22.500013501.7627    8.9416
    0.0000  -15.0000   22.500014088.0488    8.9553
    7.5000  -15.0000   22.500013387.0820    8.9382
   -7.5000   -7.5000   22.500014144.6299    8.8900
    0.0000   -7.5000   22.500014764.3818    8.9039
    7.5000   -7.5000   22.500014000.9473    8.8877
   -7.5000    0.0000   22.500014758.5254    8.8788
    0.0000    0.0000   22.500015402.5898    8.8919
    7.5000    0.0000   22.500014590.1572    8.8758
   -7.5000    7.5000   22.500014320.6240    9.0156
    0.0000    7.5000   22.500014959.3467    9.0275
    7.5000    7.5000   22.500014154.8975    9.0102
   -7.5000   15.0000   22.500013844.8291    9.2198
    0.0000   15.0000   22.500014487.2246    9.2323
    7.5000   15.0000   22.500013674.3418    9.2137
   -7.5000   22.5000   22.500013196.2686    9.4524
    0.0000   22.5000   22.500013776.8262    9.4674
    7.5000   22.5000   22.500013062.1406    9.4472
   -7.5000   30.0000   22.500012455.1553    9.5935
    0.0000   30.0000   22.500012915.9434    9.6117
    7.5000   30.0000   22.500012314.5420    9.5905
   -7.5000   37.5000   22.500012146.0684    9.8755
    0.0000   37.5000   22.500012606.3252    9.8949
    7.5000   37.5000   22.500011980.2285    9.8718
   -7.5000   45.0000   22.500011415.8584    9.9585
    0.0000   45.0000   22.500011864.2490    9.9771
    7.5000   45.0000   22.500011235.9355    9.9535
   -7.5000  -45.0000   30.000010110.0420    9.5499
    0.0000  -45.0000   30.000010451.3926    9.5672
    7.5000  -45.0000   30.000010076.4111    9.5495
   -7.5000  -37.5000   30.000010411.9414    9.4864
    0.0000  -37.5000   30.000010776.3232    9.5015
    7.5000  -37.5000   30.000010367.2432    9.4837
   -7.5000  -30.0000   30.000011075.4551    9.2877
    0.0000  -30.0000   30.000011508.5791    9.3023
    7.5000  -30.0000   30.000011045.2979    9.2850
   -7.5000  -22.5000   30.000011753.2510    9.1456
    0.0000  -22.5000   30.000012229.8916    9.1605
    7.5000  -22.5000   30.000011709.0664    9.1434
   -7.5000  -15.0000   30.000012378.1406    9.0390
    0.0000  -15.0000   30.000012878.7979    9.0534
    7.5000  -15.0000   30.000012322.6943    9.0363
   -7.5000   -7.5000   30.000012977.1436    8.9841
    0.0000   -7.5000   30.000013486.4990    8.9975
    7.5000   -7.5000   30.000012898.1328    8.9811
   -7.5000    0.0000   30.000013540.2080    8.9726
    0.0000    0.0000   30.000014100.1260    8.9854
    7.5000    0.0000   30.000013446.9365    8.9696
   -7.5000    7.5000   30.000013145.9766    9.1162
    0.0000    7.5000   30.000013694.3721    9.1296
    7.5000    7.5000   30.000013029.1943    9.1135
   -7.5000   15.0000   30.000012655.8330    9.3254
    0.0000   15.0000   30.000013193.2520    9.3406
    7.5000   15.0000   30.000012554.2490    9.3232
   -7.5000   22.5000   30.000012036.5186    9.5584
    0.0000   22.5000   30.000012501.1533    9.5749
    7.5000   22.5000   30.000011970.3311    9.5553
   -7.5000   30.0000   30.000011360.6758    9.6995
    0.0000   30.0000   30.000011760.2275    9.7173
    7.5000   30.0000   30.000011292.6807    9.6954
   -7.5000   37.5000   30.000011132.6758    9.9872
    0.0000   37.5000   30.000011535.5117   10.0053
    7.5000   37.5000   30.000011036.1963    9.9814
   -7.5000   45.0000   30.000010506.3008   10.0742
    0.0000   45.0000   30.000010890.7900   10.0926
    7.5000   45.0000   30.000010388.9648   10.0684
   -7.5000  -45.0000   37.5000 9724.6250    9.8399
    0.0000  -45.0000   37.500010034.9551    9.8574
    7.5000  -45.0000   37.5000 9705.0537    9.8396
   -7.5000  -37.5000   37.500010010.7266    9.7600
    0.0000  -37.5000   37.500010338.7559    9.7748
    7.5000  -37.5000   37.5000 9978.6836    9.7579
   -7.5000  -30.0000   37.500010631.4600    9.5542
    0.0000  -30.0000   37.500011007.8809    9.5679
    7.5000  -30.0000   37.500010618.4590    9.5517
   -7.5000  -22.5000   37.500011258.6738    9.4100
    0.0000  -22.5000   37.500011669.3213    9.4235
    7.5000  -22.5000   37.500011247.7207    9.4068
   -7.5000  -15.0000   37.500011870.5605    9.3013
    0.0000  -15.0000   37.500012310.5410    9.3141
    7.5000  -15.0000   37.500011852.1924    9.2964
   -7.5000   -7.5000   37.500012452.3936    9.2433
    0.0000   -7.5000   37.500012932.3105    9.2558
    7.5000   -7.5000   37.500012413.9814    9.2385
   -7.5000    0.0000   37.500012990.7256    9.2286
    0.0000    0.0000   37.500013491.7979    9.2412
    7.5000    0.0000   37.500012938.9951    9.2252
   -7.5000    7.5000   37.500012580.5156    9.3683
    0.0000    7.5000   37.500013080.1611    9.3814
    7.5000    7.5000   37.500012499.3857    9.3661
   -7.5000   15.0000   37.500012081.4453    9.5739
    0.0000   15.0000   37.500012568.0332    9.5886
    7.5000   15.0000   37.500011995.4248    9.5724
   -7.5000   22.5000   37.500011455.7871    9.8065
    0.0000   22.5000   37.500011868.4189    9.8215
    7.5000   22.5000   37.500011394.6953    9.8017
   -7.5000   30.0000   37.500010820.7070    9.9447
    0.0000   30.0000   37.500011202.7988    9.9601
    7.5000   30.0000   37.500010773.7578    9.9363
   -7.5000   37.5000   37.500010628.4209   10.2346
    0.0000   37.5000   37.500011007.7393   10.2503
    7.5000   37.5000   37.500010562.7109   10.2241
   -7.5000   45.0000   37.500010050.2627   10.3221
    0.0000   45.0000   37.500010428.8398   10.3399
    7.5000   45.0000   37.5000 9976.6006   10.3134
   -7.5000  -45.0000   45.0000 9028.9492   10.1728
    0.0000  -45.0000   45.0000 9357.0830   10.1906
    7.5000  -45.0000   45.0000 9008.2979   10.1714
   -7.5000  -37.5000   45.0000 9295.7930   10.0739
    0.0000  -37.5000   45.0000 9627.7549   10.0878
    7.5000  -37.5000   45.0000 9269.4150   10.0696
   -7.5000  -30.0000   45.0000 9856.0107    9.8537
    0.0000  -30.0000   45.000010224.5752    9.8646
    7.5000  -30.0000   45.0000 9860.5430    9.8471
   -7.5000  -22.5000   45.000010405.5234    9.7052
    0.0000  -22.5000   45.000010805.3193    9.7159
    7.5000  -22.5000   45.000010422.1113    9.6980
   -7.5000  -15.0000   45.000010966.4443    9.5954
    0.0000  -15.0000   45.000011390.5449    9.6071
    7.5000  -15.0000   45.000010958.5352    9.5884
   -7.5000   -7.5000   45.000011512.8496    9.5369
    0.0000   -7.5000   45.000011965.5068    9.5497
    7.5000   -7.5000   45.000011492.6416    9.5314
   -7.5000    0.0000   45.000012018.5400    9.5197
    0.0000    0.0000   45.000012487.9561    9.5328
    7.5000    0.0000   45.000011986.5156    9.5158
   -7.5000    7.5000   45.000011624.1943    9.6527
    0.0000    7.5000   45.000012082.5586    9.6649
    7.5000    7.5000   45.000011557.2266    9.6483
   -7.5000   15.0000   45.000011163.2959    9.8566
    0.0000   15.0000   45.000011598.5752    9.8689
    7.5000   15.0000   45.000011069.2891    9.8515
   -7.5000   22.5000   45.000010560.6660   10.0941
    0.0000   22.5000   45.000010953.9072   10.1069
    7.5000   22.5000   45.000010502.7930   10.0856
   -7.5000   30.0000   45.0000 9952.3135   10.2341
    0.0000   30.0000   45.000010332.2275   10.2488
    7.5000   30.0000   45.0000 9906.8760   10.2233
   -7.5000   37.5000   45.0000 9792.5195   10.5286
    0.0000   37.5000   45.000010158.0010   10.5449
    7.5000   37.5000   45.0000 9721.1152   10.5166
   -7.5000   45.0000   45.0000 9269.0195   10.6224
    0.0000   45.0000   45.0000 9613.2920   10.6413
    7.5000   45.0000   45.0000 9191.5498   10.6124

---------------------------------------------------------------------
imgreg_4dfp /opt/freesurfer/average/711-2C_as_mni_average_305 /opt/freesurfer/average/711-2B_as_mni_average_305_mask talsrcimg_g11 none talsrcimg_to_711-2C_as_mni_average_305_t4 4355
---------------------------------------------------------------------

freesurfer imgreg_4dfp.c
/opt/freesurfer/average/711-2C_as_mni_average_305.4dfp.img
       256       256       256         1
  1.000000  1.000000  1.000000
orientation T byte_order littleendian
Reading image: /opt/freesurfer/average/711-2C_as_mni_average_305.4dfp.img
dimensions:      256       256       256
mmppix:       1.0000   -1.0000   -1.0000
center:     128.0000 -129.0000 -129.0000
/opt/freesurfer/average/711-2B_as_mni_average_305_mask.4dfp.img
       256       256       256         1
  1.000000  1.000000  1.000000
orientation T byte_order littleendian
Reading mask: /opt/freesurfer/average/711-2B_as_mni_average_305_mask.4dfp.img (2306576 pixels)
talsrcimg_g11.4dfp.img
       256       256       256         1
  1.000000  1.000000  1.000000
orientation T byte_order littleendian
Reading image: talsrcimg_g11.4dfp.img
dimensions:      256       256       256
mmppix:       1.0000   -1.0000   -1.0000
center:     128.0000 -129.0000 -129.0000
rotation matrix determinant  1.000000
image alignment mode   4355 decimal     1103 hex
   -7.5000  -45.0000  -45.0000 2378.3059   11.9281
    0.0000  -45.0000  -45.0000 2393.9961   11.8407
    7.5000  -45.0000  -45.0000 2385.1826   11.9763
   -7.5000  -37.5000  -45.0000 2381.2063   11.9186
    0.0000  -37.5000  -45.0000 2394.7166   11.8353
    7.5000  -37.5000  -45.0000 2388.0427   11.9611
   -7.5000  -30.0000  -45.0000 2388.1868   11.8638
    0.0000  -30.0000  -45.0000 2399.6685   11.7794
    7.5000  -30.0000  -45.0000 2393.5181   11.9071
   -7.5000  -22.5000  -45.0000 2401.4988   11.7851
    0.0000  -22.5000  -45.0000 2411.8245   11.7279
    7.5000  -22.5000  -45.0000 2404.1191   11.8384
   -7.5000  -15.0000  -45.0000 2417.9778   11.6698
    0.0000  -15.0000  -45.0000 2429.5681   11.6336
    7.5000  -15.0000  -45.0000 2419.5044   11.7494
   -7.5000   -7.5000  -45.0000 2440.5432   11.5757
    0.0000   -7.5000  -45.0000 2454.6597   11.5590
    7.5000   -7.5000  -45.0000 2438.9429   11.6708
   -7.5000    0.0000  -45.0000 2458.0559   11.5229
    0.0000    0.0000  -45.0000 2467.7126   11.5375
    7.5000    0.0000  -45.0000 2452.3101   11.6236
   -7.5000    7.5000  -45.0000 2469.2336   11.5309
    0.0000    7.5000  -45.0000 2476.2678   11.5485
    7.5000    7.5000  -45.0000 2460.6211   11.6263
   -7.5000   15.0000  -45.0000 2470.8333   11.5525
    0.0000   15.0000  -45.0000 2482.2239   11.5486
    7.5000   15.0000  -45.0000 2460.5273   11.6374
   -7.5000   22.5000  -45.0000 2469.8481   11.6085
    0.0000   22.5000  -45.0000 2482.8428   11.5837
    7.5000   22.5000  -45.0000 2456.6074   11.6843
   -7.5000   30.0000  -45.0000 2464.5027   11.7219
    0.0000   30.0000  -45.0000 2478.8660   11.6899
    7.5000   30.0000  -45.0000 2452.6196   11.7954
   -7.5000   37.5000  -45.0000 2448.7598   11.9699
    0.0000   37.5000  -45.0000 2464.8394   11.9249
    7.5000   37.5000  -45.0000 2439.2954   12.0433
   -7.5000   45.0000  -45.0000 2422.7153   12.4128
    0.0000   45.0000  -45.0000 2434.7026   12.3808
    7.5000   45.0000  -45.0000 2406.8833   12.5356
   -7.5000  -45.0000  -37.5000 2467.9763   11.1686
    0.0000  -45.0000  -37.5000 2487.1980   11.0931
    7.5000  -45.0000  -37.5000 2475.5068   11.2378
   -7.5000  -37.5000  -37.5000 2469.5532   11.1421
    0.0000  -37.5000  -37.5000 2483.7859   11.0609
    7.5000  -37.5000  -37.5000 2473.5256   11.1900
   -7.5000  -30.0000  -37.5000 2475.8601   11.0762
    0.0000  -30.0000  -37.5000 2488.1230   10.9998
    7.5000  -30.0000  -37.5000 2476.6958   11.1035
   -7.5000  -22.5000  -37.5000 2491.7576   10.9864
    0.0000  -22.5000  -37.5000 2504.0847   10.9257
    7.5000  -22.5000  -37.5000 2491.1792   11.0243
   -7.5000  -15.0000  -37.5000 2514.5146   10.8741
    0.0000  -15.0000  -37.5000 2527.6697   10.8250
    7.5000  -15.0000  -37.5000 2508.1064   10.9289
   -7.5000   -7.5000  -37.5000 2538.6819   10.7785
    0.0000   -7.5000  -37.5000 2551.6792   10.7667
    7.5000   -7.5000  -37.5000 2534.2114   10.8515
   -7.5000    0.0000  -37.5000 2554.4978   10.7075
    0.0000    0.0000  -37.5000 2568.7957   10.7130
    7.5000    0.0000  -37.5000 2549.8645   10.7900
   -7.5000    7.5000  -37.5000 2564.0732   10.6950
    0.0000    7.5000  -37.5000 2575.1208   10.7052
    7.5000    7.5000  -37.5000 2555.8252   10.7587
   -7.5000   15.0000  -37.5000 2570.4216   10.7026
    0.0000   15.0000  -37.5000 2576.9580   10.6913
    7.5000   15.0000  -37.5000 2555.1858   10.7674
   -7.5000   22.5000  -37.5000 2575.1907   10.7455
    0.0000   22.5000  -37.5000 2587.0596   10.7282
    7.5000   22.5000  -37.5000 2554.8108   10.8235
   -7.5000   30.0000  -37.5000 2568.0183   10.8512
    0.0000   30.0000  -37.5000 2578.3623   10.8356
    7.5000   30.0000  -37.5000 2550.2786   10.9369
   -7.5000   37.5000  -37.5000 2549.9927   11.0915
    0.0000   37.5000  -37.5000 2565.6875   11.0850
    7.5000   37.5000  -37.5000 2536.4258   11.1983
   -7.5000   45.0000  -37.5000 2519.6599   11.5070
    0.0000   45.0000  -37.5000 2535.2959   11.4973
    7.5000   45.0000  -37.5000 2503.4731   11.6250
   -7.5000  -45.0000  -30.0000 2595.5081   10.8684
    0.0000  -45.0000  -30.0000 2616.3669   10.8058
    7.5000  -45.0000  -30.0000 2600.3723   10.9288
   -7.5000  -37.5000  -30.0000 2593.0977   10.8259
    0.0000  -37.5000  -30.0000 2608.7261   10.7543
    7.5000  -37.5000  -30.0000 2596.8369   10.8775
   -7.5000  -30.0000  -30.0000 2603.6353   10.7568
    0.0000  -30.0000  -30.0000 2618.1130   10.6947
    7.5000  -30.0000  -30.0000 2604.1519   10.8044
   -7.5000  -22.5000  -30.0000 2618.8044   10.6582
    0.0000  -22.5000  -30.0000 2634.9451   10.6175
    7.5000  -22.5000  -30.0000 2619.1025   10.7160
   -7.5000  -15.0000  -30.0000 2641.9617   10.5318
    0.0000  -15.0000  -30.0000 2657.9648   10.5047
    7.5000  -15.0000  -30.0000 2639.5588   10.6112
   -7.5000   -7.5000  -30.0000 2667.8127   10.4169
    0.0000   -7.5000  -30.0000 2680.2656   10.4088
    7.5000   -7.5000  -30.0000 2663.5325   10.5125
   -7.5000    0.0000  -30.0000 2681.1433   10.3195
    0.0000    0.0000  -30.0000 2695.9504   10.3023
    7.5000    0.0000  -30.0000 2676.5522   10.3962
   -7.5000    7.5000  -30.0000 2689.6682   10.2833
    0.0000    7.5000  -30.0000 2705.3286   10.2701
    7.5000    7.5000  -30.0000 2684.5535   10.3380
   -7.5000   15.0000  -30.0000 2698.7703   10.2791
    0.0000   15.0000  -30.0000 2709.4929   10.2700
    7.5000   15.0000  -30.0000 2685.5964   10.3349
   -7.5000   22.5000  -30.0000 2713.9578   10.2990
    0.0000   22.5000  -30.0000 2729.0513   10.2952
    7.5000   22.5000  -30.0000 2695.4695   10.3906
   -7.5000   30.0000  -30.0000 2716.7163   10.4099
    0.0000   30.0000  -30.0000 2726.1223   10.4093
    7.5000   30.0000  -30.0000 2689.8643   10.5172
   -7.5000   37.5000  -30.0000 2702.1077   10.6534
    0.0000   37.5000  -30.0000 2715.5579   10.6515
    7.5000   37.5000  -30.0000 2679.6697   10.7782
   -7.5000   45.0000  -30.0000 2670.7256   11.0812
    0.0000   45.0000  -30.0000 2683.8303   11.0553
    7.5000   45.0000  -30.0000 2648.1648   11.1947
   -7.5000  -45.0000  -22.5000 2687.9463   10.4675
    0.0000  -45.0000  -22.5000 2703.3140   10.4321
    7.5000  -45.0000  -22.5000 2692.5251   10.5626
   -7.5000  -37.5000  -22.5000 2687.2920   10.4414
    0.0000  -37.5000  -22.5000 2702.1440   10.3758
    7.5000  -37.5000  -22.5000 2687.6313   10.5125
   -7.5000  -30.0000  -22.5000 2701.7747   10.3794
    0.0000  -30.0000  -22.5000 2716.1624   10.3154
    7.5000  -30.0000  -22.5000 2697.4800   10.4341
   -7.5000  -22.5000  -22.5000 2712.5312   10.2684
    0.0000  -22.5000  -22.5000 2732.2378   10.2223
    7.5000  -22.5000  -22.5000 2714.1606   10.3058
   -7.5000  -15.0000  -22.5000 2730.6594   10.1357
    0.0000  -15.0000  -22.5000 2747.2766   10.1039
    7.5000  -15.0000  -22.5000 2727.9343   10.1884
   -7.5000   -7.5000  -22.5000 2751.9741    9.9881
    0.0000   -7.5000  -22.5000 2767.9265    9.9777
    7.5000   -7.5000  -22.5000 2753.4624   10.0744
   -7.5000    0.0000  -22.5000 2765.1748    9.8737
    0.0000    0.0000  -22.5000 2782.6135    9.8571
    7.5000    0.0000  -22.5000 2763.0322    9.9603
   -7.5000    7.5000  -22.5000 2780.8162    9.8038
    0.0000    7.5000  -22.5000 2800.1265    9.7857
    7.5000    7.5000  -22.5000 2774.0544    9.8878
   -7.5000   15.0000  -22.5000 2795.9045    9.7996
    0.0000   15.0000  -22.5000 2815.8123    9.7740
    7.5000   15.0000  -22.5000 2786.7922    9.8805
   -7.5000   22.5000  -22.5000 2817.2883    9.8267
    0.0000   22.5000  -22.5000 2834.0107    9.7881
    7.5000   22.5000  -22.5000 2796.1121    9.9241
   -7.5000   30.0000  -22.5000 2828.6975    9.9081
    0.0000   30.0000  -22.5000 2838.6807    9.8896
    7.5000   30.0000  -22.5000 2798.8818   10.0349
   -7.5000   37.5000  -22.5000 2821.6194   10.1609
    0.0000   37.5000  -22.5000 2829.8315   10.1351
    7.5000   37.5000  -22.5000 2793.3540   10.2804
   -7.5000   45.0000  -22.5000 2788.0466   10.5930
    0.0000   45.0000  -22.5000 2800.0642   10.5547
    7.5000   45.0000  -22.5000 2767.4192   10.7066
   -7.5000  -45.0000  -15.0000 2738.7568   10.1148
    0.0000  -45.0000  -15.0000 2755.7598   10.1012
    7.5000  -45.0000  -15.0000 2749.6633   10.2144
   -7.5000  -37.5000  -15.0000 2739.6475   10.0623
    0.0000  -37.5000  -15.0000 2757.5989   10.0308
    7.5000  -37.5000  -15.0000 2746.0322   10.1399
   -7.5000  -30.0000  -15.0000 2748.7490    9.9956
    0.0000  -30.0000  -15.0000 2768.1003    9.9560
    7.5000  -30.0000  -15.0000 2750.4343   10.0544
   -7.5000  -22.5000  -15.0000 2757.5227    9.8849
    0.0000  -22.5000  -15.0000 2782.4075    9.8250
    7.5000  -22.5000  -15.0000 2764.4446    9.9141
   -7.5000  -15.0000  -15.0000 2772.6157    9.7402
    0.0000  -15.0000  -15.0000 2794.2988    9.6797
    7.5000  -15.0000  -15.0000 2780.3464    9.7838
   -7.5000   -7.5000  -15.0000 2795.0322    9.5833
    0.0000   -7.5000  -15.0000 2810.6248    9.5350
    7.5000   -7.5000  -15.0000 2803.8892    9.6402
   -7.5000    0.0000  -15.0000 2806.7625    9.4669
    0.0000    0.0000  -15.0000 2826.7126    9.4241
    7.5000    0.0000  -15.0000 2814.3545    9.5168
   -7.5000    7.5000  -15.0000 2833.9431    9.3942
    0.0000    7.5000  -15.0000 2849.7041    9.3535
    7.5000    7.5000  -15.0000 2830.9609    9.4639
   -7.5000   15.0000  -15.0000 2855.6887    9.3754
    0.0000   15.0000  -15.0000 2874.4136    9.3280
    7.5000   15.0000  -15.0000 2850.1562    9.4497
   -7.5000   22.5000  -15.0000 2883.2791    9.4048
    0.0000   22.5000  -15.0000 2898.4106    9.3452
    7.5000   22.5000  -15.0000 2864.2786    9.5100
   -7.5000   30.0000  -15.0000 2901.6475    9.4929
    0.0000   30.0000  -15.0000 2912.7776    9.4198
    7.5000   30.0000  -15.0000 2871.9211    9.6127
   -7.5000   37.5000  -15.0000 2899.9290    9.7368
    0.0000   37.5000  -15.0000 2907.0149    9.6712
    7.5000   37.5000  -15.0000 2871.2502    9.8633
   -7.5000   45.0000  -15.0000 2864.4060   10.1510
    0.0000   45.0000  -15.0000 2876.2776   10.0839
    7.5000   45.0000  -15.0000 2847.5459   10.2721
   -7.5000  -45.0000   -7.5000 2765.3533    9.8590
    0.0000  -45.0000   -7.5000 2787.9583    9.8455
    7.5000  -45.0000   -7.5000 2775.6985    9.9424
   -7.5000  -37.5000   -7.5000 2763.3926    9.7867
    0.0000  -37.5000   -7.5000 2788.6790    9.7718
    7.5000  -37.5000   -7.5000 2770.7432    9.8495
   -7.5000  -30.0000   -7.5000 2769.4502    9.7237
    0.0000  -30.0000   -7.5000 2793.5430    9.6864
    7.5000  -30.0000   -7.5000 2773.3181    9.7444
   -7.5000  -22.5000   -7.5000 2776.9539    9.6214
    0.0000  -22.5000   -7.5000 2798.9397    9.5604
    7.5000  -22.5000   -7.5000 2786.0579    9.6194
   -7.5000  -15.0000   -7.5000 2789.0393    9.4506
    0.0000  -15.0000   -7.5000 2809.8113    9.3872
    7.5000  -15.0000   -7.5000 2800.6692    9.4636
   -7.5000   -7.5000   -7.5000 2807.4795    9.2918
    0.0000   -7.5000   -7.5000 2825.4924    9.2284
    7.5000   -7.5000   -7.5000 2815.5425    9.3182
   -7.5000    0.0000   -7.5000 2823.7590    9.1510
    0.0000    0.0000   -7.5000 2843.2646    9.0911
    7.5000    0.0000   -7.5000 2831.1821    9.1799
   -7.5000    7.5000   -7.5000 2856.3987    9.0675
    0.0000    7.5000   -7.5000 2871.7654    9.0015
    7.5000    7.5000   -7.5000 2855.7405    9.1046
   -7.5000   15.0000   -7.5000 2888.9021    9.0667
    0.0000   15.0000   -7.5000 2902.6675    8.9785
    7.5000   15.0000   -7.5000 2886.2437    9.1066
   -7.5000   22.5000   -7.5000 2928.2415    9.1273
    0.0000   22.5000   -7.5000 2937.6631    9.0391
    7.5000   22.5000   -7.5000 2914.9739    9.1986
   -7.5000   30.0000   -7.5000 2956.6782    9.2320
    0.0000   30.0000   -7.5000 2968.9460    9.1378
    7.5000   30.0000   -7.5000 2933.5410    9.3559
   -7.5000   37.5000   -7.5000 2960.7527    9.4447
    0.0000   37.5000   -7.5000 2966.7234    9.3365
    7.5000   37.5000   -7.5000 2929.6392    9.5728
   -7.5000   45.0000   -7.5000 2918.8542    9.8168
    0.0000   45.0000   -7.5000 2926.2593    9.7365
    7.5000   45.0000   -7.5000 2899.1428    9.9245
   -7.5000  -45.0000    0.0000 2762.4519    9.7333
    0.0000  -45.0000    0.0000 2786.3857    9.6897
    7.5000  -45.0000    0.0000 2778.1733    9.7982
   -7.5000  -37.5000    0.0000 2759.7778    9.6548
    0.0000  -37.5000    0.0000 2785.8657    9.6179
    7.5000  -37.5000    0.0000 2775.3955    9.6955
   -7.5000  -30.0000    0.0000 2767.0029    9.6049
    0.0000  -30.0000    0.0000 2790.4146    9.5429
    7.5000  -30.0000    0.0000 2777.9861    9.6043
   -7.5000  -22.5000    0.0000 2775.0852    9.5106
    0.0000  -22.5000    0.0000 2796.2295    9.4404
    7.5000  -22.5000    0.0000 2784.5815    9.5005
   -7.5000  -15.0000    0.0000 2785.5857    9.3649
    0.0000  -15.0000    0.0000 2802.8479    9.2741
    7.5000  -15.0000    0.0000 2795.7480    9.3774
   -7.5000   -7.5000    0.0000 2804.9741    9.2164
    0.0000   -7.5000    0.0000 2817.3669    9.1024
    7.5000   -7.5000    0.0000 2810.7756    9.2325
   -7.5000    0.0000    0.0000 2826.1726    9.0586
    0.0000    0.0000    0.0000 2837.7930    8.9529
    7.5000    0.0000    0.0000 2831.8076    9.0886
   -7.5000    7.5000    0.0000 2863.6829    8.9588
    0.0000    7.5000    0.0000 2872.0728    8.8647
    7.5000    7.5000    0.0000 2865.9255    8.9942
   -7.5000   15.0000    0.0000 2907.2400    8.9709
    0.0000   15.0000    0.0000 2918.8135    8.8738
    7.5000   15.0000    0.0000 2907.2585    8.9982
   -7.5000   22.5000    0.0000 2963.3525    9.0907
    0.0000   22.5000    0.0000 2978.6094    9.0182
    7.5000   22.5000    0.0000 2952.9736    9.1172
   -7.5000   30.0000    0.0000 3002.5647    9.2385
    0.0000   30.0000    0.0000 3027.9629    9.1901
    7.5000   30.0000    0.0000 2978.0342    9.2832
   -7.5000   37.5000    0.0000 3005.6394    9.3725
    0.0000   37.5000    0.0000 3019.6533    9.2915
    7.5000   37.5000    0.0000 2968.2302    9.4410
   -7.5000   45.0000    0.0000 2955.1775    9.6068
    0.0000   45.0000    0.0000 2964.6514    9.5468
    7.5000   45.0000    0.0000 2928.1804    9.6999
   -7.5000  -45.0000    7.5000 2743.3958    9.7838
    0.0000  -45.0000    7.5000 2762.2612    9.6789
    7.5000  -45.0000    7.5000 2763.0549    9.8245
   -7.5000  -37.5000    7.5000 2745.0381    9.7202
    0.0000  -37.5000    7.5000 2767.1758    9.6221
    7.5000  -37.5000    7.5000 2766.1721    9.7283
   -7.5000  -30.0000    7.5000 2760.7617    9.6646
    0.0000  -30.0000    7.5000 2780.4194    9.5755
    7.5000  -30.0000    7.5000 2772.8928    9.6617
   -7.5000  -22.5000    7.5000 2774.7314    9.5528
    0.0000  -22.5000    7.5000 2786.2341    9.4496
    7.5000  -22.5000    7.5000 2782.3223    9.5550
   -7.5000  -15.0000    7.5000 2782.9841    9.4207
    0.0000  -15.0000    7.5000 2787.0515    9.2940
    7.5000  -15.0000    7.5000 2789.5298    9.4352
   -7.5000   -7.5000    7.5000 2799.8423    9.2758
    0.0000   -7.5000    7.5000 2800.3875    9.1536
    7.5000   -7.5000    7.5000 2801.5820    9.3052
   -7.5000    0.0000    7.5000 2827.2075    9.1505
    0.0000    0.0000    7.5000 2823.3972    9.0349
    7.5000    0.0000    7.5000 2824.1909    9.1836
   -7.5000    7.5000    7.5000 2865.8201    9.0757
    0.0000    7.5000    7.5000 2871.7493    8.9774
    7.5000    7.5000    7.5000 2862.4536    9.1031
   -7.5000   15.0000    7.5000 2916.2146    9.0812
    0.0000   15.0000    7.5000 2928.9084    9.0027
    7.5000   15.0000    7.5000 2903.9756    9.0888
   -7.5000   22.5000    7.5000 2977.5308    9.1745
    0.0000   22.5000    7.5000 2999.0383    9.1577
    7.5000   22.5000    7.5000 2957.6956    9.1888
   -7.5000   30.0000    7.5000 3026.2112    9.3042
    0.0000   30.0000    7.5000 3052.9045    9.3006
    7.5000   30.0000    7.5000 2988.5540    9.3427
   -7.5000   37.5000    7.5000 3019.2095    9.3928
    0.0000   37.5000    7.5000 3040.7637    9.3750
    7.5000   37.5000    7.5000 2975.1348    9.4907
   -7.5000   45.0000    7.5000 2956.8943    9.5907
    0.0000   45.0000    7.5000 2974.1729    9.5497
    7.5000   45.0000    7.5000 2927.8586    9.7016
   -7.5000  -45.0000   15.0000 2716.9028    9.9932
    0.0000  -45.0000   15.0000 2725.3350    9.8254
    7.5000  -45.0000   15.0000 2736.2446   10.0111
   -7.5000  -37.5000   15.0000 2721.6221    9.9224
    0.0000  -37.5000   15.0000 2730.9944    9.7807
    7.5000  -37.5000   15.0000 2740.8611    9.9099
   -7.5000  -30.0000   15.0000 2742.6372    9.8520
    0.0000  -30.0000   15.0000 2754.2166    9.7385
    7.5000  -30.0000   15.0000 2754.7830    9.8235
   -7.5000  -22.5000   15.0000 2759.8777    9.7328
    0.0000  -22.5000   15.0000 2766.8777    9.6471
    7.5000  -22.5000   15.0000 2767.8601    9.7361
   -7.5000  -15.0000   15.0000 2767.1658    9.6076
    0.0000  -15.0000   15.0000 2770.6792    9.5311
    7.5000  -15.0000   15.0000 2773.1450    9.6272
   -7.5000   -7.5000   15.0000 2784.0461    9.4625
    0.0000   -7.5000   15.0000 2784.2444    9.4096
    7.5000   -7.5000   15.0000 2784.2261    9.5132
   -7.5000    0.0000   15.0000 2814.9592    9.3282
    0.0000    0.0000   15.0000 2809.7241    9.2774
    7.5000    0.0000   15.0000 2812.0229    9.3886
   -7.5000    7.5000   15.0000 2860.3965    9.2368
    0.0000    7.5000   15.0000 2864.9697    9.1807
    7.5000    7.5000   15.0000 2854.7124    9.2868
   -7.5000   15.0000   15.0000 2911.8254    9.2133
    0.0000   15.0000   15.0000 2924.2063    9.1701
    7.5000   15.0000   15.0000 2901.3433    9.2520
   -7.5000   22.5000   15.0000 2965.0166    9.2716
    0.0000   22.5000   15.0000 2984.8101    9.2242
    7.5000   22.5000   15.0000 2945.6582    9.3116
   -7.5000   30.0000   15.0000 3000.5984    9.3016
    0.0000   30.0000   15.0000 3020.7258    9.2544
    7.5000   30.0000   15.0000 2966.5718    9.4319
   -7.5000   37.5000   15.0000 2990.5479    9.4346
    0.0000   37.5000   15.0000 3006.6184    9.3667
    7.5000   37.5000   15.0000 2958.3606    9.6016
   -7.5000   45.0000   15.0000 2935.9226    9.7432
    0.0000   45.0000   15.0000 2952.5781    9.6754
    7.5000   45.0000   15.0000 2912.2458    9.8556
   -7.5000  -45.0000   22.5000 2674.6348   10.3892
    0.0000  -45.0000   22.5000 2677.6028   10.2101
    7.5000  -45.0000   22.5000 2692.5281   10.4231
   -7.5000  -37.5000   22.5000 2682.8582   10.2501
    0.0000  -37.5000   22.5000 2687.4829   10.1235
    7.5000  -37.5000   22.5000 2700.6538   10.2594
   -7.5000  -30.0000   22.5000 2702.7830   10.1338
    0.0000  -30.0000   22.5000 2713.5857   10.0576
    7.5000  -30.0000   22.5000 2715.6199   10.1291
   -7.5000  -22.5000   22.5000 2726.1333   10.0161
    0.0000  -22.5000   22.5000 2735.9739    9.9638
    7.5000  -22.5000   22.5000 2731.4402   10.0131
   -7.5000  -15.0000   22.5000 2737.3359    9.8812
    0.0000  -15.0000   22.5000 2744.4346    9.8282
    7.5000  -15.0000   22.5000 2738.4185    9.9056
   -7.5000   -7.5000   22.5000 2760.8140    9.6953
    0.0000   -7.5000   22.5000 2767.7368    9.6620
    7.5000   -7.5000   22.5000 2753.6714    9.7668
   -7.5000    0.0000   22.5000 2791.8940    9.5487
    0.0000    0.0000   22.5000 2797.9512    9.5037
    7.5000    0.0000   22.5000 2785.8145    9.6343
   -7.5000    7.5000   22.5000 2843.0293    9.4405
    0.0000    7.5000   22.5000 2849.0938    9.3740
    7.5000    7.5000   22.5000 2836.9585    9.5162
   -7.5000   15.0000   22.5000 2893.2336    9.4057
    0.0000   15.0000   22.5000 2899.3918    9.3191
    7.5000   15.0000   22.5000 2883.1443    9.4784
   -7.5000   22.5000   22.5000 2929.5454    9.4191
    0.0000   22.5000   22.5000 2939.2319    9.3293
    7.5000   22.5000   22.5000 2917.0430    9.5392
   -7.5000   30.0000   22.5000 2955.0400    9.4369
    0.0000   30.0000   22.5000 2956.9658    9.3281
    7.5000   30.0000   22.5000 2927.3145    9.6489
   -7.5000   37.5000   22.5000 2941.5312    9.6623
    0.0000   37.5000   22.5000 2951.1829    9.5650
    7.5000   37.5000   22.5000 2913.2051    9.8343
   -7.5000   45.0000   22.5000 2893.9478   10.0679
    0.0000   45.0000   22.5000 2909.9473    9.9787
    7.5000   45.0000   22.5000 2871.0391   10.1814
   -7.5000  -45.0000   30.0000 2603.1597   10.9077
    0.0000  -45.0000   30.0000 2609.5579   10.7130
    7.5000  -45.0000   30.0000 2612.6694   10.9247
   -7.5000  -37.5000   30.0000 2623.2122   10.6786
    0.0000  -37.5000   30.0000 2626.0288   10.5154
    7.5000  -37.5000   30.0000 2631.4653   10.6796
   -7.5000  -30.0000   30.0000 2641.4707   10.4925
    0.0000  -30.0000   30.0000 2652.6743   10.3861
    7.5000  -30.0000   30.0000 2656.4751   10.5055
   -7.5000  -22.5000   30.0000 2665.9751   10.3458
    0.0000  -22.5000   30.0000 2677.8569   10.2681
    7.5000  -22.5000   30.0000 2675.6387   10.3584
   -7.5000  -15.0000   30.0000 2688.3872   10.1886
    0.0000  -15.0000   30.0000 2699.2979   10.1343
    7.5000  -15.0000   30.0000 2690.3237   10.2357
   -7.5000   -7.5000   30.0000 2719.5161   10.0131
    0.0000   -7.5000   30.0000 2731.6943    9.9439
    7.5000   -7.5000   30.0000 2716.1284   10.0920
   -7.5000    0.0000   30.0000 2757.0312    9.8756
    0.0000    0.0000   30.0000 2771.0295    9.7989
    7.5000    0.0000   30.0000 2752.1689    9.9627
   -7.5000    7.5000   30.0000 2807.2407    9.7555
    0.0000    7.5000   30.0000 2817.1348    9.6643
    7.5000    7.5000   30.0000 2799.1680    9.8351
   -7.5000   15.0000   30.0000 2849.7900    9.6889
    0.0000   15.0000   30.0000 2856.9846    9.5885
    7.5000   15.0000   30.0000 2842.3347    9.7870
   -7.5000   22.5000   30.0000 2878.4392    9.6897
    0.0000   22.5000   30.0000 2886.7302    9.5551
    7.5000   22.5000   30.0000 2871.2217    9.8452
   -7.5000   30.0000   30.0000 2895.6265    9.7605
    0.0000   30.0000   30.0000 2896.7991    9.6241
    7.5000   30.0000   30.0000 2877.4216    9.9444
   -7.5000   37.5000   30.0000 2878.3352   10.0416
    0.0000   37.5000   30.0000 2887.1338    9.9254
    7.5000   37.5000   30.0000 2857.6934   10.1890
   -7.5000   45.0000   30.0000 2828.2461   10.4922
    0.0000   45.0000   30.0000 2837.9626   10.3800
    7.5000   45.0000   30.0000 2807.5122   10.6042
   -7.5000  -45.0000   37.5000 2531.4648   11.5139
    0.0000  -45.0000   37.5000 2539.9683   11.3043
    7.5000  -45.0000   37.5000 2541.6750   11.4997
   -7.5000  -37.5000   37.5000 2554.3550   11.2033
    0.0000  -37.5000   37.5000 2561.7358   11.0093
    7.5000  -37.5000   37.5000 2561.9597   11.2034
   -7.5000  -30.0000   37.5000 2576.0938   10.9620
    0.0000  -30.0000   37.5000 2587.5244   10.8092
    7.5000  -30.0000   37.5000 2589.8870   10.9788
   -7.5000  -22.5000   37.5000 2600.7390   10.7693
    0.0000  -22.5000   37.5000 2613.6506   10.6531
    7.5000  -22.5000   37.5000 2611.9182   10.8127
   -7.5000  -15.0000   37.5000 2632.4810   10.6077
    0.0000  -15.0000   37.5000 2648.3230   10.5108
    7.5000  -15.0000   37.5000 2637.4795   10.6725
   -7.5000   -7.5000   37.5000 2673.8093   10.4476
    0.0000   -7.5000   37.5000 2687.7056   10.3509
    7.5000   -7.5000   37.5000 2671.7964   10.5255
   -7.5000    0.0000   37.5000 2713.4888   10.2959
    0.0000    0.0000   37.5000 2727.2271   10.2048
    7.5000    0.0000   37.5000 2712.2104   10.3755
   -7.5000    7.5000   37.5000 2758.2012   10.1973
    0.0000    7.5000   37.5000 2773.0750   10.0839
    7.5000    7.5000   37.5000 2753.6711   10.2593
   -7.5000   15.0000   37.5000 2790.2800   10.1276
    0.0000   15.0000   37.5000 2804.1406   10.0058
    7.5000   15.0000   37.5000 2786.9031   10.2146
   -7.5000   22.5000   37.5000 2813.3625   10.1324
    0.0000   22.5000   37.5000 2821.0525    9.9885
    7.5000   22.5000   37.5000 2803.7871   10.2786
   -7.5000   30.0000   37.5000 2824.1033   10.2387
    0.0000   30.0000   37.5000 2826.5930   10.0988
    7.5000   30.0000   37.5000 2810.8320   10.4047
   -7.5000   37.5000   37.5000 2801.7917   10.5679
    0.0000   37.5000   37.5000 2808.0769   10.4227
    7.5000   37.5000   37.5000 2786.6885   10.6990
   -7.5000   45.0000   37.5000 2751.3665   11.0393
    0.0000   45.0000   37.5000 2762.0562   10.8981
    7.5000   45.0000   37.5000 2737.8867   11.1409
   -7.5000  -45.0000   45.0000 2470.4207   12.2282
    0.0000  -45.0000   45.0000 2483.5103   12.0399
    7.5000  -45.0000   45.0000 2480.0403   12.2035
   -7.5000  -37.5000   45.0000 2494.2522   11.8485
    0.0000  -37.5000   45.0000 2509.1174   11.6784
    7.5000  -37.5000   45.0000 2504.8977   11.8363
   -7.5000  -30.0000   45.0000 2519.2258   11.5412
    0.0000  -30.0000   45.0000 2536.4424   11.4057
    7.5000  -30.0000   45.0000 2531.1846   11.5694
   -7.5000  -22.5000   45.0000 2545.0208   11.2893
    0.0000  -22.5000   45.0000 2560.1619   11.1698
    7.5000  -22.5000   45.0000 2554.1951   11.3503
   -7.5000  -15.0000   45.0000 2580.5161   11.0982
    0.0000  -15.0000   45.0000 2596.1035   10.9926
    7.5000  -15.0000   45.0000 2581.2676   11.1732
   -7.5000   -7.5000   45.0000 2623.5234   10.9478
    0.0000   -7.5000   45.0000 2640.0427   10.8464
    7.5000   -7.5000   45.0000 2620.7642   11.0135
   -7.5000    0.0000   45.0000 2663.2566   10.8187
    0.0000    0.0000   45.0000 2679.8674   10.7136
    7.5000    0.0000   45.0000 2662.2278   10.8799
   -7.5000    7.5000   45.0000 2699.2305   10.7225
    0.0000    7.5000   45.0000 2718.0156   10.6152
    7.5000    7.5000   45.0000 2696.4502   10.7832
   -7.5000   15.0000   45.0000 2727.2654   10.6902
    0.0000   15.0000   45.0000 2741.4604   10.5645
    7.5000   15.0000   45.0000 2718.1721   10.7758
   -7.5000   22.5000   45.0000 2737.2595   10.7266
    0.0000   22.5000   45.0000 2748.9106   10.5910
    7.5000   22.5000   45.0000 2729.3230   10.8580
   -7.5000   30.0000   45.0000 2736.0859   10.8662
    0.0000   30.0000   45.0000 2744.6074   10.7302
    7.5000   30.0000   45.0000 2725.8042   11.0218
   -7.5000   37.5000   45.0000 2710.5881   11.2139
    0.0000   37.5000   45.0000 2720.6223   11.0810
    7.5000   37.5000   45.0000 2693.7603   11.3438
   -7.5000   45.0000   45.0000 2659.3586   11.6876
    0.0000   45.0000   45.0000 2670.0569   11.5713
    7.5000   45.0000   45.0000 2648.3145   11.8258

---------------------------------------------------------------------
imgreg_4dfp /opt/freesurfer/average/711-2C_as_mni_average_305 /opt/freesurfer/average/711-2B_as_mni_average_305_mask talsrcimg_g11 none talsrcimg_to_711-2C_as_mni_average_305_t4 1283
---------------------------------------------------------------------

freesurfer imgreg_4dfp.c
/opt/freesurfer/average/711-2C_as_mni_average_305.4dfp.img
       256       256       256         1
  1.000000  1.000000  1.000000
orientation T byte_order littleendian
Reading image: /opt/freesurfer/average/711-2C_as_mni_average_305.4dfp.img
dimensions:      256       256       256
mmppix:       1.0000   -1.0000   -1.0000
center:     128.0000 -129.0000 -129.0000
/opt/freesurfer/average/711-2B_as_mni_average_305_mask.4dfp.img
       256       256       256         1
  1.000000  1.000000  1.000000
orientation T byte_order littleendian
Reading mask: /opt/freesurfer/average/711-2B_as_mni_average_305_mask.4dfp.img (2306576 pixels)
talsrcimg_g11.4dfp.img
       256       256       256         1
  1.000000  1.000000  1.000000
orientation T byte_order littleendian
Reading image: talsrcimg_g11.4dfp.img
dimensions:      256       256       256
mmppix:       1.0000   -1.0000   -1.0000
center:     128.0000 -129.0000 -129.0000
rotation matrix determinant  1.000000
fimgreg.f
image alignment mode   1283 decimal      503 hex
parameters
    0.0000   30.0000    7.5000    0.0000    0.0000    0.0000
eta,q 0.95813  9.35324
niter,ni,del,rscale     5    3   12.0000    1.2000
parameters
   -1.7707   32.1266    5.9275   -1.9530    2.7655    1.8897
eta,q 0.96417  9.28611
  0.0498  0.0551  0.0430  0.0408  0.0514  0.0436
  0.0430  0.0493  0.0397  0.0381  0.0462  0.0408
  0.0410  0.0445  0.0384  0.0373  0.0408  0.0384
  0.0432  0.0409  0.0392  0.0386  0.0373  0.0366
  0.0483  0.0393  0.0417  0.0408  0.0364  0.0358
  0.0558  0.0403  0.0455  0.0434  0.0370  0.0365
  0.0633  0.0439  0.0492  0.0459  0.0383  0.0385
niter,ni,del,rscale     4    3   12.0000    1.2000
parameters
   -2.1347   32.7747    6.0206   -2.3021    3.0663    1.7304
eta,q 0.96421  9.28724
  0.0492  0.0500  0.0443  0.0412  0.0438  0.0408
  0.0408  0.0436  0.0396  0.0383  0.0389  0.0383
  0.0364  0.0380  0.0368  0.0363  0.0362  0.0366
  0.0358  0.0357  0.0358  0.0358  0.0357  0.0358
  0.0384  0.0370  0.0365  0.0370  0.0363  0.0361
  0.0440  0.0404  0.0394  0.0395  0.0382  0.0382
  0.0521  0.0448  0.0437  0.0424  0.0420  0.0419
niter,ni,del,rscale     3    3   12.0000    1.2000
parameters
   -2.2518   32.9497    6.0061   -2.3897    3.1601    1.7062
eta,q 0.96413  9.28633
  0.0504  0.0482  0.0441  0.0416  0.0433  0.0410
  0.0417  0.0416  0.0394  0.0387  0.0386  0.0384
  0.0368  0.0367  0.0368  0.0366  0.0362  0.0367
  0.0358  0.0358  0.0358  0.0358  0.0358  0.0359
  0.0378  0.0378  0.0367  0.0368  0.0365  0.0361
  0.0430  0.0413  0.0397  0.0390  0.0385  0.0380
  0.0510  0.0460  0.0440  0.0419  0.0425  0.0416
niter,ni,del,rscale     2    3   12.0000    1.2000
parameters
   -2.2892   32.9970    6.0002   -2.4237    3.1897    1.6998
eta,q 0.96411  9.28587
  0.0509  0.0476  0.0441  0.0417  0.0431  0.0410
  0.0421  0.0411  0.0394  0.0388  0.0385  0.0384
  0.0370  0.0365  0.0369  0.0367  0.0362  0.0367
  0.0359  0.0359  0.0359  0.0359  0.0359  0.0359
  0.0378  0.0380  0.0367  0.0367  0.0366  0.0361
  0.0428  0.0416  0.0397  0.0389  0.0386  0.0380
  0.0508  0.0462  0.0440  0.0418  0.0427  0.0416
registration optimization eta report
parameter search radius
    6.0000    6.0000    6.0000    6.0000    6.0000    6.0000
100000*second partial in parameter space
       42.       31.       23.       16.       20.       15.
  0.0509  0.0476  0.0441  0.0417  0.0431  0.0410
  0.0421  0.0411  0.0394  0.0388  0.0385  0.0384
  0.0370  0.0365  0.0369  0.0367  0.0362  0.0367
  0.0359  0.0359  0.0359  0.0359  0.0359  0.0359
  0.0378  0.0380  0.0367  0.0367  0.0366  0.0361
  0.0428  0.0416  0.0397  0.0389  0.0386  0.0380
  0.0508  0.0462  0.0440  0.0418  0.0427  0.0416
   -2.2892   32.9970    6.0002   -2.4237    3.1897    1.6998
eta,q 0.96411  9.28587

---------------------------------------------------------------------
imgreg_4dfp /opt/freesurfer/average/711-2C_as_mni_average_305 /opt/freesurfer/average/711-2B_as_mni_average_305_mask talsrcimg_g11 none talsrcimg_to_711-2C_as_mni_average_305_t4 3335
---------------------------------------------------------------------

freesurfer imgreg_4dfp.c
/opt/freesurfer/average/711-2C_as_mni_average_305.4dfp.img
       256       256       256         1
  1.000000  1.000000  1.000000
orientation T byte_order littleendian
Reading image: /opt/freesurfer/average/711-2C_as_mni_average_305.4dfp.img
dimensions:      256       256       256
mmppix:       1.0000   -1.0000   -1.0000
center:     128.0000 -129.0000 -129.0000
/opt/freesurfer/average/711-2B_as_mni_average_305_mask.4dfp.img
       256       256       256         1
  1.000000  1.000000  1.000000
orientation T byte_order littleendian
Reading mask: /opt/freesurfer/average/711-2B_as_mni_average_305_mask.4dfp.img (2306576 pixels)
talsrcimg_g11.4dfp.img
       256       256       256         1
  1.000000  1.000000  1.000000
orientation T byte_order littleendian
Reading image: talsrcimg_g11.4dfp.img
dimensions:      256       256       256
mmppix:       1.0000   -1.0000   -1.0000
center:     128.0000 -129.0000 -129.0000
fimgreg.f
image alignment mode   3335 decimal      D07 hex
parameters
   -2.2892   32.9970    6.0002   -0.1989   -0.1264   -0.2442
   -2.7284   -5.6821    2.9616    4.0622    5.5641   -4.2224
eta,q 0.96511  9.37042
niter,ni,del,rscale     5    3    5.0000    1.2000
parameter  4  1.777164 ->  0.500000 qaram    1.1500
parameter  5  0.991711 ->  0.500000 qaram    1.1500
parameter  6  0.518319 ->  0.500000 qaram    1.1500
parameters
   -2.2001   33.3152    6.3635   -4.3389   -4.2664   -4.3842
   -2.1611   -4.0884    2.6133    3.3617    8.2810   -7.2895
eta,q 0.97313  9.13825
  0.0377  0.0372  0.0364  0.0287  0.0282  0.0279  0.0308  0.0337  0.0289  0.0295  0.0292  0.0274
  0.0363  0.0361  0.0357  0.0296  0.0282  0.0277  0.0292  0.0310  0.0281  0.0283  0.0284  0.0270
  0.0353  0.0353  0.0351  0.0317  0.0288  0.0278  0.0282  0.0288  0.0275  0.0275  0.0278  0.0269
  0.0349  0.0349  0.0348  0.0348  0.0301  0.0283  0.0277  0.0276  0.0274  0.0274  0.0273  0.0272
  0.0351  0.0349  0.0348  0.0386  0.0319  0.0292  0.0278  0.0274  0.0277  0.0279  0.0272  0.0278
  0.0359  0.0354  0.0351  0.0425  0.0341  0.0307  0.0286  0.0283  0.0283  0.0290  0.0273  0.0287
  0.0374  0.0363  0.0357  0.0461  0.0363  0.0335  0.0300  0.0301  0.0293  0.0304  0.0276  0.0298
niter,ni,del,rscale     7    3    5.0000    1.2000
parameters
   -2.2889   33.8896    5.9360   -8.2950   -5.3297   -2.8604
   -1.7691   -4.6267    2.8522    4.9712    8.6113   -8.8122
eta,q 0.97428  9.08003
  0.0300  0.0301  0.0277  0.0271  0.0283  0.0292  0.0286  0.0294  0.0277  0.0293  0.0269  0.0267
  0.0283  0.0286  0.0270  0.0264  0.0270  0.0277  0.0273  0.0274  0.0268  0.0278  0.0263  0.0261
  0.0272  0.0275  0.0267  0.0260  0.0262  0.0266  0.0263  0.0262  0.0262  0.0266  0.0259  0.0257
  0.0269  0.0269  0.0268  0.0267  0.0260  0.0260  0.0260  0.0260  0.0259  0.0259  0.0258  0.0258
  0.0274  0.0268  0.0271  0.0290  0.0266  0.0261  0.0262  0.0267  0.0261  0.0258  0.0259  0.0262
  0.0286  0.0272  0.0277  0.0324  0.0281  0.0267  0.0269  0.0282  0.0266  0.0263  0.0262  0.0269
  0.0305  0.0280  0.0286  0.0362  0.0299  0.0274  0.0281  0.0305  0.0275  0.0273  0.0267  0.0279
niter,ni,del,rscale     6    3    5.0000    1.2000
parameters
   -2.3568   34.2319    6.0755   -9.2716   -5.9529   -2.4156
   -1.6623   -4.8360    2.8995    6.0096    8.4925   -9.2364
eta,q 0.97418  9.04856
  0.0285  0.0284  0.0273  0.0282  0.0284  0.0285  0.0283  0.0295  0.0275  0.0287  0.0268  0.0271
  0.0270  0.0270  0.0265  0.0271  0.0270  0.0271  0.0270  0.0275  0.0266  0.0274  0.0263  0.0264
  0.0260  0.0261  0.0259  0.0263  0.0261  0.0262  0.0262  0.0262  0.0261  0.0264  0.0259  0.0259
  0.0257  0.0257  0.0257  0.0257  0.0259  0.0259  0.0259  0.0259  0.0259  0.0259  0.0258  0.0258
  0.0261  0.0258  0.0258  0.0259  0.0263  0.0262  0.0261  0.0265  0.0260  0.0259  0.0260  0.0261
  0.0272  0.0263  0.0262  0.0276  0.0276  0.0268  0.0269  0.0278  0.0266  0.0265  0.0263  0.0266
  0.0289  0.0272  0.0270  0.0307  0.0294  0.0280  0.0282  0.0299  0.0274  0.0275  0.0269  0.0275
niter,ni,del,rscale     5    3    5.0000    1.2000
parameters
   -2.3777   34.4658    6.0683   -9.4139   -6.3862   -2.4314
   -1.5790   -4.9217    2.8859    6.6026    8.4534   -9.5265
eta,q 0.97417  9.03182
  0.0285  0.0282  0.0272  0.0285  0.0285  0.0283  0.0282  0.0296  0.0273  0.0283  0.0268  0.0272
  0.0271  0.0269  0.0265  0.0273  0.0271  0.0270  0.0270  0.0275  0.0265  0.0271  0.0263  0.0265
  0.0262  0.0261  0.0260  0.0265  0.0262  0.0261  0.0262  0.0262  0.0260  0.0262  0.0259  0.0260
  0.0258  0.0258  0.0258  0.0258  0.0258  0.0258  0.0258  0.0258  0.0258  0.0258  0.0258  0.0258
  0.0261  0.0259  0.0260  0.0257  0.0262  0.0263  0.0261  0.0264  0.0260  0.0260  0.0260  0.0261
  0.0271  0.0264  0.0265  0.0268  0.0274  0.0269  0.0269  0.0277  0.0265  0.0266  0.0263  0.0266
  0.0287  0.0274  0.0272  0.0295  0.0292  0.0284  0.0282  0.0297  0.0274  0.0276  0.0268  0.0274
niter,ni,del,rscale     4    3    5.0000    1.2000
parameters
   -2.4002   34.6450    5.9972   -9.4621   -6.6577   -2.4937
   -1.5024   -4.9961    2.8491    7.0804    8.4831   -9.7957
eta,q 0.97417  9.02135
  0.0285  0.0280  0.0271  0.0285  0.0285  0.0283  0.0282  0.0296  0.0273  0.0281  0.0268  0.0272
  0.0271  0.0268  0.0264  0.0273  0.0271  0.0269  0.0270  0.0275  0.0265  0.0270  0.0263  0.0264
  0.0262  0.0261  0.0260  0.0265  0.0262  0.0261  0.0261  0.0262  0.0260  0.0262  0.0259  0.0260
  0.0258  0.0258  0.0258  0.0258  0.0258  0.0258  0.0258  0.0258  0.0258  0.0258  0.0258  0.0258
  0.0261  0.0259  0.0260  0.0256  0.0261  0.0262  0.0261  0.0264  0.0260  0.0260  0.0260  0.0260
  0.0271  0.0265  0.0265  0.0267  0.0273  0.0269  0.0269  0.0277  0.0265  0.0265  0.0263  0.0266
  0.0287  0.0274  0.0273  0.0293  0.0290  0.0284  0.0282  0.0296  0.0273  0.0277  0.0268  0.0274
niter,ni,del,rscale     3    3    5.0000    1.2000
parameters
   -2.4208   34.7996    5.9114   -9.5246   -6.8840   -2.5765
   -1.4375   -5.0653    2.7949    7.5267    8.4947  -10.0501
eta,q 0.97417  9.01049
  0.0285  0.0279  0.0271  0.0284  0.0285  0.0283  0.0282  0.0295  0.0273  0.0281  0.0268  0.0272
  0.0271  0.0268  0.0264  0.0272  0.0271  0.0269  0.0270  0.0275  0.0265  0.0269  0.0263  0.0264
  0.0262  0.0261  0.0259  0.0265  0.0262  0.0261  0.0261  0.0262  0.0260  0.0262  0.0259  0.0260
  0.0258  0.0258  0.0258  0.0258  0.0258  0.0258  0.0258  0.0258  0.0258  0.0258  0.0258  0.0258
  0.0261  0.0260  0.0260  0.0256  0.0261  0.0262  0.0261  0.0264  0.0260  0.0259  0.0260  0.0260
  0.0271  0.0265  0.0265  0.0267  0.0272  0.0269  0.0269  0.0276  0.0265  0.0265  0.0263  0.0266
  0.0287  0.0274  0.0273  0.0292  0.0289  0.0284  0.0281  0.0296  0.0273  0.0276  0.0268  0.0274
niter,ni,del,rscale     2    3    5.0000    1.2000
parameters
   -2.4427   34.9516    5.8234   -9.5940   -7.1129   -2.6632
   -1.3592   -5.1361    2.7490    7.9863    8.5156  -10.3115
eta,q 0.97418  8.99896
  0.0285  0.0279  0.0271  0.0284  0.0285  0.0283  0.0282  0.0295  0.0273  0.0280  0.0268  0.0271
  0.0271  0.0268  0.0264  0.0272  0.0271  0.0269  0.0270  0.0275  0.0265  0.0269  0.0263  0.0264
  0.0262  0.0261  0.0259  0.0264  0.0262  0.0261  0.0261  0.0262  0.0260  0.0262  0.0259  0.0260
  0.0258  0.0258  0.0258  0.0258  0.0258  0.0258  0.0258  0.0258  0.0258  0.0258  0.0258  0.0258
  0.0261  0.0259  0.0260  0.0256  0.0261  0.0262  0.0261  0.0264  0.0260  0.0259  0.0259  0.0260
  0.0271  0.0265  0.0265  0.0267  0.0272  0.0268  0.0269  0.0276  0.0265  0.0265  0.0263  0.0265
  0.0286  0.0274  0.0273  0.0291  0.0289  0.0284  0.0281  0.0296  0.0273  0.0276  0.0268  0.0274
niter,ni,del,rscale     1    3    5.0000    1.2000
parameters
   -2.4657   35.1112    5.7301   -9.6674   -7.3504   -2.7610
   -1.2843   -5.2138    2.6938    8.4815    8.5393  -10.5778
eta,q 0.97420  8.98659
  0.0284  0.0279  0.0270  0.0283  0.0284  0.0283  0.0282  0.0295  0.0272  0.0280  0.0267  0.0271
  0.0270  0.0268  0.0263  0.0271  0.0271  0.0269  0.0269  0.0274  0.0265  0.0269  0.0262  0.0264
  0.0261  0.0261  0.0259  0.0264  0.0262  0.0260  0.0261  0.0262  0.0260  0.0262  0.0259  0.0259
  0.0258  0.0258  0.0258  0.0258  0.0258  0.0258  0.0258  0.0258  0.0258  0.0258  0.0258  0.0258
  0.0261  0.0259  0.0260  0.0256  0.0261  0.0262  0.0261  0.0263  0.0260  0.0259  0.0259  0.0260
  0.0270  0.0265  0.0265  0.0266  0.0272  0.0268  0.0268  0.0276  0.0265  0.0265  0.0262  0.0265
  0.0286  0.0274  0.0273  0.0291  0.0289  0.0284  0.0281  0.0295  0.0273  0.0276  0.0267  0.0273
registration optimization eta report
parameter search radius
    2.4000    2.4000    2.4000    8.2800    8.2800    8.2800
    7.2000    7.2000    7.2000    7.2000    7.2000    7.2000
100000*second partial in parameter space
       47.       32.       23.        4.        4.        4.
        4.        7.        3.        4.        2.        3.
  0.0284  0.0279  0.0270  0.0283  0.0284  0.0283  0.0282  0.0295  0.0272  0.0280  0.0267  0.0271
  0.0270  0.0268  0.0263  0.0271  0.0271  0.0269  0.0269  0.0274  0.0265  0.0269  0.0262  0.0264
  0.0261  0.0261  0.0259  0.0264  0.0262  0.0260  0.0261  0.0262  0.0260  0.0262  0.0259  0.0259
  0.0258  0.0258  0.0258  0.0258  0.0258  0.0258  0.0258  0.0258  0.0258  0.0258  0.0258  0.0258
  0.0261  0.0259  0.0260  0.0256  0.0261  0.0262  0.0261  0.0263  0.0260  0.0259  0.0259  0.0260
  0.0270  0.0265  0.0265  0.0266  0.0272  0.0268  0.0268  0.0276  0.0265  0.0265  0.0262  0.0265
  0.0286  0.0274  0.0273  0.0291  0.0289  0.0284  0.0281  0.0295  0.0273  0.0276  0.0267  0.0273
   -2.4657   35.1112    5.7301   -9.6674   -7.3504   -2.7610
   -1.2843   -5.2138    2.6938    8.4815    8.5393  -10.5778
eta,q 0.97420  8.98659

---------------------------------------------------------------------
imgreg_4dfp /opt/freesurfer/average/711-2C_as_mni_average_305 /opt/freesurfer/average/711-2B_as_mni_average_305_mask talsrcimg_g11 none talsrcimg_to_711-2C_as_mni_average_305_t4 2311
---------------------------------------------------------------------

freesurfer imgreg_4dfp.c
/opt/freesurfer/average/711-2C_as_mni_average_305.4dfp.img
       256       256       256         1
  1.000000  1.000000  1.000000
orientation T byte_order littleendian
Reading image: /opt/freesurfer/average/711-2C_as_mni_average_305.4dfp.img
dimensions:      256       256       256
mmppix:       1.0000   -1.0000   -1.0000
center:     128.0000 -129.0000 -129.0000
/opt/freesurfer/average/711-2B_as_mni_average_305_mask.4dfp.img
       256       256       256         1
  1.000000  1.000000  1.000000
orientation T byte_order littleendian
Reading mask: /opt/freesurfer/average/711-2B_as_mni_average_305_mask.4dfp.img (2306576 pixels)
talsrcimg_g11.4dfp.img
       256       256       256         1
  1.000000  1.000000  1.000000
orientation T byte_order littleendian
Reading image: talsrcimg_g11.4dfp.img
dimensions:      256       256       256
mmppix:       1.0000   -1.0000   -1.0000
center:     128.0000 -129.0000 -129.0000
fimgreg.f
image alignment mode   2311 decimal      907 hex
parameters
   -2.4657   35.1112    5.7301   -9.6674   -7.3504   -2.7610
   -1.2843   -5.2138    2.6938    8.4815    8.5393  -10.5778
eta,q 0.97420  8.98658
niter,ni,del,rscale     5    3    5.0000    0.8000
parameters
   -2.4600   35.2806    5.6240   -8.2339   -7.3532   -2.8835
   -1.2684   -5.1880    2.5828    8.8536    8.9339  -10.7539
eta,q 0.97442  9.04163
  0.0270  0.0268  0.0263  0.0268  0.0265  0.0264  0.0267  0.0274  0.0262  0.0266  0.0261  0.0262
  0.0264  0.0263  0.0260  0.0265  0.0260  0.0259  0.0261  0.0264  0.0259  0.0261  0.0258  0.0258
  0.0260  0.0259  0.0258  0.0261  0.0257  0.0256  0.0257  0.0258  0.0257  0.0258  0.0257  0.0256
  0.0258  0.0258  0.0258  0.0258  0.0256  0.0256  0.0256  0.0256  0.0256  0.0256  0.0256  0.0256
  0.0259  0.0258  0.0259  0.0256  0.0256  0.0257  0.0257  0.0258  0.0257  0.0256  0.0256  0.0257
  0.0263  0.0260  0.0261  0.0257  0.0260  0.0260  0.0261  0.0264  0.0259  0.0259  0.0257  0.0259
  0.0270  0.0264  0.0265  0.0262  0.0266  0.0264  0.0267  0.0274  0.0263  0.0264  0.0260  0.0263
niter,ni,del,rscale     4    3    5.0000    0.7000
parameters
   -2.4724   35.3722    5.5684   -8.3572   -7.4442   -2.9741
   -1.2069   -5.2794    2.4700    9.2044    9.0027  -10.8866
eta,q 0.97443  9.03246
  0.0266  0.0263  0.0260  0.0263  0.0263  0.0262  0.0264  0.0269  0.0261  0.0264  0.0259  0.0260
  0.0260  0.0259  0.0258  0.0260  0.0259  0.0258  0.0260  0.0262  0.0258  0.0260  0.0257  0.0258
  0.0257  0.0257  0.0256  0.0258  0.0257  0.0256  0.0257  0.0257  0.0256  0.0257  0.0256  0.0256
  0.0256  0.0256  0.0256  0.0256  0.0256  0.0256  0.0256  0.0256  0.0256  0.0256  0.0256  0.0256
  0.0257  0.0256  0.0256  0.0256  0.0256  0.0257  0.0257  0.0258  0.0256  0.0256  0.0256  0.0256
  0.0260  0.0258  0.0258  0.0259  0.0259  0.0259  0.0259  0.0263  0.0258  0.0258  0.0257  0.0258
  0.0266  0.0261  0.0261  0.0266  0.0264  0.0262  0.0264  0.0270  0.0261  0.0262  0.0259  0.0261
niter,ni,del,rscale     3    3    5.0000    0.6000
parameters
   -2.4842   35.4781    5.4925   -8.2040   -7.5578   -3.1508
   -1.1703   -5.3170    2.3780    9.4999    9.0989  -11.0235
eta,q 0.97445  9.02876
  0.0263  0.0261  0.0259  0.0262  0.0260  0.0260  0.0262  0.0266  0.0259  0.0262  0.0258  0.0259
  0.0259  0.0258  0.0257  0.0259  0.0258  0.0257  0.0258  0.0260  0.0257  0.0259  0.0257  0.0257
  0.0257  0.0257  0.0256  0.0257  0.0256  0.0256  0.0256  0.0257  0.0256  0.0257  0.0256  0.0256
  0.0256  0.0256  0.0256  0.0256  0.0256  0.0256  0.0256  0.0256  0.0256  0.0256  0.0256  0.0256
  0.0257  0.0256  0.0256  0.0256  0.0256  0.0256  0.0256  0.0257  0.0256  0.0256  0.0256  0.0256
  0.0259  0.0257  0.0257  0.0258  0.0258  0.0258  0.0258  0.0260  0.0257  0.0257  0.0257  0.0257
  0.0263  0.0260  0.0259  0.0262  0.0262  0.0260  0.0262  0.0266  0.0260  0.0260  0.0258  0.0259
niter,ni,del,rscale     2    3    5.0000    0.5000
parameters
   -2.4976   35.5705    5.4082   -8.0677   -7.6252   -3.3278
   -1.1457   -5.3536    2.3199    9.7548    9.1770  -11.1506
eta,q 0.97446  9.02588
  0.0261  0.0259  0.0257  0.0260  0.0259  0.0258  0.0260  0.0262  0.0258  0.0260  0.0257  0.0258
  0.0258  0.0257  0.0256  0.0258  0.0257  0.0257  0.0257  0.0259  0.0257  0.0257  0.0256  0.0256
  0.0256  0.0256  0.0256  0.0256  0.0256  0.0256  0.0256  0.0256  0.0256  0.0256  0.0256  0.0256
  0.0256  0.0256  0.0255  0.0256  0.0255  0.0255  0.0255  0.0255  0.0255  0.0255  0.0255  0.0255
  0.0256  0.0256  0.0256  0.0255  0.0256  0.0256  0.0256  0.0256  0.0256  0.0256  0.0256  0.0256
  0.0258  0.0257  0.0257  0.0257  0.0257  0.0257  0.0257  0.0259  0.0257  0.0257  0.0256  0.0257
  0.0261  0.0258  0.0258  0.0260  0.0259  0.0259  0.0260  0.0263  0.0258  0.0258  0.0257  0.0258
niter,ni,del,rscale     1    3    5.0000    0.4000
parameters
   -2.5136   35.6505    5.3280   -7.9444   -7.6836   -3.4727
   -1.1376   -5.3898    2.2588    9.9488    9.2427  -11.2697
eta,q 0.97447  9.02384
  0.0259  0.0258  0.0257  0.0258  0.0257  0.0257  0.0258  0.0260  0.0257  0.0258  0.0256  0.0257
  0.0257  0.0257  0.0256  0.0257  0.0256  0.0256  0.0257  0.0257  0.0256  0.0257  0.0256  0.0256
  0.0256  0.0256  0.0255  0.0256  0.0256  0.0255  0.0256  0.0256  0.0255  0.0256  0.0255  0.0255
  0.0255  0.0255  0.0255  0.0255  0.0255  0.0255  0.0255  0.0255  0.0255  0.0255  0.0255  0.0255
  0.0256  0.0256  0.0256  0.0255  0.0255  0.0256  0.0256  0.0256  0.0256  0.0255  0.0255  0.0256
  0.0257  0.0256  0.0256  0.0256  0.0256  0.0256  0.0257  0.0257  0.0256  0.0256  0.0256  0.0256
  0.0259  0.0257  0.0257  0.0258  0.0258  0.0257  0.0258  0.0260  0.0257  0.0257  0.0256  0.0257
registration optimization eta report
parameter search radius
    0.8000    0.8000    0.8000    2.4000    2.4000    2.4000
    2.4000    2.4000    2.4000    2.4000    2.4000    2.4000
100000*second partial in parameter space
       52.       32.       23.        5.        4.        3.
        5.        8.        3.        4.        2.        3.
  0.0259  0.0258  0.0257  0.0258  0.0257  0.0257  0.0258  0.0260  0.0257  0.0258  0.0256  0.0257
  0.0257  0.0257  0.0256  0.0257  0.0256  0.0256  0.0257  0.0257  0.0256  0.0257  0.0256  0.0256
  0.0256  0.0256  0.0255  0.0256  0.0256  0.0255  0.0256  0.0256  0.0255  0.0256  0.0255  0.0255
  0.0255  0.0255  0.0255  0.0255  0.0255  0.0255  0.0255  0.0255  0.0255  0.0255  0.0255  0.0255
  0.0256  0.0256  0.0256  0.0255  0.0255  0.0256  0.0256  0.0256  0.0256  0.0255  0.0255  0.0256
  0.0257  0.0256  0.0256  0.0256  0.0256  0.0256  0.0257  0.0257  0.0256  0.0256  0.0256  0.0256
  0.0259  0.0257  0.0257  0.0258  0.0258  0.0257  0.0258  0.0260  0.0257  0.0257  0.0256  0.0257
   -2.5136   35.6505    5.3280   -7.9444   -7.6836   -3.4727
   -1.1376   -5.3898    2.2588    9.9488    9.2427  -11.2697
eta,q 0.97447  9.02384

---------------------------------------------------------------------
imgreg_4dfp /opt/freesurfer/average/711-2C_as_mni_average_305 /opt/freesurfer/average/711-2B_as_mni_average_305_mask talsrcimg_g11 none talsrcimg_to_711-2C_as_mni_average_305_t4 2311
---------------------------------------------------------------------

freesurfer imgreg_4dfp.c
/opt/freesurfer/average/711-2C_as_mni_average_305.4dfp.img
       256       256       256         1
  1.000000  1.000000  1.000000
orientation T byte_order littleendian
Reading image: /opt/freesurfer/average/711-2C_as_mni_average_305.4dfp.img
dimensions:      256       256       256
mmppix:       1.0000   -1.0000   -1.0000
center:     128.0000 -129.0000 -129.0000
/opt/freesurfer/average/711-2B_as_mni_average_305_mask.4dfp.img
       256       256       256         1
  1.000000  1.000000  1.000000
orientation T byte_order littleendian
Reading mask: /opt/freesurfer/average/711-2B_as_mni_average_305_mask.4dfp.img (2306576 pixels)
talsrcimg_g11.4dfp.img
       256       256       256         1
  1.000000  1.000000  1.000000
orientation T byte_order littleendian
Reading image: talsrcimg_g11.4dfp.img
dimensions:      256       256       256
mmppix:       1.0000   -1.0000   -1.0000
center:     128.0000 -129.0000 -129.0000
fimgreg.f
image alignment mode   2311 decimal      907 hex
parameters
   -2.5136   35.6505    5.3280   -7.9444   -7.6836   -3.4727
   -1.1376   -5.3898    2.2588    9.9488    9.2427  -11.2697
eta,q 0.97447  9.02385
niter,ni,del,rscale     5    3    5.0000    0.8000
parameters
   -2.5373   35.7467    5.2619   -8.6958   -8.0691   -3.2116
   -0.9885   -5.4904    2.3409   10.5145    9.0841  -11.6093
eta,q 0.97443  8.99631
  0.0268  0.0264  0.0261  0.0262  0.0263  0.0265  0.0267  0.0273  0.0263  0.0267  0.0259  0.0261
  0.0261  0.0259  0.0257  0.0259  0.0259  0.0259  0.0261  0.0263  0.0259  0.0261  0.0257  0.0258
  0.0257  0.0256  0.0256  0.0257  0.0257  0.0257  0.0257  0.0257  0.0257  0.0258  0.0256  0.0256
  0.0255  0.0255  0.0255  0.0255  0.0256  0.0256  0.0256  0.0256  0.0256  0.0256  0.0256  0.0256
  0.0257  0.0256  0.0256  0.0256  0.0257  0.0257  0.0257  0.0258  0.0257  0.0256  0.0256  0.0257
  0.0261  0.0258  0.0258  0.0262  0.0261  0.0259  0.0260  0.0264  0.0259  0.0258  0.0258  0.0259
  0.0269  0.0262  0.0261  0.0272  0.0267  0.0262  0.0265  0.0274  0.0262  0.0263  0.0260  0.0263
niter,ni,del,rscale     4    3    5.0000    0.7000
parameters
   -2.5427   35.9284    5.2318   -8.6727   -8.3695   -3.2772
   -0.9415   -5.5399    2.3294   11.1459    9.1779  -11.8383
eta,q 0.97446  8.98767
  0.0265  0.0263  0.0260  0.0262  0.0261  0.0261  0.0264  0.0269  0.0260  0.0264  0.0258  0.0260
  0.0260  0.0259  0.0257  0.0260  0.0258  0.0258  0.0259  0.0261  0.0258  0.0260  0.0257  0.0257
  0.0257  0.0257  0.0256  0.0257  0.0256  0.0256  0.0257  0.0257  0.0256  0.0257  0.0256  0.0256
  0.0256  0.0256  0.0256  0.0256  0.0256  0.0256  0.0256  0.0256  0.0256  0.0256  0.0255  0.0255
  0.0257  0.0256  0.0256  0.0255  0.0256  0.0257  0.0256  0.0257  0.0256  0.0256  0.0256  0.0256
  0.0260  0.0257  0.0258  0.0258  0.0259  0.0258  0.0259  0.0262  0.0258  0.0257  0.0257  0.0258
  0.0266  0.0260  0.0260  0.0263  0.0264  0.0261  0.0263  0.0269  0.0260  0.0260  0.0258  0.0261
niter,ni,del,rscale     3    3    5.0000    0.6000
parameters
   -2.5550   36.1418    5.1390   -8.5462   -8.7386   -3.4264
   -0.8959   -5.6001    2.2922   11.9012    9.2325  -12.1200
eta,q 0.97451  8.97808
  0.0262  0.0261  0.0258  0.0260  0.0259  0.0259  0.0261  0.0265  0.0259  0.0262  0.0257  0.0258
  0.0259  0.0258  0.0256  0.0258  0.0257  0.0257  0.0258  0.0259  0.0257  0.0258  0.0256  0.0256
  0.0256  0.0256  0.0256  0.0257  0.0256  0.0255  0.0256  0.0256  0.0255  0.0256  0.0255  0.0255
  0.0255  0.0255  0.0255  0.0255  0.0255  0.0255  0.0255  0.0255  0.0255  0.0255  0.0255  0.0255
  0.0256  0.0255  0.0256  0.0255  0.0256  0.0256  0.0256  0.0257  0.0256  0.0255  0.0255  0.0256
  0.0259  0.0256  0.0257  0.0257  0.0258  0.0257  0.0258  0.0260  0.0257  0.0256  0.0256  0.0257
  0.0263  0.0258  0.0259  0.0261  0.0261  0.0259  0.0261  0.0265  0.0259  0.0258  0.0257  0.0259
niter,ni,del,rscale     2    3    5.0000    0.5000
parameters
   -2.5714   36.4238    5.0125   -8.4752   -9.2634   -3.5898
   -0.8407   -5.6535    2.2822   12.9176    9.2723  -12.5437
eta,q 0.97459  8.96166
  0.0260  0.0260  0.0256  0.0258  0.0257  0.0257  0.0259  0.0261  0.0257  0.0260  0.0255  0.0256
  0.0257  0.0257  0.0255  0.0257  0.0255  0.0255  0.0256  0.0258  0.0256  0.0257  0.0255  0.0255
  0.0255  0.0256  0.0255  0.0256  0.0255  0.0255  0.0255  0.0255  0.0255  0.0256  0.0254  0.0254
  0.0255  0.0255  0.0255  0.0255  0.0255  0.0255  0.0255  0.0255  0.0255  0.0255  0.0254  0.0254
  0.0256  0.0255  0.0255  0.0255  0.0255  0.0255  0.0255  0.0255  0.0255  0.0254  0.0254  0.0255
  0.0257  0.0255  0.0256  0.0256  0.0257  0.0256  0.0256  0.0258  0.0256  0.0255  0.0255  0.0256
  0.0260  0.0256  0.0257  0.0258  0.0259  0.0257  0.0258  0.0262  0.0257  0.0256  0.0255  0.0257
niter,ni,del,rscale     1    3    5.0000    0.4000
parameter 10 -0.532177 -> -0.500000 qaram    1.1500
parameters
   -2.5850   36.8032    4.8554   -8.4807   -9.9951   -3.6508
   -0.7773   -5.7207    2.4330   14.2976    8.9814  -13.1924
eta,q 0.97472  8.94146
  0.0257  0.0258  0.0254  0.0256  0.0254  0.0255  0.0256  0.0258  0.0255  0.0258  0.0253  0.0253
  0.0255  0.0256  0.0254  0.0255  0.0254  0.0254  0.0255  0.0255  0.0254  0.0256  0.0253  0.0253
  0.0254  0.0255  0.0254  0.0254  0.0254  0.0254  0.0254  0.0254  0.0254  0.0255  0.0253  0.0253
  0.0254  0.0254  0.0254  0.0254  0.0254  0.0253  0.0254  0.0253  0.0254  0.0254  0.0253  0.0253
  0.0255  0.0254  0.0254  0.0254  0.0254  0.0254  0.0254  0.0254  0.0254  0.0253  0.0253  0.0253
  0.0256  0.0254  0.0255  0.0254  0.0255  0.0254  0.0255  0.0256  0.0254  0.0253  0.0253  0.0254
  0.0257  0.0254  0.0255  0.0256  0.0257  0.0255  0.0256  0.0258  0.0255  0.0253  0.0254  0.0255
niter,ni,del,rscale     1    3    5.0000    0.4000
parameter  2 -0.547769 -> -0.500000 qaram    1.1500
parameters
   -2.6077   37.2632    4.6893   -8.7854  -10.7368   -3.3278
   -0.7242   -5.8024    2.6658   15.2264    8.4707  -13.9102
eta,q 0.97486  8.92208
  0.0256  0.0257  0.0253  0.0253  0.0253  0.0254  0.0254  0.0256  0.0254  0.0258  0.0252  0.0252
  0.0254  0.0255  0.0252  0.0253  0.0252  0.0253  0.0253  0.0254  0.0253  0.0255  0.0252  0.0252
  0.0253  0.0254  0.0252  0.0252  0.0252  0.0252  0.0252  0.0252  0.0252  0.0253  0.0252  0.0251
  0.0253  0.0253  0.0252  0.0252  0.0252  0.0252  0.0252  0.0252  0.0252  0.0252  0.0252  0.0252
  0.0253  0.0252  0.0252  0.0252  0.0253  0.0252  0.0252  0.0253  0.0252  0.0252  0.0252  0.0252
  0.0254  0.0252  0.0253  0.0253  0.0254  0.0252  0.0253  0.0254  0.0253  0.0252  0.0252  0.0253
  0.0256  0.0253  0.0254  0.0255  0.0255  0.0253  0.0254  0.0257  0.0253  0.0253  0.0252  0.0254
niter,ni,del,rscale     1    3    5.0000    0.4000
parameters
   -2.6288   37.4871    4.5863   -9.0567  -11.0653   -2.8543
   -0.7039   -5.8680    2.7396   15.8218    8.3246  -14.4024
eta,q 0.97491  8.92190
  0.0254  0.0256  0.0252  0.0252  0.0253  0.0253  0.0254  0.0255  0.0253  0.0257  0.0252  0.0252
  0.0253  0.0254  0.0252  0.0252  0.0252  0.0252  0.0252  0.0253  0.0252  0.0254  0.0251  0.0251
  0.0252  0.0252  0.0251  0.0251  0.0251  0.0252  0.0251  0.0252  0.0251  0.0252  0.0251  0.0251
  0.0251  0.0251  0.0251  0.0251  0.0251  0.0251  0.0251  0.0251  0.0251  0.0251  0.0251  0.0251
  0.0252  0.0251  0.0252  0.0251  0.0252  0.0251  0.0252  0.0252  0.0251  0.0251  0.0251  0.0251
  0.0253  0.0252  0.0252  0.0252  0.0252  0.0251  0.0252  0.0253  0.0252  0.0252  0.0251  0.0252
  0.0254  0.0253  0.0253  0.0254  0.0254  0.0252  0.0254  0.0256  0.0253  0.0253  0.0252  0.0253
registration optimization eta report
parameter search radius
    0.8000    0.9200    0.8000    2.4000    2.4000    2.4000
    2.4000    2.4000    2.4000    2.7600    2.4000    2.4000
100000*second partial in parameter space
       45.       33.       19.        3.        3.        2.
        4.        7.        3.        5.        1.        2.
  0.0254  0.0256  0.0252  0.0252  0.0253  0.0253  0.0254  0.0255  0.0253  0.0257  0.0252  0.0252
  0.0253  0.0254  0.0252  0.0252  0.0252  0.0252  0.0252  0.0253  0.0252  0.0254  0.0251  0.0251
  0.0252  0.0252  0.0251  0.0251  0.0251  0.0252  0.0251  0.0252  0.0251  0.0252  0.0251  0.0251
  0.0251  0.0251  0.0251  0.0251  0.0251  0.0251  0.0251  0.0251  0.0251  0.0251  0.0251  0.0251
  0.0252  0.0251  0.0252  0.0251  0.0252  0.0251  0.0252  0.0252  0.0251  0.0251  0.0251  0.0251
  0.0253  0.0252  0.0252  0.0252  0.0252  0.0251  0.0252  0.0253  0.0252  0.0252  0.0251  0.0252
  0.0254  0.0253  0.0253  0.0254  0.0254  0.0252  0.0254  0.0256  0.0253  0.0253  0.0252  0.0253
   -2.6288   37.4871    4.5863   -9.0567  -11.0653   -2.8543
   -0.7039   -5.8680    2.7396   15.8218    8.3246  -14.4024
eta,q 0.97491  8.92190

---------------------------------------------------------------------
compute_vox2vox talsrcimg talsrcimg_to_711-2C_as_mni_average_305_t4 /opt/freesurfer/average/711-2C_as_mni_average_305
---------------------------------------------------------------------

freesurfer compute_vox2vox.c
Reading: talsrcimg.4dfp.ifh
Reading: talsrcimg_to_711-2C_as_mni_average_305_t4
Reading: /opt/freesurfer/average/711-2C_as_mni_average_305.4dfp.ifh
Writing: talsrcimg_to_711-2C_as_mni_average_305_t4_vox2vox.txt

start time Tue Mar 10 09:13:59 CET 2026
end		time Tue Mar 10 09:15:28 CET 2026

mpr2mni305 success

avi2talxfm orig_nu.mgz /opt/freesurfer/average/mni305.cor.mgz talsrcimg_to_711-2C_as_mni_average_305_t4_vox2vox.txt transforms/talairach.auto.xfm
avi2talxfm done
mv -f /out/sourcedata/freesurfer/sub-v2s0x29028_ses-1/mri/talsrcimg_to_711-2C_as_mni_average_305_t4_vox2vox.txt /out/sourcedata/freesurfer/sub-v2s0x29028_ses-1/mri/transforms/talsrcimg_to_711-2C_as_mni_average_305_t4_vox2vox.txt
lta_convert --src orig_nu.mgz --trg /opt/freesurfer/average/mni305.cor.mgz --inxfm transforms/talairach.auto.xfm --outlta transforms/talairach.auto.xfm.lta --subject fsaverage
7.3.2

--src: orig_nu.mgz src image (geometry).
--trg: /opt/freesurfer/average/mni305.cor.mgz trg image (geometry).
--inmni: transforms/talairach.auto.xfm input MNI/XFM transform.
--outlta: transforms/talairach.auto.xfm.lta output LTA.
--s: fsaverage subject name
 LTA read, type : 1
 1.09326   0.06297   0.01885  -0.00530;
-0.09614   0.99739   0.16076  -36.06792;
-0.01657  -0.17938   1.09524  -43.00937;
 0.00000   0.00000   0.00000   1.00000;
setting subject to fsaverage
Writing  LTA to file transforms/talairach.auto.xfm.lta...
lta_convert successful.
 
 
Started at Tue Mar 10 09:13:59 CET 2026
Ended   at Tue Mar 10 09:15:28 CET 2026
talairach_avi done
