status file for recon-all
Tue Mar 10 10:43:28 CET 2026
#@# Tessellate rh Tue Mar 10 10:43:28 CET 2026
#@# Smooth1 rh Tue Mar 10 10:43:31 CET 2026
#@# Inflation1 rh Tue Mar 10 10:43:34 CET 2026
#@# QSphere rh Tue Mar 10 10:43:44 CET 2026
#@# Fix Topology rh Tue Mar 10 10:44:44 CET 2026
#@# Smooth2 rh Tue Mar 10 10:50:13 CET 2026
#@# Inflation2 rh Tue Mar 10 10:50:16 CET 2026
#@# Curv .H and .K rh Tue Mar 10 10:50:27 CET 2026
#@# Sphere rh Tue Mar 10 10:51:14 CET 2026
#@# Surf Reg rh Tue Mar 10 10:53:49 CET 2026
#@# Jacobian white rh Tue Mar 10 10:56:59 CET 2026
#@# AvgCurv rh Tue Mar 10 10:57:00 CET 2026
#@# Cortical Parc rh Tue Mar 10 10:57:01 CET 2026
#@# white curv rh Tue Mar 10 11:02:41 CET 2026
#@# white area rh Tue Mar 10 11:02:43 CET 2026
#@# pial curv rh Tue Mar 10 11:02:44 CET 2026
#@# pial area rh Tue Mar 10 11:02:45 CET 2026
#@# thickness rh Tue Mar 10 11:02:46 CET 2026
#@# area and vertex vol rh Tue Mar 10 11:03:16 CET 2026
#@# Curvature Stats rh Tue Mar 10 11:03:17 CET 2026
#@# Cortical Parc 2 rh Tue Mar 10 11:03:19 CET 2026
#@# Cortical Parc 3 rh Tue Mar 10 11:03:32 CET 2026
#@# WM/GM Contrast rh Tue Mar 10 11:03:42 CET 2026
recon-all -s sub-v2s0x29021_ses-1 finished without error at Tue Mar 10 11:03:44 CET 2026



#New# invocation of recon-all 



status file for recon-all
Tue Mar 10 11:37:24 CET 2026
#@# white curv rh Tue Mar 10 11:37:24 CET 2026
#@# white area rh Tue Mar 10 11:37:24 CET 2026
#@# pial curv rh Tue Mar 10 11:37:24 CET 2026
#@# pial area rh Tue Mar 10 11:37:24 CET 2026
#@# thickness rh Tue Mar 10 11:37:24 CET 2026
#@# area and vertex vol rh Tue Mar 10 11:37:24 CET 2026
#@# Parcellation Stats rh Tue Mar 10 11:37:24 CET 2026
#@# Parcellation Stats 2 rh Tue Mar 10 11:37:42 CET 2026
#@# Parcellation Stats 3 rh Tue Mar 10 11:37:52 CET 2026
#@# BA_exvivo Labels rh Tue Mar 10 11:38:00 CET 2026
recon-all -s sub-v2s0x29021_ses-1 finished without error at Tue Mar 10 11:40:29 CET 2026
