status file for recon-all
Tue Mar 10 08:41:24 CET 2026
#@# T2/FLAIR Input Tue Mar 10 08:41:25 CET 2026
#@# MotionCor Tue Mar 10 08:41:27 CET 2026
#@# Talairach Tue Mar 10 08:41:34 CET 2026
#@# Talairach Failure Detection Tue Mar 10 08:46:04 CET 2026
#@# Nu Intensity Correction Tue Mar 10 08:46:04 CET 2026
#@# Intensity Normalization Tue Mar 10 08:49:18 CET 2026
recon-all -s sub-v2s0x29021_ses-1 finished without error at Tue Mar 10 08:50:49 CET 2026



#New# invocation of recon-all 



status file for recon-all
Tue Mar 10 08:58:00 CET 2026
#@# EM Registration Tue Mar 10 08:58:00 CET 2026
recon-all -s sub-v2s0x29021_ses-1 finished without error at Tue Mar 10 08:59:31 CET 2026



#New# invocation of recon-all 



status file for recon-all
Tue Mar 10 08:59:34 CET 2026
#@# CA Normalize Tue Mar 10 08:59:34 CET 2026
#@# CA Reg Tue Mar 10 09:00:54 CET 2026
#@# SubCort Seg Tue Mar 10 09:46:00 CET 2026
#@# CC Seg Tue Mar 10 10:16:45 CET 2026
#@# Merge ASeg Tue Mar 10 10:17:45 CET 2026
#@# Intensity Normalization2 Tue Mar 10 10:17:45 CET 2026
#@# Mask BFS Tue Mar 10 10:20:06 CET 2026
#@# WM Segmentation Tue Mar 10 10:20:06 CET 2026
#@# Fill Tue Mar 10 10:22:04 CET 2026
recon-all -s sub-v2s0x29021_ses-1 finished without error at Tue Mar 10 10:23:09 CET 2026



#New# invocation of recon-all 



status file for recon-all
Tue Mar 10 11:03:50 CET 2026
#@# Refine Pial Surfs w/ T2/FLAIR Tue Mar 10 11:03:50 CET 2026
#@# white curv lh Tue Mar 10 11:28:45 CET 2026
#@# white area lh Tue Mar 10 11:28:45 CET 2026
#@# pial curv lh Tue Mar 10 11:28:45 CET 2026
#@# pial area lh Tue Mar 10 11:28:47 CET 2026
#@# thickness lh Tue Mar 10 11:28:48 CET 2026
#@# area and vertex vol lh Tue Mar 10 11:29:17 CET 2026
#@# white curv rh Tue Mar 10 11:29:18 CET 2026
#@# white area rh Tue Mar 10 11:29:18 CET 2026
#@# pial curv rh Tue Mar 10 11:29:18 CET 2026
#@# pial area rh Tue Mar 10 11:29:20 CET 2026
#@# thickness rh Tue Mar 10 11:29:21 CET 2026
#@# area and vertex vol rh Tue Mar 10 11:29:50 CET 2026
#@# Cortical ribbon mask Tue Mar 10 11:29:51 CET 2026
recon-all -s sub-v2s0x29021_ses-1 finished without error at Tue Mar 10 11:34:07 CET 2026



#New# invocation of recon-all 



status file for recon-all
Tue Mar 10 11:40:33 CET 2026
#@# white curv lh Tue Mar 10 11:40:33 CET 2026
#@# white area lh Tue Mar 10 11:40:33 CET 2026
#@# pial curv lh Tue Mar 10 11:40:33 CET 2026
#@# pial area lh Tue Mar 10 11:40:33 CET 2026
#@# thickness lh Tue Mar 10 11:40:33 CET 2026
#@# area and vertex vol lh Tue Mar 10 11:40:33 CET 2026
#@# white curv rh Tue Mar 10 11:40:33 CET 2026
#@# white area rh Tue Mar 10 11:40:33 CET 2026
#@# pial curv rh Tue Mar 10 11:40:33 CET 2026
#@# pial area rh Tue Mar 10 11:40:33 CET 2026
#@# thickness rh Tue Mar 10 11:40:33 CET 2026
#@# area and vertex vol rh Tue Mar 10 11:40:33 CET 2026
#@# Curvature Stats lh Tue Mar 10 11:40:33 CET 2026
#@# Curvature Stats rh Tue Mar 10 11:40:36 CET 2026
#@# Relabel Hypointensities Tue Mar 10 11:40:38 CET 2026
#@# APas-to-ASeg Tue Mar 10 11:40:53 CET 2026
#@# AParc-to-ASeg aparc Tue Mar 10 11:41:01 CET 2026
#@# AParc-to-ASeg aparc.a2009s Tue Mar 10 11:41:20 CET 2026
#@# AParc-to-ASeg aparc.DKTatlas Tue Mar 10 11:41:39 CET 2026
#@# WMParc Tue Mar 10 11:41:58 CET 2026
#@# ASeg Stats Tue Mar 10 11:45:56 CET 2026
recon-all -s sub-v2s0x29021_ses-1 finished without error at Tue Mar 10 11:46:28 CET 2026
