/out/sourcedata/freesurfer/sub-v2s0x29030_ses-1/mri
/opt/freesurfer/bin/talairach_avi
--i orig_nu.mgz --xfm transforms/talairach.auto.xfm
talairach_avi 7.3.2
Linux dna003 5.14.0-427.37.1.el9_4.x86_64 #1 SMP PREEMPT_DYNAMIC Fri Sep 13 12:41:50 EDT 2024 x86_64 x86_64 x86_64 GNU/Linux
Tue Mar 10 09:17:28 CET 2026
mri_convert orig_nu.mgz talsrcimg.img 
reading from orig_nu.mgz...
TR=0.00, TE=0.00, TI=0.00, flip angle=0.00
i_ras = (-1, 0, 0)
j_ras = (0, 0, -1)
k_ras = (0, 1, 0)
writing to talsrcimg.img...
Analyze Output Matrix
-1.00000   0.00000   0.00000   135.78674;
 0.00000   0.00000   1.00000  -84.67320;
 0.00000  -1.00000   0.00000   126.29362;
 0.00000   0.00000   0.00000   1.00000;
--------------------
INFO: set hdr.hist.orient to -1
mpr2mni305 talsrcimg
Tue Mar 10 09:17:28 CET 2026
/opt/freesurfer/bin/mpr2mni305 talsrcimg
mpr2mni305 7.3.2
target=711-2C_as_mni_average_305

---------------------------------------------------------------------
analyzeto4dfp talsrcimg -O0 -y
---------------------------------------------------------------------

freesurfer ifh2hdr.c
Tue Mar 10 09:17:29 2026
Writing: talsrcimg.4dfp.hdr
freesurfer analyzeto4dfp.c
Reading: talsrcimg.hdr
header size 348 bytes
hdr.dime.datatype	offset=70	value=2
hdr.dime.bitpix		offset=72	value=8
hdr.hist.orient		offset=252	value=-1
dimensionality     4
dimensions       256       256       256         1
Reading: talsrcimg.img
Writing: talsrcimg.4dfp.img
Writing: talsrcimg.4dfp.ifh
ifh2hdr talsrcimg -r0to255
ori=2

---------------------------------------------------------------------
gauss_4dfp talsrcimg 1.1
---------------------------------------------------------------------

freesurfer gauss_4dfp.c
Reading: talsrcimg.4dfp.img
Writing: talsrcimg_g11.4dfp.img
image dimensions 256 256 256 padded to 288 288 288
processing volume 1freesurfer ifh2hdr.c
Tue Mar 10 09:17:30 2026
Writing: talsrcimg_g11.4dfp.hdr

Writing: talsrcimg_g11.4dfp.ifh
including: talsrcimg.4dfp.img.rec in talsrcimg_g11.4dfp.img.rec

---------------------------------------------------------------------
imgreg_4dfp /opt/freesurfer/average/711-2C_as_mni_average_305 none talsrcimg_g11 none talsrcimg_to_711-2C_as_mni_average_305_t4 4355
---------------------------------------------------------------------

freesurfer imgreg_4dfp.c
/opt/freesurfer/average/711-2C_as_mni_average_305.4dfp.img
       256       256       256         1
  1.000000  1.000000  1.000000
orientation T byte_order littleendian
Reading image: /opt/freesurfer/average/711-2C_as_mni_average_305.4dfp.img
dimensions:      256       256       256
mmppix:       1.0000   -1.0000   -1.0000
center:     128.0000 -129.0000 -129.0000
talsrcimg_g11.4dfp.img
       256       256       256         1
  1.000000  1.000000  1.000000
orientation T byte_order littleendian
Reading image: talsrcimg_g11.4dfp.img
dimensions:      256       256       256
mmppix:       1.0000   -1.0000   -1.0000
center:     128.0000 -129.0000 -129.0000
t4_read: open error in t4_sub.f l:  41 t4_file(1:l)talsrcimg_to_711-2C_as_mni_average_305_t4 
t4_read: transform initialized to I4
rotation matrix determinant  1.000000
image alignment mode   4355 decimal     1103 hex
   -7.5000  -45.0000  -45.000010233.7207   11.7086
    0.0000  -45.0000  -45.000010590.2100   11.7111
    7.5000  -45.0000  -45.000010129.7119   11.6604
   -7.5000  -37.5000  -45.000010523.6768   11.7778
    0.0000  -37.5000  -45.000010894.5771   11.7824
    7.5000  -37.5000  -45.000010395.3379   11.7250
   -7.5000  -30.0000  -45.000011130.0342   11.6599
    0.0000  -30.0000  -45.000011515.4893   11.6669
    7.5000  -30.0000  -45.000010954.7539   11.6108
   -7.5000  -22.5000  -45.000011670.9658   11.5986
    0.0000  -22.5000  -45.000012044.4336   11.6058
    7.5000  -22.5000  -45.000011436.7070   11.5554
   -7.5000  -15.0000  -45.000012097.6797   11.5448
    0.0000  -15.0000  -45.000012463.4004   11.5502
    7.5000  -15.0000  -45.000011839.8662   11.5055
   -7.5000   -7.5000  -45.000012417.8730   11.5066
    0.0000   -7.5000  -45.000012804.2559   11.5100
    7.5000   -7.5000  -45.000012156.8154   11.4659
   -7.5000    0.0000  -45.000012629.3604   11.5033
    0.0000    0.0000  -45.000013058.3877   11.5061
    7.5000    0.0000  -45.000012377.6328   11.4572
   -7.5000    7.5000  -45.000011957.6299   11.6970
    0.0000    7.5000  -45.000012389.4912   11.7017
    7.5000    7.5000  -45.000011723.4756   11.6454
   -7.5000   15.0000  -45.000011274.3262   11.9828
    0.0000   15.0000  -45.000011694.3438   11.9911
    7.5000   15.0000  -45.000011044.9346   11.9328
   -7.5000   22.5000  -45.000010566.8506   12.3137
    0.0000   22.5000  -45.000010959.8867   12.3223
    7.5000   22.5000  -45.000010336.7031   12.2670
   -7.5000   30.0000  -45.0000 9892.6211   12.5297
    0.0000   30.0000  -45.000010270.1875   12.5355
    7.5000   30.0000  -45.0000 9689.9150   12.4831
   -7.5000   37.5000  -45.0000 9606.9844   12.9832
    0.0000   37.5000  -45.000010003.4629   12.9912
    7.5000   37.5000  -45.0000 9441.4180   12.9360
   -7.5000   45.0000  -45.0000 8972.8418   13.1451
    0.0000   45.0000  -45.0000 9365.9482   13.1534
    7.5000   45.0000  -45.0000 8838.5693   13.0969
   -7.5000  -45.0000  -37.500010696.9492   11.7274
    0.0000  -45.0000  -37.500011068.0488   11.7304
    7.5000  -45.0000  -37.500010541.8066   11.6803
   -7.5000  -37.5000  -37.500011012.8311   11.7900
    0.0000  -37.5000  -37.500011399.5615   11.7967
    7.5000  -37.5000  -37.500010846.6133   11.7423
   -7.5000  -30.0000  -37.500011663.8594   11.6699
    0.0000  -30.0000  -37.500012056.0674   11.6794
    7.5000  -30.0000  -37.500011445.6455   11.6283
   -7.5000  -22.5000  -37.500012224.2363   11.6099
    0.0000  -22.5000  -37.500012608.4102   11.6190
    7.5000  -22.5000  -37.500011963.5654   11.5735
   -7.5000  -15.0000  -37.500012655.0146   11.5597
    0.0000  -15.0000  -37.500013030.0439   11.5660
    7.5000  -15.0000  -37.500012357.5713   11.5244
   -7.5000   -7.5000  -37.500013003.0400   11.5245
    0.0000   -7.5000  -37.500013378.7607   11.5281
    7.5000   -7.5000  -37.500012682.5068   11.4852
   -7.5000    0.0000  -37.500013216.9111   11.5209
    0.0000    0.0000  -37.500013612.7070   11.5241
    7.5000    0.0000  -37.500012906.4414   11.4761
   -7.5000    7.5000  -37.500012512.7637   11.7094
    0.0000    7.5000  -37.500012921.5332   11.7160
    7.5000    7.5000  -37.500012217.8271   11.6627
   -7.5000   15.0000  -37.500011817.9033   11.9913
    0.0000   15.0000  -37.500012234.0801   12.0022
    7.5000   15.0000  -37.500011529.7012   11.9492
   -7.5000   22.5000  -37.500011065.4414   12.3223
    0.0000   22.5000  -37.500011471.9043   12.3342
    7.5000   22.5000  -37.500010809.0371   12.2851
   -7.5000   30.0000  -37.500010349.5918   12.5424
    0.0000   30.0000  -37.500010734.5176   12.5518
    7.5000   30.0000  -37.500010110.0176   12.5046
   -7.5000   37.5000  -37.500010024.0137   13.0001
    0.0000   37.5000  -37.500010426.6289   13.0105
    7.5000   37.5000  -37.5000 9833.4219   12.9572
   -7.5000   45.0000  -37.5000 9351.7764   13.1587
    0.0000   45.0000  -37.5000 9737.4707   13.1705
    7.5000   45.0000  -37.5000 9195.8838   13.1161
   -7.5000  -45.0000  -30.000011260.9277   12.2312
    0.0000  -45.0000  -30.000011631.8398   12.2357
    7.5000  -45.0000  -30.000011101.8398   12.1884
   -7.5000  -37.5000  -30.000011601.2461   12.2958
    0.0000  -37.5000  -30.000011995.1836   12.3049
    7.5000  -37.5000  -30.000011426.9932   12.2542
   -7.5000  -30.0000  -30.000012279.7070   12.1728
    0.0000  -30.0000  -30.000012677.1758   12.1839
    7.5000  -30.0000  -30.000012042.9277   12.1363
   -7.5000  -22.5000  -30.000012880.9854   12.1093
    0.0000  -22.5000  -30.000013305.6729   12.1189
    7.5000  -22.5000  -30.000012605.7207   12.0765
   -7.5000  -15.0000  -30.000013344.4395   12.0556
    0.0000  -15.0000  -30.000013743.1582   12.0617
    7.5000  -15.0000  -30.000013011.3320   12.0222
   -7.5000   -7.5000  -30.000013709.9062   12.0185
    0.0000   -7.5000  -30.000014101.4014   12.0226
    7.5000   -7.5000  -30.000013382.2852   11.9816
   -7.5000    0.0000  -30.000013967.6182   12.0157
    0.0000    0.0000  -30.000014376.7764   12.0204
    7.5000    0.0000  -30.000013630.4316   11.9752
   -7.5000    7.5000  -30.000013224.0293   12.2122
    0.0000    7.5000  -30.000013650.1279   12.2210
    7.5000    7.5000  -30.000012900.4316   12.1712
   -7.5000   15.0000  -30.000012481.5039   12.5066
    0.0000   15.0000  -30.000012915.4375   12.5189
    7.5000   15.0000  -30.000012184.7051   12.4695
   -7.5000   22.5000  -30.000011690.0908   12.8492
    0.0000   22.5000  -30.000012124.0361   12.8625
    7.5000   22.5000  -30.000011432.1699   12.8173
   -7.5000   30.0000  -30.000010924.6426   13.0781
    0.0000   30.0000  -30.000011328.5449   13.0884
    7.5000   30.0000  -30.000010674.8945   13.0438
   -7.5000   37.5000  -30.000010587.8691   13.5526
    0.0000   37.5000  -30.000010995.5947   13.5644
    7.5000   37.5000  -30.000010364.6943   13.5126
   -7.5000   45.0000  -30.0000 9871.3750   13.7242
    0.0000   45.0000  -30.000010267.7480   13.7387
    7.5000   45.0000  -30.0000 9691.2295   13.6872
   -7.5000  -45.0000  -22.500011793.7500   12.6424
    0.0000  -45.0000  -22.500012207.5381   12.6481
    7.5000  -45.0000  -22.500011684.3799   12.6037
   -7.5000  -37.5000  -22.500012144.8516   12.7157
    0.0000  -37.5000  -22.500012584.3047   12.7255
    7.5000  -37.5000  -22.500012017.6855   12.6758
   -7.5000  -30.0000  -22.500012843.2295   12.5926
    0.0000  -30.0000  -22.500013301.2949   12.6031
    7.5000  -30.0000  -22.500012662.1621   12.5542
   -7.5000  -22.5000  -22.500013475.5381   12.5250
    0.0000  -22.5000  -22.500013950.2764   12.5332
    7.5000  -22.5000  -22.500013231.8975   12.4888
   -7.5000  -15.0000  -22.500013988.8779   12.4640
    0.0000  -15.0000  -22.500014424.4775   12.4692
    7.5000  -15.0000  -22.500013689.0078   12.4288
   -7.5000   -7.5000  -22.500014401.5811   12.4220
    0.0000   -7.5000  -22.500014812.1074   12.4264
    7.5000   -7.5000  -22.500014083.1875   12.3866
   -7.5000    0.0000  -22.500014685.8604   12.4205
    0.0000    0.0000  -22.500015108.4727   12.4265
    7.5000    0.0000  -22.500014380.3369   12.3836
   -7.5000    7.5000  -22.500013879.7529   12.6292
    0.0000    7.5000  -22.500014330.6885   12.6386
    7.5000    7.5000  -22.500013616.9355   12.5898
   -7.5000   15.0000  -22.500013089.8203   12.9391
    0.0000   15.0000  -22.500013531.4150   12.9506
    7.5000   15.0000  -22.500012851.1094   12.8996
   -7.5000   22.5000  -22.500012266.5186   13.2912
    0.0000   22.5000  -22.500012702.7256   13.3030
    7.5000   22.5000  -22.500012054.5889   13.2554
   -7.5000   30.0000  -22.500011466.7568   13.5233
    0.0000   30.0000  -22.500011887.6221   13.5306
    7.5000   30.0000  -22.500011250.2354   13.4833
   -7.5000   37.5000  -22.500011126.5088   14.0061
    0.0000   37.5000  -22.500011546.5430   14.0169
    7.5000   37.5000  -22.500010916.3877   13.9652
   -7.5000   45.0000  -22.500010369.9658   14.1932
    0.0000   45.0000  -22.500010790.1973   14.2073
    7.5000   45.0000  -22.500010207.7529   14.1570
   -7.5000  -45.0000  -15.000012275.5723   12.9226
    0.0000  -45.0000  -15.000012756.1377   12.9281
    7.5000  -45.0000  -15.000012239.3301   12.8825
   -7.5000  -37.5000  -15.000012652.8389   13.0047
    0.0000  -37.5000  -15.000013145.6279   13.0130
    7.5000  -37.5000  -15.000012587.8652   12.9592
   -7.5000  -30.0000  -15.000013384.7061   12.8805
    0.0000  -30.0000  -15.000013897.6729   12.8890
    7.5000  -30.0000  -15.000013275.3447   12.8341
   -7.5000  -22.5000  -15.000014009.1807   12.8098
    0.0000  -22.5000  -15.000014553.3232   12.8167
    7.5000  -22.5000  -15.000013856.8486   12.7665
   -7.5000  -15.0000  -15.000014547.1094   12.7435
    0.0000  -15.0000  -15.000015068.1787   12.7484
    7.5000  -15.0000  -15.000014338.4805   12.7044
   -7.5000   -7.5000  -15.000015027.1016   12.6976
    0.0000   -7.5000  -15.000015527.9629   12.7022
    7.5000   -7.5000  -15.000014800.3271   12.6608
   -7.5000    0.0000  -15.000015375.7393   12.6968
    0.0000    0.0000  -15.000015949.2148   12.7027
    7.5000    0.0000  -15.000015218.1875   12.6582
   -7.5000    7.5000  -15.000014525.8330   12.9159
    0.0000    7.5000  -15.000015120.2197   12.9240
    7.5000    7.5000  -15.000014485.4150   12.8711
   -7.5000   15.0000  -15.000013655.5850   13.2372
    0.0000   15.0000  -15.000014165.6787   13.2466
    7.5000   15.0000  -15.000013610.7061   13.1891
   -7.5000   22.5000  -15.000012776.7734   13.5969
    0.0000   22.5000  -15.000013257.2930   13.6062
    7.5000   22.5000  -15.000012701.8984   13.5513
   -7.5000   30.0000  -15.000011951.2119   13.8322
    0.0000   30.0000  -15.000012421.6299   13.8364
    7.5000   30.0000  -15.000011831.6787   13.7831
   -7.5000   37.5000  -15.000011620.4922   14.3214
    0.0000   37.5000  -15.000012076.0898   14.3305
    7.5000   37.5000  -15.000011482.4531   14.2763
   -7.5000   45.0000  -15.000010878.9502   14.5237
    0.0000   45.0000  -15.000011315.6729   14.5347
    7.5000   45.0000  -15.000010739.4111   14.4817
   -7.5000  -45.0000   -7.500012772.5215   13.0617
    0.0000  -45.0000   -7.500013287.2598   13.0656
    7.5000  -45.0000   -7.500012800.8877   13.0140
   -7.5000  -37.5000   -7.500013162.8740   13.1454
    0.0000  -37.5000   -7.500013684.6338   13.1511
    7.5000  -37.5000   -7.500013167.1543   13.0903
   -7.5000  -30.0000   -7.500013904.9492   13.0178
    0.0000  -30.0000   -7.500014461.7793   13.0248
    7.5000  -30.0000   -7.500013889.9434   12.9632
   -7.5000  -22.5000   -7.500014524.4023   12.9472
    0.0000  -22.5000   -7.500015116.2217   12.9536
    7.5000  -22.5000   -7.500014486.9561   12.8979
   -7.5000  -15.0000   -7.500015069.5254   12.8815
    0.0000  -15.0000   -7.500015655.0068   12.8866
    7.5000  -15.0000   -7.500014991.7842   12.8383
   -7.5000   -7.5000   -7.500015648.2363   12.8355
    0.0000   -7.5000   -7.500016287.4365   12.8396
    7.5000   -7.5000   -7.500015581.6084   12.7938
   -7.5000    0.0000   -7.500016155.3857   12.8335
    0.0000    0.0000   -7.500016977.8398   12.8378
    7.5000    0.0000   -7.500016295.2598   12.7877
   -7.5000    7.5000   -7.500015336.7451   13.0553
    0.0000    7.5000   -7.500016109.1650   13.0610
    7.5000    7.5000   -7.500015560.0674   13.0014
   -7.5000   15.0000   -7.500014428.0449   13.3792
    0.0000   15.0000   -7.500015045.9209   13.3871
    7.5000   15.0000   -7.500014552.3115   13.3228
   -7.5000   22.5000   -7.500013446.5186   13.7428
    0.0000   22.5000   -7.500013991.5186   13.7506
    7.5000   22.5000   -7.500013470.0957   13.6891
   -7.5000   30.0000   -7.500012540.1094   13.9854
    0.0000   30.0000   -7.500013009.0557   13.9889
    7.5000   30.0000   -7.500012449.2607   13.9305
   -7.5000   37.5000   -7.500012198.6309   14.4836
    0.0000   37.5000   -7.500012660.9365   14.4916
    7.5000   37.5000   -7.500012034.2393   14.4327
   -7.5000   45.0000   -7.500011400.1191   14.6938
    0.0000   45.0000   -7.500011845.7822   14.7023
    7.5000   45.0000   -7.500011217.1885   14.6429
   -7.5000  -45.0000    0.000013189.3193   13.1006
    0.0000  -45.0000    0.000013729.6104   13.1034
    7.5000  -45.0000    0.000013272.0508   13.0467
   -7.5000  -37.5000    0.000013599.6729   13.1781
    0.0000  -37.5000    0.000014133.3848   13.1833
    7.5000  -37.5000    0.000013688.4434   13.1190
   -7.5000  -30.0000    0.000014354.8770   13.0462
    0.0000  -30.0000    0.000014930.1719   13.0541
    7.5000  -30.0000    0.000014482.6211   12.9912
   -7.5000  -22.5000    0.000015003.7695   12.9777
    0.0000  -22.5000    0.000015624.4912   12.9856
    7.5000  -22.5000    0.000015139.9023   12.9293
   -7.5000  -15.0000    0.000015581.0938   12.9174
    0.0000  -15.0000    0.000016257.4180   12.9234
    7.5000  -15.0000    0.000015717.5713   12.8735
   -7.5000   -7.5000    0.000016185.6582   12.8746
    0.0000   -7.5000    0.000017001.3027   12.8784
    7.5000   -7.5000    0.000016364.3105   12.8291
   -7.5000    0.0000    0.000016776.5664   12.8709
    0.0000    0.0000    0.000017729.4082   12.8741
    7.5000    0.0000    0.000016974.6445   12.8193
   -7.5000    7.5000    0.000016063.4336   13.0877
    0.0000    7.5000    0.000016880.8086   13.0930
    7.5000    7.5000    0.000016118.7900   13.0299
   -7.5000   15.0000    0.000015213.3389   13.4074
    0.0000   15.0000    0.000015909.4697   13.4168
    7.5000   15.0000    0.000015105.8496   13.3515
   -7.5000   22.5000    0.000014144.6846   13.7732
    0.0000   22.5000    0.000014769.0215   13.7828
    7.5000   22.5000    0.000013996.9072   13.7209
   -7.5000   30.0000    0.000013043.9141   14.0247
    0.0000   30.0000    0.000013588.2197   14.0311
    7.5000   30.0000    0.000012898.3643   13.9725
   -7.5000   37.5000    0.000012581.5635   14.5321
    0.0000   37.5000    0.000013074.2520   14.5411
    7.5000   37.5000    0.000012413.6650   14.4793
   -7.5000   45.0000    0.000011731.3018   14.7422
    0.0000   45.0000    0.000012174.2236   14.7516
    7.5000   45.0000    0.000011556.5752   14.6882
   -7.5000  -45.0000    7.500012585.7783   13.1231
    0.0000  -45.0000    7.500013047.2334   13.1265
    7.5000  -45.0000    7.500012680.7012   13.0704
   -7.5000  -37.5000    7.500012987.5312   13.1932
    0.0000  -37.5000    7.500013501.6885   13.2007
    7.5000  -37.5000    7.500013097.9844   13.1398
   -7.5000  -30.0000    7.500013669.7080   13.0588
    0.0000  -30.0000    7.500014307.4736   13.0695
    7.5000  -30.0000    7.500013829.9746   13.0123
   -7.5000  -22.5000    7.500014288.6768   12.9916
    0.0000  -22.5000    7.500015010.5391   13.0019
    7.5000  -22.5000    7.500014452.4961   12.9510
   -7.5000  -15.0000    7.500014836.5371   12.9355
    0.0000  -15.0000    7.500015645.8535   12.9425
    7.5000  -15.0000    7.500014993.2852   12.8960
   -7.5000   -7.5000    7.500015367.1914   12.8961
    0.0000   -7.5000    7.500016239.6064   12.9002
    7.5000   -7.5000    7.500015512.3213   12.8521
   -7.5000    0.0000    7.500015805.1816   12.8921
    0.0000    0.0000    7.500016691.4863   12.8957
    7.5000    0.0000    7.500015888.9668   12.8420
   -7.5000    7.5000    7.500015072.0879   13.1030
    0.0000    7.5000    7.500015782.8506   13.1104
    7.5000    7.5000    7.500015017.1699   13.0508
   -7.5000   15.0000    7.500014296.2861   13.4185
    0.0000   15.0000    7.500014934.6250   13.4307
    7.5000   15.0000    7.500014166.7041   13.3714
   -7.5000   22.5000    7.500013391.5020   13.7844
    0.0000   22.5000    7.500013979.1855   13.7977
    7.5000   22.5000    7.500013245.9414   13.7428
   -7.5000   30.0000    7.500012392.3486   14.0406
    0.0000   30.0000    7.500012914.6855   14.0511
    7.5000   30.0000    7.500012273.2852   13.9983
   -7.5000   37.5000    7.500011958.5049   14.5530
    0.0000   37.5000    7.500012432.2705   14.5647
    7.5000   37.5000    7.500011845.2891   14.5050
   -7.5000   45.0000    7.500011150.0527   14.7595
    0.0000   45.0000    7.500011575.8311   14.7727
    7.5000   45.0000    7.500011051.9951   14.7117
   -7.5000  -45.0000   15.000011780.8857   13.1360
    0.0000  -45.0000   15.000012281.5137   13.1408
    7.5000  -45.0000   15.000011852.7783   13.0901
   -7.5000  -37.5000   15.000012139.6670   13.2054
    0.0000  -37.5000   15.000012691.5029   13.2152
    7.5000  -37.5000   15.000012219.0771   13.1607
   -7.5000  -30.0000   15.000012784.1035   13.0733
    0.0000  -30.0000   15.000013404.6270   13.0852
    7.5000  -30.0000   15.000012872.7129   13.0341
   -7.5000  -22.5000   15.000013375.3037   13.0051
    0.0000  -22.5000   15.000014055.6777   13.0154
    7.5000  -22.5000   15.000013469.2432   12.9698
   -7.5000  -15.0000   15.000013849.8145   12.9474
    0.0000  -15.0000   15.000014580.9756   12.9540
    7.5000  -15.0000   15.000013986.7139   12.9116
   -7.5000   -7.5000   15.000014290.5488   12.9075
    0.0000   -7.5000   15.000015032.5469   12.9119
    7.5000   -7.5000   15.000014416.5205   12.8679
   -7.5000    0.0000   15.000014624.0205   12.9046
    0.0000    0.0000   15.000015335.2129   12.9096
    7.5000    0.0000   15.000014687.8877   12.8610
   -7.5000    7.5000   15.000013854.4268   13.1156
    0.0000    7.5000   15.000014439.2021   13.1250
    7.5000    7.5000   15.000013857.9170   13.0716
   -7.5000   15.0000   15.000013087.3955   13.4319
    0.0000   15.0000   15.000013632.6592   13.4450
    7.5000   15.0000   15.000013090.3438   13.3920
   -7.5000   22.5000   15.000012310.4238   13.7967
    0.0000   22.5000   15.000012830.5938   13.8110
    7.5000   22.5000   15.000012309.2246   13.7625
   -7.5000   30.0000   15.000011490.5020   14.0499
    0.0000   30.0000   15.000011965.0947   14.0609
    7.5000   30.0000   15.000011478.5498   14.0130
   -7.5000   37.5000   15.000011155.8125   14.5597
    0.0000   37.5000   15.000011606.2227   14.5724
    7.5000   37.5000   15.000011118.4658   14.5167
   -7.5000   45.0000   15.000010435.3057   14.7636
    0.0000   45.0000   15.000010871.1113   14.7793
    7.5000   45.0000   15.000010408.0928   14.7239
   -7.5000  -45.0000   22.500010911.9736   13.2273
    0.0000  -45.0000   22.500011344.8389   13.2334
    7.5000  -45.0000   22.500010915.2549   13.1867
   -7.5000  -37.5000   22.500011238.1348   13.3029
    0.0000  -37.5000   22.500011682.5947   13.3132
    7.5000  -37.5000   22.500011244.0498   13.2610
   -7.5000  -30.0000   22.500011840.0459   13.1735
    0.0000  -30.0000   22.500012324.8428   13.1845
    7.5000  -30.0000   22.500011864.0498   13.1332
   -7.5000  -22.5000   22.500012374.3291   13.1026
    0.0000  -22.5000   22.500012908.9248   13.1114
    7.5000  -22.5000   22.500012438.7305   13.0648
   -7.5000  -15.0000   22.500012820.8711   13.0388
    0.0000  -15.0000   22.500013401.4502   13.0444
    7.5000  -15.0000   22.500012918.3584   13.0020
   -7.5000   -7.5000   22.500013225.8350   12.9949
    0.0000   -7.5000   22.500013837.7744   12.9996
    7.5000   -7.5000   22.500013316.5352   12.9578
   -7.5000    0.0000   22.500013473.0020   12.9934
    0.0000    0.0000   22.500014069.5977   12.9998
    7.5000    0.0000   22.500013538.0430   12.9547
   -7.5000    7.5000   22.500012731.8994   13.2116
    0.0000    7.5000   22.500013253.6602   13.2216
    7.5000    7.5000   22.500012766.9521   13.1703
   -7.5000   15.0000   22.500012002.5898   13.5379
    0.0000   15.0000   22.500012508.0322   13.5501
    7.5000   15.0000   22.500012059.4971   13.4965
   -7.5000   22.5000   22.500011297.4609   13.9074
    0.0000   22.5000   22.500011784.0723   13.9199
    7.5000   22.5000   22.500011372.9287   13.8698
   -7.5000   30.0000   22.500010592.5342   14.1580
    0.0000   30.0000   22.500011031.9854   14.1658
    7.5000   30.0000   22.500010640.9922   14.1160
   -7.5000   37.5000   22.500010326.3066   14.6676
    0.0000   37.5000   22.500010744.7676   14.6792
    7.5000   37.5000   22.500010353.0059   14.6248
   -7.5000   45.0000   22.5000 9688.2871   14.8792
    0.0000   45.0000   22.500010096.1562   14.8942
    7.5000   45.0000   22.5000 9702.1621   14.8412
   -7.5000  -45.0000   30.000010078.4199   13.4621
    0.0000  -45.0000   30.000010408.2539   13.4678
    7.5000  -45.0000   30.000010035.7959   13.4189
   -7.5000  -37.5000   30.000010369.8477   13.5304
    0.0000  -37.5000   30.000010724.4238   13.5389
    7.5000  -37.5000   30.000010329.6973   13.4814
   -7.5000  -30.0000   30.000010929.4482   13.4017
    0.0000  -30.0000   30.000011341.8936   13.4105
    7.5000  -30.0000   30.000010901.9834   13.3519
   -7.5000  -22.5000   30.000011413.1328   13.3307
    0.0000  -22.5000   30.000011882.5684   13.3378
    7.5000  -22.5000   30.000011441.2705   13.2843
   -7.5000  -15.0000   30.000011821.7344   13.2650
    0.0000  -15.0000   30.000012327.1270   13.2699
    7.5000  -15.0000   30.000011865.4639   13.2232
   -7.5000   -7.5000   30.000012182.9854   13.2203
    0.0000   -7.5000   30.000012731.7314   13.2249
    7.5000   -7.5000   30.000012219.7910   13.1808
   -7.5000    0.0000   30.000012398.9082   13.2205
    0.0000    0.0000   30.000012940.3779   13.2265
    7.5000    0.0000   30.000012425.3516   13.1790
   -7.5000    7.5000   30.000011692.1846   13.4356
    0.0000    7.5000   30.000012178.4238   13.4439
    7.5000    7.5000   30.000011719.5312   13.3874
   -7.5000   15.0000   30.000011018.6963   13.7594
    0.0000   15.0000   30.000011481.7676   13.7691
    7.5000   15.0000   30.000011066.1797   13.7078
   -7.5000   22.5000   30.000010380.0605   14.1331
    0.0000   22.5000   30.000010814.8721   14.1425
    7.5000   22.5000   30.000010435.7158   14.0842
   -7.5000   30.0000   30.0000 9743.8242   14.3867
    0.0000   30.0000   30.000010152.3652   14.3907
    7.5000   30.0000   30.0000 9783.1768   14.3340
   -7.5000   37.5000   30.0000 9516.3262   14.9061
    0.0000   37.5000   30.0000 9907.1475   14.9154
    7.5000   37.5000   30.0000 9545.5693   14.8577
   -7.5000   45.0000   30.0000 8936.6650   15.1341
    0.0000   45.0000   30.0000 9317.2412   15.1457
    7.5000   45.0000   30.0000 8950.2070   15.0888
   -7.5000  -45.0000   37.5000 9735.4053   13.9463
    0.0000  -45.0000   37.500010030.3193   13.9501
    7.5000  -45.0000   37.5000 9632.7246   13.8920
   -7.5000  -37.5000   37.500010010.5869   14.0041
    0.0000  -37.5000   37.500010329.1396   14.0100
    7.5000  -37.5000   37.5000 9921.8340   13.9418
   -7.5000  -30.0000   37.500010555.7285   13.8689
    0.0000  -30.0000   37.500010929.6650   13.8758
    7.5000  -30.0000   37.500010497.6992   13.8068
   -7.5000  -22.5000   37.500011018.0156   13.7984
    0.0000  -22.5000   37.500011462.2998   13.8047
    7.5000  -22.5000   37.500011018.3740   13.7425
   -7.5000  -15.0000   37.500011394.5840   13.7333
    0.0000  -15.0000   37.500011878.2178   13.7383
    7.5000  -15.0000   37.500011406.6553   13.6844
   -7.5000   -7.5000   37.500011746.1201   13.6881
    0.0000   -7.5000   37.500012251.5459   13.6922
    7.5000   -7.5000   37.500011735.0381   13.6408
   -7.5000    0.0000   37.500011946.0137   13.6870
    0.0000    0.0000   37.500012447.8105   13.6913
    7.5000    0.0000   37.500011930.4492   13.6348
   -7.5000    7.5000   37.500011246.4541   13.9021
    0.0000    7.5000   37.500011719.8604   13.9080
    7.5000    7.5000   37.500011247.4824   13.8411
   -7.5000   15.0000   37.500010606.7607   14.2261
    0.0000   15.0000   37.500011062.6621   14.2341
    7.5000   15.0000   37.500010624.8516   14.1621
   -7.5000   22.5000   37.500010004.9512   14.6052
    0.0000   22.5000   37.500010433.1748   14.6128
    7.5000   22.5000   37.500010028.1943   14.5445
   -7.5000   30.0000   37.5000 9406.2422   14.8592
    0.0000   30.0000   37.5000 9820.7021   14.8624
    7.5000   30.0000   37.5000 9434.6777   14.7975
   -7.5000   37.5000   37.5000 9157.5918   15.3884
    0.0000   37.5000   37.5000 9570.0732   15.3967
    7.5000   37.5000   37.5000 9197.4688   15.3310
   -7.5000   45.0000   37.5000 8593.5127   15.6173
    0.0000   45.0000   37.5000 8983.4053   15.6263
    7.5000   45.0000   37.5000 8613.1133   15.5597
   -7.5000  -45.0000   45.0000 8931.6299   14.4701
    0.0000  -45.0000   45.0000 9189.0771   14.4727
    7.5000  -45.0000   45.0000 8793.6807   14.4035
   -7.5000  -37.5000   45.0000 9171.6934   14.5091
    0.0000  -37.5000   45.0000 9458.8564   14.5144
    7.5000  -37.5000   45.0000 9067.6963   14.4363
   -7.5000  -30.0000   45.0000 9657.6494   14.3626
    0.0000  -30.0000   45.000010007.6436   14.3708
    7.5000  -30.0000   45.0000 9603.2939   14.2949
   -7.5000  -22.5000   45.000010100.5273   14.2910
    0.0000  -22.5000   45.000010501.1104   14.2992
    7.5000  -22.5000   45.000010082.2061   14.2314
   -7.5000  -15.0000   45.000010461.0059   14.2292
    0.0000  -15.0000   45.000010885.4990   14.2353
    7.5000  -15.0000   45.000010443.6914   14.1753
   -7.5000   -7.5000   45.000010786.4443   14.1884
    0.0000   -7.5000   45.000011222.4531   14.1921
    7.5000   -7.5000   45.000010738.3828   14.1325
   -7.5000    0.0000   45.000010966.3184   14.1887
    0.0000    0.0000   45.000011409.6055   14.1917
    7.5000    0.0000   45.000010913.7402   14.1251
   -7.5000    7.5000   45.000010318.8994   14.3989
    0.0000    7.5000   45.000010749.2578   14.4043
    7.5000    7.5000   45.000010293.4863   14.3279
   -7.5000   15.0000   45.0000 9722.2490   14.7164
    0.0000   15.0000   45.000010135.5986   14.7258
    7.5000   15.0000   45.0000 9719.0088   14.6474
   -7.5000   22.5000   45.0000 9165.2480   15.0961
    0.0000   22.5000   45.0000 9561.6611   15.1061
    7.5000   22.5000   45.0000 9169.4248   15.0328
   -7.5000   30.0000   45.0000 8623.8086   15.3525
    0.0000   30.0000   45.0000 9023.9551   15.3588
    7.5000   30.0000   45.0000 8654.0264   15.2896
   -7.5000   37.5000   45.0000 8414.2363   15.9016
    0.0000   37.5000   45.0000 8802.5039   15.9109
    7.5000   37.5000   45.0000 8439.4951   15.8371
   -7.5000   45.0000   45.0000 7887.1201   16.1418
    0.0000   45.0000   45.0000 8248.8193   16.1518
    7.5000   45.0000   45.0000 7903.1201   16.0755

---------------------------------------------------------------------
imgreg_4dfp /opt/freesurfer/average/711-2C_as_mni_average_305 /opt/freesurfer/average/711-2B_as_mni_average_305_mask talsrcimg_g11 none talsrcimg_to_711-2C_as_mni_average_305_t4 4355
---------------------------------------------------------------------

freesurfer imgreg_4dfp.c
/opt/freesurfer/average/711-2C_as_mni_average_305.4dfp.img
       256       256       256         1
  1.000000  1.000000  1.000000
orientation T byte_order littleendian
Reading image: /opt/freesurfer/average/711-2C_as_mni_average_305.4dfp.img
dimensions:      256       256       256
mmppix:       1.0000   -1.0000   -1.0000
center:     128.0000 -129.0000 -129.0000
/opt/freesurfer/average/711-2B_as_mni_average_305_mask.4dfp.img
       256       256       256         1
  1.000000  1.000000  1.000000
orientation T byte_order littleendian
Reading mask: /opt/freesurfer/average/711-2B_as_mni_average_305_mask.4dfp.img (2306576 pixels)
talsrcimg_g11.4dfp.img
       256       256       256         1
  1.000000  1.000000  1.000000
orientation T byte_order littleendian
Reading image: talsrcimg_g11.4dfp.img
dimensions:      256       256       256
mmppix:       1.0000   -1.0000   -1.0000
center:     128.0000 -129.0000 -129.0000
rotation matrix determinant  1.000000
image alignment mode   4355 decimal     1103 hex
   -7.5000  -45.0000  -45.0000 2433.3787   13.5724
    0.0000  -45.0000  -45.0000 2438.8140   13.6327
    7.5000  -45.0000  -45.0000 2408.5544   14.0132
   -7.5000  -37.5000  -45.0000 2449.5813   13.4476
    0.0000  -37.5000  -45.0000 2458.0681   13.4825
    7.5000  -37.5000  -45.0000 2428.2820   13.7942
   -7.5000  -30.0000  -45.0000 2466.5645   13.3795
    0.0000  -30.0000  -45.0000 2480.7456   13.3992
    7.5000  -30.0000  -45.0000 2452.1809   13.6807
   -7.5000  -22.5000  -45.0000 2489.7793   13.3068
    0.0000  -22.5000  -45.0000 2502.8196   13.3285
    7.5000  -22.5000  -45.0000 2472.8735   13.5691
   -7.5000  -15.0000  -45.0000 2505.5337   13.2644
    0.0000  -15.0000  -45.0000 2515.2480   13.2739
    7.5000  -15.0000  -45.0000 2485.7512   13.4888
   -7.5000   -7.5000  -45.0000 2514.2246   13.2726
    0.0000   -7.5000  -45.0000 2519.3110   13.2898
    7.5000   -7.5000  -45.0000 2490.7393   13.4685
   -7.5000    0.0000  -45.0000 2509.6343   13.3695
    0.0000    0.0000  -45.0000 2521.6667   13.3516
    7.5000    0.0000  -45.0000 2490.6143   13.5370
   -7.5000    7.5000  -45.0000 2503.9204   13.5465
    0.0000    7.5000  -45.0000 2517.8860   13.5225
    7.5000    7.5000  -45.0000 2487.7305   13.6961
   -7.5000   15.0000  -45.0000 2490.2253   13.8389
    0.0000   15.0000  -45.0000 2502.0115   13.8000
    7.5000   15.0000  -45.0000 2475.0291   13.9572
   -7.5000   22.5000  -45.0000 2460.0667   14.2859
    0.0000   22.5000  -45.0000 2474.9990   14.2237
    7.5000   22.5000  -45.0000 2449.6631   14.3808
   -7.5000   30.0000  -45.0000 2417.6780   14.9625
    0.0000   30.0000  -45.0000 2432.9622   14.8918
    7.5000   30.0000  -45.0000 2412.0095   15.0504
   -7.5000   37.5000  -45.0000 2360.1370   15.9457
    0.0000   37.5000  -45.0000 2375.9121   15.8558
    7.5000   37.5000  -45.0000 2355.9614   16.0333
   -7.5000   45.0000  -45.0000 2279.0999   17.2452
    0.0000   45.0000  -45.0000 2295.7458   17.1546
    7.5000   45.0000  -45.0000 2274.4653   17.3637
   -7.5000  -45.0000  -37.5000 2514.1394   12.7172
    0.0000  -45.0000  -37.5000 2518.8879   12.8000
    7.5000  -45.0000  -37.5000 2474.8484   13.1785
   -7.5000  -37.5000  -37.5000 2534.0518   12.5774
    0.0000  -37.5000  -37.5000 2540.7771   12.6416
    7.5000  -37.5000  -37.5000 2499.8276   12.9606
   -7.5000  -30.0000  -37.5000 2557.1895   12.4846
    0.0000  -30.0000  -37.5000 2565.0164   12.5018
    7.5000  -30.0000  -37.5000 2525.7964   12.7958
   -7.5000  -22.5000  -37.5000 2579.5984   12.3552
    0.0000  -22.5000  -37.5000 2587.4111   12.3643
    7.5000  -22.5000  -37.5000 2552.5022   12.6407
   -7.5000  -15.0000  -37.5000 2591.5916   12.2970
    0.0000  -15.0000  -37.5000 2601.0759   12.2978
    7.5000  -15.0000  -37.5000 2566.4780   12.5253
   -7.5000   -7.5000  -37.5000 2599.2283   12.3020
    0.0000   -7.5000  -37.5000 2605.7649   12.3126
    7.5000   -7.5000  -37.5000 2574.2666   12.5147
   -7.5000    0.0000  -37.5000 2600.4138   12.3482
    0.0000    0.0000  -37.5000 2609.9802   12.3694
    7.5000    0.0000  -37.5000 2579.0339   12.5509
   -7.5000    7.5000  -37.5000 2601.9714   12.5232
    0.0000    7.5000  -37.5000 2616.1802   12.5387
    7.5000    7.5000  -37.5000 2579.1111   12.6829
   -7.5000   15.0000  -37.5000 2591.1399   12.8189
    0.0000   15.0000  -37.5000 2606.3582   12.8213
    7.5000   15.0000  -37.5000 2573.2969   12.9292
   -7.5000   22.5000  -37.5000 2564.6843   13.2860
    0.0000   22.5000  -37.5000 2584.8435   13.2383
    7.5000   22.5000  -37.5000 2551.5454   13.3606
   -7.5000   30.0000  -37.5000 2519.3040   13.9149
    0.0000   30.0000  -37.5000 2541.0093   13.8820
    7.5000   30.0000  -37.5000 2508.0315   14.0061
   -7.5000   37.5000  -37.5000 2451.2944   14.8111
    0.0000   37.5000  -37.5000 2473.3291   14.7682
    7.5000   37.5000  -37.5000 2446.6479   14.9230
   -7.5000   45.0000  -37.5000 2364.5037   16.0264
    0.0000   45.0000  -37.5000 2383.8096   15.9640
    7.5000   45.0000  -37.5000 2360.4038   16.1509
   -7.5000  -45.0000  -30.0000 2635.6555   12.3989
    0.0000  -45.0000  -30.0000 2632.2158   12.5100
    7.5000  -45.0000  -30.0000 2589.0378   12.9282
   -7.5000  -37.5000  -30.0000 2655.5479   12.2370
    0.0000  -37.5000  -30.0000 2659.9429   12.3163
    7.5000  -37.5000  -30.0000 2615.1387   12.6866
   -7.5000  -30.0000  -30.0000 2677.7158   12.0843
    0.0000  -30.0000  -30.0000 2680.4097   12.1239
    7.5000  -30.0000  -30.0000 2637.5068   12.4578
   -7.5000  -22.5000  -30.0000 2699.1533   11.9383
    0.0000  -22.5000  -30.0000 2704.9619   11.9445
    7.5000  -22.5000  -30.0000 2665.3823   12.2584
   -7.5000  -15.0000  -30.0000 2711.6123   11.8455
    0.0000  -15.0000  -30.0000 2722.1646   11.8595
    7.5000  -15.0000  -30.0000 2682.4707   12.1197
   -7.5000   -7.5000  -30.0000 2721.4294   11.8272
    0.0000   -7.5000  -30.0000 2732.4729   11.8393
    7.5000   -7.5000  -30.0000 2702.0520   12.0618
   -7.5000    0.0000  -30.0000 2735.0327   11.8701
    0.0000    0.0000  -30.0000 2745.3147   11.8733
    7.5000    0.0000  -30.0000 2710.5439   12.0746
   -7.5000    7.5000  -30.0000 2740.0679   12.0415
    0.0000    7.5000  -30.0000 2760.1660   12.0302
    7.5000    7.5000  -30.0000 2716.9395   12.1913
   -7.5000   15.0000  -30.0000 2733.6577   12.3119
    0.0000   15.0000  -30.0000 2756.7622   12.3056
    7.5000   15.0000  -30.0000 2716.3508   12.4384
   -7.5000   22.5000  -30.0000 2711.4480   12.7650
    0.0000   22.5000  -30.0000 2734.6809   12.7404
    7.5000   22.5000  -30.0000 2699.8105   12.8779
   -7.5000   30.0000  -30.0000 2663.6851   13.3868
    0.0000   30.0000  -30.0000 2688.2134   13.3733
    7.5000   30.0000  -30.0000 2655.3845   13.5151
   -7.5000   37.5000  -30.0000 2590.5217   14.2685
    0.0000   37.5000  -30.0000 2611.0066   14.2394
    7.5000   37.5000  -30.0000 2582.0818   14.3808
   -7.5000   45.0000  -30.0000 2488.7173   15.4673
    0.0000   45.0000  -30.0000 2508.7881   15.4192
    7.5000   45.0000  -30.0000 2484.8193   15.5635
   -7.5000  -45.0000  -22.5000 2714.4243   12.1022
    0.0000  -45.0000  -22.5000 2709.3584   12.2412
    7.5000  -45.0000  -22.5000 2669.5249   12.6905
   -7.5000  -37.5000  -22.5000 2727.5779   11.9107
    0.0000  -37.5000  -22.5000 2733.3433   12.0247
    7.5000  -37.5000  -22.5000 2690.0559   12.4038
   -7.5000  -30.0000  -22.5000 2746.8040   11.7012
    0.0000  -30.0000  -22.5000 2751.4539   11.7565
    7.5000  -30.0000  -22.5000 2715.4958   12.1237
   -7.5000  -22.5000  -22.5000 2769.7146   11.5227
    0.0000  -22.5000  -22.5000 2780.1633   11.5421
    7.5000  -22.5000  -22.5000 2743.9810   11.8761
   -7.5000  -15.0000  -22.5000 2788.6980   11.3994
    0.0000  -15.0000  -22.5000 2805.6978   11.4063
    7.5000  -15.0000  -22.5000 2765.4702   11.7118
   -7.5000   -7.5000  -22.5000 2815.6738   11.3535
    0.0000   -7.5000  -22.5000 2830.9526   11.3436
    7.5000   -7.5000  -22.5000 2795.3704   11.6427
   -7.5000    0.0000  -22.5000 2836.4568   11.3943
    0.0000    0.0000  -22.5000 2850.5833   11.3763
    7.5000    0.0000  -22.5000 2815.6230   11.6581
   -7.5000    7.5000  -22.5000 2849.3584   11.5379
    0.0000    7.5000  -22.5000 2870.2593   11.5115
    7.5000    7.5000  -22.5000 2828.8191   11.7423
   -7.5000   15.0000  -22.5000 2847.1621   11.7961
    0.0000   15.0000  -22.5000 2870.4014   11.7568
    7.5000   15.0000  -22.5000 2834.1230   11.9552
   -7.5000   22.5000  -22.5000 2823.1785   12.2180
    0.0000   22.5000  -22.5000 2847.5339   12.1706
    7.5000   22.5000  -22.5000 2816.3096   12.3465
   -7.5000   30.0000  -22.5000 2772.1616   12.8282
    0.0000   30.0000  -22.5000 2796.0630   12.7853
    7.5000   30.0000  -22.5000 2769.6931   12.9623
   -7.5000   37.5000  -22.5000 2687.9626   13.7056
    0.0000   37.5000  -22.5000 2712.2849   13.6403
    7.5000   37.5000  -22.5000 2687.8916   13.8168
   -7.5000   45.0000  -22.5000 2576.0515   14.9107
    0.0000   45.0000  -22.5000 2599.3994   14.8533
    7.5000   45.0000  -22.5000 2579.1206   15.0117
   -7.5000  -45.0000  -15.0000 2742.9695   11.8893
    0.0000  -45.0000  -15.0000 2740.0991   12.0403
    7.5000  -45.0000  -15.0000 2694.6643   12.4762
   -7.5000  -37.5000  -15.0000 2760.1011   11.6653
    0.0000  -37.5000  -15.0000 2762.5693   11.7938
    7.5000  -37.5000  -15.0000 2716.6318   12.1804
   -7.5000  -30.0000  -15.0000 2779.6680   11.4286
    0.0000  -30.0000  -15.0000 2783.2971   11.5069
    7.5000  -30.0000  -15.0000 2743.2310   11.8825
   -7.5000  -22.5000  -15.0000 2801.1218   11.2238
    0.0000  -22.5000  -15.0000 2814.2261   11.2567
    7.5000  -22.5000  -15.0000 2773.6143   11.6112
   -7.5000  -15.0000  -15.0000 2825.4102   11.0784
    0.0000  -15.0000  -15.0000 2846.2563   11.0854
    7.5000  -15.0000  -15.0000 2805.1958   11.4237
   -7.5000   -7.5000  -15.0000 2857.0786   11.0373
    0.0000   -7.5000  -15.0000 2881.9004   11.0308
    7.5000   -7.5000  -15.0000 2842.4573   11.3776
   -7.5000    0.0000  -15.0000 2888.5647   11.0654
    0.0000    0.0000  -15.0000 2914.2112   11.0564
    7.5000    0.0000  -15.0000 2877.8826   11.4190
   -7.5000    7.5000  -15.0000 2913.6550   11.1847
    0.0000    7.5000  -15.0000 2946.3044   11.1788
    7.5000    7.5000  -15.0000 2905.8901   11.5202
   -7.5000   15.0000  -15.0000 2922.2749   11.3859
    0.0000   15.0000  -15.0000 2953.1709   11.3347
    7.5000   15.0000  -15.0000 2911.8123   11.6870
   -7.5000   22.5000  -15.0000 2896.7874   11.7714
    0.0000   22.5000  -15.0000 2921.5154   11.6898
    7.5000   22.5000  -15.0000 2891.1970   11.9981
   -7.5000   30.0000  -15.0000 2837.5894   12.3790
    0.0000   30.0000  -15.0000 2863.0740   12.2721
    7.5000   30.0000  -15.0000 2840.7283   12.5307
   -7.5000   37.5000  -15.0000 2748.1365   13.2706
    0.0000   37.5000  -15.0000 2774.1565   13.1631
    7.5000   37.5000  -15.0000 2754.3804   13.4094
   -7.5000   45.0000  -15.0000 2633.4846   14.5111
    0.0000   45.0000  -15.0000 2655.2168   14.4396
    7.5000   45.0000  -15.0000 2635.7996   14.6677
   -7.5000  -45.0000   -7.5000 2752.1360   11.7851
    0.0000  -45.0000   -7.5000 2744.7256   11.9024
    7.5000  -45.0000   -7.5000 2700.2642   12.3567
   -7.5000  -37.5000   -7.5000 2764.0105   11.5296
    0.0000  -37.5000   -7.5000 2760.2117   11.6267
    7.5000  -37.5000   -7.5000 2717.8960   12.0460
   -7.5000  -30.0000   -7.5000 2782.4316   11.2673
    0.0000  -30.0000   -7.5000 2776.8716   11.3311
    7.5000  -30.0000   -7.5000 2739.5085   11.7363
   -7.5000  -22.5000   -7.5000 2802.6558   11.0419
    0.0000  -22.5000   -7.5000 2806.0894   11.0794
    7.5000  -22.5000   -7.5000 2769.7517   11.4739
   -7.5000  -15.0000   -7.5000 2831.5222   10.8989
    0.0000  -15.0000   -7.5000 2843.3965   10.8930
    7.5000  -15.0000   -7.5000 2810.9883   11.3007
   -7.5000   -7.5000   -7.5000 2870.4600   10.8627
    0.0000   -7.5000   -7.5000 2894.4170   10.8416
    7.5000   -7.5000   -7.5000 2859.1628   11.2478
   -7.5000    0.0000   -7.5000 2915.5071   10.9712
    0.0000    0.0000   -7.5000 2950.5371   10.9467
    7.5000    0.0000   -7.5000 2918.6006   11.3699
   -7.5000    7.5000   -7.5000 2954.4585   11.0820
    0.0000    7.5000   -7.5000 3000.3516   11.0774
    7.5000    7.5000   -7.5000 2968.4229   11.5349
   -7.5000   15.0000   -7.5000 2969.3623   11.2274
    0.0000   15.0000   -7.5000 3016.9041   11.1358
    7.5000   15.0000   -7.5000 2982.3384   11.6030
   -7.5000   22.5000   -7.5000 2938.0366   11.5784
    0.0000   22.5000   -7.5000 2972.9226   11.4365
    7.5000   22.5000   -7.5000 2942.0754   11.8217
   -7.5000   30.0000   -7.5000 2870.2253   12.1741
    0.0000   30.0000   -7.5000 2897.3862   12.0051
    7.5000   30.0000   -7.5000 2873.3716   12.2732
   -7.5000   37.5000   -7.5000 2779.6431   13.0440
    0.0000   37.5000   -7.5000 2805.4421   12.8948
    7.5000   37.5000   -7.5000 2779.8481   13.1187
   -7.5000   45.0000   -7.5000 2659.3445   14.2955
    0.0000   45.0000   -7.5000 2678.0320   14.1867
    7.5000   45.0000   -7.5000 2656.8245   14.3692
   -7.5000  -45.0000    0.0000 2730.6843   11.8719
    0.0000  -45.0000    0.0000 2725.0820   11.9765
    7.5000  -45.0000    0.0000 2680.9998   12.4676
   -7.5000  -37.5000    0.0000 2750.2971   11.5951
    0.0000  -37.5000    0.0000 2741.6970   11.6702
    7.5000  -37.5000    0.0000 2704.1150   12.1507
   -7.5000  -30.0000    0.0000 2768.8096   11.3346
    0.0000  -30.0000    0.0000 2760.5225   11.3722
    7.5000  -30.0000    0.0000 2732.5505   11.8555
   -7.5000  -22.5000    0.0000 2790.8428   11.1137
    0.0000  -22.5000    0.0000 2783.8369   11.1318
    7.5000  -22.5000    0.0000 2765.2808   11.6221
   -7.5000  -15.0000    0.0000 2824.0906   10.9650
    0.0000  -15.0000    0.0000 2825.2495   10.9680
    7.5000  -15.0000    0.0000 2811.8320   11.4309
   -7.5000   -7.5000    0.0000 2870.6519   10.9215
    0.0000   -7.5000    0.0000 2886.0898   10.9305
    7.5000   -7.5000    0.0000 2868.0542   11.3624
   -7.5000    0.0000    0.0000 2925.4688   11.0258
    0.0000    0.0000    0.0000 2960.7561   11.0444
    7.5000    0.0000    0.0000 2928.4209   11.4538
   -7.5000    7.5000    0.0000 2965.9707   11.2102
    0.0000    7.5000    0.0000 3020.4458   11.1735
    7.5000    7.5000    0.0000 2978.5598   11.5541
   -7.5000   15.0000    0.0000 2983.6768   11.4141
    0.0000   15.0000    0.0000 3045.0864   11.2548
    7.5000   15.0000    0.0000 2989.0166   11.6136
   -7.5000   22.5000    0.0000 2942.8770   11.7435
    0.0000   22.5000    0.0000 2992.2893   11.5851
    7.5000   22.5000    0.0000 2947.7095   11.8941
   -7.5000   30.0000    0.0000 2872.7241   12.1995
    0.0000   30.0000    0.0000 2905.3557   12.0681
    7.5000   30.0000    0.0000 2875.3799   12.3245
   -7.5000   37.5000    0.0000 2776.6196   13.0375
    0.0000   37.5000    0.0000 2799.9404   12.9061
    7.5000   37.5000    0.0000 2779.3438   13.1197
   -7.5000   45.0000    0.0000 2653.4648   14.2439
    0.0000   45.0000    0.0000 2673.1689   14.1370
    7.5000   45.0000    0.0000 2657.6484   14.3131
   -7.5000  -45.0000    7.5000 2692.0842   12.1240
    0.0000  -45.0000    7.5000 2676.8650   12.2491
    7.5000  -45.0000    7.5000 2645.5349   12.7902
   -7.5000  -37.5000    7.5000 2721.8220   11.8727
    0.0000  -37.5000    7.5000 2704.5244   11.9583
    7.5000  -37.5000    7.5000 2677.0559   12.4820
   -7.5000  -30.0000    7.5000 2740.8689   11.6317
    0.0000  -30.0000    7.5000 2732.2756   11.7243
    7.5000  -30.0000    7.5000 2706.9807   12.1983
   -7.5000  -22.5000    7.5000 2769.4258   11.4180
    0.0000  -22.5000    7.5000 2762.6904   11.5159
    7.5000  -22.5000    7.5000 2742.4385   11.9490
   -7.5000  -15.0000    7.5000 2808.2136   11.2665
    0.0000  -15.0000    7.5000 2812.6709   11.3770
    7.5000  -15.0000    7.5000 2791.6057   11.7397
   -7.5000   -7.5000    7.5000 2859.2004   11.1992
    0.0000   -7.5000    7.5000 2873.4431   11.3045
    7.5000   -7.5000    7.5000 2850.2522   11.6510
   -7.5000    0.0000    7.5000 2906.9148   11.2692
    0.0000    0.0000    7.5000 2931.7017   11.3227
    7.5000    0.0000    7.5000 2901.5857   11.6622
   -7.5000    7.5000    7.5000 2942.7297   11.4043
    0.0000    7.5000    7.5000 2979.7739   11.3716
    7.5000    7.5000    7.5000 2942.1672   11.6736
   -7.5000   15.0000    7.5000 2955.4045   11.6572
    0.0000   15.0000    7.5000 3003.2295   11.5251
    7.5000   15.0000    7.5000 2954.1631   11.7963
   -7.5000   22.5000    7.5000 2922.1504   12.0256
    0.0000   22.5000    7.5000 2965.5967   11.9089
    7.5000   22.5000    7.5000 2922.0925   12.1659
   -7.5000   30.0000    7.5000 2840.8989   12.5631
    0.0000   30.0000    7.5000 2874.5803   12.4503
    7.5000   30.0000    7.5000 2845.6211   12.7007
   -7.5000   37.5000    7.5000 2744.8406   13.3699
    0.0000   37.5000    7.5000 2764.6265   13.2540
    7.5000   37.5000    7.5000 2746.0376   13.4694
   -7.5000   45.0000    7.5000 2624.1033   14.4841
    0.0000   45.0000    7.5000 2643.0532   14.3824
    7.5000   45.0000    7.5000 2628.7437   14.5733
   -7.5000  -45.0000   15.0000 2631.0657   12.6225
    0.0000  -45.0000   15.0000 2615.8628   12.8425
    7.5000  -45.0000   15.0000 2591.2031   13.3811
   -7.5000  -37.5000   15.0000 2668.9963   12.3645
    0.0000  -37.5000   15.0000 2655.6831   12.5617
    7.5000  -37.5000   15.0000 2628.2214   13.0163
   -7.5000  -30.0000   15.0000 2699.7632   12.1069
    0.0000  -30.0000   15.0000 2690.9370   12.2816
    7.5000  -30.0000   15.0000 2661.0195   12.7135
   -7.5000  -22.5000   15.0000 2739.2888   11.8764
    0.0000  -22.5000   15.0000 2733.4619   12.0204
    7.5000  -22.5000   15.0000 2703.5793   12.4186
   -7.5000  -15.0000   15.0000 2777.8894   11.7290
    0.0000  -15.0000   15.0000 2781.2881   11.8500
    7.5000  -15.0000   15.0000 2753.5493   12.2100
   -7.5000   -7.5000   15.0000 2822.2708   11.6391
    0.0000   -7.5000   15.0000 2829.3411   11.7247
    7.5000   -7.5000   15.0000 2809.0195   12.0746
   -7.5000    0.0000   15.0000 2865.5254   11.6368
    0.0000    0.0000   15.0000 2880.8101   11.6640
    7.5000    0.0000   15.0000 2855.6443   12.0088
   -7.5000    7.5000   15.0000 2893.6548   11.7382
    0.0000    7.5000   15.0000 2918.9224   11.6764
    7.5000    7.5000   15.0000 2889.5544   12.0141
   -7.5000   15.0000   15.0000 2897.1931   11.9793
    0.0000   15.0000   15.0000 2927.7290   11.8847
    7.5000   15.0000   15.0000 2894.9409   12.2001
   -7.5000   22.5000   15.0000 2860.2598   12.4072
    0.0000   22.5000   15.0000 2899.2163   12.3122
    7.5000   22.5000   15.0000 2864.3064   12.6059
   -7.5000   30.0000   15.0000 2784.9292   13.0348
    0.0000   30.0000   15.0000 2819.2551   12.9368
    7.5000   30.0000   15.0000 2787.9231   13.2119
   -7.5000   37.5000   15.0000 2690.6692   13.8543
    0.0000   37.5000   15.0000 2715.1638   13.7705
    7.5000   37.5000   15.0000 2692.8245   14.0095
   -7.5000   45.0000   15.0000 2574.9980   14.9557
    0.0000   45.0000   15.0000 2600.1335   14.8663
    7.5000   45.0000   15.0000 2582.0710   15.0968
   -7.5000  -45.0000   22.5000 2577.1885   13.2507
    0.0000  -45.0000   22.5000 2555.8303   13.4547
    7.5000  -45.0000   22.5000 2527.9912   14.0351
   -7.5000  -37.5000   22.5000 2616.2913   12.9410
    0.0000  -37.5000   22.5000 2597.4604   13.1346
    7.5000  -37.5000   22.5000 2569.5535   13.6181
   -7.5000  -30.0000   22.5000 2653.9585   12.6685
    0.0000  -30.0000   22.5000 2640.6030   12.8264
    7.5000  -30.0000   22.5000 2609.1147   13.2764
   -7.5000  -22.5000   22.5000 2696.2097   12.4584
    0.0000  -22.5000   22.5000 2688.1660   12.5757
    7.5000  -22.5000   22.5000 2658.1584   12.9766
   -7.5000  -15.0000   22.5000 2736.8613   12.2998
    0.0000  -15.0000   22.5000 2737.5566   12.3786
    7.5000  -15.0000   22.5000 2709.1379   12.7467
   -7.5000   -7.5000   22.5000 2780.5791   12.2104
    0.0000   -7.5000   22.5000 2787.3396   12.2543
    7.5000   -7.5000   22.5000 2760.7434   12.5779
   -7.5000    0.0000   22.5000 2811.1582   12.1682
    0.0000    0.0000   22.5000 2828.4473   12.1475
    7.5000    0.0000   22.5000 2801.2495   12.4870
   -7.5000    7.5000   22.5000 2828.3342   12.2489
    0.0000    7.5000   22.5000 2852.2761   12.1809
    7.5000    7.5000   22.5000 2822.7783   12.5385
   -7.5000   15.0000   22.5000 2820.8655   12.4994
    0.0000   15.0000   22.5000 2842.8340   12.4353
    7.5000   15.0000   22.5000 2816.6089   12.7747
   -7.5000   22.5000   22.5000 2779.1309   12.9414
    0.0000   22.5000   22.5000 2813.8130   12.8769
    7.5000   22.5000   22.5000 2787.1560   13.1993
   -7.5000   30.0000   22.5000 2710.2756   13.6196
    0.0000   30.0000   22.5000 2743.9280   13.5302
    7.5000   30.0000   22.5000 2717.0442   13.8390
   -7.5000   37.5000   22.5000 2628.5767   14.4675
    0.0000   37.5000   22.5000 2651.9399   14.3780
    7.5000   37.5000   22.5000 2633.7224   14.6442
   -7.5000   45.0000   22.5000 2516.2878   15.5550
    0.0000   45.0000   22.5000 2545.1641   15.4800
    7.5000   45.0000   22.5000 2528.1394   15.7127
   -7.5000  -45.0000   30.0000 2530.2129   13.9984
    0.0000  -45.0000   30.0000 2506.7646   14.1664
    7.5000  -45.0000   30.0000 2469.9480   14.7374
   -7.5000  -37.5000   30.0000 2568.8442   13.6492
    0.0000  -37.5000   30.0000 2549.3350   13.7797
    7.5000  -37.5000   30.0000 2514.1184   14.2756
   -7.5000  -30.0000   30.0000 2607.3845   13.3421
    0.0000  -30.0000   30.0000 2596.8877   13.4815
    7.5000  -30.0000   30.0000 2557.6814   13.9158
   -7.5000  -22.5000   30.0000 2644.7317   13.1389
    0.0000  -22.5000   30.0000 2641.1116   13.2312
    7.5000  -22.5000   30.0000 2606.7017   13.6295
   -7.5000  -15.0000   30.0000 2681.3667   12.9617
    0.0000  -15.0000   30.0000 2681.0691   13.0248
    7.5000  -15.0000   30.0000 2650.9434   13.3555
   -7.5000   -7.5000   30.0000 2718.3025   12.8768
    0.0000   -7.5000   30.0000 2728.5894   12.8792
    7.5000   -7.5000   30.0000 2697.9783   13.1896
   -7.5000    0.0000   30.0000 2743.6936   12.8416
    0.0000    0.0000   30.0000 2762.3008   12.8211
    7.5000    0.0000   30.0000 2733.6296   13.1298
   -7.5000    7.5000   30.0000 2752.9324   12.9264
    0.0000    7.5000   30.0000 2775.1064   12.8848
    7.5000    7.5000   30.0000 2746.7759   13.2251
   -7.5000   15.0000   30.0000 2734.5212   13.2248
    0.0000   15.0000   30.0000 2758.9949   13.1796
    7.5000   15.0000   30.0000 2736.0259   13.4993
   -7.5000   22.5000   30.0000 2693.3440   13.6897
    0.0000   22.5000   30.0000 2722.2466   13.6261
    7.5000   22.5000   30.0000 2702.2058   13.9495
   -7.5000   30.0000   30.0000 2632.1516   14.3611
    0.0000   30.0000   30.0000 2658.7336   14.2870
    7.5000   30.0000   30.0000 2636.5869   14.6036
   -7.5000   37.5000   30.0000 2554.8879   15.2283
    0.0000   37.5000   30.0000 2577.1584   15.1420
    7.5000   37.5000   30.0000 2560.2441   15.4206
   -7.5000   45.0000   30.0000 2449.2083   16.2811
    0.0000   45.0000   30.0000 2475.6902   16.2175
    7.5000   45.0000   30.0000 2458.8113   16.4532
   -7.5000  -45.0000   37.5000 2481.1248   14.8823
    0.0000  -45.0000   37.5000 2452.8975   15.0362
    7.5000  -45.0000   37.5000 2409.0044   15.5748
   -7.5000  -37.5000   37.5000 2515.7869   14.4943
    0.0000  -37.5000   37.5000 2496.4299   14.6053
    7.5000  -37.5000   37.5000 2454.6997   15.0838
   -7.5000  -30.0000   37.5000 2552.0442   14.1826
    0.0000  -30.0000   37.5000 2542.0159   14.2782
    7.5000  -30.0000   37.5000 2501.8811   14.7218
   -7.5000  -22.5000   37.5000 2584.7932   13.9668
    0.0000  -22.5000   37.5000 2585.6401   14.0293
    7.5000  -22.5000   37.5000 2547.3806   14.4182
   -7.5000  -15.0000   37.5000 2613.5820   13.7585
    0.0000  -15.0000   37.5000 2618.5320   13.7916
    7.5000  -15.0000   37.5000 2583.9041   14.1385
   -7.5000   -7.5000   37.5000 2647.1230   13.6570
    0.0000   -7.5000   37.5000 2657.3208   13.6718
    7.5000   -7.5000   37.5000 2625.1169   13.9518
   -7.5000    0.0000   37.5000 2668.6055   13.6797
    0.0000    0.0000   37.5000 2683.2520   13.6720
    7.5000    0.0000   37.5000 2654.2097   13.9503
   -7.5000    7.5000   37.5000 2665.8884   13.8097
    0.0000    7.5000   37.5000 2682.8257   13.7981
    7.5000    7.5000   37.5000 2658.4885   14.0970
   -7.5000   15.0000   37.5000 2641.6614   14.1422
    0.0000   15.0000   37.5000 2664.5073   14.1259
    7.5000   15.0000   37.5000 2646.8350   14.3946
   -7.5000   22.5000   37.5000 2606.8611   14.6129
    0.0000   22.5000   37.5000 2632.6853   14.5566
    7.5000   22.5000   37.5000 2616.2881   14.8448
   -7.5000   30.0000   37.5000 2551.1497   15.2713
    0.0000   30.0000   37.5000 2581.7151   15.2013
    7.5000   30.0000   37.5000 2560.9497   15.5340
   -7.5000   37.5000   37.5000 2475.1179   16.1700
    0.0000   37.5000   37.5000 2497.2573   16.0877
    7.5000   37.5000   37.5000 2483.0859   16.3876
   -7.5000   45.0000   37.5000 2371.5120   17.2464
    0.0000   45.0000   37.5000 2391.9038   17.1883
    7.5000   45.0000   37.5000 2374.4636   17.4114
   -7.5000  -45.0000   45.0000 2412.1145   15.9638
    0.0000  -45.0000   45.0000 2379.6426   16.1208
    7.5000  -45.0000   45.0000 2332.3691   16.6798
   -7.5000  -37.5000   45.0000 2445.0950   15.5559
    0.0000  -37.5000   45.0000 2422.3806   15.6890
    7.5000  -37.5000   45.0000 2379.0691   16.1751
   -7.5000  -30.0000   45.0000 2474.5818   15.2196
    0.0000  -30.0000   45.0000 2469.0559   15.3335
    7.5000  -30.0000   45.0000 2430.9592   15.7943
   -7.5000  -22.5000   45.0000 2505.7622   14.9685
    0.0000  -22.5000   45.0000 2509.7542   15.0420
    7.5000  -22.5000   45.0000 2473.8562   15.4363
   -7.5000  -15.0000   45.0000 2536.1135   14.7560
    0.0000  -15.0000   45.0000 2541.7170   14.8002
    7.5000  -15.0000   45.0000 2509.9985   15.1397
   -7.5000   -7.5000   45.0000 2564.5603   14.6665
    0.0000   -7.5000   45.0000 2571.2012   14.6780
    7.5000   -7.5000   45.0000 2543.9363   14.9453
   -7.5000    0.0000   45.0000 2576.5642   14.7193
    0.0000    0.0000   45.0000 2585.0339   14.7243
    7.5000    0.0000   45.0000 2561.7302   14.9902
   -7.5000    7.5000   45.0000 2566.7900   14.8996
    0.0000    7.5000   45.0000 2581.2615   14.8845
    7.5000    7.5000   45.0000 2558.9553   15.1599
   -7.5000   15.0000   45.0000 2539.4746   15.2527
    0.0000   15.0000   45.0000 2558.0081   15.2400
    7.5000   15.0000   45.0000 2542.4631   15.4915
   -7.5000   22.5000   45.0000 2506.7200   15.7367
    0.0000   22.5000   45.0000 2529.0010   15.7028
    7.5000   22.5000   45.0000 2516.9431   15.9728
   -7.5000   30.0000   45.0000 2457.8062   16.3979
    0.0000   30.0000   45.0000 2489.0525   16.3708
    7.5000   30.0000   45.0000 2474.8818   16.6633
   -7.5000   37.5000   45.0000 2387.3027   17.2988
    0.0000   37.5000   45.0000 2409.3899   17.2474
    7.5000   37.5000   45.0000 2396.1377   17.5145
   -7.5000   45.0000   45.0000 2283.4629   18.4344
    0.0000   45.0000   45.0000 2303.9216   18.3662
    7.5000   45.0000   45.0000 2289.9124   18.5900

---------------------------------------------------------------------
imgreg_4dfp /opt/freesurfer/average/711-2C_as_mni_average_305 /opt/freesurfer/average/711-2B_as_mni_average_305_mask talsrcimg_g11 none talsrcimg_to_711-2C_as_mni_average_305_t4 1283
---------------------------------------------------------------------

freesurfer imgreg_4dfp.c
/opt/freesurfer/average/711-2C_as_mni_average_305.4dfp.img
       256       256       256         1
  1.000000  1.000000  1.000000
orientation T byte_order littleendian
Reading image: /opt/freesurfer/average/711-2C_as_mni_average_305.4dfp.img
dimensions:      256       256       256
mmppix:       1.0000   -1.0000   -1.0000
center:     128.0000 -129.0000 -129.0000
/opt/freesurfer/average/711-2B_as_mni_average_305_mask.4dfp.img
       256       256       256         1
  1.000000  1.000000  1.000000
orientation T byte_order littleendian
Reading mask: /opt/freesurfer/average/711-2B_as_mni_average_305_mask.4dfp.img (2306576 pixels)
talsrcimg_g11.4dfp.img
       256       256       256         1
  1.000000  1.000000  1.000000
orientation T byte_order littleendian
Reading image: talsrcimg_g11.4dfp.img
dimensions:      256       256       256
mmppix:       1.0000   -1.0000   -1.0000
center:     128.0000 -129.0000 -129.0000
rotation matrix determinant  1.000000
fimgreg.f
image alignment mode   1283 decimal      503 hex
parameters
    0.0000   15.0000    0.0000    0.0000    0.0000    0.0000
eta,q 0.95339 11.24904
niter,ni,del,rscale     5    3   12.0000    1.2000
parameters
    0.4164   13.2457   -1.6653   -2.1501    1.1011   -2.1448
eta,q 0.95491 11.14137
  0.0635  0.0517  0.0510  0.0474  0.0546  0.0476
  0.0579  0.0485  0.0470  0.0461  0.0513  0.0457
  0.0523  0.0477  0.0462  0.0460  0.0481  0.0451
  0.0492  0.0487  0.0475  0.0461  0.0460  0.0457
  0.0499  0.0511  0.0501  0.0476  0.0457  0.0480
  0.0544  0.0542  0.0530  0.0503  0.0474  0.0515
  0.0611  0.0582  0.0564  0.0536  0.0506  0.0555
niter,ni,del,rscale     4    3   12.0000    1.2000
parameters
    0.8150   13.8428   -2.1119   -2.7959    1.1633   -2.3254
eta,q 0.95573 11.14821
  0.0612  0.0555  0.0526  0.0475  0.0510  0.0502
  0.0548  0.0511  0.0465  0.0455  0.0476  0.0467
  0.0487  0.0468  0.0442  0.0444  0.0452  0.0448
  0.0451  0.0448  0.0446  0.0443  0.0443  0.0443
  0.0455  0.0450  0.0469  0.0449  0.0451  0.0450
  0.0506  0.0478  0.0500  0.0467  0.0475  0.0473
  0.0590  0.0526  0.0533  0.0494  0.0508  0.0510
niter,ni,del,rscale     3    3   12.0000    1.2000
parameters
    0.9518   13.9619   -2.1972   -2.8135    1.1767   -2.3744
eta,q 0.95585 11.15209
  0.0600  0.0545  0.0536  0.0483  0.0508  0.0504
  0.0532  0.0499  0.0472  0.0461  0.0474  0.0468
  0.0473  0.0458  0.0443  0.0446  0.0451  0.0447
  0.0443  0.0442  0.0442  0.0442  0.0442  0.0442
  0.0455  0.0453  0.0461  0.0446  0.0450  0.0448
  0.0511  0.0489  0.0491  0.0459  0.0473  0.0470
  0.0598  0.0542  0.0525  0.0485  0.0508  0.0506
niter,ni,del,rscale     2    3   12.0000    1.2000
parameters
    0.9825   13.9774   -2.2130   -2.8047    1.1785   -2.3842
eta,q 0.95587 11.15307
  0.0596  0.0543  0.0539  0.0483  0.0507  0.0505
  0.0527  0.0496  0.0474  0.0461  0.0474  0.0468
  0.0469  0.0456  0.0443  0.0446  0.0451  0.0447
  0.0442  0.0441  0.0441  0.0441  0.0441  0.0441
  0.0457  0.0454  0.0460  0.0445  0.0450  0.0448
  0.0514  0.0491  0.0490  0.0459  0.0473  0.0469
  0.0603  0.0545  0.0524  0.0485  0.0508  0.0505
registration optimization eta report
parameter search radius
    6.0000    6.0000    6.0000    6.0000    6.0000    6.0000
100000*second partial in parameter space
       43.       28.       25.       12.       18.       18.
  0.0596  0.0543  0.0539  0.0483  0.0507  0.0505
  0.0527  0.0496  0.0474  0.0461  0.0474  0.0468
  0.0469  0.0456  0.0443  0.0446  0.0451  0.0447
  0.0442  0.0441  0.0441  0.0441  0.0441  0.0441
  0.0457  0.0454  0.0460  0.0445  0.0450  0.0448
  0.0514  0.0491  0.0490  0.0459  0.0473  0.0469
  0.0603  0.0545  0.0524  0.0485  0.0508  0.0505
    0.9825   13.9774   -2.2130   -2.8047    1.1785   -2.3842
eta,q 0.95587 11.15307

---------------------------------------------------------------------
imgreg_4dfp /opt/freesurfer/average/711-2C_as_mni_average_305 /opt/freesurfer/average/711-2B_as_mni_average_305_mask talsrcimg_g11 none talsrcimg_to_711-2C_as_mni_average_305_t4 3335
---------------------------------------------------------------------

freesurfer imgreg_4dfp.c
/opt/freesurfer/average/711-2C_as_mni_average_305.4dfp.img
       256       256       256         1
  1.000000  1.000000  1.000000
orientation T byte_order littleendian
Reading image: /opt/freesurfer/average/711-2C_as_mni_average_305.4dfp.img
dimensions:      256       256       256
mmppix:       1.0000   -1.0000   -1.0000
center:     128.0000 -129.0000 -129.0000
/opt/freesurfer/average/711-2B_as_mni_average_305_mask.4dfp.img
       256       256       256         1
  1.000000  1.000000  1.000000
orientation T byte_order littleendian
Reading mask: /opt/freesurfer/average/711-2B_as_mni_average_305_mask.4dfp.img (2306576 pixels)
talsrcimg_g11.4dfp.img
       256       256       256         1
  1.000000  1.000000  1.000000
orientation T byte_order littleendian
Reading image: talsrcimg_g11.4dfp.img
dimensions:      256       256       256
mmppix:       1.0000   -1.0000   -1.0000
center:     128.0000 -129.0000 -129.0000
fimgreg.f
image alignment mode   3335 decimal      D07 hex
parameters
    0.9825   13.9774   -2.2130   -0.1077   -0.2104   -0.1409
    4.2556   -1.8489   -4.1592    4.9743    2.0567   -4.8921
eta,q 0.95562 11.20320
niter,ni,del,rscale     5    3    5.0000    1.2000
parameter  4  2.952770 ->  0.500000 qaram    1.1500
parameter  5  5.296067 ->  0.500000 qaram    1.1500
parameter  6  0.893669 ->  0.500000 qaram    1.1500
parameter  8 -0.680906 -> -0.500000 qaram    1.1500
parameters
    1.0447   14.6147   -1.8884   -4.2477   -4.3504   -4.2809
    2.8890    2.2911   -3.0092    3.5848    3.6454   -5.3202
eta,q 0.97153 11.05599
  0.0464  0.0467  0.0462  0.0354  0.0310  0.0305  0.0327  0.0395  0.0312  0.0309  0.0313  0.0298
  0.0453  0.0457  0.0452  0.0374  0.0330  0.0310  0.0316  0.0364  0.0300  0.0293  0.0300  0.0290
  0.0446  0.0449  0.0445  0.0403  0.0354  0.0319  0.0311  0.0336  0.0292  0.0286  0.0291  0.0285
  0.0444  0.0444  0.0442  0.0442  0.0381  0.0336  0.0312  0.0311  0.0288  0.0288  0.0286  0.0285
  0.0445  0.0443  0.0443  0.0483  0.0410  0.0364  0.0318  0.0293  0.0288  0.0297  0.0285  0.0287
  0.0452  0.0445  0.0447  0.0523  0.0438  0.0405  0.0330  0.0289  0.0292  0.0312  0.0289  0.0292
  0.0463  0.0451  0.0453  0.0566  0.0467  0.0447  0.0345  0.0301  0.0301  0.0332  0.0297  0.0301
niter,ni,del,rscale     7    3    5.0000    1.2000
parameter  4  0.848828 ->  0.500000 qaram    1.3225
parameter  5  0.926326 ->  0.500000 qaram    1.3225
parameters
    1.1811   14.0601   -2.6051   -9.0087   -9.1114   -5.9402
    2.7792    2.2532   -3.4786    3.5105    4.7499   -3.6236
eta,q 0.97754 10.81963
  0.0327  0.0298  0.0291  0.0248  0.0221  0.0252  0.0254  0.0293  0.0242  0.0257  0.0241  0.0246
  0.0306  0.0287  0.0283  0.0245  0.0221  0.0240  0.0239  0.0259  0.0232  0.0240  0.0234  0.0237
  0.0291  0.0283  0.0280  0.0254  0.0229  0.0230  0.0230  0.0235  0.0227  0.0230  0.0228  0.0230
  0.0285  0.0284  0.0283  0.0280  0.0246  0.0223  0.0226  0.0226  0.0226  0.0226  0.0226  0.0226
  0.0287  0.0292  0.0289  0.0321  0.0272  0.0231  0.0230  0.0233  0.0229  0.0230  0.0226  0.0225
  0.0298  0.0303  0.0300  0.0370  0.0305  0.0261  0.0240  0.0258  0.0235  0.0241  0.0229  0.0227
  0.0319  0.0319  0.0314  0.0419  0.0337  0.0309  0.0256  0.0296  0.0246  0.0258  0.0234  0.0234
niter,ni,del,rscale     7    3    5.0000    1.2000
parameters
    1.0934   14.4030   -2.9104  -11.0899  -11.5045   -6.2840
    2.9094    2.3206   -3.9876    3.7929    5.9730   -2.9869
eta,q 0.97757 10.63981
  0.0259  0.0258  0.0237  0.0252  0.0246  0.0255  0.0252  0.0286  0.0239  0.0255  0.0236  0.0241
  0.0240  0.0241  0.0228  0.0239  0.0231  0.0242  0.0238  0.0255  0.0230  0.0239  0.0231  0.0233
  0.0228  0.0230  0.0224  0.0229  0.0224  0.0233  0.0228  0.0233  0.0226  0.0229  0.0227  0.0227
  0.0225  0.0225  0.0224  0.0224  0.0226  0.0224  0.0225  0.0225  0.0225  0.0225  0.0225  0.0225
  0.0230  0.0225  0.0227  0.0233  0.0237  0.0221  0.0228  0.0230  0.0228  0.0227  0.0225  0.0225
  0.0243  0.0231  0.0235  0.0265  0.0258  0.0237  0.0236  0.0251  0.0234  0.0236  0.0227  0.0229
  0.0265  0.0243  0.0245  0.0312  0.0288  0.0273  0.0250  0.0287  0.0243  0.0251  0.0231  0.0237
niter,ni,del,rscale     6    3    5.0000    1.2000
parameters
    1.0204   14.5611   -2.8912  -11.3222  -11.8764   -6.4694
    2.9915    2.1746   -4.5168    3.8958    6.4938   -2.8128
eta,q 0.97749 10.60827
  0.0255  0.0252  0.0240  0.0260  0.0259  0.0257  0.0252  0.0283  0.0239  0.0253  0.0235  0.0240
  0.0238  0.0237  0.0231  0.0244  0.0241  0.0243  0.0238  0.0253  0.0231  0.0238  0.0230  0.0232
  0.0227  0.0228  0.0226  0.0232  0.0229  0.0233  0.0228  0.0233  0.0226  0.0229  0.0227  0.0227
  0.0224  0.0224  0.0224  0.0224  0.0225  0.0225  0.0225  0.0225  0.0225  0.0225  0.0225  0.0225
  0.0229  0.0226  0.0226  0.0223  0.0229  0.0221  0.0228  0.0231  0.0228  0.0228  0.0226  0.0226
  0.0240  0.0233  0.0231  0.0239  0.0243  0.0236  0.0237  0.0253  0.0234  0.0237  0.0228  0.0231
  0.0259  0.0246  0.0239  0.0274  0.0266  0.0271  0.0250  0.0291  0.0243  0.0252  0.0232  0.0239
niter,ni,del,rscale     5    3    5.0000    1.2000
parameters
    0.9999   14.5989   -2.9096  -11.3121  -11.9694   -6.5579
    3.0564    2.1002   -4.7664    3.9401    6.6922   -2.7568
eta,q 0.97747 10.60199
  0.0257  0.0251  0.0240  0.0262  0.0261  0.0257  0.0252  0.0284  0.0240  0.0253  0.0234  0.0239
  0.0239  0.0236  0.0232  0.0246  0.0243  0.0244  0.0237  0.0254  0.0232  0.0238  0.0229  0.0232
  0.0229  0.0228  0.0227  0.0233  0.0230  0.0234  0.0228  0.0234  0.0227  0.0229  0.0226  0.0227
  0.0225  0.0225  0.0225  0.0225  0.0225  0.0225  0.0225  0.0225  0.0225  0.0225  0.0225  0.0225
  0.0229  0.0228  0.0227  0.0223  0.0229  0.0221  0.0228  0.0230  0.0228  0.0228  0.0226  0.0227
  0.0240  0.0236  0.0232  0.0237  0.0242  0.0235  0.0237  0.0252  0.0233  0.0238  0.0228  0.0232
  0.0258  0.0249  0.0240  0.0271  0.0264  0.0270  0.0251  0.0290  0.0242  0.0252  0.0233  0.0239
niter,ni,del,rscale     4    3    5.0000    1.2000
parameters
    0.9941   14.6176   -2.9231  -11.3119  -11.9958   -6.6019
    3.0897    2.0740   -4.8679    3.9696    6.7886   -2.7353
eta,q 0.97746 10.59932
  0.0257  0.0250  0.0240  0.0262  0.0262  0.0257  0.0252  0.0285  0.0241  0.0253  0.0234  0.0239
  0.0240  0.0236  0.0232  0.0246  0.0243  0.0244  0.0237  0.0255  0.0232  0.0238  0.0229  0.0232
  0.0229  0.0228  0.0227  0.0234  0.0231  0.0234  0.0228  0.0234  0.0227  0.0229  0.0227  0.0227
  0.0225  0.0225  0.0225  0.0225  0.0225  0.0225  0.0225  0.0225  0.0225  0.0225  0.0225  0.0225
  0.0229  0.0228  0.0227  0.0223  0.0229  0.0222  0.0229  0.0230  0.0228  0.0228  0.0226  0.0227
  0.0240  0.0236  0.0232  0.0238  0.0242  0.0235  0.0237  0.0252  0.0233  0.0238  0.0229  0.0232
  0.0258  0.0249  0.0240  0.0271  0.0264  0.0269  0.0251  0.0289  0.0241  0.0252  0.0234  0.0240
niter,ni,del,rscale     3    3    5.0000    1.2000
parameters
    0.9914   14.6289   -2.9315  -11.3103  -12.0116   -6.6222
    3.1001    2.0600   -4.9180    3.9836    6.8176   -2.7310
eta,q 0.97745 10.59809
  0.0257  0.0250  0.0240  0.0262  0.0262  0.0258  0.0252  0.0285  0.0241  0.0253  0.0234  0.0239
  0.0240  0.0236  0.0232  0.0246  0.0243  0.0244  0.0237  0.0255  0.0232  0.0238  0.0229  0.0232
  0.0229  0.0228  0.0227  0.0234  0.0231  0.0234  0.0228  0.0234  0.0227  0.0229  0.0227  0.0227
  0.0225  0.0225  0.0225  0.0225  0.0225  0.0225  0.0225  0.0225  0.0226  0.0226  0.0225  0.0226
  0.0229  0.0229  0.0227  0.0223  0.0229  0.0222  0.0229  0.0230  0.0228  0.0229  0.0226  0.0227
  0.0240  0.0237  0.0232  0.0238  0.0242  0.0234  0.0238  0.0252  0.0233  0.0238  0.0229  0.0232
  0.0258  0.0249  0.0240  0.0271  0.0264  0.0269  0.0251  0.0289  0.0241  0.0253  0.0234  0.0240
registration optimization eta report
parameter search radius
    2.4000    2.4000    2.4000    9.5220    9.5220    8.2800
    7.2000    8.2800    7.2000    7.2000    7.2000    7.2000
100000*second partial in parameter space
       56.       42.       26.        5.        4.        6.
        5.        9.        3.        5.        2.        3.
  0.0257  0.0250  0.0240  0.0262  0.0262  0.0258  0.0252  0.0285  0.0241  0.0253  0.0234  0.0239
  0.0240  0.0236  0.0232  0.0246  0.0243  0.0244  0.0237  0.0255  0.0232  0.0238  0.0229  0.0232
  0.0229  0.0228  0.0227  0.0234  0.0231  0.0234  0.0228  0.0234  0.0227  0.0229  0.0227  0.0227
  0.0225  0.0225  0.0225  0.0225  0.0225  0.0225  0.0225  0.0225  0.0226  0.0226  0.0225  0.0226
  0.0229  0.0229  0.0227  0.0223  0.0229  0.0222  0.0229  0.0230  0.0228  0.0229  0.0226  0.0227
  0.0240  0.0237  0.0232  0.0238  0.0242  0.0234  0.0238  0.0252  0.0233  0.0238  0.0229  0.0232
  0.0258  0.0249  0.0240  0.0271  0.0264  0.0269  0.0251  0.0289  0.0241  0.0253  0.0234  0.0240
    0.9914   14.6289   -2.9315  -11.3103  -12.0116   -6.6222
    3.1001    2.0600   -4.9180    3.9836    6.8176   -2.7310
eta,q 0.97745 10.59809

---------------------------------------------------------------------
imgreg_4dfp /opt/freesurfer/average/711-2C_as_mni_average_305 /opt/freesurfer/average/711-2B_as_mni_average_305_mask talsrcimg_g11 none talsrcimg_to_711-2C_as_mni_average_305_t4 2311
---------------------------------------------------------------------

freesurfer imgreg_4dfp.c
/opt/freesurfer/average/711-2C_as_mni_average_305.4dfp.img
       256       256       256         1
  1.000000  1.000000  1.000000
orientation T byte_order littleendian
Reading image: /opt/freesurfer/average/711-2C_as_mni_average_305.4dfp.img
dimensions:      256       256       256
mmppix:       1.0000   -1.0000   -1.0000
center:     128.0000 -129.0000 -129.0000
/opt/freesurfer/average/711-2B_as_mni_average_305_mask.4dfp.img
       256       256       256         1
  1.000000  1.000000  1.000000
orientation T byte_order littleendian
Reading mask: /opt/freesurfer/average/711-2B_as_mni_average_305_mask.4dfp.img (2306576 pixels)
talsrcimg_g11.4dfp.img
       256       256       256         1
  1.000000  1.000000  1.000000
orientation T byte_order littleendian
Reading image: talsrcimg_g11.4dfp.img
dimensions:      256       256       256
mmppix:       1.0000   -1.0000   -1.0000
center:     128.0000 -129.0000 -129.0000
fimgreg.f
image alignment mode   2311 decimal      907 hex
parameters
    0.9914   14.6289   -2.9315  -11.3103  -12.0116   -6.6222
    3.1001    2.0600   -4.9180    3.9836    6.8176   -2.7310
eta,q 0.97745 10.59809
niter,ni,del,rscale     5    3    5.0000    0.8000
parameters
    0.9927   14.6039   -2.9343   -9.4583  -11.7824   -5.2986
    2.9257    1.9309   -4.9455    3.8245    6.0633   -3.5204
eta,q 0.97801 10.73554
  0.0240  0.0236  0.0232  0.0240  0.0234  0.0239  0.0232  0.0245  0.0228  0.0234  0.0224  0.0225
  0.0232  0.0230  0.0228  0.0234  0.0228  0.0234  0.0225  0.0232  0.0223  0.0226  0.0221  0.0222
  0.0227  0.0227  0.0226  0.0229  0.0225  0.0228  0.0221  0.0223  0.0221  0.0222  0.0220  0.0220
  0.0226  0.0226  0.0225  0.0225  0.0223  0.0223  0.0220  0.0220  0.0220  0.0220  0.0220  0.0220
  0.0227  0.0227  0.0226  0.0223  0.0224  0.0220  0.0222  0.0223  0.0221  0.0222  0.0221  0.0221
  0.0232  0.0231  0.0228  0.0224  0.0227  0.0221  0.0227  0.0233  0.0224  0.0227  0.0224  0.0225
  0.0240  0.0237  0.0232  0.0228  0.0232  0.0230  0.0234  0.0249  0.0228  0.0236  0.0227  0.0230
niter,ni,del,rscale     4    3    5.0000    0.7000
parameters
    1.0456   14.5153   -2.7835   -9.6558  -11.6821   -4.8635
    2.9423    2.1336   -4.5415    3.7251    5.7027   -3.6916
eta,q 0.97810 10.74653
  0.0234  0.0228  0.0227  0.0229  0.0228  0.0233  0.0229  0.0242  0.0226  0.0230  0.0223  0.0224
  0.0226  0.0223  0.0223  0.0225  0.0224  0.0228  0.0223  0.0230  0.0222  0.0224  0.0220  0.0221
  0.0222  0.0220  0.0221  0.0222  0.0221  0.0224  0.0220  0.0222  0.0220  0.0220  0.0219  0.0220
  0.0220  0.0220  0.0220  0.0220  0.0220  0.0220  0.0219  0.0219  0.0219  0.0219  0.0219  0.0219
  0.0221  0.0221  0.0220  0.0220  0.0220  0.0219  0.0220  0.0221  0.0219  0.0220  0.0220  0.0220
  0.0225  0.0225  0.0222  0.0224  0.0223  0.0222  0.0224  0.0227  0.0221  0.0225  0.0221  0.0221
  0.0232  0.0230  0.0225  0.0233  0.0228  0.0231  0.0229  0.0238  0.0224  0.0231  0.0224  0.0225
niter,ni,del,rscale     3    3    5.0000    0.6000
parameters
    1.0554   14.4717   -2.7271   -9.5670  -11.7013   -4.5961
    2.9118    2.1834   -4.3798    3.6459    5.4925   -3.7895
eta,q 0.97814 10.75731
  0.0229  0.0225  0.0224  0.0227  0.0225  0.0230  0.0226  0.0235  0.0223  0.0227  0.0222  0.0222
  0.0223  0.0222  0.0221  0.0223  0.0221  0.0226  0.0222  0.0226  0.0221  0.0222  0.0220  0.0220
  0.0220  0.0220  0.0220  0.0221  0.0220  0.0222  0.0219  0.0221  0.0219  0.0220  0.0219  0.0219
  0.0219  0.0219  0.0219  0.0219  0.0219  0.0219  0.0219  0.0219  0.0219  0.0219  0.0219  0.0219
  0.0220  0.0220  0.0219  0.0219  0.0220  0.0218  0.0219  0.0220  0.0219  0.0220  0.0219  0.0219
  0.0223  0.0222  0.0221  0.0222  0.0221  0.0221  0.0222  0.0225  0.0220  0.0223  0.0220  0.0220
  0.0228  0.0226  0.0223  0.0227  0.0225  0.0229  0.0226  0.0234  0.0222  0.0228  0.0222  0.0223
niter,ni,del,rscale     2    3    5.0000    0.5000
parameters
    1.0596   14.4507   -2.6847   -9.4509  -11.7140   -4.3709
    2.8851    2.2057   -4.2992    3.5885    5.3701   -3.8847
eta,q 0.97817 10.76771
  0.0225  0.0223  0.0222  0.0224  0.0222  0.0227  0.0223  0.0230  0.0222  0.0224  0.0221  0.0221
  0.0222  0.0220  0.0220  0.0222  0.0220  0.0224  0.0220  0.0223  0.0220  0.0221  0.0219  0.0219
  0.0219  0.0219  0.0219  0.0220  0.0219  0.0221  0.0219  0.0220  0.0219  0.0219  0.0218  0.0218
  0.0219  0.0219  0.0219  0.0219  0.0219  0.0219  0.0218  0.0218  0.0218  0.0218  0.0218  0.0218
  0.0219  0.0219  0.0219  0.0219  0.0219  0.0218  0.0219  0.0219  0.0219  0.0219  0.0219  0.0219
  0.0222  0.0221  0.0220  0.0220  0.0220  0.0220  0.0221  0.0223  0.0220  0.0221  0.0220  0.0219
  0.0225  0.0223  0.0222  0.0224  0.0223  0.0226  0.0223  0.0230  0.0221  0.0225  0.0221  0.0221
niter,ni,del,rscale     1    3    5.0000    0.4000
parameters
    1.0645   14.4323   -2.6446   -9.3620  -11.7378   -4.1716
    2.8632    2.2134   -4.2611    3.5518    5.3089   -3.9820
eta,q 0.97819 10.77590
  0.0223  0.0221  0.0221  0.0222  0.0221  0.0224  0.0221  0.0226  0.0220  0.0222  0.0220  0.0219
  0.0220  0.0220  0.0219  0.0220  0.0219  0.0222  0.0219  0.0221  0.0219  0.0220  0.0219  0.0219
  0.0219  0.0219  0.0219  0.0219  0.0218  0.0220  0.0218  0.0219  0.0218  0.0219  0.0218  0.0218
  0.0218  0.0218  0.0218  0.0218  0.0218  0.0218  0.0218  0.0218  0.0218  0.0218  0.0218  0.0218
  0.0219  0.0219  0.0218  0.0218  0.0219  0.0218  0.0218  0.0219  0.0218  0.0219  0.0218  0.0218
  0.0220  0.0220  0.0219  0.0220  0.0219  0.0220  0.0220  0.0221  0.0219  0.0220  0.0219  0.0219
  0.0223  0.0221  0.0220  0.0222  0.0221  0.0223  0.0221  0.0226  0.0220  0.0222  0.0220  0.0220
registration optimization eta report
parameter search radius
    0.8000    0.8000    0.8000    2.4000    2.4000    2.4000
    2.4000    2.4000    2.4000    2.4000    2.4000    2.4000
100000*second partial in parameter space
       68.       47.       34.        7.        4.        9.
        6.       13.        3.        7.        3.        3.
  0.0223  0.0221  0.0221  0.0222  0.0221  0.0224  0.0221  0.0226  0.0220  0.0222  0.0220  0.0219
  0.0220  0.0220  0.0219  0.0220  0.0219  0.0222  0.0219  0.0221  0.0219  0.0220  0.0219  0.0219
  0.0219  0.0219  0.0219  0.0219  0.0218  0.0220  0.0218  0.0219  0.0218  0.0219  0.0218  0.0218
  0.0218  0.0218  0.0218  0.0218  0.0218  0.0218  0.0218  0.0218  0.0218  0.0218  0.0218  0.0218
  0.0219  0.0219  0.0218  0.0218  0.0219  0.0218  0.0218  0.0219  0.0218  0.0219  0.0218  0.0218
  0.0220  0.0220  0.0219  0.0220  0.0219  0.0220  0.0220  0.0221  0.0219  0.0220  0.0219  0.0219
  0.0223  0.0221  0.0220  0.0222  0.0221  0.0223  0.0221  0.0226  0.0220  0.0222  0.0220  0.0220
    1.0645   14.4323   -2.6446   -9.3620  -11.7378   -4.1716
    2.8632    2.2134   -4.2611    3.5518    5.3089   -3.9820
eta,q 0.97819 10.77590

---------------------------------------------------------------------
imgreg_4dfp /opt/freesurfer/average/711-2C_as_mni_average_305 /opt/freesurfer/average/711-2B_as_mni_average_305_mask talsrcimg_g11 none talsrcimg_to_711-2C_as_mni_average_305_t4 2311
---------------------------------------------------------------------

freesurfer imgreg_4dfp.c
/opt/freesurfer/average/711-2C_as_mni_average_305.4dfp.img
       256       256       256         1
  1.000000  1.000000  1.000000
orientation T byte_order littleendian
Reading image: /opt/freesurfer/average/711-2C_as_mni_average_305.4dfp.img
dimensions:      256       256       256
mmppix:       1.0000   -1.0000   -1.0000
center:     128.0000 -129.0000 -129.0000
/opt/freesurfer/average/711-2B_as_mni_average_305_mask.4dfp.img
       256       256       256         1
  1.000000  1.000000  1.000000
orientation T byte_order littleendian
Reading mask: /opt/freesurfer/average/711-2B_as_mni_average_305_mask.4dfp.img (2306576 pixels)
talsrcimg_g11.4dfp.img
       256       256       256         1
  1.000000  1.000000  1.000000
orientation T byte_order littleendian
Reading image: talsrcimg_g11.4dfp.img
dimensions:      256       256       256
mmppix:       1.0000   -1.0000   -1.0000
center:     128.0000 -129.0000 -129.0000
fimgreg.f
image alignment mode   2311 decimal      907 hex
parameters
    1.0645   14.4323   -2.6446   -9.3620  -11.7378   -4.1716
    2.8632    2.2134   -4.2611    3.5518    5.3089   -3.9820
eta,q 0.97819 10.77591
niter,ni,del,rscale     5    3    5.0000    0.8000
parameters
    1.0645   14.4291   -2.5756   -9.9350  -11.8192   -4.6879
    2.9561    2.2887   -4.1327    3.6299    5.4741   -3.6219
eta,q 0.97809 10.73554
  0.0235  0.0230  0.0228  0.0229  0.0228  0.0232  0.0232  0.0246  0.0227  0.0234  0.0225  0.0227
  0.0226  0.0223  0.0222  0.0224  0.0223  0.0227  0.0225  0.0232  0.0223  0.0226  0.0222  0.0223
  0.0220  0.0219  0.0219  0.0220  0.0220  0.0222  0.0221  0.0223  0.0220  0.0221  0.0220  0.0220
  0.0218  0.0218  0.0218  0.0218  0.0218  0.0218  0.0219  0.0219  0.0219  0.0219  0.0219  0.0219
  0.0220  0.0219  0.0219  0.0220  0.0220  0.0220  0.0220  0.0221  0.0220  0.0220  0.0220  0.0219
  0.0226  0.0223  0.0222  0.0227  0.0223  0.0229  0.0224  0.0230  0.0222  0.0225  0.0221  0.0221
  0.0235  0.0230  0.0226  0.0240  0.0229  0.0246  0.0231  0.0245  0.0226  0.0234  0.0224  0.0225
niter,ni,del,rscale     4    3    5.0000    0.7000
parameters
    1.0556   14.4272   -2.6795   -9.7636  -11.7501   -4.7374
    2.9076    2.2421   -4.2609    3.6234    5.5129   -3.6343
eta,q 0.97811 10.74287
  0.0231  0.0228  0.0224  0.0229  0.0227  0.0231  0.0228  0.0239  0.0224  0.0230  0.0223  0.0224
  0.0225  0.0223  0.0221  0.0225  0.0223  0.0227  0.0223  0.0228  0.0221  0.0224  0.0221  0.0221
  0.0220  0.0220  0.0219  0.0221  0.0220  0.0222  0.0220  0.0221  0.0219  0.0220  0.0219  0.0219
  0.0219  0.0219  0.0219  0.0219  0.0219  0.0219  0.0219  0.0219  0.0219  0.0219  0.0219  0.0219
  0.0221  0.0220  0.0220  0.0219  0.0220  0.0219  0.0220  0.0221  0.0220  0.0220  0.0219  0.0219
  0.0225  0.0223  0.0222  0.0222  0.0222  0.0224  0.0223  0.0228  0.0222  0.0224  0.0221  0.0221
  0.0232  0.0228  0.0226  0.0230  0.0227  0.0235  0.0229  0.0240  0.0225  0.0231  0.0223  0.0224
niter,ni,del,rscale     3    3    5.0000    0.6000
parameters
    1.0583   14.4412   -2.6943   -9.5907  -11.7194   -4.5685
    2.8922    2.2197   -4.2897    3.5991    5.4583   -3.7653
eta,q 0.97815 10.75617
  0.0228  0.0226  0.0223  0.0227  0.0225  0.0229  0.0226  0.0234  0.0223  0.0227  0.0222  0.0222
  0.0223  0.0222  0.0221  0.0223  0.0221  0.0225  0.0222  0.0226  0.0220  0.0222  0.0220  0.0220
  0.0220  0.0220  0.0219  0.0221  0.0219  0.0221  0.0219  0.0220  0.0219  0.0220  0.0219  0.0219
  0.0219  0.0219  0.0219  0.0219  0.0219  0.0219  0.0219  0.0219  0.0219  0.0219  0.0219  0.0219
  0.0220  0.0220  0.0219  0.0219  0.0219  0.0218  0.0219  0.0220  0.0219  0.0220  0.0219  0.0219
  0.0223  0.0222  0.0221  0.0221  0.0221  0.0222  0.0222  0.0226  0.0221  0.0222  0.0220  0.0220
  0.0228  0.0225  0.0224  0.0227  0.0224  0.0230  0.0226  0.0235  0.0223  0.0227  0.0222  0.0223
niter,ni,del,rscale     2    3    5.0000    0.5000
parameters
    1.0626   14.4386   -2.6724   -9.4570  -11.7228   -4.3566
    2.8839    2.2140   -4.2841    3.5761    5.3520   -3.8710
eta,q 0.97817 10.76754
  0.0225  0.0223  0.0222  0.0224  0.0222  0.0227  0.0223  0.0230  0.0221  0.0224  0.0221  0.0221
  0.0222  0.0221  0.0220  0.0222  0.0220  0.0223  0.0220  0.0223  0.0220  0.0221  0.0219  0.0219
  0.0219  0.0219  0.0219  0.0220  0.0219  0.0220  0.0219  0.0220  0.0219  0.0219  0.0218  0.0218
  0.0219  0.0219  0.0219  0.0219  0.0218  0.0218  0.0218  0.0218  0.0218  0.0218  0.0218  0.0218
  0.0219  0.0219  0.0219  0.0219  0.0219  0.0218  0.0219  0.0220  0.0219  0.0219  0.0219  0.0219
  0.0221  0.0221  0.0220  0.0220  0.0220  0.0221  0.0221  0.0223  0.0220  0.0221  0.0219  0.0219
  0.0225  0.0223  0.0222  0.0224  0.0223  0.0226  0.0223  0.0230  0.0221  0.0225  0.0221  0.0221
niter,ni,del,rscale     1    3    5.0000    0.4000
parameters
    1.0647   14.4324   -2.6374   -9.3648  -11.7390   -4.1723
    2.8666    2.2170   -4.2391    3.5448    5.2885   -3.9675
eta,q 0.97819 10.77566
  0.0223  0.0221  0.0221  0.0222  0.0221  0.0224  0.0221  0.0226  0.0220  0.0222  0.0220  0.0220
  0.0220  0.0220  0.0219  0.0220  0.0219  0.0222  0.0219  0.0221  0.0219  0.0220  0.0219  0.0219
  0.0219  0.0219  0.0219  0.0219  0.0218  0.0219  0.0218  0.0219  0.0218  0.0219  0.0218  0.0218
  0.0218  0.0218  0.0218  0.0218  0.0218  0.0218  0.0218  0.0218  0.0218  0.0218  0.0218  0.0218
  0.0219  0.0219  0.0218  0.0218  0.0219  0.0218  0.0218  0.0219  0.0218  0.0219  0.0218  0.0218
  0.0220  0.0220  0.0219  0.0220  0.0219  0.0220  0.0220  0.0221  0.0219  0.0220  0.0219  0.0219
  0.0223  0.0221  0.0220  0.0222  0.0221  0.0223  0.0221  0.0226  0.0220  0.0222  0.0220  0.0220
registration optimization eta report
parameter search radius
    0.8000    0.8000    0.8000    2.4000    2.4000    2.4000
    2.4000    2.4000    2.4000    2.4000    2.4000    2.4000
100000*second partial in parameter space
       68.       46.       35.        7.        4.        9.
        6.       13.        4.        7.        3.        3.
  0.0223  0.0221  0.0221  0.0222  0.0221  0.0224  0.0221  0.0226  0.0220  0.0222  0.0220  0.0220
  0.0220  0.0220  0.0219  0.0220  0.0219  0.0222  0.0219  0.0221  0.0219  0.0220  0.0219  0.0219
  0.0219  0.0219  0.0219  0.0219  0.0218  0.0219  0.0218  0.0219  0.0218  0.0219  0.0218  0.0218
  0.0218  0.0218  0.0218  0.0218  0.0218  0.0218  0.0218  0.0218  0.0218  0.0218  0.0218  0.0218
  0.0219  0.0219  0.0218  0.0218  0.0219  0.0218  0.0218  0.0219  0.0218  0.0219  0.0218  0.0218
  0.0220  0.0220  0.0219  0.0220  0.0219  0.0220  0.0220  0.0221  0.0219  0.0220  0.0219  0.0219
  0.0223  0.0221  0.0220  0.0222  0.0221  0.0223  0.0221  0.0226  0.0220  0.0222  0.0220  0.0220
    1.0647   14.4324   -2.6374   -9.3648  -11.7390   -4.1723
    2.8666    2.2170   -4.2391    3.5448    5.2885   -3.9675
eta,q 0.97819 10.77566

---------------------------------------------------------------------
compute_vox2vox talsrcimg talsrcimg_to_711-2C_as_mni_average_305_t4 /opt/freesurfer/average/711-2C_as_mni_average_305
---------------------------------------------------------------------

freesurfer compute_vox2vox.c
Reading: talsrcimg.4dfp.ifh
Reading: talsrcimg_to_711-2C_as_mni_average_305_t4
Reading: /opt/freesurfer/average/711-2C_as_mni_average_305.4dfp.ifh
Writing: talsrcimg_to_711-2C_as_mni_average_305_t4_vox2vox.txt

start time Tue Mar 10 09:17:28 CET 2026
end		time Tue Mar 10 09:18:53 CET 2026

mpr2mni305 success

avi2talxfm orig_nu.mgz /opt/freesurfer/average/mni305.cor.mgz talsrcimg_to_711-2C_as_mni_average_305_t4_vox2vox.txt transforms/talairach.auto.xfm
avi2talxfm done
mv -f /out/sourcedata/freesurfer/sub-v2s0x29030_ses-1/mri/talsrcimg_to_711-2C_as_mni_average_305_t4_vox2vox.txt /out/sourcedata/freesurfer/sub-v2s0x29030_ses-1/mri/transforms/talsrcimg_to_711-2C_as_mni_average_305_t4_vox2vox.txt
lta_convert --src orig_nu.mgz --trg /opt/freesurfer/average/mni305.cor.mgz --inxfm transforms/talairach.auto.xfm --outlta transforms/talairach.auto.xfm.lta --subject fsaverage
7.3.2

--src: orig_nu.mgz src image (geometry).
--trg: /opt/freesurfer/average/mni305.cor.mgz trg image (geometry).
--inmni: transforms/talairach.auto.xfm input MNI/XFM transform.
--outlta: transforms/talairach.auto.xfm.lta output LTA.
--s: fsaverage subject name
 LTA read, type : 1
 1.10301  -0.02415  -0.03691  -7.24461;
-0.05858   1.04309   0.04879  -43.55489;
 0.05533  -0.04305   1.12927  -11.92439;
 0.00000   0.00000   0.00000   1.00000;
setting subject to fsaverage
Writing  LTA to file transforms/talairach.auto.xfm.lta...
lta_convert successful.
 
 
Started at Tue Mar 10 09:17:28 CET 2026
Ended   at Tue Mar 10 09:18:54 CET 2026
talairach_avi done
