Log file for defect2seg
Tue Mar 10 10:24:19 CET 2026

setenv SUBJECTS_DIR /out/sourcedata/freesurfer
cd /out/sourcedata/freesurfer/sub-v2s0x29019_ses-1/scripts
/opt/freesurfer/bin/defect2seg --s sub-v2s0x29019_ses-1 --rh-only --cortex

freesurfer-linux-ubuntu22_x86_64-7.3.2-20220804-6354275
defect2seg 7.3.2
Linux dna020 5.14.0-427.37.1.el9_4.x86_64 #1 SMP PREEMPT_DYNAMIC Fri Sep 13 12:41:50 EDT 2024 x86_64 x86_64 x86_64 GNU/Linux
pid 4122330
mri_label2label --label-cortex /out/sourcedata/freesurfer/sub-v2s0x29019_ses-1/surf/rh.orig.nofix /out/sourcedata/freesurfer/sub-v2s0x29019_ses-1/mri/aseg.presurf.mgz 0 /out/sourcedata/freesurfer/sub-v2s0x29019_ses-1/label/rh.nofix.cortex.label

 Generating cortex label... RemoveHipAmgy=0
 NucAccIsMedialWall=0
 mris->useRealRAS=0
7 non-cortical segments detected
only using segment with 7592 vertices
erasing segment 1 (vno[0] = 46933)
erasing segment 2 (vno[0] = 61406)
erasing segment 3 (vno[0] = 71993)
erasing segment 4 (vno[0] = 77553)
erasing segment 5 (vno[0] = 92085)
erasing segment 6 (vno[0] = 92942)
mri_label2vol --defects /out/sourcedata/freesurfer/sub-v2s0x29019_ses-1/surf/rh.orig.nofix /out/sourcedata/freesurfer/sub-v2s0x29019_ses-1/surf/rh.defect_labels /out/sourcedata/freesurfer/sub-v2s0x29019_ses-1/mri/orig.mgz 2000 0 /out/sourcedata/freesurfer/sub-v2s0x29019_ses-1/mri/rh.surface.defects.mgz /out/sourcedata/freesurfer/sub-v2s0x29019_ses-1/label/rh.nofix.cortex.label
mri_label2vol supposed to be reproducible but seed not set
Contraining to label /out/sourcedata/freesurfer/sub-v2s0x29019_ses-1/label/rh.nofix.cortex.label
Changing input type 0 to MRI_INT
Converting defects to volume: offset=2000, merge=0
Writing to /out/sourcedata/freesurfer/sub-v2s0x29019_ses-1/mri/rh.surface.defects.mgz
mris_defects_pointset -s /out/sourcedata/freesurfer/sub-v2s0x29019_ses-1/surf/rh.orig.nofix -d /out/sourcedata/freesurfer/sub-v2s0x29019_ses-1/surf/rh.defect_labels -o /out/sourcedata/freesurfer/sub-v2s0x29019_ses-1/surf/rh.defects.pointset --label /out/sourcedata/freesurfer/sub-v2s0x29019_ses-1/label/rh.nofix.cortex.label
Reading in surface /out/sourcedata/freesurfer/sub-v2s0x29019_ses-1/surf/rh.orig.nofix
Reading in defect segmentation /out/sourcedata/freesurfer/sub-v2s0x29019_ses-1/surf/rh.defect_labels
Reading in label /out/sourcedata/freesurfer/sub-v2s0x29019_ses-1/label/rh.nofix.cortex.label
#VMPC# mris_defects_pointset 1259220
mris_defects_pointset done
 
Started at Tue Mar 10 10:24:19 CET 2026 
Ended   at Tue Mar 10 10:24:34 CET 2026
Defect2seg-Run-Time-Sec 15
Defect2seg-Run-Time-Min 0.30
Defect2seg-Run-Time-Hours 0.00
 
defect2seg Done
