/out/sourcedata/freesurfer/sub-v2s0x29017_ses-1/mri
/opt/freesurfer/bin/talairach_avi
--i orig_nu.mgz --xfm transforms/talairach.auto.xfm
talairach_avi 7.3.2
Linux dna020 5.14.0-427.37.1.el9_4.x86_64 #1 SMP PREEMPT_DYNAMIC Fri Sep 13 12:41:50 EDT 2024 x86_64 x86_64 x86_64 GNU/Linux
Tue Mar 10 08:29:00 CET 2026
mri_convert orig_nu.mgz talsrcimg.img 
reading from orig_nu.mgz...
TR=0.00, TE=0.00, TI=0.00, flip angle=0.00
i_ras = (-1, 0, 0)
j_ras = (0, 0, -1)
k_ras = (0, 1, 0)
writing to talsrcimg.img...
Analyze Output Matrix
-1.00000   0.00000   0.00000   134.03340;
 0.00000   0.00000   1.00000  -96.08528;
 0.00000  -1.00000   0.00000   130.09750;
 0.00000   0.00000   0.00000   1.00000;
--------------------
INFO: set hdr.hist.orient to -1
mpr2mni305 talsrcimg
Tue Mar 10 08:29:00 CET 2026
/opt/freesurfer/bin/mpr2mni305 talsrcimg
mpr2mni305 7.3.2
target=711-2C_as_mni_average_305

---------------------------------------------------------------------
analyzeto4dfp talsrcimg -O0 -y
---------------------------------------------------------------------

freesurfer ifh2hdr.c
Tue Mar 10 08:29:00 2026
Writing: talsrcimg.4dfp.hdr
freesurfer analyzeto4dfp.c
Reading: talsrcimg.hdr
header size 348 bytes
hdr.dime.datatype	offset=70	value=2
hdr.dime.bitpix		offset=72	value=8
hdr.hist.orient		offset=252	value=-1
dimensionality     4
dimensions       256       256       256         1
Reading: talsrcimg.img
Writing: talsrcimg.4dfp.img
Writing: talsrcimg.4dfp.ifh
ifh2hdr talsrcimg -r0to248
ori=2

---------------------------------------------------------------------
gauss_4dfp talsrcimg 1.1
---------------------------------------------------------------------

freesurfer gauss_4dfp.c
Reading: talsrcimg.4dfp.img
Writing: talsrcimg_g11.4dfp.img
image dimensions 256 256 256 padded to 288 288 288
processing volume 1freesurfer ifh2hdr.c
Tue Mar 10 08:29:02 2026
Writing: talsrcimg_g11.4dfp.hdr

Writing: talsrcimg_g11.4dfp.ifh
including: talsrcimg.4dfp.img.rec in talsrcimg_g11.4dfp.img.rec

---------------------------------------------------------------------
imgreg_4dfp /opt/freesurfer/average/711-2C_as_mni_average_305 none talsrcimg_g11 none talsrcimg_to_711-2C_as_mni_average_305_t4 4355
---------------------------------------------------------------------

freesurfer imgreg_4dfp.c
/opt/freesurfer/average/711-2C_as_mni_average_305.4dfp.img
       256       256       256         1
  1.000000  1.000000  1.000000
orientation T byte_order littleendian
Reading image: /opt/freesurfer/average/711-2C_as_mni_average_305.4dfp.img
dimensions:      256       256       256
mmppix:       1.0000   -1.0000   -1.0000
center:     128.0000 -129.0000 -129.0000
talsrcimg_g11.4dfp.img
       256       256       256         1
  1.000000  1.000000  1.000000
orientation T byte_order littleendian
Reading image: talsrcimg_g11.4dfp.img
dimensions:      256       256       256
mmppix:       1.0000   -1.0000   -1.0000
center:     128.0000 -129.0000 -129.0000
t4_read: open error in t4_sub.f l:  41 t4_file(1:l)talsrcimg_to_711-2C_as_mni_average_305_t4 
t4_read: transform initialized to I4
rotation matrix determinant  1.000000
image alignment mode   4355 decimal     1103 hex
   -7.5000  -45.0000  -45.0000 6579.0239   13.7456
    0.0000  -45.0000  -45.0000 6850.5591   13.6914
    7.5000  -45.0000  -45.0000 6591.7896   13.6844
   -7.5000  -37.5000  -45.0000 7050.8823   13.5748
    0.0000  -37.5000  -45.0000 7339.9214   13.5247
    7.5000  -37.5000  -45.0000 7058.3765   13.5177
   -7.5000  -30.0000  -45.0000 7841.8218   13.4538
    0.0000  -30.0000  -45.0000 8152.5010   13.4048
    7.5000  -30.0000  -45.0000 7837.8193   13.3960
   -7.5000  -22.5000  -45.0000 8708.7021   13.3478
    0.0000  -22.5000  -45.0000 9051.4639   13.2976
    7.5000  -22.5000  -45.0000 8702.4697   13.2888
   -7.5000  -15.0000  -45.0000 9623.2080   13.2796
    0.0000  -15.0000  -45.0000 9986.4307   13.2271
    7.5000  -15.0000  -45.0000 9606.8623   13.2190
   -7.5000   -7.5000  -45.000010401.6416   13.2510
    0.0000   -7.5000  -45.000010806.1992   13.1977
    7.5000   -7.5000  -45.000010394.2588   13.1905
   -7.5000    0.0000  -45.000011038.2061   13.2839
    0.0000    0.0000  -45.000011480.8857   13.2320
    7.5000    0.0000  -45.000011061.1484   13.2253
   -7.5000    7.5000  -45.000010830.3848   13.3544
    0.0000    7.5000  -45.000011268.3145   13.3048
    7.5000    7.5000  -45.000010870.1025   13.2968
   -7.5000   15.0000  -45.000010519.3418   13.3897
    0.0000   15.0000  -45.000010975.6611   13.3409
    7.5000   15.0000  -45.000010594.4775   13.3318
   -7.5000   22.5000  -45.000010210.5820   13.3458
    0.0000   22.5000  -45.000010655.1357   13.2956
    7.5000   22.5000  -45.000010283.0273   13.2868
   -7.5000   30.0000  -45.0000 9966.1279   13.1026
    0.0000   30.0000  -45.000010404.1758   13.0508
    7.5000   30.0000  -45.000010036.3535   13.0428
   -7.5000   37.5000  -45.0000 9889.4385   13.0744
    0.0000   37.5000  -45.000010298.4580   13.0218
    7.5000   37.5000  -45.0000 9875.7061   13.0148
   -7.5000   45.0000  -45.0000 9168.0068   12.7741
    0.0000   45.0000  -45.0000 9550.0918   12.7242
    7.5000   45.0000  -45.0000 9135.3242   12.7178
   -7.5000  -45.0000  -37.5000 6936.0166   13.6168
    0.0000  -45.0000  -37.5000 7226.2793   13.5702
    7.5000  -45.0000  -37.5000 6959.3311   13.5658
   -7.5000  -37.5000  -37.5000 7473.7168   13.4496
    0.0000  -37.5000  -37.5000 7772.3438   13.4062
    7.5000  -37.5000  -37.5000 7468.2036   13.4015
   -7.5000  -30.0000  -37.5000 8333.3594   13.3301
    0.0000  -30.0000  -37.5000 8674.0508   13.2857
    7.5000  -30.0000  -37.5000 8327.0361   13.2765
   -7.5000  -22.5000  -37.5000 9266.9355   13.2257
    0.0000  -22.5000  -37.5000 9643.8779   13.1791
    7.5000  -22.5000  -37.5000 9250.7080   13.1679
   -7.5000  -15.0000  -37.500010236.4365   13.1595
    0.0000  -15.0000  -37.500010646.8252   13.1107
    7.5000  -15.0000  -37.500010222.1494   13.1002
   -7.5000   -7.5000  -37.500011073.7656   13.1332
    0.0000   -7.5000  -37.500011513.5127   13.0849
    7.5000   -7.5000  -37.500011067.0762   13.0777
   -7.5000    0.0000  -37.500011739.3604   13.1656
    0.0000    0.0000  -37.500012218.7959   13.1203
    7.5000    0.0000  -37.500011771.7861   13.1158
   -7.5000    7.5000  -37.500011484.6875   13.2338
    0.0000    7.5000  -37.500011960.9072   13.1904
    7.5000    7.5000  -37.500011532.3633   13.1846
   -7.5000   15.0000  -37.500011163.6045   13.2675
    0.0000   15.0000  -37.500011655.2012   13.2234
    7.5000   15.0000  -37.500011210.9492   13.2140
   -7.5000   22.5000  -37.500010828.6709   13.2237
    0.0000   22.5000  -37.500011313.7871   13.1772
    7.5000   22.5000  -37.500010880.2451   13.1659
   -7.5000   30.0000  -37.500010594.1084   12.9842
    0.0000   30.0000  -37.500011082.4150   12.9360
    7.5000   30.0000  -37.500010650.5352   12.9257
   -7.5000   37.5000  -37.500010442.4277   12.9582
    0.0000   37.5000  -37.500010906.2236   12.9105
    7.5000   37.5000  -37.500010443.1670   12.9034
   -7.5000   45.0000  -37.5000 9658.7266   12.6603
    0.0000   45.0000  -37.500010088.3486   12.6168
    7.5000   45.0000  -37.5000 9649.3545   12.6124
   -7.5000  -45.0000  -30.0000 7448.1650   14.1752
    0.0000  -45.0000  -30.0000 7777.1953   14.1340
    7.5000  -45.0000  -30.0000 7450.4131   14.1334
   -7.5000  -37.5000  -30.0000 8069.0806   14.0060
    0.0000  -37.5000  -30.0000 8414.5420   13.9653
    7.5000  -37.5000  -30.0000 8048.3159   13.9630
   -7.5000  -30.0000  -30.0000 9024.1514   13.8833
    0.0000  -30.0000  -30.0000 9416.6963   13.8394
    7.5000  -30.0000  -30.0000 9008.1543   13.8300
   -7.5000  -22.5000  -30.000010059.6777   13.7740
    0.0000  -22.5000  -30.000010467.5771   13.7285
    7.5000  -22.5000  -30.000010024.4873   13.7154
   -7.5000  -15.0000  -30.000011097.1016   13.7031
    0.0000  -15.0000  -30.000011531.3965   13.6571
    7.5000  -15.0000  -30.000011051.9492   13.6456
   -7.5000   -7.5000  -30.000011973.4727   13.6741
    0.0000   -7.5000  -30.000012444.6074   13.6303
    7.5000   -7.5000  -30.000011950.2480   13.6245
   -7.5000    0.0000  -30.000012692.9023   13.7083
    0.0000    0.0000  -30.000013212.6016   13.6675
    7.5000    0.0000  -30.000012706.4395   13.6664
   -7.5000    7.5000  -30.000012413.5762   13.7821
    0.0000    7.5000  -30.000012946.5215   13.7410
    7.5000    7.5000  -30.000012437.4854   13.7375
   -7.5000   15.0000  -30.000012035.6865   13.8187
    0.0000   15.0000  -30.000012573.9844   13.7751
    7.5000   15.0000  -30.000012073.9424   13.7654
   -7.5000   22.5000  -30.000011667.1875   13.7705
    0.0000   22.5000  -30.000012195.8955   13.7250
    7.5000   22.5000  -30.000011699.2461   13.7120
   -7.5000   30.0000  -30.000011416.5703   13.5218
    0.0000   30.0000  -30.000011939.5908   13.4764
    7.5000   30.0000  -30.000011448.6572   13.4650
   -7.5000   37.5000  -30.000011208.4883   13.4932
    0.0000   37.5000  -30.000011693.9932   13.4499
    7.5000   37.5000  -30.000011194.0068   13.4442
   -7.5000   45.0000  -30.000010357.6982   13.1918
    0.0000   45.0000  -30.000010829.2129   13.1526
    7.5000   45.0000  -30.000010339.0117   13.1515
   -7.5000  -45.0000  -22.5000 8010.3008   14.6744
    0.0000  -45.0000  -22.5000 8356.8916   14.6314
    7.5000  -45.0000  -22.5000 8004.8325   14.6328
   -7.5000  -37.5000  -22.5000 8699.7607   14.5030
    0.0000  -37.5000  -22.5000 9071.8877   14.4581
    7.5000  -37.5000  -22.5000 8687.1758   14.4566
   -7.5000  -30.0000  -22.5000 9753.0869   14.3770
    0.0000  -30.0000  -22.500010162.9541   14.3290
    7.5000  -30.0000  -22.5000 9750.7773   14.3204
   -7.5000  -22.5000  -22.500010845.5391   14.2625
    0.0000  -22.5000  -22.500011282.9414   14.2151
    7.5000  -22.5000  -22.500010823.4326   14.2038
   -7.5000  -15.0000  -22.500011914.0303   14.1866
    0.0000  -15.0000  -22.500012386.6250   14.1405
    7.5000  -15.0000  -22.500011893.9590   14.1314
   -7.5000   -7.5000  -22.500012837.7344   14.1543
    0.0000   -7.5000  -22.500013350.7139   14.1106
    7.5000   -7.5000  -22.500012854.1211   14.1074
   -7.5000    0.0000  -22.500013619.7949   14.1909
    0.0000    0.0000  -22.500014191.9629   14.1483
    7.5000    0.0000  -22.500013663.7363   14.1491
   -7.5000    7.5000  -22.500013345.6719   14.2708
    0.0000    7.5000  -22.500013927.1211   14.2257
    7.5000    7.5000  -22.500013364.8486   14.2231
   -7.5000   15.0000  -22.500012951.1768   14.3102
    0.0000   15.0000  -22.500013544.6445   14.2624
    7.5000   15.0000  -22.500012957.9756   14.2536
   -7.5000   22.5000  -22.500012544.4961   14.2580
    0.0000   22.5000  -22.500013136.0029   14.2105
    7.5000   22.5000  -22.500012559.8711   14.1992
   -7.5000   30.0000  -22.500012242.2158   14.0010
    0.0000   30.0000  -22.500012804.3389   13.9556
    7.5000   30.0000  -22.500012255.3887   13.9466
   -7.5000   37.5000  -22.500011959.5000   13.9691
    0.0000   37.5000  -22.500012467.3496   13.9260
    7.5000   37.5000  -22.500011941.0791   13.9229
   -7.5000   45.0000  -22.500011053.9414   13.6665
    0.0000   45.0000  -22.500011548.0156   13.6255
    7.5000   45.0000  -22.500011028.3477   13.6263
   -7.5000  -45.0000  -15.0000 8541.6348   15.0388
    0.0000  -45.0000  -15.0000 8905.0840   14.9878
    7.5000  -45.0000  -15.0000 8531.5811   14.9873
   -7.5000  -37.5000  -15.0000 9297.6992   14.8621
    0.0000  -37.5000  -15.0000 9710.8965   14.8099
    7.5000  -37.5000  -15.0000 9314.1123   14.8071
   -7.5000  -30.0000  -15.000010447.6416   14.7319
    0.0000  -30.0000  -15.000010915.7178   14.6791
    7.5000  -30.0000  -15.000010472.0684   14.6721
   -7.5000  -22.5000  -15.000011560.5039   14.6136
    0.0000  -22.5000  -15.000012058.3369   14.5629
    7.5000  -22.5000  -15.000011554.6982   14.5555
   -7.5000  -15.0000  -15.000012633.6719   14.5354
    0.0000  -15.0000  -15.000013198.0742   14.4861
    7.5000  -15.0000  -15.000012652.3584   14.4806
   -7.5000   -7.5000  -15.000013623.0410   14.5020
    0.0000   -7.5000  -15.000014219.3389   14.4534
    7.5000   -7.5000  -15.000013690.1904   14.4513
   -7.5000    0.0000  -15.000014497.2139   14.5407
    0.0000    0.0000  -15.000015147.9980   14.4911
    7.5000    0.0000  -15.000014560.9590   14.4905
   -7.5000    7.5000  -15.000014203.0674   14.6234
    0.0000    7.5000  -15.000014881.7178   14.5713
    7.5000    7.5000  -15.000014257.8555   14.5675
   -7.5000   15.0000  -15.000013816.6484   14.6630
    0.0000   15.0000  -15.000014493.5635   14.6104
    7.5000   15.0000  -15.000013864.5811   14.6031
   -7.5000   22.5000  -15.000013406.5830   14.6083
    0.0000   22.5000  -15.000014069.4209   14.5576
    7.5000   22.5000  -15.000013460.0098   14.5502
   -7.5000   30.0000  -15.000013028.7842   14.3472
    0.0000   30.0000  -15.000013651.4961   14.2987
    7.5000   30.0000  -15.000013088.0410   14.2932
   -7.5000   37.5000  -15.000012664.8330   14.3144
    0.0000   37.5000  -15.000013216.5566   14.2664
    7.5000   37.5000  -15.000012679.4873   14.2643
   -7.5000   45.0000  -15.000011723.2803   14.0119
    0.0000   45.0000  -15.000012241.3223   13.9640
    7.5000   45.0000  -15.000011722.6572   13.9635
   -7.5000  -45.0000   -7.5000 9063.9619   15.2151
    0.0000  -45.0000   -7.5000 9447.3203   15.1567
    7.5000  -45.0000   -7.5000 9052.4844   15.1517
   -7.5000  -37.5000   -7.5000 9890.0469   15.0314
    0.0000  -37.5000   -7.500010356.1494   14.9750
    7.5000  -37.5000   -7.5000 9923.8975   14.9693
   -7.5000  -30.0000   -7.500011108.6270   14.8977
    0.0000  -30.0000   -7.500011609.2383   14.8428
    7.5000  -30.0000   -7.500011148.1104   14.8355
   -7.5000  -22.5000   -7.500012236.4053   14.7787
    0.0000  -22.5000   -7.500012775.0020   14.7247
    7.5000  -22.5000   -7.500012290.1172   14.7183
   -7.5000  -15.0000   -7.500013361.6562   14.7018
    0.0000  -15.0000   -7.500013953.5674   14.6472
    7.5000  -15.0000   -7.500013421.0078   14.6417
   -7.5000   -7.5000   -7.500014460.3701   14.6699
    0.0000   -7.5000   -7.500015104.2734   14.6145
    7.5000   -7.5000   -7.500014543.4521   14.6099
   -7.5000    0.0000   -7.500015399.6152   14.7087
    0.0000    0.0000   -7.500016126.0693   14.6527
    7.5000    0.0000   -7.500015503.2939   14.6482
   -7.5000    7.5000   -7.500015071.4521   14.7893
    0.0000    7.5000   -7.500015792.6289   14.7336
    7.5000    7.5000   -7.500015199.6260   14.7269
   -7.5000   15.0000   -7.500014704.4102   14.8275
    0.0000   15.0000   -7.500015399.3320   14.7728
    7.5000   15.0000   -7.500014819.6250   14.7652
   -7.5000   22.5000   -7.500014304.3389   14.7717
    0.0000   22.5000   -7.500014985.0166   14.7177
    7.5000   22.5000   -7.500014401.5488   14.7113
   -7.5000   30.0000   -7.500013925.8770   14.5111
    0.0000   30.0000   -7.500014577.9316   14.4572
    7.5000   30.0000   -7.500014012.1436   14.4519
   -7.5000   37.5000   -7.500013504.6455   14.4797
    0.0000   37.5000   -7.500014063.6484   14.4249
    7.5000   37.5000   -7.500013528.9941   14.4205
   -7.5000   45.0000   -7.500012540.4629   14.1764
    0.0000   45.0000   -7.500013030.5713   14.1224
    7.5000   45.0000   -7.500012512.5059   14.1181
   -7.5000  -45.0000    0.0000 9533.3496   15.2360
    0.0000  -45.0000    0.0000 9935.1816   15.1767
    7.5000  -45.0000    0.0000 9537.0986   15.1694
   -7.5000  -37.5000    0.000010400.1992   15.0478
    0.0000  -37.5000    0.000010890.8896   14.9931
    7.5000  -37.5000    0.000010457.1250   14.9859
   -7.5000  -30.0000    0.000011662.3320   14.9134
    0.0000  -30.0000    0.000012179.1797   14.8597
    7.5000  -30.0000    0.000011711.2539   14.8506
   -7.5000  -22.5000    0.000012841.7090   14.7959
    0.0000  -22.5000    0.000013401.8789   14.7408
    7.5000  -22.5000    0.000012914.7021   14.7316
   -7.5000  -15.0000    0.000014046.0986   14.7214
    0.0000  -15.0000    0.000014625.8682   14.6637
    7.5000  -15.0000    0.000014116.5244   14.6550
   -7.5000   -7.5000    0.000015228.7861   14.6916
    0.0000   -7.5000    0.000015872.4834   14.6331
    7.5000   -7.5000    0.000015338.4824   14.6255
   -7.5000    0.0000    0.000016280.6074   14.7289
    0.0000    0.0000    0.000017027.0703   14.6721
    7.5000    0.0000    0.000016490.0215   14.6652
   -7.5000    7.5000    0.000016042.1982   14.8058
    0.0000    7.5000    0.000016782.2617   14.7516
    7.5000    7.5000    0.000016305.2754   14.7433
   -7.5000   15.0000    0.000015681.8369   14.8429
    0.0000   15.0000    0.000016323.7461   14.7896
    7.5000   15.0000    0.000015869.2588   14.7801
   -7.5000   22.5000    0.000015235.8086   14.7889
    0.0000   22.5000    0.000015835.9844   14.7338
    7.5000   22.5000    0.000015348.8867   14.7246
   -7.5000   30.0000    0.000014827.9102   14.5309
    0.0000   30.0000    0.000015446.6045   14.4739
    7.5000   30.0000    0.000014914.5166   14.4654
   -7.5000   37.5000    0.000014355.9033   14.5015
    0.0000   37.5000    0.000014892.8105   14.4437
    7.5000   37.5000    0.000014340.4951   14.4362
   -7.5000   45.0000    0.000013315.5303   14.1970
    0.0000   45.0000    0.000013789.7666   14.1422
    7.5000   45.0000    0.000013222.8135   14.1355
   -7.5000  -45.0000    7.5000 9242.8389   15.2239
    0.0000  -45.0000    7.5000 9660.9941   15.1719
    7.5000  -45.0000    7.5000 9258.0889   15.1670
   -7.5000  -37.5000    7.500010079.0098   15.0371
    0.0000  -37.5000    7.500010565.9502   14.9888
    7.5000  -37.5000    7.500010153.3643   14.9835
   -7.5000  -30.0000    7.500011307.5449   14.9035
    0.0000  -30.0000    7.500011808.9756   14.8540
    7.5000  -30.0000    7.500011363.0156   14.8438
   -7.5000  -22.5000    7.500012464.3662   14.7868
    0.0000  -22.5000    7.500012982.0195   14.7348
    7.5000  -22.5000    7.500012557.2012   14.7222
   -7.5000  -15.0000    7.500013664.8750   14.7129
    0.0000  -15.0000    7.500014170.0117   14.6583
    7.5000  -15.0000    7.500013766.4150   14.6466
   -7.5000   -7.5000    7.500014864.8066   14.6836
    0.0000   -7.5000    7.500015384.4961   14.6296
    7.5000   -7.5000    7.500015009.6465   14.6215
   -7.5000    0.0000    7.500016039.7979   14.7199
    0.0000    0.0000    7.500016719.9141   14.6694
    7.5000    0.0000    7.500016287.2725   14.6643
   -7.5000    7.5000    7.500016022.1982   14.7961
    0.0000    7.5000    7.500016847.7988   14.7477
    7.5000    7.5000    7.500016321.0420   14.7412
   -7.5000   15.0000    7.500015745.9492   14.8337
    0.0000   15.0000    7.500016458.8047   14.7844
    7.5000   15.0000    7.500015892.2373   14.7739
   -7.5000   22.5000    7.500015149.5576   14.7798
    0.0000   22.5000    7.500015795.5918   14.7279
    7.5000   22.5000    7.500015197.6318   14.7153
   -7.5000   30.0000    7.500014610.6455   14.5225
    0.0000   30.0000    7.500015233.8408   14.4686
    7.5000   30.0000    7.500014610.8076   14.4571
   -7.5000   37.5000    7.500014045.0781   14.4935
    0.0000   37.5000    7.500014565.1904   14.4403
    7.5000   37.5000    7.500013965.6855   14.4323
   -7.5000   45.0000    7.500012984.2979   14.1883
    0.0000   45.0000    7.500013428.0840   14.1396
    7.5000   45.0000    7.500012871.1992   14.1347
   -7.5000  -45.0000   15.0000 8825.9990   15.2218
    0.0000  -45.0000   15.0000 9188.6426   15.1776
    7.5000  -45.0000   15.0000 8862.0254   15.1770
   -7.5000  -37.5000   15.0000 9649.7959   15.0402
    0.0000  -37.5000   15.000010053.8438   14.9965
    7.5000  -37.5000   15.0000 9729.0898   14.9940
   -7.5000  -30.0000   15.000010804.8379   14.9084
    0.0000  -30.0000   15.000011236.2148   14.8612
    7.5000  -30.0000   15.000010884.1270   14.8511
   -7.5000  -22.5000   15.000011928.6670   14.7910
    0.0000  -22.5000   15.000012402.2510   14.7421
    7.5000  -22.5000   15.000012011.5156   14.7281
   -7.5000  -15.0000   15.000013081.4365   14.7149
    0.0000  -15.0000   15.000013592.1016   14.6655
    7.5000  -15.0000   15.000013167.4219   14.6531
   -7.5000   -7.5000   15.000014196.3936   14.6837
    0.0000   -7.5000   15.000014796.1982   14.6367
    7.5000   -7.5000   15.000014331.1650   14.6305
   -7.5000    0.0000   15.000015346.7031   14.7204
    0.0000    0.0000   15.000016159.3174   14.6767
    7.5000    0.0000   15.000015546.7686   14.6754
   -7.5000    7.5000   15.000015368.7148   14.7997
    0.0000    7.5000   15.000016270.9805   14.7556
    7.5000    7.5000   15.000015547.5391   14.7518
   -7.5000   15.0000   15.000015067.5732   14.8390
    0.0000   15.0000   15.000015878.2490   14.7922
    7.5000   15.0000   15.000015108.5264   14.7818
   -7.5000   22.5000   15.000014478.7803   14.7840
    0.0000   22.5000   15.000015235.7021   14.7352
    7.5000   22.5000   15.000014485.3311   14.7212
   -7.5000   30.0000   15.000013925.7227   14.5244
    0.0000   30.0000   15.000014625.5371   14.4757
    7.5000   30.0000   15.000013933.6738   14.4635
   -7.5000   37.5000   15.000013353.8037   14.4937
    0.0000   37.5000   15.000013935.9805   14.4473
    7.5000   37.5000   15.000013330.1992   14.4411
   -7.5000   45.0000   15.000012342.3047   14.1888
    0.0000   45.0000   15.000012800.6436   14.1466
    7.5000   45.0000   15.000012298.9863   14.1454
   -7.5000  -45.0000   22.5000 8279.7168   15.2334
    0.0000  -45.0000   22.5000 8663.2773   15.1887
    7.5000  -45.0000   22.5000 8315.0752   15.1901
   -7.5000  -37.5000   22.5000 9071.6787   15.0554
    0.0000  -37.5000   22.5000 9503.0000   15.0088
    7.5000  -37.5000   22.5000 9113.0029   15.0072
   -7.5000  -30.0000   22.500010159.3496   14.9246
    0.0000  -30.0000   22.500010645.5859   14.8748
    7.5000  -30.0000   22.500010216.2607   14.8659
   -7.5000  -22.5000   22.500011209.4600   14.8058
    0.0000  -22.5000   22.500011728.3555   14.7565
    7.5000  -22.5000   22.500011277.6543   14.7448
   -7.5000  -15.0000   22.500012292.5039   14.7269
    0.0000  -15.0000   22.500012828.4541   14.6791
    7.5000  -15.0000   22.500012373.6904   14.6697
   -7.5000   -7.5000   22.500013362.4893   14.6934
    0.0000   -7.5000   22.500013946.5537   14.6480
    7.5000   -7.5000   22.500013463.1709   14.6447
   -7.5000    0.0000   22.500014437.8174   14.7314
    0.0000    0.0000   22.500015132.0459   14.6872
    7.5000    0.0000   22.500014567.1211   14.6880
   -7.5000    7.5000   22.500014329.1201   14.8144
    0.0000    7.5000   22.500014976.0244   14.7675
    7.5000    7.5000   22.500014422.8564   14.7648
   -7.5000   15.0000   22.500013942.4141   14.8552
    0.0000   15.0000   22.500014525.1846   14.8057
    7.5000   15.0000   22.500013942.1484   14.7965
   -7.5000   22.5000   22.500013473.4814   14.7988
    0.0000   22.5000   22.500014084.0303   14.7495
    7.5000   22.5000   22.500013481.7783   14.7378
   -7.5000   30.0000   22.500013064.9463   14.5363
    0.0000   30.0000   22.500013676.5498   14.4891
    7.5000   30.0000   22.500013105.0605   14.4798
   -7.5000   37.5000   22.500012544.6426   14.5032
    0.0000   37.5000   22.500013086.8447   14.4585
    7.5000   37.5000   22.500012583.6133   14.4552
   -7.5000   45.0000   22.500011622.0820   14.1993
    0.0000   45.0000   22.500012074.5596   14.1568
    7.5000   45.0000   22.500011654.4600   14.1576
   -7.5000  -45.0000   30.0000 7654.3477   15.3521
    0.0000  -45.0000   30.0000 8006.1401   15.2994
    7.5000  -45.0000   30.0000 7686.8242   15.2990
   -7.5000  -37.5000   30.0000 8375.2930   15.1707
    0.0000  -37.5000   30.0000 8759.8066   15.1167
    7.5000  -37.5000   30.0000 8403.2900   15.1138
   -7.5000  -30.0000   30.0000 9404.8350   15.0369
    0.0000  -30.0000   30.0000 9837.9756   14.9822
    7.5000  -30.0000   30.0000 9427.6113   14.9750
   -7.5000  -22.5000   30.000010393.5752   14.9153
    0.0000  -22.5000   30.000010844.7227   14.8628
    7.5000  -22.5000   30.000010434.7783   14.8552
   -7.5000  -15.0000   30.000011412.3584   14.8347
    0.0000  -15.0000   30.000011907.3086   14.7839
    7.5000  -15.0000   30.000011487.9492   14.7782
   -7.5000   -7.5000   30.000012413.8682   14.8004
    0.0000   -7.5000   30.000012963.9316   14.7503
    7.5000   -7.5000   30.000012524.3252   14.7481
   -7.5000    0.0000   30.000013358.9736   14.8402
    0.0000    0.0000   30.000013940.4043   14.7889
    7.5000    0.0000   30.000013488.5986   14.7884
   -7.5000    7.5000   30.000013197.9912   14.9253
    0.0000    7.5000   30.000013712.8828   14.8715
    7.5000    7.5000   30.000013293.3066   14.8676
   -7.5000   15.0000   30.000012806.2305   14.9660
    0.0000   15.0000   30.000013290.0146   14.9117
    7.5000   15.0000   30.000012876.1211   14.9041
   -7.5000   22.5000   30.000012444.3643   14.9082
    0.0000   22.5000   30.000012960.1572   14.8558
    7.5000   22.5000   30.000012522.0791   14.8481
   -7.5000   30.0000   30.000012141.3477   14.6427
    0.0000   30.0000   30.000012659.7158   14.5926
    7.5000   30.0000   30.000012211.1865   14.5869
   -7.5000   37.5000   30.000011694.7715   14.6089
    0.0000   37.5000   30.000012164.6934   14.5594
    7.5000   37.5000   30.000011741.1963   14.5572
   -7.5000   45.0000   30.000010849.4980   14.3042
    0.0000   45.0000   30.000011270.3066   14.2548
    7.5000   45.0000   30.000010865.9629   14.2543
   -7.5000  -45.0000   37.5000 7366.8833   15.6598
    0.0000  -45.0000   37.5000 7683.6431   15.5980
    7.5000  -45.0000   37.5000 7392.2544   15.5927
   -7.5000  -37.5000   37.5000 8046.5034   15.4644
    0.0000  -37.5000   37.5000 8377.5742   15.4046
    7.5000  -37.5000   37.5000 8059.1240   15.3984
   -7.5000  -30.0000   37.5000 9029.6611   15.3203
    0.0000  -30.0000   37.5000 9423.3340   15.2618
    7.5000  -30.0000   37.5000 9062.9521   15.2539
   -7.5000  -22.5000   37.500010032.5371   15.1935
    0.0000  -22.5000   37.500010472.4688   15.1362
    7.5000  -22.5000   37.500010076.6787   15.1291
   -7.5000  -15.0000   37.500011033.3887   15.1136
    0.0000  -15.0000   37.500011519.7012   15.0559
    7.5000  -15.0000   37.500011099.6973   15.0499
   -7.5000   -7.5000   37.500012006.7266   15.0824
    0.0000   -7.5000   37.500012532.0820   15.0239
    7.5000   -7.5000   37.500012095.2129   15.0191
   -7.5000    0.0000   37.500012847.2627   15.1250
    0.0000    0.0000   37.500013367.1338   15.0658
    7.5000    0.0000   37.500012932.7803   15.0610
   -7.5000    7.5000   37.500012628.9951   15.2089
    0.0000    7.5000   37.500013118.0957   15.1497
    7.5000    7.5000   37.500012697.5049   15.1426
   -7.5000   15.0000   37.500012271.6797   15.2462
    0.0000   15.0000   37.500012761.6094   15.1880
    7.5000   15.0000   37.500012367.7432   15.1797
   -7.5000   22.5000   37.500011973.4092   15.1864
    0.0000   22.5000   37.500012489.4033   15.1290
    7.5000   22.5000   37.500012080.8486   15.1219
   -7.5000   30.0000   37.500011731.0625   14.9180
    0.0000   30.0000   37.500012230.9912   14.8610
    7.5000   30.0000   37.500011809.2900   14.8552
   -7.5000   37.5000   37.500011329.1074   14.8872
    0.0000   37.5000   37.500011782.8027   14.8294
    7.5000   37.5000   37.500011381.4072   14.8247
   -7.5000   45.0000   37.500010522.2871   14.5787
    0.0000   45.0000   37.500010942.4150   14.5217
    7.5000   45.0000   37.500010551.8428   14.5171
   -7.5000  -45.0000   45.0000 6779.2251   15.9512
    0.0000  -45.0000   45.0000 7069.2402   15.8851
    7.5000  -45.0000   45.0000 6807.5034   15.8767
   -7.5000  -37.5000   45.0000 7401.5210   15.7386
    0.0000  -37.5000   45.0000 7709.4189   15.6773
    7.5000  -37.5000   45.0000 7405.3364   15.6686
   -7.5000  -30.0000   45.0000 8295.2422   15.5792
    0.0000  -30.0000   45.0000 8666.0713   15.5186
    7.5000  -30.0000   45.0000 8327.4316   15.5073
   -7.5000  -22.5000   45.0000 9237.0391   15.4455
    0.0000  -22.5000   45.0000 9652.9609   15.3831
    7.5000  -22.5000   45.0000 9262.2188   15.3717
   -7.5000  -15.0000   45.000010158.8330   15.3683
    0.0000  -15.0000   45.000010617.2432   15.3033
    7.5000  -15.0000   45.000010215.5166   15.2929
   -7.5000   -7.5000   45.000011050.6045   15.3452
    0.0000   -7.5000   45.000011544.0879   15.2799
    7.5000   -7.5000   45.000011120.3340   15.2711
   -7.5000    0.0000   45.000011787.2988   15.3927
    0.0000    0.0000   45.000012276.3037   15.3296
    7.5000    0.0000   45.000011843.0654   15.3217
   -7.5000    7.5000   45.000011571.4492   15.4723
    0.0000    7.5000   45.000012044.8721   15.4116
    7.5000    7.5000   45.000011596.9941   15.4019
   -7.5000   15.0000   45.000011246.3633   15.5019
    0.0000   15.0000   45.000011724.6670   15.4416
    7.5000   15.0000   45.000011310.1055   15.4300
   -7.5000   22.5000   45.000010981.3545   15.4382
    0.0000   22.5000   45.000011464.3896   15.3758
    7.5000   22.5000   45.000011053.5957   15.3643
   -7.5000   30.0000   45.000010765.5010   15.1681
    0.0000   30.0000   45.000011242.5332   15.1039
    7.5000   30.0000   45.000010828.8252   15.0936
   -7.5000   37.5000   45.000010413.6729   15.1453
    0.0000   37.5000   45.000010847.9932   15.0809
    7.5000   37.5000   45.000010473.4316   15.0722
   -7.5000   45.0000   45.0000 9685.3740   14.8435
    0.0000   45.0000   45.000010085.8535   14.7827
    7.5000   45.0000   45.0000 9733.9336   14.7750

---------------------------------------------------------------------
imgreg_4dfp /opt/freesurfer/average/711-2C_as_mni_average_305 /opt/freesurfer/average/711-2B_as_mni_average_305_mask talsrcimg_g11 none talsrcimg_to_711-2C_as_mni_average_305_t4 4355
---------------------------------------------------------------------

freesurfer imgreg_4dfp.c
/opt/freesurfer/average/711-2C_as_mni_average_305.4dfp.img
       256       256       256         1
  1.000000  1.000000  1.000000
orientation T byte_order littleendian
Reading image: /opt/freesurfer/average/711-2C_as_mni_average_305.4dfp.img
dimensions:      256       256       256
mmppix:       1.0000   -1.0000   -1.0000
center:     128.0000 -129.0000 -129.0000
/opt/freesurfer/average/711-2B_as_mni_average_305_mask.4dfp.img
       256       256       256         1
  1.000000  1.000000  1.000000
orientation T byte_order littleendian
Reading mask: /opt/freesurfer/average/711-2B_as_mni_average_305_mask.4dfp.img (2306576 pixels)
talsrcimg_g11.4dfp.img
       256       256       256         1
  1.000000  1.000000  1.000000
orientation T byte_order littleendian
Reading image: talsrcimg_g11.4dfp.img
dimensions:      256       256       256
mmppix:       1.0000   -1.0000   -1.0000
center:     128.0000 -129.0000 -129.0000
rotation matrix determinant  1.000000
image alignment mode   4355 decimal     1103 hex
   -7.5000  -45.0000  -45.0000 1859.1356   18.8525
    0.0000  -45.0000  -45.0000 1872.4962   18.7636
    7.5000  -45.0000  -45.0000 1850.5645   19.0376
   -7.5000  -37.5000  -45.0000 1962.0889   17.1037
    0.0000  -37.5000  -45.0000 1975.0229   16.9521
    7.5000  -37.5000  -45.0000 1949.9495   17.2283
   -7.5000  -30.0000  -45.0000 2054.4001   15.5878
    0.0000  -30.0000  -45.0000 2064.9673   15.4242
    7.5000  -30.0000  -45.0000 2041.1393   15.6323
   -7.5000  -22.5000  -45.0000 2149.3123   14.2844
    0.0000  -22.5000  -45.0000 2156.5935   14.1015
    7.5000  -22.5000  -45.0000 2136.2021   14.2974
   -7.5000  -15.0000  -45.0000 2237.1155   13.2536
    0.0000  -15.0000  -45.0000 2239.8354   13.1226
    7.5000  -15.0000  -45.0000 2224.7026   13.2829
   -7.5000   -7.5000  -45.0000 2282.4785   12.5454
    0.0000   -7.5000  -45.0000 2286.7932   12.4734
    7.5000   -7.5000  -45.0000 2271.3264   12.6283
   -7.5000    0.0000  -45.0000 2303.6819   12.1566
    0.0000    0.0000  -45.0000 2308.7576   12.0468
    7.5000    0.0000  -45.0000 2296.7290   12.2221
   -7.5000    7.5000  -45.0000 2312.0291   12.0486
    0.0000    7.5000  -45.0000 2313.0935   11.9060
    7.5000    7.5000  -45.0000 2306.8303   12.0761
   -7.5000   15.0000  -45.0000 2296.5166   12.1408
    0.0000   15.0000  -45.0000 2309.9790   11.9523
    7.5000   15.0000  -45.0000 2302.1196   12.1302
   -7.5000   22.5000  -45.0000 2264.5408   12.5398
    0.0000   22.5000  -45.0000 2282.9412   12.3390
    7.5000   22.5000  -45.0000 2272.5579   12.4887
   -7.5000   30.0000  -45.0000 2224.0193   13.1774
    0.0000   30.0000  -45.0000 2247.3743   12.9538
    7.5000   30.0000  -45.0000 2234.8455   13.0874
   -7.5000   37.5000  -45.0000 2177.0403   14.0887
    0.0000   37.5000  -45.0000 2202.3091   13.8283
    7.5000   37.5000  -45.0000 2188.2529   13.9772
   -7.5000   45.0000  -45.0000 2107.4036   15.2596
    0.0000   45.0000  -45.0000 2131.6624   14.9844
    7.5000   45.0000  -45.0000 2120.0227   15.1288
   -7.5000  -45.0000  -37.5000 1920.2966   17.6590
    0.0000  -45.0000  -37.5000 1932.5642   17.5810
    7.5000  -45.0000  -37.5000 1909.1722   17.8539
   -7.5000  -37.5000  -37.5000 2034.5773   16.0209
    0.0000  -37.5000  -37.5000 2044.4250   15.8792
    7.5000  -37.5000  -37.5000 2018.3370   16.1109
   -7.5000  -30.0000  -37.5000 2139.3555   14.6027
    0.0000  -30.0000  -37.5000 2148.8350   14.4405
    7.5000  -30.0000  -37.5000 2123.5349   14.6172
   -7.5000  -22.5000  -37.5000 2235.7031   13.3929
    0.0000  -22.5000  -37.5000 2243.5396   13.2346
    7.5000  -22.5000  -37.5000 2220.8972   13.3633
   -7.5000  -15.0000  -37.5000 2327.6255   12.3915
    0.0000  -15.0000  -37.5000 2333.8833   12.2645
    7.5000  -15.0000  -37.5000 2314.5020   12.4043
   -7.5000   -7.5000  -37.5000 2376.4678   11.7066
    0.0000   -7.5000  -37.5000 2384.2676   11.6062
    7.5000   -7.5000  -37.5000 2364.6409   11.7679
   -7.5000    0.0000  -37.5000 2395.8184   11.3358
    0.0000    0.0000  -37.5000 2406.5491   11.2255
    7.5000    0.0000  -37.5000 2389.5178   11.3762
   -7.5000    7.5000  -37.5000 2406.3445   11.1765
    0.0000    7.5000  -37.5000 2413.2969   11.0236
    7.5000    7.5000  -37.5000 2402.4973   11.1824
   -7.5000   15.0000  -37.5000 2395.3870   11.2254
    0.0000   15.0000  -37.5000 2412.4973   11.0507
    7.5000   15.0000  -37.5000 2396.9250   11.1843
   -7.5000   22.5000  -37.5000 2364.4597   11.5588
    0.0000   22.5000  -37.5000 2395.1729   11.3790
    7.5000   22.5000  -37.5000 2372.1858   11.4848
   -7.5000   30.0000  -37.5000 2328.5583   12.1354
    0.0000   30.0000  -37.5000 2361.4333   11.9150
    7.5000   30.0000  -37.5000 2341.9990   12.0559
   -7.5000   37.5000  -37.5000 2272.9197   12.9601
    0.0000   37.5000  -37.5000 2310.2300   12.7528
    7.5000   37.5000  -37.5000 2287.5315   12.8709
   -7.5000   45.0000  -37.5000 2198.9011   13.9879
    0.0000   45.0000  -37.5000 2232.5764   13.7546
    7.5000   45.0000  -37.5000 2217.0781   13.9050
   -7.5000  -45.0000  -30.0000 2014.2367   17.2562
    0.0000  -45.0000  -30.0000 2030.7051   17.1863
    7.5000  -45.0000  -30.0000 2002.3079   17.4288
   -7.5000  -37.5000  -30.0000 2143.1531   15.6234
    0.0000  -37.5000  -30.0000 2160.6079   15.5299
    7.5000  -37.5000  -30.0000 2125.4924   15.6841
   -7.5000  -30.0000  -30.0000 2257.1873   14.1974
    0.0000  -30.0000  -30.0000 2270.1565   14.0768
    7.5000  -30.0000  -30.0000 2242.6221   14.2042
   -7.5000  -22.5000  -30.0000 2358.7283   12.9856
    0.0000  -22.5000  -30.0000 2364.8142   12.8474
    7.5000  -22.5000  -30.0000 2343.6414   12.9636
   -7.5000  -15.0000  -30.0000 2450.4507   12.0151
    0.0000  -15.0000  -30.0000 2455.3313   11.8782
    7.5000  -15.0000  -30.0000 2434.6504   12.0172
   -7.5000   -7.5000  -30.0000 2506.6890   11.3192
    0.0000   -7.5000  -30.0000 2514.6299   11.1771
    7.5000   -7.5000  -30.0000 2493.9805   11.3324
   -7.5000    0.0000  -30.0000 2538.6091   10.9079
    0.0000    0.0000  -30.0000 2549.2654   10.7545
    7.5000    0.0000  -30.0000 2529.1038   10.9147
   -7.5000    7.5000  -30.0000 2547.7659   10.7310
    0.0000    7.5000  -30.0000 2563.9749   10.5889
    7.5000    7.5000  -30.0000 2543.5811   10.7250
   -7.5000   15.0000  -30.0000 2539.5710   10.7413
    0.0000   15.0000  -30.0000 2560.7529   10.5985
    7.5000   15.0000  -30.0000 2540.2480   10.7177
   -7.5000   22.5000  -30.0000 2508.3997   11.0256
    0.0000   22.5000  -30.0000 2542.5835   10.8539
    7.5000   22.5000  -30.0000 2515.4102   10.9681
   -7.5000   30.0000  -30.0000 2472.9243   11.5467
    0.0000   30.0000  -30.0000 2511.8506   11.3830
    7.5000   30.0000  -30.0000 2484.5229   11.4860
   -7.5000   37.5000  -30.0000 2414.3333   12.3264
    0.0000   37.5000  -30.0000 2449.8804   12.1548
    7.5000   37.5000  -30.0000 2429.5251   12.2828
   -7.5000   45.0000  -30.0000 2334.0325   13.2999
    0.0000   45.0000  -30.0000 2372.4397   13.1041
    7.5000   45.0000  -30.0000 2355.1470   13.2652
   -7.5000  -45.0000  -22.5000 2089.4233   16.8004
    0.0000  -45.0000  -22.5000 2109.8926   16.7096
    7.5000  -45.0000  -22.5000 2076.8572   16.9503
   -7.5000  -37.5000  -22.5000 2226.5198   15.2014
    0.0000  -37.5000  -22.5000 2244.7800   15.0787
    7.5000  -37.5000  -22.5000 2213.6321   15.2576
   -7.5000  -30.0000  -22.5000 2340.1750   13.7782
    0.0000  -30.0000  -22.5000 2356.4409   13.6484
    7.5000  -30.0000  -22.5000 2332.0679   13.7843
   -7.5000  -22.5000  -22.5000 2442.2866   12.5141
    0.0000  -22.5000  -22.5000 2451.0740   12.3687
    7.5000  -22.5000  -22.5000 2432.2292   12.5297
   -7.5000  -15.0000  -22.5000 2532.3291   11.5069
    0.0000  -15.0000  -22.5000 2539.9717   11.3660
    7.5000  -15.0000  -22.5000 2523.3374   11.5198
   -7.5000   -7.5000  -22.5000 2596.3159   10.8164
    0.0000   -7.5000  -22.5000 2604.8596   10.6561
    7.5000   -7.5000  -22.5000 2593.2456   10.8172
   -7.5000    0.0000  -22.5000 2640.0056   10.3900
    0.0000    0.0000  -22.5000 2654.1079   10.2403
    7.5000    0.0000  -22.5000 2636.1746   10.3748
   -7.5000    7.5000  -22.5000 2663.4756   10.1994
    0.0000    7.5000  -22.5000 2687.7354   10.0567
    7.5000    7.5000  -22.5000 2660.2229   10.1853
   -7.5000   15.0000  -22.5000 2663.4946   10.1914
    0.0000   15.0000  -22.5000 2692.2817   10.0464
    7.5000   15.0000  -22.5000 2662.2175   10.1627
   -7.5000   22.5000  -22.5000 2635.5249   10.4470
    0.0000   22.5000  -22.5000 2675.6003   10.2810
    7.5000   22.5000  -22.5000 2641.7109   10.3828
   -7.5000   30.0000  -22.5000 2594.0950   10.9506
    0.0000   30.0000  -22.5000 2634.0386   10.7849
    7.5000   30.0000  -22.5000 2603.2920   10.8955
   -7.5000   37.5000  -22.5000 2529.0315   11.6825
    0.0000   37.5000  -22.5000 2566.0525   11.5110
    7.5000   37.5000  -22.5000 2546.0916   11.6454
   -7.5000   45.0000  -22.5000 2440.1150   12.6106
    0.0000   45.0000  -22.5000 2480.8589   12.4125
    7.5000   45.0000  -22.5000 2460.1909   12.5929
   -7.5000  -45.0000  -15.0000 2128.4795   16.3182
    0.0000  -45.0000  -15.0000 2146.9417   16.2401
    7.5000  -45.0000  -15.0000 2117.6543   16.4901
   -7.5000  -37.5000  -15.0000 2266.2441   14.7246
    0.0000  -37.5000  -15.0000 2285.4531   14.6141
    7.5000  -37.5000  -15.0000 2262.2100   14.8279
   -7.5000  -30.0000  -15.0000 2382.6912   13.3312
    0.0000  -30.0000  -15.0000 2401.1826   13.2040
    7.5000  -30.0000  -15.0000 2380.8059   13.3757
   -7.5000  -22.5000  -15.0000 2480.6216   12.0477
    0.0000  -22.5000  -15.0000 2494.6865   11.9170
    7.5000  -22.5000  -15.0000 2477.3809   12.0674
   -7.5000  -15.0000  -15.0000 2569.1865   11.0038
    0.0000  -15.0000  -15.0000 2585.4106   10.8823
    7.5000  -15.0000  -15.0000 2566.8340   11.0128
   -7.5000   -7.5000  -15.0000 2643.3347   10.2998
    0.0000   -7.5000  -15.0000 2659.6140   10.1583
    7.5000   -7.5000  -15.0000 2647.3103   10.3020
   -7.5000    0.0000  -15.0000 2700.8650    9.8621
    0.0000    0.0000  -15.0000 2722.2258    9.7191
    7.5000    0.0000  -15.0000 2705.9995    9.8582
   -7.5000    7.5000  -15.0000 2737.1101    9.6732
    0.0000    7.5000  -15.0000 2777.5210    9.5153
    7.5000    7.5000  -15.0000 2741.3486    9.6397
   -7.5000   15.0000  -15.0000 2747.0703    9.6780
    0.0000   15.0000  -15.0000 2792.6133    9.5161
    7.5000   15.0000  -15.0000 2756.3191    9.6355
   -7.5000   22.5000  -15.0000 2728.9399    9.9312
    0.0000   22.5000  -15.0000 2780.6194    9.7577
    7.5000   22.5000  -15.0000 2745.4473    9.8635
   -7.5000   30.0000  -15.0000 2681.8481   10.4241
    0.0000   30.0000  -15.0000 2730.8115   10.2453
    7.5000   30.0000  -15.0000 2700.5847   10.3603
   -7.5000   37.5000  -15.0000 2607.7097   11.0997
    0.0000   37.5000  -15.0000 2651.1636   10.9117
    7.5000   37.5000  -15.0000 2630.4438   11.0477
   -7.5000   45.0000  -15.0000 2514.1699   12.0124
    0.0000   45.0000  -15.0000 2558.0088   11.8012
    7.5000   45.0000  -15.0000 2537.4822   11.9753
   -7.5000  -45.0000   -7.5000 2145.5669   15.9164
    0.0000  -45.0000   -7.5000 2161.8750   15.8163
    7.5000  -45.0000   -7.5000 2136.5093   16.1048
   -7.5000  -37.5000   -7.5000 2284.7468   14.3479
    0.0000  -37.5000   -7.5000 2305.4993   14.2465
    7.5000  -37.5000   -7.5000 2278.1675   14.4608
   -7.5000  -30.0000   -7.5000 2400.0662   12.9394
    0.0000  -30.0000   -7.5000 2414.7056   12.8319
    7.5000  -30.0000   -7.5000 2395.3948   13.0289
   -7.5000  -22.5000   -7.5000 2491.9070   11.6290
    0.0000  -22.5000   -7.5000 2505.0029   11.4961
    7.5000  -22.5000   -7.5000 2491.6807   11.6814
   -7.5000  -15.0000   -7.5000 2585.0981   10.5706
    0.0000  -15.0000   -7.5000 2601.3269   10.4382
    7.5000  -15.0000   -7.5000 2585.5757   10.6054
   -7.5000   -7.5000   -7.5000 2675.3179    9.8547
    0.0000   -7.5000   -7.5000 2694.8835    9.6877
    7.5000   -7.5000   -7.5000 2679.5178    9.8618
   -7.5000    0.0000   -7.5000 2740.3301    9.4324
    0.0000    0.0000   -7.5000 2772.5413    9.2622
    7.5000    0.0000   -7.5000 2747.4072    9.4159
   -7.5000    7.5000   -7.5000 2782.9343    9.2195
    0.0000    7.5000   -7.5000 2833.2146    9.0413
    7.5000    7.5000   -7.5000 2796.5176    9.2088
   -7.5000   15.0000   -7.5000 2807.1387    9.2304
    0.0000   15.0000   -7.5000 2865.2166    9.0262
    7.5000   15.0000   -7.5000 2823.7476    9.1978
   -7.5000   22.5000   -7.5000 2799.1682    9.4826
    0.0000   22.5000   -7.5000 2860.5181    9.2708
    7.5000   22.5000   -7.5000 2822.5920    9.4219
   -7.5000   30.0000   -7.5000 2749.8508    9.9705
    0.0000   30.0000   -7.5000 2805.2593    9.7511
    7.5000   30.0000   -7.5000 2777.6401    9.9045
   -7.5000   37.5000   -7.5000 2667.2622   10.6132
    0.0000   37.5000   -7.5000 2712.1646   10.3961
    7.5000   37.5000   -7.5000 2696.7859   10.5624
   -7.5000   45.0000   -7.5000 2570.6062   11.5079
    0.0000   45.0000   -7.5000 2606.2966   11.2811
    7.5000   45.0000   -7.5000 2588.8958   11.4719
   -7.5000  -45.0000    0.0000 2147.8479   15.7972
    0.0000  -45.0000    0.0000 2165.7249   15.6363
    7.5000  -45.0000    0.0000 2144.7876   15.9696
   -7.5000  -37.5000    0.0000 2285.0920   14.1920
    0.0000  -37.5000    0.0000 2305.3726   14.0693
    7.5000  -37.5000    0.0000 2280.9724   14.3258
   -7.5000  -30.0000    0.0000 2394.6772   12.7611
    0.0000  -30.0000    0.0000 2410.2244   12.5925
    7.5000  -30.0000    0.0000 2391.5620   12.8381
   -7.5000  -22.5000    0.0000 2487.1453   11.4132
    0.0000  -22.5000    0.0000 2502.0989   11.2118
    7.5000  -22.5000    0.0000 2486.6428   11.4678
   -7.5000  -15.0000    0.0000 2588.2690   10.3494
    0.0000  -15.0000    0.0000 2606.1758   10.1479
    7.5000  -15.0000    0.0000 2589.1799   10.3886
   -7.5000   -7.5000    0.0000 2692.2336    9.6301
    0.0000   -7.5000    0.0000 2713.7466    9.4205
    7.5000   -7.5000    0.0000 2696.2971    9.6446
   -7.5000    0.0000    0.0000 2763.4324    9.2121
    0.0000    0.0000    0.0000 2795.9983    9.0035
    7.5000    0.0000    0.0000 2776.6990    9.2128
   -7.5000    7.5000    0.0000 2814.7036    9.0139
    0.0000    7.5000    0.0000 2867.2192    8.8039
    7.5000    7.5000    0.0000 2839.7847    9.0351
   -7.5000   15.0000    0.0000 2849.8650    9.0216
    0.0000   15.0000    0.0000 2911.5278    8.7357
    7.5000   15.0000    0.0000 2875.7244    8.9946
   -7.5000   22.5000    0.0000 2848.4890    9.2165
    0.0000   22.5000    0.0000 2905.5168    8.9355
    7.5000   22.5000    0.0000 2873.9556    9.1668
   -7.5000   30.0000    0.0000 2799.5969    9.6588
    0.0000   30.0000    0.0000 2850.0513    9.4092
    7.5000   30.0000    0.0000 2826.6003    9.5920
   -7.5000   37.5000    0.0000 2717.2939   10.3076
    0.0000   37.5000    0.0000 2758.1863   10.0546
    7.5000   37.5000    0.0000 2740.5112   10.2457
   -7.5000   45.0000    0.0000 2612.6355   11.1957
    0.0000   45.0000    0.0000 2642.5110   10.9402
    7.5000   45.0000    0.0000 2626.6079   11.1357
   -7.5000  -45.0000    7.5000 2142.1541   15.9680
    0.0000  -45.0000    7.5000 2156.9441   15.7785
    7.5000  -45.0000    7.5000 2138.3401   16.1154
   -7.5000  -37.5000    7.5000 2277.2297   14.2879
    0.0000  -37.5000    7.5000 2291.8652   14.1296
    7.5000  -37.5000    7.5000 2272.1550   14.4135
   -7.5000  -30.0000    7.5000 2385.3450   12.7793
    0.0000  -30.0000    7.5000 2399.1841   12.5621
    7.5000  -30.0000    7.5000 2380.7104   12.8544
   -7.5000  -22.5000    7.5000 2478.5874   11.3754
    0.0000  -22.5000    7.5000 2492.8164   11.1348
    7.5000  -22.5000    7.5000 2476.5554   11.4260
   -7.5000  -15.0000    7.5000 2589.4927   10.3327
    0.0000  -15.0000    7.5000 2601.3306   10.0644
    7.5000  -15.0000    7.5000 2587.1545   10.3462
   -7.5000   -7.5000    7.5000 2698.5623    9.6225
    0.0000   -7.5000    7.5000 2713.7026    9.3610
    7.5000   -7.5000    7.5000 2702.7920    9.6342
   -7.5000    0.0000    7.5000 2787.5134    9.2145
    0.0000    0.0000    7.5000 2814.4746    8.9713
    7.5000    0.0000    7.5000 2799.6729    9.2305
   -7.5000    7.5000    7.5000 2849.9617    9.0300
    0.0000    7.5000    7.5000 2899.2046    8.8120
    7.5000    7.5000    7.5000 2870.9714    9.0550
   -7.5000   15.0000    7.5000 2886.3215    9.0259
    0.0000   15.0000    7.5000 2952.4346    8.7889
    7.5000   15.0000    7.5000 2911.3140    9.0016
   -7.5000   22.5000    7.5000 2883.3987    9.1372
    0.0000   22.5000    7.5000 2943.5027    8.8786
    7.5000   22.5000    7.5000 2902.6426    9.0702
   -7.5000   30.0000    7.5000 2830.6843    9.4822
    0.0000   30.0000    7.5000 2879.0562    9.2470
    7.5000   30.0000    7.5000 2848.3154    9.3938
   -7.5000   37.5000    7.5000 2749.0227   10.1295
    0.0000   37.5000    7.5000 2785.7056    9.8842
    7.5000   37.5000    7.5000 2763.0837   10.0293
   -7.5000   45.0000    7.5000 2638.5242   11.0514
    0.0000   45.0000    7.5000 2667.6042   10.8284
    7.5000   45.0000    7.5000 2652.4326   10.9701
   -7.5000  -45.0000   15.0000 2126.9487   16.3172
    0.0000  -45.0000   15.0000 2136.4177   16.0475
    7.5000  -45.0000   15.0000 2116.4541   16.4765
   -7.5000  -37.5000   15.0000 2260.4709   14.6048
    0.0000  -37.5000   15.0000 2270.0857   14.3096
    7.5000  -37.5000   15.0000 2253.0210   14.7185
   -7.5000  -30.0000   15.0000 2364.3767   13.0241
    0.0000  -30.0000   15.0000 2371.5806   12.7139
    7.5000  -30.0000   15.0000 2359.6257   13.0953
   -7.5000  -22.5000   15.0000 2461.7251   11.5916
    0.0000  -22.5000   15.0000 2469.0461   11.3110
    7.5000  -22.5000   15.0000 2456.5938   11.6507
   -7.5000  -15.0000   15.0000 2574.5305   10.5474
    0.0000  -15.0000   15.0000 2584.4448   10.2898
    7.5000  -15.0000   15.0000 2567.7769   10.5810
   -7.5000   -7.5000   15.0000 2684.4316    9.7991
    0.0000   -7.5000   15.0000 2701.2717    9.5816
    7.5000   -7.5000   15.0000 2681.0505    9.8398
   -7.5000    0.0000   15.0000 2781.1523    9.3523
    0.0000    0.0000   15.0000 2819.3057    9.1719
    7.5000    0.0000   15.0000 2785.1985    9.3990
   -7.5000    7.5000   15.0000 2855.1973    9.1367
    0.0000    7.5000   15.0000 2913.8574    8.9912
    7.5000    7.5000   15.0000 2863.8098    9.1734
   -7.5000   15.0000   15.0000 2896.4470    9.0800
    0.0000   15.0000   15.0000 2974.7124    8.9245
    7.5000   15.0000   15.0000 2906.2256    9.0768
   -7.5000   22.5000   15.0000 2882.1145    9.1733
    0.0000   22.5000   15.0000 2948.9426    8.9897
    7.5000   22.5000   15.0000 2893.3281    9.1002
   -7.5000   30.0000   15.0000 2821.9375    9.5135
    0.0000   30.0000   15.0000 2870.3745    9.3553
    7.5000   30.0000   15.0000 2834.0762    9.4569
   -7.5000   37.5000   15.0000 2745.4634   10.1466
    0.0000   37.5000   15.0000 2778.2266    9.9806
    7.5000   37.5000   15.0000 2757.6155   10.0966
   -7.5000   45.0000   15.0000 2638.0930   11.0298
    0.0000   45.0000   15.0000 2664.4561   10.8546
    7.5000   45.0000   15.0000 2650.5295   10.9946
   -7.5000  -45.0000   22.5000 2104.6128   16.8303
    0.0000  -45.0000   22.5000 2117.4070   16.6412
    7.5000  -45.0000   22.5000 2089.6394   17.0004
   -7.5000  -37.5000   22.5000 2238.4529   15.0292
    0.0000  -37.5000   22.5000 2251.7239   14.8023
    7.5000  -37.5000   22.5000 2222.4873   15.1707
   -7.5000  -30.0000   22.5000 2342.8982   13.4075
    0.0000  -30.0000   22.5000 2355.5881   13.1765
    7.5000  -30.0000   22.5000 2330.5317   13.4969
   -7.5000  -22.5000   22.5000 2444.2737   11.9634
    0.0000  -22.5000   22.5000 2459.8623   11.7436
    7.5000  -22.5000   22.5000 2436.2979   12.0143
   -7.5000  -15.0000   22.5000 2557.9487   10.8907
    0.0000  -15.0000   22.5000 2573.7808   10.6787
    7.5000  -15.0000   22.5000 2549.8296   10.9315
   -7.5000   -7.5000   22.5000 2662.2278   10.1268
    0.0000   -7.5000   22.5000 2684.1277    9.9226
    7.5000   -7.5000   22.5000 2658.4048   10.1720
   -7.5000    0.0000   22.5000 2763.3269    9.6369
    0.0000    0.0000   22.5000 2797.0403    9.4660
    7.5000    0.0000   22.5000 2764.1199    9.6657
   -7.5000    7.5000   22.5000 2826.0471    9.3583
    0.0000    7.5000   22.5000 2873.1316    9.2021
    7.5000    7.5000   22.5000 2834.7773    9.3781
   -7.5000   15.0000   22.5000 2861.2527    9.2188
    0.0000   15.0000   22.5000 2920.2588    9.0301
    7.5000   15.0000   22.5000 2866.2141    9.1859
   -7.5000   22.5000   22.5000 2846.9556    9.3180
    0.0000   22.5000   22.5000 2905.6812    9.1612
    7.5000   22.5000   22.5000 2856.7764    9.2668
   -7.5000   30.0000   22.5000 2793.1794    9.7656
    0.0000   30.0000   22.5000 2840.3760    9.6439
    7.5000   30.0000   22.5000 2806.0361    9.7342
   -7.5000   37.5000   22.5000 2718.2605   10.4348
    0.0000   37.5000   22.5000 2749.7197   10.3115
    7.5000   37.5000   22.5000 2727.6726   10.4192
   -7.5000   45.0000   22.5000 2613.1978   11.2970
    0.0000   45.0000   22.5000 2637.6377   11.1847
    7.5000   45.0000   22.5000 2627.0596   11.3084
   -7.5000  -45.0000   30.0000 2069.7202   17.3903
    0.0000  -45.0000   30.0000 2082.3577   17.2046
    7.5000  -45.0000   30.0000 2056.2493   17.6034
   -7.5000  -37.5000   30.0000 2207.2800   15.5489
    0.0000  -37.5000   30.0000 2218.8723   15.3243
    7.5000  -37.5000   30.0000 2191.1943   15.6624
   -7.5000  -30.0000   30.0000 2322.4465   13.8991
    0.0000  -30.0000   30.0000 2334.4868   13.6865
    7.5000  -30.0000   30.0000 2304.1880   13.9706
   -7.5000  -22.5000   30.0000 2425.4016   12.4508
    0.0000  -22.5000   30.0000 2439.8005   12.2501
    7.5000  -22.5000   30.0000 2411.5803   12.4826
   -7.5000  -15.0000   30.0000 2534.6707   11.3590
    0.0000  -15.0000   30.0000 2554.5149   11.1518
    7.5000  -15.0000   30.0000 2528.3516   11.3979
   -7.5000   -7.5000   30.0000 2633.9648   10.5880
    0.0000   -7.5000   30.0000 2662.1343   10.3883
    7.5000   -7.5000   30.0000 2633.8047   10.6215
   -7.5000    0.0000   30.0000 2716.4810   10.0622
    0.0000    0.0000   30.0000 2751.3184    9.8735
    7.5000    0.0000   30.0000 2722.0671   10.0907
   -7.5000    7.5000   30.0000 2773.3730    9.7504
    0.0000    7.5000   30.0000 2811.5317    9.5458
    7.5000    7.5000   30.0000 2782.7136    9.7368
   -7.5000   15.0000   30.0000 2794.1926    9.5695
    0.0000   15.0000   30.0000 2834.4932    9.3642
    7.5000   15.0000   30.0000 2802.0752    9.5315
   -7.5000   22.5000   30.0000 2784.6003    9.6791
    0.0000   22.5000   30.0000 2830.6140    9.5262
    7.5000   22.5000   30.0000 2796.6187    9.6642
   -7.5000   30.0000   30.0000 2740.8647   10.1589
    0.0000   30.0000   30.0000 2784.6384   10.0193
    7.5000   30.0000   30.0000 2752.5591   10.1387
   -7.5000   37.5000   30.0000 2668.8538   10.8372
    0.0000   37.5000   30.0000 2701.1306   10.6904
    7.5000   37.5000   30.0000 2678.7349   10.8077
   -7.5000   45.0000   30.0000 2569.7021   11.7023
    0.0000   45.0000   30.0000 2599.7476   11.5506
    7.5000   45.0000   30.0000 2582.0493   11.6938
   -7.5000  -45.0000   37.5000 2027.4167   18.0347
    0.0000  -45.0000   37.5000 2041.5774   17.8356
    7.5000  -45.0000   37.5000 2015.9497   18.2299
   -7.5000  -37.5000   37.5000 2169.0000   16.1221
    0.0000  -37.5000   37.5000 2178.5696   15.9059
    7.5000  -37.5000   37.5000 2152.6902   16.2253
   -7.5000  -30.0000   37.5000 2288.8938   14.4364
    0.0000  -30.0000   37.5000 2302.7097   14.2547
    7.5000  -30.0000   37.5000 2272.1458   14.5049
   -7.5000  -22.5000   37.5000 2399.5149   13.0262
    0.0000  -22.5000   37.5000 2417.9805   12.8258
    7.5000  -22.5000   37.5000 2385.6829   13.0296
   -7.5000  -15.0000   37.5000 2503.3540   11.9289
    0.0000  -15.0000   37.5000 2528.7427   11.7252
    7.5000  -15.0000   37.5000 2496.8108   11.9438
   -7.5000   -7.5000   37.5000 2603.2004   11.1453
    0.0000   -7.5000   37.5000 2631.5662   10.9503
    7.5000   -7.5000   37.5000 2599.0059   11.1499
   -7.5000    0.0000   37.5000 2669.4958   10.6043
    0.0000    0.0000   37.5000 2700.5366   10.4094
    7.5000    0.0000   37.5000 2670.8940   10.6138
   -7.5000    7.5000   37.5000 2708.8906   10.2588
    0.0000    7.5000   37.5000 2742.8176   10.0382
    7.5000    7.5000   37.5000 2714.4241   10.2263
   -7.5000   15.0000   37.5000 2716.4106   10.0759
    0.0000   15.0000   37.5000 2752.4661    9.9013
    7.5000   15.0000   37.5000 2726.9739   10.0826
   -7.5000   22.5000   37.5000 2705.9548   10.2130
    0.0000   22.5000   37.5000 2749.0398   10.0610
    7.5000   22.5000   37.5000 2721.7844   10.2147
   -7.5000   30.0000   37.5000 2667.6328   10.7002
    0.0000   30.0000   37.5000 2706.8950   10.5470
    7.5000   30.0000   37.5000 2679.6453   10.6834
   -7.5000   37.5000   37.5000 2602.1460   11.3764
    0.0000   37.5000   37.5000 2632.7307   11.2265
    7.5000   37.5000   37.5000 2613.7593   11.3485
   -7.5000   45.0000   37.5000 2511.5037   12.2197
    0.0000   45.0000   37.5000 2545.4260   12.0479
    7.5000   45.0000   37.5000 2528.5032   12.1947
   -7.5000  -45.0000   45.0000 1982.1431   18.7651
    0.0000  -45.0000   45.0000 1996.8474   18.5956
    7.5000  -45.0000   45.0000 1968.2253   18.9754
   -7.5000  -37.5000   45.0000 2122.2390   16.7879
    0.0000  -37.5000   45.0000 2134.8572   16.6291
    7.5000  -37.5000   45.0000 2102.5891   16.8949
   -7.5000  -30.0000   45.0000 2243.4983   15.1050
    0.0000  -30.0000   45.0000 2263.4583   14.9453
    7.5000  -30.0000   45.0000 2228.8201   15.1640
   -7.5000  -22.5000   45.0000 2356.9695   13.6881
    0.0000  -22.5000   45.0000 2380.9119   13.4945
    7.5000  -22.5000   45.0000 2345.9795   13.6670
   -7.5000  -15.0000   45.0000 2458.2520   12.5890
    0.0000  -15.0000   45.0000 2481.3884   12.4151
    7.5000  -15.0000   45.0000 2452.3960   12.6032
   -7.5000   -7.5000   45.0000 2547.7983   11.8061
    0.0000   -7.5000   45.0000 2576.5205   11.6215
    7.5000   -7.5000   45.0000 2547.9832   11.8166
   -7.5000    0.0000   45.0000 2606.1997   11.2419
    0.0000    0.0000   45.0000 2634.1548   11.0564
    7.5000    0.0000   45.0000 2607.0254   11.2428
   -7.5000    7.5000   45.0000 2633.7920   10.8751
    0.0000    7.5000   45.0000 2670.6448   10.7094
    7.5000    7.5000   45.0000 2639.1453   10.8704
   -7.5000   15.0000   45.0000 2636.8669   10.7192
    0.0000   15.0000   45.0000 2670.6716   10.5752
    7.5000   15.0000   45.0000 2644.8267   10.7486
   -7.5000   22.5000   45.0000 2618.6917   10.8846
    0.0000   22.5000   45.0000 2659.6069   10.7353
    7.5000   22.5000   45.0000 2635.8535   10.8916
   -7.5000   30.0000   45.0000 2582.7583   11.3389
    0.0000   30.0000   45.0000 2618.6963   11.2157
    7.5000   30.0000   45.0000 2595.3242   11.3409
   -7.5000   37.5000   45.0000 2522.6960   12.0063
    0.0000   37.5000   45.0000 2551.6030   11.8826
    7.5000   37.5000   45.0000 2535.1147   12.0033
   -7.5000   45.0000   45.0000 2441.2441   12.8170
    0.0000   45.0000   45.0000 2468.2129   12.6672
    7.5000   45.0000   45.0000 2455.5769   12.8233

---------------------------------------------------------------------
imgreg_4dfp /opt/freesurfer/average/711-2C_as_mni_average_305 /opt/freesurfer/average/711-2B_as_mni_average_305_mask talsrcimg_g11 none talsrcimg_to_711-2C_as_mni_average_305_t4 1283
---------------------------------------------------------------------

freesurfer imgreg_4dfp.c
/opt/freesurfer/average/711-2C_as_mni_average_305.4dfp.img
       256       256       256         1
  1.000000  1.000000  1.000000
orientation T byte_order littleendian
Reading image: /opt/freesurfer/average/711-2C_as_mni_average_305.4dfp.img
dimensions:      256       256       256
mmppix:       1.0000   -1.0000   -1.0000
center:     128.0000 -129.0000 -129.0000
/opt/freesurfer/average/711-2B_as_mni_average_305_mask.4dfp.img
       256       256       256         1
  1.000000  1.000000  1.000000
orientation T byte_order littleendian
Reading mask: /opt/freesurfer/average/711-2B_as_mni_average_305_mask.4dfp.img (2306576 pixels)
talsrcimg_g11.4dfp.img
       256       256       256         1
  1.000000  1.000000  1.000000
orientation T byte_order littleendian
Reading image: talsrcimg_g11.4dfp.img
dimensions:      256       256       256
mmppix:       1.0000   -1.0000   -1.0000
center:     128.0000 -129.0000 -129.0000
rotation matrix determinant  1.000000
fimgreg.f
image alignment mode   1283 decimal      503 hex
parameters
    0.0000   15.0000   15.0000    0.0000    0.0000    0.0000
eta,q 0.93451  8.93775
niter,ni,del,rscale     5    3   12.0000    1.2000
parameters
    0.4692   16.1692   13.1127   -1.5199    0.7799   -1.4373
eta,q 0.93724  8.88625
  0.0848  0.0808  0.0680  0.0675  0.0699  0.0677
  0.0765  0.0764  0.0654  0.0663  0.0671  0.0647
  0.0704  0.0702  0.0644  0.0638  0.0655  0.0629
  0.0663  0.0655  0.0650  0.0643  0.0636  0.0633
  0.0669  0.0657  0.0677  0.0668  0.0633  0.0660
  0.0711  0.0688  0.0718  0.0701  0.0646  0.0700
  0.0815  0.0739  0.0767  0.0733  0.0681  0.0743
niter,ni,del,rscale     4    3   12.0000    1.2000
parameters
    0.2137   16.7074   12.9702   -2.7407    0.5021   -1.9118
eta,q 0.93702  8.88713
  0.0788  0.0764  0.0698  0.0658  0.0682  0.0686
  0.0702  0.0713  0.0656  0.0654  0.0655  0.0658
  0.0643  0.0661  0.0630  0.0636  0.0641  0.0637
  0.0628  0.0627  0.0625  0.0625  0.0628  0.0630
  0.0652  0.0639  0.0638  0.0644  0.0631  0.0641
  0.0706  0.0680  0.0661  0.0675  0.0654  0.0670
  0.0830  0.0730  0.0703  0.0708  0.0705  0.0710
niter,ni,del,rscale     3    3   12.0000    1.2000
parameters
    0.1718   17.0815   12.7939   -3.5058    0.4146   -2.0534
eta,q 0.93659  8.88914
  0.0794  0.0754  0.0701  0.0663  0.0689  0.0688
  0.0706  0.0704  0.0655  0.0655  0.0657  0.0661
  0.0650  0.0659  0.0632  0.0645  0.0643  0.0641
  0.0630  0.0630  0.0628  0.0628  0.0633  0.0634
  0.0650  0.0639  0.0641  0.0636  0.0633  0.0640
  0.0695  0.0681  0.0666  0.0666  0.0653  0.0662
  0.0809  0.0733  0.0704  0.0696  0.0701  0.0696
niter,ni,del,rscale     2    3   12.0000    1.2000
parameters
    0.1567   17.2744   12.6559   -3.8281    0.3875   -2.0658
eta,q 0.93641  8.88794
  0.0797  0.0744  0.0708  0.0670  0.0692  0.0688
  0.0709  0.0696  0.0659  0.0656  0.0658  0.0662
  0.0655  0.0657  0.0635  0.0650  0.0644  0.0643
  0.0634  0.0634  0.0633  0.0633  0.0636  0.0636
  0.0654  0.0642  0.0644  0.0630  0.0634  0.0641
  0.0697  0.0682  0.0670  0.0658  0.0654  0.0660
  0.0808  0.0737  0.0709  0.0690  0.0700  0.0691
niter,ni,del,rscale     1    3   12.0000    1.2000
parameters
    0.1606   17.3445   12.5960   -3.9321    0.3800   -2.0546
eta,q 0.93636  8.88772
  0.0799  0.0739  0.0713  0.0673  0.0693  0.0688
  0.0710  0.0691  0.0662  0.0657  0.0658  0.0662
  0.0657  0.0655  0.0637  0.0651  0.0645  0.0643
  0.0636  0.0636  0.0636  0.0635  0.0636  0.0636
  0.0655  0.0644  0.0645  0.0629  0.0635  0.0641
  0.0698  0.0684  0.0670  0.0655  0.0653  0.0659
  0.0808  0.0740  0.0710  0.0687  0.0700  0.0690
registration optimization eta report
parameter search radius
    6.0000    6.0000    6.0000    6.0000    6.0000    6.0000
100000*second partial in parameter space
       46.       28.       22.       12.       17.       15.
  0.0799  0.0739  0.0713  0.0673  0.0693  0.0688
  0.0710  0.0691  0.0662  0.0657  0.0658  0.0662
  0.0657  0.0655  0.0637  0.0651  0.0645  0.0643
  0.0636  0.0636  0.0636  0.0635  0.0636  0.0636
  0.0655  0.0644  0.0645  0.0629  0.0635  0.0641
  0.0698  0.0684  0.0670  0.0655  0.0653  0.0659
  0.0808  0.0740  0.0710  0.0687  0.0700  0.0690
    0.1606   17.3445   12.5960   -3.9321    0.3800   -2.0546
eta,q 0.93636  8.88772

---------------------------------------------------------------------
imgreg_4dfp /opt/freesurfer/average/711-2C_as_mni_average_305 /opt/freesurfer/average/711-2B_as_mni_average_305_mask talsrcimg_g11 none talsrcimg_to_711-2C_as_mni_average_305_t4 3335
---------------------------------------------------------------------

freesurfer imgreg_4dfp.c
/opt/freesurfer/average/711-2C_as_mni_average_305.4dfp.img
       256       256       256         1
  1.000000  1.000000  1.000000
orientation T byte_order littleendian
Reading image: /opt/freesurfer/average/711-2C_as_mni_average_305.4dfp.img
dimensions:      256       256       256
mmppix:       1.0000   -1.0000   -1.0000
center:     128.0000 -129.0000 -129.0000
/opt/freesurfer/average/711-2B_as_mni_average_305_mask.4dfp.img
       256       256       256         1
  1.000000  1.000000  1.000000
orientation T byte_order littleendian
Reading mask: /opt/freesurfer/average/711-2B_as_mni_average_305_mask.4dfp.img (2306576 pixels)
talsrcimg_g11.4dfp.img
       256       256       256         1
  1.000000  1.000000  1.000000
orientation T byte_order littleendian
Reading image: talsrcimg_g11.4dfp.img
dimensions:      256       256       256
mmppix:       1.0000   -1.0000   -1.0000
center:     128.0000 -129.0000 -129.0000
fimgreg.f
image alignment mode   3335 decimal      D07 hex
parameters
    0.1606   17.3445   12.5960   -0.0665   -0.3012   -0.2376
    3.6222   -0.4154   -3.5851    6.8767    0.6632   -6.8572
eta,q 0.93935  8.95891
niter,ni,del,rscale     5    3    5.0000    1.2000
parameter  4  3.389870 ->  0.500000 qaram    1.1500
parameter  9 -0.552381 -> -0.500000 qaram    1.1500
parameter 12  0.689502 ->  0.500000 qaram    1.1500
parameters
    0.1342   16.9696   13.0395   -4.2065   -3.4237   -1.7491
    4.2116    0.7029    0.5549    4.1757    0.3960  -10.9972
eta,q 0.94834  8.67730
  0.0641  0.0619  0.0629  0.0490  0.0537  0.0552  0.0566  0.0603  0.0560  0.0529  0.0536  0.0518
  0.0622  0.0611  0.0618  0.0523  0.0531  0.0540  0.0547  0.0567  0.0547  0.0524  0.0528  0.0516
  0.0610  0.0606  0.0610  0.0562  0.0530  0.0532  0.0535  0.0542  0.0537  0.0522  0.0524  0.0518
  0.0606  0.0606  0.0606  0.0605  0.0534  0.0530  0.0530  0.0530  0.0529  0.0524  0.0523  0.0523
  0.0612  0.0611  0.0605  0.0659  0.0545  0.0538  0.0532  0.0531  0.0524  0.0532  0.0525  0.0530
  0.0625  0.0619  0.0609  0.0714  0.0562  0.0560  0.0541  0.0544  0.0524  0.0548  0.0530  0.0539
  0.0641  0.0630  0.0617  0.0764  0.0586  0.0592  0.0555  0.0568  0.0528  0.0569  0.0538  0.0551
niter,ni,del,rscale     7    3    5.0000    1.2000
parameter  4  1.282246 ->  0.500000 qaram    1.3225
parameters
    0.2050   17.4703   12.7998   -8.9675   -1.5918    0.2481
    3.4943    0.6781    0.5952    5.1061    0.4929  -12.3781
eta,q 0.95464  8.68040
  0.0552  0.0540  0.0528  0.0446  0.0500  0.0500  0.0486  0.0519  0.0480  0.0484  0.0471  0.0466
  0.0532  0.0528  0.0521  0.0460  0.0483  0.0484  0.0468  0.0486  0.0467  0.0470  0.0462  0.0458
  0.0520  0.0520  0.0517  0.0480  0.0471  0.0471  0.0457  0.0464  0.0459  0.0462  0.0456  0.0454
  0.0517  0.0517  0.0516  0.0516  0.0464  0.0462  0.0456  0.0456  0.0456  0.0456  0.0454  0.0454
  0.0519  0.0516  0.0519  0.0556  0.0461  0.0456  0.0464  0.0464  0.0458  0.0454  0.0456  0.0458
  0.0529  0.0519  0.0525  0.0607  0.0464  0.0459  0.0479  0.0487  0.0466  0.0461  0.0462  0.0466
  0.0548  0.0526  0.0535  0.0669  0.0477  0.0475  0.0500  0.0519  0.0480  0.0473  0.0470  0.0478
niter,ni,del,rscale     7    3    5.0000    1.2000
parameter  4  0.624678 ->  0.500000 qaram    1.5209
parameters
    0.3150   17.6638   12.3103  -14.4427   -0.1698    1.2991
    3.5506    0.6337    0.5974    5.3661    0.4399  -12.7834
eta,q 0.95830  8.67259
  0.0499  0.0479  0.0464  0.0439  0.0459  0.0455  0.0457  0.0478  0.0447  0.0445  0.0431  0.0434
  0.0476  0.0465  0.0457  0.0424  0.0443  0.0442  0.0435  0.0445  0.0431  0.0433  0.0423  0.0424
  0.0460  0.0456  0.0453  0.0433  0.0433  0.0431  0.0422  0.0424  0.0421  0.0423  0.0419  0.0418
  0.0454  0.0454  0.0454  0.0453  0.0424  0.0421  0.0417  0.0417  0.0417  0.0417  0.0417  0.0417
  0.0457  0.0456  0.0458  0.0488  0.0420  0.0416  0.0422  0.0425  0.0421  0.0420  0.0419  0.0420
  0.0470  0.0462  0.0467  0.0538  0.0428  0.0425  0.0435  0.0447  0.0431  0.0429  0.0424  0.0426
  0.0492  0.0471  0.0479  0.0596  0.0441  0.0445  0.0455  0.0479  0.0447  0.0443  0.0431  0.0437
niter,ni,del,rscale     7    3    5.0000    1.2000
parameters
    0.4057   17.9263   12.1172  -15.1614   -0.0156    1.2875
    3.5143    0.6610    0.5744    5.5319    0.3423  -13.2172
eta,q 0.95842  8.66606
  0.0469  0.0447  0.0432  0.0502  0.0446  0.0448  0.0454  0.0477  0.0445  0.0444  0.0429  0.0432
  0.0442  0.0432  0.0423  0.0458  0.0433  0.0437  0.0433  0.0444  0.0430  0.0432  0.0422  0.0423
  0.0424  0.0422  0.0418  0.0428  0.0423  0.0425  0.0420  0.0423  0.0420  0.0422  0.0417  0.0417
  0.0417  0.0417  0.0417  0.0417  0.0416  0.0416  0.0416  0.0416  0.0416  0.0416  0.0416  0.0416
  0.0421  0.0418  0.0420  0.0437  0.0419  0.0417  0.0421  0.0423  0.0420  0.0419  0.0418  0.0419
  0.0437  0.0425  0.0427  0.0471  0.0431  0.0430  0.0435  0.0444  0.0430  0.0428  0.0422  0.0426
  0.0462  0.0436  0.0438  0.0530  0.0446  0.0456  0.0454  0.0475  0.0446  0.0443  0.0430  0.0436
niter,ni,del,rscale     6    3    5.0000    1.2000
parameters
    0.4199   18.0066   12.0945  -15.2485    0.0392    1.3167
    3.5190    0.6751    0.5858    5.6750    0.3107  -13.3734
eta,q 0.95844  8.66805
  0.0465  0.0443  0.0434  0.0511  0.0446  0.0449  0.0454  0.0476  0.0446  0.0443  0.0429  0.0434
  0.0439  0.0429  0.0424  0.0465  0.0433  0.0437  0.0433  0.0443  0.0430  0.0431  0.0421  0.0423
  0.0422  0.0419  0.0418  0.0433  0.0423  0.0425  0.0420  0.0423  0.0420  0.0421  0.0417  0.0417
  0.0416  0.0416  0.0416  0.0416  0.0416  0.0416  0.0416  0.0416  0.0416  0.0416  0.0416  0.0416
  0.0422  0.0419  0.0418  0.0432  0.0419  0.0417  0.0421  0.0423  0.0419  0.0419  0.0417  0.0418
  0.0438  0.0427  0.0424  0.0463  0.0431  0.0430  0.0434  0.0443  0.0430  0.0428  0.0422  0.0425
  0.0464  0.0439  0.0435  0.0517  0.0446  0.0455  0.0453  0.0475  0.0446  0.0443  0.0430  0.0434
niter,ni,del,rscale     5    3    5.0000    1.2000
parameters
    0.4213   18.0317   12.0837  -15.2709    0.0441    1.3268
    3.5198    0.6797    0.5994    5.7309    0.2946  -13.4290
eta,q 0.95844  8.66855
  0.0464  0.0441  0.0434  0.0511  0.0445  0.0449  0.0454  0.0476  0.0445  0.0443  0.0429  0.0434
  0.0438  0.0428  0.0424  0.0466  0.0432  0.0437  0.0433  0.0443  0.0430  0.0431  0.0421  0.0424
  0.0421  0.0419  0.0418  0.0433  0.0422  0.0425  0.0420  0.0422  0.0420  0.0421  0.0417  0.0417
  0.0416  0.0416  0.0416  0.0416  0.0416  0.0416  0.0416  0.0416  0.0416  0.0416  0.0416  0.0416
  0.0421  0.0419  0.0418  0.0431  0.0419  0.0417  0.0421  0.0423  0.0419  0.0419  0.0417  0.0418
  0.0438  0.0427  0.0424  0.0462  0.0432  0.0430  0.0434  0.0443  0.0430  0.0429  0.0422  0.0424
  0.0464  0.0440  0.0434  0.0516  0.0447  0.0455  0.0453  0.0475  0.0446  0.0444  0.0429  0.0434
niter,ni,del,rscale     4    3    5.0000    1.2000
parameters
    0.4218   18.0403   12.0814  -15.2762    0.0401    1.3328
    3.5182    0.6822    0.6076    5.7499    0.2901  -13.4471
eta,q 0.95844  8.66864
  0.0464  0.0441  0.0434  0.0512  0.0445  0.0449  0.0454  0.0476  0.0445  0.0443  0.0429  0.0434
  0.0438  0.0427  0.0424  0.0466  0.0432  0.0437  0.0433  0.0443  0.0430  0.0431  0.0421  0.0424
  0.0421  0.0419  0.0418  0.0433  0.0422  0.0425  0.0420  0.0422  0.0420  0.0421  0.0417  0.0417
  0.0416  0.0416  0.0416  0.0416  0.0416  0.0416  0.0416  0.0416  0.0416  0.0416  0.0416  0.0416
  0.0422  0.0419  0.0418  0.0431  0.0419  0.0417  0.0421  0.0423  0.0419  0.0419  0.0417  0.0418
  0.0438  0.0428  0.0424  0.0462  0.0432  0.0430  0.0434  0.0443  0.0430  0.0429  0.0422  0.0424
  0.0464  0.0440  0.0434  0.0516  0.0447  0.0456  0.0453  0.0475  0.0445  0.0444  0.0429  0.0434
registration optimization eta report
parameter search radius
    2.4000    2.4000    2.4000   10.9503    7.2000    7.2000
    7.2000    7.2000    8.2800    7.2000    7.2000    8.2800
100000*second partial in parameter space
       83.       43.       32.        8.        6.        7.
        7.       11.        4.        5.        3.        3.
  0.0464  0.0441  0.0434  0.0512  0.0445  0.0449  0.0454  0.0476  0.0445  0.0443  0.0429  0.0434
  0.0438  0.0427  0.0424  0.0466  0.0432  0.0437  0.0433  0.0443  0.0430  0.0431  0.0421  0.0424
  0.0421  0.0419  0.0418  0.0433  0.0422  0.0425  0.0420  0.0422  0.0420  0.0421  0.0417  0.0417
  0.0416  0.0416  0.0416  0.0416  0.0416  0.0416  0.0416  0.0416  0.0416  0.0416  0.0416  0.0416
  0.0422  0.0419  0.0418  0.0431  0.0419  0.0417  0.0421  0.0423  0.0419  0.0419  0.0417  0.0418
  0.0438  0.0428  0.0424  0.0462  0.0432  0.0430  0.0434  0.0443  0.0430  0.0429  0.0422  0.0424
  0.0464  0.0440  0.0434  0.0516  0.0447  0.0456  0.0453  0.0475  0.0445  0.0444  0.0429  0.0434
    0.4218   18.0403   12.0814  -15.2762    0.0401    1.3328
    3.5182    0.6822    0.6076    5.7499    0.2901  -13.4471
eta,q 0.95844  8.66864

---------------------------------------------------------------------
imgreg_4dfp /opt/freesurfer/average/711-2C_as_mni_average_305 /opt/freesurfer/average/711-2B_as_mni_average_305_mask talsrcimg_g11 none talsrcimg_to_711-2C_as_mni_average_305_t4 2311
---------------------------------------------------------------------

freesurfer imgreg_4dfp.c
/opt/freesurfer/average/711-2C_as_mni_average_305.4dfp.img
       256       256       256         1
  1.000000  1.000000  1.000000
orientation T byte_order littleendian
Reading image: /opt/freesurfer/average/711-2C_as_mni_average_305.4dfp.img
dimensions:      256       256       256
mmppix:       1.0000   -1.0000   -1.0000
center:     128.0000 -129.0000 -129.0000
/opt/freesurfer/average/711-2B_as_mni_average_305_mask.4dfp.img
       256       256       256         1
  1.000000  1.000000  1.000000
orientation T byte_order littleendian
Reading mask: /opt/freesurfer/average/711-2B_as_mni_average_305_mask.4dfp.img (2306576 pixels)
talsrcimg_g11.4dfp.img
       256       256       256         1
  1.000000  1.000000  1.000000
orientation T byte_order littleendian
Reading image: talsrcimg_g11.4dfp.img
dimensions:      256       256       256
mmppix:       1.0000   -1.0000   -1.0000
center:     128.0000 -129.0000 -129.0000
fimgreg.f
image alignment mode   2311 decimal      907 hex
parameters
    0.4218   18.0403   12.0814  -15.2762    0.0401    1.3328
    3.5182    0.6822    0.6076    5.7499    0.2901  -13.4471
eta,q 0.95844  8.66864
niter,ni,del,rscale     5    3    5.0000    0.8000
parameters
    0.4203   18.0310   12.0898  -15.1361    0.1664    1.9184
    3.4305    0.6213    0.6932    5.8721    0.1681  -13.7241
eta,q 0.95858  8.68588
  0.0438  0.0427  0.0424  0.0442  0.0432  0.0436  0.0432  0.0443  0.0426  0.0430  0.0420  0.0420
  0.0426  0.0421  0.0419  0.0430  0.0425  0.0429  0.0422  0.0427  0.0420  0.0423  0.0417  0.0417
  0.0418  0.0417  0.0417  0.0420  0.0419  0.0421  0.0416  0.0417  0.0416  0.0417  0.0415  0.0415
  0.0416  0.0416  0.0416  0.0416  0.0415  0.0415  0.0414  0.0414  0.0414  0.0414  0.0414  0.0414
  0.0418  0.0417  0.0416  0.0418  0.0417  0.0414  0.0417  0.0418  0.0415  0.0416  0.0415  0.0415
  0.0426  0.0421  0.0419  0.0428  0.0423  0.0420  0.0423  0.0428  0.0419  0.0422  0.0417  0.0418
  0.0438  0.0428  0.0424  0.0440  0.0432  0.0431  0.0433  0.0444  0.0425  0.0429  0.0421  0.0422
niter,ni,del,rscale     4    3    5.0000    0.7000
parameters
    0.4211   18.0685   12.0969  -15.2110    0.1151    2.0783
    3.3953    0.6194    0.7487    5.9719    0.1224  -13.8521
eta,q 0.95860  8.68642
  0.0432  0.0424  0.0421  0.0434  0.0427  0.0431  0.0428  0.0437  0.0423  0.0427  0.0419  0.0419
  0.0422  0.0419  0.0417  0.0425  0.0421  0.0424  0.0420  0.0424  0.0418  0.0421  0.0416  0.0416
  0.0416  0.0415  0.0415  0.0417  0.0417  0.0418  0.0416  0.0417  0.0415  0.0416  0.0415  0.0415
  0.0414  0.0414  0.0414  0.0414  0.0414  0.0414  0.0414  0.0414  0.0414  0.0414  0.0414  0.0414
  0.0416  0.0415  0.0415  0.0417  0.0416  0.0415  0.0416  0.0417  0.0415  0.0416  0.0415  0.0415
  0.0422  0.0418  0.0417  0.0425  0.0421  0.0421  0.0421  0.0424  0.0418  0.0420  0.0416  0.0417
  0.0432  0.0423  0.0421  0.0436  0.0429  0.0430  0.0428  0.0437  0.0423  0.0426  0.0419  0.0420
niter,ni,del,rscale     3    3    5.0000    0.6000
parameters
    0.4230   18.0853   12.1075  -15.2179    0.1230    2.1672
    3.3706    0.6118    0.7859    6.0050    0.0991  -13.8855
eta,q 0.95860  8.68809
  0.0427  0.0421  0.0419  0.0430  0.0425  0.0427  0.0424  0.0431  0.0420  0.0424  0.0417  0.0418
  0.0420  0.0417  0.0416  0.0422  0.0420  0.0422  0.0419  0.0421  0.0417  0.0419  0.0415  0.0416
  0.0416  0.0415  0.0415  0.0417  0.0416  0.0417  0.0415  0.0416  0.0415  0.0415  0.0414  0.0414
  0.0414  0.0414  0.0414  0.0414  0.0414  0.0414  0.0414  0.0414  0.0414  0.0414  0.0414  0.0414
  0.0416  0.0415  0.0415  0.0416  0.0415  0.0415  0.0415  0.0416  0.0415  0.0415  0.0414  0.0414
  0.0420  0.0417  0.0416  0.0422  0.0419  0.0420  0.0419  0.0422  0.0417  0.0419  0.0415  0.0416
  0.0427  0.0421  0.0419  0.0431  0.0425  0.0427  0.0424  0.0431  0.0420  0.0424  0.0417  0.0418
niter,ni,del,rscale     2    3    5.0000    0.5000
parameters
    0.4214   18.0927   12.1190  -15.1997    0.1461    2.2313
    3.3594    0.6052    0.8057    5.9852    0.1061  -13.8931
eta,q 0.95861  8.68958
  0.0423  0.0419  0.0418  0.0426  0.0422  0.0424  0.0421  0.0426  0.0419  0.0421  0.0416  0.0417
  0.0418  0.0416  0.0416  0.0420  0.0418  0.0419  0.0417  0.0419  0.0416  0.0417  0.0415  0.0415
  0.0415  0.0415  0.0414  0.0416  0.0415  0.0416  0.0415  0.0415  0.0414  0.0415  0.0414  0.0414
  0.0414  0.0414  0.0414  0.0414  0.0414  0.0414  0.0414  0.0414  0.0414  0.0414  0.0414  0.0414
  0.0415  0.0415  0.0414  0.0415  0.0415  0.0415  0.0415  0.0415  0.0414  0.0415  0.0414  0.0414
  0.0418  0.0416  0.0416  0.0420  0.0418  0.0418  0.0417  0.0419  0.0416  0.0418  0.0415  0.0415
  0.0423  0.0419  0.0418  0.0426  0.0422  0.0424  0.0421  0.0426  0.0418  0.0421  0.0416  0.0417
niter,ni,del,rscale     1    3    5.0000    0.4000
parameters
    0.4217   18.0927   12.1176  -15.1769    0.1863    2.2798
    3.3376    0.5974    0.8139    5.9503    0.0961  -13.8753
eta,q 0.95861  8.69129
  0.0420  0.0417  0.0416  0.0422  0.0419  0.0421  0.0419  0.0421  0.0417  0.0419  0.0415  0.0416
  0.0417  0.0415  0.0415  0.0418  0.0417  0.0418  0.0416  0.0417  0.0415  0.0416  0.0415  0.0415
  0.0415  0.0414  0.0414  0.0415  0.0415  0.0415  0.0414  0.0415  0.0414  0.0414  0.0414  0.0414
  0.0414  0.0414  0.0414  0.0414  0.0414  0.0414  0.0414  0.0414  0.0414  0.0414  0.0414  0.0414
  0.0415  0.0414  0.0414  0.0415  0.0414  0.0414  0.0414  0.0415  0.0414  0.0415  0.0414  0.0414
  0.0417  0.0415  0.0415  0.0418  0.0416  0.0417  0.0416  0.0417  0.0415  0.0416  0.0415  0.0415
  0.0420  0.0417  0.0416  0.0422  0.0419  0.0421  0.0419  0.0422  0.0417  0.0419  0.0415  0.0416
registration optimization eta report
parameter search radius
    0.8000    0.8000    0.8000    2.4000    2.4000    2.4000
    2.4000    2.4000    2.4000    2.4000    2.4000    2.4000
100000*second partial in parameter space
       94.       51.       38.       14.        9.       12.
        8.       13.        5.        9.        3.        3.
  0.0420  0.0417  0.0416  0.0422  0.0419  0.0421  0.0419  0.0421  0.0417  0.0419  0.0415  0.0416
  0.0417  0.0415  0.0415  0.0418  0.0417  0.0418  0.0416  0.0417  0.0415  0.0416  0.0415  0.0415
  0.0415  0.0414  0.0414  0.0415  0.0415  0.0415  0.0414  0.0415  0.0414  0.0414  0.0414  0.0414
  0.0414  0.0414  0.0414  0.0414  0.0414  0.0414  0.0414  0.0414  0.0414  0.0414  0.0414  0.0414
  0.0415  0.0414  0.0414  0.0415  0.0414  0.0414  0.0414  0.0415  0.0414  0.0415  0.0414  0.0414
  0.0417  0.0415  0.0415  0.0418  0.0416  0.0417  0.0416  0.0417  0.0415  0.0416  0.0415  0.0415
  0.0420  0.0417  0.0416  0.0422  0.0419  0.0421  0.0419  0.0422  0.0417  0.0419  0.0415  0.0416
    0.4217   18.0927   12.1176  -15.1769    0.1863    2.2798
    3.3376    0.5974    0.8139    5.9503    0.0961  -13.8753
eta,q 0.95861  8.69129

---------------------------------------------------------------------
imgreg_4dfp /opt/freesurfer/average/711-2C_as_mni_average_305 /opt/freesurfer/average/711-2B_as_mni_average_305_mask talsrcimg_g11 none talsrcimg_to_711-2C_as_mni_average_305_t4 2311
---------------------------------------------------------------------

freesurfer imgreg_4dfp.c
/opt/freesurfer/average/711-2C_as_mni_average_305.4dfp.img
       256       256       256         1
  1.000000  1.000000  1.000000
orientation T byte_order littleendian
Reading image: /opt/freesurfer/average/711-2C_as_mni_average_305.4dfp.img
dimensions:      256       256       256
mmppix:       1.0000   -1.0000   -1.0000
center:     128.0000 -129.0000 -129.0000
/opt/freesurfer/average/711-2B_as_mni_average_305_mask.4dfp.img
       256       256       256         1
  1.000000  1.000000  1.000000
orientation T byte_order littleendian
Reading mask: /opt/freesurfer/average/711-2B_as_mni_average_305_mask.4dfp.img (2306576 pixels)
talsrcimg_g11.4dfp.img
       256       256       256         1
  1.000000  1.000000  1.000000
orientation T byte_order littleendian
Reading image: talsrcimg_g11.4dfp.img
dimensions:      256       256       256
mmppix:       1.0000   -1.0000   -1.0000
center:     128.0000 -129.0000 -129.0000
fimgreg.f
image alignment mode   2311 decimal      907 hex
parameters
    0.4217   18.0927   12.1176  -15.1769    0.1863    2.2798
    3.3376    0.5974    0.8139    5.9503    0.0961  -13.8753
eta,q 0.95861  8.69129
niter,ni,del,rscale     5    3    5.0000    0.8000
parameters
    0.4225   18.0899   12.1228  -15.2865   -0.0360    2.0715
    3.3905    0.6341    0.7775    6.0413    0.0955  -13.8808
eta,q 0.95858  8.68150
  0.0437  0.0426  0.0423  0.0439  0.0429  0.0433  0.0433  0.0444  0.0425  0.0430  0.0420  0.0421
  0.0424  0.0420  0.0418  0.0427  0.0422  0.0425  0.0422  0.0427  0.0419  0.0423  0.0417  0.0417
  0.0417  0.0415  0.0415  0.0418  0.0417  0.0418  0.0416  0.0417  0.0415  0.0417  0.0415  0.0415
  0.0414  0.0414  0.0414  0.0414  0.0414  0.0414  0.0414  0.0414  0.0414  0.0414  0.0414  0.0414
  0.0417  0.0415  0.0415  0.0418  0.0416  0.0417  0.0416  0.0418  0.0415  0.0416  0.0415  0.0415
  0.0424  0.0420  0.0418  0.0428  0.0423  0.0425  0.0422  0.0427  0.0419  0.0422  0.0417  0.0418
  0.0437  0.0426  0.0423  0.0441  0.0433  0.0438  0.0432  0.0442  0.0425  0.0429  0.0420  0.0421
niter,ni,del,rscale     4    3    5.0000    0.7000
parameters
    0.4246   18.0835   12.1062  -15.2219    0.0342    2.1107
    3.3828    0.6295    0.7915    6.0472    0.0947  -13.9078
eta,q 0.95859  8.68525
  0.0432  0.0423  0.0421  0.0435  0.0428  0.0430  0.0428  0.0437  0.0423  0.0427  0.0419  0.0420
  0.0422  0.0418  0.0417  0.0426  0.0422  0.0424  0.0420  0.0424  0.0418  0.0420  0.0416  0.0417
  0.0416  0.0415  0.0415  0.0418  0.0417  0.0418  0.0416  0.0417  0.0415  0.0416  0.0415  0.0415
  0.0414  0.0414  0.0414  0.0414  0.0414  0.0414  0.0414  0.0414  0.0414  0.0414  0.0414  0.0414
  0.0416  0.0415  0.0415  0.0416  0.0415  0.0416  0.0416  0.0417  0.0415  0.0416  0.0415  0.0415
  0.0422  0.0419  0.0417  0.0424  0.0420  0.0422  0.0421  0.0424  0.0418  0.0421  0.0416  0.0417
  0.0432  0.0424  0.0421  0.0435  0.0428  0.0431  0.0428  0.0437  0.0423  0.0427  0.0419  0.0420
niter,ni,del,rscale     3    3    5.0000    0.6000
parameters
    0.4238   18.0921   12.1135  -15.2100    0.0887    2.1802
    3.3642    0.6159    0.8011    6.0345    0.0881  -13.9050
eta,q 0.95860  8.68773
  0.0427  0.0421  0.0419  0.0430  0.0425  0.0427  0.0424  0.0431  0.0420  0.0424  0.0417  0.0418
  0.0420  0.0417  0.0416  0.0423  0.0420  0.0422  0.0419  0.0421  0.0417  0.0419  0.0415  0.0416
  0.0416  0.0415  0.0415  0.0417  0.0416  0.0417  0.0415  0.0416  0.0415  0.0415  0.0414  0.0414
  0.0414  0.0414  0.0414  0.0414  0.0414  0.0414  0.0414  0.0414  0.0414  0.0414  0.0414  0.0414
  0.0416  0.0415  0.0415  0.0416  0.0415  0.0415  0.0415  0.0416  0.0415  0.0416  0.0414  0.0414
  0.0420  0.0417  0.0416  0.0422  0.0419  0.0420  0.0419  0.0422  0.0417  0.0419  0.0415  0.0416
  0.0427  0.0421  0.0419  0.0431  0.0425  0.0427  0.0424  0.0431  0.0420  0.0424  0.0417  0.0418
niter,ni,del,rscale     2    3    5.0000    0.5000
parameters
    0.4222   18.0921   12.1155  -15.2002    0.1341    2.2348
    3.3477    0.6059    0.8174    5.9950    0.0980  -13.8920
eta,q 0.95861  8.68940
  0.0423  0.0419  0.0418  0.0426  0.0422  0.0424  0.0421  0.0426  0.0418  0.0421  0.0416  0.0417
  0.0418  0.0416  0.0416  0.0420  0.0418  0.0419  0.0417  0.0419  0.0416  0.0417  0.0415  0.0415
  0.0415  0.0415  0.0414  0.0416  0.0415  0.0416  0.0415  0.0415  0.0414  0.0415  0.0414  0.0414
  0.0414  0.0414  0.0414  0.0414  0.0414  0.0414  0.0414  0.0414  0.0414  0.0414  0.0414  0.0414
  0.0415  0.0415  0.0414  0.0415  0.0415  0.0415  0.0415  0.0415  0.0414  0.0415  0.0414  0.0414
  0.0418  0.0416  0.0416  0.0420  0.0417  0.0418  0.0417  0.0419  0.0416  0.0418  0.0415  0.0415
  0.0423  0.0419  0.0418  0.0426  0.0422  0.0424  0.0421  0.0426  0.0418  0.0421  0.0416  0.0417
niter,ni,del,rscale     1    3    5.0000    0.4000
parameters
    0.4207   18.0929   12.1221  -15.1769    0.1773    2.2790
    3.3337    0.5954    0.8255    5.9488    0.1145  -13.8772
eta,q 0.95861  8.69100
  0.0420  0.0417  0.0416  0.0422  0.0419  0.0421  0.0419  0.0421  0.0417  0.0419  0.0415  0.0416
  0.0417  0.0415  0.0415  0.0418  0.0417  0.0418  0.0416  0.0417  0.0415  0.0416  0.0415  0.0415
  0.0415  0.0414  0.0414  0.0415  0.0415  0.0415  0.0414  0.0415  0.0414  0.0414  0.0414  0.0414
  0.0414  0.0414  0.0414  0.0414  0.0414  0.0414  0.0414  0.0414  0.0414  0.0414  0.0414  0.0414
  0.0415  0.0414  0.0414  0.0415  0.0414  0.0415  0.0414  0.0415  0.0414  0.0415  0.0414  0.0414
  0.0417  0.0415  0.0415  0.0418  0.0416  0.0417  0.0416  0.0417  0.0415  0.0417  0.0415  0.0415
  0.0420  0.0417  0.0416  0.0422  0.0419  0.0421  0.0419  0.0422  0.0417  0.0419  0.0415  0.0416
registration optimization eta report
parameter search radius
    0.8000    0.8000    0.8000    2.4000    2.4000    2.4000
    2.4000    2.4000    2.4000    2.4000    2.4000    2.4000
100000*second partial in parameter space
       93.       52.       37.       14.        9.       12.
        8.       13.        5.        9.        3.        3.
  0.0420  0.0417  0.0416  0.0422  0.0419  0.0421  0.0419  0.0421  0.0417  0.0419  0.0415  0.0416
  0.0417  0.0415  0.0415  0.0418  0.0417  0.0418  0.0416  0.0417  0.0415  0.0416  0.0415  0.0415
  0.0415  0.0414  0.0414  0.0415  0.0415  0.0415  0.0414  0.0415  0.0414  0.0414  0.0414  0.0414
  0.0414  0.0414  0.0414  0.0414  0.0414  0.0414  0.0414  0.0414  0.0414  0.0414  0.0414  0.0414
  0.0415  0.0414  0.0414  0.0415  0.0414  0.0415  0.0414  0.0415  0.0414  0.0415  0.0414  0.0414
  0.0417  0.0415  0.0415  0.0418  0.0416  0.0417  0.0416  0.0417  0.0415  0.0417  0.0415  0.0415
  0.0420  0.0417  0.0416  0.0422  0.0419  0.0421  0.0419  0.0422  0.0417  0.0419  0.0415  0.0416
    0.4207   18.0929   12.1221  -15.1769    0.1773    2.2790
    3.3337    0.5954    0.8255    5.9488    0.1145  -13.8772
eta,q 0.95861  8.69100

---------------------------------------------------------------------
compute_vox2vox talsrcimg talsrcimg_to_711-2C_as_mni_average_305_t4 /opt/freesurfer/average/711-2C_as_mni_average_305
---------------------------------------------------------------------

freesurfer compute_vox2vox.c
Reading: talsrcimg.4dfp.ifh
Reading: talsrcimg_to_711-2C_as_mni_average_305_t4
Reading: /opt/freesurfer/average/711-2C_as_mni_average_305.4dfp.ifh
Writing: talsrcimg_to_711-2C_as_mni_average_305_t4_vox2vox.txt

start time Tue Mar 10 08:29:00 CET 2026
end		time Tue Mar 10 08:30:24 CET 2026

mpr2mni305 success

avi2talxfm orig_nu.mgz /opt/freesurfer/average/mni305.cor.mgz talsrcimg_to_711-2C_as_mni_average_305_t4_vox2vox.txt transforms/talairach.auto.xfm
avi2talxfm done
mv -f /out/sourcedata/freesurfer/sub-v2s0x29017_ses-1/mri/talsrcimg_to_711-2C_as_mni_average_305_t4_vox2vox.txt /out/sourcedata/freesurfer/sub-v2s0x29017_ses-1/mri/transforms/talsrcimg_to_711-2C_as_mni_average_305_t4_vox2vox.txt
lta_convert --src orig_nu.mgz --trg /opt/freesurfer/average/mni305.cor.mgz --inxfm transforms/talairach.auto.xfm --outlta transforms/talairach.auto.xfm.lta --subject fsaverage
7.3.2

--src: orig_nu.mgz src image (geometry).
--trg: /opt/freesurfer/average/mni305.cor.mgz trg image (geometry).
--inmni: transforms/talairach.auto.xfm input MNI/XFM transform.
--outlta: transforms/talairach.auto.xfm.lta output LTA.
--s: fsaverage subject name
 LTA read, type : 1
 1.17932  -0.00455  -0.03988  -5.46666;
-0.00262   0.96991   0.13445  -46.27766;
-0.00956  -0.05756   0.99058  -16.42268;
 0.00000   0.00000   0.00000   1.00000;
setting subject to fsaverage
Writing  LTA to file transforms/talairach.auto.xfm.lta...
lta_convert successful.
 
 
Started at Tue Mar 10 08:29:00 CET 2026
Ended   at Tue Mar 10 08:30:25 CET 2026
talairach_avi done
