Logfile for bbregister
Tue Mar 10 15:07:47 CET 2026

setenv SUBJECTS_DIR /out/sourcedata/freesurfer
cd /out/sourcedata/freesurfer/sub-v2s0x29049_ses-1/scripts
/opt/freesurfer/bin/bbregister --s sub-v2s0x29049_ses-1 --mov /out/sourcedata/freesurfer/sub-v2s0x29049_ses-1/mri/orig/FLAIRraw.mgz --lta /out/sourcedata/freesurfer/sub-v2s0x29049_ses-1/mri/transforms/FLAIRraw.auto.lta --init-coreg --T2 --gm-proj-abs 2 --wm-proj-abs 1 --no-coreg-ref-mask

bbregister 7.3.2
Linux dna063 5.14.0-427.37.1.el9_4.x86_64 #1 SMP PREEMPT_DYNAMIC Fri Sep 13 12:41:50 EDT 2024 x86_64 x86_64 x86_64 GNU/Linux
FREESURFER_HOME /opt/freesurfer
mri_convert /out/sourcedata/freesurfer/sub-v2s0x29049_ses-1/mri/orig/FLAIRraw.mgz /out/sourcedata/freesurfer/sub-v2s0x29049_ses-1/mri/transforms/tmp.bbregister.959827/template.nii
mri_convert /out/sourcedata/freesurfer/sub-v2s0x29049_ses-1/mri/orig/FLAIRraw.mgz /out/sourcedata/freesurfer/sub-v2s0x29049_ses-1/mri/transforms/tmp.bbregister.959827/template.nii 
reading from /out/sourcedata/freesurfer/sub-v2s0x29049_ses-1/mri/orig/FLAIRraw.mgz...
TR=0.00, TE=0.00, TI=0.00, flip angle=0.00
i_ras = (-1, 0, 0)
j_ras = (0, 1, 0)
k_ras = (0, 0, 1)
writing to /out/sourcedata/freesurfer/sub-v2s0x29049_ses-1/mri/transforms/tmp.bbregister.959827/template.nii...
mri_coreg --s sub-v2s0x29049_ses-1 --mov /out/sourcedata/freesurfer/sub-v2s0x29049_ses-1/mri/transforms/tmp.bbregister.959827/template.nii --regdat /out/sourcedata/freesurfer/sub-v2s0x29049_ses-1/mri/transforms/tmp.bbregister.959827/reg.init.dat --reg /out/sourcedata/freesurfer/sub-v2s0x29049_ses-1/mri/transforms/tmp.bbregister.959827/mri_coreg.lta --nthreads 4 --dof 6 --sep 4 --ftol .0001 --linmintol .01 --no-ref-mask

$Id: mri_coreg.c,v 1.27 2016/04/30 15:11:49 greve Exp $
cwd /out/sourcedata/freesurfer/sub-v2s0x29049_ses-1/scripts
cmdline mri_coreg --s sub-v2s0x29049_ses-1 --mov /out/sourcedata/freesurfer/sub-v2s0x29049_ses-1/mri/transforms/tmp.bbregister.959827/template.nii --regdat /out/sourcedata/freesurfer/sub-v2s0x29049_ses-1/mri/transforms/tmp.bbregister.959827/reg.init.dat --reg /out/sourcedata/freesurfer/sub-v2s0x29049_ses-1/mri/transforms/tmp.bbregister.959827/mri_coreg.lta --nthreads 4 --dof 6 --sep 4 --ftol .0001 --linmintol .01 --no-ref-mask 
sysname  Linux
hostname dna063
machine  x86_64
user     oesteban
dof    6
nsep    1
cras0    1
ftol    0.000100
linmintol    0.010000
bf       1
bflim    30.000000
bfnsamp    30
SmoothRef 0
SatPct    99.990000
MovOOB 0
optschema 1
Seed 53
Reading in mov /out/sourcedata/freesurfer/sub-v2s0x29049_ses-1/mri/transforms/tmp.bbregister.959827/template.nii
Reading in ref /out/sourcedata/freesurfer/sub-v2s0x29049_ses-1/mri/brainmask.mgz
Setting cras translation parameters to align volume centers
Creating random numbers for coordinate dithering
Performing intensity dithering
Performing intensity dithering on mov with computed dither
Init matrix params -1.0562 -0.0273  3.9827  0.0000  0.0000  0.0000  1.0000  1.0000  1.0000  0.0000  0.0000  0.0000 
Initial parameters to be opt -1.0562 -0.0273  3.9827  0.0000  0.0000  0.0000 
Separation list (1):  4   min = 4
DoSmoothing 1
DoCoordDither 1
DoIntensityDither 1
nitersmax 4
ftol 1.000e-04
linmintol 1.000e-02
SatPct 99.990000
Hist FWHM 7.000000 7.000000
nthreads 4
movsat = 77.0000
mov gstd 1.8943 1.8943 1.8943
Smoothing mov
refsat = 114.0000
ref gstd 1.8914 1.8914 1.8914
Smoothing ref
COREGpreproc() done
Testing if mov and target overlap
Init cost   -1.0589483827
nhits = 176015 out of 16777216, Percent Overlap:  67.1
Initial  RefRAS-to-MovRAS
 1.00000   0.00000   0.00000  -1.05624;
 0.00000   1.00000   0.00000  -0.02734;
 0.00000   0.00000   1.00000   3.98270;
 0.00000   0.00000   0.00000   1.00000;
Initial  RefVox-to-MovVox
 1.02400   0.00000   0.00000  -37.55999;
 0.00000   0.00000   1.02400  -3.06000;
 0.00000  -1.02400   0.00000   258.06000;
 0.00000   0.00000   0.00000   1.00000;
sep = 4 -----------------------------------
COREGoptBruteForce() 30 1 30
Turning on MovOOB for BruteForce Search
#BF# sep= 4 iter=0 lim=30.0 delta=2.00  -1.05624  -0.02734  -0.01730   0.00000   0.00000   0.00000   -1.0516835
Turning  MovOOB back off after brute force search


---------------------------------
Init Powel Params dof = 6: -1.056244 -0.027344 -0.017303 0.000000 0.000000 0.000000 
Starting OpenPowel2(), sep = 4
InitialCost        -1.0629484653 
#@#  4  188  -1.05624 -0.02734 -0.01730 0.00000 0.00000 0.00000   -1.0629485
fs_powell::minimize
  nparams 6
  maxfev 4
  ftol   0.000100
  linmin_xtol_   0.010000
  powell nthiter 0: fret = -1.062948
#@#  4  190  -0.05624 -0.02734 -0.01730 0.00000 0.00000 0.00000   -1.0636650
#@#  4  195  -0.21439 -0.02734 -0.01730 0.00000 0.00000 0.00000   -1.0637033
#@#  4  203  -0.22492 0.35462 -0.01730 0.00000 0.00000 0.00000   -1.0638235
#@#  4  206  -0.22492 0.36462 -0.01730 0.00000 0.00000 0.00000   -1.0638236
#@#  4  208  -0.22492 0.36462 0.98270 0.00000 0.00000 0.00000   -1.0644678
#@#  4  213  -0.22492 0.36462 0.80555 0.00000 0.00000 0.00000   -1.0645041
#@#  4  214  -0.22492 0.36462 0.79555 0.00000 0.00000 0.00000   -1.0645044
#@#  4  222  -0.22492 0.36462 0.79555 -0.06490 0.00000 0.00000   -1.0645096
#@#  4  223  -0.22492 0.36462 0.79555 -0.08074 0.00000 0.00000   -1.0645117
#@#  4  234  -0.22492 0.36462 0.79555 -0.08074 -0.18282 0.00000   -1.0645478
#@#  4  243  -0.22492 0.36462 0.79555 -0.08074 -0.18282 0.10301   -1.0645559
#@#  4  244  -0.22492 0.36462 0.79555 -0.08074 -0.18282 0.09301   -1.0645562
  powell nthiter 1: fret = -1.064556
#@#  4  253  -0.12374 0.36462 0.79555 -0.08074 -0.18282 0.09301   -1.0645790
#@#  4  254  -0.11253 0.36462 0.79555 -0.08074 -0.18282 0.09301   -1.0645804
#@#  4  263  -0.11253 0.31172 0.79555 -0.08074 -0.18282 0.09301   -1.0645833
#@#  4  264  -0.11253 0.32172 0.79555 -0.08074 -0.18282 0.09301   -1.0645837
#@#  4  272  -0.11253 0.32172 0.77473 -0.08074 -0.18282 0.09301   -1.0645845
#@#  4  283  -0.11253 0.32172 0.77473 -0.07074 -0.18282 0.09301   -1.0645852
#@#  4  290  -0.11253 0.32172 0.77473 -0.07074 -0.35124 0.09301   -1.0646158
#@#  4  292  -0.11253 0.32172 0.77473 -0.07074 -0.31521 0.09301   -1.0646167
Powell done niters total = 1
OptTimeSec  4.8 sec
OptTimeMin  0.08 min
nEvals 304
Final optimized parameters  -0.11253184   0.32172450   0.77472758  -0.07074451  -0.31520566   0.09301066 
Final matrix parameters -0.1125  0.3217  0.7747 -0.0707 -0.3152  0.1047  1.0000  1.0000  1.0000  0.0000  0.0000  0.0000 
Final cost   -1.064616677954106
 

---------------------------------
Final  RefRAS-to-MovRAS
 0.99998   0.00162  -0.00550  -0.11253;
-0.00163   1.00000  -0.00123   0.32172;
 0.00550   0.00124   0.99998   0.77473;
 0.00000   0.00000   0.00000   1.00000;
Final  RefVox-to-MovVox
 1.02398  -0.00563  -0.00166  -37.66840;
 0.00167   0.00126   1.02400  -3.07254;
-0.00563  -1.02398   0.00127   255.37250;
 0.00000   0.00000   0.00000   1.00000;
Final matrix parameters -0.1125  0.3217  0.7747 -0.0707 -0.3152  0.0930  0.0000  0.0000  0.0000  0.0000  0.0000  0.0000 
Final opt parameters -0.1125  0.3217  0.7747 -0.0707 -0.3152  0.0930 
nhits = 175819 out of 16777216, Percent Overlap:  67.1
mri_coreg RunTimeSec 52.7 sec
To check run:
   tkregisterfv --mov /out/sourcedata/freesurfer/sub-v2s0x29049_ses-1/mri/transforms/tmp.bbregister.959827/template.nii --targ /out/sourcedata/freesurfer/sub-v2s0x29049_ses-1/mri/brainmask.mgz --reg /out/sourcedata/freesurfer/sub-v2s0x29049_ses-1/mri/transforms/tmp.bbregister.959827/mri_coreg.lta --s sub-v2s0x29049_ses-1 --surfs 

mri_coreg done

mri_segreg --mov /out/sourcedata/freesurfer/sub-v2s0x29049_ses-1/mri/transforms/tmp.bbregister.959827/template.nii --init-reg /out/sourcedata/freesurfer/sub-v2s0x29049_ses-1/mri/transforms/tmp.bbregister.959827/reg.init.dat --out-reg /out/sourcedata/freesurfer/sub-v2s0x29049_ses-1/mri/transforms/tmp.bbregister.959827/bbr.pass1.dat --subsamp-brute 100 --subsamp 100 --tol 1e-4 --tol1d 1e-3 --brute -4 4 4 --surf white --gm-proj-abs 2 --gm-gt-wm 0.5
7.3.2
setenv SUBJECTS_DIR /out/sourcedata/freesurfer
cd /out/sourcedata/freesurfer/sub-v2s0x29049_ses-1/scripts
mri_segreg --mov /out/sourcedata/freesurfer/sub-v2s0x29049_ses-1/mri/transforms/tmp.bbregister.959827/template.nii --init-reg /out/sourcedata/freesurfer/sub-v2s0x29049_ses-1/mri/transforms/tmp.bbregister.959827/reg.init.dat --out-reg /out/sourcedata/freesurfer/sub-v2s0x29049_ses-1/mri/transforms/tmp.bbregister.959827/bbr.pass1.dat --subsamp-brute 100 --subsamp 100 --tol 1e-4 --tol1d 1e-3 --brute -4 4 4 --surf white --gm-proj-abs 2 --gm-gt-wm 0.5 
sysname  Linux
hostname dna063
machine  x86_64
user     oesteban
movvol /out/sourcedata/freesurfer/sub-v2s0x29049_ses-1/mri/transforms/tmp.bbregister.959827/template.nii
regfile /out/sourcedata/freesurfer/sub-v2s0x29049_ses-1/mri/transforms/tmp.bbregister.959827/reg.init.dat
subject sub-v2s0x29049_ses-1
dof 6
outregfile /out/sourcedata/freesurfer/sub-v2s0x29049_ses-1/mri/transforms/tmp.bbregister.959827/bbr.pass1.dat
UseMask 0
UseLH 1
UseRH 1
nsubsamp 100
PenaltySign  -1
PenaltySlope 0.500000
PenaltyCenter 0.000000
surfname white
GMProjAbs 2.000000
WMProjAbs 2.000000
lhcostfile (null)
rhcostfile (null)
interp  trilinear (1)
frame  0
TolPowell 0.000100
nMaxItersPowell 36
n1dmin  3
Profile   0
Gdiag_no  -1
AddNoise  0 (0)
SynthSeed 1773354830
TransRandMax 0.000000
RotRandMax 0.000000
Translations 0.000000 0.000000 0.000000
Rotations   0.000000 0.000000 0.000000
Input reg
 0.99998   0.00162  -0.00550   1.00818;
 0.00550   0.00124   0.99998  -4.15549;
 0.00163  -1.00000   0.00123  -0.36591;
 0.00000   0.00000   0.00000   1.00000;

Loading mov
ExcludeZeroVoxels 1
Reading in targ vol /out/sourcedata/freesurfer/sub-v2s0x29049_ses-1/mri/orig.mgz
Projecting LH Surfs
Loading lh.white surf
GM Proj: 0 0.500000 2.000000
WM Proj: 0 0.500000 2.000000
Projecting RH Surfs
Loading rh.white surf
Projecting RH Surfs
Using lh.cortex.label
Using rh.cortex.label
Computing relative cost
 0  -25.0 -25.0 -25.0   1.047709
 1  -25.0 -25.0  25.0   0.990042
 2  -25.0  25.0 -25.0   1.060390
 3  -25.0  25.0  25.0   1.041969
 4   25.0 -25.0 -25.0   0.992255
 5   25.0 -25.0  25.0   1.061861
 6   25.0  25.0 -25.0   1.044710
 7   25.0  25.0  25.0   1.075727
REL:  8  0.506275    8.314663  1.039333 rel = 0.487115 
Initial costs ----------------
Number of surface hits 2221
WM  Intensity    44.3464 +/-   6.1267
Ctx Intensity    47.8928 +/-  10.8133
Pct Contrast      5.4338 +/-  26.7044
Cost   0.5063
RelCost   0.4871

------------------------------------
Brute force preopt -4 4 4, n = 729
     0  -4.0000  -4.0000  -4.0000  -4.0000  -4.0000  -4.0000      1.0308   1.0308  0.0
     1  -4.0000  -4.0000  -4.0000  -4.0000  -4.0000   0.0000      1.0077   1.0077  0.0
     4  -4.0000  -4.0000  -4.0000  -4.0000   0.0000   0.0000      1.0075   1.0075  0.0
    12  -4.0000  -4.0000  -4.0000   0.0000   0.0000  -4.0000      1.0039   1.0039  0.0
    13  -4.0000  -4.0000  -4.0000   0.0000   0.0000   0.0000      0.9915   0.9915  0.0
    15  -4.0000  -4.0000  -4.0000   0.0000   4.0000  -4.0000      0.9620   0.9620  0.0
   102  -4.0000   0.0000  -4.0000   4.0000   0.0000  -4.0000      0.8991   0.8991  0.0
   120  -4.0000   0.0000   0.0000   0.0000   0.0000  -4.0000      0.8850   0.8850  0.0
   346   0.0000   0.0000  -4.0000   4.0000   0.0000   0.0000      0.8405   0.8405  0.0
   364   0.0000   0.0000   0.0000   0.0000   0.0000   0.0000      0.5063   0.5063  0.0
Brute Force --------------------------
Min cost was 0.506275
Number of iterations   729
Search time 1.061677 sec
Parameters at best (transmm, rotdeg)
  0.000   0.000   0.000  0.000  0.000  0.000 
--------------------------------------------

Starting Powell Minimization
Init Powel Params dof = 6
0 0
1 0
2 0
3 0
4 0
5 0
fs_powell::minimize
  nparams 6
  maxfev 36
  ftol   0.000100
  linmin_xtol_   0.001000
  powell nthiter 0: fret = 0.506275
   9 -0.031  0.000  0.000  0.000  0.000  0.000   0.5056460585
  11 -0.058  0.000  0.000  0.000  0.000  0.000   0.5056128938
  12 -0.049  0.000  0.000  0.000  0.000  0.000   0.5055412936
  13 -0.045  0.000  0.000  0.000  0.000  0.000   0.5055325845
  14 -0.044  0.000  0.000  0.000  0.000  0.000   0.5055323412
  22 -0.044 -0.031  0.000  0.000  0.000  0.000   0.5048033401
  26 -0.044 -0.037  0.000  0.000  0.000  0.000   0.5047818179
  27 -0.044 -0.036  0.000  0.000  0.000  0.000   0.5047815099
  35 -0.044 -0.036 -0.189  0.000  0.000  0.000   0.5005187865
  37 -0.044 -0.036 -0.136  0.000  0.000  0.000   0.5000690195
  38 -0.044 -0.036 -0.150  0.000  0.000  0.000   0.4998362409
  39 -0.044 -0.036 -0.156  0.000  0.000  0.000   0.4998268357
  40 -0.044 -0.036 -0.154  0.000  0.000  0.000   0.4998226417
  48 -0.044 -0.036 -0.154  0.382  0.000  0.000   0.4931550527
  49 -0.044 -0.036 -0.154  0.441  0.000  0.000   0.4916057775
  51 -0.044 -0.036 -0.154  0.522  0.000  0.000   0.4907846695
  53 -0.044 -0.036 -0.154  0.497  0.000  0.000   0.4904980429
  56 -0.044 -0.036 -0.154  0.496  0.000  0.000   0.4904945332
  59 -0.044 -0.036 -0.154  0.494  0.000  0.000   0.4904915130
  71 -0.044 -0.036 -0.154  0.494 -0.043  0.000   0.4893849026
  72 -0.044 -0.036 -0.154  0.494 -0.042  0.000   0.4893779820
  73 -0.044 -0.036 -0.154  0.494 -0.038  0.000   0.4893654743
  83 -0.044 -0.036 -0.154  0.494 -0.038  0.033   0.4876327812
  86 -0.044 -0.036 -0.154  0.494 -0.038  0.045   0.4876077308
  87 -0.044 -0.036 -0.154  0.494 -0.038  0.041   0.4875981418
  88 -0.044 -0.036 -0.154  0.494 -0.038  0.040   0.4875981055
  powell nthiter 1: fret = 0.487598
  98 -0.079 -0.036 -0.154  0.494 -0.038  0.040   0.4874922820
 100 -0.082 -0.036 -0.154  0.494 -0.038  0.040   0.4874909679
 103 -0.083 -0.036 -0.154  0.494 -0.038  0.040   0.4874908508
 104 -0.084 -0.036 -0.154  0.494 -0.038  0.040   0.4874905792
 112 -0.084 -0.158 -0.154  0.494 -0.038  0.040   0.4866652724
 113 -0.084 -0.132 -0.154  0.494 -0.038  0.040   0.4855495820
 115 -0.084 -0.121 -0.154  0.494 -0.038  0.040   0.4854404146
 116 -0.084 -0.118 -0.154  0.494 -0.038  0.040   0.4854399350
 118 -0.084 -0.119 -0.154  0.494 -0.038  0.040   0.4854386776
 127 -0.084 -0.119 -0.169  0.494 -0.038  0.040   0.4853975624
 128 -0.084 -0.119 -0.166  0.494 -0.038  0.040   0.4853871942
 129 -0.084 -0.119 -0.164  0.494 -0.038  0.040   0.4853859817
 131 -0.084 -0.119 -0.165  0.494 -0.038  0.040   0.4853859251
 140 -0.084 -0.119 -0.165  0.509 -0.038  0.040   0.4847901019
 141 -0.084 -0.119 -0.165  0.522 -0.038  0.040   0.4845603634
 143 -0.084 -0.119 -0.165  0.523 -0.038  0.040   0.4845593840
 151 -0.084 -0.119 -0.165  0.523  0.011  0.040   0.4835763664
 153 -0.084 -0.119 -0.165  0.523  0.004  0.040   0.4835419670
 154 -0.084 -0.119 -0.165  0.523  0.003  0.040   0.4835388378
 158 -0.084 -0.119 -0.165  0.523  0.002  0.040   0.4835383917
 166 -0.084 -0.119 -0.165  0.523  0.002  0.032   0.4833411084
 169 -0.084 -0.119 -0.165  0.523  0.002  0.018   0.4832182698
 171 -0.084 -0.119 -0.165  0.523  0.002  0.016   0.4832181403
  powell nthiter 2: fret = 0.483218
 183 -0.078 -0.119 -0.165  0.523  0.002  0.016   0.4831762463
 184 -0.075 -0.119 -0.165  0.523  0.002  0.016   0.4831646091
 185 -0.073 -0.119 -0.165  0.523  0.002  0.016   0.4831637377
 187 -0.074 -0.119 -0.165  0.523  0.002  0.016   0.4831635804
 198 -0.074 -0.122 -0.165  0.523  0.002  0.016   0.4831526863
 199 -0.074 -0.123 -0.165  0.523  0.002  0.016   0.4831505622
 211 -0.074 -0.123 -0.158  0.523  0.002  0.016   0.4831173986
 212 -0.074 -0.123 -0.159  0.523  0.002  0.016   0.4831155539
 224 -0.074 -0.123 -0.159  0.525  0.002  0.016   0.4831061396
 225 -0.074 -0.123 -0.159  0.526  0.002  0.016   0.4831039848
 226 -0.074 -0.123 -0.159  0.527  0.002  0.016   0.4831013138
 239 -0.074 -0.123 -0.159  0.527 -0.016  0.016   0.4830205997
 240 -0.074 -0.123 -0.159  0.527 -0.010  0.016   0.4829892375
 251 -0.074 -0.123 -0.159  0.527 -0.010  0.019   0.4829821628
 253 -0.074 -0.123 -0.159  0.527 -0.010  0.020   0.4829820237
  powell nthiter 3: fret = 0.482982
 265 -0.072 -0.123 -0.159  0.527 -0.010  0.020   0.4829698951
 266 -0.067 -0.123 -0.159  0.527 -0.010  0.020   0.4829477693
 268 -0.066 -0.123 -0.159  0.527 -0.010  0.020   0.4829466285
 292 -0.066 -0.123 -0.164  0.527 -0.010  0.020   0.4829122347
 293 -0.066 -0.123 -0.165  0.527 -0.010  0.020   0.4829116459
 305 -0.066 -0.123 -0.165  0.523 -0.010  0.020   0.4829096887
 306 -0.066 -0.123 -0.165  0.525 -0.010  0.020   0.4829049917
 318 -0.066 -0.123 -0.165  0.525 -0.012  0.020   0.4828964975
 330 -0.066 -0.123 -0.165  0.525 -0.012  0.018   0.4828950145
  powell nthiter 4: fret = 0.482895
 343 -0.065 -0.123 -0.165  0.525 -0.012  0.018   0.4828920802
 344 -0.063 -0.123 -0.165  0.525 -0.012  0.018   0.4828911075
 357 -0.063 -0.124 -0.165  0.525 -0.012  0.018   0.4828910262
 383 -0.063 -0.124 -0.165  0.523 -0.012  0.018   0.4828890665
 395 -0.063 -0.124 -0.165  0.523 -0.014  0.018   0.4828859550
 407 -0.063 -0.124 -0.165  0.523 -0.014  0.019   0.4828857617
Powell done niters = 4
Computing relative cost
 0  -25.0 -25.0 -25.0   1.041181
 1  -25.0 -25.0  25.0   0.990134
 2  -25.0  25.0 -25.0   1.041910
 3  -25.0  25.0  25.0   1.035995
 4   25.0 -25.0 -25.0   0.977126
 5   25.0 -25.0  25.0   1.084121
 6   25.0  25.0 -25.0   1.046422
 7   25.0  25.0  25.0   1.071165
REL:  8  0.482886    8.288054  1.036007 rel = 0.466103 
Number of iterations     4
Min cost was 0.482886
Number of FunctionCalls   408
TolPowell 0.000100
nMaxItersPowell 36
OptimizationTime 0.420768 sec
Parameters at optimum (transmm) -0.06331 -0.12373 -0.16518
Parameters at optimum (rotdeg)  0.52315 -0.01425  0.01935 
Final costs ----------------
Number of surface hits 2221
WM  Intensity    44.4645 +/-   6.2904
Ctx Intensity    48.0182 +/-  10.9446
Pct Contrast      5.3636 +/-  27.4302
Cost   0.4829
RelCost   0.4871
Reg at min cost was 
 0.99998   0.00187  -0.00584   0.94637;
 0.00582   0.01037   0.99993  -4.27537;
 0.00193  -0.99994   0.01036  -0.56876;
 0.00000   0.00000   0.00000   1.00000;

Writing optimal reg to /out/sourcedata/freesurfer/sub-v2s0x29049_ses-1/mri/transforms/tmp.bbregister.959827/bbr.pass1.dat, type = 14 
Original Reg 
 0.99998   0.00162  -0.00550   1.00818;
 0.00550   0.00124   0.99998  -4.15549;
 0.00163  -1.00000   0.00123  -0.36591;
 0.00000   0.00000   0.00000   1.00000;

Original Reg - Optimal Reg
 0.00000  -0.00025   0.00034   0.06181;
-0.00032  -0.00913   0.00005   0.11988;
-0.00030  -0.00005  -0.00913   0.20286;
 0.00000   0.00000   0.00000   0.00000;

Computing change in lh position
LH rmsDiffMean 0.474133
Computing change in rh position
Surface-RMS-Diff-mm 0.471251 0.206410 0.906901
mri_segreg done
mri_segreg --mov /out/sourcedata/freesurfer/sub-v2s0x29049_ses-1/mri/transforms/tmp.bbregister.959827/template.nii --init-reg /out/sourcedata/freesurfer/sub-v2s0x29049_ses-1/mri/transforms/tmp.bbregister.959827/bbr.pass1.dat --out-reg /out/sourcedata/freesurfer/sub-v2s0x29049_ses-1/mri/transforms/FLAIRraw.auto.dat --interp trilinear --wm-proj-abs 1 --tol 1e-8 --tol1d 1e-3 --c0 0 --mincost /out/sourcedata/freesurfer/sub-v2s0x29049_ses-1/mri/transforms/FLAIRraw.auto.dat.mincost --dof 6 --nmax 36 --param /out/sourcedata/freesurfer/sub-v2s0x29049_ses-1/mri/transforms/FLAIRraw.auto.dat.param --surf white --brute -0.1 0.1 0.1 --cur-reg /out/sourcedata/freesurfer/sub-v2s0x29049_ses-1/mri/transforms/tmp.bbregister.959827/reg.curopt.dat --gm-proj-abs 2 --nsub 1 --gm-gt-wm 0.5
7.3.2
setenv SUBJECTS_DIR /out/sourcedata/freesurfer
cd /out/sourcedata/freesurfer/sub-v2s0x29049_ses-1/scripts
mri_segreg --mov /out/sourcedata/freesurfer/sub-v2s0x29049_ses-1/mri/transforms/tmp.bbregister.959827/template.nii --init-reg /out/sourcedata/freesurfer/sub-v2s0x29049_ses-1/mri/transforms/tmp.bbregister.959827/bbr.pass1.dat --out-reg /out/sourcedata/freesurfer/sub-v2s0x29049_ses-1/mri/transforms/FLAIRraw.auto.dat --interp trilinear --wm-proj-abs 1 --tol 1e-8 --tol1d 1e-3 --c0 0 --mincost /out/sourcedata/freesurfer/sub-v2s0x29049_ses-1/mri/transforms/FLAIRraw.auto.dat.mincost --dof 6 --nmax 36 --param /out/sourcedata/freesurfer/sub-v2s0x29049_ses-1/mri/transforms/FLAIRraw.auto.dat.param --surf white --brute -0.1 0.1 0.1 --cur-reg /out/sourcedata/freesurfer/sub-v2s0x29049_ses-1/mri/transforms/tmp.bbregister.959827/reg.curopt.dat --gm-proj-abs 2 --nsub 1 --gm-gt-wm 0.5 
sysname  Linux
hostname dna063
machine  x86_64
user     oesteban
movvol /out/sourcedata/freesurfer/sub-v2s0x29049_ses-1/mri/transforms/tmp.bbregister.959827/template.nii
regfile /out/sourcedata/freesurfer/sub-v2s0x29049_ses-1/mri/transforms/tmp.bbregister.959827/bbr.pass1.dat
subject sub-v2s0x29049_ses-1
dof 6
outregfile /out/sourcedata/freesurfer/sub-v2s0x29049_ses-1/mri/transforms/FLAIRraw.auto.dat
UseMask 0
UseLH 1
UseRH 1
nsubsamp 1
PenaltySign  -1
PenaltySlope 0.500000
PenaltyCenter 0.000000
surfname white
GMProjAbs 2.000000
WMProjAbs 1.000000
lhcostfile (null)
rhcostfile (null)
interp  trilinear (1)
frame  0
TolPowell 0.000000
nMaxItersPowell 36
n1dmin  3
Profile   0
Gdiag_no  -1
AddNoise  0 (0)
SynthSeed 1774080765
TransRandMax 0.000000
RotRandMax 0.000000
Translations 0.000000 0.000000 0.000000
Rotations   0.000000 0.000000 0.000000
Input reg
 0.99998   0.00187  -0.00584   0.94637;
 0.00582   0.01037   0.99993  -4.27537;
 0.00193  -0.99994   0.01036  -0.56876;
 0.00000   0.00000   0.00000   1.00000;

Loading mov
ExcludeZeroVoxels 1
Reading in targ vol /out/sourcedata/freesurfer/sub-v2s0x29049_ses-1/mri/orig.mgz
Projecting LH Surfs
Loading lh.white surf
GM Proj: 0 0.500000 2.000000
WM Proj: 0 0.500000 1.000000
Projecting RH Surfs
Loading rh.white surf
Projecting RH Surfs
Using lh.cortex.label
Using rh.cortex.label
Computing relative cost
 0  -25.0 -25.0 -25.0   1.040838
 1  -25.0 -25.0  25.0   1.014756
 2  -25.0  25.0 -25.0   1.022926
 3  -25.0  25.0  25.0   1.040465
 4   25.0 -25.0 -25.0   1.009576
 5   25.0 -25.0  25.0   1.038448
 6   25.0  25.0 -25.0   1.036688
 7   25.0  25.0  25.0   1.040022
REL:  8  0.556364    8.243720  1.030465 rel = 0.539915 
Initial costs ----------------
Number of surface hits 222415
WM  Intensity    45.2129 +/-   6.2349
Ctx Intensity    47.8276 +/-  10.8430
Pct Contrast      3.4001 +/-  27.4662
Cost   0.5564
RelCost   0.5399

------------------------------------
Brute force preopt -0.1 0.1 0.1, n = 729
     0  -0.1000  -0.1000  -0.1000  -0.1000  -0.1000  -0.1000      0.5458   0.5458  0.0
     1  -0.1000  -0.1000  -0.1000  -0.1000  -0.1000   0.0000      0.5440   0.5440  0.0
    10  -0.1000  -0.1000  -0.1000   0.0000  -0.1000   0.0000      0.5363   0.5363  0.0
    11  -0.1000  -0.1000  -0.1000   0.0000  -0.1000   0.1000      0.5362   0.5362  0.0
    20  -0.1000  -0.1000  -0.1000   0.1000  -0.1000   0.1000      0.5343   0.5343  0.0
    91  -0.1000   0.0000  -0.1000   0.0000  -0.1000   0.0000      0.5337   0.5337  0.0
    92  -0.1000   0.0000  -0.1000   0.0000  -0.1000   0.1000      0.5323   0.5323  0.0
   101  -0.1000   0.0000  -0.1000   0.1000  -0.1000   0.1000      0.5311   0.5311  0.0
   119  -0.1000   0.0000   0.0000   0.0000  -0.1000   0.1000      0.5304   0.5304  0.0
   182  -0.1000   0.1000  -0.1000   0.1000  -0.1000   0.1000      0.5301   0.5301  0.0
   190  -0.1000   0.1000   0.0000  -0.1000  -0.1000   0.0000      0.5268   0.5268  0.0
   461   0.0000   0.1000   0.1000  -0.1000  -0.1000   0.1000      0.5257   0.5257  0.0
Brute Force --------------------------
Min cost was 0.525663
Number of iterations   729
Search time 0.975059 sec
Parameters at best (transmm, rotdeg)
  0.000   0.100   0.100 -0.100 -0.100  0.100 
--------------------------------------------

Starting Powell Minimization
Init Powel Params dof = 6
0 0
1 0.1
2 0.1
3 -0.1
4 -0.1
5 0.1
fs_powell::minimize
  nparams 6
  maxfev 36
  ftol   0.000000
  linmin_xtol_   0.001000
  powell nthiter 0: fret = 0.554007
   8  0.041  0.100  0.100 -0.100 -0.100  0.100   0.5538623299
   9  0.046  0.100  0.100 -0.100 -0.100  0.100   0.5538619605
  10  0.044  0.100  0.100 -0.100 -0.100  0.100   0.5538615349
  19  0.044  0.104  0.100 -0.100 -0.100  0.100   0.5538594126
  28  0.044  0.105  0.276 -0.100 -0.100  0.100   0.5523146641
  30  0.044  0.105  0.251 -0.100 -0.100  0.100   0.5522598660
  33  0.044  0.105  0.252 -0.100 -0.100  0.100   0.5522594760
  41  0.044  0.105  0.252 -0.048 -0.100  0.100   0.5512970512
  42  0.044  0.105  0.252  0.011 -0.100  0.100   0.5506648649
  45  0.044  0.105  0.252  0.015 -0.100  0.100   0.5506604976
  46  0.044  0.105  0.252  0.016 -0.100  0.100   0.5506601962
  54  0.044  0.105  0.252  0.016  0.005  0.100   0.5503749229
  59  0.044  0.105  0.252  0.016  0.009  0.100   0.5503741190
  70  0.044  0.105  0.252  0.016  0.009  0.175   0.5488150018
  71  0.044  0.105  0.252  0.016  0.009  0.230   0.5481996443
  73  0.044  0.105  0.252  0.016  0.009  0.241   0.5481838953
  74  0.044  0.105  0.252  0.016  0.009  0.240   0.5481832426
  powell nthiter 1: fret = 0.548183
  83  0.190  0.105  0.252  0.016  0.009  0.240   0.5473726703
  84  0.171  0.105  0.252  0.016  0.009  0.240   0.5473045905
  86  0.165  0.105  0.252  0.016  0.009  0.240   0.5473009056
  97  0.163  0.113  0.252  0.016  0.009  0.240   0.5472665618
  98  0.163  0.131  0.252  0.016  0.009  0.240   0.5472258974
  99  0.163  0.135  0.252  0.016  0.009  0.240   0.5472258885
 101  0.163  0.133  0.252  0.016  0.009  0.240   0.5472256688
 110  0.163  0.133  0.207  0.016  0.009  0.240   0.5470913906
 112  0.163  0.133  0.195  0.016  0.009  0.240   0.5470891169
 114  0.163  0.133  0.200  0.016  0.009  0.240   0.5470875929
 124  0.163  0.133  0.200  0.046  0.009  0.240   0.5470255259
 126  0.163  0.133  0.200  0.047  0.009  0.240   0.5470252703
 128  0.163  0.133  0.200  0.048  0.009  0.240   0.5470250896
 135  0.163  0.133  0.200  0.048  0.004  0.240   0.5470135933
 136  0.163  0.133  0.200  0.048 -0.021  0.240   0.5469988231
 138  0.163  0.133  0.200  0.048 -0.014  0.240   0.5469957010
 148  0.163  0.133  0.200  0.048 -0.014  0.320   0.5463083812
 150  0.163  0.133  0.200  0.048 -0.014  0.315   0.5463074813
 151  0.163  0.133  0.200  0.048 -0.014  0.316   0.5463068805
 153  0.282  0.161  0.148  0.080 -0.036  0.393   0.5461624854
 159  0.237  0.150  0.167  0.067 -0.028  0.364   0.5460209197
 160  0.219  0.146  0.175  0.063 -0.024  0.352   0.5460110419
 161  0.221  0.147  0.174  0.063 -0.025  0.354   0.5460095105
 162  0.225  0.148  0.173  0.064 -0.025  0.356   0.5460081103
 167  0.224  0.148  0.173  0.064 -0.025  0.356   0.5460079729
  powell nthiter 2: fret = 0.546008
 177  0.224  0.148  0.173  0.064 -0.025  0.353   0.5460067577
 186  0.224  0.105  0.173  0.064 -0.025  0.353   0.5459884723
 187  0.224  0.124  0.173  0.064 -0.025  0.353   0.5459415695
 188  0.224  0.125  0.173  0.064 -0.025  0.353   0.5459409088
 189  0.224  0.128  0.173  0.064 -0.025  0.353   0.5459400616
 191  0.224  0.127  0.173  0.064 -0.025  0.353   0.5459400044
 199  0.224  0.127  0.091  0.064 -0.025  0.353   0.5457905341
 200  0.224  0.127  0.117  0.064 -0.025  0.353   0.5457759620
 201  0.224  0.127  0.111  0.064 -0.025  0.353   0.5457614615
 202  0.224  0.127  0.106  0.064 -0.025  0.353   0.5457576824
 213  0.224  0.127  0.106  0.057 -0.025  0.353   0.5457400740
 222  0.224  0.127  0.106  0.057 -0.026  0.353   0.5457380760
 224  0.224  0.127  0.106  0.057 -0.034  0.353   0.5457312625
 226  0.224  0.127  0.106  0.057 -0.033  0.353   0.5457311178
  powell nthiter 3: fret = 0.545731
 250  0.224  0.127  0.106  0.057 -0.033  0.379   0.5456907045
 251  0.224  0.127  0.106  0.057 -0.033  0.372   0.5456807904
 261  0.224  0.118  0.106  0.057 -0.033  0.372   0.5456717052
 262  0.224  0.119  0.106  0.057 -0.033  0.372   0.5456715286
 272  0.224  0.119  0.115  0.057 -0.033  0.372   0.5456519464
 273  0.224  0.119  0.116  0.057 -0.033  0.372   0.5456515688
 283  0.224  0.119  0.116  0.047 -0.033  0.372   0.5456474525
 284  0.224  0.119  0.116  0.051 -0.033  0.372   0.5456402221
 293  0.224  0.119  0.116  0.051 -0.036  0.372   0.5456344523
 295  0.224  0.119  0.116  0.051 -0.043  0.372   0.5456336358
 296  0.224  0.119  0.116  0.051 -0.040  0.372   0.5456324154
 308  0.224  0.119  0.116  0.051 -0.040  0.372   0.5456323081
 309  0.224  0.119  0.116  0.051 -0.040  0.372   0.5456322760
  powell nthiter 4: fret = 0.545632
 321  0.224  0.119  0.116  0.051 -0.040  0.373   0.5456318256
 331  0.224  0.117  0.116  0.051 -0.040  0.373   0.5456313695
 342  0.224  0.117  0.120  0.051 -0.040  0.373   0.5456262080
 343  0.224  0.117  0.122  0.051 -0.040  0.373   0.5456258472
 354  0.224  0.117  0.122  0.047 -0.040  0.373   0.5456198081
 364  0.224  0.117  0.122  0.047 -0.039  0.373   0.5456197696
 372  0.224  0.117  0.122  0.047 -0.039  0.373   0.5456195582
 377  0.224  0.117  0.122  0.047 -0.039  0.373   0.5456194108
 378  0.223  0.117  0.122  0.047 -0.039  0.373   0.5456192757
 380  0.223  0.115  0.128  0.043 -0.038  0.374   0.5456147641
 387  0.223  0.115  0.128  0.043 -0.038  0.374   0.5456146912
 388  0.223  0.114  0.129  0.042 -0.038  0.375   0.5456143507
 389  0.223  0.114  0.129  0.042 -0.038  0.375   0.5456142497
 390  0.223  0.114  0.129  0.042 -0.038  0.375   0.5456142005
 391  0.223  0.114  0.129  0.042 -0.038  0.375   0.5456141781
 392  0.223  0.114  0.129  0.042 -0.038  0.375   0.5456141208
 396  0.223  0.114  0.129  0.042 -0.038  0.375   0.5456141122
  powell nthiter 5: fret = 0.545614
 427  0.223  0.114  0.131  0.042 -0.038  0.375   0.5456139562
 436  0.236  0.117  0.125  0.046 -0.041  0.383   0.5456079173
 437  0.233  0.116  0.127  0.045 -0.040  0.381   0.5456050622
 450  0.233  0.116  0.127  0.045 -0.039  0.381   0.5456050493
 452  0.232  0.114  0.132  0.041 -0.038  0.382   0.5456045349
 456  0.232  0.115  0.130  0.042 -0.038  0.382   0.5456036933
 458  0.232  0.115  0.130  0.043 -0.038  0.382   0.5456036521
 460  0.232  0.115  0.130  0.042 -0.038  0.382   0.5456034050
 461  0.232  0.115  0.130  0.042 -0.038  0.382   0.5456033447
 465  0.232  0.115  0.130  0.042 -0.038  0.382   0.5456033101
 466  0.232  0.115  0.130  0.042 -0.038  0.382   0.5456033052
 473  0.236  0.115  0.133  0.041 -0.038  0.385   0.5456032956
 474  0.234  0.115  0.131  0.041 -0.038  0.383   0.5456028475
 475  0.234  0.115  0.131  0.041 -0.038  0.383   0.5456027909
 479  0.234  0.115  0.131  0.041 -0.038  0.383   0.5456025274
 480  0.234  0.115  0.131  0.041 -0.038  0.383   0.5456024685
 483  0.234  0.115  0.131  0.041 -0.038  0.383   0.5456024480
 485  0.234  0.115  0.131  0.041 -0.038  0.383   0.5456024280
  powell nthiter 6: fret = 0.545602
 495  0.234  0.115  0.131  0.041 -0.038  0.382   0.5456022628
 504  0.234  0.114  0.131  0.041 -0.038  0.382   0.5456011574
 505  0.234  0.111  0.131  0.041 -0.038  0.382   0.5455995379
 519  0.234  0.111  0.130  0.041 -0.038  0.382   0.5455992453
 526  0.234  0.111  0.129  0.042 -0.038  0.382   0.5455991954
 529  0.234  0.112  0.129  0.042 -0.038  0.382   0.5455989589
 532  0.234  0.112  0.129  0.042 -0.038  0.382   0.5455989199
 550  0.237  0.111  0.132  0.041 -0.038  0.385   0.5455979562
 551  0.236  0.111  0.131  0.041 -0.038  0.384   0.5455979157
 556  0.236  0.111  0.131  0.041 -0.038  0.384   0.5455976162
  powell nthiter 7: fret = 0.545598
 579  0.236  0.110  0.131  0.041 -0.038  0.385   0.5455973586
 591  0.236  0.110  0.130  0.041 -0.038  0.385   0.5455970562
 598  0.237  0.110  0.129  0.042 -0.038  0.384   0.5455966859
 599  0.237  0.110  0.129  0.042 -0.038  0.384   0.5455966798
 612  0.237  0.110  0.129  0.042 -0.039  0.384   0.5455965265
 619  0.240  0.110  0.132  0.040 -0.039  0.387   0.5455960567
 620  0.239  0.110  0.131  0.041 -0.039  0.386   0.5455960149
 622  0.238  0.110  0.130  0.041 -0.039  0.385   0.5455959397
 624  0.238  0.110  0.130  0.041 -0.039  0.386   0.5455957274
 625  0.238  0.110  0.130  0.041 -0.039  0.386   0.5455957243
 626  0.238  0.110  0.130  0.041 -0.039  0.386   0.5455956570
 629  0.240  0.109  0.129  0.042 -0.040  0.387   0.5455955026
  powell nthiter 8: fret = 0.545596
 688  0.238  0.111  0.128  0.043 -0.039  0.385   0.5455950953
 696  0.240  0.111  0.129  0.043 -0.038  0.386   0.5455944772
 699  0.240  0.111  0.129  0.042 -0.038  0.386   0.5455944394
  powell nthiter 9: fret = 0.545594
 722  0.240  0.109  0.129  0.042 -0.038  0.386   0.5455944260
 744  0.240  0.109  0.129  0.042 -0.038  0.386   0.5455943986
  powell nthiter 10: fret = 0.545594
 794  0.240  0.110  0.129  0.042 -0.038  0.386   0.5455943653
 817  0.240  0.110  0.129  0.042 -0.038  0.386   0.5455943433
 818  0.240  0.110  0.129  0.042 -0.038  0.386   0.5455943271
  powell nthiter 11: fret = 0.545594
 916  0.240  0.110  0.129  0.043 -0.038  0.386   0.5455943080
Powell done niters = 11
Computing relative cost
 0  -25.0 -25.0 -25.0   1.038116
 1  -25.0 -25.0  25.0   1.016542
 2  -25.0  25.0 -25.0   1.023700
 3  -25.0  25.0  25.0   1.040737
 4   25.0 -25.0 -25.0   1.007905
 5   25.0 -25.0  25.0   1.035663
 6   25.0  25.0 -25.0   1.037437
 7   25.0  25.0  25.0   1.039275
REL:  8  0.545594    8.239375  1.029922 rel = 0.529743 
Number of iterations    11
Min cost was 0.545594
Number of FunctionCalls   918
TolPowell 0.000000
nMaxItersPowell 36
OptimizationTime 32.798612 sec
Parameters at optimum (transmm)  0.23959  0.11011  0.12863
Parameters at optimum (rotdeg)  0.04255 -0.03843  0.38624 
Final costs ----------------
Number of surface hits 222415
WM  Intensity    45.1479 +/-   6.2133
Ctx Intensity    47.7975 +/-  10.9772
Pct Contrast      3.3596 +/-  28.2009
Cost   0.5456
RelCost   0.5399
Reg at min cost was 
 0.99992   0.00246  -0.01259   1.21514;
 0.01256   0.01113   0.99986  -4.15836;
 0.00260  -0.99994   0.01110  -0.44267;
 0.00000   0.00000   0.00000   1.00000;

Writing optimal reg to /out/sourcedata/freesurfer/sub-v2s0x29049_ses-1/mri/transforms/FLAIRraw.auto.dat, type = 14 
Original Reg 
 0.99998   0.00187  -0.00584   0.94637;
 0.00582   0.01037   0.99993  -4.27537;
 0.00193  -0.99994   0.01036  -0.56876;
 0.00000   0.00000   0.00000   1.00000;

Original Reg - Optimal Reg
 0.00006  -0.00060   0.00675  -0.26877;
-0.00674  -0.00076   0.00007  -0.11701;
-0.00068  -0.00001  -0.00074  -0.12609;
 0.00000   0.00000   0.00000   0.00000;

Computing change in lh position
LH rmsDiffMean 0.245990
Computing change in rh position
Surface-RMS-Diff-mm 0.323775 0.114155 0.587705
mri_segreg done
MinCost: 0.545594 45.147860 47.797468 3.359566 
tkregister2_cmdl --mov /out/sourcedata/freesurfer/sub-v2s0x29049_ses-1/mri/orig/FLAIRraw.mgz --reg /out/sourcedata/freesurfer/sub-v2s0x29049_ses-1/mri/transforms/FLAIRraw.auto.dat --noedit --ltaout /out/sourcedata/freesurfer/sub-v2s0x29049_ses-1/mri/transforms/FLAIRraw.auto.lta
INFO: no target volume specified, assuming FreeSurfer orig volume.
target  volume orig
movable volume /out/sourcedata/freesurfer/sub-v2s0x29049_ses-1/mri/orig/FLAIRraw.mgz
reg file       /out/sourcedata/freesurfer/sub-v2s0x29049_ses-1/mri/transforms/FLAIRraw.auto.dat
LoadVol        0
ZeroCRAS       0
7.3.2
Diagnostic Level -1
---- Input registration matrix --------
 0.99992   0.00246  -0.01259   1.21514;
 0.01256   0.01113   0.99986  -4.15836;
 0.00260  -0.99994   0.01110  -0.44267;
 0.00000   0.00000   0.00000   1.00000;
float2int = 0
---------------------------------------
INFO: loading target /out/sourcedata/freesurfer/sub-v2s0x29049_ses-1/mri/orig.mgz
Ttarg: --------------------
-1.00000   0.00000   0.00000   128.00000;
 0.00000   0.00000   1.00000  -128.00000;
 0.00000  -1.00000   0.00000   128.00000;
 0.00000   0.00000   0.00000   1.00000;
INFO: loading movable /out/sourcedata/freesurfer/sub-v2s0x29049_ses-1/mri/orig/FLAIRraw.mgz
Tmov: --------------------
-0.97656   0.00000   0.00000   91.30859;
 0.00000   0.00000   0.97656  -125.00000;
 0.00000  -0.97656   0.00000   125.00000;
 0.00000   0.00000   0.00000   1.00000;
mkheaderreg = 0, float2int = 0
---- Input registration matrix --------
 0.99992   0.00246  -0.01259   1.21514;
 0.01256   0.01113   0.99986  -4.15836;
 0.00260  -0.99994   0.01110  -0.44267;
 0.00000   0.00000   0.00000   1.00000;
Determinant 1
subject = sub-v2s0x29049_ses-1
RegMat ---------------------------
 0.99992   0.00246  -0.01259   1.21514;
 0.01256   0.01113   0.99986  -4.15836;
 0.00260  -0.99994   0.01110  -0.44267;
 0.00000   0.00000   0.00000   1.00000;
Cleaning up
 
Started at Tue Mar 10 15:07:47 CET 2026 
Ended   at Tue Mar 10 15:09:21 CET 2026
BBR-Run-Time-Sec 94
 
bbregister Done
To check results, run:
tkregisterfv --mov /out/sourcedata/freesurfer/sub-v2s0x29049_ses-1/mri/orig/FLAIRraw.mgz --reg /out/sourcedata/freesurfer/sub-v2s0x29049_ses-1/mri/transforms/FLAIRraw.auto.lta --surfs  --sd /out/sourcedata/freesurfer
