status file for recon-all
Tue Mar 10 09:12:39 CET 2026
#@# T2/FLAIR Input Tue Mar 10 09:12:41 CET 2026
#@# MotionCor Tue Mar 10 09:12:42 CET 2026
#@# Talairach Tue Mar 10 09:12:50 CET 2026
#@# Talairach Failure Detection Tue Mar 10 09:17:16 CET 2026
#@# Nu Intensity Correction Tue Mar 10 09:17:16 CET 2026
#@# Intensity Normalization Tue Mar 10 09:20:31 CET 2026
recon-all -s sub-v2s0x29029_ses-1 finished without error at Tue Mar 10 09:22:01 CET 2026



#New# invocation of recon-all 



status file for recon-all
Tue Mar 10 09:28:59 CET 2026
#@# EM Registration Tue Mar 10 09:28:59 CET 2026
recon-all -s sub-v2s0x29029_ses-1 finished without error at Tue Mar 10 09:30:23 CET 2026



#New# invocation of recon-all 



status file for recon-all
Tue Mar 10 09:30:26 CET 2026
#@# CA Normalize Tue Mar 10 09:30:26 CET 2026
#@# CA Reg Tue Mar 10 09:31:50 CET 2026
#@# SubCort Seg Tue Mar 10 10:10:12 CET 2026
#@# CC Seg Tue Mar 10 10:38:17 CET 2026
#@# Merge ASeg Tue Mar 10 10:38:54 CET 2026
#@# Intensity Normalization2 Tue Mar 10 10:38:54 CET 2026
#@# Mask BFS Tue Mar 10 10:41:04 CET 2026
#@# WM Segmentation Tue Mar 10 10:41:05 CET 2026
#@# Fill Tue Mar 10 10:43:01 CET 2026
recon-all -s sub-v2s0x29029_ses-1 finished without error at Tue Mar 10 10:44:01 CET 2026



#New# invocation of recon-all 



status file for recon-all
Tue Mar 10 11:18:57 CET 2026
#@# Refine Pial Surfs w/ T2/FLAIR Tue Mar 10 11:18:57 CET 2026
#@# white curv lh Tue Mar 10 11:38:38 CET 2026
#@# white area lh Tue Mar 10 11:38:39 CET 2026
#@# pial curv lh Tue Mar 10 11:38:39 CET 2026
#@# pial area lh Tue Mar 10 11:38:40 CET 2026
#@# thickness lh Tue Mar 10 11:38:41 CET 2026
#@# area and vertex vol lh Tue Mar 10 11:39:07 CET 2026
#@# white curv rh Tue Mar 10 11:39:08 CET 2026
#@# white area rh Tue Mar 10 11:39:08 CET 2026
#@# pial curv rh Tue Mar 10 11:39:08 CET 2026
#@# pial area rh Tue Mar 10 11:39:10 CET 2026
#@# thickness rh Tue Mar 10 11:39:10 CET 2026
#@# area and vertex vol rh Tue Mar 10 11:39:36 CET 2026
#@# Cortical ribbon mask Tue Mar 10 11:39:37 CET 2026
recon-all -s sub-v2s0x29029_ses-1 finished without error at Tue Mar 10 11:44:17 CET 2026



#New# invocation of recon-all 



status file for recon-all
Tue Mar 10 11:49:45 CET 2026
#@# white curv lh Tue Mar 10 11:49:45 CET 2026
#@# white area lh Tue Mar 10 11:49:45 CET 2026
#@# pial curv lh Tue Mar 10 11:49:45 CET 2026
#@# pial area lh Tue Mar 10 11:49:45 CET 2026
#@# thickness lh Tue Mar 10 11:49:45 CET 2026
#@# area and vertex vol lh Tue Mar 10 11:49:45 CET 2026
#@# white curv rh Tue Mar 10 11:49:45 CET 2026
#@# white area rh Tue Mar 10 11:49:45 CET 2026
#@# pial curv rh Tue Mar 10 11:49:45 CET 2026
#@# pial area rh Tue Mar 10 11:49:45 CET 2026
#@# thickness rh Tue Mar 10 11:49:45 CET 2026
#@# area and vertex vol rh Tue Mar 10 11:49:45 CET 2026
#@# Curvature Stats lh Tue Mar 10 11:49:45 CET 2026
#@# Curvature Stats rh Tue Mar 10 11:49:47 CET 2026
#@# Relabel Hypointensities Tue Mar 10 11:49:49 CET 2026
#@# APas-to-ASeg Tue Mar 10 11:50:03 CET 2026
#@# AParc-to-ASeg aparc Tue Mar 10 11:50:10 CET 2026
#@# AParc-to-ASeg aparc.a2009s Tue Mar 10 11:50:27 CET 2026
#@# AParc-to-ASeg aparc.DKTatlas Tue Mar 10 11:50:44 CET 2026
#@# WMParc Tue Mar 10 11:51:03 CET 2026
#@# ASeg Stats Tue Mar 10 11:54:33 CET 2026
recon-all -s sub-v2s0x29029_ses-1 finished without error at Tue Mar 10 11:55:04 CET 2026
