status file for recon-all
Tue Mar 10 14:01:25 CET 2026
#@# Tessellate lh Tue Mar 10 14:01:25 CET 2026
#@# Smooth1 lh Tue Mar 10 14:01:28 CET 2026
#@# Inflation1 lh Tue Mar 10 14:01:31 CET 2026
#@# QSphere lh Tue Mar 10 14:01:43 CET 2026
#@# Fix Topology lh Tue Mar 10 14:02:38 CET 2026
#@# Smooth2 lh Tue Mar 10 14:08:21 CET 2026
#@# Inflation2 lh Tue Mar 10 14:08:24 CET 2026
#@# Curv .H and .K lh Tue Mar 10 14:08:35 CET 2026
#@# Sphere lh Tue Mar 10 14:09:22 CET 2026
#@# Surf Reg lh Tue Mar 10 14:11:53 CET 2026
#@# Jacobian white lh Tue Mar 10 14:15:03 CET 2026
#@# AvgCurv lh Tue Mar 10 14:15:04 CET 2026
#@# Cortical Parc lh Tue Mar 10 14:15:05 CET 2026
#@# white curv lh Tue Mar 10 14:20:10 CET 2026
#@# white area lh Tue Mar 10 14:20:11 CET 2026
#@# pial curv lh Tue Mar 10 14:20:12 CET 2026
#@# pial area lh Tue Mar 10 14:20:13 CET 2026
#@# thickness lh Tue Mar 10 14:20:14 CET 2026
#@# area and vertex vol lh Tue Mar 10 14:20:44 CET 2026
#@# Curvature Stats lh Tue Mar 10 14:20:45 CET 2026
#@# Cortical Parc 2 lh Tue Mar 10 14:20:47 CET 2026
#@# Cortical Parc 3 lh Tue Mar 10 14:21:00 CET 2026
#@# WM/GM Contrast lh Tue Mar 10 14:21:10 CET 2026
recon-all -s sub-v2s0x29046_ses-1 finished without error at Tue Mar 10 14:21:12 CET 2026



#New# invocation of recon-all 



status file for recon-all
Tue Mar 10 15:16:31 CET 2026
#@# white curv lh Tue Mar 10 15:16:32 CET 2026
#@# white area lh Tue Mar 10 15:16:32 CET 2026
#@# pial curv lh Tue Mar 10 15:16:32 CET 2026
#@# pial area lh Tue Mar 10 15:16:32 CET 2026
#@# thickness lh Tue Mar 10 15:16:32 CET 2026
#@# area and vertex vol lh Tue Mar 10 15:16:32 CET 2026
#@# Parcellation Stats lh Tue Mar 10 15:16:32 CET 2026
#@# Parcellation Stats 2 lh Tue Mar 10 15:16:50 CET 2026
#@# Parcellation Stats 3 lh Tue Mar 10 15:16:59 CET 2026
#@# BA_exvivo Labels lh Tue Mar 10 15:17:09 CET 2026
recon-all -s sub-v2s0x29046_ses-1 finished without error at Tue Mar 10 15:19:34 CET 2026
