status file for recon-all
Tue Mar 10 13:10:27 CET 2026
#@# T2/FLAIR Input Tue Mar 10 13:10:29 CET 2026
#@# MotionCor Tue Mar 10 13:10:31 CET 2026
#@# Talairach Tue Mar 10 13:10:39 CET 2026
#@# Talairach Failure Detection Tue Mar 10 13:15:02 CET 2026
#@# Nu Intensity Correction Tue Mar 10 13:15:02 CET 2026
#@# Intensity Normalization Tue Mar 10 13:18:18 CET 2026
recon-all -s sub-v2s0x30149_ses-1 finished without error at Tue Mar 10 13:19:53 CET 2026



#New# invocation of recon-all 



status file for recon-all
Tue Mar 10 13:27:22 CET 2026
#@# EM Registration Tue Mar 10 13:27:22 CET 2026
recon-all -s sub-v2s0x30149_ses-1 finished without error at Tue Mar 10 13:29:02 CET 2026



#New# invocation of recon-all 



status file for recon-all
Tue Mar 10 13:29:07 CET 2026
#@# CA Normalize Tue Mar 10 13:29:07 CET 2026
#@# CA Reg Tue Mar 10 13:30:26 CET 2026
#@# SubCort Seg Tue Mar 10 14:21:35 CET 2026
#@# CC Seg Tue Mar 10 14:48:49 CET 2026
#@# Merge ASeg Tue Mar 10 14:49:31 CET 2026
#@# Intensity Normalization2 Tue Mar 10 14:49:31 CET 2026
#@# Mask BFS Tue Mar 10 14:51:55 CET 2026
#@# WM Segmentation Tue Mar 10 14:51:56 CET 2026
#@# Fill Tue Mar 10 14:53:51 CET 2026
recon-all -s sub-v2s0x30149_ses-1 finished without error at Tue Mar 10 14:54:58 CET 2026



#New# invocation of recon-all 



status file for recon-all
Tue Mar 10 15:36:40 CET 2026
#@# Refine Pial Surfs w/ T2/FLAIR Tue Mar 10 15:36:40 CET 2026
#@# white curv lh Tue Mar 10 16:00:03 CET 2026
#@# white area lh Tue Mar 10 16:00:03 CET 2026
#@# pial curv lh Tue Mar 10 16:00:03 CET 2026
#@# pial area lh Tue Mar 10 16:00:04 CET 2026
#@# thickness lh Tue Mar 10 16:00:05 CET 2026
#@# area and vertex vol lh Tue Mar 10 16:00:32 CET 2026
#@# white curv rh Tue Mar 10 16:00:33 CET 2026
#@# white area rh Tue Mar 10 16:00:33 CET 2026
#@# pial curv rh Tue Mar 10 16:00:33 CET 2026
#@# pial area rh Tue Mar 10 16:00:34 CET 2026
#@# thickness rh Tue Mar 10 16:00:35 CET 2026
#@# area and vertex vol rh Tue Mar 10 16:01:01 CET 2026
#@# Cortical ribbon mask Tue Mar 10 16:01:03 CET 2026
recon-all -s sub-v2s0x30149_ses-1 finished without error at Tue Mar 10 16:04:09 CET 2026



#New# invocation of recon-all 



status file for recon-all
Tue Mar 10 16:10:27 CET 2026
#@# white curv lh Tue Mar 10 16:10:27 CET 2026
#@# white area lh Tue Mar 10 16:10:27 CET 2026
#@# pial curv lh Tue Mar 10 16:10:27 CET 2026
#@# pial area lh Tue Mar 10 16:10:27 CET 2026
#@# thickness lh Tue Mar 10 16:10:27 CET 2026
#@# area and vertex vol lh Tue Mar 10 16:10:27 CET 2026
#@# white curv rh Tue Mar 10 16:10:27 CET 2026
#@# white area rh Tue Mar 10 16:10:28 CET 2026
#@# pial curv rh Tue Mar 10 16:10:28 CET 2026
#@# pial area rh Tue Mar 10 16:10:28 CET 2026
#@# thickness rh Tue Mar 10 16:10:28 CET 2026
#@# area and vertex vol rh Tue Mar 10 16:10:28 CET 2026
#@# Curvature Stats lh Tue Mar 10 16:10:28 CET 2026
#@# Curvature Stats rh Tue Mar 10 16:10:30 CET 2026
#@# Relabel Hypointensities Tue Mar 10 16:10:32 CET 2026
#@# APas-to-ASeg Tue Mar 10 16:10:46 CET 2026
#@# AParc-to-ASeg aparc Tue Mar 10 16:10:54 CET 2026
#@# AParc-to-ASeg aparc.a2009s Tue Mar 10 16:11:18 CET 2026
#@# AParc-to-ASeg aparc.DKTatlas Tue Mar 10 16:11:41 CET 2026
#@# WMParc Tue Mar 10 16:12:03 CET 2026
#@# ASeg Stats Tue Mar 10 16:16:05 CET 2026
recon-all -s sub-v2s0x30149_ses-1 finished without error at Tue Mar 10 16:16:46 CET 2026
