status file for recon-all
Tue Mar 10 09:59:02 CET 2026
#@# Tessellate rh Tue Mar 10 09:59:02 CET 2026
#@# Smooth1 rh Tue Mar 10 09:59:05 CET 2026
#@# Inflation1 rh Tue Mar 10 09:59:08 CET 2026
#@# QSphere rh Tue Mar 10 09:59:19 CET 2026
#@# Fix Topology rh Tue Mar 10 10:00:19 CET 2026
#@# Smooth2 rh Tue Mar 10 10:05:50 CET 2026
#@# Inflation2 rh Tue Mar 10 10:05:53 CET 2026
#@# Curv .H and .K rh Tue Mar 10 10:06:04 CET 2026
#@# Sphere rh Tue Mar 10 10:06:57 CET 2026
#@# Surf Reg rh Tue Mar 10 10:10:04 CET 2026
#@# Jacobian white rh Tue Mar 10 10:13:46 CET 2026
#@# AvgCurv rh Tue Mar 10 10:13:47 CET 2026
#@# Cortical Parc rh Tue Mar 10 10:13:48 CET 2026
#@# white curv rh Tue Mar 10 10:19:53 CET 2026
#@# white area rh Tue Mar 10 10:19:54 CET 2026
#@# pial curv rh Tue Mar 10 10:19:55 CET 2026
#@# pial area rh Tue Mar 10 10:19:57 CET 2026
#@# thickness rh Tue Mar 10 10:19:57 CET 2026
#@# area and vertex vol rh Tue Mar 10 10:20:30 CET 2026
#@# Curvature Stats rh Tue Mar 10 10:20:31 CET 2026
#@# Cortical Parc 2 rh Tue Mar 10 10:20:34 CET 2026
#@# Cortical Parc 3 rh Tue Mar 10 10:20:48 CET 2026
#@# WM/GM Contrast rh Tue Mar 10 10:20:58 CET 2026
recon-all -s sub-v2s0x29007_ses-1 finished without error at Tue Mar 10 10:21:01 CET 2026



#New# invocation of recon-all 



status file for recon-all
Tue Mar 10 10:31:34 CET 2026
#@# white curv rh Tue Mar 10 10:31:34 CET 2026
#@# white area rh Tue Mar 10 10:31:34 CET 2026
#@# pial curv rh Tue Mar 10 10:31:34 CET 2026
#@# pial area rh Tue Mar 10 10:31:34 CET 2026
#@# thickness rh Tue Mar 10 10:31:34 CET 2026
#@# area and vertex vol rh Tue Mar 10 10:31:35 CET 2026
#@# Parcellation Stats rh Tue Mar 10 10:31:35 CET 2026
#@# Parcellation Stats 2 rh Tue Mar 10 10:31:56 CET 2026
#@# Parcellation Stats 3 rh Tue Mar 10 10:32:07 CET 2026
#@# BA_exvivo Labels rh Tue Mar 10 10:32:17 CET 2026
recon-all -s sub-v2s0x29007_ses-1 finished without error at Tue Mar 10 10:34:52 CET 2026
