status file for recon-all
Tue Mar 10 07:58:50 CET 2026
#@# MotionCor Tue Mar 10 07:58:52 CET 2026
#@# Talairach Tue Mar 10 07:59:00 CET 2026
#@# Talairach Failure Detection Tue Mar 10 08:03:25 CET 2026
#@# Nu Intensity Correction Tue Mar 10 08:03:25 CET 2026
#@# Intensity Normalization Tue Mar 10 08:06:41 CET 2026
recon-all -s sub-v2s0x29007_ses-1 finished without error at Tue Mar 10 08:08:16 CET 2026



#New# invocation of recon-all 



status file for recon-all
Tue Mar 10 08:15:30 CET 2026
#@# EM Registration Tue Mar 10 08:15:30 CET 2026
recon-all -s sub-v2s0x29007_ses-1 finished without error at Tue Mar 10 08:16:59 CET 2026



#New# invocation of recon-all 



status file for recon-all
Tue Mar 10 08:17:02 CET 2026
#@# CA Normalize Tue Mar 10 08:17:02 CET 2026
#@# CA Reg Tue Mar 10 08:18:22 CET 2026
#@# SubCort Seg Tue Mar 10 08:59:03 CET 2026
#@# CC Seg Tue Mar 10 09:30:17 CET 2026
#@# Merge ASeg Tue Mar 10 09:30:55 CET 2026
#@# Intensity Normalization2 Tue Mar 10 09:30:55 CET 2026
#@# Mask BFS Tue Mar 10 09:33:16 CET 2026
#@# WM Segmentation Tue Mar 10 09:33:16 CET 2026
#@# Fill Tue Mar 10 09:35:22 CET 2026
recon-all -s sub-v2s0x29007_ses-1 finished without error at Tue Mar 10 09:36:24 CET 2026



#New# invocation of recon-all 



status file for recon-all
Tue Mar 10 10:21:04 CET 2026
#@# white curv lh Tue Mar 10 10:21:04 CET 2026
#@# white area lh Tue Mar 10 10:21:04 CET 2026
#@# pial curv lh Tue Mar 10 10:21:04 CET 2026
#@# pial area lh Tue Mar 10 10:21:04 CET 2026
#@# thickness lh Tue Mar 10 10:21:04 CET 2026
#@# area and vertex vol lh Tue Mar 10 10:21:04 CET 2026
#@# white curv rh Tue Mar 10 10:21:04 CET 2026
#@# white area rh Tue Mar 10 10:21:04 CET 2026
#@# pial curv rh Tue Mar 10 10:21:04 CET 2026
#@# pial area rh Tue Mar 10 10:21:04 CET 2026
#@# thickness rh Tue Mar 10 10:21:04 CET 2026
#@# area and vertex vol rh Tue Mar 10 10:21:04 CET 2026
#@# Cortical ribbon mask Tue Mar 10 10:21:04 CET 2026
recon-all -s sub-v2s0x29007_ses-1 finished without error at Tue Mar 10 10:28:14 CET 2026



#New# invocation of recon-all 



status file for recon-all
Tue Mar 10 10:34:58 CET 2026
#@# white curv lh Tue Mar 10 10:34:58 CET 2026
#@# white area lh Tue Mar 10 10:34:58 CET 2026
#@# pial curv lh Tue Mar 10 10:34:58 CET 2026
#@# pial area lh Tue Mar 10 10:34:58 CET 2026
#@# thickness lh Tue Mar 10 10:34:58 CET 2026
#@# area and vertex vol lh Tue Mar 10 10:34:58 CET 2026
#@# white curv rh Tue Mar 10 10:34:58 CET 2026
#@# white area rh Tue Mar 10 10:34:58 CET 2026
#@# pial curv rh Tue Mar 10 10:34:58 CET 2026
#@# pial area rh Tue Mar 10 10:34:58 CET 2026
#@# thickness rh Tue Mar 10 10:34:58 CET 2026
#@# area and vertex vol rh Tue Mar 10 10:34:58 CET 2026
#@# Curvature Stats lh Tue Mar 10 10:34:58 CET 2026
#@# Curvature Stats rh Tue Mar 10 10:35:00 CET 2026
#@# Relabel Hypointensities Tue Mar 10 10:35:03 CET 2026
#@# APas-to-ASeg Tue Mar 10 10:35:18 CET 2026
#@# AParc-to-ASeg aparc Tue Mar 10 10:35:25 CET 2026
#@# AParc-to-ASeg aparc.a2009s Tue Mar 10 10:35:51 CET 2026
#@# AParc-to-ASeg aparc.DKTatlas Tue Mar 10 10:36:18 CET 2026
#@# WMParc Tue Mar 10 10:36:44 CET 2026
#@# ASeg Stats Tue Mar 10 10:40:22 CET 2026
recon-all -s sub-v2s0x29007_ses-1 finished without error at Tue Mar 10 10:40:54 CET 2026
