status file for recon-all
Tue Mar 10 15:09:29 CET 2026
#@# Tessellate rh Tue Mar 10 15:09:30 CET 2026
#@# Smooth1 rh Tue Mar 10 15:09:33 CET 2026
#@# Inflation1 rh Tue Mar 10 15:09:35 CET 2026
#@# QSphere rh Tue Mar 10 15:09:44 CET 2026
#@# Fix Topology rh Tue Mar 10 15:10:34 CET 2026
#@# Smooth2 rh Tue Mar 10 15:15:49 CET 2026
#@# Inflation2 rh Tue Mar 10 15:15:52 CET 2026
#@# Curv .H and .K rh Tue Mar 10 15:16:02 CET 2026
#@# Sphere rh Tue Mar 10 15:16:46 CET 2026
#@# Surf Reg rh Tue Mar 10 15:19:56 CET 2026
#@# Jacobian white rh Tue Mar 10 15:23:11 CET 2026
#@# AvgCurv rh Tue Mar 10 15:23:12 CET 2026
#@# Cortical Parc rh Tue Mar 10 15:23:12 CET 2026
#@# white curv rh Tue Mar 10 15:28:41 CET 2026
#@# white area rh Tue Mar 10 15:28:43 CET 2026
#@# pial curv rh Tue Mar 10 15:28:43 CET 2026
#@# pial area rh Tue Mar 10 15:28:45 CET 2026
#@# thickness rh Tue Mar 10 15:28:45 CET 2026
#@# area and vertex vol rh Tue Mar 10 15:29:13 CET 2026
#@# Curvature Stats rh Tue Mar 10 15:29:14 CET 2026
#@# Cortical Parc 2 rh Tue Mar 10 15:29:16 CET 2026
#@# Cortical Parc 3 rh Tue Mar 10 15:29:28 CET 2026
#@# WM/GM Contrast rh Tue Mar 10 15:29:37 CET 2026
recon-all -s sub-v2s0x30147_ses-1 finished without error at Tue Mar 10 15:29:40 CET 2026



#New# invocation of recon-all 



status file for recon-all
Tue Mar 10 16:00:56 CET 2026
#@# white curv rh Tue Mar 10 16:00:56 CET 2026
#@# white area rh Tue Mar 10 16:00:56 CET 2026
#@# pial curv rh Tue Mar 10 16:00:56 CET 2026
#@# pial area rh Tue Mar 10 16:00:56 CET 2026
#@# thickness rh Tue Mar 10 16:00:56 CET 2026
#@# area and vertex vol rh Tue Mar 10 16:00:56 CET 2026
#@# Parcellation Stats rh Tue Mar 10 16:00:56 CET 2026
#@# Parcellation Stats 2 rh Tue Mar 10 16:01:12 CET 2026
#@# Parcellation Stats 3 rh Tue Mar 10 16:01:20 CET 2026
#@# BA_exvivo Labels rh Tue Mar 10 16:01:28 CET 2026
recon-all -s sub-v2s0x30147_ses-1 finished without error at Tue Mar 10 16:03:41 CET 2026
