/out/sourcedata/freesurfer/sub-v2s0x29055_ses-1/mri
/opt/freesurfer/bin/talairach_avi
--i orig_nu.mgz --xfm transforms/talairach.auto.xfm
talairach_avi 7.3.2
Linux dna060 5.14.0-427.37.1.el9_4.x86_64 #1 SMP PREEMPT_DYNAMIC Fri Sep 13 12:41:50 EDT 2024 x86_64 x86_64 x86_64 GNU/Linux
Tue Mar 10 12:54:06 CET 2026
mri_convert orig_nu.mgz talsrcimg.img 
reading from orig_nu.mgz...
TR=0.00, TE=0.00, TI=0.00, flip angle=0.00
i_ras = (-1, 0, 0)
j_ras = (0, 0, -1)
k_ras = (0, 1, 0)
writing to talsrcimg.img...
Analyze Output Matrix
-1.00000   0.00000   0.00000   135.28574;
 0.00000   0.00000   1.00000  -88.68123;
 0.00000  -1.00000   0.00000   114.26961;
 0.00000   0.00000   0.00000   1.00000;
--------------------
INFO: set hdr.hist.orient to -1
mpr2mni305 talsrcimg
Tue Mar 10 12:54:06 CET 2026
/opt/freesurfer/bin/mpr2mni305 talsrcimg
mpr2mni305 7.3.2
target=711-2C_as_mni_average_305

---------------------------------------------------------------------
analyzeto4dfp talsrcimg -O0 -y
---------------------------------------------------------------------

freesurfer ifh2hdr.c
Tue Mar 10 12:54:07 2026
Writing: talsrcimg.4dfp.hdr
freesurfer analyzeto4dfp.c
Reading: talsrcimg.hdr
header size 348 bytes
hdr.dime.datatype	offset=70	value=2
hdr.dime.bitpix		offset=72	value=8
hdr.hist.orient		offset=252	value=-1
dimensionality     4
dimensions       256       256       256         1
Reading: talsrcimg.img
Writing: talsrcimg.4dfp.img
Writing: talsrcimg.4dfp.ifh
ifh2hdr talsrcimg -r0to255
ori=2

---------------------------------------------------------------------
gauss_4dfp talsrcimg 1.1
---------------------------------------------------------------------

freesurfer gauss_4dfp.c
Reading: talsrcimg.4dfp.img
Writing: talsrcimg_g11.4dfp.img
image dimensions 256 256 256 padded to 288 288 288
processing volume 1freesurfer ifh2hdr.c
Tue Mar 10 12:54:08 2026
Writing: talsrcimg_g11.4dfp.hdr

Writing: talsrcimg_g11.4dfp.ifh
including: talsrcimg.4dfp.img.rec in talsrcimg_g11.4dfp.img.rec

---------------------------------------------------------------------
imgreg_4dfp /opt/freesurfer/average/711-2C_as_mni_average_305 none talsrcimg_g11 none talsrcimg_to_711-2C_as_mni_average_305_t4 4355
---------------------------------------------------------------------

freesurfer imgreg_4dfp.c
/opt/freesurfer/average/711-2C_as_mni_average_305.4dfp.img
       256       256       256         1
  1.000000  1.000000  1.000000
orientation T byte_order littleendian
Reading image: /opt/freesurfer/average/711-2C_as_mni_average_305.4dfp.img
dimensions:      256       256       256
mmppix:       1.0000   -1.0000   -1.0000
center:     128.0000 -129.0000 -129.0000
talsrcimg_g11.4dfp.img
       256       256       256         1
  1.000000  1.000000  1.000000
orientation T byte_order littleendian
Reading image: talsrcimg_g11.4dfp.img
dimensions:      256       256       256
mmppix:       1.0000   -1.0000   -1.0000
center:     128.0000 -129.0000 -129.0000
t4_read: open error in t4_sub.f l:  41 t4_file(1:l)talsrcimg_to_711-2C_as_mni_average_305_t4 
t4_read: transform initialized to I4
rotation matrix determinant  1.000000
image alignment mode   4355 decimal     1103 hex
   -7.5000  -45.0000  -45.0000 9663.6729   10.1128
    0.0000  -45.0000  -45.000010030.6709   10.1535
    7.5000  -45.0000  -45.0000 9639.0361   10.1360
   -7.5000  -37.5000  -45.0000 9862.8691   10.0301
    0.0000  -37.5000  -45.000010226.5352   10.0693
    7.5000  -37.5000  -45.0000 9828.4990   10.0517
   -7.5000  -30.0000  -45.000010368.0371    9.8415
    0.0000  -30.0000  -45.000010754.1611    9.8814
    7.5000  -30.0000  -45.000010321.8486    9.8633
   -7.5000  -22.5000  -45.000010878.9336    9.6862
    0.0000  -22.5000  -45.000011288.2598    9.7272
    7.5000  -22.5000  -45.000010810.1484    9.7087
   -7.5000  -15.0000  -45.000011402.6387    9.5976
    0.0000  -15.0000  -45.000011824.6738    9.6386
    7.5000  -15.0000  -45.000011288.6895    9.6201
   -7.5000   -7.5000  -45.000011911.5195    9.5717
    0.0000   -7.5000  -45.000012346.9121    9.6116
    7.5000   -7.5000  -45.000011767.9873    9.5946
   -7.5000    0.0000  -45.000012376.2822    9.5748
    0.0000    0.0000  -45.000012831.8789    9.6133
    7.5000    0.0000  -45.000012206.6201    9.5975
   -7.5000    7.5000  -45.000011909.0547    9.6981
    0.0000    7.5000  -45.000012353.7988    9.7359
    7.5000    7.5000  -45.000011718.2256    9.7194
   -7.5000   15.0000  -45.000011335.5615    9.8771
    0.0000   15.0000  -45.000011745.0840    9.9170
    7.5000   15.0000  -45.000011134.1768    9.8993
   -7.5000   22.5000  -45.000010727.4287   10.0728
    0.0000   22.5000  -45.000011125.6328   10.1163
    7.5000   22.5000  -45.000010527.4932   10.0984
   -7.5000   30.0000  -45.000010112.5430   10.1546
    0.0000   30.0000  -45.000010487.5400   10.2012
    7.5000   30.0000  -45.0000 9906.3818   10.1835
   -7.5000   37.5000  -45.0000 9839.9990   10.4139
    0.0000   37.5000  -45.000010194.0674   10.4623
    7.5000   37.5000  -45.0000 9612.5889   10.4452
   -7.5000   45.0000  -45.0000 9186.3242   10.4493
    0.0000   45.0000  -45.0000 9517.9473   10.4989
    7.5000   45.0000  -45.0000 8977.7061   10.4836
   -7.5000  -45.0000  -37.500010057.2402   10.1214
    0.0000  -45.0000  -37.500010434.2607   10.1637
    7.5000  -45.0000  -37.500010037.5234   10.1452
   -7.5000  -37.5000  -37.500010277.7549   10.0396
    0.0000  -37.5000  -37.500010667.4404   10.0798
    7.5000  -37.5000  -37.500010255.8369   10.0622
   -7.5000  -30.0000  -37.500010851.6221    9.8508
    0.0000  -30.0000  -37.500011278.0088    9.8901
    7.5000  -30.0000  -37.500010812.1338    9.8717
   -7.5000  -22.5000  -37.500011455.3105    9.6950
    0.0000  -22.5000  -37.500011917.4072    9.7345
    7.5000  -22.5000  -37.500011385.8184    9.7147
   -7.5000  -15.0000  -37.500012045.0850    9.6053
    0.0000  -15.0000  -37.500012519.0381    9.6453
    7.5000  -15.0000  -37.500011922.9229    9.6251
   -7.5000   -7.5000  -37.500012609.7607    9.5788
    0.0000   -7.5000  -37.500013091.9746    9.6193
    7.5000   -7.5000  -37.500012451.6865    9.6008
   -7.5000    0.0000  -37.500013081.4297    9.5827
    0.0000    0.0000  -37.500013563.4385    9.6228
    7.5000    0.0000  -37.500012880.6914    9.6059
   -7.5000    7.5000  -37.500012604.6826    9.7068
    0.0000    7.5000  -37.500013054.7246    9.7457
    7.5000    7.5000  -37.500012371.3115    9.7290
   -7.5000   15.0000  -37.500012003.4434    9.8843
    0.0000   15.0000  -37.500012415.4092    9.9234
    7.5000   15.0000  -37.500011764.9609    9.9053
   -7.5000   22.5000  -37.500011361.6553   10.0784
    0.0000   22.5000  -37.500011768.8486   10.1205
    7.5000   22.5000  -37.500011136.6396   10.1014
   -7.5000   30.0000  -37.500010702.9326   10.1594
    0.0000   30.0000  -37.500011097.1064   10.2056
    7.5000   30.0000  -37.500010464.2422   10.1863
   -7.5000   37.5000  -37.500010394.9580   10.4201
    0.0000   37.5000  -37.500010778.8174   10.4690
    7.5000   37.5000  -37.500010154.3887   10.4501
   -7.5000   45.0000  -37.5000 9681.0391   10.4564
    0.0000   45.0000  -37.500010030.5732   10.5075
    7.5000   45.0000  -37.5000 9455.6035   10.4916
   -7.5000  -45.0000  -30.000010605.9639   10.5747
    0.0000  -45.0000  -30.000011001.0010   10.6249
    7.5000  -45.0000  -30.000010557.7236   10.6098
   -7.5000  -37.5000  -30.000010851.3564   10.4847
    0.0000  -37.5000  -30.000011261.9561   10.5325
    7.5000  -37.5000  -30.000010803.7939   10.5190
   -7.5000  -30.0000  -30.000011508.7822   10.2864
    0.0000  -30.0000  -30.000011957.8682   10.3319
    7.5000  -30.0000  -30.000011456.0723   10.3169
   -7.5000  -22.5000  -30.000012208.5869   10.1270
    0.0000  -22.5000  -30.000012699.7520   10.1717
    7.5000  -22.5000  -30.000012123.7471   10.1541
   -7.5000  -15.0000  -30.000012877.2246   10.0354
    0.0000  -15.0000  -30.000013385.5693   10.0806
    7.5000  -15.0000  -30.000012753.7773   10.0622
   -7.5000   -7.5000  -30.000013509.5693   10.0071
    0.0000   -7.5000  -30.000014022.8418   10.0537
    7.5000   -7.5000  -30.000013329.5537   10.0373
   -7.5000    0.0000  -30.000014037.9863   10.0087
    0.0000    0.0000  -30.000014534.1582   10.0556
    7.5000    0.0000  -30.000013789.3633   10.0417
   -7.5000    7.5000  -30.000013526.5586   10.1360
    0.0000    7.5000  -30.000013985.9727   10.1818
    7.5000    7.5000  -30.000013252.0176   10.1688
   -7.5000   15.0000  -30.000012914.1045   10.3222
    0.0000   15.0000  -30.000013340.9053   10.3674
    7.5000   15.0000  -30.000012659.0908   10.3530
   -7.5000   22.5000  -30.000012228.7510   10.5265
    0.0000   22.5000  -30.000012650.7051   10.5742
    7.5000   22.5000  -30.000011979.1807   10.5581
   -7.5000   30.0000  -30.000011510.0049   10.6164
    0.0000   30.0000  -30.000011931.3145   10.6682
    7.5000   30.0000  -30.000011246.5908   10.6513
   -7.5000   37.5000  -30.000011159.7402   10.8899
    0.0000   37.5000  -30.000011576.1064   10.9454
    7.5000   37.5000  -30.000010889.1826   10.9300
   -7.5000   45.0000  -30.000010375.2812   10.9320
    0.0000   45.0000  -30.000010749.0518   10.9912
    7.5000   45.0000  -30.000010135.5254   10.9804
   -7.5000  -45.0000  -22.500011123.4131   10.9309
    0.0000  -45.0000  -22.500011518.5879   10.9871
    7.5000  -45.0000  -22.500011061.9775   10.9774
   -7.5000  -37.5000  -22.500011391.8262   10.8320
    0.0000  -37.5000  -22.500011813.8340   10.8865
    7.5000  -37.5000  -22.500011346.8604   10.8782
   -7.5000  -30.0000  -22.500012097.7695   10.6265
    0.0000  -30.0000  -22.500012563.1953   10.6793
    7.5000  -30.0000  -22.500012053.1377   10.6689
   -7.5000  -22.5000  -22.500012840.5068   10.4659
    0.0000  -22.5000  -22.500013337.6895   10.5178
    7.5000  -22.5000  -22.500012765.9297   10.5049
   -7.5000  -15.0000  -22.500013566.9141   10.3751
    0.0000  -15.0000  -22.500014107.6504   10.4267
    7.5000  -15.0000  -22.500013453.1729   10.4128
   -7.5000   -7.5000  -22.500014263.8477   10.3461
    0.0000   -7.5000  -22.500014806.5801   10.3979
    7.5000   -7.5000  -22.500014093.7480   10.3863
   -7.5000    0.0000  -22.500014857.8223   10.3444
    0.0000    0.0000  -22.500015403.0273   10.3962
    7.5000    0.0000  -22.500014633.8252   10.3871
   -7.5000    7.5000  -22.500014345.1748   10.4721
    0.0000    7.5000  -22.500014835.3535   10.5239
    7.5000    7.5000  -22.500014087.7490   10.5157
   -7.5000   15.0000  -22.500013757.6494   10.6669
    0.0000   15.0000  -22.500014207.6006   10.7195
    7.5000   15.0000  -22.500013513.9688   10.7101
   -7.5000   22.5000  -22.500013051.3008   10.8813
    0.0000   22.5000  -22.500013490.5498   10.9366
    7.5000   22.5000  -22.500012794.4619   10.9257
   -7.5000   30.0000  -22.500012261.5059   10.9806
    0.0000   30.0000  -22.500012672.3691   11.0388
    7.5000   30.0000  -22.500011983.3545   11.0270
   -7.5000   37.5000  -22.500011887.5186   11.2629
    0.0000   37.5000  -22.500012312.9277   11.3242
    7.5000   37.5000  -22.500011608.7627   11.3153
   -7.5000   45.0000  -22.500011060.9502   11.3088
    0.0000   45.0000  -22.500011455.2031   11.3741
    7.5000   45.0000  -22.500010812.9092   11.3702
   -7.5000  -45.0000  -15.000011649.9814   11.1556
    0.0000  -45.0000  -15.000012064.4150   11.2116
    7.5000  -45.0000  -15.000011549.5127   11.2038
   -7.5000  -37.5000  -15.000011941.0293   11.0534
    0.0000  -37.5000  -15.000012384.8984   11.1086
    7.5000  -37.5000  -15.000011872.5508   11.1012
   -7.5000  -30.0000  -15.000012702.5527   10.8440
    0.0000  -30.0000  -15.000013182.5908   10.8994
    7.5000  -30.0000  -15.000012647.8174   10.8901
   -7.5000  -22.5000  -15.000013461.9639   10.6806
    0.0000  -22.5000  -15.000013979.6504   10.7363
    7.5000  -22.5000  -15.000013392.4629   10.7254
   -7.5000  -15.0000  -15.000014233.3135   10.5896
    0.0000  -15.0000  -15.000014768.1963   10.6441
    7.5000  -15.0000  -15.000014115.2773   10.6328
   -7.5000   -7.5000  -15.000015009.4414   10.5611
    0.0000   -7.5000  -15.000015559.9502   10.6138
    7.5000   -7.5000  -15.000014848.1650   10.6046
   -7.5000    0.0000  -15.000015663.3770   10.5586
    0.0000    0.0000  -15.000016223.6270   10.6101
    7.5000    0.0000  -15.000015472.3496   10.6028
   -7.5000    7.5000  -15.000015158.4043   10.6876
    0.0000    7.5000  -15.000015669.6260   10.7400
    7.5000    7.5000  -15.000014971.5762   10.7326
   -7.5000   15.0000  -15.000014588.6338   10.8876
    0.0000   15.0000  -15.000015098.7539   10.9430
    7.5000   15.0000  -15.000014393.7666   10.9349
   -7.5000   22.5000  -15.000013840.4199   11.1070
    0.0000   22.5000  -15.000014317.0967   11.1659
    7.5000   22.5000  -15.000013624.6865   11.1571
   -7.5000   30.0000  -15.000012978.0830   11.2108
    0.0000   30.0000  -15.000013432.7598   11.2715
    7.5000   30.0000  -15.000012742.2002   11.2622
   -7.5000   37.5000  -15.000012598.7422   11.4973
    0.0000   37.5000  -15.000013068.0771   11.5597
    7.5000   37.5000  -15.000012346.8672   11.5539
   -7.5000   45.0000  -15.000011733.9814   11.5480
    0.0000   45.0000  -15.000012166.2939   11.6134
    7.5000   45.0000  -15.000011497.5830   11.6113
   -7.5000  -45.0000   -7.500012188.7012   11.2589
    0.0000  -45.0000   -7.500012615.4570   11.3088
    7.5000  -45.0000   -7.500012108.1523   11.2962
   -7.5000  -37.5000   -7.500012529.2881   11.1611
    0.0000  -37.5000   -7.500012961.4404   11.2103
    7.5000  -37.5000   -7.500012470.6250   11.1973
   -7.5000  -30.0000   -7.500013358.1338   10.9511
    0.0000  -30.0000   -7.500013826.0859   11.0017
    7.5000  -30.0000   -7.500013303.0967   10.9875
   -7.5000  -22.5000   -7.500014140.3291   10.7825
    0.0000  -22.5000   -7.500014655.7676   10.8343
    7.5000  -22.5000   -7.500014055.9658   10.8196
   -7.5000  -15.0000   -7.500014959.3457   10.6878
    0.0000  -15.0000   -7.500015492.8301   10.7386
    7.5000  -15.0000   -7.500014825.5156   10.7240
   -7.5000   -7.5000   -7.500015784.8916   10.6591
    0.0000   -7.5000   -7.500016348.3887   10.7076
    7.5000   -7.5000   -7.500015588.5801   10.6949
   -7.5000    0.0000   -7.500016501.2832   10.6594
    0.0000    0.0000   -7.500017078.6211   10.7059
    7.5000    0.0000   -7.500016267.9453   10.6945
   -7.5000    7.5000   -7.500016045.1182   10.7928
    0.0000    7.5000   -7.500016597.3242   10.8397
    7.5000    7.5000   -7.500015796.3154   10.8273
   -7.5000   15.0000   -7.500015569.1631   10.9940
    0.0000   15.0000   -7.500016164.0254   11.0446
    7.5000   15.0000   -7.500015323.7959   11.0313
   -7.5000   22.5000   -7.500014832.6875   11.2113
    0.0000   22.5000   -7.500015460.9512   11.2661
    7.5000   22.5000   -7.500014602.2197   11.2527
   -7.5000   30.0000   -7.500013875.2080   11.3130
    0.0000   30.0000   -7.500014407.2627   11.3699
    7.5000   30.0000   -7.500013640.1758   11.3566
   -7.5000   37.5000   -7.500013438.7852   11.6006
    0.0000   37.5000   -7.500013940.6670   11.6585
    7.5000   37.5000   -7.500013164.3301   11.6476
   -7.5000   45.0000   -7.500012533.6289   11.6571
    0.0000   45.0000   -7.500013004.1113   11.7168
    7.5000   45.0000   -7.500012215.2861   11.7081
   -7.5000  -45.0000    0.000012608.9180   11.2898
    0.0000  -45.0000    0.000013043.4238   11.3349
    7.5000  -45.0000    0.000012567.8984   11.3156
   -7.5000  -37.5000    0.000012978.0732   11.1980
    0.0000  -37.5000    0.000013424.2412   11.2415
    7.5000  -37.5000    0.000012940.7100   11.2222
   -7.5000  -30.0000    0.000013855.5234   10.9882
    0.0000  -30.0000    0.000014362.3955   11.0325
    7.5000  -30.0000    0.000013808.8105   11.0126
   -7.5000  -22.5000    0.000014699.0479   10.8149
    0.0000  -22.5000    0.000015247.8350   10.8606
    7.5000  -22.5000    0.000014643.3701   10.8401
   -7.5000  -15.0000    0.000015568.3848   10.7160
    0.0000  -15.0000    0.000016146.7402   10.7615
    7.5000  -15.0000    0.000015468.4834   10.7411
   -7.5000   -7.5000    0.000016434.5156   10.6869
    0.0000   -7.5000    0.000017061.0879   10.7313
    7.5000   -7.5000    0.000016278.2402   10.7125
   -7.5000    0.0000    0.000017219.5820   10.6905
    0.0000    0.0000    0.000017856.9238   10.7332
    7.5000    0.0000    0.000016955.9316   10.7158
   -7.5000    7.5000    0.000016856.3047   10.8282
    0.0000    7.5000    0.000017502.7832   10.8702
    7.5000    7.5000    0.000016471.6602   10.8520
   -7.5000   15.0000    0.000016559.7715   11.0278
    0.0000   15.0000    0.000017370.4746   11.0722
    7.5000   15.0000    0.000016039.5742   11.0527
   -7.5000   22.5000    0.000015947.1162   11.2419
    0.0000   22.5000    0.000016768.4785   11.2904
    7.5000   22.5000    0.000015379.2080   11.2706
   -7.5000   30.0000    0.000014934.7832   11.3404
    0.0000   30.0000    0.000015526.8105   11.3923
    7.5000   30.0000    0.000014393.9160   11.3727
   -7.5000   37.5000    0.000014402.0830   11.6291
    0.0000   37.5000    0.000014907.9258   11.6829
    7.5000   37.5000    0.000013872.8281   11.6640
   -7.5000   45.0000    0.000013298.2402   11.6909
    0.0000   45.0000    0.000013796.1504   11.7460
    7.5000   45.0000    0.000012806.0469   11.7291
   -7.5000  -45.0000    7.500012060.2002   11.3254
    0.0000  -45.0000    7.500012463.2842   11.3728
    7.5000  -45.0000    7.500012043.1826   11.3521
   -7.5000  -37.5000    7.500012458.0791   11.2339
    0.0000  -37.5000    7.500012882.9385   11.2789
    7.5000  -37.5000    7.500012435.0254   11.2592
   -7.5000  -30.0000    7.500013333.6816   11.0227
    0.0000  -30.0000    7.500013836.1914   11.0667
    7.5000  -30.0000    7.500013291.1982   11.0461
   -7.5000  -22.5000    7.500014174.7021   10.8484
    0.0000  -22.5000    7.500014716.2803   10.8926
    7.5000  -22.5000    7.500014096.9941   10.8704
   -7.5000  -15.0000    7.500015036.5762   10.7480
    0.0000  -15.0000    7.500015622.7783   10.7927
    7.5000  -15.0000    7.500014886.5400   10.7701
   -7.5000   -7.5000    7.500015866.8867   10.7183
    0.0000   -7.5000    7.500016513.8262   10.7637
    7.5000   -7.5000    7.500015629.2695   10.7429
   -7.5000    0.0000    7.500016653.4043   10.7227
    0.0000    0.0000    7.500017361.2969   10.7675
    7.5000    0.0000    7.500016294.4238   10.7487
   -7.5000    7.5000    7.500016320.0195   10.8616
    0.0000    7.5000    7.500017098.4395   10.9050
    7.5000    7.5000    7.500015797.2549   10.8864
   -7.5000   15.0000    7.500015946.6260   11.0601
    0.0000   15.0000    7.500016871.6934   11.1039
    7.5000   15.0000    7.500015296.2061   11.0837
   -7.5000   22.5000    7.500015288.3584   11.2737
    0.0000   22.5000    7.500016093.9004   11.3208
    7.5000   22.5000    7.500014581.6006   11.2995
   -7.5000   30.0000    7.500014352.6338   11.3724
    0.0000   30.0000    7.500014940.0684   11.4240
    7.5000   30.0000    7.500013679.0576   11.4025
   -7.5000   37.5000    7.500013899.5117   11.6641
    0.0000   37.5000    7.500014434.8203   11.7189
    7.5000   37.5000    7.500013269.0254   11.6977
   -7.5000   45.0000    7.500012832.9150   11.7278
    0.0000   45.0000    7.500013351.5342   11.7851
    7.5000   45.0000    7.500012285.1104   11.7673
   -7.5000  -45.0000   15.000011455.6367   11.3558
    0.0000  -45.0000   15.000011859.6357   11.4097
    7.5000  -45.0000   15.000011372.5273   11.3935
   -7.5000  -37.5000   15.000011828.0547   11.2592
    0.0000  -37.5000   15.000012252.6426   11.3105
    7.5000  -37.5000   15.000011718.1523   11.2960
   -7.5000  -30.0000   15.000012648.5781   11.0463
    0.0000  -30.0000   15.000013151.1982   11.0951
    7.5000  -30.0000   15.000012522.9150   11.0789
   -7.5000  -22.5000   15.000013467.3115   10.8751
    0.0000  -22.5000   15.000013993.9883   10.9231
    7.5000  -22.5000   15.000013300.5703   10.9041
   -7.5000  -15.0000   15.000014265.8408   10.7767
    0.0000  -15.0000   15.000014831.6934   10.8252
    7.5000  -15.0000   15.000014030.5723   10.8054
   -7.5000   -7.5000   15.000015047.4961   10.7463
    0.0000   -7.5000   15.000015640.9072   10.7963
    7.5000   -7.5000   15.000014739.5107   10.7787
   -7.5000    0.0000   15.000015702.1621   10.7480
    0.0000    0.0000   15.000016334.2646   10.7984
    7.5000    0.0000   15.000015353.6797   10.7834
   -7.5000    7.5000   15.000015234.6113   10.8847
    0.0000    7.5000   15.000015914.8877   10.9338
    7.5000    7.5000   15.000014867.6162   10.9200
   -7.5000   15.0000   15.000014707.2080   11.0847
    0.0000   15.0000   15.000015430.2744   11.1332
    7.5000   15.0000   15.000014352.0557   11.1178
   -7.5000   22.5000   15.000013971.6338   11.3016
    0.0000   22.5000   15.000014579.3848   11.3528
    7.5000   22.5000   15.000013599.8896   11.3354
   -7.5000   30.0000   15.000013148.6318   11.4040
    0.0000   30.0000   15.000013624.1182   11.4596
    7.5000   30.0000   15.000012751.8340   11.4414
   -7.5000   37.5000   15.000012830.8965   11.6978
    0.0000   37.5000   15.000013310.5254   11.7574
    7.5000   37.5000   15.000012399.3770   11.7408
   -7.5000   45.0000   15.000011949.4688   11.7586
    0.0000   45.0000   15.000012417.0752   11.8222
    7.5000   45.0000   15.000011540.6943   11.8106
   -7.5000  -45.0000   22.500010707.4736   11.4023
    0.0000  -45.0000   22.500011069.0078   11.4613
    7.5000  -45.0000   22.500010547.5879   11.4511
   -7.5000  -37.5000   22.500011040.4883   11.2987
    0.0000  -37.5000   22.500011409.4443   11.3559
    7.5000  -37.5000   22.500010886.2461   11.3471
   -7.5000  -30.0000   22.500011792.0107   11.0833
    0.0000  -30.0000   22.500012217.8857   11.1388
    7.5000  -30.0000   22.500011667.2266   11.1278
   -7.5000  -22.5000   22.500012523.5098   10.9151
    0.0000  -22.5000   22.500012997.1445   10.9696
    7.5000  -22.5000   22.500012401.6348   10.9560
   -7.5000  -15.0000   22.500013242.1035   10.8199
    0.0000  -15.0000   22.500013755.8350   10.8741
    7.5000  -15.0000   22.500013066.6201   10.8596
   -7.5000   -7.5000   22.500013946.9199   10.7896
    0.0000   -7.5000   22.500014462.4805   10.8439
    7.5000   -7.5000   22.500013712.2324   10.8318
   -7.5000    0.0000   22.500014538.3662   10.7876
    0.0000    0.0000   22.500015076.9150   10.8421
    7.5000    0.0000   22.500014286.8779   10.8326
   -7.5000    7.5000   22.500014073.2461   10.9215
    0.0000    7.5000   22.500014615.6543   10.9759
    7.5000    7.5000   22.500013863.0908   10.9672
   -7.5000   15.0000   22.500013540.6719   11.1256
    0.0000   15.0000   22.500014061.1748   11.1808
    7.5000   15.0000   22.500013361.1807   11.1710
   -7.5000   22.5000   22.500012845.7842   11.3487
    0.0000   22.5000   22.500013271.7842   11.4068
    7.5000   22.5000   22.500012657.7832   11.3954
   -7.5000   30.0000   22.500012074.9844   11.4569
    0.0000   30.0000   22.500012457.4238   11.5181
    7.5000   30.0000   22.500011874.9893   11.5057
   -7.5000   37.5000   22.500011790.3691   11.7528
    0.0000   37.5000   22.500012173.6592   11.8173
    7.5000   37.5000   22.500011564.8320   11.8080
   -7.5000   45.0000   22.500011030.6875   11.8109
    0.0000   45.0000   22.500011414.0469   11.8797
    7.5000   45.0000   22.500010790.8359   11.8756
   -7.5000  -45.0000   30.0000 9854.3320   11.4797
    0.0000  -45.0000   30.000010140.6826   11.5381
    7.5000  -45.0000   30.0000 9712.0801   11.5301
   -7.5000  -37.5000   30.000010137.1641   11.3733
    0.0000  -37.5000   30.000010438.1738   11.4310
    7.5000  -37.5000   30.000010036.4883   11.4233
   -7.5000  -30.0000   30.000010816.3994   11.1546
    0.0000  -30.0000   30.000011196.5479   11.2124
    7.5000  -30.0000   30.000010764.9209   11.2028
   -7.5000  -22.5000   30.000011486.7686   10.9838
    0.0000  -22.5000   30.000011914.8994   11.0417
    7.5000  -22.5000   30.000011426.8516   11.0305
   -7.5000  -15.0000   30.000012140.6494   10.8886
    0.0000  -15.0000   30.000012597.2158   10.9451
    7.5000  -15.0000   30.000012040.3438   10.9336
   -7.5000   -7.5000   30.000012799.6123   10.8588
    0.0000   -7.5000   30.000013265.3096   10.9136
    7.5000   -7.5000   30.000012649.0732   10.9042
   -7.5000    0.0000   30.000013368.8779   10.8566
    0.0000    0.0000   30.000013844.8350   10.9103
    7.5000    0.0000   30.000013189.3115   10.9027
   -7.5000    7.5000   30.000012946.1641   10.9915
    0.0000    7.5000   30.000013412.4199   11.0461
    7.5000    7.5000   30.000012787.8350   11.0385
   -7.5000   15.0000   30.000012441.3291   11.2001
    0.0000   15.0000   30.000012853.7725   11.2578
    7.5000   15.0000   30.000012288.4727   11.2495
   -7.5000   22.5000   30.000011778.5244   11.4253
    0.0000   22.5000   30.000012131.1094   11.4867
    7.5000   22.5000   30.000011629.0371   11.4777
   -7.5000   30.0000   30.000011084.9629   11.5338
    0.0000   30.0000   30.000011405.7822   11.5969
    7.5000   30.0000   30.000010931.6484   11.5874
   -7.5000   37.5000   30.000010804.5791   11.8311
    0.0000   37.5000   30.000011129.0654   11.8960
    7.5000   37.5000   30.000010646.4180   11.8902
   -7.5000   45.0000   30.000010113.9131   11.8911
    0.0000   45.0000   30.000010437.2461   11.9594
    7.5000   45.0000   30.0000 9959.4199   11.9573
   -7.5000  -45.0000   37.5000 9468.8291   11.7926
    0.0000  -45.0000   37.5000 9765.1348   11.8471
    7.5000  -45.0000   37.5000 9352.1006   11.8336
   -7.5000  -37.5000   37.5000 9748.8242   11.6829
    0.0000  -37.5000   37.500010043.7900   11.7367
    7.5000  -37.5000   37.5000 9666.8018   11.7226
   -7.5000  -30.0000   37.500010402.3105   11.4540
    0.0000  -30.0000   37.500010752.0000   11.5092
    7.5000  -30.0000   37.500010357.1699   11.4939
   -7.5000  -22.5000   37.500011054.5732   11.2698
    0.0000  -22.5000   37.500011455.2773   11.3262
    7.5000  -22.5000   37.500011005.9180   11.3105
   -7.5000  -15.0000   37.500011673.7715   11.1670
    0.0000  -15.0000   37.500012110.0498   11.2221
    7.5000  -15.0000   37.500011613.1631   11.2065
   -7.5000   -7.5000   37.500012316.8994   11.1367
    0.0000   -7.5000   37.500012770.6357   11.1893
    7.5000   -7.5000   37.500012209.5059   11.1757
   -7.5000    0.0000   37.500012859.4795   11.1379
    0.0000    0.0000   37.500013321.2891   11.1884
    7.5000    0.0000   37.500012717.4092   11.1762
   -7.5000    7.5000   37.500012428.7197   11.2807
    0.0000    7.5000   37.500012857.2979   11.3319
    7.5000    7.5000   37.500012277.0576   11.3186
   -7.5000   15.0000   37.500011905.9541   11.4817
    0.0000   15.0000   37.500012302.4854   11.5369
    7.5000   15.0000   37.500011756.9385   11.5226
   -7.5000   22.5000   37.500011260.7070   11.6943
    0.0000   22.5000   37.500011613.9131   11.7539
    7.5000   22.5000   37.500011101.5771   11.7396
   -7.5000   30.0000   37.500010588.5381   11.7894
    0.0000   30.0000   37.500010923.3223   11.8511
    7.5000   30.0000   37.500010436.6729   11.8372
   -7.5000   37.5000   37.500010304.6533   12.0826
    0.0000   37.5000   37.500010622.3516   12.1454
    7.5000   37.5000   37.500010155.1289   12.1340
   -7.5000   45.0000   37.5000 9663.0518   12.1423
    0.0000   45.0000   37.5000 9963.5391   12.2069
    7.5000   45.0000   37.5000 9521.8066   12.1979
   -7.5000  -45.0000   45.0000 8782.3447   12.2455
    0.0000  -45.0000   45.0000 9067.4268   12.2981
    7.5000  -45.0000   45.0000 8663.8574   12.2757
   -7.5000  -37.5000   45.0000 9061.2178   12.1201
    0.0000  -37.5000   45.0000 9335.8506   12.1711
    7.5000  -37.5000   45.0000 8969.5957   12.1488
   -7.5000  -30.0000   45.0000 9674.8809   11.8770
    0.0000  -30.0000   45.0000 9993.4590   11.9283
    7.5000  -30.0000   45.0000 9608.0557   11.9058
   -7.5000  -22.5000   45.000010276.7041   11.6790
    0.0000  -22.5000   45.000010633.7412   11.7312
    7.5000  -22.5000   45.000010210.3135   11.7083
   -7.5000  -15.0000   45.000010852.8613   11.5692
    0.0000  -15.0000   45.000011244.2549   11.6211
    7.5000  -15.0000   45.000010785.9443   11.5982
   -7.5000   -7.5000   45.000011440.8066   11.5392
    0.0000   -7.5000   45.000011864.3789   11.5901
    7.5000   -7.5000   45.000011342.5156   11.5688
   -7.5000    0.0000   45.000011932.7891   11.5432
    0.0000    0.0000   45.000012372.0537   11.5925
    7.5000    0.0000   45.000011800.3447   11.5724
   -7.5000    7.5000   45.000011515.6670   11.6856
    0.0000    7.5000   45.000011926.8232   11.7345
    7.5000    7.5000   45.000011376.5557   11.7137
   -7.5000   15.0000   45.000011011.2324   11.8824
    0.0000   15.0000   45.000011374.0420   11.9337
    7.5000   15.0000   45.000010849.7607   11.9120
   -7.5000   22.5000   45.000010405.2490   12.0902
    0.0000   22.5000   45.000010745.4727   12.1456
    7.5000   22.5000   45.000010241.5752   12.1238
   -7.5000   30.0000   45.0000 9771.3809   12.1786
    0.0000   30.0000   45.000010089.8545   12.2374
    7.5000   30.0000   45.0000 9612.8564   12.2157
   -7.5000   37.5000   45.0000 9484.7500   12.4768
    0.0000   37.5000   45.0000 9792.1660   12.5380
    7.5000   37.5000   45.0000 9343.5400   12.5171
   -7.5000   45.0000   45.0000 8900.6328   12.5424
    0.0000   45.0000   45.0000 9201.4082   12.6058
    7.5000   45.0000   45.0000 8772.2891   12.5870

---------------------------------------------------------------------
imgreg_4dfp /opt/freesurfer/average/711-2C_as_mni_average_305 /opt/freesurfer/average/711-2B_as_mni_average_305_mask talsrcimg_g11 none talsrcimg_to_711-2C_as_mni_average_305_t4 4355
---------------------------------------------------------------------

freesurfer imgreg_4dfp.c
/opt/freesurfer/average/711-2C_as_mni_average_305.4dfp.img
       256       256       256         1
  1.000000  1.000000  1.000000
orientation T byte_order littleendian
Reading image: /opt/freesurfer/average/711-2C_as_mni_average_305.4dfp.img
dimensions:      256       256       256
mmppix:       1.0000   -1.0000   -1.0000
center:     128.0000 -129.0000 -129.0000
/opt/freesurfer/average/711-2B_as_mni_average_305_mask.4dfp.img
       256       256       256         1
  1.000000  1.000000  1.000000
orientation T byte_order littleendian
Reading mask: /opt/freesurfer/average/711-2B_as_mni_average_305_mask.4dfp.img (2306576 pixels)
talsrcimg_g11.4dfp.img
       256       256       256         1
  1.000000  1.000000  1.000000
orientation T byte_order littleendian
Reading image: talsrcimg_g11.4dfp.img
dimensions:      256       256       256
mmppix:       1.0000   -1.0000   -1.0000
center:     128.0000 -129.0000 -129.0000
rotation matrix determinant  1.000000
image alignment mode   4355 decimal     1103 hex
   -7.5000  -45.0000  -45.0000 2392.5400   13.3432
    0.0000  -45.0000  -45.0000 2391.4309   13.3652
    7.5000  -45.0000  -45.0000 2366.0730   13.6006
   -7.5000  -37.5000  -45.0000 2392.0244   13.2444
    0.0000  -37.5000  -45.0000 2392.8806   13.2614
    7.5000  -37.5000  -45.0000 2371.0706   13.5010
   -7.5000  -30.0000  -45.0000 2397.2324   13.1512
    0.0000  -30.0000  -45.0000 2397.4683   13.1994
    7.5000  -30.0000  -45.0000 2374.8193   13.3995
   -7.5000  -22.5000  -45.0000 2406.8521   13.0700
    0.0000  -22.5000  -45.0000 2410.6204   13.1300
    7.5000  -22.5000  -45.0000 2383.2122   13.3126
   -7.5000  -15.0000  -45.0000 2423.5552   13.0070
    0.0000  -15.0000  -45.0000 2427.7114   13.0622
    7.5000  -15.0000  -45.0000 2400.1709   13.2229
   -7.5000   -7.5000  -45.0000 2445.2998   12.9271
    0.0000   -7.5000  -45.0000 2448.3101   12.9794
    7.5000   -7.5000  -45.0000 2420.9810   13.1409
   -7.5000    0.0000  -45.0000 2460.7224   12.8976
    0.0000    0.0000  -45.0000 2464.0859   12.9496
    7.5000    0.0000  -45.0000 2437.2332   13.1168
   -7.5000    7.5000  -45.0000 2469.6804   12.9849
    0.0000    7.5000  -45.0000 2473.5869   13.0002
    7.5000    7.5000  -45.0000 2442.5649   13.1550
   -7.5000   15.0000  -45.0000 2467.4202   13.0659
    0.0000   15.0000  -45.0000 2475.8391   13.0703
    7.5000   15.0000  -45.0000 2439.7786   13.2246
   -7.5000   22.5000  -45.0000 2460.2471   13.1984
    0.0000   22.5000  -45.0000 2471.4688   13.1978
    7.5000   22.5000  -45.0000 2441.9026   13.3454
   -7.5000   30.0000  -45.0000 2451.7375   13.4216
    0.0000   30.0000  -45.0000 2463.1528   13.4083
    7.5000   30.0000  -45.0000 2433.5056   13.5558
   -7.5000   37.5000  -45.0000 2433.5654   13.7481
    0.0000   37.5000  -45.0000 2446.3967   13.7301
    7.5000   37.5000  -45.0000 2409.0842   13.8718
   -7.5000   45.0000  -45.0000 2395.6194   14.3383
    0.0000   45.0000  -45.0000 2407.8472   14.3269
    7.5000   45.0000  -45.0000 2369.3430   14.4736
   -7.5000  -45.0000  -37.5000 2483.2183   12.4805
    0.0000  -45.0000  -37.5000 2483.0266   12.5010
    7.5000  -45.0000  -37.5000 2449.8252   12.6876
   -7.5000  -37.5000  -37.5000 2480.1191   12.3428
    0.0000  -37.5000  -37.5000 2482.5901   12.3569
    7.5000  -37.5000  -37.5000 2451.3862   12.5655
   -7.5000  -30.0000  -37.5000 2484.8816   12.2269
    0.0000  -30.0000  -37.5000 2487.5610   12.2745
    7.5000  -30.0000  -37.5000 2456.8479   12.4314
   -7.5000  -22.5000  -37.5000 2500.5850   12.1769
    0.0000  -22.5000  -37.5000 2507.6003   12.2194
    7.5000  -22.5000  -37.5000 2472.0955   12.3554
   -7.5000  -15.0000  -37.5000 2522.7498   12.0996
    0.0000  -15.0000  -37.5000 2527.9282   12.1339
    7.5000  -15.0000  -37.5000 2490.2522   12.2839
   -7.5000   -7.5000  -37.5000 2544.0320   12.0366
    0.0000   -7.5000  -37.5000 2549.9348   12.0691
    7.5000   -7.5000  -37.5000 2513.7769   12.2284
   -7.5000    0.0000  -37.5000 2552.4177   11.9859
    0.0000    0.0000  -37.5000 2557.9888   12.0009
    7.5000    0.0000  -37.5000 2527.5898   12.1500
   -7.5000    7.5000  -37.5000 2566.4211   12.0232
    0.0000    7.5000  -37.5000 2571.9141   12.0309
    7.5000    7.5000  -37.5000 2539.5181   12.1659
   -7.5000   15.0000  -37.5000 2570.1953   12.1233
    0.0000   15.0000  -37.5000 2574.9014   12.1107
    7.5000   15.0000  -37.5000 2540.5425   12.2457
   -7.5000   22.5000  -37.5000 2568.8618   12.2364
    0.0000   22.5000  -37.5000 2577.0940   12.2528
    7.5000   22.5000  -37.5000 2540.3364   12.3638
   -7.5000   30.0000  -37.5000 2554.0391   12.4580
    0.0000   30.0000  -37.5000 2563.2534   12.4587
    7.5000   30.0000  -37.5000 2528.7151   12.5665
   -7.5000   37.5000  -37.5000 2530.0808   12.7724
    0.0000   37.5000  -37.5000 2545.6294   12.7754
    7.5000   37.5000  -37.5000 2506.9543   12.9125
   -7.5000   45.0000  -37.5000 2486.2209   13.3217
    0.0000   45.0000  -37.5000 2502.8376   13.3061
    7.5000   45.0000  -37.5000 2465.1514   13.4602
   -7.5000  -45.0000  -30.0000 2610.7815   12.1462
    0.0000  -45.0000  -30.0000 2608.4463   12.1649
    7.5000  -45.0000  -30.0000 2573.6328   12.3780
   -7.5000  -37.5000  -30.0000 2604.1169   11.9757
    0.0000  -37.5000  -30.0000 2606.5947   12.0228
    7.5000  -37.5000  -30.0000 2573.2930   12.2375
   -7.5000  -30.0000  -30.0000 2611.5149   11.8398
    0.0000  -30.0000  -30.0000 2613.8992   11.8934
    7.5000  -30.0000  -30.0000 2585.5369   12.0795
   -7.5000  -22.5000  -30.0000 2628.8896   11.7616
    0.0000  -22.5000  -30.0000 2636.0015   11.8154
    7.5000  -22.5000  -30.0000 2604.5669   11.9766
   -7.5000  -15.0000  -30.0000 2650.1216   11.6788
    0.0000  -15.0000  -30.0000 2658.1196   11.7294
    7.5000  -15.0000  -30.0000 2623.3608   11.8934
   -7.5000   -7.5000  -30.0000 2670.6038   11.6128
    0.0000   -7.5000  -30.0000 2675.9814   11.6383
    7.5000   -7.5000  -30.0000 2642.0439   11.8284
   -7.5000    0.0000  -30.0000 2682.3188   11.5528
    0.0000    0.0000  -30.0000 2683.8069   11.5605
    7.5000    0.0000  -30.0000 2653.6726   11.7375
   -7.5000    7.5000  -30.0000 2696.6289   11.5500
    0.0000    7.5000  -30.0000 2701.0957   11.5718
    7.5000    7.5000  -30.0000 2668.5623   11.7009
   -7.5000   15.0000  -30.0000 2701.0835   11.6132
    0.0000   15.0000  -30.0000 2711.1064   11.6393
    7.5000   15.0000  -30.0000 2678.8167   11.7620
   -7.5000   22.5000  -30.0000 2700.2510   11.7192
    0.0000   22.5000  -30.0000 2714.2959   11.7385
    7.5000   22.5000  -30.0000 2679.0928   11.8832
   -7.5000   30.0000  -30.0000 2693.5376   11.9230
    0.0000   30.0000  -30.0000 2706.0879   11.9461
    7.5000   30.0000  -30.0000 2670.7107   12.0862
   -7.5000   37.5000  -30.0000 2668.4229   12.2783
    0.0000   37.5000  -30.0000 2688.2974   12.2731
    7.5000   37.5000  -30.0000 2650.7424   12.4438
   -7.5000   45.0000  -30.0000 2627.0752   12.8338
    0.0000   45.0000  -30.0000 2643.5952   12.8037
    7.5000   45.0000  -30.0000 2612.0498   12.9834
   -7.5000  -45.0000  -22.5000 2702.3984   11.7731
    0.0000  -45.0000  -22.5000 2698.7275   11.7962
    7.5000  -45.0000  -22.5000 2662.0569   12.0403
   -7.5000  -37.5000  -22.5000 2701.1926   11.5795
    0.0000  -37.5000  -22.5000 2702.1631   11.6356
    7.5000  -37.5000  -22.5000 2667.7771   11.8700
   -7.5000  -30.0000  -22.5000 2705.6858   11.4232
    0.0000  -30.0000  -22.5000 2709.5791   11.4783
    7.5000  -30.0000  -22.5000 2677.6267   11.6939
   -7.5000  -22.5000  -22.5000 2718.7388   11.3174
    0.0000  -22.5000  -22.5000 2723.2163   11.3516
    7.5000  -22.5000  -22.5000 2698.6477   11.5609
   -7.5000  -15.0000  -22.5000 2734.8523   11.2214
    0.0000  -15.0000  -22.5000 2745.5183   11.2698
    7.5000  -15.0000  -22.5000 2717.9839   11.4572
   -7.5000   -7.5000  -22.5000 2754.9648   11.1414
    0.0000   -7.5000  -22.5000 2765.0276   11.1725
    7.5000   -7.5000  -22.5000 2738.1177   11.3800
   -7.5000    0.0000  -22.5000 2769.0847   11.0675
    0.0000    0.0000  -22.5000 2780.3726   11.0892
    7.5000    0.0000  -22.5000 2750.7056   11.2974
   -7.5000    7.5000  -22.5000 2787.5698   11.0363
    0.0000    7.5000  -22.5000 2799.1821   11.0581
    7.5000    7.5000  -22.5000 2770.4014   11.2443
   -7.5000   15.0000  -22.5000 2802.4622   11.0682
    0.0000   15.0000  -22.5000 2815.8933   11.0939
    7.5000   15.0000  -22.5000 2791.1790   11.2666
   -7.5000   22.5000  -22.5000 2806.4402   11.1564
    0.0000   22.5000  -22.5000 2821.9768   11.1702
    7.5000   22.5000  -22.5000 2791.6953   11.3457
   -7.5000   30.0000  -22.5000 2805.3867   11.3464
    0.0000   30.0000  -22.5000 2817.6331   11.3489
    7.5000   30.0000  -22.5000 2783.6594   11.5273
   -7.5000   37.5000  -22.5000 2782.1228   11.7441
    0.0000   37.5000  -22.5000 2803.3433   11.7179
    7.5000   37.5000  -22.5000 2768.2625   11.8833
   -7.5000   45.0000  -22.5000 2740.3154   12.2874
    0.0000   45.0000  -22.5000 2756.8518   12.2459
    7.5000   45.0000  -22.5000 2732.9199   12.4153
   -7.5000  -45.0000  -15.0000 2764.7837   11.4284
    0.0000  -45.0000  -15.0000 2758.2639   11.4556
    7.5000  -45.0000  -15.0000 2720.2285   11.7174
   -7.5000  -37.5000  -15.0000 2758.1309   11.2379
    0.0000  -37.5000  -15.0000 2758.9509   11.2955
    7.5000  -37.5000  -15.0000 2722.1621   11.5294
   -7.5000  -30.0000  -15.0000 2760.1282   11.0763
    0.0000  -30.0000  -15.0000 2765.7087   11.1321
    7.5000  -30.0000  -15.0000 2731.6990   11.3543
   -7.5000  -22.5000  -15.0000 2767.0039   10.9394
    0.0000  -22.5000  -15.0000 2773.6731   10.9825
    7.5000  -22.5000  -15.0000 2742.5911   11.2111
   -7.5000  -15.0000  -15.0000 2777.8384   10.8166
    0.0000  -15.0000  -15.0000 2787.9409   10.8639
    7.5000  -15.0000  -15.0000 2758.6704   11.0938
   -7.5000   -7.5000  -15.0000 2796.0625   10.7373
    0.0000   -7.5000  -15.0000 2809.7251   10.7717
    7.5000   -7.5000  -15.0000 2782.7278   11.0039
   -7.5000    0.0000  -15.0000 2815.9792   10.6712
    0.0000    0.0000  -15.0000 2829.3147   10.6818
    7.5000    0.0000  -15.0000 2805.1770   10.9158
   -7.5000    7.5000  -15.0000 2840.1667   10.6501
    0.0000    7.5000  -15.0000 2856.0933   10.6393
    7.5000    7.5000  -15.0000 2837.7273   10.8761
   -7.5000   15.0000  -15.0000 2861.9629   10.6528
    0.0000   15.0000  -15.0000 2877.8076   10.6446
    7.5000   15.0000  -15.0000 2858.7761   10.8860
   -7.5000   22.5000  -15.0000 2873.2532   10.7029
    0.0000   22.5000  -15.0000 2891.1194   10.6880
    7.5000   22.5000  -15.0000 2865.9934   10.9331
   -7.5000   30.0000  -15.0000 2875.1758   10.8526
    0.0000   30.0000  -15.0000 2896.0005   10.8166
    7.5000   30.0000  -15.0000 2861.9243   11.0859
   -7.5000   37.5000  -15.0000 2860.2646   11.2489
    0.0000   37.5000  -15.0000 2880.4746   11.2095
    7.5000   37.5000  -15.0000 2848.2637   11.4461
   -7.5000   45.0000  -15.0000 2812.7510   11.7913
    0.0000   45.0000  -15.0000 2832.1401   11.7257
    7.5000   45.0000  -15.0000 2810.5901   11.9675
   -7.5000  -45.0000   -7.5000 2795.1206   11.1714
    0.0000  -45.0000   -7.5000 2789.9573   11.1918
    7.5000  -45.0000   -7.5000 2753.2124   11.4956
   -7.5000  -37.5000   -7.5000 2793.8030   10.9842
    0.0000  -37.5000   -7.5000 2790.0334   11.0034
    7.5000  -37.5000   -7.5000 2761.3547   11.3081
   -7.5000  -30.0000   -7.5000 2791.3496   10.8262
    0.0000  -30.0000   -7.5000 2787.9580   10.8375
    7.5000  -30.0000   -7.5000 2767.9629   11.1494
   -7.5000  -22.5000   -7.5000 2783.8760   10.6706
    0.0000  -22.5000   -7.5000 2785.8296   10.6938
    7.5000  -22.5000   -7.5000 2766.0762   10.9770
   -7.5000  -15.0000   -7.5000 2792.0376   10.5519
    0.0000  -15.0000   -7.5000 2792.7241   10.5765
    7.5000  -15.0000   -7.5000 2775.7146   10.8378
   -7.5000   -7.5000   -7.5000 2807.3616   10.4634
    0.0000   -7.5000   -7.5000 2813.4575   10.4810
    7.5000   -7.5000   -7.5000 2795.5588   10.7206
   -7.5000    0.0000   -7.5000 2833.2549   10.3885
    0.0000    0.0000   -7.5000 2842.4590   10.3921
    7.5000    0.0000   -7.5000 2826.3066   10.6257
   -7.5000    7.5000   -7.5000 2867.1550   10.3813
    0.0000    7.5000   -7.5000 2884.3955   10.3803
    7.5000    7.5000   -7.5000 2865.5100   10.5926
   -7.5000   15.0000   -7.5000 2899.9631   10.4590
    0.0000   15.0000   -7.5000 2922.2397   10.4548
    7.5000   15.0000   -7.5000 2898.1279   10.6559
   -7.5000   22.5000   -7.5000 2925.7576   10.5041
    0.0000   22.5000   -7.5000 2954.8992   10.4899
    7.5000   22.5000   -7.5000 2924.9312   10.7406
   -7.5000   30.0000   -7.5000 2936.0129   10.5659
    0.0000   30.0000   -7.5000 2956.3792   10.5497
    7.5000   30.0000   -7.5000 2925.6975   10.8550
   -7.5000   37.5000   -7.5000 2918.8748   10.9169
    0.0000   37.5000   -7.5000 2936.7083   10.8653
    7.5000   37.5000   -7.5000 2900.6667   11.1418
   -7.5000   45.0000   -7.5000 2866.2600   11.4561
    0.0000   45.0000   -7.5000 2881.5747   11.3606
    7.5000   45.0000   -7.5000 2853.0925   11.6180
   -7.5000  -45.0000    0.0000 2788.5684   11.1104
    0.0000  -45.0000    0.0000 2783.6047   11.1057
    7.5000  -45.0000    0.0000 2760.3018   11.5193
   -7.5000  -37.5000    0.0000 2785.3342   10.9339
    0.0000  -37.5000    0.0000 2782.5859   10.9417
    7.5000  -37.5000    0.0000 2764.1008   11.2992
   -7.5000  -30.0000    0.0000 2781.7766   10.7899
    0.0000  -30.0000    0.0000 2785.7368   10.8165
    7.5000  -30.0000    0.0000 2766.4102   11.1263
   -7.5000  -22.5000    0.0000 2768.3079   10.6322
    0.0000  -22.5000    0.0000 2775.1409   10.6603
    7.5000  -22.5000    0.0000 2763.7776   10.9661
   -7.5000  -15.0000    0.0000 2777.3674   10.4984
    0.0000  -15.0000    0.0000 2781.1240   10.5291
    7.5000  -15.0000    0.0000 2773.8540   10.8136
   -7.5000   -7.5000    0.0000 2797.8760   10.3800
    0.0000   -7.5000    0.0000 2803.0076   10.4150
    7.5000   -7.5000    0.0000 2798.6462   10.6983
   -7.5000    0.0000    0.0000 2826.3831   10.3128
    0.0000    0.0000    0.0000 2840.5952   10.3408
    7.5000    0.0000    0.0000 2829.4309   10.5956
   -7.5000    7.5000    0.0000 2868.1189   10.3217
    0.0000    7.5000    0.0000 2891.7769   10.3462
    7.5000    7.5000    0.0000 2875.6880   10.5344
   -7.5000   15.0000    0.0000 2915.0986   10.4681
    0.0000   15.0000    0.0000 2946.9539   10.5142
    7.5000   15.0000    0.0000 2918.0569   10.6094
   -7.5000   22.5000    0.0000 2956.9121   10.6300
    0.0000   22.5000    0.0000 3005.4580   10.6726
    7.5000   22.5000    0.0000 2953.7769   10.7040
   -7.5000   30.0000    0.0000 2980.6670   10.6620
    0.0000   30.0000    0.0000 3009.7542   10.6468
    7.5000   30.0000    0.0000 2958.2622   10.8153
   -7.5000   37.5000    0.0000 2960.7786   10.8393
    0.0000   37.5000    0.0000 2977.4602   10.7582
    7.5000   37.5000    0.0000 2939.5430   11.0178
   -7.5000   45.0000    0.0000 2889.5454   11.3004
    0.0000   45.0000    0.0000 2909.0896   11.1691
    7.5000   45.0000    0.0000 2873.7302   11.4453
   -7.5000  -45.0000    7.5000 2751.1360   11.3478
    0.0000  -45.0000    7.5000 2748.4497   11.3342
    7.5000  -45.0000    7.5000 2735.6396   11.7562
   -7.5000  -37.5000    7.5000 2757.0122   11.1744
    0.0000  -37.5000    7.5000 2760.9753   11.1735
    7.5000  -37.5000    7.5000 2746.8052   11.5531
   -7.5000  -30.0000    7.5000 2757.6147   11.0213
    0.0000  -30.0000    7.5000 2767.1189   11.0475
    7.5000  -30.0000    7.5000 2752.3711   11.3895
   -7.5000  -22.5000    7.5000 2750.8845   10.8369
    0.0000  -22.5000    7.5000 2760.6475   10.8706
    7.5000  -22.5000    7.5000 2753.2227   11.1772
   -7.5000  -15.0000    7.5000 2761.8608   10.6626
    0.0000  -15.0000    7.5000 2770.6694   10.7062
    7.5000  -15.0000    7.5000 2765.2646   10.9791
   -7.5000   -7.5000    7.5000 2784.5378   10.5609
    0.0000   -7.5000    7.5000 2797.7722   10.6140
    7.5000   -7.5000    7.5000 2786.1907   10.8378
   -7.5000    0.0000    7.5000 2820.4043   10.5101
    0.0000    0.0000    7.5000 2833.8525   10.5768
    7.5000    0.0000    7.5000 2819.7681   10.7384
   -7.5000    7.5000    7.5000 2863.7932   10.5310
    0.0000    7.5000    7.5000 2888.9814   10.6158
    7.5000    7.5000    7.5000 2861.9167   10.6981
   -7.5000   15.0000    7.5000 2914.6091   10.6700
    0.0000   15.0000    7.5000 2952.3677   10.7981
    7.5000   15.0000    7.5000 2910.2598   10.7591
   -7.5000   22.5000    7.5000 2964.5479   10.7338
    0.0000   22.5000    7.5000 3011.6897   10.8618
    7.5000   22.5000    7.5000 2948.5134   10.7985
   -7.5000   30.0000    7.5000 2984.1140   10.7775
    0.0000   30.0000    7.5000 3013.0371   10.7517
    7.5000   30.0000    7.5000 2957.6450   10.8560
   -7.5000   37.5000    7.5000 2962.5120   10.9941
    0.0000   37.5000    7.5000 2987.6753   10.9091
    7.5000   37.5000    7.5000 2939.8423   11.1088
   -7.5000   45.0000    7.5000 2893.7876   11.4166
    0.0000   45.0000    7.5000 2914.9417   11.3223
    7.5000   45.0000    7.5000 2879.6912   11.5328
   -7.5000  -45.0000   15.0000 2715.0933   11.7796
    0.0000  -45.0000   15.0000 2717.6885   11.8174
    7.5000  -45.0000   15.0000 2703.5637   12.1910
   -7.5000  -37.5000   15.0000 2722.8257   11.5661
    0.0000  -37.5000   15.0000 2728.2632   11.6108
    7.5000  -37.5000   15.0000 2711.1836   11.9381
   -7.5000  -30.0000   15.0000 2725.2056   11.3890
    0.0000  -30.0000   15.0000 2736.4971   11.4837
    7.5000  -30.0000   15.0000 2716.1208   11.7167
   -7.5000  -22.5000   15.0000 2725.9573   11.1724
    0.0000  -22.5000   15.0000 2737.0286   11.2780
    7.5000  -22.5000   15.0000 2720.2588   11.4827
   -7.5000  -15.0000   15.0000 2744.1030   10.9913
    0.0000  -15.0000   15.0000 2754.7483   11.0727
    7.5000  -15.0000   15.0000 2734.7410   11.2827
   -7.5000   -7.5000   15.0000 2770.9919   10.8948
    0.0000   -7.5000   15.0000 2777.5249   10.9635
    7.5000   -7.5000   15.0000 2757.3933   11.1476
   -7.5000    0.0000   15.0000 2803.1167   10.8288
    0.0000    0.0000   15.0000 2811.1355   10.8900
    7.5000    0.0000   15.0000 2795.8208   11.0519
   -7.5000    7.5000   15.0000 2844.1697   10.8016
    0.0000    7.5000   15.0000 2858.2847   10.8675
    7.5000    7.5000   15.0000 2841.6665   10.9842
   -7.5000   15.0000   15.0000 2890.0359   10.8296
    0.0000   15.0000   15.0000 2913.2695   10.9129
    7.5000   15.0000   15.0000 2891.3247   10.9787
   -7.5000   22.5000   15.0000 2936.6377   10.8227
    0.0000   22.5000   15.0000 2967.7197   10.8290
    7.5000   22.5000   15.0000 2929.3887   10.9898
   -7.5000   30.0000   15.0000 2955.7581   10.8795
    0.0000   30.0000   15.0000 2975.8008   10.7798
    7.5000   30.0000   15.0000 2936.1160   11.0439
   -7.5000   37.5000   15.0000 2937.1936   11.1769
    0.0000   37.5000   15.0000 2961.1809   11.0707
    7.5000   37.5000   15.0000 2914.1304   11.3020
   -7.5000   45.0000   15.0000 2874.8872   11.6593
    0.0000   45.0000   15.0000 2898.1763   11.5592
    7.5000   45.0000   15.0000 2856.4570   11.7628
   -7.5000  -45.0000   22.5000 2668.0056   12.3577
    0.0000  -45.0000   22.5000 2672.8101   12.4245
    7.5000  -45.0000   22.5000 2649.9753   12.7708
   -7.5000  -37.5000   22.5000 2676.8914   12.0522
    0.0000  -37.5000   22.5000 2681.1233   12.1341
    7.5000  -37.5000   22.5000 2659.3472   12.4459
   -7.5000  -30.0000   22.5000 2682.5100   11.8104
    0.0000  -30.0000   22.5000 2690.7432   11.9102
    7.5000  -30.0000   22.5000 2669.4475   12.1696
   -7.5000  -22.5000   22.5000 2690.5349   11.5450
    0.0000  -22.5000   22.5000 2695.7354   11.6377
    7.5000  -22.5000   22.5000 2679.3450   11.8790
   -7.5000  -15.0000   22.5000 2711.7661   11.3348
    0.0000  -15.0000   22.5000 2717.9968   11.4038
    7.5000  -15.0000   22.5000 2697.7656   11.6318
   -7.5000   -7.5000   22.5000 2742.9956   11.1941
    0.0000   -7.5000   22.5000 2747.7773   11.2414
    7.5000   -7.5000   22.5000 2725.8069   11.4782
   -7.5000    0.0000   22.5000 2778.9285   11.1164
    0.0000    0.0000   22.5000 2785.5115   11.1456
    7.5000    0.0000   22.5000 2766.3396   11.3590
   -7.5000    7.5000   22.5000 2818.3345   11.0804
    0.0000    7.5000   22.5000 2827.8647   11.0893
    7.5000    7.5000   22.5000 2814.4143   11.3108
   -7.5000   15.0000   22.5000 2857.3308   11.0968
    0.0000   15.0000   22.5000 2870.0315   11.0801
    7.5000   15.0000   22.5000 2859.3157   11.3175
   -7.5000   22.5000   22.5000 2892.2700   11.0940
    0.0000   22.5000   22.5000 2906.7517   10.9716
    7.5000   22.5000   22.5000 2893.3281   11.3022
   -7.5000   30.0000   22.5000 2902.4902   11.1896
    0.0000   30.0000   22.5000 2917.2126   11.0537
    7.5000   30.0000   22.5000 2895.3435   11.3738
   -7.5000   37.5000   22.5000 2883.8992   11.5177
    0.0000   37.5000   22.5000 2902.8733   11.3759
    7.5000   37.5000   22.5000 2873.2810   11.6728
   -7.5000   45.0000   22.5000 2822.4871   12.0494
    0.0000   45.0000   22.5000 2843.6814   11.9441
    7.5000   45.0000   22.5000 2811.7432   12.1858
   -7.5000  -45.0000   30.0000 2613.2197   12.9562
    0.0000  -45.0000   30.0000 2605.7432   12.9855
    7.5000  -45.0000   30.0000 2588.7004   13.3741
   -7.5000  -37.5000   30.0000 2625.0950   12.5441
    0.0000  -37.5000   30.0000 2617.5413   12.5657
    7.5000  -37.5000   30.0000 2605.6345   12.9582
   -7.5000  -30.0000   30.0000 2633.2310   12.2056
    0.0000  -30.0000   30.0000 2635.8826   12.2722
    7.5000  -30.0000   30.0000 2620.3801   12.6093
   -7.5000  -22.5000   30.0000 2644.4717   11.9045
    0.0000  -22.5000   30.0000 2650.6267   11.9700
    7.5000  -22.5000   30.0000 2635.0352   12.2686
   -7.5000  -15.0000   30.0000 2670.7356   11.6867
    0.0000  -15.0000   30.0000 2675.7947   11.7337
    7.5000  -15.0000   30.0000 2658.0715   12.0054
   -7.5000   -7.5000   30.0000 2709.2578   11.5603
    0.0000   -7.5000   30.0000 2713.4888   11.5810
    7.5000   -7.5000   30.0000 2690.7168   11.8347
   -7.5000    0.0000   30.0000 2746.6086   11.4693
    0.0000    0.0000   30.0000 2752.5676   11.4752
    7.5000    0.0000   30.0000 2729.8118   11.7315
   -7.5000    7.5000   30.0000 2782.3101   11.4359
    0.0000    7.5000   30.0000 2792.3818   11.3925
    7.5000    7.5000   30.0000 2773.6926   11.6678
   -7.5000   15.0000   30.0000 2812.2346   11.4458
    0.0000   15.0000   30.0000 2823.6155   11.3640
    7.5000   15.0000   30.0000 2813.3062   11.6628
   -7.5000   22.5000   30.0000 2830.4485   11.4844
    0.0000   22.5000   30.0000 2842.7029   11.3560
    7.5000   22.5000   30.0000 2830.4910   11.6953
   -7.5000   30.0000   30.0000 2833.5229   11.6491
    0.0000   30.0000   30.0000 2842.7893   11.4941
    7.5000   30.0000   30.0000 2829.7539   11.8514
   -7.5000   37.5000   30.0000 2805.7871   12.0037
    0.0000   37.5000   30.0000 2822.5947   11.8357
    7.5000   37.5000   30.0000 2803.5166   12.1831
   -7.5000   45.0000   30.0000 2746.2124   12.5682
    0.0000   45.0000   30.0000 2763.8208   12.4337
    7.5000   45.0000   30.0000 2742.8748   12.7408
   -7.5000  -45.0000   37.5000 2548.8640   13.6490
    0.0000  -45.0000   37.5000 2542.1030   13.6567
    7.5000  -45.0000   37.5000 2521.2654   14.0493
   -7.5000  -37.5000   37.5000 2564.9573   13.1371
    0.0000  -37.5000   37.5000 2556.0234   13.1377
    7.5000  -37.5000   37.5000 2540.0703   13.5578
   -7.5000  -30.0000   37.5000 2573.4678   12.7152
    0.0000  -30.0000   37.5000 2574.1028   12.7419
    7.5000  -30.0000   37.5000 2560.0298   13.1357
   -7.5000  -22.5000   37.5000 2591.9570   12.4069
    0.0000  -22.5000   37.5000 2597.8943   12.4386
    7.5000  -22.5000   37.5000 2581.8533   12.7798
   -7.5000  -15.0000   37.5000 2619.0952   12.1536
    0.0000  -15.0000   37.5000 2626.5347   12.1929
    7.5000  -15.0000   37.5000 2609.9543   12.4749
   -7.5000   -7.5000   37.5000 2660.3347   12.0096
    0.0000   -7.5000   37.5000 2671.3677   12.0137
    7.5000   -7.5000   37.5000 2647.0837   12.2819
   -7.5000    0.0000   37.5000 2698.8940   11.9317
    0.0000    0.0000   37.5000 2707.9163   11.8987
    7.5000    0.0000   37.5000 2684.3696   12.1750
   -7.5000    7.5000   37.5000 2728.3491   11.9117
    0.0000    7.5000   37.5000 2737.9868   11.8506
    7.5000    7.5000   37.5000 2716.0664   12.1166
   -7.5000   15.0000   37.5000 2749.6736   11.9646
    0.0000   15.0000   37.5000 2763.9414   11.8764
    7.5000   15.0000   37.5000 2742.5488   12.1551
   -7.5000   22.5000   37.5000 2758.1489   12.0537
    0.0000   22.5000   37.5000 2767.5776   11.9430
    7.5000   22.5000   37.5000 2750.1074   12.2426
   -7.5000   30.0000   37.5000 2749.8511   12.2716
    0.0000   30.0000   37.5000 2761.6052   12.1150
    7.5000   30.0000   37.5000 2744.1111   12.4437
   -7.5000   37.5000   37.5000 2719.7192   12.6280
    0.0000   37.5000   37.5000 2734.8486   12.4643
    7.5000   37.5000   37.5000 2721.2405   12.8177
   -7.5000   45.0000   37.5000 2664.3379   13.2392
    0.0000   45.0000   37.5000 2678.3359   13.0865
    7.5000   45.0000   37.5000 2663.8999   13.4173
   -7.5000  -45.0000   45.0000 2471.4834   14.5687
    0.0000  -45.0000   45.0000 2467.3855   14.5850
    7.5000  -45.0000   45.0000 2442.8667   14.9969
   -7.5000  -37.5000   45.0000 2493.3950   13.9784
    0.0000  -37.5000   45.0000 2486.1653   13.9775
    7.5000  -37.5000   45.0000 2468.0776   14.4013
   -7.5000  -30.0000   45.0000 2512.8630   13.4731
    0.0000  -30.0000   45.0000 2509.5305   13.5021
    7.5000  -30.0000   45.0000 2493.7170   13.9013
   -7.5000  -22.5000   45.0000 2538.3235   13.0870
    0.0000  -22.5000   45.0000 2541.3174   13.1162
    7.5000  -22.5000   45.0000 2518.0938   13.4750
   -7.5000  -15.0000   45.0000 2564.9131   12.7884
    0.0000  -15.0000   45.0000 2574.8137   12.8064
    7.5000  -15.0000   45.0000 2549.0251   13.1404
   -7.5000   -7.5000   45.0000 2603.8904   12.6261
    0.0000   -7.5000   45.0000 2617.9578   12.5974
    7.5000   -7.5000   45.0000 2588.1367   12.9111
   -7.5000    0.0000   45.0000 2638.4172   12.5642
    0.0000    0.0000   45.0000 2653.2737   12.5102
    7.5000    0.0000   45.0000 2621.6929   12.8017
   -7.5000    7.5000   45.0000 2659.5117   12.5804
    0.0000    7.5000   45.0000 2674.3242   12.4996
    7.5000    7.5000   45.0000 2649.5305   12.7837
   -7.5000   15.0000   45.0000 2670.5776   12.6553
    0.0000   15.0000   45.0000 2685.7971   12.5839
    7.5000   15.0000   45.0000 2658.0327   12.8471
   -7.5000   22.5000   45.0000 2672.3750   12.7939
    0.0000   22.5000   45.0000 2680.1453   12.7206
    7.5000   22.5000   45.0000 2660.7839   12.9740
   -7.5000   30.0000   45.0000 2655.5134   13.0897
    0.0000   30.0000   45.0000 2661.4302   12.9567
    7.5000   30.0000   45.0000 2646.8408   13.2590
   -7.5000   37.5000   45.0000 2616.4490   13.4975
    0.0000   37.5000   45.0000 2627.3594   13.3756
    7.5000   37.5000   45.0000 2616.7258   13.6786
   -7.5000   45.0000   45.0000 2569.0833   14.0818
    0.0000   45.0000   45.0000 2584.8479   13.9594
    7.5000   45.0000   45.0000 2571.1101   14.2645

---------------------------------------------------------------------
imgreg_4dfp /opt/freesurfer/average/711-2C_as_mni_average_305 /opt/freesurfer/average/711-2B_as_mni_average_305_mask talsrcimg_g11 none talsrcimg_to_711-2C_as_mni_average_305_t4 1283
---------------------------------------------------------------------

freesurfer imgreg_4dfp.c
/opt/freesurfer/average/711-2C_as_mni_average_305.4dfp.img
       256       256       256         1
  1.000000  1.000000  1.000000
orientation T byte_order littleendian
Reading image: /opt/freesurfer/average/711-2C_as_mni_average_305.4dfp.img
dimensions:      256       256       256
mmppix:       1.0000   -1.0000   -1.0000
center:     128.0000 -129.0000 -129.0000
/opt/freesurfer/average/711-2B_as_mni_average_305_mask.4dfp.img
       256       256       256         1
  1.000000  1.000000  1.000000
orientation T byte_order littleendian
Reading mask: /opt/freesurfer/average/711-2B_as_mni_average_305_mask.4dfp.img (2306576 pixels)
talsrcimg_g11.4dfp.img
       256       256       256         1
  1.000000  1.000000  1.000000
orientation T byte_order littleendian
Reading image: talsrcimg_g11.4dfp.img
dimensions:      256       256       256
mmppix:       1.0000   -1.0000   -1.0000
center:     128.0000 -129.0000 -129.0000
rotation matrix determinant  1.000000
fimgreg.f
image alignment mode   1283 decimal      503 hex
parameters
    0.0000   30.0000    7.5000    0.0000    0.0000    0.0000
eta,q 0.94511 10.78918
niter,ni,del,rscale     5    3   12.0000    1.2000
parameter  2  0.522505 ->  0.500000 qaram    1.1500
parameter  3  0.774861 ->  0.500000 qaram    1.1500
parameter  4  1.393205 ->  0.500000 qaram    1.1500
parameter  6  0.657472 ->  0.500000 qaram    1.1500
parameters
   -0.8285   26.5500    4.0500   -3.4500    0.3064   -3.4500
eta,q 0.94814 10.88099
  0.0643  0.0570  0.0532  0.0516  0.0587  0.0524
  0.0587  0.0566  0.0526  0.0527  0.0552  0.0519
  0.0566  0.0559  0.0540  0.0533  0.0533  0.0521
  0.0572  0.0566  0.0560  0.0530  0.0530  0.0530
  0.0593  0.0595  0.0587  0.0533  0.0529  0.0540
  0.0633  0.0627  0.0632  0.0538  0.0544  0.0552
  0.0683  0.0653  0.0685  0.0559  0.0576  0.0570
niter,ni,del,rscale     7    3   12.0000    1.2000
parameter  4  0.656852 ->  0.500000 qaram    1.3225
parameters
   -1.3194   27.8072    3.5534   -7.4175    0.9854   -2.5848
eta,q 0.94969 10.79921
  0.0633  0.0611  0.0605  0.0505  0.0570  0.0558
  0.0562  0.0557  0.0544  0.0507  0.0545  0.0529
  0.0520  0.0528  0.0514  0.0509  0.0521  0.0518
  0.0519  0.0516  0.0514  0.0513  0.0508  0.0507
  0.0547  0.0515  0.0530  0.0518  0.0507  0.0501
  0.0596  0.0527  0.0571  0.0537  0.0520  0.0515
  0.0668  0.0556  0.0628  0.0553  0.0553  0.0539
niter,ni,del,rscale     7    3   12.0000    1.2000
parameters
   -1.2634   30.0015    2.5931  -10.3367    0.4810   -1.8680
eta,q 0.95164 10.76945
  0.0641  0.0629  0.0572  0.0506  0.0549  0.0550
  0.0571  0.0566  0.0519  0.0487  0.0514  0.0518
  0.0523  0.0521  0.0497  0.0488  0.0488  0.0498
  0.0503  0.0503  0.0502  0.0499  0.0487  0.0485
  0.0519  0.0502  0.0520  0.0509  0.0502  0.0487
  0.0566  0.0505  0.0559  0.0514  0.0532  0.0505
  0.0637  0.0527  0.0621  0.0541  0.0570  0.0528
niter,ni,del,rscale     6    3   12.0000    1.2000
parameters
   -1.0141   30.6396    2.3062   -9.8433    0.4188   -1.9745
eta,q 0.95164 10.76001
  0.0649  0.0598  0.0583  0.0548  0.0554  0.0532
  0.0575  0.0535  0.0526  0.0509  0.0522  0.0507
  0.0510  0.0500  0.0489  0.0483  0.0493  0.0493
  0.0484  0.0484  0.0482  0.0482  0.0483  0.0483
  0.0500  0.0486  0.0500  0.0496  0.0493  0.0491
  0.0551  0.0512  0.0539  0.0511  0.0521  0.0513
  0.0629  0.0562  0.0599  0.0522  0.0559  0.0533
niter,ni,del,rscale     5    3   12.0000    1.2000
parameters
   -0.9475   30.5322    2.3110   -9.8224    0.3942   -2.0279
eta,q 0.95161 10.76238
  0.0634  0.0573  0.0593  0.0539  0.0554  0.0532
  0.0564  0.0520  0.0533  0.0503  0.0523  0.0507
  0.0504  0.0493  0.0493  0.0481  0.0494  0.0493
  0.0484  0.0484  0.0484  0.0484  0.0484  0.0484
  0.0502  0.0490  0.0499  0.0499  0.0493  0.0490
  0.0554  0.0525  0.0534  0.0513  0.0520  0.0512
  0.0631  0.0580  0.0590  0.0526  0.0559  0.0532
niter,ni,del,rscale     4    3   12.0000    1.2000
parameters
   -0.9372   30.5239    2.3126   -9.8167    0.3874   -2.0386
eta,q 0.95161 10.76255
  0.0632  0.0576  0.0593  0.0539  0.0555  0.0533
  0.0562  0.0522  0.0533  0.0503  0.0523  0.0507
  0.0503  0.0493  0.0493  0.0481  0.0495  0.0493
  0.0484  0.0484  0.0484  0.0484  0.0484  0.0484
  0.0504  0.0489  0.0499  0.0499  0.0492  0.0490
  0.0557  0.0523  0.0534  0.0513  0.0519  0.0512
  0.0634  0.0578  0.0590  0.0526  0.0558  0.0532
registration optimization eta report
parameter search radius
    6.0000    6.9000    6.9000    7.9350    6.0000    6.9000
100000*second partial in parameter space
       41.       20.       23.        8.       20.       10.
  0.0632  0.0576  0.0593  0.0539  0.0555  0.0533
  0.0562  0.0522  0.0533  0.0503  0.0523  0.0507
  0.0503  0.0493  0.0493  0.0481  0.0495  0.0493
  0.0484  0.0484  0.0484  0.0484  0.0484  0.0484
  0.0504  0.0489  0.0499  0.0499  0.0492  0.0490
  0.0557  0.0523  0.0534  0.0513  0.0519  0.0512
  0.0634  0.0578  0.0590  0.0526  0.0558  0.0532
   -0.9372   30.5239    2.3126   -9.8167    0.3874   -2.0386
eta,q 0.95161 10.76255

---------------------------------------------------------------------
imgreg_4dfp /opt/freesurfer/average/711-2C_as_mni_average_305 /opt/freesurfer/average/711-2B_as_mni_average_305_mask talsrcimg_g11 none talsrcimg_to_711-2C_as_mni_average_305_t4 3335
---------------------------------------------------------------------

freesurfer imgreg_4dfp.c
/opt/freesurfer/average/711-2C_as_mni_average_305.4dfp.img
       256       256       256         1
  1.000000  1.000000  1.000000
orientation T byte_order littleendian
Reading image: /opt/freesurfer/average/711-2C_as_mni_average_305.4dfp.img
dimensions:      256       256       256
mmppix:       1.0000   -1.0000   -1.0000
center:     128.0000 -129.0000 -129.0000
/opt/freesurfer/average/711-2B_as_mni_average_305_mask.4dfp.img
       256       256       256         1
  1.000000  1.000000  1.000000
orientation T byte_order littleendian
Reading mask: /opt/freesurfer/average/711-2B_as_mni_average_305_mask.4dfp.img (2306576 pixels)
talsrcimg_g11.4dfp.img
       256       256       256         1
  1.000000  1.000000  1.000000
orientation T byte_order littleendian
Reading image: talsrcimg_g11.4dfp.img
dimensions:      256       256       256
mmppix:       1.0000   -1.0000   -1.0000
center:     128.0000 -129.0000 -129.0000
fimgreg.f
image alignment mode   3335 decimal      D07 hex
parameters
   -0.9372   30.5239    2.3126   -0.0656   -1.5306   -1.4664
    3.6203   -0.0593   -3.5571   17.0625    0.6761  -17.0492
eta,q 0.95436 10.74327
niter,ni,del,rscale     5    3    5.0000    1.2000
parameter  4  3.472558 ->  0.500000 qaram    1.1500
parameter  5  7.261971 ->  0.500000 qaram    1.1500
parameter  6  0.666136 ->  0.500000 qaram    1.1500
parameter 10  0.699867 ->  0.500000 qaram    1.1500
parameters
   -0.9702   31.2739    2.0190   -4.2056   -5.6706   -5.6064
    2.5543    0.5703   -1.7911   12.9225    1.0446  -15.7738
eta,q 0.97044 10.70821
  0.0483  0.0477  0.0469  0.0354  0.0300  0.0312  0.0330  0.0372  0.0336  0.0298  0.0311  0.0315
  0.0470  0.0467  0.0461  0.0376  0.0321  0.0310  0.0318  0.0342  0.0323  0.0295  0.0303  0.0305
  0.0460  0.0460  0.0456  0.0411  0.0351  0.0314  0.0311  0.0320  0.0314  0.0299  0.0298  0.0299
  0.0456  0.0456  0.0456  0.0455  0.0384  0.0329  0.0311  0.0310  0.0309  0.0308  0.0296  0.0296
  0.0459  0.0456  0.0459  0.0506  0.0417  0.0360  0.0317  0.0312  0.0308  0.0323  0.0297  0.0296
  0.0470  0.0457  0.0466  0.0555  0.0450  0.0403  0.0329  0.0328  0.0311  0.0345  0.0301  0.0299
  0.0486  0.0461  0.0477  0.0595  0.0481  0.0454  0.0346  0.0355  0.0319  0.0372  0.0309  0.0305
niter,ni,del,rscale     7    3    5.0000    1.2000
parameter  2 -0.543736 -> -0.500000 qaram    1.1500
parameter  4  0.703365 ->  0.500000 qaram    1.3225
parameter  5  1.767402 ->  0.500000 qaram    1.3225
parameters
   -1.1107   32.6539    1.6820   -8.9666  -10.4316   -6.9945
    2.4729    0.3928   -1.6246   12.0578    0.2794  -18.3391
eta,q 0.97797 10.45609
  0.0329  0.0338  0.0302  0.0268  0.0209  0.0243  0.0247  0.0266  0.0243  0.0256  0.0230  0.0226
  0.0309  0.0320  0.0294  0.0263  0.0220  0.0230  0.0234  0.0242  0.0232  0.0235  0.0225  0.0221
  0.0298  0.0305  0.0290  0.0267  0.0236  0.0224  0.0226  0.0227  0.0226  0.0224  0.0223  0.0220
  0.0296  0.0295  0.0289  0.0289  0.0262  0.0223  0.0223  0.0223  0.0223  0.0223  0.0222  0.0222
  0.0302  0.0290  0.0293  0.0328  0.0294  0.0227  0.0226  0.0229  0.0225  0.0232  0.0224  0.0227
  0.0316  0.0290  0.0300  0.0378  0.0328  0.0239  0.0234  0.0245  0.0231  0.0249  0.0228  0.0234
  0.0337  0.0294  0.0312  0.0432  0.0361  0.0272  0.0249  0.0271  0.0242  0.0271  0.0234  0.0243
niter,ni,del,rscale     7    3    5.0000    1.2000
parameter  5  0.594984 ->  0.500000 qaram    1.5209
parameters
   -1.0280   33.1020    1.6384  -11.0924  -15.9067   -6.0041
    2.0521    0.5367   -1.9953   12.9900    0.6846  -19.2046
eta,q 0.97956 10.22056
  0.0259  0.0265  0.0234  0.0246  0.0215  0.0240  0.0230  0.0252  0.0227  0.0261  0.0215  0.0216
  0.0239  0.0244  0.0225  0.0233  0.0206  0.0222  0.0216  0.0227  0.0215  0.0234  0.0209  0.0209
  0.0226  0.0229  0.0220  0.0224  0.0209  0.0210  0.0207  0.0211  0.0207  0.0214  0.0206  0.0205
  0.0220  0.0220  0.0219  0.0219  0.0222  0.0205  0.0205  0.0205  0.0205  0.0205  0.0205  0.0205
  0.0223  0.0219  0.0221  0.0227  0.0244  0.0207  0.0210  0.0210  0.0209  0.0207  0.0205  0.0207
  0.0235  0.0228  0.0227  0.0259  0.0277  0.0212  0.0221  0.0224  0.0218  0.0220  0.0208  0.0214
  0.0254  0.0245  0.0235  0.0308  0.0315  0.0227  0.0235  0.0248  0.0231  0.0240  0.0212  0.0223
niter,ni,del,rscale     7    3    5.0000    1.2000
parameters
   -1.0766   33.0678    2.0866  -11.0038  -16.1682   -5.6577
    2.1037    0.5162   -2.1184   13.0853    0.6936  -18.9180
eta,q 0.97966 10.22237
  0.0237  0.0244  0.0227  0.0244  0.0263  0.0235  0.0232  0.0248  0.0227  0.0251  0.0213  0.0219
  0.0219  0.0222  0.0216  0.0225  0.0233  0.0218  0.0217  0.0224  0.0214  0.0226  0.0207  0.0211
  0.0208  0.0208  0.0208  0.0213  0.0210  0.0207  0.0207  0.0208  0.0206  0.0209  0.0204  0.0206
  0.0204  0.0204  0.0204  0.0204  0.0204  0.0203  0.0203  0.0204  0.0203  0.0203  0.0204  0.0204
  0.0209  0.0211  0.0204  0.0201  0.0214  0.0206  0.0207  0.0209  0.0207  0.0210  0.0205  0.0205
  0.0221  0.0225  0.0208  0.0216  0.0235  0.0212  0.0217  0.0224  0.0216  0.0226  0.0207  0.0209
  0.0240  0.0244  0.0215  0.0252  0.0269  0.0232  0.0231  0.0249  0.0229  0.0248  0.0212  0.0217
niter,ni,del,rscale     6    3    5.0000    1.2000
parameters
   -1.0868   33.0510    2.1645  -10.9691  -16.2442   -5.6543
    2.1035    0.5234   -2.1453   13.0193    0.7625  -18.7978
eta,q 0.97968 10.21852
  0.0237  0.0244  0.0221  0.0244  0.0265  0.0233  0.0232  0.0248  0.0228  0.0249  0.0213  0.0218
  0.0219  0.0221  0.0211  0.0225  0.0234  0.0217  0.0217  0.0224  0.0215  0.0224  0.0207  0.0211
  0.0207  0.0207  0.0205  0.0212  0.0211  0.0206  0.0207  0.0208  0.0206  0.0208  0.0204  0.0205
  0.0203  0.0203  0.0203  0.0203  0.0203  0.0203  0.0203  0.0203  0.0203  0.0203  0.0203  0.0203
  0.0207  0.0209  0.0205  0.0201  0.0213  0.0207  0.0207  0.0208  0.0206  0.0210  0.0204  0.0205
  0.0219  0.0223  0.0210  0.0216  0.0233  0.0213  0.0217  0.0223  0.0215  0.0227  0.0207  0.0210
  0.0238  0.0243  0.0219  0.0253  0.0267  0.0235  0.0232  0.0248  0.0228  0.0249  0.0212  0.0218
niter,ni,del,rscale     5    3    5.0000    1.2000
parameters
   -1.0893   33.0417    2.1864  -10.9578  -16.2546   -5.6382
    2.1101    0.5193   -2.1565   12.9901    0.7850  -18.7544
eta,q 0.97969 10.21844
  0.0237  0.0244  0.0220  0.0243  0.0265  0.0233  0.0232  0.0248  0.0228  0.0250  0.0213  0.0218
  0.0219  0.0221  0.0211  0.0225  0.0235  0.0216  0.0217  0.0224  0.0215  0.0225  0.0207  0.0210
  0.0207  0.0207  0.0205  0.0212  0.0211  0.0206  0.0207  0.0208  0.0206  0.0208  0.0204  0.0205
  0.0203  0.0203  0.0203  0.0203  0.0203  0.0203  0.0203  0.0203  0.0203  0.0203  0.0203  0.0203
  0.0207  0.0209  0.0205  0.0201  0.0213  0.0206  0.0207  0.0208  0.0206  0.0210  0.0204  0.0205
  0.0219  0.0223  0.0210  0.0216  0.0233  0.0213  0.0217  0.0223  0.0215  0.0226  0.0207  0.0210
  0.0238  0.0243  0.0219  0.0253  0.0267  0.0235  0.0232  0.0248  0.0228  0.0249  0.0212  0.0218
registration optimization eta report
parameter search radius
    2.4000    2.7600    2.4000    9.5220   10.9503    8.2800
    7.2000    7.2000    7.2000    8.2800    7.2000    7.2000
100000*second partial in parameter space
       60.       53.       28.        5.        5.        5.
        5.        9.        5.        7.        2.        3.
  0.0237  0.0244  0.0220  0.0243  0.0265  0.0233  0.0232  0.0248  0.0228  0.0250  0.0213  0.0218
  0.0219  0.0221  0.0211  0.0225  0.0235  0.0216  0.0217  0.0224  0.0215  0.0225  0.0207  0.0210
  0.0207  0.0207  0.0205  0.0212  0.0211  0.0206  0.0207  0.0208  0.0206  0.0208  0.0204  0.0205
  0.0203  0.0203  0.0203  0.0203  0.0203  0.0203  0.0203  0.0203  0.0203  0.0203  0.0203  0.0203
  0.0207  0.0209  0.0205  0.0201  0.0213  0.0206  0.0207  0.0208  0.0206  0.0210  0.0204  0.0205
  0.0219  0.0223  0.0210  0.0216  0.0233  0.0213  0.0217  0.0223  0.0215  0.0226  0.0207  0.0210
  0.0238  0.0243  0.0219  0.0253  0.0267  0.0235  0.0232  0.0248  0.0228  0.0249  0.0212  0.0218
   -1.0893   33.0417    2.1864  -10.9578  -16.2546   -5.6382
    2.1101    0.5193   -2.1565   12.9901    0.7850  -18.7544
eta,q 0.97969 10.21844

---------------------------------------------------------------------
imgreg_4dfp /opt/freesurfer/average/711-2C_as_mni_average_305 /opt/freesurfer/average/711-2B_as_mni_average_305_mask talsrcimg_g11 none talsrcimg_to_711-2C_as_mni_average_305_t4 2311
---------------------------------------------------------------------

freesurfer imgreg_4dfp.c
/opt/freesurfer/average/711-2C_as_mni_average_305.4dfp.img
       256       256       256         1
  1.000000  1.000000  1.000000
orientation T byte_order littleendian
Reading image: /opt/freesurfer/average/711-2C_as_mni_average_305.4dfp.img
dimensions:      256       256       256
mmppix:       1.0000   -1.0000   -1.0000
center:     128.0000 -129.0000 -129.0000
/opt/freesurfer/average/711-2B_as_mni_average_305_mask.4dfp.img
       256       256       256         1
  1.000000  1.000000  1.000000
orientation T byte_order littleendian
Reading mask: /opt/freesurfer/average/711-2B_as_mni_average_305_mask.4dfp.img (2306576 pixels)
talsrcimg_g11.4dfp.img
       256       256       256         1
  1.000000  1.000000  1.000000
orientation T byte_order littleendian
Reading image: talsrcimg_g11.4dfp.img
dimensions:      256       256       256
mmppix:       1.0000   -1.0000   -1.0000
center:     128.0000 -129.0000 -129.0000
fimgreg.f
image alignment mode   2311 decimal      907 hex
parameters
   -1.0893   33.0417    2.1864  -10.9578  -16.2546   -5.6382
    2.1101    0.5193   -2.1565   12.9901    0.7850  -18.7544
eta,q 0.97969 10.21844
niter,ni,del,rscale     5    3    5.0000    0.8000
parameters
   -1.0883   32.9664    2.1836   -9.0544  -16.5942   -5.2059
    2.1512    0.5333   -2.1439   12.8171    0.7217  -18.5755
eta,q 0.98000 10.31221
  0.0219  0.0217  0.0211  0.0218  0.0213  0.0211  0.0215  0.0222  0.0212  0.0216  0.0205  0.0207
  0.0210  0.0209  0.0206  0.0212  0.0205  0.0205  0.0207  0.0210  0.0205  0.0207  0.0202  0.0204
  0.0205  0.0204  0.0204  0.0207  0.0201  0.0201  0.0202  0.0202  0.0201  0.0202  0.0200  0.0201
  0.0203  0.0203  0.0203  0.0203  0.0200  0.0200  0.0200  0.0200  0.0200  0.0200  0.0200  0.0200
  0.0205  0.0206  0.0204  0.0201  0.0203  0.0201  0.0202  0.0202  0.0201  0.0203  0.0201  0.0201
  0.0210  0.0211  0.0207  0.0201  0.0209  0.0203  0.0206  0.0210  0.0205  0.0209  0.0202  0.0203
  0.0219  0.0219  0.0210  0.0206  0.0215  0.0207  0.0214  0.0222  0.0212  0.0218  0.0205  0.0206
niter,ni,del,rscale     4    3    5.0000    0.7000
parameters
   -1.0636   32.9495    2.1516   -9.2464  -16.6617   -5.2715
    2.1312    0.5398   -2.1401   12.7692    0.6736  -18.5698
eta,q 0.98000 10.29792
  0.0214  0.0211  0.0205  0.0209  0.0211  0.0207  0.0211  0.0217  0.0209  0.0213  0.0203  0.0205
  0.0206  0.0205  0.0202  0.0205  0.0205  0.0203  0.0205  0.0207  0.0204  0.0206  0.0201  0.0203
  0.0202  0.0201  0.0201  0.0202  0.0201  0.0201  0.0201  0.0202  0.0201  0.0201  0.0200  0.0201
  0.0200  0.0200  0.0200  0.0200  0.0200  0.0200  0.0200  0.0200  0.0200  0.0200  0.0200  0.0200
  0.0201  0.0201  0.0201  0.0200  0.0202  0.0201  0.0201  0.0202  0.0201  0.0202  0.0200  0.0201
  0.0205  0.0205  0.0203  0.0205  0.0206  0.0203  0.0205  0.0207  0.0204  0.0206  0.0202  0.0203
  0.0213  0.0211  0.0206  0.0214  0.0211  0.0207  0.0211  0.0217  0.0209  0.0214  0.0204  0.0205
niter,ni,del,rscale     3    3    5.0000    0.6000
parameters
   -1.0590   32.9438    2.1683   -9.0690  -16.7512   -5.3181
    2.1344    0.5441   -2.1343   12.7542    0.6732  -18.5329
eta,q 0.98002 10.29959
  0.0210  0.0208  0.0204  0.0208  0.0208  0.0205  0.0208  0.0212  0.0207  0.0210  0.0202  0.0204
  0.0204  0.0204  0.0202  0.0205  0.0203  0.0202  0.0204  0.0205  0.0203  0.0204  0.0201  0.0202
  0.0201  0.0201  0.0201  0.0202  0.0201  0.0200  0.0201  0.0201  0.0201  0.0201  0.0200  0.0200
  0.0200  0.0200  0.0200  0.0200  0.0200  0.0200  0.0200  0.0200  0.0200  0.0200  0.0200  0.0200
  0.0201  0.0201  0.0201  0.0200  0.0201  0.0201  0.0201  0.0201  0.0201  0.0201  0.0200  0.0200
  0.0204  0.0204  0.0202  0.0202  0.0204  0.0203  0.0204  0.0205  0.0203  0.0204  0.0201  0.0202
  0.0210  0.0208  0.0204  0.0208  0.0208  0.0205  0.0208  0.0212  0.0207  0.0210  0.0202  0.0204
niter,ni,del,rscale     2    3    5.0000    0.5000
parameters
   -1.0559   32.9409    2.1671   -8.8992  -16.8191   -5.3597
    2.1335    0.5460   -2.1340   12.7457    0.6431  -18.4929
eta,q 0.98003 10.30226
  0.0207  0.0206  0.0203  0.0206  0.0206  0.0203  0.0206  0.0208  0.0205  0.0207  0.0202  0.0203
  0.0203  0.0202  0.0201  0.0203  0.0202  0.0201  0.0202  0.0204  0.0202  0.0203  0.0200  0.0201
  0.0201  0.0200  0.0200  0.0201  0.0200  0.0200  0.0200  0.0201  0.0200  0.0200  0.0200  0.0200
  0.0200  0.0200  0.0200  0.0200  0.0200  0.0200  0.0200  0.0200  0.0200  0.0200  0.0200  0.0200
  0.0201  0.0201  0.0200  0.0200  0.0201  0.0200  0.0200  0.0201  0.0200  0.0201  0.0200  0.0200
  0.0203  0.0203  0.0201  0.0202  0.0203  0.0202  0.0202  0.0204  0.0202  0.0203  0.0201  0.0201
  0.0207  0.0206  0.0203  0.0205  0.0206  0.0203  0.0206  0.0208  0.0205  0.0207  0.0202  0.0203
niter,ni,del,rscale     1    3    5.0000    0.4000
parameters
   -1.0560   32.9381    2.1612   -8.7518  -16.8802   -5.4332
    2.1379    0.5483   -2.1361   12.7343    0.6514  -18.4722
eta,q 0.98003 10.30283
  0.0204  0.0204  0.0202  0.0204  0.0204  0.0202  0.0203  0.0205  0.0203  0.0204  0.0201  0.0202
  0.0202  0.0201  0.0201  0.0202  0.0201  0.0201  0.0201  0.0202  0.0201  0.0202  0.0200  0.0201
  0.0200  0.0200  0.0200  0.0201  0.0200  0.0200  0.0200  0.0200  0.0200  0.0200  0.0200  0.0200
  0.0200  0.0200  0.0200  0.0200  0.0200  0.0200  0.0200  0.0200  0.0200  0.0200  0.0200  0.0200
  0.0200  0.0200  0.0200  0.0200  0.0200  0.0200  0.0200  0.0200  0.0200  0.0200  0.0200  0.0200
  0.0202  0.0201  0.0201  0.0201  0.0202  0.0201  0.0201  0.0202  0.0201  0.0202  0.0200  0.0201
  0.0204  0.0204  0.0202  0.0203  0.0204  0.0202  0.0203  0.0205  0.0203  0.0204  0.0201  0.0202
registration optimization eta report
parameter search radius
    0.8000    0.8000    0.8000    2.4000    2.4000    2.4000
    2.4000    2.4000    2.4000    2.4000    2.4000    2.4000
100000*second partial in parameter space
       68.       59.       30.        7.        7.        4.
        7.       10.        5.        8.        2.        3.
  0.0204  0.0204  0.0202  0.0204  0.0204  0.0202  0.0203  0.0205  0.0203  0.0204  0.0201  0.0202
  0.0202  0.0201  0.0201  0.0202  0.0201  0.0201  0.0201  0.0202  0.0201  0.0202  0.0200  0.0201
  0.0200  0.0200  0.0200  0.0201  0.0200  0.0200  0.0200  0.0200  0.0200  0.0200  0.0200  0.0200
  0.0200  0.0200  0.0200  0.0200  0.0200  0.0200  0.0200  0.0200  0.0200  0.0200  0.0200  0.0200
  0.0200  0.0200  0.0200  0.0200  0.0200  0.0200  0.0200  0.0200  0.0200  0.0200  0.0200  0.0200
  0.0202  0.0201  0.0201  0.0201  0.0202  0.0201  0.0201  0.0202  0.0201  0.0202  0.0200  0.0201
  0.0204  0.0204  0.0202  0.0203  0.0204  0.0202  0.0203  0.0205  0.0203  0.0204  0.0201  0.0202
   -1.0560   32.9381    2.1612   -8.7518  -16.8802   -5.4332
    2.1379    0.5483   -2.1361   12.7343    0.6514  -18.4722
eta,q 0.98003 10.30283

---------------------------------------------------------------------
imgreg_4dfp /opt/freesurfer/average/711-2C_as_mni_average_305 /opt/freesurfer/average/711-2B_as_mni_average_305_mask talsrcimg_g11 none talsrcimg_to_711-2C_as_mni_average_305_t4 2311
---------------------------------------------------------------------

freesurfer imgreg_4dfp.c
/opt/freesurfer/average/711-2C_as_mni_average_305.4dfp.img
       256       256       256         1
  1.000000  1.000000  1.000000
orientation T byte_order littleendian
Reading image: /opt/freesurfer/average/711-2C_as_mni_average_305.4dfp.img
dimensions:      256       256       256
mmppix:       1.0000   -1.0000   -1.0000
center:     128.0000 -129.0000 -129.0000
/opt/freesurfer/average/711-2B_as_mni_average_305_mask.4dfp.img
       256       256       256         1
  1.000000  1.000000  1.000000
orientation T byte_order littleendian
Reading mask: /opt/freesurfer/average/711-2B_as_mni_average_305_mask.4dfp.img (2306576 pixels)
talsrcimg_g11.4dfp.img
       256       256       256         1
  1.000000  1.000000  1.000000
orientation T byte_order littleendian
Reading image: talsrcimg_g11.4dfp.img
dimensions:      256       256       256
mmppix:       1.0000   -1.0000   -1.0000
center:     128.0000 -129.0000 -129.0000
fimgreg.f
image alignment mode   2311 decimal      907 hex
parameters
   -1.0560   32.9381    2.1612   -8.7518  -16.8802   -5.4332
    2.1379    0.5483   -2.1361   12.7343    0.6514  -18.4722
eta,q 0.98003 10.30284
niter,ni,del,rscale     5    3    5.0000    0.8000
parameters
   -1.0613   32.9704    2.1598   -9.3533  -16.5800   -5.2630
    2.1262    0.5492   -2.1297   12.7657    0.7049  -18.5986
eta,q 0.97998 10.29685
  0.0217  0.0215  0.0207  0.0210  0.0217  0.0210  0.0214  0.0222  0.0212  0.0218  0.0205  0.0207
  0.0207  0.0206  0.0203  0.0206  0.0208  0.0204  0.0207  0.0210  0.0206  0.0208  0.0202  0.0203
  0.0202  0.0201  0.0200  0.0202  0.0202  0.0201  0.0202  0.0202  0.0202  0.0202  0.0201  0.0201
  0.0200  0.0200  0.0200  0.0200  0.0200  0.0200  0.0200  0.0200  0.0200  0.0200  0.0200  0.0200
  0.0201  0.0201  0.0201  0.0201  0.0202  0.0201  0.0202  0.0203  0.0202  0.0202  0.0201  0.0201
  0.0207  0.0206  0.0203  0.0208  0.0206  0.0204  0.0207  0.0210  0.0206  0.0208  0.0202  0.0204
  0.0217  0.0214  0.0207  0.0221  0.0212  0.0208  0.0214  0.0222  0.0212  0.0217  0.0205  0.0208
niter,ni,del,rscale     4    3    5.0000    0.7000
parameters
   -1.0634   32.9480    2.1702   -9.2564  -16.6567   -5.2570
    2.1316    0.5368   -2.1330   12.7674    0.6727  -18.5521
eta,q 0.97999 10.29786
  0.0213  0.0211  0.0206  0.0210  0.0211  0.0207  0.0211  0.0217  0.0209  0.0214  0.0204  0.0206
  0.0206  0.0205  0.0203  0.0206  0.0205  0.0203  0.0205  0.0207  0.0204  0.0206  0.0202  0.0203
  0.0202  0.0201  0.0201  0.0203  0.0201  0.0201  0.0201  0.0202  0.0201  0.0202  0.0200  0.0201
  0.0200  0.0200  0.0200  0.0200  0.0200  0.0200  0.0200  0.0200  0.0200  0.0200  0.0200  0.0200
  0.0202  0.0202  0.0201  0.0200  0.0202  0.0201  0.0201  0.0202  0.0201  0.0202  0.0201  0.0201
  0.0206  0.0206  0.0203  0.0203  0.0206  0.0203  0.0205  0.0208  0.0204  0.0206  0.0202  0.0202
  0.0213  0.0212  0.0206  0.0211  0.0211  0.0206  0.0211  0.0217  0.0209  0.0213  0.0204  0.0205
niter,ni,del,rscale     3    3    5.0000    0.6000
parameters
   -1.0603   32.9420    2.1672   -9.0693  -16.7469   -5.3201
    2.1282    0.5441   -2.1383   12.7494    0.6736  -18.5190
eta,q 0.98002 10.29957
  0.0210  0.0208  0.0204  0.0208  0.0208  0.0205  0.0208  0.0212  0.0207  0.0210  0.0202  0.0204
  0.0204  0.0204  0.0202  0.0205  0.0203  0.0202  0.0204  0.0205  0.0203  0.0204  0.0201  0.0202
  0.0201  0.0201  0.0201  0.0202  0.0201  0.0200  0.0201  0.0201  0.0201  0.0201  0.0200  0.0200
  0.0200  0.0200  0.0200  0.0200  0.0200  0.0200  0.0200  0.0200  0.0200  0.0200  0.0200  0.0200
  0.0201  0.0201  0.0201  0.0200  0.0201  0.0201  0.0201  0.0201  0.0201  0.0201  0.0200  0.0200
  0.0204  0.0204  0.0202  0.0202  0.0204  0.0203  0.0204  0.0205  0.0203  0.0204  0.0201  0.0202
  0.0210  0.0208  0.0204  0.0208  0.0208  0.0205  0.0208  0.0212  0.0207  0.0210  0.0202  0.0204
niter,ni,del,rscale     2    3    5.0000    0.5000
parameters
   -1.0567   32.9383    2.1656   -8.8927  -16.8178   -5.3631
    2.1345    0.5497   -2.1330   12.7428    0.6480  -18.4978
eta,q 0.98002 10.30239
  0.0207  0.0206  0.0203  0.0206  0.0206  0.0203  0.0206  0.0208  0.0205  0.0207  0.0201  0.0203
  0.0203  0.0202  0.0201  0.0203  0.0202  0.0201  0.0202  0.0204  0.0202  0.0203  0.0200  0.0201
  0.0201  0.0200  0.0200  0.0201  0.0200  0.0200  0.0200  0.0201  0.0200  0.0200  0.0200  0.0200
  0.0200  0.0200  0.0200  0.0200  0.0200  0.0200  0.0200  0.0200  0.0200  0.0200  0.0200  0.0200
  0.0201  0.0201  0.0200  0.0200  0.0201  0.0200  0.0200  0.0201  0.0200  0.0200  0.0200  0.0200
  0.0203  0.0203  0.0201  0.0202  0.0203  0.0202  0.0202  0.0204  0.0202  0.0203  0.0201  0.0201
  0.0207  0.0206  0.0203  0.0205  0.0206  0.0203  0.0206  0.0208  0.0205  0.0207  0.0201  0.0203
niter,ni,del,rscale     1    3    5.0000    0.4000
parameters
   -1.0537   32.9383    2.1613   -8.7568  -16.8868   -5.4235
    2.1381    0.5512   -2.1369   12.7377    0.6470  -18.4924
eta,q 0.98004 10.30290
  0.0204  0.0204  0.0202  0.0204  0.0203  0.0202  0.0203  0.0205  0.0203  0.0204  0.0201  0.0202
  0.0202  0.0201  0.0201  0.0202  0.0201  0.0201  0.0201  0.0202  0.0201  0.0202  0.0200  0.0201
  0.0200  0.0200  0.0200  0.0201  0.0200  0.0200  0.0200  0.0200  0.0200  0.0200  0.0200  0.0200
  0.0200  0.0200  0.0200  0.0200  0.0200  0.0200  0.0200  0.0200  0.0200  0.0200  0.0200  0.0200
  0.0200  0.0200  0.0200  0.0200  0.0200  0.0200  0.0200  0.0200  0.0200  0.0200  0.0200  0.0200
  0.0202  0.0201  0.0201  0.0201  0.0202  0.0201  0.0201  0.0202  0.0201  0.0202  0.0200  0.0201
  0.0204  0.0203  0.0202  0.0203  0.0204  0.0202  0.0203  0.0205  0.0203  0.0204  0.0201  0.0202
registration optimization eta report
parameter search radius
    0.8000    0.8000    0.8000    2.4000    2.4000    2.4000
    2.4000    2.4000    2.4000    2.4000    2.4000    2.4000
100000*second partial in parameter space
       68.       58.       29.        7.        7.        4.
        7.       10.        5.        8.        2.        3.
  0.0204  0.0204  0.0202  0.0204  0.0203  0.0202  0.0203  0.0205  0.0203  0.0204  0.0201  0.0202
  0.0202  0.0201  0.0201  0.0202  0.0201  0.0201  0.0201  0.0202  0.0201  0.0202  0.0200  0.0201
  0.0200  0.0200  0.0200  0.0201  0.0200  0.0200  0.0200  0.0200  0.0200  0.0200  0.0200  0.0200
  0.0200  0.0200  0.0200  0.0200  0.0200  0.0200  0.0200  0.0200  0.0200  0.0200  0.0200  0.0200
  0.0200  0.0200  0.0200  0.0200  0.0200  0.0200  0.0200  0.0200  0.0200  0.0200  0.0200  0.0200
  0.0202  0.0201  0.0201  0.0201  0.0202  0.0201  0.0201  0.0202  0.0201  0.0202  0.0200  0.0201
  0.0204  0.0203  0.0202  0.0203  0.0204  0.0202  0.0203  0.0205  0.0203  0.0204  0.0201  0.0202
   -1.0537   32.9383    2.1613   -8.7568  -16.8868   -5.4235
    2.1381    0.5512   -2.1369   12.7377    0.6470  -18.4924
eta,q 0.98004 10.30290

---------------------------------------------------------------------
compute_vox2vox talsrcimg talsrcimg_to_711-2C_as_mni_average_305_t4 /opt/freesurfer/average/711-2C_as_mni_average_305
---------------------------------------------------------------------

freesurfer compute_vox2vox.c
Reading: talsrcimg.4dfp.ifh
Reading: talsrcimg_to_711-2C_as_mni_average_305_t4
Reading: /opt/freesurfer/average/711-2C_as_mni_average_305.4dfp.ifh
Writing: talsrcimg_to_711-2C_as_mni_average_305_t4_vox2vox.txt

start time Tue Mar 10 12:54:06 CET 2026
end		time Tue Mar 10 12:55:33 CET 2026

mpr2mni305 success

avi2talxfm orig_nu.mgz /opt/freesurfer/average/mni305.cor.mgz talsrcimg_to_711-2C_as_mni_average_305_t4_vox2vox.txt transforms/talairach.auto.xfm
avi2talxfm done
mv -f /out/sourcedata/freesurfer/sub-v2s0x29055_ses-1/mri/talsrcimg_to_711-2C_as_mni_average_305_t4_vox2vox.txt /out/sourcedata/freesurfer/sub-v2s0x29055_ses-1/mri/transforms/talsrcimg_to_711-2C_as_mni_average_305_t4_vox2vox.txt
lta_convert --src orig_nu.mgz --trg /opt/freesurfer/average/mni305.cor.mgz --inxfm transforms/talairach.auto.xfm --outlta transforms/talairach.auto.xfm.lta --subject fsaverage
7.3.2

--src: orig_nu.mgz src image (geometry).
--trg: /opt/freesurfer/average/mni305.cor.mgz trg image (geometry).
--inmni: transforms/talairach.auto.xfm input MNI/XFM transform.
--outlta: transforms/talairach.auto.xfm.lta output LTA.
--s: fsaverage subject name
 LTA read, type : 1
 1.09532  -0.00251  -0.02874  -5.10320;
-0.00193   1.02659   0.22846  -47.73259;
 0.02846  -0.15740   1.16743  -14.87648;
 0.00000   0.00000   0.00000   1.00000;
setting subject to fsaverage
Writing  LTA to file transforms/talairach.auto.xfm.lta...
lta_convert successful.
 
 
Started at Tue Mar 10 12:54:06 CET 2026
Ended   at Tue Mar 10 12:55:34 CET 2026
talairach_avi done
