status file for recon-all
Tue Mar 10 09:53:33 CET 2026
#@# Tessellate lh Tue Mar 10 09:53:33 CET 2026
#@# Smooth1 lh Tue Mar 10 09:53:36 CET 2026
#@# Inflation1 lh Tue Mar 10 09:53:38 CET 2026
#@# QSphere lh Tue Mar 10 09:53:51 CET 2026
#@# Fix Topology lh Tue Mar 10 09:54:52 CET 2026
#@# Smooth2 lh Tue Mar 10 10:00:04 CET 2026
#@# Inflation2 lh Tue Mar 10 10:00:07 CET 2026
#@# Curv .H and .K lh Tue Mar 10 10:00:21 CET 2026
#@# Sphere lh Tue Mar 10 10:01:01 CET 2026
#@# Surf Reg lh Tue Mar 10 10:03:23 CET 2026
#@# Jacobian white lh Tue Mar 10 10:07:25 CET 2026
#@# AvgCurv lh Tue Mar 10 10:07:26 CET 2026
#@# Cortical Parc lh Tue Mar 10 10:07:26 CET 2026
#@# white curv lh Tue Mar 10 10:13:50 CET 2026
#@# white area lh Tue Mar 10 10:13:52 CET 2026
#@# pial curv lh Tue Mar 10 10:13:52 CET 2026
#@# pial area lh Tue Mar 10 10:13:54 CET 2026
#@# thickness lh Tue Mar 10 10:13:55 CET 2026
#@# area and vertex vol lh Tue Mar 10 10:14:17 CET 2026
#@# Curvature Stats lh Tue Mar 10 10:14:18 CET 2026
#@# Cortical Parc 2 lh Tue Mar 10 10:14:20 CET 2026
#@# Cortical Parc 3 lh Tue Mar 10 10:14:33 CET 2026
#@# WM/GM Contrast lh Tue Mar 10 10:14:41 CET 2026
recon-all -s sub-v2s0x29016_ses-1 finished without error at Tue Mar 10 10:14:44 CET 2026



#New# invocation of recon-all 



status file for recon-all
Tue Mar 10 10:58:23 CET 2026
#@# white curv lh Tue Mar 10 10:58:23 CET 2026
#@# white area lh Tue Mar 10 10:58:23 CET 2026
#@# pial curv lh Tue Mar 10 10:58:23 CET 2026
#@# pial area lh Tue Mar 10 10:58:23 CET 2026
#@# thickness lh Tue Mar 10 10:58:23 CET 2026
#@# area and vertex vol lh Tue Mar 10 10:58:23 CET 2026
#@# Parcellation Stats lh Tue Mar 10 10:58:23 CET 2026
#@# Parcellation Stats 2 lh Tue Mar 10 10:58:39 CET 2026
#@# Parcellation Stats 3 lh Tue Mar 10 10:58:47 CET 2026
#@# BA_exvivo Labels lh Tue Mar 10 10:58:55 CET 2026
recon-all -s sub-v2s0x29016_ses-1 finished without error at Tue Mar 10 11:01:03 CET 2026
