status file for recon-all
Tue Mar 10 08:24:42 CET 2026
#@# T2/FLAIR Input Tue Mar 10 08:24:44 CET 2026
#@# MotionCor Tue Mar 10 08:24:45 CET 2026
#@# Talairach Tue Mar 10 08:24:51 CET 2026
#@# Talairach Failure Detection Tue Mar 10 08:27:43 CET 2026
#@# Nu Intensity Correction Tue Mar 10 08:27:43 CET 2026
#@# Intensity Normalization Tue Mar 10 08:30:30 CET 2026
recon-all -s sub-v2s0x29016_ses-1 finished without error at Tue Mar 10 08:31:43 CET 2026



#New# invocation of recon-all 



status file for recon-all
Tue Mar 10 08:37:55 CET 2026
#@# EM Registration Tue Mar 10 08:37:55 CET 2026
recon-all -s sub-v2s0x29016_ses-1 finished without error at Tue Mar 10 08:39:51 CET 2026



#New# invocation of recon-all 



status file for recon-all
Tue Mar 10 08:39:53 CET 2026
#@# CA Normalize Tue Mar 10 08:39:53 CET 2026
#@# CA Reg Tue Mar 10 08:40:46 CET 2026
#@# SubCort Seg Tue Mar 10 09:25:37 CET 2026
#@# CC Seg Tue Mar 10 09:49:09 CET 2026
#@# Merge ASeg Tue Mar 10 09:49:29 CET 2026
#@# Intensity Normalization2 Tue Mar 10 09:49:29 CET 2026
#@# Mask BFS Tue Mar 10 09:51:08 CET 2026
#@# WM Segmentation Tue Mar 10 09:51:08 CET 2026
#@# Fill Tue Mar 10 09:52:47 CET 2026
recon-all -s sub-v2s0x29016_ses-1 finished without error at Tue Mar 10 09:53:30 CET 2026



#New# invocation of recon-all 



status file for recon-all
Tue Mar 10 10:36:29 CET 2026
#@# Refine Pial Surfs w/ T2/FLAIR Tue Mar 10 10:36:29 CET 2026
#@# white curv lh Tue Mar 10 10:53:57 CET 2026
#@# white area lh Tue Mar 10 10:53:57 CET 2026
#@# pial curv lh Tue Mar 10 10:53:57 CET 2026
#@# pial area lh Tue Mar 10 10:53:59 CET 2026
#@# thickness lh Tue Mar 10 10:53:59 CET 2026
#@# area and vertex vol lh Tue Mar 10 10:54:23 CET 2026
#@# white curv rh Tue Mar 10 10:54:24 CET 2026
#@# white area rh Tue Mar 10 10:54:24 CET 2026
#@# pial curv rh Tue Mar 10 10:54:24 CET 2026
#@# pial area rh Tue Mar 10 10:54:25 CET 2026
#@# thickness rh Tue Mar 10 10:54:26 CET 2026
#@# area and vertex vol rh Tue Mar 10 10:54:46 CET 2026
#@# Cortical ribbon mask Tue Mar 10 10:54:47 CET 2026
recon-all -s sub-v2s0x29016_ses-1 finished without error at Tue Mar 10 10:58:17 CET 2026



#New# invocation of recon-all 



status file for recon-all
Tue Mar 10 11:03:51 CET 2026
#@# white curv lh Tue Mar 10 11:03:51 CET 2026
#@# white area lh Tue Mar 10 11:03:51 CET 2026
#@# pial curv lh Tue Mar 10 11:03:51 CET 2026
#@# pial area lh Tue Mar 10 11:03:51 CET 2026
#@# thickness lh Tue Mar 10 11:03:51 CET 2026
#@# area and vertex vol lh Tue Mar 10 11:03:51 CET 2026
#@# white curv rh Tue Mar 10 11:03:51 CET 2026
#@# white area rh Tue Mar 10 11:03:51 CET 2026
#@# pial curv rh Tue Mar 10 11:03:51 CET 2026
#@# pial area rh Tue Mar 10 11:03:51 CET 2026
#@# thickness rh Tue Mar 10 11:03:51 CET 2026
#@# area and vertex vol rh Tue Mar 10 11:03:51 CET 2026
#@# Curvature Stats lh Tue Mar 10 11:03:51 CET 2026
#@# Curvature Stats rh Tue Mar 10 11:03:53 CET 2026
#@# Relabel Hypointensities Tue Mar 10 11:03:55 CET 2026
#@# APas-to-ASeg Tue Mar 10 11:04:07 CET 2026
#@# AParc-to-ASeg aparc Tue Mar 10 11:04:13 CET 2026
#@# AParc-to-ASeg aparc.a2009s Tue Mar 10 11:04:28 CET 2026
#@# AParc-to-ASeg aparc.DKTatlas Tue Mar 10 11:04:45 CET 2026
#@# WMParc Tue Mar 10 11:05:00 CET 2026
#@# ASeg Stats Tue Mar 10 11:06:51 CET 2026
recon-all -s sub-v2s0x29016_ses-1 finished without error at Tue Mar 10 11:07:11 CET 2026
