status file for recon-all
Tue Mar 10 10:14:47 CET 2026
#@# Tessellate rh Tue Mar 10 10:14:47 CET 2026
#@# Smooth1 rh Tue Mar 10 10:14:49 CET 2026
#@# Inflation1 rh Tue Mar 10 10:14:51 CET 2026
#@# QSphere rh Tue Mar 10 10:15:06 CET 2026
#@# Fix Topology rh Tue Mar 10 10:16:11 CET 2026
#@# Smooth2 rh Tue Mar 10 10:21:28 CET 2026
#@# Inflation2 rh Tue Mar 10 10:21:30 CET 2026
#@# Curv .H and .K rh Tue Mar 10 10:21:44 CET 2026
#@# Sphere rh Tue Mar 10 10:22:23 CET 2026
#@# Surf Reg rh Tue Mar 10 10:25:38 CET 2026
#@# Jacobian white rh Tue Mar 10 10:29:23 CET 2026
#@# AvgCurv rh Tue Mar 10 10:29:24 CET 2026
#@# Cortical Parc rh Tue Mar 10 10:29:24 CET 2026
#@# white curv rh Tue Mar 10 10:35:31 CET 2026
#@# white area rh Tue Mar 10 10:35:33 CET 2026
#@# pial curv rh Tue Mar 10 10:35:34 CET 2026
#@# pial area rh Tue Mar 10 10:35:36 CET 2026
#@# thickness rh Tue Mar 10 10:35:36 CET 2026
#@# area and vertex vol rh Tue Mar 10 10:36:00 CET 2026
#@# Curvature Stats rh Tue Mar 10 10:36:01 CET 2026
#@# Cortical Parc 2 rh Tue Mar 10 10:36:04 CET 2026
#@# Cortical Parc 3 rh Tue Mar 10 10:36:15 CET 2026
#@# WM/GM Contrast rh Tue Mar 10 10:36:24 CET 2026
recon-all -s sub-v2s0x29016_ses-1 finished without error at Tue Mar 10 10:36:26 CET 2026



#New# invocation of recon-all 



status file for recon-all
Tue Mar 10 11:01:06 CET 2026
#@# white curv rh Tue Mar 10 11:01:06 CET 2026
#@# white area rh Tue Mar 10 11:01:06 CET 2026
#@# pial curv rh Tue Mar 10 11:01:06 CET 2026
#@# pial area rh Tue Mar 10 11:01:06 CET 2026
#@# thickness rh Tue Mar 10 11:01:06 CET 2026
#@# area and vertex vol rh Tue Mar 10 11:01:06 CET 2026
#@# Parcellation Stats rh Tue Mar 10 11:01:06 CET 2026
#@# Parcellation Stats 2 rh Tue Mar 10 11:01:22 CET 2026
#@# Parcellation Stats 3 rh Tue Mar 10 11:01:30 CET 2026
#@# BA_exvivo Labels rh Tue Mar 10 11:01:39 CET 2026
recon-all -s sub-v2s0x29016_ses-1 finished without error at Tue Mar 10 11:03:46 CET 2026
