/out/sourcedata/freesurfer/sub-v2s0x29047_ses-1/mri
/opt/freesurfer/bin/talairach_avi
--i orig_nu.mgz --xfm transforms/talairach.auto.xfm
talairach_avi 7.3.2
Linux dna020 5.14.0-427.37.1.el9_4.x86_64 #1 SMP PREEMPT_DYNAMIC Fri Sep 13 12:41:50 EDT 2024 x86_64 x86_64 x86_64 GNU/Linux
Tue Mar 10 12:41:14 CET 2026
mri_convert orig_nu.mgz talsrcimg.img 
reading from orig_nu.mgz...
TR=0.00, TE=0.00, TI=0.00, flip angle=0.00
i_ras = (-1, 0, 0)
j_ras = (0, 0, -1)
k_ras = (0, 1, 0)
writing to talsrcimg.img...
Analyze Output Matrix
-1.00000   0.00000   0.00000   129.77406;
 0.00000   0.00000   1.00000  -74.15216;
 0.00000  -1.00000   0.00000   118.77861;
 0.00000   0.00000   0.00000   1.00000;
--------------------
INFO: set hdr.hist.orient to -1
mpr2mni305 talsrcimg
Tue Mar 10 12:41:15 CET 2026
/opt/freesurfer/bin/mpr2mni305 talsrcimg
mpr2mni305 7.3.2
target=711-2C_as_mni_average_305

---------------------------------------------------------------------
analyzeto4dfp talsrcimg -O0 -y
---------------------------------------------------------------------

freesurfer ifh2hdr.c
Tue Mar 10 12:41:15 2026
Writing: talsrcimg.4dfp.hdr
freesurfer analyzeto4dfp.c
Reading: talsrcimg.hdr
header size 348 bytes
hdr.dime.datatype	offset=70	value=2
hdr.dime.bitpix		offset=72	value=8
hdr.hist.orient		offset=252	value=-1
dimensionality     4
dimensions       256       256       256         1
Reading: talsrcimg.img
Writing: talsrcimg.4dfp.img
Writing: talsrcimg.4dfp.ifh
ifh2hdr talsrcimg -r0to237
ori=2

---------------------------------------------------------------------
gauss_4dfp talsrcimg 1.1
---------------------------------------------------------------------

freesurfer gauss_4dfp.c
Reading: talsrcimg.4dfp.img
Writing: talsrcimg_g11.4dfp.img
image dimensions 256 256 256 padded to 288 288 288
processing volume 1freesurfer ifh2hdr.c
Tue Mar 10 12:41:16 2026
Writing: talsrcimg_g11.4dfp.hdr

Writing: talsrcimg_g11.4dfp.ifh
including: talsrcimg.4dfp.img.rec in talsrcimg_g11.4dfp.img.rec

---------------------------------------------------------------------
imgreg_4dfp /opt/freesurfer/average/711-2C_as_mni_average_305 none talsrcimg_g11 none talsrcimg_to_711-2C_as_mni_average_305_t4 4355
---------------------------------------------------------------------

freesurfer imgreg_4dfp.c
/opt/freesurfer/average/711-2C_as_mni_average_305.4dfp.img
       256       256       256         1
  1.000000  1.000000  1.000000
orientation T byte_order littleendian
Reading image: /opt/freesurfer/average/711-2C_as_mni_average_305.4dfp.img
dimensions:      256       256       256
mmppix:       1.0000   -1.0000   -1.0000
center:     128.0000 -129.0000 -129.0000
talsrcimg_g11.4dfp.img
       256       256       256         1
  1.000000  1.000000  1.000000
orientation T byte_order littleendian
Reading image: talsrcimg_g11.4dfp.img
dimensions:      256       256       256
mmppix:       1.0000   -1.0000   -1.0000
center:     128.0000 -129.0000 -129.0000
t4_read: open error in t4_sub.f l:  41 t4_file(1:l)talsrcimg_to_711-2C_as_mni_average_305_t4 
t4_read: transform initialized to I4
rotation matrix determinant  1.000000
image alignment mode   4355 decimal     1103 hex
   -7.5000  -45.0000  -45.0000 5973.2153   13.2583
    0.0000  -45.0000  -45.0000 6280.8486   13.2483
    7.5000  -45.0000  -45.0000 6015.9028   13.2573
   -7.5000  -37.5000  -45.0000 6618.6348   12.8447
    0.0000  -37.5000  -45.0000 6963.3301   12.8333
    7.5000  -37.5000  -45.0000 6641.8413   12.8418
   -7.5000  -30.0000  -45.0000 7543.3032   12.5586
    0.0000  -30.0000  -45.0000 7930.1562   12.5512
    7.5000  -30.0000  -45.0000 7560.9897   12.5642
   -7.5000  -22.5000  -45.0000 8489.0273   12.3337
    0.0000  -22.5000  -45.0000 8929.0732   12.3296
    7.5000  -22.5000  -45.0000 8514.3564   12.3424
   -7.5000  -15.0000  -45.0000 9423.3613   12.2046
    0.0000  -15.0000  -45.0000 9900.7695   12.2017
    7.5000  -15.0000  -45.0000 9442.2793   12.2113
   -7.5000   -7.5000  -45.000010376.5234   12.2146
    0.0000   -7.5000  -45.000010898.8838   12.2101
    7.5000   -7.5000  -45.000010404.1562   12.2170
   -7.5000    0.0000  -45.000011269.7363   12.2274
    0.0000    0.0000  -45.000011837.2100   12.2205
    7.5000    0.0000  -45.000011302.4912   12.2269
   -7.5000    7.5000  -45.000011313.9512   12.2244
    0.0000    7.5000  -45.000011886.9229   12.2162
    7.5000    7.5000  -45.000011364.9180   12.2252
   -7.5000   15.0000  -45.000011188.4023   12.2097
    0.0000   15.0000  -45.000011735.6875   12.2028
    7.5000   15.0000  -45.000011241.0752   12.2150
   -7.5000   22.5000  -45.000011029.8760   12.1959
    0.0000   22.5000  -45.000011542.1797   12.1919
    7.5000   22.5000  -45.000011047.9951   12.2043
   -7.5000   30.0000  -45.000010797.2178   12.0369
    0.0000   30.0000  -45.000011310.6230   12.0340
    7.5000   30.0000  -45.000010832.9668   12.0435
   -7.5000   37.5000  -45.000010754.2256   12.0518
    0.0000   37.5000  -45.000011265.1660   12.0474
    7.5000   37.5000  -45.000010794.9141   12.0541
   -7.5000   45.0000  -45.000010262.2021   11.7581
    0.0000   45.0000  -45.000010763.3896   11.7514
    7.5000   45.0000  -45.000010320.4629   11.7577
   -7.5000  -45.0000  -37.5000 6220.4160   13.1992
    0.0000  -45.0000  -37.5000 6544.5332   13.1887
    7.5000  -45.0000  -37.5000 6250.4292   13.1964
   -7.5000  -37.5000  -37.5000 6899.0664   12.7899
    0.0000  -37.5000  -37.5000 7249.4644   12.7814
    7.5000  -37.5000  -37.5000 6911.6123   12.7889
   -7.5000  -30.0000  -37.5000 7888.7422   12.5128
    0.0000  -30.0000  -37.5000 8269.9912   12.5100
    7.5000  -30.0000  -37.5000 7886.6357   12.5202
   -7.5000  -22.5000  -37.5000 8904.4463   12.2969
    0.0000  -22.5000  -37.5000 9334.6719   12.2961
    7.5000  -22.5000  -37.5000 8908.8896   12.3055
   -7.5000  -15.0000  -37.5000 9894.0762   12.1682
    0.0000  -15.0000  -37.500010358.7627   12.1661
    7.5000  -15.0000  -37.5000 9899.7686   12.1730
   -7.5000   -7.5000  -37.500010897.7930   12.1700
    0.0000   -7.5000  -37.500011411.9453   12.1646
    7.5000   -7.5000  -37.500010914.7529   12.1701
   -7.5000    0.0000  -37.500011846.7920   12.1753
    0.0000    0.0000  -37.500012408.0684   12.1680
    7.5000    0.0000  -37.500011878.6436   12.1737
   -7.5000    7.5000  -37.500011909.1006   12.1733
    0.0000    7.5000  -37.500012479.1943   12.1676
    7.5000    7.5000  -37.500011960.3359   12.1753
   -7.5000   15.0000  -37.500011752.6064   12.1665
    0.0000   15.0000  -37.500012312.4561   12.1640
    7.5000   15.0000  -37.500011804.6875   12.1736
   -7.5000   22.5000  -37.500011538.2793   12.1599
    0.0000   22.5000  -37.500012069.6113   12.1591
    7.5000   22.5000  -37.500011578.9600   12.1682
   -7.5000   30.0000  -37.500011267.0498   12.0010
    0.0000   30.0000  -37.500011793.6826   11.9988
    7.5000   30.0000  -37.500011310.6377   12.0057
   -7.5000   37.5000  -37.500011253.9180   12.0078
    0.0000   37.5000  -37.500011788.3340   12.0025
    7.5000   37.5000  -37.500011301.3789   12.0079
   -7.5000   45.0000  -37.500010745.4258   11.7080
    0.0000   45.0000  -37.500011256.6289   11.7010
    7.5000   45.0000  -37.500010805.5869   11.7065
   -7.5000  -45.0000  -30.0000 6584.7983   13.7563
    0.0000  -45.0000  -30.0000 6898.0454   13.7466
    7.5000  -45.0000  -30.0000 6585.8018   13.7539
   -7.5000  -37.5000  -30.0000 7294.2388   13.3318
    0.0000  -37.5000  -30.0000 7642.5869   13.3258
    7.5000  -37.5000  -30.0000 7293.7290   13.3328
   -7.5000  -30.0000  -30.0000 8356.7529   13.0413
    0.0000  -30.0000  -30.0000 8745.5391   13.0416
    7.5000  -30.0000  -30.0000 8337.4453   13.0516
   -7.5000  -22.5000  -30.0000 9451.5967   12.8175
    0.0000  -22.5000  -30.0000 9905.4102   12.8187
    7.5000  -22.5000  -30.0000 9453.8604   12.8283
   -7.5000  -15.0000  -30.000010521.3096   12.6847
    0.0000  -15.0000  -30.000011017.8340   12.6830
    7.5000  -15.0000  -30.000010546.3105   12.6908
   -7.5000   -7.5000  -30.000011611.9844   12.6865
    0.0000   -7.5000  -30.000012144.3066   12.6808
    7.5000   -7.5000  -30.000011648.7393   12.6868
   -7.5000    0.0000  -30.000012617.4385   12.6911
    0.0000    0.0000  -30.000013198.1377   12.6840
    7.5000    0.0000  -30.000012667.2412   12.6895
   -7.5000    7.5000  -30.000012709.6504   12.6880
    0.0000    7.5000  -30.000013293.5527   12.6840
    7.5000    7.5000  -30.000012764.6543   12.6912
   -7.5000   15.0000  -30.000012542.8809   12.6806
    0.0000   15.0000  -30.000013118.5293   12.6810
    7.5000   15.0000  -30.000012587.4365   12.6902
   -7.5000   22.5000  -30.000012278.4971   12.6736
    0.0000   22.5000  -30.000012838.8545   12.6747
    7.5000   22.5000  -30.000012331.1416   12.6840
   -7.5000   30.0000  -30.000011999.0215   12.5115
    0.0000   30.0000  -30.000012553.5781   12.5098
    7.5000   30.0000  -30.000012053.7080   12.5175
   -7.5000   37.5000  -30.000012006.9424   12.5186
    0.0000   37.5000  -30.000012568.5820   12.5130
    7.5000   37.5000  -30.000012066.0928   12.5189
   -7.5000   45.0000  -30.000011456.2646   12.2130
    0.0000   45.0000  -30.000011982.8477   12.2061
    7.5000   45.0000  -30.000011521.7793   12.2115
   -7.5000  -45.0000  -22.5000 6926.8965   14.2292
    0.0000  -45.0000  -22.5000 7256.5024   14.2209
    7.5000  -45.0000  -22.5000 6929.4541   14.2303
   -7.5000  -37.5000  -22.5000 7670.9546   13.7926
    0.0000  -37.5000  -22.5000 8031.0044   13.7860
    7.5000  -37.5000  -22.5000 7685.2705   13.7945
   -7.5000  -30.0000  -22.5000 8778.4980   13.4838
    0.0000  -30.0000  -22.5000 9190.5020   13.4821
    7.5000  -30.0000  -22.5000 8791.9004   13.4952
   -7.5000  -22.5000  -22.5000 9975.9219   13.2449
    0.0000  -22.5000  -22.500010426.2734   13.2444
    7.5000  -22.5000  -22.5000 9987.5088   13.2584
   -7.5000  -15.0000  -22.500011158.3008   13.1086
    0.0000  -15.0000  -22.500011662.2236   13.1064
    7.5000  -15.0000  -22.500011177.7100   13.1184
   -7.5000   -7.5000  -22.500012316.8447   13.1194
    0.0000   -7.5000  -22.500012884.1670   13.1143
    7.5000   -7.5000  -22.500012354.6934   13.1232
   -7.5000    0.0000  -22.500013377.9551   13.1318
    0.0000    0.0000  -22.500014010.6787   13.1253
    7.5000    0.0000  -22.500013443.4883   13.1324
   -7.5000    7.5000  -22.500013498.9150   13.1271
    0.0000    7.5000  -22.500014142.5107   13.1223
    7.5000    7.5000  -22.500013575.7451   13.1311
   -7.5000   15.0000  -22.500013345.2441   13.1110
    0.0000   15.0000  -22.500014011.6182   13.1093
    7.5000   15.0000  -22.500013443.4014   13.1215
   -7.5000   22.5000  -22.500013012.6680   13.0955
    0.0000   22.5000  -22.500013689.8867   13.0948
    7.5000   22.5000  -22.500013159.5732   13.1085
   -7.5000   30.0000  -22.500012727.0703   12.9318
    0.0000   30.0000  -22.500013364.4297   12.9295
    7.5000   30.0000  -22.500012867.2383   12.9414
   -7.5000   37.5000  -22.500012753.4170   12.9478
    0.0000   37.5000  -22.500013376.2471   12.9427
    7.5000   37.5000  -22.500012883.0713   12.9515
   -7.5000   45.0000  -22.500012148.2402   12.6466
    0.0000   45.0000  -22.500012751.3584   12.6403
    7.5000   45.0000  -22.500012293.6729   12.6471
   -7.5000  -45.0000  -15.0000 7233.8149   14.5676
    0.0000  -45.0000  -15.0000 7573.9941   14.5596
    7.5000  -45.0000  -15.0000 7248.3486   14.5707
   -7.5000  -37.5000  -15.0000 8055.7690   14.1219
    0.0000  -37.5000  -15.0000 8428.8037   14.1119
    7.5000  -37.5000  -15.0000 8066.0542   14.1217
   -7.5000  -30.0000  -15.0000 9237.5205   13.8002
    0.0000  -30.0000  -15.0000 9656.7070   13.7935
    7.5000  -30.0000  -15.0000 9260.1162   13.8095
   -7.5000  -22.5000  -15.000010489.6377   13.5481
    0.0000  -22.5000  -15.000010956.8154   13.5437
    7.5000  -22.5000  -15.000010494.0225   13.5613
   -7.5000  -15.0000  -15.000011723.2266   13.4081
    0.0000  -15.0000  -15.000012250.2363   13.4045
    7.5000  -15.0000  -15.000011720.1865   13.4195
   -7.5000   -7.5000  -15.000012949.1670   13.4267
    0.0000   -7.5000  -15.000013551.4180   13.4220
    7.5000   -7.5000  -15.000012967.7256   13.4326
   -7.5000    0.0000  -15.000014077.7227   13.4469
    0.0000    0.0000  -15.000014764.7734   13.4403
    7.5000    0.0000  -15.000014148.4912   13.4484
   -7.5000    7.5000  -15.000014218.9189   13.4420
    0.0000    7.5000  -15.000014940.6602   13.4344
    7.5000    7.5000  -15.000014311.2188   13.4445
   -7.5000   15.0000  -15.000014119.1006   13.4186
    0.0000   15.0000  -15.000014931.7236   13.4120
    7.5000   15.0000  -15.000014282.1348   13.4270
   -7.5000   22.5000  -15.000013758.4463   13.3946
    0.0000   22.5000  -15.000014601.6973   13.3902
    7.5000   22.5000  -15.000014016.2568   13.4075
   -7.5000   30.0000  -15.000013451.2588   13.2291
    0.0000   30.0000  -15.000014246.3105   13.2256
    7.5000   30.0000  -15.000013692.3369   13.2403
   -7.5000   37.5000  -15.000013509.1729   13.2529
    0.0000   37.5000  -15.000014286.3623   13.2483
    7.5000   37.5000  -15.000013710.5928   13.2587
   -7.5000   45.0000  -15.000012878.5400   12.9578
    0.0000   45.0000  -15.000013649.2637   12.9515
    7.5000   45.0000  -15.000013050.0752   12.9593
   -7.5000  -45.0000   -7.5000 7534.5522   14.7372
    0.0000  -45.0000   -7.5000 7878.2549   14.7278
    7.5000  -45.0000   -7.5000 7550.2461   14.7387
   -7.5000  -37.5000   -7.5000 8418.2568   14.2832
    0.0000  -37.5000   -7.5000 8796.5430   14.2704
    7.5000  -37.5000   -7.5000 8425.6875   14.2802
   -7.5000  -30.0000   -7.5000 9694.1426   13.9596
    0.0000  -30.0000   -7.500010114.4180   13.9498
    7.5000  -30.0000   -7.5000 9711.5117   13.9661
   -7.5000  -22.5000   -7.500010994.5957   13.7044
    0.0000  -22.5000   -7.500011487.7803   13.6982
    7.5000  -22.5000   -7.500011009.1777   13.7156
   -7.5000  -15.0000   -7.500012238.8057   13.5623
    0.0000  -15.0000   -7.500012800.9980   13.5583
    7.5000  -15.0000   -7.500012273.7021   13.5721
   -7.5000   -7.5000   -7.500013486.5137   13.5806
    0.0000   -7.5000   -7.500014126.0225   13.5760
    7.5000   -7.5000   -7.500013579.3047   13.5854
   -7.5000    0.0000   -7.500014724.6748   13.6010
    0.0000    0.0000   -7.500015443.0811   13.5939
    7.5000    0.0000   -7.500014823.5908   13.6017
   -7.5000    7.5000   -7.500014933.9951   13.5966
    0.0000    7.5000   -7.500015730.4561   13.5870
    7.5000    7.5000   -7.500015031.4404   13.5974
   -7.5000   15.0000   -7.500014948.3574   13.5735
    0.0000   15.0000   -7.500015981.8428   13.5642
    7.5000   15.0000   -7.500015132.9229   13.5795
   -7.5000   22.5000   -7.500014713.1680   13.5477
    0.0000   22.5000   -7.500015920.6680   13.5416
    7.5000   22.5000   -7.500015012.8506   13.5585
   -7.5000   30.0000   -7.500014372.5547   13.3809
    0.0000   30.0000   -7.500015520.6826   13.3770
    7.5000   30.0000   -7.500014601.0283   13.3905
   -7.5000   37.5000   -7.500014373.8213   13.4044
    0.0000   37.5000   -7.500015488.7051   13.3999
    7.5000   37.5000   -7.500014494.0205   13.4092
   -7.5000   45.0000   -7.500013680.8389   13.1088
    0.0000   45.0000   -7.500014698.8857   13.1019
    7.5000   45.0000   -7.500013740.7373   13.1095
   -7.5000  -45.0000    0.0000 7757.8257   14.7678
    0.0000  -45.0000    0.0000 8124.8916   14.7567
    7.5000  -45.0000    0.0000 7773.5850   14.7669
   -7.5000  -37.5000    0.0000 8714.0791   14.3094
    0.0000  -37.5000    0.0000 9099.3682   14.2968
    7.5000  -37.5000    0.0000 8723.3242   14.3064
   -7.5000  -30.0000    0.000010056.6055   13.9925
    0.0000  -30.0000    0.000010495.4023   13.9843
    7.5000  -30.0000    0.000010099.2002   13.9988
   -7.5000  -22.5000    0.000011389.4912   13.7433
    0.0000  -22.5000    0.000011898.4785   13.7387
    7.5000  -22.5000    0.000011444.6416   13.7529
   -7.5000  -15.0000    0.000012674.9326   13.6000
    0.0000  -15.0000    0.000013279.8916   13.5966
    7.5000  -15.0000    0.000012750.7607   13.6072
   -7.5000   -7.5000    0.000013963.6230   13.6106
    0.0000   -7.5000    0.000014680.9580   13.6056
    7.5000   -7.5000    0.000014075.8652   13.6132
   -7.5000    0.0000    0.000015225.9209   13.6245
    0.0000    0.0000    0.000016041.7861   13.6168
    7.5000    0.0000    0.000015311.3145   13.6241
   -7.5000    7.5000    0.000015436.7061   13.6212
    0.0000    7.5000    0.000016321.6094   13.6122
    7.5000    7.5000    0.000015429.2451   13.6223
   -7.5000   15.0000    0.000015605.4043   13.6054
    0.0000   15.0000    0.000016773.7871   13.5978
    7.5000   15.0000    0.000015630.9326   13.6113
   -7.5000   22.5000    0.000015543.6836   13.5860
    0.0000   22.5000    0.000017146.2402   13.5815
    7.5000   22.5000    0.000015775.7764   13.5952
   -7.5000   30.0000    0.000015188.1475   13.4183
    0.0000   30.0000    0.000016813.1836   13.4150
    7.5000   30.0000    0.000015432.2578   13.4255
   -7.5000   37.5000    0.000015053.0576   13.4344
    0.0000   37.5000    0.000016545.9316   13.4295
    7.5000   37.5000    0.000015214.0537   13.4370
   -7.5000   45.0000    0.000014220.2090   13.1324
    0.0000   45.0000    0.000015508.0791   13.1250
    7.5000   45.0000    0.000014340.7930   13.1320
   -7.5000  -45.0000    7.5000 7332.1396   14.7696
    0.0000  -45.0000    7.5000 7718.6245   14.7578
    7.5000  -45.0000    7.5000 7344.6548   14.7664
   -7.5000  -37.5000    7.5000 8274.6611   14.3115
    0.0000  -37.5000    7.5000 8695.6455   14.3021
    7.5000  -37.5000    7.5000 8278.1250   14.3103
   -7.5000  -30.0000    7.5000 9597.4561   14.0014
    0.0000  -30.0000    7.500010089.6055   13.9983
    7.5000  -30.0000    7.5000 9619.0850   14.0098
   -7.5000  -22.5000    7.500010901.7168   13.7598
    0.0000  -22.5000    7.500011492.4678   13.7590
    7.5000  -22.5000    7.500010945.2246   13.7695
   -7.5000  -15.0000    7.500012175.0469   13.6160
    0.0000  -15.0000    7.500012847.7715   13.6135
    7.5000  -15.0000    7.500012229.4463   13.6213
   -7.5000   -7.5000    7.500013471.9893   13.6179
    0.0000   -7.5000    7.500014235.6504   13.6120
    7.5000   -7.5000    7.500013529.9707   13.6180
   -7.5000    0.0000    7.500014711.0693   13.6239
    0.0000    0.0000    7.500015548.5400   13.6157
    7.5000    0.0000    7.500014744.4834   13.6221
   -7.5000    7.5000    7.500014897.4902   13.6216
    0.0000    7.5000    7.500015719.4521   13.6152
    7.5000    7.5000    7.500014834.4951   13.6238
   -7.5000   15.0000    7.500014928.4072   13.6140
    0.0000   15.0000    7.500015998.3096   13.6112
    7.5000   15.0000    7.500015006.8232   13.6219
   -7.5000   22.5000    7.500014818.9004   13.6022
    0.0000   22.5000    7.500016230.1670   13.6013
    7.5000   22.5000    7.500015203.7734   13.6115
   -7.5000   30.0000    7.500014490.0352   13.4341
    0.0000   30.0000    7.500015922.6006   13.4316
    7.5000   30.0000    7.500014867.3691   13.4393
   -7.5000   37.5000    7.500014450.0361   13.4417
    0.0000   37.5000    7.500015720.7383   13.4358
    7.5000   37.5000    7.500014683.3428   13.4418
   -7.5000   45.0000    7.500013709.5771   13.1319
    0.0000   45.0000    7.500014824.2197   13.1240
    7.5000   45.0000    7.500013888.6084   13.1302
   -7.5000  -45.0000   15.0000 6801.5615   14.7911
    0.0000  -45.0000   15.0000 7180.1924   14.7806
    7.5000  -45.0000   15.0000 6812.7100   14.7884
   -7.5000  -37.5000   15.0000 7732.7656   14.3340
    0.0000  -37.5000   15.0000 8162.0122   14.3276
    7.5000  -37.5000   15.0000 7734.1201   14.3352
   -7.5000  -30.0000   15.0000 9018.4863   14.0214
    0.0000  -30.0000   15.0000 9534.5781   14.0218
    7.5000  -30.0000   15.0000 9045.0732   14.0325
   -7.5000  -22.5000   15.000010294.9014   13.7805
    0.0000  -22.5000   15.000010886.4023   13.7819
    7.5000  -22.5000   15.000010341.5146   13.7922
   -7.5000  -15.0000   15.000011540.0166   13.6376
    0.0000  -15.0000   15.000012183.7754   13.6357
    7.5000  -15.0000   15.000011571.6035   13.6441
   -7.5000   -7.5000   15.000012796.4482   13.6395
    0.0000   -7.5000   15.000013505.9854   13.6333
    7.5000   -7.5000   15.000012828.2383   13.6398
   -7.5000    0.0000   15.000013928.3975   13.6444
    0.0000    0.0000   15.000014684.3301   13.6367
    7.5000    0.0000   15.000013936.0459   13.6427
   -7.5000    7.5000   15.000014031.0195   13.6410
    0.0000    7.5000   15.000014817.2109   13.6367
    7.5000    7.5000   15.000014019.4619   13.6445
   -7.5000   15.0000   15.000014019.4297   13.6331
    0.0000   15.0000   15.000015006.5928   13.6335
    7.5000   15.0000   15.000014208.4600   13.6435
   -7.5000   22.5000   15.000013862.5625   13.6226
    0.0000   22.5000   15.000015006.2979   13.6238
    7.5000   22.5000   15.000014237.7637   13.6338
   -7.5000   30.0000   15.000013504.8848   13.4554
    0.0000   30.0000   15.000014463.3359   13.4535
    7.5000   30.0000   15.000013721.4209   13.4618
   -7.5000   37.5000   15.000013510.6924   13.4629
    0.0000   37.5000   15.000014316.4795   13.4568
    7.5000   37.5000   15.000013614.7695   13.4633
   -7.5000   45.0000   15.000012911.4414   13.1516
    0.0000   45.0000   15.000013705.8906   13.1442
    7.5000   45.0000   15.000013030.7402   13.1500
   -7.5000  -45.0000   22.5000 6242.6108   14.9626
    0.0000  -45.0000   22.5000 6575.6221   14.9540
    7.5000  -45.0000   22.5000 6251.3628   14.9638
   -7.5000  -37.5000   22.5000 7124.7539   14.4981
    0.0000  -37.5000   22.5000 7512.2666   14.4913
    7.5000  -37.5000   22.5000 7134.1372   14.5002
   -7.5000  -30.0000   22.5000 8356.6826   14.1701
    0.0000  -30.0000   22.5000 8830.2490   14.1683
    7.5000  -30.0000   22.5000 8386.0820   14.1819
   -7.5000  -22.5000   22.5000 9579.7578   13.9161
    0.0000  -22.5000   22.500010111.4277   13.9154
    7.5000  -22.5000   22.5000 9623.9307   13.9299
   -7.5000  -15.0000   22.500010776.8730   13.7708
    0.0000  -15.0000   22.500011343.4316   13.7683
    7.5000  -15.0000   22.500010817.2900   13.7807
   -7.5000   -7.5000   22.500011944.2666   13.7817
    0.0000   -7.5000   22.500012558.2705   13.7765
    7.5000   -7.5000   22.500011989.2568   13.7857
   -7.5000    0.0000   22.500012986.1055   13.7948
    0.0000    0.0000   22.500013616.4893   13.7881
    7.5000    0.0000   22.500013018.7607   13.7955
   -7.5000    7.5000   22.500013099.1523   13.7902
    0.0000    7.5000   22.500013731.9131   13.7853
    7.5000    7.5000   22.500013140.6201   13.7945
   -7.5000   15.0000   22.500013100.4395   13.7736
    0.0000   15.0000   22.500013862.1875   13.7717
    7.5000   15.0000   22.500013326.6387   13.7845
   -7.5000   22.5000   22.500012949.9443   13.7551
    0.0000   22.5000   22.500013730.6641   13.7543
    7.5000   22.5000   22.500013182.8018   13.7684
   -7.5000   30.0000   22.500012619.4629   13.5868
    0.0000   30.0000   22.500013240.6289   13.5844
    7.5000   30.0000   22.500012680.5088   13.5966
   -7.5000   37.5000   22.500012625.0283   13.6034
    0.0000   37.5000   22.500013218.3535   13.5981
    7.5000   37.5000   22.500012660.9697   13.6072
   -7.5000   45.0000   22.500012122.1895   13.2966
    0.0000   45.0000   22.500012719.0420   13.2901
    7.5000   45.0000   22.500012177.7070   13.2973
   -7.5000  -45.0000   30.0000 5672.1284   15.2484
    0.0000  -45.0000   30.0000 5953.2485   15.2402
    7.5000  -45.0000   30.0000 5681.9980   15.2515
   -7.5000  -37.5000   30.0000 6494.4746   14.7676
    0.0000  -37.5000   30.0000 6825.1680   14.7570
    7.5000  -37.5000   30.0000 6514.1494   14.7667
   -7.5000  -30.0000   30.0000 7638.8867   14.4210
    0.0000  -30.0000   30.0000 8058.0161   14.4134
    7.5000  -30.0000   30.0000 7684.2554   14.4299
   -7.5000  -22.5000   30.0000 8788.7354   14.1493
    0.0000  -22.5000   30.0000 9239.2627   14.1439
    7.5000  -22.5000   30.0000 8839.8691   14.1623
   -7.5000  -15.0000   30.0000 9895.3662   13.9984
    0.0000  -15.0000   30.000010378.6836   13.9941
    7.5000  -15.0000   30.0000 9944.0166   14.0097
   -7.5000   -7.5000   30.000010984.2432   14.0182
    0.0000   -7.5000   30.000011491.2500   14.0132
    7.5000   -7.5000   30.000011027.1836   14.0241
   -7.5000    0.0000   30.000011972.1670   14.0401
    0.0000    0.0000   30.000012498.3779   14.0334
    7.5000    0.0000   30.000011998.2217   14.0416
   -7.5000    7.5000   30.000012117.4639   14.0352
    0.0000    7.5000   30.000012659.5264   14.0273
    7.5000    7.5000   30.000012181.2275   14.0375
   -7.5000   15.0000   30.000012127.3262   14.0102
    0.0000   15.0000   30.000012749.2324   14.0029
    7.5000   15.0000   30.000012308.8730   14.0182
   -7.5000   22.5000   30.000011989.8887   13.9830
    0.0000   22.5000   30.000012576.0469   13.9776
    7.5000   22.5000   30.000012099.9756   13.9955
   -7.5000   30.0000   30.000011676.7256   13.8114
    0.0000   30.0000   30.000012185.0889   13.8072
    7.5000   30.0000   30.000011681.6035   13.8225
   -7.5000   37.5000   30.000011693.5303   13.8368
    0.0000   37.5000   30.000012227.1631   13.8318
    7.5000   37.5000   30.000011716.9727   13.8426
   -7.5000   45.0000   30.000011262.1445   13.5330
    0.0000   45.0000   30.000011781.9785   13.5266
    7.5000   45.0000   30.000011279.7549   13.5345
   -7.5000  -45.0000   37.5000 5375.1841   15.7150
    0.0000  -45.0000   37.5000 5639.3052   15.7042
    7.5000  -45.0000   37.5000 5384.1079   15.7155
   -7.5000  -37.5000   37.5000 6152.5049   15.2021
    0.0000  -37.5000   37.5000 6475.2480   15.1878
    7.5000  -37.5000   37.5000 6192.5376   15.1984
   -7.5000  -30.0000   37.5000 7247.8286   14.8374
    0.0000  -30.0000   37.5000 7646.2974   14.8268
    7.5000  -30.0000   37.5000 7309.2715   14.8451
   -7.5000  -22.5000   37.5000 8354.3330   14.5493
    0.0000  -22.5000   37.5000 8781.0459   14.5426
    7.5000  -22.5000   37.5000 8416.1553   14.5619
   -7.5000  -15.0000   37.5000 9425.0293   14.3884
    0.0000  -15.0000   37.5000 9867.7021   14.3838
    7.5000  -15.0000   37.5000 9470.0117   14.3988
   -7.5000   -7.5000   37.500010463.0127   14.4085
    0.0000   -7.5000   37.500010937.5010   14.4032
    7.5000   -7.5000   37.500010503.4395   14.4129
   -7.5000    0.0000   37.500011465.8623   14.4320
    0.0000    0.0000   37.500011956.2666   14.4240
    7.5000    0.0000   37.500011500.4072   14.4318
   -7.5000    7.5000   37.500011637.8086   14.4282
    0.0000    7.5000   37.500012177.2939   14.4177
    7.5000    7.5000   37.500011723.9697   14.4289
   -7.5000   15.0000   37.500011655.2070   14.4028
    0.0000   15.0000   37.500012238.2266   14.3928
    7.5000   15.0000   37.500011803.1396   14.4098
   -7.5000   22.5000   37.500011507.7881   14.3736
    0.0000   22.5000   37.500012042.3359   14.3669
    7.5000   22.5000   37.500011558.6348   14.3857
   -7.5000   30.0000   37.500011201.0586   14.1960
    0.0000   30.0000   37.500011683.8350   14.1915
    7.5000   30.0000   37.500011195.5420   14.2062
   -7.5000   37.5000   37.500011241.5518   14.2220
    0.0000   37.5000   37.500011723.8867   14.2168
    7.5000   37.5000   37.500011252.5449   14.2263
   -7.5000   45.0000   37.500010852.1416   13.9108
    0.0000   45.0000   37.500011331.2402   13.9031
    7.5000   45.0000   37.500010862.8838   13.9106
   -7.5000  -45.0000   45.0000 4928.8301   16.3033
    0.0000  -45.0000   45.0000 5168.5220   16.2922
    7.5000  -45.0000   45.0000 4943.5127   16.3028
   -7.5000  -37.5000   45.0000 5651.9985   15.7562
    0.0000  -37.5000   45.0000 5961.0176   15.7433
    7.5000  -37.5000   45.0000 5701.2114   15.7541
   -7.5000  -30.0000   45.0000 6656.8154   15.3621
    0.0000  -30.0000   45.0000 7037.8149   15.3550
    7.5000  -30.0000   45.0000 6736.3789   15.3727
   -7.5000  -22.5000   45.0000 7654.1377   15.0529
    0.0000  -22.5000   45.0000 8060.6567   15.0502
    7.5000  -22.5000   45.0000 7727.5596   15.0674
   -7.5000  -15.0000   45.0000 8623.6191   14.8804
    0.0000  -15.0000   45.0000 9053.7568   14.8790
    7.5000  -15.0000   45.0000 8689.1885   14.8912
   -7.5000   -7.5000   45.0000 9609.1230   14.9019
    0.0000   -7.5000   45.000010057.5195   14.8982
    7.5000   -7.5000   45.0000 9660.1494   14.9059
   -7.5000    0.0000   45.000010564.6377   14.9266
    0.0000    0.0000   45.000011054.0459   14.9194
    7.5000    0.0000   45.000010612.4961   14.9267
   -7.5000    7.5000   45.000010725.6357   14.9214
    0.0000    7.5000   45.000011254.0703   14.9127
    7.5000    7.5000   45.000010832.9941   14.9241
   -7.5000   15.0000   45.000010755.3906   14.8938
    0.0000   15.0000   45.000011280.9072   14.8873
    7.5000   15.0000   45.000010859.1973   14.9037
   -7.5000   22.5000   45.000010604.9131   14.8638
    0.0000   22.5000   45.000011090.5859   14.8611
    7.5000   22.5000   45.000010641.7012   14.8778
   -7.5000   30.0000   45.000010326.1230   14.6797
    0.0000   30.0000   45.000010787.0586   14.6784
    7.5000   30.0000   45.000010349.3994   14.6904
   -7.5000   37.5000   45.000010370.5557   14.7078
    0.0000   37.5000   45.000010833.0654   14.7040
    7.5000   37.5000   45.000010412.8516   14.7117
   -7.5000   45.0000   45.000010027.2998   14.3941
    0.0000   45.0000   45.000010475.2754   14.3871
    7.5000   45.0000   45.000010066.3838   14.3941

---------------------------------------------------------------------
imgreg_4dfp /opt/freesurfer/average/711-2C_as_mni_average_305 /opt/freesurfer/average/711-2B_as_mni_average_305_mask talsrcimg_g11 none talsrcimg_to_711-2C_as_mni_average_305_t4 4355
---------------------------------------------------------------------

freesurfer imgreg_4dfp.c
/opt/freesurfer/average/711-2C_as_mni_average_305.4dfp.img
       256       256       256         1
  1.000000  1.000000  1.000000
orientation T byte_order littleendian
Reading image: /opt/freesurfer/average/711-2C_as_mni_average_305.4dfp.img
dimensions:      256       256       256
mmppix:       1.0000   -1.0000   -1.0000
center:     128.0000 -129.0000 -129.0000
/opt/freesurfer/average/711-2B_as_mni_average_305_mask.4dfp.img
       256       256       256         1
  1.000000  1.000000  1.000000
orientation T byte_order littleendian
Reading mask: /opt/freesurfer/average/711-2B_as_mni_average_305_mask.4dfp.img (2306576 pixels)
talsrcimg_g11.4dfp.img
       256       256       256         1
  1.000000  1.000000  1.000000
orientation T byte_order littleendian
Reading image: talsrcimg_g11.4dfp.img
dimensions:      256       256       256
mmppix:       1.0000   -1.0000   -1.0000
center:     128.0000 -129.0000 -129.0000
rotation matrix determinant  1.000000
image alignment mode   4355 decimal     1103 hex
   -7.5000  -22.5000  -45.0000 2094.9578   14.7252
    0.0000  -22.5000  -45.0000 2109.5144   14.7202
    7.5000  -22.5000  -45.0000 2098.5552   14.7680
   -7.5000  -15.0000  -45.0000 2204.1497   13.3523
    0.0000  -15.0000  -45.0000 2220.1384   13.3247
    7.5000  -15.0000  -45.0000 2205.9094   13.3767
   -7.5000   -7.5000  -45.0000 2299.6956   12.2209
    0.0000   -7.5000  -45.0000 2315.6675   12.1652
    7.5000   -7.5000  -45.0000 2301.3379   12.2646
   -7.5000    0.0000  -45.0000 2372.5063   11.3676
    0.0000    0.0000  -45.0000 2390.7070   11.2861
    7.5000    0.0000  -45.0000 2375.1182   11.3850
   -7.5000    7.5000  -45.0000 2425.6643   10.7969
    0.0000    7.5000  -45.0000 2446.7161   10.6968
    7.5000    7.5000  -45.0000 2429.0996   10.8118
   -7.5000   15.0000  -45.0000 2444.1147   10.5158
    0.0000   15.0000  -45.0000 2466.8850   10.3898
    7.5000   15.0000  -45.0000 2452.9226   10.5292
   -7.5000   22.5000  -45.0000 2454.3911   10.4116
    0.0000   22.5000  -45.0000 2474.7769   10.2962
    7.5000   22.5000  -45.0000 2457.5271   10.4378
   -7.5000   30.0000  -45.0000 2442.0396   10.5677
    0.0000   30.0000  -45.0000 2463.5232   10.4354
    7.5000   30.0000  -45.0000 2448.8333   10.5790
   -7.5000   37.5000  -45.0000 2410.0105   10.9325
    0.0000   37.5000  -45.0000 2432.3765   10.7954
    7.5000   37.5000  -45.0000 2415.2256   10.9361
   -7.5000   45.0000  -45.0000 2360.4080   11.5160
    0.0000   45.0000  -45.0000 2384.6448   11.3824
    7.5000   45.0000  -45.0000 2370.5400   11.5009
   -7.5000   52.5000  -45.0000 2267.6265   12.1491
    0.0000   52.5000  -45.0000 2296.3040   11.9967
    7.5000   52.5000  -45.0000 2282.1758   12.1248
   -7.5000   60.0000  -45.0000 2137.0527   12.8100
    0.0000   60.0000  -45.0000 2163.8774   12.6761
    7.5000   60.0000  -45.0000 2148.4993   12.7855
   -7.5000   67.5000  -45.0000 1975.3450   13.5548
    0.0000   67.5000  -45.0000 2000.5809   13.4293
    7.5000   67.5000  -45.0000 1988.9441   13.5107
   -7.5000  -22.5000  -37.5000 2146.9587   14.0779
    0.0000  -22.5000  -37.5000 2161.4485   14.0116
    7.5000  -22.5000  -37.5000 2147.4902   14.1135
   -7.5000  -15.0000  -37.5000 2264.1736   12.7181
    0.0000  -15.0000  -37.5000 2280.5476   12.6323
    7.5000  -15.0000  -37.5000 2263.1697   12.7409
   -7.5000   -7.5000  -37.5000 2368.3701   11.6279
    0.0000   -7.5000  -37.5000 2385.5930   11.5123
    7.5000   -7.5000  -37.5000 2368.2507   11.6498
   -7.5000    0.0000  -37.5000 2448.8164   10.7873
    0.0000    0.0000  -37.5000 2466.2139   10.6651
    7.5000    0.0000  -37.5000 2452.4106   10.7904
   -7.5000    7.5000  -37.5000 2509.9980   10.2104
    0.0000    7.5000  -37.5000 2528.6331   10.0870
    7.5000    7.5000  -37.5000 2516.4761   10.2071
   -7.5000   15.0000  -37.5000 2532.0139    9.8903
    0.0000   15.0000  -37.5000 2557.5659    9.7509
    7.5000   15.0000  -37.5000 2542.2400    9.8885
   -7.5000   22.5000  -37.5000 2539.6350    9.7798
    0.0000   22.5000  -37.5000 2562.4753    9.6387
    7.5000   22.5000  -37.5000 2548.0620    9.7909
   -7.5000   30.0000  -37.5000 2528.2231    9.9093
    0.0000   30.0000  -37.5000 2552.8643    9.7752
    7.5000   30.0000  -37.5000 2535.5671    9.9230
   -7.5000   37.5000  -37.5000 2496.9851   10.2225
    0.0000   37.5000  -37.5000 2525.5254   10.0781
    7.5000   37.5000  -37.5000 2509.1140   10.2239
   -7.5000   45.0000  -37.5000 2450.2371   10.7174
    0.0000   45.0000  -37.5000 2477.5117   10.5628
    7.5000   45.0000  -37.5000 2464.4387   10.7008
   -7.5000   52.5000  -37.5000 2356.0833   11.2933
    0.0000   52.5000  -37.5000 2381.3057   11.1143
    7.5000   52.5000  -37.5000 2369.3162   11.2527
   -7.5000   60.0000  -37.5000 2222.0698   11.9027
    0.0000   60.0000  -37.5000 2243.9741   11.7347
    7.5000   60.0000  -37.5000 2233.2266   11.8606
   -7.5000   67.5000  -37.5000 2053.7063   12.5945
    0.0000   67.5000  -37.5000 2075.8325   12.4054
    7.5000   67.5000  -37.5000 2066.5383   12.5174
   -7.5000  -22.5000  -30.0000 2223.7297   13.9601
    0.0000  -22.5000  -30.0000 2240.3718   13.8905
    7.5000  -22.5000  -30.0000 2225.2180   14.0228
   -7.5000  -15.0000  -30.0000 2349.5459   12.5563
    0.0000  -15.0000  -30.0000 2368.8269   12.4891
    7.5000  -15.0000  -30.0000 2351.1938   12.6227
   -7.5000   -7.5000  -30.0000 2464.1360   11.4556
    0.0000   -7.5000  -30.0000 2485.8865   11.3512
    7.5000   -7.5000  -30.0000 2468.7334   11.5010
   -7.5000    0.0000  -30.0000 2552.5774   10.6019
    0.0000    0.0000  -30.0000 2574.2205   10.4682
    7.5000    0.0000  -30.0000 2559.4216   10.6086
   -7.5000    7.5000  -30.0000 2621.6992   10.0152
    0.0000    7.5000  -30.0000 2644.5454    9.8753
    7.5000    7.5000  -30.0000 2632.3289   10.0119
   -7.5000   15.0000  -30.0000 2655.6411    9.6475
    0.0000   15.0000  -30.0000 2680.6284    9.5107
    7.5000   15.0000  -30.0000 2662.1885    9.6421
   -7.5000   22.5000  -30.0000 2668.9443    9.5020
    0.0000   22.5000  -30.0000 2695.5796    9.3582
    7.5000   22.5000  -30.0000 2676.3604    9.5123
   -7.5000   30.0000  -30.0000 2662.7739    9.6199
    0.0000   30.0000  -30.0000 2688.1482    9.4721
    7.5000   30.0000  -30.0000 2670.8093    9.6261
   -7.5000   37.5000  -30.0000 2635.7886    9.9225
    0.0000   37.5000  -30.0000 2665.5615    9.7661
    7.5000   37.5000  -30.0000 2651.4324    9.9192
   -7.5000   45.0000  -30.0000 2583.3574   10.3805
    0.0000   45.0000  -30.0000 2613.2832   10.1947
    7.5000   45.0000  -30.0000 2602.8296   10.3469
   -7.5000   52.5000  -30.0000 2485.7422   10.9152
    0.0000   52.5000  -30.0000 2513.4548   10.7223
    7.5000   52.5000  -30.0000 2501.7783   10.8676
   -7.5000   60.0000  -30.0000 2340.1992   11.4970
    0.0000   60.0000  -30.0000 2361.5322   11.3265
    7.5000   60.0000  -30.0000 2354.0029   11.4613
   -7.5000   67.5000  -30.0000 2165.0649   12.1814
    0.0000   67.5000  -30.0000 2189.2383   11.9767
    7.5000   67.5000  -30.0000 2181.3022   12.1205
   -7.5000  -22.5000  -22.5000 2257.1382   13.7760
    0.0000  -22.5000  -22.5000 2279.5969   13.6659
    7.5000  -22.5000  -22.5000 2264.9692   13.8470
   -7.5000  -15.0000  -22.5000 2394.4485   12.3613
    0.0000  -15.0000  -22.5000 2418.2727   12.2649
    7.5000  -15.0000  -22.5000 2402.1746   12.4174
   -7.5000   -7.5000  -22.5000 2519.7075   11.2492
    0.0000   -7.5000  -22.5000 2543.8179   11.1451
    7.5000   -7.5000  -22.5000 2528.8926   11.2865
   -7.5000    0.0000  -22.5000 2614.4773   10.3658
    0.0000    0.0000  -22.5000 2639.6521   10.2438
    7.5000    0.0000  -22.5000 2627.0881   10.3863
   -7.5000    7.5000  -22.5000 2695.1526    9.7601
    0.0000    7.5000  -22.5000 2722.8433    9.6365
    7.5000    7.5000  -22.5000 2710.1387    9.7650
   -7.5000   15.0000  -22.5000 2742.6919    9.3577
    0.0000   15.0000  -22.5000 2769.6196    9.2346
    7.5000   15.0000  -22.5000 2753.8730    9.3748
   -7.5000   22.5000  -22.5000 2764.5981    9.1612
    0.0000   22.5000  -22.5000 2793.2107    9.0425
    7.5000   22.5000  -22.5000 2778.4028    9.2005
   -7.5000   30.0000  -22.5000 2766.4309    9.2326
    0.0000   30.0000  -22.5000 2795.2429    9.0914
    7.5000   30.0000  -22.5000 2780.7000    9.2712
   -7.5000   37.5000  -22.5000 2736.7568    9.5506
    0.0000   37.5000  -22.5000 2769.8435    9.3823
    7.5000   37.5000  -22.5000 2758.9207    9.5656
   -7.5000   45.0000  -22.5000 2674.2344   10.0070
    0.0000   45.0000  -22.5000 2714.0510    9.8200
    7.5000   45.0000  -22.5000 2708.7104    9.9917
   -7.5000   52.5000  -22.5000 2576.9976   10.5051
    0.0000   52.5000  -22.5000 2611.0205   10.3088
    7.5000   52.5000  -22.5000 2601.9116   10.4851
   -7.5000   60.0000  -22.5000 2429.2136   11.0533
    0.0000   60.0000  -22.5000 2456.9558   10.8775
    7.5000   60.0000  -22.5000 2446.6323   11.0315
   -7.5000   67.5000  -22.5000 2246.0129   11.6962
    0.0000   67.5000  -22.5000 2274.9651   11.5208
    7.5000   67.5000  -22.5000 2264.7156   11.6660
   -7.5000  -22.5000  -15.0000 2261.9529   13.6734
    0.0000  -22.5000  -15.0000 2286.0645   13.5186
    7.5000  -22.5000  -15.0000 2272.2820   13.7367
   -7.5000  -15.0000  -15.0000 2403.0520   12.2216
    0.0000  -15.0000  -15.0000 2428.0803   12.0786
    7.5000  -15.0000  -15.0000 2411.3264   12.2319
   -7.5000   -7.5000  -15.0000 2527.9946   11.0794
    0.0000   -7.5000  -15.0000 2552.9626   10.9513
    7.5000   -7.5000  -15.0000 2539.9451   11.0779
   -7.5000    0.0000  -15.0000 2633.8240   10.1915
    0.0000    0.0000  -15.0000 2657.7573   10.0732
    7.5000    0.0000  -15.0000 2647.1357   10.1834
   -7.5000    7.5000  -15.0000 2725.5566    9.5406
    0.0000    7.5000  -15.0000 2750.5593    9.4417
    7.5000    7.5000  -15.0000 2740.0078    9.5593
   -7.5000   15.0000  -15.0000 2786.9722    9.1093
    0.0000   15.0000  -15.0000 2811.9802    9.0486
    7.5000   15.0000  -15.0000 2800.9929    9.1647
   -7.5000   22.5000  -15.0000 2815.3652    8.8771
    0.0000   22.5000  -15.0000 2843.3828    8.8313
    7.5000   22.5000  -15.0000 2835.5664    8.9694
   -7.5000   30.0000  -15.0000 2825.4158    8.9222
    0.0000   30.0000  -15.0000 2857.5244    8.8278
    7.5000   30.0000  -15.0000 2846.1348    9.0161
   -7.5000   37.5000  -15.0000 2802.4778    9.2358
    0.0000   37.5000  -15.0000 2839.5005    9.1181
    7.5000   37.5000  -15.0000 2825.3003    9.2868
   -7.5000   45.0000  -15.0000 2741.3779    9.6813
    0.0000   45.0000  -15.0000 2786.8411    9.5614
    7.5000   45.0000  -15.0000 2771.6201    9.6749
   -7.5000   52.5000  -15.0000 2638.5354   10.1530
    0.0000   52.5000  -15.0000 2677.6543   10.0302
    7.5000   52.5000  -15.0000 2662.4421   10.1250
   -7.5000   60.0000  -15.0000 2486.4021   10.7022
    0.0000   60.0000  -15.0000 2517.0791   10.5602
    7.5000   60.0000  -15.0000 2505.6038   10.6523
   -7.5000   67.5000  -15.0000 2301.8230   11.3198
    0.0000   67.5000  -15.0000 2331.1597   11.1706
    7.5000   67.5000  -15.0000 2322.1125   11.2637
   -7.5000  -22.5000   -7.5000 2243.3069   13.6711
    0.0000  -22.5000   -7.5000 2263.3699   13.5069
    7.5000  -22.5000   -7.5000 2253.3662   13.7038
   -7.5000  -15.0000   -7.5000 2380.9072   12.1296
    0.0000  -15.0000   -7.5000 2401.9231   11.9835
    7.5000  -15.0000   -7.5000 2387.6516   12.1592
   -7.5000   -7.5000   -7.5000 2509.2075   10.9356
    0.0000   -7.5000   -7.5000 2527.6689   10.8164
    7.5000   -7.5000   -7.5000 2522.9524   10.9783
   -7.5000    0.0000   -7.5000 2627.3647   10.0580
    0.0000    0.0000   -7.5000 2646.7861    9.9625
    7.5000    0.0000   -7.5000 2644.4929   10.0883
   -7.5000    7.5000   -7.5000 2727.5024    9.4317
    0.0000    7.5000   -7.5000 2751.7788    9.3628
    7.5000    7.5000   -7.5000 2752.4612    9.4682
   -7.5000   15.0000   -7.5000 2798.9155    9.0501
    0.0000   15.0000   -7.5000 2829.3232    9.0450
    7.5000   15.0000   -7.5000 2829.3474    9.0951
   -7.5000   22.5000   -7.5000 2845.5127    8.8459
    0.0000   22.5000   -7.5000 2887.5830    8.9411
    7.5000   22.5000   -7.5000 2884.3438    8.9326
   -7.5000   30.0000   -7.5000 2866.0889    8.7918
    0.0000   30.0000   -7.5000 2914.5139    8.8364
    7.5000   30.0000   -7.5000 2894.4473    8.8731
   -7.5000   37.5000   -7.5000 2846.8325    9.0002
    0.0000   37.5000   -7.5000 2901.8428    8.9958
    7.5000   37.5000   -7.5000 2866.8896    9.0293
   -7.5000   45.0000   -7.5000 2783.1479    9.3974
    0.0000   45.0000   -7.5000 2836.1450    9.3696
    7.5000   45.0000   -7.5000 2806.6172    9.3875
   -7.5000   52.5000   -7.5000 2682.0457    9.8580
    0.0000   52.5000   -7.5000 2721.9983    9.8000
    7.5000   52.5000   -7.5000 2702.8640    9.8116
   -7.5000   60.0000   -7.5000 2520.4536   10.3952
    0.0000   60.0000   -7.5000 2550.9321   10.3108
    7.5000   60.0000   -7.5000 2539.1797   10.3344
   -7.5000   67.5000   -7.5000 2335.7388   11.0126
    0.0000   67.5000   -7.5000 2361.9382   10.9202
    7.5000   67.5000   -7.5000 2354.2095   10.9513
   -7.5000  -22.5000    0.0000 2209.8066   13.8039
    0.0000  -22.5000    0.0000 2226.6899   13.6542
    7.5000  -22.5000    0.0000 2223.2053   13.9052
   -7.5000  -15.0000    0.0000 2338.0115   12.1944
    0.0000  -15.0000    0.0000 2357.9534   12.0831
    7.5000  -15.0000    0.0000 2353.7056   12.2667
   -7.5000   -7.5000    0.0000 2469.1414   10.9935
    0.0000   -7.5000    0.0000 2488.0671   10.9154
    7.5000   -7.5000    0.0000 2491.5242   11.0572
   -7.5000    0.0000    0.0000 2596.2571   10.1004
    0.0000    0.0000    0.0000 2617.8096   10.0668
    7.5000    0.0000    0.0000 2617.2957   10.1325
   -7.5000    7.5000    0.0000 2708.0381    9.5026
    0.0000    7.5000    0.0000 2744.3650    9.4957
    7.5000    7.5000    0.0000 2735.1704    9.5131
   -7.5000   15.0000    0.0000 2802.5710    9.1452
    0.0000   15.0000    0.0000 2850.7483    9.2114
    7.5000   15.0000    0.0000 2833.6978    9.1607
   -7.5000   22.5000    0.0000 2865.6768    8.9800
    0.0000   22.5000    0.0000 2926.7849    9.1546
    7.5000   22.5000    0.0000 2905.5076    9.0318
   -7.5000   30.0000    0.0000 2890.1169    8.8790
    0.0000   30.0000    0.0000 2958.4968    9.0640
    7.5000   30.0000    0.0000 2925.8860    8.9335
   -7.5000   37.5000    0.0000 2869.7241    8.9374
    0.0000   37.5000    0.0000 2935.8462    9.0259
    7.5000   37.5000    0.0000 2895.2280    8.9672
   -7.5000   45.0000    0.0000 2807.4329    9.2276
    0.0000   45.0000    0.0000 2859.2302    9.2559
    7.5000   45.0000    0.0000 2825.6814    9.2391
   -7.5000   52.5000    0.0000 2700.3777    9.6848
    0.0000   52.5000    0.0000 2740.3374    9.6487
    7.5000   52.5000    0.0000 2719.1172    9.6591
   -7.5000   60.0000    0.0000 2540.1619   10.2311
    0.0000   60.0000    0.0000 2568.3584   10.1468
    7.5000   60.0000    0.0000 2557.9128   10.1932
   -7.5000   67.5000    0.0000 2352.7961   10.8563
    0.0000   67.5000    0.0000 2375.1621   10.7577
    7.5000   67.5000    0.0000 2366.7241   10.8292
   -7.5000  -22.5000    7.5000 2170.8782   14.2170
    0.0000  -22.5000    7.5000 2195.6719   14.1397
    7.5000  -22.5000    7.5000 2191.4919   14.2982
   -7.5000  -15.0000    7.5000 2298.7378   12.5891
    0.0000  -15.0000    7.5000 2323.2063   12.5206
    7.5000  -15.0000    7.5000 2318.1245   12.6390
   -7.5000   -7.5000    7.5000 2431.7527   11.3362
    0.0000   -7.5000    7.5000 2455.1943   11.2990
    7.5000   -7.5000    7.5000 2450.5334   11.3679
   -7.5000    0.0000    7.5000 2560.6189   10.3963
    0.0000    0.0000    7.5000 2589.4011   10.3900
    7.5000    0.0000    7.5000 2584.2205   10.4123
   -7.5000    7.5000    7.5000 2685.8359    9.7125
    0.0000    7.5000    7.5000 2724.8291    9.7017
    7.5000    7.5000    7.5000 2714.7375    9.7036
   -7.5000   15.0000    7.5000 2797.3960    9.2665
    0.0000   15.0000    7.5000 2848.9512    9.3076
    7.5000   15.0000    7.5000 2826.3513    9.2984
   -7.5000   22.5000    7.5000 2879.6130    9.0217
    0.0000   22.5000    7.5000 2942.7004    9.1662
    7.5000   22.5000    7.5000 2913.3992    9.1246
   -7.5000   30.0000    7.5000 2905.0864    8.9198
    0.0000   30.0000    7.5000 2980.5669    9.0182
    7.5000   30.0000    7.5000 2942.2607    8.9972
   -7.5000   37.5000    7.5000 2882.7800    9.0149
    0.0000   37.5000    7.5000 2945.7949    9.0270
    7.5000   37.5000    7.5000 2911.7554    9.0234
   -7.5000   45.0000    7.5000 2811.2773    9.3371
    0.0000   45.0000    7.5000 2865.6172    9.2625
    7.5000   45.0000    7.5000 2836.7583    9.2975
   -7.5000   52.5000    7.5000 2692.8091    9.7699
    0.0000   52.5000    7.5000 2738.6226    9.6661
    7.5000   52.5000    7.5000 2717.3508    9.7203
   -7.5000   60.0000    7.5000 2536.9092   10.2853
    0.0000   60.0000    7.5000 2560.9895   10.1710
    7.5000   60.0000    7.5000 2550.7241   10.2366
   -7.5000   67.5000    7.5000 2352.3149   10.8664
    0.0000   67.5000    7.5000 2369.1465   10.7575
    7.5000   67.5000    7.5000 2368.0369   10.8208
   -7.5000  -22.5000   15.0000 2137.2607   14.8658
    0.0000  -22.5000   15.0000 2167.2122   14.8439
    7.5000  -22.5000   15.0000 2159.8555   14.9664
   -7.5000  -15.0000   15.0000 2265.9236   13.1487
    0.0000  -15.0000   15.0000 2293.0901   13.0965
    7.5000  -15.0000   15.0000 2284.1411   13.1924
   -7.5000   -7.5000   15.0000 2395.3208   11.8185
    0.0000   -7.5000   15.0000 2425.1387   11.7524
    7.5000   -7.5000   15.0000 2416.0898   11.8095
   -7.5000    0.0000   15.0000 2519.1653   10.7845
    0.0000    0.0000   15.0000 2553.1470   10.7281
    7.5000    0.0000   15.0000 2545.0967   10.7590
   -7.5000    7.5000   15.0000 2648.0349   10.0108
    0.0000    7.5000   15.0000 2686.2375    9.9398
    7.5000    7.5000   15.0000 2675.7659    9.9684
   -7.5000   15.0000   15.0000 2764.7659    9.4986
    0.0000   15.0000   15.0000 2810.6306    9.4868
    7.5000   15.0000   15.0000 2796.0752    9.5146
   -7.5000   22.5000   15.0000 2852.0999    9.1823
    0.0000   22.5000   15.0000 2908.1216    9.2368
    7.5000   22.5000   15.0000 2886.8762    9.2645
   -7.5000   30.0000   15.0000 2881.4934    9.0175
    0.0000   30.0000   15.0000 2947.1367    8.9779
    7.5000   30.0000   15.0000 2920.0066    9.0454
   -7.5000   37.5000   15.0000 2867.7056    9.1108
    0.0000   37.5000   15.0000 2924.1309    8.9512
    7.5000   37.5000   15.0000 2895.6233    9.0388
   -7.5000   45.0000   15.0000 2796.9497    9.4686
    0.0000   45.0000   15.0000 2851.8669    9.2863
    7.5000   45.0000   15.0000 2829.0259    9.3855
   -7.5000   52.5000   15.0000 2676.5708    9.9902
    0.0000   52.5000   15.0000 2717.3081    9.8306
    7.5000   52.5000   15.0000 2702.5259    9.9311
   -7.5000   60.0000   15.0000 2511.7944   10.5364
    0.0000   60.0000   15.0000 2529.9875   10.3978
    7.5000   60.0000   15.0000 2523.5481   10.4880
   -7.5000   67.5000   15.0000 2328.2493   11.0719
    0.0000   67.5000   15.0000 2345.1736   10.9616
    7.5000   67.5000   15.0000 2344.5117   11.0263
   -7.5000  -22.5000   22.5000 2102.1426   15.6659
    0.0000  -22.5000   22.5000 2131.5879   15.5597
    7.5000  -22.5000   22.5000 2120.5247   15.7365
   -7.5000  -15.0000   22.5000 2236.0205   13.8002
    0.0000  -15.0000   22.5000 2262.4373   13.6563
    7.5000  -15.0000   22.5000 2251.9631   13.8144
   -7.5000   -7.5000   22.5000 2363.7241   12.3726
    0.0000   -7.5000   22.5000 2392.7610   12.2022
    7.5000   -7.5000   22.5000 2381.6821   12.3217
   -7.5000    0.0000   22.5000 2479.1326   11.2507
    0.0000    0.0000   22.5000 2511.0369   11.0592
    7.5000    0.0000   22.5000 2504.8210   11.1684
   -7.5000    7.5000   22.5000 2603.6196   10.4071
    0.0000    7.5000   22.5000 2637.5459   10.2330
    7.5000    7.5000   22.5000 2633.5051   10.3242
   -7.5000   15.0000   22.5000 2717.4836    9.8550
    0.0000   15.0000   22.5000 2754.5364    9.7563
    7.5000   15.0000   22.5000 2747.2947    9.8426
   -7.5000   22.5000   22.5000 2801.6614    9.4874
    0.0000   22.5000   22.5000 2842.8232    9.4222
    7.5000   22.5000   22.5000 2830.9714    9.5370
   -7.5000   30.0000   22.5000 2832.3489    9.3102
    0.0000   30.0000   22.5000 2879.5095    9.1307
    7.5000   30.0000   22.5000 2864.3406    9.2484
   -7.5000   37.5000   22.5000 2818.3225    9.4016
    0.0000   37.5000   22.5000 2862.0630    9.1866
    7.5000   37.5000   22.5000 2849.4631    9.2810
   -7.5000   45.0000   22.5000 2762.5920    9.7513
    0.0000   45.0000   22.5000 2805.4319    9.5738
    7.5000   45.0000   22.5000 2793.3677    9.6614
   -7.5000   52.5000   22.5000 2648.3987   10.2799
    0.0000   52.5000   22.5000 2687.2915   10.1043
    7.5000   52.5000   22.5000 2673.2756   10.1924
   -7.5000   60.0000   22.5000 2479.9402   10.8707
    0.0000   60.0000   22.5000 2504.6309   10.6951
    7.5000   60.0000   22.5000 2494.7393   10.7859
   -7.5000   67.5000   22.5000 2294.0425   11.4051
    0.0000   67.5000   22.5000 2318.7668   11.2792
    7.5000   67.5000   22.5000 2315.9805   11.3313
   -7.5000  -22.5000   30.0000 2058.0125   16.5477
    0.0000  -22.5000   30.0000 2083.9661   16.3213
    7.5000  -22.5000   30.0000 2074.0027   16.5564
   -7.5000  -15.0000   30.0000 2194.2136   14.5215
    0.0000  -15.0000   30.0000 2218.6934   14.2702
    7.5000  -15.0000   30.0000 2208.5691   14.5042
   -7.5000   -7.5000   30.0000 2320.6018   12.9923
    0.0000   -7.5000   30.0000 2349.0293   12.7174
    7.5000   -7.5000   30.0000 2337.6292   12.9082
   -7.5000    0.0000   30.0000 2432.4695   11.8095
    0.0000    0.0000   30.0000 2465.4060   11.5260
    7.5000    0.0000   30.0000 2455.2363   11.6848
   -7.5000    7.5000   30.0000 2548.8081   10.9460
    0.0000    7.5000   30.0000 2582.5103   10.7161
    7.5000    7.5000   30.0000 2576.9758   10.8361
   -7.5000   15.0000   30.0000 2655.2380   10.3578
    0.0000   15.0000   30.0000 2690.7458   10.1720
    7.5000   15.0000   30.0000 2684.0283   10.3093
   -7.5000   22.5000   30.0000 2728.6248    9.9584
    0.0000   22.5000   30.0000 2767.3784    9.7707
    7.5000   22.5000   30.0000 2761.0210    9.9012
   -7.5000   30.0000   30.0000 2760.2129    9.7764
    0.0000   30.0000   30.0000 2801.1812    9.5194
    7.5000   30.0000   30.0000 2790.6934    9.6283
   -7.5000   37.5000   30.0000 2744.8738    9.8671
    0.0000   37.5000   30.0000 2787.5825    9.6407
    7.5000   37.5000   30.0000 2780.2729    9.7290
   -7.5000   45.0000   30.0000 2698.2747   10.2032
    0.0000   45.0000   30.0000 2734.6665   10.0232
    7.5000   45.0000   30.0000 2728.5950   10.0936
   -7.5000   52.5000   30.0000 2594.3999   10.7064
    0.0000   52.5000   30.0000 2632.2214   10.5066
    7.5000   52.5000   30.0000 2620.4658   10.5985
   -7.5000   60.0000   30.0000 2437.2207   11.2526
    0.0000   60.0000   30.0000 2468.4524   11.0598
    7.5000   60.0000   30.0000 2458.4990   11.1561
   -7.5000   67.5000   30.0000 2255.1594   11.8151
    0.0000   67.5000   30.0000 2284.4810   11.6610
    7.5000   67.5000   30.0000 2282.6270   11.7133
   -7.5000  -22.5000   37.5000 2001.1271   17.5150
    0.0000  -22.5000   37.5000 2026.5714   17.2076
    7.5000  -22.5000   37.5000 2021.3127   17.4604
   -7.5000  -15.0000   37.5000 2140.7971   15.4111
    0.0000  -15.0000   37.5000 2165.6716   15.0569
    7.5000  -15.0000   37.5000 2157.3345   15.2879
   -7.5000   -7.5000   37.5000 2264.6475   13.7629
    0.0000   -7.5000   37.5000 2294.7180   13.4117
    7.5000   -7.5000   37.5000 2285.2236   13.6141
   -7.5000    0.0000   37.5000 2380.4167   12.5321
    0.0000    0.0000   37.5000 2410.3145   12.1928
    7.5000    0.0000   37.5000 2402.0769   12.3844
   -7.5000    7.5000   37.5000 2489.8767   11.6526
    0.0000    7.5000   37.5000 2523.0381   11.3494
    7.5000    7.5000   37.5000 2516.6870   11.5257
   -7.5000   15.0000   37.5000 2586.9990   11.0056
    0.0000   15.0000   37.5000 2625.9724   10.7582
    7.5000   15.0000   37.5000 2618.0139   10.9050
   -7.5000   22.5000   37.5000 2651.6675   10.5821
    0.0000   22.5000   37.5000 2691.9736   10.3247
    7.5000   22.5000   37.5000 2686.7437   10.4361
   -7.5000   30.0000   37.5000 2678.2546   10.3814
    0.0000   30.0000   37.5000 2720.4185   10.1048
    7.5000   30.0000   37.5000 2709.7659   10.2139
   -7.5000   37.5000   37.5000 2664.8984   10.4738
    0.0000   37.5000   37.5000 2699.9741   10.2241
    7.5000   37.5000   37.5000 2699.8899   10.3117
   -7.5000   45.0000   37.5000 2619.2156   10.8093
    0.0000   45.0000   37.5000 2652.0205   10.5947
    7.5000   45.0000   37.5000 2650.4185   10.6732
   -7.5000   52.5000   37.5000 2523.6548   11.2700
    0.0000   52.5000   37.5000 2558.8523   11.0527
    7.5000   52.5000   37.5000 2553.1565   11.1379
   -7.5000   60.0000   37.5000 2379.9336   11.7801
    0.0000   60.0000   37.5000 2413.3350   11.5693
    7.5000   60.0000   37.5000 2407.2512   11.6605
   -7.5000   67.5000   37.5000 2209.0098   12.3034
    0.0000   67.5000   37.5000 2236.9658   12.1201
    7.5000   67.5000   37.5000 2237.5730   12.1822
   -7.5000  -22.5000   45.0000 1940.6951   18.6984
    0.0000  -22.5000   45.0000 1965.6384   18.3448
    7.5000  -22.5000   45.0000 1960.4364   18.6000
   -7.5000  -15.0000   45.0000 2079.0200   16.3967
    0.0000  -15.0000   45.0000 2105.3630   16.0011
    7.5000  -15.0000   45.0000 2096.8442   16.2649
   -7.5000   -7.5000   45.0000 2202.8613   14.6976
    0.0000   -7.5000   45.0000 2232.4800   14.3024
    7.5000   -7.5000   45.0000 2223.3513   14.5078
   -7.5000    0.0000   45.0000 2314.1479   13.4388
    0.0000    0.0000   45.0000 2346.5984   13.0473
    7.5000    0.0000   45.0000 2337.9583   13.2377
   -7.5000    7.5000   45.0000 2419.1575   12.4876
    0.0000    7.5000   45.0000 2456.8792   12.1556
    7.5000    7.5000   45.0000 2449.1716   12.3221
   -7.5000   15.0000   45.0000 2509.5427   11.8115
    0.0000   15.0000   45.0000 2550.3943   11.5212
    7.5000   15.0000   45.0000 2542.5879   11.6729
   -7.5000   22.5000   45.0000 2565.4680   11.3694
    0.0000   22.5000   45.0000 2605.8701   11.0758
    7.5000   22.5000   45.0000 2599.0667   11.1947
   -7.5000   30.0000   45.0000 2587.4932   11.1428
    0.0000   30.0000   45.0000 2627.7327   10.8818
    7.5000   30.0000   45.0000 2620.6638   10.9762
   -7.5000   37.5000   45.0000 2572.6704   11.2158
    0.0000   37.5000   45.0000 2608.1555   10.9831
    7.5000   37.5000   45.0000 2611.4036   11.0556
   -7.5000   45.0000   45.0000 2531.0876   11.5378
    0.0000   45.0000   45.0000 2566.1597   11.3090
    7.5000   45.0000   45.0000 2568.9827   11.3995
   -7.5000   52.5000   45.0000 2444.7144   11.9700
    0.0000   52.5000   45.0000 2482.8335   11.7277
    7.5000   52.5000   45.0000 2481.1831   11.8102
   -7.5000   60.0000   45.0000 2313.0581   12.4538
    0.0000   60.0000   45.0000 2352.5620   12.2100
    7.5000   60.0000   45.0000 2348.9675   12.2726
   -7.5000   67.5000   45.0000 2148.1516   12.9456
    0.0000   67.5000   45.0000 2179.9463   12.7434
    7.5000   67.5000   45.0000 2175.7754   12.7898

---------------------------------------------------------------------
imgreg_4dfp /opt/freesurfer/average/711-2C_as_mni_average_305 /opt/freesurfer/average/711-2B_as_mni_average_305_mask talsrcimg_g11 none talsrcimg_to_711-2C_as_mni_average_305_t4 1283
---------------------------------------------------------------------

freesurfer imgreg_4dfp.c
/opt/freesurfer/average/711-2C_as_mni_average_305.4dfp.img
       256       256       256         1
  1.000000  1.000000  1.000000
orientation T byte_order littleendian
Reading image: /opt/freesurfer/average/711-2C_as_mni_average_305.4dfp.img
dimensions:      256       256       256
mmppix:       1.0000   -1.0000   -1.0000
center:     128.0000 -129.0000 -129.0000
/opt/freesurfer/average/711-2B_as_mni_average_305_mask.4dfp.img
       256       256       256         1
  1.000000  1.000000  1.000000
orientation T byte_order littleendian
Reading mask: /opt/freesurfer/average/711-2B_as_mni_average_305_mask.4dfp.img (2306576 pixels)
talsrcimg_g11.4dfp.img
       256       256       256         1
  1.000000  1.000000  1.000000
orientation T byte_order littleendian
Reading image: talsrcimg_g11.4dfp.img
dimensions:      256       256       256
mmppix:       1.0000   -1.0000   -1.0000
center:     128.0000 -129.0000 -129.0000
rotation matrix determinant  1.000000
fimgreg.f
image alignment mode   1283 decimal      503 hex
parameters
    0.0000   30.0000    7.5000    0.0000    0.0000    0.0000
eta,q 0.93453  9.07287
niter,ni,del,rscale     5    3   12.0000    1.2000
parameter  4  1.434062 ->  0.500000 qaram    1.1500
parameters
    1.5452   30.1057    6.7017   -3.4500   -0.3357   -1.4469
eta,q 0.94670  9.02675
  0.0800  0.0755  0.0641  0.0533  0.0608  0.0567
  0.0711  0.0691  0.0626  0.0532  0.0570  0.0542
  0.0649  0.0632  0.0615  0.0564  0.0544  0.0533
  0.0614  0.0607  0.0606  0.0609  0.0538  0.0538
  0.0611  0.0631  0.0609  0.0661  0.0553  0.0552
  0.0631  0.0689  0.0636  0.0720  0.0582  0.0580
  0.0673  0.0742  0.0684  0.0773  0.0623  0.0624
niter,ni,del,rscale     5    3   12.0000    1.2000
parameters
    1.5976   30.6919    5.5205   -6.6302   -0.1501   -1.8240
eta,q 0.94897  9.10506
  0.0674  0.0740  0.0588  0.0547  0.0590  0.0559
  0.0604  0.0645  0.0555  0.0527  0.0546  0.0527
  0.0550  0.0567  0.0534  0.0507  0.0521  0.0509
  0.0533  0.0533  0.0534  0.0531  0.0512  0.0512
  0.0554  0.0554  0.0557  0.0588  0.0519  0.0526
  0.0602  0.0611  0.0601  0.0644  0.0541  0.0540
  0.0667  0.0667  0.0654  0.0707  0.0580  0.0565
niter,ni,del,rscale     4    3   12.0000    1.2000
parameters
    1.8295   31.8882    4.7395   -8.9933   -0.0646   -1.6956
eta,q 0.94876  9.17161
  0.0657  0.0702  0.0574  0.0527  0.0580  0.0562
  0.0591  0.0622  0.0537  0.0526  0.0543  0.0529
  0.0535  0.0554  0.0509  0.0511  0.0519  0.0510
  0.0510  0.0510  0.0503  0.0502  0.0512  0.0512
  0.0523  0.0509  0.0525  0.0532  0.0519  0.0523
  0.0570  0.0549  0.0568  0.0588  0.0540  0.0532
  0.0642  0.0597  0.0624  0.0646  0.0577  0.0549
niter,ni,del,rscale     3    3   12.0000    1.2000
parameters
    1.6681   33.0614    3.4813  -11.9408    0.1024   -2.0482
eta,q 0.94937  9.20248
  0.0644  0.0650  0.0544  0.0508  0.0594  0.0538
  0.0578  0.0591  0.0515  0.0511  0.0549  0.0513
  0.0530  0.0548  0.0502  0.0503  0.0521  0.0505
  0.0512  0.0513  0.0502  0.0501  0.0507  0.0507
  0.0530  0.0504  0.0517  0.0525  0.0511  0.0513
  0.0584  0.0529  0.0554  0.0572  0.0540  0.0524
  0.0663  0.0582  0.0609  0.0625  0.0589  0.0541
niter,ni,del,rscale     2    3   12.0000    1.2000
parameters
    1.4474   33.9864    2.2773  -13.6965    0.3544   -1.5657
eta,q 0.95003  9.20955
  0.0659  0.0614  0.0543  0.0518  0.0596  0.0539
  0.0578  0.0571  0.0505  0.0506  0.0551  0.0516
  0.0521  0.0534  0.0490  0.0503  0.0520  0.0506
  0.0506  0.0506  0.0495  0.0490  0.0501  0.0500
  0.0534  0.0487  0.0515  0.0499  0.0505  0.0501
  0.0596  0.0507  0.0550  0.0543  0.0538  0.0510
  0.0679  0.0580  0.0602  0.0602  0.0586  0.0527
niter,ni,del,rscale     1    3   12.0000    1.2000
parameters
    1.4634   34.2648    2.1074  -13.9457    0.2197   -1.3800
eta,q 0.95010  9.21141
  0.0674  0.0589  0.0572  0.0544  0.0583  0.0535
  0.0587  0.0551  0.0532  0.0514  0.0541  0.0515
  0.0522  0.0519  0.0506  0.0507  0.0513  0.0505
  0.0500  0.0500  0.0497  0.0497  0.0499  0.0499
  0.0527  0.0487  0.0510  0.0486  0.0508  0.0501
  0.0588  0.0517  0.0539  0.0512  0.0545  0.0511
  0.0669  0.0594  0.0580  0.0566  0.0595  0.0532
registration optimization eta report
parameter search radius
    6.0000    6.0000    6.0000    6.9000    6.0000    6.0000
100000*second partial in parameter space
       47.       27.       22.       13.       25.        9.
  0.0674  0.0589  0.0572  0.0544  0.0583  0.0535
  0.0587  0.0551  0.0532  0.0514  0.0541  0.0515
  0.0522  0.0519  0.0506  0.0507  0.0513  0.0505
  0.0500  0.0500  0.0497  0.0497  0.0499  0.0499
  0.0527  0.0487  0.0510  0.0486  0.0508  0.0501
  0.0588  0.0517  0.0539  0.0512  0.0545  0.0511
  0.0669  0.0594  0.0580  0.0566  0.0595  0.0532
    1.4634   34.2648    2.1074  -13.9457    0.2197   -1.3800
eta,q 0.95010  9.21141

---------------------------------------------------------------------
imgreg_4dfp /opt/freesurfer/average/711-2C_as_mni_average_305 /opt/freesurfer/average/711-2B_as_mni_average_305_mask talsrcimg_g11 none talsrcimg_to_711-2C_as_mni_average_305_t4 3335
---------------------------------------------------------------------

freesurfer imgreg_4dfp.c
/opt/freesurfer/average/711-2C_as_mni_average_305.4dfp.img
       256       256       256         1
  1.000000  1.000000  1.000000
orientation T byte_order littleendian
Reading image: /opt/freesurfer/average/711-2C_as_mni_average_305.4dfp.img
dimensions:      256       256       256
mmppix:       1.0000   -1.0000   -1.0000
center:     128.0000 -129.0000 -129.0000
/opt/freesurfer/average/711-2B_as_mni_average_305_mask.4dfp.img
       256       256       256         1
  1.000000  1.000000  1.000000
orientation T byte_order littleendian
Reading mask: /opt/freesurfer/average/711-2B_as_mni_average_305_mask.4dfp.img (2306576 pixels)
talsrcimg_g11.4dfp.img
       256       256       256         1
  1.000000  1.000000  1.000000
orientation T byte_order littleendian
Reading image: talsrcimg_g11.4dfp.img
dimensions:      256       256       256
mmppix:       1.0000   -1.0000   -1.0000
center:     128.0000 -129.0000 -129.0000
fimgreg.f
image alignment mode   3335 decimal      D07 hex
parameters
    1.4634   34.2648    2.1074   -0.0297   -2.9779   -2.9483
    2.4297    0.2084   -2.4083   24.1022    0.3834  -24.1001
eta,q 0.95090  9.23692
niter,ni,del,rscale     5    3    5.0000    1.2000
parameter  4  1.006520 ->  0.500000 qaram    1.1500
parameter  5  3.120874 ->  0.500000 qaram    1.1500
parameter  6  0.676566 ->  0.500000 qaram    1.1500
parameter 11 -0.565246 -> -0.500000 qaram    1.1500
parameter 12 -0.840566 -> -0.500000 qaram    1.1500
parameters
    1.5196   34.1846    2.4583   -4.1697   -7.1179   -7.0883
    2.4043    1.5157   -0.0469   21.4852    4.5234  -19.9601
eta,q 0.96127  8.59158
  0.0523  0.0512  0.0507  0.0461  0.0381  0.0410  0.0423  0.0458  0.0432  0.0410  0.0415  0.0422
  0.0506  0.0499  0.0499  0.0470  0.0406  0.0405  0.0413  0.0432  0.0418  0.0401  0.0408  0.0411
  0.0495  0.0492  0.0494  0.0479  0.0437  0.0406  0.0406  0.0414  0.0409  0.0397  0.0401  0.0401
  0.0491  0.0491  0.0491  0.0491  0.0472  0.0414  0.0404  0.0404  0.0403  0.0401  0.0397  0.0394
  0.0494  0.0494  0.0491  0.0508  0.0510  0.0427  0.0407  0.0404  0.0401  0.0414  0.0394  0.0389
  0.0504  0.0502  0.0494  0.0537  0.0553  0.0440  0.0413  0.0413  0.0403  0.0434  0.0394  0.0387
  0.0520  0.0514  0.0500  0.0573  0.0598  0.0454  0.0423  0.0430  0.0409  0.0461  0.0396  0.0387
niter,ni,del,rscale     7    3    5.0000    1.2000
parameter  4  0.975572 ->  0.500000 qaram    1.3225
parameter  5  1.788276 ->  0.500000 qaram    1.3225
parameters
    1.4449   34.0362    2.2434   -8.9307  -11.8789   -7.3330
    1.9714    0.9422   -0.9523   21.1757    3.5788  -18.2429
eta,q 0.96739  8.05259
  0.0413  0.0409  0.0398  0.0369  0.0307  0.0361  0.0351  0.0366  0.0344  0.0358  0.0334  0.0345
  0.0399  0.0396  0.0391  0.0370  0.0322  0.0344  0.0338  0.0343  0.0334  0.0340  0.0329  0.0336
  0.0390  0.0389  0.0388  0.0377  0.0345  0.0333  0.0330  0.0330  0.0328  0.0329  0.0327  0.0330
  0.0387  0.0387  0.0387  0.0387  0.0371  0.0328  0.0328  0.0328  0.0327  0.0327  0.0327  0.0326
  0.0391  0.0391  0.0390  0.0399  0.0402  0.0331  0.0332  0.0337  0.0332  0.0332  0.0328  0.0326
  0.0401  0.0400  0.0395  0.0414  0.0441  0.0345  0.0342  0.0354  0.0341  0.0343  0.0332  0.0329
  0.0417  0.0414  0.0403  0.0439  0.0485  0.0367  0.0357  0.0377  0.0355  0.0363  0.0338  0.0334
niter,ni,del,rscale     7    3    5.0000    1.2000
parameter  5  0.810436 ->  0.500000 qaram    1.5209
parameters
    1.4305   34.0826    2.3379  -11.2346  -17.3541   -7.4808
    2.0296    0.7019   -1.4645   21.3364    3.2423  -20.1642
eta,q 0.97012  7.67329
  0.0357  0.0354  0.0339  0.0343  0.0301  0.0330  0.0327  0.0340  0.0319  0.0333  0.0307  0.0305
  0.0340  0.0339  0.0332  0.0330  0.0299  0.0315  0.0312  0.0316  0.0307  0.0315  0.0302  0.0301
  0.0330  0.0330  0.0328  0.0323  0.0306  0.0304  0.0303  0.0303  0.0301  0.0303  0.0300  0.0299
  0.0326  0.0326  0.0326  0.0326  0.0323  0.0300  0.0300  0.0300  0.0300  0.0300  0.0299  0.0299
  0.0330  0.0329  0.0327  0.0337  0.0351  0.0302  0.0303  0.0307  0.0304  0.0303  0.0301  0.0302
  0.0341  0.0338  0.0331  0.0352  0.0382  0.0314  0.0312  0.0322  0.0312  0.0313  0.0304  0.0307
  0.0358  0.0352  0.0337  0.0369  0.0422  0.0335  0.0325  0.0343  0.0324  0.0330  0.0308  0.0314
niter,ni,del,rscale     7    3    5.0000    1.2000
parameters
    1.4270   34.5183    2.0383  -10.5551  -20.1442   -7.8623
    2.1054    0.8182   -1.6964   22.6045    4.5226  -21.6882
eta,q 0.97060  7.58573
  0.0330  0.0332  0.0306  0.0337  0.0323  0.0325  0.0321  0.0340  0.0315  0.0336  0.0305  0.0301
  0.0313  0.0316  0.0301  0.0319  0.0306  0.0310  0.0307  0.0315  0.0304  0.0317  0.0300  0.0296
  0.0302  0.0305  0.0298  0.0305  0.0296  0.0300  0.0299  0.0300  0.0298  0.0303  0.0296  0.0294
  0.0299  0.0299  0.0298  0.0298  0.0298  0.0296  0.0296  0.0296  0.0296  0.0296  0.0295  0.0295
  0.0302  0.0298  0.0300  0.0301  0.0312  0.0299  0.0299  0.0301  0.0299  0.0295  0.0295  0.0297
  0.0313  0.0304  0.0305  0.0312  0.0341  0.0312  0.0307  0.0315  0.0306  0.0302  0.0296  0.0301
  0.0330  0.0315  0.0311  0.0328  0.0376  0.0335  0.0320  0.0335  0.0318  0.0315  0.0300  0.0307
niter,ni,del,rscale     6    3    5.0000    1.2000
parameters
    1.4339   34.8925    1.3680  -10.2048  -21.3188   -8.5729
    2.0618    0.8144   -2.1596   24.0244    5.9168  -22.1552
eta,q 0.97088  7.53871
  0.0324  0.0324  0.0298  0.0330  0.0330  0.0321  0.0317  0.0335  0.0311  0.0331  0.0303  0.0301
  0.0308  0.0309  0.0294  0.0312  0.0310  0.0306  0.0304  0.0311  0.0300  0.0314  0.0297  0.0295
  0.0298  0.0299  0.0292  0.0298  0.0297  0.0297  0.0296  0.0297  0.0294  0.0300  0.0293  0.0292
  0.0294  0.0294  0.0293  0.0292  0.0293  0.0293  0.0293  0.0293  0.0293  0.0293  0.0292  0.0291
  0.0297  0.0294  0.0297  0.0297  0.0300  0.0297  0.0296  0.0299  0.0296  0.0292  0.0291  0.0293
  0.0307  0.0300  0.0302  0.0309  0.0321  0.0312  0.0305  0.0313  0.0304  0.0298  0.0293  0.0297
  0.0324  0.0310  0.0309  0.0324  0.0354  0.0336  0.0317  0.0333  0.0315  0.0310  0.0297  0.0302
niter,ni,del,rscale     5    3    5.0000    1.2000
parameters
    1.4620   35.3533    0.6965  -10.3056  -22.4671   -9.6530
    2.1321    0.7454   -2.4979   25.5997    5.9345  -22.2070
eta,q 0.97120  7.45941
  0.0322  0.0322  0.0295  0.0324  0.0326  0.0315  0.0314  0.0329  0.0308  0.0327  0.0298  0.0299
  0.0305  0.0307  0.0291  0.0307  0.0307  0.0301  0.0301  0.0307  0.0297  0.0310  0.0292  0.0292
  0.0295  0.0296  0.0289  0.0294  0.0294  0.0293  0.0293  0.0293  0.0291  0.0297  0.0289  0.0289
  0.0291  0.0291  0.0290  0.0290  0.0289  0.0290  0.0290  0.0290  0.0290  0.0290  0.0288  0.0288
  0.0294  0.0291  0.0294  0.0296  0.0297  0.0295  0.0293  0.0296  0.0293  0.0288  0.0289  0.0290
  0.0304  0.0296  0.0299  0.0309  0.0317  0.0311  0.0301  0.0310  0.0301  0.0293  0.0292  0.0293
  0.0320  0.0305  0.0306  0.0325  0.0350  0.0336  0.0313  0.0329  0.0311  0.0305  0.0297  0.0298
niter,ni,del,rscale     4    3    5.0000    1.2000
parameters
    1.4485   35.9720   -0.1405  -10.6664  -23.8801  -11.1241
    2.3326    0.6825   -1.9055   27.4856    4.3013  -22.1082
eta,q 0.97185  7.34789
  0.0317  0.0321  0.0290  0.0319  0.0320  0.0307  0.0309  0.0323  0.0309  0.0324  0.0289  0.0294
  0.0301  0.0305  0.0286  0.0302  0.0301  0.0294  0.0296  0.0301  0.0297  0.0307  0.0284  0.0287
  0.0291  0.0294  0.0285  0.0289  0.0288  0.0287  0.0288  0.0288  0.0289  0.0293  0.0282  0.0283
  0.0288  0.0288  0.0287  0.0285  0.0285  0.0285  0.0285  0.0285  0.0285  0.0285  0.0282  0.0281
  0.0291  0.0287  0.0290  0.0292  0.0293  0.0292  0.0287  0.0291  0.0286  0.0282  0.0285  0.0283
  0.0301  0.0290  0.0296  0.0307  0.0315  0.0309  0.0295  0.0304  0.0292  0.0286  0.0290  0.0287
  0.0317  0.0298  0.0304  0.0324  0.0348  0.0335  0.0306  0.0322  0.0303  0.0298  0.0297  0.0293
niter,ni,del,rscale     3    3    5.0000    1.2000
parameters
    1.3796   36.7091   -1.0190  -11.0478  -25.2250  -12.4948
    2.3892    0.7077   -1.1406   28.8111    3.6423  -22.8065
eta,q 0.97243  7.25384
  0.0308  0.0318  0.0283  0.0313  0.0315  0.0300  0.0301  0.0316  0.0306  0.0317  0.0287  0.0287
  0.0293  0.0301  0.0279  0.0296  0.0295  0.0288  0.0288  0.0295  0.0292  0.0299  0.0280  0.0280
  0.0284  0.0289  0.0278  0.0283  0.0282  0.0280  0.0281  0.0282  0.0282  0.0285  0.0277  0.0276
  0.0281  0.0281  0.0279  0.0278  0.0278  0.0278  0.0278  0.0278  0.0278  0.0278  0.0276  0.0276
  0.0285  0.0279  0.0284  0.0285  0.0286  0.0284  0.0280  0.0283  0.0279  0.0277  0.0279  0.0279
  0.0295  0.0282  0.0290  0.0300  0.0309  0.0300  0.0288  0.0296  0.0285  0.0283  0.0284  0.0284
  0.0312  0.0290  0.0298  0.0319  0.0344  0.0326  0.0300  0.0314  0.0296  0.0297  0.0291  0.0290
niter,ni,del,rscale     2    3    5.0000    1.2000
parameters
    1.3566   37.0990   -1.5454  -11.0725  -25.8291  -13.1991
    2.2432    0.7897   -0.9939   29.4920    3.7071  -23.3358
eta,q 0.97252  7.22330
  0.0303  0.0306  0.0282  0.0313  0.0318  0.0301  0.0297  0.0315  0.0300  0.0311  0.0289  0.0287
  0.0288  0.0291  0.0277  0.0295  0.0297  0.0288  0.0285  0.0293  0.0287  0.0294  0.0281  0.0279
  0.0279  0.0281  0.0275  0.0281  0.0282  0.0279  0.0278  0.0279  0.0278  0.0281  0.0276  0.0275
  0.0276  0.0276  0.0275  0.0275  0.0275  0.0275  0.0275  0.0275  0.0275  0.0275  0.0275  0.0275
  0.0279  0.0276  0.0278  0.0280  0.0280  0.0279  0.0278  0.0280  0.0278  0.0277  0.0276  0.0277
  0.0289  0.0281  0.0284  0.0295  0.0300  0.0292  0.0286  0.0293  0.0285  0.0285  0.0281  0.0282
  0.0304  0.0291  0.0291  0.0314  0.0334  0.0316  0.0298  0.0312  0.0298  0.0301  0.0288  0.0289
niter,ni,del,rscale     1    3    5.0000    1.2000
parameters
    1.3839   37.2758   -1.8174  -11.0351  -26.0999  -13.5618
    2.1634    0.8421   -1.0009   29.8562    3.7712  -23.5867
eta,q 0.97253  7.21257
  0.0303  0.0301  0.0283  0.0313  0.0319  0.0302  0.0297  0.0314  0.0298  0.0308  0.0289  0.0288
  0.0288  0.0287  0.0278  0.0296  0.0299  0.0289  0.0285  0.0293  0.0286  0.0291  0.0281  0.0280
  0.0278  0.0278  0.0275  0.0281  0.0283  0.0279  0.0277  0.0279  0.0278  0.0280  0.0276  0.0275
  0.0275  0.0275  0.0275  0.0274  0.0274  0.0275  0.0275  0.0275  0.0275  0.0275  0.0275  0.0275
  0.0278  0.0276  0.0277  0.0280  0.0278  0.0277  0.0278  0.0280  0.0278  0.0277  0.0276  0.0277
  0.0287  0.0283  0.0281  0.0295  0.0297  0.0289  0.0286  0.0293  0.0286  0.0287  0.0281  0.0282
  0.0302  0.0294  0.0288  0.0314  0.0330  0.0311  0.0298  0.0312  0.0298  0.0303  0.0288  0.0288
registration optimization eta report
parameter search radius
    2.4000    2.4000    2.4000    9.5220   10.9503    8.2800
    7.2000    7.2000    7.2000    7.2000    8.2800    8.2800
100000*second partial in parameter space
       48.       39.       19.        4.        4.        5.
        4.        7.        4.        6.        2.        2.
  0.0303  0.0301  0.0283  0.0313  0.0319  0.0302  0.0297  0.0314  0.0298  0.0308  0.0289  0.0288
  0.0288  0.0287  0.0278  0.0296  0.0299  0.0289  0.0285  0.0293  0.0286  0.0291  0.0281  0.0280
  0.0278  0.0278  0.0275  0.0281  0.0283  0.0279  0.0277  0.0279  0.0278  0.0280  0.0276  0.0275
  0.0275  0.0275  0.0275  0.0274  0.0274  0.0275  0.0275  0.0275  0.0275  0.0275  0.0275  0.0275
  0.0278  0.0276  0.0277  0.0280  0.0278  0.0277  0.0278  0.0280  0.0278  0.0277  0.0276  0.0277
  0.0287  0.0283  0.0281  0.0295  0.0297  0.0289  0.0286  0.0293  0.0286  0.0287  0.0281  0.0282
  0.0302  0.0294  0.0288  0.0314  0.0330  0.0311  0.0298  0.0312  0.0298  0.0303  0.0288  0.0288
    1.3839   37.2758   -1.8174  -11.0351  -26.0999  -13.5618
    2.1634    0.8421   -1.0009   29.8562    3.7712  -23.5867
eta,q 0.97253  7.21257

---------------------------------------------------------------------
imgreg_4dfp /opt/freesurfer/average/711-2C_as_mni_average_305 /opt/freesurfer/average/711-2B_as_mni_average_305_mask talsrcimg_g11 none talsrcimg_to_711-2C_as_mni_average_305_t4 2311
---------------------------------------------------------------------

freesurfer imgreg_4dfp.c
/opt/freesurfer/average/711-2C_as_mni_average_305.4dfp.img
       256       256       256         1
  1.000000  1.000000  1.000000
orientation T byte_order littleendian
Reading image: /opt/freesurfer/average/711-2C_as_mni_average_305.4dfp.img
dimensions:      256       256       256
mmppix:       1.0000   -1.0000   -1.0000
center:     128.0000 -129.0000 -129.0000
/opt/freesurfer/average/711-2B_as_mni_average_305_mask.4dfp.img
       256       256       256         1
  1.000000  1.000000  1.000000
orientation T byte_order littleendian
Reading mask: /opt/freesurfer/average/711-2B_as_mni_average_305_mask.4dfp.img (2306576 pixels)
talsrcimg_g11.4dfp.img
       256       256       256         1
  1.000000  1.000000  1.000000
orientation T byte_order littleendian
Reading image: talsrcimg_g11.4dfp.img
dimensions:      256       256       256
mmppix:       1.0000   -1.0000   -1.0000
center:     128.0000 -129.0000 -129.0000
fimgreg.f
image alignment mode   2311 decimal      907 hex
parameters
    1.3839   37.2758   -1.8174  -11.0351  -26.0999  -13.5617
    2.1634    0.8421   -1.0009   29.8562    3.7712  -23.5867
eta,q 0.97253  7.21257
niter,ni,del,rscale     5    3    5.0000    0.8000
parameters
    1.4105   37.3433   -1.9777  -10.8538  -25.2392  -13.3725
    2.0604    0.7904   -1.0371   29.9603    3.8024  -23.8955
eta,q 0.97260  7.26367
  0.0287  0.0286  0.0279  0.0288  0.0288  0.0285  0.0284  0.0292  0.0285  0.0289  0.0279  0.0278
  0.0281  0.0280  0.0276  0.0282  0.0282  0.0280  0.0279  0.0282  0.0279  0.0281  0.0276  0.0276
  0.0276  0.0276  0.0275  0.0277  0.0277  0.0276  0.0275  0.0276  0.0275  0.0276  0.0275  0.0274
  0.0275  0.0275  0.0275  0.0275  0.0275  0.0274  0.0274  0.0274  0.0274  0.0274  0.0274  0.0274
  0.0276  0.0276  0.0276  0.0276  0.0274  0.0275  0.0275  0.0277  0.0275  0.0275  0.0274  0.0275
  0.0280  0.0279  0.0277  0.0280  0.0276  0.0278  0.0279  0.0283  0.0279  0.0280  0.0276  0.0277
  0.0287  0.0284  0.0280  0.0287  0.0281  0.0284  0.0285  0.0293  0.0285  0.0288  0.0279  0.0279
niter,ni,del,rscale     4    3    5.0000    0.7000
parameters
    1.4078   37.2739   -1.9062  -10.8741  -25.2071  -13.1950
    2.0643    0.7714   -1.0463   29.9406    3.8120  -23.9140
eta,q 0.97262  7.26851
  0.0284  0.0281  0.0278  0.0284  0.0282  0.0283  0.0282  0.0288  0.0282  0.0285  0.0278  0.0278
  0.0278  0.0277  0.0276  0.0279  0.0278  0.0278  0.0278  0.0280  0.0278  0.0279  0.0276  0.0275
  0.0275  0.0275  0.0275  0.0275  0.0275  0.0275  0.0275  0.0275  0.0275  0.0275  0.0274  0.0274
  0.0274  0.0274  0.0274  0.0274  0.0274  0.0274  0.0274  0.0274  0.0274  0.0274  0.0274  0.0274
  0.0275  0.0275  0.0274  0.0275  0.0275  0.0274  0.0275  0.0276  0.0275  0.0275  0.0274  0.0274
  0.0278  0.0278  0.0275  0.0279  0.0277  0.0277  0.0278  0.0281  0.0278  0.0279  0.0275  0.0276
  0.0284  0.0283  0.0277  0.0284  0.0282  0.0282  0.0282  0.0288  0.0282  0.0286  0.0278  0.0278
niter,ni,del,rscale     3    3    5.0000    0.6000
parameters
    1.4054   37.2583   -1.8520  -10.8696  -25.1648  -13.0692
    2.0707    0.7423   -1.0464   29.9199    3.8420  -23.9450
eta,q 0.97262  7.27405
  0.0281  0.0280  0.0277  0.0282  0.0280  0.0280  0.0280  0.0284  0.0280  0.0282  0.0277  0.0277
  0.0277  0.0276  0.0275  0.0277  0.0277  0.0277  0.0277  0.0278  0.0277  0.0278  0.0275  0.0275
  0.0275  0.0274  0.0274  0.0275  0.0275  0.0275  0.0274  0.0275  0.0274  0.0275  0.0274  0.0274
  0.0274  0.0274  0.0274  0.0274  0.0274  0.0274  0.0274  0.0274  0.0274  0.0274  0.0274  0.0274
  0.0275  0.0275  0.0274  0.0275  0.0274  0.0274  0.0274  0.0275  0.0275  0.0275  0.0274  0.0274
  0.0277  0.0277  0.0275  0.0277  0.0276  0.0276  0.0277  0.0279  0.0277  0.0278  0.0275  0.0275
  0.0281  0.0280  0.0276  0.0282  0.0280  0.0280  0.0280  0.0285  0.0280  0.0283  0.0277  0.0277
niter,ni,del,rscale     2    3    5.0000    0.5000
parameters
    1.3961   37.2448   -1.8053  -10.8614  -25.1292  -12.9651
    2.0882    0.7065   -1.0398   29.9164    3.8725  -23.9637
eta,q 0.97263  7.27900
  0.0279  0.0278  0.0276  0.0279  0.0278  0.0278  0.0278  0.0281  0.0278  0.0280  0.0276  0.0276
  0.0276  0.0276  0.0275  0.0276  0.0276  0.0276  0.0276  0.0277  0.0276  0.0277  0.0275  0.0275
  0.0274  0.0274  0.0274  0.0274  0.0274  0.0274  0.0274  0.0274  0.0274  0.0274  0.0274  0.0274
  0.0274  0.0274  0.0274  0.0274  0.0274  0.0274  0.0274  0.0274  0.0274  0.0274  0.0274  0.0274
  0.0274  0.0274  0.0274  0.0274  0.0274  0.0274  0.0274  0.0275  0.0274  0.0274  0.0274  0.0274
  0.0276  0.0276  0.0275  0.0276  0.0275  0.0275  0.0276  0.0277  0.0276  0.0276  0.0275  0.0275
  0.0279  0.0278  0.0276  0.0279  0.0278  0.0278  0.0278  0.0281  0.0278  0.0280  0.0276  0.0276
niter,ni,del,rscale     1    3    5.0000    0.4000
parameters
    1.3867   37.2380   -1.7765  -10.8637  -25.1047  -12.8940
    2.1062    0.6788   -1.0414   29.9146    3.8926  -24.0095
eta,q 0.97263  7.28249
  0.0277  0.0276  0.0275  0.0277  0.0277  0.0277  0.0277  0.0279  0.0277  0.0278  0.0275  0.0275
  0.0275  0.0275  0.0274  0.0275  0.0275  0.0275  0.0275  0.0276  0.0275  0.0276  0.0274  0.0274
  0.0274  0.0274  0.0274  0.0274  0.0274  0.0274  0.0274  0.0274  0.0274  0.0274  0.0274  0.0274
  0.0274  0.0274  0.0274  0.0274  0.0274  0.0274  0.0274  0.0274  0.0274  0.0274  0.0274  0.0274
  0.0274  0.0274  0.0274  0.0274  0.0274  0.0274  0.0274  0.0274  0.0274  0.0274  0.0274  0.0274
  0.0275  0.0275  0.0274  0.0275  0.0275  0.0275  0.0275  0.0276  0.0275  0.0276  0.0274  0.0274
  0.0277  0.0277  0.0275  0.0277  0.0276  0.0276  0.0276  0.0279  0.0277  0.0278  0.0275  0.0275
registration optimization eta report
parameter search radius
    0.8000    0.8000    0.8000    2.4000    2.4000    2.4000
    2.4000    2.4000    2.4000    2.4000    2.4000    2.4000
100000*second partial in parameter space
       50.       42.       20.        6.        5.        5.
        5.        8.        5.        7.        2.        2.
  0.0277  0.0276  0.0275  0.0277  0.0277  0.0277  0.0277  0.0279  0.0277  0.0278  0.0275  0.0275
  0.0275  0.0275  0.0274  0.0275  0.0275  0.0275  0.0275  0.0276  0.0275  0.0276  0.0274  0.0274
  0.0274  0.0274  0.0274  0.0274  0.0274  0.0274  0.0274  0.0274  0.0274  0.0274  0.0274  0.0274
  0.0274  0.0274  0.0274  0.0274  0.0274  0.0274  0.0274  0.0274  0.0274  0.0274  0.0274  0.0274
  0.0274  0.0274  0.0274  0.0274  0.0274  0.0274  0.0274  0.0274  0.0274  0.0274  0.0274  0.0274
  0.0275  0.0275  0.0274  0.0275  0.0275  0.0275  0.0275  0.0276  0.0275  0.0276  0.0274  0.0274
  0.0277  0.0277  0.0275  0.0277  0.0276  0.0276  0.0276  0.0279  0.0277  0.0278  0.0275  0.0275
    1.3867   37.2380   -1.7765  -10.8637  -25.1047  -12.8940
    2.1062    0.6788   -1.0414   29.9146    3.8926  -24.0095
eta,q 0.97263  7.28249

---------------------------------------------------------------------
imgreg_4dfp /opt/freesurfer/average/711-2C_as_mni_average_305 /opt/freesurfer/average/711-2B_as_mni_average_305_mask talsrcimg_g11 none talsrcimg_to_711-2C_as_mni_average_305_t4 2311
---------------------------------------------------------------------

freesurfer imgreg_4dfp.c
/opt/freesurfer/average/711-2C_as_mni_average_305.4dfp.img
       256       256       256         1
  1.000000  1.000000  1.000000
orientation T byte_order littleendian
Reading image: /opt/freesurfer/average/711-2C_as_mni_average_305.4dfp.img
dimensions:      256       256       256
mmppix:       1.0000   -1.0000   -1.0000
center:     128.0000 -129.0000 -129.0000
/opt/freesurfer/average/711-2B_as_mni_average_305_mask.4dfp.img
       256       256       256         1
  1.000000  1.000000  1.000000
orientation T byte_order littleendian
Reading mask: /opt/freesurfer/average/711-2B_as_mni_average_305_mask.4dfp.img (2306576 pixels)
talsrcimg_g11.4dfp.img
       256       256       256         1
  1.000000  1.000000  1.000000
orientation T byte_order littleendian
Reading image: talsrcimg_g11.4dfp.img
dimensions:      256       256       256
mmppix:       1.0000   -1.0000   -1.0000
center:     128.0000 -129.0000 -129.0000
fimgreg.f
image alignment mode   2311 decimal      907 hex
parameters
    1.3867   37.2380   -1.7765  -10.8637  -25.1047  -12.8940
    2.1062    0.6788   -1.0414   29.9146    3.8926  -24.0095
eta,q 0.97263  7.28249
niter,ni,del,rscale     5    3    5.0000    0.8000
parameters
    1.3790   37.2481   -1.7503  -10.9449  -25.2906  -13.0387
    2.1272    0.7342   -1.0388   29.9033    3.8265  -23.8760
eta,q 0.97262  7.26606
  0.0286  0.0285  0.0279  0.0286  0.0284  0.0284  0.0285  0.0293  0.0285  0.0289  0.0279  0.0279
  0.0279  0.0279  0.0276  0.0280  0.0278  0.0279  0.0279  0.0282  0.0279  0.0281  0.0276  0.0276
  0.0275  0.0275  0.0274  0.0275  0.0275  0.0275  0.0275  0.0276  0.0275  0.0276  0.0274  0.0274
  0.0274  0.0274  0.0274  0.0274  0.0274  0.0274  0.0274  0.0274  0.0274  0.0274  0.0274  0.0274
  0.0275  0.0275  0.0274  0.0275  0.0275  0.0275  0.0275  0.0276  0.0275  0.0275  0.0274  0.0274
  0.0279  0.0279  0.0276  0.0280  0.0279  0.0279  0.0279  0.0282  0.0279  0.0281  0.0276  0.0276
  0.0287  0.0284  0.0279  0.0287  0.0286  0.0286  0.0285  0.0292  0.0285  0.0289  0.0279  0.0278
niter,ni,del,rscale     4    3    5.0000    0.7000
parameters
    1.3893   37.2623   -1.8026  -10.9059  -25.2199  -13.0549
    2.1021    0.7387   -1.0332   29.9007    3.8253  -23.9088
eta,q 0.97262  7.27025
  0.0284  0.0282  0.0277  0.0284  0.0282  0.0282  0.0282  0.0288  0.0282  0.0285  0.0278  0.0278
  0.0278  0.0277  0.0275  0.0279  0.0278  0.0278  0.0277  0.0280  0.0278  0.0279  0.0275  0.0275
  0.0275  0.0275  0.0274  0.0275  0.0275  0.0275  0.0275  0.0275  0.0275  0.0275  0.0274  0.0274
  0.0274  0.0274  0.0274  0.0274  0.0274  0.0274  0.0274  0.0274  0.0274  0.0274  0.0274  0.0274
  0.0275  0.0275  0.0274  0.0275  0.0274  0.0275  0.0275  0.0276  0.0275  0.0275  0.0274  0.0274
  0.0278  0.0277  0.0276  0.0278  0.0277  0.0277  0.0278  0.0280  0.0278  0.0279  0.0275  0.0276
  0.0283  0.0282  0.0278  0.0284  0.0282  0.0283  0.0282  0.0288  0.0282  0.0286  0.0278  0.0278
niter,ni,del,rscale     3    3    5.0000    0.6000
parameters
    1.3931   37.2480   -1.8026  -10.8825  -25.1580  -13.0039
    2.0911    0.7283   -1.0446   29.9012    3.8464  -23.9315
eta,q 0.97263  7.27528
  0.0281  0.0280  0.0277  0.0282  0.0280  0.0280  0.0280  0.0285  0.0280  0.0282  0.0277  0.0277
  0.0277  0.0276  0.0275  0.0277  0.0277  0.0277  0.0276  0.0278  0.0277  0.0278  0.0275  0.0275
  0.0275  0.0274  0.0274  0.0275  0.0275  0.0275  0.0274  0.0275  0.0274  0.0275  0.0274  0.0274
  0.0274  0.0274  0.0274  0.0274  0.0274  0.0274  0.0274  0.0274  0.0274  0.0274  0.0274  0.0274
  0.0274  0.0275  0.0274  0.0275  0.0274  0.0274  0.0275  0.0275  0.0275  0.0275  0.0274  0.0274
  0.0277  0.0277  0.0275  0.0277  0.0276  0.0276  0.0277  0.0279  0.0277  0.0278  0.0275  0.0275
  0.0281  0.0280  0.0277  0.0282  0.0280  0.0280  0.0280  0.0284  0.0280  0.0283  0.0277  0.0277
niter,ni,del,rscale     2    3    5.0000    0.5000
parameters
    1.3935   37.2386   -1.7849  -10.8709  -25.1321  -12.9343
    2.0974    0.7032   -1.0365   29.8995    3.8779  -23.9634
eta,q 0.97263  7.27913
  0.0279  0.0278  0.0276  0.0279  0.0278  0.0278  0.0278  0.0281  0.0278  0.0280  0.0276  0.0276
  0.0276  0.0276  0.0275  0.0276  0.0276  0.0276  0.0276  0.0277  0.0276  0.0277  0.0275  0.0275
  0.0274  0.0274  0.0274  0.0274  0.0274  0.0274  0.0274  0.0274  0.0274  0.0274  0.0274  0.0274
  0.0274  0.0274  0.0274  0.0274  0.0274  0.0274  0.0274  0.0274  0.0274  0.0274  0.0274  0.0274
  0.0274  0.0274  0.0274  0.0274  0.0274  0.0274  0.0274  0.0275  0.0274  0.0274  0.0274  0.0274
  0.0276  0.0276  0.0275  0.0276  0.0276  0.0276  0.0276  0.0277  0.0276  0.0276  0.0275  0.0275
  0.0279  0.0278  0.0276  0.0279  0.0278  0.0278  0.0278  0.0281  0.0278  0.0280  0.0276  0.0276
niter,ni,del,rscale     1    3    5.0000    0.4000
parameters
    1.3875   37.2340   -1.7692  -10.8682  -25.0978  -12.8813
    2.1148    0.6770   -1.0481   29.9115    3.8818  -24.0063
eta,q 0.97263  7.28290
  0.0277  0.0276  0.0275  0.0277  0.0277  0.0277  0.0277  0.0279  0.0277  0.0278  0.0275  0.0275
  0.0275  0.0275  0.0274  0.0275  0.0275  0.0275  0.0275  0.0276  0.0275  0.0276  0.0274  0.0274
  0.0274  0.0274  0.0274  0.0274  0.0274  0.0274  0.0274  0.0274  0.0274  0.0274  0.0274  0.0274
  0.0274  0.0274  0.0274  0.0274  0.0274  0.0274  0.0274  0.0274  0.0274  0.0274  0.0274  0.0274
  0.0274  0.0274  0.0274  0.0274  0.0274  0.0274  0.0274  0.0274  0.0274  0.0274  0.0274  0.0274
  0.0275  0.0275  0.0274  0.0275  0.0275  0.0275  0.0275  0.0276  0.0275  0.0275  0.0274  0.0274
  0.0277  0.0276  0.0275  0.0277  0.0276  0.0276  0.0276  0.0279  0.0277  0.0278  0.0275  0.0275
registration optimization eta report
parameter search radius
    0.8000    0.8000    0.8000    2.4000    2.4000    2.4000
    2.4000    2.4000    2.4000    2.4000    2.4000    2.4000
100000*second partial in parameter space
       51.       42.       21.        6.        5.        5.
        5.        9.        5.        7.        2.        2.
  0.0277  0.0276  0.0275  0.0277  0.0277  0.0277  0.0277  0.0279  0.0277  0.0278  0.0275  0.0275
  0.0275  0.0275  0.0274  0.0275  0.0275  0.0275  0.0275  0.0276  0.0275  0.0276  0.0274  0.0274
  0.0274  0.0274  0.0274  0.0274  0.0274  0.0274  0.0274  0.0274  0.0274  0.0274  0.0274  0.0274
  0.0274  0.0274  0.0274  0.0274  0.0274  0.0274  0.0274  0.0274  0.0274  0.0274  0.0274  0.0274
  0.0274  0.0274  0.0274  0.0274  0.0274  0.0274  0.0274  0.0274  0.0274  0.0274  0.0274  0.0274
  0.0275  0.0275  0.0274  0.0275  0.0275  0.0275  0.0275  0.0276  0.0275  0.0275  0.0274  0.0274
  0.0277  0.0276  0.0275  0.0277  0.0276  0.0276  0.0276  0.0279  0.0277  0.0278  0.0275  0.0275
    1.3875   37.2340   -1.7692  -10.8682  -25.0978  -12.8813
    2.1148    0.6770   -1.0481   29.9115    3.8818  -24.0063
eta,q 0.97263  7.28290

---------------------------------------------------------------------
compute_vox2vox talsrcimg talsrcimg_to_711-2C_as_mni_average_305_t4 /opt/freesurfer/average/711-2C_as_mni_average_305
---------------------------------------------------------------------

freesurfer compute_vox2vox.c
Reading: talsrcimg.4dfp.ifh
Reading: talsrcimg_to_711-2C_as_mni_average_305_t4
Reading: /opt/freesurfer/average/711-2C_as_mni_average_305.4dfp.ifh
Writing: talsrcimg_to_711-2C_as_mni_average_305_t4_vox2vox.txt

start time Tue Mar 10 12:41:15 CET 2026
end		time Tue Mar 10 12:42:40 CET 2026

mpr2mni305 success

avi2talxfm orig_nu.mgz /opt/freesurfer/average/mni305.cor.mgz talsrcimg_to_711-2C_as_mni_average_305_t4_vox2vox.txt transforms/talairach.auto.xfm
avi2talxfm done
mv -f /out/sourcedata/freesurfer/sub-v2s0x29047_ses-1/mri/talsrcimg_to_711-2C_as_mni_average_305_t4_vox2vox.txt /out/sourcedata/freesurfer/sub-v2s0x29047_ses-1/mri/transforms/talsrcimg_to_711-2C_as_mni_average_305_t4_vox2vox.txt
lta_convert --src orig_nu.mgz --trg /opt/freesurfer/average/mni305.cor.mgz --inxfm transforms/talairach.auto.xfm --outlta transforms/talairach.auto.xfm.lta --subject fsaverage
7.3.2

--src: orig_nu.mgz src image (geometry).
--trg: /opt/freesurfer/average/mni305.cor.mgz trg image (geometry).
--inmni: transforms/talairach.auto.xfm input MNI/XFM transform.
--outlta: transforms/talairach.auto.xfm.lta output LTA.
--s: fsaverage subject name
 LTA read, type : 1
 1.12148   0.00194  -0.03104  -1.68686;
-0.04112   1.03400   0.33256  -63.74357;
 0.03211  -0.41289   1.20184  -11.03131;
 0.00000   0.00000   0.00000   1.00000;
setting subject to fsaverage
Writing  LTA to file transforms/talairach.auto.xfm.lta...
lta_convert successful.
 
 
Started at Tue Mar 10 12:41:14 CET 2026
Ended   at Tue Mar 10 12:42:41 CET 2026
talairach_avi done
