Logfile for bbregister
Tue Mar 10 15:29:44 CET 2026

setenv SUBJECTS_DIR /out/sourcedata/freesurfer
cd /out/sourcedata/freesurfer/sub-v2s0x30147_ses-1/scripts
/opt/freesurfer/bin/bbregister --s sub-v2s0x30147_ses-1 --mov /out/sourcedata/freesurfer/sub-v2s0x30147_ses-1/mri/orig/FLAIRraw.mgz --lta /out/sourcedata/freesurfer/sub-v2s0x30147_ses-1/mri/transforms/FLAIRraw.auto.lta --init-coreg --T2 --gm-proj-abs 2 --wm-proj-abs 1 --no-coreg-ref-mask

bbregister 7.3.2
Linux dna048 5.14.0-427.37.1.el9_4.x86_64 #1 SMP PREEMPT_DYNAMIC Fri Sep 13 12:41:50 EDT 2024 x86_64 x86_64 x86_64 GNU/Linux
FREESURFER_HOME /opt/freesurfer
mri_convert /out/sourcedata/freesurfer/sub-v2s0x30147_ses-1/mri/orig/FLAIRraw.mgz /out/sourcedata/freesurfer/sub-v2s0x30147_ses-1/mri/transforms/tmp.bbregister.2980031/template.nii
mri_convert /out/sourcedata/freesurfer/sub-v2s0x30147_ses-1/mri/orig/FLAIRraw.mgz /out/sourcedata/freesurfer/sub-v2s0x30147_ses-1/mri/transforms/tmp.bbregister.2980031/template.nii 
reading from /out/sourcedata/freesurfer/sub-v2s0x30147_ses-1/mri/orig/FLAIRraw.mgz...
TR=0.00, TE=0.00, TI=0.00, flip angle=0.00
i_ras = (-1, 0, 0)
j_ras = (0, 1, 0)
k_ras = (0, 0, 1)
writing to /out/sourcedata/freesurfer/sub-v2s0x30147_ses-1/mri/transforms/tmp.bbregister.2980031/template.nii...
mri_coreg --s sub-v2s0x30147_ses-1 --mov /out/sourcedata/freesurfer/sub-v2s0x30147_ses-1/mri/transforms/tmp.bbregister.2980031/template.nii --regdat /out/sourcedata/freesurfer/sub-v2s0x30147_ses-1/mri/transforms/tmp.bbregister.2980031/reg.init.dat --reg /out/sourcedata/freesurfer/sub-v2s0x30147_ses-1/mri/transforms/tmp.bbregister.2980031/mri_coreg.lta --nthreads 4 --dof 6 --sep 4 --ftol .0001 --linmintol .01 --no-ref-mask

$Id: mri_coreg.c,v 1.27 2016/04/30 15:11:49 greve Exp $
cwd /out/sourcedata/freesurfer/sub-v2s0x30147_ses-1/scripts
cmdline mri_coreg --s sub-v2s0x30147_ses-1 --mov /out/sourcedata/freesurfer/sub-v2s0x30147_ses-1/mri/transforms/tmp.bbregister.2980031/template.nii --regdat /out/sourcedata/freesurfer/sub-v2s0x30147_ses-1/mri/transforms/tmp.bbregister.2980031/reg.init.dat --reg /out/sourcedata/freesurfer/sub-v2s0x30147_ses-1/mri/transforms/tmp.bbregister.2980031/mri_coreg.lta --nthreads 4 --dof 6 --sep 4 --ftol .0001 --linmintol .01 --no-ref-mask 
sysname  Linux
hostname dna048
machine  x86_64
user     oesteban
dof    6
nsep    1
cras0    1
ftol    0.000100
linmintol    0.010000
bf       1
bflim    30.000000
bfnsamp    30
SmoothRef 0
SatPct    99.990000
MovOOB 0
optschema 1
Seed 53
Reading in mov /out/sourcedata/freesurfer/sub-v2s0x30147_ses-1/mri/transforms/tmp.bbregister.2980031/template.nii
Reading in ref /out/sourcedata/freesurfer/sub-v2s0x30147_ses-1/mri/brainmask.mgz
Setting cras translation parameters to align volume centers
Creating random numbers for coordinate dithering
Performing intensity dithering
Performing intensity dithering on mov with computed dither
Init matrix params -1.0569 -0.0273  4.9847  0.0000  0.0000  0.0000  1.0000  1.0000  1.0000  0.0000  0.0000  0.0000 
Initial parameters to be opt -1.0569 -0.0273  4.9847  0.0000  0.0000  0.0000 
Separation list (1):  4   min = 4
DoSmoothing 1
DoCoordDither 1
DoIntensityDither 1
nitersmax 4
ftol 1.000e-04
linmintol 1.000e-02
SatPct 99.990000
Hist FWHM 7.000000 7.000000
nthreads 4
movsat = 74.0000
mov gstd 1.8943 1.8943 1.8943
Smoothing mov
refsat = 114.0000
ref gstd 1.8914 1.8914 1.8914
Smoothing ref
COREGpreproc() done
Testing if mov and target overlap
Init cost   -1.0579359925
nhits = 176015 out of 16777216, Percent Overlap:  67.1
Initial  RefRAS-to-MovRAS
 1.00000   0.00000   0.00000  -1.05688;
 0.00000   1.00000   0.00000  -0.02734;
 0.00000   0.00000   1.00000   4.98470;
 0.00000   0.00000   0.00000   1.00000;
Initial  RefVox-to-MovVox
 1.02400   0.00000   0.00000  -37.55999;
 0.00000   0.00000   1.02400  -3.06000;
 0.00000  -1.02400   0.00000   258.06000;
 0.00000   0.00000   0.00000   1.00000;
sep = 4 -----------------------------------
COREGoptBruteForce() 30 1 30
Turning on MovOOB for BruteForce Search
#BF# sep= 4 iter=0 lim=30.0 delta=2.00  -1.05688  -0.02734  -1.01530   0.00000   2.00000   0.00000   -1.0571275
Turning  MovOOB back off after brute force search


---------------------------------
Init Powel Params dof = 6: -1.056885 -0.027344 -1.015305 0.000000 2.000000 0.000000 
Starting OpenPowel2(), sep = 4
InitialCost        -1.0691767931 
#@#  4  188  -1.05688 -0.02734 -1.01530 0.00000 2.00000 0.00000   -1.0691768
fs_powell::minimize
  nparams 6
  maxfev 4
  ftol   0.000100
  linmin_xtol_   0.010000
  powell nthiter 0: fret = -1.069177
#@#  4  194  -0.67492 -0.02734 -1.01530 0.00000 2.00000 0.00000   -1.0692340
#@#  4  195  -0.79218 -0.02734 -1.01530 0.00000 2.00000 0.00000   -1.0692542
#@#  4  204  -0.79218 -0.11805 -1.01530 0.00000 2.00000 0.00000   -1.0692599
#@#  4  208  -0.79218 -0.14744 -1.01530 0.00000 2.00000 0.00000   -1.0692607
#@#  4  214  -0.79218 -0.13744 -1.63334 0.00000 2.00000 0.00000   -1.0694218
#@#  4  216  -0.79218 -0.13744 -1.48856 0.00000 2.00000 0.00000   -1.0694449
#@#  4  217  -0.79218 -0.13744 -1.47102 0.00000 2.00000 0.00000   -1.0694450
#@#  4  225  -0.79218 -0.13744 -1.47102 0.16180 2.00000 0.00000   -1.0694600
#@#  4  232  -0.79218 -0.13744 -1.47102 0.16180 0.38197 0.00000   -1.0703508
#@#  4  233  -0.79218 -0.13744 -1.47102 0.16180 0.52044 0.00000   -1.0704231
#@#  4  235  -0.79218 -0.13744 -1.47102 0.16180 1.08558 0.00000   -1.0704241
#@#  4  237  -0.79218 -0.13744 -1.47102 0.16180 0.80411 0.00000   -1.0704888
#@#  4  241  -0.79218 -0.13744 -1.47102 0.16180 0.79411 1.00000   -1.0705479
#@#  4  245  -0.79218 -0.13744 -1.47102 0.16180 0.79411 0.61803   -1.0707418
#@#  4  247  -0.79218 -0.13744 -1.47102 0.16180 0.79411 0.54191   -1.0707475
#@#  4  249  -0.79218 -0.13744 -1.47102 0.16180 0.79411 0.52191   -1.0707476
#@#  4  251  -0.79218 -0.13744 -1.47102 0.16180 0.79411 0.51144   -1.0707479
#@#  4  258  -0.69107 -0.17949 -1.64509 0.22361 0.33350 0.70679   -1.0708790
#@#  4  259  -0.69631 -0.17731 -1.63608 0.22040 0.35735 0.69667   -1.0708855
#@#  4  261  -0.70430 -0.17399 -1.62231 0.21552 0.39377 0.68122   -1.0708869
#@#  4  262  -0.70165 -0.17509 -1.62687 0.21714 0.38171 0.68634   -1.0708874
  powell nthiter 1: fret = -1.070887
#@#  4  269  -0.31969 -0.17509 -1.62687 0.21714 0.38171 0.68634   -1.0711411
#@#  4  271  -0.36652 -0.17509 -1.62687 0.21714 0.38171 0.68634   -1.0711466
#@#  4  272  -0.37652 -0.17509 -1.62687 0.21714 0.38171 0.68634   -1.0711468
#@#  4  289  -0.37652 -0.18509 -1.24491 0.21714 0.38171 0.68634   -1.0711544
#@#  4  290  -0.37652 -0.18509 -1.42831 0.21714 0.38171 0.68634   -1.0712065
#@#  4  291  -0.37652 -0.18509 -1.43831 0.21714 0.38171 0.68634   -1.0712068
#@#  4  299  -0.37652 -0.18509 -1.43831 0.17956 0.38171 0.68634   -1.0712085
#@#  4  300  -0.37652 -0.18509 -1.43831 0.16956 0.38171 0.68634   -1.0712093
#@#  4  311  -0.37652 -0.18509 -1.43831 0.16956 0.38171 0.40358   -1.0713073
#@#  4  312  -0.37652 -0.18509 -1.43831 0.16956 0.38171 0.39358   -1.0713080
#@#  4  321  -0.33694 -0.20155 -1.50645 0.19375 0.20140 0.47005   -1.0713422
#@#  4  322  -0.33429 -0.20265 -1.51101 0.19537 0.18934 0.47517   -1.0713429
#@#  4  331  -0.15940 -0.22756 -1.52628 0.20819 -0.04166 0.46131   -1.0714029
#@#  4  332  -0.14146 -0.23012 -1.52785 0.20951 -0.06535 0.45989   -1.0714033
#@#  4  333  -0.14604 -0.22947 -1.52745 0.20917 -0.05930 0.46026   -1.0714034
  powell nthiter 2: fret = -1.071403
#@#  4  341  -0.17848 -0.21597 -1.47160 0.18934 0.08848 0.39758   -1.0714312
#@#  4  350  -0.17848 -0.18672 -1.47160 0.18934 0.08848 0.39758   -1.0714334
#@#  4  359  -0.17848 -0.18672 -1.46160 0.18934 0.08848 0.39758   -1.0714338
#@#  4  367  -0.17848 -0.18672 -1.46160 0.16439 0.08848 0.39758   -1.0714344
#@#  4  379  -0.17848 -0.18672 -1.46160 0.16439 0.08848 0.36987   -1.0714351
#@#  4  380  -0.17848 -0.18672 -1.46160 0.16439 0.08848 0.37987   -1.0714355
#@#  4  387  -0.09205 -0.19903 -1.46915 0.17072 -0.02568 0.37302   -1.0714498
#@#  4  388  -0.08747 -0.19968 -1.46955 0.17106 -0.03173 0.37266   -1.0714500
Powell done niters total = 2
OptTimeSec  8.1 sec
OptTimeMin  0.14 min
nEvals 391
Final optimized parameters  -0.08036429  -0.20069300  -1.47016895   0.17158000  -0.04111426   0.37209788 
Final matrix parameters -0.0758 -0.2013 -1.4706  0.1719 -0.0472  0.3717  1.0000  1.0000  1.0000  0.0000  0.0000  0.0000 
Final cost   -1.071449975160624
 

---------------------------------
Final  RefRAS-to-MovRAS
 0.99998   0.00649  -0.00072  -0.08036;
-0.00649   0.99997   0.00299  -0.20069;
 0.00074  -0.00299   1.00000  -1.47017;
 0.00000   0.00000   0.00000   1.00000;
Final  RefVox-to-MovVox
 1.02398  -0.00073  -0.00665  -37.88296;
 0.00665  -0.00307   1.02397  -3.75881;
-0.00075  -1.02400  -0.00306   251.82060;
 0.00000   0.00000   0.00000   1.00000;
Final matrix parameters -0.0804 -0.2007 -1.4702  0.1716 -0.0411  0.3721  0.0000  0.0000  0.0000  0.0000  0.0000  0.0000 
Final opt parameters -0.0804 -0.2007 -1.4702  0.1716 -0.0411  0.3721 
nhits = 173476 out of 16777216, Percent Overlap:  66.2
mri_coreg RunTimeSec 56.0 sec
To check run:
   tkregisterfv --mov /out/sourcedata/freesurfer/sub-v2s0x30147_ses-1/mri/transforms/tmp.bbregister.2980031/template.nii --targ /out/sourcedata/freesurfer/sub-v2s0x30147_ses-1/mri/brainmask.mgz --reg /out/sourcedata/freesurfer/sub-v2s0x30147_ses-1/mri/transforms/tmp.bbregister.2980031/mri_coreg.lta --s sub-v2s0x30147_ses-1 --surfs 

mri_coreg done

mri_segreg --mov /out/sourcedata/freesurfer/sub-v2s0x30147_ses-1/mri/transforms/tmp.bbregister.2980031/template.nii --init-reg /out/sourcedata/freesurfer/sub-v2s0x30147_ses-1/mri/transforms/tmp.bbregister.2980031/reg.init.dat --out-reg /out/sourcedata/freesurfer/sub-v2s0x30147_ses-1/mri/transforms/tmp.bbregister.2980031/bbr.pass1.dat --subsamp-brute 100 --subsamp 100 --tol 1e-4 --tol1d 1e-3 --brute -4 4 4 --surf white --gm-proj-abs 2 --gm-gt-wm 0.5
7.3.2
setenv SUBJECTS_DIR /out/sourcedata/freesurfer
cd /out/sourcedata/freesurfer/sub-v2s0x30147_ses-1/scripts
mri_segreg --mov /out/sourcedata/freesurfer/sub-v2s0x30147_ses-1/mri/transforms/tmp.bbregister.2980031/template.nii --init-reg /out/sourcedata/freesurfer/sub-v2s0x30147_ses-1/mri/transforms/tmp.bbregister.2980031/reg.init.dat --out-reg /out/sourcedata/freesurfer/sub-v2s0x30147_ses-1/mri/transforms/tmp.bbregister.2980031/bbr.pass1.dat --subsamp-brute 100 --subsamp 100 --tol 1e-4 --tol1d 1e-3 --brute -4 4 4 --surf white --gm-proj-abs 2 --gm-gt-wm 0.5 
sysname  Linux
hostname dna048
machine  x86_64
user     oesteban
movvol /out/sourcedata/freesurfer/sub-v2s0x30147_ses-1/mri/transforms/tmp.bbregister.2980031/template.nii
regfile /out/sourcedata/freesurfer/sub-v2s0x30147_ses-1/mri/transforms/tmp.bbregister.2980031/reg.init.dat
subject sub-v2s0x30147_ses-1
dof 6
outregfile /out/sourcedata/freesurfer/sub-v2s0x30147_ses-1/mri/transforms/tmp.bbregister.2980031/bbr.pass1.dat
UseMask 0
UseLH 1
UseRH 1
nsubsamp 100
PenaltySign  -1
PenaltySlope 0.500000
PenaltyCenter 0.000000
surfname white
GMProjAbs 2.000000
WMProjAbs 2.000000
lhcostfile (null)
rhcostfile (null)
interp  trilinear (1)
frame  0
TolPowell 0.000100
nMaxItersPowell 36
n1dmin  3
Profile   0
Gdiag_no  -1
AddNoise  0 (0)
SynthSeed 1773567974
TransRandMax 0.000000
RotRandMax 0.000000
Translations 0.000000 0.000000 0.000000
Rotations   0.000000 0.000000 0.000000
Input reg
 0.99998   0.00649  -0.00072   1.22955;
 0.00074  -0.00299   1.00000  -7.55788;
 0.00649  -0.99997  -0.00299   0.22632;
 0.00000   0.00000   0.00000   1.00000;

Loading mov
ExcludeZeroVoxels 1
Reading in targ vol /out/sourcedata/freesurfer/sub-v2s0x30147_ses-1/mri/orig.mgz
Projecting LH Surfs
Loading lh.white surf
GM Proj: 0 0.500000 2.000000
WM Proj: 0 0.500000 2.000000
Projecting RH Surfs
Loading rh.white surf
Projecting RH Surfs
Using lh.cortex.label
Using rh.cortex.label
Computing relative cost
 0  -25.0 -25.0 -25.0   1.050512
 1  -25.0 -25.0  25.0   1.085107
 2  -25.0  25.0 -25.0   1.052711
 3  -25.0  25.0  25.0   0.995601
 4   25.0 -25.0 -25.0   1.076125
 5   25.0 -25.0  25.0   1.037151
 6   25.0  25.0 -25.0   1.032431
 7   25.0  25.0  25.0   1.011632
REL:  8  0.482155    8.341270  1.042659 rel = 0.462428 
Initial costs ----------------
Number of surface hits 2534
WM  Intensity    44.3360 +/-   6.2521
Ctx Intensity    47.7394 +/-   9.8692
Pct Contrast      5.8375 +/-  23.8777
Cost   0.4822
RelCost   0.4624

------------------------------------
Brute force preopt -4 4 4, n = 729
     0  -4.0000  -4.0000  -4.0000  -4.0000  -4.0000  -4.0000      1.0091   1.0091  0.0
     7  -4.0000  -4.0000  -4.0000  -4.0000   4.0000   0.0000      0.9942   0.9942  0.0
    15  -4.0000  -4.0000  -4.0000   0.0000   4.0000  -4.0000      0.8964   0.8964  0.0
   120  -4.0000   0.0000   0.0000   0.0000   0.0000  -4.0000      0.8148   0.8148  0.0
   346   0.0000   0.0000  -4.0000   4.0000   0.0000   0.0000      0.8017   0.8017  0.0
   364   0.0000   0.0000   0.0000   0.0000   0.0000   0.0000      0.4822   0.4822  0.0
Brute Force --------------------------
Min cost was 0.482155
Number of iterations   729
Search time 0.812519 sec
Parameters at best (transmm, rotdeg)
  0.000   0.000   0.000  0.000  0.000  0.000 
--------------------------------------------

Starting Powell Minimization
Init Powel Params dof = 6
0 0
1 0
2 0
3 0
4 0
5 0
fs_powell::minimize
  nparams 6
  maxfev 36
  ftol   0.000100
  linmin_xtol_   0.001000
  powell nthiter 0: fret = 0.482155
   5 -0.618  0.000  0.000  0.000  0.000  0.000   0.4814411973
   7 -0.324  0.000  0.000  0.000  0.000  0.000   0.4714001427
  11 -0.329  0.000  0.000  0.000  0.000  0.000   0.4713803877
  20 -0.329 -0.076  0.000  0.000  0.000  0.000   0.4701686842
  23 -0.329 -0.086  0.000  0.000  0.000  0.000   0.4701448250
  24 -0.329 -0.083  0.000  0.000  0.000  0.000   0.4701444953
  26 -0.329 -0.084  0.000  0.000  0.000  0.000   0.4701439082
  33 -0.329 -0.084 -0.023  0.000  0.000  0.000   0.4699632368
  36 -0.329 -0.084 -0.021  0.000  0.000  0.000   0.4699590494
  38 -0.329 -0.084 -0.018  0.000  0.000  0.000   0.4699507856
  39 -0.329 -0.084 -0.017  0.000  0.000  0.000   0.4699487494
  40 -0.329 -0.084 -0.015  0.000  0.000  0.000   0.4699457313
  53 -0.329 -0.084 -0.015  0.029  0.000  0.000   0.4699427467
  54 -0.329 -0.084 -0.015  0.015  0.000  0.000   0.4698510610
  56 -0.329 -0.084 -0.015  0.020  0.000  0.000   0.4698248397
  66 -0.329 -0.084 -0.015  0.020 -0.226  0.000   0.4695119740
  67 -0.329 -0.084 -0.015  0.020 -0.130  0.000   0.4694450407
  69 -0.329 -0.084 -0.015  0.020 -0.129  0.000   0.4694080540
  70 -0.329 -0.084 -0.015  0.020 -0.080  0.000   0.4676960930
  71 -0.329 -0.084 -0.015  0.020 -0.049  0.000   0.4676037996
  72 -0.329 -0.084 -0.015  0.020 -0.061  0.000   0.4674897612
  73 -0.329 -0.084 -0.015  0.020 -0.062  0.000   0.4674887662
  83 -0.329 -0.084 -0.015  0.020 -0.062 -0.003   0.4674368815
  86 -0.329 -0.084 -0.015  0.020 -0.062 -0.008   0.4674071886
  87 -0.329 -0.084 -0.015  0.020 -0.062 -0.007   0.4674069114
  98 -0.329 -0.084 -0.015  0.020 -0.062 -0.007   0.4674057763
 100 -0.329 -0.084 -0.015  0.020 -0.063 -0.007   0.4674051540
  powell nthiter 1: fret = 0.467405
 112 -0.329 -0.084 -0.015  0.020 -0.063 -0.008   0.4674039235
 121 -0.329 -0.072 -0.015  0.020 -0.063 -0.008   0.4673732356
 122 -0.329 -0.073 -0.015  0.020 -0.063 -0.008   0.4673701088
 123 -0.329 -0.076 -0.015  0.020 -0.063 -0.008   0.4673626849
 124 -0.329 -0.079 -0.015  0.020 -0.063 -0.008   0.4673567585
 134 -0.329 -0.079 -0.043  0.020 -0.063 -0.008   0.4668587785
 136 -0.329 -0.079 -0.051  0.020 -0.063 -0.008   0.4667804960
 138 -0.329 -0.079 -0.052  0.020 -0.063 -0.008   0.4667764324
 139 -0.329 -0.079 -0.055  0.020 -0.063 -0.008   0.4667717787
 142 -0.329 -0.079 -0.054  0.020 -0.063 -0.008   0.4667712783
 152 -0.329 -0.079 -0.054  0.084 -0.063 -0.008   0.4657047748
 153 -0.329 -0.079 -0.054  0.091 -0.063 -0.008   0.4655914333
 154 -0.329 -0.079 -0.054  0.128 -0.063 -0.008   0.4652789041
 155 -0.329 -0.079 -0.054  0.133 -0.063 -0.008   0.4652557175
 157 -0.329 -0.079 -0.054  0.137 -0.063 -0.008   0.4652269980
 158 -0.329 -0.079 -0.054  0.144 -0.063 -0.008   0.4652113625
 160 -0.329 -0.079 -0.054  0.142 -0.063 -0.008   0.4652101320
 169 -0.329 -0.079 -0.054  0.142 -0.130 -0.008   0.4648940646
 171 -0.329 -0.079 -0.054  0.142 -0.113 -0.008   0.4648333883
 172 -0.329 -0.079 -0.054  0.142 -0.093 -0.008   0.4648019676
 174 -0.329 -0.079 -0.054  0.142 -0.098 -0.008   0.4647984752
 175 -0.329 -0.079 -0.054  0.142 -0.097 -0.008   0.4647978932
 183 -0.325 -0.078 -0.053  0.142 -0.097 -0.008   0.4647647489
 184 -0.295 -0.070 -0.052  0.140 -0.091 -0.007   0.4647173069
 186 -0.306 -0.073 -0.053  0.141 -0.093 -0.008   0.4646783954
 188 -0.305 -0.073 -0.053  0.141 -0.093 -0.008   0.4646781310
 190 -0.304 -0.072 -0.052  0.141 -0.092 -0.008   0.4646781076
 191 -0.304 -0.073 -0.052  0.141 -0.093 -0.008   0.4646778811
 192 -0.305 -0.073 -0.052  0.141 -0.093 -0.008   0.4646778508
 193 -0.281 -0.061 -0.090  0.262 -0.123 -0.008   0.4622876371
 196 -0.242 -0.043 -0.150  0.458 -0.172 -0.009   0.4621384560
 197 -0.260 -0.051 -0.122  0.366 -0.149 -0.009   0.4615364395
 199 -0.268 -0.055 -0.110  0.326 -0.139 -0.008   0.4608999377
 201 -0.267 -0.055 -0.111  0.331 -0.140 -0.008   0.4608621457
 203 -0.267 -0.054 -0.112  0.334 -0.141 -0.008   0.4608519657
 207 -0.267 -0.054 -0.112  0.334 -0.141 -0.008   0.4608514183
  powell nthiter 2: fret = 0.460851
 214 -0.267 -0.054 -0.112  0.334 -0.141 -0.188   0.4601031876
 219 -0.267 -0.054 -0.112  0.334 -0.141 -0.177   0.4599975782
 220 -0.267 -0.054 -0.112  0.334 -0.141 -0.175   0.4599884720
 221 -0.267 -0.054 -0.112  0.334 -0.141 -0.171   0.4599788694
 232 -0.267 -0.060 -0.112  0.334 -0.141 -0.171   0.4598729866
 235 -0.267 -0.092 -0.112  0.334 -0.141 -0.171   0.4595078632
 236 -0.267 -0.093 -0.112  0.334 -0.141 -0.171   0.4595029933
 238 -0.267 -0.097 -0.112  0.334 -0.141 -0.171   0.4594984750
 239 -0.267 -0.096 -0.112  0.334 -0.141 -0.171   0.4594981531
 250 -0.267 -0.096 -0.149  0.334 -0.141 -0.171   0.4591901443
 251 -0.267 -0.096 -0.147  0.334 -0.141 -0.171   0.4591613859
 252 -0.267 -0.096 -0.137  0.334 -0.141 -0.171   0.4590639862
 254 -0.267 -0.096 -0.135  0.334 -0.141 -0.171   0.4590612395
 255 -0.267 -0.096 -0.136  0.334 -0.141 -0.171   0.4590608929
 262 -0.270 -0.097 -0.136  0.335 -0.142 -0.171   0.4589431764
 263 -0.311 -0.107 -0.138  0.337 -0.150 -0.172   0.4588232989
 265 -0.293 -0.103 -0.137  0.336 -0.146 -0.172   0.4587012595
 267 -0.284 -0.100 -0.136  0.335 -0.144 -0.172   0.4587010327
 268 -0.289 -0.101 -0.137  0.336 -0.145 -0.172   0.4586894693
 269 -0.289 -0.102 -0.137  0.336 -0.145 -0.172   0.4586893674
 280 -0.289 -0.102 -0.137  0.336 -0.144 -0.172   0.4586890999
 283 -0.265 -0.090 -0.174  0.457 -0.175 -0.172   0.4571025659
 284 -0.227 -0.072 -0.234  0.653 -0.224 -0.173   0.4549253021
 289 -0.241 -0.079 -0.211  0.578 -0.205 -0.173   0.4538367814
 290 -0.255 -0.085 -0.189  0.507 -0.187 -0.172   0.4538015410
 291 -0.249 -0.082 -0.200  0.540 -0.195 -0.173   0.4531311355
 293 -0.249 -0.083 -0.199  0.537 -0.195 -0.173   0.4531184320
 295 -0.250 -0.083 -0.198  0.534 -0.194 -0.172   0.4531162283
 296 -0.250 -0.083 -0.198  0.534 -0.194 -0.172   0.4531161686
 297 -0.250 -0.083 -0.198  0.534 -0.194 -0.172   0.4531160694
 299 -0.250 -0.083 -0.198  0.534 -0.194 -0.172   0.4531159068
  powell nthiter 3: fret = 0.453116
 308 -0.250 -0.083 -0.198  0.534 -0.194 -0.201   0.4513532372
 309 -0.250 -0.083 -0.198  0.534 -0.194 -0.241   0.4509341030
 310 -0.250 -0.083 -0.198  0.534 -0.194 -0.228   0.4507556081
 311 -0.250 -0.083 -0.198  0.534 -0.194 -0.227   0.4507521247
 320 -0.250 -0.082 -0.198  0.534 -0.194 -0.227   0.4507496392
 321 -0.250 -0.078 -0.198  0.534 -0.194 -0.227   0.4507458341
 333 -0.250 -0.078 -0.167  0.534 -0.194 -0.227   0.4506692230
 336 -0.250 -0.078 -0.147  0.534 -0.194 -0.227   0.4506261604
 339 -0.250 -0.078 -0.150  0.534 -0.194 -0.227   0.4506225081
 349 -0.236 -0.074 -0.149  0.533 -0.191 -0.227   0.4504499467
 350 -0.226 -0.072 -0.149  0.533 -0.190 -0.227   0.4503943025
 351 -0.222 -0.070 -0.149  0.533 -0.189 -0.226   0.4503861076
 352 -0.221 -0.070 -0.149  0.533 -0.188 -0.226   0.4503845444
 356 -0.220 -0.070 -0.149  0.533 -0.188 -0.226   0.4503838154
 357 -0.219 -0.070 -0.149  0.532 -0.188 -0.226   0.4503837597
 359 -0.220 -0.070 -0.149  0.532 -0.188 -0.226   0.4503836973
 360 -0.220 -0.070 -0.149  0.533 -0.188 -0.226   0.4503830236
 372 -0.220 -0.070 -0.149  0.533 -0.181 -0.226   0.4503209896
 374 -0.220 -0.070 -0.149  0.533 -0.177 -0.226   0.4503105097
 383 -0.218 -0.069 -0.152  0.543 -0.180 -0.226   0.4501883380
 384 -0.217 -0.069 -0.152  0.545 -0.180 -0.226   0.4501843096
 385 -0.217 -0.069 -0.153  0.545 -0.180 -0.226   0.4501843084
  powell nthiter 4: fret = 0.450184
 398 -0.217 -0.069 -0.153  0.545 -0.180 -0.220   0.4500877374
 399 -0.217 -0.069 -0.153  0.545 -0.180 -0.215   0.4500653823
 400 -0.217 -0.069 -0.153  0.545 -0.180 -0.216   0.4500639287
 408 -0.217 -0.050 -0.153  0.545 -0.180 -0.216   0.4497174425
 410 -0.217 -0.046 -0.153  0.545 -0.180 -0.216   0.4496794681
 411 -0.217 -0.037 -0.153  0.545 -0.180 -0.216   0.4496794053
 413 -0.217 -0.042 -0.153  0.545 -0.180 -0.216   0.4496641631
 426 -0.217 -0.042 -0.151  0.545 -0.180 -0.216   0.4496617179
 436 -0.217 -0.041 -0.151  0.545 -0.180 -0.216   0.4496596144
 437 -0.215 -0.041 -0.151  0.545 -0.180 -0.216   0.4496594884
 439 -0.216 -0.041 -0.151  0.545 -0.180 -0.216   0.4496584443
 441 -0.216 -0.041 -0.151  0.545 -0.180 -0.216   0.4496582416
 453 -0.216 -0.041 -0.151  0.545 -0.179 -0.216   0.4496556410
 454 -0.216 -0.041 -0.151  0.545 -0.177 -0.216   0.4496510234
 457 -0.216 -0.041 -0.151  0.545 -0.176 -0.216   0.4496508238
 465 -0.213 -0.040 -0.155  0.559 -0.179 -0.216   0.4494513538
 467 -0.214 -0.040 -0.155  0.558 -0.179 -0.216   0.4494491567
 474 -0.210 -0.011 -0.158  0.571 -0.177 -0.206   0.4493232883
 480 -0.211 -0.022 -0.157  0.566 -0.178 -0.210   0.4492436710
 482 -0.211 -0.020 -0.157  0.567 -0.178 -0.209   0.4492383419
 488 -0.211 -0.020 -0.157  0.567 -0.178 -0.209   0.4492382997
  powell nthiter 5: fret = 0.449238
 500 -0.211 -0.020 -0.157  0.567 -0.178 -0.207   0.4492333960
 508 -0.210 -0.020 -0.159  0.573 -0.179 -0.207   0.4492261430
 509 -0.210 -0.020 -0.158  0.571 -0.179 -0.207   0.4492183146
 510 -0.210 -0.020 -0.158  0.571 -0.179 -0.207   0.4492180316
 511 -0.210 -0.020 -0.158  0.570 -0.179 -0.207   0.4492177385
 523 -0.210 -0.020 -0.171  0.570 -0.179 -0.207   0.4490717858
 548 -0.210 -0.020 -0.171  0.570 -0.176 -0.207   0.4490669956
 549 -0.210 -0.020 -0.171  0.570 -0.175 -0.207   0.4490669356
 558 -0.210 -0.019 -0.171  0.571 -0.175 -0.207   0.4490646305
 565 -0.210 -0.019 -0.171  0.571 -0.175 -0.207   0.4490642774
  powell nthiter 6: fret = 0.449064
 585 -0.209 -0.019 -0.173  0.575 -0.176 -0.207   0.4490450331
 586 -0.209 -0.019 -0.173  0.575 -0.176 -0.207   0.4490447494
 587 -0.209 -0.019 -0.173  0.575 -0.176 -0.207   0.4490444354
 591 -0.209 -0.019 -0.172  0.574 -0.176 -0.207   0.4490443554
 601 -0.209 -0.019 -0.177  0.574 -0.176 -0.207   0.4490341430
 603 -0.209 -0.019 -0.176  0.574 -0.176 -0.207   0.4490341365
 614 -0.210 -0.019 -0.176  0.574 -0.176 -0.207   0.4490338198
 615 -0.210 -0.019 -0.176  0.574 -0.176 -0.207   0.4490334939
 628 -0.210 -0.019 -0.176  0.574 -0.175 -0.207   0.4490332157
 639 -0.210 -0.019 -0.176  0.574 -0.175 -0.207   0.4490331951
Powell done niters = 6
Computing relative cost
 0  -25.0 -25.0 -25.0   1.044352
 1  -25.0 -25.0  25.0   1.071025
 2  -25.0  25.0 -25.0   1.048166
 3  -25.0  25.0  25.0   1.030891
 4   25.0 -25.0 -25.0   1.096004
 5   25.0 -25.0  25.0   1.071680
 6   25.0  25.0 -25.0   1.048529
 7   25.0  25.0  25.0   1.033134
REL:  8  0.449033    8.443782  1.055473 rel = 0.425433 
Number of iterations     6
Min cost was 0.449033
Number of FunctionCalls   641
TolPowell 0.000100
nMaxItersPowell 36
OptimizationTime 0.938491 sec
Parameters at optimum (transmm) -0.21009 -0.01872 -0.17554
Parameters at optimum (rotdeg)  0.57431 -0.17526 -0.20699 
Final costs ----------------
Number of surface hits 2534
WM  Intensity    44.3744 +/-   6.4261
Ctx Intensity    47.9251 +/-   9.9625
Pct Contrast      6.1300 +/-  24.6286
Cost   0.4490
RelCost   0.4624
Reg at min cost was 
 0.99995   0.00958   0.00287   0.99167;
-0.00294   0.00700   0.99997  -7.58289;
 0.00956  -0.99993   0.00703  -0.02123;
 0.00000   0.00000   0.00000   1.00000;

Writing optimal reg to /out/sourcedata/freesurfer/sub-v2s0x30147_ses-1/mri/transforms/tmp.bbregister.2980031/bbr.pass1.dat, type = 14 
Original Reg 
 0.99998   0.00649  -0.00072   1.22955;
 0.00074  -0.00299   1.00000  -7.55788;
 0.00649  -0.99997  -0.00299   0.22632;
 0.00000   0.00000   0.00000   1.00000;

Original Reg - Optimal Reg
 0.00003  -0.00308  -0.00359   0.23787;
 0.00368  -0.00999   0.00002   0.02500;
-0.00307  -0.00004  -0.01002   0.24755;
 0.00000   0.00000   0.00000   0.00000;

Computing change in lh position
LH rmsDiffMean 0.495518
Computing change in rh position
Surface-RMS-Diff-mm 0.551342 0.229352 1.153940
mri_segreg done
mri_segreg --mov /out/sourcedata/freesurfer/sub-v2s0x30147_ses-1/mri/transforms/tmp.bbregister.2980031/template.nii --init-reg /out/sourcedata/freesurfer/sub-v2s0x30147_ses-1/mri/transforms/tmp.bbregister.2980031/bbr.pass1.dat --out-reg /out/sourcedata/freesurfer/sub-v2s0x30147_ses-1/mri/transforms/FLAIRraw.auto.dat --interp trilinear --wm-proj-abs 1 --tol 1e-8 --tol1d 1e-3 --c0 0 --mincost /out/sourcedata/freesurfer/sub-v2s0x30147_ses-1/mri/transforms/FLAIRraw.auto.dat.mincost --dof 6 --nmax 36 --param /out/sourcedata/freesurfer/sub-v2s0x30147_ses-1/mri/transforms/FLAIRraw.auto.dat.param --surf white --brute -0.1 0.1 0.1 --cur-reg /out/sourcedata/freesurfer/sub-v2s0x30147_ses-1/mri/transforms/tmp.bbregister.2980031/reg.curopt.dat --gm-proj-abs 2 --nsub 1 --gm-gt-wm 0.5
7.3.2
setenv SUBJECTS_DIR /out/sourcedata/freesurfer
cd /out/sourcedata/freesurfer/sub-v2s0x30147_ses-1/scripts
mri_segreg --mov /out/sourcedata/freesurfer/sub-v2s0x30147_ses-1/mri/transforms/tmp.bbregister.2980031/template.nii --init-reg /out/sourcedata/freesurfer/sub-v2s0x30147_ses-1/mri/transforms/tmp.bbregister.2980031/bbr.pass1.dat --out-reg /out/sourcedata/freesurfer/sub-v2s0x30147_ses-1/mri/transforms/FLAIRraw.auto.dat --interp trilinear --wm-proj-abs 1 --tol 1e-8 --tol1d 1e-3 --c0 0 --mincost /out/sourcedata/freesurfer/sub-v2s0x30147_ses-1/mri/transforms/FLAIRraw.auto.dat.mincost --dof 6 --nmax 36 --param /out/sourcedata/freesurfer/sub-v2s0x30147_ses-1/mri/transforms/FLAIRraw.auto.dat.param --surf white --brute -0.1 0.1 0.1 --cur-reg /out/sourcedata/freesurfer/sub-v2s0x30147_ses-1/mri/transforms/tmp.bbregister.2980031/reg.curopt.dat --gm-proj-abs 2 --nsub 1 --gm-gt-wm 0.5 
sysname  Linux
hostname dna048
machine  x86_64
user     oesteban
movvol /out/sourcedata/freesurfer/sub-v2s0x30147_ses-1/mri/transforms/tmp.bbregister.2980031/template.nii
regfile /out/sourcedata/freesurfer/sub-v2s0x30147_ses-1/mri/transforms/tmp.bbregister.2980031/bbr.pass1.dat
subject sub-v2s0x30147_ses-1
dof 6
outregfile /out/sourcedata/freesurfer/sub-v2s0x30147_ses-1/mri/transforms/FLAIRraw.auto.dat
UseMask 0
UseLH 1
UseRH 1
nsubsamp 1
PenaltySign  -1
PenaltySlope 0.500000
PenaltyCenter 0.000000
surfname white
GMProjAbs 2.000000
WMProjAbs 1.000000
lhcostfile (null)
rhcostfile (null)
interp  trilinear (1)
frame  0
TolPowell 0.000000
nMaxItersPowell 36
n1dmin  3
Profile   0
Gdiag_no  -1
AddNoise  0 (0)
SynthSeed 1773818258
TransRandMax 0.000000
RotRandMax 0.000000
Translations 0.000000 0.000000 0.000000
Rotations   0.000000 0.000000 0.000000
Input reg
 0.99995   0.00958   0.00287   0.99167;
-0.00294   0.00700   0.99997  -7.58289;
 0.00956  -0.99993   0.00703  -0.02123;
 0.00000   0.00000   0.00000   1.00000;

Loading mov
ExcludeZeroVoxels 1
Reading in targ vol /out/sourcedata/freesurfer/sub-v2s0x30147_ses-1/mri/orig.mgz
Projecting LH Surfs
Loading lh.white surf
GM Proj: 0 0.500000 2.000000
WM Proj: 0 0.500000 1.000000
Projecting RH Surfs
Loading rh.white surf
Projecting RH Surfs
Using lh.cortex.label
Using rh.cortex.label
Computing relative cost
 0  -25.0 -25.0 -25.0   1.050965
 1  -25.0 -25.0  25.0   1.057604
 2  -25.0  25.0 -25.0   1.038908
 3  -25.0  25.0  25.0   1.032427
 4   25.0 -25.0 -25.0   1.047212
 5   25.0 -25.0  25.0   1.027296
 6   25.0  25.0 -25.0   1.044084
 7   25.0  25.0  25.0   1.037797
REL:  8  0.494976    8.336292  1.042037 rel = 0.475009 
Initial costs ----------------
Number of surface hits 253957
WM  Intensity    44.7539 +/-   6.3439
Ctx Intensity    47.6675 +/-   9.9131
Pct Contrast      4.7104 +/-  25.2111
Cost   0.4950
RelCost   0.4750

------------------------------------
Brute force preopt -0.1 0.1 0.1, n = 729
     0  -0.1000  -0.1000  -0.1000  -0.1000  -0.1000  -0.1000      0.5045   0.5045  0.0
     3  -0.1000  -0.1000  -0.1000  -0.1000   0.0000  -0.1000      0.4959   0.4959  0.0
     6  -0.1000  -0.1000  -0.1000  -0.1000   0.1000  -0.1000      0.4930   0.4930  0.0
    12  -0.1000  -0.1000  -0.1000   0.0000   0.0000  -0.1000      0.4912   0.4912  0.0
    15  -0.1000  -0.1000  -0.1000   0.0000   0.1000  -0.1000      0.4865   0.4865  0.0
    25  -0.1000  -0.1000  -0.1000   0.1000   0.1000   0.0000      0.4848   0.4848  0.0
    96  -0.1000   0.0000  -0.1000   0.0000   0.1000  -0.1000      0.4846   0.4846  0.0
   105  -0.1000   0.0000  -0.1000   0.1000   0.1000  -0.1000      0.4842   0.4842  0.0
   106  -0.1000   0.0000  -0.1000   0.1000   0.1000   0.0000      0.4827   0.4827  0.0
   134  -0.1000   0.0000   0.0000   0.1000   0.1000   0.1000      0.4826   0.4826  0.0
   183  -0.1000   0.1000  -0.1000   0.1000   0.0000  -0.1000      0.4809   0.4809  0.0
   186  -0.1000   0.1000  -0.1000   0.1000   0.1000  -0.1000      0.4798   0.4798  0.0
   699   0.1000   0.1000   0.0000   0.1000   0.1000  -0.1000      0.4776   0.4776  0.0
Brute Force --------------------------
Min cost was 0.477642
Number of iterations   729
Search time 1.264533 sec
Parameters at best (transmm, rotdeg)
  0.100   0.100   0.000  0.100  0.100 -0.100 
--------------------------------------------

Starting Powell Minimization
Init Powel Params dof = 6
0 0.1
1 0.1
2 0
3 0.1
4 0.1
5 -0.1
fs_powell::minimize
  nparams 6
  maxfev 36
  ftol   0.000000
  linmin_xtol_   0.001000
  powell nthiter 0: fret = 0.490942
   8  0.126  0.100  0.000  0.100  0.100 -0.100   0.4908461772
  11  0.136  0.100  0.000  0.100  0.100 -0.100   0.4908322298
  13  0.138  0.100  0.000  0.100  0.100 -0.100   0.4908316907
  22  0.138  0.198  0.000  0.100  0.100 -0.100   0.4898276814
  23  0.138  0.199  0.000  0.100  0.100 -0.100   0.4898237389
  24  0.138  0.216  0.000  0.100  0.100 -0.100   0.4898186679
  26  0.138  0.209  0.000  0.100  0.100 -0.100   0.4898112413
  27  0.138  0.208  0.000  0.100  0.100 -0.100   0.4898112194
  45  0.138  0.208  0.000  0.149  0.100 -0.100   0.4896640630
  47  0.138  0.208  0.000  0.134  0.100 -0.100   0.4896359299
  48  0.138  0.208  0.000  0.135  0.100 -0.100   0.4896352927
  56  0.138  0.208  0.000  0.135  0.273 -0.100   0.4875957626
  71  0.138  0.208  0.000  0.135  0.273 -0.035   0.4873285308
  73  0.138  0.208  0.000  0.135  0.273 -0.027   0.4873197858
  77  0.138  0.208  0.000  0.135  0.273 -0.021   0.4873162772
  powell nthiter 1: fret = 0.487316
  88  0.205  0.208  0.000  0.135  0.273 -0.021   0.4870699526
  90  0.212  0.208  0.000  0.135  0.273 -0.021   0.4870686261
  92  0.210  0.208  0.000  0.135  0.273 -0.021   0.4870684797
  93  0.209  0.208  0.000  0.135  0.273 -0.021   0.4870684104
 102  0.209  0.209  0.000  0.135  0.273 -0.021   0.4870677908
 112  0.209  0.209 -0.001  0.135  0.273 -0.021   0.4870675787
 123  0.209  0.209 -0.001  0.148  0.273 -0.021   0.4870506032
 128  0.209  0.209 -0.001  0.155  0.273 -0.021   0.4870467400
 129  0.209  0.209 -0.001  0.156  0.273 -0.021   0.4870461683
 131  0.209  0.209 -0.001  0.157  0.273 -0.021   0.4870460842
 139  0.209  0.209 -0.001  0.157  0.267 -0.021   0.4870390176
 140  0.209  0.209 -0.001  0.157  0.263 -0.021   0.4870381052
 142  0.209  0.209 -0.001  0.157  0.264 -0.021   0.4870377374
 150  0.209  0.209 -0.001  0.157  0.264  0.004   0.4870073933
 153  0.209  0.209 -0.001  0.157  0.264  0.008   0.4870063804
 154  0.209  0.209 -0.001  0.157  0.264  0.009   0.4870062619
 156  0.209  0.209 -0.001  0.157  0.264  0.010   0.4870060962
 163  0.237  0.210 -0.001  0.165  0.261  0.022   0.4870035381
 164  0.224  0.210 -0.001  0.161  0.263  0.017   0.4870010920
 165  0.225  0.210 -0.001  0.162  0.262  0.017   0.4870008637
 166  0.228  0.210 -0.001  0.162  0.262  0.018   0.4870008124
 168  0.227  0.210 -0.001  0.162  0.262  0.018   0.4870006563
  powell nthiter 2: fret = 0.487001
 180  0.227  0.210 -0.001  0.162  0.262  0.017   0.4870004415
 189  0.227  0.204 -0.001  0.162  0.262  0.017   0.4869952685
 190  0.227  0.201 -0.001  0.162  0.262  0.017   0.4869952418
 192  0.227  0.202 -0.001  0.162  0.262  0.017   0.4869949932
 201  0.227  0.202 -0.020  0.162  0.262  0.017   0.4869656939
 202  0.227  0.202 -0.019  0.162  0.262  0.017   0.4869653592
 203  0.227  0.202 -0.018  0.162  0.262  0.017   0.4869651681
 215  0.227  0.202 -0.017  0.161  0.262  0.017   0.4869650583
 226  0.227  0.202 -0.017  0.161  0.268  0.017   0.4869633242
 227  0.227  0.202 -0.017  0.161  0.269  0.017   0.4869630130
 235  0.254  0.202 -0.018  0.169  0.266  0.028   0.4869474149
 236  0.250  0.202 -0.018  0.168  0.266  0.027   0.4869462295
 237  0.248  0.202 -0.018  0.167  0.267  0.026   0.4869459841
 238  0.247  0.202 -0.018  0.167  0.267  0.025   0.4869457945
 242  0.247  0.202 -0.018  0.167  0.267  0.025   0.4869457689
 244  0.247  0.202 -0.018  0.167  0.267  0.025   0.4869457541
  powell nthiter 3: fret = 0.486946
 255  0.247  0.202 -0.018  0.167  0.267  0.029   0.4869456509
 257  0.247  0.202 -0.018  0.167  0.267  0.028   0.4869454074
 267  0.247  0.201 -0.018  0.167  0.267  0.028   0.4869452237
 276  0.247  0.201 -0.022  0.167  0.267  0.028   0.4869432555
 297  0.247  0.201 -0.022  0.167  0.273  0.028   0.4869335860
 299  0.247  0.201 -0.022  0.167  0.279  0.028   0.4869291519
 300  0.247  0.201 -0.022  0.167  0.280  0.028   0.4869288243
 309  0.252  0.201 -0.023  0.168  0.280  0.030   0.4869265169
 310  0.253  0.201 -0.023  0.169  0.280  0.030   0.4869261715
 313  0.254  0.201 -0.023  0.169  0.279  0.031   0.4869259409
  powell nthiter 4: fret = 0.486926
 327  0.254  0.201 -0.023  0.169  0.279  0.029   0.4869256850
 329  0.254  0.201 -0.023  0.169  0.279  0.028   0.4869256552
 339  0.254  0.200 -0.023  0.169  0.279  0.028   0.4869255115
 349  0.254  0.200 -0.026  0.169  0.279  0.028   0.4869232000
 352  0.254  0.200 -0.027  0.169  0.279  0.028   0.4869229570
 371  0.254  0.200 -0.027  0.169  0.281  0.028   0.4869229280
 380  0.255  0.200 -0.027  0.169  0.281  0.028   0.4869228929
 384  0.254  0.200 -0.027  0.169  0.281  0.028   0.4869228303
  powell nthiter 5: fret = 0.486923
 405  0.254  0.199 -0.027  0.169  0.281  0.028   0.4869227215
 415  0.254  0.199 -0.028  0.169  0.281  0.028   0.4869225084
  powell nthiter 6: fret = 0.486923
Powell done niters = 6
Computing relative cost
 0  -25.0 -25.0 -25.0   1.050087
 1  -25.0 -25.0  25.0   1.054825
 2  -25.0  25.0 -25.0   1.039755
 3  -25.0  25.0  25.0   1.030049
 4   25.0 -25.0 -25.0   1.047647
 5   25.0 -25.0  25.0   1.027232
 6   25.0  25.0 -25.0   1.044592
 7   25.0  25.0  25.0   1.037275
REL:  8  0.486923    8.331462  1.041433 rel = 0.467551 
Number of iterations     6
Min cost was 0.486923
Number of FunctionCalls   517
TolPowell 0.000000
nMaxItersPowell 36
OptimizationTime 21.225253 sec
Parameters at optimum (transmm)  0.25446  0.19946 -0.02785
Parameters at optimum (rotdeg)  0.16891  0.28094  0.02839 
Final costs ----------------
Number of surface hits 253957
WM  Intensity    44.6988 +/-   6.3107
Ctx Intensity    47.7327 +/-   9.8540
Pct Contrast      5.0094 +/-  24.7824
Cost   0.4869
RelCost   0.4750
Reg at min cost was 
 0.99999   0.00467   0.00243   1.24966;
-0.00247   0.00995   0.99995  -7.38284;
 0.00465  -0.99994   0.00996  -0.07629;
 0.00000   0.00000   0.00000   1.00000;

Writing optimal reg to /out/sourcedata/freesurfer/sub-v2s0x30147_ses-1/mri/transforms/FLAIRraw.auto.dat, type = 14 
Original Reg 
 0.99995   0.00958   0.00287   0.99167;
-0.00294   0.00700   0.99997  -7.58289;
 0.00956  -0.99993   0.00703  -0.02123;
 0.00000   0.00000   0.00000   1.00000;

Original Reg - Optimal Reg
-0.00004   0.00491   0.00045  -0.25799;
-0.00047  -0.00295   0.00002  -0.20005;
 0.00491   0.00001  -0.00293   0.05507;
 0.00000   0.00000   0.00000   0.00000;

Computing change in lh position
LH rmsDiffMean 0.473190
Computing change in rh position
Surface-RMS-Diff-mm 0.458604 0.112979 0.740721
mri_segreg done
MinCost: 0.486923 44.698830 47.732661 5.009405 
tkregister2_cmdl --mov /out/sourcedata/freesurfer/sub-v2s0x30147_ses-1/mri/orig/FLAIRraw.mgz --reg /out/sourcedata/freesurfer/sub-v2s0x30147_ses-1/mri/transforms/FLAIRraw.auto.dat --noedit --ltaout /out/sourcedata/freesurfer/sub-v2s0x30147_ses-1/mri/transforms/FLAIRraw.auto.lta
INFO: no target volume specified, assuming FreeSurfer orig volume.
target  volume orig
movable volume /out/sourcedata/freesurfer/sub-v2s0x30147_ses-1/mri/orig/FLAIRraw.mgz
reg file       /out/sourcedata/freesurfer/sub-v2s0x30147_ses-1/mri/transforms/FLAIRraw.auto.dat
LoadVol        0
ZeroCRAS       0
7.3.2
Diagnostic Level -1
---- Input registration matrix --------
 0.99999   0.00467   0.00243   1.24966;
-0.00247   0.00995   0.99995  -7.38284;
 0.00465  -0.99994   0.00996  -0.07629;
 0.00000   0.00000   0.00000   1.00000;
float2int = 0
---------------------------------------
INFO: loading target /out/sourcedata/freesurfer/sub-v2s0x30147_ses-1/mri/orig.mgz
Ttarg: --------------------
-1.00000   0.00000   0.00000   128.00000;
 0.00000   0.00000   1.00000  -128.00000;
 0.00000  -1.00000   0.00000   128.00000;
 0.00000   0.00000   0.00000   1.00000;
INFO: loading movable /out/sourcedata/freesurfer/sub-v2s0x30147_ses-1/mri/orig/FLAIRraw.mgz
Tmov: --------------------
-0.97656   0.00000   0.00000   91.30859;
 0.00000   0.00000   0.97656  -125.00000;
 0.00000  -0.97656   0.00000   125.00000;
 0.00000   0.00000   0.00000   1.00000;
mkheaderreg = 0, float2int = 0
---- Input registration matrix --------
 0.99999   0.00467   0.00243   1.24966;
-0.00247   0.00995   0.99995  -7.38284;
 0.00465  -0.99994   0.00996  -0.07629;
 0.00000   0.00000   0.00000   1.00000;
Determinant 1
subject = sub-v2s0x30147_ses-1
RegMat ---------------------------
 0.99999   0.00467   0.00243   1.24966;
-0.00247   0.00995   0.99995  -7.38284;
 0.00465  -0.99994   0.00996  -0.07629;
 0.00000   0.00000   0.00000   1.00000;
Cleaning up
 
Started at Tue Mar 10 15:29:44 CET 2026 
Ended   at Tue Mar 10 15:31:10 CET 2026
BBR-Run-Time-Sec 86
 
bbregister Done
To check results, run:
tkregisterfv --mov /out/sourcedata/freesurfer/sub-v2s0x30147_ses-1/mri/orig/FLAIRraw.mgz --reg /out/sourcedata/freesurfer/sub-v2s0x30147_ses-1/mri/transforms/FLAIRraw.auto.lta --surfs  --sd /out/sourcedata/freesurfer
