status file for recon-all
Tue Mar 10 14:34:16 CET 2026
#@# Tessellate lh Tue Mar 10 14:34:16 CET 2026
#@# Smooth1 lh Tue Mar 10 14:34:19 CET 2026
#@# Inflation1 lh Tue Mar 10 14:34:22 CET 2026
#@# QSphere lh Tue Mar 10 14:34:32 CET 2026
#@# Fix Topology lh Tue Mar 10 14:35:24 CET 2026
#@# Smooth2 lh Tue Mar 10 14:40:24 CET 2026
#@# Inflation2 lh Tue Mar 10 14:40:26 CET 2026
#@# Curv .H and .K lh Tue Mar 10 14:40:37 CET 2026
#@# Sphere lh Tue Mar 10 14:41:16 CET 2026
#@# Surf Reg lh Tue Mar 10 14:43:36 CET 2026
#@# Jacobian white lh Tue Mar 10 14:46:12 CET 2026
#@# AvgCurv lh Tue Mar 10 14:46:13 CET 2026
#@# Cortical Parc lh Tue Mar 10 14:46:14 CET 2026
#@# white curv lh Tue Mar 10 14:51:34 CET 2026
#@# white area lh Tue Mar 10 14:51:35 CET 2026
#@# pial curv lh Tue Mar 10 14:51:36 CET 2026
#@# pial area lh Tue Mar 10 14:51:37 CET 2026
#@# thickness lh Tue Mar 10 14:51:38 CET 2026
#@# area and vertex vol lh Tue Mar 10 14:52:02 CET 2026
#@# Curvature Stats lh Tue Mar 10 14:52:03 CET 2026
#@# Cortical Parc 2 lh Tue Mar 10 14:52:05 CET 2026
#@# Cortical Parc 3 lh Tue Mar 10 14:52:16 CET 2026
#@# WM/GM Contrast lh Tue Mar 10 14:52:25 CET 2026
recon-all -s sub-v2s0x29055_ses-1 finished without error at Tue Mar 10 14:52:28 CET 2026



#New# invocation of recon-all 



status file for recon-all
Tue Mar 10 15:36:16 CET 2026
#@# white curv lh Tue Mar 10 15:36:17 CET 2026
#@# white area lh Tue Mar 10 15:36:17 CET 2026
#@# pial curv lh Tue Mar 10 15:36:17 CET 2026
#@# pial area lh Tue Mar 10 15:36:17 CET 2026
#@# thickness lh Tue Mar 10 15:36:17 CET 2026
#@# area and vertex vol lh Tue Mar 10 15:36:17 CET 2026
#@# Parcellation Stats lh Tue Mar 10 15:36:17 CET 2026
#@# Parcellation Stats 2 lh Tue Mar 10 15:36:31 CET 2026
#@# Parcellation Stats 3 lh Tue Mar 10 15:36:39 CET 2026
#@# BA_exvivo Labels lh Tue Mar 10 15:36:47 CET 2026
recon-all -s sub-v2s0x29055_ses-1 finished without error at Tue Mar 10 15:39:15 CET 2026
