status file for recon-all
Tue Mar 10 11:57:47 CET 2026
#@# Tessellate rh Tue Mar 10 11:57:47 CET 2026
#@# Smooth1 rh Tue Mar 10 11:57:51 CET 2026
#@# Inflation1 rh Tue Mar 10 11:57:54 CET 2026
#@# QSphere rh Tue Mar 10 11:58:07 CET 2026
#@# Fix Topology rh Tue Mar 10 11:59:14 CET 2026
#@# Smooth2 rh Tue Mar 10 12:05:07 CET 2026
#@# Inflation2 rh Tue Mar 10 12:05:10 CET 2026
#@# Curv .H and .K rh Tue Mar 10 12:05:24 CET 2026
#@# Sphere rh Tue Mar 10 12:06:11 CET 2026
#@# Surf Reg rh Tue Mar 10 12:08:47 CET 2026
#@# Jacobian white rh Tue Mar 10 12:14:13 CET 2026
#@# AvgCurv rh Tue Mar 10 12:14:14 CET 2026
#@# Cortical Parc rh Tue Mar 10 12:14:15 CET 2026
#@# white curv rh Tue Mar 10 12:20:15 CET 2026
#@# white area rh Tue Mar 10 12:20:16 CET 2026
#@# pial curv rh Tue Mar 10 12:20:17 CET 2026
#@# pial area rh Tue Mar 10 12:20:19 CET 2026
#@# thickness rh Tue Mar 10 12:20:19 CET 2026
#@# area and vertex vol rh Tue Mar 10 12:20:48 CET 2026
#@# Curvature Stats rh Tue Mar 10 12:20:50 CET 2026
#@# Cortical Parc 2 rh Tue Mar 10 12:20:52 CET 2026
#@# Cortical Parc 3 rh Tue Mar 10 12:21:06 CET 2026
#@# WM/GM Contrast rh Tue Mar 10 12:21:16 CET 2026
recon-all -s sub-v2s0x29042_ses-1 finished without error at Tue Mar 10 12:21:19 CET 2026



#New# invocation of recon-all 



status file for recon-all
Tue Mar 10 12:54:33 CET 2026
#@# white curv rh Tue Mar 10 12:54:33 CET 2026
#@# white area rh Tue Mar 10 12:54:33 CET 2026
#@# pial curv rh Tue Mar 10 12:54:33 CET 2026
#@# pial area rh Tue Mar 10 12:54:34 CET 2026
#@# thickness rh Tue Mar 10 12:54:34 CET 2026
#@# area and vertex vol rh Tue Mar 10 12:54:34 CET 2026
#@# Parcellation Stats rh Tue Mar 10 12:54:34 CET 2026
#@# Parcellation Stats 2 rh Tue Mar 10 12:54:53 CET 2026
#@# Parcellation Stats 3 rh Tue Mar 10 12:55:03 CET 2026
#@# BA_exvivo Labels rh Tue Mar 10 12:55:12 CET 2026
recon-all -s sub-v2s0x29042_ses-1 finished without error at Tue Mar 10 12:57:53 CET 2026
