/out/sourcedata/freesurfer/sub-v2s0x29029_ses-1/mri
/opt/freesurfer/bin/talairach_avi
--i orig_nu.mgz --xfm transforms/talairach.auto.xfm
talairach_avi 7.3.2
Linux dna030 5.14.0-427.37.1.el9_4.x86_64 #1 SMP PREEMPT_DYNAMIC Fri Sep 13 12:41:50 EDT 2024 x86_64 x86_64 x86_64 GNU/Linux
Tue Mar 10 09:15:46 CET 2026
mri_convert orig_nu.mgz talsrcimg.img 
reading from orig_nu.mgz...
TR=0.00, TE=0.00, TI=0.00, flip angle=0.00
i_ras = (-1, 0, 0)
j_ras = (0, 0, -1)
k_ras = (0, 1, 0)
writing to talsrcimg.img...
Analyze Output Matrix
-1.00000   0.00000   0.00000   133.28174;
 0.00000   0.00000   1.00000  -91.18622;
 0.00000  -1.00000   0.00000   120.28159;
 0.00000   0.00000   0.00000   1.00000;
--------------------
INFO: set hdr.hist.orient to -1
mpr2mni305 talsrcimg
Tue Mar 10 09:15:47 CET 2026
/opt/freesurfer/bin/mpr2mni305 talsrcimg
mpr2mni305 7.3.2
target=711-2C_as_mni_average_305

---------------------------------------------------------------------
analyzeto4dfp talsrcimg -O0 -y
---------------------------------------------------------------------

freesurfer ifh2hdr.c
Tue Mar 10 09:15:47 2026
Writing: talsrcimg.4dfp.hdr
freesurfer analyzeto4dfp.c
Reading: talsrcimg.hdr
header size 348 bytes
hdr.dime.datatype	offset=70	value=2
hdr.dime.bitpix		offset=72	value=8
hdr.hist.orient		offset=252	value=-1
dimensionality     4
dimensions       256       256       256         1
Reading: talsrcimg.img
Writing: talsrcimg.4dfp.img
Writing: talsrcimg.4dfp.ifh
ifh2hdr talsrcimg -r0to255
ori=2

---------------------------------------------------------------------
gauss_4dfp talsrcimg 1.1
---------------------------------------------------------------------

freesurfer gauss_4dfp.c
Reading: talsrcimg.4dfp.img
Writing: talsrcimg_g11.4dfp.img
image dimensions 256 256 256 padded to 288 288 288
processing volume 1freesurfer ifh2hdr.c
Tue Mar 10 09:15:49 2026
Writing: talsrcimg_g11.4dfp.hdr

Writing: talsrcimg_g11.4dfp.ifh
including: talsrcimg.4dfp.img.rec in talsrcimg_g11.4dfp.img.rec

---------------------------------------------------------------------
imgreg_4dfp /opt/freesurfer/average/711-2C_as_mni_average_305 none talsrcimg_g11 none talsrcimg_to_711-2C_as_mni_average_305_t4 4355
---------------------------------------------------------------------

freesurfer imgreg_4dfp.c
/opt/freesurfer/average/711-2C_as_mni_average_305.4dfp.img
       256       256       256         1
  1.000000  1.000000  1.000000
orientation T byte_order littleendian
Reading image: /opt/freesurfer/average/711-2C_as_mni_average_305.4dfp.img
dimensions:      256       256       256
mmppix:       1.0000   -1.0000   -1.0000
center:     128.0000 -129.0000 -129.0000
talsrcimg_g11.4dfp.img
       256       256       256         1
  1.000000  1.000000  1.000000
orientation T byte_order littleendian
Reading image: talsrcimg_g11.4dfp.img
dimensions:      256       256       256
mmppix:       1.0000   -1.0000   -1.0000
center:     128.0000 -129.0000 -129.0000
t4_read: open error in t4_sub.f l:  41 t4_file(1:l)talsrcimg_to_711-2C_as_mni_average_305_t4 
t4_read: transform initialized to I4
rotation matrix determinant  1.000000
image alignment mode   4355 decimal     1103 hex
   -7.5000  -45.0000  -45.0000 9631.8750   10.9768
    0.0000  -45.0000  -45.0000 9952.8779   11.0258
    7.5000  -45.0000  -45.0000 9538.1416   11.0261
   -7.5000  -37.5000  -45.0000 9856.0762   10.9097
    0.0000  -37.5000  -45.000010206.4385   10.9542
    7.5000  -37.5000  -45.0000 9799.6270   10.9556
   -7.5000  -30.0000  -45.000010390.4814   10.7502
    0.0000  -30.0000  -45.000010772.4258   10.7925
    7.5000  -30.0000  -45.000010334.6855   10.7926
   -7.5000  -22.5000  -45.000010844.7490   10.6573
    0.0000  -22.5000  -45.000011262.2158   10.7021
    7.5000  -22.5000  -45.000010767.4824   10.6998
   -7.5000  -15.0000  -45.000011214.0830   10.6284
    0.0000  -15.0000  -45.000011654.7803   10.6767
    7.5000  -15.0000  -45.000011111.0088   10.6738
   -7.5000   -7.5000  -45.000011603.1660   10.6051
    0.0000   -7.5000  -45.000012034.1211   10.6539
    7.5000   -7.5000  -45.000011461.1738   10.6534
   -7.5000    0.0000  -45.000011961.2773   10.5969
    0.0000    0.0000  -45.000012404.5996   10.6437
    7.5000    0.0000  -45.000011804.9238   10.6456
   -7.5000    7.5000  -45.000011443.8867   10.7091
    0.0000    7.5000  -45.000011864.7402   10.7518
    7.5000    7.5000  -45.000011289.4580   10.7536
   -7.5000   15.0000  -45.000010816.5547   10.8897
    0.0000   15.0000  -45.000011217.2637   10.9311
    7.5000   15.0000  -45.000010666.9492   10.9314
   -7.5000   22.5000  -45.000010182.9160   11.1339
    0.0000   22.5000  -45.000010542.6406   11.1764
    7.5000   22.5000  -45.000010018.5449   11.1725
   -7.5000   30.0000  -45.0000 9567.0693   11.3161
    0.0000   30.0000  -45.0000 9897.8594   11.3595
    7.5000   30.0000  -45.0000 9385.9756   11.3534
   -7.5000   37.5000  -45.0000 9304.8184   11.7120
    0.0000   37.5000  -45.0000 9649.3975   11.7566
    7.5000   37.5000  -45.0000 9126.0615   11.7537
   -7.5000   45.0000  -45.0000 8696.1777   11.8374
    0.0000   45.0000  -45.0000 9037.5078   11.8779
    7.5000   45.0000  -45.0000 8526.1953   11.8735
   -7.5000  -45.0000  -37.500010063.3965   10.9418
    0.0000  -45.0000  -37.500010418.3779   10.9885
    7.5000  -45.0000  -37.5000 9978.0791   10.9863
   -7.5000  -37.5000  -37.500010292.7627   10.8743
    0.0000  -37.5000  -37.500010683.1523   10.9181
    7.5000  -37.5000  -37.500010238.4043   10.9179
   -7.5000  -30.0000  -37.500010874.9834   10.7225
    0.0000  -30.0000  -37.500011295.6836   10.7659
    7.5000  -30.0000  -37.500010810.9844   10.7655
   -7.5000  -22.5000  -37.500011397.0059   10.6367
    0.0000  -22.5000  -37.500011841.5566   10.6828
    7.5000  -22.5000  -37.500011312.7178   10.6805
   -7.5000  -15.0000  -37.500011840.5605   10.6078
    0.0000  -15.0000  -37.500012312.7246   10.6561
    7.5000  -15.0000  -37.500011722.7422   10.6527
   -7.5000   -7.5000  -37.500012282.6201   10.5777
    0.0000   -7.5000  -37.500012753.0879   10.6248
    7.5000   -7.5000  -37.500012128.5830   10.6225
   -7.5000    0.0000  -37.500012651.0928   10.5633
    0.0000    0.0000  -37.500013123.8242   10.6078
    7.5000    0.0000  -37.500012464.9297   10.6073
   -7.5000    7.5000  -37.500012072.7822   10.6747
    0.0000    7.5000  -37.500012534.5752   10.7167
    7.5000    7.5000  -37.500011920.6650   10.7169
   -7.5000   15.0000  -37.500011412.6895   10.8632
    0.0000   15.0000  -37.500011851.2158   10.9064
    7.5000   15.0000  -37.500011278.5469   10.9066
   -7.5000   22.5000  -37.500010767.6230   11.1122
    0.0000   22.5000  -37.500011156.1055   11.1565
    7.5000   22.5000  -37.500010598.0254   11.1529
   -7.5000   30.0000  -37.500010099.2227   11.2878
    0.0000   30.0000  -37.500010451.4492   11.3318
    7.5000   30.0000  -37.5000 9905.2090   11.3254
   -7.5000   37.5000  -37.5000 9798.8701   11.6762
    0.0000   37.5000  -37.500010164.2510   11.7196
    7.5000   37.5000  -37.5000 9602.1729   11.7144
   -7.5000   45.0000  -37.5000 9154.8105   11.8014
    0.0000   45.0000  -37.5000 9502.4980   11.8412
    7.5000   45.0000  -37.5000 8966.4473   11.8339
   -7.5000  -45.0000  -30.000010629.3389   11.3839
    0.0000  -45.0000  -30.000011012.0586   11.4314
    7.5000  -45.0000  -30.000010557.7881   11.4281
   -7.5000  -37.5000  -30.000010891.7334   11.3115
    0.0000  -37.5000  -30.000011318.5322   11.3561
    7.5000  -37.5000  -30.000010838.8379   11.3540
   -7.5000  -30.0000  -30.000011555.7793   11.1557
    0.0000  -30.0000  -30.000012021.2832   11.2004
    7.5000  -30.0000  -30.000011483.4971   11.1977
   -7.5000  -22.5000  -30.000012181.5449   11.0718
    0.0000  -22.5000  -30.000012676.1953   11.1193
    7.5000  -22.5000  -30.000012074.8955   11.1151
   -7.5000  -15.0000  -30.000012688.8145   11.0447
    0.0000  -15.0000  -30.000013197.5098   11.0940
    7.5000  -15.0000  -30.000012541.7480   11.0892
   -7.5000   -7.5000  -30.000013170.1895   11.0104
    0.0000   -7.5000  -30.000013675.8506   11.0581
    7.5000   -7.5000  -30.000012979.3037   11.0547
   -7.5000    0.0000  -30.000013556.6963   10.9899
    0.0000    0.0000  -30.000014060.2793   11.0350
    7.5000    0.0000  -30.000013346.8623   11.0332
   -7.5000    7.5000  -30.000012923.8369   11.1037
    0.0000    7.5000  -30.000013416.2588   11.1464
    7.5000    7.5000  -30.000012758.9580   11.1447
   -7.5000   15.0000  -30.000012242.5928   11.3017
    0.0000   15.0000  -30.000012691.2549   11.3464
    7.5000   15.0000  -30.000012077.1982   11.3441
   -7.5000   22.5000  -30.000011559.3887   11.5625
    0.0000   22.5000  -30.000011966.5059   11.6086
    7.5000   22.5000  -30.000011360.0918   11.6030
   -7.5000   30.0000  -30.000010845.0859   11.7514
    0.0000   30.0000  -30.000011211.0889   11.7964
    7.5000   30.0000  -30.000010613.3135   11.7884
   -7.5000   37.5000  -30.000010518.9453   12.1573
    0.0000   37.5000  -30.000010893.8652   12.2008
    7.5000   37.5000  -30.000010276.1201   12.1932
   -7.5000   45.0000  -30.0000 9806.8916   12.2870
    0.0000   45.0000  -30.000010174.1221   12.3282
    7.5000   45.0000  -30.0000 9583.4346   12.3194
   -7.5000  -45.0000  -22.500011219.3564   11.7580
    0.0000  -45.0000  -22.500011580.9385   11.8082
    7.5000  -45.0000  -22.500011135.3936   11.8066
   -7.5000  -37.5000  -22.500011519.9189   11.6829
    0.0000  -37.5000  -22.500011939.9639   11.7284
    7.5000  -37.5000  -22.500011452.5088   11.7264
   -7.5000  -30.0000  -22.500012235.4189   11.5166
    0.0000  -30.0000  -22.500012706.0078   11.5609
    7.5000  -30.0000  -22.500012156.3496   11.5563
   -7.5000  -22.5000  -22.500012898.3945   11.4271
    0.0000  -22.5000  -22.500013432.4287   11.4740
    7.5000  -22.5000  -22.500012803.4248   11.4678
   -7.5000  -15.0000  -22.500013450.0195   11.4014
    0.0000  -15.0000  -22.500014002.2920   11.4510
    7.5000  -15.0000  -22.500013314.6240   11.4453
   -7.5000   -7.5000  -22.500013980.5410   11.3710
    0.0000   -7.5000  -22.500014536.0107   11.4205
    7.5000   -7.5000  -22.500013795.1855   11.4179
   -7.5000    0.0000  -22.500014432.9092   11.3519
    0.0000    0.0000  -22.500014979.7354   11.3994
    7.5000    0.0000  -22.500014228.6533   11.3992
   -7.5000    7.5000  -22.500013775.2256   11.4682
    0.0000    7.5000  -22.500014301.9238   11.5121
    7.5000    7.5000  -22.500013608.5410   11.5103
   -7.5000   15.0000  -22.500013056.7549   11.6646
    0.0000   15.0000  -22.500013543.4082   11.7081
    7.5000   15.0000  -22.500012877.8408   11.7037
   -7.5000   22.5000  -22.500012300.0811   11.9282
    0.0000   22.5000  -22.500012735.4697   11.9733
    7.5000   22.5000  -22.500012080.9219   11.9654
   -7.5000   30.0000  -22.500011564.8027   12.1349
    0.0000   30.0000  -22.500011966.4697   12.1793
    7.5000   30.0000  -22.500011309.4023   12.1699
   -7.5000   37.5000  -22.500011243.7744   12.5620
    0.0000   37.5000  -22.500011640.4443   12.6060
    7.5000   37.5000  -22.500010964.2031   12.5984
   -7.5000   45.0000  -22.500010469.4785   12.6935
    0.0000   45.0000  -22.500010833.0254   12.7358
    7.5000   45.0000  -22.500010203.5898   12.7287
   -7.5000  -45.0000  -15.000011794.4092   12.0397
    0.0000  -45.0000  -15.000012173.7529   12.0931
    7.5000  -45.0000  -15.000011656.4287   12.0942
   -7.5000  -37.5000  -15.000012118.7461   11.9644
    0.0000  -37.5000  -15.000012546.6865   12.0112
    7.5000  -37.5000  -15.000012007.2988   12.0105
   -7.5000  -30.0000  -15.000012881.9385   11.7872
    0.0000  -30.0000  -15.000013355.6289   11.8309
    7.5000  -30.0000  -15.000012770.3027   11.8263
   -7.5000  -22.5000  -15.000013585.3838   11.6887
    0.0000  -22.5000  -15.000014136.5928   11.7347
    7.5000  -22.5000  -15.000013473.5967   11.7276
   -7.5000  -15.0000  -15.000014191.5801   11.6621
    0.0000  -15.0000  -15.000014763.1729   11.7121
    7.5000  -15.0000  -15.000014048.2197   11.7065
   -7.5000   -7.5000  -15.000014765.7520   11.6380
    0.0000   -7.5000  -15.000015347.2666   11.6898
    7.5000   -7.5000  -15.000014579.5127   11.6890
   -7.5000    0.0000  -15.000015292.3164   11.6249
    0.0000    0.0000  -15.000015856.4385   11.6755
    7.5000    0.0000  -15.000015063.7227   11.6779
   -7.5000    7.5000  -15.000014619.1348   11.7447
    0.0000    7.5000  -15.000015202.5049   11.7899
    7.5000    7.5000  -15.000014448.7607   11.7895
   -7.5000   15.0000  -15.000013843.8359   11.9362
    0.0000   15.0000  -15.000014380.3115   11.9785
    7.5000   15.0000  -15.000013683.1865   11.9735
   -7.5000   22.5000  -15.000013001.8213   12.1988
    0.0000   22.5000  -15.000013454.3926   12.2424
    7.5000   22.5000  -15.000012810.6953   12.2336
   -7.5000   30.0000  -15.000012253.7744   12.4184
    0.0000   30.0000  -15.000012669.8340   12.4623
    7.5000   30.0000  -15.000011997.7363   12.4526
   -7.5000   37.5000  -15.000011934.6113   12.8611
    0.0000   37.5000  -15.000012352.6377   12.9067
    7.5000   37.5000  -15.000011650.6123   12.9013
   -7.5000   45.0000  -15.000011084.8115   12.9994
    0.0000   45.0000  -15.000011477.1650   13.0428
    7.5000   45.0000  -15.000010825.3193   13.0384
   -7.5000  -45.0000   -7.500012342.6250   12.1980
    0.0000  -45.0000   -7.500012742.0107   12.2527
    7.5000  -45.0000   -7.500012218.4893   12.2543
   -7.5000  -37.5000   -7.500012744.6572   12.1228
    0.0000  -37.5000   -7.500013183.6768   12.1709
    7.5000  -37.5000   -7.500012607.2900   12.1719
   -7.5000  -30.0000   -7.500013564.6348   11.9413
    0.0000  -30.0000   -7.500014074.3330   11.9859
    7.5000  -30.0000   -7.500013419.4775   11.9834
   -7.5000  -22.5000   -7.500014293.3936   11.8372
    0.0000  -22.5000   -7.500014883.1963   11.8839
    7.5000  -22.5000   -7.500014160.3857   11.8786
   -7.5000  -15.0000   -7.500014958.1465   11.8082
    0.0000  -15.0000   -7.500015556.6973   11.8594
    7.5000  -15.0000   -7.500014795.4658   11.8548
   -7.5000   -7.5000   -7.500015603.4395   11.7864
    0.0000   -7.5000   -7.500016211.7734   11.8397
    7.5000   -7.5000   -7.500015360.9229   11.8396
   -7.5000    0.0000   -7.500016193.6348   11.7779
    0.0000    0.0000   -7.500016768.3984   11.8300
    7.5000    0.0000   -7.500015902.4258   11.8332
   -7.5000    7.5000   -7.500015547.0420   11.9005
    0.0000    7.5000   -7.500016170.1553   11.9469
    7.5000    7.5000   -7.500015322.7998   11.9482
   -7.5000   15.0000   -7.500014753.3135   12.0930
    0.0000   15.0000   -7.500015338.6729   12.1359
    7.5000   15.0000   -7.500014554.8770   12.1332
   -7.5000   22.5000   -7.500013814.5352   12.3557
    0.0000   22.5000   -7.500014282.7705   12.3997
    7.5000   22.5000   -7.500013604.7754   12.3926
   -7.5000   30.0000   -7.500012990.9990   12.5752
    0.0000   30.0000   -7.500013412.6074   12.6205
    7.5000   30.0000   -7.500012742.9365   12.6119
   -7.5000   37.5000   -7.500012639.0869   13.0212
    0.0000   37.5000   -7.500013062.1211   13.0689
    7.5000   37.5000   -7.500012369.2305   13.0653
   -7.5000   45.0000   -7.500011744.0322   13.1726
    0.0000   45.0000   -7.500012172.4893   13.2168
    7.5000   45.0000   -7.500011487.1182   13.2132
   -7.5000  -45.0000    0.000012809.7549   12.2384
    0.0000  -45.0000    0.000013235.3828   12.2925
    7.5000  -45.0000    0.000012713.4385   12.2925
   -7.5000  -37.5000    0.000013281.6504   12.1639
    0.0000  -37.5000    0.000013725.3359   12.2130
    7.5000  -37.5000    0.000013152.6064   12.2144
   -7.5000  -30.0000    0.000014157.3965   11.9865
    0.0000  -30.0000    0.000014661.6172   12.0333
    7.5000  -30.0000    0.000014011.3301   12.0332
   -7.5000  -22.5000    0.000014896.7842   11.8833
    0.0000  -22.5000    0.000015465.7373   11.9327
    7.5000  -22.5000    0.000014748.2236   11.9299
   -7.5000  -15.0000    0.000015564.7432   11.8512
    0.0000  -15.0000    0.000016164.8604   11.9044
    7.5000  -15.0000    0.000015394.0264   11.9009
   -7.5000   -7.5000    0.000016216.7549   11.8254
    0.0000   -7.5000    0.000016842.5859   11.8791
    7.5000   -7.5000    0.000015989.0674   11.8784
   -7.5000    0.0000    0.000016852.4980   11.8163
    0.0000    0.0000    0.000017454.9004   11.8679
    7.5000    0.0000    0.000016588.8066   11.8699
   -7.5000    7.5000    0.000016323.5898   11.9410
    0.0000    7.5000    0.000016971.2793   11.9881
    7.5000    7.5000    0.000016026.1953   11.9900
   -7.5000   15.0000    0.000015649.1689   12.1416
    0.0000   15.0000    0.000016301.1367   12.1873
    7.5000   15.0000    0.000015336.8555   12.1874
   -7.5000   22.5000    0.000014703.0518   12.4087
    0.0000   22.5000    0.000015201.0625   12.4555
    7.5000   22.5000    0.000014384.0391   12.4510
   -7.5000   30.0000    0.000013777.1875   12.6193
    0.0000   30.0000    0.000014218.8672   12.6671
    7.5000   30.0000    0.000013453.5488   12.6600
   -7.5000   37.5000    0.000013387.7012   13.0592
    0.0000   37.5000    0.000013848.9375   13.1082
    7.5000   37.5000    0.000013034.9609   13.1047
   -7.5000   45.0000    0.000012433.7168   13.2231
    0.0000   45.0000    0.000012914.8037   13.2677
    7.5000   45.0000    0.000012074.3125   13.2625
   -7.5000  -45.0000    7.500012276.8965   12.2393
    0.0000  -45.0000    7.500012663.1162   12.2916
    7.5000  -45.0000    7.500012235.2246   12.2892
   -7.5000  -37.5000    7.500012739.5771   12.1639
    0.0000  -37.5000    7.500013161.3486   12.2129
    7.5000  -37.5000    7.500012697.8604   12.2127
   -7.5000  -30.0000    7.500013607.9287   11.9941
    0.0000  -30.0000    7.500014057.4756   12.0426
    7.5000  -30.0000    7.500013535.3984   12.0422
   -7.5000  -22.5000    7.500014342.7920   11.8981
    0.0000  -22.5000    7.500014818.5947   11.9497
    7.5000  -22.5000    7.500014285.2285   11.9472
   -7.5000  -15.0000    7.500015024.9170   11.8658
    0.0000  -15.0000    7.500015541.6543   11.9198
    7.5000  -15.0000    7.500014969.4062   11.9161
   -7.5000   -7.5000    7.500015657.5693   11.8322
    0.0000   -7.5000    7.500016182.7373   11.8849
    7.5000   -7.5000    7.500015558.4531   11.8823
   -7.5000    0.0000    7.500016286.2295   11.8161
    0.0000    0.0000    7.500016824.9688   11.8659
    7.5000    0.0000    7.500016128.8916   11.8654
   -7.5000    7.5000    7.500015863.0488   11.9407
    0.0000    7.5000    7.500016545.2793   11.9877
    7.5000    7.5000    7.500015542.3877   11.9879
   -7.5000   15.0000    7.500015385.2949   12.1515
    0.0000   15.0000    7.500016131.4043   12.1998
    7.5000   15.0000    7.500014864.2822   12.1999
   -7.5000   22.5000    7.500014582.2451   12.4258
    0.0000   22.5000    7.500015213.9463   12.4753
    7.5000   22.5000    7.500014027.3486   12.4713
   -7.5000   30.0000    7.500013675.9707   12.6310
    0.0000   30.0000    7.500014204.0664   12.6803
    7.5000   30.0000    7.500013106.1260   12.6731
   -7.5000   37.5000    7.500013248.2646   13.0655
    0.0000   37.5000    7.500013749.1025   13.1140
    7.5000   37.5000    7.500012661.1182   13.1082
   -7.5000   45.0000    7.500012187.2627   13.2313
    0.0000   45.0000    7.500012660.5488   13.2760
    7.5000   45.0000    7.500011708.4482   13.2678
   -7.5000  -45.0000   15.000011658.2354   12.2245
    0.0000  -45.0000   15.000011989.2617   12.2754
    7.5000  -45.0000   15.000011720.8066   12.2719
   -7.5000  -37.5000   15.000012095.2402   12.1467
    0.0000  -37.5000   15.000012451.2480   12.1946
    7.5000  -37.5000   15.000012158.8232   12.1923
   -7.5000  -30.0000   15.000012928.8545   11.9794
    0.0000  -30.0000   15.000013324.2158   12.0273
    7.5000  -30.0000   15.000012980.9268   12.0245
   -7.5000  -22.5000   15.000013687.2803   11.8892
    0.0000  -22.5000   15.000014122.1152   11.9403
    7.5000  -22.5000   15.000013691.4873   11.9358
   -7.5000  -15.0000   15.000014410.1406   11.8602
    0.0000  -15.0000   15.000014909.8057   11.9131
    7.5000  -15.0000   15.000014321.9062   11.9079
   -7.5000   -7.5000   15.000015076.1523   11.8234
    0.0000   -7.5000   15.000015607.0498   11.8746
    7.5000   -7.5000   15.000014863.1846   11.8709
   -7.5000    0.0000   15.000015696.9902   11.8013
    0.0000    0.0000   15.000016270.6768   11.8498
    7.5000    0.0000   15.000015371.3857   11.8479
   -7.5000    7.5000   15.000015223.6514   11.9235
    0.0000    7.5000   15.000015889.5439   11.9694
    7.5000    7.5000   15.000014789.3262   11.9676
   -7.5000   15.0000   15.000014558.1846   12.1362
    0.0000   15.0000   15.000015195.3428   12.1842
    7.5000   15.0000   15.000014069.6689   12.1817
   -7.5000   22.5000   15.000013720.0059   12.4135
    0.0000   22.5000   15.000014235.8574   12.4629
    7.5000   22.5000   15.000013243.6582   12.4570
   -7.5000   30.0000   15.000012888.8379   12.6228
    0.0000   30.0000   15.000013347.4697   12.6711
    7.5000   30.0000   15.000012429.4512   12.6625
   -7.5000   37.5000   15.000012508.9004   13.0588
    0.0000   37.5000   15.000012952.0625   13.1055
    7.5000   37.5000   15.000012028.1689   13.0973
   -7.5000   45.0000   15.000011512.9814   13.2156
    0.0000   45.0000   15.000011939.4551   13.2599
    7.5000   45.0000   15.000011121.6299   13.2505
   -7.5000  -45.0000   22.500010954.0996   12.2062
    0.0000  -45.0000   22.500011281.5410   12.2583
    7.5000  -45.0000   22.500010999.2383   12.2567
   -7.5000  -37.5000   22.500011372.2793   12.1282
    0.0000  -37.5000   22.500011737.5518   12.1755
    7.5000  -37.5000   22.500011390.8711   12.1733
   -7.5000  -30.0000   22.500012177.6875   11.9556
    0.0000  -30.0000   22.500012610.1543   12.0015
    7.5000  -30.0000   22.500012141.2959   11.9968
   -7.5000  -22.5000   22.500012928.0059   11.8627
    0.0000  -22.5000   22.500013412.2402   11.9114
    7.5000  -22.5000   22.500012818.2432   11.9049
   -7.5000  -15.0000   22.500013618.8125   11.8359
    0.0000  -15.0000   22.500014119.8789   11.8875
    7.5000  -15.0000   22.500013412.5293   11.8815
   -7.5000   -7.5000   22.500014215.7217   11.8044
    0.0000   -7.5000   22.500014701.7031   11.8557
    7.5000   -7.5000   22.500013936.6807   11.8531
   -7.5000    0.0000   22.500014732.9307   11.7845
    0.0000    0.0000   22.500015218.2861   11.8339
    7.5000    0.0000   22.500014408.2490   11.8337
   -7.5000    7.5000   22.500014126.8652   11.9053
    0.0000    7.5000   22.500014644.3184   11.9508
    7.5000    7.5000   22.500013831.9805   11.9490
   -7.5000   15.0000   22.500013368.8447   12.1092
    0.0000   15.0000   22.500013799.6436   12.1544
    7.5000   15.0000   22.500013127.8672   12.1498
   -7.5000   22.5000   22.500012548.9238   12.3809
    0.0000   22.5000   22.500012887.0586   12.4278
    7.5000   22.5000   22.500012332.4912   12.4196
   -7.5000   30.0000   22.500011793.4512   12.5992
    0.0000   30.0000   22.500012097.4570   12.6453
    7.5000   30.0000   22.500011580.4795   12.6355
   -7.5000   37.5000   22.500011483.5859   13.0427
    0.0000   37.5000   22.500011787.5078   13.0884
    7.5000   37.5000   22.500011225.5986   13.0805
   -7.5000   45.0000   22.500010667.0352   13.1888
    0.0000   45.0000   22.500010978.6602   13.2328
    7.5000   45.0000   22.500010403.3838   13.2254
   -7.5000  -45.0000   30.000010116.5293   12.2714
    0.0000  -45.0000   30.000010453.1055   12.3260
    7.5000  -45.0000   30.000010082.6133   12.3270
   -7.5000  -37.5000   30.000010494.2676   12.1938
    0.0000  -37.5000   30.000010853.8203   12.2417
    7.5000  -37.5000   30.000010449.0371   12.2409
   -7.5000  -30.0000   30.000011222.0371   12.0120
    0.0000  -30.0000   30.000011628.6768   12.0566
    7.5000  -30.0000   30.000011157.3340   12.0518
   -7.5000  -22.5000   30.000011873.0791   11.9111
    0.0000  -22.5000   30.000012307.7822   11.9580
    7.5000  -22.5000   30.000011789.6650   11.9507
   -7.5000  -15.0000   30.000012480.5449   11.8842
    0.0000  -15.0000   30.000012904.9346   11.9353
    7.5000  -15.0000   30.000012355.0078   11.9294
   -7.5000   -7.5000   30.000013024.1621   11.8598
    0.0000   -7.5000   30.000013439.1562   11.9128
    7.5000   -7.5000   30.000012871.1641   11.9119
   -7.5000    0.0000   30.000013490.7949   11.8464
    0.0000    0.0000   30.000013925.9932   11.8981
    7.5000    0.0000   30.000013306.4541   11.9005
   -7.5000    7.5000   30.000012931.7949   11.9687
    0.0000    7.5000   30.000013357.7529   12.0149
    7.5000    7.5000   30.000012740.8418   12.0145
   -7.5000   15.0000   30.000012204.7207   12.1646
    0.0000   15.0000   30.000012571.2354   12.2078
    7.5000   15.0000   30.000012047.8408   12.2027
   -7.5000   22.5000   30.000011485.4150   12.4324
    0.0000   22.5000   30.000011789.5762   12.4770
    7.5000   22.5000   30.000011326.0117   12.4678
   -7.5000   30.0000   30.000010775.0508   12.6601
    0.0000   30.0000   30.000011052.0928   12.7050
    7.5000   30.0000   30.000010626.7227   12.6949
   -7.5000   37.5000   30.000010495.1436   13.1145
    0.0000   37.5000   30.000010758.4883   13.1611
    7.5000   37.5000   30.000010310.7090   13.1555
   -7.5000   45.0000   30.0000 9768.5000   13.2606
    0.0000   45.0000   30.000010040.1582   13.3050
    7.5000   45.0000   30.0000 9593.0215   13.3004
   -7.5000  -45.0000   37.5000 9639.7119   12.4671
    0.0000  -45.0000   37.5000 9920.5303   12.5243
    7.5000  -45.0000   37.5000 9579.6328   12.5266
   -7.5000  -37.5000   37.5000 9979.7666   12.3909
    0.0000  -37.5000   37.500010270.5674   12.4411
    7.5000  -37.5000   37.5000 9920.7188   12.4427
   -7.5000  -30.0000   37.500010645.6748   12.2044
    0.0000  -30.0000   37.500010985.7451   12.2509
    7.5000  -30.0000   37.500010591.8262   12.2489
   -7.5000  -22.5000   37.500011245.7871   12.0965
    0.0000  -22.5000   37.500011609.4600   12.1454
    7.5000  -22.5000   37.500011194.6055   12.1404
   -7.5000  -15.0000   37.500011826.0566   12.0644
    0.0000  -15.0000   37.500012211.1309   12.1180
    7.5000  -15.0000   37.500011749.5596   12.1137
   -7.5000   -7.5000   37.500012376.1416   12.0390
    0.0000   -7.5000   37.500012789.9570   12.0948
    7.5000   -7.5000   37.500012257.8037   12.0953
   -7.5000    0.0000   37.500012829.1914   12.0295
    0.0000    0.0000   37.500013255.6865   12.0839
    7.5000    0.0000   37.500012681.0420   12.0878
   -7.5000    7.5000   37.500012284.4834   12.1592
    0.0000    7.5000   37.500012683.8281   12.2076
    7.5000    7.5000   37.500012129.2646   12.2095
   -7.5000   15.0000   37.500011609.4229   12.3625
    0.0000   15.0000   37.500011974.6992   12.4074
    7.5000   15.0000   37.500011472.5830   12.4052
   -7.5000   22.5000   37.500010921.0586   12.6375
    0.0000   22.5000   37.500011242.3330   12.6836
    7.5000   22.5000   37.500010784.9502   12.6768
   -7.5000   30.0000   37.500010224.1025   12.8681
    0.0000   30.0000   37.500010519.9209   12.9157
    7.5000   30.0000   37.500010092.9316   12.9074
   -7.5000   37.5000   37.5000 9933.9814   13.3142
    0.0000   37.5000   37.500010218.3613   13.3643
    7.5000   37.5000   37.5000 9804.1943   13.3613
   -7.5000   45.0000   37.5000 9286.9473   13.4598
    0.0000   45.0000   37.5000 9573.9883   13.5061
    7.5000   45.0000   37.5000 9153.6348   13.5030
   -7.5000  -45.0000   45.0000 8887.7793   12.8447
    0.0000  -45.0000   45.0000 9151.6338   12.9037
    7.5000  -45.0000   45.0000 8810.3525   12.9043
   -7.5000  -37.5000   45.0000 9200.1045   12.7647
    0.0000  -37.5000   45.0000 9486.4092   12.8180
    7.5000  -37.5000   45.0000 9132.5850   12.8198
   -7.5000  -30.0000   45.0000 9810.1758   12.5714
    0.0000  -30.0000   45.000010132.6172   12.6223
    7.5000  -30.0000   45.0000 9747.1523   12.6222
   -7.5000  -22.5000   45.000010378.4287   12.4580
    0.0000  -22.5000   45.000010713.7080   12.5119
    7.5000  -22.5000   45.000010307.7578   12.5087
   -7.5000  -15.0000   45.000010913.3652   12.4203
    0.0000  -15.0000   45.000011276.1729   12.4785
    7.5000  -15.0000   45.000010823.0879   12.4749
   -7.5000   -7.5000   45.000011403.3281   12.3887
    0.0000   -7.5000   45.000011812.8027   12.4474
    7.5000   -7.5000   45.000011295.7988   12.4470
   -7.5000    0.0000   45.000011800.4990   12.3776
    0.0000    0.0000   45.000012231.6162   12.4337
    7.5000    0.0000   45.000011680.8652   12.4364
   -7.5000    7.5000   45.000011301.6455   12.5178
    0.0000    7.5000   45.000011690.4658   12.5689
    7.5000    7.5000   45.000011162.0615   12.5712
   -7.5000   15.0000   45.000010714.1768   12.7432
    0.0000   15.0000   45.000011064.0430   12.7929
    7.5000   15.0000   45.000010575.4180   12.7931
   -7.5000   22.5000   45.000010081.4141   13.0402
    0.0000   22.5000   45.000010410.7324   13.0914
    7.5000   22.5000   45.0000 9958.0732   13.0863
   -7.5000   30.0000   45.0000 9402.6055   13.2430
    0.0000   30.0000   45.0000 9714.3809   13.2958
    7.5000   30.0000   45.0000 9292.7861   13.2882
   -7.5000   37.5000   45.0000 9105.0410   13.6617
    0.0000   37.5000   45.0000 9402.4629   13.7156
    7.5000   37.5000   45.0000 8999.5615   13.7125
   -7.5000   45.0000   45.0000 8538.8379   13.8106
    0.0000   45.0000   45.0000 8827.7998   13.8590
    7.5000   45.0000   45.0000 8422.8359   13.8542

---------------------------------------------------------------------
imgreg_4dfp /opt/freesurfer/average/711-2C_as_mni_average_305 /opt/freesurfer/average/711-2B_as_mni_average_305_mask talsrcimg_g11 none talsrcimg_to_711-2C_as_mni_average_305_t4 4355
---------------------------------------------------------------------

freesurfer imgreg_4dfp.c
/opt/freesurfer/average/711-2C_as_mni_average_305.4dfp.img
       256       256       256         1
  1.000000  1.000000  1.000000
orientation T byte_order littleendian
Reading image: /opt/freesurfer/average/711-2C_as_mni_average_305.4dfp.img
dimensions:      256       256       256
mmppix:       1.0000   -1.0000   -1.0000
center:     128.0000 -129.0000 -129.0000
/opt/freesurfer/average/711-2B_as_mni_average_305_mask.4dfp.img
       256       256       256         1
  1.000000  1.000000  1.000000
orientation T byte_order littleendian
Reading mask: /opt/freesurfer/average/711-2B_as_mni_average_305_mask.4dfp.img (2306576 pixels)
talsrcimg_g11.4dfp.img
       256       256       256         1
  1.000000  1.000000  1.000000
orientation T byte_order littleendian
Reading image: talsrcimg_g11.4dfp.img
dimensions:      256       256       256
mmppix:       1.0000   -1.0000   -1.0000
center:     128.0000 -129.0000 -129.0000
rotation matrix determinant  1.000000
image alignment mode   4355 decimal     1103 hex
   -7.5000  -45.0000  -45.0000 2295.6423   14.5381
    0.0000  -45.0000  -45.0000 2305.9602   14.5545
    7.5000  -45.0000  -45.0000 2280.4653   14.8378
   -7.5000  -37.5000  -45.0000 2301.3838   14.4083
    0.0000  -37.5000  -45.0000 2307.7825   14.4401
    7.5000  -37.5000  -45.0000 2286.5298   14.7232
   -7.5000  -30.0000  -45.0000 2304.8987   14.3326
    0.0000  -30.0000  -45.0000 2307.2578   14.3781
    7.5000  -30.0000  -45.0000 2294.0559   14.6297
   -7.5000  -22.5000  -45.0000 2314.2275   14.3564
    0.0000  -22.5000  -45.0000 2318.1504   14.3959
    7.5000  -22.5000  -45.0000 2305.7744   14.6342
   -7.5000  -15.0000  -45.0000 2331.5073   14.3742
    0.0000  -15.0000  -45.0000 2339.0884   14.4384
    7.5000  -15.0000  -45.0000 2319.0581   14.6505
   -7.5000   -7.5000  -45.0000 2357.8567   14.3780
    0.0000   -7.5000  -45.0000 2362.5059   14.4354
    7.5000   -7.5000  -45.0000 2341.6802   14.6445
   -7.5000    0.0000  -45.0000 2373.7561   14.4117
    0.0000    0.0000  -45.0000 2378.8003   14.4613
    7.5000    0.0000  -45.0000 2356.6924   14.6627
   -7.5000    7.5000  -45.0000 2382.7017   14.4829
    0.0000    7.5000  -45.0000 2388.0227   14.5219
    7.5000    7.5000  -45.0000 2363.3613   14.7050
   -7.5000   15.0000  -45.0000 2374.8494   14.5972
    0.0000   15.0000  -45.0000 2382.8911   14.6223
    7.5000   15.0000  -45.0000 2359.7349   14.8217
   -7.5000   22.5000  -45.0000 2363.7493   14.8918
    0.0000   22.5000  -45.0000 2372.4631   14.8696
    7.5000   22.5000  -45.0000 2350.4290   15.0823
   -7.5000   30.0000  -45.0000 2345.9692   15.2528
    0.0000   30.0000  -45.0000 2356.3452   15.2482
    7.5000   30.0000  -45.0000 2332.3350   15.4444
   -7.5000   37.5000  -45.0000 2324.4988   15.8153
    0.0000   37.5000  -45.0000 2336.9819   15.8247
    7.5000   37.5000  -45.0000 2308.8582   16.0129
   -7.5000   45.0000  -45.0000 2280.7061   16.6903
    0.0000   45.0000  -45.0000 2291.5620   16.7084
    7.5000   45.0000  -45.0000 2265.2600   16.9011
   -7.5000  -45.0000  -37.5000 2400.0845   13.4877
    0.0000  -45.0000  -37.5000 2408.3088   13.4786
    7.5000  -45.0000  -37.5000 2382.2307   13.7014
   -7.5000  -37.5000  -37.5000 2398.8782   13.3232
    0.0000  -37.5000  -37.5000 2403.0850   13.3617
    7.5000  -37.5000  -37.5000 2381.8633   13.5621
   -7.5000  -30.0000  -37.5000 2398.3086   13.2651
    0.0000  -30.0000  -37.5000 2400.8865   13.3253
    7.5000  -30.0000  -37.5000 2385.0713   13.5237
   -7.5000  -22.5000  -37.5000 2411.9297   13.3126
    0.0000  -22.5000  -37.5000 2415.9434   13.3573
    7.5000  -22.5000  -37.5000 2396.3379   13.5543
   -7.5000  -15.0000  -37.5000 2432.7937   13.3479
    0.0000  -15.0000  -37.5000 2441.7065   13.3813
    7.5000  -15.0000  -37.5000 2416.2966   13.5883
   -7.5000   -7.5000  -37.5000 2459.8982   13.3247
    0.0000   -7.5000  -37.5000 2469.8755   13.3363
    7.5000   -7.5000  -37.5000 2441.6975   13.5565
   -7.5000    0.0000  -37.5000 2476.3774   13.2996
    0.0000    0.0000  -37.5000 2485.8967   13.2980
    7.5000    0.0000  -37.5000 2456.0371   13.4878
   -7.5000    7.5000  -37.5000 2484.1909   13.3587
    0.0000    7.5000  -37.5000 2493.1028   13.3597
    7.5000    7.5000  -37.5000 2464.8225   13.5406
   -7.5000   15.0000  -37.5000 2479.2598   13.4984
    0.0000   15.0000  -37.5000 2487.3672   13.5166
    7.5000   15.0000  -37.5000 2462.3540   13.7025
   -7.5000   22.5000  -37.5000 2477.7427   13.7888
    0.0000   22.5000  -37.5000 2484.9014   13.7486
    7.5000   22.5000  -37.5000 2458.3940   13.9528
   -7.5000   30.0000  -37.5000 2457.8364   14.1706
    0.0000   30.0000  -37.5000 2464.4219   14.1357
    7.5000   30.0000  -37.5000 2438.3894   14.3237
   -7.5000   37.5000  -37.5000 2426.2834   14.6848
    0.0000   37.5000  -37.5000 2440.7356   14.6540
    7.5000   37.5000  -37.5000 2407.8589   14.8496
   -7.5000   45.0000  -37.5000 2378.4963   15.4313
    0.0000   45.0000  -37.5000 2393.0725   15.4409
    7.5000   45.0000  -37.5000 2362.7246   15.6112
   -7.5000  -45.0000  -30.0000 2532.6008   13.0034
    0.0000  -45.0000  -30.0000 2538.0486   13.0178
    7.5000  -45.0000  -30.0000 2506.1880   13.2331
   -7.5000  -37.5000  -30.0000 2524.4617   12.8371
    0.0000  -37.5000  -30.0000 2527.6130   12.8862
    7.5000  -37.5000  -30.0000 2502.0542   13.1155
   -7.5000  -30.0000  -30.0000 2529.3892   12.7963
    0.0000  -30.0000  -30.0000 2532.6440   12.8502
    7.5000  -30.0000  -30.0000 2506.9978   13.0657
   -7.5000  -22.5000  -30.0000 2551.4937   12.8373
    0.0000  -22.5000  -30.0000 2554.2214   12.8728
    7.5000  -22.5000  -30.0000 2525.9805   13.0917
   -7.5000  -15.0000  -30.0000 2574.3682   12.8621
    0.0000  -15.0000  -30.0000 2577.0403   12.8757
    7.5000  -15.0000  -30.0000 2546.8379   13.0913
   -7.5000   -7.5000  -30.0000 2597.1042   12.8063
    0.0000   -7.5000  -30.0000 2605.2346   12.8004
    7.5000   -7.5000  -30.0000 2574.9651   13.0171
   -7.5000    0.0000  -30.0000 2612.5068   12.7413
    0.0000    0.0000  -30.0000 2622.4688   12.6987
    7.5000    0.0000  -30.0000 2591.3733   12.8993
   -7.5000    7.5000  -30.0000 2624.2971   12.7393
    0.0000    7.5000  -30.0000 2634.6604   12.7062
    7.5000    7.5000  -30.0000 2605.7297   12.9115
   -7.5000   15.0000  -30.0000 2622.1233   12.8844
    0.0000   15.0000  -30.0000 2628.9392   12.8656
    7.5000   15.0000  -30.0000 2602.1172   13.0583
   -7.5000   22.5000  -30.0000 2626.7622   13.1533
    0.0000   22.5000  -30.0000 2633.8264   13.1131
    7.5000   22.5000  -30.0000 2603.1892   13.3009
   -7.5000   30.0000  -30.0000 2610.1467   13.5488
    0.0000   30.0000  -30.0000 2617.1199   13.5313
    7.5000   30.0000  -30.0000 2586.7490   13.6961
   -7.5000   37.5000  -30.0000 2576.2197   14.0651
    0.0000   37.5000  -30.0000 2590.0010   14.0484
    7.5000   37.5000  -30.0000 2552.9214   14.2208
   -7.5000   45.0000  -30.0000 2521.5862   14.8044
    0.0000   45.0000  -30.0000 2537.1599   14.7981
    7.5000   45.0000  -30.0000 2500.4075   14.9491
   -7.5000  -45.0000  -22.5000 2637.3333   12.5382
    0.0000  -45.0000  -22.5000 2636.6311   12.5290
    7.5000  -45.0000  -22.5000 2610.2144   12.7674
   -7.5000  -37.5000  -22.5000 2628.4246   12.3935
    0.0000  -37.5000  -22.5000 2629.3022   12.4025
    7.5000  -37.5000  -22.5000 2604.8062   12.6373
   -7.5000  -30.0000  -22.5000 2631.8032   12.3202
    0.0000  -30.0000  -22.5000 2634.8989   12.3412
    7.5000  -30.0000  -22.5000 2607.0356   12.5666
   -7.5000  -22.5000  -22.5000 2653.1833   12.3207
    0.0000  -22.5000  -22.5000 2656.8604   12.3281
    7.5000  -22.5000  -22.5000 2625.6089   12.5645
   -7.5000  -15.0000  -22.5000 2674.3953   12.2857
    0.0000  -15.0000  -22.5000 2676.5430   12.2873
    7.5000  -15.0000  -22.5000 2645.8027   12.5185
   -7.5000   -7.5000  -22.5000 2699.6150   12.1979
    0.0000   -7.5000  -22.5000 2703.0613   12.1677
    7.5000   -7.5000  -22.5000 2672.0693   12.3936
   -7.5000    0.0000  -22.5000 2715.5217   12.1106
    0.0000    0.0000  -22.5000 2724.0991   12.0902
    7.5000    0.0000  -22.5000 2693.0132   12.2882
   -7.5000    7.5000  -22.5000 2732.0510   12.0818
    0.0000    7.5000  -22.5000 2739.7820   12.0571
    7.5000    7.5000  -22.5000 2711.2258   12.2582
   -7.5000   15.0000  -22.5000 2738.7065   12.1726
    0.0000   15.0000  -22.5000 2750.8982   12.1648
    7.5000   15.0000  -22.5000 2715.9609   12.3467
   -7.5000   22.5000  -22.5000 2749.8347   12.3952
    0.0000   22.5000  -22.5000 2756.6765   12.3667
    7.5000   22.5000  -22.5000 2722.2986   12.5559
   -7.5000   30.0000  -22.5000 2738.8157   12.8078
    0.0000   30.0000  -22.5000 2748.2195   12.7926
    7.5000   30.0000  -22.5000 2710.3843   12.9563
   -7.5000   37.5000  -22.5000 2708.4402   13.3871
    0.0000   37.5000  -22.5000 2717.7402   13.3444
    7.5000   37.5000  -22.5000 2680.8147   13.5284
   -7.5000   45.0000  -22.5000 2649.7622   14.1214
    0.0000   45.0000  -22.5000 2656.8308   14.0755
    7.5000   45.0000  -22.5000 2621.5522   14.2529
   -7.5000  -45.0000  -15.0000 2702.4888   12.0913
    0.0000  -45.0000  -15.0000 2704.7109   12.0743
    7.5000  -45.0000  -15.0000 2678.5361   12.3333
   -7.5000  -37.5000  -15.0000 2689.5947   11.9450
    0.0000  -37.5000  -15.0000 2694.6418   11.9628
    7.5000  -37.5000  -15.0000 2668.1016   12.1781
   -7.5000  -30.0000  -15.0000 2694.5720   11.8940
    0.0000  -30.0000  -15.0000 2699.3088   11.8895
    7.5000  -30.0000  -15.0000 2672.3093   12.1112
   -7.5000  -22.5000  -15.0000 2714.8184   11.8431
    0.0000  -22.5000  -15.0000 2722.1506   11.8454
    7.5000  -22.5000  -15.0000 2687.5444   12.0473
   -7.5000  -15.0000  -15.0000 2732.5049   11.7370
    0.0000  -15.0000  -15.0000 2739.9651   11.7345
    7.5000  -15.0000  -15.0000 2709.7141   11.9476
   -7.5000   -7.5000  -15.0000 2751.0615   11.6175
    0.0000   -7.5000  -15.0000 2760.1997   11.6045
    7.5000   -7.5000  -15.0000 2734.5273   11.8406
   -7.5000    0.0000  -15.0000 2776.7747   11.5198
    0.0000    0.0000  -15.0000 2786.1440   11.4887
    7.5000    0.0000  -15.0000 2755.7937   11.7314
   -7.5000    7.5000  -15.0000 2801.6345   11.5147
    0.0000    7.5000  -15.0000 2814.7881   11.4662
    7.5000    7.5000  -15.0000 2781.6824   11.7145
   -7.5000   15.0000  -15.0000 2823.2944   11.5578
    0.0000   15.0000  -15.0000 2835.8325   11.5199
    7.5000   15.0000  -15.0000 2800.6743   11.7539
   -7.5000   22.5000  -15.0000 2835.1367   11.7283
    0.0000   22.5000  -15.0000 2843.3542   11.6802
    7.5000   22.5000  -15.0000 2809.9092   11.9309
   -7.5000   30.0000  -15.0000 2834.8960   12.1597
    0.0000   30.0000  -15.0000 2844.0063   12.0810
    7.5000   30.0000  -15.0000 2805.5046   12.3115
   -7.5000   37.5000  -15.0000 2804.7285   12.7472
    0.0000   37.5000  -15.0000 2816.0525   12.6625
    7.5000   37.5000  -15.0000 2778.6619   12.8733
   -7.5000   45.0000  -15.0000 2735.4204   13.4600
    0.0000   45.0000  -15.0000 2742.8767   13.3948
    7.5000   45.0000  -15.0000 2711.4607   13.5958
   -7.5000  -45.0000   -7.5000 2730.6011   11.7526
    0.0000  -45.0000   -7.5000 2736.5315   11.7376
    7.5000  -45.0000   -7.5000 2709.3450   12.0083
   -7.5000  -37.5000   -7.5000 2724.7163   11.6590
    0.0000  -37.5000   -7.5000 2735.4348   11.6530
    7.5000  -37.5000   -7.5000 2705.7129   11.8965
   -7.5000  -30.0000   -7.5000 2726.2498   11.5516
    0.0000  -30.0000   -7.5000 2739.6938   11.5478
    7.5000  -30.0000   -7.5000 2705.7854   11.7570
   -7.5000  -22.5000   -7.5000 2740.6152   11.4445
    0.0000  -22.5000   -7.5000 2755.7180   11.4591
    7.5000  -22.5000   -7.5000 2720.1970   11.6536
   -7.5000  -15.0000   -7.5000 2756.4065   11.3174
    0.0000  -15.0000   -7.5000 2767.6404   11.3238
    7.5000  -15.0000   -7.5000 2739.5415   11.5539
   -7.5000   -7.5000   -7.5000 2777.3972   11.1862
    0.0000   -7.5000   -7.5000 2789.7441   11.1719
    7.5000   -7.5000   -7.5000 2763.5820   11.4205
   -7.5000    0.0000   -7.5000 2806.5750   11.1095
    0.0000    0.0000   -7.5000 2817.9873   11.0673
    7.5000    0.0000   -7.5000 2790.6943   11.3095
   -7.5000    7.5000   -7.5000 2845.8918   11.0864
    0.0000    7.5000   -7.5000 2863.3477   11.0314
    7.5000    7.5000   -7.5000 2832.2722   11.2827
   -7.5000   15.0000   -7.5000 2881.8792   11.1402
    0.0000   15.0000   -7.5000 2899.5054   11.0682
    7.5000   15.0000   -7.5000 2864.3970   11.3433
   -7.5000   22.5000   -7.5000 2900.7427   11.2530
    0.0000   22.5000   -7.5000 2913.4292   11.1593
    7.5000   22.5000   -7.5000 2875.6079   11.4855
   -7.5000   30.0000   -7.5000 2906.2380   11.6621
    0.0000   30.0000   -7.5000 2920.1973   11.5438
    7.5000   30.0000   -7.5000 2874.7686   11.8610
   -7.5000   37.5000   -7.5000 2877.8972   12.2238
    0.0000   37.5000   -7.5000 2888.6074   12.1081
    7.5000   37.5000   -7.5000 2846.4382   12.4153
   -7.5000   45.0000   -7.5000 2797.0762   12.9223
    0.0000   45.0000   -7.5000 2807.9182   12.8382
    7.5000   45.0000   -7.5000 2775.9465   13.1371
   -7.5000  -45.0000    0.0000 2736.7563   11.6845
    0.0000  -45.0000    0.0000 2739.6750   11.6325
    7.5000  -45.0000    0.0000 2710.3225   11.9629
   -7.5000  -37.5000    0.0000 2734.4072   11.5500
    0.0000  -37.5000    0.0000 2741.3062   11.5031
    7.5000  -37.5000    0.0000 2708.6270   11.8052
   -7.5000  -30.0000    0.0000 2734.6873   11.4330
    0.0000  -30.0000    0.0000 2743.5496   11.3839
    7.5000  -30.0000    0.0000 2708.7673   11.6491
   -7.5000  -22.5000    0.0000 2734.7432   11.2637
    0.0000  -22.5000    0.0000 2745.6355   11.2396
    7.5000  -22.5000    0.0000 2719.2026   11.4910
   -7.5000  -15.0000    0.0000 2745.4058   11.0989
    0.0000  -15.0000    0.0000 2754.5520   11.0826
    7.5000  -15.0000    0.0000 2734.8103   11.3498
   -7.5000   -7.5000    0.0000 2770.9172   10.9576
    0.0000   -7.5000    0.0000 2781.3560   10.9342
    7.5000   -7.5000    0.0000 2757.3516   11.2106
   -7.5000    0.0000    0.0000 2808.3516   10.8775
    0.0000    0.0000    0.0000 2820.2405   10.8490
    7.5000    0.0000    0.0000 2793.1506   11.1286
   -7.5000    7.5000    0.0000 2858.3523   10.8818
    0.0000    7.5000    0.0000 2873.1001   10.8278
    7.5000    7.5000    0.0000 2847.8523   11.1091
   -7.5000   15.0000    0.0000 2909.2002   11.0071
    0.0000   15.0000    0.0000 2929.9377   10.9462
    7.5000   15.0000    0.0000 2900.7607   11.1943
   -7.5000   22.5000    0.0000 2948.7761   11.1166
    0.0000   22.5000    0.0000 2970.7175   11.0120
    7.5000   22.5000    0.0000 2925.3943   11.3675
   -7.5000   30.0000    0.0000 2961.9617   11.4559
    0.0000   30.0000    0.0000 2981.4507   11.3397
    7.5000   30.0000    0.0000 2926.7170   11.7063
   -7.5000   37.5000    0.0000 2923.1687   11.9986
    0.0000   37.5000    0.0000 2941.9792   11.8878
    7.5000   37.5000    0.0000 2887.0557   12.2106
   -7.5000   45.0000    0.0000 2834.9470   12.6410
    0.0000   45.0000    0.0000 2849.7131   12.5831
    7.5000   45.0000    0.0000 2808.0737   12.8556
   -7.5000  -45.0000    7.5000 2716.4917   11.7303
    0.0000  -45.0000    7.5000 2713.1299   11.6416
    7.5000  -45.0000    7.5000 2690.0073   12.0463
   -7.5000  -37.5000    7.5000 2717.1155   11.5757
    0.0000  -37.5000    7.5000 2720.0310   11.5033
    7.5000  -37.5000    7.5000 2689.4521   11.8710
   -7.5000  -30.0000    7.5000 2720.3818   11.4349
    0.0000  -30.0000    7.5000 2723.8394   11.3860
    7.5000  -30.0000    7.5000 2692.1660   11.7154
   -7.5000  -22.5000    7.5000 2719.7893   11.2574
    0.0000  -22.5000    7.5000 2719.8774   11.2176
    7.5000  -22.5000    7.5000 2704.1965   11.5697
   -7.5000  -15.0000    7.5000 2729.9634   11.0990
    0.0000  -15.0000    7.5000 2731.9841   11.0664
    7.5000  -15.0000    7.5000 2727.2937   11.4415
   -7.5000   -7.5000    7.5000 2758.9734   10.9635
    0.0000   -7.5000    7.5000 2760.0708   10.9279
    7.5000   -7.5000    7.5000 2758.2622   11.3065
   -7.5000    0.0000    7.5000 2802.4521   10.9049
    0.0000    0.0000    7.5000 2810.4265   10.8644
    7.5000    0.0000    7.5000 2802.2117   11.2187
   -7.5000    7.5000    7.5000 2862.2869   10.9217
    0.0000    7.5000    7.5000 2873.0398   10.9057
    7.5000    7.5000    7.5000 2855.7666   11.1962
   -7.5000   15.0000    7.5000 2924.1575   11.1151
    0.0000   15.0000    7.5000 2946.9211   11.1318
    7.5000   15.0000    7.5000 2910.1479   11.2859
   -7.5000   22.5000    7.5000 2980.7153   11.3211
    0.0000   22.5000    7.5000 3013.7446   11.3288
    7.5000   22.5000    7.5000 2945.7483   11.4677
   -7.5000   30.0000    7.5000 2995.7441   11.6081
    0.0000   30.0000    7.5000 3025.5291   11.5624
    7.5000   30.0000    7.5000 2945.8103   11.7914
   -7.5000   37.5000    7.5000 2951.6047   12.0421
    0.0000   37.5000    7.5000 2972.8899   11.9718
    7.5000   37.5000    7.5000 2902.5779   12.2359
   -7.5000   45.0000    7.5000 2848.1589   12.5929
    0.0000   45.0000    7.5000 2862.4043   12.5252
    7.5000   45.0000    7.5000 2819.8325   12.7731
   -7.5000  -45.0000   15.0000 2685.3420   11.9281
    0.0000  -45.0000   15.0000 2678.4490   11.8168
    7.5000  -45.0000   15.0000 2673.9705   12.3846
   -7.5000  -37.5000   15.0000 2689.0764   11.7745
    0.0000  -37.5000   15.0000 2684.3369   11.6596
    7.5000  -37.5000   15.0000 2681.2693   12.1623
   -7.5000  -30.0000   15.0000 2695.6587   11.6382
    0.0000  -30.0000   15.0000 2691.5427   11.5398
    7.5000  -30.0000   15.0000 2687.6533   11.9727
   -7.5000  -22.5000   15.0000 2703.6445   11.4715
    0.0000  -22.5000   15.0000 2700.8159   11.4030
    7.5000  -22.5000   15.0000 2699.3171   11.8147
   -7.5000  -15.0000   15.0000 2719.0872   11.3646
    0.0000  -15.0000   15.0000 2723.6301   11.3270
    7.5000  -15.0000   15.0000 2721.3296   11.6789
   -7.5000   -7.5000   15.0000 2753.3633   11.2759
    0.0000   -7.5000   15.0000 2758.0652   11.2641
    7.5000   -7.5000   15.0000 2749.2039   11.5497
   -7.5000    0.0000   15.0000 2797.6980   11.2166
    0.0000    0.0000   15.0000 2805.6804   11.2232
    7.5000    0.0000   15.0000 2785.3926   11.4595
   -7.5000    7.5000   15.0000 2858.1211   11.2241
    0.0000    7.5000   15.0000 2866.5869   11.2563
    7.5000    7.5000   15.0000 2838.3291   11.4661
   -7.5000   15.0000   15.0000 2919.5991   11.3552
    0.0000   15.0000   15.0000 2937.7302   11.3935
    7.5000   15.0000   15.0000 2889.9734   11.5474
   -7.5000   22.5000   15.0000 2970.1201   11.4957
    0.0000   22.5000   15.0000 2989.6189   11.4634
    7.5000   22.5000   15.0000 2925.1270   11.7233
   -7.5000   30.0000   15.0000 2977.0051   11.8351
    0.0000   30.0000   15.0000 2995.7883   11.7377
    7.5000   30.0000   15.0000 2928.9128   12.0633
   -7.5000   37.5000   15.0000 2930.6067   12.2930
    0.0000   37.5000   15.0000 2944.1516   12.2134
    7.5000   37.5000   15.0000 2882.1404   12.4968
   -7.5000   45.0000   15.0000 2822.1609   12.8570
    0.0000   45.0000   15.0000 2836.8950   12.7839
    7.5000   45.0000   15.0000 2794.9138   13.0503
   -7.5000  -45.0000   22.5000 2637.6511   12.3587
    0.0000  -45.0000   22.5000 2627.0635   12.2668
    7.5000  -45.0000   22.5000 2636.1956   12.8808
   -7.5000  -37.5000   22.5000 2650.7700   12.1876
    0.0000  -37.5000   22.5000 2647.1699   12.1210
    7.5000  -37.5000   22.5000 2645.5249   12.5917
   -7.5000  -30.0000   22.5000 2667.4526   12.0526
    0.0000  -30.0000   22.5000 2667.5527   11.9957
    7.5000  -30.0000   22.5000 2657.3918   12.3514
   -7.5000  -22.5000   22.5000 2687.1418   11.8888
    0.0000  -22.5000   22.5000 2693.2729   11.8801
    7.5000  -22.5000   22.5000 2673.6887   12.1783
   -7.5000  -15.0000   22.5000 2715.1562   11.7970
    0.0000  -15.0000   22.5000 2722.2834   11.7926
    7.5000  -15.0000   22.5000 2697.2305   12.0374
   -7.5000   -7.5000   22.5000 2749.0769   11.6948
    0.0000   -7.5000   22.5000 2754.1165   11.6821
    7.5000   -7.5000   22.5000 2728.6550   11.9146
   -7.5000    0.0000   22.5000 2786.8040   11.5952
    0.0000    0.0000   22.5000 2791.2937   11.5565
    7.5000    0.0000   22.5000 2764.0461   11.8335
   -7.5000    7.5000   22.5000 2835.8274   11.5770
    0.0000    7.5000   22.5000 2841.2214   11.5414
    7.5000    7.5000   22.5000 2815.3062   11.8046
   -7.5000   15.0000   22.5000 2886.1848   11.6131
    0.0000   15.0000   22.5000 2897.0674   11.5366
    7.5000   15.0000   22.5000 2864.7974   11.8572
   -7.5000   22.5000   22.5000 2917.4009   11.7503
    0.0000   22.5000   22.5000 2923.3486   11.6027
    7.5000   22.5000   22.5000 2887.0793   12.0365
   -7.5000   30.0000   22.5000 2914.3708   12.1121
    0.0000   30.0000   22.5000 2926.0247   11.9605
    7.5000   30.0000   22.5000 2889.8289   12.3783
   -7.5000   37.5000   22.5000 2867.3440   12.6354
    0.0000   37.5000   22.5000 2879.1196   12.4960
    7.5000   37.5000   22.5000 2838.9333   12.8667
   -7.5000   45.0000   22.5000 2773.9934   13.3052
    0.0000   45.0000   22.5000 2786.6885   13.1971
    7.5000   45.0000   22.5000 2748.5564   13.4773
   -7.5000  -45.0000   30.0000 2572.3215   13.0591
    0.0000  -45.0000   30.0000 2568.0518   13.0329
    7.5000  -45.0000   30.0000 2565.4358   13.5648
   -7.5000  -37.5000   30.0000 2590.7573   12.7800
    0.0000  -37.5000   30.0000 2591.5039   12.7718
    7.5000  -37.5000   30.0000 2582.9978   13.2232
   -7.5000  -30.0000   30.0000 2612.8157   12.5744
    0.0000  -30.0000   30.0000 2618.6450   12.5510
    7.5000  -30.0000   30.0000 2608.4458   12.9213
   -7.5000  -22.5000   30.0000 2639.8630   12.3855
    0.0000  -22.5000   30.0000 2649.9678   12.3621
    7.5000  -22.5000   30.0000 2636.2607   12.6853
   -7.5000  -15.0000   30.0000 2673.7935   12.2368
    0.0000  -15.0000   30.0000 2681.1477   12.1955
    7.5000  -15.0000   30.0000 2659.6782   12.5024
   -7.5000   -7.5000   30.0000 2716.3408   12.1124
    0.0000   -7.5000   30.0000 2721.2227   12.0465
    7.5000   -7.5000   30.0000 2695.3296   12.3606
   -7.5000    0.0000   30.0000 2755.3152   12.0483
    0.0000    0.0000   30.0000 2759.6853   11.9633
    7.5000    0.0000   30.0000 2731.9666   12.2657
   -7.5000    7.5000   30.0000 2799.5576   12.0181
    0.0000    7.5000   30.0000 2806.3149   11.9443
    7.5000    7.5000   30.0000 2777.9163   12.2308
   -7.5000   15.0000   30.0000 2830.6057   12.0174
    0.0000   15.0000   30.0000 2842.8667   11.8872
    7.5000   15.0000   30.0000 2810.4795   12.2655
   -7.5000   22.5000   30.0000 2854.3770   12.2278
    0.0000   22.5000   30.0000 2856.6416   12.0671
    7.5000   22.5000   30.0000 2829.2297   12.4848
   -7.5000   30.0000   30.0000 2834.3083   12.6074
    0.0000   30.0000   30.0000 2843.0796   12.4233
    7.5000   30.0000   30.0000 2818.3838   12.8449
   -7.5000   37.5000   30.0000 2784.8796   13.1534
    0.0000   37.5000   30.0000 2795.9761   12.9895
    7.5000   37.5000   30.0000 2765.6050   13.3691
   -7.5000   45.0000   30.0000 2696.6543   13.8384
    0.0000   45.0000   30.0000 2711.9392   13.6976
    7.5000   45.0000   30.0000 2678.8687   14.0205
   -7.5000  -45.0000   37.5000 2499.6443   13.8861
    0.0000  -45.0000   37.5000 2493.8606   13.8381
    7.5000  -45.0000   37.5000 2491.9155   14.3985
   -7.5000  -37.5000   37.5000 2517.9324   13.5155
    0.0000  -37.5000   37.5000 2515.2349   13.4721
    7.5000  -37.5000   37.5000 2510.7476   13.9742
   -7.5000  -30.0000   37.5000 2544.7129   13.2120
    0.0000  -30.0000   37.5000 2550.4397   13.1753
    7.5000  -30.0000   37.5000 2540.0471   13.5959
   -7.5000  -22.5000   37.5000 2575.6553   12.9614
    0.0000  -22.5000   37.5000 2581.8860   12.9243
    7.5000  -22.5000   37.5000 2570.9207   13.3152
   -7.5000  -15.0000   37.5000 2612.3579   12.7881
    0.0000  -15.0000   37.5000 2622.7190   12.7255
    7.5000  -15.0000   37.5000 2603.6311   13.0923
   -7.5000   -7.5000   37.5000 2662.8787   12.6703
    0.0000   -7.5000   37.5000 2673.8423   12.6028
    7.5000   -7.5000   37.5000 2644.6079   12.9369
   -7.5000    0.0000   37.5000 2703.6138   12.6159
    0.0000    0.0000   37.5000 2711.4028   12.5429
    7.5000    0.0000   37.5000 2680.7629   12.8432
   -7.5000    7.5000   37.5000 2740.5127   12.5968
    0.0000    7.5000   37.5000 2752.9224   12.4926
    7.5000    7.5000   37.5000 2720.5386   12.8261
   -7.5000   15.0000   37.5000 2765.0520   12.6503
    0.0000   15.0000   37.5000 2779.7583   12.5286
    7.5000   15.0000   37.5000 2740.0918   12.8923
   -7.5000   22.5000   37.5000 2776.5425   12.9253
    0.0000   22.5000   37.5000 2782.0398   12.7853
    7.5000   22.5000   37.5000 2755.2654   13.1536
   -7.5000   30.0000   37.5000 2747.0945   13.3162
    0.0000   30.0000   37.5000 2757.5498   13.1309
    7.5000   30.0000   37.5000 2734.0808   13.5263
   -7.5000   37.5000   37.5000 2694.5916   13.8502
    0.0000   37.5000   37.5000 2707.5247   13.6557
    7.5000   37.5000   37.5000 2684.4004   14.0629
   -7.5000   45.0000   37.5000 2614.2517   14.5720
    0.0000   45.0000   37.5000 2630.7747   14.4118
    7.5000   45.0000   37.5000 2603.9409   14.7550
   -7.5000  -45.0000   45.0000 2426.8984   14.8359
    0.0000  -45.0000   45.0000 2423.3853   14.8099
    7.5000  -45.0000   45.0000 2414.2812   15.3545
   -7.5000  -37.5000   45.0000 2448.2087   14.3958
    0.0000  -37.5000   45.0000 2447.7820   14.3758
    7.5000  -37.5000   45.0000 2438.0056   14.8755
   -7.5000  -30.0000   45.0000 2483.6267   14.0189
    0.0000  -30.0000   45.0000 2486.7239   14.0234
    7.5000  -30.0000   45.0000 2470.2083   14.4486
   -7.5000  -22.5000   45.0000 2515.7344   13.7159
    0.0000  -22.5000   45.0000 2522.0845   13.7156
    7.5000  -22.5000   45.0000 2501.6821   14.1113
   -7.5000  -15.0000   45.0000 2553.6458   13.5269
    0.0000  -15.0000   45.0000 2565.5583   13.4923
    7.5000  -15.0000   45.0000 2536.2393   13.8596
   -7.5000   -7.5000   45.0000 2600.0938   13.3940
    0.0000   -7.5000   45.0000 2614.6038   13.3495
    7.5000   -7.5000   45.0000 2576.6541   13.6863
   -7.5000    0.0000   45.0000 2636.3269   13.3334
    0.0000    0.0000   45.0000 2653.1826   13.2953
    7.5000    0.0000   45.0000 2613.0872   13.6038
   -7.5000    7.5000   45.0000 2663.5198   13.3686
    0.0000    7.5000   45.0000 2682.1045   13.2746
    7.5000    7.5000   45.0000 2643.5649   13.6020
   -7.5000   15.0000   45.0000 2683.6394   13.5057
    0.0000   15.0000   45.0000 2696.4658   13.4053
    7.5000   15.0000   45.0000 2660.4561   13.7389
   -7.5000   22.5000   45.0000 2685.3459   13.8258
    0.0000   22.5000   45.0000 2694.4102   13.7116
    7.5000   22.5000   45.0000 2668.8828   14.0743
   -7.5000   30.0000   45.0000 2649.3232   14.2385
    0.0000   30.0000   45.0000 2661.7651   14.1071
    7.5000   30.0000   45.0000 2641.1755   14.4760
   -7.5000   37.5000   45.0000 2599.0317   14.7768
    0.0000   37.5000   45.0000 2612.8950   14.6240
    7.5000   37.5000   45.0000 2589.8928   14.9996
   -7.5000   45.0000   45.0000 2530.4968   15.4806
    0.0000   45.0000   45.0000 2548.1262   15.3577
    7.5000   45.0000   45.0000 2516.3054   15.7035

---------------------------------------------------------------------
imgreg_4dfp /opt/freesurfer/average/711-2C_as_mni_average_305 /opt/freesurfer/average/711-2B_as_mni_average_305_mask talsrcimg_g11 none talsrcimg_to_711-2C_as_mni_average_305_t4 1283
---------------------------------------------------------------------

freesurfer imgreg_4dfp.c
/opt/freesurfer/average/711-2C_as_mni_average_305.4dfp.img
       256       256       256         1
  1.000000  1.000000  1.000000
orientation T byte_order littleendian
Reading image: /opt/freesurfer/average/711-2C_as_mni_average_305.4dfp.img
dimensions:      256       256       256
mmppix:       1.0000   -1.0000   -1.0000
center:     128.0000 -129.0000 -129.0000
/opt/freesurfer/average/711-2B_as_mni_average_305_mask.4dfp.img
       256       256       256         1
  1.000000  1.000000  1.000000
orientation T byte_order littleendian
Reading mask: /opt/freesurfer/average/711-2B_as_mni_average_305_mask.4dfp.img (2306576 pixels)
talsrcimg_g11.4dfp.img
       256       256       256         1
  1.000000  1.000000  1.000000
orientation T byte_order littleendian
Reading image: talsrcimg_g11.4dfp.img
dimensions:      256       256       256
mmppix:       1.0000   -1.0000   -1.0000
center:     128.0000 -129.0000 -129.0000
rotation matrix determinant  1.000000
fimgreg.f
image alignment mode   1283 decimal      503 hex
parameters
    0.0000   30.0000    7.5000    0.0000    0.0000    0.0000
eta,q 0.94986 11.56929
niter,ni,del,rscale     5    3   12.0000    1.2000
parameter  4  0.953717 ->  0.500000 qaram    1.1500
parameters
   -2.1784   28.1791    8.0374   -3.4500    1.2645   -1.9155
eta,q 0.95254 11.43642
  0.0568  0.0538  0.0605  0.0476  0.0577  0.0487
  0.0514  0.0507  0.0545  0.0480  0.0538  0.0479
  0.0510  0.0495  0.0503  0.0483  0.0502  0.0475
  0.0532  0.0507  0.0493  0.0498  0.0481  0.0476
  0.0574  0.0532  0.0508  0.0520  0.0477  0.0487
  0.0638  0.0574  0.0529  0.0549  0.0494  0.0503
  0.0713  0.0631  0.0564  0.0573  0.0524  0.0526
niter,ni,del,rscale     5    3   12.0000    1.2000
parameters
   -2.3710   28.9903    7.2347   -5.7761    1.6006   -1.7940
eta,q 0.95465 11.35541
  0.0610  0.0548  0.0555  0.0476  0.0554  0.0501
  0.0536  0.0500  0.0496  0.0455  0.0510  0.0474
  0.0486  0.0474  0.0461  0.0454  0.0472  0.0460
  0.0475  0.0474  0.0471  0.0463  0.0454  0.0454
  0.0502  0.0465  0.0505  0.0474  0.0462  0.0457
  0.0551  0.0476  0.0545  0.0496  0.0493  0.0474
  0.0623  0.0513  0.0595  0.0534  0.0538  0.0497
niter,ni,del,rscale     4    3   12.0000    1.2000
parameters
   -2.2976   29.5579    6.8769   -5.7039    1.5410   -1.7558
eta,q 0.95522 11.34305
  0.0610  0.0531  0.0561  0.0511  0.0539  0.0496
  0.0525  0.0493  0.0496  0.0474  0.0496  0.0467
  0.0469  0.0465  0.0449  0.0451  0.0462  0.0453
  0.0453  0.0454  0.0452  0.0448  0.0448  0.0448
  0.0473  0.0447  0.0486  0.0457  0.0460  0.0451
  0.0523  0.0466  0.0526  0.0477  0.0497  0.0468
  0.0599  0.0513  0.0571  0.0502  0.0545  0.0494
niter,ni,del,rscale     3    3   12.0000    1.2000
parameters
   -2.2953   29.5342    6.8475   -5.6851    1.5277   -1.7572
eta,q 0.95523 11.34224
  0.0604  0.0517  0.0574  0.0510  0.0540  0.0495
  0.0516  0.0481  0.0507  0.0473  0.0497  0.0466
  0.0462  0.0458  0.0455  0.0450  0.0462  0.0453
  0.0448  0.0448  0.0448  0.0448  0.0448  0.0448
  0.0468  0.0445  0.0479  0.0458  0.0459  0.0451
  0.0521  0.0475  0.0518  0.0478  0.0496  0.0468
  0.0599  0.0527  0.0562  0.0503  0.0543  0.0494
registration optimization eta report
parameter search radius
    6.0000    6.0000    6.0000    6.9000    6.0000    6.0000
100000*second partial in parameter space
       43.       21.       32.       12.       26.       13.
  0.0604  0.0517  0.0574  0.0510  0.0540  0.0495
  0.0516  0.0481  0.0507  0.0473  0.0497  0.0466
  0.0462  0.0458  0.0455  0.0450  0.0462  0.0453
  0.0448  0.0448  0.0448  0.0448  0.0448  0.0448
  0.0468  0.0445  0.0479  0.0458  0.0459  0.0451
  0.0521  0.0475  0.0518  0.0478  0.0496  0.0468
  0.0599  0.0527  0.0562  0.0503  0.0543  0.0494
   -2.2953   29.5342    6.8475   -5.6851    1.5277   -1.7572
eta,q 0.95523 11.34224

---------------------------------------------------------------------
imgreg_4dfp /opt/freesurfer/average/711-2C_as_mni_average_305 /opt/freesurfer/average/711-2B_as_mni_average_305_mask talsrcimg_g11 none talsrcimg_to_711-2C_as_mni_average_305_t4 3335
---------------------------------------------------------------------

freesurfer imgreg_4dfp.c
/opt/freesurfer/average/711-2C_as_mni_average_305.4dfp.img
       256       256       256         1
  1.000000  1.000000  1.000000
orientation T byte_order littleendian
Reading image: /opt/freesurfer/average/711-2C_as_mni_average_305.4dfp.img
dimensions:      256       256       256
mmppix:       1.0000   -1.0000   -1.0000
center:     128.0000 -129.0000 -129.0000
/opt/freesurfer/average/711-2B_as_mni_average_305_mask.4dfp.img
       256       256       256         1
  1.000000  1.000000  1.000000
orientation T byte_order littleendian
Reading mask: /opt/freesurfer/average/711-2B_as_mni_average_305_mask.4dfp.img (2306576 pixels)
talsrcimg_g11.4dfp.img
       256       256       256         1
  1.000000  1.000000  1.000000
orientation T byte_order littleendian
Reading image: talsrcimg_g11.4dfp.img
dimensions:      256       256       256
mmppix:       1.0000   -1.0000   -1.0000
center:     128.0000 -129.0000 -129.0000
fimgreg.f
image alignment mode   3335 decimal      D07 hex
parameters
   -2.2953   29.5342    6.8475   -0.0825   -0.5468   -0.5272
    3.3153   -2.3479   -3.0653    9.9829    2.6660   -9.9027
eta,q 0.95640 11.40561
niter,ni,del,rscale     5    3    5.0000    1.2000
parameter  4  1.423839 ->  0.500000 qaram    1.1500
parameter  5  4.591250 ->  0.500000 qaram    1.1500
parameters
   -1.8950   30.3686    7.4029   -4.2225   -4.6868   -3.3725
    1.9779   -0.9676   -1.5583    8.9623    2.8933   -8.5115
eta,q 0.96619 11.25426
  0.0475  0.0461  0.0463  0.0375  0.0312  0.0352  0.0358  0.0402  0.0367  0.0360  0.0349  0.0355
  0.0457  0.0449  0.0449  0.0383  0.0336  0.0348  0.0348  0.0373  0.0354  0.0346  0.0344  0.0346
  0.0444  0.0440  0.0439  0.0401  0.0359  0.0342  0.0343  0.0353  0.0345  0.0339  0.0340  0.0340
  0.0436  0.0435  0.0433  0.0432  0.0387  0.0342  0.0343  0.0343  0.0340  0.0339  0.0338  0.0338
  0.0435  0.0433  0.0432  0.0472  0.0416  0.0361  0.0349  0.0341  0.0339  0.0346  0.0339  0.0338
  0.0442  0.0435  0.0436  0.0514  0.0446  0.0399  0.0359  0.0349  0.0343  0.0358  0.0342  0.0341
  0.0457  0.0439  0.0444  0.0555  0.0480  0.0446  0.0374  0.0370  0.0351  0.0372  0.0349  0.0345
niter,ni,del,rscale     6    3    5.0000    1.2000
parameter  3  0.728657 ->  0.500000 qaram    1.1500
parameter  5  3.665477 ->  0.500000 qaram    1.3225
parameters
   -2.0898   30.5682    6.0229   -8.3003   -9.4478   -5.2955
    2.4077   -0.7722   -1.4522    8.3169    4.5020   -9.8499
eta,q 0.97153 10.93304
  0.0366  0.0358  0.0332  0.0331  0.0262  0.0294  0.0310  0.0318  0.0304  0.0310  0.0293  0.0292
  0.0349  0.0348  0.0330  0.0326  0.0278  0.0288  0.0298  0.0301  0.0294  0.0295  0.0290  0.0287
  0.0340  0.0341  0.0332  0.0324  0.0302  0.0287  0.0290  0.0291  0.0288  0.0286  0.0287  0.0285
  0.0338  0.0338  0.0338  0.0330  0.0324  0.0284  0.0286  0.0286  0.0286  0.0286  0.0285  0.0285
  0.0344  0.0338  0.0345  0.0352  0.0348  0.0287  0.0288  0.0288  0.0288  0.0292  0.0285  0.0287
  0.0357  0.0343  0.0355  0.0389  0.0376  0.0302  0.0294  0.0297  0.0293  0.0303  0.0286  0.0293
  0.0375  0.0353  0.0368  0.0432  0.0406  0.0335  0.0305  0.0316  0.0303  0.0317  0.0289  0.0300
niter,ni,del,rscale     7    3    5.0000    1.2000
parameter  5  0.776519 ->  0.500000 qaram    1.5209
parameters
   -2.3198   30.3265    5.7587   -9.1325  -14.9230   -4.7890
    2.6149   -0.9418   -1.6544    9.0085    4.8160   -9.4606
eta,q 0.97400 10.74678
  0.0307  0.0304  0.0297  0.0304  0.0270  0.0281  0.0285  0.0291  0.0277  0.0293  0.0268  0.0274
  0.0294  0.0292  0.0288  0.0294  0.0262  0.0271  0.0272  0.0275  0.0268  0.0278  0.0264  0.0267
  0.0286  0.0285  0.0284  0.0288  0.0266  0.0265  0.0264  0.0265  0.0262  0.0266  0.0261  0.0262
  0.0285  0.0285  0.0284  0.0284  0.0285  0.0261  0.0260  0.0260  0.0261  0.0261  0.0260  0.0260
  0.0289  0.0289  0.0287  0.0284  0.0313  0.0258  0.0262  0.0263  0.0263  0.0262  0.0260  0.0261
  0.0301  0.0299  0.0293  0.0295  0.0338  0.0263  0.0270  0.0275  0.0269  0.0270  0.0263  0.0265
  0.0318  0.0313  0.0302  0.0323  0.0369  0.0279  0.0283  0.0296  0.0279  0.0284  0.0267  0.0272
niter,ni,del,rscale     7    3    5.0000    1.2000
parameters
   -2.3623   30.8146    6.3490   -7.9561  -17.0988   -3.9950
    2.7310   -1.0281   -1.9759    9.8202    5.4550   -9.2011
eta,q 0.97455 10.75203
  0.0287  0.0297  0.0283  0.0286  0.0290  0.0278  0.0278  0.0287  0.0270  0.0285  0.0264  0.0269
  0.0272  0.0279  0.0271  0.0273  0.0275  0.0268  0.0266  0.0271  0.0262  0.0272  0.0259  0.0262
  0.0263  0.0267  0.0263  0.0264  0.0261  0.0262  0.0259  0.0260  0.0257  0.0262  0.0256  0.0256
  0.0260  0.0260  0.0259  0.0258  0.0256  0.0257  0.0255  0.0255  0.0255  0.0255  0.0255  0.0255
  0.0263  0.0259  0.0258  0.0255  0.0272  0.0253  0.0257  0.0258  0.0258  0.0256  0.0255  0.0256
  0.0273  0.0265  0.0261  0.0259  0.0302  0.0258  0.0265  0.0269  0.0263  0.0263  0.0257  0.0260
  0.0289  0.0276  0.0268  0.0277  0.0332  0.0274  0.0278  0.0292  0.0273  0.0276  0.0262  0.0267
niter,ni,del,rscale     6    3    5.0000    1.2000
parameters
   -2.4108   31.1900    6.4168   -7.9098  -18.1722   -4.2526
    2.9122   -1.0789   -2.4173   10.7084    6.1165   -9.2605
eta,q 0.97449 10.69320
  0.0282  0.0287  0.0273  0.0279  0.0291  0.0275  0.0279  0.0288  0.0269  0.0284  0.0265  0.0269
  0.0267  0.0271  0.0262  0.0268  0.0277  0.0267  0.0267  0.0272  0.0261  0.0271  0.0260  0.0261
  0.0257  0.0260  0.0256  0.0260  0.0264  0.0261  0.0259  0.0261  0.0257  0.0262  0.0257  0.0256
  0.0255  0.0255  0.0254  0.0254  0.0254  0.0256  0.0256  0.0256  0.0256  0.0256  0.0255  0.0255
  0.0258  0.0255  0.0256  0.0252  0.0261  0.0254  0.0258  0.0258  0.0258  0.0256  0.0255  0.0257
  0.0268  0.0261  0.0261  0.0261  0.0285  0.0264  0.0265  0.0270  0.0264  0.0262  0.0257  0.0262
  0.0284  0.0272  0.0271  0.0285  0.0317  0.0285  0.0277  0.0292  0.0272  0.0275  0.0262  0.0269
niter,ni,del,rscale     5    3    5.0000    1.2000
parameters
   -2.4641   31.5756    6.1931   -8.0816  -19.0996   -4.6954
    3.1648   -1.1836   -2.8525   11.8777    6.7459   -9.6247
eta,q 0.97447 10.62278
  0.0282  0.0285  0.0270  0.0277  0.0289  0.0275  0.0279  0.0288  0.0269  0.0284  0.0265  0.0268
  0.0267  0.0270  0.0260  0.0267  0.0276  0.0267  0.0268  0.0272  0.0262  0.0272  0.0261  0.0260
  0.0258  0.0260  0.0255  0.0260  0.0264  0.0261  0.0260  0.0262  0.0258  0.0263  0.0258  0.0256
  0.0255  0.0255  0.0254  0.0254  0.0254  0.0256  0.0257  0.0257  0.0257  0.0257  0.0256  0.0255
  0.0259  0.0255  0.0258  0.0252  0.0258  0.0255  0.0259  0.0259  0.0259  0.0256  0.0256  0.0258
  0.0268  0.0260  0.0265  0.0262  0.0281  0.0266  0.0265  0.0271  0.0264  0.0261  0.0258  0.0263
  0.0284  0.0271  0.0275  0.0286  0.0312  0.0288  0.0276  0.0293  0.0272  0.0273  0.0263  0.0270
niter,ni,del,rscale     4    3    5.0000    1.2000
parameters
   -2.5246   32.0500    5.8513   -8.3746  -20.1913   -5.2521
    3.4806   -1.3573   -3.0786   13.3753    7.1205  -10.2043
eta,q 0.97448 10.53431
  0.0281  0.0285  0.0268  0.0274  0.0286  0.0274  0.0278  0.0286  0.0271  0.0286  0.0264  0.0266
  0.0266  0.0271  0.0259  0.0265  0.0273  0.0267  0.0267  0.0272  0.0263  0.0274  0.0260  0.0260
  0.0258  0.0261  0.0255  0.0259  0.0262  0.0262  0.0260  0.0262  0.0259  0.0264  0.0257  0.0256
  0.0255  0.0255  0.0254  0.0254  0.0254  0.0256  0.0257  0.0257  0.0257  0.0257  0.0255  0.0255
  0.0259  0.0255  0.0258  0.0252  0.0258  0.0255  0.0259  0.0260  0.0259  0.0255  0.0256  0.0258
  0.0268  0.0259  0.0265  0.0261  0.0279  0.0267  0.0265  0.0271  0.0264  0.0260  0.0258  0.0263
  0.0284  0.0269  0.0276  0.0285  0.0310  0.0289  0.0275  0.0292  0.0272  0.0271  0.0263  0.0270
niter,ni,del,rscale     3    3    5.0000    1.2000
parameters
   -2.6051   32.5914    5.4296   -8.7292  -21.3763   -5.8447
    3.8183   -1.5449   -2.9138   14.8541    7.0657  -10.8372
eta,q 0.97452 10.43583
  0.0279  0.0286  0.0266  0.0271  0.0284  0.0273  0.0276  0.0285  0.0272  0.0287  0.0262  0.0265
  0.0265  0.0272  0.0258  0.0263  0.0270  0.0266  0.0266  0.0270  0.0264  0.0274  0.0258  0.0259
  0.0258  0.0261  0.0254  0.0257  0.0261  0.0261  0.0260  0.0261  0.0259  0.0263  0.0256  0.0255
  0.0255  0.0255  0.0254  0.0253  0.0254  0.0256  0.0257  0.0257  0.0257  0.0257  0.0255  0.0255
  0.0258  0.0254  0.0258  0.0251  0.0257  0.0255  0.0258  0.0260  0.0258  0.0255  0.0256  0.0257
  0.0268  0.0258  0.0265  0.0259  0.0278  0.0265  0.0264  0.0270  0.0263  0.0259  0.0258  0.0262
  0.0283  0.0267  0.0276  0.0282  0.0308  0.0287  0.0274  0.0290  0.0271  0.0271  0.0263  0.0268
niter,ni,del,rscale     2    3    5.0000    1.2000
parameters
   -2.6761   33.0606    5.0079   -9.0078  -22.2625   -6.3855
    3.9619   -1.6317   -2.6331   15.7954    6.9996  -11.2755
eta,q 0.97453 10.35647
  0.0278  0.0284  0.0265  0.0270  0.0285  0.0271  0.0274  0.0285  0.0273  0.0284  0.0261  0.0265
  0.0265  0.0270  0.0258  0.0261  0.0271  0.0265  0.0265  0.0270  0.0264  0.0271  0.0258  0.0259
  0.0257  0.0260  0.0254  0.0256  0.0260  0.0260  0.0258  0.0260  0.0258  0.0262  0.0256  0.0255
  0.0255  0.0255  0.0254  0.0254  0.0254  0.0255  0.0256  0.0256  0.0256  0.0256  0.0255  0.0255
  0.0258  0.0254  0.0257  0.0252  0.0255  0.0254  0.0258  0.0259  0.0257  0.0255  0.0256  0.0257
  0.0267  0.0259  0.0264  0.0258  0.0275  0.0263  0.0264  0.0269  0.0262  0.0261  0.0258  0.0261
  0.0281  0.0268  0.0274  0.0278  0.0305  0.0285  0.0273  0.0288  0.0271  0.0274  0.0262  0.0267
niter,ni,del,rscale     1    3    5.0000    1.2000
parameters
   -2.7147   33.3398    4.6937   -9.1598  -22.6719   -6.7748
    3.9753   -1.6527   -2.5296   16.2876    7.0115  -11.5536
eta,q 0.97448 10.31404
  0.0278  0.0281  0.0266  0.0270  0.0289  0.0271  0.0274  0.0285  0.0272  0.0282  0.0262  0.0265
  0.0265  0.0268  0.0259  0.0261  0.0273  0.0265  0.0264  0.0270  0.0264  0.0269  0.0258  0.0259
  0.0257  0.0259  0.0255  0.0257  0.0261  0.0259  0.0258  0.0260  0.0258  0.0260  0.0256  0.0256
  0.0255  0.0255  0.0255  0.0254  0.0254  0.0255  0.0256  0.0256  0.0256  0.0256  0.0255  0.0255
  0.0258  0.0256  0.0257  0.0253  0.0255  0.0254  0.0258  0.0258  0.0257  0.0256  0.0256  0.0257
  0.0266  0.0261  0.0264  0.0258  0.0272  0.0262  0.0264  0.0268  0.0263  0.0263  0.0258  0.0261
  0.0279  0.0271  0.0273  0.0276  0.0302  0.0282  0.0274  0.0287  0.0272  0.0277  0.0262  0.0266
registration optimization eta report
parameter search radius
    2.4000    2.4000    2.7600    8.2800   10.9503    7.2000
    7.2000    7.2000    7.2000    7.2000    7.2000    7.2000
100000*second partial in parameter space
       41.       37.       19.        3.        3.        4.
        3.        6.        3.        5.        1.        2.
  0.0278  0.0281  0.0266  0.0270  0.0289  0.0271  0.0274  0.0285  0.0272  0.0282  0.0262  0.0265
  0.0265  0.0268  0.0259  0.0261  0.0273  0.0265  0.0264  0.0270  0.0264  0.0269  0.0258  0.0259
  0.0257  0.0259  0.0255  0.0257  0.0261  0.0259  0.0258  0.0260  0.0258  0.0260  0.0256  0.0256
  0.0255  0.0255  0.0255  0.0254  0.0254  0.0255  0.0256  0.0256  0.0256  0.0256  0.0255  0.0255
  0.0258  0.0256  0.0257  0.0253  0.0255  0.0254  0.0258  0.0258  0.0257  0.0256  0.0256  0.0257
  0.0266  0.0261  0.0264  0.0258  0.0272  0.0262  0.0264  0.0268  0.0263  0.0263  0.0258  0.0261
  0.0279  0.0271  0.0273  0.0276  0.0302  0.0282  0.0274  0.0287  0.0272  0.0277  0.0262  0.0266
   -2.7147   33.3398    4.6937   -9.1598  -22.6719   -6.7748
    3.9753   -1.6527   -2.5296   16.2876    7.0115  -11.5536
eta,q 0.97448 10.31404

---------------------------------------------------------------------
imgreg_4dfp /opt/freesurfer/average/711-2C_as_mni_average_305 /opt/freesurfer/average/711-2B_as_mni_average_305_mask talsrcimg_g11 none talsrcimg_to_711-2C_as_mni_average_305_t4 2311
---------------------------------------------------------------------

freesurfer imgreg_4dfp.c
/opt/freesurfer/average/711-2C_as_mni_average_305.4dfp.img
       256       256       256         1
  1.000000  1.000000  1.000000
orientation T byte_order littleendian
Reading image: /opt/freesurfer/average/711-2C_as_mni_average_305.4dfp.img
dimensions:      256       256       256
mmppix:       1.0000   -1.0000   -1.0000
center:     128.0000 -129.0000 -129.0000
/opt/freesurfer/average/711-2B_as_mni_average_305_mask.4dfp.img
       256       256       256         1
  1.000000  1.000000  1.000000
orientation T byte_order littleendian
Reading mask: /opt/freesurfer/average/711-2B_as_mni_average_305_mask.4dfp.img (2306576 pixels)
talsrcimg_g11.4dfp.img
       256       256       256         1
  1.000000  1.000000  1.000000
orientation T byte_order littleendian
Reading image: talsrcimg_g11.4dfp.img
dimensions:      256       256       256
mmppix:       1.0000   -1.0000   -1.0000
center:     128.0000 -129.0000 -129.0000
fimgreg.f
image alignment mode   2311 decimal      907 hex
parameters
   -2.7147   33.3398    4.6937   -9.1598  -22.6719   -6.7748
    3.9753   -1.6527   -2.5296   16.2876    7.0115  -11.5536
eta,q 0.97448 10.31404
niter,ni,del,rscale     5    3    5.0000    0.8000
parameters
   -2.7155   33.4695    4.4782   -7.1959  -20.6088   -6.3490
    3.8499   -1.6010   -2.6115   16.1809    7.5667  -12.1567
eta,q 0.97491 10.55234
  0.0265  0.0266  0.0259  0.0260  0.0265  0.0263  0.0259  0.0266  0.0258  0.0264  0.0256  0.0255
  0.0260  0.0261  0.0256  0.0258  0.0261  0.0259  0.0255  0.0259  0.0254  0.0258  0.0253  0.0253
  0.0256  0.0257  0.0255  0.0256  0.0257  0.0255  0.0252  0.0254  0.0252  0.0253  0.0252  0.0251
  0.0255  0.0255  0.0255  0.0255  0.0254  0.0252  0.0251  0.0251  0.0251  0.0251  0.0251  0.0251
  0.0256  0.0256  0.0256  0.0254  0.0252  0.0251  0.0252  0.0252  0.0252  0.0252  0.0251  0.0252
  0.0260  0.0258  0.0258  0.0254  0.0252  0.0253  0.0255  0.0257  0.0255  0.0258  0.0252  0.0255
  0.0266  0.0263  0.0261  0.0256  0.0255  0.0262  0.0260  0.0267  0.0259  0.0266  0.0254  0.0258
niter,ni,del,rscale     4    3    5.0000    0.7000
parameters
   -2.7382   33.3440    4.6200   -7.4560  -20.8240   -5.8247
    3.8515   -1.6422   -2.7755   16.2590    7.5950  -12.2451
eta,q 0.97496 10.55193
  0.0259  0.0258  0.0256  0.0255  0.0258  0.0261  0.0257  0.0263  0.0256  0.0261  0.0253  0.0255
  0.0255  0.0254  0.0253  0.0253  0.0255  0.0257  0.0253  0.0256  0.0253  0.0256  0.0252  0.0252
  0.0252  0.0251  0.0252  0.0252  0.0252  0.0254  0.0251  0.0252  0.0251  0.0252  0.0251  0.0251
  0.0251  0.0251  0.0251  0.0251  0.0251  0.0251  0.0250  0.0251  0.0250  0.0250  0.0250  0.0250
  0.0252  0.0252  0.0251  0.0250  0.0251  0.0250  0.0251  0.0251  0.0251  0.0251  0.0251  0.0251
  0.0255  0.0256  0.0252  0.0252  0.0255  0.0252  0.0253  0.0256  0.0253  0.0255  0.0252  0.0253
  0.0260  0.0261  0.0254  0.0258  0.0261  0.0259  0.0257  0.0264  0.0256  0.0261  0.0254  0.0255
niter,ni,del,rscale     3    3    5.0000    0.6000
parameters
   -2.7317   33.3409    4.7948   -7.1839  -20.7517   -5.4245
    3.8517   -1.6344   -2.8341   16.2146    7.4839  -12.2417
eta,q 0.97502 10.58581
  0.0257  0.0256  0.0255  0.0254  0.0256  0.0259  0.0255  0.0259  0.0254  0.0258  0.0252  0.0253
  0.0253  0.0253  0.0253  0.0253  0.0253  0.0255  0.0252  0.0254  0.0251  0.0254  0.0251  0.0251
  0.0251  0.0251  0.0251  0.0251  0.0251  0.0252  0.0250  0.0251  0.0250  0.0251  0.0250  0.0250
  0.0250  0.0250  0.0250  0.0250  0.0250  0.0250  0.0250  0.0250  0.0250  0.0250  0.0250  0.0250
  0.0251  0.0251  0.0251  0.0250  0.0250  0.0250  0.0250  0.0250  0.0250  0.0251  0.0250  0.0250
  0.0253  0.0253  0.0251  0.0251  0.0252  0.0251  0.0252  0.0254  0.0252  0.0254  0.0251  0.0251
  0.0257  0.0257  0.0253  0.0254  0.0256  0.0257  0.0255  0.0260  0.0254  0.0259  0.0252  0.0253
niter,ni,del,rscale     2    3    5.0000    0.5000
parameters
   -2.7220   33.3149    4.9433   -6.9609  -20.6239   -5.0693
    3.8010   -1.6151   -2.8632   16.1178    7.2988  -12.2052
eta,q 0.97508 10.61700
  0.0254  0.0254  0.0253  0.0252  0.0254  0.0256  0.0252  0.0256  0.0252  0.0255  0.0251  0.0252
  0.0252  0.0252  0.0251  0.0251  0.0252  0.0253  0.0251  0.0253  0.0250  0.0252  0.0250  0.0250
  0.0250  0.0250  0.0250  0.0250  0.0250  0.0251  0.0250  0.0250  0.0250  0.0250  0.0249  0.0250
  0.0250  0.0250  0.0250  0.0250  0.0250  0.0249  0.0249  0.0249  0.0249  0.0249  0.0249  0.0249
  0.0250  0.0250  0.0250  0.0249  0.0250  0.0249  0.0250  0.0250  0.0249  0.0250  0.0249  0.0249
  0.0252  0.0252  0.0250  0.0250  0.0251  0.0251  0.0251  0.0252  0.0250  0.0252  0.0250  0.0250
  0.0254  0.0254  0.0252  0.0252  0.0254  0.0254  0.0253  0.0256  0.0252  0.0256  0.0251  0.0252
niter,ni,del,rscale     1    3    5.0000    0.4000
parameters
   -2.7078   33.2740    5.0749   -6.7427  -20.4920   -4.7468
    3.7635   -1.5922   -2.8816   15.9935    7.0570  -12.1785
eta,q 0.97513 10.64659
  0.0252  0.0252  0.0251  0.0251  0.0252  0.0254  0.0251  0.0253  0.0251  0.0252  0.0250  0.0250
  0.0251  0.0250  0.0250  0.0250  0.0251  0.0252  0.0250  0.0251  0.0250  0.0250  0.0249  0.0250
  0.0250  0.0249  0.0250  0.0250  0.0250  0.0250  0.0249  0.0249  0.0249  0.0249  0.0249  0.0249
  0.0249  0.0249  0.0249  0.0249  0.0249  0.0249  0.0249  0.0249  0.0249  0.0249  0.0249  0.0249
  0.0250  0.0250  0.0249  0.0249  0.0249  0.0249  0.0249  0.0249  0.0249  0.0249  0.0249  0.0249
  0.0250  0.0251  0.0250  0.0249  0.0250  0.0250  0.0250  0.0251  0.0250  0.0251  0.0249  0.0249
  0.0252  0.0252  0.0250  0.0251  0.0252  0.0252  0.0251  0.0253  0.0251  0.0253  0.0250  0.0250
registration optimization eta report
parameter search radius
    0.8000    0.8000    0.8000    2.4000    2.4000    2.4000
    2.4000    2.4000    2.4000    2.4000    2.4000    2.4000
100000*second partial in parameter space
       47.       43.       27.        3.        5.        7.
        4.        8.        3.        7.        2.        3.
  0.0252  0.0252  0.0251  0.0251  0.0252  0.0254  0.0251  0.0253  0.0251  0.0252  0.0250  0.0250
  0.0251  0.0250  0.0250  0.0250  0.0251  0.0252  0.0250  0.0251  0.0250  0.0250  0.0249  0.0250
  0.0250  0.0249  0.0250  0.0250  0.0250  0.0250  0.0249  0.0249  0.0249  0.0249  0.0249  0.0249
  0.0249  0.0249  0.0249  0.0249  0.0249  0.0249  0.0249  0.0249  0.0249  0.0249  0.0249  0.0249
  0.0250  0.0250  0.0249  0.0249  0.0249  0.0249  0.0249  0.0249  0.0249  0.0249  0.0249  0.0249
  0.0250  0.0251  0.0250  0.0249  0.0250  0.0250  0.0250  0.0251  0.0250  0.0251  0.0249  0.0249
  0.0252  0.0252  0.0250  0.0251  0.0252  0.0252  0.0251  0.0253  0.0251  0.0253  0.0250  0.0250
   -2.7078   33.2740    5.0749   -6.7427  -20.4920   -4.7468
    3.7635   -1.5922   -2.8816   15.9935    7.0570  -12.1785
eta,q 0.97513 10.64659

---------------------------------------------------------------------
imgreg_4dfp /opt/freesurfer/average/711-2C_as_mni_average_305 /opt/freesurfer/average/711-2B_as_mni_average_305_mask talsrcimg_g11 none talsrcimg_to_711-2C_as_mni_average_305_t4 2311
---------------------------------------------------------------------

freesurfer imgreg_4dfp.c
/opt/freesurfer/average/711-2C_as_mni_average_305.4dfp.img
       256       256       256         1
  1.000000  1.000000  1.000000
orientation T byte_order littleendian
Reading image: /opt/freesurfer/average/711-2C_as_mni_average_305.4dfp.img
dimensions:      256       256       256
mmppix:       1.0000   -1.0000   -1.0000
center:     128.0000 -129.0000 -129.0000
/opt/freesurfer/average/711-2B_as_mni_average_305_mask.4dfp.img
       256       256       256         1
  1.000000  1.000000  1.000000
orientation T byte_order littleendian
Reading mask: /opt/freesurfer/average/711-2B_as_mni_average_305_mask.4dfp.img (2306576 pixels)
talsrcimg_g11.4dfp.img
       256       256       256         1
  1.000000  1.000000  1.000000
orientation T byte_order littleendian
Reading image: talsrcimg_g11.4dfp.img
dimensions:      256       256       256
mmppix:       1.0000   -1.0000   -1.0000
center:     128.0000 -129.0000 -129.0000
fimgreg.f
image alignment mode   2311 decimal      907 hex
parameters
   -2.7078   33.2740    5.0749   -6.7427  -20.4920   -4.7468
    3.7635   -1.5922   -2.8816   15.9935    7.0570  -12.1785
eta,q 0.97513 10.64660
niter,ni,del,rscale     5    3    5.0000    0.8000
parameters
   -2.6690   33.2196    5.2014   -7.6914  -21.0704   -5.0909
    3.8654   -1.5683   -2.6582   16.0597    7.1153  -11.8827
eta,q 0.97501 10.55412
  0.0262  0.0259  0.0257  0.0253  0.0257  0.0261  0.0259  0.0265  0.0258  0.0264  0.0254  0.0257
  0.0255  0.0253  0.0253  0.0251  0.0253  0.0257  0.0254  0.0258  0.0254  0.0257  0.0252  0.0253
  0.0250  0.0250  0.0250  0.0250  0.0251  0.0252  0.0251  0.0252  0.0251  0.0252  0.0251  0.0251
  0.0249  0.0249  0.0249  0.0249  0.0249  0.0250  0.0250  0.0250  0.0250  0.0250  0.0250  0.0250
  0.0250  0.0250  0.0249  0.0249  0.0251  0.0250  0.0251  0.0251  0.0250  0.0251  0.0250  0.0250
  0.0254  0.0254  0.0251  0.0254  0.0255  0.0257  0.0253  0.0256  0.0253  0.0256  0.0252  0.0252
  0.0260  0.0261  0.0255  0.0264  0.0264  0.0269  0.0258  0.0266  0.0256  0.0264  0.0254  0.0255
niter,ni,del,rscale     4    3    5.0000    0.7000
parameters
   -2.6881   33.2418    5.1054   -7.5303  -20.9492   -5.1338
    3.8507   -1.5822   -2.6885   16.0412    7.1804  -11.9569
eta,q 0.97502 10.56754
  0.0258  0.0258  0.0254  0.0254  0.0257  0.0260  0.0256  0.0262  0.0255  0.0260  0.0253  0.0254
  0.0254  0.0254  0.0252  0.0253  0.0254  0.0256  0.0253  0.0256  0.0252  0.0255  0.0251  0.0252
  0.0251  0.0251  0.0250  0.0251  0.0251  0.0252  0.0251  0.0252  0.0250  0.0251  0.0250  0.0250
  0.0250  0.0250  0.0250  0.0250  0.0250  0.0250  0.0250  0.0250  0.0250  0.0250  0.0250  0.0250
  0.0251  0.0251  0.0251  0.0249  0.0250  0.0250  0.0250  0.0251  0.0250  0.0251  0.0250  0.0250
  0.0254  0.0253  0.0253  0.0251  0.0252  0.0254  0.0253  0.0255  0.0252  0.0255  0.0251  0.0252
  0.0259  0.0258  0.0256  0.0255  0.0258  0.0263  0.0256  0.0263  0.0255  0.0261  0.0253  0.0255
niter,ni,del,rscale     3    3    5.0000    0.6000
parameters
   -2.6963   33.2481    5.0831   -7.2112  -20.7608   -5.0134
    3.8140   -1.5842   -2.7555   16.0093    7.1559  -12.0441
eta,q 0.97507 10.59880
  0.0256  0.0256  0.0253  0.0253  0.0255  0.0258  0.0254  0.0258  0.0253  0.0257  0.0252  0.0253
  0.0252  0.0252  0.0251  0.0252  0.0253  0.0254  0.0251  0.0254  0.0251  0.0253  0.0250  0.0251
  0.0250  0.0250  0.0250  0.0251  0.0251  0.0251  0.0250  0.0251  0.0250  0.0250  0.0250  0.0250
  0.0250  0.0250  0.0250  0.0250  0.0250  0.0249  0.0249  0.0249  0.0249  0.0249  0.0249  0.0249
  0.0250  0.0250  0.0250  0.0249  0.0249  0.0249  0.0250  0.0250  0.0250  0.0250  0.0250  0.0250
  0.0253  0.0252  0.0252  0.0250  0.0251  0.0252  0.0251  0.0253  0.0251  0.0253  0.0250  0.0251
  0.0256  0.0256  0.0254  0.0253  0.0255  0.0258  0.0254  0.0259  0.0254  0.0258  0.0252  0.0253
niter,ni,del,rscale     2    3    5.0000    0.5000
parameters
   -2.6991   33.2408    5.1154   -6.9441  -20.5949   -4.8227
    3.7803   -1.5763   -2.7984   15.9454    7.0817  -12.0918
eta,q 0.97511 10.62808
  0.0254  0.0254  0.0252  0.0252  0.0254  0.0256  0.0252  0.0256  0.0252  0.0255  0.0251  0.0251
  0.0251  0.0251  0.0251  0.0251  0.0252  0.0253  0.0250  0.0252  0.0250  0.0252  0.0250  0.0250
  0.0250  0.0250  0.0250  0.0250  0.0250  0.0251  0.0249  0.0250  0.0249  0.0250  0.0249  0.0249
  0.0249  0.0249  0.0249  0.0249  0.0249  0.0249  0.0249  0.0249  0.0249  0.0249  0.0249  0.0249
  0.0250  0.0250  0.0250  0.0249  0.0249  0.0249  0.0249  0.0249  0.0249  0.0250  0.0249  0.0249
  0.0251  0.0251  0.0250  0.0250  0.0250  0.0251  0.0250  0.0252  0.0250  0.0252  0.0250  0.0250
  0.0254  0.0254  0.0252  0.0252  0.0253  0.0255  0.0252  0.0256  0.0252  0.0255  0.0251  0.0252
niter,ni,del,rscale     1    3    5.0000    0.4000
parameters
   -2.6945   33.2210    5.1848   -6.7146  -20.4487   -4.5939
    3.7328   -1.5589   -2.8381   15.8691    6.9407  -12.1053
eta,q 0.97514 10.65524
  0.0252  0.0252  0.0251  0.0251  0.0252  0.0254  0.0251  0.0253  0.0250  0.0252  0.0250  0.0250
  0.0250  0.0250  0.0250  0.0250  0.0250  0.0251  0.0250  0.0251  0.0249  0.0250  0.0249  0.0249
  0.0249  0.0249  0.0249  0.0249  0.0249  0.0250  0.0249  0.0249  0.0249  0.0249  0.0249  0.0249
  0.0249  0.0249  0.0249  0.0249  0.0249  0.0249  0.0249  0.0249  0.0249  0.0249  0.0249  0.0249
  0.0249  0.0249  0.0249  0.0249  0.0249  0.0249  0.0249  0.0249  0.0249  0.0249  0.0249  0.0249
  0.0250  0.0250  0.0249  0.0249  0.0250  0.0250  0.0250  0.0250  0.0249  0.0251  0.0249  0.0249
  0.0252  0.0252  0.0250  0.0251  0.0251  0.0252  0.0251  0.0253  0.0250  0.0253  0.0250  0.0250
registration optimization eta report
parameter search radius
    0.8000    0.8000    0.8000    2.4000    2.4000    2.4000
    2.4000    2.4000    2.4000    2.4000    2.4000    2.4000
100000*second partial in parameter space
       47.       44.       27.        3.        5.        7.
        4.        8.        3.        7.        2.        3.
  0.0252  0.0252  0.0251  0.0251  0.0252  0.0254  0.0251  0.0253  0.0250  0.0252  0.0250  0.0250
  0.0250  0.0250  0.0250  0.0250  0.0250  0.0251  0.0250  0.0251  0.0249  0.0250  0.0249  0.0249
  0.0249  0.0249  0.0249  0.0249  0.0249  0.0250  0.0249  0.0249  0.0249  0.0249  0.0249  0.0249
  0.0249  0.0249  0.0249  0.0249  0.0249  0.0249  0.0249  0.0249  0.0249  0.0249  0.0249  0.0249
  0.0249  0.0249  0.0249  0.0249  0.0249  0.0249  0.0249  0.0249  0.0249  0.0249  0.0249  0.0249
  0.0250  0.0250  0.0249  0.0249  0.0250  0.0250  0.0250  0.0250  0.0249  0.0251  0.0249  0.0249
  0.0252  0.0252  0.0250  0.0251  0.0251  0.0252  0.0251  0.0253  0.0250  0.0253  0.0250  0.0250
   -2.6945   33.2210    5.1848   -6.7146  -20.4487   -4.5939
    3.7328   -1.5589   -2.8381   15.8691    6.9407  -12.1053
eta,q 0.97514 10.65524

---------------------------------------------------------------------
compute_vox2vox talsrcimg talsrcimg_to_711-2C_as_mni_average_305_t4 /opt/freesurfer/average/711-2C_as_mni_average_305
---------------------------------------------------------------------

freesurfer compute_vox2vox.c
Reading: talsrcimg.4dfp.ifh
Reading: talsrcimg_to_711-2C_as_mni_average_305_t4
Reading: /opt/freesurfer/average/711-2C_as_mni_average_305.4dfp.ifh
Writing: talsrcimg_to_711-2C_as_mni_average_305_t4_vox2vox.txt

start time Tue Mar 10 09:15:47 CET 2026
end		time Tue Mar 10 09:17:13 CET 2026

mpr2mni305 success

avi2talxfm orig_nu.mgz /opt/freesurfer/average/mni305.cor.mgz talsrcimg_to_711-2C_as_mni_average_305_t4_vox2vox.txt transforms/talairach.auto.xfm
avi2talxfm done
mv -f /out/sourcedata/freesurfer/sub-v2s0x29029_ses-1/mri/talsrcimg_to_711-2C_as_mni_average_305_t4_vox2vox.txt /out/sourcedata/freesurfer/sub-v2s0x29029_ses-1/mri/transforms/talsrcimg_to_711-2C_as_mni_average_305_t4_vox2vox.txt
lta_convert --src orig_nu.mgz --trg /opt/freesurfer/average/mni305.cor.mgz --inxfm transforms/talairach.auto.xfm --outlta transforms/talairach.auto.xfm.lta --subject fsaverage
7.3.2

--src: orig_nu.mgz src image (geometry).
--trg: /opt/freesurfer/average/mni305.cor.mgz trg image (geometry).
--inmni: transforms/talairach.auto.xfm input MNI/XFM transform.
--outlta: transforms/talairach.auto.xfm.lta output LTA.
--s: fsaverage subject name
 LTA read, type : 1
 1.06870   0.02517  -0.04632  -1.61835;
-0.07111   1.02060   0.15864  -47.63812;
 0.05231  -0.20269   1.22375  -21.55527;
 0.00000   0.00000   0.00000   1.00000;
setting subject to fsaverage
Writing  LTA to file transforms/talairach.auto.xfm.lta...
lta_convert successful.
 
 
Started at Tue Mar 10 09:15:46 CET 2026
Ended   at Tue Mar 10 09:17:13 CET 2026
talairach_avi done
