status file for recon-all
Tue Mar 10 08:51:14 CET 2026
#@# T2/FLAIR Input Tue Mar 10 08:51:16 CET 2026
#@# MotionCor Tue Mar 10 08:51:18 CET 2026
#@# Talairach Tue Mar 10 08:51:25 CET 2026
#@# Talairach Failure Detection Tue Mar 10 08:55:50 CET 2026
#@# Nu Intensity Correction Tue Mar 10 08:55:50 CET 2026
#@# Intensity Normalization Tue Mar 10 08:59:05 CET 2026
recon-all -s sub-v2s0x29024_ses-1 finished without error at Tue Mar 10 09:00:41 CET 2026



#New# invocation of recon-all 



status file for recon-all
Tue Mar 10 09:07:54 CET 2026
#@# EM Registration Tue Mar 10 09:07:54 CET 2026
recon-all -s sub-v2s0x29024_ses-1 finished without error at Tue Mar 10 09:09:30 CET 2026



#New# invocation of recon-all 



status file for recon-all
Tue Mar 10 09:09:33 CET 2026
#@# CA Normalize Tue Mar 10 09:09:33 CET 2026
#@# CA Reg Tue Mar 10 09:10:58 CET 2026
#@# SubCort Seg Tue Mar 10 09:55:00 CET 2026
#@# CC Seg Tue Mar 10 10:26:13 CET 2026
#@# Merge ASeg Tue Mar 10 10:26:52 CET 2026
#@# Intensity Normalization2 Tue Mar 10 10:26:52 CET 2026
#@# Mask BFS Tue Mar 10 10:29:15 CET 2026
#@# WM Segmentation Tue Mar 10 10:29:16 CET 2026
#@# Fill Tue Mar 10 10:31:12 CET 2026
recon-all -s sub-v2s0x29024_ses-1 finished without error at Tue Mar 10 10:32:11 CET 2026



#New# invocation of recon-all 



status file for recon-all
Tue Mar 10 11:11:34 CET 2026
#@# Refine Pial Surfs w/ T2/FLAIR Tue Mar 10 11:11:34 CET 2026
#@# white curv lh Tue Mar 10 11:36:42 CET 2026
#@# white area lh Tue Mar 10 11:36:42 CET 2026
#@# pial curv lh Tue Mar 10 11:36:42 CET 2026
#@# pial area lh Tue Mar 10 11:36:44 CET 2026
#@# thickness lh Tue Mar 10 11:36:44 CET 2026
#@# area and vertex vol lh Tue Mar 10 11:37:14 CET 2026
#@# white curv rh Tue Mar 10 11:37:16 CET 2026
#@# white area rh Tue Mar 10 11:37:16 CET 2026
#@# pial curv rh Tue Mar 10 11:37:16 CET 2026
#@# pial area rh Tue Mar 10 11:37:17 CET 2026
#@# thickness rh Tue Mar 10 11:37:18 CET 2026
#@# area and vertex vol rh Tue Mar 10 11:37:48 CET 2026
#@# Cortical ribbon mask Tue Mar 10 11:37:49 CET 2026
recon-all -s sub-v2s0x29024_ses-1 finished without error at Tue Mar 10 11:42:17 CET 2026



#New# invocation of recon-all 



status file for recon-all
Tue Mar 10 11:48:32 CET 2026
#@# white curv lh Tue Mar 10 11:48:32 CET 2026
#@# white area lh Tue Mar 10 11:48:32 CET 2026
#@# pial curv lh Tue Mar 10 11:48:32 CET 2026
#@# pial area lh Tue Mar 10 11:48:32 CET 2026
#@# thickness lh Tue Mar 10 11:48:32 CET 2026
#@# area and vertex vol lh Tue Mar 10 11:48:32 CET 2026
#@# white curv rh Tue Mar 10 11:48:32 CET 2026
#@# white area rh Tue Mar 10 11:48:32 CET 2026
#@# pial curv rh Tue Mar 10 11:48:32 CET 2026
#@# pial area rh Tue Mar 10 11:48:32 CET 2026
#@# thickness rh Tue Mar 10 11:48:32 CET 2026
#@# area and vertex vol rh Tue Mar 10 11:48:32 CET 2026
#@# Curvature Stats lh Tue Mar 10 11:48:32 CET 2026
#@# Curvature Stats rh Tue Mar 10 11:48:35 CET 2026
#@# Relabel Hypointensities Tue Mar 10 11:48:37 CET 2026
#@# APas-to-ASeg Tue Mar 10 11:48:51 CET 2026
#@# AParc-to-ASeg aparc Tue Mar 10 11:48:58 CET 2026
#@# AParc-to-ASeg aparc.a2009s Tue Mar 10 11:49:15 CET 2026
#@# AParc-to-ASeg aparc.DKTatlas Tue Mar 10 11:49:32 CET 2026
#@# WMParc Tue Mar 10 11:49:49 CET 2026
#@# ASeg Stats Tue Mar 10 11:53:20 CET 2026
recon-all -s sub-v2s0x29024_ses-1 finished without error at Tue Mar 10 11:53:51 CET 2026
