status file for recon-all
Thu Mar 12 16:29:27 CET 2026
#@# MotionCor Thu Mar 12 16:29:29 CET 2026
#@# Talairach Thu Mar 12 16:29:37 CET 2026
#@# Talairach Failure Detection Thu Mar 12 16:34:00 CET 2026
#@# Nu Intensity Correction Thu Mar 12 16:34:00 CET 2026
#@# Intensity Normalization Thu Mar 12 16:37:17 CET 2026
recon-all -s sub-v2s0x29006_ses-1 finished without error at Thu Mar 12 16:38:49 CET 2026



#New# invocation of recon-all 



status file for recon-all
Thu Mar 12 16:46:10 CET 2026
#@# EM Registration Thu Mar 12 16:46:10 CET 2026
recon-all -s sub-v2s0x29006_ses-1 finished without error at Thu Mar 12 16:47:54 CET 2026



#New# invocation of recon-all 



status file for recon-all
Thu Mar 12 16:47:56 CET 2026
#@# CA Normalize Thu Mar 12 16:47:56 CET 2026
#@# CA Reg Thu Mar 12 16:49:18 CET 2026
#@# SubCort Seg Thu Mar 12 17:33:25 CET 2026
#@# CC Seg Thu Mar 12 18:04:09 CET 2026
#@# Merge ASeg Thu Mar 12 18:04:47 CET 2026
#@# Intensity Normalization2 Thu Mar 12 18:04:47 CET 2026
#@# Mask BFS Thu Mar 12 18:07:08 CET 2026
#@# WM Segmentation Thu Mar 12 18:07:09 CET 2026
#@# Fill Thu Mar 12 18:09:11 CET 2026
recon-all -s sub-v2s0x29006_ses-1 finished without error at Thu Mar 12 18:10:11 CET 2026



#New# invocation of recon-all 



status file for recon-all
Thu Mar 12 18:55:03 CET 2026
#@# white curv lh Thu Mar 12 18:55:03 CET 2026
#@# white area lh Thu Mar 12 18:55:03 CET 2026
#@# pial curv lh Thu Mar 12 18:55:03 CET 2026
#@# pial area lh Thu Mar 12 18:55:03 CET 2026
#@# thickness lh Thu Mar 12 18:55:03 CET 2026
#@# area and vertex vol lh Thu Mar 12 18:55:03 CET 2026
#@# white curv rh Thu Mar 12 18:55:03 CET 2026
#@# white area rh Thu Mar 12 18:55:03 CET 2026
#@# pial curv rh Thu Mar 12 18:55:03 CET 2026
#@# pial area rh Thu Mar 12 18:55:03 CET 2026
#@# thickness rh Thu Mar 12 18:55:03 CET 2026
#@# area and vertex vol rh Thu Mar 12 18:55:03 CET 2026
#@# Cortical ribbon mask Thu Mar 12 18:55:03 CET 2026
recon-all -s sub-v2s0x29006_ses-1 finished without error at Thu Mar 12 19:01:48 CET 2026



#New# invocation of recon-all 



status file for recon-all
Thu Mar 12 19:08:29 CET 2026
#@# white curv lh Thu Mar 12 19:08:29 CET 2026
#@# white area lh Thu Mar 12 19:08:29 CET 2026
#@# pial curv lh Thu Mar 12 19:08:29 CET 2026
#@# pial area lh Thu Mar 12 19:08:29 CET 2026
#@# thickness lh Thu Mar 12 19:08:29 CET 2026
#@# area and vertex vol lh Thu Mar 12 19:08:29 CET 2026
#@# white curv rh Thu Mar 12 19:08:29 CET 2026
#@# white area rh Thu Mar 12 19:08:29 CET 2026
#@# pial curv rh Thu Mar 12 19:08:29 CET 2026
#@# pial area rh Thu Mar 12 19:08:29 CET 2026
#@# thickness rh Thu Mar 12 19:08:29 CET 2026
#@# area and vertex vol rh Thu Mar 12 19:08:29 CET 2026
#@# Curvature Stats lh Thu Mar 12 19:08:29 CET 2026
#@# Curvature Stats rh Thu Mar 12 19:08:32 CET 2026
#@# Relabel Hypointensities Thu Mar 12 19:08:34 CET 2026
#@# APas-to-ASeg Thu Mar 12 19:08:49 CET 2026
#@# AParc-to-ASeg aparc Thu Mar 12 19:08:57 CET 2026
#@# AParc-to-ASeg aparc.a2009s Thu Mar 12 19:09:24 CET 2026
#@# AParc-to-ASeg aparc.DKTatlas Thu Mar 12 19:09:53 CET 2026
#@# WMParc Thu Mar 12 19:10:20 CET 2026
#@# ASeg Stats Thu Mar 12 19:13:58 CET 2026
recon-all -s sub-v2s0x29006_ses-1 finished without error at Thu Mar 12 19:14:36 CET 2026
