/out/sourcedata/freesurfer/sub-v2s0x29051_ses-1/mri
/opt/freesurfer/bin/talairach_avi
--i orig_nu.mgz --xfm transforms/talairach.auto.xfm
talairach_avi 7.3.2
Linux dna059 5.14.0-427.37.1.el9_4.x86_64 #1 SMP PREEMPT_DYNAMIC Fri Sep 13 12:41:50 EDT 2024 x86_64 x86_64 x86_64 GNU/Linux
Tue Mar 10 12:51:05 CET 2026
mri_convert orig_nu.mgz talsrcimg.img 
reading from orig_nu.mgz...
TR=0.00, TE=0.00, TI=0.00, flip angle=0.00
i_ras = (-1, 0, 0)
j_ras = (0, 0, -1)
k_ras = (0, 1, 0)
writing to talsrcimg.img...
Analyze Output Matrix
-1.00000   0.00000   0.00000   134.28372;
 0.00000   0.00000   1.00000  -90.68524;
 0.00000  -1.00000   0.00000   118.77861;
 0.00000   0.00000   0.00000   1.00000;
--------------------
INFO: set hdr.hist.orient to -1
mpr2mni305 talsrcimg
Tue Mar 10 12:51:06 CET 2026
/opt/freesurfer/bin/mpr2mni305 talsrcimg
mpr2mni305 7.3.2
target=711-2C_as_mni_average_305

---------------------------------------------------------------------
analyzeto4dfp talsrcimg -O0 -y
---------------------------------------------------------------------

freesurfer ifh2hdr.c
Tue Mar 10 12:51:06 2026
Writing: talsrcimg.4dfp.hdr
freesurfer analyzeto4dfp.c
Reading: talsrcimg.hdr
header size 348 bytes
hdr.dime.datatype	offset=70	value=2
hdr.dime.bitpix		offset=72	value=8
hdr.hist.orient		offset=252	value=-1
dimensionality     4
dimensions       256       256       256         1
Reading: talsrcimg.img
Writing: talsrcimg.4dfp.img
Writing: talsrcimg.4dfp.ifh
ifh2hdr talsrcimg -r0to255
ori=2

---------------------------------------------------------------------
gauss_4dfp talsrcimg 1.1
---------------------------------------------------------------------

freesurfer gauss_4dfp.c
Reading: talsrcimg.4dfp.img
Writing: talsrcimg_g11.4dfp.img
image dimensions 256 256 256 padded to 288 288 288
processing volume 1freesurfer ifh2hdr.c
Tue Mar 10 12:51:08 2026
Writing: talsrcimg_g11.4dfp.hdr

Writing: talsrcimg_g11.4dfp.ifh
including: talsrcimg.4dfp.img.rec in talsrcimg_g11.4dfp.img.rec

---------------------------------------------------------------------
imgreg_4dfp /opt/freesurfer/average/711-2C_as_mni_average_305 none talsrcimg_g11 none talsrcimg_to_711-2C_as_mni_average_305_t4 4355
---------------------------------------------------------------------

freesurfer imgreg_4dfp.c
/opt/freesurfer/average/711-2C_as_mni_average_305.4dfp.img
       256       256       256         1
  1.000000  1.000000  1.000000
orientation T byte_order littleendian
Reading image: /opt/freesurfer/average/711-2C_as_mni_average_305.4dfp.img
dimensions:      256       256       256
mmppix:       1.0000   -1.0000   -1.0000
center:     128.0000 -129.0000 -129.0000
talsrcimg_g11.4dfp.img
       256       256       256         1
  1.000000  1.000000  1.000000
orientation T byte_order littleendian
Reading image: talsrcimg_g11.4dfp.img
dimensions:      256       256       256
mmppix:       1.0000   -1.0000   -1.0000
center:     128.0000 -129.0000 -129.0000
t4_read: open error in t4_sub.f l:  41 t4_file(1:l)talsrcimg_to_711-2C_as_mni_average_305_t4 
t4_read: transform initialized to I4
rotation matrix determinant  1.000000
image alignment mode   4355 decimal     1103 hex
   -7.5000  -45.0000  -45.000010074.8594   10.4435
    0.0000  -45.0000  -45.000010454.7305   10.4751
    7.5000  -45.0000  -45.0000 9902.5400   10.5376
   -7.5000  -37.5000  -45.000010187.3779   10.4787
    0.0000  -37.5000  -45.000010570.7441   10.5083
    7.5000  -37.5000  -45.0000 9996.5312   10.5707
   -7.5000  -30.0000  -45.000010594.8545   10.2834
    0.0000  -30.0000  -45.000010967.5098   10.3110
    7.5000  -30.0000  -45.000010357.3262   10.3714
   -7.5000  -22.5000  -45.000011039.2500   10.1488
    0.0000  -22.5000  -45.000011402.0957   10.1775
    7.5000  -22.5000  -45.000010760.7920   10.2355
   -7.5000  -15.0000  -45.000011474.6660   10.0965
    0.0000  -15.0000  -45.000011849.1035   10.1271
    7.5000  -15.0000  -45.000011188.7119   10.1835
   -7.5000   -7.5000  -45.000011849.4404   10.0663
    0.0000   -7.5000  -45.000012246.1172   10.0971
    7.5000   -7.5000  -45.000011576.6533   10.1535
   -7.5000    0.0000  -45.000012132.0830   10.0630
    0.0000    0.0000  -45.000012574.1357   10.0923
    7.5000    0.0000  -45.000011892.9229   10.1501
   -7.5000    7.5000  -45.000011532.7178   10.2514
    0.0000    7.5000  -45.000011965.9160   10.2795
    7.5000    7.5000  -45.000011325.9365   10.3395
   -7.5000   15.0000  -45.000010920.3535   10.5212
    0.0000   15.0000  -45.000011358.8076   10.5493
    7.5000   15.0000  -45.000010736.9678   10.6121
   -7.5000   22.5000  -45.000010301.0176   10.8287
    0.0000   22.5000  -45.000010706.8066   10.8587
    7.5000   22.5000  -45.000010131.3340   10.9225
   -7.5000   30.0000  -45.0000 9669.5410   11.0213
    0.0000   30.0000  -45.000010047.9482   11.0535
    7.5000   30.0000  -45.0000 9524.6221   11.1183
   -7.5000   37.5000  -45.0000 9395.0635   11.3925
    0.0000   37.5000  -45.0000 9767.7002   11.4247
    7.5000   37.5000  -45.0000 9242.7607   11.4911
   -7.5000   45.0000  -45.0000 8846.4941   11.5292
    0.0000   45.0000  -45.0000 9214.6885   11.5590
    7.5000   45.0000  -45.0000 8715.2969   11.6272
   -7.5000  -45.0000  -37.500010512.0879   10.4200
    0.0000  -45.0000  -37.500010912.2979   10.4523
    7.5000  -45.0000  -37.500010329.5322   10.5128
   -7.5000  -37.5000  -37.500010667.4375   10.4545
    0.0000  -37.5000  -37.500011059.6982   10.4849
    7.5000  -37.5000  -37.500010446.6211   10.5461
   -7.5000  -30.0000  -37.500011149.7959   10.2595
    0.0000  -30.0000  -37.500011541.0107   10.2875
    7.5000  -30.0000  -37.500010872.1729   10.3472
   -7.5000  -22.5000  -37.500011637.2568   10.1250
    0.0000  -22.5000  -37.500012012.6670   10.1535
    7.5000  -22.5000  -37.500011312.9980   10.2107
   -7.5000  -15.0000  -37.500012108.2754   10.0729
    0.0000  -15.0000  -37.500012497.2686   10.1032
    7.5000  -15.0000  -37.500011775.7578   10.1583
   -7.5000   -7.5000  -37.500012502.8809   10.0432
    0.0000   -7.5000  -37.500012911.5146   10.0740
    7.5000   -7.5000  -37.500012188.2637   10.1285
   -7.5000    0.0000  -37.500012805.7578   10.0400
    0.0000    0.0000  -37.500013257.1113   10.0699
    7.5000    0.0000  -37.500012540.5859   10.1258
   -7.5000    7.5000  -37.500012179.2168   10.2283
    0.0000    7.5000  -37.500012605.2656   10.2571
    7.5000    7.5000  -37.500011946.8574   10.3159
   -7.5000   15.0000  -37.500011549.9795   10.4951
    0.0000   15.0000  -37.500011977.6709   10.5234
    7.5000   15.0000  -37.500011329.4951   10.5852
   -7.5000   22.5000  -37.500010870.3281   10.7997
    0.0000   22.5000  -37.500011263.6826   10.8294
    7.5000   22.5000  -37.500010686.0205   10.8915
   -7.5000   30.0000  -37.500010185.7393   10.9941
    0.0000   30.0000  -37.500010555.9990   11.0258
    7.5000   30.0000  -37.500010029.5869   11.0885
   -7.5000   37.5000  -37.5000 9890.7510   11.3623
    0.0000   37.5000  -37.500010268.6670   11.3944
    7.5000   37.5000  -37.5000 9736.1318   11.4596
   -7.5000   45.0000  -37.5000 9331.8691   11.4984
    0.0000   45.0000  -37.5000 9691.1074   11.5284
    7.5000   45.0000  -37.5000 9201.7334   11.5954
   -7.5000  -45.0000  -30.000011113.5264   10.8486
    0.0000  -45.0000  -30.000011541.0088   10.8813
    7.5000  -45.0000  -30.000010920.6191   10.9455
   -7.5000  -37.5000  -30.000011318.5479   10.8857
    0.0000  -37.5000  -30.000011742.1562   10.9168
    7.5000  -37.5000  -30.000011089.5615   10.9811
   -7.5000  -30.0000  -30.000011869.6006   10.6845
    0.0000  -30.0000  -30.000012296.6768   10.7128
    7.5000  -30.0000  -30.000011585.0020   10.7750
   -7.5000  -22.5000  -30.000012410.4453   10.5431
    0.0000  -22.5000  -30.000012827.8662   10.5717
    7.5000  -22.5000  -30.000012078.7959   10.6315
   -7.5000  -15.0000  -30.000012943.9531   10.4871
    0.0000  -15.0000  -30.000013365.6104   10.5171
    7.5000  -15.0000  -30.000012581.4795   10.5755
   -7.5000   -7.5000  -30.000013356.5508   10.4552
    0.0000   -7.5000  -30.000013819.5293   10.4858
    7.5000   -7.5000  -30.000013045.2041   10.5440
   -7.5000    0.0000  -30.000013684.1533   10.4528
    0.0000    0.0000  -30.000014200.3076   10.4828
    7.5000    0.0000  -30.000013436.8301   10.5421
   -7.5000    7.5000  -30.000013028.1055   10.6509
    0.0000    7.5000  -30.000013503.8662   10.6802
    7.5000    7.5000  -30.000012809.7168   10.7418
   -7.5000   15.0000  -30.000012374.3633   10.9280
    0.0000   15.0000  -30.000012819.6338   10.9565
    7.5000   15.0000  -30.000012159.9238   11.0208
   -7.5000   22.5000  -30.000011645.3770   11.2413
    0.0000   22.5000  -30.000012039.1729   11.2708
    7.5000   22.5000  -30.000011441.4355   11.3356
   -7.5000   30.0000  -30.000010888.8535   11.4449
    0.0000   30.0000  -30.000011258.0898   11.4761
    7.5000   30.0000  -30.000010707.9297   11.5421
   -7.5000   37.5000  -30.000010573.1133   11.8289
    0.0000   37.5000  -30.000010940.5449   11.8599
    7.5000   37.5000  -30.000010421.3965   11.9293
   -7.5000   45.0000  -30.0000 9973.3662   11.9804
    0.0000   45.0000  -30.000010315.0508   12.0092
    7.5000   45.0000  -30.0000 9835.4805   12.0800
   -7.5000  -45.0000  -22.500011722.5781   11.2299
    0.0000  -45.0000  -22.500012164.2334   11.2618
    7.5000  -45.0000  -22.500011525.7012   11.3319
   -7.5000  -37.5000  -22.500011954.0674   11.2705
    0.0000  -37.5000  -22.500012397.5615   11.3007
    7.5000  -37.5000  -22.500011725.6660   11.3695
   -7.5000  -30.0000  -22.500012555.4688   11.0648
    0.0000  -30.0000  -22.500013003.2959   11.0926
    7.5000  -30.0000  -22.500012278.8125   11.1578
   -7.5000  -22.5000  -22.500013180.7031   10.9180
    0.0000  -22.5000  -22.500013621.9365   10.9461
    7.5000  -22.5000  -22.500012841.5400   11.0090
   -7.5000  -15.0000  -22.500013784.0371   10.8577
    0.0000  -15.0000  -22.500014223.9004   10.8873
    7.5000  -15.0000  -22.500013399.9199   10.9499
   -7.5000   -7.5000  -22.500014260.1162   10.8228
    0.0000   -7.5000  -22.500014756.1152   10.8529
    7.5000   -7.5000  -22.500013905.3877   10.9164
   -7.5000    0.0000  -22.500014617.1357   10.8206
    0.0000    0.0000  -22.500015172.2656   10.8499
    7.5000    0.0000  -22.500014321.0215   10.9147
   -7.5000    7.5000  -22.500013911.1133   11.0276
    0.0000    7.5000  -22.500014448.4590   11.0562
    7.5000    7.5000  -22.500013677.2578   11.1221
   -7.5000   15.0000  -22.500013211.6318   11.3173
    0.0000   15.0000  -22.500013701.2520   11.3451
    7.5000   15.0000  -22.500012986.9785   11.4126
   -7.5000   22.5000  -22.500012429.1963   11.6405
    0.0000   22.5000  -22.500012866.6494   11.6697
    7.5000   22.5000  -22.500012200.9521   11.7384
   -7.5000   30.0000  -22.500011612.0264   11.8498
    0.0000   30.0000  -22.500012012.3662   11.8805
    7.5000   30.0000  -22.500011415.6074   11.9516
   -7.5000   37.5000  -22.500011266.8154   12.2502
    0.0000   37.5000  -22.500011642.5518   12.2796
    7.5000   37.5000  -22.500011096.3281   12.3544
   -7.5000   45.0000  -22.500010598.8887   12.4163
    0.0000   45.0000  -22.500010936.7471   12.4435
    7.5000   45.0000  -22.500010449.2021   12.5191
   -7.5000  -45.0000  -15.000012289.1318   11.5211
    0.0000  -45.0000  -15.000012741.6133   11.5530
    7.5000  -45.0000  -15.000012095.6045   11.6277
   -7.5000  -37.5000  -15.000012529.1328   11.5635
    0.0000  -37.5000  -15.000012988.0469   11.5936
    7.5000  -37.5000  -15.000012321.0840   11.6658
   -7.5000  -30.0000  -15.000013173.8896   11.3532
    0.0000  -30.0000  -15.000013659.8408   11.3813
    7.5000  -30.0000  -15.000012917.7949   11.4490
   -7.5000  -22.5000  -15.000013856.8340   11.2031
    0.0000  -22.5000  -15.000014346.5996   11.2320
    7.5000  -22.5000  -15.000013522.6885   11.2972
   -7.5000  -15.0000  -15.000014498.9287   11.1409
    0.0000  -15.0000  -15.000015005.0840   11.1715
    7.5000  -15.0000  -15.000014136.8438   11.2370
   -7.5000   -7.5000  -15.000015051.2646   11.1044
    0.0000   -7.5000  -15.000015588.8975   11.1351
    7.5000   -7.5000  -15.000014658.5879   11.2024
   -7.5000    0.0000  -15.000015479.7393   11.1017
    0.0000    0.0000  -15.000016071.9287   11.1312
    7.5000    0.0000  -15.000015138.9678   11.2000
   -7.5000    7.5000  -15.000014765.4111   11.3138
    0.0000    7.5000  -15.000015367.2549   11.3424
    7.5000    7.5000  -15.000014508.3955   11.4117
   -7.5000   15.0000  -15.000014001.5020   11.6139
    0.0000   15.0000  -15.000014550.2139   11.6422
    7.5000   15.0000  -15.000013795.7236   11.7127
   -7.5000   22.5000  -15.000013175.9443   11.9476
    0.0000   22.5000  -15.000013653.6689   11.9777
    7.5000   22.5000  -15.000012957.4639   12.0498
   -7.5000   30.0000  -15.000012329.7754   12.1617
    0.0000   30.0000  -15.000012752.0498   12.1935
    7.5000   30.0000  -15.000012110.0908   12.2686
   -7.5000   37.5000  -15.000011930.4434   12.5747
    0.0000   37.5000  -15.000012359.2666   12.6048
    7.5000   37.5000  -15.000011763.4307   12.6829
   -7.5000   45.0000  -15.000011177.8945   12.7511
    0.0000   45.0000  -15.000011565.3389   12.7788
    7.5000   45.0000  -15.000011046.5264   12.8580
   -7.5000  -45.0000   -7.500012864.5420   11.6671
    0.0000  -45.0000   -7.500013357.7051   11.7006
    7.5000  -45.0000   -7.500012709.8760   11.7745
   -7.5000  -37.5000   -7.500013145.9844   11.7085
    0.0000  -37.5000   -7.500013627.6953   11.7398
    7.5000  -37.5000   -7.500012951.6836   11.8119
   -7.5000  -30.0000   -7.500013883.2256   11.4930
    0.0000  -30.0000   -7.500014387.6895   11.5225
    7.5000  -30.0000   -7.500013611.7061   11.5910
   -7.5000  -22.5000   -7.500014631.5020   11.3421
    0.0000  -22.5000   -7.500015140.4756   11.3729
    7.5000  -22.5000   -7.500014266.5098   11.4386
   -7.5000  -15.0000   -7.500015310.7197   11.2813
    0.0000  -15.0000   -7.500015846.4727   11.3140
    7.5000  -15.0000   -7.500014892.3633   11.3795
   -7.5000   -7.5000   -7.500015903.0029   11.2458
    0.0000   -7.5000   -7.500016470.5430   11.2785
    7.5000   -7.5000   -7.500015423.7197   11.3451
   -7.5000    0.0000   -7.500016392.2871   11.2426
    0.0000    0.0000   -7.500017017.7734   11.2736
    7.5000    0.0000   -7.500015928.7500   11.3417
   -7.5000    7.5000   -7.500015707.6162   11.4549
    0.0000    7.5000   -7.500016361.4268   11.4848
    7.5000    7.5000   -7.500015361.7627   11.5540
   -7.5000   15.0000   -7.500014960.3887   11.7584
    0.0000   15.0000   -7.500015589.5312   11.7884
    7.5000   15.0000   -7.500014709.6553   11.8599
   -7.5000   22.5000   -7.500014053.8174   12.0975
    0.0000   22.5000   -7.500014597.2344   12.1298
    7.5000   22.5000   -7.500013803.5869   12.2027
   -7.5000   30.0000   -7.500013102.4463   12.3168
    0.0000   30.0000   -7.500013580.8740   12.3513
    7.5000   30.0000   -7.500012860.3076   12.4267
   -7.5000   37.5000   -7.500012666.3389   12.7344
    0.0000   37.5000   -7.500013140.3301   12.7676
    7.5000   37.5000   -7.500012446.7949   12.8450
   -7.5000   45.0000   -7.500011886.5029   12.9138
    0.0000   45.0000   -7.500012322.4092   12.9443
    7.5000   45.0000   -7.500011712.9893   13.0233
   -7.5000  -45.0000    0.000013353.2324   11.6796
    0.0000  -45.0000    0.000013905.6094   11.7149
    7.5000  -45.0000    0.000013279.5469   11.7848
   -7.5000  -37.5000    0.000013712.0576   11.7189
    0.0000  -37.5000    0.000014240.5215   11.7519
    7.5000  -37.5000    0.000013542.0088   11.8217
   -7.5000  -30.0000    0.000014518.5684   11.5007
    0.0000  -30.0000    0.000015056.5762   11.5315
    7.5000  -30.0000    0.000014243.9912   11.5990
   -7.5000  -22.5000    0.000015313.1709   11.3503
    0.0000  -22.5000    0.000015857.4863   11.3823
    7.5000  -22.5000    0.000014929.0430   11.4471
   -7.5000  -15.0000    0.000016025.3662   11.2918
    0.0000  -15.0000    0.000016604.2070   11.3260
    7.5000  -15.0000    0.000015566.0693   11.3891
   -7.5000   -7.5000    0.000016598.7520   11.2580
    0.0000   -7.5000    0.000017192.4688   11.2925
    7.5000   -7.5000    0.000016081.8184   11.3555
   -7.5000    0.0000    0.000017103.2246   11.2543
    0.0000    0.0000    0.000017750.5000   11.2870
    7.5000    0.0000    0.000016586.6406   11.3516
   -7.5000    7.5000    0.000016584.8770   11.4649
    0.0000    7.5000    0.000017290.3711   11.4963
    7.5000    7.5000    0.000016087.8604   11.5634
   -7.5000   15.0000    0.000016042.0391   11.7664
    0.0000   15.0000    0.000016856.3672   11.7978
    7.5000   15.0000    0.000015572.5029   11.8680
   -7.5000   22.5000    0.000015132.6172   12.1062
    0.0000   22.5000    0.000015849.7822   12.1398
    7.5000   22.5000    0.000014641.0596   12.2110
   -7.5000   30.0000    0.000014063.6934   12.3301
    0.0000   30.0000    0.000014621.4346   12.3662
    7.5000   30.0000    0.000013559.0889   12.4386
   -7.5000   37.5000    0.000013508.3174   12.7452
    0.0000   37.5000    0.000014038.9385   12.7811
    7.5000   37.5000    0.000013057.5879   12.8554
   -7.5000   45.0000    0.000012628.0762   12.9230
    0.0000   45.0000    0.000013105.7256   12.9564
    7.5000   45.0000    0.000012282.3828   13.0328
   -7.5000  -45.0000    7.500012804.2646   11.6603
    0.0000  -45.0000    7.500013380.3408   11.6965
    7.5000  -45.0000    7.500012757.1475   11.7641
   -7.5000  -37.5000    7.500013223.7441   11.6988
    0.0000  -37.5000    7.500013782.1768   11.7329
    7.5000  -37.5000    7.500013072.2803   11.8014
   -7.5000  -30.0000    7.500014051.0166   11.4807
    0.0000  -30.0000    7.500014608.9980   11.5120
    7.5000  -30.0000    7.500013806.3311   11.5788
   -7.5000  -22.5000    7.500014821.6504   11.3301
    0.0000  -22.5000    7.500015381.4512   11.3620
    7.5000  -22.5000    7.500014492.9961   11.4260
   -7.5000  -15.0000    7.500015524.1279   11.2719
    0.0000  -15.0000    7.500016115.9805   11.3058
    7.5000  -15.0000    7.500015091.4727   11.3675
   -7.5000   -7.5000    7.500016114.8730   11.2386
    0.0000   -7.5000    7.500016703.4980   11.2730
    7.5000   -7.5000    7.500015567.5859   11.3341
   -7.5000    0.0000    7.500016681.4375   11.2350
    0.0000    0.0000    7.500017310.0156   11.2684
    7.5000    0.0000    7.500016029.3076   11.3310
   -7.5000    7.5000    7.500016231.0244   11.4458
    0.0000    7.5000    7.500017026.0488   11.4780
    7.5000    7.5000    7.500015462.1436   11.5437
   -7.5000   15.0000    7.500015739.2520   11.7443
    0.0000   15.0000    7.500016703.7910   11.7760
    7.5000   15.0000    7.500014884.4062   11.8452
   -7.5000   22.5000    7.500014922.7197   12.0813
    0.0000   22.5000    7.500015762.1768   12.1144
    7.5000   22.5000    7.500014048.1309   12.1839
   -7.5000   30.0000    7.500013927.2354   12.3075
    0.0000   30.0000    7.500014566.0713   12.3430
    7.5000   30.0000    7.500013070.4521   12.4132
   -7.5000   37.5000    7.500013271.8086   12.7197
    0.0000   37.5000    7.500013859.3047   12.7556
    7.5000   37.5000    7.500012598.6426   12.8286
   -7.5000   45.0000    7.500012261.3037   12.8973
    0.0000   45.0000    7.500012787.2891   12.9309
    7.5000   45.0000    7.500011822.1377   13.0062
   -7.5000  -45.0000   15.000012212.9873   11.6497
    0.0000  -45.0000   15.000012734.4844   11.6848
    7.5000  -45.0000   15.000012080.9365   11.7536
   -7.5000  -37.5000   15.000012611.4326   11.6895
    0.0000  -37.5000   15.000013138.7461   11.7228
    7.5000  -37.5000   15.000012412.5186   11.7919
   -7.5000  -30.0000   15.000013396.6934   11.4734
    0.0000  -30.0000   15.000013928.8662   11.5038
    7.5000  -30.0000   15.000013107.3994   11.5706
   -7.5000  -22.5000   15.000014146.8994   11.3216
    0.0000  -22.5000   15.000014683.1572   11.3523
    7.5000  -22.5000   15.000013749.7002   11.4165
   -7.5000  -15.0000   15.000014842.6816   11.2614
    0.0000  -15.0000   15.000015402.8906   11.2937
    7.5000  -15.0000   15.000014324.3203   11.3563
   -7.5000   -7.5000   15.000015404.2246   11.2271
    0.0000   -7.5000   15.000015973.7695   11.2601
    7.5000   -7.5000   15.000014793.0244   11.3226
   -7.5000    0.0000   15.000015922.6826   11.2246
    0.0000    0.0000   15.000016524.9609   11.2569
    7.5000    0.0000   15.000015258.5303   11.3205
   -7.5000    7.5000   15.000015352.7725   11.4374
    0.0000    7.5000   15.000016093.5439   11.4688
    7.5000    7.5000   15.000014682.7432   11.5350
   -7.5000   15.0000   15.000014666.9268   11.7349
    0.0000   15.0000   15.000015504.1152   11.7655
    7.5000   15.0000   15.000014000.1211   11.8346
   -7.5000   22.5000   15.000013861.1338   12.0686
    0.0000   22.5000   15.000014591.9658   12.1003
    7.5000   22.5000   15.000013197.7402   12.1699
   -7.5000   30.0000   15.000013000.8750   12.2935
    0.0000   30.0000   15.000013613.1924   12.3271
    7.5000   30.0000   15.000012342.4326   12.3980
   -7.5000   37.5000   15.000012468.1221   12.7061
    0.0000   37.5000   15.000013067.3750   12.7393
    7.5000   37.5000   15.000011948.5791   12.8139
   -7.5000   45.0000   15.000011571.6533   12.8858
    0.0000   45.0000   15.000012134.0938   12.9169
    7.5000   45.0000   15.000011207.7100   12.9930
   -7.5000  -45.0000   22.500011417.2451   11.6649
    0.0000  -45.0000   22.500011877.0107   11.6981
    7.5000  -45.0000   22.500011218.6436   11.7710
   -7.5000  -37.5000   22.500011791.5518   11.7034
    0.0000  -37.5000   22.500012268.2080   11.7349
    7.5000  -37.5000   22.500011553.4053   11.8063
   -7.5000  -30.0000   22.500012530.3389   11.4903
    0.0000  -30.0000   22.500013000.7480   11.5192
    7.5000  -30.0000   22.500012214.7744   11.5869
   -7.5000  -22.5000   22.500013200.7695   11.3385
    0.0000  -22.5000   22.500013674.5508   11.3677
    7.5000  -22.5000   22.500012824.7568   11.4331
   -7.5000  -15.0000   22.500013803.7656   11.2767
    0.0000  -15.0000   22.500014266.2412   11.3075
    7.5000  -15.0000   22.500013357.2842   11.3726
   -7.5000   -7.5000   22.500014286.6455   11.2414
    0.0000   -7.5000   22.500014744.9336   11.2727
    7.5000   -7.5000   22.500013810.1914   11.3387
   -7.5000    0.0000   22.500014713.9297   11.2395
    0.0000    0.0000   22.500015203.8555   11.2700
    7.5000    0.0000   22.500014234.2354   11.3373
   -7.5000    7.5000   22.500014072.5156   11.4511
    0.0000    7.5000   22.500014687.2822   11.4808
    7.5000    7.5000   22.500013651.1172   11.5493
   -7.5000   15.0000   22.500013369.5215   11.7512
    0.0000   15.0000   22.500014034.1758   11.7802
    7.5000   15.0000   22.500012978.7158   11.8503
   -7.5000   22.5000   22.500012622.9023   12.0851
    0.0000   22.5000   22.500013229.5547   12.1154
    7.5000   22.5000   22.500012232.7236   12.1867
   -7.5000   30.0000   22.500011841.2695   12.3061
    0.0000   30.0000   22.500012398.3877   12.3379
    7.5000   30.0000   22.500011471.6504   12.4118
   -7.5000   37.5000   22.500011450.1396   12.7219
    0.0000   37.5000   22.500012018.0137   12.7525
    7.5000   37.5000   22.500011146.6836   12.8302
   -7.5000   45.0000   22.500010736.6211   12.9039
    0.0000   45.0000   22.500011262.7822   12.9322
    7.5000   45.0000   22.500010491.5537   13.0108
   -7.5000  -45.0000   30.000010463.0537   11.8128
    0.0000  -45.0000   30.000010868.4570   11.8461
    7.5000  -45.0000   30.000010319.9932   11.9237
   -7.5000  -37.5000   30.000010805.8496   11.8369
    0.0000  -37.5000   30.000011221.4980   11.8684
    7.5000  -37.5000   30.000010644.6553   11.9431
   -7.5000  -30.0000   30.000011457.6484   11.6235
    0.0000  -30.0000   30.000011881.0898   11.6528
    7.5000  -30.0000   30.000011259.2334   11.7229
   -7.5000  -22.5000   30.000012055.3359   11.4729
    0.0000  -22.5000   30.000012506.2627   11.5030
    7.5000  -22.5000   30.000011827.0869   11.5706
   -7.5000  -15.0000   30.000012620.5996   11.4134
    0.0000  -15.0000   30.000013055.6846   11.4453
    7.5000  -15.0000   30.000012333.3037   11.5133
   -7.5000   -7.5000   30.000013072.0254   11.3798
    0.0000   -7.5000   30.000013510.9648   11.4118
    7.5000   -7.5000   30.000012775.2070   11.4816
   -7.5000    0.0000   30.000013476.9307   11.3780
    0.0000    0.0000   30.000013935.3379   11.4088
    7.5000    0.0000   30.000013156.6982   11.4802
   -7.5000    7.5000   30.000012875.4365   11.5789
    0.0000    7.5000   30.000013406.7314   11.6087
    7.5000    7.5000   30.000012564.5596   11.6804
   -7.5000   15.0000   30.000012234.2773   11.8756
    0.0000   15.0000   30.000012778.3877   11.9051
    7.5000   15.0000   30.000011953.1445   11.9778
   -7.5000   22.5000   30.000011544.2139   12.2110
    0.0000   22.5000   30.000012038.3232   12.2423
    7.5000   22.5000   30.000011281.0635   12.3168
   -7.5000   30.0000   30.000010822.4453   12.4318
    0.0000   30.0000   30.000011293.2002   12.4649
    7.5000   30.0000   30.000010581.9385   12.5424
   -7.5000   37.5000   30.000010512.1182   12.8578
    0.0000   37.5000   30.000010991.8760   12.8891
    7.5000   37.5000   30.000010304.1904   12.9699
   -7.5000   45.0000   30.0000 9903.4033   13.0460
    0.0000   45.0000   30.000010352.9512   13.0749
    7.5000   45.0000   30.0000 9715.5342   13.1568
   -7.5000  -45.0000   37.5000 9951.6953   12.0774
    0.0000  -45.0000   37.500010336.1641   12.1136
    7.5000  -45.0000   37.5000 9853.3838   12.1926
   -7.5000  -37.5000   37.500010283.8320   12.0789
    0.0000  -37.5000   37.500010686.0498   12.1124
    7.5000  -37.5000   37.500010181.6074   12.1887
   -7.5000  -30.0000   37.500010899.5039   11.8590
    0.0000  -30.0000   37.500011320.5928   11.8905
    7.5000  -30.0000   37.500010772.6514   11.9630
   -7.5000  -22.5000   37.500011488.8555   11.7082
    0.0000  -22.5000   37.500011917.6699   11.7411
    7.5000  -22.5000   37.500011328.8594   11.8109
   -7.5000  -15.0000   37.500012045.8184   11.6536
    0.0000  -15.0000   37.500012474.3027   11.6890
    7.5000  -15.0000   37.500011857.3369   11.7586
   -7.5000   -7.5000   37.500012481.9863   11.6248
    0.0000   -7.5000   37.500012914.0566   11.6602
    7.5000   -7.5000   37.500012280.0859   11.7313
   -7.5000    0.0000   37.500012849.3975   11.6239
    0.0000    0.0000   37.500013311.6504   11.6574
    7.5000    0.0000   37.500012651.3760   11.7301
   -7.5000    7.5000   37.500012278.6973   11.8097
    0.0000    7.5000   37.500012764.8447   11.8416
    7.5000    7.5000   37.500012065.5703   11.9149
   -7.5000   15.0000   37.500011657.6455   12.0921
    0.0000   15.0000   37.500012128.3486   12.1239
    7.5000   15.0000   37.500011461.6924   12.1990
   -7.5000   22.5000   37.500010984.2451   12.4218
    0.0000   22.5000   37.500011428.2500   12.4558
    7.5000   22.5000   37.500010789.4648   12.5324
   -7.5000   30.0000   37.500010299.2100   12.6422
    0.0000   30.0000   37.500010721.3096   12.6787
    7.5000   30.0000   37.500010115.4092   12.7579
   -7.5000   37.5000   37.500010020.3086   13.0746
    0.0000   37.5000   37.500010452.9648   13.1101
    7.5000   37.5000   37.5000 9867.5127   13.1915
   -7.5000   45.0000   37.5000 9440.7852   13.2692
    0.0000   45.0000   37.5000 9862.6562   13.3019
    7.5000   45.0000   37.5000 9302.1221   13.3850
   -7.5000  -45.0000   45.0000 9230.0342   12.4491
    0.0000  -45.0000   45.0000 9585.9736   12.4898
    7.5000  -45.0000   45.0000 9111.9209   12.5695
   -7.5000  -37.5000   45.0000 9519.0273   12.4292
    0.0000  -37.5000   45.0000 9901.1748   12.4668
    7.5000  -37.5000   45.0000 9419.5635   12.5459
   -7.5000  -30.0000   45.000010068.8926   12.1993
    0.0000  -30.0000   45.000010467.2363   12.2343
    7.5000  -30.0000   45.0000 9966.5566   12.3108
   -7.5000  -22.5000   45.000010620.4658   12.0448
    0.0000  -22.5000   45.000011016.0791   12.0814
    7.5000  -22.5000   45.000010484.4238   12.1548
   -7.5000  -15.0000   45.000011130.8164   11.9932
    0.0000  -15.0000   45.000011531.3301   12.0325
    7.5000  -15.0000   45.000010978.9004   12.1040
   -7.5000   -7.5000   45.000011539.8223   11.9661
    0.0000   -7.5000   45.000011956.1475   12.0058
    7.5000   -7.5000   45.000011371.7627   12.0773
   -7.5000    0.0000   45.000011890.4131   11.9644
    0.0000    0.0000   45.000012325.7412   12.0020
    7.5000    0.0000   45.000011716.6631   12.0753
   -7.5000    7.5000   45.000011330.1465   12.1419
    0.0000    7.5000   45.000011756.2871   12.1776
    7.5000    7.5000   45.000011167.5059   12.2535
   -7.5000   15.0000   45.000010734.1914   12.4066
    0.0000   15.0000   45.000011138.5000   12.4421
    7.5000   15.0000   45.000010588.0488   12.5207
   -7.5000   22.5000   45.000010082.7256   12.7280
    0.0000   22.5000   45.000010477.2217   12.7657
    7.5000   22.5000   45.0000 9933.7627   12.8451
   -7.5000   30.0000   45.0000 9447.6582   12.9445
    0.0000   30.0000   45.0000 9820.9609   12.9851
    7.5000   30.0000   45.0000 9305.4072   13.0654
   -7.5000   37.5000   45.0000 9221.9795   13.3786
    0.0000   37.5000   45.0000 9592.3135   13.4193
    7.5000   37.5000   45.0000 9087.9287   13.5015
   -7.5000   45.0000   45.0000 8685.8984   13.5774
    0.0000   45.0000   45.0000 9057.3916   13.6151
    7.5000   45.0000   45.0000 8574.4463   13.6999

---------------------------------------------------------------------
imgreg_4dfp /opt/freesurfer/average/711-2C_as_mni_average_305 /opt/freesurfer/average/711-2B_as_mni_average_305_mask talsrcimg_g11 none talsrcimg_to_711-2C_as_mni_average_305_t4 4355
---------------------------------------------------------------------

freesurfer imgreg_4dfp.c
/opt/freesurfer/average/711-2C_as_mni_average_305.4dfp.img
       256       256       256         1
  1.000000  1.000000  1.000000
orientation T byte_order littleendian
Reading image: /opt/freesurfer/average/711-2C_as_mni_average_305.4dfp.img
dimensions:      256       256       256
mmppix:       1.0000   -1.0000   -1.0000
center:     128.0000 -129.0000 -129.0000
/opt/freesurfer/average/711-2B_as_mni_average_305_mask.4dfp.img
       256       256       256         1
  1.000000  1.000000  1.000000
orientation T byte_order littleendian
Reading mask: /opt/freesurfer/average/711-2B_as_mni_average_305_mask.4dfp.img (2306576 pixels)
talsrcimg_g11.4dfp.img
       256       256       256         1
  1.000000  1.000000  1.000000
orientation T byte_order littleendian
Reading image: talsrcimg_g11.4dfp.img
dimensions:      256       256       256
mmppix:       1.0000   -1.0000   -1.0000
center:     128.0000 -129.0000 -129.0000
rotation matrix determinant  1.000000
image alignment mode   4355 decimal     1103 hex
   -7.5000  -45.0000  -45.0000 2360.8555   14.6061
    0.0000  -45.0000  -45.0000 2360.4797   14.7755
    7.5000  -45.0000  -45.0000 2334.4275   15.0953
   -7.5000  -37.5000  -45.0000 2353.2334   14.6471
    0.0000  -37.5000  -45.0000 2354.5408   14.7996
    7.5000  -37.5000  -45.0000 2332.6189   15.1030
   -7.5000  -30.0000  -45.0000 2358.8206   14.6458
    0.0000  -30.0000  -45.0000 2356.9619   14.7621
    7.5000  -30.0000  -45.0000 2334.0371   15.0491
   -7.5000  -22.5000  -45.0000 2379.4067   14.5985
    0.0000  -22.5000  -45.0000 2379.0864   14.7095
    7.5000  -22.5000  -45.0000 2353.7031   14.9694
   -7.5000  -15.0000  -45.0000 2405.4263   14.5646
    0.0000  -15.0000  -45.0000 2405.4487   14.6649
    7.5000  -15.0000  -45.0000 2375.9138   14.9157
   -7.5000   -7.5000  -45.0000 2422.5430   14.5967
    0.0000   -7.5000  -45.0000 2423.3408   14.6800
    7.5000   -7.5000  -45.0000 2394.7742   14.9330
   -7.5000    0.0000  -45.0000 2431.1741   14.6265
    0.0000    0.0000  -45.0000 2436.3655   14.6631
    7.5000    0.0000  -45.0000 2406.6514   14.9294
   -7.5000    7.5000  -45.0000 2432.5862   14.6780
    0.0000    7.5000  -45.0000 2442.1143   14.6894
    7.5000    7.5000  -45.0000 2411.0520   14.9661
   -7.5000   15.0000  -45.0000 2421.3481   14.7201
    0.0000   15.0000  -45.0000 2431.6824   14.7393
    7.5000   15.0000  -45.0000 2405.7090   14.9815
   -7.5000   22.5000  -45.0000 2414.2708   14.9251
    0.0000   22.5000  -45.0000 2423.8965   14.8912
    7.5000   22.5000  -45.0000 2405.1060   15.1186
   -7.5000   30.0000  -45.0000 2395.4648   15.3271
    0.0000   30.0000  -45.0000 2411.2976   15.2857
    7.5000   30.0000  -45.0000 2391.5549   15.5004
   -7.5000   37.5000  -45.0000 2368.1428   16.0243
    0.0000   37.5000  -45.0000 2382.9280   16.0139
    7.5000   37.5000  -45.0000 2362.5972   16.2025
   -7.5000   45.0000  -45.0000 2318.3391   16.9727
    0.0000   45.0000  -45.0000 2334.2607   16.9868
    7.5000   45.0000  -45.0000 2313.8433   17.1833
   -7.5000  -45.0000  -37.5000 2455.3010   13.5876
    0.0000  -45.0000  -37.5000 2453.3665   13.7427
    7.5000  -45.0000  -37.5000 2421.5024   14.0259
   -7.5000  -37.5000  -37.5000 2450.9814   13.5760
    0.0000  -37.5000  -37.5000 2449.8728   13.6987
    7.5000  -37.5000  -37.5000 2421.1987   13.9671
   -7.5000  -30.0000  -37.5000 2457.4080   13.5554
    0.0000  -30.0000  -37.5000 2456.1101   13.6228
    7.5000  -30.0000  -37.5000 2426.4492   13.8914
   -7.5000  -22.5000  -37.5000 2477.3274   13.4936
    0.0000  -22.5000  -37.5000 2479.2583   13.5496
    7.5000  -22.5000  -37.5000 2448.7864   13.8224
   -7.5000  -15.0000  -37.5000 2504.2939   13.4633
    0.0000  -15.0000  -37.5000 2508.5859   13.5282
    7.5000  -15.0000  -37.5000 2476.3474   13.8096
   -7.5000   -7.5000  -37.5000 2522.5615   13.4698
    0.0000   -7.5000  -37.5000 2526.2063   13.5416
    7.5000   -7.5000  -37.5000 2495.7444   13.7720
   -7.5000    0.0000  -37.5000 2532.1858   13.4940
    0.0000    0.0000  -37.5000 2535.4756   13.5245
    7.5000    0.0000  -37.5000 2510.0154   13.7781
   -7.5000    7.5000  -37.5000 2532.9841   13.5229
    0.0000    7.5000  -37.5000 2541.4338   13.5158
    7.5000    7.5000  -37.5000 2518.9753   13.7830
   -7.5000   15.0000  -37.5000 2531.2349   13.5770
    0.0000   15.0000  -37.5000 2536.7405   13.5515
    7.5000   15.0000  -37.5000 2512.3586   13.8024
   -7.5000   22.5000  -37.5000 2523.7322   13.7771
    0.0000   22.5000  -37.5000 2528.5947   13.7307
    7.5000   22.5000  -37.5000 2509.2507   13.9805
   -7.5000   30.0000  -37.5000 2500.7798   14.1586
    0.0000   30.0000  -37.5000 2512.6938   14.1339
    7.5000   30.0000  -37.5000 2491.2603   14.3679
   -7.5000   37.5000  -37.5000 2467.5862   14.7873
    0.0000   37.5000  -37.5000 2487.8486   14.7857
    7.5000   37.5000  -37.5000 2459.6123   14.9983
   -7.5000   45.0000  -37.5000 2417.1333   15.6416
    0.0000   45.0000  -37.5000 2434.2412   15.6518
    7.5000   45.0000  -37.5000 2410.7705   15.8584
   -7.5000  -45.0000  -30.0000 2581.2917   13.0771
    0.0000  -45.0000  -30.0000 2580.0369   13.2780
    7.5000  -45.0000  -30.0000 2539.2441   13.5923
   -7.5000  -37.5000  -30.0000 2578.0603   13.0367
    0.0000  -37.5000  -30.0000 2580.1423   13.1862
    7.5000  -37.5000  -30.0000 2540.2729   13.4949
   -7.5000  -30.0000  -30.0000 2584.8323   12.9968
    0.0000  -30.0000  -30.0000 2590.4099   13.1007
    7.5000  -30.0000  -30.0000 2549.5820   13.4086
   -7.5000  -22.5000  -30.0000 2606.1736   12.9474
    0.0000  -22.5000  -30.0000 2611.7883   13.0155
    7.5000  -22.5000  -30.0000 2572.8972   13.3199
   -7.5000  -15.0000  -30.0000 2634.1851   12.8905
    0.0000  -15.0000  -30.0000 2641.1060   12.9480
    7.5000  -15.0000  -30.0000 2606.0452   13.2534
   -7.5000   -7.5000  -30.0000 2651.8699   12.8819
    0.0000   -7.5000  -30.0000 2659.6614   12.9388
    7.5000   -7.5000  -30.0000 2631.6409   13.2099
   -7.5000    0.0000  -30.0000 2662.0234   12.8915
    0.0000    0.0000  -30.0000 2670.7446   12.9434
    7.5000    0.0000  -30.0000 2647.5413   13.1982
   -7.5000    7.5000  -30.0000 2666.0854   12.8861
    0.0000    7.5000  -30.0000 2674.1123   12.8985
    7.5000    7.5000  -30.0000 2655.0305   13.1737
   -7.5000   15.0000  -30.0000 2674.7124   12.9383
    0.0000   15.0000  -30.0000 2679.9985   12.9244
    7.5000   15.0000  -30.0000 2656.3794   13.1999
   -7.5000   22.5000  -30.0000 2672.1990   13.1213
    0.0000   22.5000  -30.0000 2676.7437   13.0845
    7.5000   22.5000  -30.0000 2655.3855   13.3772
   -7.5000   30.0000  -30.0000 2649.5337   13.5194
    0.0000   30.0000  -30.0000 2661.3181   13.4858
    7.5000   30.0000  -30.0000 2637.6016   13.7654
   -7.5000   37.5000  -30.0000 2615.0945   14.1469
    0.0000   37.5000  -30.0000 2631.5078   14.1099
    7.5000   37.5000  -30.0000 2605.7737   14.3852
   -7.5000   45.0000  -30.0000 2560.3889   14.9847
    0.0000   45.0000  -30.0000 2577.6436   14.9426
    7.5000   45.0000  -30.0000 2551.0679   15.2103
   -7.5000  -45.0000  -22.5000 2673.2014   12.5883
    0.0000  -45.0000  -22.5000 2666.9136   12.7958
    7.5000  -45.0000  -22.5000 2629.0029   13.1285
   -7.5000  -37.5000  -22.5000 2668.9612   12.5300
    0.0000  -37.5000  -22.5000 2668.0291   12.6805
    7.5000  -37.5000  -22.5000 2630.4951   13.0089
   -7.5000  -30.0000  -22.5000 2678.0398   12.4580
    0.0000  -30.0000  -22.5000 2678.7319   12.5812
    7.5000  -30.0000  -22.5000 2640.4353   12.9048
   -7.5000  -22.5000  -22.5000 2701.7622   12.3910
    0.0000  -22.5000  -22.5000 2701.4697   12.4711
    7.5000  -22.5000  -22.5000 2667.0315   12.7913
   -7.5000  -15.0000  -22.5000 2726.9707   12.3441
    0.0000  -15.0000  -22.5000 2730.4995   12.3850
    7.5000  -15.0000  -22.5000 2700.5215   12.7052
   -7.5000   -7.5000  -22.5000 2748.0552   12.3148
    0.0000   -7.5000  -22.5000 2756.7000   12.3400
    7.5000   -7.5000  -22.5000 2729.3743   12.6435
   -7.5000    0.0000  -22.5000 2759.7397   12.2801
    0.0000    0.0000  -22.5000 2770.4031   12.3071
    7.5000    0.0000  -22.5000 2742.4954   12.5909
   -7.5000    7.5000  -22.5000 2769.0632   12.2594
    0.0000    7.5000  -22.5000 2778.3171   12.2559
    7.5000    7.5000  -22.5000 2755.0105   12.5638
   -7.5000   15.0000  -22.5000 2785.3193   12.2885
    0.0000   15.0000  -22.5000 2791.0596   12.2531
    7.5000   15.0000  -22.5000 2766.2749   12.5781
   -7.5000   22.5000  -22.5000 2791.0127   12.4519
    0.0000   22.5000  -22.5000 2797.8135   12.3801
    7.5000   22.5000  -22.5000 2772.4619   12.7210
   -7.5000   30.0000  -22.5000 2773.9424   12.8386
    0.0000   30.0000  -22.5000 2783.6143   12.7849
    7.5000   30.0000  -22.5000 2759.4595   13.1076
   -7.5000   37.5000  -22.5000 2740.3367   13.4483
    0.0000   37.5000  -22.5000 2752.1887   13.3910
    7.5000   37.5000  -22.5000 2725.2490   13.7050
   -7.5000   45.0000  -22.5000 2680.0242   14.2745
    0.0000   45.0000  -22.5000 2691.6484   14.2049
    7.5000   45.0000  -22.5000 2662.1978   14.5127
   -7.5000  -45.0000  -15.0000 2723.3662   12.1784
    0.0000  -45.0000  -15.0000 2718.5081   12.3609
    7.5000  -45.0000  -15.0000 2687.3997   12.7608
   -7.5000  -37.5000  -15.0000 2717.6758   12.0986
    0.0000  -37.5000  -15.0000 2718.1553   12.2511
    7.5000  -37.5000  -15.0000 2688.7461   12.6290
   -7.5000  -30.0000  -15.0000 2726.2388   12.0203
    0.0000  -30.0000  -15.0000 2728.9224   12.1238
    7.5000  -30.0000  -15.0000 2694.7666   12.4684
   -7.5000  -22.5000  -15.0000 2749.9290   11.9272
    0.0000  -22.5000  -15.0000 2753.6174   12.0128
    7.5000  -22.5000  -15.0000 2720.9741   12.3361
   -7.5000  -15.0000  -15.0000 2770.5483   11.8400
    0.0000  -15.0000  -15.0000 2781.1414   11.9104
    7.5000  -15.0000  -15.0000 2754.1628   12.2270
   -7.5000   -7.5000  -15.0000 2801.3743   11.7722
    0.0000   -7.5000  -15.0000 2810.9763   11.8153
    7.5000   -7.5000  -15.0000 2783.9292   12.1416
   -7.5000    0.0000  -15.0000 2821.0586   11.7383
    0.0000    0.0000  -15.0000 2829.3567   11.7745
    7.5000    0.0000  -15.0000 2801.8459   12.0888
   -7.5000    7.5000  -15.0000 2838.9377   11.7286
    0.0000    7.5000  -15.0000 2847.5515   11.7345
    7.5000    7.5000  -15.0000 2823.1116   12.0735
   -7.5000   15.0000  -15.0000 2858.6299   11.7511
    0.0000   15.0000  -15.0000 2864.9858   11.7349
    7.5000   15.0000  -15.0000 2839.8074   12.0939
   -7.5000   22.5000  -15.0000 2875.3967   11.8747
    0.0000   22.5000  -15.0000 2880.3306   11.8186
    7.5000   22.5000  -15.0000 2847.9229   12.2049
   -7.5000   30.0000  -15.0000 2868.0337   12.2291
    0.0000   30.0000  -15.0000 2872.2263   12.1665
    7.5000   30.0000  -15.0000 2842.5820   12.5428
   -7.5000   37.5000  -15.0000 2829.1721   12.8229
    0.0000   37.5000  -15.0000 2838.3687   12.7605
    7.5000   37.5000  -15.0000 2807.3525   13.1296
   -7.5000   45.0000  -15.0000 2757.0610   13.6271
    0.0000   45.0000  -15.0000 2767.1516   13.5704
    7.5000   45.0000  -15.0000 2737.1904   13.9258
   -7.5000  -45.0000   -7.5000 2745.9866   11.8578
    0.0000  -45.0000   -7.5000 2750.6074   12.0496
    7.5000  -45.0000   -7.5000 2724.2732   12.4999
   -7.5000  -37.5000   -7.5000 2739.0237   11.7686
    0.0000  -37.5000   -7.5000 2745.1177   11.9169
    7.5000  -37.5000   -7.5000 2724.2349   12.3498
   -7.5000  -30.0000   -7.5000 2747.5891   11.6867
    0.0000  -30.0000   -7.5000 2753.0972   11.7995
    7.5000  -30.0000   -7.5000 2733.2288   12.1964
   -7.5000  -22.5000   -7.5000 2772.2524   11.5958
    0.0000  -22.5000   -7.5000 2777.1125   11.6914
    7.5000  -22.5000   -7.5000 2758.3606   12.0535
   -7.5000  -15.0000   -7.5000 2796.7483   11.4672
    0.0000  -15.0000   -7.5000 2803.2031   11.5529
    7.5000  -15.0000   -7.5000 2785.6958   11.8843
   -7.5000   -7.5000   -7.5000 2829.2446   11.3651
    0.0000   -7.5000   -7.5000 2835.0850   11.4418
    7.5000   -7.5000   -7.5000 2814.0940   11.7671
   -7.5000    0.0000   -7.5000 2856.3843   11.3245
    0.0000    0.0000   -7.5000 2862.1855   11.3915
    7.5000    0.0000   -7.5000 2840.6677   11.6931
   -7.5000    7.5000   -7.5000 2884.9177   11.3629
    0.0000    7.5000   -7.5000 2893.4807   11.4068
    7.5000    7.5000   -7.5000 2875.2151   11.7169
   -7.5000   15.0000   -7.5000 2914.0454   11.4237
    0.0000   15.0000   -7.5000 2925.5291   11.4459
    7.5000   15.0000   -7.5000 2896.9434   11.8044
   -7.5000   22.5000   -7.5000 2940.0076   11.4994
    0.0000   22.5000   -7.5000 2944.3149   11.4970
    7.5000   22.5000   -7.5000 2905.6558   11.9183
   -7.5000   30.0000   -7.5000 2933.4255   11.7773
    0.0000   30.0000   -7.5000 2937.1929   11.7389
    7.5000   30.0000   -7.5000 2899.2131   12.1625
   -7.5000   37.5000   -7.5000 2885.7307   12.3078
    0.0000   37.5000   -7.5000 2893.4385   12.2779
    7.5000   37.5000   -7.5000 2859.1011   12.6677
   -7.5000   45.0000   -7.5000 2808.2329   13.1187
    0.0000   45.0000   -7.5000 2818.4805   13.0684
    7.5000   45.0000   -7.5000 2789.3301   13.4400
   -7.5000  -45.0000    0.0000 2752.4094   11.7273
    0.0000  -45.0000    0.0000 2759.8958   11.9162
    7.5000  -45.0000    0.0000 2746.3850   12.4360
   -7.5000  -37.5000    0.0000 2746.7256   11.6304
    0.0000  -37.5000    0.0000 2756.3540   11.7749
    7.5000  -37.5000    0.0000 2743.8867   12.2526
   -7.5000  -30.0000    0.0000 2751.2832   11.5247
    0.0000  -30.0000    0.0000 2760.8259   11.6456
    7.5000  -30.0000    0.0000 2749.6802   12.0656
   -7.5000  -22.5000    0.0000 2772.0444   11.4068
    0.0000  -22.5000    0.0000 2779.8557   11.5316
    7.5000  -22.5000    0.0000 2769.5857   11.9033
   -7.5000  -15.0000    0.0000 2792.5254   11.2661
    0.0000  -15.0000    0.0000 2799.9983   11.4001
    7.5000  -15.0000    0.0000 2791.8259   11.7376
   -7.5000   -7.5000    0.0000 2825.8179   11.1445
    0.0000   -7.5000    0.0000 2830.7390   11.2792
    7.5000   -7.5000    0.0000 2819.6616   11.6080
   -7.5000    0.0000    0.0000 2865.0571   11.1107
    0.0000    0.0000    0.0000 2873.4326   11.2301
    7.5000    0.0000    0.0000 2858.8794   11.5253
   -7.5000    7.5000    0.0000 2910.0811   11.1921
    0.0000    7.5000    0.0000 2920.9033   11.3172
    7.5000    7.5000    0.0000 2906.3459   11.5504
   -7.5000   15.0000    0.0000 2955.1304   11.4148
    0.0000   15.0000    0.0000 2976.7322   11.5365
    7.5000   15.0000    0.0000 2945.0513   11.7204
   -7.5000   22.5000    0.0000 2991.5537   11.5263
    0.0000   22.5000    0.0000 3010.7458   11.6249
    7.5000   22.5000    0.0000 2959.1528   11.8764
   -7.5000   30.0000    0.0000 2977.5811   11.6897
    0.0000   30.0000    0.0000 2984.3994   11.7358
    7.5000   30.0000    0.0000 2940.0120   12.0180
   -7.5000   37.5000    0.0000 2921.7949   12.0996
    0.0000   37.5000    0.0000 2932.2749   12.0750
    7.5000   37.5000    0.0000 2887.4290   12.3735
   -7.5000   45.0000    0.0000 2837.0298   12.8717
    0.0000   45.0000    0.0000 2844.7725   12.8041
    7.5000   45.0000    0.0000 2813.2112   13.0998
   -7.5000  -45.0000    7.5000 2730.4189   11.7882
    0.0000  -45.0000    7.5000 2749.2158   12.0047
    7.5000  -45.0000    7.5000 2734.8699   12.4901
   -7.5000  -37.5000    7.5000 2735.3315   11.7125
    0.0000  -37.5000    7.5000 2752.4697   11.8831
    7.5000  -37.5000    7.5000 2737.8843   12.3089
   -7.5000  -30.0000    7.5000 2745.9336   11.6080
    0.0000  -30.0000    7.5000 2756.1001   11.7302
    7.5000  -30.0000    7.5000 2749.5908   12.1266
   -7.5000  -22.5000    7.5000 2763.7112   11.4583
    0.0000  -22.5000    7.5000 2772.1687   11.5914
    7.5000  -22.5000    7.5000 2773.0681   11.9752
   -7.5000  -15.0000    7.5000 2786.4778   11.3066
    0.0000  -15.0000    7.5000 2797.5693   11.4669
    7.5000  -15.0000    7.5000 2797.2615   11.8047
   -7.5000   -7.5000    7.5000 2822.6289   11.2034
    0.0000   -7.5000    7.5000 2831.7747   11.3967
    7.5000   -7.5000    7.5000 2829.4395   11.6664
   -7.5000    0.0000    7.5000 2870.2925   11.1816
    0.0000    0.0000    7.5000 2881.6145   11.3837
    7.5000    0.0000    7.5000 2870.4893   11.5617
   -7.5000    7.5000    7.5000 2929.0432   11.3035
    0.0000    7.5000    7.5000 2941.0996   11.5104
    7.5000    7.5000    7.5000 2916.1045   11.5887
   -7.5000   15.0000    7.5000 2985.7439   11.5475
    0.0000   15.0000    7.5000 3012.2849   11.8045
    7.5000   15.0000    7.5000 2958.6274   11.7213
   -7.5000   22.5000    7.5000 3020.9500   11.6758
    0.0000   22.5000    7.5000 3052.9182   11.9331
    7.5000   22.5000    7.5000 2972.3181   11.8795
   -7.5000   30.0000    7.5000 2995.7322   11.8615
    0.0000   30.0000    7.5000 3012.9763   11.9972
    7.5000   30.0000    7.5000 2946.9739   12.0824
   -7.5000   37.5000    7.5000 2925.5032   12.2051
    0.0000   37.5000    7.5000 2941.1748   12.2262
    7.5000   37.5000    7.5000 2893.9841   12.4222
   -7.5000   45.0000    7.5000 2833.8948   12.8685
    0.0000   45.0000    7.5000 2841.9819   12.8247
    7.5000   45.0000    7.5000 2812.3599   13.0927
   -7.5000  -45.0000   15.0000 2692.4197   12.0717
    0.0000  -45.0000   15.0000 2714.9695   12.3077
    7.5000  -45.0000   15.0000 2705.4119   12.7838
   -7.5000  -37.5000   15.0000 2704.1697   12.0008
    0.0000  -37.5000   15.0000 2725.1523   12.1751
    7.5000  -37.5000   15.0000 2715.3157   12.5581
   -7.5000  -30.0000   15.0000 2723.0845   11.8833
    0.0000  -30.0000   15.0000 2739.0332   12.0128
    7.5000  -30.0000   15.0000 2730.8838   12.3433
   -7.5000  -22.5000   15.0000 2750.1252   11.7501
    0.0000  -22.5000   15.0000 2763.7627   11.8716
    7.5000  -22.5000   15.0000 2755.5776   12.1732
   -7.5000  -15.0000   15.0000 2779.1587   11.6245
    0.0000  -15.0000   15.0000 2792.4092   11.7846
    7.5000  -15.0000   15.0000 2778.8704   12.0159
   -7.5000   -7.5000   15.0000 2814.0149   11.5429
    0.0000   -7.5000   15.0000 2827.0771   11.7603
    7.5000   -7.5000   15.0000 2810.7822   11.9254
   -7.5000    0.0000   15.0000 2858.0957   11.5289
    0.0000    0.0000   15.0000 2871.3376   11.7502
    7.5000    0.0000   15.0000 2851.8413   11.8610
   -7.5000    7.5000   15.0000 2920.7654   11.6119
    0.0000    7.5000   15.0000 2927.8232   11.8447
    7.5000    7.5000   15.0000 2902.4185   11.8793
   -7.5000   15.0000   15.0000 2972.4607   11.6976
    0.0000   15.0000   15.0000 2989.6047   11.9818
    7.5000   15.0000   15.0000 2938.3687   11.9525
   -7.5000   22.5000   15.0000 3002.4951   11.7587
    0.0000   22.5000   15.0000 3018.9175   11.9977
    7.5000   22.5000   15.0000 2949.4185   12.0838
   -7.5000   30.0000   15.0000 2981.2646   12.0748
    0.0000   30.0000   15.0000 2989.0784   12.2100
    7.5000   30.0000   15.0000 2925.7957   12.3438
   -7.5000   37.5000   15.0000 2903.4043   12.5542
    0.0000   37.5000   15.0000 2915.8735   12.6174
    7.5000   37.5000   15.0000 2872.2419   12.7793
   -7.5000   45.0000   15.0000 2801.1221   13.2391
    0.0000   45.0000   15.0000 2812.9612   13.2476
    7.5000   45.0000   15.0000 2782.7834   13.4697
   -7.5000  -45.0000   22.5000 2644.7473   12.5517
    0.0000  -45.0000   22.5000 2667.1121   12.8143
    7.5000  -45.0000   22.5000 2658.3718   13.2882
   -7.5000  -37.5000   22.5000 2666.2009   12.4531
    0.0000  -37.5000   22.5000 2688.1172   12.6659
    7.5000  -37.5000   22.5000 2677.6777   13.0335
   -7.5000  -30.0000   22.5000 2695.4998   12.3165
    0.0000  -30.0000   22.5000 2710.0872   12.4849
    7.5000  -30.0000   22.5000 2696.6897   12.7982
   -7.5000  -22.5000   22.5000 2725.8264   12.1888
    0.0000  -22.5000   22.5000 2735.4282   12.3177
    7.5000  -22.5000   22.5000 2720.9333   12.6042
   -7.5000  -15.0000   22.5000 2757.7080   12.0502
    0.0000  -15.0000   22.5000 2759.9084   12.1652
    7.5000  -15.0000   22.5000 2741.9148   12.4392
   -7.5000   -7.5000   22.5000 2791.3884   11.9291
    0.0000   -7.5000   22.5000 2796.8008   12.0709
    7.5000   -7.5000   22.5000 2781.8140   12.3089
   -7.5000    0.0000   22.5000 2834.5850   11.8980
    0.0000    0.0000   22.5000 2840.7649   12.0419
    7.5000    0.0000   22.5000 2824.0957   12.2360
   -7.5000    7.5000   22.5000 2887.6482   11.9112
    0.0000    7.5000   22.5000 2894.1086   12.1109
    7.5000    7.5000   22.5000 2872.0886   12.2240
   -7.5000   15.0000   22.5000 2923.5674   11.9386
    0.0000   15.0000   22.5000 2936.8457   12.1527
    7.5000   15.0000   22.5000 2898.3638   12.2547
   -7.5000   22.5000   22.5000 2941.8296   12.0268
    0.0000   22.5000   22.5000 2956.5767   12.1947
    7.5000   22.5000   22.5000 2903.6365   12.4033
   -7.5000   30.0000   22.5000 2927.2166   12.3977
    0.0000   30.0000   22.5000 2932.8489   12.5315
    7.5000   30.0000   22.5000 2884.9763   12.7535
   -7.5000   37.5000   22.5000 2853.0244   12.9873
    0.0000   37.5000   22.5000 2863.5649   13.0583
    7.5000   37.5000   22.5000 2826.5317   13.2892
   -7.5000   45.0000   22.5000 2754.3945   13.7385
    0.0000   45.0000   22.5000 2764.4624   13.7770
    7.5000   45.0000   22.5000 2737.0852   14.0156
   -7.5000  -45.0000   30.0000 2597.7400   13.1706
    0.0000  -45.0000   30.0000 2612.2510   13.4428
    7.5000  -45.0000   30.0000 2599.6228   13.9800
   -7.5000  -37.5000   30.0000 2619.3496   12.9885
    0.0000  -37.5000   30.0000 2637.8950   13.2191
    7.5000  -37.5000   30.0000 2626.1479   13.6751
   -7.5000  -30.0000   30.0000 2645.3726   12.8129
    0.0000  -30.0000   30.0000 2657.1863   12.9732
    7.5000  -30.0000   30.0000 2647.2727   13.3806
   -7.5000  -22.5000   30.0000 2678.0566   12.6475
    0.0000  -22.5000   30.0000 2690.3181   12.7688
    7.5000  -22.5000   30.0000 2674.4680   13.1294
   -7.5000  -15.0000   30.0000 2717.5908   12.5085
    0.0000  -15.0000   30.0000 2720.5544   12.6028
    7.5000  -15.0000   30.0000 2702.5425   12.9327
   -7.5000   -7.5000   30.0000 2752.2136   12.3879
    0.0000   -7.5000   30.0000 2756.0964   12.4751
    7.5000   -7.5000   30.0000 2742.6890   12.7912
   -7.5000    0.0000   30.0000 2791.4756   12.3713
    0.0000    0.0000   30.0000 2792.2915   12.4666
    7.5000    0.0000   30.0000 2778.3665   12.7301
   -7.5000    7.5000   30.0000 2832.4568   12.3732
    0.0000    7.5000   30.0000 2836.2112   12.4849
    7.5000    7.5000   30.0000 2816.7268   12.6676
   -7.5000   15.0000   30.0000 2859.4504   12.3827
    0.0000   15.0000   30.0000 2871.8838   12.5046
    7.5000   15.0000   30.0000 2841.7163   12.6958
   -7.5000   22.5000   30.0000 2865.3320   12.4965
    0.0000   22.5000   30.0000 2873.6899   12.6573
    7.5000   22.5000   30.0000 2840.1440   12.8782
   -7.5000   30.0000   30.0000 2842.6099   12.9231
    0.0000   30.0000   30.0000 2846.2744   13.0535
    7.5000   30.0000   30.0000 2811.2537   13.2949
   -7.5000   37.5000   30.0000 2777.6704   13.5777
    0.0000   37.5000   30.0000 2785.0024   13.6626
    7.5000   37.5000   30.0000 2755.9187   13.9160
   -7.5000   45.0000   30.0000 2686.3301   14.3867
    0.0000   45.0000   30.0000 2695.3701   14.4160
    7.5000   45.0000   30.0000 2671.3801   14.6868
   -7.5000  -45.0000   37.5000 2540.1028   13.8555
    0.0000  -45.0000   37.5000 2555.7976   14.1044
    7.5000  -45.0000   37.5000 2539.4609   14.7237
   -7.5000  -37.5000   37.5000 2568.8481   13.6002
    0.0000  -37.5000   37.5000 2585.2446   13.8089
    7.5000  -37.5000   37.5000 2568.9966   14.3753
   -7.5000  -30.0000   37.5000 2593.6702   13.3711
    0.0000  -30.0000   37.5000 2608.2151   13.5244
    7.5000  -30.0000   37.5000 2593.4973   14.0427
   -7.5000  -22.5000   37.5000 2630.5923   13.2007
    0.0000  -22.5000   37.5000 2642.4961   13.2982
    7.5000  -22.5000   37.5000 2623.7056   13.7682
   -7.5000  -15.0000   37.5000 2670.4004   13.0627
    0.0000  -15.0000   37.5000 2679.7034   13.1224
    7.5000  -15.0000   37.5000 2658.9377   13.5701
   -7.5000   -7.5000   37.5000 2701.6904   12.9500
    0.0000   -7.5000   37.5000 2709.0496   13.0278
    7.5000   -7.5000   37.5000 2693.1772   13.4160
   -7.5000    0.0000   37.5000 2734.7178   12.9228
    0.0000    0.0000   37.5000 2737.5503   13.0011
    7.5000    0.0000   37.5000 2728.0437   13.3569
   -7.5000    7.5000   37.5000 2767.9707   12.9788
    0.0000    7.5000   37.5000 2773.4431   13.0399
    7.5000    7.5000   37.5000 2754.9087   13.3327
   -7.5000   15.0000   37.5000 2786.7620   13.0370
    0.0000   15.0000   37.5000 2795.4634   13.1297
    7.5000   15.0000   37.5000 2772.5808   13.3811
   -7.5000   22.5000   37.5000 2783.3860   13.2134
    0.0000   22.5000   37.5000 2790.7366   13.3529
    7.5000   22.5000   37.5000 2763.1379   13.5969
   -7.5000   30.0000   37.5000 2752.8623   13.6667
    0.0000   30.0000   37.5000 2758.9045   13.7969
    7.5000   30.0000   37.5000 2725.1355   14.0314
   -7.5000   37.5000   37.5000 2688.8101   14.3565
    0.0000   37.5000   37.5000 2698.0952   14.4235
    7.5000   37.5000   37.5000 2670.6111   14.6753
   -7.5000   45.0000   37.5000 2603.8623   15.1927
    0.0000   45.0000   37.5000 2616.5447   15.2088
    7.5000   45.0000   37.5000 2594.0901   15.4813
   -7.5000  -45.0000   45.0000 2480.2478   14.7048
    0.0000  -45.0000   45.0000 2499.7659   14.9242
    7.5000  -45.0000   45.0000 2483.3269   15.5932
   -7.5000  -37.5000   45.0000 2508.9502   14.3581
    0.0000  -37.5000   45.0000 2532.6926   14.5424
    7.5000  -37.5000   45.0000 2511.5745   15.1640
   -7.5000  -30.0000   45.0000 2536.0183   14.0520
    0.0000  -30.0000   45.0000 2557.4219   14.1950
    7.5000  -30.0000   45.0000 2536.6677   14.7824
   -7.5000  -22.5000   45.0000 2576.4863   13.8370
    0.0000  -22.5000   45.0000 2590.0735   13.9254
    7.5000  -22.5000   45.0000 2566.3545   14.4991
   -7.5000  -15.0000   45.0000 2614.5469   13.6996
    0.0000  -15.0000   45.0000 2624.0334   13.7520
    7.5000  -15.0000   45.0000 2600.3235   14.2923
   -7.5000   -7.5000   45.0000 2645.0083   13.6394
    0.0000   -7.5000   45.0000 2652.9150   13.6873
    7.5000   -7.5000   45.0000 2632.1963   14.1594
   -7.5000    0.0000   45.0000 2669.5000   13.6371
    0.0000    0.0000   45.0000 2676.9092   13.6974
    7.5000    0.0000   45.0000 2659.5737   14.1015
   -7.5000    7.5000   45.0000 2690.0046   13.7089
    0.0000    7.5000   45.0000 2696.5027   13.7588
    7.5000    7.5000   45.0000 2680.4541   14.1372
   -7.5000   15.0000   45.0000 2698.2805   13.8313
    0.0000   15.0000   45.0000 2706.0969   13.9184
    7.5000   15.0000   45.0000 2688.8184   14.2694
   -7.5000   22.5000   45.0000 2687.0935   14.0785
    0.0000   22.5000   45.0000 2696.4236   14.1990
    7.5000   22.5000   45.0000 2675.3740   14.5309
   -7.5000   30.0000   45.0000 2656.0312   14.5650
    0.0000   30.0000   45.0000 2662.4026   14.6547
    7.5000   30.0000   45.0000 2639.3491   14.9561
   -7.5000   37.5000   45.0000 2606.3665   15.2480
    0.0000   37.5000   45.0000 2608.2100   15.3274
    7.5000   37.5000   45.0000 2587.3723   15.6114
   -7.5000   45.0000   45.0000 2525.1533   16.1039
    0.0000   45.0000   45.0000 2532.2739   16.1389
    7.5000   45.0000   45.0000 2512.1045   16.4429

---------------------------------------------------------------------
imgreg_4dfp /opt/freesurfer/average/711-2C_as_mni_average_305 /opt/freesurfer/average/711-2B_as_mni_average_305_mask talsrcimg_g11 none talsrcimg_to_711-2C_as_mni_average_305_t4 1283
---------------------------------------------------------------------

freesurfer imgreg_4dfp.c
/opt/freesurfer/average/711-2C_as_mni_average_305.4dfp.img
       256       256       256         1
  1.000000  1.000000  1.000000
orientation T byte_order littleendian
Reading image: /opt/freesurfer/average/711-2C_as_mni_average_305.4dfp.img
dimensions:      256       256       256
mmppix:       1.0000   -1.0000   -1.0000
center:     128.0000 -129.0000 -129.0000
/opt/freesurfer/average/711-2B_as_mni_average_305_mask.4dfp.img
       256       256       256         1
  1.000000  1.000000  1.000000
orientation T byte_order littleendian
Reading mask: /opt/freesurfer/average/711-2B_as_mni_average_305_mask.4dfp.img (2306576 pixels)
talsrcimg_g11.4dfp.img
       256       256       256         1
  1.000000  1.000000  1.000000
orientation T byte_order littleendian
Reading image: talsrcimg_g11.4dfp.img
dimensions:      256       256       256
mmppix:       1.0000   -1.0000   -1.0000
center:     128.0000 -129.0000 -129.0000
rotation matrix determinant  1.000000
fimgreg.f
image alignment mode   1283 decimal      503 hex
parameters
    0.0000   22.5000    7.5000    0.0000    0.0000    0.0000
eta,q 0.95743 11.99554
niter,ni,del,rscale     5    3   12.0000    1.2000
parameter  5 -0.548026 -> -0.500000 qaram    1.1500
parameters
   -1.5666   22.8407    7.4528   -0.4161    3.4500   -2.2078
eta,q 0.96226 11.96641
  0.0492  0.0486  0.0496  0.0438  0.0509  0.0390
  0.0434  0.0450  0.0438  0.0413  0.0467  0.0380
  0.0403  0.0421  0.0403  0.0402  0.0430  0.0377
  0.0413  0.0399  0.0399  0.0398  0.0399  0.0382
  0.0465  0.0401  0.0416  0.0404  0.0382  0.0393
  0.0548  0.0430  0.0447  0.0425  0.0383  0.0412
  0.0637  0.0477  0.0490  0.0450  0.0398  0.0438
niter,ni,del,rscale     5    3   12.0000    1.2000
parameters
   -2.9427   22.7803    7.7528   -0.9400    4.1008   -2.2584
eta,q 0.96396 11.95152
  0.0469  0.0451  0.0478  0.0412  0.0481  0.0407
  0.0399  0.0408  0.0425  0.0383  0.0432  0.0376
  0.0367  0.0381  0.0388  0.0363  0.0390  0.0361
  0.0377  0.0366  0.0366  0.0365  0.0363  0.0360
  0.0427  0.0373  0.0376  0.0376  0.0364  0.0369
  0.0506  0.0408  0.0412  0.0398  0.0397  0.0384
  0.0596  0.0459  0.0459  0.0427  0.0453  0.0401
niter,ni,del,rscale     4    3   12.0000    1.2000
parameters
   -3.1678   22.9348    7.6562   -1.1648    4.2805   -2.2451
eta,q 0.96422 11.93316
  0.0526  0.0455  0.0463  0.0414  0.0469  0.0408
  0.0436  0.0411  0.0412  0.0386  0.0421  0.0377
  0.0375  0.0380  0.0376  0.0362  0.0380  0.0360
  0.0360  0.0360  0.0359  0.0359  0.0358  0.0358
  0.0392  0.0365  0.0377  0.0369  0.0366  0.0366
  0.0459  0.0400  0.0418  0.0391  0.0407  0.0382
  0.0545  0.0452  0.0468  0.0422  0.0466  0.0401
niter,ni,del,rscale     3    3   12.0000    1.2000
parameters
   -3.2371   22.9913    7.6013   -1.2485    4.3404   -2.2286
eta,q 0.96428 11.92595
  0.0534  0.0452  0.0464  0.0416  0.0466  0.0408
  0.0442  0.0409  0.0412  0.0388  0.0418  0.0377
  0.0377  0.0378  0.0375  0.0362  0.0378  0.0360
  0.0358  0.0358  0.0357  0.0358  0.0357  0.0357
  0.0387  0.0366  0.0375  0.0367  0.0367  0.0366
  0.0452  0.0403  0.0416  0.0388  0.0410  0.0382
  0.0537  0.0455  0.0467  0.0419  0.0469  0.0401
niter,ni,del,rscale     2    3   12.0000    1.2000
parameters
   -3.2613   23.0120    7.5795   -1.2776    4.3620   -2.2215
eta,q 0.96431 11.92338
  0.0536  0.0451  0.0465  0.0416  0.0465  0.0407
  0.0444  0.0409  0.0412  0.0389  0.0417  0.0377
  0.0377  0.0378  0.0375  0.0363  0.0377  0.0359
  0.0357  0.0357  0.0357  0.0357  0.0357  0.0357
  0.0385  0.0366  0.0374  0.0366  0.0367  0.0365
  0.0450  0.0404  0.0415  0.0387  0.0411  0.0382
  0.0534  0.0456  0.0466  0.0418  0.0470  0.0402
registration optimization eta report
parameter search radius
    6.0000    6.0000    6.0000    6.0000    6.9000    6.0000
100000*second partial in parameter space
       49.       26.       29.       17.       23.       13.
  0.0536  0.0451  0.0465  0.0416  0.0465  0.0407
  0.0444  0.0409  0.0412  0.0389  0.0417  0.0377
  0.0377  0.0378  0.0375  0.0363  0.0377  0.0359
  0.0357  0.0357  0.0357  0.0357  0.0357  0.0357
  0.0385  0.0366  0.0374  0.0366  0.0367  0.0365
  0.0450  0.0404  0.0415  0.0387  0.0411  0.0382
  0.0534  0.0456  0.0466  0.0418  0.0470  0.0402
   -3.2613   23.0120    7.5795   -1.2776    4.3620   -2.2215
eta,q 0.96431 11.92338

---------------------------------------------------------------------
imgreg_4dfp /opt/freesurfer/average/711-2C_as_mni_average_305 /opt/freesurfer/average/711-2B_as_mni_average_305_mask talsrcimg_g11 none talsrcimg_to_711-2C_as_mni_average_305_t4 3335
---------------------------------------------------------------------

freesurfer imgreg_4dfp.c
/opt/freesurfer/average/711-2C_as_mni_average_305.4dfp.img
       256       256       256         1
  1.000000  1.000000  1.000000
orientation T byte_order littleendian
Reading image: /opt/freesurfer/average/711-2C_as_mni_average_305.4dfp.img
dimensions:      256       256       256
mmppix:       1.0000   -1.0000   -1.0000
center:     128.0000 -129.0000 -129.0000
/opt/freesurfer/average/711-2B_as_mni_average_305_mask.4dfp.img
       256       256       256         1
  1.000000  1.000000  1.000000
orientation T byte_order littleendian
Reading mask: /opt/freesurfer/average/711-2B_as_mni_average_305_mask.4dfp.img (2306576 pixels)
talsrcimg_g11.4dfp.img
       256       256       256         1
  1.000000  1.000000  1.000000
orientation T byte_order littleendian
Reading image: talsrcimg_g11.4dfp.img
dimensions:      256       256       256
mmppix:       1.0000   -1.0000   -1.0000
center:     128.0000 -129.0000 -129.0000
fimgreg.f
image alignment mode   3335 decimal      D07 hex
parameters
   -3.2613   23.0120    7.5795   -0.3646   -0.1066   -0.3144
    4.0448   -7.5117   -3.8651    2.5228    7.6057   -2.2233
eta,q 0.96294 11.97134
niter,ni,del,rscale     5    3    5.0000    1.2000
parameter  4  0.510347 ->  0.500000 qaram    1.1500
parameter  5  3.532762 ->  0.500000 qaram    1.1500
parameters
   -3.3846   23.4316    7.4231   -4.5046   -4.2466   -3.6322
    4.1700   -5.7726   -2.1849    0.8099   10.4768   -4.9844
eta,q 0.96864 11.64028
  0.0399  0.0390  0.0386  0.0369  0.0306  0.0323  0.0343  0.0369  0.0346  0.0333  0.0326  0.0318
  0.0382  0.0380  0.0377  0.0364  0.0318  0.0323  0.0331  0.0345  0.0333  0.0322  0.0322  0.0314
  0.0373  0.0373  0.0372  0.0363  0.0338  0.0319  0.0324  0.0328  0.0324  0.0316  0.0319  0.0314
  0.0371  0.0370  0.0370  0.0370  0.0363  0.0322  0.0321  0.0321  0.0319  0.0318  0.0316  0.0315
  0.0375  0.0370  0.0373  0.0387  0.0388  0.0337  0.0323  0.0320  0.0319  0.0327  0.0315  0.0319
  0.0387  0.0373  0.0380  0.0415  0.0412  0.0368  0.0330  0.0324  0.0322  0.0340  0.0315  0.0325
  0.0405  0.0379  0.0391  0.0450  0.0439  0.0409  0.0342  0.0337  0.0329  0.0358  0.0318  0.0333
niter,ni,del,rscale     6    3    5.0000    1.2000
parameter  3  0.511992 ->  0.500000 qaram    1.1500
parameter  5  0.736380 ->  0.500000 qaram    1.3225
parameters
   -3.2551   23.7077    6.0431   -3.8129   -9.0076   -6.1684
    4.3064   -6.0560   -2.4884    0.9309   10.4832   -3.5538
eta,q 0.97044 11.35351
  0.0340  0.0344  0.0313  0.0340  0.0296  0.0295  0.0317  0.0324  0.0311  0.0321  0.0302  0.0306
  0.0326  0.0329  0.0310  0.0329  0.0294  0.0294  0.0306  0.0308  0.0303  0.0307  0.0298  0.0302
  0.0317  0.0318  0.0311  0.0318  0.0297  0.0296  0.0299  0.0299  0.0297  0.0298  0.0297  0.0298
  0.0314  0.0314  0.0313  0.0310  0.0309  0.0294  0.0296  0.0296  0.0296  0.0296  0.0296  0.0296
  0.0315  0.0314  0.0318  0.0308  0.0333  0.0295  0.0298  0.0299  0.0298  0.0299  0.0297  0.0296
  0.0323  0.0321  0.0325  0.0316  0.0363  0.0306  0.0305  0.0310  0.0305  0.0307  0.0298  0.0297
  0.0335  0.0333  0.0333  0.0337  0.0392  0.0335  0.0316  0.0330  0.0314  0.0318  0.0302  0.0301
niter,ni,del,rscale     7    3    5.0000    1.2000
parameters
   -3.3603   24.3506    6.7932   -2.3302  -12.4729   -7.3499
    4.2242   -6.3534   -2.5600    0.9694   10.6086   -3.6996
eta,q 0.97122 11.19412
  0.0316  0.0327  0.0310  0.0319  0.0300  0.0292  0.0307  0.0315  0.0303  0.0310  0.0295  0.0296
  0.0304  0.0313  0.0302  0.0309  0.0292  0.0288  0.0296  0.0300  0.0294  0.0297  0.0291  0.0291
  0.0297  0.0302  0.0297  0.0300  0.0289  0.0287  0.0290  0.0290  0.0289  0.0289  0.0289  0.0289
  0.0296  0.0296  0.0294  0.0293  0.0290  0.0289  0.0288  0.0288  0.0288  0.0288  0.0288  0.0288
  0.0299  0.0294  0.0293  0.0288  0.0302  0.0288  0.0290  0.0292  0.0290  0.0291  0.0289  0.0289
  0.0307  0.0297  0.0294  0.0292  0.0328  0.0288  0.0297  0.0302  0.0295  0.0298  0.0291  0.0292
  0.0320  0.0306  0.0298  0.0309  0.0359  0.0299  0.0308  0.0321  0.0303  0.0308  0.0294  0.0297
niter,ni,del,rscale     6    3    5.0000    1.2000
parameters
   -3.3514   24.5940    6.8407   -2.1370  -13.6164   -7.4905
    4.2609   -6.4091   -2.6472    1.3609   10.6228   -3.6131
eta,q 0.97120 11.13945
  0.0311  0.0311  0.0301  0.0308  0.0306  0.0294  0.0307  0.0317  0.0302  0.0311  0.0295  0.0297
  0.0298  0.0299  0.0294  0.0300  0.0297  0.0289  0.0297  0.0301  0.0294  0.0298  0.0291  0.0292
  0.0291  0.0291  0.0289  0.0293  0.0290  0.0286  0.0290  0.0291  0.0289  0.0290  0.0289  0.0289
  0.0288  0.0288  0.0288  0.0288  0.0287  0.0288  0.0288  0.0288  0.0288  0.0288  0.0288  0.0288
  0.0290  0.0289  0.0289  0.0285  0.0289  0.0290  0.0290  0.0291  0.0290  0.0290  0.0289  0.0289
  0.0298  0.0294  0.0293  0.0293  0.0301  0.0289  0.0296  0.0301  0.0295  0.0297  0.0291  0.0292
  0.0311  0.0303  0.0300  0.0312  0.0326  0.0294  0.0307  0.0319  0.0303  0.0305  0.0295  0.0297
niter,ni,del,rscale     5    3    5.0000    1.2000
parameters
   -3.3796   24.7562    6.7591   -2.1247  -13.9218   -7.9661
    4.3344   -6.4851   -2.7146    1.6490   10.5685   -3.5382
eta,q 0.97122 11.09858
  0.0310  0.0309  0.0300  0.0307  0.0308  0.0294  0.0307  0.0317  0.0301  0.0309  0.0295  0.0297
  0.0298  0.0297  0.0293  0.0299  0.0299  0.0288  0.0297  0.0300  0.0293  0.0296  0.0291  0.0292
  0.0291  0.0291  0.0289  0.0293  0.0292  0.0286  0.0290  0.0291  0.0289  0.0289  0.0288  0.0289
  0.0288  0.0288  0.0288  0.0288  0.0288  0.0288  0.0288  0.0288  0.0288  0.0288  0.0288  0.0288
  0.0291  0.0290  0.0290  0.0286  0.0288  0.0291  0.0290  0.0291  0.0289  0.0290  0.0289  0.0288
  0.0299  0.0295  0.0294  0.0294  0.0296  0.0289  0.0296  0.0301  0.0294  0.0296  0.0291  0.0292
  0.0312  0.0303  0.0302  0.0313  0.0317  0.0295  0.0306  0.0318  0.0301  0.0304  0.0295  0.0296
niter,ni,del,rscale     4    3    5.0000    1.2000
parameters
   -3.3969   24.8918    6.6106   -2.1903  -14.2072   -8.4455
    4.4100   -6.5325   -2.7319    1.9607   10.4871   -3.4453
eta,q 0.97126 11.05274
  0.0310  0.0307  0.0300  0.0306  0.0307  0.0294  0.0306  0.0316  0.0300  0.0308  0.0295  0.0297
  0.0298  0.0296  0.0293  0.0298  0.0298  0.0288  0.0296  0.0300  0.0293  0.0296  0.0290  0.0292
  0.0290  0.0290  0.0289  0.0293  0.0291  0.0286  0.0290  0.0290  0.0289  0.0289  0.0288  0.0289
  0.0288  0.0288  0.0288  0.0288  0.0288  0.0288  0.0287  0.0287  0.0287  0.0287  0.0287  0.0287
  0.0290  0.0289  0.0290  0.0286  0.0287  0.0291  0.0289  0.0291  0.0289  0.0290  0.0288  0.0288
  0.0298  0.0294  0.0295  0.0294  0.0295  0.0290  0.0295  0.0300  0.0293  0.0295  0.0291  0.0291
  0.0311  0.0303  0.0303  0.0313  0.0315  0.0294  0.0306  0.0317  0.0301  0.0303  0.0295  0.0296
niter,ni,del,rscale     3    3    5.0000    1.2000
parameters
   -3.4157   25.0477    6.4417   -2.2662  -14.5610   -9.0491
    4.4710   -6.5890   -2.7343    2.3697   10.4233   -3.2866
eta,q 0.97131 10.99667
  0.0310  0.0307  0.0300  0.0305  0.0305  0.0295  0.0305  0.0316  0.0300  0.0307  0.0295  0.0296
  0.0297  0.0296  0.0292  0.0298  0.0297  0.0289  0.0295  0.0300  0.0292  0.0295  0.0290  0.0291
  0.0290  0.0290  0.0288  0.0292  0.0290  0.0286  0.0289  0.0290  0.0288  0.0289  0.0288  0.0288
  0.0287  0.0287  0.0287  0.0287  0.0287  0.0288  0.0287  0.0287  0.0287  0.0287  0.0287  0.0287
  0.0290  0.0289  0.0290  0.0286  0.0287  0.0292  0.0289  0.0290  0.0288  0.0289  0.0288  0.0288
  0.0298  0.0294  0.0295  0.0293  0.0294  0.0292  0.0295  0.0300  0.0292  0.0294  0.0291  0.0291
  0.0310  0.0302  0.0303  0.0311  0.0313  0.0294  0.0305  0.0317  0.0300  0.0302  0.0295  0.0296
niter,ni,del,rscale     2    3    5.0000    1.2000
parameters
   -3.4407   25.2599    6.2250   -2.3663  -15.0685   -9.8634
    4.5471   -6.6547   -2.7270    2.9995   10.3538   -3.0734
eta,q 0.97141 10.92082
  0.0309  0.0306  0.0299  0.0304  0.0304  0.0295  0.0304  0.0315  0.0299  0.0307  0.0294  0.0296
  0.0297  0.0296  0.0292  0.0296  0.0295  0.0288  0.0294  0.0299  0.0292  0.0295  0.0290  0.0291
  0.0289  0.0289  0.0287  0.0291  0.0289  0.0286  0.0288  0.0289  0.0287  0.0288  0.0287  0.0287
  0.0287  0.0287  0.0287  0.0287  0.0287  0.0287  0.0286  0.0286  0.0286  0.0286  0.0286  0.0286
  0.0289  0.0288  0.0289  0.0285  0.0287  0.0292  0.0288  0.0290  0.0287  0.0287  0.0287  0.0287
  0.0297  0.0292  0.0295  0.0292  0.0293  0.0293  0.0294  0.0300  0.0292  0.0292  0.0290  0.0290
  0.0310  0.0300  0.0303  0.0310  0.0312  0.0295  0.0303  0.0315  0.0299  0.0300  0.0295  0.0295
niter,ni,del,rscale     1    3    5.0000    1.2000
parameters
   -3.4709   25.5731    5.9415   -2.5219  -15.8196  -10.7830
    4.6259   -6.7046   -2.6821    3.9620   10.3218   -2.8978
eta,q 0.97154 10.82541
  0.0307  0.0306  0.0298  0.0302  0.0301  0.0295  0.0302  0.0313  0.0299  0.0307  0.0294  0.0294
  0.0295  0.0296  0.0290  0.0295  0.0292  0.0288  0.0293  0.0298  0.0291  0.0296  0.0289  0.0289
  0.0288  0.0289  0.0286  0.0289  0.0287  0.0285  0.0287  0.0288  0.0286  0.0288  0.0285  0.0286
  0.0286  0.0286  0.0286  0.0285  0.0286  0.0286  0.0285  0.0285  0.0285  0.0285  0.0285  0.0285
  0.0289  0.0286  0.0289  0.0284  0.0287  0.0291  0.0287  0.0289  0.0286  0.0285  0.0286  0.0285
  0.0296  0.0290  0.0295  0.0291  0.0293  0.0294  0.0292  0.0298  0.0291  0.0289  0.0289  0.0288
  0.0308  0.0298  0.0304  0.0309  0.0311  0.0296  0.0302  0.0314  0.0298  0.0297  0.0294  0.0294
registration optimization eta report
parameter search radius
    2.4000    2.4000    2.7600    8.2800    9.5220    7.2000
    7.2000    7.2000    7.2000    7.2000    7.2000    7.2000
100000*second partial in parameter space
       38.       28.       20.        3.        2.        2.
        3.        6.        3.        3.        2.        2.
  0.0307  0.0306  0.0298  0.0302  0.0301  0.0295  0.0302  0.0313  0.0299  0.0307  0.0294  0.0294
  0.0295  0.0296  0.0290  0.0295  0.0292  0.0288  0.0293  0.0298  0.0291  0.0296  0.0289  0.0289
  0.0288  0.0289  0.0286  0.0289  0.0287  0.0285  0.0287  0.0288  0.0286  0.0288  0.0285  0.0286
  0.0286  0.0286  0.0286  0.0285  0.0286  0.0286  0.0285  0.0285  0.0285  0.0285  0.0285  0.0285
  0.0289  0.0286  0.0289  0.0284  0.0287  0.0291  0.0287  0.0289  0.0286  0.0285  0.0286  0.0285
  0.0296  0.0290  0.0295  0.0291  0.0293  0.0294  0.0292  0.0298  0.0291  0.0289  0.0289  0.0288
  0.0308  0.0298  0.0304  0.0309  0.0311  0.0296  0.0302  0.0314  0.0298  0.0297  0.0294  0.0294
   -3.4709   25.5731    5.9415   -2.5219  -15.8196  -10.7830
    4.6259   -6.7046   -2.6821    3.9620   10.3218   -2.8978
eta,q 0.97154 10.82541

---------------------------------------------------------------------
imgreg_4dfp /opt/freesurfer/average/711-2C_as_mni_average_305 /opt/freesurfer/average/711-2B_as_mni_average_305_mask talsrcimg_g11 none talsrcimg_to_711-2C_as_mni_average_305_t4 2311
---------------------------------------------------------------------

freesurfer imgreg_4dfp.c
/opt/freesurfer/average/711-2C_as_mni_average_305.4dfp.img
       256       256       256         1
  1.000000  1.000000  1.000000
orientation T byte_order littleendian
Reading image: /opt/freesurfer/average/711-2C_as_mni_average_305.4dfp.img
dimensions:      256       256       256
mmppix:       1.0000   -1.0000   -1.0000
center:     128.0000 -129.0000 -129.0000
/opt/freesurfer/average/711-2B_as_mni_average_305_mask.4dfp.img
       256       256       256         1
  1.000000  1.000000  1.000000
orientation T byte_order littleendian
Reading mask: /opt/freesurfer/average/711-2B_as_mni_average_305_mask.4dfp.img (2306576 pixels)
talsrcimg_g11.4dfp.img
       256       256       256         1
  1.000000  1.000000  1.000000
orientation T byte_order littleendian
Reading image: talsrcimg_g11.4dfp.img
dimensions:      256       256       256
mmppix:       1.0000   -1.0000   -1.0000
center:     128.0000 -129.0000 -129.0000
fimgreg.f
image alignment mode   2311 decimal      907 hex
parameters
   -3.4709   25.5731    5.9415   -2.5219  -15.8196  -10.7830
    4.6259   -6.7046   -2.6821    3.9620   10.3218   -2.8978
eta,q 0.97154 10.82540
niter,ni,del,rscale     5    3    5.0000    0.8000
parameters
   -3.5172   25.9884    5.5786   -1.3354  -16.1041  -12.1737
    4.8739   -6.9649   -2.5043    5.0286   10.0993   -2.8547
eta,q 0.97184 10.81108
  0.0294  0.0296  0.0287  0.0291  0.0286  0.0286  0.0291  0.0294  0.0290  0.0294  0.0286  0.0286
  0.0288  0.0291  0.0285  0.0288  0.0284  0.0283  0.0286  0.0287  0.0286  0.0288  0.0283  0.0284
  0.0285  0.0287  0.0284  0.0286  0.0283  0.0282  0.0283  0.0283  0.0283  0.0284  0.0282  0.0282
  0.0285  0.0285  0.0284  0.0284  0.0283  0.0283  0.0282  0.0282  0.0282  0.0282  0.0282  0.0282
  0.0286  0.0284  0.0285  0.0283  0.0283  0.0285  0.0283  0.0284  0.0283  0.0282  0.0282  0.0282
  0.0289  0.0285  0.0288  0.0283  0.0285  0.0289  0.0285  0.0289  0.0285  0.0283  0.0284  0.0283
  0.0295  0.0288  0.0292  0.0287  0.0287  0.0292  0.0289  0.0297  0.0289  0.0286  0.0287  0.0286
niter,ni,del,rscale     4    3    5.0000    0.7000
parameters
   -3.5148   26.3375    5.2695   -1.4866  -16.8937  -12.7118
    4.9032   -6.9350   -2.4057    5.7336    9.9902   -3.0416
eta,q 0.97194 10.73482
  0.0289  0.0291  0.0284  0.0286  0.0283  0.0286  0.0287  0.0291  0.0287  0.0290  0.0284  0.0284
  0.0285  0.0286  0.0282  0.0284  0.0281  0.0283  0.0284  0.0286  0.0284  0.0285  0.0282  0.0282
  0.0282  0.0283  0.0281  0.0282  0.0281  0.0281  0.0281  0.0282  0.0282  0.0282  0.0281  0.0281
  0.0282  0.0282  0.0281  0.0281  0.0281  0.0281  0.0281  0.0281  0.0281  0.0281  0.0281  0.0281
  0.0282  0.0281  0.0282  0.0281  0.0282  0.0282  0.0281  0.0282  0.0281  0.0281  0.0281  0.0281
  0.0285  0.0282  0.0284  0.0283  0.0283  0.0285  0.0284  0.0286  0.0283  0.0282  0.0282  0.0282
  0.0289  0.0285  0.0287  0.0288  0.0285  0.0289  0.0287  0.0291  0.0286  0.0285  0.0285  0.0284
niter,ni,del,rscale     3    3    5.0000    0.6000
parameters
   -3.5404   26.5826    5.1387   -1.3841  -17.1544  -12.9597
    4.9687   -6.9632   -2.3770    6.1128    9.9211   -3.2127
eta,q 0.97197 10.71664
  0.0286  0.0287  0.0283  0.0284  0.0283  0.0284  0.0285  0.0288  0.0285  0.0287  0.0283  0.0283
  0.0283  0.0284  0.0281  0.0283  0.0281  0.0282  0.0282  0.0284  0.0282  0.0283  0.0281  0.0281
  0.0281  0.0282  0.0281  0.0281  0.0280  0.0281  0.0281  0.0281  0.0281  0.0281  0.0281  0.0280
  0.0281  0.0281  0.0280  0.0280  0.0280  0.0280  0.0280  0.0280  0.0280  0.0280  0.0280  0.0280
  0.0281  0.0281  0.0281  0.0280  0.0281  0.0281  0.0281  0.0281  0.0281  0.0281  0.0281  0.0281
  0.0283  0.0281  0.0282  0.0281  0.0282  0.0283  0.0282  0.0284  0.0282  0.0282  0.0282  0.0282
  0.0286  0.0283  0.0284  0.0284  0.0283  0.0286  0.0285  0.0288  0.0285  0.0284  0.0283  0.0283
niter,ni,del,rscale     2    3    5.0000    0.5000
parameters
   -3.5388   26.6838    5.0787   -1.2132  -17.2479  -13.0485
    4.9824   -6.9707   -2.3378    6.2484    9.8702   -3.2562
eta,q 0.97199 10.71673
  0.0284  0.0284  0.0282  0.0283  0.0282  0.0283  0.0283  0.0286  0.0284  0.0284  0.0282  0.0282
  0.0282  0.0282  0.0281  0.0282  0.0281  0.0281  0.0282  0.0283  0.0282  0.0282  0.0281  0.0281
  0.0281  0.0281  0.0280  0.0281  0.0280  0.0280  0.0280  0.0281  0.0281  0.0281  0.0280  0.0280
  0.0280  0.0280  0.0280  0.0280  0.0280  0.0280  0.0280  0.0280  0.0280  0.0280  0.0280  0.0280
  0.0281  0.0280  0.0281  0.0280  0.0280  0.0281  0.0281  0.0281  0.0281  0.0281  0.0280  0.0280
  0.0282  0.0281  0.0281  0.0281  0.0281  0.0282  0.0282  0.0283  0.0282  0.0282  0.0281  0.0281
  0.0284  0.0283  0.0283  0.0283  0.0282  0.0284  0.0283  0.0286  0.0283  0.0283  0.0282  0.0282
niter,ni,del,rscale     1    3    5.0000    0.4000
parameters
   -3.5355   26.7209    5.0584   -1.0402  -17.3787  -13.0909
    4.9765   -6.9857   -2.3396    6.2612    9.8170   -3.2080
eta,q 0.97199 10.71614
  0.0283  0.0282  0.0281  0.0282  0.0281  0.0282  0.0282  0.0284  0.0282  0.0283  0.0281  0.0281
  0.0281  0.0281  0.0281  0.0281  0.0280  0.0281  0.0281  0.0282  0.0281  0.0281  0.0281  0.0281
  0.0280  0.0280  0.0280  0.0281  0.0280  0.0280  0.0280  0.0280  0.0280  0.0280  0.0280  0.0280
  0.0280  0.0280  0.0280  0.0280  0.0280  0.0280  0.0280  0.0280  0.0280  0.0280  0.0280  0.0280
  0.0280  0.0280  0.0280  0.0280  0.0280  0.0280  0.0280  0.0281  0.0280  0.0280  0.0280  0.0280
  0.0281  0.0281  0.0281  0.0281  0.0281  0.0281  0.0281  0.0282  0.0281  0.0281  0.0281  0.0281
  0.0283  0.0282  0.0282  0.0282  0.0281  0.0282  0.0282  0.0284  0.0282  0.0282  0.0281  0.0281
registration optimization eta report
parameter search radius
    0.8000    0.8000    0.8000    2.4000    2.4000    2.4000
    2.4000    2.4000    2.4000    2.4000    2.4000    2.4000
100000*second partial in parameter space
       39.       32.       21.        3.        2.        4.
        3.        6.        4.        4.        2.        2.
  0.0283  0.0282  0.0281  0.0282  0.0281  0.0282  0.0282  0.0284  0.0282  0.0283  0.0281  0.0281
  0.0281  0.0281  0.0281  0.0281  0.0280  0.0281  0.0281  0.0282  0.0281  0.0281  0.0281  0.0281
  0.0280  0.0280  0.0280  0.0281  0.0280  0.0280  0.0280  0.0280  0.0280  0.0280  0.0280  0.0280
  0.0280  0.0280  0.0280  0.0280  0.0280  0.0280  0.0280  0.0280  0.0280  0.0280  0.0280  0.0280
  0.0280  0.0280  0.0280  0.0280  0.0280  0.0280  0.0280  0.0281  0.0280  0.0280  0.0280  0.0280
  0.0281  0.0281  0.0281  0.0281  0.0281  0.0281  0.0281  0.0282  0.0281  0.0281  0.0281  0.0281
  0.0283  0.0282  0.0282  0.0282  0.0281  0.0282  0.0282  0.0284  0.0282  0.0282  0.0281  0.0281
   -3.5355   26.7209    5.0584   -1.0402  -17.3787  -13.0909
    4.9765   -6.9857   -2.3396    6.2612    9.8170   -3.2080
eta,q 0.97199 10.71614

---------------------------------------------------------------------
imgreg_4dfp /opt/freesurfer/average/711-2C_as_mni_average_305 /opt/freesurfer/average/711-2B_as_mni_average_305_mask talsrcimg_g11 none talsrcimg_to_711-2C_as_mni_average_305_t4 2311
---------------------------------------------------------------------

freesurfer imgreg_4dfp.c
/opt/freesurfer/average/711-2C_as_mni_average_305.4dfp.img
       256       256       256         1
  1.000000  1.000000  1.000000
orientation T byte_order littleendian
Reading image: /opt/freesurfer/average/711-2C_as_mni_average_305.4dfp.img
dimensions:      256       256       256
mmppix:       1.0000   -1.0000   -1.0000
center:     128.0000 -129.0000 -129.0000
/opt/freesurfer/average/711-2B_as_mni_average_305_mask.4dfp.img
       256       256       256         1
  1.000000  1.000000  1.000000
orientation T byte_order littleendian
Reading mask: /opt/freesurfer/average/711-2B_as_mni_average_305_mask.4dfp.img (2306576 pixels)
talsrcimg_g11.4dfp.img
       256       256       256         1
  1.000000  1.000000  1.000000
orientation T byte_order littleendian
Reading image: talsrcimg_g11.4dfp.img
dimensions:      256       256       256
mmppix:       1.0000   -1.0000   -1.0000
center:     128.0000 -129.0000 -129.0000
fimgreg.f
image alignment mode   2311 decimal      907 hex
parameters
   -3.5355   26.7209    5.0584   -1.0402  -17.3787  -13.0909
    4.9765   -6.9857   -2.3396    6.2612    9.8170   -3.2080
eta,q 0.97199 10.71615
niter,ni,del,rscale     5    3    5.0000    0.8000
parameters
   -3.5252   26.7273    5.0643   -1.7658  -17.0770  -13.0807
    4.9447   -6.8498   -2.3485    6.3996    9.9299   -3.4169
eta,q 0.97195 10.69772
  0.0290  0.0289  0.0286  0.0285  0.0286  0.0288  0.0288  0.0294  0.0288  0.0290  0.0286  0.0284
  0.0285  0.0284  0.0283  0.0283  0.0283  0.0284  0.0284  0.0287  0.0284  0.0285  0.0283  0.0282
  0.0281  0.0281  0.0281  0.0281  0.0281  0.0282  0.0281  0.0282  0.0281  0.0281  0.0281  0.0281
  0.0280  0.0280  0.0280  0.0280  0.0280  0.0280  0.0280  0.0280  0.0280  0.0280  0.0280  0.0280
  0.0281  0.0281  0.0281  0.0281  0.0281  0.0281  0.0281  0.0282  0.0281  0.0282  0.0281  0.0281
  0.0285  0.0284  0.0283  0.0284  0.0282  0.0284  0.0284  0.0286  0.0284  0.0284  0.0283  0.0283
  0.0290  0.0288  0.0285  0.0291  0.0284  0.0288  0.0288  0.0293  0.0288  0.0289  0.0285  0.0285
niter,ni,del,rscale     4    3    5.0000    0.7000
parameters
   -3.5357   26.7559    5.0180   -1.6579  -17.1135  -13.1376
    4.9991   -6.8875   -2.3789    6.4458    9.9199   -3.4291
eta,q 0.97196 10.69899
  0.0288  0.0287  0.0284  0.0285  0.0284  0.0286  0.0287  0.0290  0.0286  0.0288  0.0284  0.0284
  0.0284  0.0283  0.0282  0.0283  0.0282  0.0283  0.0283  0.0285  0.0283  0.0283  0.0282  0.0282
  0.0281  0.0281  0.0281  0.0282  0.0281  0.0281  0.0281  0.0281  0.0281  0.0281  0.0281  0.0281
  0.0280  0.0280  0.0280  0.0280  0.0280  0.0280  0.0280  0.0280  0.0280  0.0280  0.0280  0.0280
  0.0281  0.0281  0.0281  0.0280  0.0281  0.0281  0.0281  0.0282  0.0281  0.0281  0.0281  0.0281
  0.0284  0.0283  0.0282  0.0282  0.0282  0.0283  0.0283  0.0285  0.0283  0.0283  0.0282  0.0282
  0.0288  0.0286  0.0285  0.0286  0.0284  0.0287  0.0286  0.0291  0.0287  0.0287  0.0284  0.0284
niter,ni,del,rscale     3    3    5.0000    0.6000
parameters
   -3.5404   26.7744    5.0122   -1.4366  -17.1854  -13.1618
    5.0161   -6.9190   -2.3648    6.4426    9.8784   -3.3856
eta,q 0.97197 10.70524
  0.0286  0.0285  0.0283  0.0284  0.0283  0.0285  0.0285  0.0288  0.0285  0.0286  0.0283  0.0283
  0.0283  0.0283  0.0282  0.0283  0.0281  0.0282  0.0282  0.0284  0.0282  0.0282  0.0281  0.0281
  0.0281  0.0281  0.0281  0.0281  0.0280  0.0281  0.0281  0.0281  0.0281  0.0281  0.0281  0.0281
  0.0280  0.0280  0.0280  0.0280  0.0280  0.0280  0.0280  0.0280  0.0280  0.0280  0.0280  0.0280
  0.0281  0.0281  0.0281  0.0280  0.0281  0.0281  0.0281  0.0281  0.0281  0.0281  0.0281  0.0281
  0.0283  0.0282  0.0282  0.0281  0.0281  0.0282  0.0282  0.0284  0.0282  0.0283  0.0282  0.0281
  0.0286  0.0285  0.0283  0.0284  0.0283  0.0285  0.0285  0.0288  0.0285  0.0285  0.0283  0.0283
niter,ni,del,rscale     2    3    5.0000    0.5000
parameters
   -3.5375   26.7720    5.0190   -1.2346  -17.2645  -13.1616
    5.0039   -6.9532   -2.3460    6.3859    9.8383   -3.3447
eta,q 0.97198 10.71067
  0.0284  0.0284  0.0282  0.0283  0.0282  0.0283  0.0283  0.0285  0.0283  0.0284  0.0282  0.0282
  0.0282  0.0282  0.0281  0.0282  0.0281  0.0282  0.0282  0.0283  0.0282  0.0282  0.0281  0.0281
  0.0281  0.0281  0.0281  0.0281  0.0280  0.0281  0.0281  0.0281  0.0281  0.0280  0.0280  0.0280
  0.0280  0.0280  0.0280  0.0280  0.0280  0.0280  0.0280  0.0280  0.0280  0.0280  0.0280  0.0280
  0.0281  0.0281  0.0281  0.0280  0.0281  0.0281  0.0281  0.0281  0.0281  0.0281  0.0280  0.0280
  0.0282  0.0282  0.0281  0.0281  0.0281  0.0282  0.0282  0.0283  0.0282  0.0282  0.0281  0.0281
  0.0284  0.0284  0.0282  0.0283  0.0282  0.0283  0.0283  0.0286  0.0283  0.0284  0.0282  0.0282
niter,ni,del,rscale     1    3    5.0000    0.4000
parameters
   -3.5293   26.7605    5.0263   -1.0531  -17.3402  -13.1269
    4.9874   -6.9615   -2.3235    6.3238    9.7996   -3.2803
eta,q 0.97199 10.71614
  0.0283  0.0282  0.0282  0.0282  0.0281  0.0282  0.0282  0.0284  0.0282  0.0282  0.0281  0.0281
  0.0281  0.0281  0.0281  0.0281  0.0281  0.0281  0.0281  0.0282  0.0281  0.0281  0.0281  0.0281
  0.0280  0.0280  0.0280  0.0281  0.0280  0.0280  0.0280  0.0281  0.0280  0.0280  0.0280  0.0280
  0.0280  0.0280  0.0280  0.0280  0.0280  0.0280  0.0280  0.0280  0.0280  0.0280  0.0280  0.0280
  0.0280  0.0280  0.0280  0.0280  0.0280  0.0280  0.0280  0.0281  0.0280  0.0280  0.0280  0.0280
  0.0281  0.0281  0.0281  0.0281  0.0281  0.0281  0.0281  0.0282  0.0281  0.0281  0.0281  0.0281
  0.0283  0.0282  0.0282  0.0282  0.0281  0.0282  0.0282  0.0284  0.0282  0.0283  0.0281  0.0281
registration optimization eta report
parameter search radius
    0.8000    0.8000    0.8000    2.4000    2.4000    2.4000
    2.4000    2.4000    2.4000    2.4000    2.4000    2.4000
100000*second partial in parameter space
       39.       33.       22.        3.        2.        4.
        3.        6.        4.        4.        2.        2.
  0.0283  0.0282  0.0282  0.0282  0.0281  0.0282  0.0282  0.0284  0.0282  0.0282  0.0281  0.0281
  0.0281  0.0281  0.0281  0.0281  0.0281  0.0281  0.0281  0.0282  0.0281  0.0281  0.0281  0.0281
  0.0280  0.0280  0.0280  0.0281  0.0280  0.0280  0.0280  0.0281  0.0280  0.0280  0.0280  0.0280
  0.0280  0.0280  0.0280  0.0280  0.0280  0.0280  0.0280  0.0280  0.0280  0.0280  0.0280  0.0280
  0.0280  0.0280  0.0280  0.0280  0.0280  0.0280  0.0280  0.0281  0.0280  0.0280  0.0280  0.0280
  0.0281  0.0281  0.0281  0.0281  0.0281  0.0281  0.0281  0.0282  0.0281  0.0281  0.0281  0.0281
  0.0283  0.0282  0.0282  0.0282  0.0281  0.0282  0.0282  0.0284  0.0282  0.0283  0.0281  0.0281
   -3.5293   26.7605    5.0263   -1.0531  -17.3402  -13.1269
    4.9874   -6.9615   -2.3235    6.3238    9.7996   -3.2803
eta,q 0.97199 10.71614

---------------------------------------------------------------------
compute_vox2vox talsrcimg talsrcimg_to_711-2C_as_mni_average_305_t4 /opt/freesurfer/average/711-2C_as_mni_average_305
---------------------------------------------------------------------

freesurfer compute_vox2vox.c
Reading: talsrcimg.4dfp.ifh
Reading: talsrcimg_to_711-2C_as_mni_average_305_t4
Reading: /opt/freesurfer/average/711-2C_as_mni_average_305.4dfp.ifh
Writing: talsrcimg_to_711-2C_as_mni_average_305_t4_vox2vox.txt

start time Tue Mar 10 12:51:06 CET 2026
end		time Tue Mar 10 12:52:33 CET 2026

mpr2mni305 success

avi2talxfm orig_nu.mgz /opt/freesurfer/average/mni305.cor.mgz talsrcimg_to_711-2C_as_mni_average_305_t4_vox2vox.txt transforms/talairach.auto.xfm
avi2talxfm done
mv -f /out/sourcedata/freesurfer/sub-v2s0x29051_ses-1/mri/talsrcimg_to_711-2C_as_mni_average_305_t4_vox2vox.txt /out/sourcedata/freesurfer/sub-v2s0x29051_ses-1/mri/transforms/talsrcimg_to_711-2C_as_mni_average_305_t4_vox2vox.txt
lta_convert --src orig_nu.mgz --trg /opt/freesurfer/average/mni305.cor.mgz --inxfm transforms/talairach.auto.xfm --outlta transforms/talairach.auto.xfm.lta --subject fsaverage
7.3.2

--src: orig_nu.mgz src image (geometry).
--trg: /opt/freesurfer/average/mni305.cor.mgz trg image (geometry).
--inmni: transforms/talairach.auto.xfm input MNI/XFM transform.
--outlta: transforms/talairach.auto.xfm.lta output LTA.
--s: fsaverage subject name
 LTA read, type : 1
 1.00095   0.08436  -0.05705  -4.38460;
-0.11153   1.13839   0.05190  -49.86343;
 0.03667  -0.08472   1.20420  -16.39360;
 0.00000   0.00000   0.00000   1.00000;
setting subject to fsaverage
Writing  LTA to file transforms/talairach.auto.xfm.lta...
lta_convert successful.
 
 
Started at Tue Mar 10 12:51:05 CET 2026
Ended   at Tue Mar 10 12:52:33 CET 2026
talairach_avi done
