Logfile for bbregister
Tue Mar 10 12:10:06 CET 2026

setenv SUBJECTS_DIR /out/sourcedata/freesurfer
cd /out/sourcedata/freesurfer/sub-v2s0x29034_ses-1/scripts
/opt/freesurfer/bin/bbregister --s sub-v2s0x29034_ses-1 --mov /out/sourcedata/freesurfer/sub-v2s0x29034_ses-1/mri/orig/FLAIRraw.mgz --lta /out/sourcedata/freesurfer/sub-v2s0x29034_ses-1/mri/transforms/FLAIRraw.auto.lta --init-coreg --T2 --gm-proj-abs 2 --wm-proj-abs 1 --no-coreg-ref-mask

bbregister 7.3.2
Linux dna014 5.14.0-427.37.1.el9_4.x86_64 #1 SMP PREEMPT_DYNAMIC Fri Sep 13 12:41:50 EDT 2024 x86_64 x86_64 x86_64 GNU/Linux
FREESURFER_HOME /opt/freesurfer
mri_convert /out/sourcedata/freesurfer/sub-v2s0x29034_ses-1/mri/orig/FLAIRraw.mgz /out/sourcedata/freesurfer/sub-v2s0x29034_ses-1/mri/transforms/tmp.bbregister.1665171/template.nii
mri_convert /out/sourcedata/freesurfer/sub-v2s0x29034_ses-1/mri/orig/FLAIRraw.mgz /out/sourcedata/freesurfer/sub-v2s0x29034_ses-1/mri/transforms/tmp.bbregister.1665171/template.nii 
reading from /out/sourcedata/freesurfer/sub-v2s0x29034_ses-1/mri/orig/FLAIRraw.mgz...
TR=0.00, TE=0.00, TI=0.00, flip angle=0.00
i_ras = (-1, 0, 0)
j_ras = (0, 1, 0)
k_ras = (0, 0, 1)
writing to /out/sourcedata/freesurfer/sub-v2s0x29034_ses-1/mri/transforms/tmp.bbregister.1665171/template.nii...
mri_coreg --s sub-v2s0x29034_ses-1 --mov /out/sourcedata/freesurfer/sub-v2s0x29034_ses-1/mri/transforms/tmp.bbregister.1665171/template.nii --regdat /out/sourcedata/freesurfer/sub-v2s0x29034_ses-1/mri/transforms/tmp.bbregister.1665171/reg.init.dat --reg /out/sourcedata/freesurfer/sub-v2s0x29034_ses-1/mri/transforms/tmp.bbregister.1665171/mri_coreg.lta --nthreads 4 --dof 6 --sep 4 --ftol .0001 --linmintol .01 --no-ref-mask

$Id: mri_coreg.c,v 1.27 2016/04/30 15:11:49 greve Exp $
cwd /out/sourcedata/freesurfer/sub-v2s0x29034_ses-1/scripts
cmdline mri_coreg --s sub-v2s0x29034_ses-1 --mov /out/sourcedata/freesurfer/sub-v2s0x29034_ses-1/mri/transforms/tmp.bbregister.1665171/template.nii --regdat /out/sourcedata/freesurfer/sub-v2s0x29034_ses-1/mri/transforms/tmp.bbregister.1665171/reg.init.dat --reg /out/sourcedata/freesurfer/sub-v2s0x29034_ses-1/mri/transforms/tmp.bbregister.1665171/mri_coreg.lta --nthreads 4 --dof 6 --sep 4 --ftol .0001 --linmintol .01 --no-ref-mask 
sysname  Linux
hostname dna014
machine  x86_64
user     oesteban
dof    6
nsep    1
cras0    1
ftol    0.000100
linmintol    0.010000
bf       1
bflim    30.000000
bfnsamp    30
SmoothRef 0
SatPct    99.990000
MovOOB 0
optschema 1
Seed 53
Reading in mov /out/sourcedata/freesurfer/sub-v2s0x29034_ses-1/mri/transforms/tmp.bbregister.1665171/template.nii
Reading in ref /out/sourcedata/freesurfer/sub-v2s0x29034_ses-1/mri/brainmask.mgz
Setting cras translation parameters to align volume centers
Creating random numbers for coordinate dithering
Performing intensity dithering
Performing intensity dithering on mov with computed dither
Init matrix params -1.0562 -0.0273 -1.0273  0.0000  0.0000  0.0000  1.0000  1.0000  1.0000  0.0000  0.0000  0.0000 
Initial parameters to be opt -1.0562 -0.0273 -1.0273  0.0000  0.0000  0.0000 
Separation list (1):  4   min = 4
DoSmoothing 1
DoCoordDither 1
DoIntensityDither 1
nitersmax 4
ftol 1.000e-04
linmintol 1.000e-02
SatPct 99.990000
Hist FWHM 7.000000 7.000000
nthreads 4
movsat = 73.0000
mov gstd 1.8943 1.8943 1.8943
Smoothing mov
refsat = 114.0000
ref gstd 1.8914 1.8914 1.8914
Smoothing ref
COREGpreproc() done
Testing if mov and target overlap
Init cost   -1.0661175866
nhits = 176015 out of 16777216, Percent Overlap:  67.1
Initial  RefRAS-to-MovRAS
 1.00000   0.00000   0.00000  -1.05624;
 0.00000   1.00000   0.00000  -0.02733;
 0.00000   0.00000   1.00000  -1.02735;
 0.00000   0.00000   0.00000   1.00000;
Initial  RefVox-to-MovVox
 1.02400   0.00000   0.00000  -37.55999;
 0.00000   0.00000   1.02400  -3.06000;
 0.00000  -1.02400   0.00000   258.06000;
 0.00000   0.00000   0.00000   1.00000;
sep = 4 -----------------------------------
COREGoptBruteForce() 30 1 30
Turning on MovOOB for BruteForce Search
#BF# sep= 4 iter=0 lim=30.0 delta=2.00  -1.05624  -0.02733  -1.02735   0.00000   0.00000   0.00000   -1.0553876
Turning  MovOOB back off after brute force search


---------------------------------
Init Powel Params dof = 6: -1.056244 -0.027328 -1.027348 0.000000 0.000000 0.000000 
Starting OpenPowel2(), sep = 4
InitialCost        -1.0661176443 
#@#  4  188  -1.05624 -0.02733 -1.02735 0.00000 0.00000 0.00000   -1.0661176
fs_powell::minimize
  nparams 6
  maxfev 4
  ftol   0.000100
  linmin_xtol_   0.010000
  powell nthiter 0: fret = -1.066118
#@#  4  190  -0.05624 -0.02733 -1.02735 0.00000 0.00000 0.00000   -1.0662574
#@#  4  194  -0.43821 -0.02733 -1.02735 0.00000 0.00000 0.00000   -1.0664499
#@#  4  196  -0.47496 -0.02733 -1.02735 0.00000 0.00000 0.00000   -1.0664500
#@#  4  197  -0.45867 -0.02733 -1.02735 0.00000 0.00000 0.00000   -1.0664504
#@#  4  204  -0.45867 0.35464 -1.02735 0.00000 0.00000 0.00000   -1.0666159
#@#  4  206  -0.45867 0.41730 -1.02735 0.00000 0.00000 0.00000   -1.0666194
#@#  4  210  -0.45867 0.41730 -0.02735 0.00000 0.00000 0.00000   -1.0672996
#@#  4  215  -0.45867 0.41730 -0.13720 0.00000 0.00000 0.00000   -1.0673132
#@#  4  224  -0.45867 0.41730 -0.13720 0.07854 0.00000 0.00000   -1.0673203
#@#  4  242  -0.45867 0.41730 -0.13720 0.07854 0.00000 -0.16845   -1.0673385
  powell nthiter 1: fret = -1.067338
#@#  4  253  -0.41214 0.41730 -0.13720 0.07854 0.00000 -0.16845   -1.0673444
#@#  4  254  -0.39663 0.41730 -0.13720 0.07854 0.00000 -0.16845   -1.0673454
#@#  4  263  -0.39663 0.29206 -0.13720 0.07854 0.00000 -0.16845   -1.0673642
#@#  4  265  -0.39663 0.31119 -0.13720 0.07854 0.00000 -0.16845   -1.0673645
#@#  4  274  -0.39663 0.31119 -0.11869 0.07854 0.00000 -0.16845   -1.0673648
#@#  4  275  -0.39663 0.31119 -0.10869 0.07854 0.00000 -0.16845   -1.0673654
#@#  4  278  -0.39663 0.31119 -0.08899 0.07854 0.00000 -0.16845   -1.0673655
#@#  4  286  -0.39663 0.31119 -0.08899 0.15986 0.00000 -0.16845   -1.0673711
#@#  4  290  -0.39663 0.31119 -0.08899 0.17617 0.00000 -0.16845   -1.0673716
#@#  4  298  -0.39663 0.31119 -0.08899 0.17617 -0.02845 -0.16845   -1.0673724
#@#  4  299  -0.39663 0.31119 -0.08899 0.17617 -0.01845 -0.16845   -1.0673732
Powell done niters total = 1
OptTimeSec  4.8 sec
OptTimeMin  0.08 min
nEvals 308
Final optimized parameters  -0.39663082   0.31119320  -0.08899375   0.17616522  -0.01844813  -0.16845444 
Final matrix parameters -0.3966  0.3112 -0.0890  0.1762 -0.0184 -0.1785  1.0000  1.0000  1.0000  0.0000  0.0000  0.0000 
Final cost   -1.067373210816827
 

---------------------------------
Final  RefRAS-to-MovRAS
 1.00000  -0.00294  -0.00032  -0.39663;
 0.00294   0.99999   0.00307   0.31119;
 0.00031  -0.00308   1.00000  -0.08899;
 0.00000   0.00000   0.00000   1.00000;
Final  RefVox-to-MovVox
 1.02400  -0.00033   0.00301  -38.46270;
-0.00301  -0.00315   1.02399  -1.72035;
-0.00032  -1.02400  -0.00315   259.36572;
 0.00000   0.00000   0.00000   1.00000;
Final matrix parameters -0.3966  0.3112 -0.0890  0.1762 -0.0184 -0.1685  0.0000  0.0000  0.0000  0.0000  0.0000  0.0000 
Final opt parameters -0.3966  0.3112 -0.0890  0.1762 -0.0184 -0.1685 
nhits = 175999 out of 16777216, Percent Overlap:  67.1
mri_coreg RunTimeSec 52.7 sec
To check run:
   tkregisterfv --mov /out/sourcedata/freesurfer/sub-v2s0x29034_ses-1/mri/transforms/tmp.bbregister.1665171/template.nii --targ /out/sourcedata/freesurfer/sub-v2s0x29034_ses-1/mri/brainmask.mgz --reg /out/sourcedata/freesurfer/sub-v2s0x29034_ses-1/mri/transforms/tmp.bbregister.1665171/mri_coreg.lta --s sub-v2s0x29034_ses-1 --surfs 

mri_coreg done

mri_segreg --mov /out/sourcedata/freesurfer/sub-v2s0x29034_ses-1/mri/transforms/tmp.bbregister.1665171/template.nii --init-reg /out/sourcedata/freesurfer/sub-v2s0x29034_ses-1/mri/transforms/tmp.bbregister.1665171/reg.init.dat --out-reg /out/sourcedata/freesurfer/sub-v2s0x29034_ses-1/mri/transforms/tmp.bbregister.1665171/bbr.pass1.dat --subsamp-brute 100 --subsamp 100 --tol 1e-4 --tol1d 1e-3 --brute -4 4 4 --surf white --gm-proj-abs 2 --gm-gt-wm 0.5
7.3.2
setenv SUBJECTS_DIR /out/sourcedata/freesurfer
cd /out/sourcedata/freesurfer/sub-v2s0x29034_ses-1/scripts
mri_segreg --mov /out/sourcedata/freesurfer/sub-v2s0x29034_ses-1/mri/transforms/tmp.bbregister.1665171/template.nii --init-reg /out/sourcedata/freesurfer/sub-v2s0x29034_ses-1/mri/transforms/tmp.bbregister.1665171/reg.init.dat --out-reg /out/sourcedata/freesurfer/sub-v2s0x29034_ses-1/mri/transforms/tmp.bbregister.1665171/bbr.pass1.dat --subsamp-brute 100 --subsamp 100 --tol 1e-4 --tol1d 1e-3 --brute -4 4 4 --surf white --gm-proj-abs 2 --gm-gt-wm 0.5 
sysname  Linux
hostname dna014
machine  x86_64
user     oesteban
movvol /out/sourcedata/freesurfer/sub-v2s0x29034_ses-1/mri/transforms/tmp.bbregister.1665171/template.nii
regfile /out/sourcedata/freesurfer/sub-v2s0x29034_ses-1/mri/transforms/tmp.bbregister.1665171/reg.init.dat
subject sub-v2s0x29034_ses-1
dof 6
outregfile /out/sourcedata/freesurfer/sub-v2s0x29034_ses-1/mri/transforms/tmp.bbregister.1665171/bbr.pass1.dat
UseMask 0
UseLH 1
UseRH 1
nsubsamp 100
PenaltySign  -1
PenaltySlope 0.500000
PenaltyCenter 0.000000
surfname white
GMProjAbs 2.000000
WMProjAbs 2.000000
lhcostfile (null)
rhcostfile (null)
interp  trilinear (1)
frame  0
TolPowell 0.000100
nMaxItersPowell 36
n1dmin  3
Profile   0
Gdiag_no  -1
AddNoise  0 (0)
SynthSeed 1773558717
TransRandMax 0.000000
RotRandMax 0.000000
Translations 0.000000 0.000000 0.000000
Rotations   0.000000 0.000000 0.000000
Input reg
 1.00000  -0.00294  -0.00032   0.53528;
 0.00031  -0.00308   1.00000  -0.14630;
-0.00294  -0.99999  -0.00307  -0.54879;
 0.00000   0.00000   0.00000   1.00000;

Loading mov
ExcludeZeroVoxels 1
Reading in targ vol /out/sourcedata/freesurfer/sub-v2s0x29034_ses-1/mri/orig.mgz
Projecting LH Surfs
Loading lh.white surf
GM Proj: 0 0.500000 2.000000
WM Proj: 0 0.500000 2.000000
Projecting RH Surfs
Loading rh.white surf
Projecting RH Surfs
Using lh.cortex.label
Using rh.cortex.label
Computing relative cost
 0  -25.0 -25.0 -25.0   1.025778
 1  -25.0 -25.0  25.0   1.049818
 2  -25.0  25.0 -25.0   1.014337
 3  -25.0  25.0  25.0   1.020464
 4   25.0 -25.0 -25.0   1.016782
 5   25.0 -25.0  25.0   1.035537
 6   25.0  25.0 -25.0   1.001511
 7   25.0  25.0  25.0   1.033539
REL:  8  0.501495    8.197765  1.024721 rel = 0.489397 
Initial costs ----------------
Number of surface hits 2776
WM  Intensity    40.6751 +/-   7.4662
Ctx Intensity    44.5817 +/-  10.6355
Pct Contrast      7.4863 +/-  23.3193
Cost   0.5015
RelCost   0.4894

------------------------------------
Brute force preopt -4 4 4, n = 729
     0  -4.0000  -4.0000  -4.0000  -4.0000  -4.0000  -4.0000      1.0684   1.0684  0.0
     1  -4.0000  -4.0000  -4.0000  -4.0000  -4.0000   0.0000      1.0476   1.0476  0.0
     2  -4.0000  -4.0000  -4.0000  -4.0000  -4.0000   4.0000      1.0428   1.0428  0.0
     7  -4.0000  -4.0000  -4.0000  -4.0000   4.0000   0.0000      1.0218   1.0218  0.0
    11  -4.0000  -4.0000  -4.0000   0.0000  -4.0000   4.0000      1.0134   1.0134  0.0
    45  -4.0000  -4.0000   0.0000   4.0000  -4.0000  -4.0000      0.9902   0.9902  0.0
    47  -4.0000  -4.0000   0.0000   4.0000  -4.0000   4.0000      0.9787   0.9787  0.0
    71  -4.0000  -4.0000   4.0000   0.0000   4.0000   4.0000      0.9710   0.9710  0.0
   118  -4.0000   0.0000   0.0000   0.0000  -4.0000   0.0000      0.9678   0.9678  0.0
   119  -4.0000   0.0000   0.0000   0.0000  -4.0000   4.0000      0.9671   0.9671  0.0
   189  -4.0000   4.0000   0.0000  -4.0000  -4.0000  -4.0000      0.9589   0.9589  0.0
   263   0.0000  -4.0000  -4.0000   4.0000  -4.0000   4.0000      0.9522   0.9522  0.0
   274   0.0000  -4.0000   0.0000  -4.0000   0.0000   0.0000      0.9184   0.9184  0.0
   334   0.0000   0.0000  -4.0000   0.0000  -4.0000   0.0000      0.8933   0.8933  0.0
   355   0.0000   0.0000   0.0000  -4.0000   0.0000   0.0000      0.8764   0.8764  0.0
   363   0.0000   0.0000   0.0000   0.0000   0.0000  -4.0000      0.8134   0.8134  0.0
   364   0.0000   0.0000   0.0000   0.0000   0.0000   0.0000      0.5015   0.5015  0.0
Brute Force --------------------------
Min cost was 0.501495
Number of iterations   729
Search time 1.104155 sec
Parameters at best (transmm, rotdeg)
  0.000   0.000   0.000  0.000  0.000  0.000 
--------------------------------------------

Starting Powell Minimization
Init Powel Params dof = 6
0 0
1 0
2 0
3 0
4 0
5 0
fs_powell::minimize
  nparams 6
  maxfev 36
  ftol   0.000100
  linmin_xtol_   0.001000
  powell nthiter 0: fret = 0.501495
   2  1.000  0.000  0.000  0.000  0.000  0.000   0.4889186067
   8  1.236  0.000  0.000  0.000  0.000  0.000   0.4866913219
  11  1.146  0.000  0.000  0.000  0.000  0.000   0.4857439407
  12  1.090  0.000  0.000  0.000  0.000  0.000   0.4856150095
  13  1.097  0.000  0.000  0.000  0.000  0.000   0.4855074392
  14  1.115  0.000  0.000  0.000  0.000  0.000   0.4854318678
  15  1.111  0.000  0.000  0.000  0.000  0.000   0.4854300285
  16  1.112  0.000  0.000  0.000  0.000  0.000   0.4854298166
  23  1.112  0.382  0.000  0.000  0.000  0.000   0.4822779902
  27  1.112  0.472  0.000  0.000  0.000  0.000   0.4808385749
  29  1.112  0.443  0.000  0.000  0.000  0.000   0.4807279102
  31  1.112  0.453  0.000  0.000  0.000  0.000   0.4806809622
  32  1.112  0.454  0.000  0.000  0.000  0.000   0.4806780921
  34  1.112  0.457  0.000  0.000  0.000  0.000   0.4806745206
  38  1.112  0.457  1.000  0.000  0.000  0.000   0.4748973090
  46  1.112  0.457  0.934  0.000  0.000  0.000   0.4748408855
  49  1.112  0.457  0.945  0.000  0.000  0.000   0.4748346674
  50  1.112  0.457  0.941  0.000  0.000  0.000   0.4748317306
  52  1.112  0.457  0.938  0.000  0.000  0.000   0.4748311133
  53  1.112  0.457  0.939  0.000  0.000  0.000   0.4748305635
  61  1.112  0.457  0.939 -0.236  0.000  0.000   0.4743031503
  62  1.112  0.457  0.939 -0.203  0.000  0.000   0.4739946410
  64  1.112  0.457  0.939 -0.178  0.000  0.000   0.4739008170
  66  1.112  0.457  0.939 -0.183  0.000  0.000   0.4738992469
  68  1.112  0.457  0.939 -0.184  0.000  0.000   0.4738977760
  69  1.112  0.457  0.939 -0.186  0.000  0.000   0.4738956398
  78  1.112  0.457  0.939 -0.186  0.174  0.000   0.4680177283
  80  1.112  0.457  0.939 -0.186  0.160  0.000   0.4679705382
  82  1.112  0.457  0.939 -0.186  0.164  0.000   0.4679701449
  84  1.112  0.457  0.939 -0.186  0.162  0.000   0.4679670599
  94  1.112  0.457  0.939 -0.186  0.162 -0.017   0.4678066656
  96  1.112  0.457  0.939 -0.186  0.162 -0.039   0.4677021421
  97  1.112  0.457  0.939 -0.186  0.162 -0.040   0.4676985632
  99  1.112  0.457  0.939 -0.186  0.162 -0.045   0.4676914170
  powell nthiter 1: fret = 0.467691
 107  0.494  0.457  0.939 -0.186  0.162 -0.045   0.4614402177
 108  0.112  0.457  0.939 -0.186  0.162 -0.045   0.4570460398
 110  0.258  0.457  0.939 -0.186  0.162 -0.045   0.4562864055
 113  0.348  0.457  0.939 -0.186  0.162 -0.045   0.4560047241
 115  0.314  0.457  0.939 -0.186  0.162 -0.045   0.4556119350
 117  0.319  0.457  0.939 -0.186  0.162 -0.045   0.4555968397
 126  0.319  0.497  0.939 -0.186  0.162 -0.045   0.4541929056
 127  0.319  0.563  0.939 -0.186  0.162 -0.045   0.4537831338
 129  0.319  0.542  0.939 -0.186  0.162 -0.045   0.4536547752
 130  0.319  0.541  0.939 -0.186  0.162 -0.045   0.4536509453
 132  0.319  0.537  0.939 -0.186  0.162 -0.045   0.4536426188
 133  0.319  0.536  0.939 -0.186  0.162 -0.045   0.4536423574
 143  0.319  0.536  0.984 -0.186  0.162 -0.045   0.4524058586
 144  0.319  0.536  1.001 -0.186  0.162 -0.045   0.4523031505
 145  0.319  0.536  1.000 -0.186  0.162 -0.045   0.4522995057
 146  0.319  0.536  0.998 -0.186  0.162 -0.045   0.4522944714
 158  0.319  0.536  0.998 -0.222  0.162 -0.045   0.4514662774
 161  0.319  0.536  0.998 -0.223  0.162 -0.045   0.4514544311
 162  0.319  0.536  0.998 -0.228  0.162 -0.045   0.4514140643
 172  0.319  0.536  0.998 -0.228 -0.118 -0.045   0.4506534986
 174  0.319  0.536  0.998 -0.228 -0.247 -0.045   0.4492498040
 176  0.319  0.536  0.998 -0.228 -0.198 -0.045   0.4483696695
 178  0.319  0.536  0.998 -0.228 -0.202 -0.045   0.4483679086
 180  0.319  0.536  0.998 -0.228 -0.200 -0.045   0.4483663182
 188  0.319  0.536  0.998 -0.228 -0.200 -0.025   0.4480267280
 191  0.319  0.536  0.998 -0.228 -0.200 -0.014   0.4480094956
 192  0.319  0.536  0.998 -0.228 -0.200 -0.016   0.4480032614
 193  0.319  0.536  0.998 -0.228 -0.200 -0.018   0.4480013868
  powell nthiter 2: fret = 0.448001
 205  0.298  0.536  0.998 -0.228 -0.200 -0.018   0.4477442074
 207  0.300  0.536  0.998 -0.228 -0.200 -0.018   0.4477398708
 217  0.300  0.514  0.998 -0.228 -0.200 -0.018   0.4470074735
 218  0.300  0.508  0.998 -0.228 -0.200 -0.018   0.4469955830
 219  0.300  0.511  0.998 -0.228 -0.200 -0.018   0.4469920938
 230  0.300  0.511  0.941 -0.228 -0.200 -0.018   0.4449254329
 232  0.300  0.511  0.947 -0.228 -0.200 -0.018   0.4448993416
 243  0.300  0.511  0.947 -0.193 -0.200 -0.018   0.4444081128
 245  0.300  0.511  0.947 -0.192 -0.200 -0.018   0.4444077012
 246  0.300  0.511  0.947 -0.191 -0.200 -0.018   0.4444074748
 258  0.300  0.511  0.947 -0.191 -0.223 -0.018   0.4443910443
 259  0.300  0.511  0.947 -0.191 -0.212 -0.018   0.4443199274
 272  0.300  0.511  0.947 -0.191 -0.212 -0.017   0.4443197584
  powell nthiter 3: fret = 0.444320
 282  0.288  0.511  0.947 -0.191 -0.212 -0.017   0.4442791381
 283  0.289  0.511  0.947 -0.191 -0.212 -0.017   0.4442773136
 284  0.290  0.511  0.947 -0.191 -0.212 -0.017   0.4442767178
 296  0.290  0.512  0.947 -0.191 -0.212 -0.017   0.4442746613
 308  0.290  0.512  0.943 -0.191 -0.212 -0.017   0.4442617476
 320  0.290  0.512  0.943 -0.194 -0.212 -0.017   0.4442469595
 321  0.290  0.512  0.943 -0.198 -0.212 -0.017   0.4442353269
 323  0.290  0.512  0.943 -0.201 -0.212 -0.017   0.4442321834
 335  0.290  0.512  0.943 -0.201 -0.225 -0.017   0.4442312398
 336  0.290  0.512  0.943 -0.201 -0.218 -0.017   0.4442089370
 347  0.290  0.512  0.943 -0.201 -0.218 -0.015   0.4442088440
  powell nthiter 4: fret = 0.444209
 358  0.292  0.512  0.943 -0.201 -0.218 -0.015   0.4442067465
 380  0.292  0.512  0.942 -0.201 -0.218 -0.015   0.4441972954
 381  0.292  0.512  0.939 -0.201 -0.218 -0.015   0.4441877904
 394  0.292  0.512  0.939 -0.204 -0.218 -0.015   0.4441818494
 406  0.292  0.512  0.939 -0.204 -0.232 -0.015   0.4441639969
 407  0.292  0.512  0.939 -0.204 -0.226 -0.015   0.4441506045
 408  0.292  0.512  0.939 -0.204 -0.227 -0.015   0.4441503529
 420  0.294  0.512  0.935 -0.207 -0.236 -0.015   0.4440870161
 423  0.298  0.512  0.928 -0.212 -0.251 -0.015   0.4440602782
 424  0.297  0.512  0.929 -0.211 -0.248 -0.015   0.4440598694
 428  0.297  0.512  0.929 -0.211 -0.249 -0.015   0.4440590236
 435  0.297  0.512  0.929 -0.211 -0.249 -0.015   0.4440589257
  powell nthiter 5: fret = 0.444059
 446  0.294  0.512  0.929 -0.211 -0.249 -0.015   0.4440570629
 447  0.295  0.512  0.929 -0.211 -0.249 -0.015   0.4440566980
 458  0.295  0.516  0.929 -0.211 -0.249 -0.015   0.4440434341
 469  0.295  0.516  0.922 -0.211 -0.249 -0.015   0.4439512175
 471  0.295  0.516  0.920 -0.211 -0.249 -0.015   0.4439447212
 484  0.295  0.516  0.920 -0.210 -0.249 -0.015   0.4439395674
 485  0.295  0.516  0.920 -0.207 -0.249 -0.015   0.4439373465
 488  0.295  0.516  0.920 -0.208 -0.249 -0.015   0.4439362470
 498  0.295  0.516  0.920 -0.208 -0.249 -0.019   0.4439325490
 499  0.295  0.516  0.920 -0.208 -0.249 -0.018   0.4439324737
 506  0.296  0.516  0.918 -0.209 -0.252 -0.018   0.4439279322
 507  0.296  0.516  0.918 -0.209 -0.252 -0.018   0.4439277528
 508  0.295  0.516  0.918 -0.209 -0.252 -0.018   0.4439273066
  powell nthiter 6: fret = 0.443927
 525  0.286  0.516  0.918 -0.209 -0.252 -0.018   0.4439085184
 537  0.286  0.519  0.918 -0.209 -0.252 -0.018   0.4439006764
 548  0.286  0.519  0.917 -0.209 -0.252 -0.018   0.4438934053
 550  0.286  0.519  0.915 -0.209 -0.252 -0.018   0.4438860122
 564  0.286  0.519  0.915 -0.206 -0.252 -0.018   0.4438804553
 566  0.286  0.519  0.915 -0.207 -0.252 -0.018   0.4438795065
 575  0.286  0.519  0.915 -0.207 -0.252 -0.022   0.4438753503
 576  0.286  0.519  0.915 -0.207 -0.252 -0.021   0.4438747596
 579  0.288  0.519  0.910 -0.210 -0.261 -0.021   0.4438489307
 584  0.288  0.519  0.911 -0.210 -0.259 -0.021   0.4438465089
  powell nthiter 7: fret = 0.443847
 601  0.287  0.519  0.911 -0.210 -0.259 -0.021   0.4438456839
 611  0.287  0.527  0.911 -0.210 -0.259 -0.021   0.4438156484
 612  0.287  0.525  0.911 -0.210 -0.259 -0.021   0.4438097484
 613  0.287  0.524  0.911 -0.210 -0.259 -0.021   0.4438095783
 625  0.287  0.524  0.909 -0.210 -0.259 -0.021   0.4438045695
 639  0.287  0.524  0.909 -0.206 -0.259 -0.021   0.4437994426
 640  0.287  0.524  0.909 -0.207 -0.259 -0.021   0.4437984396
 650  0.287  0.524  0.909 -0.207 -0.259 -0.027   0.4437752610
 651  0.287  0.524  0.909 -0.207 -0.259 -0.026   0.4437739275
 658  0.288  0.524  0.907 -0.208 -0.263 -0.026   0.4437638457
 661  0.288  0.524  0.907 -0.208 -0.262 -0.026   0.4437637757
 662  0.288  0.524  0.907 -0.208 -0.262 -0.026   0.4437637288
 663  0.288  0.524  0.907 -0.208 -0.262 -0.026   0.4437637031
 664  0.288  0.524  0.907 -0.208 -0.262 -0.026   0.4437633512
 665  0.288  0.524  0.907 -0.208 -0.262 -0.026   0.4437629184
 668  0.287  0.530  0.903 -0.206 -0.266 -0.032   0.4437088348
 671  0.287  0.539  0.896 -0.204 -0.271 -0.042   0.4435894760
 672  0.286  0.554  0.886 -0.199 -0.279 -0.058   0.4433614388
 673  0.285  0.578  0.869 -0.192 -0.292 -0.083   0.4429527595
 676  0.284  0.593  0.858 -0.188 -0.301 -0.099   0.4427706804
 679  0.284  0.592  0.859 -0.188 -0.300 -0.097   0.4427632855
 680  0.284  0.592  0.859 -0.188 -0.300 -0.097   0.4427630542
 681  0.284  0.592  0.859 -0.188 -0.300 -0.097   0.4427628463
 687  0.284  0.592  0.859 -0.188 -0.300 -0.097   0.4427627992
 688  0.284  0.592  0.859 -0.188 -0.300 -0.097   0.4427623592
  powell nthiter 8: fret = 0.442762
 697  0.293  0.592  0.859 -0.188 -0.300 -0.097   0.4427499061
 708  0.294  0.592  0.859 -0.189 -0.300 -0.097   0.4427497618
 709  0.294  0.592  0.859 -0.188 -0.300 -0.097   0.4427490336
 722  0.294  0.592  0.862 -0.188 -0.300 -0.097   0.4425822581
 724  0.294  0.592  0.873 -0.188 -0.300 -0.097   0.4423590672
 737  0.294  0.592  0.873 -0.183 -0.300 -0.097   0.4423154235
 738  0.294  0.592  0.873 -0.182 -0.300 -0.097   0.4423138670
 748  0.294  0.592  0.873 -0.182 -0.300 -0.098   0.4423128388
 751  0.294  0.597  0.869 -0.180 -0.303 -0.104   0.4421523500
 754  0.293  0.601  0.867 -0.179 -0.305 -0.108   0.4421306823
 756  0.293  0.600  0.867 -0.180 -0.305 -0.107   0.4421297644
 761  0.293  0.600  0.867 -0.180 -0.305 -0.107   0.4421296187
 762  0.293  0.600  0.867 -0.180 -0.305 -0.107   0.4421295707
  powell nthiter 9: fret = 0.442130
 776  0.296  0.600  0.867 -0.180 -0.305 -0.107   0.4421182073
 778  0.297  0.600  0.867 -0.180 -0.305 -0.107   0.4421173442
 785  0.298  0.600  0.866 -0.181 -0.308 -0.107   0.4421148428
 786  0.298  0.600  0.866 -0.180 -0.307 -0.107   0.4421103815
 803  0.298  0.600  0.875 -0.180 -0.307 -0.107   0.4420678140
 804  0.298  0.600  0.872 -0.180 -0.307 -0.107   0.4420505810
 818  0.298  0.600  0.872 -0.181 -0.307 -0.107   0.4420487450
 828  0.298  0.600  0.872 -0.181 -0.307 -0.105   0.4420401099
 829  0.298  0.600  0.872 -0.181 -0.307 -0.104   0.4420390926
 830  0.298  0.600  0.872 -0.181 -0.307 -0.103   0.4420386789
 838  0.298  0.601  0.871 -0.181 -0.307 -0.104   0.4420337403
 840  0.298  0.602  0.871 -0.181 -0.308 -0.104   0.4420333959
 857  0.300  0.602  0.872 -0.181 -0.309 -0.103   0.4420318373
 858  0.299  0.602  0.871 -0.181 -0.308 -0.104   0.4420315003
 861  0.299  0.602  0.871 -0.181 -0.308 -0.104   0.4420314912
 865  0.299  0.602  0.871 -0.181 -0.308 -0.104   0.4420314035
 867  0.299  0.602  0.871 -0.181 -0.308 -0.104   0.4420312770
  powell nthiter 10: fret = 0.442031
 878  0.302  0.602  0.871 -0.181 -0.308 -0.104   0.4420246324
 887  0.302  0.602  0.871 -0.181 -0.309 -0.104   0.4420245743
 888  0.302  0.602  0.871 -0.181 -0.308 -0.104   0.4420243715
 889  0.302  0.602  0.871 -0.181 -0.308 -0.104   0.4420242283
 900  0.302  0.601  0.872 -0.181 -0.308 -0.103   0.4420177881
 903  0.302  0.601  0.872 -0.181 -0.308 -0.103   0.4420177756
 904  0.302  0.601  0.872 -0.181 -0.308 -0.103   0.4420177244
 945  0.302  0.601  0.872 -0.181 -0.308 -0.103   0.4420177183
 948  0.302  0.601  0.872 -0.181 -0.308 -0.103   0.4420176645
Powell done niters = 10
Computing relative cost
 0  -25.0 -25.0 -25.0   1.031562
 1  -25.0 -25.0  25.0   1.048887
 2  -25.0  25.0 -25.0   0.988976
 3  -25.0  25.0  25.0   1.035104
 4   25.0 -25.0 -25.0   1.032537
 5   25.0 -25.0  25.0   1.051068
 6   25.0  25.0 -25.0   1.006606
 7   25.0  25.0  25.0   1.031290
REL:  8  0.442018    8.226029  1.028254 rel = 0.429872 
Number of iterations    10
Min cost was 0.442018
Number of FunctionCalls   949
TolPowell 0.000100
nMaxItersPowell 36
OptimizationTime 1.784570 sec
Parameters at optimum (transmm)  0.30168  0.60109  0.87185
Parameters at optimum (rotdeg) -0.18131 -0.30783 -0.10278 
Final costs ----------------
Number of surface hits 2776
WM  Intensity    40.6135 +/-   7.7310
Ctx Intensity    44.6936 +/-  11.1517
Pct Contrast      7.5689 +/-  26.0353
Cost   0.4420
RelCost   0.4894
Reg at min cost was 
 1.00000   0.00242   0.00151   0.83963;
-0.00149  -0.00624   0.99998   0.45209;
 0.00243  -0.99998  -0.00624   0.32641;
 0.00000   0.00000   0.00000   1.00000;

Writing optimal reg to /out/sourcedata/freesurfer/sub-v2s0x29034_ses-1/mri/transforms/tmp.bbregister.1665171/bbr.pass1.dat, type = 14 
Original Reg 
 1.00000  -0.00294  -0.00032   0.53528;
 0.00031  -0.00308   1.00000  -0.14630;
-0.00294  -0.99999  -0.00307  -0.54879;
 0.00000   0.00000   0.00000   1.00000;

Original Reg - Optimal Reg
-0.00000  -0.00536  -0.00183  -0.30435;
 0.00180   0.00317   0.00002  -0.59839;
-0.00537  -0.00001   0.00317  -0.87520;
 0.00000   0.00000   0.00000   0.00000;

Computing change in lh position
LH rmsDiffMean 1.078092
Computing change in rh position
Surface-RMS-Diff-mm 1.166350 0.125832 1.459451
mri_segreg done
mri_segreg --mov /out/sourcedata/freesurfer/sub-v2s0x29034_ses-1/mri/transforms/tmp.bbregister.1665171/template.nii --init-reg /out/sourcedata/freesurfer/sub-v2s0x29034_ses-1/mri/transforms/tmp.bbregister.1665171/bbr.pass1.dat --out-reg /out/sourcedata/freesurfer/sub-v2s0x29034_ses-1/mri/transforms/FLAIRraw.auto.dat --interp trilinear --wm-proj-abs 1 --tol 1e-8 --tol1d 1e-3 --c0 0 --mincost /out/sourcedata/freesurfer/sub-v2s0x29034_ses-1/mri/transforms/FLAIRraw.auto.dat.mincost --dof 6 --nmax 36 --param /out/sourcedata/freesurfer/sub-v2s0x29034_ses-1/mri/transforms/FLAIRraw.auto.dat.param --surf white --brute -0.1 0.1 0.1 --cur-reg /out/sourcedata/freesurfer/sub-v2s0x29034_ses-1/mri/transforms/tmp.bbregister.1665171/reg.curopt.dat --gm-proj-abs 2 --nsub 1 --gm-gt-wm 0.5
7.3.2
setenv SUBJECTS_DIR /out/sourcedata/freesurfer
cd /out/sourcedata/freesurfer/sub-v2s0x29034_ses-1/scripts
mri_segreg --mov /out/sourcedata/freesurfer/sub-v2s0x29034_ses-1/mri/transforms/tmp.bbregister.1665171/template.nii --init-reg /out/sourcedata/freesurfer/sub-v2s0x29034_ses-1/mri/transforms/tmp.bbregister.1665171/bbr.pass1.dat --out-reg /out/sourcedata/freesurfer/sub-v2s0x29034_ses-1/mri/transforms/FLAIRraw.auto.dat --interp trilinear --wm-proj-abs 1 --tol 1e-8 --tol1d 1e-3 --c0 0 --mincost /out/sourcedata/freesurfer/sub-v2s0x29034_ses-1/mri/transforms/FLAIRraw.auto.dat.mincost --dof 6 --nmax 36 --param /out/sourcedata/freesurfer/sub-v2s0x29034_ses-1/mri/transforms/FLAIRraw.auto.dat.param --surf white --brute -0.1 0.1 0.1 --cur-reg /out/sourcedata/freesurfer/sub-v2s0x29034_ses-1/mri/transforms/tmp.bbregister.1665171/reg.curopt.dat --gm-proj-abs 2 --nsub 1 --gm-gt-wm 0.5 
sysname  Linux
hostname dna014
machine  x86_64
user     oesteban
movvol /out/sourcedata/freesurfer/sub-v2s0x29034_ses-1/mri/transforms/tmp.bbregister.1665171/template.nii
regfile /out/sourcedata/freesurfer/sub-v2s0x29034_ses-1/mri/transforms/tmp.bbregister.1665171/bbr.pass1.dat
subject sub-v2s0x29034_ses-1
dof 6
outregfile /out/sourcedata/freesurfer/sub-v2s0x29034_ses-1/mri/transforms/FLAIRraw.auto.dat
UseMask 0
UseLH 1
UseRH 1
nsubsamp 1
PenaltySign  -1
PenaltySlope 0.500000
PenaltyCenter 0.000000
surfname white
GMProjAbs 2.000000
WMProjAbs 1.000000
lhcostfile (null)
rhcostfile (null)
interp  trilinear (1)
frame  0
TolPowell 0.000000
nMaxItersPowell 36
n1dmin  3
Profile   0
Gdiag_no  -1
AddNoise  0 (0)
SynthSeed 1773158518
TransRandMax 0.000000
RotRandMax 0.000000
Translations 0.000000 0.000000 0.000000
Rotations   0.000000 0.000000 0.000000
Input reg
 1.00000   0.00242   0.00151   0.83963;
-0.00149  -0.00624   0.99998   0.45209;
 0.00243  -0.99998  -0.00624   0.32641;
 0.00000   0.00000   0.00000   1.00000;

Loading mov
ExcludeZeroVoxels 1
Reading in targ vol /out/sourcedata/freesurfer/sub-v2s0x29034_ses-1/mri/orig.mgz
Projecting LH Surfs
Loading lh.white surf
GM Proj: 0 0.500000 2.000000
WM Proj: 0 0.500000 1.000000
Projecting RH Surfs
Loading rh.white surf
Projecting RH Surfs
Using lh.cortex.label
Using rh.cortex.label
Computing relative cost
 0  -25.0 -25.0 -25.0   1.035332
 1  -25.0 -25.0  25.0   1.030962
 2  -25.0  25.0 -25.0   1.022196
 3  -25.0  25.0  25.0   1.021927
 4   25.0 -25.0 -25.0   1.055894
 5   25.0 -25.0  25.0   1.034655
 6   25.0  25.0 -25.0   1.029768
 7   25.0  25.0  25.0   1.026978
REL:  8  0.492716    8.257712  1.032214 rel = 0.477339 
Initial costs ----------------
Number of surface hits 276285
WM  Intensity    41.0322 +/-   7.7010
Ctx Intensity    44.6193 +/-  11.1166
Pct Contrast      6.3919 +/-  26.0519
Cost   0.4927
RelCost   0.4773

------------------------------------
Brute force preopt -0.1 0.1 0.1, n = 729
     0  -0.1000  -0.1000  -0.1000  -0.1000  -0.1000  -0.1000      0.4960   0.4960  0.0
     1  -0.1000  -0.1000  -0.1000  -0.1000  -0.1000   0.0000      0.4950   0.4950  0.0
     2  -0.1000  -0.1000  -0.1000  -0.1000  -0.1000   0.1000      0.4941   0.4941  0.0
     4  -0.1000  -0.1000  -0.1000  -0.1000   0.0000   0.0000      0.4940   0.4940  0.0
     5  -0.1000  -0.1000  -0.1000  -0.1000   0.0000   0.1000      0.4913   0.4913  0.0
     9  -0.1000  -0.1000  -0.1000   0.0000  -0.1000  -0.1000      0.4901   0.4901  0.0
    10  -0.1000  -0.1000  -0.1000   0.0000  -0.1000   0.0000      0.4879   0.4879  0.0
    14  -0.1000  -0.1000  -0.1000   0.0000   0.0000   0.1000      0.4870   0.4870  0.0
    23  -0.1000  -0.1000  -0.1000   0.1000   0.0000   0.1000      0.4848   0.4848  0.0
    99  -0.1000   0.0000  -0.1000   0.1000  -0.1000  -0.1000      0.4840   0.4840  0.0
   100  -0.1000   0.0000  -0.1000   0.1000  -0.1000   0.0000      0.4817   0.4817  0.0
   591   0.1000   0.0000  -0.1000   0.1000   0.1000  -0.1000      0.4815   0.4815  0.0
   619   0.1000   0.0000   0.0000   0.1000   0.1000   0.0000      0.4805   0.4805  0.0
   646   0.1000   0.0000   0.1000   0.1000   0.1000   0.0000      0.4798   0.4798  0.0
Brute Force --------------------------
Min cost was 0.479757
Number of iterations   729
Search time 1.375557 sec
Parameters at best (transmm, rotdeg)
  0.100   0.000   0.100  0.100  0.100  0.000 
--------------------------------------------

Starting Powell Minimization
Init Powel Params dof = 6
0 0.1
1 0
2 0.1
3 0.1
4 0.1
5 0
fs_powell::minimize
  nparams 6
  maxfev 36
  ftol   0.000000
  linmin_xtol_   0.001000
  powell nthiter 0: fret = 0.490649
   7  0.026  0.000  0.100  0.100  0.100  0.000   0.4903305830
   8  0.019  0.000  0.100  0.100  0.100  0.000   0.4903298249
  10  0.018  0.000  0.100  0.100  0.100  0.000   0.4903297156
  16  0.017  0.000  0.100  0.100  0.100  0.000   0.4903296948
  24  0.017 -0.108  0.100  0.100  0.100  0.000   0.4901306068
  25  0.017 -0.064  0.100  0.100  0.100  0.000   0.4900976436
  28  0.017 -0.063  0.100  0.100  0.100  0.000   0.4900972804
  29  0.017 -0.060  0.100  0.100  0.100  0.000   0.4900969664
  37  0.017 -0.060 -0.518  0.100  0.100  0.000   0.4745171961
  39  0.017 -0.060 -0.488  0.100  0.100  0.000   0.4741196844
  41  0.017 -0.060 -0.435  0.100  0.100  0.000   0.4738612131
  42  0.017 -0.060 -0.438  0.100  0.100  0.000   0.4738594779
  46  0.017 -0.060 -0.439  1.100  0.100  0.000   0.4715781546
  50  0.017 -0.060 -0.439  0.718  0.100  0.000   0.4645109321
  52  0.017 -0.060 -0.439  0.705  0.100  0.000   0.4644855048
  55  0.017 -0.060 -0.439  0.693  0.100  0.000   0.4644716006
  57  0.017 -0.060 -0.439  0.691  0.100  0.000   0.4644714787
  65  0.017 -0.060 -0.439  0.691  0.242  0.000   0.4634631378
  66  0.017 -0.060 -0.439  0.691  0.247  0.000   0.4634525444
  68  0.017 -0.060 -0.439  0.691  0.256  0.000   0.4634480779
  69  0.017 -0.060 -0.439  0.691  0.257  0.000   0.4634477769
  78  0.017 -0.060 -0.439  0.691  0.257  0.140   0.4626129653
  79  0.017 -0.060 -0.439  0.691  0.257  0.138   0.4626109316
  80  0.017 -0.060 -0.439  0.691  0.257  0.128   0.4626079761
  82  0.017 -0.060 -0.439  0.691  0.257  0.131   0.4626072600
  powell nthiter 1: fret = 0.462607
  92  0.070 -0.060 -0.439  0.691  0.257  0.131   0.4625276800
  93  0.059 -0.060 -0.439  0.691  0.257  0.131   0.4625120300
  94  0.055 -0.060 -0.439  0.691  0.257  0.131   0.4625110169
 103  0.055 -0.212 -0.439  0.691  0.257  0.131   0.4594443935
 104  0.055 -0.234 -0.439  0.691  0.257  0.131   0.4593607342
 114  0.055 -0.234 -0.381  0.691  0.257  0.131   0.4589368211
 115  0.055 -0.234 -0.359  0.691  0.257  0.131   0.4589252180
 116  0.055 -0.234 -0.366  0.691  0.257  0.131   0.4589179892
 117  0.055 -0.234 -0.367  0.691  0.257  0.131   0.4589179560
 126  0.055 -0.234 -0.367  0.721  0.257  0.131   0.4588657010
 130  0.055 -0.234 -0.367  0.742  0.257  0.131   0.4588417105
 132  0.055 -0.234 -0.367  0.743  0.257  0.131   0.4588416634
 133  0.055 -0.234 -0.367  0.744  0.257  0.131   0.4588410901
 135  0.055 -0.234 -0.367  0.746  0.257  0.131   0.4588407354
 144  0.055 -0.234 -0.367  0.746  0.271  0.131   0.4588254560
 145  0.055 -0.234 -0.367  0.746  0.275  0.131   0.4588197297
 148  0.055 -0.234 -0.367  0.746  0.295  0.131   0.4587924510
 150  0.055 -0.234 -0.367  0.746  0.299  0.131   0.4587911641
 151  0.055 -0.234 -0.367  0.746  0.300  0.131   0.4587910731
 159  0.055 -0.234 -0.367  0.746  0.300  0.173   0.4585760525
 160  0.055 -0.234 -0.367  0.746  0.300  0.198   0.4585408512
  powell nthiter 2: fret = 0.458541
 170  0.066 -0.234 -0.367  0.746  0.300  0.198   0.4585034928
 171  0.084 -0.234 -0.367  0.746  0.300  0.198   0.4584886291
 172  0.079 -0.234 -0.367  0.746  0.300  0.198   0.4584875246
 181  0.079 -0.225 -0.367  0.746  0.300  0.198   0.4584751097
 190  0.079 -0.225 -0.389  0.746  0.300  0.198   0.4584447881
 192  0.079 -0.225 -0.387  0.746  0.300  0.198   0.4584444098
 194  0.079 -0.225 -0.386  0.746  0.300  0.198   0.4584443092
 204  0.079 -0.225 -0.386  0.759  0.300  0.198   0.4584412938
 205  0.079 -0.225 -0.386  0.754  0.300  0.198   0.4584377251
 206  0.079 -0.225 -0.386  0.753  0.300  0.198   0.4584374317
 215  0.079 -0.225 -0.386  0.753  0.292  0.198   0.4584299079
 217  0.079 -0.225 -0.386  0.753  0.293  0.198   0.4584296196
 227  0.079 -0.225 -0.386  0.753  0.293  0.197   0.4584291370
 228  0.079 -0.225 -0.386  0.753  0.293  0.194   0.4584286151
  powell nthiter 3: fret = 0.458429
 242  0.078 -0.225 -0.386  0.753  0.293  0.194   0.4584284896
 250  0.078 -0.226 -0.386  0.753  0.293  0.194   0.4584275756
 251  0.078 -0.230 -0.386  0.753  0.293  0.194   0.4584262637
 253  0.078 -0.229 -0.386  0.753  0.293  0.194   0.4584261880
 261  0.078 -0.229 -0.392  0.753  0.293  0.194   0.4584219019
 264  0.078 -0.229 -0.393  0.753  0.293  0.194   0.4584217498
 273  0.078 -0.229 -0.393  0.754  0.293  0.194   0.4584216354
 274  0.078 -0.229 -0.393  0.755  0.293  0.194   0.4584214269
 283  0.078 -0.229 -0.393  0.755  0.290  0.194   0.4584198700
 285  0.078 -0.229 -0.393  0.755  0.291  0.194   0.4584198242
 295  0.078 -0.229 -0.393  0.755  0.291  0.198   0.4584181715
 298  0.077 -0.233 -0.400  0.758  0.288  0.202   0.4584142426
 305  0.077 -0.233 -0.400  0.758  0.288  0.202   0.4584142031
  powell nthiter 4: fret = 0.458414
 322  0.075 -0.233 -0.400  0.758  0.288  0.202   0.4584138892
 331  0.075 -0.236 -0.400  0.758  0.288  0.202   0.4584137962
 333  0.075 -0.235 -0.400  0.758  0.288  0.202   0.4584135810
 352  0.075 -0.235 -0.400  0.760  0.288  0.202   0.4584133591
 353  0.075 -0.235 -0.400  0.761  0.288  0.202   0.4584133040
 364  0.075 -0.235 -0.400  0.761  0.286  0.202   0.4584105567
 365  0.075 -0.235 -0.400  0.761  0.281  0.202   0.4584099888
 367  0.075 -0.235 -0.400  0.761  0.283  0.202   0.4584091906
 375  0.075 -0.237 -0.402  0.762  0.282  0.204   0.4584091632
 377  0.075 -0.236 -0.402  0.762  0.282  0.204   0.4584090313
 378  0.075 -0.236 -0.402  0.762  0.282  0.203   0.4584089984
 379  0.075 -0.236 -0.401  0.762  0.282  0.203   0.4584086398
 382  0.075 -0.236 -0.401  0.762  0.282  0.203   0.4584086074
 383  0.075 -0.236 -0.401  0.762  0.282  0.203   0.4584086024
 384  0.075 -0.236 -0.401  0.762  0.282  0.203   0.4584086022
  powell nthiter 5: fret = 0.458409
 396  0.073 -0.236 -0.401  0.762  0.282  0.203   0.4584082089
 406  0.073 -0.235 -0.401  0.762  0.282  0.203   0.4584080485
 417  0.073 -0.235 -0.401  0.762  0.282  0.204   0.4584079036
 449  0.074 -0.235 -0.401  0.762  0.282  0.204   0.4584079026
 452  0.074 -0.235 -0.401  0.762  0.282  0.204   0.4584078767
  powell nthiter 6: fret = 0.458408
 521  0.074 -0.235 -0.401  0.762  0.282  0.204   0.4584078677
Powell done niters = 6
Computing relative cost
 0  -25.0 -25.0 -25.0   1.032380
 1  -25.0 -25.0  25.0   1.032086
 2  -25.0  25.0 -25.0   1.024464
 3  -25.0  25.0  25.0   1.021868
 4   25.0 -25.0 -25.0   1.055334
 5   25.0 -25.0  25.0   1.027473
 6   25.0  25.0 -25.0   1.026593
 7   25.0  25.0  25.0   1.029759
REL:  8  0.458408    8.249957  1.031245 rel = 0.444519 
Number of iterations     6
Min cost was 0.458408
Number of FunctionCalls   522
TolPowell 0.000000
nMaxItersPowell 36
OptimizationTime 23.160220 sec
Parameters at optimum (transmm)  0.07351 -0.23506 -0.40130
Parameters at optimum (rotdeg)  0.76195  0.28246  0.20432 
Final costs ----------------
Number of surface hits 276285
WM  Intensity    40.9489 +/-   7.4858
Ctx Intensity    44.7343 +/-  10.7716
Pct Contrast      7.0540 +/-  24.6208
Cost   0.4584
RelCost   0.4773
Reg at min cost was 
 0.99999  -0.00253  -0.00203   0.91317;
 0.00204   0.00705   0.99997   0.21564;
-0.00252  -0.99997   0.00705  -0.07305;
 0.00000   0.00000   0.00000   1.00000;

Writing optimal reg to /out/sourcedata/freesurfer/sub-v2s0x29034_ses-1/mri/transforms/FLAIRraw.auto.dat, type = 14 
Original Reg 
 1.00000   0.00242   0.00151   0.83963;
-0.00149  -0.00624   0.99998   0.45209;
 0.00243  -0.99998  -0.00624   0.32641;
 0.00000   0.00000   0.00000   1.00000;

Original Reg - Optimal Reg
 0.00000   0.00495   0.00353  -0.07353;
-0.00353  -0.01329   0.00001   0.23645;
 0.00495  -0.00001  -0.01329   0.39946;
 0.00000   0.00000   0.00000   0.00000;

Computing change in lh position
LH rmsDiffMean 0.854768
Computing change in rh position
Surface-RMS-Diff-mm 0.881177 0.389157 1.863074
mri_segreg done
MinCost: 0.458408 40.948891 44.734264 7.053992 
tkregister2_cmdl --mov /out/sourcedata/freesurfer/sub-v2s0x29034_ses-1/mri/orig/FLAIRraw.mgz --reg /out/sourcedata/freesurfer/sub-v2s0x29034_ses-1/mri/transforms/FLAIRraw.auto.dat --noedit --ltaout /out/sourcedata/freesurfer/sub-v2s0x29034_ses-1/mri/transforms/FLAIRraw.auto.lta
INFO: no target volume specified, assuming FreeSurfer orig volume.
target  volume orig
movable volume /out/sourcedata/freesurfer/sub-v2s0x29034_ses-1/mri/orig/FLAIRraw.mgz
reg file       /out/sourcedata/freesurfer/sub-v2s0x29034_ses-1/mri/transforms/FLAIRraw.auto.dat
LoadVol        0
ZeroCRAS       0
7.3.2
Diagnostic Level -1
---- Input registration matrix --------
 0.99999  -0.00253  -0.00203   0.91317;
 0.00204   0.00705   0.99997   0.21564;
-0.00252  -0.99997   0.00705  -0.07305;
 0.00000   0.00000   0.00000   1.00000;
float2int = 0
---------------------------------------
INFO: loading target /out/sourcedata/freesurfer/sub-v2s0x29034_ses-1/mri/orig.mgz
Ttarg: --------------------
-1.00000   0.00000   0.00000   128.00000;
 0.00000   0.00000   1.00000  -128.00000;
 0.00000  -1.00000   0.00000   128.00000;
 0.00000   0.00000   0.00000   1.00000;
INFO: loading movable /out/sourcedata/freesurfer/sub-v2s0x29034_ses-1/mri/orig/FLAIRraw.mgz
Tmov: --------------------
-0.97656   0.00000   0.00000   91.30859;
 0.00000   0.00000   0.97656  -125.00000;
 0.00000  -0.97656   0.00000   125.00000;
 0.00000   0.00000   0.00000   1.00000;
mkheaderreg = 0, float2int = 0
---- Input registration matrix --------
 0.99999  -0.00253  -0.00203   0.91317;
 0.00204   0.00705   0.99997   0.21564;
-0.00252  -0.99997   0.00705  -0.07305;
 0.00000   0.00000   0.00000   1.00000;
Determinant 1
subject = sub-v2s0x29034_ses-1
RegMat ---------------------------
 0.99999  -0.00253  -0.00203   0.91317;
 0.00204   0.00705   0.99997   0.21564;
-0.00252  -0.99997   0.00705  -0.07305;
 0.00000   0.00000   0.00000   1.00000;
Cleaning up
 
Started at Tue Mar 10 12:10:06 CET 2026 
Ended   at Tue Mar 10 12:11:33 CET 2026
BBR-Run-Time-Sec 87
 
bbregister Done
To check results, run:
tkregisterfv --mov /out/sourcedata/freesurfer/sub-v2s0x29034_ses-1/mri/orig/FLAIRraw.mgz --reg /out/sourcedata/freesurfer/sub-v2s0x29034_ses-1/mri/transforms/FLAIRraw.auto.lta --surfs  --sd /out/sourcedata/freesurfer
