Logfile for bbregister
Tue Mar 10 11:11:34 CET 2026

setenv SUBJECTS_DIR /out/sourcedata/freesurfer
cd /out/sourcedata/freesurfer/sub-v2s0x29024_ses-1/scripts
/opt/freesurfer/bin/bbregister --s sub-v2s0x29024_ses-1 --mov /out/sourcedata/freesurfer/sub-v2s0x29024_ses-1/mri/orig/FLAIRraw.mgz --lta /out/sourcedata/freesurfer/sub-v2s0x29024_ses-1/mri/transforms/FLAIRraw.auto.lta --init-coreg --T2 --gm-proj-abs 2 --wm-proj-abs 1 --no-coreg-ref-mask

bbregister 7.3.2
Linux dna052 5.14.0-427.37.1.el9_4.x86_64 #1 SMP PREEMPT_DYNAMIC Fri Sep 13 12:41:50 EDT 2024 x86_64 x86_64 x86_64 GNU/Linux
FREESURFER_HOME /opt/freesurfer
mri_convert /out/sourcedata/freesurfer/sub-v2s0x29024_ses-1/mri/orig/FLAIRraw.mgz /out/sourcedata/freesurfer/sub-v2s0x29024_ses-1/mri/transforms/tmp.bbregister.3739821/template.nii
mri_convert /out/sourcedata/freesurfer/sub-v2s0x29024_ses-1/mri/orig/FLAIRraw.mgz /out/sourcedata/freesurfer/sub-v2s0x29024_ses-1/mri/transforms/tmp.bbregister.3739821/template.nii 
reading from /out/sourcedata/freesurfer/sub-v2s0x29024_ses-1/mri/orig/FLAIRraw.mgz...
TR=0.00, TE=0.00, TI=0.00, flip angle=0.00
i_ras = (-1, 0, 0)
j_ras = (0, 1, 0)
k_ras = (0, 0, 1)
writing to /out/sourcedata/freesurfer/sub-v2s0x29024_ses-1/mri/transforms/tmp.bbregister.3739821/template.nii...
mri_coreg --s sub-v2s0x29024_ses-1 --mov /out/sourcedata/freesurfer/sub-v2s0x29024_ses-1/mri/transforms/tmp.bbregister.3739821/template.nii --regdat /out/sourcedata/freesurfer/sub-v2s0x29024_ses-1/mri/transforms/tmp.bbregister.3739821/reg.init.dat --reg /out/sourcedata/freesurfer/sub-v2s0x29024_ses-1/mri/transforms/tmp.bbregister.3739821/mri_coreg.lta --nthreads 4 --dof 6 --sep 4 --ftol .0001 --linmintol .01 --no-ref-mask

$Id: mri_coreg.c,v 1.27 2016/04/30 15:11:49 greve Exp $
cwd /out/sourcedata/freesurfer/sub-v2s0x29024_ses-1/scripts
cmdline mri_coreg --s sub-v2s0x29024_ses-1 --mov /out/sourcedata/freesurfer/sub-v2s0x29024_ses-1/mri/transforms/tmp.bbregister.3739821/template.nii --regdat /out/sourcedata/freesurfer/sub-v2s0x29024_ses-1/mri/transforms/tmp.bbregister.3739821/reg.init.dat --reg /out/sourcedata/freesurfer/sub-v2s0x29024_ses-1/mri/transforms/tmp.bbregister.3739821/mri_coreg.lta --nthreads 4 --dof 6 --sep 4 --ftol .0001 --linmintol .01 --no-ref-mask 
sysname  Linux
hostname dna052
machine  x86_64
user     oesteban
dof    6
nsep    1
cras0    1
ftol    0.000100
linmintol    0.010000
bf       1
bflim    30.000000
bfnsamp    30
SmoothRef 0
SatPct    99.990000
MovOOB 0
optschema 1
Seed 53
Reading in mov /out/sourcedata/freesurfer/sub-v2s0x29024_ses-1/mri/transforms/tmp.bbregister.3739821/template.nii
Reading in ref /out/sourcedata/freesurfer/sub-v2s0x29024_ses-1/mri/brainmask.mgz
Setting cras translation parameters to align volume centers
Creating random numbers for coordinate dithering
Performing intensity dithering
Performing intensity dithering on mov with computed dither
Init matrix params -1.0562  0.7759  8.6112  0.0000  0.0000  0.0000  1.0000  1.0000  1.0000  0.0000  0.0000  0.0000 
Initial parameters to be opt -1.0562  0.7759  8.6112  0.0000  0.0000  0.0000 
Separation list (1):  4   min = 4
DoSmoothing 1
DoCoordDither 1
DoIntensityDither 1
nitersmax 4
ftol 1.000e-04
linmintol 1.000e-02
SatPct 99.990000
Hist FWHM 7.000000 7.000000
nthreads 4
movsat = 76.0000
mov gstd 1.8943 1.8943 1.8943
Smoothing mov
refsat = 114.0000
ref gstd 1.8914 1.8914 1.8914
Smoothing ref
COREGpreproc() done
Testing if mov and target overlap
Init cost   -1.0495312721
nhits = 176015 out of 16777216, Percent Overlap:  67.1
Initial  RefRAS-to-MovRAS
 1.00000   0.00000   0.00000  -1.05624;
 0.00000   1.00000   0.00000   0.77588;
 0.00000   0.00000   1.00000   8.61123;
 0.00000   0.00000   0.00000   1.00000;
Initial  RefVox-to-MovVox
 1.02400   0.00000   0.00000  -37.55999;
 0.00000   0.00000   1.02400  -3.05999;
 0.00000  -1.02400   0.00000   258.06000;
 0.00000   0.00000   0.00000   1.00000;
sep = 4 -----------------------------------
COREGoptBruteForce() 30 1 30
Turning on MovOOB for BruteForce Search
#BF# sep= 4 iter=0 lim=30.0 delta=2.00  -1.05624   0.77588  -1.38877   0.00000   0.00000   0.00000   -1.0551246
Turning  MovOOB back off after brute force search


---------------------------------
Init Powel Params dof = 6: -1.056244 0.775879 -1.388771 0.000000 0.000000 0.000000 
Starting OpenPowel2(), sep = 4
InitialCost        -1.0659297705 
#@#  4  188  -1.05624 0.77588 -1.38877 0.00000 0.00000 0.00000   -1.0659298
fs_powell::minimize
  nparams 6
  maxfev 4
  ftol   0.000100
  linmin_xtol_   0.010000
  powell nthiter 0: fret = -1.065930
#@#  4  190  -0.05624 0.77588 -1.38877 0.00000 0.00000 0.00000   -1.0664963
#@#  4  194  -0.43821 0.77588 -1.38877 0.00000 0.00000 0.00000   -1.0665699
#@#  4  195  -0.33287 0.77588 -1.38877 0.00000 0.00000 0.00000   -1.0665951
#@#  4  196  -0.30903 0.77588 -1.38877 0.00000 0.00000 0.00000   -1.0665960
#@#  4  198  -0.31903 0.77588 -1.38877 0.00000 0.00000 0.00000   -1.0665966
#@#  4  203  -0.31903 0.15784 -1.38877 0.00000 0.00000 0.00000   -1.0669659
#@#  4  205  -0.31903 0.13407 -1.38877 0.00000 0.00000 0.00000   -1.0669667
#@#  4  206  -0.31903 0.12407 -1.38877 0.00000 0.00000 0.00000   -1.0669669
#@#  4  210  -0.31903 0.11407 -1.38877 0.00000 0.00000 0.00000   -1.0669670
#@#  4  215  -0.31903 0.11407 -2.00680 0.00000 0.00000 0.00000   -1.0669791
#@#  4  217  -0.31903 0.11407 -1.70891 0.00000 0.00000 0.00000   -1.0670700
#@#  4  223  -0.31903 0.11407 -1.71891 1.00000 0.00000 0.00000   -1.0673958
#@#  4  227  -0.31903 0.11407 -1.71891 0.61803 0.00000 0.00000   -1.0674828
#@#  4  228  -0.31903 0.11407 -1.71891 0.66133 0.00000 0.00000   -1.0674847
#@#  4  229  -0.31903 0.11407 -1.71891 0.67133 0.00000 0.00000   -1.0674853
#@#  4  232  -0.31903 0.11407 -1.71891 0.68876 0.00000 0.00000   -1.0674866
#@#  4  240  -0.31903 0.11407 -1.71891 0.68876 -0.08140 0.00000   -1.0674890
#@#  4  245  -0.31903 0.11407 -1.71891 0.68876 -0.07140 0.00000   -1.0674891
#@#  4  252  -0.31903 0.11407 -1.71891 0.68876 -0.07140 -0.15022   -1.0675067
#@#  4  255  -0.31903 0.11407 -1.71891 0.68876 -0.07140 -0.16682   -1.0675068
  powell nthiter 1: fret = -1.067507
#@#  4  264  -0.21977 0.11407 -1.71891 0.68876 -0.07140 -0.17682   -1.0675284
#@#  4  266  -0.19582 0.11407 -1.71891 0.68876 -0.07140 -0.17682   -1.0675286
#@#  4  276  -0.19582 -0.11393 -1.71891 0.68876 -0.07140 -0.17682   -1.0675778
#@#  4  279  -0.19582 -0.10075 -1.71891 0.68876 -0.07140 -0.17682   -1.0675789
#@#  4  286  -0.19582 -0.10075 -1.33694 0.68876 -0.07140 -0.17682   -1.0676751
#@#  4  287  -0.19582 -0.10075 -1.39890 0.68876 -0.07140 -0.17682   -1.0676806
#@#  4  288  -0.19582 -0.10075 -1.40952 0.68876 -0.07140 -0.17682   -1.0676810
#@#  4  289  -0.19582 -0.10075 -1.42650 0.68876 -0.07140 -0.17682   -1.0676813
#@#  4  298  -0.19582 -0.10075 -1.42650 0.85935 -0.07140 -0.17682   -1.0677058
#@#  4  299  -0.19582 -0.10075 -1.42650 0.84935 -0.07140 -0.17682   -1.0677063
#@#  4  300  -0.19582 -0.10075 -1.42650 0.83076 -0.07140 -0.17682   -1.0677073
#@#  4  318  -0.19582 -0.10075 -1.42650 0.83076 -0.07140 -0.22462   -1.0677088
#@#  4  319  -0.19582 -0.10075 -1.42650 0.83076 -0.07140 -0.21462   -1.0677103
  powell nthiter 2: fret = -1.067710
#@#  4  328  -0.17903 -0.10075 -1.42650 0.83076 -0.07140 -0.21462   -1.0677106
#@#  4  329  -0.16903 -0.10075 -1.42650 0.83076 -0.07140 -0.21462   -1.0677114
#@#  4  332  -0.14923 -0.10075 -1.42650 0.83076 -0.07140 -0.21462   -1.0677116
#@#  4  340  -0.14923 -0.18324 -1.42650 0.83076 -0.07140 -0.21462   -1.0677155
#@#  4  345  -0.14923 -0.19324 -1.42650 0.83076 -0.07140 -0.21462   -1.0677161
#@#  4  352  -0.14923 -0.19324 -1.35941 0.83076 -0.07140 -0.21462   -1.0677218
#@#  4  361  -0.14923 -0.19324 -1.35941 0.91992 -0.07140 -0.21462   -1.0677248
#@#  4  362  -0.14923 -0.19324 -1.35941 0.89554 -0.07140 -0.21462   -1.0677251
#@#  4  363  -0.14923 -0.19324 -1.35941 0.88554 -0.07140 -0.21462   -1.0677254
#@#  4  365  -0.14923 -0.19324 -1.35941 0.87554 -0.07140 -0.21462   -1.0677260
#@#  4  372  -0.14923 -0.19324 -1.35941 0.87554 -0.10552 -0.21462   -1.0677271
#@#  4  385  -0.14923 -0.19324 -1.35941 0.87554 -0.11795 -0.22959   -1.0677272
Powell done niters total = 2
OptTimeSec  7.7 sec
OptTimeMin  0.13 min
nEvals 386
Final optimized parameters  -0.14923315  -0.19323741  -1.35941148   0.87554348  -0.11794953  -0.22959054 
Final matrix parameters -0.1492 -0.1932 -1.3594  0.8755 -0.1179 -0.2396  1.0000  1.0000  1.0000  0.0000  0.0000  0.0000 
Final cost   -1.067727170853466
 

---------------------------------
Final  RefRAS-to-MovRAS
 0.99999  -0.00401  -0.00206  -0.14923;
 0.00404   0.99988   0.01528  -0.19324;
 0.00200  -0.01529   0.99988  -1.35941;
 0.00000   0.00000   0.00000   1.00000;
Final  RefVox-to-MovVox
 1.02399  -0.00211   0.00410  -38.58078;
-0.00414  -0.01565   1.02387  -1.60824;
-0.00205  -1.02388  -0.01566   249.43184;
 0.00000   0.00000   0.00000   1.00000;
Final matrix parameters -0.1492 -0.1932 -1.3594  0.8755 -0.1179 -0.2296  0.0000  0.0000  0.0000  0.0000  0.0000  0.0000 
Final opt parameters -0.1492 -0.1932 -1.3594  0.8755 -0.1179 -0.2296 
nhits = 170583 out of 16777216, Percent Overlap:  65.1
mri_coreg RunTimeSec 55.2 sec
To check run:
   tkregisterfv --mov /out/sourcedata/freesurfer/sub-v2s0x29024_ses-1/mri/transforms/tmp.bbregister.3739821/template.nii --targ /out/sourcedata/freesurfer/sub-v2s0x29024_ses-1/mri/brainmask.mgz --reg /out/sourcedata/freesurfer/sub-v2s0x29024_ses-1/mri/transforms/tmp.bbregister.3739821/mri_coreg.lta --s sub-v2s0x29024_ses-1 --surfs 

mri_coreg done

mri_segreg --mov /out/sourcedata/freesurfer/sub-v2s0x29024_ses-1/mri/transforms/tmp.bbregister.3739821/template.nii --init-reg /out/sourcedata/freesurfer/sub-v2s0x29024_ses-1/mri/transforms/tmp.bbregister.3739821/reg.init.dat --out-reg /out/sourcedata/freesurfer/sub-v2s0x29024_ses-1/mri/transforms/tmp.bbregister.3739821/bbr.pass1.dat --subsamp-brute 100 --subsamp 100 --tol 1e-4 --tol1d 1e-3 --brute -4 4 4 --surf white --gm-proj-abs 2 --gm-gt-wm 0.5
7.3.2
setenv SUBJECTS_DIR /out/sourcedata/freesurfer
cd /out/sourcedata/freesurfer/sub-v2s0x29024_ses-1/scripts
mri_segreg --mov /out/sourcedata/freesurfer/sub-v2s0x29024_ses-1/mri/transforms/tmp.bbregister.3739821/template.nii --init-reg /out/sourcedata/freesurfer/sub-v2s0x29024_ses-1/mri/transforms/tmp.bbregister.3739821/reg.init.dat --out-reg /out/sourcedata/freesurfer/sub-v2s0x29024_ses-1/mri/transforms/tmp.bbregister.3739821/bbr.pass1.dat --subsamp-brute 100 --subsamp 100 --tol 1e-4 --tol1d 1e-3 --brute -4 4 4 --surf white --gm-proj-abs 2 --gm-gt-wm 0.5 
sysname  Linux
hostname dna052
machine  x86_64
user     oesteban
movvol /out/sourcedata/freesurfer/sub-v2s0x29024_ses-1/mri/transforms/tmp.bbregister.3739821/template.nii
regfile /out/sourcedata/freesurfer/sub-v2s0x29024_ses-1/mri/transforms/tmp.bbregister.3739821/reg.init.dat
subject sub-v2s0x29024_ses-1
dof 6
outregfile /out/sourcedata/freesurfer/sub-v2s0x29024_ses-1/mri/transforms/tmp.bbregister.3739821/bbr.pass1.dat
UseMask 0
UseLH 1
UseRH 1
nsubsamp 100
PenaltySign  -1
PenaltySlope 0.500000
PenaltyCenter 0.000000
surfname white
GMProjAbs 2.000000
WMProjAbs 2.000000
lhcostfile (null)
rhcostfile (null)
interp  trilinear (1)
frame  0
TolPowell 0.000100
nMaxItersPowell 36
n1dmin  3
Profile   0
Gdiag_no  -1
AddNoise  0 (0)
SynthSeed 1773505397
TransRandMax 0.000000
RotRandMax 0.000000
Translations 0.000000 0.000000 0.000000
Rotations   0.000000 0.000000 0.000000
Input reg
 0.99999  -0.00401  -0.00206   0.73706;
 0.00200  -0.01529   0.99988  -11.61160;
-0.00404  -0.99988  -0.01528   1.05932;
 0.00000   0.00000   0.00000   1.00000;

Loading mov
ExcludeZeroVoxels 1
Reading in targ vol /out/sourcedata/freesurfer/sub-v2s0x29024_ses-1/mri/orig.mgz
Projecting LH Surfs
Loading lh.white surf
GM Proj: 0 0.500000 2.000000
WM Proj: 0 0.500000 2.000000
Projecting RH Surfs
Loading rh.white surf
Projecting RH Surfs
Using lh.cortex.label
Using rh.cortex.label
Computing relative cost
 0  -25.0 -25.0 -25.0   1.033281
 1  -25.0 -25.0  25.0   1.035219
 2  -25.0  25.0 -25.0   1.043445
 3  -25.0  25.0  25.0   1.038249
 4   25.0 -25.0 -25.0   1.079377
 5   25.0 -25.0  25.0   1.073508
 6   25.0  25.0 -25.0   1.020013
 7   25.0  25.0  25.0   1.060743
REL:  8  0.633457    8.383836  1.047979 rel = 0.604455 
Initial costs ----------------
Number of surface hits 2760
WM  Intensity    35.6944 +/-   6.0633
Ctx Intensity    37.7793 +/-  10.9730
Pct Contrast      2.0908 +/-  30.9534
Cost   0.6335
RelCost   0.6045

------------------------------------
Brute force preopt -4 4 4, n = 729
     0  -4.0000  -4.0000  -4.0000  -4.0000  -4.0000  -4.0000      1.0098   1.0098  0.0
    13  -4.0000  -4.0000  -4.0000   0.0000   0.0000   0.0000      1.0078   1.0078  0.0
    15  -4.0000  -4.0000  -4.0000   0.0000   4.0000  -4.0000      0.9655   0.9655  0.0
   274   0.0000  -4.0000   0.0000  -4.0000   0.0000   0.0000      0.9284   0.9284  0.0
   337   0.0000   0.0000  -4.0000   0.0000   0.0000   0.0000      0.9250   0.9250  0.0
   364   0.0000   0.0000   0.0000   0.0000   0.0000   0.0000      0.6335   0.6335  0.0
Brute Force --------------------------
Min cost was 0.633457
Number of iterations   729
Search time 1.383508 sec
Parameters at best (transmm, rotdeg)
  0.000   0.000   0.000  0.000  0.000  0.000 
--------------------------------------------

Starting Powell Minimization
Init Powel Params dof = 6
0 0
1 0
2 0
3 0
4 0
5 0
fs_powell::minimize
  nparams 6
  maxfev 36
  ftol   0.000100
  linmin_xtol_   0.001000
  powell nthiter 0: fret = 0.633457
   2  1.000  0.000  0.000  0.000  0.000  0.000   0.6294473749
   6  0.618  0.000  0.000  0.000  0.000  0.000   0.6287670527
  12  0.644  0.000  0.000  0.000  0.000  0.000   0.6287493995
  13  0.643  0.000  0.000  0.000  0.000  0.000   0.6287321346
  14  0.631  0.000  0.000  0.000  0.000  0.000   0.6286268367
  16  0.630  0.000  0.000  0.000  0.000  0.000   0.6286257389
  23  0.630  0.382  0.000  0.000  0.000  0.000   0.6237629250
  24  0.630  0.290  0.000  0.000  0.000  0.000   0.6200887716
  25  0.630  0.226  0.000  0.000  0.000  0.000   0.6198092139
  26  0.630  0.248  0.000  0.000  0.000  0.000   0.6195858520
  27  0.630  0.252  0.000  0.000  0.000  0.000   0.6195814315
  29  0.630  0.251  0.000  0.000  0.000  0.000   0.6195802001
  36  0.630  0.251  0.382  0.000  0.000  0.000   0.6136239381
  38  0.630  0.251  0.315  0.000  0.000  0.000   0.6129634264
  39  0.630  0.251  0.287  0.000  0.000  0.000   0.6110531316
  41  0.630  0.251  0.246  0.000  0.000  0.000   0.6104168927
  42  0.630  0.251  0.257  0.000  0.000  0.000   0.6103453344
  43  0.630  0.251  0.256  0.000  0.000  0.000   0.6103406398
  44  0.630  0.251  0.254  0.000  0.000  0.000   0.6103368404
  46  0.630  0.251  0.253  0.000  0.000  0.000   0.6103364257
  53  0.630  0.251  0.253  0.382  0.000  0.000   0.5936375279
  54  0.630  0.251  0.253  0.618  0.000  0.000   0.5921530356
  55  0.630  0.251  0.253  0.552  0.000  0.000   0.5898933482
  58  0.630  0.251  0.253  0.546  0.000  0.000   0.5898341859
  60  0.630  0.251  0.253  0.545  0.000  0.000   0.5898317797
  68  0.630  0.251  0.253  0.545 -0.252  0.000   0.5855762671
  69  0.630  0.251  0.253  0.545 -0.262  0.000   0.5854083436
  72  0.630  0.251  0.253  0.545 -0.268  0.000   0.5853455019
  74  0.630  0.251  0.253  0.545 -0.271  0.000   0.5853421286
  88  0.630  0.251  0.253  0.545 -0.271 -0.009   0.5852948962
  89  0.630  0.251  0.253  0.545 -0.271 -0.007   0.5852922149
  90  0.630  0.251  0.253  0.545 -0.271 -0.006   0.5852921613
  powell nthiter 1: fret = 0.585292
 102  0.603  0.251  0.253  0.545 -0.271 -0.006   0.5848281384
 104  0.600  0.251  0.253  0.545 -0.271 -0.006   0.5848253758
 106  0.601  0.251  0.253  0.545 -0.271 -0.006   0.5848243919
 115  0.601  0.342  0.253  0.545 -0.271 -0.006   0.5830616522
 119  0.601  0.336  0.253  0.545 -0.271 -0.006   0.5830494101
 120  0.601  0.338  0.253  0.545 -0.271 -0.006   0.5830461549
 121  0.601  0.339  0.253  0.545 -0.271 -0.006   0.5830457110
 133  0.601  0.339  0.250  0.545 -0.271 -0.006   0.5830058816
 135  0.601  0.339  0.248  0.545 -0.271 -0.006   0.5830018027
 148  0.601  0.339  0.248  0.546 -0.271 -0.006   0.5829996042
 160  0.601  0.339  0.248  0.546 -0.257 -0.006   0.5828929424
 162  0.601  0.339  0.248  0.546 -0.255 -0.006   0.5828894934
 172  0.601  0.339  0.248  0.546 -0.255 -0.071   0.5821462389
 173  0.601  0.339  0.248  0.546 -0.255 -0.061   0.5821357599
 174  0.601  0.339  0.248  0.546 -0.255 -0.063   0.5821295430
 175  0.601  0.339  0.248  0.546 -0.255 -0.065   0.5821284936
 176  0.601  0.339  0.248  0.546 -0.255 -0.066   0.5821277083
  powell nthiter 2: fret = 0.582128
 188  0.572  0.339  0.248  0.546 -0.255 -0.066   0.5815747388
 189  0.571  0.339  0.248  0.546 -0.255 -0.066   0.5815648860
 191  0.565  0.339  0.248  0.546 -0.255 -0.066   0.5815272871
 202  0.565  0.324  0.248  0.546 -0.255 -0.066   0.5814903900
 203  0.565  0.329  0.248  0.546 -0.255 -0.066   0.5814584694
 216  0.565  0.329  0.249  0.546 -0.255 -0.066   0.5814556880
 227  0.565  0.329  0.249  0.565 -0.255 -0.066   0.5811741095
 229  0.565  0.329  0.249  0.561 -0.255 -0.066   0.5811545833
 245  0.565  0.329  0.249  0.561 -0.262 -0.066   0.5810784916
 247  0.565  0.329  0.249  0.561 -0.261 -0.066   0.5810736933
 257  0.565  0.329  0.249  0.561 -0.261 -0.087   0.5806983003
 259  0.565  0.329  0.249  0.561 -0.261 -0.083   0.5806720952
 261  0.565  0.329  0.249  0.561 -0.261 -0.082   0.5806718985
  powell nthiter 3: fret = 0.580672
 274  0.551  0.329  0.249  0.561 -0.261 -0.082   0.5806288824
 275  0.557  0.329  0.249  0.561 -0.261 -0.082   0.5805829172
 286  0.557  0.336  0.249  0.561 -0.261 -0.082   0.5805557101
 288  0.557  0.335  0.249  0.561 -0.261 -0.082   0.5805535275
 301  0.557  0.335  0.248  0.561 -0.261 -0.082   0.5805507931
 312  0.557  0.335  0.248  0.568 -0.261 -0.082   0.5805085474
 314  0.557  0.335  0.248  0.567 -0.261 -0.082   0.5805075891
 338  0.557  0.335  0.248  0.567 -0.261 -0.096   0.5804452880
 339  0.557  0.335  0.248  0.567 -0.261 -0.094   0.5804227414
 340  0.557  0.335  0.248  0.567 -0.261 -0.090   0.5804076744
 343  0.548  0.340  0.247  0.572 -0.261 -0.099   0.5802952199
 348  0.543  0.343  0.246  0.575 -0.261 -0.105   0.5802879363
 350  0.544  0.343  0.246  0.575 -0.261 -0.104   0.5802870787
 351  0.546  0.342  0.246  0.574 -0.261 -0.102   0.5802857826
  powell nthiter 4: fret = 0.580286
 374  0.547  0.342  0.246  0.574 -0.261 -0.102   0.5802831302
 384  0.547  0.354  0.246  0.574 -0.261 -0.102   0.5801618356
 387  0.547  0.355  0.246  0.574 -0.261 -0.102   0.5801614350
 400  0.547  0.355  0.245  0.574 -0.261 -0.102   0.5801612877
 413  0.547  0.355  0.245  0.584 -0.261 -0.102   0.5801607870
 414  0.547  0.355  0.245  0.579 -0.261 -0.102   0.5801514930
 416  0.547  0.355  0.245  0.578 -0.261 -0.102   0.5801514220
 433  0.547  0.355  0.245  0.578 -0.260 -0.102   0.5801494986
 435  0.539  0.360  0.244  0.583 -0.260 -0.111   0.5800615455
 440  0.536  0.361  0.244  0.585 -0.260 -0.113   0.5800523193
 441  0.536  0.361  0.244  0.585 -0.260 -0.113   0.5800520738
 444  0.536  0.361  0.244  0.585 -0.260 -0.113   0.5800518543
  powell nthiter 5: fret = 0.580052
 456  0.543  0.361  0.244  0.585 -0.260 -0.113   0.5799536922
 459  0.547  0.361  0.244  0.585 -0.260 -0.113   0.5799473194
 460  0.546  0.361  0.244  0.585 -0.260 -0.113   0.5799471122
 470  0.546  0.369  0.244  0.585 -0.260 -0.113   0.5799170095
 471  0.546  0.368  0.244  0.585 -0.260 -0.113   0.5799150943
 472  0.546  0.367  0.244  0.585 -0.260 -0.113   0.5799133971
 485  0.546  0.367  0.251  0.585 -0.260 -0.113   0.5798698024
 486  0.546  0.367  0.250  0.585 -0.260 -0.113   0.5798683031
 497  0.546  0.367  0.250  0.586 -0.260 -0.113   0.5798662466
 498  0.546  0.367  0.250  0.587 -0.260 -0.113   0.5798645347
 501  0.546  0.367  0.250  0.589 -0.260 -0.113   0.5798623643
 517  0.546  0.367  0.250  0.589 -0.257 -0.113   0.5798588089
 519  0.546  0.367  0.250  0.589 -0.258 -0.113   0.5798572281
 521  0.537  0.372  0.249  0.595 -0.258 -0.122   0.5798439023
 525  0.540  0.370  0.249  0.593 -0.258 -0.119   0.5798146352
 527  0.541  0.369  0.249  0.592 -0.258 -0.118   0.5798100112
 528  0.541  0.369  0.249  0.592 -0.258 -0.118   0.5798096547
 529  0.542  0.369  0.249  0.592 -0.258 -0.117   0.5798085898
  powell nthiter 6: fret = 0.579809
 547  0.550  0.369  0.249  0.592 -0.258 -0.117   0.5797518481
 573  0.550  0.369  0.252  0.592 -0.258 -0.117   0.5797455397
 586  0.550  0.369  0.252  0.593 -0.258 -0.117   0.5797448067
 608  0.546  0.371  0.252  0.595 -0.258 -0.121   0.5797372148
 609  0.548  0.370  0.252  0.594 -0.258 -0.120   0.5797363362
 616  0.548  0.370  0.252  0.594 -0.258 -0.120   0.5797362999
 618  0.547  0.371  0.252  0.594 -0.258 -0.120   0.5797361307
 619  0.547  0.371  0.252  0.594 -0.258 -0.120   0.5797360812
 627  0.550  0.371  0.253  0.595 -0.258 -0.120   0.5797337929
 628  0.549  0.371  0.252  0.595 -0.258 -0.120   0.5797328738
 629  0.549  0.371  0.252  0.595 -0.258 -0.120   0.5797327941
  powell nthiter 7: fret = 0.579733
 642  0.548  0.372  0.252  0.595 -0.258 -0.121   0.5797325121
 645  0.547  0.372  0.252  0.596 -0.258 -0.122   0.5797323775
 673  0.547  0.372  0.251  0.596 -0.258 -0.122   0.5797302196
 686  0.547  0.372  0.251  0.593 -0.258 -0.122   0.5797179512
 709  0.550  0.372  0.252  0.594 -0.258 -0.123   0.5797174025
 710  0.549  0.372  0.251  0.593 -0.258 -0.122   0.5797164252
 712  0.548  0.372  0.251  0.593 -0.258 -0.122   0.5797159539
Powell done niters = 7
Computing relative cost
 0  -25.0 -25.0 -25.0   1.024253
 1  -25.0 -25.0  25.0   1.054335
 2  -25.0  25.0 -25.0   1.028405
 3  -25.0  25.0  25.0   1.054410
 4   25.0 -25.0 -25.0   1.086504
 5   25.0 -25.0  25.0   1.047494
 6   25.0  25.0 -25.0   1.018905
 7   25.0  25.0  25.0   1.056774
REL:  8  0.579716    8.371080  1.046385 rel = 0.554018 
Number of iterations     7
Min cost was 0.579716
Number of FunctionCalls   723
TolPowell 0.000100
nMaxItersPowell 36
OptimizationTime 1.052211 sec
Parameters at optimum (transmm)  0.54812  0.37201  0.25131
Parameters at optimum (rotdeg)  0.59301 -0.25827 -0.12207 
Final costs ----------------
Number of surface hits 2760
WM  Intensity    35.8868 +/-   6.2698
Ctx Intensity    38.2344 +/-  11.0710
Pct Contrast      2.7606 +/-  33.1738
Cost   0.5797
RelCost   0.6045
Reg at min cost was 
 1.00000   0.00049   0.00009   1.25618;
-0.00009  -0.00494   0.99999  -11.25146;
 0.00049  -0.99999  -0.00494   1.19370;
 0.00000   0.00000   0.00000   1.00000;

Writing optimal reg to /out/sourcedata/freesurfer/sub-v2s0x29024_ses-1/mri/transforms/tmp.bbregister.3739821/bbr.pass1.dat, type = 14 
Original Reg 
 0.99999  -0.00401  -0.00206   0.73706;
 0.00200  -0.01529   0.99988  -11.61160;
-0.00404  -0.99988  -0.01528   1.05932;
 0.00000   0.00000   0.00000   1.00000;

Original Reg - Optimal Reg
-0.00001  -0.00450  -0.00215  -0.51912;
 0.00209  -0.01035  -0.00011  -0.36013;
-0.00453   0.00011  -0.01034  -0.13438;
 0.00000   0.00000   0.00000   0.00000;

Computing change in lh position
LH rmsDiffMean 0.857901
Computing change in rh position
Surface-RMS-Diff-mm 0.946791 0.302312 1.649904
mri_segreg done
mri_segreg --mov /out/sourcedata/freesurfer/sub-v2s0x29024_ses-1/mri/transforms/tmp.bbregister.3739821/template.nii --init-reg /out/sourcedata/freesurfer/sub-v2s0x29024_ses-1/mri/transforms/tmp.bbregister.3739821/bbr.pass1.dat --out-reg /out/sourcedata/freesurfer/sub-v2s0x29024_ses-1/mri/transforms/FLAIRraw.auto.dat --interp trilinear --wm-proj-abs 1 --tol 1e-8 --tol1d 1e-3 --c0 0 --mincost /out/sourcedata/freesurfer/sub-v2s0x29024_ses-1/mri/transforms/FLAIRraw.auto.dat.mincost --dof 6 --nmax 36 --param /out/sourcedata/freesurfer/sub-v2s0x29024_ses-1/mri/transforms/FLAIRraw.auto.dat.param --surf white --brute -0.1 0.1 0.1 --cur-reg /out/sourcedata/freesurfer/sub-v2s0x29024_ses-1/mri/transforms/tmp.bbregister.3739821/reg.curopt.dat --gm-proj-abs 2 --nsub 1 --gm-gt-wm 0.5
7.3.2
setenv SUBJECTS_DIR /out/sourcedata/freesurfer
cd /out/sourcedata/freesurfer/sub-v2s0x29024_ses-1/scripts
mri_segreg --mov /out/sourcedata/freesurfer/sub-v2s0x29024_ses-1/mri/transforms/tmp.bbregister.3739821/template.nii --init-reg /out/sourcedata/freesurfer/sub-v2s0x29024_ses-1/mri/transforms/tmp.bbregister.3739821/bbr.pass1.dat --out-reg /out/sourcedata/freesurfer/sub-v2s0x29024_ses-1/mri/transforms/FLAIRraw.auto.dat --interp trilinear --wm-proj-abs 1 --tol 1e-8 --tol1d 1e-3 --c0 0 --mincost /out/sourcedata/freesurfer/sub-v2s0x29024_ses-1/mri/transforms/FLAIRraw.auto.dat.mincost --dof 6 --nmax 36 --param /out/sourcedata/freesurfer/sub-v2s0x29024_ses-1/mri/transforms/FLAIRraw.auto.dat.param --surf white --brute -0.1 0.1 0.1 --cur-reg /out/sourcedata/freesurfer/sub-v2s0x29024_ses-1/mri/transforms/tmp.bbregister.3739821/reg.curopt.dat --gm-proj-abs 2 --nsub 1 --gm-gt-wm 0.5 
sysname  Linux
hostname dna052
machine  x86_64
user     oesteban
movvol /out/sourcedata/freesurfer/sub-v2s0x29024_ses-1/mri/transforms/tmp.bbregister.3739821/template.nii
regfile /out/sourcedata/freesurfer/sub-v2s0x29024_ses-1/mri/transforms/tmp.bbregister.3739821/bbr.pass1.dat
subject sub-v2s0x29024_ses-1
dof 6
outregfile /out/sourcedata/freesurfer/sub-v2s0x29024_ses-1/mri/transforms/FLAIRraw.auto.dat
UseMask 0
UseLH 1
UseRH 1
nsubsamp 1
PenaltySign  -1
PenaltySlope 0.500000
PenaltyCenter 0.000000
surfname white
GMProjAbs 2.000000
WMProjAbs 1.000000
lhcostfile (null)
rhcostfile (null)
interp  trilinear (1)
frame  0
TolPowell 0.000000
nMaxItersPowell 36
n1dmin  3
Profile   0
Gdiag_no  -1
AddNoise  0 (0)
SynthSeed 1773676669
TransRandMax 0.000000
RotRandMax 0.000000
Translations 0.000000 0.000000 0.000000
Rotations   0.000000 0.000000 0.000000
Input reg
 1.00000   0.00049   0.00009   1.25618;
-0.00009  -0.00494   0.99999  -11.25146;
 0.00049  -0.99999  -0.00494   1.19370;
 0.00000   0.00000   0.00000   1.00000;

Loading mov
ExcludeZeroVoxels 1
Reading in targ vol /out/sourcedata/freesurfer/sub-v2s0x29024_ses-1/mri/orig.mgz
Projecting LH Surfs
Loading lh.white surf
GM Proj: 0 0.500000 2.000000
WM Proj: 0 0.500000 1.000000
Projecting RH Surfs
Loading rh.white surf
Projecting RH Surfs
Using lh.cortex.label
Using rh.cortex.label
Computing relative cost
 0  -25.0 -25.0 -25.0   1.014966
 1  -25.0 -25.0  25.0   1.049274
 2  -25.0  25.0 -25.0   1.028139
 3  -25.0  25.0  25.0   1.028324
 4   25.0 -25.0 -25.0   1.056927
 5   25.0 -25.0  25.0   1.036170
 6   25.0  25.0 -25.0   1.026974
 7   25.0  25.0  25.0   1.028122
REL:  8  0.668547    8.268896  1.033612 rel = 0.646807 
Initial costs ----------------
Number of surface hits 276468
WM  Intensity    36.8467 +/-   6.4524
Ctx Intensity    38.0843 +/-  11.2273
Pct Contrast     -0.3701 +/-  34.2777
Cost   0.6685
RelCost   0.6468


WARNING: initial G-W contrast is negative, but expecting positive.
If the mov data has a T1 contrast, re-run with --T1



------------------------------------
Brute force preopt -0.1 0.1 0.1, n = 729
     0  -0.1000  -0.1000  -0.1000  -0.1000  -0.1000  -0.1000      0.6609   0.6609  0.0
     2  -0.1000  -0.1000  -0.1000  -0.1000  -0.1000   0.1000      0.6599   0.6599  0.0
     3  -0.1000  -0.1000  -0.1000  -0.1000   0.0000  -0.1000      0.6528   0.6528  0.0
     6  -0.1000  -0.1000  -0.1000  -0.1000   0.1000  -0.1000      0.6479   0.6479  0.0
    15  -0.1000  -0.1000  -0.1000   0.0000   0.1000  -0.1000      0.6446   0.6446  0.0
    24  -0.1000  -0.1000  -0.1000   0.1000   0.1000  -0.1000      0.6392   0.6392  0.0
   105  -0.1000   0.0000  -0.1000   0.1000   0.1000  -0.1000      0.6369   0.6369  0.0
   348   0.0000   0.0000  -0.1000   0.1000   0.1000  -0.1000      0.6351   0.6351  0.0
Brute Force --------------------------
Min cost was 0.635055
Number of iterations   729
Search time 1.108587 sec
Parameters at best (transmm, rotdeg)
  0.000   0.000  -0.100  0.100  0.100 -0.100 
--------------------------------------------

Starting Powell Minimization
Init Powel Params dof = 6
0 0
1 0
2 -0.1
3 0.1
4 0.1
5 -0.1
fs_powell::minimize
  nparams 6
  maxfev 36
  ftol   0.000000
  linmin_xtol_   0.001000
  powell nthiter 0: fret = 0.665399
   7 -0.254  0.000 -0.100  0.100  0.100 -0.100   0.6647502532
   8 -0.186  0.000 -0.100  0.100  0.100 -0.100   0.6644266054
  12 -0.191  0.000 -0.100  0.100  0.100 -0.100   0.6644239558
  21 -0.191 -0.038 -0.100  0.100  0.100 -0.100   0.6641214233
  23 -0.191 -0.048 -0.100  0.100  0.100 -0.100   0.6641052749
  24 -0.191 -0.049 -0.100  0.100  0.100 -0.100   0.6641050006
  25 -0.191 -0.050 -0.100  0.100  0.100 -0.100   0.6641049814
  34 -0.191 -0.050 -0.050  0.100  0.100 -0.100   0.6636110056
  35 -0.191 -0.050 -0.010  0.100  0.100 -0.100   0.6633827437
  47 -0.191 -0.050 -0.011  0.120  0.100 -0.100   0.6631550664
  49 -0.191 -0.050 -0.011  0.137  0.100 -0.100   0.6630602145
  50 -0.191 -0.050 -0.011  0.142  0.100 -0.100   0.6630550318
  61 -0.191 -0.050 -0.011  0.142  0.053 -0.100   0.6629110954
  63 -0.191 -0.050 -0.011  0.142  0.056 -0.100   0.6629099436
  74 -0.191 -0.050 -0.011  0.142  0.056 -0.074   0.6628462713
  75 -0.191 -0.050 -0.011  0.142  0.056 -0.075   0.6628461732
  76 -0.191 -0.050 -0.011  0.142  0.056 -0.076   0.6628456440
  powell nthiter 1: fret = 0.662846
  88 -0.209 -0.050 -0.011  0.142  0.056 -0.076   0.6628171570
  91 -0.208 -0.050 -0.011  0.142  0.056 -0.076   0.6628171253
  99 -0.208 -0.024 -0.011  0.142  0.056 -0.076   0.6627162513
 101 -0.208 -0.025 -0.011  0.142  0.056 -0.076   0.6627161306
 111 -0.208 -0.025 -0.005  0.142  0.056 -0.076   0.6627120210
 122 -0.208 -0.025 -0.005  0.158  0.056 -0.076   0.6626200373
 124 -0.208 -0.025 -0.005  0.160  0.056 -0.076   0.6626172225
 135 -0.208 -0.025 -0.005  0.160  0.022 -0.076   0.6625387963
 136 -0.208 -0.025 -0.005  0.160  0.023 -0.076   0.6625383838
 137 -0.208 -0.025 -0.005  0.160  0.025 -0.076   0.6625378746
 141 -0.208 -0.025 -0.005  0.160  0.026 -0.076   0.6625378359
 152 -0.208 -0.025 -0.005  0.160  0.026 -0.070   0.6625230535
 153 -0.208 -0.025 -0.005  0.160  0.026 -0.062   0.6625203643
 155 -0.208 -0.025 -0.005  0.160  0.026 -0.065   0.6625185941
  powell nthiter 2: fret = 0.662519
 166 -0.214 -0.025 -0.005  0.160  0.026 -0.065   0.6624971106
 168 -0.225 -0.025 -0.005  0.160  0.026 -0.065   0.6624895616
 169 -0.222 -0.025 -0.005  0.160  0.026 -0.065   0.6624888599
 170 -0.223 -0.025 -0.005  0.160  0.026 -0.065   0.6624888222
 179 -0.223 -0.022 -0.005  0.160  0.026 -0.065   0.6624863993
 180 -0.223 -0.021 -0.005  0.160  0.026 -0.065   0.6624861343
 189 -0.223 -0.021 -0.007  0.160  0.026 -0.065   0.6624785317
 190 -0.223 -0.021 -0.017  0.160  0.026 -0.065   0.6624751266
 192 -0.223 -0.021 -0.013  0.160  0.026 -0.065   0.6624712564
 194 -0.223 -0.021 -0.012  0.160  0.026 -0.065   0.6624712535
 204 -0.223 -0.021 -0.012  0.166  0.026 -0.065   0.6624614200
 205 -0.223 -0.021 -0.012  0.165  0.026 -0.065   0.6624611032
 215 -0.223 -0.021 -0.012  0.165  0.015 -0.065   0.6624336345
 217 -0.223 -0.021 -0.012  0.165  0.012 -0.065   0.6624330871
 218 -0.223 -0.021 -0.012  0.165  0.011 -0.065   0.6624330698
 231 -0.223 -0.021 -0.012  0.165  0.011 -0.068   0.6624314397
  powell nthiter 3: fret = 0.662431
 244 -0.230 -0.021 -0.012  0.165  0.011 -0.068   0.6624274484
 245 -0.228 -0.021 -0.012  0.165  0.011 -0.068   0.6624266018
 246 -0.227 -0.021 -0.012  0.165  0.011 -0.068   0.6624264525
 256 -0.227 -0.019 -0.012  0.165  0.011 -0.068   0.6624258033
 267 -0.227 -0.019 -0.020  0.165  0.011 -0.068   0.6624228632
 269 -0.227 -0.019 -0.017  0.165  0.011 -0.068   0.6624217292
 280 -0.227 -0.019 -0.017  0.168  0.011 -0.068   0.6624206042
 281 -0.227 -0.019 -0.017  0.167  0.011 -0.068   0.6624201500
 305 -0.227 -0.019 -0.017  0.167  0.010 -0.072   0.6624186380
 306 -0.227 -0.019 -0.017  0.167  0.010 -0.071   0.6624186033
  powell nthiter 4: fret = 0.662419
 321 -0.228 -0.019 -0.017  0.167  0.010 -0.071   0.6624184420
 330 -0.228 -0.018 -0.017  0.167  0.010 -0.071   0.6624180648
 331 -0.228 -0.017 -0.017  0.167  0.010 -0.071   0.6624180387
 341 -0.228 -0.017 -0.021  0.167  0.010 -0.071   0.6624179347
 342 -0.228 -0.017 -0.019  0.167  0.010 -0.071   0.6624171641
 353 -0.228 -0.017 -0.019  0.170  0.010 -0.071   0.6624167020
 366 -0.228 -0.017 -0.019  0.170  0.011 -0.071   0.6624161021
 367 -0.228 -0.017 -0.019  0.170  0.012 -0.071   0.6624159217
 380 -0.228 -0.017 -0.019  0.170  0.012 -0.072   0.6624157766
 382 -0.229 -0.015 -0.021  0.172  0.014 -0.073   0.6624151996
  powell nthiter 5: fret = 0.662416
 415 -0.228 -0.016 -0.021  0.170  0.012 -0.072   0.6624146597
 451 -0.228 -0.016 -0.021  0.170  0.012 -0.071   0.6624146555
  powell nthiter 6: fret = 0.662415
 467 -0.227 -0.016 -0.021  0.170  0.012 -0.071   0.6624143870
 475 -0.227 -0.015 -0.021  0.170  0.012 -0.071   0.6624142287
 508 -0.227 -0.015 -0.021  0.170  0.013 -0.071   0.6624142205
  powell nthiter 7: fret = 0.662414
 565 -0.227 -0.015 -0.021  0.171  0.013 -0.071   0.6624137650
  powell nthiter 8: fret = 0.662414
 625 -0.227 -0.015 -0.022  0.171  0.012 -0.071   0.6624136736
 648 -0.227 -0.015 -0.022  0.171  0.013 -0.071   0.6624134538
  powell nthiter 9: fret = 0.662413
 684 -0.227 -0.014 -0.022  0.171  0.013 -0.071   0.6624134086
 695 -0.227 -0.014 -0.023  0.171  0.013 -0.071   0.6624132747
  powell nthiter 10: fret = 0.662413
Powell done niters = 10
Computing relative cost
 0  -25.0 -25.0 -25.0   1.015776
 1  -25.0 -25.0  25.0   1.051533
 2  -25.0  25.0 -25.0   1.028396
 3  -25.0  25.0  25.0   1.028942
 4   25.0 -25.0 -25.0   1.056178
 5   25.0 -25.0  25.0   1.036004
 6   25.0  25.0 -25.0   1.025343
 7   25.0  25.0  25.0   1.028030
REL:  8  0.662413    8.270201  1.033775 rel = 0.640771 
Number of iterations    10
Min cost was 0.662413
Number of FunctionCalls   800
TolPowell 0.000000
nMaxItersPowell 36
OptimizationTime 35.323469 sec
Parameters at optimum (transmm) -0.22748 -0.01413 -0.02335
Parameters at optimum (rotdeg)  0.17081  0.01348 -0.07081 
Final costs ----------------
Number of surface hits 276468
WM  Intensity    37.0089 +/-   6.5428
Ctx Intensity    38.1610 +/-  11.2493
Pct Contrast     -0.5791 +/-  34.7634
Cost   0.6624
RelCost   0.6468
Reg at min cost was 
 1.00000   0.00025   0.00133   1.01506;
-0.00133  -0.00196   1.00000  -11.27064;
 0.00025  -1.00000  -0.00196   1.13651;
 0.00000   0.00000   0.00000   1.00000;

Writing optimal reg to /out/sourcedata/freesurfer/sub-v2s0x29024_ses-1/mri/transforms/FLAIRraw.auto.dat, type = 14 
Original Reg 
 1.00000   0.00049   0.00009   1.25618;
-0.00009  -0.00494   0.99999  -11.25146;
 0.00049  -0.99999  -0.00494   1.19370;
 0.00000   0.00000   0.00000   1.00000;

Original Reg - Optimal Reg
 0.00000   0.00024  -0.00124   0.24112;
 0.00124  -0.00298  -0.00001   0.01918;
 0.00024   0.00001  -0.00298   0.05719;
 0.00000   0.00000   0.00000   0.00000;

Computing change in lh position
LH rmsDiffMean 0.253281
Computing change in rh position
Surface-RMS-Diff-mm 0.258701 0.040608 0.397214


WARNING: initial G-W contrast was negative, but expected positive.
If the mov data has a T1 contrast, re-run with --T1


mri_segreg done
MinCost: 0.662413 37.008920 38.160998 -0.579105 
tkregister2_cmdl --mov /out/sourcedata/freesurfer/sub-v2s0x29024_ses-1/mri/orig/FLAIRraw.mgz --reg /out/sourcedata/freesurfer/sub-v2s0x29024_ses-1/mri/transforms/FLAIRraw.auto.dat --noedit --ltaout /out/sourcedata/freesurfer/sub-v2s0x29024_ses-1/mri/transforms/FLAIRraw.auto.lta
INFO: no target volume specified, assuming FreeSurfer orig volume.
target  volume orig
movable volume /out/sourcedata/freesurfer/sub-v2s0x29024_ses-1/mri/orig/FLAIRraw.mgz
reg file       /out/sourcedata/freesurfer/sub-v2s0x29024_ses-1/mri/transforms/FLAIRraw.auto.dat
LoadVol        0
ZeroCRAS       0
7.3.2
Diagnostic Level -1
---- Input registration matrix --------
 1.00000   0.00025   0.00133   1.01506;
-0.00133  -0.00196   1.00000  -11.27064;
 0.00025  -1.00000  -0.00196   1.13651;
 0.00000   0.00000   0.00000   1.00000;
float2int = 0
---------------------------------------
INFO: loading target /out/sourcedata/freesurfer/sub-v2s0x29024_ses-1/mri/orig.mgz
Ttarg: --------------------
-1.00000   0.00000   0.00000   128.00000;
 0.00000   0.00000   1.00000  -128.00000;
 0.00000  -1.00000   0.00000   128.00000;
 0.00000   0.00000   0.00000   1.00000;
INFO: loading movable /out/sourcedata/freesurfer/sub-v2s0x29024_ses-1/mri/orig/FLAIRraw.mgz
Tmov: --------------------
-0.97656   0.00000   0.00000   91.30859;
 0.00000   0.00000   0.97656  -125.00000;
 0.00000  -0.97656   0.00000   125.00000;
 0.00000   0.00000   0.00000   1.00000;
mkheaderreg = 0, float2int = 0
---- Input registration matrix --------
 1.00000   0.00025   0.00133   1.01506;
-0.00133  -0.00196   1.00000  -11.27064;
 0.00025  -1.00000  -0.00196   1.13651;
 0.00000   0.00000   0.00000   1.00000;
Determinant 1
subject = sub-v2s0x29024_ses-1
RegMat ---------------------------
 1.00000   0.00025   0.00133   1.01506;
-0.00133  -0.00196   1.00000  -11.27064;
 0.00025  -1.00000  -0.00196   1.13651;
 0.00000   0.00000   0.00000   1.00000;
Cleaning up
 
Started at Tue Mar 10 11:11:34 CET 2026 
Ended   at Tue Mar 10 11:13:16 CET 2026
BBR-Run-Time-Sec 102
 
bbregister Done
To check results, run:
tkregisterfv --mov /out/sourcedata/freesurfer/sub-v2s0x29024_ses-1/mri/orig/FLAIRraw.mgz --reg /out/sourcedata/freesurfer/sub-v2s0x29024_ses-1/mri/transforms/FLAIRraw.auto.lta --surfs  --sd /out/sourcedata/freesurfer
