/out/sourcedata/freesurfer/sub-v2s0x29024_ses-1/mri
/opt/freesurfer/bin/talairach_avi
--i orig_nu.mgz --xfm transforms/talairach.auto.xfm
talairach_avi 7.3.2
Linux dna052 5.14.0-427.37.1.el9_4.x86_64 #1 SMP PREEMPT_DYNAMIC Fri Sep 13 12:41:50 EDT 2024 x86_64 x86_64 x86_64 GNU/Linux
Tue Mar 10 08:54:20 CET 2026
mri_convert orig_nu.mgz talsrcimg.img 
reading from orig_nu.mgz...
TR=0.00, TE=0.00, TI=0.00, flip angle=0.00
i_ras = (-1, 0, 0)
j_ras = (0, 0, -1)
k_ras = (0, 1, 0)
writing to talsrcimg.img...
Analyze Output Matrix
-1.00000   0.00000   0.00000   129.77406;
 0.00000   0.00000   1.00000  -86.16013;
 0.00000  -1.00000   0.00000   122.47514;
 0.00000   0.00000   0.00000   1.00000;
--------------------
INFO: set hdr.hist.orient to -1
mpr2mni305 talsrcimg
Tue Mar 10 08:54:21 CET 2026
/opt/freesurfer/bin/mpr2mni305 talsrcimg
mpr2mni305 7.3.2
target=711-2C_as_mni_average_305

---------------------------------------------------------------------
analyzeto4dfp talsrcimg -O0 -y
---------------------------------------------------------------------

freesurfer ifh2hdr.c
Tue Mar 10 08:54:21 2026
Writing: talsrcimg.4dfp.hdr
freesurfer analyzeto4dfp.c
Reading: talsrcimg.hdr
header size 348 bytes
hdr.dime.datatype	offset=70	value=2
hdr.dime.bitpix		offset=72	value=8
hdr.hist.orient		offset=252	value=-1
dimensionality     4
dimensions       256       256       256         1
Reading: talsrcimg.img
Writing: talsrcimg.4dfp.img
Writing: talsrcimg.4dfp.ifh
ifh2hdr talsrcimg -r0to241
ori=2

---------------------------------------------------------------------
gauss_4dfp talsrcimg 1.1
---------------------------------------------------------------------

freesurfer gauss_4dfp.c
Reading: talsrcimg.4dfp.img
Writing: talsrcimg_g11.4dfp.img
image dimensions 256 256 256 padded to 288 288 288
processing volume 1freesurfer ifh2hdr.c
Tue Mar 10 08:54:22 2026
Writing: talsrcimg_g11.4dfp.hdr

Writing: talsrcimg_g11.4dfp.ifh
including: talsrcimg.4dfp.img.rec in talsrcimg_g11.4dfp.img.rec

---------------------------------------------------------------------
imgreg_4dfp /opt/freesurfer/average/711-2C_as_mni_average_305 none talsrcimg_g11 none talsrcimg_to_711-2C_as_mni_average_305_t4 4355
---------------------------------------------------------------------

freesurfer imgreg_4dfp.c
/opt/freesurfer/average/711-2C_as_mni_average_305.4dfp.img
       256       256       256         1
  1.000000  1.000000  1.000000
orientation T byte_order littleendian
Reading image: /opt/freesurfer/average/711-2C_as_mni_average_305.4dfp.img
dimensions:      256       256       256
mmppix:       1.0000   -1.0000   -1.0000
center:     128.0000 -129.0000 -129.0000
talsrcimg_g11.4dfp.img
       256       256       256         1
  1.000000  1.000000  1.000000
orientation T byte_order littleendian
Reading image: talsrcimg_g11.4dfp.img
dimensions:      256       256       256
mmppix:       1.0000   -1.0000   -1.0000
center:     128.0000 -129.0000 -129.0000
t4_read: open error in t4_sub.f l:  41 t4_file(1:l)talsrcimg_to_711-2C_as_mni_average_305_t4 
t4_read: transform initialized to I4
rotation matrix determinant  1.000000
image alignment mode   4355 decimal     1103 hex
   -7.5000  -45.0000  -45.0000 5871.3594   13.1849
    0.0000  -45.0000  -45.0000 6155.0049   13.1831
    7.5000  -45.0000  -45.0000 5906.1050   13.1810
   -7.5000  -37.5000  -45.0000 6447.8662   12.6592
    0.0000  -37.5000  -45.0000 6770.9058   12.6562
    7.5000  -37.5000  -45.0000 6480.2900   12.6474
   -7.5000  -30.0000  -45.0000 7310.2456   12.2678
    0.0000  -30.0000  -45.0000 7663.4097   12.2629
    7.5000  -30.0000  -45.0000 7336.0718   12.2559
   -7.5000  -22.5000  -45.0000 8229.2549   11.9720
    0.0000  -22.5000  -45.0000 8620.9619   11.9665
    7.5000  -22.5000  -45.0000 8259.6221   11.9640
   -7.5000  -15.0000  -45.0000 9188.2627   11.7673
    0.0000  -15.0000  -45.0000 9649.9775   11.7618
    7.5000  -15.0000  -45.0000 9234.8691   11.7635
   -7.5000   -7.5000  -45.000010188.2510   11.6863
    0.0000   -7.5000  -45.000010680.2109   11.6808
    7.5000   -7.5000  -45.000010224.3574   11.6819
   -7.5000    0.0000  -45.000011215.9814   11.6708
    0.0000    0.0000  -45.000011738.1436   11.6650
    7.5000    0.0000  -45.000011216.5137   11.6615
   -7.5000    7.5000  -45.000011337.6035   11.6667
    0.0000    7.5000  -45.000011891.4619   11.6611
    7.5000    7.5000  -45.000011337.5811   11.6537
   -7.5000   15.0000  -45.000011268.2607   11.6745
    0.0000   15.0000  -45.000011831.9629   11.6693
    7.5000   15.0000  -45.000011289.5146   11.6623
   -7.5000   22.5000  -45.000011108.9492   11.6877
    0.0000   22.5000  -45.000011646.7256   11.6828
    7.5000   22.5000  -45.000011103.7734   11.6802
   -7.5000   30.0000  -45.000010913.6973   11.5410
    0.0000   30.0000  -45.000011430.1572   11.5358
    7.5000   30.0000  -45.000010890.8154   11.5375
   -7.5000   37.5000  -45.000011058.3857   11.5304
    0.0000   37.5000  -45.000011581.2812   11.5249
    7.5000   37.5000  -45.000011050.0527   11.5260
   -7.5000   45.0000  -45.000010663.9023   11.2228
    0.0000   45.0000  -45.000011170.2305   11.2173
    7.5000   45.0000  -45.000010651.6230   11.2139
   -7.5000  -45.0000  -37.5000 6122.3604   13.1088
    0.0000  -45.0000  -37.5000 6434.6978   13.1112
    7.5000  -45.0000  -37.5000 6149.5112   13.1054
   -7.5000  -37.5000  -37.5000 6743.9438   12.5902
    0.0000  -37.5000  -37.5000 7075.8164   12.5904
    7.5000  -37.5000  -37.5000 6768.4541   12.5793
   -7.5000  -30.0000  -37.5000 7673.2837   12.1986
    0.0000  -30.0000  -37.5000 8032.5332   12.1965
    7.5000  -30.0000  -37.5000 7671.4995   12.1894
   -7.5000  -22.5000  -37.5000 8642.3945   11.9043
    0.0000  -22.5000  -37.5000 9057.4951   11.9019
    7.5000  -22.5000  -37.5000 8664.5537   11.9005
   -7.5000  -15.0000  -37.5000 9664.1025   11.7024
    0.0000  -15.0000  -37.500010163.5771   11.7006
    7.5000  -15.0000  -37.5000 9722.0459   11.7026
   -7.5000   -7.5000  -37.500010733.7959   11.6255
    0.0000   -7.5000  -37.500011269.7979   11.6233
    7.5000   -7.5000  -37.500010769.1689   11.6225
   -7.5000    0.0000  -37.500011818.3164   11.6113
    0.0000    0.0000  -37.500012363.2764   11.6085
    7.5000    0.0000  -37.500011811.1309   11.6017
   -7.5000    7.5000  -37.500011975.4863   11.6054
    0.0000    7.5000  -37.500012549.1309   11.6024
    7.5000    7.5000  -37.500011968.2393   11.5928
   -7.5000   15.0000  -37.500011902.2148   11.6104
    0.0000   15.0000  -37.500012465.4980   11.6078
    7.5000   15.0000  -37.500011916.8672   11.6008
   -7.5000   22.5000  -37.500011714.9736   11.6222
    0.0000   22.5000  -37.500012255.5635   11.6203
    7.5000   22.5000  -37.500011703.3164   11.6188
   -7.5000   30.0000  -37.500011472.6738   11.4777
    0.0000   30.0000  -37.500011971.8232   11.4761
    7.5000   30.0000  -37.500011433.7051   11.4781
   -7.5000   37.5000  -37.500011637.0332   11.4703
    0.0000   37.5000  -37.500012131.6592   11.4682
    7.5000   37.5000  -37.500011590.9258   11.4674
   -7.5000   45.0000  -37.500011213.0303   11.1657
    0.0000   45.0000  -37.500011714.7344   11.1630
    7.5000   45.0000  -37.500011168.9844   11.1564
   -7.5000  -45.0000  -30.0000 6484.8164   13.6259
    0.0000  -45.0000  -30.0000 6797.8330   13.6268
    7.5000  -45.0000  -30.0000 6494.7656   13.6138
   -7.5000  -37.5000  -30.0000 7160.5518   13.0915
    0.0000  -37.5000  -30.0000 7503.1055   13.0910
    7.5000  -37.5000  -30.0000 7177.3970   13.0737
   -7.5000  -30.0000  -30.0000 8167.4741   12.6825
    0.0000  -30.0000  -30.0000 8545.9600   12.6812
    7.5000  -30.0000  -30.0000 8160.8628   12.6713
   -7.5000  -22.5000  -30.0000 9230.0303   12.3740
    0.0000  -22.5000  -30.0000 9671.7148   12.3734
    7.5000  -22.5000  -30.0000 9246.4873   12.3711
   -7.5000  -15.0000  -30.000010337.1562   12.1637
    0.0000  -15.0000  -30.000010858.1855   12.1634
    7.5000  -15.0000  -30.000010378.8506   12.1641
   -7.5000   -7.5000  -30.000011483.4941   12.0869
    0.0000   -7.5000  -30.000012018.1904   12.0850
    7.5000   -7.5000  -30.000011488.0869   12.0800
   -7.5000    0.0000  -30.000012620.5811   12.0757
    0.0000    0.0000  -30.000013176.0273   12.0720
    7.5000    0.0000  -30.000012606.2031   12.0590
   -7.5000    7.5000  -30.000012812.5352   12.0701
    0.0000    7.5000  -30.000013398.4238   12.0663
    7.5000    7.5000  -30.000012811.9502   12.0515
   -7.5000   15.0000  -30.000012745.8564   12.0725
    0.0000   15.0000  -30.000013358.4219   12.0704
    7.5000   15.0000  -30.000012771.5557   12.0606
   -7.5000   22.5000  -30.000012546.9375   12.0797
    0.0000   22.5000  -30.000013130.3359   12.0795
    7.5000   22.5000  -30.000012536.1475   12.0772
   -7.5000   30.0000  -30.000012280.6230   11.9311
    0.0000   30.0000  -30.000012793.2637   11.9310
    7.5000   30.0000  -30.000012201.8574   11.9318
   -7.5000   37.5000  -30.000012460.2051   11.9268
    0.0000   37.5000  -30.000012959.0166   11.9248
    7.5000   37.5000  -30.000012360.5605   11.9200
   -7.5000   45.0000  -30.000011979.8682   11.6208
    0.0000   45.0000  -30.000012473.0039   11.6172
    7.5000   45.0000  -30.000011897.1104   11.6047
   -7.5000  -45.0000  -22.5000 6850.9346   14.0898
    0.0000  -45.0000  -22.5000 7178.7002   14.0840
    7.5000  -45.0000  -22.5000 6864.8628   14.0672
   -7.5000  -37.5000  -22.5000 7599.2407   13.5402
    0.0000  -37.5000  -22.5000 7945.1924   13.5351
    7.5000  -37.5000  -22.5000 7618.0332   13.5134
   -7.5000  -30.0000  -22.5000 8667.3506   13.1199
    0.0000  -30.0000  -22.5000 9059.5518   13.1160
    7.5000  -30.0000  -22.5000 8683.2070   13.1025
   -7.5000  -22.5000  -22.5000 9813.1250   12.7986
    0.0000  -22.5000  -22.500010277.2051   12.7957
    7.5000  -22.5000  -22.5000 9837.3652   12.7911
   -7.5000  -15.0000  -22.500010985.3750   12.5786
    0.0000  -15.0000  -22.500011513.1387   12.5754
    7.5000  -15.0000  -22.500011001.5928   12.5743
   -7.5000   -7.5000  -22.500012183.8242   12.4988
    0.0000   -7.5000  -22.500012721.2529   12.4929
    7.5000   -7.5000  -22.500012166.9551   12.4857
   -7.5000    0.0000  -22.500013388.6641   12.4902
    0.0000    0.0000  -22.500013986.1934   12.4819
    7.5000    0.0000  -22.500013355.5811   12.4658
   -7.5000    7.5000  -22.500013606.2148   12.4878
    0.0000    7.5000  -22.500014250.7539   12.4800
    7.5000    7.5000  -22.500013609.0381   12.4616
   -7.5000   15.0000  -22.500013588.8281   12.4905
    0.0000   15.0000  -22.500014240.5977   12.4856
    7.5000   15.0000  -22.500013609.9189   12.4727
   -7.5000   22.5000  -22.500013403.1855   12.4938
    0.0000   22.5000  -22.500014026.7109   12.4914
    7.5000   22.5000  -22.500013366.0098   12.4870
   -7.5000   30.0000  -22.500013084.1035   12.3398
    0.0000   30.0000  -22.500013640.4717   12.3368
    7.5000   30.0000  -22.500013006.4736   12.3359
   -7.5000   37.5000  -22.500013289.2988   12.3351
    0.0000   37.5000  -22.500013819.6816   12.3292
    7.5000   37.5000  -22.500013177.8105   12.3222
   -7.5000   45.0000  -22.500012771.1123   12.0287
    0.0000   45.0000  -22.500013262.8643   12.0207
    7.5000   45.0000  -22.500012668.3174   12.0052
   -7.5000  -45.0000  -15.0000 7156.0659   14.4558
    0.0000  -45.0000  -15.0000 7506.8862   14.4454
    7.5000  -45.0000  -15.0000 7183.6006   14.4310
   -7.5000  -37.5000  -15.0000 7958.6201   13.8899
    0.0000  -37.5000  -15.0000 8334.7646   13.8813
    7.5000  -37.5000  -15.0000 7983.3228   13.8605
   -7.5000  -30.0000  -15.0000 9140.4824   13.4628
    0.0000  -30.0000  -15.0000 9557.7627   13.4554
    7.5000  -30.0000  -15.0000 9139.6738   13.4412
   -7.5000  -22.5000  -15.000010373.2549   13.1338
    0.0000  -22.5000  -15.000010862.8223   13.1270
    7.5000  -22.5000  -15.000010386.5898   13.1209
   -7.5000  -15.0000  -15.000011600.0713   12.9067
    0.0000  -15.0000  -15.000012118.6094   12.8992
    7.5000  -15.0000  -15.000011598.9082   12.8974
   -7.5000   -7.5000  -15.000012810.3848   12.8216
    0.0000   -7.5000  -15.000013363.2686   12.8117
    7.5000   -7.5000  -15.000012777.7080   12.8059
   -7.5000    0.0000  -15.000014060.2725   12.8121
    0.0000    0.0000  -15.000014671.3770   12.8004
    7.5000    0.0000  -15.000014012.3604   12.7866
   -7.5000    7.5000  -15.000014322.3818   12.8119
    0.0000    7.5000  -15.000015014.5107   12.8012
    7.5000    7.5000  -15.000014326.4121   12.7837
   -7.5000   15.0000  -15.000014353.7754   12.8173
    0.0000   15.0000  -15.000015084.4844   12.8094
    7.5000   15.0000  -15.000014368.4307   12.7956
   -7.5000   22.5000  -15.000014219.1465   12.8209
    0.0000   22.5000  -15.000014943.0186   12.8147
    7.5000   22.5000  -15.000014197.7422   12.8088
   -7.5000   30.0000  -15.000013880.3984   12.6633
    0.0000   30.0000  -15.000014529.9365   12.6561
    7.5000   30.0000  -15.000013822.0332   12.6546
   -7.5000   37.5000  -15.000014081.6641   12.6554
    0.0000   37.5000  -15.000014681.1641   12.6457
    7.5000   37.5000  -15.000014004.6221   12.6399
   -7.5000   45.0000  -15.000013542.5371   12.3461
    0.0000   45.0000  -15.000014087.3652   12.3349
    7.5000   45.0000  -15.000013455.7197   12.3215
   -7.5000  -45.0000   -7.5000 7471.3843   14.6593
    0.0000  -45.0000   -7.5000 7839.3545   14.6511
    7.5000  -45.0000   -7.5000 7508.5405   14.6440
   -7.5000  -37.5000   -7.5000 8328.3750   14.0799
    0.0000  -37.5000   -7.5000 8706.8105   14.0722
    7.5000  -37.5000   -7.5000 8343.0527   14.0577
   -7.5000  -30.0000   -7.5000 9610.4609   13.6481
    0.0000  -30.0000   -7.500010052.9365   13.6401
    7.5000  -30.0000   -7.5000 9585.3779   13.6290
   -7.5000  -22.5000   -7.500010897.7666   13.3180
    0.0000  -22.5000   -7.500011429.0723   13.3098
    7.5000  -22.5000   -7.500010897.7432   13.3046
   -7.5000  -15.0000   -7.500012146.1709   13.0892
    0.0000  -15.0000   -7.500012736.5508   13.0805
    7.5000  -15.0000   -7.500012144.4854   13.0800
   -7.5000   -7.5000   -7.500013413.2998   12.9999
    0.0000   -7.5000   -7.500014040.3896   12.9901
    7.5000   -7.5000   -7.500013383.0957   12.9882
   -7.5000    0.0000   -7.500014697.9922   12.9858
    0.0000    0.0000   -7.500015393.8213   12.9754
    7.5000    0.0000   -7.500014638.6895   12.9676
   -7.5000    7.5000   -7.500014997.6982   12.9842
    0.0000    7.5000   -7.500015761.6631   12.9743
    7.5000    7.5000   -7.500014988.6523   12.9623
   -7.5000   15.0000   -7.500015178.3496   12.9923
    0.0000   15.0000   -7.500016015.5898   12.9839
    7.5000   15.0000   -7.500015191.2402   12.9731
   -7.5000   22.5000   -7.500015119.7324   12.9992
    0.0000   22.5000   -7.500016051.9033   12.9917
    7.5000   22.5000   -7.500015150.3730   12.9866
   -7.5000   30.0000   -7.500014859.6904   12.8421
    0.0000   30.0000   -7.500015781.5215   12.8338
    7.5000   30.0000   -7.500014876.2070   12.8335
   -7.5000   37.5000   -7.500015063.5635   12.8310
    0.0000   37.5000   -7.500015915.5234   12.8214
    7.5000   37.5000   -7.500014993.2168   12.8195
   -7.5000   45.0000   -7.500014437.9697   12.5159
    0.0000   45.0000   -7.500015199.0430   12.5058
    7.5000   45.0000   -7.500014291.6377   12.4983
   -7.5000  -45.0000    0.0000 7657.9995   14.6978
    0.0000  -45.0000    0.0000 8042.4097   14.6959
    7.5000  -45.0000    0.0000 7664.0903   14.6934
   -7.5000  -37.5000    0.0000 8602.9961   14.1138
    0.0000  -37.5000    0.0000 9043.7021   14.1105
    7.5000  -37.5000    0.0000 8597.8809   14.1007
   -7.5000  -30.0000    0.0000 9991.5596   13.6789
    0.0000  -30.0000    0.000010490.3359   13.6734
    7.5000  -30.0000    0.0000 9973.6279   13.6655
   -7.5000  -22.5000    0.000011343.1943   13.3501
    0.0000  -22.5000    0.000011885.7861   13.3438
    7.5000  -22.5000    0.000011342.4922   13.3410
   -7.5000  -15.0000    0.000012638.9287   13.1227
    0.0000  -15.0000    0.000013210.1934   13.1165
    7.5000  -15.0000    0.000012632.4492   13.1182
   -7.5000   -7.5000    0.000013939.3613   13.0329
    0.0000   -7.5000    0.000014546.7715   13.0267
    7.5000   -7.5000    0.000013920.1035   13.0277
   -7.5000    0.0000    0.000015261.1660   13.0157
    0.0000    0.0000    0.000015916.7148   13.0093
    7.5000    0.0000    0.000015215.2832   13.0052
   -7.5000    7.5000    0.000015566.0205   13.0111
    0.0000    7.5000    0.000016304.5322   13.0048
    7.5000    7.5000    0.000015538.9160   12.9965
   -7.5000   15.0000    0.000015868.2920   13.0196
    0.0000   15.0000    0.000016830.4062   13.0137
    7.5000   15.0000    0.000015846.3975   13.0059
   -7.5000   22.5000    0.000016002.4170   13.0300
    0.0000   22.5000    0.000017254.1992   13.0243
    7.5000   22.5000    0.000015964.6289   13.0214
   -7.5000   30.0000    0.000015828.7568   12.8756
    0.0000   30.0000    0.000017244.8555   12.8697
    7.5000   30.0000    0.000015766.7139   12.8715
   -7.5000   37.5000    0.000015993.3496   12.8640
    0.0000   37.5000    0.000017354.7910   12.8578
    7.5000   37.5000    0.000015826.5010   12.8589
   -7.5000   45.0000    0.000015179.9336   12.5456
    0.0000   45.0000    0.000016302.1865   12.5395
    7.5000   45.0000    0.000014980.4619   12.5355
   -7.5000  -45.0000    7.5000 7231.6592   14.6689
    0.0000  -45.0000    7.5000 7646.7583   14.6716
    7.5000  -45.0000    7.5000 7243.9927   14.6651
   -7.5000  -37.5000    7.5000 8180.8120   14.0886
    0.0000  -37.5000    7.5000 8630.5264   14.0888
    7.5000  -37.5000    7.5000 8202.3584   14.0764
   -7.5000  -30.0000    7.5000 9534.8418   13.6504
    0.0000  -30.0000    7.500010017.3506   13.6480
    7.5000  -30.0000    7.5000 9555.4062   13.6402
   -7.5000  -22.5000    7.500010859.0996   13.3211
    0.0000  -22.5000    7.500011372.5156   13.3184
    7.5000  -22.5000    7.500010869.1572   13.3169
   -7.5000  -15.0000    7.500012142.6123   13.0952
    0.0000  -15.0000    7.500012695.7627   13.0931
    7.5000  -15.0000    7.500012151.3066   13.0953
   -7.5000   -7.5000    7.500013449.5791   13.0091
    0.0000   -7.5000    7.500014062.6816   13.0067
    7.5000   -7.5000    7.500013431.3164   13.0058
   -7.5000    0.0000    7.500014750.9834   12.9932
    0.0000    0.0000    7.500015413.9375   12.9901
    7.5000    0.0000    7.500014671.0918   12.9824
   -7.5000    7.5000    7.500015022.5400   12.9866
    0.0000    7.5000    7.500015729.3330   12.9832
    7.5000    7.5000    7.500014925.1748   12.9725
   -7.5000   15.0000    7.500015288.4453   12.9922
    0.0000   15.0000    7.500016213.7500   12.9894
    7.5000   15.0000    7.500015171.9336   12.9814
   -7.5000   22.5000    7.500015473.6553   13.0013
    0.0000   22.5000    7.500016702.1797   12.9991
    7.5000   22.5000    7.500015370.8535   12.9974
   -7.5000   30.0000    7.500015336.7354   12.8487
    0.0000   30.0000    7.500016675.3965   12.8469
    7.5000   30.0000    7.500015205.1367   12.8492
   -7.5000   37.5000    7.500015450.3701   12.8404
    0.0000   37.5000    7.500016596.5371   12.8381
    7.5000   37.5000    7.500015233.5996   12.8372
   -7.5000   45.0000    7.500014655.2832   12.5240
    0.0000   45.0000    7.500015578.6826   12.5210
    7.5000   45.0000    7.500014471.0234   12.5136
   -7.5000  -45.0000   15.0000 6696.5688   14.6386
    0.0000  -45.0000   15.0000 7086.1016   14.6395
    7.5000  -45.0000   15.0000 6700.4141   14.6256
   -7.5000  -37.5000   15.0000 7614.0977   14.0642
    0.0000  -37.5000   15.0000 8068.4282   14.0637
    7.5000  -37.5000   15.0000 7635.3882   14.0452
   -7.5000  -30.0000   15.0000 8929.2168   13.6246
    0.0000  -30.0000   15.0000 9451.3262   13.6233
    7.5000  -30.0000   15.0000 8947.0635   13.6126
   -7.5000  -22.5000   15.000010208.0645   13.2931
    0.0000  -22.5000   15.000010769.8359   13.2924
    7.5000  -22.5000   15.000010242.3984   13.2900
   -7.5000  -15.0000   15.000011478.8369   13.0670
    0.0000  -15.0000   15.000012074.1621   13.0668
    7.5000  -15.0000   15.000011489.7266   13.0675
   -7.5000   -7.5000   15.000012752.8408   12.9845
    0.0000   -7.5000   15.000013388.7266   12.9825
    7.5000   -7.5000   15.000012703.4883   12.9772
   -7.5000    0.0000   15.000013943.7246   12.9726
    0.0000    0.0000   15.000014607.1562   12.9686
    7.5000    0.0000   15.000013859.8652   12.9546
   -7.5000    7.5000   15.000014148.9043   12.9665
    0.0000    7.5000   15.000014844.3496   12.9625
    7.5000    7.5000   15.000014040.5332   12.9465
   -7.5000   15.0000   15.000014364.4023   12.9691
    0.0000   15.0000   15.000015198.2070   12.9668
    7.5000   15.0000   15.000014256.8203   12.9563
   -7.5000   22.5000   15.000014456.0527   12.9739
    0.0000   22.5000   15.000015487.9414   12.9737
    7.5000   22.5000   15.000014370.5742   12.9713
   -7.5000   30.0000   15.000014275.7051   12.8209
    0.0000   30.0000   15.000015252.6592   12.8208
    7.5000   30.0000   15.000014184.1279   12.8217
   -7.5000   37.5000   15.000014306.7178   12.8162
    0.0000   37.5000   15.000015091.9824   12.8142
    7.5000   37.5000   15.000014188.7207   12.8090
   -7.5000   45.0000   15.000013638.1865   12.5041
    0.0000   45.0000   15.000014283.6455   12.5002
    7.5000   45.0000   15.000013519.2793   12.4867
   -7.5000  -45.0000   22.5000 6166.7651   14.8191
    0.0000  -45.0000   22.5000 6545.3760   14.8130
    7.5000  -45.0000   22.5000 6170.8179   14.7948
   -7.5000  -37.5000   22.5000 7042.2476   14.2336
    0.0000  -37.5000   22.5000 7480.7637   14.2282
    7.5000  -37.5000   22.5000 7043.5366   14.2048
   -7.5000  -30.0000   22.5000 8277.9287   13.7863
    0.0000  -30.0000   22.5000 8779.7744   13.7821
    7.5000  -30.0000   22.5000 8280.0254   13.7676
   -7.5000  -22.5000   22.5000 9500.7969   13.4448
    0.0000  -22.5000   22.500010028.9209   13.4417
    7.5000  -22.5000   22.5000 9520.6104   13.4367
   -7.5000  -15.0000   22.500010699.7871   13.2112
    0.0000  -15.0000   22.500011251.1592   13.2078
    7.5000  -15.0000   22.500010691.4395   13.2065
   -7.5000   -7.5000   22.500011866.7725   13.1263
    0.0000   -7.5000   22.500012453.8242   13.1201
    7.5000   -7.5000   22.500011832.7275   13.1124
   -7.5000    0.0000   22.500012953.3809   13.1171
    0.0000    0.0000   22.500013559.1562   13.1084
    7.5000    0.0000   22.500012920.3779   13.0910
   -7.5000    7.5000   22.500013174.2715   13.1144
    0.0000    7.5000   22.500013774.4307   13.1062
    7.5000    7.5000   22.500013103.7510   13.0863
   -7.5000   15.0000   22.500013371.1680   13.1172
    0.0000   15.0000   22.500014041.3906   13.1121
    7.5000   15.0000   22.500013317.0469   13.0981
   -7.5000   22.5000   22.500013398.9424   13.1190
    0.0000   22.5000   22.500014179.6582   13.1164
    7.5000   22.5000   22.500013346.9902   13.1115
   -7.5000   30.0000   22.500013134.9043   12.9612
    0.0000   30.0000   22.500013818.5898   12.9581
    7.5000   30.0000   22.500013105.6240   12.9570
   -7.5000   37.5000   22.500013177.8105   12.9562
    0.0000   37.5000   22.500013749.1670   12.9500
    7.5000   37.5000   22.500013127.6611   12.9425
   -7.5000   45.0000   22.500012696.2998   12.6434
    0.0000   45.0000   22.500013241.7979   12.6349
    7.5000   45.0000   22.500012619.7568   12.6182
   -7.5000  -45.0000   30.0000 5659.4873   15.1620
    0.0000  -45.0000   30.0000 5996.6582   15.1511
    7.5000  -45.0000   30.0000 5664.4282   15.1350
   -7.5000  -37.5000   30.0000 6467.3413   14.5486
    0.0000  -37.5000   30.0000 6833.3257   14.5396
    7.5000  -37.5000   30.0000 6475.6782   14.5165
   -7.5000  -30.0000   30.0000 7605.7993   14.0859
    0.0000  -30.0000   30.0000 8007.5078   14.0784
    7.5000  -30.0000   30.0000 7610.2056   14.0625
   -7.5000  -22.5000   30.0000 8756.1533   13.7302
    0.0000  -22.5000   30.0000 9169.7881   13.7233
    7.5000  -22.5000   30.0000 8761.3223   13.7164
   -7.5000  -15.0000   30.0000 9850.5381   13.4855
    0.0000  -15.0000   30.000010294.5078   13.4779
    7.5000  -15.0000   30.0000 9852.0283   13.4758
   -7.5000   -7.5000   30.000010931.8428   13.3947
    0.0000   -7.5000   30.000011391.2705   13.3845
    7.5000   -7.5000   30.000010920.1904   13.3780
   -7.5000    0.0000   30.000011943.5332   13.3853
    0.0000    0.0000   30.000012424.1768   13.3730
    7.5000    0.0000   30.000011934.9580   13.3577
   -7.5000    7.5000   30.000012192.0664   13.3850
    0.0000    7.5000   30.000012705.8516   13.3736
    7.5000    7.5000   30.000012177.6338   13.3544
   -7.5000   15.0000   30.000012357.3027   13.3900
    0.0000   15.0000   30.000012943.4111   13.3817
    7.5000   15.0000   30.000012345.4414   13.3664
   -7.5000   22.5000   30.000012322.1924   13.3918
    0.0000   22.5000   30.000012928.3682   13.3855
    7.5000   22.5000   30.000012296.9287   13.3789
   -7.5000   30.0000   30.000012039.7939   13.2287
    0.0000   30.0000   30.000012560.8369   13.2215
    7.5000   30.0000   30.000012008.2314   13.2197
   -7.5000   37.5000   30.000012104.9023   13.2211
    0.0000   37.5000   30.000012593.1719   13.2110
    7.5000   37.5000   30.000012060.0117   13.2046
   -7.5000   45.0000   30.000011756.8271   12.9018
    0.0000   45.0000   30.000012244.6719   12.8900
    7.5000   45.0000   30.000011682.8965   12.8753
   -7.5000  -45.0000   37.5000 5455.0557   15.6839
    0.0000  -45.0000   37.5000 5765.4707   15.6770
    7.5000  -45.0000   37.5000 5460.6831   15.6672
   -7.5000  -37.5000   37.5000 6215.0596   15.0391
    0.0000  -37.5000   37.5000 6559.3853   15.0322
    7.5000  -37.5000   37.5000 6226.5254   15.0137
   -7.5000  -30.0000   37.5000 7321.0933   14.5528
    0.0000  -30.0000   37.5000 7681.2227   14.5448
    7.5000  -30.0000   37.5000 7312.1040   14.5299
   -7.5000  -22.5000   37.5000 8420.3076   14.1754
    0.0000  -22.5000   37.5000 8788.3936   14.1671
    7.5000  -22.5000   37.5000 8422.4541   14.1588
   -7.5000  -15.0000   37.5000 9469.4258   13.9101
    0.0000  -15.0000   37.5000 9866.3926   13.9017
    7.5000  -15.0000   37.5000 9479.0293   13.8990
   -7.5000   -7.5000   37.500010528.3174   13.8067
    0.0000   -7.5000   37.500010961.6895   13.7976
    7.5000   -7.5000   37.500010528.6523   13.7939
   -7.5000    0.0000   37.500011532.4004   13.7940
    0.0000    0.0000   37.500011991.4756   13.7841
    7.5000    0.0000   37.500011525.7773   13.7741
   -7.5000    7.5000   37.500011793.4824   13.7981
    0.0000    7.5000   37.500012279.2061   13.7885
    7.5000    7.5000   37.500011774.3008   13.7733
   -7.5000   15.0000   37.500011926.0801   13.8109
    0.0000   15.0000   37.500012454.4902   13.8025
    7.5000   15.0000   37.500011904.4453   13.7881
   -7.5000   22.5000   37.500011819.4570   13.8158
    0.0000   22.5000   37.500012363.6934   13.8083
    7.5000   22.5000   37.500011795.7500   13.8003
   -7.5000   30.0000   37.500011540.0820   13.6429
    0.0000   30.0000   37.500012010.4229   13.6350
    7.5000   30.0000   37.500011488.8408   13.6325
   -7.5000   37.5000   37.500011625.0488   13.6277
    0.0000   37.5000   37.500012105.0488   13.6187
    7.5000   37.5000   37.500011571.6279   13.6151
   -7.5000   45.0000   37.500011336.1572   13.2958
    0.0000   45.0000   37.500011813.6309   13.2863
    7.5000   45.0000   37.500011276.5654   13.2766
   -7.5000  -45.0000   45.0000 5003.0005   16.1682
    0.0000  -45.0000   45.0000 5302.3701   16.1676
    7.5000  -45.0000   45.0000 5006.9805   16.1651
   -7.5000  -37.5000   45.0000 5708.8389   15.5068
    0.0000  -37.5000   45.0000 6030.6475   15.5049
    7.5000  -37.5000   45.0000 5709.6040   15.4928
   -7.5000  -30.0000   45.0000 6714.2705   15.0010
    0.0000  -30.0000   45.0000 7055.5908   14.9962
    7.5000  -30.0000   45.0000 6709.7300   14.9856
   -7.5000  -22.5000   45.0000 7709.4644   14.5962
    0.0000  -22.5000   45.0000 8077.0005   14.5897
    7.5000  -22.5000   45.0000 7716.2710   14.5846
   -7.5000  -15.0000   45.0000 8685.8398   14.3103
    0.0000  -15.0000   45.0000 9073.5342   14.3034
    7.5000  -15.0000   45.0000 8681.4053   14.3041
   -7.5000   -7.5000   45.0000 9669.9033   14.1996
    0.0000   -7.5000   45.000010092.8740   14.1929
    7.5000   -7.5000   45.0000 9668.6934   14.1939
   -7.5000    0.0000   45.000010638.4092   14.1857
    0.0000    0.0000   45.000011101.2627   14.1795
    7.5000    0.0000   45.000010622.9951   14.1750
   -7.5000    7.5000   45.000010886.3438   14.1914
    0.0000    7.5000   45.000011361.9404   14.1857
    7.5000    7.5000   45.000010870.9766   14.1757
   -7.5000   15.0000   45.000010963.9619   14.2073
    0.0000   15.0000   45.000011460.6250   14.2020
    7.5000   15.0000   45.000010946.9199   14.1916
   -7.5000   22.5000   45.000010848.5449   14.2125
    0.0000   22.5000   45.000011336.4121   14.2067
    7.5000   22.5000   45.000010814.7812   14.2016
   -7.5000   30.0000   45.000010595.8604   14.0315
    0.0000   30.0000   45.000011033.7236   14.0249
    7.5000   30.0000   45.000010542.1123   14.0258
   -7.5000   37.5000   45.000010694.7637   14.0143
    0.0000   37.5000   45.000011126.8906   14.0076
    7.5000   37.5000   45.000010644.9365   14.0087
   -7.5000   45.0000   45.000010433.5156   13.6796
    0.0000   45.0000   45.000010869.1230   13.6736
    7.5000   45.0000   45.000010380.8545   13.6693

---------------------------------------------------------------------
imgreg_4dfp /opt/freesurfer/average/711-2C_as_mni_average_305 /opt/freesurfer/average/711-2B_as_mni_average_305_mask talsrcimg_g11 none talsrcimg_to_711-2C_as_mni_average_305_t4 4355
---------------------------------------------------------------------

freesurfer imgreg_4dfp.c
/opt/freesurfer/average/711-2C_as_mni_average_305.4dfp.img
       256       256       256         1
  1.000000  1.000000  1.000000
orientation T byte_order littleendian
Reading image: /opt/freesurfer/average/711-2C_as_mni_average_305.4dfp.img
dimensions:      256       256       256
mmppix:       1.0000   -1.0000   -1.0000
center:     128.0000 -129.0000 -129.0000
/opt/freesurfer/average/711-2B_as_mni_average_305_mask.4dfp.img
       256       256       256         1
  1.000000  1.000000  1.000000
orientation T byte_order littleendian
Reading mask: /opt/freesurfer/average/711-2B_as_mni_average_305_mask.4dfp.img (2306576 pixels)
talsrcimg_g11.4dfp.img
       256       256       256         1
  1.000000  1.000000  1.000000
orientation T byte_order littleendian
Reading image: talsrcimg_g11.4dfp.img
dimensions:      256       256       256
mmppix:       1.0000   -1.0000   -1.0000
center:     128.0000 -129.0000 -129.0000
rotation matrix determinant  1.000000
image alignment mode   4355 decimal     1103 hex
   -7.5000   -7.5000  -45.0000 2290.7146   12.5751
    0.0000   -7.5000  -45.0000 2307.8047   12.5313
    7.5000   -7.5000  -45.0000 2300.3750   12.5936
   -7.5000    0.0000  -45.0000 2385.2712   11.6780
    0.0000    0.0000  -45.0000 2398.0508   11.6166
    7.5000    0.0000  -45.0000 2387.9761   11.6862
   -7.5000    7.5000  -45.0000 2435.2563   11.0226
    0.0000    7.5000  -45.0000 2456.8894   10.9501
    7.5000    7.5000  -45.0000 2438.1541   11.0438
   -7.5000   15.0000  -45.0000 2464.0090   10.6105
    0.0000   15.0000  -45.0000 2486.7024   10.5300
    7.5000   15.0000  -45.0000 2471.4495   10.6129
   -7.5000   22.5000  -45.0000 2480.3250   10.3944
    0.0000   22.5000  -45.0000 2501.2271   10.2806
    7.5000   22.5000  -45.0000 2485.1953   10.3916
   -7.5000   30.0000  -45.0000 2480.5842   10.4187
    0.0000   30.0000  -45.0000 2500.8340   10.2758
    7.5000   30.0000  -45.0000 2484.5862   10.3914
   -7.5000   37.5000  -45.0000 2470.5728   10.6558
    0.0000   37.5000  -45.0000 2486.6887   10.5287
    7.5000   37.5000  -45.0000 2469.3167   10.6565
   -7.5000   45.0000  -45.0000 2442.0266   11.1161
    0.0000   45.0000  -45.0000 2462.1431   10.9823
    7.5000   45.0000  -45.0000 2445.5171   11.1036
   -7.5000   52.5000  -45.0000 2371.7102   11.6472
    0.0000   52.5000  -45.0000 2394.9978   11.5322
    7.5000   52.5000  -45.0000 2379.4531   11.6435
   -7.5000   60.0000  -45.0000 2249.2756   12.2411
    0.0000   60.0000  -45.0000 2274.7241   12.1409
    7.5000   60.0000  -45.0000 2258.3684   12.2371
   -7.5000   67.5000  -45.0000 2096.1550   12.8108
    0.0000   67.5000  -45.0000 2122.9287   12.7217
    7.5000   67.5000  -45.0000 2105.6733   12.8288
   -7.5000   75.0000  -45.0000 1922.9027   13.3927
    0.0000   75.0000  -45.0000 1949.2787   13.3091
    7.5000   75.0000  -45.0000 1927.1523   13.4540
   -7.5000   82.5000  -45.0000 1817.3142   15.0464
    0.0000   82.5000  -45.0000 1840.6924   14.9787
    7.5000   82.5000  -45.0000 1818.9952   15.0989
   -7.5000   -7.5000  -37.5000 2359.3916   11.9349
    0.0000   -7.5000  -37.5000 2381.0652   11.8549
    7.5000   -7.5000  -37.5000 2365.9995   11.9541
   -7.5000    0.0000  -37.5000 2455.9868   11.0289
    0.0000    0.0000  -37.5000 2473.4255   10.9530
    7.5000    0.0000  -37.5000 2458.0261   11.0487
   -7.5000    7.5000  -37.5000 2518.5125   10.3878
    0.0000    7.5000  -37.5000 2542.4910   10.2914
    7.5000    7.5000  -37.5000 2521.6235   10.4063
   -7.5000   15.0000  -37.5000 2549.6245    9.9700
    0.0000   15.0000  -37.5000 2573.9893    9.8495
    7.5000   15.0000  -37.5000 2561.3469    9.9527
   -7.5000   22.5000  -37.5000 2575.5061    9.7086
    0.0000   22.5000  -37.5000 2592.1387    9.5890
    7.5000   22.5000  -37.5000 2581.4966    9.6899
   -7.5000   30.0000  -37.5000 2574.4275    9.6865
    0.0000   30.0000  -37.5000 2592.2634    9.5452
    7.5000   30.0000  -37.5000 2576.9607    9.6633
   -7.5000   37.5000  -37.5000 2562.8533    9.8864
    0.0000   37.5000  -37.5000 2578.7288    9.7639
    7.5000   37.5000  -37.5000 2563.6633    9.8953
   -7.5000   45.0000  -37.5000 2530.9880   10.2904
    0.0000   45.0000  -37.5000 2556.9343   10.1504
    7.5000   45.0000  -37.5000 2536.9368   10.2751
   -7.5000   52.5000  -37.5000 2461.3918   10.7841
    0.0000   52.5000  -37.5000 2480.9414   10.6461
    7.5000   52.5000  -37.5000 2465.4934   10.7641
   -7.5000   60.0000  -37.5000 2336.8687   11.3201
    0.0000   60.0000  -37.5000 2362.3145   11.1978
    7.5000   60.0000  -37.5000 2345.8503   11.3217
   -7.5000   67.5000  -37.5000 2181.0413   11.8590
    0.0000   67.5000  -37.5000 2205.1382   11.7459
    7.5000   67.5000  -37.5000 2187.8379   11.8794
   -7.5000   75.0000  -37.5000 2003.5024   12.3807
    0.0000   75.0000  -37.5000 2026.1145   12.2853
    7.5000   75.0000  -37.5000 2004.4286   12.4020
   -7.5000   82.5000  -37.5000 1885.0835   13.8513
    0.0000   82.5000  -37.5000 1913.9111   13.7862
    7.5000   82.5000  -37.5000 1893.4755   13.8803
   -7.5000   -7.5000  -30.0000 2455.3750   11.7052
    0.0000   -7.5000  -30.0000 2478.4050   11.6101
    7.5000   -7.5000  -30.0000 2460.9519   11.7268
   -7.5000    0.0000  -30.0000 2554.4473   10.7859
    0.0000    0.0000  -30.0000 2575.6284   10.6974
    7.5000    0.0000  -30.0000 2563.6243   10.8181
   -7.5000    7.5000  -30.0000 2626.4639   10.1400
    0.0000    7.5000  -30.0000 2650.9116   10.0118
    7.5000    7.5000  -30.0000 2639.6526   10.1338
   -7.5000   15.0000  -30.0000 2672.5125    9.6785
    0.0000   15.0000  -30.0000 2702.0950    9.5537
    7.5000   15.0000  -30.0000 2687.9033    9.6735
   -7.5000   22.5000  -30.0000 2705.2180    9.4025
    0.0000   22.5000  -30.0000 2733.6731    9.2795
    7.5000   22.5000  -30.0000 2716.2075    9.3863
   -7.5000   30.0000  -30.0000 2715.3684    9.3288
    0.0000   30.0000  -30.0000 2740.0369    9.1798
    7.5000   30.0000  -30.0000 2718.8259    9.3076
   -7.5000   37.5000  -30.0000 2707.3259    9.5165
    0.0000   37.5000  -30.0000 2730.1277    9.3663
    7.5000   37.5000  -30.0000 2707.7109    9.5144
   -7.5000   45.0000  -30.0000 2672.4404    9.8889
    0.0000   45.0000  -30.0000 2699.6218    9.7203
    7.5000   45.0000  -30.0000 2679.6299    9.8604
   -7.5000   52.5000  -30.0000 2594.2266   10.3438
    0.0000   52.5000  -30.0000 2618.6074   10.1892
    7.5000   52.5000  -30.0000 2603.0530   10.3179
   -7.5000   60.0000  -30.0000 2462.0950   10.8591
    0.0000   60.0000  -30.0000 2488.3335   10.7114
    7.5000   60.0000  -30.0000 2474.1860   10.8511
   -7.5000   67.5000  -30.0000 2301.4055   11.3858
    0.0000   67.5000  -30.0000 2325.6296   11.2674
    7.5000   67.5000  -30.0000 2308.0811   11.4061
   -7.5000   75.0000  -30.0000 2118.5442   11.8992
    0.0000   75.0000  -30.0000 2141.4546   11.7910
    7.5000   75.0000  -30.0000 2120.1802   11.9300
   -7.5000   82.5000  -30.0000 1996.8203   13.3174
    0.0000   82.5000  -30.0000 2024.6934   13.2031
    7.5000   82.5000  -30.0000 2004.5286   13.3136
   -7.5000   -7.5000  -22.5000 2505.8384   11.4371
    0.0000   -7.5000  -22.5000 2530.2002   11.3211
    7.5000   -7.5000  -22.5000 2516.3206   11.4185
   -7.5000    0.0000  -22.5000 2611.2043   10.4923
    0.0000    0.0000  -22.5000 2638.4475   10.3777
    7.5000    0.0000  -22.5000 2625.7205   10.4816
   -7.5000    7.5000  -22.5000 2699.3738    9.8100
    0.0000    7.5000  -22.5000 2727.9062    9.7021
    7.5000    7.5000  -22.5000 2716.0759    9.8082
   -7.5000   15.0000  -22.5000 2755.8738    9.3546
    0.0000   15.0000  -22.5000 2789.2559    9.2393
    7.5000   15.0000  -22.5000 2774.3860    9.3513
   -7.5000   22.5000  -22.5000 2804.6514    9.0561
    0.0000   22.5000  -22.5000 2833.3184    8.9228
    7.5000   22.5000  -22.5000 2812.6394    9.0592
   -7.5000   30.0000  -22.5000 2823.8459    8.9519
    0.0000   30.0000  -22.5000 2847.0134    8.7963
    7.5000   30.0000  -22.5000 2825.0691    8.9443
   -7.5000   37.5000  -22.5000 2818.3352    9.1303
    0.0000   37.5000  -22.5000 2843.0562    8.9498
    7.5000   37.5000  -22.5000 2819.4287    9.1153
   -7.5000   45.0000  -22.5000 2781.9634    9.4729
    0.0000   45.0000  -22.5000 2806.8025    9.2924
    7.5000   45.0000  -22.5000 2786.8093    9.4532
   -7.5000   52.5000  -22.5000 2690.7581    9.9179
    0.0000   52.5000  -22.5000 2720.3677    9.7485
    7.5000   52.5000  -22.5000 2702.3064    9.9030
   -7.5000   60.0000  -22.5000 2552.4480   10.4005
    0.0000   60.0000  -22.5000 2577.9744   10.2452
    7.5000   60.0000  -22.5000 2562.8167   10.4092
   -7.5000   67.5000  -22.5000 2392.5928   10.9040
    0.0000   67.5000  -22.5000 2414.3459   10.7575
    7.5000   67.5000  -22.5000 2398.7590   10.9412
   -7.5000   75.0000  -22.5000 2207.9014   11.3807
    0.0000   75.0000  -22.5000 2229.2712   11.2684
    7.5000   75.0000  -22.5000 2207.2764   11.4402
   -7.5000   82.5000  -22.5000 2087.6125   12.7494
    0.0000   82.5000  -22.5000 2108.4211   12.6136
    7.5000   82.5000  -22.5000 2083.2046   12.7726
   -7.5000   -7.5000  -15.0000 2516.8108   11.2391
    0.0000   -7.5000  -15.0000 2540.9314   11.0804
    7.5000   -7.5000  -15.0000 2531.7036   11.1899
   -7.5000    0.0000  -15.0000 2628.7068   10.2565
    0.0000    0.0000  -15.0000 2653.8535   10.1352
    7.5000    0.0000  -15.0000 2645.1184   10.2333
   -7.5000    7.5000  -15.0000 2726.6226    9.5600
    0.0000    7.5000  -15.0000 2755.2837    9.4661
    7.5000    7.5000  -15.0000 2748.8823    9.5626
   -7.5000   15.0000  -15.0000 2796.2546    9.0910
    0.0000   15.0000  -15.0000 2827.9507    9.0064
    7.5000   15.0000  -15.0000 2816.3296    9.0980
   -7.5000   22.5000  -15.0000 2855.6221    8.8103
    0.0000   22.5000  -15.0000 2882.8386    8.6755
    7.5000   22.5000  -15.0000 2865.1870    8.8046
   -7.5000   30.0000  -15.0000 2888.1565    8.6618
    0.0000   30.0000  -15.0000 2910.5171    8.5232
    7.5000   30.0000  -15.0000 2887.6006    8.6841
   -7.5000   37.5000  -15.0000 2882.3730    8.8178
    0.0000   37.5000  -15.0000 2909.4744    8.6370
    7.5000   37.5000  -15.0000 2881.2722    8.8343
   -7.5000   45.0000  -15.0000 2844.5134    9.1243
    0.0000   45.0000  -15.0000 2872.6206    8.9559
    7.5000   45.0000  -15.0000 2850.5940    9.1431
   -7.5000   52.5000  -15.0000 2752.0684    9.5675
    0.0000   52.5000  -15.0000 2780.4082    9.4254
    7.5000   52.5000  -15.0000 2763.8501    9.5914
   -7.5000   60.0000  -15.0000 2613.8379   10.0373
    0.0000   60.0000  -15.0000 2638.6143    9.9053
    7.5000   60.0000  -15.0000 2621.6938   10.0722
   -7.5000   67.5000  -15.0000 2450.1260   10.5441
    0.0000   67.5000  -15.0000 2475.1482   10.4142
    7.5000   67.5000  -15.0000 2457.0959   10.5881
   -7.5000   75.0000  -15.0000 2265.9573   11.0312
    0.0000   75.0000  -15.0000 2286.4866   10.8859
    7.5000   75.0000  -15.0000 2266.4358   11.0706
   -7.5000   82.5000  -15.0000 2142.5779   12.3578
    0.0000   82.5000  -15.0000 2162.9692   12.2024
    7.5000   82.5000  -15.0000 2142.0112   12.3628
   -7.5000   -7.5000   -7.5000 2501.5977   11.0716
    0.0000   -7.5000   -7.5000 2529.4995   10.9582
    7.5000   -7.5000   -7.5000 2516.7419   11.0544
   -7.5000    0.0000   -7.5000 2622.5850   10.0990
    0.0000    0.0000   -7.5000 2650.4397    9.9888
    7.5000    0.0000   -7.5000 2637.8884   10.0825
   -7.5000    7.5000   -7.5000 2735.3340    9.3899
    0.0000    7.5000   -7.5000 2761.6946    9.3106
    7.5000    7.5000   -7.5000 2752.1421    9.3996
   -7.5000   15.0000   -7.5000 2822.1921    8.9681
    0.0000   15.0000   -7.5000 2846.7437    8.9128
    7.5000   15.0000   -7.5000 2840.6333    8.9846
   -7.5000   22.5000   -7.5000 2888.1035    8.7176
    0.0000   22.5000   -7.5000 2918.7312    8.6362
    7.5000   22.5000   -7.5000 2904.5342    8.7297
   -7.5000   30.0000   -7.5000 2932.0457    8.5638
    0.0000   30.0000   -7.5000 2963.9783    8.5105
    7.5000   30.0000   -7.5000 2939.4136    8.5965
   -7.5000   37.5000   -7.5000 2920.7595    8.6525
    0.0000   37.5000   -7.5000 2962.1035    8.5649
    7.5000   37.5000   -7.5000 2919.9573    8.6999
   -7.5000   45.0000   -7.5000 2877.9912    8.8800
    0.0000   45.0000   -7.5000 2918.7449    8.7876
    7.5000   45.0000   -7.5000 2878.8145    8.9066
   -7.5000   52.5000   -7.5000 2790.5901    9.2711
    0.0000   52.5000   -7.5000 2823.0764    9.1842
    7.5000   52.5000   -7.5000 2794.9834    9.2775
   -7.5000   60.0000   -7.5000 2649.9570    9.7393
    0.0000   60.0000   -7.5000 2677.7300    9.6639
    7.5000   60.0000   -7.5000 2655.6987    9.7695
   -7.5000   67.5000   -7.5000 2482.8228   10.2373
    0.0000   67.5000   -7.5000 2512.9045   10.1551
    7.5000   67.5000   -7.5000 2490.0435   10.2802
   -7.5000   75.0000   -7.5000 2297.4976   10.7265
    0.0000   75.0000   -7.5000 2325.1106   10.6392
    7.5000   75.0000   -7.5000 2301.5637   10.7701
   -7.5000   82.5000   -7.5000 2176.0664   12.0215
    0.0000   82.5000   -7.5000 2199.2515   11.9236
    7.5000   82.5000   -7.5000 2174.1438   12.0411
   -7.5000   -7.5000    0.0000 2476.5266   11.0731
    0.0000   -7.5000    0.0000 2501.6230   10.8944
    7.5000   -7.5000    0.0000 2493.1094   11.0821
   -7.5000    0.0000    0.0000 2602.5615   10.0859
    0.0000    0.0000    0.0000 2625.4424    9.9686
    7.5000    0.0000    0.0000 2620.4465   10.1171
   -7.5000    7.5000    0.0000 2726.7285    9.3948
    0.0000    7.5000    0.0000 2745.8796    9.3223
    7.5000    7.5000    0.0000 2743.0061    9.4480
   -7.5000   15.0000    0.0000 2837.4807    8.9986
    0.0000   15.0000    0.0000 2863.3667    8.9700
    7.5000   15.0000    0.0000 2850.2278    9.0518
   -7.5000   22.5000    0.0000 2918.3000    8.7778
    0.0000   22.5000    0.0000 2967.2534    8.8210
    7.5000   22.5000    0.0000 2932.7852    8.8082
   -7.5000   30.0000    0.0000 2961.2976    8.6332
    0.0000   30.0000    0.0000 3024.6467    8.6858
    7.5000   30.0000    0.0000 2969.3176    8.6657
   -7.5000   37.5000    0.0000 2943.0439    8.6533
    0.0000   37.5000    0.0000 2999.8081    8.7071
    7.5000   37.5000    0.0000 2936.9165    8.7008
   -7.5000   45.0000    0.0000 2897.5642    8.8027
    0.0000   45.0000    0.0000 2933.4807    8.7863
    7.5000   45.0000    0.0000 2887.4514    8.8390
   -7.5000   52.5000    0.0000 2809.7898    9.0996
    0.0000   52.5000    0.0000 2838.8894    9.0487
    7.5000   52.5000    0.0000 2806.3789    9.1341
   -7.5000   60.0000    0.0000 2671.2483    9.5472
    0.0000   60.0000    0.0000 2696.5867    9.4617
    7.5000   60.0000    0.0000 2671.5801    9.5822
   -7.5000   67.5000    0.0000 2501.1360   10.0516
    0.0000   67.5000    0.0000 2528.2754    9.9514
    7.5000   67.5000    0.0000 2503.1599   10.0948
   -7.5000   75.0000    0.0000 2310.6216   10.5653
    0.0000   75.0000    0.0000 2336.3308   10.4602
    7.5000   75.0000    0.0000 2315.3579   10.6156
   -7.5000   82.5000    0.0000 2190.5486   11.8475
    0.0000   82.5000    0.0000 2211.5415   11.7209
    7.5000   82.5000    0.0000 2191.1196   11.8740
   -7.5000   -7.5000    7.5000 2457.3386   11.3375
    0.0000   -7.5000    7.5000 2474.5715   11.1842
    7.5000   -7.5000    7.5000 2470.1829   11.3862
   -7.5000    0.0000    7.5000 2583.0732   10.3327
    0.0000    0.0000    7.5000 2598.8091   10.2550
    7.5000    0.0000    7.5000 2596.0479   10.3973
   -7.5000    7.5000    7.5000 2711.2007    9.6124
    0.0000    7.5000    7.5000 2729.6841    9.5830
    7.5000    7.5000    7.5000 2722.9697    9.6727
   -7.5000   15.0000    7.5000 2825.9751    9.1464
    0.0000   15.0000    7.5000 2856.3459    9.1628
    7.5000   15.0000    7.5000 2831.0107    9.2077
   -7.5000   22.5000    7.5000 2922.7087    8.8845
    0.0000   22.5000    7.5000 2979.3674    8.9677
    7.5000   22.5000    7.5000 2927.9067    8.9435
   -7.5000   30.0000    7.5000 2976.4980    8.7456
    0.0000   30.0000    7.5000 3051.8396    8.8279
    7.5000   30.0000    7.5000 2974.6990    8.8228
   -7.5000   37.5000    7.5000 2955.3020    8.7100
    0.0000   37.5000    7.5000 3012.7085    8.7162
    7.5000   37.5000    7.5000 2942.3076    8.7862
   -7.5000   45.0000    7.5000 2897.3015    8.8725
    0.0000   45.0000    7.5000 2932.2720    8.8094
    7.5000   45.0000    7.5000 2887.5237    8.9194
   -7.5000   52.5000    7.5000 2803.3801    9.1446
    0.0000   52.5000    7.5000 2830.5334    9.0471
    7.5000   52.5000    7.5000 2802.2849    9.1873
   -7.5000   60.0000    7.5000 2668.4465    9.5457
    0.0000   60.0000    7.5000 2692.2607    9.4375
    7.5000   60.0000    7.5000 2668.0698    9.5911
   -7.5000   67.5000    7.5000 2503.6870    9.9936
    0.0000   67.5000    7.5000 2521.9167    9.9085
    7.5000   67.5000    7.5000 2502.2139   10.0524
   -7.5000   75.0000    7.5000 2310.3940   10.4880
    0.0000   75.0000    7.5000 2324.1931   10.3991
    7.5000   75.0000    7.5000 2310.6228   10.5383
   -7.5000   82.5000    7.5000 2190.2988   11.7645
    0.0000   82.5000    7.5000 2204.3203   11.6467
    7.5000   82.5000    7.5000 2189.8291   11.7853
   -7.5000   -7.5000   15.0000 2432.6069   11.7674
    0.0000   -7.5000   15.0000 2455.9451   11.6619
    7.5000   -7.5000   15.0000 2442.3633   11.8477
   -7.5000    0.0000   15.0000 2551.8179   10.6938
    0.0000    0.0000   15.0000 2571.3623   10.6455
    7.5000    0.0000   15.0000 2561.8447   10.7795
   -7.5000    7.5000   15.0000 2678.4968    9.8998
    0.0000    7.5000   15.0000 2700.1487    9.8845
    7.5000    7.5000   15.0000 2688.1104    9.9816
   -7.5000   15.0000   15.0000 2796.9832    9.3662
    0.0000   15.0000   15.0000 2825.0972    9.3879
    7.5000   15.0000   15.0000 2800.2590    9.4553
   -7.5000   22.5000   15.0000 2900.0498    9.0483
    0.0000   22.5000   15.0000 2946.4167    9.1065
    7.5000   22.5000   15.0000 2895.8254    9.1251
   -7.5000   30.0000   15.0000 2948.5356    8.8562
    0.0000   30.0000   15.0000 3001.3354    8.8839
    7.5000   30.0000   15.0000 2936.6338    8.9550
   -7.5000   37.5000   15.0000 2934.9075    8.7810
    0.0000   37.5000   15.0000 2974.6523    8.7175
    7.5000   37.5000   15.0000 2914.9634    8.8889
   -7.5000   45.0000   15.0000 2883.1067    8.9560
    0.0000   45.0000   15.0000 2908.1001    8.8325
    7.5000   45.0000   15.0000 2869.7173    9.0408
   -7.5000   52.5000   15.0000 2785.2190    9.2898
    0.0000   52.5000   15.0000 2804.7739    9.1766
    7.5000   52.5000   15.0000 2783.1184    9.3570
   -7.5000   60.0000   15.0000 2646.6838    9.7258
    0.0000   60.0000   15.0000 2663.6672    9.6073
    7.5000   60.0000   15.0000 2645.9580    9.7673
   -7.5000   67.5000   15.0000 2482.7036   10.1693
    0.0000   67.5000   15.0000 2491.7361   10.0681
    7.5000   67.5000   15.0000 2477.3730   10.2113
   -7.5000   75.0000   15.0000 2293.7732   10.6031
    0.0000   75.0000   15.0000 2300.8059   10.5052
    7.5000   75.0000   15.0000 2286.4905   10.6366
   -7.5000   82.5000   15.0000 2170.6956   11.8327
    0.0000   82.5000   15.0000 2186.6453   11.7327
    7.5000   82.5000   15.0000 2167.8677   11.8632
   -7.5000   -7.5000   22.5000 2402.2131   12.2534
    0.0000   -7.5000   22.5000 2424.2205   12.1519
    7.5000   -7.5000   22.5000 2407.0374   12.3813
   -7.5000    0.0000   22.5000 2516.2383   11.1284
    0.0000    0.0000   22.5000 2532.4238   11.0412
    7.5000    0.0000   22.5000 2524.1729   11.2395
   -7.5000    7.5000   22.5000 2642.4084   10.2970
    0.0000    7.5000   22.5000 2661.8003   10.2262
    7.5000    7.5000   22.5000 2645.7002   10.3846
   -7.5000   15.0000   22.5000 2759.4729    9.7348
    0.0000   15.0000   22.5000 2779.2817    9.6784
    7.5000   15.0000   22.5000 2757.7092    9.8082
   -7.5000   22.5000   22.5000 2848.0476    9.3770
    0.0000   22.5000   22.5000 2884.9001    9.3424
    7.5000   22.5000   22.5000 2839.9595    9.4610
   -7.5000   30.0000   22.5000 2883.6494    9.1381
    0.0000   30.0000   22.5000 2919.7473    9.1138
    7.5000   30.0000   22.5000 2874.8364    9.2416
   -7.5000   37.5000   22.5000 2887.2163    9.0368
    0.0000   37.5000   22.5000 2911.9968    8.9374
    7.5000   37.5000   22.5000 2870.8535    9.1372
   -7.5000   45.0000   22.5000 2854.9863    9.2379
    0.0000   45.0000   22.5000 2872.1741    9.1300
    7.5000   45.0000   22.5000 2839.2559    9.3115
   -7.5000   52.5000   22.5000 2756.1624    9.6141
    0.0000   52.5000   22.5000 2775.8601    9.5237
    7.5000   52.5000   22.5000 2751.8135    9.6787
   -7.5000   60.0000   22.5000 2616.4048   10.0636
    0.0000   60.0000   22.5000 2631.8411    9.9744
    7.5000   60.0000   22.5000 2614.3975   10.1213
   -7.5000   67.5000   22.5000 2447.7808   10.4984
    0.0000   67.5000   22.5000 2459.1074   10.3992
    7.5000   67.5000   22.5000 2446.1831   10.5310
   -7.5000   75.0000   22.5000 2261.7295   10.8828
    0.0000   75.0000   22.5000 2272.0371   10.7859
    7.5000   75.0000   22.5000 2252.7192   10.9131
   -7.5000   82.5000   22.5000 2134.9907   12.1118
    0.0000   82.5000   22.5000 2151.8127   12.0136
    7.5000   82.5000   22.5000 2131.3855   12.1279
   -7.5000   -7.5000   30.0000 2359.8770   12.8606
    0.0000   -7.5000   30.0000 2375.7412   12.6575
    7.5000   -7.5000   30.0000 2364.2427   12.9945
   -7.5000    0.0000   30.0000 2474.7812   11.6783
    0.0000    0.0000   30.0000 2487.9324   11.5130
    7.5000    0.0000   30.0000 2480.2856   11.8146
   -7.5000    7.5000   30.0000 2601.3699   10.8075
    0.0000    7.5000   30.0000 2615.3989   10.6776
    7.5000    7.5000   30.0000 2601.0029   10.9319
   -7.5000   15.0000   30.0000 2708.0540   10.2228
    0.0000   15.0000   30.0000 2727.3691   10.1359
    7.5000   15.0000   30.0000 2703.3005   10.3253
   -7.5000   22.5000   30.0000 2778.5999    9.8287
    0.0000   22.5000   30.0000 2808.6091    9.7382
    7.5000   22.5000   30.0000 2772.1206    9.9246
   -7.5000   30.0000   30.0000 2810.7620    9.5777
    0.0000   30.0000   30.0000 2837.5344    9.4712
    7.5000   30.0000   30.0000 2802.6133    9.6713
   -7.5000   37.5000   30.0000 2822.1440    9.4606
    0.0000   37.5000   30.0000 2838.1897    9.3470
    7.5000   37.5000   30.0000 2809.0740    9.5540
   -7.5000   45.0000   30.0000 2795.0337    9.7061
    0.0000   45.0000   30.0000 2812.5320    9.6075
    7.5000   45.0000   30.0000 2784.0532    9.7573
   -7.5000   52.5000   30.0000 2707.5068   10.1137
    0.0000   52.5000   30.0000 2721.5461   10.0099
    7.5000   52.5000   30.0000 2704.0493   10.1563
   -7.5000   60.0000   30.0000 2566.4385   10.5430
    0.0000   60.0000   30.0000 2580.5198   10.4525
    7.5000   60.0000   30.0000 2567.6191   10.5979
   -7.5000   67.5000   30.0000 2401.4880   10.9688
    0.0000   67.5000   30.0000 2415.5452   10.8804
    7.5000   67.5000   30.0000 2401.3379   11.0003
   -7.5000   75.0000   30.0000 2211.9341   11.3743
    0.0000   75.0000   30.0000 2225.1777   11.2772
    7.5000   75.0000   30.0000 2207.8770   11.3729
   -7.5000   82.5000   30.0000 2079.4587   12.5760
    0.0000   82.5000   30.0000 2099.9177   12.4855
    7.5000   82.5000   30.0000 2081.7495   12.5671
   -7.5000   -7.5000   37.5000 2315.1489   13.5691
    0.0000   -7.5000   37.5000 2331.1270   13.2822
    7.5000   -7.5000   37.5000 2316.5010   13.7232
   -7.5000    0.0000   37.5000 2427.8867   12.3676
    0.0000    0.0000   37.5000 2443.0422   12.1273
    7.5000    0.0000   37.5000 2430.4512   12.5255
   -7.5000    7.5000   37.5000 2548.1516   11.4549
    0.0000    7.5000   37.5000 2559.8225   11.2893
    7.5000    7.5000   37.5000 2543.9221   11.5883
   -7.5000   15.0000   37.5000 2644.0476   10.8304
    0.0000   15.0000   37.5000 2666.4802   10.6981
    7.5000   15.0000   37.5000 2639.8875   10.9353
   -7.5000   22.5000   37.5000 2703.0229   10.3834
    0.0000   22.5000   37.5000 2732.4824   10.2595
    7.5000   22.5000   37.5000 2699.9766   10.4655
   -7.5000   30.0000   37.5000 2736.1904   10.1258
    0.0000   30.0000   37.5000 2760.6653    9.9924
    7.5000   30.0000   37.5000 2727.3796   10.2116
   -7.5000   37.5000   37.5000 2750.2773   10.0353
    0.0000   37.5000   37.5000 2768.0569    9.9185
    7.5000   37.5000   37.5000 2738.5073   10.0993
   -7.5000   45.0000   37.5000 2727.2827   10.2984
    0.0000   45.0000   37.5000 2743.9460   10.1839
    7.5000   45.0000   37.5000 2717.9146   10.3348
   -7.5000   52.5000   37.5000 2643.3359   10.6955
    0.0000   52.5000   37.5000 2659.6450   10.5717
    7.5000   52.5000   37.5000 2640.2695   10.7095
   -7.5000   60.0000   37.5000 2505.6963   11.0976
    0.0000   60.0000   37.5000 2521.2327   11.0044
    7.5000   60.0000   37.5000 2509.0188   11.1325
   -7.5000   67.5000   37.5000 2346.6399   11.5134
    0.0000   67.5000   37.5000 2363.6128   11.4429
    7.5000   67.5000   37.5000 2347.5430   11.5544
   -7.5000   75.0000   37.5000 2151.6257   11.9376
    0.0000   75.0000   37.5000 2167.1602   11.8684
    7.5000   75.0000   37.5000 2148.7368   11.9388
   -7.5000   82.5000   37.5000 2019.3306   13.1706
    0.0000   82.5000   37.5000 2033.6870   13.0836
    7.5000   82.5000   37.5000 2016.2251   13.1565
   -7.5000   -7.5000   45.0000 2259.2332   14.4018
    0.0000   -7.5000   45.0000 2275.7642   14.1727
    7.5000   -7.5000   45.0000 2254.7744   14.5780
   -7.5000    0.0000   45.0000 2374.5249   13.1525
    0.0000    0.0000   45.0000 2391.6091   12.9552
    7.5000    0.0000   45.0000 2369.4802   13.3169
   -7.5000    7.5000   45.0000 2484.3872   12.2222
    0.0000    7.5000   45.0000 2501.9326   12.0663
    7.5000    7.5000   45.0000 2480.4448   12.3614
   -7.5000   15.0000   45.0000 2567.7759   11.5294
    0.0000   15.0000   45.0000 2590.6804   11.3835
    7.5000   15.0000   45.0000 2561.6619   11.6373
   -7.5000   22.5000   45.0000 2622.7366   11.0575
    0.0000   22.5000   45.0000 2649.4575   10.9226
    7.5000   22.5000   45.0000 2618.6174   11.1286
   -7.5000   30.0000   45.0000 2651.2876   10.8008
    0.0000   30.0000   45.0000 2675.7974   10.7039
    7.5000   30.0000   45.0000 2644.9399   10.8738
   -7.5000   37.5000   45.0000 2669.3491   10.7494
    0.0000   37.5000   45.0000 2682.6162   10.6302
    7.5000   37.5000   45.0000 2658.3958   10.7951
   -7.5000   45.0000   45.0000 2647.6052   10.9770
    0.0000   45.0000   45.0000 2663.0471   10.8547
    7.5000   45.0000   45.0000 2636.6694   11.0218
   -7.5000   52.5000   45.0000 2575.5173   11.3267
    0.0000   52.5000   45.0000 2588.7734   11.2075
    7.5000   52.5000   45.0000 2568.5708   11.3528
   -7.5000   60.0000   45.0000 2443.9688   11.7312
    0.0000   60.0000   45.0000 2456.7974   11.6247
    7.5000   60.0000   45.0000 2440.1877   11.7697
   -7.5000   67.5000   45.0000 2283.8320   12.1597
    0.0000   67.5000   45.0000 2298.3506   12.0583
    7.5000   67.5000   45.0000 2280.4805   12.1879
   -7.5000   75.0000   45.0000 2085.6514   12.5679
    0.0000   75.0000   45.0000 2103.3772   12.4889
    7.5000   75.0000   45.0000 2082.8745   12.5921
   -7.5000   82.5000   45.0000 1958.5990   13.8535
    0.0000   82.5000   45.0000 1975.1984   13.7570
    7.5000   82.5000   45.0000 1953.6748   13.8465

---------------------------------------------------------------------
imgreg_4dfp /opt/freesurfer/average/711-2C_as_mni_average_305 /opt/freesurfer/average/711-2B_as_mni_average_305_mask talsrcimg_g11 none talsrcimg_to_711-2C_as_mni_average_305_t4 1283
---------------------------------------------------------------------

freesurfer imgreg_4dfp.c
/opt/freesurfer/average/711-2C_as_mni_average_305.4dfp.img
       256       256       256         1
  1.000000  1.000000  1.000000
orientation T byte_order littleendian
Reading image: /opt/freesurfer/average/711-2C_as_mni_average_305.4dfp.img
dimensions:      256       256       256
mmppix:       1.0000   -1.0000   -1.0000
center:     128.0000 -129.0000 -129.0000
/opt/freesurfer/average/711-2B_as_mni_average_305_mask.4dfp.img
       256       256       256         1
  1.000000  1.000000  1.000000
orientation T byte_order littleendian
Reading mask: /opt/freesurfer/average/711-2B_as_mni_average_305_mask.4dfp.img (2306576 pixels)
talsrcimg_g11.4dfp.img
       256       256       256         1
  1.000000  1.000000  1.000000
orientation T byte_order littleendian
Reading image: talsrcimg_g11.4dfp.img
dimensions:      256       256       256
mmppix:       1.0000   -1.0000   -1.0000
center:     128.0000 -129.0000 -129.0000
rotation matrix determinant  1.000000
fimgreg.f
image alignment mode   1283 decimal      503 hex
parameters
    0.0000   30.0000    7.5000    0.0000    0.0000    0.0000
eta,q 0.95635  8.85564
niter,ni,del,rscale     5    3   12.0000    1.2000
parameters
    0.2991   30.4785    5.9017   -2.9443    2.5834   -0.0385
eta,q 0.96137  8.86863
  0.0616  0.0582  0.0463  0.0439  0.0530  0.0452
  0.0536  0.0503  0.0434  0.0416  0.0475  0.0413
  0.0474  0.0452  0.0424  0.0404  0.0433  0.0391
  0.0437  0.0433  0.0431  0.0426  0.0407  0.0386
  0.0445  0.0448  0.0449  0.0471  0.0389  0.0392
  0.0500  0.0487  0.0485  0.0515  0.0389  0.0414
  0.0597  0.0533  0.0536  0.0547  0.0417  0.0454
niter,ni,del,rscale     4    3   12.0000    1.2000
parameters
   -0.6977   31.8901    5.2124   -5.2759    3.1607   -0.6275
eta,q 0.96433  8.86989
  0.0514  0.0575  0.0444  0.0391  0.0471  0.0419
  0.0426  0.0499  0.0406  0.0369  0.0428  0.0381
  0.0383  0.0430  0.0379  0.0363  0.0390  0.0358
  0.0386  0.0380  0.0372  0.0371  0.0363  0.0359
  0.0431  0.0374  0.0394  0.0401  0.0360  0.0375
  0.0518  0.0408  0.0435  0.0451  0.0390  0.0403
  0.0627  0.0460  0.0483  0.0504  0.0449  0.0444
niter,ni,del,rscale     3    3   12.0000    1.2000
parameters
   -0.7243   32.6450    4.6061   -6.1485    3.1893   -0.7667
eta,q 0.96492  8.86498
  0.0554  0.0533  0.0428  0.0405  0.0455  0.0424
  0.0451  0.0459  0.0388  0.0380  0.0411  0.0386
  0.0380  0.0398  0.0361  0.0356  0.0374  0.0358
  0.0357  0.0357  0.0353  0.0353  0.0351  0.0351
  0.0380  0.0364  0.0372  0.0372  0.0359  0.0365
  0.0452  0.0411  0.0414  0.0403  0.0399  0.0392
  0.0559  0.0468  0.0465  0.0449  0.0465  0.0428
niter,ni,del,rscale     2    3   12.0000    1.2000
parameters
   -0.6820   32.8513    4.3049   -6.3594    3.1736   -0.7937
eta,q 0.96489  8.86041
  0.0554  0.0506  0.0434  0.0420  0.0454  0.0425
  0.0452  0.0442  0.0390  0.0388  0.0410  0.0387
  0.0379  0.0382  0.0361  0.0362  0.0373  0.0359
  0.0351  0.0351  0.0351  0.0351  0.0351  0.0351
  0.0373  0.0374  0.0366  0.0364  0.0360  0.0363
  0.0445  0.0425  0.0403  0.0393  0.0401  0.0389
  0.0552  0.0490  0.0452  0.0431  0.0466  0.0424
niter,ni,del,rscale     1    3   12.0000    1.2000
parameters
   -0.6585   32.8946    4.2232   -6.4056    3.1610   -0.7894
eta,q 0.96487  8.85914
  0.0553  0.0498  0.0441  0.0425  0.0454  0.0426
  0.0451  0.0437  0.0393  0.0390  0.0409  0.0388
  0.0379  0.0378  0.0362  0.0365  0.0373  0.0359
  0.0351  0.0351  0.0351  0.0351  0.0351  0.0351
  0.0374  0.0378  0.0363  0.0363  0.0360  0.0363
  0.0447  0.0430  0.0398  0.0392  0.0400  0.0388
  0.0552  0.0497  0.0445  0.0428  0.0465  0.0423
registration optimization eta report
parameter search radius
    6.0000    6.0000    6.0000    6.0000    6.0000    6.0000
100000*second partial in parameter space
       55.       39.       25.       20.       30.       20.
  0.0553  0.0498  0.0441  0.0425  0.0454  0.0426
  0.0451  0.0437  0.0393  0.0390  0.0409  0.0388
  0.0379  0.0378  0.0362  0.0365  0.0373  0.0359
  0.0351  0.0351  0.0351  0.0351  0.0351  0.0351
  0.0374  0.0378  0.0363  0.0363  0.0360  0.0363
  0.0447  0.0430  0.0398  0.0392  0.0400  0.0388
  0.0552  0.0497  0.0445  0.0428  0.0465  0.0423
   -0.6585   32.8946    4.2232   -6.4056    3.1610   -0.7894
eta,q 0.96487  8.85914

---------------------------------------------------------------------
imgreg_4dfp /opt/freesurfer/average/711-2C_as_mni_average_305 /opt/freesurfer/average/711-2B_as_mni_average_305_mask talsrcimg_g11 none talsrcimg_to_711-2C_as_mni_average_305_t4 3335
---------------------------------------------------------------------

freesurfer imgreg_4dfp.c
/opt/freesurfer/average/711-2C_as_mni_average_305.4dfp.img
       256       256       256         1
  1.000000  1.000000  1.000000
orientation T byte_order littleendian
Reading image: /opt/freesurfer/average/711-2C_as_mni_average_305.4dfp.img
dimensions:      256       256       256
mmppix:       1.0000   -1.0000   -1.0000
center:     128.0000 -129.0000 -129.0000
/opt/freesurfer/average/711-2B_as_mni_average_305_mask.4dfp.img
       256       256       256         1
  1.000000  1.000000  1.000000
orientation T byte_order littleendian
Reading mask: /opt/freesurfer/average/711-2B_as_mni_average_305_mask.4dfp.img (2306576 pixels)
talsrcimg_g11.4dfp.img
       256       256       256         1
  1.000000  1.000000  1.000000
orientation T byte_order littleendian
Reading image: talsrcimg_g11.4dfp.img
dimensions:      256       256       256
mmppix:       1.0000   -1.0000   -1.0000
center:     128.0000 -129.0000 -129.0000
fimgreg.f
image alignment mode   3335 decimal      D07 hex
parameters
   -0.6585   32.8946    4.2232   -0.1616   -0.6422   -0.7755
    1.9842   -5.3256   -1.3756   11.2310    5.5142  -11.1396
eta,q 0.96425  8.85334
niter,ni,del,rscale     5    3    5.0000    1.2000
parameter  5  2.089031 ->  0.500000 qaram    1.1500
parameters
   -0.7212   32.6339    4.5643   -0.9539   -4.7822    1.5786
    2.5066   -4.6713    0.0596   12.4505    6.3384  -10.3132
eta,q 0.96914  8.79742
  0.0392  0.0380  0.0380  0.0379  0.0301  0.0360  0.0348  0.0378  0.0350  0.0373  0.0327  0.0333
  0.0373  0.0367  0.0369  0.0370  0.0313  0.0343  0.0330  0.0346  0.0332  0.0344  0.0318  0.0321
  0.0361  0.0359  0.0361  0.0362  0.0333  0.0329  0.0318  0.0323  0.0319  0.0322  0.0312  0.0313
  0.0358  0.0357  0.0357  0.0357  0.0358  0.0318  0.0313  0.0312  0.0312  0.0311  0.0309  0.0309
  0.0363  0.0363  0.0357  0.0360  0.0387  0.0313  0.0315  0.0315  0.0312  0.0310  0.0309  0.0310
  0.0375  0.0375  0.0362  0.0374  0.0420  0.0314  0.0324  0.0331  0.0318  0.0321  0.0313  0.0315
  0.0395  0.0392  0.0370  0.0400  0.0452  0.0330  0.0339  0.0359  0.0329  0.0343  0.0321  0.0324
niter,ni,del,rscale     5    3    5.0000    1.2000
parameter  5  0.758810 ->  0.500000 qaram    1.3225
parameters
   -0.6615   32.6053    4.9790   -0.8783   -9.5432    2.1513
    2.0957   -4.7854    0.1927   12.5840    6.6813  -10.5641
eta,q 0.97174  8.66763
  0.0350  0.0342  0.0336  0.0340  0.0288  0.0321  0.0311  0.0336  0.0311  0.0329  0.0297  0.0296
  0.0328  0.0323  0.0323  0.0327  0.0284  0.0305  0.0295  0.0307  0.0296  0.0305  0.0290  0.0288
  0.0314  0.0312  0.0313  0.0316  0.0290  0.0293  0.0285  0.0288  0.0286  0.0289  0.0285  0.0284
  0.0309  0.0309  0.0309  0.0308  0.0308  0.0284  0.0283  0.0283  0.0283  0.0283  0.0283  0.0283
  0.0313  0.0313  0.0309  0.0308  0.0336  0.0281  0.0288  0.0290  0.0286  0.0288  0.0283  0.0285
  0.0325  0.0325  0.0313  0.0320  0.0372  0.0290  0.0300  0.0309  0.0295  0.0303  0.0288  0.0290
  0.0346  0.0343  0.0322  0.0345  0.0412  0.0317  0.0318  0.0339  0.0309  0.0325  0.0295  0.0297
niter,ni,del,rscale     5    3    5.0000    1.2000
parameters
   -0.6752   32.8482    4.9662    0.1053  -11.7451    2.1431
    2.1278   -4.8808    0.2841   13.0618    6.6835  -11.1716
eta,q 0.97203  8.61262
  0.0321  0.0324  0.0300  0.0321  0.0308  0.0313  0.0311  0.0334  0.0306  0.0324  0.0293  0.0289
  0.0300  0.0303  0.0290  0.0306  0.0292  0.0298  0.0295  0.0305  0.0292  0.0301  0.0286  0.0283
  0.0287  0.0289  0.0284  0.0293  0.0282  0.0287  0.0284  0.0286  0.0283  0.0287  0.0282  0.0281
  0.0283  0.0283  0.0282  0.0282  0.0280  0.0280  0.0280  0.0280  0.0280  0.0280  0.0280  0.0280
  0.0287  0.0284  0.0284  0.0279  0.0293  0.0278  0.0284  0.0287  0.0283  0.0282  0.0281  0.0282
  0.0300  0.0294  0.0291  0.0288  0.0323  0.0291  0.0294  0.0307  0.0291  0.0294  0.0286  0.0287
  0.0322  0.0310  0.0301  0.0310  0.0363  0.0321  0.0310  0.0337  0.0304  0.0315  0.0294  0.0293
niter,ni,del,rscale     4    3    5.0000    1.2000
parameters
   -0.6815   33.0133    4.9544    0.4292  -12.1942    2.2015
    2.1743   -4.9335    0.3544   13.3638    6.5811  -11.4622
eta,q 0.97209  8.60760
  0.0319  0.0315  0.0296  0.0315  0.0320  0.0313  0.0311  0.0334  0.0304  0.0321  0.0292  0.0290
  0.0297  0.0296  0.0287  0.0302  0.0301  0.0298  0.0294  0.0305  0.0291  0.0299  0.0285  0.0283
  0.0284  0.0284  0.0282  0.0289  0.0287  0.0287  0.0283  0.0286  0.0282  0.0285  0.0281  0.0280
  0.0280  0.0280  0.0280  0.0280  0.0279  0.0280  0.0279  0.0279  0.0279  0.0279  0.0279  0.0279
  0.0285  0.0282  0.0282  0.0279  0.0282  0.0277  0.0283  0.0286  0.0282  0.0281  0.0281  0.0281
  0.0298  0.0291  0.0287  0.0291  0.0302  0.0290  0.0294  0.0306  0.0290  0.0294  0.0285  0.0285
  0.0319  0.0306  0.0297  0.0316  0.0336  0.0320  0.0310  0.0336  0.0303  0.0315  0.0293  0.0291
niter,ni,del,rscale     3    3    5.0000    1.2000
parameters
   -0.6843   33.0837    4.9482    0.4946  -12.3192    2.2261
    2.2027   -4.9420    0.4053   13.4959    6.5305  -11.5716
eta,q 0.97209  8.60619
  0.0319  0.0311  0.0296  0.0314  0.0322  0.0313  0.0311  0.0335  0.0304  0.0318  0.0292  0.0290
  0.0297  0.0294  0.0287  0.0301  0.0303  0.0298  0.0294  0.0305  0.0290  0.0297  0.0285  0.0283
  0.0284  0.0283  0.0281  0.0288  0.0288  0.0287  0.0283  0.0286  0.0282  0.0284  0.0281  0.0280
  0.0279  0.0279  0.0279  0.0279  0.0279  0.0279  0.0279  0.0279  0.0279  0.0279  0.0279  0.0279
  0.0284  0.0282  0.0281  0.0279  0.0280  0.0277  0.0283  0.0286  0.0282  0.0282  0.0280  0.0280
  0.0298  0.0292  0.0287  0.0293  0.0299  0.0290  0.0294  0.0305  0.0290  0.0295  0.0285  0.0285
  0.0319  0.0307  0.0296  0.0320  0.0331  0.0321  0.0310  0.0335  0.0303  0.0317  0.0293  0.0291
niter,ni,del,rscale     2    3    5.0000    1.2000
parameters
   -0.6843   33.1117    4.9424    0.5097  -12.3699    2.2337
    2.2061   -4.9413    0.4289   13.5504    6.5021  -11.5979
eta,q 0.97209  8.60506
  0.0319  0.0310  0.0296  0.0313  0.0323  0.0313  0.0310  0.0335  0.0304  0.0318  0.0292  0.0291
  0.0297  0.0293  0.0287  0.0300  0.0303  0.0298  0.0293  0.0306  0.0290  0.0297  0.0285  0.0284
  0.0284  0.0282  0.0281  0.0288  0.0288  0.0287  0.0283  0.0286  0.0282  0.0284  0.0281  0.0280
  0.0279  0.0279  0.0279  0.0279  0.0279  0.0279  0.0279  0.0279  0.0279  0.0279  0.0279  0.0279
  0.0284  0.0282  0.0281  0.0280  0.0280  0.0277  0.0283  0.0286  0.0282  0.0282  0.0280  0.0280
  0.0298  0.0292  0.0287  0.0293  0.0298  0.0291  0.0294  0.0305  0.0290  0.0295  0.0285  0.0284
  0.0319  0.0308  0.0296  0.0320  0.0330  0.0321  0.0310  0.0335  0.0303  0.0318  0.0293  0.0291
niter,ni,del,rscale     1    3    5.0000    1.2000
parameters
   -0.6836   33.1231    4.9403    0.5162  -12.3913    2.2325
    2.2089   -4.9410    0.4451   13.5692    6.4887  -11.6050
eta,q 0.97208  8.60443
  0.0320  0.0310  0.0296  0.0313  0.0323  0.0313  0.0310  0.0335  0.0303  0.0317  0.0292  0.0291
  0.0297  0.0292  0.0287  0.0300  0.0303  0.0298  0.0293  0.0306  0.0290  0.0297  0.0285  0.0284
  0.0284  0.0282  0.0281  0.0288  0.0288  0.0287  0.0283  0.0286  0.0282  0.0284  0.0281  0.0280
  0.0279  0.0279  0.0279  0.0279  0.0279  0.0279  0.0279  0.0279  0.0279  0.0279  0.0279  0.0279
  0.0284  0.0283  0.0281  0.0280  0.0280  0.0277  0.0283  0.0286  0.0282  0.0282  0.0280  0.0280
  0.0298  0.0293  0.0287  0.0293  0.0298  0.0291  0.0294  0.0305  0.0290  0.0296  0.0285  0.0284
  0.0319  0.0309  0.0296  0.0320  0.0330  0.0322  0.0310  0.0335  0.0303  0.0318  0.0293  0.0290
registration optimization eta report
parameter search radius
    2.4000    2.4000    2.4000    7.2000    9.5220    7.2000
    7.2000    7.2000    7.2000    7.2000    7.2000    7.2000
100000*second partial in parameter space
       70.       52.       30.        7.        5.        8.
        6.       11.        5.        7.        3.        2.
  0.0320  0.0310  0.0296  0.0313  0.0323  0.0313  0.0310  0.0335  0.0303  0.0317  0.0292  0.0291
  0.0297  0.0292  0.0287  0.0300  0.0303  0.0298  0.0293  0.0306  0.0290  0.0297  0.0285  0.0284
  0.0284  0.0282  0.0281  0.0288  0.0288  0.0287  0.0283  0.0286  0.0282  0.0284  0.0281  0.0280
  0.0279  0.0279  0.0279  0.0279  0.0279  0.0279  0.0279  0.0279  0.0279  0.0279  0.0279  0.0279
  0.0284  0.0283  0.0281  0.0280  0.0280  0.0277  0.0283  0.0286  0.0282  0.0282  0.0280  0.0280
  0.0298  0.0293  0.0287  0.0293  0.0298  0.0291  0.0294  0.0305  0.0290  0.0296  0.0285  0.0284
  0.0319  0.0309  0.0296  0.0320  0.0330  0.0322  0.0310  0.0335  0.0303  0.0318  0.0293  0.0290
   -0.6836   33.1231    4.9403    0.5162  -12.3913    2.2325
    2.2089   -4.9410    0.4451   13.5692    6.4887  -11.6050
eta,q 0.97208  8.60443

---------------------------------------------------------------------
imgreg_4dfp /opt/freesurfer/average/711-2C_as_mni_average_305 /opt/freesurfer/average/711-2B_as_mni_average_305_mask talsrcimg_g11 none talsrcimg_to_711-2C_as_mni_average_305_t4 2311
---------------------------------------------------------------------

freesurfer imgreg_4dfp.c
/opt/freesurfer/average/711-2C_as_mni_average_305.4dfp.img
       256       256       256         1
  1.000000  1.000000  1.000000
orientation T byte_order littleendian
Reading image: /opt/freesurfer/average/711-2C_as_mni_average_305.4dfp.img
dimensions:      256       256       256
mmppix:       1.0000   -1.0000   -1.0000
center:     128.0000 -129.0000 -129.0000
/opt/freesurfer/average/711-2B_as_mni_average_305_mask.4dfp.img
       256       256       256         1
  1.000000  1.000000  1.000000
orientation T byte_order littleendian
Reading mask: /opt/freesurfer/average/711-2B_as_mni_average_305_mask.4dfp.img (2306576 pixels)
talsrcimg_g11.4dfp.img
       256       256       256         1
  1.000000  1.000000  1.000000
orientation T byte_order littleendian
Reading image: talsrcimg_g11.4dfp.img
dimensions:      256       256       256
mmppix:       1.0000   -1.0000   -1.0000
center:     128.0000 -129.0000 -129.0000
fimgreg.f
image alignment mode   2311 decimal      907 hex
parameters
   -0.6836   33.1231    4.9403    0.5162  -12.3913    2.2325
    2.2089   -4.9410    0.4451   13.5692    6.4887  -11.6050
eta,q 0.97209  8.60443
niter,ni,del,rscale     5    3    5.0000    0.8000
parameters
   -0.6919   33.1066    4.9396    1.1682  -11.5205    2.7608
    2.1415   -5.0321    0.3412   13.3911    6.3472  -12.3572
eta,q 0.97240  8.67283
  0.0297  0.0292  0.0287  0.0300  0.0294  0.0296  0.0292  0.0304  0.0288  0.0294  0.0283  0.0280
  0.0287  0.0285  0.0283  0.0292  0.0287  0.0288  0.0283  0.0289  0.0281  0.0284  0.0279  0.0277
  0.0281  0.0280  0.0280  0.0284  0.0282  0.0282  0.0278  0.0279  0.0277  0.0278  0.0277  0.0276
  0.0279  0.0279  0.0279  0.0279  0.0278  0.0277  0.0276  0.0276  0.0276  0.0276  0.0276  0.0276
  0.0281  0.0281  0.0280  0.0278  0.0277  0.0275  0.0278  0.0280  0.0278  0.0278  0.0277  0.0277
  0.0288  0.0285  0.0283  0.0283  0.0280  0.0279  0.0284  0.0290  0.0282  0.0286  0.0280  0.0280
  0.0298  0.0293  0.0287  0.0293  0.0287  0.0292  0.0293  0.0307  0.0289  0.0298  0.0284  0.0284
niter,ni,del,rscale     4    3    5.0000    0.7000
parameters
   -0.7019   33.0439    4.9668    1.1310  -11.4395    3.1754
    2.2443   -5.0528    0.3506   13.4023    6.2276  -12.6911
eta,q 0.97249  8.68602
  0.0291  0.0286  0.0283  0.0292  0.0287  0.0292  0.0289  0.0298  0.0285  0.0291  0.0281  0.0279
  0.0283  0.0280  0.0279  0.0284  0.0282  0.0285  0.0281  0.0286  0.0279  0.0283  0.0277  0.0276
  0.0278  0.0277  0.0277  0.0279  0.0278  0.0280  0.0277  0.0278  0.0276  0.0277  0.0276  0.0275
  0.0276  0.0276  0.0276  0.0276  0.0276  0.0276  0.0275  0.0275  0.0275  0.0275  0.0275  0.0275
  0.0278  0.0278  0.0277  0.0277  0.0276  0.0274  0.0276  0.0278  0.0276  0.0277  0.0276  0.0276
  0.0283  0.0282  0.0279  0.0283  0.0280  0.0278  0.0281  0.0286  0.0280  0.0282  0.0278  0.0278
  0.0292  0.0288  0.0282  0.0294  0.0288  0.0289  0.0287  0.0299  0.0285  0.0291  0.0281  0.0280
niter,ni,del,rscale     3    3    5.0000    0.6000
parameters
   -0.7168   33.0358    4.9860    1.1444  -11.4141    3.4227
    2.2753   -5.0584    0.3672   13.4367    6.1523  -12.9446
eta,q 0.97255  8.69380
  0.0286  0.0284  0.0280  0.0287  0.0284  0.0287  0.0284  0.0293  0.0282  0.0287  0.0279  0.0278
  0.0280  0.0279  0.0277  0.0282  0.0280  0.0282  0.0279  0.0283  0.0278  0.0280  0.0276  0.0276
  0.0276  0.0276  0.0276  0.0277  0.0277  0.0278  0.0276  0.0277  0.0275  0.0276  0.0275  0.0275
  0.0275  0.0275  0.0275  0.0275  0.0275  0.0275  0.0275  0.0275  0.0275  0.0275  0.0275  0.0275
  0.0276  0.0276  0.0276  0.0276  0.0275  0.0274  0.0276  0.0277  0.0275  0.0276  0.0275  0.0275
  0.0280  0.0279  0.0277  0.0280  0.0278  0.0278  0.0279  0.0283  0.0278  0.0280  0.0277  0.0276
  0.0287  0.0284  0.0280  0.0288  0.0284  0.0287  0.0284  0.0293  0.0282  0.0287  0.0279  0.0278
niter,ni,del,rscale     2    3    5.0000    0.5000
parameters
   -0.7219   33.0349    4.9975    1.1708  -11.3888    3.6401
    2.2870   -5.0569    0.3646   13.4610    6.0847  -13.1720
eta,q 0.97259  8.70067
  0.0283  0.0281  0.0278  0.0284  0.0281  0.0284  0.0281  0.0287  0.0279  0.0283  0.0277  0.0276
  0.0278  0.0277  0.0276  0.0279  0.0278  0.0280  0.0277  0.0280  0.0276  0.0278  0.0276  0.0275
  0.0275  0.0275  0.0275  0.0276  0.0276  0.0277  0.0275  0.0276  0.0275  0.0275  0.0274  0.0274
  0.0275  0.0275  0.0275  0.0275  0.0275  0.0275  0.0274  0.0274  0.0274  0.0274  0.0274  0.0274
  0.0275  0.0275  0.0275  0.0275  0.0275  0.0274  0.0275  0.0276  0.0275  0.0275  0.0275  0.0275
  0.0278  0.0277  0.0276  0.0278  0.0277  0.0277  0.0277  0.0280  0.0277  0.0278  0.0276  0.0276
  0.0283  0.0281  0.0278  0.0284  0.0281  0.0283  0.0281  0.0287  0.0279  0.0283  0.0278  0.0277
niter,ni,del,rscale     1    3    5.0000    0.4000
parameters
   -0.7238   33.0351    5.0151    1.1846  -11.3660    3.8475
    2.2985   -5.0492    0.3736   13.4734    6.0044  -13.4018
eta,q 0.97262  8.70677
  0.0279  0.0278  0.0277  0.0280  0.0278  0.0281  0.0278  0.0282  0.0277  0.0280  0.0276  0.0275
  0.0276  0.0276  0.0275  0.0277  0.0276  0.0278  0.0276  0.0278  0.0275  0.0277  0.0275  0.0274
  0.0275  0.0275  0.0274  0.0275  0.0275  0.0276  0.0274  0.0275  0.0274  0.0275  0.0274  0.0274
  0.0274  0.0274  0.0274  0.0274  0.0274  0.0274  0.0274  0.0274  0.0274  0.0274  0.0274  0.0274
  0.0275  0.0275  0.0274  0.0275  0.0274  0.0274  0.0274  0.0275  0.0274  0.0274  0.0274  0.0274
  0.0277  0.0276  0.0275  0.0277  0.0276  0.0276  0.0276  0.0278  0.0275  0.0276  0.0275  0.0275
  0.0279  0.0278  0.0276  0.0280  0.0278  0.0280  0.0278  0.0282  0.0277  0.0280  0.0276  0.0276
registration optimization eta report
parameter search radius
    0.8000    0.8000    0.8000    2.4000    2.4000    2.4000
    2.4000    2.4000    2.4000    2.4000    2.4000    2.4000
100000*second partial in parameter space
       82.       61.       38.       11.        7.       11.
        8.       15.        6.       10.        4.        3.
  0.0279  0.0278  0.0277  0.0280  0.0278  0.0281  0.0278  0.0282  0.0277  0.0280  0.0276  0.0275
  0.0276  0.0276  0.0275  0.0277  0.0276  0.0278  0.0276  0.0278  0.0275  0.0277  0.0275  0.0274
  0.0275  0.0275  0.0274  0.0275  0.0275  0.0276  0.0274  0.0275  0.0274  0.0275  0.0274  0.0274
  0.0274  0.0274  0.0274  0.0274  0.0274  0.0274  0.0274  0.0274  0.0274  0.0274  0.0274  0.0274
  0.0275  0.0275  0.0274  0.0275  0.0274  0.0274  0.0274  0.0275  0.0274  0.0274  0.0274  0.0274
  0.0277  0.0276  0.0275  0.0277  0.0276  0.0276  0.0276  0.0278  0.0275  0.0276  0.0275  0.0275
  0.0279  0.0278  0.0276  0.0280  0.0278  0.0280  0.0278  0.0282  0.0277  0.0280  0.0276  0.0276
   -0.7238   33.0351    5.0151    1.1846  -11.3660    3.8475
    2.2985   -5.0492    0.3736   13.4734    6.0044  -13.4018
eta,q 0.97262  8.70677

---------------------------------------------------------------------
imgreg_4dfp /opt/freesurfer/average/711-2C_as_mni_average_305 /opt/freesurfer/average/711-2B_as_mni_average_305_mask talsrcimg_g11 none talsrcimg_to_711-2C_as_mni_average_305_t4 2311
---------------------------------------------------------------------

freesurfer imgreg_4dfp.c
/opt/freesurfer/average/711-2C_as_mni_average_305.4dfp.img
       256       256       256         1
  1.000000  1.000000  1.000000
orientation T byte_order littleendian
Reading image: /opt/freesurfer/average/711-2C_as_mni_average_305.4dfp.img
dimensions:      256       256       256
mmppix:       1.0000   -1.0000   -1.0000
center:     128.0000 -129.0000 -129.0000
/opt/freesurfer/average/711-2B_as_mni_average_305_mask.4dfp.img
       256       256       256         1
  1.000000  1.000000  1.000000
orientation T byte_order littleendian
Reading mask: /opt/freesurfer/average/711-2B_as_mni_average_305_mask.4dfp.img (2306576 pixels)
talsrcimg_g11.4dfp.img
       256       256       256         1
  1.000000  1.000000  1.000000
orientation T byte_order littleendian
Reading image: talsrcimg_g11.4dfp.img
dimensions:      256       256       256
mmppix:       1.0000   -1.0000   -1.0000
center:     128.0000 -129.0000 -129.0000
fimgreg.f
image alignment mode   2311 decimal      907 hex
parameters
   -0.7238   33.0351    5.0151    1.1846  -11.3660    3.8476
    2.2985   -5.0492    0.3736   13.4734    6.0044  -13.4018
eta,q 0.97262  8.70677
niter,ni,del,rscale     5    3    5.0000    0.8000
parameters
   -0.7206   33.0525    5.0747    0.8480  -11.7271    3.4370
    2.3484   -5.0123    0.4556   13.5963    6.1206  -12.7774
eta,q 0.97250  8.67686
  0.0295  0.0290  0.0285  0.0292  0.0287  0.0292  0.0292  0.0306  0.0288  0.0297  0.0283  0.0284
  0.0283  0.0281  0.0279  0.0284  0.0281  0.0285  0.0283  0.0289  0.0281  0.0285  0.0279  0.0279
  0.0276  0.0276  0.0275  0.0277  0.0276  0.0279  0.0277  0.0279  0.0276  0.0278  0.0276  0.0276
  0.0274  0.0274  0.0274  0.0274  0.0274  0.0274  0.0275  0.0275  0.0275  0.0275  0.0275  0.0275
  0.0276  0.0276  0.0275  0.0277  0.0276  0.0276  0.0277  0.0278  0.0276  0.0277  0.0276  0.0275
  0.0283  0.0281  0.0278  0.0286  0.0282  0.0287  0.0282  0.0289  0.0280  0.0283  0.0278  0.0277
  0.0294  0.0289  0.0283  0.0301  0.0294  0.0305  0.0291  0.0305  0.0287  0.0295  0.0282  0.0280
niter,ni,del,rscale     4    3    5.0000    0.7000
parameters
   -0.7169   33.0816    5.0031    1.0273  -11.6098    3.3074
    2.2746   -5.0308    0.4157   13.5344    6.1680  -12.7838
eta,q 0.97250  8.68165
  0.0291  0.0287  0.0281  0.0292  0.0286  0.0289  0.0287  0.0298  0.0284  0.0290  0.0281  0.0280
  0.0282  0.0280  0.0278  0.0284  0.0281  0.0283  0.0280  0.0286  0.0279  0.0282  0.0278  0.0277
  0.0277  0.0276  0.0275  0.0278  0.0277  0.0278  0.0276  0.0278  0.0276  0.0277  0.0276  0.0275
  0.0275  0.0275  0.0275  0.0275  0.0275  0.0275  0.0275  0.0275  0.0275  0.0275  0.0275  0.0275
  0.0277  0.0276  0.0276  0.0276  0.0275  0.0275  0.0277  0.0278  0.0276  0.0277  0.0276  0.0276
  0.0282  0.0280  0.0279  0.0281  0.0279  0.0282  0.0281  0.0286  0.0279  0.0282  0.0277  0.0277
  0.0290  0.0286  0.0282  0.0291  0.0287  0.0295  0.0288  0.0299  0.0285  0.0292  0.0281  0.0280
niter,ni,del,rscale     3    3    5.0000    0.6000
parameters
   -0.7153   33.0659    4.9872    1.1397  -11.4838    3.4258
    2.2671   -5.0485    0.3850   13.4927    6.1329  -12.9757
eta,q 0.97255  8.69168
  0.0286  0.0283  0.0280  0.0288  0.0284  0.0287  0.0284  0.0292  0.0282  0.0286  0.0279  0.0278
  0.0280  0.0278  0.0277  0.0282  0.0280  0.0282  0.0279  0.0283  0.0278  0.0280  0.0277  0.0276
  0.0276  0.0276  0.0275  0.0277  0.0277  0.0278  0.0276  0.0277  0.0275  0.0276  0.0275  0.0275
  0.0275  0.0275  0.0275  0.0275  0.0275  0.0275  0.0275  0.0275  0.0275  0.0275  0.0275  0.0275
  0.0276  0.0276  0.0276  0.0276  0.0275  0.0274  0.0276  0.0277  0.0275  0.0276  0.0275  0.0275
  0.0280  0.0279  0.0277  0.0280  0.0278  0.0278  0.0279  0.0283  0.0278  0.0280  0.0277  0.0276
  0.0286  0.0284  0.0280  0.0287  0.0283  0.0288  0.0284  0.0293  0.0282  0.0287  0.0279  0.0278
niter,ni,del,rscale     2    3    5.0000    0.5000
parameters
   -0.7189   33.0483    4.9922    1.1809  -11.4117    3.6330
    2.2861   -5.0532    0.3694   13.4804    6.0939  -13.1840
eta,q 0.97258  8.70003
  0.0283  0.0280  0.0278  0.0284  0.0281  0.0284  0.0281  0.0287  0.0279  0.0283  0.0277  0.0276
  0.0278  0.0277  0.0276  0.0279  0.0278  0.0280  0.0277  0.0280  0.0276  0.0278  0.0276  0.0275
  0.0275  0.0275  0.0275  0.0276  0.0276  0.0277  0.0275  0.0276  0.0275  0.0275  0.0275  0.0274
  0.0275  0.0275  0.0275  0.0275  0.0275  0.0275  0.0274  0.0274  0.0274  0.0274  0.0274  0.0274
  0.0276  0.0275  0.0275  0.0275  0.0275  0.0274  0.0275  0.0276  0.0275  0.0275  0.0275  0.0275
  0.0278  0.0277  0.0276  0.0278  0.0277  0.0277  0.0277  0.0280  0.0276  0.0278  0.0276  0.0276
  0.0283  0.0281  0.0278  0.0284  0.0281  0.0283  0.0281  0.0287  0.0279  0.0283  0.0277  0.0277
niter,ni,del,rscale     1    3    5.0000    0.4000
parameters
   -0.7217   33.0387    5.0092    1.1904  -11.3719    3.8416
    2.3010   -5.0533    0.3625   13.4857    6.0227  -13.4184
eta,q 0.97262  8.70672
  0.0279  0.0278  0.0277  0.0280  0.0278  0.0281  0.0278  0.0282  0.0277  0.0280  0.0276  0.0275
  0.0276  0.0276  0.0275  0.0277  0.0276  0.0278  0.0276  0.0278  0.0275  0.0277  0.0275  0.0274
  0.0275  0.0275  0.0274  0.0275  0.0275  0.0276  0.0274  0.0275  0.0274  0.0275  0.0274  0.0274
  0.0274  0.0274  0.0274  0.0274  0.0274  0.0274  0.0274  0.0274  0.0274  0.0274  0.0274  0.0274
  0.0275  0.0275  0.0274  0.0275  0.0274  0.0274  0.0274  0.0275  0.0274  0.0274  0.0274  0.0274
  0.0277  0.0276  0.0275  0.0277  0.0276  0.0276  0.0276  0.0278  0.0275  0.0276  0.0275  0.0275
  0.0279  0.0278  0.0276  0.0280  0.0278  0.0280  0.0278  0.0282  0.0277  0.0280  0.0276  0.0276
registration optimization eta report
parameter search radius
    0.8000    0.8000    0.8000    2.4000    2.4000    2.4000
    2.4000    2.4000    2.4000    2.4000    2.4000    2.4000
100000*second partial in parameter space
       83.       61.       38.       11.        7.       11.
        8.       15.        6.       10.        4.        3.
  0.0279  0.0278  0.0277  0.0280  0.0278  0.0281  0.0278  0.0282  0.0277  0.0280  0.0276  0.0275
  0.0276  0.0276  0.0275  0.0277  0.0276  0.0278  0.0276  0.0278  0.0275  0.0277  0.0275  0.0274
  0.0275  0.0275  0.0274  0.0275  0.0275  0.0276  0.0274  0.0275  0.0274  0.0275  0.0274  0.0274
  0.0274  0.0274  0.0274  0.0274  0.0274  0.0274  0.0274  0.0274  0.0274  0.0274  0.0274  0.0274
  0.0275  0.0275  0.0274  0.0275  0.0274  0.0274  0.0274  0.0275  0.0274  0.0274  0.0274  0.0274
  0.0277  0.0276  0.0275  0.0277  0.0276  0.0276  0.0276  0.0278  0.0275  0.0276  0.0275  0.0275
  0.0279  0.0278  0.0276  0.0280  0.0278  0.0280  0.0278  0.0282  0.0277  0.0280  0.0276  0.0276
   -0.7217   33.0387    5.0092    1.1904  -11.3719    3.8416
    2.3010   -5.0533    0.3625   13.4857    6.0227  -13.4184
eta,q 0.97262  8.70672

---------------------------------------------------------------------
compute_vox2vox talsrcimg talsrcimg_to_711-2C_as_mni_average_305_t4 /opt/freesurfer/average/711-2C_as_mni_average_305
---------------------------------------------------------------------

freesurfer compute_vox2vox.c
Reading: talsrcimg.4dfp.ifh
Reading: talsrcimg_to_711-2C_as_mni_average_305_t4
Reading: /opt/freesurfer/average/711-2C_as_mni_average_305.4dfp.ifh
Writing: talsrcimg_to_711-2C_as_mni_average_305_t4_vox2vox.txt

start time Tue Mar 10 08:54:21 CET 2026
end		time Tue Mar 10 08:55:47 CET 2026

mpr2mni305 success

avi2talxfm orig_nu.mgz /opt/freesurfer/average/mni305.cor.mgz talsrcimg_to_711-2C_as_mni_average_305_t4_vox2vox.txt transforms/talairach.auto.xfm
avi2talxfm done
mv -f /out/sourcedata/freesurfer/sub-v2s0x29024_ses-1/mri/talsrcimg_to_711-2C_as_mni_average_305_t4_vox2vox.txt /out/sourcedata/freesurfer/sub-v2s0x29024_ses-1/mri/transforms/talsrcimg_to_711-2C_as_mni_average_305_t4_vox2vox.txt
lta_convert --src orig_nu.mgz --trg /opt/freesurfer/average/mni305.cor.mgz --inxfm transforms/talairach.auto.xfm --outlta transforms/talairach.auto.xfm.lta --subject fsaverage
7.3.2

--src: orig_nu.mgz src image (geometry).
--trg: /opt/freesurfer/average/mni305.cor.mgz trg image (geometry).
--inmni: transforms/talairach.auto.xfm input MNI/XFM transform.
--outlta: transforms/talairach.auto.xfm.lta output LTA.
--s: fsaverage subject name
 LTA read, type : 1
 0.98531   0.05028  -0.01797  -1.93088;
-0.05656   0.94155   0.14402  -48.92630;
 0.00458  -0.14347   1.10647  -22.61542;
 0.00000   0.00000   0.00000   1.00000;
setting subject to fsaverage
Writing  LTA to file transforms/talairach.auto.xfm.lta...
lta_convert successful.
 
 
Started at Tue Mar 10 08:54:20 CET 2026
Ended   at Tue Mar 10 08:55:48 CET 2026
talairach_avi done
