Logfile for bbregister
Tue Mar 10 15:33:14 CET 2026

setenv SUBJECTS_DIR /out/sourcedata/freesurfer
cd /out/sourcedata/freesurfer/sub-v2s0x30144_ses-1/scripts
/opt/freesurfer/bin/bbregister --s sub-v2s0x30144_ses-1 --mov /out/sourcedata/freesurfer/sub-v2s0x30144_ses-1/mri/orig/FLAIRraw.mgz --lta /out/sourcedata/freesurfer/sub-v2s0x30144_ses-1/mri/transforms/FLAIRraw.auto.lta --init-coreg --T2 --gm-proj-abs 2 --wm-proj-abs 1 --no-coreg-ref-mask

bbregister 7.3.2
Linux dna020 5.14.0-427.37.1.el9_4.x86_64 #1 SMP PREEMPT_DYNAMIC Fri Sep 13 12:41:50 EDT 2024 x86_64 x86_64 x86_64 GNU/Linux
FREESURFER_HOME /opt/freesurfer
mri_convert /out/sourcedata/freesurfer/sub-v2s0x30144_ses-1/mri/orig/FLAIRraw.mgz /out/sourcedata/freesurfer/sub-v2s0x30144_ses-1/mri/transforms/tmp.bbregister.55033/template.nii
mri_convert /out/sourcedata/freesurfer/sub-v2s0x30144_ses-1/mri/orig/FLAIRraw.mgz /out/sourcedata/freesurfer/sub-v2s0x30144_ses-1/mri/transforms/tmp.bbregister.55033/template.nii 
reading from /out/sourcedata/freesurfer/sub-v2s0x30144_ses-1/mri/orig/FLAIRraw.mgz...
TR=0.00, TE=0.00, TI=0.00, flip angle=0.00
i_ras = (-1, 0, 0)
j_ras = (0, 1, 0)
k_ras = (0, 0, 1)
writing to /out/sourcedata/freesurfer/sub-v2s0x30144_ses-1/mri/transforms/tmp.bbregister.55033/template.nii...
mri_coreg --s sub-v2s0x30144_ses-1 --mov /out/sourcedata/freesurfer/sub-v2s0x30144_ses-1/mri/transforms/tmp.bbregister.55033/template.nii --regdat /out/sourcedata/freesurfer/sub-v2s0x30144_ses-1/mri/transforms/tmp.bbregister.55033/reg.init.dat --reg /out/sourcedata/freesurfer/sub-v2s0x30144_ses-1/mri/transforms/tmp.bbregister.55033/mri_coreg.lta --nthreads 4 --dof 6 --sep 4 --ftol .0001 --linmintol .01 --no-ref-mask

$Id: mri_coreg.c,v 1.27 2016/04/30 15:11:49 greve Exp $
cwd /out/sourcedata/freesurfer/sub-v2s0x30144_ses-1/scripts
cmdline mri_coreg --s sub-v2s0x30144_ses-1 --mov /out/sourcedata/freesurfer/sub-v2s0x30144_ses-1/mri/transforms/tmp.bbregister.55033/template.nii --regdat /out/sourcedata/freesurfer/sub-v2s0x30144_ses-1/mri/transforms/tmp.bbregister.55033/reg.init.dat --reg /out/sourcedata/freesurfer/sub-v2s0x30144_ses-1/mri/transforms/tmp.bbregister.55033/mri_coreg.lta --nthreads 4 --dof 6 --sep 4 --ftol .0001 --linmintol .01 --no-ref-mask 
sysname  Linux
hostname dna020
machine  x86_64
user     oesteban
dof    6
nsep    1
cras0    1
ftol    0.000100
linmintol    0.010000
bf       1
bflim    30.000000
bfnsamp    30
SmoothRef 0
SatPct    99.990000
MovOOB 0
optschema 1
Seed 53
Reading in mov /out/sourcedata/freesurfer/sub-v2s0x30144_ses-1/mri/transforms/tmp.bbregister.55033/template.nii
Reading in ref /out/sourcedata/freesurfer/sub-v2s0x30144_ses-1/mri/brainmask.mgz
Setting cras translation parameters to align volume centers
Creating random numbers for coordinate dithering
Performing intensity dithering
Performing intensity dithering on mov with computed dither
Init matrix params -1.0562 -0.0273 -1.0273  0.0000  0.0000  0.0000  1.0000  1.0000  1.0000  0.0000  0.0000  0.0000 
Initial parameters to be opt -1.0562 -0.0273 -1.0273  0.0000  0.0000  0.0000 
Separation list (1):  4   min = 4
DoSmoothing 1
DoCoordDither 1
DoIntensityDither 1
nitersmax 4
ftol 1.000e-04
linmintol 1.000e-02
SatPct 99.990000
Hist FWHM 7.000000 7.000000
nthreads 4
movsat = 79.0000
mov gstd 1.8943 1.8943 1.8943
Smoothing mov
refsat = 114.0000
ref gstd 1.8914 1.8914 1.8914
Smoothing ref
COREGpreproc() done
Testing if mov and target overlap
Init cost   -1.0637317894
nhits = 176015 out of 16777216, Percent Overlap:  67.1
Initial  RefRAS-to-MovRAS
 1.00000   0.00000   0.00000  -1.05624;
 0.00000   1.00000   0.00000  -0.02734;
 0.00000   0.00000   1.00000  -1.02734;
 0.00000   0.00000   0.00000   1.00000;
Initial  RefVox-to-MovVox
 1.02400   0.00000   0.00000  -37.55999;
 0.00000   0.00000   1.02400  -3.05999;
 0.00000  -1.02400   0.00000   258.06000;
 0.00000   0.00000   0.00000   1.00000;
sep = 4 -----------------------------------
COREGoptBruteForce() 30 1 30
Turning on MovOOB for BruteForce Search
#BF# sep= 4 iter=0 lim=30.0 delta=2.00  -1.05624  -0.02734   0.97266   0.00000   0.00000   0.00000   -1.0547752
Turning  MovOOB back off after brute force search


---------------------------------
Init Powel Params dof = 6: -1.056244 -0.027344 0.972656 0.000000 0.000000 0.000000 
Starting OpenPowel2(), sep = 4
InitialCost        -1.0658285618 
#@#  4  188  -1.05624 -0.02734 0.97266 0.00000 0.00000 0.00000   -1.0658286
fs_powell::minimize
  nparams 6
  maxfev 4
  ftol   0.000100
  linmin_xtol_   0.010000
  powell nthiter 0: fret = -1.065829
#@#  4  194  -0.67428 -0.02734 0.97266 0.00000 0.00000 0.00000   -1.0659986
#@#  4  196  -0.61901 -0.02734 0.97266 0.00000 0.00000 0.00000   -1.0660017
#@#  4  197  -0.60901 -0.02734 0.97266 0.00000 0.00000 0.00000   -1.0660019
#@#  4  200  -0.60901 0.97266 0.97266 0.00000 0.00000 0.00000   -1.0665764
#@#  4  205  -0.60901 0.84006 0.97266 0.00000 0.00000 0.00000   -1.0665925
#@#  4  206  -0.60901 0.83006 0.97266 0.00000 0.00000 0.00000   -1.0665928
#@#  4  207  -0.60901 0.80528 0.97266 0.00000 0.00000 0.00000   -1.0665940
#@#  4  218  -0.60901 0.80528 1.12129 0.00000 0.00000 0.00000   -1.0666088
#@#  4  219  -0.60901 0.80528 1.11129 0.00000 0.00000 0.00000   -1.0666095
#@#  4  227  -0.60901 0.80528 1.11129 0.38197 0.00000 0.00000   -1.0667598
#@#  4  229  -0.60901 0.80528 1.11129 0.40865 0.00000 0.00000   -1.0667627
#@#  4  236  -0.60901 0.80528 1.11129 0.40865 -0.61803 0.00000   -1.0669435
#@#  4  238  -0.60901 0.80528 1.11129 0.40865 -0.52609 0.00000   -1.0669457
#@#  4  239  -0.60901 0.80528 1.11129 0.40865 -0.55662 0.00000   -1.0669495
#@#  4  247  -0.60901 0.80528 1.11129 0.40865 -0.55662 0.38197   -1.0669887
#@#  4  248  -0.60901 0.80528 1.11129 0.40865 -0.55662 0.27866   -1.0670006
  powell nthiter 1: fret = -1.067001
#@#  4  260  -0.47091 0.80528 1.11129 0.40865 -0.55662 0.27866   -1.0670300
#@#  4  261  -0.46091 0.80528 1.11129 0.40865 -0.55662 0.27866   -1.0670305
#@#  4  270  -0.46091 0.69359 1.11129 0.40865 -0.55662 0.27866   -1.0670444
#@#  4  278  -0.46091 0.68252 1.49326 0.40865 -0.55662 0.27866   -1.0670964
#@#  4  279  -0.46091 0.68252 1.37464 0.40865 -0.55662 0.27866   -1.0671154
#@#  4  280  -0.46091 0.68252 1.36263 0.40865 -0.55662 0.27866   -1.0671165
#@#  4  282  -0.46091 0.68252 1.34323 0.40865 -0.55662 0.27866   -1.0671169
#@#  4  283  -0.46091 0.68252 1.33323 0.40865 -0.55662 0.27866   -1.0671170
#@#  4  292  -0.46091 0.68252 1.33323 0.56737 -0.55662 0.27866   -1.0671352
#@#  4  301  -0.46091 0.68252 1.33323 0.56737 -0.80149 0.27866   -1.0671829
#@#  4  304  -0.46091 0.68252 1.33323 0.56737 -0.79149 0.27866   -1.0671831
#@#  4  311  -0.46091 0.68252 1.33323 0.56737 -0.79149 0.25045   -1.0671836
#@#  4  312  -0.46091 0.68252 1.33323 0.56737 -0.79149 0.26045   -1.0671839
#@#  4  313  -0.31281 0.55976 1.55516 0.72609 -1.02636 0.24223   -1.0672617
#@#  4  320  -0.29097 0.54166 1.58789 0.74950 -1.06100 0.23955   -1.0672629
  powell nthiter 2: fret = -1.067263
#@#  4  332  -0.19597 0.54166 1.58789 0.74950 -1.06100 0.23955   -1.0672823
#@#  4  333  -0.18016 0.54166 1.58789 0.74950 -1.06100 0.23955   -1.0672835
#@#  4  342  -0.18016 0.53166 1.58789 0.74950 -1.06100 0.23955   -1.0672837
#@#  4  350  -0.18016 0.53166 1.58789 0.74950 -1.06100 0.15671   -1.0672892
#@#  4  359  -0.18016 0.53166 1.58789 0.77954 -1.06100 0.15671   -1.0672920
#@#  4  361  -0.18016 0.53166 1.58789 0.78954 -1.06100 0.15671   -1.0672925
#@#  4  370  -0.18016 0.53166 1.58789 0.78954 -1.05100 0.15671   -1.0672926
#@#  4  378  -0.17742 0.52939 1.59200 0.79248 -1.05534 0.15637   -1.0672933
#@#  4  381  -0.17442 0.52690 1.59649 0.79569 -1.06010 0.15600   -1.0672935
Powell done niters total = 2
OptTimeSec  7.8 sec
OptTimeMin  0.13 min
nEvals 383
Final optimized parameters  -0.17442043   0.52689904   1.59649241   0.79569477  -1.06010234   0.15600175 
Final matrix parameters -0.1759  0.5281  1.5943  0.7941 -1.0578  0.1562  1.0000  1.0000  1.0000  0.0000  0.0000  0.0000 
Final cost   -1.067293469115241
 

---------------------------------
Final  RefRAS-to-MovRAS
 0.99983   0.00272  -0.01850  -0.17442;
-0.00247   0.99990   0.01388   0.52690;
 0.01854  -0.01384   0.99973   1.59649;
 0.00000   0.00000   0.00000   1.00000;
Final  RefVox-to-MovVox
 1.02382  -0.01895  -0.00279  -35.09706;
 0.00252  -0.01422   1.02390  -0.49930;
-0.01898  -1.02373  -0.01417   264.50259;
 0.00000   0.00000   0.00000   1.00000;
Final matrix parameters -0.1744  0.5269  1.5965  0.7957 -1.0601  0.1560  0.0000  0.0000  0.0000  0.0000  0.0000  0.0000 
Final opt parameters -0.1744  0.5269  1.5965  0.7957 -1.0601  0.1560 
nhits = 176065 out of 16777216, Percent Overlap:  67.2
mri_coreg RunTimeSec 55.4 sec
To check run:
   tkregisterfv --mov /out/sourcedata/freesurfer/sub-v2s0x30144_ses-1/mri/transforms/tmp.bbregister.55033/template.nii --targ /out/sourcedata/freesurfer/sub-v2s0x30144_ses-1/mri/brainmask.mgz --reg /out/sourcedata/freesurfer/sub-v2s0x30144_ses-1/mri/transforms/tmp.bbregister.55033/mri_coreg.lta --s sub-v2s0x30144_ses-1 --surfs 

mri_coreg done

mri_segreg --mov /out/sourcedata/freesurfer/sub-v2s0x30144_ses-1/mri/transforms/tmp.bbregister.55033/template.nii --init-reg /out/sourcedata/freesurfer/sub-v2s0x30144_ses-1/mri/transforms/tmp.bbregister.55033/reg.init.dat --out-reg /out/sourcedata/freesurfer/sub-v2s0x30144_ses-1/mri/transforms/tmp.bbregister.55033/bbr.pass1.dat --subsamp-brute 100 --subsamp 100 --tol 1e-4 --tol1d 1e-3 --brute -4 4 4 --surf white --gm-proj-abs 2 --gm-gt-wm 0.5
7.3.2
setenv SUBJECTS_DIR /out/sourcedata/freesurfer
cd /out/sourcedata/freesurfer/sub-v2s0x30144_ses-1/scripts
mri_segreg --mov /out/sourcedata/freesurfer/sub-v2s0x30144_ses-1/mri/transforms/tmp.bbregister.55033/template.nii --init-reg /out/sourcedata/freesurfer/sub-v2s0x30144_ses-1/mri/transforms/tmp.bbregister.55033/reg.init.dat --out-reg /out/sourcedata/freesurfer/sub-v2s0x30144_ses-1/mri/transforms/tmp.bbregister.55033/bbr.pass1.dat --subsamp-brute 100 --subsamp 100 --tol 1e-4 --tol1d 1e-3 --brute -4 4 4 --surf white --gm-proj-abs 2 --gm-gt-wm 0.5 
sysname  Linux
hostname dna020
machine  x86_64
user     oesteban
movvol /out/sourcedata/freesurfer/sub-v2s0x30144_ses-1/mri/transforms/tmp.bbregister.55033/template.nii
regfile /out/sourcedata/freesurfer/sub-v2s0x30144_ses-1/mri/transforms/tmp.bbregister.55033/reg.init.dat
subject sub-v2s0x30144_ses-1
dof 6
outregfile /out/sourcedata/freesurfer/sub-v2s0x30144_ses-1/mri/transforms/tmp.bbregister.55033/bbr.pass1.dat
UseMask 0
UseLH 1
UseRH 1
nsubsamp 100
PenaltySign  -1
PenaltySlope 0.500000
PenaltyCenter 0.000000
surfname white
GMProjAbs 2.000000
WMProjAbs 2.000000
lhcostfile (null)
rhcostfile (null)
interp  trilinear (1)
frame  0
TolPowell 0.000100
nMaxItersPowell 36
n1dmin  3
Profile   0
Gdiag_no  -1
AddNoise  0 (0)
SynthSeed 1774151901
TransRandMax 0.000000
RotRandMax 0.000000
Translations 0.000000 0.000000 0.000000
Rotations   0.000000 0.000000 0.000000
Input reg
 0.99982   0.00272  -0.01850   0.32209;
 0.01854  -0.01384   0.99973   1.19374;
 0.00247  -0.99990  -0.01388  -1.03800;
 0.00000   0.00000   0.00000   1.00000;

Loading mov
ExcludeZeroVoxels 1
Reading in targ vol /out/sourcedata/freesurfer/sub-v2s0x30144_ses-1/mri/orig.mgz
Projecting LH Surfs
Loading lh.white surf
GM Proj: 0 0.500000 2.000000
WM Proj: 0 0.500000 2.000000
Projecting RH Surfs
Loading rh.white surf
Projecting RH Surfs
Using lh.cortex.label
Using rh.cortex.label
Computing relative cost
 0  -25.0 -25.0 -25.0   1.064418
 1  -25.0 -25.0  25.0   1.042150
 2  -25.0  25.0 -25.0   1.015697
 3  -25.0  25.0  25.0   1.022832
 4   25.0 -25.0 -25.0   1.052020
 5   25.0 -25.0  25.0   1.044959
 6   25.0  25.0 -25.0   1.036453
 7   25.0  25.0  25.0   1.034735
REL:  8  0.503801    8.313264  1.039158 rel = 0.484817 
Initial costs ----------------
Number of surface hits 2474
WM  Intensity    45.1265 +/-   7.0851
Ctx Intensity    49.2493 +/-  11.3759
Pct Contrast      6.7917 +/-  24.9313
Cost   0.5038
RelCost   0.4848

------------------------------------
Brute force preopt -4 4 4, n = 729
     0  -4.0000  -4.0000  -4.0000  -4.0000  -4.0000  -4.0000      1.0496   1.0496  0.0
     1  -4.0000  -4.0000  -4.0000  -4.0000  -4.0000   0.0000      1.0243   1.0243  0.0
     2  -4.0000  -4.0000  -4.0000  -4.0000  -4.0000   4.0000      1.0070   1.0070  0.0
     6  -4.0000  -4.0000  -4.0000  -4.0000   4.0000  -4.0000      0.9832   0.9832  0.0
    46  -4.0000  -4.0000   0.0000   4.0000  -4.0000   0.0000      0.9725   0.9725  0.0
    47  -4.0000  -4.0000   0.0000   4.0000  -4.0000   4.0000      0.9590   0.9590  0.0
    99  -4.0000   0.0000  -4.0000   4.0000  -4.0000  -4.0000      0.9544   0.9544  0.0
   118  -4.0000   0.0000   0.0000   0.0000  -4.0000   0.0000      0.9360   0.9360  0.0
   254   0.0000  -4.0000  -4.0000   0.0000  -4.0000   4.0000      0.9292   0.9292  0.0
   258   0.0000  -4.0000  -4.0000   0.0000   4.0000  -4.0000      0.9254   0.9254  0.0
   293   0.0000  -4.0000   0.0000   4.0000   0.0000   4.0000      0.9203   0.9203  0.0
   334   0.0000   0.0000  -4.0000   0.0000  -4.0000   0.0000      0.8846   0.8846  0.0
   346   0.0000   0.0000  -4.0000   4.0000   0.0000   0.0000      0.8747   0.8747  0.0
   361   0.0000   0.0000   0.0000   0.0000  -4.0000   0.0000      0.8345   0.8345  0.0
   364   0.0000   0.0000   0.0000   0.0000   0.0000   0.0000      0.5038   0.5038  0.0
Brute Force --------------------------
Min cost was 0.503801
Number of iterations   729
Search time 1.202191 sec
Parameters at best (transmm, rotdeg)
  0.000   0.000   0.000  0.000  0.000  0.000 
--------------------------------------------

Starting Powell Minimization
Init Powel Params dof = 6
0 0
1 0
2 0
3 0
4 0
5 0
fs_powell::minimize
  nparams 6
  maxfev 36
  ftol   0.000100
  linmin_xtol_   0.001000
  powell nthiter 0: fret = 0.503801
   2  1.000  0.000  0.000  0.000  0.000  0.000   0.4705541118
   6  0.618  0.000  0.000  0.000  0.000  0.000   0.4668202411
  13  0.613  0.000  0.000  0.000  0.000  0.000   0.4668139219
  15  0.612  0.000  0.000  0.000  0.000  0.000   0.4668131365
  23  0.612  0.382  0.000  0.000  0.000  0.000   0.4628789909
  24  0.612  0.264  0.000  0.000  0.000  0.000   0.4590906699
  26  0.612  0.256  0.000  0.000  0.000  0.000   0.4590161318
  27  0.612  0.250  0.000  0.000  0.000  0.000   0.4589862905
  38  0.612  0.250  0.051  0.000  0.000  0.000   0.4584503082
  42  0.612  0.250  0.058  0.000  0.000  0.000   0.4584027757
  44  0.612  0.250  0.060  0.000  0.000  0.000   0.4583999259
  51  0.612  0.250  0.060  0.382  0.000  0.000   0.4574959607
  52  0.612  0.250  0.060  0.212  0.000  0.000   0.4552318185
  53  0.612  0.250  0.060  0.207  0.000  0.000   0.4550738630
  55  0.612  0.250  0.060  0.168  0.000  0.000   0.4540791968
  56  0.612  0.250  0.060  0.167  0.000  0.000   0.4540725399
  58  0.612  0.250  0.060  0.165  0.000  0.000   0.4540666688
  59  0.612  0.250  0.060  0.166  0.000  0.000   0.4540645054
  65  0.612  0.250  0.060  0.166  0.382  0.000   0.4526258038
  69  0.612  0.250  0.060  0.166  0.323  0.000   0.4516086537
  71  0.612  0.250  0.060  0.166  0.331  0.000   0.4516017022
  72  0.612  0.250  0.060  0.166  0.328  0.000   0.4515925434
  82  0.612  0.250  0.060  0.166  0.328 -0.068   0.4509497157
  84  0.612  0.250  0.060  0.166  0.328 -0.047   0.4507578136
  86  0.612  0.250  0.060  0.166  0.328 -0.046   0.4507569127
  87  0.612  0.250  0.060  0.166  0.328 -0.045   0.4507567705
  95  0.845  0.345  0.082  0.229  0.453 -0.062   0.4443291448
  97  0.795  0.325  0.078  0.216  0.426 -0.059   0.4442853674
  98  0.819  0.335  0.080  0.222  0.439 -0.060   0.4439255775
  99  0.820  0.335  0.080  0.222  0.439 -0.060   0.4439253756
 100  0.820  0.335  0.080  0.222  0.440 -0.060   0.4439251365
  powell nthiter 1: fret = 0.443925
 113  0.820  0.335  0.080  0.222  0.440 -0.099   0.4437973378
 115  0.820  0.335  0.080  0.222  0.440 -0.091   0.4437843946
 116  0.820  0.335  0.080  0.222  0.440 -0.090   0.4437839052
 125  0.820  0.345  0.080  0.222  0.440 -0.090   0.4436144049
 127  0.820  0.399  0.080  0.222  0.440 -0.090   0.4429917139
 131  0.820  0.397  0.080  0.222  0.440 -0.090   0.4429896679
 141  0.820  0.397  0.116  0.222  0.440 -0.090   0.4426279755
 142  0.820  0.397  0.113  0.222  0.440 -0.090   0.4426238689
 143  0.820  0.397  0.112  0.222  0.440 -0.090   0.4426201323
 145  0.820  0.397  0.107  0.222  0.440 -0.090   0.4426081816
 147  0.820  0.397  0.106  0.222  0.440 -0.090   0.4426068531
 155  0.820  0.397  0.106  0.412  0.440 -0.090   0.4403625207
 157  0.820  0.397  0.106  0.361  0.440 -0.090   0.4387655388
 159  0.820  0.397  0.106  0.340  0.440 -0.090   0.4383708402
 160  0.820  0.397  0.106  0.337  0.440 -0.090   0.4383555633
 161  0.820  0.397  0.106  0.332  0.440 -0.090   0.4383533271
 163  0.820  0.397  0.106  0.334  0.440 -0.090   0.4383481482
 173  0.820  0.397  0.106  0.334  0.431 -0.090   0.4382828202
 174  0.820  0.397  0.106  0.334  0.415 -0.090   0.4382739187
 176  0.820  0.397  0.106  0.334  0.422 -0.090   0.4382616076
 178  0.820  0.397  0.106  0.334  0.423 -0.090   0.4382609719
 188  0.825  0.399  0.107  0.336  0.425 -0.090   0.4382415330
  powell nthiter 2: fret = 0.438242
 201  0.825  0.399  0.107  0.336  0.425 -0.114   0.4380393608
 203  0.825  0.399  0.107  0.336  0.425 -0.113   0.4380379976
 214  0.825  0.397  0.107  0.336  0.425 -0.113   0.4380351349
 215  0.825  0.398  0.107  0.336  0.425 -0.113   0.4380349113
 222  0.825  0.398  0.060  0.336  0.425 -0.113   0.4375923793
 224  0.825  0.398  0.067  0.336  0.425 -0.113   0.4375536054
 225  0.825  0.398  0.070  0.336  0.425 -0.113   0.4375485905
 237  0.825  0.398  0.070  0.338  0.425 -0.113   0.4375407498
 238  0.825  0.398  0.070  0.340  0.425 -0.113   0.4375400177
 246  0.825  0.398  0.070  0.340  0.320 -0.113   0.4374878254
 247  0.825  0.398  0.070  0.340  0.370 -0.113   0.4374421553
 248  0.825  0.398  0.070  0.340  0.363 -0.113   0.4373471538
 249  0.825  0.398  0.070  0.340  0.347 -0.113   0.4371894985
 262  0.818  0.395  0.070  0.338  0.343 -0.113   0.4371151859
 263  0.815  0.394  0.069  0.337  0.341 -0.112   0.4371087758
 264  0.816  0.394  0.069  0.338  0.342 -0.112   0.4371081168
 265  0.816  0.394  0.069  0.338  0.342 -0.112   0.4371076061
  powell nthiter 3: fret = 0.437108
 276  0.816  0.394  0.069  0.338  0.342 -0.094   0.4369836664
 277  0.816  0.394  0.069  0.338  0.342 -0.093   0.4369829974
 278  0.816  0.394  0.069  0.338  0.342 -0.092   0.4369823761
 292  0.816  0.395  0.069  0.338  0.342 -0.092   0.4369821192
 303  0.816  0.395  0.037  0.338  0.342 -0.092   0.4369774032
 304  0.816  0.395  0.053  0.338  0.342 -0.092   0.4367717044
 305  0.816  0.395  0.054  0.338  0.342 -0.092   0.4367663292
 306  0.816  0.395  0.059  0.338  0.342 -0.092   0.4367637280
 308  0.816  0.395  0.057  0.338  0.342 -0.092   0.4367584426
 317  0.816  0.395  0.057  0.340  0.342 -0.092   0.4367340015
 319  0.816  0.395  0.057  0.364  0.342 -0.092   0.4367314862
 320  0.816  0.395  0.057  0.352  0.342 -0.092   0.4366452638
 322  0.816  0.395  0.057  0.353  0.342 -0.092   0.4366415017
 324  0.816  0.395  0.057  0.354  0.342 -0.092   0.4366371863
 332  0.816  0.395  0.057  0.354  0.343 -0.092   0.4366352578
 344  0.811  0.393  0.056  0.353  0.340 -0.092   0.4365791005
 345  0.809  0.392  0.056  0.352  0.339 -0.091   0.4365724024
 346  0.808  0.392  0.056  0.352  0.338 -0.091   0.4365706767
  powell nthiter 4: fret = 0.436571
 357  0.808  0.392  0.056  0.352  0.338 -0.105   0.4365313766
 358  0.808  0.392  0.056  0.352  0.338 -0.102   0.4365287965
 370  0.808  0.390  0.056  0.352  0.338 -0.102   0.4365270384
 371  0.808  0.389  0.056  0.352  0.338 -0.102   0.4365265852
 385  0.808  0.389  0.054  0.352  0.338 -0.102   0.4365130974
 386  0.808  0.389  0.052  0.352  0.338 -0.102   0.4365120327
 396  0.808  0.389  0.052  0.359  0.338 -0.102   0.4364561167
 397  0.808  0.389  0.052  0.363  0.338 -0.102   0.4364461421
 398  0.808  0.389  0.052  0.364  0.338 -0.102   0.4364456888
 406  0.808  0.389  0.052  0.364  0.340 -0.102   0.4364376907
 409  0.808  0.389  0.052  0.364  0.341 -0.102   0.4364306742
 411  0.808  0.389  0.052  0.364  0.343 -0.102   0.4364297861
 421  0.806  0.389  0.052  0.364  0.342 -0.102   0.4364170445
 422  0.803  0.387  0.051  0.363  0.340 -0.102   0.4364050975
 423  0.802  0.387  0.051  0.363  0.340 -0.102   0.4364050821
  powell nthiter 5: fret = 0.436405
 435  0.802  0.387  0.051  0.363  0.340 -0.100   0.4364010427
 437  0.802  0.387  0.051  0.363  0.340 -0.097   0.4364002071
 438  0.802  0.387  0.051  0.363  0.340 -0.098   0.4363992874
 448  0.802  0.386  0.051  0.363  0.340 -0.098   0.4363973422
 449  0.802  0.385  0.051  0.363  0.340 -0.098   0.4363971631
 463  0.802  0.385  0.050  0.363  0.340 -0.098   0.4363964206
 474  0.802  0.385  0.050  0.365  0.340 -0.098   0.4363915400
 484  0.802  0.385  0.050  0.365  0.341 -0.098   0.4363873831
 487  0.802  0.385  0.050  0.365  0.342 -0.098   0.4363828890
 489  0.802  0.385  0.050  0.365  0.343 -0.098   0.4363816606
 500  0.801  0.384  0.050  0.365  0.343 -0.098   0.4363796577
Powell done niters = 5
Computing relative cost
 0  -25.0 -25.0 -25.0   1.070657
 1  -25.0 -25.0  25.0   1.034086
 2  -25.0  25.0 -25.0   1.022581
 3  -25.0  25.0  25.0   1.061021
 4   25.0 -25.0 -25.0   1.054367
 5   25.0 -25.0  25.0   1.053964
 6   25.0  25.0 -25.0   1.020306
 7   25.0  25.0  25.0   1.049736
REL:  8  0.436380    8.366717  1.045840 rel = 0.417253 
Number of iterations     5
Min cost was 0.436380
Number of FunctionCalls   503
TolPowell 0.000100
nMaxItersPowell 36
OptimizationTime 0.674417 sec
Parameters at optimum (transmm)  0.80058  0.38403  0.05009
Parameters at optimum (rotdeg)  0.36454  0.34255 -0.09813 
Final costs ----------------
Number of surface hits 2474
WM  Intensity    45.0098 +/-   7.1021
Ctx Intensity    49.5239 +/-  11.7319
Pct Contrast      7.3378 +/-  25.6953
Cost   0.4364
RelCost   0.4848
Reg at min cost was 
 0.99985  -0.00327  -0.01683   1.11856;
 0.01681  -0.00747   0.99983   1.58381;
-0.00339  -0.99997  -0.00741  -0.98221;
 0.00000   0.00000   0.00000   1.00000;

Writing optimal reg to /out/sourcedata/freesurfer/sub-v2s0x30144_ses-1/mri/transforms/tmp.bbregister.55033/bbr.pass1.dat, type = 14 
Original Reg 
 0.99982   0.00272  -0.01850   0.32209;
 0.01854  -0.01384   0.99973   1.19374;
 0.00247  -0.99990  -0.01388  -1.03800;
 0.00000   0.00000   0.00000   1.00000;

Original Reg - Optimal Reg
-0.00003   0.00599  -0.00167  -0.79647;
 0.00173  -0.00637  -0.00010  -0.39007;
 0.00586   0.00007  -0.00647  -0.05580;
 0.00000   0.00000   0.00000   0.00000;

Computing change in lh position
LH rmsDiffMean 1.039043
Computing change in rh position
Surface-RMS-Diff-mm 1.011508 0.130964 1.314393
mri_segreg done
mri_segreg --mov /out/sourcedata/freesurfer/sub-v2s0x30144_ses-1/mri/transforms/tmp.bbregister.55033/template.nii --init-reg /out/sourcedata/freesurfer/sub-v2s0x30144_ses-1/mri/transforms/tmp.bbregister.55033/bbr.pass1.dat --out-reg /out/sourcedata/freesurfer/sub-v2s0x30144_ses-1/mri/transforms/FLAIRraw.auto.dat --interp trilinear --wm-proj-abs 1 --tol 1e-8 --tol1d 1e-3 --c0 0 --mincost /out/sourcedata/freesurfer/sub-v2s0x30144_ses-1/mri/transforms/FLAIRraw.auto.dat.mincost --dof 6 --nmax 36 --param /out/sourcedata/freesurfer/sub-v2s0x30144_ses-1/mri/transforms/FLAIRraw.auto.dat.param --surf white --brute -0.1 0.1 0.1 --cur-reg /out/sourcedata/freesurfer/sub-v2s0x30144_ses-1/mri/transforms/tmp.bbregister.55033/reg.curopt.dat --gm-proj-abs 2 --nsub 1 --gm-gt-wm 0.5
7.3.2
setenv SUBJECTS_DIR /out/sourcedata/freesurfer
cd /out/sourcedata/freesurfer/sub-v2s0x30144_ses-1/scripts
mri_segreg --mov /out/sourcedata/freesurfer/sub-v2s0x30144_ses-1/mri/transforms/tmp.bbregister.55033/template.nii --init-reg /out/sourcedata/freesurfer/sub-v2s0x30144_ses-1/mri/transforms/tmp.bbregister.55033/bbr.pass1.dat --out-reg /out/sourcedata/freesurfer/sub-v2s0x30144_ses-1/mri/transforms/FLAIRraw.auto.dat --interp trilinear --wm-proj-abs 1 --tol 1e-8 --tol1d 1e-3 --c0 0 --mincost /out/sourcedata/freesurfer/sub-v2s0x30144_ses-1/mri/transforms/FLAIRraw.auto.dat.mincost --dof 6 --nmax 36 --param /out/sourcedata/freesurfer/sub-v2s0x30144_ses-1/mri/transforms/FLAIRraw.auto.dat.param --surf white --brute -0.1 0.1 0.1 --cur-reg /out/sourcedata/freesurfer/sub-v2s0x30144_ses-1/mri/transforms/tmp.bbregister.55033/reg.curopt.dat --gm-proj-abs 2 --nsub 1 --gm-gt-wm 0.5 
sysname  Linux
hostname dna020
machine  x86_64
user     oesteban
movvol /out/sourcedata/freesurfer/sub-v2s0x30144_ses-1/mri/transforms/tmp.bbregister.55033/template.nii
regfile /out/sourcedata/freesurfer/sub-v2s0x30144_ses-1/mri/transforms/tmp.bbregister.55033/bbr.pass1.dat
subject sub-v2s0x30144_ses-1
dof 6
outregfile /out/sourcedata/freesurfer/sub-v2s0x30144_ses-1/mri/transforms/FLAIRraw.auto.dat
UseMask 0
UseLH 1
UseRH 1
nsubsamp 1
PenaltySign  -1
PenaltySlope 0.500000
PenaltyCenter 0.000000
surfname white
GMProjAbs 2.000000
WMProjAbs 1.000000
lhcostfile (null)
rhcostfile (null)
interp  trilinear (1)
frame  0
TolPowell 0.000000
nMaxItersPowell 36
n1dmin  3
Profile   0
Gdiag_no  -1
AddNoise  0 (0)
SynthSeed 1773418380
TransRandMax 0.000000
RotRandMax 0.000000
Translations 0.000000 0.000000 0.000000
Rotations   0.000000 0.000000 0.000000
Input reg
 0.99985  -0.00327  -0.01683   1.11856;
 0.01681  -0.00747   0.99983   1.58381;
-0.00339  -0.99997  -0.00741  -0.98221;
 0.00000   0.00000   0.00000   1.00000;

Loading mov
ExcludeZeroVoxels 1
Reading in targ vol /out/sourcedata/freesurfer/sub-v2s0x30144_ses-1/mri/orig.mgz
Projecting LH Surfs
Loading lh.white surf
GM Proj: 0 0.500000 2.000000
WM Proj: 0 0.500000 1.000000
Projecting RH Surfs
Loading rh.white surf
Projecting RH Surfs
Using lh.cortex.label
Using rh.cortex.label
Computing relative cost
 0  -25.0 -25.0 -25.0   1.043475
 1  -25.0 -25.0  25.0   1.032565
 2  -25.0  25.0 -25.0   1.020265
 3  -25.0  25.0  25.0   1.019976
 4   25.0 -25.0 -25.0   1.038335
 5   25.0 -25.0  25.0   1.049032
 6   25.0  25.0 -25.0   1.033204
 7   25.0  25.0  25.0   1.033398
REL:  8  0.505324    8.270249  1.033781 rel = 0.488811 
Initial costs ----------------
Number of surface hits 247208
WM  Intensity    45.7549 +/-   7.0841
Ctx Intensity    49.3266 +/-  11.6607
Pct Contrast      5.3269 +/-  25.8708
Cost   0.5053
RelCost   0.4888

------------------------------------
Brute force preopt -0.1 0.1 0.1, n = 729
     0  -0.1000  -0.1000  -0.1000  -0.1000  -0.1000  -0.1000      0.4876   0.4876  0.0
     2  -0.1000  -0.1000  -0.1000  -0.1000  -0.1000   0.1000      0.4868   0.4868  0.0
     3  -0.1000  -0.1000  -0.1000  -0.1000   0.0000  -0.1000      0.4821   0.4821  0.0
     6  -0.1000  -0.1000  -0.1000  -0.1000   0.1000  -0.1000      0.4794   0.4794  0.0
    12  -0.1000  -0.1000  -0.1000   0.0000   0.0000  -0.1000      0.4753   0.4753  0.0
    15  -0.1000  -0.1000  -0.1000   0.0000   0.1000  -0.1000      0.4740   0.4740  0.0
    21  -0.1000  -0.1000  -0.1000   0.1000   0.0000  -0.1000      0.4725   0.4725  0.0
    24  -0.1000  -0.1000  -0.1000   0.1000   0.1000  -0.1000      0.4712   0.4712  0.0
    51  -0.1000  -0.1000   0.0000   0.1000   0.1000  -0.1000      0.4698   0.4698  0.0
   102  -0.1000   0.0000  -0.1000   0.1000   0.0000  -0.1000      0.4692   0.4692  0.0
   129  -0.1000   0.0000   0.0000   0.1000   0.0000  -0.1000      0.4672   0.4672  0.0
   132  -0.1000   0.0000   0.0000   0.1000   0.1000  -0.1000      0.4655   0.4655  0.0
   240  -0.1000   0.1000   0.1000   0.1000   0.1000  -0.1000      0.4649   0.4649  0.0
Brute Force --------------------------
Min cost was 0.464850
Number of iterations   729
Search time 1.137638 sec
Parameters at best (transmm, rotdeg)
 -0.100   0.100   0.100  0.100  0.100 -0.100 
--------------------------------------------

Starting Powell Minimization
Init Powel Params dof = 6
0 -0.1
1 0.1
2 0.1
3 0.1
4 0.1
5 -0.1
fs_powell::minimize
  nparams 6
  maxfev 36
  ftol   0.000000
  linmin_xtol_   0.001000
  powell nthiter 0: fret = 0.502606
   7 -0.144  0.100  0.100  0.100  0.100 -0.100   0.5023908080
   9 -0.147  0.100  0.100  0.100  0.100 -0.100   0.5023893415
  18 -0.147 -0.069  0.100  0.100  0.100 -0.100   0.4999792562
  20 -0.147 -0.070  0.100  0.100  0.100 -0.100   0.4999790794
  21 -0.147 -0.071  0.100  0.100  0.100 -0.100   0.4999788951
  25 -0.147 -0.081  0.100  0.100  0.100 -0.100   0.4999742230
  26 -0.147 -0.086  0.100  0.100  0.100 -0.100   0.4999721161
  37 -0.147 -0.086  0.054  0.100  0.100 -0.100   0.4999568108
  39 -0.147 -0.086  0.074  0.100  0.100 -0.100   0.4999078765
  40 -0.147 -0.086  0.075  0.100  0.100 -0.100   0.4999074760
  41 -0.147 -0.086  0.077  0.100  0.100 -0.100   0.4999070496
  49 -0.147 -0.086  0.077  0.482  0.100 -0.100   0.4975701992
  50 -0.147 -0.086  0.077  0.350  0.100 -0.100   0.4968393978
  51 -0.147 -0.086  0.077  0.357  0.100 -0.100   0.4968369266
  52 -0.147 -0.086  0.077  0.358  0.100 -0.100   0.4968365290
  54 -0.147 -0.086  0.077  0.376  0.100 -0.100   0.4968246690
  55 -0.147 -0.086  0.077  0.387  0.100 -0.100   0.4968236480
  58 -0.147 -0.086  0.077  0.386  0.100 -0.100   0.4968235931
  64 -0.147 -0.086  0.077  0.386 -0.518 -0.100   0.4926190541
  66 -0.147 -0.086  0.077  0.386 -0.264 -0.100   0.4877997264
  68 -0.147 -0.086  0.077  0.386 -0.275 -0.100   0.4877835770
  70 -0.147 -0.086  0.077  0.386 -0.284 -0.100   0.4877834191
  71 -0.147 -0.086  0.077  0.386 -0.279 -0.100   0.4877814396
  80 -0.147 -0.086  0.077  0.386 -0.279 -0.143   0.4875652862
  81 -0.147 -0.086  0.077  0.386 -0.279 -0.174   0.4875177340
  82 -0.147 -0.086  0.077  0.386 -0.279 -0.173   0.4875174605
  powell nthiter 1: fret = 0.487517
  92 -0.282 -0.086  0.077  0.386 -0.279 -0.173   0.4871889630
  93 -0.236 -0.086  0.077  0.386 -0.279 -0.173   0.4869814023
  95 -0.239 -0.086  0.077  0.386 -0.279 -0.173   0.4869796011
 105 -0.239 -0.084  0.077  0.386 -0.279 -0.173   0.4869781149
 106 -0.239 -0.081  0.077  0.386 -0.279 -0.173   0.4869776424
 107 -0.239 -0.082  0.077  0.386 -0.279 -0.173   0.4869775423
 115 -0.239 -0.082  0.104  0.386 -0.279 -0.173   0.4866680538
 116 -0.239 -0.082  0.153  0.386 -0.279 -0.173   0.4864999645
 118 -0.239 -0.082  0.158  0.386 -0.279 -0.173   0.4864915699
 120 -0.239 -0.082  0.202  0.386 -0.279 -0.173   0.4864875766
 121 -0.239 -0.082  0.181  0.386 -0.279 -0.173   0.4864464153
 123 -0.239 -0.082  0.184  0.386 -0.279 -0.173   0.4864449499
 125 -0.239 -0.082  0.187  0.386 -0.279 -0.173   0.4864442870
 134 -0.239 -0.082  0.186  0.479 -0.279 -0.173   0.4854961595
 136 -0.239 -0.082  0.186  0.491 -0.279 -0.173   0.4854846828
 139 -0.239 -0.082  0.186  0.492 -0.279 -0.173   0.4854846362
 147 -0.239 -0.082  0.186  0.492 -0.327 -0.173   0.4852203253
 149 -0.239 -0.082  0.186  0.492 -0.335 -0.173   0.4852127229
 151 -0.239 -0.082  0.186  0.492 -0.334 -0.173   0.4852127188
 161 -0.239 -0.082  0.186  0.492 -0.334 -0.172   0.4852109144
 162 -0.239 -0.082  0.186  0.492 -0.334 -0.160   0.4851949622
 164 -0.239 -0.082  0.186  0.492 -0.334 -0.157   0.4851939035
  powell nthiter 2: fret = 0.485194
 177 -0.240 -0.082  0.186  0.492 -0.334 -0.157   0.4851936915
 185 -0.240 -0.103  0.186  0.492 -0.334 -0.157   0.4850975637
 187 -0.240 -0.106  0.186  0.492 -0.334 -0.157   0.4850939964
 197 -0.240 -0.107  0.164  0.492 -0.334 -0.157   0.4850382810
 199 -0.240 -0.107  0.165  0.492 -0.334 -0.157   0.4850380348
 201 -0.240 -0.107  0.166  0.492 -0.334 -0.157   0.4850379148
 209 -0.240 -0.107  0.166  0.502 -0.334 -0.157   0.4850074496
 210 -0.240 -0.107  0.166  0.524 -0.334 -0.157   0.4849979042
 212 -0.240 -0.107  0.166  0.515 -0.334 -0.157   0.4849886845
 222 -0.240 -0.107  0.166  0.515 -0.336 -0.157   0.4849883325
 223 -0.240 -0.107  0.166  0.515 -0.337 -0.157   0.4849883237
 233 -0.240 -0.107  0.166  0.515 -0.337 -0.175   0.4849493716
  powell nthiter 3: fret = 0.484949
 246 -0.246 -0.107  0.166  0.515 -0.337 -0.176   0.4849479388
 247 -0.244 -0.107  0.166  0.515 -0.337 -0.176   0.4849474259
 248 -0.243 -0.107  0.166  0.515 -0.337 -0.176   0.4849473684
 265 -0.243 -0.107  0.159  0.515 -0.337 -0.176   0.4849430406
 266 -0.243 -0.107  0.160  0.515 -0.337 -0.176   0.4849425484
 267 -0.243 -0.107  0.161  0.515 -0.337 -0.176   0.4849424012
 277 -0.243 -0.107  0.161  0.530 -0.337 -0.176   0.4849413291
 279 -0.243 -0.107  0.161  0.523 -0.337 -0.176   0.4849346980
 281 -0.243 -0.107  0.161  0.524 -0.337 -0.176   0.4849346740
 302 -0.243 -0.107  0.161  0.524 -0.337 -0.179   0.4849345378
 305 -0.243 -0.107  0.161  0.524 -0.337 -0.178   0.4849342204
  powell nthiter 4: fret = 0.484934
 317 -0.244 -0.107  0.161  0.524 -0.337 -0.178   0.4849340491
 326 -0.244 -0.105  0.161  0.524 -0.337 -0.178   0.4849332257
 336 -0.244 -0.105  0.157  0.524 -0.337 -0.178   0.4849330397
 338 -0.244 -0.105  0.158  0.524 -0.337 -0.178   0.4849328344
 339 -0.244 -0.105  0.159  0.524 -0.337 -0.178   0.4849327557
  powell nthiter 5: fret = 0.484933
Powell done niters = 5
Computing relative cost
 0  -25.0 -25.0 -25.0   1.048654
 1  -25.0 -25.0  25.0   1.035980
 2  -25.0  25.0 -25.0   1.020912
 3  -25.0  25.0  25.0   1.017103
 4   25.0 -25.0 -25.0   1.039014
 5   25.0 -25.0  25.0   1.051221
 6   25.0  25.0 -25.0   1.033015
 7   25.0  25.0  25.0   1.031234
REL:  8  0.484933    8.277135  1.034642 rel = 0.468696 
Number of iterations     5
Min cost was 0.484933
Number of FunctionCalls   429
TolPowell 0.000000
nMaxItersPowell 36
OptimizationTime 16.909145 sec
Parameters at optimum (transmm) -0.24429 -0.10509  0.15936
Parameters at optimum (rotdeg)  0.52411 -0.33685 -0.17819 
Final costs ----------------
Number of surface hits 247208
WM  Intensity    45.5996 +/-   7.0174
Ctx Intensity    49.3608 +/-  11.4677
Pct Contrast      5.8900 +/-  24.9297
Cost   0.4849
RelCost   0.4888
Reg at min cost was 
 0.99990   0.00262  -0.01373   0.88489;
 0.01373   0.00167   0.99990   1.48414;
 0.00264  -0.99999   0.00163  -0.80173;
 0.00000   0.00000   0.00000   1.00000;

Writing optimal reg to /out/sourcedata/freesurfer/sub-v2s0x30144_ses-1/mri/transforms/FLAIRraw.auto.dat, type = 14 
Original Reg 
 0.99985  -0.00327  -0.01683   1.11856;
 0.01681  -0.00747   0.99983   1.58381;
-0.00339  -0.99997  -0.00741  -0.98221;
 0.00000   0.00000   0.00000   1.00000;

Original Reg - Optimal Reg
-0.00005  -0.00588  -0.00310   0.23367;
 0.00308  -0.00914  -0.00007   0.09968;
-0.00603   0.00003  -0.00905  -0.18048;
 0.00000   0.00000   0.00000   0.00000;

Computing change in lh position
LH rmsDiffMean 0.565700
Computing change in rh position
Surface-RMS-Diff-mm 0.624183 0.251932 1.245485
mri_segreg done
MinCost: 0.484933 45.599625 49.360830 5.889998 
tkregister2_cmdl --mov /out/sourcedata/freesurfer/sub-v2s0x30144_ses-1/mri/orig/FLAIRraw.mgz --reg /out/sourcedata/freesurfer/sub-v2s0x30144_ses-1/mri/transforms/FLAIRraw.auto.dat --noedit --ltaout /out/sourcedata/freesurfer/sub-v2s0x30144_ses-1/mri/transforms/FLAIRraw.auto.lta
INFO: no target volume specified, assuming FreeSurfer orig volume.
target  volume orig
movable volume /out/sourcedata/freesurfer/sub-v2s0x30144_ses-1/mri/orig/FLAIRraw.mgz
reg file       /out/sourcedata/freesurfer/sub-v2s0x30144_ses-1/mri/transforms/FLAIRraw.auto.dat
LoadVol        0
ZeroCRAS       0
7.3.2
Diagnostic Level -1
---- Input registration matrix --------
 0.99990   0.00262  -0.01373   0.88489;
 0.01373   0.00167   0.99990   1.48414;
 0.00264  -0.99999   0.00163  -0.80173;
 0.00000   0.00000   0.00000   1.00000;
float2int = 0
---------------------------------------
INFO: loading target /out/sourcedata/freesurfer/sub-v2s0x30144_ses-1/mri/orig.mgz
Ttarg: --------------------
-1.00000   0.00000   0.00000   128.00000;
 0.00000   0.00000   1.00000  -128.00000;
 0.00000  -1.00000   0.00000   128.00000;
 0.00000   0.00000   0.00000   1.00000;
INFO: loading movable /out/sourcedata/freesurfer/sub-v2s0x30144_ses-1/mri/orig/FLAIRraw.mgz
Tmov: --------------------
-0.97656   0.00000   0.00000   91.30859;
 0.00000   0.00000   0.97656  -125.00000;
 0.00000  -0.97656   0.00000   125.00000;
 0.00000   0.00000   0.00000   1.00000;
mkheaderreg = 0, float2int = 0
---- Input registration matrix --------
 0.99990   0.00262  -0.01373   0.88489;
 0.01373   0.00167   0.99990   1.48414;
 0.00264  -0.99999   0.00163  -0.80173;
 0.00000   0.00000   0.00000   1.00000;
Determinant 0.999999
subject = sub-v2s0x30144_ses-1
RegMat ---------------------------
 0.99990   0.00262  -0.01373   0.88489;
 0.01373   0.00167   0.99990   1.48414;
 0.00264  -0.99999   0.00163  -0.80173;
 0.00000   0.00000   0.00000   1.00000;
Cleaning up
 
Started at Tue Mar 10 15:33:14 CET 2026 
Ended   at Tue Mar 10 15:34:35 CET 2026
BBR-Run-Time-Sec 81
 
bbregister Done
To check results, run:
tkregisterfv --mov /out/sourcedata/freesurfer/sub-v2s0x30144_ses-1/mri/orig/FLAIRraw.mgz --reg /out/sourcedata/freesurfer/sub-v2s0x30144_ses-1/mri/transforms/FLAIRraw.auto.lta --surfs  --sd /out/sourcedata/freesurfer
