/out/sourcedata/freesurfer/sub-v2s0x29020_ses-1/mri
/opt/freesurfer/bin/talairach_avi
--i orig_nu.mgz --xfm transforms/talairach.auto.xfm
talairach_avi 7.3.2
Linux dna030 5.14.0-427.37.1.el9_4.x86_64 #1 SMP PREEMPT_DYNAMIC Fri Sep 13 12:41:50 EDT 2024 x86_64 x86_64 x86_64 GNU/Linux
Tue Mar 10 08:41:00 CET 2026
mri_convert orig_nu.mgz talsrcimg.img 
reading from orig_nu.mgz...
TR=0.00, TE=0.00, TI=0.00, flip angle=0.00
i_ras = (-1, 0, 0)
j_ras = (0, 0, -1)
k_ras = (0, 1, 0)
writing to talsrcimg.img...
Analyze Output Matrix
-1.00000   0.00000   0.00000   129.77406;
 0.00000   0.00000   1.00000  -89.94469;
 0.00000  -1.00000   0.00000   141.48907;
 0.00000   0.00000   0.00000   1.00000;
--------------------
INFO: set hdr.hist.orient to -1
mpr2mni305 talsrcimg
Tue Mar 10 08:41:01 CET 2026
/opt/freesurfer/bin/mpr2mni305 talsrcimg
mpr2mni305 7.3.2
target=711-2C_as_mni_average_305

---------------------------------------------------------------------
analyzeto4dfp talsrcimg -O0 -y
---------------------------------------------------------------------

freesurfer ifh2hdr.c
Tue Mar 10 08:41:01 2026
Writing: talsrcimg.4dfp.hdr
freesurfer analyzeto4dfp.c
Reading: talsrcimg.hdr
header size 348 bytes
hdr.dime.datatype	offset=70	value=2
hdr.dime.bitpix		offset=72	value=8
hdr.hist.orient		offset=252	value=-1
dimensionality     4
dimensions       256       256       256         1
Reading: talsrcimg.img
Writing: talsrcimg.4dfp.img
Writing: talsrcimg.4dfp.ifh
ifh2hdr talsrcimg -r0to252
ori=2

---------------------------------------------------------------------
gauss_4dfp talsrcimg 1.1
---------------------------------------------------------------------

freesurfer gauss_4dfp.c
Reading: talsrcimg.4dfp.img
Writing: talsrcimg_g11.4dfp.img
image dimensions 256 256 256 padded to 288 288 288
processing volume 1freesurfer ifh2hdr.c
Tue Mar 10 08:41:02 2026
Writing: talsrcimg_g11.4dfp.hdr

Writing: talsrcimg_g11.4dfp.ifh
including: talsrcimg.4dfp.img.rec in talsrcimg_g11.4dfp.img.rec

---------------------------------------------------------------------
imgreg_4dfp /opt/freesurfer/average/711-2C_as_mni_average_305 none talsrcimg_g11 none talsrcimg_to_711-2C_as_mni_average_305_t4 4355
---------------------------------------------------------------------

freesurfer imgreg_4dfp.c
/opt/freesurfer/average/711-2C_as_mni_average_305.4dfp.img
       256       256       256         1
  1.000000  1.000000  1.000000
orientation T byte_order littleendian
Reading image: /opt/freesurfer/average/711-2C_as_mni_average_305.4dfp.img
dimensions:      256       256       256
mmppix:       1.0000   -1.0000   -1.0000
center:     128.0000 -129.0000 -129.0000
talsrcimg_g11.4dfp.img
       256       256       256         1
  1.000000  1.000000  1.000000
orientation T byte_order littleendian
Reading image: talsrcimg_g11.4dfp.img
dimensions:      256       256       256
mmppix:       1.0000   -1.0000   -1.0000
center:     128.0000 -129.0000 -129.0000
t4_read: open error in t4_sub.f l:  41 t4_file(1:l)talsrcimg_to_711-2C_as_mni_average_305_t4 
t4_read: transform initialized to I4
rotation matrix determinant  1.000000
image alignment mode   4355 decimal     1103 hex
   -7.5000  -45.0000  -45.000010104.3350    9.6531
    0.0000  -45.0000  -45.000010480.3369    9.7003
    7.5000  -45.0000  -45.000010072.7256    9.6897
   -7.5000  -37.5000  -45.000010267.5986    9.6032
    0.0000  -37.5000  -45.000010648.8975    9.6505
    7.5000  -37.5000  -45.000010220.4629    9.6403
   -7.5000  -30.0000  -45.000010755.1436    9.4341
    0.0000  -30.0000  -45.000011153.6172    9.4812
    7.5000  -30.0000  -45.000010674.0293    9.4710
   -7.5000  -22.5000  -45.000011215.7217    9.2967
    0.0000  -22.5000  -45.000011647.6299    9.3427
    7.5000  -22.5000  -45.000011102.3291    9.3320
   -7.5000  -15.0000  -45.000011671.8574    9.2188
    0.0000  -15.0000  -45.000012132.8545    9.2637
    7.5000  -15.0000  -45.000011522.0596    9.2532
   -7.5000   -7.5000  -45.000012128.9004    9.1990
    0.0000   -7.5000  -45.000012576.2402    9.2431
    7.5000   -7.5000  -45.000011930.7178    9.2335
   -7.5000    0.0000  -45.000012449.0449    9.2004
    0.0000    0.0000  -45.000012900.8047    9.2440
    7.5000    0.0000  -45.000012241.0166    9.2350
   -7.5000    7.5000  -45.000011872.3750    9.3237
    0.0000    7.5000  -45.000012324.3340    9.3683
    7.5000    7.5000  -45.000011670.7148    9.3588
   -7.5000   15.0000  -45.000011266.3232    9.5197
    0.0000   15.0000  -45.000011680.5693    9.5657
    7.5000   15.0000  -45.000011063.6260    9.5554
   -7.5000   22.5000  -45.000010623.8408    9.7498
    0.0000   22.5000  -45.000011007.2354    9.7974
    7.5000   22.5000  -45.000010397.8115    9.7872
   -7.5000   30.0000  -45.0000 9959.2148    9.8852
    0.0000   30.0000  -45.000010318.1787    9.9314
    7.5000   30.0000  -45.0000 9741.3301    9.9215
   -7.5000   37.5000  -45.0000 9614.3408   10.1835
    0.0000   37.5000  -45.0000 9963.6426   10.2293
    7.5000   37.5000  -45.0000 9420.4697   10.2200
   -7.5000   45.0000  -45.0000 9033.8574   10.2675
    0.0000   45.0000  -45.0000 9370.3730   10.3149
    7.5000   45.0000  -45.0000 8843.3076   10.3077
   -7.5000  -45.0000  -37.500010503.7637    9.6600
    0.0000  -45.0000  -37.500010866.0117    9.7027
    7.5000  -45.0000  -37.500010446.5254    9.6906
   -7.5000  -37.5000  -37.500010664.0537    9.6057
    0.0000  -37.5000  -37.500011037.2246    9.6497
    7.5000  -37.5000  -37.500010592.8838    9.6400
   -7.5000  -30.0000  -37.500011196.4766    9.4363
    0.0000  -30.0000  -37.500011611.3994    9.4806
    7.5000  -30.0000  -37.500011102.9805    9.4725
   -7.5000  -22.5000  -37.500011721.3252    9.3009
    0.0000  -22.5000  -37.500012184.4365    9.3439
    7.5000  -22.5000  -37.500011599.2539    9.3346
   -7.5000  -15.0000  -37.500012242.3262    9.2252
    0.0000  -15.0000  -37.500012738.0566    9.2662
    7.5000  -15.0000  -37.500012076.2588    9.2551
   -7.5000   -7.5000  -37.500012727.4014    9.2056
    0.0000   -7.5000  -37.500013229.6074    9.2453
    7.5000   -7.5000  -37.500012532.7744    9.2340
   -7.5000    0.0000  -37.500013083.0781    9.2053
    0.0000    0.0000  -37.500013577.7812    9.2449
    7.5000    0.0000  -37.500012870.1465    9.2346
   -7.5000    7.5000  -37.500012501.4766    9.3265
    0.0000    7.5000  -37.500012967.0947    9.3678
    7.5000    7.5000  -37.500012270.4307    9.3589
   -7.5000   15.0000  -37.500011874.0088    9.5230
    0.0000   15.0000  -37.500012318.7422    9.5663
    7.5000   15.0000  -37.500011647.0410    9.5584
   -7.5000   22.5000  -37.500011214.8018    9.7542
    0.0000   22.5000  -37.500011628.1904    9.7986
    7.5000   22.5000  -37.500010965.9404    9.7900
   -7.5000   30.0000  -37.500010502.0508    9.8918
    0.0000   30.0000  -37.500010889.8213    9.9343
    7.5000   30.0000  -37.500010253.3584    9.9243
   -7.5000   37.5000  -37.500010125.2451   10.1908
    0.0000   37.5000  -37.500010506.3154   10.2324
    7.5000   37.5000  -37.5000 9889.1260   10.2219
   -7.5000   45.0000  -37.5000 9507.0820   10.2719
    0.0000   45.0000  -37.5000 9868.6426   10.3153
    7.5000   45.0000  -37.5000 9279.5195   10.3070
   -7.5000  -45.0000  -30.000011079.2324   10.0740
    0.0000  -45.0000  -30.000011466.4766   10.1161
    7.5000  -45.0000  -30.000011007.4600   10.1030
   -7.5000  -37.5000  -30.000011257.5010   10.0145
    0.0000  -37.5000  -30.000011651.9971   10.0573
    7.5000  -37.5000  -30.000011175.5195   10.0475
   -7.5000  -30.0000  -30.000011827.2754    9.8371
    0.0000  -30.0000  -30.000012256.5020    9.8802
    7.5000  -30.0000  -30.000011725.0732    9.8725
   -7.5000  -22.5000  -30.000012416.8691    9.6990
    0.0000  -22.5000  -30.000012897.8828    9.7405
    7.5000  -22.5000  -30.000012291.7686    9.7313
   -7.5000  -15.0000  -30.000013006.9131    9.6231
    0.0000  -15.0000  -30.000013521.1162    9.6628
    7.5000  -15.0000  -30.000012836.9502    9.6509
   -7.5000   -7.5000  -30.000013534.7891    9.6022
    0.0000   -7.5000  -30.000014072.3281    9.6412
    7.5000   -7.5000  -30.000013324.1807    9.6286
   -7.5000    0.0000  -30.000013945.9717    9.5987
    0.0000    0.0000  -30.000014486.6113    9.6378
    7.5000    0.0000  -30.000013719.9238    9.6267
   -7.5000    7.5000  -30.000013328.3926    9.7230
    0.0000    7.5000  -30.000013869.1875    9.7632
    7.5000    7.5000  -30.000013106.0664    9.7542
   -7.5000   15.0000  -30.000012670.6426    9.9280
    0.0000   15.0000  -30.000013180.4014    9.9694
    7.5000   15.0000  -30.000012439.0615    9.9624
   -7.5000   22.5000  -30.000011984.0615   10.1693
    0.0000   22.5000  -30.000012446.8730   10.2110
    7.5000   22.5000  -30.000011723.9023   10.2029
   -7.5000   30.0000  -30.000011240.4297   10.3175
    0.0000   30.0000  -30.000011675.0527   10.3578
    7.5000   30.0000  -30.000010976.7383   10.3479
   -7.5000   37.5000  -30.000010835.4023   10.6297
    0.0000   37.5000  -30.000011264.4482   10.6700
    7.5000   37.5000  -30.000010577.3096   10.6584
   -7.5000   45.0000  -30.000010137.0771   10.7189
    0.0000   45.0000  -30.000010536.6689   10.7611
    7.5000   45.0000  -30.0000 9892.0469   10.7518
   -7.5000  -45.0000  -22.500011646.7881   10.4202
    0.0000  -45.0000  -22.500012050.4346   10.4664
    7.5000  -45.0000  -22.500011588.6670   10.4541
   -7.5000  -37.5000  -22.500011874.4346   10.3608
    0.0000  -37.5000  -22.500012278.9199   10.4059
    7.5000  -37.5000  -22.500011791.9648   10.3951
   -7.5000  -30.0000  -22.500012503.5459   10.1768
    0.0000  -30.0000  -22.500012938.2246   10.2210
    7.5000  -30.0000  -22.500012415.1562   10.2115
   -7.5000  -22.5000  -22.500013129.5010   10.0340
    0.0000  -22.5000  -22.500013629.9590   10.0769
    7.5000  -22.5000  -22.500013018.5771   10.0663
   -7.5000  -15.0000  -22.500013769.9961    9.9558
    0.0000  -15.0000  -22.500014322.7402    9.9982
    7.5000  -15.0000  -22.500013629.9150    9.9861
   -7.5000   -7.5000  -22.500014348.4033    9.9338
    0.0000   -7.5000  -22.500014917.2109    9.9767
    7.5000   -7.5000  -22.500014156.6387    9.9649
   -7.5000    0.0000  -22.500014798.5908    9.9294
    0.0000    0.0000  -22.500015396.5283    9.9722
    7.5000    0.0000  -22.500014599.7393    9.9615
   -7.5000    7.5000  -22.500014174.7764   10.0585
    0.0000    7.5000  -22.500014769.0898   10.1009
    7.5000    7.5000  -22.500013986.5752   10.0909
   -7.5000   15.0000  -22.500013469.7598   10.2699
    0.0000   15.0000  -22.500014031.7744   10.3117
    7.5000   15.0000  -22.500013272.5430   10.3029
   -7.5000   22.5000  -22.500012727.7549   10.5181
    0.0000   22.5000  -22.500013244.1729   10.5600
    7.5000   22.5000  -22.500012487.4170   10.5507
   -7.5000   30.0000  -22.500011936.6514   10.6739
    0.0000   30.0000  -22.500012436.9746   10.7155
    7.5000   30.0000  -22.500011707.5410   10.7056
   -7.5000   37.5000  -22.500011529.8984   10.9973
    0.0000   37.5000  -22.500012026.6729   11.0401
    7.5000   37.5000  -22.500011307.5234   11.0288
   -7.5000   45.0000  -22.500010771.0029   11.0980
    0.0000   45.0000  -22.500011238.8711   11.1429
    7.5000   45.0000  -22.500010555.7559   11.1339
   -7.5000  -45.0000  -15.000012148.0742   10.6630
    0.0000  -45.0000  -15.000012543.9619   10.7151
    7.5000  -45.0000  -15.000012101.4766   10.7039
   -7.5000  -37.5000  -15.000012436.3320   10.6073
    0.0000  -37.5000  -15.000012851.6270   10.6571
    7.5000  -37.5000  -15.000012367.5928   10.6449
   -7.5000  -30.0000  -15.000013141.6895   10.4189
    0.0000  -30.0000  -15.000013611.1006   10.4672
    7.5000  -30.0000  -15.000013056.9756   10.4548
   -7.5000  -22.5000  -15.000013832.1396   10.2698
    0.0000  -22.5000  -15.000014356.4385   10.3169
    7.5000  -22.5000  -15.000013721.4824   10.3043
   -7.5000  -15.0000  -15.000014504.8057   10.1871
    0.0000  -15.0000  -15.000015103.4756   10.2345
    7.5000  -15.0000  -15.000014391.4316   10.2228
   -7.5000   -7.5000  -15.000015116.4648   10.1647
    0.0000   -7.5000  -15.000015781.8770   10.2132
    7.5000   -7.5000  -15.000014980.3828   10.2029
   -7.5000    0.0000  -15.000015617.9521   10.1627
    0.0000    0.0000  -15.000016319.8359   10.2108
    7.5000    0.0000  -15.000015472.2705   10.2010
   -7.5000    7.5000  -15.000015009.6133   10.2974
    0.0000    7.5000  -15.000015672.7070   10.3443
    7.5000    7.5000  -15.000014865.0654   10.3331
   -7.5000   15.0000  -15.000014294.2031   10.5130
    0.0000   15.0000  -15.000014905.5566   10.5586
    7.5000   15.0000  -15.000014135.5000   10.5467
   -7.5000   22.5000  -15.000013483.2578   10.7647
    0.0000   22.5000  -15.000014073.9355   10.8107
    7.5000   22.5000  -15.000013309.2842   10.7993
   -7.5000   30.0000  -15.000012630.3457   10.9236
    0.0000   30.0000  -15.000013211.1289   10.9699
    7.5000   30.0000  -15.000012477.5322   10.9598
   -7.5000   37.5000  -15.000012172.1484   11.2548
    0.0000   37.5000  -15.000012776.9922   11.3027
    7.5000   37.5000  -15.000012054.8096   11.2923
   -7.5000   45.0000  -15.000011379.7598   11.3671
    0.0000   45.0000  -15.000011946.7373   11.4174
    7.5000   45.0000  -15.000011251.4170   11.4094
   -7.5000  -45.0000   -7.500012644.3320   10.7800
    0.0000  -45.0000   -7.500013042.3604   10.8348
    7.5000  -45.0000   -7.500012593.9502   10.8241
   -7.5000  -37.5000   -7.500012993.1924   10.7262
    0.0000  -37.5000   -7.500013403.0713   10.7795
    7.5000  -37.5000   -7.500012912.9678   10.7673
   -7.5000  -30.0000   -7.500013777.7920   10.5367
    0.0000  -30.0000   -7.500014229.2881   10.5889
    7.5000  -30.0000   -7.500013670.8535   10.5757
   -7.5000  -22.5000   -7.500014512.6562   10.3835
    0.0000  -22.5000   -7.500015036.1475   10.4345
    7.5000  -22.5000   -7.500014398.1172   10.4214
   -7.5000  -15.0000   -7.500015200.7383   10.2970
    0.0000  -15.0000   -7.500015820.1855   10.3480
    7.5000  -15.0000   -7.500015109.8662   10.3365
   -7.5000   -7.5000   -7.500015840.3457   10.2745
    0.0000   -7.5000   -7.500016555.3184   10.3258
    7.5000   -7.5000   -7.500015738.9023   10.3162
   -7.5000    0.0000   -7.500016403.0898   10.2752
    0.0000    0.0000   -7.500017156.5078   10.3258
    7.5000    0.0000   -7.500016293.1709   10.3164
   -7.5000    7.5000   -7.500015817.6836   10.4133
    0.0000    7.5000   -7.500016556.3359   10.4636
    7.5000    7.5000   -7.500015723.8086   10.4522
   -7.5000   15.0000   -7.500015206.2158   10.6316
    0.0000   15.0000   -7.500015939.0840   10.6817
    7.5000   15.0000   -7.500015088.3047   10.6686
   -7.5000   22.5000   -7.500014396.1367   10.8844
    0.0000   22.5000   -7.500015157.8027   10.9357
    7.5000   22.5000   -7.500014316.3320   10.9234
   -7.5000   30.0000   -7.500013440.1982   11.0434
    0.0000   30.0000   -7.500014177.0811   11.0946
    7.5000   30.0000   -7.500013399.8701   11.0839
   -7.5000   37.5000   -7.500012896.2617   11.3773
    0.0000   37.5000   -7.500013597.6074   11.4291
    7.5000   37.5000   -7.500012891.2705   11.4193
   -7.5000   45.0000   -7.500012032.5869   11.4947
    0.0000   45.0000   -7.500012682.8672   11.5487
    7.5000   45.0000   -7.500011989.5439   11.5412
   -7.5000  -45.0000    0.000013099.1768   10.8013
    0.0000  -45.0000    0.000013427.8135   10.8541
    7.5000  -45.0000    0.000012966.6631   10.8423
   -7.5000  -37.5000    0.000013518.5068   10.7455
    0.0000  -37.5000    0.000013849.1523   10.7985
    7.5000  -37.5000    0.000013353.4277   10.7870
   -7.5000  -30.0000    0.000014356.7197   10.5563
    0.0000  -30.0000    0.000014741.2002   10.6091
    7.5000  -30.0000    0.000014169.1426   10.5976
   -7.5000  -22.5000    0.000015126.1885   10.4025
    0.0000  -22.5000    0.000015571.0869   10.4541
    7.5000  -22.5000    0.000014939.1240   10.4421
   -7.5000  -15.0000    0.000015873.5488   10.3154
    0.0000  -15.0000    0.000016411.2891   10.3657
    7.5000  -15.0000    0.000015715.6895   10.3540
   -7.5000   -7.5000    0.000016539.5684   10.2933
    0.0000   -7.5000    0.000017180.2793   10.3426
    7.5000   -7.5000    0.000016406.2754   10.3319
   -7.5000    0.0000    0.000017114.1465   10.2948
    0.0000    0.0000    0.000017831.7773   10.3436
    7.5000    0.0000    0.000016993.9824   10.3335
   -7.5000    7.5000    0.000016586.8691   10.4328
    0.0000    7.5000    0.000017384.0059   10.4827
    7.5000    7.5000    0.000016484.7305   10.4720
   -7.5000   15.0000    0.000016141.1318   10.6522
    0.0000   15.0000    0.000017073.2266   10.7036
    7.5000   15.0000    0.000015996.8838   10.6920
   -7.5000   22.5000    0.000015409.9746   10.9061
    0.0000   22.5000    0.000016349.8291   10.9592
    7.5000   22.5000    0.000015304.3340   10.9478
   -7.5000   30.0000    0.000014333.3408   11.0653
    0.0000   30.0000    0.000015159.4229   11.1171
    7.5000   30.0000    0.000014322.4707   11.1059
   -7.5000   37.5000    0.000013679.7295   11.3992
    0.0000   37.5000    0.000014438.4648   11.4504
    7.5000   37.5000    0.000013686.4814   11.4401
   -7.5000   45.0000    0.000012685.5869   11.5158
    0.0000   45.0000    0.000013375.4805   11.5689
    7.5000   45.0000    0.000012622.8818   11.5609
   -7.5000  -45.0000    7.500012520.6191   10.8098
    0.0000  -45.0000    7.500012858.5908   10.8576
    7.5000  -45.0000    7.500012346.8184   10.8440
   -7.5000  -37.5000    7.500012961.1221   10.7491
    0.0000  -37.5000    7.500013301.0293   10.7982
    7.5000  -37.5000    7.500012754.3789   10.7875
   -7.5000  -30.0000    7.500013814.6494   10.5594
    0.0000  -30.0000    7.500014210.2148   10.6091
    7.5000  -30.0000    7.500013601.9727   10.6000
   -7.5000  -22.5000    7.500014607.4795   10.4079
    0.0000  -22.5000    7.500015067.9150   10.4561
    7.5000  -22.5000    7.500014405.4570   10.4456
   -7.5000  -15.0000    7.500015349.9180   10.3232
    0.0000  -15.0000    7.500015886.7041   10.3691
    7.5000  -15.0000    7.500015144.1680   10.3567
   -7.5000   -7.5000    7.500016001.3115   10.3014
    0.0000   -7.5000    7.500016607.6426   10.3457
    7.5000   -7.5000    7.500015776.2393   10.3331
   -7.5000    0.0000    7.500016557.5762   10.3009
    0.0000    0.0000    7.500017233.7793   10.3453
    7.5000    0.0000    7.500016350.6309   10.3338
   -7.5000    7.5000    7.500016054.2510   10.4366
    0.0000    7.5000    7.500016819.1680   10.4828
    7.5000    7.5000    7.500015826.3896   10.4729
   -7.5000   15.0000    7.500015645.3350   10.6565
    0.0000   15.0000    7.500016500.6777   10.7049
    7.5000   15.0000    7.500015296.7500   10.6961
   -7.5000   22.5000    7.500014938.0771   10.9117
    0.0000   22.5000    7.500015717.3398   10.9613
    7.5000   22.5000    7.500014616.6934   10.9517
   -7.5000   30.0000    7.500013918.9062   11.0735
    0.0000   30.0000    7.500014598.5068   11.1210
    7.5000   30.0000    7.500013699.1514   11.1099
   -7.5000   37.5000    7.500013301.9473   11.4082
    0.0000   37.5000    7.500013955.6582   11.4548
    7.5000   37.5000    7.500013117.2930   11.4431
   -7.5000   45.0000    7.500012249.4814   11.5216
    0.0000   45.0000    7.500012850.2383   11.5703
    7.5000   45.0000    7.500012075.8730   11.5610
   -7.5000  -45.0000   15.000011752.3555   10.8179
    0.0000  -45.0000   15.000012108.5283   10.8631
    7.5000  -45.0000   15.000011598.5303   10.8491
   -7.5000  -37.5000   15.000012168.3691   10.7540
    0.0000  -37.5000   15.000012558.0332   10.7999
    7.5000  -37.5000   15.000012002.1973   10.7894
   -7.5000  -30.0000   15.000013006.1328   10.5636
    0.0000  -30.0000   15.000013461.6650   10.6097
    7.5000  -30.0000   15.000012826.0811   10.6016
   -7.5000  -22.5000   15.000013773.0605   10.4152
    0.0000  -22.5000   15.000014270.3643   10.4598
    7.5000  -22.5000   15.000013573.5674   10.4499
   -7.5000  -15.0000   15.000014471.3047   10.3337
    0.0000  -15.0000   15.000015003.3779   10.3764
    7.5000  -15.0000   15.000014231.4199   10.3636
   -7.5000   -7.5000   15.000015052.0908   10.3113
    0.0000   -7.5000   15.000015640.4521   10.3531
    7.5000   -7.5000   15.000014789.3359   10.3396
   -7.5000    0.0000   15.000015594.9180   10.3075
    0.0000    0.0000   15.000016231.8164   10.3495
    7.5000    0.0000   15.000015330.1465   10.3375
   -7.5000    7.5000   15.000015083.7666   10.4410
    0.0000    7.5000   15.000015765.6250   10.4842
    7.5000    7.5000   15.000014807.6045   10.4745
   -7.5000   15.0000   15.000014552.4453   10.6611
    0.0000   15.0000   15.000015231.5547   10.7056
    7.5000   15.0000   15.000014207.2822   10.6980
   -7.5000   22.5000   15.000013797.8203   10.9177
    0.0000   22.5000   15.000014388.3037   10.9625
    7.5000   22.5000   15.000013470.8916   10.9538
   -7.5000   30.0000   15.000012894.4746   11.0826
    0.0000   30.0000   15.000013442.5068   11.1259
    7.5000   30.0000   15.000012626.8057   11.1152
   -7.5000   37.5000   15.000012439.0752   11.4180
    0.0000   37.5000   15.000012994.0742   11.4612
    7.5000   37.5000   15.000012189.6836   11.4488
   -7.5000   45.0000   15.000011513.8613   11.5290
    0.0000   45.0000   15.000012038.6221   11.5744
    7.5000   45.0000   15.000011299.9326   11.5644
   -7.5000  -45.0000   22.500010779.2588   10.8387
    0.0000  -45.0000   22.500011086.2773   10.8869
    7.5000  -45.0000   22.500010662.2070   10.8741
   -7.5000  -37.5000   22.500011161.3369   10.7733
    0.0000  -37.5000   22.500011507.1660   10.8202
    7.5000  -37.5000   22.500011031.7197   10.8090
   -7.5000  -30.0000   22.500011935.3975   10.5823
    0.0000  -30.0000   22.500012355.3984   10.6282
    7.5000  -30.0000   22.500011789.1172   10.6184
   -7.5000  -22.5000   22.500012645.6514   10.4345
    0.0000  -22.5000   22.500013100.7461   10.4792
    7.5000  -22.5000   22.500012470.4697   10.4683
   -7.5000  -15.0000   22.500013301.6396   10.3543
    0.0000  -15.0000   22.500013779.3770   10.3985
    7.5000  -15.0000   22.500013095.3223   10.3861
   -7.5000   -7.5000   22.500013849.1367   10.3320
    0.0000   -7.5000   22.500014358.8770   10.3768
    7.5000   -7.5000   22.500013640.8145   10.3646
   -7.5000    0.0000   22.500014315.3428   10.3273
    0.0000    0.0000   22.500014856.3789   10.3718
    7.5000    0.0000   22.500014131.6074   10.3608
   -7.5000    7.5000   22.500013817.8896   10.4585
    0.0000    7.5000   22.500014350.1328   10.5026
    7.5000    7.5000   22.500013646.2686   10.4923
   -7.5000   15.0000   22.500013265.1992   10.6719
    0.0000   15.0000   22.500013735.1855   10.7154
    7.5000   15.0000   22.500013055.9023   10.7063
   -7.5000   22.5000   22.500012526.9404   10.9220
    0.0000   22.5000   22.500012933.1592   10.9656
    7.5000   22.5000   22.500012350.0859   10.9559
   -7.5000   30.0000   22.500011728.3154   11.0833
    0.0000   30.0000   22.500012105.0723   11.1265
    7.5000   30.0000   22.500011592.7637   11.1162
   -7.5000   37.5000   22.500011359.9219   11.4182
    0.0000   37.5000   22.500011756.0488   11.4626
    7.5000   37.5000   22.500011219.2812   11.4509
   -7.5000   45.0000   22.500010627.9102   11.5311
    0.0000   45.0000   22.500011012.4258   11.5778
    7.5000   45.0000   22.500010473.0117   11.5684
   -7.5000  -45.0000   30.0000 9766.5762   11.0142
    0.0000  -45.0000   30.000010038.4160   11.0687
    7.5000  -45.0000   30.0000 9680.8721   11.0570
   -7.5000  -37.5000   30.000010103.9258   10.9413
    0.0000  -37.5000   30.000010400.3350   10.9933
    7.5000  -37.5000   30.000010017.5273   10.9803
   -7.5000  -30.0000   30.000010817.9062   10.7480
    0.0000  -30.0000   30.000011148.5781   10.7984
    7.5000  -30.0000   30.000010706.3545   10.7852
   -7.5000  -22.5000   30.000011495.8389   10.5951
    0.0000  -22.5000   30.000011845.6270   10.6442
    7.5000  -22.5000   30.000011343.6982   10.6310
   -7.5000  -15.0000   30.000012117.0918   10.5113
    0.0000  -15.0000   30.000012499.1387   10.5608
    7.5000  -15.0000   30.000011958.5576   10.5485
   -7.5000   -7.5000   30.000012650.7842   10.4899
    0.0000   -7.5000   30.000013066.2412   10.5406
    7.5000   -7.5000   30.000012490.5664   10.5299
   -7.5000    0.0000   30.000013089.0557   10.4881
    0.0000    0.0000   30.000013548.2002   10.5383
    7.5000    0.0000   30.000012958.0801   10.5281
   -7.5000    7.5000   30.000012608.9297   10.6162
    0.0000    7.5000   30.000013051.4648   10.6651
    7.5000    7.5000   30.000012495.0059   10.6531
   -7.5000   15.0000   30.000012048.7559   10.8139
    0.0000   15.0000   30.000012438.9639   10.8614
    7.5000   15.0000   30.000011914.7959   10.8486
   -7.5000   22.5000   30.000011371.7275   11.0421
    0.0000   22.5000   30.000011721.4170   11.0898
    7.5000   22.5000   30.000011258.2490   11.0776
   -7.5000   30.0000   30.000010667.6025   11.1879
    0.0000   30.0000   30.000011003.0176   11.2356
    7.5000   30.0000   30.000010578.4199   11.2249
   -7.5000   37.5000   30.000010358.1787   11.5201
    0.0000   37.5000   30.000010702.3350   11.5694
    7.5000   37.5000   30.000010269.6426   11.5585
   -7.5000   45.0000   30.0000 9709.8457   11.6353
    0.0000   45.0000   30.000010048.8965   11.6870
    7.5000   45.0000   30.0000 9618.6299   11.6785
   -7.5000  -45.0000   37.5000 9331.4121   11.4216
    0.0000  -45.0000   37.5000 9630.9521   11.4830
    7.5000  -45.0000   37.5000 9249.9824   11.4721
   -7.5000  -37.5000   37.5000 9673.4336   11.3327
    0.0000  -37.5000   37.5000 9980.9033   11.3922
    7.5000  -37.5000   37.5000 9596.0205   11.3795
   -7.5000  -30.0000   37.500010364.1689   11.1305
    0.0000  -30.0000   37.500010692.4053   11.1883
    7.5000  -30.0000   37.500010267.1641   11.1746
   -7.5000  -22.5000   37.500011019.0889   10.9680
    0.0000  -22.5000   37.500011377.5488   11.0245
    7.5000  -22.5000   37.500010901.7949   11.0105
   -7.5000  -15.0000   37.500011634.7275   10.8785
    0.0000  -15.0000   37.500012040.9053   10.9350
    7.5000  -15.0000   37.500011517.9297   10.9226
   -7.5000   -7.5000   37.500012181.2979   10.8574
    0.0000   -7.5000   37.500012601.2061   10.9143
    7.5000   -7.5000   37.500012041.9229   10.9042
   -7.5000    0.0000   37.500012619.1035   10.8576
    0.0000    0.0000   37.500013060.4434   10.9140
    7.5000    0.0000   37.500012486.8242   10.9045
   -7.5000    7.5000   37.500012152.9062   10.9847
    0.0000    7.5000   37.500012589.0557   11.0405
    7.5000    7.5000   37.500012034.6455   11.0288
   -7.5000   15.0000   37.500011586.7363   11.1729
    0.0000   15.0000   37.500011977.7295   11.2280
    7.5000   15.0000   37.500011461.7549   11.2141
   -7.5000   22.5000   37.500010904.2422   11.3862
    0.0000   22.5000   37.500011264.0273   11.4424
    7.5000   22.5000   37.500010796.9395   11.4293
   -7.5000   30.0000   37.500010208.6182   11.5158
    0.0000   30.0000   37.500010547.6992   11.5713
    7.5000   30.0000   37.500010119.3359   11.5597
   -7.5000   37.5000   37.5000 9915.2139   11.8415
    0.0000   37.5000   37.500010253.3008   11.8977
    7.5000   37.5000   37.5000 9828.6787   11.8871
   -7.5000   45.0000   37.5000 9312.8584   11.9523
    0.0000   45.0000   37.5000 9653.2861   12.0108
    7.5000   45.0000   37.5000 9228.9551   12.0030
   -7.5000  -45.0000   45.0000 8588.7012   11.8711
    0.0000  -45.0000   45.0000 8905.0156   11.9340
    7.5000  -45.0000   45.0000 8519.1172   11.9211
   -7.5000  -37.5000   45.0000 8915.5107   11.7589
    0.0000  -37.5000   45.0000 9246.6631   11.8215
    7.5000  -37.5000   45.0000 8853.7520   11.8090
   -7.5000  -30.0000   45.0000 9558.4922   11.5448
    0.0000  -30.0000   45.0000 9909.1650   11.6066
    7.5000  -30.0000   45.0000 9478.2070   11.5943
   -7.5000  -22.5000   45.000010149.7949   11.3725
    0.0000  -22.5000   45.000010536.6816   11.4327
    7.5000  -22.5000   45.000010062.3613   11.4197
   -7.5000  -15.0000   45.000010719.9688   11.2782
    0.0000  -15.0000   45.000011154.8760   11.3370
    7.5000  -15.0000   45.000010635.4678   11.3242
   -7.5000   -7.5000   45.000011220.4307   11.2575
    0.0000   -7.5000   45.000011672.5830   11.3156
    7.5000   -7.5000   45.000011125.1631   11.3039
   -7.5000    0.0000   45.000011647.7217   11.2591
    0.0000    0.0000   45.000012095.7324   11.3166
    7.5000    0.0000   45.000011542.0625   11.3057
   -7.5000    7.5000   45.000011235.5068   11.3831
    0.0000    7.5000   45.000011660.6367   11.4417
    7.5000    7.5000   45.000011120.5449   11.4302
   -7.5000   15.0000   45.000010707.4180   11.5655
    0.0000   15.0000   45.000011090.2451   11.6254
    7.5000   15.0000   45.000010584.1250   11.6127
   -7.5000   22.5000   45.000010065.4268   11.7725
    0.0000   22.5000   45.000010415.3682   11.8340
    7.5000   22.5000   45.0000 9955.6211   11.8214
   -7.5000   30.0000   45.0000 9407.9746   11.8888
    0.0000   30.0000   45.0000 9734.7197   11.9486
    7.5000   30.0000   45.0000 9310.1309   11.9363
   -7.5000   37.5000   45.0000 9153.7705   12.2105
    0.0000   37.5000   45.0000 9487.7461   12.2702
    7.5000   37.5000   45.0000 9058.4805   12.2590
   -7.5000   45.0000   45.0000 8611.8887   12.3215
    0.0000   45.0000   45.0000 8951.8721   12.3833
    7.5000   45.0000   45.0000 8536.6709   12.3747

---------------------------------------------------------------------
imgreg_4dfp /opt/freesurfer/average/711-2C_as_mni_average_305 /opt/freesurfer/average/711-2B_as_mni_average_305_mask talsrcimg_g11 none talsrcimg_to_711-2C_as_mni_average_305_t4 4355
---------------------------------------------------------------------

freesurfer imgreg_4dfp.c
/opt/freesurfer/average/711-2C_as_mni_average_305.4dfp.img
       256       256       256         1
  1.000000  1.000000  1.000000
orientation T byte_order littleendian
Reading image: /opt/freesurfer/average/711-2C_as_mni_average_305.4dfp.img
dimensions:      256       256       256
mmppix:       1.0000   -1.0000   -1.0000
center:     128.0000 -129.0000 -129.0000
/opt/freesurfer/average/711-2B_as_mni_average_305_mask.4dfp.img
       256       256       256         1
  1.000000  1.000000  1.000000
orientation T byte_order littleendian
Reading mask: /opt/freesurfer/average/711-2B_as_mni_average_305_mask.4dfp.img (2306576 pixels)
talsrcimg_g11.4dfp.img
       256       256       256         1
  1.000000  1.000000  1.000000
orientation T byte_order littleendian
Reading image: talsrcimg_g11.4dfp.img
dimensions:      256       256       256
mmppix:       1.0000   -1.0000   -1.0000
center:     128.0000 -129.0000 -129.0000
rotation matrix determinant  1.000000
image alignment mode   4355 decimal     1103 hex
   -7.5000  -45.0000  -45.0000 2419.4846   12.1609
    0.0000  -45.0000  -45.0000 2426.2231   12.2080
    7.5000  -45.0000  -45.0000 2416.3640   12.4360
   -7.5000  -37.5000  -45.0000 2410.8914   12.2158
    0.0000  -37.5000  -45.0000 2413.7180   12.2452
    7.5000  -37.5000  -45.0000 2404.1628   12.4915
   -7.5000  -30.0000  -45.0000 2406.3438   12.2740
    0.0000  -30.0000  -45.0000 2407.2505   12.3047
    7.5000  -30.0000  -45.0000 2397.2708   12.5470
   -7.5000  -22.5000  -45.0000 2406.0564   12.3301
    0.0000  -22.5000  -45.0000 2409.1946   12.3799
    7.5000  -22.5000  -45.0000 2392.5981   12.5813
   -7.5000  -15.0000  -45.0000 2414.3049   12.3830
    0.0000  -15.0000  -45.0000 2417.8069   12.4456
    7.5000  -15.0000  -45.0000 2392.5684   12.6441
   -7.5000   -7.5000  -45.0000 2428.7839   12.4572
    0.0000   -7.5000  -45.0000 2430.9255   12.5080
    7.5000   -7.5000  -45.0000 2406.6814   12.7158
   -7.5000    0.0000  -45.0000 2437.5232   12.5103
    0.0000    0.0000  -45.0000 2438.8308   12.5908
    7.5000    0.0000  -45.0000 2415.1865   12.7794
   -7.5000    7.5000  -45.0000 2439.5723   12.6145
    0.0000    7.5000  -45.0000 2442.3503   12.7157
    7.5000    7.5000  -45.0000 2411.2427   12.8695
   -7.5000   15.0000  -45.0000 2427.8425   12.7429
    0.0000   15.0000  -45.0000 2430.7617   12.8447
    7.5000   15.0000  -45.0000 2400.4167   13.0342
   -7.5000   22.5000  -45.0000 2411.9233   12.9317
    0.0000   22.5000  -45.0000 2415.0942   13.0034
    7.5000   22.5000  -45.0000 2384.5159   13.2242
   -7.5000   30.0000  -45.0000 2395.9888   13.2529
    0.0000   30.0000  -45.0000 2399.2014   13.3086
    7.5000   30.0000  -45.0000 2367.4402   13.5310
   -7.5000   37.5000  -45.0000 2366.7368   13.6985
    0.0000   37.5000  -45.0000 2373.3701   13.7668
    7.5000   37.5000  -45.0000 2341.9133   14.0582
   -7.5000   45.0000  -45.0000 2328.5786   14.4250
    0.0000   45.0000  -45.0000 2334.0933   14.5029
    7.5000   45.0000  -45.0000 2301.1028   14.7964
   -7.5000  -45.0000  -37.5000 2503.6624   11.4303
    0.0000  -45.0000  -37.5000 2509.9395   11.4568
    7.5000  -45.0000  -37.5000 2495.7766   11.6508
   -7.5000  -37.5000  -37.5000 2495.0278   11.4322
    0.0000  -37.5000  -37.5000 2498.9309   11.4546
    7.5000  -37.5000  -37.5000 2487.5640   11.6673
   -7.5000  -30.0000  -37.5000 2493.3833   11.4411
    0.0000  -30.0000  -37.5000 2497.6372   11.4821
    7.5000  -30.0000  -37.5000 2482.7493   11.6792
   -7.5000  -22.5000  -37.5000 2498.3027   11.4534
    0.0000  -22.5000  -37.5000 2507.5305   11.5171
    7.5000  -22.5000  -37.5000 2484.7273   11.6821
   -7.5000  -15.0000  -37.5000 2508.3240   11.4917
    0.0000  -15.0000  -37.5000 2513.4836   11.5515
    7.5000  -15.0000  -37.5000 2486.7119   11.7502
   -7.5000   -7.5000  -37.5000 2522.7122   11.5432
    0.0000   -7.5000  -37.5000 2528.7717   11.5914
    7.5000   -7.5000  -37.5000 2500.9697   11.7674
   -7.5000    0.0000  -37.5000 2532.2646   11.5599
    0.0000    0.0000  -37.5000 2537.7043   11.6255
    7.5000    0.0000  -37.5000 2508.6226   11.8039
   -7.5000    7.5000  -37.5000 2539.9106   11.6396
    0.0000    7.5000  -37.5000 2537.1201   11.7119
    7.5000    7.5000  -37.5000 2505.7864   11.8834
   -7.5000   15.0000  -37.5000 2534.7285   11.7740
    0.0000   15.0000  -37.5000 2532.7422   11.8609
    7.5000   15.0000  -37.5000 2496.6069   12.0278
   -7.5000   22.5000  -37.5000 2522.4502   11.9485
    0.0000   22.5000  -37.5000 2523.5571   12.0419
    7.5000   22.5000  -37.5000 2483.0913   12.2244
   -7.5000   30.0000  -37.5000 2501.6189   12.2657
    0.0000   30.0000  -37.5000 2503.1191   12.3566
    7.5000   30.0000  -37.5000 2465.7222   12.5530
   -7.5000   37.5000  -37.5000 2472.6404   12.6934
    0.0000   37.5000  -37.5000 2476.1765   12.7781
    7.5000   37.5000  -37.5000 2435.2546   13.0087
   -7.5000   45.0000  -37.5000 2428.2612   13.3785
    0.0000   45.0000  -37.5000 2435.9331   13.4607
    7.5000   45.0000  -37.5000 2394.9341   13.6901
   -7.5000  -45.0000  -30.0000 2624.1501   11.1759
    0.0000  -45.0000  -30.0000 2632.2734   11.1753
    7.5000  -45.0000  -30.0000 2612.6685   11.3914
   -7.5000  -37.5000  -30.0000 2614.3560   11.1253
    0.0000  -37.5000  -30.0000 2624.9053   11.1508
    7.5000  -37.5000  -30.0000 2605.3062   11.3496
   -7.5000  -30.0000  -30.0000 2614.2195   11.0790
    0.0000  -30.0000  -30.0000 2623.8394   11.1270
    7.5000  -30.0000  -30.0000 2603.5105   11.3199
   -7.5000  -22.5000  -30.0000 2622.5415   11.0643
    0.0000  -22.5000  -30.0000 2633.1465   11.1149
    7.5000  -22.5000  -30.0000 2608.9536   11.2980
   -7.5000  -15.0000  -30.0000 2631.8022   11.0773
    0.0000  -15.0000  -30.0000 2642.4099   11.1258
    7.5000  -15.0000  -30.0000 2615.3972   11.3049
   -7.5000   -7.5000  -30.0000 2649.1348   11.0871
    0.0000   -7.5000  -30.0000 2659.6714   11.1403
    7.5000   -7.5000  -30.0000 2629.2732   11.3083
   -7.5000    0.0000  -30.0000 2659.8210   11.1133
    0.0000    0.0000  -30.0000 2668.5112   11.1630
    7.5000    0.0000  -30.0000 2640.0076   11.3299
   -7.5000    7.5000  -30.0000 2664.5757   11.1596
    0.0000    7.5000  -30.0000 2672.8875   11.2285
    7.5000    7.5000  -30.0000 2641.6553   11.3975
   -7.5000   15.0000  -30.0000 2669.8083   11.2574
    0.0000   15.0000  -30.0000 2675.2463   11.3404
    7.5000   15.0000  -30.0000 2635.9824   11.5133
   -7.5000   22.5000  -30.0000 2669.8469   11.4259
    0.0000   22.5000  -30.0000 2671.9321   11.5300
    7.5000   22.5000  -30.0000 2632.7175   11.7222
   -7.5000   30.0000  -30.0000 2655.5115   11.7458
    0.0000   30.0000  -30.0000 2656.3804   11.8423
    7.5000   30.0000  -30.0000 2616.2202   12.0262
   -7.5000   37.5000  -30.0000 2623.8167   12.2020
    0.0000   37.5000  -30.0000 2628.2139   12.2779
    7.5000   37.5000  -30.0000 2584.8384   12.4867
   -7.5000   45.0000  -30.0000 2575.9326   12.8904
    0.0000   45.0000  -30.0000 2583.6946   12.9557
    7.5000   45.0000  -30.0000 2539.7793   13.1608
   -7.5000  -45.0000  -22.5000 2709.9028   10.8562
    0.0000  -45.0000  -22.5000 2714.7378   10.8334
    7.5000  -45.0000  -22.5000 2704.4773   11.0732
   -7.5000  -37.5000  -22.5000 2703.6624   10.7795
    0.0000  -37.5000  -22.5000 2709.6331   10.7761
    7.5000  -37.5000  -22.5000 2693.7297   10.9852
   -7.5000  -30.0000  -22.5000 2703.7212   10.6953
    0.0000  -30.0000  -22.5000 2708.8806   10.7163
    7.5000  -30.0000  -22.5000 2692.9946   10.9214
   -7.5000  -22.5000  -22.5000 2709.7727   10.6423
    0.0000  -22.5000  -22.5000 2720.4480   10.6908
    7.5000  -22.5000  -22.5000 2699.4749   10.8917
   -7.5000  -15.0000  -22.5000 2719.0225   10.6121
    0.0000  -15.0000  -22.5000 2730.1436   10.6613
    7.5000  -15.0000  -22.5000 2708.2373   10.8638
   -7.5000   -7.5000  -22.5000 2742.8066   10.5905
    0.0000   -7.5000  -22.5000 2749.6072   10.6381
    7.5000   -7.5000  -22.5000 2724.4651   10.8243
   -7.5000    0.0000  -22.5000 2755.4209   10.5970
    0.0000    0.0000  -22.5000 2768.0710   10.6482
    7.5000    0.0000  -22.5000 2738.3232   10.8270
   -7.5000    7.5000  -22.5000 2762.8577   10.6410
    0.0000    7.5000  -22.5000 2773.5339   10.7044
    7.5000    7.5000  -22.5000 2746.3562   10.8789
   -7.5000   15.0000  -22.5000 2773.2971   10.7091
    0.0000   15.0000  -22.5000 2783.5540   10.7780
    7.5000   15.0000  -22.5000 2749.8645   10.9999
   -7.5000   22.5000  -22.5000 2780.2070   10.8738
    0.0000   22.5000  -22.5000 2789.1970   10.9426
    7.5000   22.5000  -22.5000 2747.0405   11.1693
   -7.5000   30.0000  -22.5000 2774.3203   11.1740
    0.0000   30.0000  -22.5000 2780.1467   11.2503
    7.5000   30.0000  -22.5000 2738.6316   11.4523
   -7.5000   37.5000  -22.5000 2746.9858   11.6466
    0.0000   37.5000  -22.5000 2755.3706   11.7075
    7.5000   37.5000  -22.5000 2711.9668   11.9124
   -7.5000   45.0000  -22.5000 2696.6321   12.3176
    0.0000   45.0000  -22.5000 2706.7180   12.3710
    7.5000   45.0000  -22.5000 2666.3022   12.5616
   -7.5000  -45.0000  -15.0000 2751.4795   10.5725
    0.0000  -45.0000  -15.0000 2752.4897   10.5302
    7.5000  -45.0000  -15.0000 2749.3840   10.8038
   -7.5000  -37.5000  -15.0000 2752.0530   10.4746
    0.0000  -37.5000  -15.0000 2754.2771   10.4496
    7.5000  -37.5000  -15.0000 2745.3127   10.6797
   -7.5000  -30.0000  -15.0000 2753.3611   10.3855
    0.0000  -30.0000  -15.0000 2756.5742   10.3895
    7.5000  -30.0000  -15.0000 2746.0986   10.6034
   -7.5000  -22.5000  -15.0000 2758.3296   10.2922
    0.0000  -22.5000  -15.0000 2764.9966   10.3347
    7.5000  -22.5000  -15.0000 2751.0955   10.5393
   -7.5000  -15.0000  -15.0000 2769.1316   10.2253
    0.0000  -15.0000  -15.0000 2775.1543   10.2668
    7.5000  -15.0000  -15.0000 2763.1157   10.4792
   -7.5000   -7.5000  -15.0000 2790.6411   10.1731
    0.0000   -7.5000  -15.0000 2800.3528   10.2196
    7.5000   -7.5000  -15.0000 2780.0852   10.4189
   -7.5000    0.0000  -15.0000 2808.0032   10.1520
    0.0000    0.0000  -15.0000 2820.6724   10.2005
    7.5000    0.0000  -15.0000 2794.8557   10.4096
   -7.5000    7.5000  -15.0000 2827.1602   10.1931
    0.0000    7.5000  -15.0000 2840.4668   10.2366
    7.5000    7.5000  -15.0000 2814.0308   10.4632
   -7.5000   15.0000  -15.0000 2847.2886   10.2757
    0.0000   15.0000  -15.0000 2857.7354   10.3145
    7.5000   15.0000  -15.0000 2828.6826   10.5757
   -7.5000   22.5000  -15.0000 2858.7087   10.4167
    0.0000   22.5000  -15.0000 2869.9888   10.4566
    7.5000   22.5000  -15.0000 2830.3196   10.7193
   -7.5000   30.0000  -15.0000 2860.2188   10.6697
    0.0000   30.0000  -15.0000 2870.5847   10.7243
    7.5000   30.0000  -15.0000 2827.6943   10.9931
   -7.5000   37.5000  -15.0000 2831.8850   11.1326
    0.0000   37.5000  -15.0000 2841.8945   11.1984
    7.5000   37.5000  -15.0000 2804.9197   11.4383
   -7.5000   45.0000  -15.0000 2774.6138   11.7491
    0.0000   45.0000  -15.0000 2785.7888   11.8111
    7.5000   45.0000  -15.0000 2753.8054   12.0449
   -7.5000  -45.0000   -7.5000 2763.8711   10.4390
    0.0000  -45.0000   -7.5000 2767.1606   10.3465
    7.5000  -45.0000   -7.5000 2763.2397   10.6340
   -7.5000  -37.5000   -7.5000 2772.2690   10.3276
    0.0000  -37.5000   -7.5000 2770.5083   10.2351
    7.5000  -37.5000   -7.5000 2766.2798   10.5136
   -7.5000  -30.0000   -7.5000 2775.2778   10.2101
    0.0000  -30.0000   -7.5000 2772.9822   10.1361
    7.5000  -30.0000   -7.5000 2768.8113   10.4036
   -7.5000  -22.5000   -7.5000 2776.4646   10.0689
    0.0000  -22.5000   -7.5000 2781.3003   10.0533
    7.5000  -22.5000   -7.5000 2774.4373   10.3113
   -7.5000  -15.0000   -7.5000 2785.0256    9.9559
    0.0000  -15.0000   -7.5000 2792.3931    9.9702
    7.5000  -15.0000   -7.5000 2783.4509   10.2254
   -7.5000   -7.5000   -7.5000 2804.8865    9.8924
    0.0000   -7.5000   -7.5000 2815.6406    9.9116
    7.5000   -7.5000   -7.5000 2804.9241   10.1625
   -7.5000    0.0000   -7.5000 2833.1624    9.8679
    0.0000    0.0000   -7.5000 2842.3694    9.8757
    7.5000    0.0000   -7.5000 2827.5474   10.1292
   -7.5000    7.5000   -7.5000 2861.2278    9.8721
    0.0000    7.5000   -7.5000 2874.4319    9.8991
    7.5000    7.5000   -7.5000 2856.8320   10.1689
   -7.5000   15.0000   -7.5000 2891.7788    9.9789
    0.0000   15.0000   -7.5000 2906.7439   10.0128
    7.5000   15.0000   -7.5000 2884.1541   10.2936
   -7.5000   22.5000   -7.5000 2914.6855   10.1123
    0.0000   22.5000   -7.5000 2931.2773   10.1621
    7.5000   22.5000   -7.5000 2900.1523   10.4905
   -7.5000   30.0000   -7.5000 2923.3931   10.3070
    0.0000   30.0000   -7.5000 2940.1624   10.3707
    7.5000   30.0000   -7.5000 2898.0303   10.7296
   -7.5000   37.5000   -7.5000 2888.6553   10.6985
    0.0000   37.5000   -7.5000 2898.1243   10.7748
    7.5000   37.5000   -7.5000 2869.3738   11.1058
   -7.5000   45.0000   -7.5000 2830.6487   11.2680
    0.0000   45.0000   -7.5000 2838.7212   11.3124
    7.5000   45.0000   -7.5000 2814.0906   11.6510
   -7.5000  -45.0000    0.0000 2761.3701   10.5402
    0.0000  -45.0000    0.0000 2757.6958   10.4057
    7.5000  -45.0000    0.0000 2768.3569   10.6987
   -7.5000  -37.5000    0.0000 2774.3145   10.4031
    0.0000  -37.5000    0.0000 2766.3706   10.2790
    7.5000  -37.5000    0.0000 2775.1035   10.5523
   -7.5000  -30.0000    0.0000 2777.1550   10.2688
    0.0000  -30.0000    0.0000 2768.8262   10.1499
    7.5000  -30.0000    0.0000 2774.9565   10.4231
   -7.5000  -22.5000    0.0000 2774.4412   10.1098
    0.0000  -22.5000    0.0000 2765.9526   10.0326
    7.5000  -22.5000    0.0000 2773.4517   10.3086
   -7.5000  -15.0000    0.0000 2784.3213    9.9663
    0.0000  -15.0000    0.0000 2777.9224    9.9295
    7.5000  -15.0000    0.0000 2781.9976   10.1988
   -7.5000   -7.5000    0.0000 2808.5105    9.8532
    0.0000   -7.5000    0.0000 2803.9290    9.8405
    7.5000   -7.5000    0.0000 2807.1545   10.1252
   -7.5000    0.0000    0.0000 2839.8308    9.7942
    0.0000    0.0000    0.0000 2839.6265    9.7823
    7.5000    0.0000    0.0000 2836.4075   10.0816
   -7.5000    7.5000    0.0000 2875.3594    9.8110
    0.0000    7.5000    0.0000 2885.1001    9.8108
    7.5000    7.5000    0.0000 2877.9138   10.1093
   -7.5000   15.0000    0.0000 2916.0000    9.9682
    0.0000   15.0000    0.0000 2931.6238   10.0004
    7.5000   15.0000    0.0000 2915.7329   10.2538
   -7.5000   22.5000    0.0000 2960.6143   10.1528
    0.0000   22.5000    0.0000 2982.6973   10.2326
    7.5000   22.5000    0.0000 2943.3354   10.4958
   -7.5000   30.0000    0.0000 2971.0405   10.2330
    0.0000   30.0000    0.0000 2993.9675   10.3140
    7.5000   30.0000    0.0000 2945.2656   10.6993
   -7.5000   37.5000    0.0000 2927.2976   10.5368
    0.0000   37.5000    0.0000 2939.1511   10.5459
    7.5000   37.5000    0.0000 2905.9941   10.9825
   -7.5000   45.0000    0.0000 2861.6062   11.0713
    0.0000   45.0000    0.0000 2873.6680   11.0686
    7.5000   45.0000    0.0000 2840.8521   11.4230
   -7.5000  -45.0000    7.5000 2740.0811   10.8590
    0.0000  -45.0000    7.5000 2739.6626   10.7107
    7.5000  -45.0000    7.5000 2740.0295   10.9694
   -7.5000  -37.5000    7.5000 2761.2295   10.6785
    0.0000  -37.5000    7.5000 2760.3823   10.5521
    7.5000  -37.5000    7.5000 2757.7095   10.7866
   -7.5000  -30.0000    7.5000 2767.5713   10.5199
    0.0000  -30.0000    7.5000 2770.1201   10.4126
    7.5000  -30.0000    7.5000 2768.3997   10.6374
   -7.5000  -22.5000    7.5000 2769.8821   10.3356
    0.0000  -22.5000    7.5000 2770.6543   10.2690
    7.5000  -22.5000    7.5000 2775.8083   10.5027
   -7.5000  -15.0000    7.5000 2781.6758   10.1929
    0.0000  -15.0000    7.5000 2782.3496   10.1577
    7.5000  -15.0000    7.5000 2786.3408   10.3994
   -7.5000   -7.5000    7.5000 2804.8770   10.0856
    0.0000   -7.5000    7.5000 2802.4487   10.0716
    7.5000   -7.5000    7.5000 2802.6562   10.2963
   -7.5000    0.0000    7.5000 2843.8452   10.0102
    0.0000    0.0000    7.5000 2845.3948   10.0093
    7.5000    0.0000    7.5000 2839.1541   10.2364
   -7.5000    7.5000    7.5000 2885.9868   10.0259
    0.0000    7.5000    7.5000 2897.4343   10.0147
    7.5000    7.5000    7.5000 2884.7422   10.2480
   -7.5000   15.0000    7.5000 2929.1531   10.1678
    0.0000   15.0000    7.5000 2953.4143   10.1893
    7.5000   15.0000    7.5000 2924.4541   10.3559
   -7.5000   22.5000    7.5000 2972.0935   10.3376
    0.0000   22.5000    7.5000 3002.1477   10.4039
    7.5000   22.5000    7.5000 2953.6599   10.5547
   -7.5000   30.0000    7.5000 2985.9121   10.4321
    0.0000   30.0000    7.5000 3009.3638   10.4076
    7.5000   30.0000    7.5000 2951.0198   10.7442
   -7.5000   37.5000    7.5000 2944.9663   10.6772
    0.0000   37.5000    7.5000 2959.3542   10.6419
    7.5000   37.5000    7.5000 2912.1433   11.0042
   -7.5000   45.0000    7.5000 2871.8284   11.1147
    0.0000   45.0000    7.5000 2881.2466   11.1207
    7.5000   45.0000    7.5000 2844.4729   11.4051
   -7.5000  -45.0000   15.0000 2696.5229   11.3852
    0.0000  -45.0000   15.0000 2702.5981   11.2268
    7.5000  -45.0000   15.0000 2702.1873   11.4824
   -7.5000  -37.5000   15.0000 2725.0935   11.1080
    0.0000  -37.5000   15.0000 2730.1895   11.0039
    7.5000  -37.5000   15.0000 2726.0305   11.2012
   -7.5000  -30.0000   15.0000 2743.2031   10.8871
    0.0000  -30.0000   15.0000 2750.6663   10.8259
    7.5000  -30.0000   15.0000 2741.8367   10.9955
   -7.5000  -22.5000   15.0000 2756.5720   10.6855
    0.0000  -22.5000   15.0000 2763.8779   10.6470
    7.5000  -22.5000   15.0000 2757.9080   10.8388
   -7.5000  -15.0000   15.0000 2773.8279   10.5576
    0.0000  -15.0000   15.0000 2781.8054   10.5310
    7.5000  -15.0000   15.0000 2768.8997   10.7255
   -7.5000   -7.5000   15.0000 2794.8328   10.4558
    0.0000   -7.5000   15.0000 2802.5854   10.4423
    7.5000   -7.5000   15.0000 2785.2952   10.6247
   -7.5000    0.0000   15.0000 2834.4429   10.3873
    0.0000    0.0000   15.0000 2845.1353   10.3840
    7.5000    0.0000   15.0000 2821.8909   10.5745
   -7.5000    7.5000   15.0000 2877.5542   10.3933
    0.0000    7.5000   15.0000 2894.0852   10.4152
    7.5000    7.5000   15.0000 2866.1401   10.5791
   -7.5000   15.0000   15.0000 2916.7217   10.4887
    0.0000   15.0000   15.0000 2935.0249   10.5400
    7.5000   15.0000   15.0000 2899.8235   10.6770
   -7.5000   22.5000   15.0000 2948.8330   10.5822
    0.0000   22.5000   15.0000 2963.6860   10.6117
    7.5000   22.5000   15.0000 2924.2644   10.8188
   -7.5000   30.0000   15.0000 2955.2312   10.7018
    0.0000   30.0000   15.0000 2970.1121   10.6674
    7.5000   30.0000   15.0000 2921.0625   10.9501
   -7.5000   37.5000   15.0000 2921.4851   11.0274
    0.0000   37.5000   15.0000 2939.4663   11.0235
    7.5000   37.5000   15.0000 2890.4048   11.2542
   -7.5000   45.0000   15.0000 2843.0349   11.5047
    0.0000   45.0000   15.0000 2858.8105   11.5597
    7.5000   45.0000   15.0000 2817.8491   11.7425
   -7.5000  -45.0000   22.5000 2644.0818   12.0706
    0.0000  -45.0000   22.5000 2652.6284   11.9051
    7.5000  -45.0000   22.5000 2651.4478   12.1502
   -7.5000  -37.5000   22.5000 2677.0481   11.6995
    0.0000  -37.5000   22.5000 2687.2043   11.5808
    7.5000  -37.5000   22.5000 2679.1575   11.7960
   -7.5000  -30.0000   22.5000 2702.4678   11.3763
    0.0000  -30.0000   22.5000 2720.0422   11.3121
    7.5000  -30.0000   22.5000 2702.5688   11.5023
   -7.5000  -22.5000   22.5000 2727.3699   11.1092
    0.0000  -22.5000   22.5000 2743.2144   11.0833
    7.5000  -22.5000   22.5000 2726.2375   11.2613
   -7.5000  -15.0000   22.5000 2750.2236   10.9576
    0.0000  -15.0000   22.5000 2762.9683   10.9292
    7.5000  -15.0000   22.5000 2740.4043   11.1162
   -7.5000   -7.5000   22.5000 2775.8823   10.8424
    0.0000   -7.5000   22.5000 2787.5488   10.8217
    7.5000   -7.5000   22.5000 2763.4482   11.0277
   -7.5000    0.0000   22.5000 2809.9019   10.7810
    0.0000    0.0000   22.5000 2823.3831   10.7728
    7.5000    0.0000   22.5000 2799.5149   10.9807
   -7.5000    7.5000   22.5000 2845.1199   10.7711
    0.0000    7.5000   22.5000 2858.6858   10.7618
    7.5000    7.5000   22.5000 2837.8328   10.9692
   -7.5000   15.0000   22.5000 2879.4502   10.8182
    0.0000   15.0000   22.5000 2890.9380   10.7679
    7.5000   15.0000   22.5000 2866.8306   11.0302
   -7.5000   22.5000   22.5000 2899.0684   10.8608
    0.0000   22.5000   22.5000 2905.9053   10.7733
    7.5000   22.5000   22.5000 2878.7759   11.1115
   -7.5000   30.0000   22.5000 2896.9607   11.0356
    0.0000   30.0000   22.5000 2902.1792   10.9607
    7.5000   30.0000   22.5000 2873.6880   11.3082
   -7.5000   37.5000   22.5000 2862.4175   11.4005
    0.0000   37.5000   22.5000 2879.2205   11.3431
    7.5000   37.5000   22.5000 2842.4824   11.6470
   -7.5000   45.0000   22.5000 2793.1633   11.9634
    0.0000   45.0000   22.5000 2806.2119   11.9606
    7.5000   45.0000   22.5000 2771.0981   12.1805
   -7.5000  -45.0000   30.0000 2578.8647   12.7634
    0.0000  -45.0000   30.0000 2591.4836   12.6193
    7.5000  -45.0000   30.0000 2590.8323   12.8889
   -7.5000  -37.5000   30.0000 2605.8010   12.3032
    0.0000  -37.5000   30.0000 2623.5127   12.1784
    7.5000  -37.5000   30.0000 2618.1897   12.4062
   -7.5000  -30.0000   30.0000 2637.5686   11.8955
    0.0000  -30.0000   30.0000 2655.1394   11.7966
    7.5000  -30.0000   30.0000 2646.5986   12.0173
   -7.5000  -22.5000   30.0000 2674.1250   11.6069
    0.0000  -22.5000   30.0000 2686.5403   11.5266
    7.5000  -22.5000   30.0000 2669.9705   11.7321
   -7.5000  -15.0000   30.0000 2702.3413   11.4059
    0.0000  -15.0000   30.0000 2718.0044   11.3296
    7.5000  -15.0000   30.0000 2699.4158   11.5422
   -7.5000   -7.5000   30.0000 2735.1213   11.2781
    0.0000   -7.5000   30.0000 2751.9114   11.2064
    7.5000   -7.5000   30.0000 2731.3098   11.4361
   -7.5000    0.0000   30.0000 2765.7349   11.2090
    0.0000    0.0000   30.0000 2783.7998   11.1525
    7.5000    0.0000   30.0000 2761.0833   11.3957
   -7.5000    7.5000   30.0000 2797.6545   11.2013
    0.0000    7.5000   30.0000 2810.9846   11.1260
    7.5000    7.5000   30.0000 2791.5232   11.4139
   -7.5000   15.0000   30.0000 2820.6685   11.2230
    0.0000   15.0000   30.0000 2836.7671   11.1140
    7.5000   15.0000   30.0000 2813.1221   11.4469
   -7.5000   22.5000   30.0000 2832.3418   11.2898
    0.0000   22.5000   30.0000 2844.0762   11.1839
    7.5000   22.5000   30.0000 2821.6233   11.5476
   -7.5000   30.0000   30.0000 2820.9104   11.5203
    0.0000   30.0000   30.0000 2828.0051   11.4106
    7.5000   30.0000   30.0000 2807.3438   11.7922
   -7.5000   37.5000   30.0000 2778.8286   11.9374
    0.0000   37.5000   30.0000 2793.4021   11.8400
    7.5000   37.5000   30.0000 2768.5647   12.1909
   -7.5000   45.0000   30.0000 2711.9778   12.5218
    0.0000   45.0000   30.0000 2726.3323   12.4692
    7.5000   45.0000   30.0000 2699.5337   12.7471
   -7.5000  -45.0000   37.5000 2509.9380   13.5593
    0.0000  -45.0000   37.5000 2521.7234   13.4029
    7.5000  -45.0000   37.5000 2522.8152   13.6777
   -7.5000  -37.5000   37.5000 2540.6162   13.0272
    0.0000  -37.5000   37.5000 2559.1089   12.9052
    7.5000  -37.5000   37.5000 2557.0984   13.1483
   -7.5000  -30.0000   37.5000 2572.3530   12.5697
    0.0000  -30.0000   37.5000 2589.6509   12.4608
    7.5000  -30.0000   37.5000 2583.2454   12.6685
   -7.5000  -22.5000   37.5000 2614.0256   12.2215
    0.0000  -22.5000   37.5000 2627.1309   12.1199
    7.5000  -22.5000   37.5000 2612.9502   12.3333
   -7.5000  -15.0000   37.5000 2643.2063   11.9752
    0.0000  -15.0000   37.5000 2667.4463   11.8941
    7.5000  -15.0000   37.5000 2648.6094   12.1052
   -7.5000   -7.5000   37.5000 2677.1257   11.8237
    0.0000   -7.5000   37.5000 2704.3848   11.7579
    7.5000   -7.5000   37.5000 2683.0317   11.9734
   -7.5000    0.0000   37.5000 2703.0540   11.7519
    0.0000    0.0000   37.5000 2728.3687   11.6823
    7.5000    0.0000   37.5000 2705.9875   11.9292
   -7.5000    7.5000   37.5000 2733.6174   11.7627
    0.0000    7.5000   37.5000 2756.7710   11.6689
    7.5000    7.5000   37.5000 2734.4717   11.9443
   -7.5000   15.0000   37.5000 2749.9133   11.8048
    0.0000   15.0000   37.5000 2770.5691   11.6979
    7.5000   15.0000   37.5000 2745.7493   12.0119
   -7.5000   22.5000   37.5000 2752.4180   11.8853
    0.0000   22.5000   37.5000 2767.4167   11.7950
    7.5000   22.5000   37.5000 2744.6711   12.1351
   -7.5000   30.0000   37.5000 2736.2205   12.1516
    0.0000   30.0000   37.5000 2745.7349   12.0449
    7.5000   30.0000   37.5000 2728.4116   12.4103
   -7.5000   37.5000   37.5000 2692.9246   12.6117
    0.0000   37.5000   37.5000 2707.2385   12.5011
    7.5000   37.5000   37.5000 2684.7217   12.8523
   -7.5000   45.0000   37.5000 2627.2974   13.2189
    0.0000   45.0000   37.5000 2646.6345   13.1566
    7.5000   45.0000   37.5000 2620.6155   13.4453
   -7.5000  -45.0000   45.0000 2433.8450   14.5575
    0.0000  -45.0000   45.0000 2448.2295   14.4037
    7.5000  -45.0000   45.0000 2449.2920   14.6406
   -7.5000  -37.5000   45.0000 2471.7637   13.9291
    0.0000  -37.5000   45.0000 2492.7065   13.8051
    7.5000  -37.5000   45.0000 2491.8464   14.0289
   -7.5000  -30.0000   45.0000 2506.0391   13.3967
    0.0000  -30.0000   45.0000 2527.0327   13.3046
    7.5000  -30.0000   45.0000 2519.5994   13.5253
   -7.5000  -22.5000   45.0000 2543.8159   13.0116
    0.0000  -22.5000   45.0000 2564.0872   12.9218
    7.5000  -22.5000   45.0000 2550.7336   13.1120
   -7.5000  -15.0000   45.0000 2573.9846   12.7257
    0.0000  -15.0000   45.0000 2605.0869   12.6376
    7.5000  -15.0000   45.0000 2585.3108   12.8382
   -7.5000   -7.5000   45.0000 2604.4470   12.5589
    0.0000   -7.5000   45.0000 2638.6912   12.4936
    7.5000   -7.5000   45.0000 2618.2888   12.7038
   -7.5000    0.0000   45.0000 2628.3499   12.4700
    0.0000    0.0000   45.0000 2660.2463   12.3901
    7.5000    0.0000   45.0000 2639.6504   12.6130
   -7.5000    7.5000   45.0000 2654.2573   12.4738
    0.0000    7.5000   45.0000 2684.5732   12.3617
    7.5000    7.5000   45.0000 2662.7639   12.6169
   -7.5000   15.0000   45.0000 2664.0649   12.5455
    0.0000   15.0000   45.0000 2689.3604   12.4378
    7.5000   15.0000   45.0000 2664.9785   12.7109
   -7.5000   22.5000   45.0000 2656.9883   12.6601
    0.0000   22.5000   45.0000 2671.3125   12.5917
    7.5000   22.5000   45.0000 2652.1667   12.8982
   -7.5000   30.0000   45.0000 2638.8342   12.9739
    0.0000   30.0000   45.0000 2648.0071   12.9082
    7.5000   30.0000   45.0000 2629.4387   13.2151
   -7.5000   37.5000   45.0000 2597.3530   13.4667
    0.0000   37.5000   45.0000 2615.7742   13.3792
    7.5000   37.5000   45.0000 2595.1313   13.6874
   -7.5000   45.0000   45.0000 2538.5232   14.1165
    0.0000   45.0000   45.0000 2564.0640   14.0610
    7.5000   45.0000   45.0000 2538.8953   14.3228

---------------------------------------------------------------------
imgreg_4dfp /opt/freesurfer/average/711-2C_as_mni_average_305 /opt/freesurfer/average/711-2B_as_mni_average_305_mask talsrcimg_g11 none talsrcimg_to_711-2C_as_mni_average_305_t4 1283
---------------------------------------------------------------------

freesurfer imgreg_4dfp.c
/opt/freesurfer/average/711-2C_as_mni_average_305.4dfp.img
       256       256       256         1
  1.000000  1.000000  1.000000
orientation T byte_order littleendian
Reading image: /opt/freesurfer/average/711-2C_as_mni_average_305.4dfp.img
dimensions:      256       256       256
mmppix:       1.0000   -1.0000   -1.0000
center:     128.0000 -129.0000 -129.0000
/opt/freesurfer/average/711-2B_as_mni_average_305_mask.4dfp.img
       256       256       256         1
  1.000000  1.000000  1.000000
orientation T byte_order littleendian
Reading mask: /opt/freesurfer/average/711-2B_as_mni_average_305_mask.4dfp.img (2306576 pixels)
talsrcimg_g11.4dfp.img
       256       256       256         1
  1.000000  1.000000  1.000000
orientation T byte_order littleendian
Reading image: talsrcimg_g11.4dfp.img
dimensions:      256       256       256
mmppix:       1.0000   -1.0000   -1.0000
center:     128.0000 -129.0000 -129.0000
rotation matrix determinant  1.000000
fimgreg.f
image alignment mode   1283 decimal      503 hex
parameters
    0.0000   30.0000    7.5000    0.0000    0.0000    0.0000
eta,q 0.94571 10.48148
niter,ni,del,rscale     5    3   12.0000    1.2000
parameter  2  0.548898 ->  0.500000 qaram    1.1500
parameters
   -1.2568   26.5500    6.3439   -1.5164   -2.7789   -0.2245
eta,q 0.94729 10.29996
  0.0610  0.0562  0.0592  0.0552  0.0556  0.0577
  0.0571  0.0548  0.0564  0.0547  0.0532  0.0550
  0.0560  0.0541  0.0541  0.0543  0.0528  0.0531
  0.0566  0.0558  0.0543  0.0540  0.0543  0.0527
  0.0582  0.0603  0.0556  0.0544  0.0574  0.0538
  0.0615  0.0647  0.0602  0.0562  0.0604  0.0561
  0.0675  0.0687  0.0669  0.0591  0.0626  0.0580
niter,ni,del,rscale     5    3   12.0000    1.2000
parameters
   -0.5003   27.1846    5.9845   -2.4911   -2.5043   -0.1737
eta,q 0.94752 10.33922
  0.0672  0.0646  0.0580  0.0546  0.0591  0.0587
  0.0606  0.0602  0.0559  0.0533  0.0558  0.0555
  0.0553  0.0558  0.0536  0.0528  0.0532  0.0532
  0.0527  0.0527  0.0521  0.0523  0.0525  0.0525
  0.0535  0.0520  0.0524  0.0527  0.0532  0.0535
  0.0567  0.0561  0.0557  0.0546  0.0553  0.0560
  0.0615  0.0624  0.0615  0.0578  0.0578  0.0580
niter,ni,del,rscale     4    3   12.0000    1.2000
parameters
   -0.4564   27.3875    5.6256   -2.5501   -2.3150   -0.1014
eta,q 0.94748 10.35230
  0.0635  0.0639  0.0573  0.0558  0.0585  0.0589
  0.0577  0.0596  0.0553  0.0539  0.0553  0.0557
  0.0537  0.0553  0.0535  0.0531  0.0531  0.0534
  0.0525  0.0525  0.0524  0.0525  0.0525  0.0525
  0.0539  0.0529  0.0524  0.0524  0.0533  0.0536
  0.0576  0.0576  0.0549  0.0537  0.0553  0.0561
  0.0630  0.0640  0.0604  0.0564  0.0574  0.0582
niter,ni,del,rscale     3    3   12.0000    1.2000
parameters
   -0.4505   27.4161    5.5489   -2.5154   -2.2486   -0.0810
eta,q 0.94748 10.35548
  0.0629  0.0636  0.0577  0.0560  0.0582  0.0589
  0.0574  0.0594  0.0556  0.0540  0.0551  0.0557
  0.0538  0.0551  0.0537  0.0531  0.0530  0.0533
  0.0525  0.0525  0.0525  0.0525  0.0525  0.0525
  0.0538  0.0533  0.0524  0.0524  0.0534  0.0537
  0.0574  0.0584  0.0544  0.0536  0.0555  0.0562
  0.0629  0.0646  0.0594  0.0563  0.0575  0.0583
niter,ni,del,rscale     2    3   12.0000    1.2000
parameters
   -0.4474   27.4117    5.5513   -2.4955   -2.2387   -0.0794
eta,q 0.94749 10.35560
  0.0628  0.0635  0.0578  0.0560  0.0581  0.0588
  0.0574  0.0593  0.0557  0.0540  0.0550  0.0556
  0.0538  0.0551  0.0538  0.0531  0.0530  0.0533
  0.0525  0.0525  0.0525  0.0525  0.0525  0.0525
  0.0537  0.0534  0.0524  0.0524  0.0534  0.0537
  0.0574  0.0585  0.0543  0.0536  0.0556  0.0562
  0.0628  0.0647  0.0592  0.0564  0.0576  0.0583
registration optimization eta report
parameter search radius
    6.0000    6.9000    6.0000    6.0000    6.0000    6.0000
100000*second partial in parameter space
       28.       24.       17.       10.       15.       16.
  0.0628  0.0635  0.0578  0.0560  0.0581  0.0588
  0.0574  0.0593  0.0557  0.0540  0.0550  0.0556
  0.0538  0.0551  0.0538  0.0531  0.0530  0.0533
  0.0525  0.0525  0.0525  0.0525  0.0525  0.0525
  0.0537  0.0534  0.0524  0.0524  0.0534  0.0537
  0.0574  0.0585  0.0543  0.0536  0.0556  0.0562
  0.0628  0.0647  0.0592  0.0564  0.0576  0.0583
   -0.4474   27.4117    5.5513   -2.4955   -2.2387   -0.0794
eta,q 0.94749 10.35560

---------------------------------------------------------------------
imgreg_4dfp /opt/freesurfer/average/711-2C_as_mni_average_305 /opt/freesurfer/average/711-2B_as_mni_average_305_mask talsrcimg_g11 none talsrcimg_to_711-2C_as_mni_average_305_t4 3335
---------------------------------------------------------------------

freesurfer imgreg_4dfp.c
/opt/freesurfer/average/711-2C_as_mni_average_305.4dfp.img
       256       256       256         1
  1.000000  1.000000  1.000000
orientation T byte_order littleendian
Reading image: /opt/freesurfer/average/711-2C_as_mni_average_305.4dfp.img
dimensions:      256       256       256
mmppix:       1.0000   -1.0000   -1.0000
center:     128.0000 -129.0000 -129.0000
/opt/freesurfer/average/711-2B_as_mni_average_305_mask.4dfp.img
       256       256       256         1
  1.000000  1.000000  1.000000
orientation T byte_order littleendian
Reading mask: /opt/freesurfer/average/711-2B_as_mni_average_305_mask.4dfp.img (2306576 pixels)
talsrcimg_g11.4dfp.img
       256       256       256         1
  1.000000  1.000000  1.000000
orientation T byte_order littleendian
Reading image: talsrcimg_g11.4dfp.img
dimensions:      256       256       256
mmppix:       1.0000   -1.0000   -1.0000
center:     128.0000 -129.0000 -129.0000
fimgreg.f
image alignment mode   3335 decimal      D07 hex
parameters
   -0.4474   27.4117    5.5513   -0.0764   -0.0947   -0.1711
   -0.0317    3.9086   -0.1384    4.3487   -3.9063   -4.3507
eta,q 0.95010 10.38586
niter,ni,del,rscale     5    3    5.0000    1.2000
parameter  4-47.711685 ->  0.500000 qaram    1.1500
parameter  5  2.727923 ->  0.500000 qaram    1.1500
parameter  6  1.254165 ->  0.500000 qaram    1.1500
parameters
   -0.0025   27.7038    5.0528   -4.2164   -4.2347   -4.3111
   -0.9278    4.5990   -0.5054    0.9308   -3.3912   -3.8436
eta,q 0.97121 10.45744
  0.0522  0.0519  0.0504  0.0366  0.0340  0.0293  0.0323  0.0382  0.0315  0.0298  0.0318  0.0308
  0.0512  0.0508  0.0500  0.0399  0.0354  0.0294  0.0308  0.0346  0.0304  0.0289  0.0303  0.0298
  0.0504  0.0501  0.0498  0.0446  0.0378  0.0316  0.0299  0.0315  0.0298  0.0289  0.0293  0.0291
  0.0499  0.0498  0.0498  0.0498  0.0411  0.0360  0.0298  0.0298  0.0296  0.0296  0.0288  0.0288
  0.0498  0.0499  0.0500  0.0548  0.0448  0.0404  0.0305  0.0301  0.0299  0.0310  0.0290  0.0289
  0.0502  0.0503  0.0505  0.0592  0.0484  0.0457  0.0319  0.0324  0.0307  0.0331  0.0298  0.0294
  0.0511  0.0510  0.0514  0.0626  0.0516  0.0511  0.0339  0.0359  0.0319  0.0357  0.0311  0.0304
niter,ni,del,rscale     7    3    5.0000    1.2000
parameter  4  0.767812 ->  0.500000 qaram    1.3225
parameter  5  0.710797 ->  0.500000 qaram    1.3225
parameters
   -0.2994   28.6265    5.0171   -8.9774   -8.9957   -6.7075
   -0.3433    5.3001   -0.0391    1.0463   -3.5808   -2.6502
eta,q 0.97692 10.20063
  0.0321  0.0335  0.0310  0.0254  0.0232  0.0252  0.0262  0.0288  0.0254  0.0264  0.0242  0.0248
  0.0301  0.0314  0.0295  0.0246  0.0228  0.0245  0.0247  0.0261  0.0242  0.0246  0.0236  0.0240
  0.0289  0.0298  0.0286  0.0252  0.0231  0.0235  0.0237  0.0243  0.0234  0.0235  0.0232  0.0234
  0.0288  0.0287  0.0283  0.0283  0.0246  0.0228  0.0233  0.0233  0.0231  0.0231  0.0231  0.0231
  0.0297  0.0283  0.0286  0.0333  0.0273  0.0243  0.0234  0.0232  0.0233  0.0235  0.0233  0.0231
  0.0316  0.0285  0.0296  0.0389  0.0308  0.0285  0.0241  0.0245  0.0238  0.0245  0.0237  0.0234
  0.0343  0.0294  0.0312  0.0445  0.0343  0.0332  0.0254  0.0273  0.0249  0.0261  0.0244  0.0240
niter,ni,del,rscale     7    3    5.0000    1.2000
parameters
   -0.5815   29.0215    4.4987  -10.8594  -10.3596   -7.8399
   -0.4000    5.4902   -0.2342    1.3253   -2.9222   -3.2937
eta,q 0.97634 10.00885
  0.0260  0.0267  0.0240  0.0264  0.0263  0.0257  0.0258  0.0277  0.0253  0.0269  0.0247  0.0247
  0.0242  0.0249  0.0232  0.0248  0.0246  0.0248  0.0247  0.0257  0.0244  0.0252  0.0242  0.0241
  0.0232  0.0236  0.0228  0.0237  0.0236  0.0242  0.0240  0.0244  0.0239  0.0241  0.0239  0.0237
  0.0231  0.0230  0.0229  0.0228  0.0232  0.0233  0.0237  0.0237  0.0237  0.0237  0.0237  0.0237
  0.0239  0.0230  0.0234  0.0238  0.0238  0.0232  0.0239  0.0238  0.0239  0.0240  0.0237  0.0239
  0.0254  0.0236  0.0242  0.0274  0.0260  0.0254  0.0247  0.0250  0.0245  0.0250  0.0239  0.0244
  0.0277  0.0249  0.0254  0.0327  0.0295  0.0293  0.0259  0.0277  0.0255  0.0264  0.0244  0.0252
niter,ni,del,rscale     6    3    5.0000    1.2000
parameters
   -0.7384   29.0306    4.4587  -11.2237  -10.4420   -7.9806
   -0.3726    5.4377   -0.3943    1.4540   -2.8337   -3.3900
eta,q 0.97620  9.97751
  0.0265  0.0263  0.0251  0.0277  0.0275  0.0263  0.0259  0.0275  0.0255  0.0269  0.0247  0.0250
  0.0248  0.0248  0.0242  0.0258  0.0257  0.0252  0.0248  0.0257  0.0245  0.0252  0.0242  0.0244
  0.0239  0.0239  0.0237  0.0246  0.0244  0.0245  0.0241  0.0245  0.0240  0.0242  0.0239  0.0239
  0.0237  0.0236  0.0236  0.0236  0.0237  0.0237  0.0238  0.0238  0.0238  0.0238  0.0238  0.0238
  0.0242  0.0240  0.0239  0.0235  0.0238  0.0232  0.0240  0.0240  0.0240  0.0242  0.0239  0.0239
  0.0254  0.0248  0.0243  0.0254  0.0252  0.0242  0.0247  0.0254  0.0246  0.0252  0.0242  0.0244
  0.0273  0.0262  0.0251  0.0295  0.0281  0.0278  0.0259  0.0281  0.0256  0.0266  0.0247  0.0251
niter,ni,del,rscale     5    3    5.0000    1.2000
parameters
   -0.7752   29.0363    4.4497  -11.2441  -10.4351   -7.9857
   -0.3542    5.4221   -0.4125    1.4754   -2.8242   -3.3960
eta,q 0.97618  9.97640
  0.0268  0.0264  0.0252  0.0279  0.0276  0.0264  0.0259  0.0276  0.0256  0.0268  0.0247  0.0251
  0.0252  0.0250  0.0244  0.0261  0.0258  0.0253  0.0248  0.0258  0.0246  0.0252  0.0242  0.0244
  0.0241  0.0241  0.0239  0.0247  0.0244  0.0246  0.0241  0.0245  0.0240  0.0241  0.0239  0.0240
  0.0238  0.0238  0.0238  0.0238  0.0238  0.0238  0.0238  0.0238  0.0238  0.0238  0.0238  0.0238
  0.0242  0.0241  0.0240  0.0235  0.0239  0.0232  0.0240  0.0240  0.0240  0.0242  0.0239  0.0239
  0.0253  0.0250  0.0245  0.0252  0.0253  0.0241  0.0247  0.0254  0.0246  0.0252  0.0242  0.0244
  0.0271  0.0264  0.0252  0.0290  0.0281  0.0277  0.0259  0.0281  0.0256  0.0267  0.0247  0.0251
niter,ni,del,rscale     4    3    5.0000    1.2000
parameters
   -0.7793   29.0394    4.4484  -11.2446  -10.4341   -7.9867
   -0.3491    5.4201   -0.4133    1.4784   -2.8063   -3.3988
eta,q 0.97619  9.97630
  0.0269  0.0264  0.0253  0.0280  0.0276  0.0264  0.0259  0.0276  0.0256  0.0268  0.0247  0.0251
  0.0252  0.0250  0.0244  0.0261  0.0258  0.0253  0.0248  0.0258  0.0246  0.0252  0.0242  0.0244
  0.0242  0.0241  0.0239  0.0247  0.0244  0.0246  0.0241  0.0245  0.0240  0.0241  0.0239  0.0240
  0.0238  0.0238  0.0238  0.0238  0.0238  0.0238  0.0238  0.0238  0.0238  0.0238  0.0238  0.0238
  0.0242  0.0241  0.0240  0.0235  0.0239  0.0232  0.0240  0.0240  0.0240  0.0242  0.0239  0.0239
  0.0252  0.0250  0.0245  0.0252  0.0253  0.0241  0.0247  0.0254  0.0246  0.0252  0.0242  0.0244
  0.0270  0.0264  0.0252  0.0290  0.0281  0.0277  0.0259  0.0281  0.0255  0.0267  0.0247  0.0251
registration optimization eta report
parameter search radius
    2.4000    2.4000    2.4000    9.5220    9.5220    8.2800
    7.2000    7.2000    7.2000    7.2000    7.2000    7.2000
100000*second partial in parameter space
       54.       45.       25.        5.        5.        5.
        4.        8.        3.        6.        2.        2.
  0.0269  0.0264  0.0253  0.0280  0.0276  0.0264  0.0259  0.0276  0.0256  0.0268  0.0247  0.0251
  0.0252  0.0250  0.0244  0.0261  0.0258  0.0253  0.0248  0.0258  0.0246  0.0252  0.0242  0.0244
  0.0242  0.0241  0.0239  0.0247  0.0244  0.0246  0.0241  0.0245  0.0240  0.0241  0.0239  0.0240
  0.0238  0.0238  0.0238  0.0238  0.0238  0.0238  0.0238  0.0238  0.0238  0.0238  0.0238  0.0238
  0.0242  0.0241  0.0240  0.0235  0.0239  0.0232  0.0240  0.0240  0.0240  0.0242  0.0239  0.0239
  0.0252  0.0250  0.0245  0.0252  0.0253  0.0241  0.0247  0.0254  0.0246  0.0252  0.0242  0.0244
  0.0270  0.0264  0.0252  0.0290  0.0281  0.0277  0.0259  0.0281  0.0255  0.0267  0.0247  0.0251
   -0.7793   29.0394    4.4484  -11.2446  -10.4341   -7.9867
   -0.3491    5.4201   -0.4133    1.4784   -2.8063   -3.3988
eta,q 0.97619  9.97630

---------------------------------------------------------------------
imgreg_4dfp /opt/freesurfer/average/711-2C_as_mni_average_305 /opt/freesurfer/average/711-2B_as_mni_average_305_mask talsrcimg_g11 none talsrcimg_to_711-2C_as_mni_average_305_t4 2311
---------------------------------------------------------------------

freesurfer imgreg_4dfp.c
/opt/freesurfer/average/711-2C_as_mni_average_305.4dfp.img
       256       256       256         1
  1.000000  1.000000  1.000000
orientation T byte_order littleendian
Reading image: /opt/freesurfer/average/711-2C_as_mni_average_305.4dfp.img
dimensions:      256       256       256
mmppix:       1.0000   -1.0000   -1.0000
center:     128.0000 -129.0000 -129.0000
/opt/freesurfer/average/711-2B_as_mni_average_305_mask.4dfp.img
       256       256       256         1
  1.000000  1.000000  1.000000
orientation T byte_order littleendian
Reading mask: /opt/freesurfer/average/711-2B_as_mni_average_305_mask.4dfp.img (2306576 pixels)
talsrcimg_g11.4dfp.img
       256       256       256         1
  1.000000  1.000000  1.000000
orientation T byte_order littleendian
Reading image: talsrcimg_g11.4dfp.img
dimensions:      256       256       256
mmppix:       1.0000   -1.0000   -1.0000
center:     128.0000 -129.0000 -129.0000
fimgreg.f
image alignment mode   2311 decimal      907 hex
parameters
   -0.7793   29.0394    4.4484  -11.2446  -10.4341   -7.9867
   -0.3491    5.4201   -0.4133    1.4784   -2.8063   -3.3988
eta,q 0.97619  9.97631
niter,ni,del,rscale     5    3    5.0000    0.8000
parameter  6 -0.631874 -> -0.500000 qaram    1.1500
parameters
   -0.7684   29.0147    4.3898   -9.1292   -9.5106   -5.2267
   -0.1799    4.7989   -0.1839    1.1236   -3.9285   -3.9257
eta,q 0.97735 10.23736
  0.0252  0.0250  0.0244  0.0253  0.0247  0.0248  0.0240  0.0249  0.0237  0.0240  0.0231  0.0231
  0.0245  0.0243  0.0240  0.0248  0.0241  0.0244  0.0233  0.0236  0.0231  0.0233  0.0228  0.0228
  0.0240  0.0239  0.0239  0.0243  0.0237  0.0239  0.0229  0.0229  0.0228  0.0228  0.0227  0.0227
  0.0238  0.0238  0.0238  0.0238  0.0234  0.0233  0.0227  0.0227  0.0227  0.0227  0.0227  0.0227
  0.0240  0.0240  0.0239  0.0235  0.0233  0.0228  0.0229  0.0233  0.0228  0.0230  0.0229  0.0228
  0.0244  0.0244  0.0241  0.0235  0.0235  0.0228  0.0232  0.0246  0.0230  0.0236  0.0233  0.0230
  0.0252  0.0250  0.0245  0.0240  0.0241  0.0233  0.0239  0.0265  0.0235  0.0245  0.0237  0.0234
niter,ni,del,rscale     5    3    5.0000    0.8000
parameters
   -0.6086   29.1518    4.7889   -9.3566   -9.7310   -5.9555
   -0.1652    5.2534   -0.0362    1.3338   -3.7899   -3.3048
eta,q 0.97731 10.19964
  0.0249  0.0241  0.0240  0.0242  0.0236  0.0244  0.0239  0.0255  0.0236  0.0242  0.0233  0.0234
  0.0237  0.0233  0.0234  0.0236  0.0231  0.0239  0.0233  0.0241  0.0231  0.0234  0.0230  0.0231
  0.0230  0.0229  0.0229  0.0230  0.0228  0.0232  0.0229  0.0232  0.0228  0.0229  0.0228  0.0228
  0.0227  0.0226  0.0226  0.0226  0.0226  0.0226  0.0227  0.0227  0.0227  0.0227  0.0227  0.0227
  0.0227  0.0227  0.0226  0.0226  0.0227  0.0228  0.0229  0.0228  0.0228  0.0228  0.0228  0.0227
  0.0232  0.0231  0.0227  0.0234  0.0231  0.0241  0.0232  0.0234  0.0230  0.0233  0.0229  0.0229
  0.0241  0.0237  0.0231  0.0250  0.0240  0.0269  0.0239  0.0247  0.0235  0.0240  0.0232  0.0231
niter,ni,del,rscale     4    3    5.0000    0.7000
parameters
   -0.5974   29.0783    4.7018   -9.2327   -9.5754   -5.9216
   -0.1717    5.2596   -0.0648    1.2333   -3.8530   -3.3030
eta,q 0.97735 10.21020
  0.0240  0.0235  0.0233  0.0240  0.0235  0.0244  0.0235  0.0245  0.0233  0.0237  0.0231  0.0231
  0.0233  0.0230  0.0229  0.0235  0.0231  0.0239  0.0230  0.0235  0.0229  0.0231  0.0228  0.0228
  0.0228  0.0228  0.0227  0.0230  0.0228  0.0233  0.0228  0.0229  0.0227  0.0228  0.0227  0.0227
  0.0227  0.0227  0.0227  0.0227  0.0227  0.0227  0.0227  0.0227  0.0226  0.0227  0.0227  0.0226
  0.0228  0.0228  0.0228  0.0227  0.0227  0.0226  0.0228  0.0228  0.0227  0.0228  0.0227  0.0227
  0.0233  0.0232  0.0231  0.0231  0.0229  0.0232  0.0230  0.0234  0.0229  0.0232  0.0229  0.0228
  0.0240  0.0237  0.0235  0.0241  0.0235  0.0250  0.0235  0.0246  0.0233  0.0238  0.0231  0.0231
niter,ni,del,rscale     3    3    5.0000    0.6000
parameters
   -0.5876   29.0827    4.6962   -9.0469   -9.4783   -5.5553
   -0.1403    5.2097   -0.0298    1.1848   -4.0471   -3.5015
eta,q 0.97744 10.23515
  0.0237  0.0234  0.0232  0.0237  0.0232  0.0242  0.0232  0.0240  0.0231  0.0234  0.0229  0.0229
  0.0231  0.0230  0.0229  0.0233  0.0230  0.0237  0.0229  0.0232  0.0228  0.0229  0.0227  0.0227
  0.0228  0.0227  0.0227  0.0229  0.0227  0.0231  0.0226  0.0227  0.0226  0.0227  0.0226  0.0226
  0.0226  0.0227  0.0227  0.0227  0.0226  0.0226  0.0226  0.0226  0.0226  0.0226  0.0226  0.0226
  0.0228  0.0227  0.0227  0.0226  0.0226  0.0226  0.0226  0.0227  0.0226  0.0227  0.0226  0.0226
  0.0231  0.0230  0.0229  0.0230  0.0228  0.0229  0.0229  0.0232  0.0228  0.0230  0.0228  0.0227
  0.0236  0.0234  0.0232  0.0237  0.0233  0.0241  0.0232  0.0242  0.0230  0.0235  0.0230  0.0229
niter,ni,del,rscale     2    3    5.0000    0.5000
parameters
   -0.5683   29.1121    4.7652   -8.8797   -9.3952   -5.2159
   -0.1185    5.1984    0.0203    1.1630   -4.1677   -3.6686
eta,q 0.97750 10.25698
  0.0233  0.0231  0.0230  0.0234  0.0230  0.0239  0.0230  0.0236  0.0229  0.0231  0.0228  0.0227
  0.0229  0.0228  0.0228  0.0231  0.0228  0.0234  0.0227  0.0230  0.0227  0.0228  0.0226  0.0226
  0.0226  0.0226  0.0226  0.0228  0.0226  0.0229  0.0226  0.0226  0.0225  0.0226  0.0225  0.0225
  0.0226  0.0226  0.0226  0.0226  0.0225  0.0225  0.0225  0.0225  0.0225  0.0225  0.0225  0.0225
  0.0226  0.0226  0.0226  0.0226  0.0226  0.0225  0.0226  0.0226  0.0225  0.0226  0.0225  0.0225
  0.0229  0.0228  0.0227  0.0228  0.0227  0.0228  0.0227  0.0230  0.0226  0.0228  0.0226  0.0226
  0.0232  0.0230  0.0229  0.0234  0.0230  0.0236  0.0230  0.0237  0.0228  0.0231  0.0228  0.0228
niter,ni,del,rscale     1    3    5.0000    0.4000
parameters
   -0.5535   29.1314    4.8368   -8.7874   -9.3185   -4.9778
   -0.1167    5.2023    0.0628    1.1728   -4.2195   -3.7998
eta,q 0.97752 10.27149
  0.0230  0.0228  0.0228  0.0231  0.0228  0.0235  0.0228  0.0232  0.0227  0.0229  0.0227  0.0226
  0.0227  0.0227  0.0226  0.0228  0.0227  0.0230  0.0226  0.0228  0.0226  0.0227  0.0226  0.0225
  0.0226  0.0225  0.0225  0.0226  0.0226  0.0227  0.0225  0.0226  0.0225  0.0225  0.0225  0.0225
  0.0225  0.0225  0.0225  0.0225  0.0225  0.0225  0.0225  0.0225  0.0225  0.0225  0.0225  0.0225
  0.0226  0.0225  0.0225  0.0225  0.0225  0.0225  0.0225  0.0226  0.0225  0.0225  0.0225  0.0225
  0.0227  0.0226  0.0226  0.0227  0.0226  0.0228  0.0226  0.0228  0.0226  0.0227  0.0226  0.0226
  0.0230  0.0228  0.0227  0.0231  0.0228  0.0233  0.0228  0.0233  0.0227  0.0229  0.0227  0.0227
registration optimization eta report
parameter search radius
    0.8000    0.8000    0.8000    2.4000    2.4000    2.7600
    2.4000    2.4000    2.4000    2.4000    2.4000    2.4000
100000*second partial in parameter space
       74.       49.       38.       10.        5.       11.
        6.       13.        4.        7.        3.        3.
  0.0230  0.0228  0.0228  0.0231  0.0228  0.0235  0.0228  0.0232  0.0227  0.0229  0.0227  0.0226
  0.0227  0.0227  0.0226  0.0228  0.0227  0.0230  0.0226  0.0228  0.0226  0.0227  0.0226  0.0225
  0.0226  0.0225  0.0225  0.0226  0.0226  0.0227  0.0225  0.0226  0.0225  0.0225  0.0225  0.0225
  0.0225  0.0225  0.0225  0.0225  0.0225  0.0225  0.0225  0.0225  0.0225  0.0225  0.0225  0.0225
  0.0226  0.0225  0.0225  0.0225  0.0225  0.0225  0.0225  0.0226  0.0225  0.0225  0.0225  0.0225
  0.0227  0.0226  0.0226  0.0227  0.0226  0.0228  0.0226  0.0228  0.0226  0.0227  0.0226  0.0226
  0.0230  0.0228  0.0227  0.0231  0.0228  0.0233  0.0228  0.0233  0.0227  0.0229  0.0227  0.0227
   -0.5535   29.1314    4.8368   -8.7874   -9.3185   -4.9778
   -0.1167    5.2023    0.0628    1.1728   -4.2195   -3.7998
eta,q 0.97752 10.27149

---------------------------------------------------------------------
imgreg_4dfp /opt/freesurfer/average/711-2C_as_mni_average_305 /opt/freesurfer/average/711-2B_as_mni_average_305_mask talsrcimg_g11 none talsrcimg_to_711-2C_as_mni_average_305_t4 2311
---------------------------------------------------------------------

freesurfer imgreg_4dfp.c
/opt/freesurfer/average/711-2C_as_mni_average_305.4dfp.img
       256       256       256         1
  1.000000  1.000000  1.000000
orientation T byte_order littleendian
Reading image: /opt/freesurfer/average/711-2C_as_mni_average_305.4dfp.img
dimensions:      256       256       256
mmppix:       1.0000   -1.0000   -1.0000
center:     128.0000 -129.0000 -129.0000
/opt/freesurfer/average/711-2B_as_mni_average_305_mask.4dfp.img
       256       256       256         1
  1.000000  1.000000  1.000000
orientation T byte_order littleendian
Reading mask: /opt/freesurfer/average/711-2B_as_mni_average_305_mask.4dfp.img (2306576 pixels)
talsrcimg_g11.4dfp.img
       256       256       256         1
  1.000000  1.000000  1.000000
orientation T byte_order littleendian
Reading image: talsrcimg_g11.4dfp.img
dimensions:      256       256       256
mmppix:       1.0000   -1.0000   -1.0000
center:     128.0000 -129.0000 -129.0000
fimgreg.f
image alignment mode   2311 decimal      907 hex
parameters
   -0.5535   29.1314    4.8368   -8.7874   -9.3185   -4.9778
   -0.1167    5.2023    0.0628    1.1728   -4.2195   -3.7998
eta,q 0.97752 10.27149
niter,ni,del,rscale     5    3    5.0000    0.8000
parameters
   -0.5311   29.1435    4.8416   -9.3941   -9.7541   -5.5835
   -0.1637    5.2871    0.0444    1.2807   -3.9543   -3.4156
eta,q 0.97737 10.21315
  0.0245  0.0238  0.0235  0.0240  0.0235  0.0242  0.0237  0.0251  0.0235  0.0241  0.0233  0.0233
  0.0234  0.0231  0.0230  0.0234  0.0230  0.0236  0.0231  0.0238  0.0230  0.0233  0.0229  0.0230
  0.0227  0.0226  0.0226  0.0228  0.0227  0.0229  0.0228  0.0230  0.0227  0.0228  0.0227  0.0227
  0.0225  0.0225  0.0225  0.0225  0.0225  0.0226  0.0226  0.0226  0.0226  0.0226  0.0226  0.0226
  0.0227  0.0226  0.0226  0.0227  0.0227  0.0228  0.0228  0.0228  0.0227  0.0228  0.0227  0.0227
  0.0233  0.0230  0.0229  0.0238  0.0231  0.0238  0.0232  0.0236  0.0230  0.0232  0.0229  0.0228
  0.0243  0.0237  0.0235  0.0256  0.0241  0.0261  0.0238  0.0251  0.0235  0.0240  0.0232  0.0231
niter,ni,del,rscale     4    3    5.0000    0.7000
parameters
   -0.5770   29.0832    4.7912   -9.2474   -9.6140   -5.5131
   -0.1582    5.2326   -0.0147    1.2078   -3.9942   -3.4148
eta,q 0.97742 10.22478
  0.0239  0.0235  0.0233  0.0240  0.0234  0.0241  0.0235  0.0245  0.0232  0.0237  0.0231  0.0230
  0.0232  0.0230  0.0229  0.0235  0.0230  0.0237  0.0230  0.0235  0.0228  0.0231  0.0228  0.0228
  0.0227  0.0227  0.0227  0.0230  0.0227  0.0230  0.0227  0.0228  0.0226  0.0227  0.0226  0.0226
  0.0226  0.0226  0.0226  0.0226  0.0226  0.0226  0.0226  0.0226  0.0226  0.0226  0.0226  0.0226
  0.0228  0.0228  0.0227  0.0226  0.0226  0.0226  0.0227  0.0228  0.0227  0.0227  0.0226  0.0226
  0.0233  0.0231  0.0230  0.0231  0.0229  0.0231  0.0230  0.0235  0.0229  0.0231  0.0228  0.0228
  0.0240  0.0236  0.0234  0.0241  0.0234  0.0245  0.0235  0.0247  0.0233  0.0238  0.0231  0.0230
niter,ni,del,rscale     3    3    5.0000    0.6000
parameters
   -0.5730   29.0883    4.7946   -9.0531   -9.5180   -5.2518
   -0.1246    5.2010    0.0033    1.1668   -4.1027   -3.5835
eta,q 0.97747 10.24493
  0.0236  0.0233  0.0231  0.0237  0.0232  0.0239  0.0232  0.0241  0.0230  0.0234  0.0229  0.0228
  0.0230  0.0229  0.0228  0.0233  0.0229  0.0234  0.0228  0.0232  0.0227  0.0229  0.0227  0.0227
  0.0227  0.0227  0.0226  0.0229  0.0227  0.0229  0.0226  0.0227  0.0226  0.0226  0.0226  0.0226
  0.0226  0.0226  0.0226  0.0226  0.0226  0.0225  0.0225  0.0225  0.0225  0.0225  0.0225  0.0225
  0.0227  0.0227  0.0226  0.0226  0.0226  0.0226  0.0226  0.0227  0.0226  0.0226  0.0226  0.0226
  0.0230  0.0229  0.0228  0.0229  0.0228  0.0229  0.0228  0.0232  0.0227  0.0229  0.0227  0.0227
  0.0236  0.0233  0.0231  0.0237  0.0232  0.0238  0.0232  0.0242  0.0230  0.0234  0.0229  0.0229
niter,ni,del,rscale     2    3    5.0000    0.5000
parameters
   -0.5594   29.1138    4.8353   -8.8999   -9.4280   -5.0319
   -0.1153    5.2009    0.0537    1.1634   -4.1923   -3.7343
eta,q 0.97751 10.26161
  0.0233  0.0230  0.0229  0.0234  0.0230  0.0236  0.0230  0.0236  0.0228  0.0231  0.0228  0.0227
  0.0229  0.0228  0.0227  0.0230  0.0227  0.0231  0.0227  0.0230  0.0227  0.0228  0.0226  0.0226
  0.0226  0.0226  0.0226  0.0227  0.0226  0.0227  0.0225  0.0226  0.0225  0.0226  0.0225  0.0225
  0.0225  0.0225  0.0225  0.0225  0.0225  0.0225  0.0225  0.0225  0.0225  0.0225  0.0225  0.0225
  0.0226  0.0226  0.0226  0.0225  0.0225  0.0225  0.0225  0.0226  0.0225  0.0226  0.0225  0.0225
  0.0228  0.0227  0.0227  0.0228  0.0227  0.0228  0.0227  0.0230  0.0226  0.0228  0.0226  0.0226
  0.0232  0.0230  0.0229  0.0234  0.0229  0.0234  0.0230  0.0237  0.0228  0.0231  0.0228  0.0228
niter,ni,del,rscale     1    3    5.0000    0.4000
parameters
   -0.5483   29.1318    4.8712   -8.8012   -9.3395   -4.8849
   -0.1165    5.2056    0.0767    1.1631   -4.2219   -3.8328
eta,q 0.97751 10.27339
  0.0230  0.0228  0.0228  0.0231  0.0228  0.0232  0.0228  0.0232  0.0227  0.0229  0.0227  0.0226
  0.0227  0.0227  0.0226  0.0228  0.0226  0.0229  0.0226  0.0228  0.0226  0.0227  0.0226  0.0225
  0.0226  0.0225  0.0225  0.0226  0.0225  0.0226  0.0225  0.0226  0.0225  0.0225  0.0225  0.0225
  0.0225  0.0225  0.0225  0.0225  0.0225  0.0225  0.0225  0.0225  0.0225  0.0225  0.0225  0.0225
  0.0225  0.0225  0.0225  0.0225  0.0225  0.0225  0.0225  0.0226  0.0225  0.0225  0.0225  0.0225
  0.0227  0.0226  0.0226  0.0227  0.0226  0.0227  0.0226  0.0228  0.0226  0.0227  0.0226  0.0226
  0.0230  0.0228  0.0227  0.0231  0.0228  0.0231  0.0228  0.0233  0.0227  0.0229  0.0227  0.0227
registration optimization eta report
parameter search radius
    0.8000    0.8000    0.8000    2.4000    2.4000    2.4000
    2.4000    2.4000    2.4000    2.4000    2.4000    2.4000
100000*second partial in parameter space
       75.       50.       40.       10.        5.       12.
        6.       13.        4.        7.        3.        3.
  0.0230  0.0228  0.0228  0.0231  0.0228  0.0232  0.0228  0.0232  0.0227  0.0229  0.0227  0.0226
  0.0227  0.0227  0.0226  0.0228  0.0226  0.0229  0.0226  0.0228  0.0226  0.0227  0.0226  0.0225
  0.0226  0.0225  0.0225  0.0226  0.0225  0.0226  0.0225  0.0226  0.0225  0.0225  0.0225  0.0225
  0.0225  0.0225  0.0225  0.0225  0.0225  0.0225  0.0225  0.0225  0.0225  0.0225  0.0225  0.0225
  0.0225  0.0225  0.0225  0.0225  0.0225  0.0225  0.0225  0.0226  0.0225  0.0225  0.0225  0.0225
  0.0227  0.0226  0.0226  0.0227  0.0226  0.0227  0.0226  0.0228  0.0226  0.0227  0.0226  0.0226
  0.0230  0.0228  0.0227  0.0231  0.0228  0.0231  0.0228  0.0233  0.0227  0.0229  0.0227  0.0227
   -0.5483   29.1318    4.8712   -8.8012   -9.3395   -4.8849
   -0.1165    5.2056    0.0767    1.1631   -4.2219   -3.8328
eta,q 0.97751 10.27339

---------------------------------------------------------------------
compute_vox2vox talsrcimg talsrcimg_to_711-2C_as_mni_average_305_t4 /opt/freesurfer/average/711-2C_as_mni_average_305
---------------------------------------------------------------------

freesurfer compute_vox2vox.c
Reading: talsrcimg.4dfp.ifh
Reading: talsrcimg_to_711-2C_as_mni_average_305_t4
Reading: /opt/freesurfer/average/711-2C_as_mni_average_305.4dfp.ifh
Writing: talsrcimg_to_711-2C_as_mni_average_305_t4_vox2vox.txt

start time Tue Mar 10 08:41:01 CET 2026
end		time Tue Mar 10 08:42:26 CET 2026

mpr2mni305 success

avi2talxfm orig_nu.mgz /opt/freesurfer/average/mni305.cor.mgz talsrcimg_to_711-2C_as_mni_average_305_t4_vox2vox.txt transforms/talairach.auto.xfm
avi2talxfm done
mv -f /out/sourcedata/freesurfer/sub-v2s0x29020_ses-1/mri/talsrcimg_to_711-2C_as_mni_average_305_t4_vox2vox.txt /out/sourcedata/freesurfer/sub-v2s0x29020_ses-1/mri/transforms/talsrcimg_to_711-2C_as_mni_average_305_t4_vox2vox.txt
lta_convert --src orig_nu.mgz --trg /opt/freesurfer/average/mni305.cor.mgz --inxfm transforms/talairach.auto.xfm --outlta transforms/talairach.auto.xfm.lta --subject fsaverage
7.3.2

--src: orig_nu.mgz src image (geometry).
--trg: /opt/freesurfer/average/mni305.cor.mgz trg image (geometry).
--inmni: transforms/talairach.auto.xfm input MNI/XFM transform.
--outlta: transforms/talairach.auto.xfm.lta output LTA.
--s: fsaverage subject name
 LTA read, type : 1
 1.09374  -0.05985  -0.00112   2.36888;
 0.04849   1.04816   0.04437  -47.85177;
-0.00155  -0.01340   1.10245  -45.30946;
 0.00000   0.00000   0.00000   1.00000;
setting subject to fsaverage
Writing  LTA to file transforms/talairach.auto.xfm.lta...
lta_convert successful.
 
 
Started at Tue Mar 10 08:41:00 CET 2026
Ended   at Tue Mar 10 08:42:26 CET 2026
talairach_avi done
