Logfile for bbregister
Tue Mar 10 12:41:41 CET 2026

setenv SUBJECTS_DIR /out/sourcedata/freesurfer
cd /out/sourcedata/freesurfer/sub-v2s0x29045_ses-1/scripts
/opt/freesurfer/bin/bbregister --s sub-v2s0x29045_ses-1 --mov /out/sourcedata/freesurfer/sub-v2s0x29045_ses-1/mri/orig/FLAIRraw.mgz --lta /out/sourcedata/freesurfer/sub-v2s0x29045_ses-1/mri/transforms/FLAIRraw.auto.lta --init-coreg --T2 --gm-proj-abs 2 --wm-proj-abs 1 --no-coreg-ref-mask

bbregister 7.3.2
Linux dna006 5.14.0-427.37.1.el9_4.x86_64 #1 SMP PREEMPT_DYNAMIC Fri Sep 13 12:41:50 EDT 2024 x86_64 x86_64 x86_64 GNU/Linux
FREESURFER_HOME /opt/freesurfer
mri_convert /out/sourcedata/freesurfer/sub-v2s0x29045_ses-1/mri/orig/FLAIRraw.mgz /out/sourcedata/freesurfer/sub-v2s0x29045_ses-1/mri/transforms/tmp.bbregister.1193274/template.nii
mri_convert /out/sourcedata/freesurfer/sub-v2s0x29045_ses-1/mri/orig/FLAIRraw.mgz /out/sourcedata/freesurfer/sub-v2s0x29045_ses-1/mri/transforms/tmp.bbregister.1193274/template.nii 
reading from /out/sourcedata/freesurfer/sub-v2s0x29045_ses-1/mri/orig/FLAIRraw.mgz...
TR=0.00, TE=0.00, TI=0.00, flip angle=0.00
i_ras = (-1, 0, 0)
j_ras = (0, 1, 0)
k_ras = (0, 0, 1)
writing to /out/sourcedata/freesurfer/sub-v2s0x29045_ses-1/mri/transforms/tmp.bbregister.1193274/template.nii...
mri_coreg --s sub-v2s0x29045_ses-1 --mov /out/sourcedata/freesurfer/sub-v2s0x29045_ses-1/mri/transforms/tmp.bbregister.1193274/template.nii --regdat /out/sourcedata/freesurfer/sub-v2s0x29045_ses-1/mri/transforms/tmp.bbregister.1193274/reg.init.dat --reg /out/sourcedata/freesurfer/sub-v2s0x29045_ses-1/mri/transforms/tmp.bbregister.1193274/mri_coreg.lta --nthreads 4 --dof 6 --sep 4 --ftol .0001 --linmintol .01 --no-ref-mask

$Id: mri_coreg.c,v 1.27 2016/04/30 15:11:49 greve Exp $
cwd /out/sourcedata/freesurfer/sub-v2s0x29045_ses-1/scripts
cmdline mri_coreg --s sub-v2s0x29045_ses-1 --mov /out/sourcedata/freesurfer/sub-v2s0x29045_ses-1/mri/transforms/tmp.bbregister.1193274/template.nii --regdat /out/sourcedata/freesurfer/sub-v2s0x29045_ses-1/mri/transforms/tmp.bbregister.1193274/reg.init.dat --reg /out/sourcedata/freesurfer/sub-v2s0x29045_ses-1/mri/transforms/tmp.bbregister.1193274/mri_coreg.lta --nthreads 4 --dof 6 --sep 4 --ftol .0001 --linmintol .01 --no-ref-mask 
sysname  Linux
hostname dna006
machine  x86_64
user     oesteban
dof    6
nsep    1
cras0    1
ftol    0.000100
linmintol    0.010000
bf       1
bflim    30.000000
bfnsamp    30
SmoothRef 0
SatPct    99.990000
MovOOB 0
optschema 1
Seed 53
Reading in mov /out/sourcedata/freesurfer/sub-v2s0x29045_ses-1/mri/transforms/tmp.bbregister.1193274/template.nii
Reading in ref /out/sourcedata/freesurfer/sub-v2s0x29045_ses-1/mri/brainmask.mgz
Setting cras translation parameters to align volume centers
Creating random numbers for coordinate dithering
Performing intensity dithering
Performing intensity dithering on mov with computed dither
Init matrix params -1.0569 -0.0273 -1.0273  0.0000  0.0000  0.0000  1.0000  1.0000  1.0000  0.0000  0.0000  0.0000 
Initial parameters to be opt -1.0569 -0.0273 -1.0273  0.0000  0.0000  0.0000 
Separation list (1):  4   min = 4
DoSmoothing 1
DoCoordDither 1
DoIntensityDither 1
nitersmax 4
ftol 1.000e-04
linmintol 1.000e-02
SatPct 99.990000
Hist FWHM 7.000000 7.000000
nthreads 4
movsat = 79.0000
mov gstd 1.8943 1.8943 1.8943
Smoothing mov
refsat = 114.0000
ref gstd 1.8914 1.8914 1.8914
Smoothing ref
COREGpreproc() done
Testing if mov and target overlap
Init cost   -1.0629852499
nhits = 176015 out of 16777216, Percent Overlap:  67.1
Initial  RefRAS-to-MovRAS
 1.00000   0.00000   0.00000  -1.05690;
 0.00000   1.00000   0.00000  -0.02734;
 0.00000   0.00000   1.00000  -1.02734;
 0.00000   0.00000   0.00000   1.00000;
Initial  RefVox-to-MovVox
 1.02400   0.00000   0.00000  -37.55999;
 0.00000   0.00000   1.02400  -3.06000;
 0.00000  -1.02400   0.00000   258.06000;
 0.00000   0.00000   0.00000   1.00000;
sep = 4 -----------------------------------
COREGoptBruteForce() 30 1 30
Turning on MovOOB for BruteForce Search
#BF# sep= 4 iter=0 lim=30.0 delta=2.00  -1.05690  -0.02734  -1.02734   0.00000   0.00000   0.00000   -1.0520126
Turning  MovOOB back off after brute force search


---------------------------------
Init Powel Params dof = 6: -1.056900 -0.027344 -1.027344 0.000000 0.000000 0.000000 
Starting OpenPowel2(), sep = 4
InitialCost        -1.0629853010 
#@#  4  188  -1.05690 -0.02734 -1.02734 0.00000 0.00000 0.00000   -1.0629853
fs_powell::minimize
  nparams 6
  maxfev 4
  ftol   0.000100
  linmin_xtol_   0.010000
  powell nthiter 0: fret = -1.062985
#@#  4  190  -0.05690 -0.02734 -1.02734 0.00000 0.00000 0.00000   -1.0639439
#@#  4  195  -0.13186 -0.02734 -1.02734 0.00000 0.00000 0.00000   -1.0639561
#@#  4  196  -0.15096 -0.02734 -1.02734 0.00000 0.00000 0.00000   -1.0639571
#@#  4  197  -0.16203 -0.02734 -1.02734 0.00000 0.00000 0.00000   -1.0639572
#@#  4  200  -0.16203 0.97266 -1.02734 0.00000 0.00000 0.00000   -1.0640376
#@#  4  204  -0.16203 0.59069 -1.02734 0.00000 0.00000 0.00000   -1.0642501
#@#  4  206  -0.16203 0.51355 -1.02734 0.00000 0.00000 0.00000   -1.0642601
#@#  4  210  -0.16203 0.51355 -0.02734 0.00000 0.00000 0.00000   -1.0646060
#@#  4  214  -0.16203 0.51355 -0.40931 0.00000 0.00000 0.00000   -1.0647643
#@#  4  215  -0.16203 0.51355 -0.39931 0.00000 0.00000 0.00000   -1.0647649
#@#  4  216  -0.16203 0.51355 -0.38093 0.00000 0.00000 0.00000   -1.0647658
#@#  4  219  -0.16203 0.51355 -0.34805 0.00000 0.00000 0.00000   -1.0647664
#@#  4  220  -0.16203 0.51355 -0.35805 0.00000 0.00000 0.00000   -1.0647670
#@#  4  228  -0.16203 0.51355 -0.35805 0.14857 0.00000 0.00000   -1.0648059
#@#  4  237  -0.16203 0.51355 -0.35805 0.14857 0.02829 0.00000   -1.0648073
#@#  4  240  -0.16203 0.51355 -0.35805 0.14857 0.07989 0.00000   -1.0648090
#@#  4  250  -0.16203 0.51355 -0.35805 0.14857 0.07989 -0.07080   -1.0648096
#@#  4  251  -0.16203 0.51355 -0.35805 0.14857 0.07989 -0.04089   -1.0648100
  powell nthiter 1: fret = -1.064810
#@#  4  273  -0.16203 0.37542 -0.35805 0.14857 0.07989 -0.04089   -1.0648351
#@#  4  282  -0.16203 0.37542 -0.36805 0.14857 0.07989 -0.04089   -1.0648357
#@#  4  284  -0.16203 0.37542 -0.37805 0.14857 0.07989 -0.04089   -1.0648358
#@#  4  291  -0.16203 0.37542 -0.37805 0.24879 0.07989 -0.04089   -1.0648534
#@#  4  313  -0.16203 0.37542 -0.37805 0.24879 0.07989 -0.03089   -1.0648538
Powell done niters total = 1
OptTimeSec  6.8 sec
OptTimeMin  0.11 min
nEvals 317
Final optimized parameters  -0.16202819   0.37542069  -0.37805215   0.24879421   0.07988862  -0.03089269 
Final matrix parameters -0.1620  0.3754 -0.3781  0.2488  0.0799 -0.0209  1.0000  1.0000  1.0000  0.0000  0.0000  0.0000 
Final cost   -1.064853810577868
 

---------------------------------
Final  RefRAS-to-MovRAS
 1.00000  -0.00054   0.00139  -0.16203;
 0.00053   0.99999   0.00434   0.37542;
-0.00140  -0.00434   0.99999  -0.37805;
 0.00000   0.00000   0.00000   1.00000;
Final  RefVox-to-MovVox
 1.02400   0.00143   0.00055  -38.81068;
-0.00055  -0.00445   1.02399  -1.70650;
 0.00143  -1.02399  -0.00445   258.98291;
 0.00000   0.00000   0.00000   1.00000;
Final matrix parameters -0.1620  0.3754 -0.3781  0.2488  0.0799 -0.0309  0.0000  0.0000  0.0000  0.0000  0.0000  0.0000 
Final opt parameters -0.1620  0.3754 -0.3781  0.2488  0.0799 -0.0309 
nhits = 175993 out of 16777216, Percent Overlap:  67.1
mri_coreg RunTimeSec 58.1 sec
To check run:
   tkregisterfv --mov /out/sourcedata/freesurfer/sub-v2s0x29045_ses-1/mri/transforms/tmp.bbregister.1193274/template.nii --targ /out/sourcedata/freesurfer/sub-v2s0x29045_ses-1/mri/brainmask.mgz --reg /out/sourcedata/freesurfer/sub-v2s0x29045_ses-1/mri/transforms/tmp.bbregister.1193274/mri_coreg.lta --s sub-v2s0x29045_ses-1 --surfs 

mri_coreg done

mri_segreg --mov /out/sourcedata/freesurfer/sub-v2s0x29045_ses-1/mri/transforms/tmp.bbregister.1193274/template.nii --init-reg /out/sourcedata/freesurfer/sub-v2s0x29045_ses-1/mri/transforms/tmp.bbregister.1193274/reg.init.dat --out-reg /out/sourcedata/freesurfer/sub-v2s0x29045_ses-1/mri/transforms/tmp.bbregister.1193274/bbr.pass1.dat --subsamp-brute 100 --subsamp 100 --tol 1e-4 --tol1d 1e-3 --brute -4 4 4 --surf white --gm-proj-abs 2 --gm-gt-wm 0.5
7.3.2
setenv SUBJECTS_DIR /out/sourcedata/freesurfer
cd /out/sourcedata/freesurfer/sub-v2s0x29045_ses-1/scripts
mri_segreg --mov /out/sourcedata/freesurfer/sub-v2s0x29045_ses-1/mri/transforms/tmp.bbregister.1193274/template.nii --init-reg /out/sourcedata/freesurfer/sub-v2s0x29045_ses-1/mri/transforms/tmp.bbregister.1193274/reg.init.dat --out-reg /out/sourcedata/freesurfer/sub-v2s0x29045_ses-1/mri/transforms/tmp.bbregister.1193274/bbr.pass1.dat --subsamp-brute 100 --subsamp 100 --tol 1e-4 --tol1d 1e-3 --brute -4 4 4 --surf white --gm-proj-abs 2 --gm-gt-wm 0.5 
sysname  Linux
hostname dna006
machine  x86_64
user     oesteban
movvol /out/sourcedata/freesurfer/sub-v2s0x29045_ses-1/mri/transforms/tmp.bbregister.1193274/template.nii
regfile /out/sourcedata/freesurfer/sub-v2s0x29045_ses-1/mri/transforms/tmp.bbregister.1193274/reg.init.dat
subject sub-v2s0x29045_ses-1
dof 6
outregfile /out/sourcedata/freesurfer/sub-v2s0x29045_ses-1/mri/transforms/tmp.bbregister.1193274/bbr.pass1.dat
UseMask 0
UseLH 1
UseRH 1
nsubsamp 100
PenaltySign  -1
PenaltySlope 0.500000
PenaltyCenter 0.000000
surfname white
GMProjAbs 2.000000
WMProjAbs 2.000000
lhcostfile (null)
rhcostfile (null)
interp  trilinear (1)
frame  0
TolPowell 0.000100
nMaxItersPowell 36
n1dmin  3
Profile   0
Gdiag_no  -1
AddNoise  0 (0)
SynthSeed 1773946620
TransRandMax 0.000000
RotRandMax 0.000000
Translations 0.000000 0.000000 0.000000
Rotations   0.000000 0.000000 0.000000
Input reg
 1.00000  -0.00054   0.00139   0.96228;
-0.00140  -0.00434   0.99999  -0.46262;
-0.00053  -0.99999  -0.00434  -0.70825;
 0.00000   0.00000   0.00000   1.00000;

Loading mov
ExcludeZeroVoxels 1
Reading in targ vol /out/sourcedata/freesurfer/sub-v2s0x29045_ses-1/mri/orig.mgz
Projecting LH Surfs
Loading lh.white surf
GM Proj: 0 0.500000 2.000000
WM Proj: 0 0.500000 2.000000
Projecting RH Surfs
Loading rh.white surf
Projecting RH Surfs
Using lh.cortex.label
Using rh.cortex.label
Computing relative cost
 0  -25.0 -25.0 -25.0   1.021646
 1  -25.0 -25.0  25.0   1.000245
 2  -25.0  25.0 -25.0   1.010696
 3  -25.0  25.0  25.0   1.022312
 4   25.0 -25.0 -25.0   1.036379
 5   25.0 -25.0  25.0   1.046523
 6   25.0  25.0 -25.0   1.037487
 7   25.0  25.0  25.0   1.063866
REL:  8  0.706686    8.239153  1.029894 rel = 0.686174 
Initial costs ----------------
Number of surface hits 2271
WM  Intensity    45.6241 +/-   6.5497
Ctx Intensity    46.6596 +/-  11.6455
Pct Contrast     -0.3143 +/-  26.2058
Cost   0.7067
RelCost   0.6862


WARNING: initial G-W contrast is negative, but expecting positive.
If the mov data has a T1 contrast, re-run with --T1



------------------------------------
Brute force preopt -4 4 4, n = 729
     0  -4.0000  -4.0000  -4.0000  -4.0000  -4.0000  -4.0000      1.0780   1.0780  0.0
     1  -4.0000  -4.0000  -4.0000  -4.0000  -4.0000   0.0000      1.0671   1.0671  0.0
     3  -4.0000  -4.0000  -4.0000  -4.0000   0.0000  -4.0000      1.0376   1.0376  0.0
     7  -4.0000  -4.0000  -4.0000  -4.0000   4.0000   0.0000      1.0075   1.0075  0.0
    34  -4.0000  -4.0000   0.0000  -4.0000   4.0000   0.0000      1.0057   1.0057  0.0
    71  -4.0000  -4.0000   4.0000   0.0000   4.0000   4.0000      1.0037   1.0037  0.0
    72  -4.0000  -4.0000   4.0000   4.0000  -4.0000  -4.0000      0.9817   0.9817  0.0
   274   0.0000  -4.0000   0.0000  -4.0000   0.0000   0.0000      0.9755   0.9755  0.0
   340   0.0000   0.0000  -4.0000   0.0000   4.0000   0.0000      0.9651   0.9651  0.0
   355   0.0000   0.0000   0.0000  -4.0000   0.0000   0.0000      0.9625   0.9625  0.0
   361   0.0000   0.0000   0.0000   0.0000  -4.0000   0.0000      0.9441   0.9441  0.0
   364   0.0000   0.0000   0.0000   0.0000   0.0000   0.0000      0.7067   0.7067  0.0
Brute Force --------------------------
Min cost was 0.706686
Number of iterations   729
Search time 0.715546 sec
Parameters at best (transmm, rotdeg)
  0.000   0.000   0.000  0.000  0.000  0.000 
--------------------------------------------

Starting Powell Minimization
Init Powel Params dof = 6
0 0
1 0
2 0
3 0
4 0
5 0
fs_powell::minimize
  nparams 6
  maxfev 36
  ftol   0.000100
  linmin_xtol_   0.001000
  powell nthiter 0: fret = 0.706686
   2  1.000  0.000  0.000  0.000  0.000  0.000   0.6765348465
   8  1.236  0.000  0.000  0.000  0.000  0.000   0.6750560312
  10  1.146  0.000  0.000  0.000  0.000  0.000   0.6731241245
  11  1.135  0.000  0.000  0.000  0.000  0.000   0.6730709894
  13  1.132  0.000  0.000  0.000  0.000  0.000   0.6730707632
  15  1.133  0.000  0.000  0.000  0.000  0.000   0.6730706419
  24  1.133  0.029  0.000  0.000  0.000  0.000   0.6723723260
  25  1.133  0.033  0.000  0.000  0.000  0.000   0.6723512288
  26  1.133  0.036  0.000  0.000  0.000  0.000   0.6723478376
  34  1.133  0.036  0.382  0.000  0.000  0.000   0.6707597329
  37  1.133  0.036  0.472  0.000  0.000  0.000   0.6702778533
  39  1.133  0.036  0.438  0.000  0.000  0.000   0.6693737179
  40  1.133  0.036  0.432  0.000  0.000  0.000   0.6693181771
  42  1.133  0.036  0.429  0.000  0.000  0.000   0.6693079340
  43  1.133  0.036  0.428  0.000  0.000  0.000   0.6693075722
  51  1.133  0.036  0.428 -0.138  0.000  0.000   0.6627406919
  53  1.133  0.036  0.428 -0.144  0.000  0.000   0.6627158480
  54  1.133  0.036  0.428 -0.148  0.000  0.000   0.6627128933
  55  1.133  0.036  0.428 -0.146  0.000  0.000   0.6627102546
  63  1.133  0.036  0.428 -0.146 -0.003  0.000   0.6626707209
  65  1.133  0.036  0.428 -0.146 -0.040  0.000   0.6619934472
  66  1.133  0.036  0.428 -0.146 -0.063  0.000   0.6619858754
  67  1.133  0.036  0.428 -0.146 -0.052  0.000   0.6619474564
  68  1.133  0.036  0.428 -0.146 -0.051  0.000   0.6619443153
  69  1.133  0.036  0.428 -0.146 -0.047  0.000   0.6619435699
  70  1.133  0.036  0.428 -0.146 -0.049  0.000   0.6619412183
  78  1.133  0.036  0.428 -0.146 -0.049 -0.113   0.6603477950
  82  1.133  0.036  0.428 -0.146 -0.049 -0.103   0.6603123471
  powell nthiter 1: fret = 0.660312
  94  1.081  0.036  0.428 -0.146 -0.049 -0.103   0.6593725953
  95  1.086  0.036  0.428 -0.146 -0.049 -0.103   0.6591686941
  96  1.100  0.036  0.428 -0.146 -0.049 -0.103   0.6588629054
 109  1.100  0.032  0.428 -0.146 -0.049 -0.103   0.6588359712
 111  1.100  0.031  0.428 -0.146 -0.049 -0.103   0.6588353919
 122  1.100  0.031  0.417 -0.146 -0.049 -0.103   0.6587704921
 124  1.100  0.031  0.420 -0.146 -0.049 -0.103   0.6587619350
 136  1.100  0.031  0.420 -0.136 -0.049 -0.103   0.6587284958
 138  1.100  0.031  0.420 -0.138 -0.049 -0.103   0.6587252096
 147  1.100  0.031  0.420 -0.138 -0.021 -0.103   0.6582569284
 149  1.100  0.031  0.420 -0.138 -0.024 -0.103   0.6582242231
 150  1.100  0.031  0.420 -0.138 -0.028 -0.103   0.6582236709
 152  1.100  0.031  0.420 -0.138 -0.026 -0.103   0.6582203521
 162  1.100  0.031  0.420 -0.138 -0.026 -0.083   0.6582132665
 163  1.100  0.031  0.420 -0.138 -0.026 -0.092   0.6581339024
 164  1.100  0.031  0.420 -0.138 -0.026 -0.093   0.6581323939
 166  1.067  0.025  0.412 -0.130 -0.003 -0.084   0.6580049288
 171  1.046  0.021  0.407 -0.125  0.012 -0.078   0.6577176868
 172  1.033  0.019  0.405 -0.122  0.021 -0.074   0.6576971873
 173  1.037  0.020  0.406 -0.123  0.018 -0.075   0.6576829023
 174  1.038  0.020  0.406 -0.123  0.017 -0.076   0.6576825416
 178  1.038  0.020  0.406 -0.124  0.017 -0.076   0.6576823055
  powell nthiter 2: fret = 0.657682
 192  1.038  0.020  0.406 -0.124  0.017 -0.077   0.6576815650
 202  1.038  0.060  0.406 -0.124  0.017 -0.077   0.6574710889
 203  1.038  0.046  0.406 -0.124  0.017 -0.077   0.6572674736
 204  1.038  0.043  0.406 -0.124  0.017 -0.077   0.6572552982
 205  1.038  0.042  0.406 -0.124  0.017 -0.077   0.6572537772
 214  1.038  0.042  0.405 -0.124  0.017 -0.077   0.6572472974
 215  1.038  0.042  0.389 -0.124  0.017 -0.077   0.6572029117
 216  1.038  0.042  0.355 -0.124  0.017 -0.077   0.6571781027
 218  1.038  0.042  0.334 -0.124  0.017 -0.077   0.6571455225
 220  1.038  0.042  0.342 -0.124  0.017 -0.077   0.6571159299
 222  1.038  0.042  0.341 -0.124  0.017 -0.077   0.6571152390
 232  1.038  0.042  0.341 -0.155  0.017 -0.077   0.6558285679
 233  1.038  0.042  0.341 -0.169  0.017 -0.077   0.6555888606
 235  1.038  0.042  0.341 -0.172  0.017 -0.077   0.6555818022
 236  1.038  0.042  0.341 -0.173  0.017 -0.077   0.6555815626
 247  1.038  0.042  0.341 -0.173  0.022 -0.077   0.6555740028
 248  1.038  0.042  0.341 -0.173  0.020 -0.077   0.6555697140
 249  1.038  0.042  0.341 -0.173  0.019 -0.077   0.6555690985
 256  1.026  0.040  0.338 -0.170  0.028 -0.073   0.6553883331
 257  1.021  0.039  0.337 -0.169  0.032 -0.072   0.6553713248
  powell nthiter 3: fret = 0.655371
 275  1.021  0.039  0.337 -0.169  0.032 -0.070   0.6553691573
 285  1.021  0.028  0.337 -0.169  0.032 -0.070   0.6552995698
 286  1.021  0.029  0.337 -0.169  0.032 -0.070   0.6552925585
 287  1.021  0.030  0.337 -0.169  0.032 -0.070   0.6552915483
 299  1.021  0.030  0.344 -0.169  0.032 -0.070   0.6552570897
 310  1.021  0.030  0.344 -0.178  0.032 -0.070   0.6551542002
 311  1.021  0.030  0.344 -0.184  0.032 -0.070   0.6551316980
 323  1.021  0.030  0.344 -0.184  0.029 -0.070   0.6551232301
 332  1.016  0.030  0.343 -0.183  0.032 -0.069   0.6551014891
 339  1.012  0.021  0.348 -0.198  0.033 -0.065   0.6547178830
 342  1.004  0.006  0.357 -0.221  0.035 -0.060   0.6543619899
 343  1.000 -0.003  0.362 -0.235  0.035 -0.057   0.6543224444
 344  1.001 -0.001  0.361 -0.233  0.035 -0.057   0.6543193629
  powell nthiter 4: fret = 0.654319
 368  1.001 -0.001  0.361 -0.233  0.035 -0.056   0.6543169779
 376  1.001 -0.038  0.361 -0.233  0.035 -0.056   0.6538270964
 378  1.001 -0.028  0.361 -0.233  0.035 -0.056   0.6535833981
 379  1.001 -0.024  0.361 -0.233  0.035 -0.056   0.6535678610
 380  1.001 -0.025  0.361 -0.233  0.035 -0.056   0.6535674227
 391  1.001 -0.025  0.355 -0.233  0.035 -0.056   0.6534581014
 400  1.001 -0.025  0.355 -0.233  0.035 -0.056   0.6534564001
 401  1.006 -0.024  0.356 -0.234  0.031 -0.058   0.6534531510
 403  1.004 -0.025  0.356 -0.233  0.033 -0.057   0.6534482516
 404  1.004 -0.025  0.356 -0.233  0.033 -0.057   0.6534477524
 419  1.004 -0.025  0.356 -0.233  0.036 -0.057   0.6533905004
 420  1.004 -0.025  0.356 -0.233  0.040 -0.057   0.6533764453
 422  1.004 -0.025  0.356 -0.233  0.039 -0.057   0.6533698585
 425  0.999 -0.034  0.361 -0.248  0.039 -0.054   0.6533604717
 429  1.001 -0.030  0.359 -0.242  0.039 -0.055   0.6533338250
 431  1.001 -0.030  0.359 -0.241  0.039 -0.055   0.6533321264
 434  1.002 -0.029  0.358 -0.240  0.039 -0.055   0.6533314073
 438  1.002 -0.029  0.358 -0.240  0.039 -0.055   0.6533312763
 439  1.002 -0.029  0.358 -0.240  0.039 -0.055   0.6533310451
  powell nthiter 5: fret = 0.653331
 451  1.002 -0.029  0.358 -0.240  0.039 -0.063   0.6532361792
 463  1.002 -0.033  0.358 -0.240  0.039 -0.063   0.6532241481
 464  1.002 -0.032  0.358 -0.240  0.039 -0.063   0.6532238658
 476  1.002 -0.032  0.355 -0.240  0.039 -0.063   0.6532139550
 477  1.002 -0.032  0.356 -0.240  0.039 -0.063   0.6532134153
 485  0.997 -0.033  0.355 -0.239  0.042 -0.062   0.6532031078
 486  0.997 -0.033  0.355 -0.239  0.042 -0.062   0.6532011737
 505  0.997 -0.033  0.355 -0.239  0.043 -0.062   0.6531979498
 512  0.996 -0.036  0.357 -0.245  0.044 -0.061   0.6531943883
 513  0.996 -0.035  0.356 -0.242  0.044 -0.061   0.6531886369
 514  0.996 -0.035  0.356 -0.242  0.044 -0.061   0.6531880245
 521  0.991 -0.040  0.354 -0.245  0.048 -0.068   0.6531548822
 528  0.991 -0.040  0.354 -0.244  0.048 -0.067   0.6531547683
 531  0.992 -0.039  0.354 -0.244  0.048 -0.067   0.6531545407
  powell nthiter 6: fret = 0.653155
 575  0.992 -0.039  0.356 -0.244  0.048 -0.067   0.6531531221
Powell done niters = 6
Computing relative cost
 0  -25.0 -25.0 -25.0   1.028476
 1  -25.0 -25.0  25.0   0.994573
 2  -25.0  25.0 -25.0   1.038771
 3  -25.0  25.0  25.0   1.007571
 4   25.0 -25.0 -25.0   1.049921
 5   25.0 -25.0  25.0   1.053263
 6   25.0  25.0 -25.0   1.067169
 7   25.0  25.0  25.0   1.054479
REL:  8  0.653153    8.294222  1.036778 rel = 0.629984 
Number of iterations     6
Min cost was 0.653153
Number of FunctionCalls   619
TolPowell 0.000100
nMaxItersPowell 36
OptimizationTime 0.607925 sec
Parameters at optimum (transmm)  0.99170 -0.03926  0.35584
Parameters at optimum (rotdeg) -0.24429  0.04762 -0.06688 
Final costs ----------------
Number of surface hits 2271
WM  Intensity    45.9762 +/-   6.8180
Ctx Intensity    47.1053 +/-  11.8634
Pct Contrast     -0.3125 +/-  28.2630
Cost   0.6532
RelCost   0.6862
Reg at min cost was 
 1.00000  -0.00138   0.00255   1.95285;
-0.00257  -0.00860   0.99996  -0.50601;
-0.00136  -0.99996  -0.00861  -0.35124;
 0.00000   0.00000   0.00000   1.00000;

Writing optimal reg to /out/sourcedata/freesurfer/sub-v2s0x29045_ses-1/mri/transforms/tmp.bbregister.1193274/bbr.pass1.dat, type = 14 
Original Reg 
 1.00000  -0.00054   0.00139   0.96228;
-0.00140  -0.00434   0.99999  -0.46262;
-0.00053  -0.99999  -0.00434  -0.70825;
 0.00000   0.00000   0.00000   1.00000;

Original Reg - Optimal Reg
 0.00000   0.00084  -0.00116  -0.99057;
 0.00117   0.00426   0.00003   0.04340;
 0.00083  -0.00003   0.00426  -0.35701;
 0.00000   0.00000   0.00000   0.00000;

Computing change in lh position
LH rmsDiffMean 1.112195
Computing change in rh position
Surface-RMS-Diff-mm 1.096549 0.045867 1.229893


WARNING: initial G-W contrast was negative, but expected positive.
If the mov data has a T1 contrast, re-run with --T1


mri_segreg done
mri_segreg --mov /out/sourcedata/freesurfer/sub-v2s0x29045_ses-1/mri/transforms/tmp.bbregister.1193274/template.nii --init-reg /out/sourcedata/freesurfer/sub-v2s0x29045_ses-1/mri/transforms/tmp.bbregister.1193274/bbr.pass1.dat --out-reg /out/sourcedata/freesurfer/sub-v2s0x29045_ses-1/mri/transforms/FLAIRraw.auto.dat --interp trilinear --wm-proj-abs 1 --tol 1e-8 --tol1d 1e-3 --c0 0 --mincost /out/sourcedata/freesurfer/sub-v2s0x29045_ses-1/mri/transforms/FLAIRraw.auto.dat.mincost --dof 6 --nmax 36 --param /out/sourcedata/freesurfer/sub-v2s0x29045_ses-1/mri/transforms/FLAIRraw.auto.dat.param --surf white --brute -0.1 0.1 0.1 --cur-reg /out/sourcedata/freesurfer/sub-v2s0x29045_ses-1/mri/transforms/tmp.bbregister.1193274/reg.curopt.dat --gm-proj-abs 2 --nsub 1 --gm-gt-wm 0.5
7.3.2
setenv SUBJECTS_DIR /out/sourcedata/freesurfer
cd /out/sourcedata/freesurfer/sub-v2s0x29045_ses-1/scripts
mri_segreg --mov /out/sourcedata/freesurfer/sub-v2s0x29045_ses-1/mri/transforms/tmp.bbregister.1193274/template.nii --init-reg /out/sourcedata/freesurfer/sub-v2s0x29045_ses-1/mri/transforms/tmp.bbregister.1193274/bbr.pass1.dat --out-reg /out/sourcedata/freesurfer/sub-v2s0x29045_ses-1/mri/transforms/FLAIRraw.auto.dat --interp trilinear --wm-proj-abs 1 --tol 1e-8 --tol1d 1e-3 --c0 0 --mincost /out/sourcedata/freesurfer/sub-v2s0x29045_ses-1/mri/transforms/FLAIRraw.auto.dat.mincost --dof 6 --nmax 36 --param /out/sourcedata/freesurfer/sub-v2s0x29045_ses-1/mri/transforms/FLAIRraw.auto.dat.param --surf white --brute -0.1 0.1 0.1 --cur-reg /out/sourcedata/freesurfer/sub-v2s0x29045_ses-1/mri/transforms/tmp.bbregister.1193274/reg.curopt.dat --gm-proj-abs 2 --nsub 1 --gm-gt-wm 0.5 
sysname  Linux
hostname dna006
machine  x86_64
user     oesteban
movvol /out/sourcedata/freesurfer/sub-v2s0x29045_ses-1/mri/transforms/tmp.bbregister.1193274/template.nii
regfile /out/sourcedata/freesurfer/sub-v2s0x29045_ses-1/mri/transforms/tmp.bbregister.1193274/bbr.pass1.dat
subject sub-v2s0x29045_ses-1
dof 6
outregfile /out/sourcedata/freesurfer/sub-v2s0x29045_ses-1/mri/transforms/FLAIRraw.auto.dat
UseMask 0
UseLH 1
UseRH 1
nsubsamp 1
PenaltySign  -1
PenaltySlope 0.500000
PenaltyCenter 0.000000
surfname white
GMProjAbs 2.000000
WMProjAbs 1.000000
lhcostfile (null)
rhcostfile (null)
interp  trilinear (1)
frame  0
TolPowell 0.000000
nMaxItersPowell 36
n1dmin  3
Profile   0
Gdiag_no  -1
AddNoise  0 (0)
SynthSeed 1773759095
TransRandMax 0.000000
RotRandMax 0.000000
Translations 0.000000 0.000000 0.000000
Rotations   0.000000 0.000000 0.000000
Input reg
 1.00000  -0.00138   0.00255   1.95285;
-0.00257  -0.00860   0.99996  -0.50601;
-0.00136  -0.99996  -0.00861  -0.35124;
 0.00000   0.00000   0.00000   1.00000;

Loading mov
ExcludeZeroVoxels 1
Reading in targ vol /out/sourcedata/freesurfer/sub-v2s0x29045_ses-1/mri/orig.mgz
Projecting LH Surfs
Loading lh.white surf
GM Proj: 0 0.500000 2.000000
WM Proj: 0 0.500000 1.000000
Projecting RH Surfs
Loading rh.white surf
Projecting RH Surfs
Using lh.cortex.label
Using rh.cortex.label
Computing relative cost
 0  -25.0 -25.0 -25.0   1.041146
 1  -25.0 -25.0  25.0   1.021737
 2  -25.0  25.0 -25.0   1.030901
 3  -25.0  25.0  25.0   1.052279
 4   25.0 -25.0 -25.0   1.047091
 5   25.0 -25.0  25.0   1.044703
 6   25.0  25.0 -25.0   1.042545
 7   25.0  25.0  25.0   1.060617
REL:  8  0.730647    8.341019  1.042627 rel = 0.700775 
Initial costs ----------------
Number of surface hits 227378
WM  Intensity    46.4428 +/-   6.9736
Ctx Intensity    46.8440 +/-  12.0865
Pct Contrast     -1.9754 +/-  29.2217
Cost   0.7306
RelCost   0.7008


WARNING: initial G-W contrast is negative, but expecting positive.
If the mov data has a T1 contrast, re-run with --T1



------------------------------------
Brute force preopt -0.1 0.1 0.1, n = 729
     0  -0.1000  -0.1000  -0.1000  -0.1000  -0.1000  -0.1000      0.6962   0.6962  0.0
    27  -0.1000  -0.1000   0.0000  -0.1000  -0.1000  -0.1000      0.6890   0.6890  0.0
    39  -0.1000  -0.1000   0.0000   0.0000   0.0000  -0.1000      0.6889   0.6889  0.0
    49  -0.1000  -0.1000   0.0000   0.1000   0.0000   0.0000      0.6887   0.6887  0.0
    54  -0.1000  -0.1000   0.1000  -0.1000  -0.1000  -0.1000      0.6845   0.6845  0.0
    76  -0.1000  -0.1000   0.1000   0.1000   0.0000   0.0000      0.6834   0.6834  0.0
   135  -0.1000   0.0000   0.1000  -0.1000  -0.1000  -0.1000      0.6816   0.6816  0.0
Brute Force --------------------------
Min cost was 0.681644
Number of iterations   729
Search time 0.708855 sec
Parameters at best (transmm, rotdeg)
 -0.100   0.000   0.100 -0.100 -0.100 -0.100 
--------------------------------------------

Starting Powell Minimization
Init Powel Params dof = 6
0 -0.1
1 0
2 0.1
3 -0.1
4 -0.1
5 -0.1
fs_powell::minimize
  nparams 6
  maxfev 36
  ftol   0.000000
  linmin_xtol_   0.001000
  powell nthiter 0: fret = 0.735862
   7 -0.383  0.000  0.100 -0.100 -0.100 -0.100   0.7345657834
   8 -0.374  0.000  0.100 -0.100 -0.100 -0.100   0.7345493124
   9 -0.341  0.000  0.100 -0.100 -0.100 -0.100   0.7344662662
  10 -0.249  0.000  0.100 -0.100 -0.100 -0.100   0.7341809882
  13 -0.251  0.000  0.100 -0.100 -0.100 -0.100   0.7341775907
  14 -0.260  0.000  0.100 -0.100 -0.100 -0.100   0.7341687079
  25 -0.259  0.035  0.100 -0.100 -0.100 -0.100   0.7340936352
  28 -0.259  0.036  0.100 -0.100 -0.100 -0.100   0.7340936238
  33 -0.259  0.036 -0.518 -0.100 -0.100 -0.100   0.7263220307
  35 -0.259  0.036 -0.552 -0.100 -0.100 -0.100   0.7262005574
  36 -0.259  0.036 -0.602 -0.100 -0.100 -0.100   0.7261444470
  37 -0.259  0.036 -0.596 -0.100 -0.100 -0.100   0.7261413520
  38 -0.259  0.036 -0.591 -0.100 -0.100 -0.100   0.7261395636
  40 -0.259  0.036 -0.586 -0.100 -0.100 -0.100   0.7261390387
  41 -0.259  0.036 -0.587 -0.100 -0.100 -0.100   0.7261389141
  48 -0.259  0.036 -0.587  0.282 -0.100 -0.100   0.7209916758
  50 -0.259  0.036 -0.587  0.321 -0.100 -0.100   0.7209180924
  52 -0.259  0.036 -0.587  0.320 -0.100 -0.100   0.7209180403
  53 -0.259  0.036 -0.587  0.319 -0.100 -0.100   0.7209178161
  55 -0.259  0.036 -0.587  0.312 -0.100 -0.100   0.7209155066
  56 -0.259  0.036 -0.587  0.311 -0.100 -0.100   0.7209148859
  64 -0.259  0.036 -0.587  0.311  0.282 -0.100   0.7202705390
  65 -0.259  0.036 -0.587  0.311  0.126 -0.100   0.7185006136
  66 -0.259  0.036 -0.587  0.311  0.106 -0.100   0.7184560334
  68 -0.259  0.036 -0.587  0.311  0.102 -0.100   0.7184542034
  69 -0.259  0.036 -0.587  0.311  0.101 -0.100   0.7184536966
  78 -0.259  0.036 -0.587  0.311  0.101 -0.084   0.7183853869
  79 -0.259  0.036 -0.587  0.311  0.101 -0.044   0.7183285712
  powell nthiter 1: fret = 0.718329
  89 -0.877  0.036 -0.587  0.311  0.101 -0.044   0.7181209000
  91 -0.575  0.036 -0.587  0.311  0.101 -0.044   0.7155694783
  93 -0.576  0.036 -0.587  0.311  0.101 -0.044   0.7155692642
  95 -0.620  0.036 -0.587  0.311  0.101 -0.044   0.7155247602
 108 -0.620  0.085 -0.587  0.311  0.101 -0.044   0.7154772599
 112 -0.620  0.104 -0.587  0.311  0.101 -0.044   0.7154717590
 113 -0.620  0.102 -0.587  0.311  0.101 -0.044   0.7154704707
 114 -0.620  0.097 -0.587  0.311  0.101 -0.044   0.7154701530
 116 -0.620  0.099 -0.587  0.311  0.101 -0.044   0.7154697733
 124 -0.620  0.099 -0.669  0.311  0.101 -0.044   0.7153500920
 129 -0.620  0.099 -0.694  0.311  0.101 -0.044   0.7153456927
 130 -0.620  0.099 -0.685  0.311  0.101 -0.044   0.7153372667
 131 -0.620  0.099 -0.683  0.311  0.101 -0.044   0.7153369151
 132 -0.620  0.099 -0.682  0.311  0.101 -0.044   0.7153368290
 133 -0.620  0.099 -0.681  0.311  0.101 -0.044   0.7153366832
 142 -0.620  0.099 -0.681  0.063  0.101 -0.044   0.7140829963
 143 -0.620  0.099 -0.681  0.055  0.101 -0.044   0.7140744072
 145 -0.620  0.099 -0.681  0.052  0.101 -0.044   0.7140732113
 148 -0.620  0.099 -0.681  0.050  0.101 -0.044   0.7140727403
 157 -0.620  0.099 -0.681  0.050  0.240 -0.044   0.7130792940
 158 -0.620  0.099 -0.681  0.050  0.261 -0.044   0.7130352351
 159 -0.620  0.099 -0.681  0.050  0.283 -0.044   0.7130292688
 160 -0.620  0.099 -0.681  0.050  0.276 -0.044   0.7130226581
 161 -0.620  0.099 -0.681  0.050  0.274 -0.044   0.7130223192
 173 -0.620  0.099 -0.681  0.050  0.274 -0.047   0.7130213487
  powell nthiter 2: fret = 0.713021
 185 -0.705  0.099 -0.681  0.050  0.274 -0.047   0.7128698099
 186 -0.681  0.099 -0.681  0.050  0.274 -0.047   0.7128038049
 187 -0.675  0.099 -0.681  0.050  0.274 -0.047   0.7127955954
 189 -0.671  0.099 -0.681  0.050  0.274 -0.047   0.7127936569
 191 -0.672  0.099 -0.681  0.050  0.274 -0.047   0.7127936141
 201 -0.672  0.070 -0.681  0.050  0.274 -0.047   0.7127207460
 203 -0.672  0.071 -0.681  0.050  0.274 -0.047   0.7127205140
 204 -0.672  0.073 -0.681  0.050  0.274 -0.047   0.7127201776
 215 -0.672  0.073 -0.735  0.050  0.274 -0.047   0.7125543156
 216 -0.672  0.073 -0.752  0.050  0.274 -0.047   0.7125175883
 219 -0.672  0.073 -0.771  0.050  0.274 -0.047   0.7125147846
 220 -0.672  0.073 -0.763  0.050  0.274 -0.047   0.7125079783
 222 -0.672  0.073 -0.764  0.050  0.274 -0.047   0.7125077847
 232 -0.672  0.073 -0.764  0.066  0.274 -0.047   0.7124917407
 233 -0.672  0.073 -0.764  0.068  0.274 -0.047   0.7124915808
 242 -0.672  0.073 -0.764  0.068  0.265 -0.047   0.7124908599
 243 -0.672  0.073 -0.764  0.068  0.269 -0.047   0.7124896124
 254 -0.672  0.073 -0.764  0.068  0.270 -0.005   0.7124078006
 256 -0.672  0.073 -0.764  0.068  0.270 -0.007   0.7124076684
  powell nthiter 3: fret = 0.712408
 273 -0.673  0.073 -0.764  0.068  0.270 -0.007   0.7124074518
 283 -0.673  0.064 -0.764  0.068  0.270 -0.007   0.7124018742
 284 -0.673  0.063 -0.764  0.068  0.270 -0.007   0.7124018312
 293 -0.673  0.063 -0.840  0.068  0.270 -0.007   0.7123624177
 295 -0.673  0.063 -0.808  0.068  0.270 -0.007   0.7123019452
 297 -0.673  0.063 -0.810  0.068  0.270 -0.007   0.7123018985
 305 -0.673  0.063 -0.810  0.070  0.270 -0.007   0.7123003983
 307 -0.673  0.063 -0.810  0.074  0.270 -0.007   0.7122992762
 318 -0.673  0.063 -0.810  0.074  0.273 -0.007   0.7122987167
 320 -0.673  0.063 -0.810  0.074  0.272 -0.007   0.7122985826
 328 -0.673  0.063 -0.810  0.074  0.272 -0.002   0.7122888862
 329 -0.673  0.063 -0.810  0.074  0.272  0.022   0.7122708662
 332 -0.673  0.063 -0.810  0.074  0.272  0.023   0.7122707638
 333 -0.673  0.063 -0.810  0.074  0.272  0.024   0.7122707626
  powell nthiter 4: fret = 0.712271
 346 -0.680  0.063 -0.810  0.074  0.272  0.024   0.7122686373
 347 -0.678  0.063 -0.810  0.074  0.272  0.024   0.7122680125
 356 -0.678  0.076 -0.810  0.074  0.272  0.024   0.7121848353
 357 -0.678  0.098 -0.810  0.074  0.272  0.024   0.7121551745
 359 -0.678  0.092 -0.810  0.074  0.272  0.024   0.7121466319
 360 -0.678  0.091 -0.810  0.074  0.272  0.024   0.7121463460
 371 -0.678  0.091 -0.830  0.074  0.272  0.024   0.7121176003
 372 -0.678  0.091 -0.829  0.074  0.272  0.024   0.7121162078
 373 -0.678  0.091 -0.826  0.074  0.272  0.024   0.7121147202
 374 -0.678  0.091 -0.825  0.074  0.272  0.024   0.7121143627
 377 -0.678  0.091 -0.824  0.074  0.272  0.024   0.7121142266
 384 -0.678  0.091 -0.824  0.057  0.272  0.024   0.7121072459
 385 -0.678  0.091 -0.824  0.058  0.272  0.024   0.7121069830
 395 -0.678  0.091 -0.824  0.058  0.281  0.024   0.7120937908
 397 -0.678  0.091 -0.824  0.058  0.284  0.024   0.7120922497
 406 -0.678  0.091 -0.824  0.058  0.284  0.114   0.7120418891
 407 -0.678  0.091 -0.824  0.058  0.284  0.082   0.7119501771
 408 -0.678  0.091 -0.824  0.058  0.284  0.074   0.7119439770
 410 -0.678  0.091 -0.824  0.058  0.284  0.075   0.7119439233
 411 -0.678  0.091 -0.824  0.058  0.284  0.076   0.7119439165
 414 -0.684  0.119 -0.837  0.042  0.296  0.128   0.7119366868
  powell nthiter 5: fret = 0.711944
 421 -0.776  0.091 -0.824  0.058  0.284  0.076   0.7118197103
 424 -0.852  0.091 -0.824  0.058  0.284  0.076   0.7116215184
 426 -0.823  0.091 -0.824  0.058  0.284  0.076   0.7116014371
 427 -0.833  0.091 -0.824  0.058  0.284  0.076   0.7115910407
 428 -0.834  0.091 -0.824  0.058  0.284  0.076   0.7115908863
 437 -0.834  0.136 -0.824  0.058  0.284  0.076   0.7115022928
 439 -0.834  0.124 -0.824  0.058  0.284  0.076   0.7114807852
 441 -0.834  0.121 -0.824  0.058  0.284  0.076   0.7114797429
 442 -0.834  0.120 -0.824  0.058  0.284  0.076   0.7114796827
 450 -0.834  0.120 -0.848  0.058  0.284  0.076   0.7114124495
 452 -0.834  0.120 -0.855  0.058  0.284  0.076   0.7114056671
 453 -0.834  0.120 -0.856  0.058  0.284  0.076   0.7114054522
 461 -0.834  0.120 -0.856 -0.012  0.284  0.076   0.7112090738
 462 -0.834  0.120 -0.856 -0.039  0.284  0.076   0.7111500499
 464 -0.834  0.120 -0.856 -0.133  0.284  0.076   0.7109339482
 465 -0.834  0.120 -0.856 -0.136  0.284  0.076   0.7109099632
 466 -0.834  0.120 -0.856 -0.175  0.284  0.076   0.7107873415
 467 -0.834  0.120 -0.856 -0.173  0.284  0.076   0.7107859341
 468 -0.834  0.120 -0.856 -0.171  0.284  0.076   0.7107854915
 477 -0.834  0.120 -0.856 -0.171  0.063  0.076   0.7101479913
 478 -0.834  0.120 -0.856 -0.171  0.103  0.076   0.7100655697
 479 -0.834  0.120 -0.856 -0.171  0.121  0.076   0.7100264449
 482 -0.834  0.120 -0.856 -0.171  0.127  0.076   0.7100237748
 483 -0.834  0.120 -0.856 -0.171  0.126  0.076   0.7100234049
 491 -0.834  0.120 -0.856 -0.171  0.126  0.194   0.7094521980
 493 -0.834  0.120 -0.856 -0.171  0.126  0.166   0.7094005184
 495 -0.834  0.120 -0.856 -0.171  0.126  0.170   0.7093959293
 496 -0.834  0.120 -0.856 -0.171  0.126  0.173   0.7093955064
 498 -0.834  0.120 -0.856 -0.171  0.126  0.172   0.7093953338
  powell nthiter 6: fret = 0.709395
 507 -0.926  0.120 -0.856 -0.171  0.126  0.172   0.7093311918
 508 -0.887  0.120 -0.856 -0.171  0.126  0.172   0.7092322036
 509 -0.885  0.120 -0.856 -0.171  0.126  0.172   0.7092309558
 510 -0.878  0.120 -0.856 -0.171  0.126  0.172   0.7092288252
 511 -0.879  0.120 -0.856 -0.171  0.126  0.172   0.7092287672
 519 -0.879  0.199 -0.856 -0.171  0.126  0.172   0.7086958431
 520 -0.879  0.209 -0.856 -0.171  0.126  0.172   0.7086555829
 523 -0.879  0.235 -0.856 -0.171  0.126  0.172   0.7086188271
 524 -0.879  0.231 -0.856 -0.171  0.126  0.172   0.7086187888
 525 -0.879  0.233 -0.856 -0.171  0.126  0.172   0.7086185301
 534 -0.879  0.233 -0.907 -0.171  0.126  0.172   0.7081779606
 535 -0.879  0.233 -0.972 -0.171  0.126  0.172   0.7081408555
 537 -0.879  0.233 -0.944 -0.171  0.126  0.172   0.7080738377
 539 -0.879  0.233 -0.948 -0.171  0.126  0.172   0.7080717866
 541 -0.879  0.233 -0.949 -0.171  0.126  0.172   0.7080715698
 550 -0.879  0.233 -0.949 -0.153  0.126  0.172   0.7080529717
 551 -0.879  0.233 -0.949 -0.152  0.126  0.172   0.7080522157
 553 -0.879  0.233 -0.949 -0.147  0.126  0.172   0.7080515961
 554 -0.879  0.233 -0.949 -0.149  0.126  0.172   0.7080515489
 562 -0.879  0.233 -0.949 -0.149 -0.011  0.172   0.7079208369
 563 -0.879  0.233 -0.949 -0.149  0.037  0.172   0.7076519868
 564 -0.879  0.233 -0.949 -0.149  0.051  0.172   0.7076286569
 566 -0.879  0.233 -0.949 -0.149  0.050  0.172   0.7076282593
 574 -0.879  0.233 -0.949 -0.149  0.050  0.159   0.7076222075
 575 -0.879  0.233 -0.949 -0.149  0.050  0.160   0.7076217428
 576 -0.879  0.233 -0.949 -0.149  0.050  0.163   0.7076208272
 578 -0.879  0.233 -0.949 -0.149  0.050  0.164   0.7076206968
  powell nthiter 7: fret = 0.707621
 588 -0.895  0.233 -0.949 -0.149  0.050  0.164   0.7075917396
 590 -0.894  0.233 -0.949 -0.149  0.050  0.164   0.7075913494
 600 -0.894  0.244 -0.949 -0.149  0.050  0.164   0.7075720668
 602 -0.894  0.243 -0.949 -0.149  0.050  0.164   0.7075718652
 612 -0.894  0.243 -0.995 -0.149  0.050  0.164   0.7075298223
 614 -0.894  0.243 -0.978 -0.149  0.050  0.164   0.7074935633
 615 -0.894  0.243 -0.977 -0.149  0.050  0.164   0.7074934962
 624 -0.894  0.243 -0.977 -0.146  0.050  0.164   0.7074881082
 625 -0.894  0.243 -0.977 -0.142  0.050  0.164   0.7074851191
 626 -0.894  0.243 -0.977 -0.141  0.050  0.164   0.7074850388
 637 -0.894  0.243 -0.977 -0.141  0.054  0.164   0.7074813875
 646 -0.894  0.243 -0.977 -0.141  0.054  0.154   0.7074777056
 647 -0.894  0.243 -0.977 -0.141  0.054  0.155   0.7074770484
 648 -0.894  0.243 -0.977 -0.141  0.054  0.157   0.7074763918
  powell nthiter 8: fret = 0.707476
 661 -0.903  0.243 -0.977 -0.141  0.054  0.157   0.7074763657
 663 -0.899  0.243 -0.977 -0.141  0.054  0.157   0.7074734222
 674 -0.899  0.248 -0.977 -0.141  0.054  0.157   0.7074701813
 675 -0.899  0.247 -0.977 -0.141  0.054  0.157   0.7074700820
 685 -0.899  0.247 -0.979 -0.141  0.054  0.157   0.7074690360
 686 -0.899  0.247 -0.980 -0.141  0.054  0.157   0.7074689819
 696 -0.899  0.247 -0.980 -0.139  0.054  0.157   0.7074682616
 707 -0.899  0.247 -0.980 -0.139  0.052  0.157   0.7074679977
 716 -0.899  0.247 -0.980 -0.139  0.052  0.153   0.7074669884
 718 -0.899  0.247 -0.980 -0.139  0.052  0.154   0.7074667274
  powell nthiter 9: fret = 0.707467
 730 -0.900  0.247 -0.980 -0.139  0.052  0.154   0.7074666894
 739 -0.900  0.249 -0.980 -0.139  0.052  0.154   0.7074657246
 751 -0.900  0.249 -0.981 -0.139  0.052  0.154   0.7074656077
 773 -0.900  0.249 -0.981 -0.139  0.051  0.154   0.7074655325
 781 -0.900  0.249 -0.981 -0.139  0.051  0.152   0.7074654106
  powell nthiter 10: fret = 0.707465
 803 -0.899  0.250 -0.981 -0.139  0.051  0.152   0.7074653634
  powell nthiter 11: fret = 0.707465
 855 -0.900  0.250 -0.981 -0.139  0.051  0.152   0.7074653375
Powell done niters = 11
Computing relative cost
 0  -25.0 -25.0 -25.0   1.031768
 1  -25.0 -25.0  25.0   1.021830
 2  -25.0  25.0 -25.0   1.037538
 3  -25.0  25.0  25.0   1.050556
 4   25.0 -25.0 -25.0   1.049848
 5   25.0 -25.0  25.0   1.048589
 6   25.0  25.0 -25.0   1.052184
 7   25.0  25.0  25.0   1.054906
REL:  8  0.707465    8.347219  1.043402 rel = 0.678037 
Number of iterations    11
Min cost was 0.707465
Number of FunctionCalls   906
TolPowell 0.000000
nMaxItersPowell 36
OptimizationTime 32.541755 sec
Parameters at optimum (transmm) -0.89951  0.24992 -0.98136
Parameters at optimum (rotdeg) -0.13942  0.05127  0.15198 
Final costs ----------------
Number of surface hits 227378
WM  Intensity    46.4337 +/-   6.7566
Ctx Intensity    47.0786 +/-  11.8092
Pct Contrast     -1.2967 +/-  28.0894
Cost   0.7075
RelCost   0.7008
Reg at min cost was 
 1.00000  -0.00225  -0.00011   1.05436;
 0.00008  -0.01104   0.99994  -0.25177;
-0.00225  -0.99994  -0.01104  -1.33311;
 0.00000   0.00000   0.00000   1.00000;

Writing optimal reg to /out/sourcedata/freesurfer/sub-v2s0x29045_ses-1/mri/transforms/FLAIRraw.auto.dat, type = 14 
Original Reg 
 1.00000  -0.00138   0.00255   1.95285;
-0.00257  -0.00860   0.99996  -0.50601;
-0.00136  -0.99996  -0.00861  -0.35124;
 0.00000   0.00000   0.00000   1.00000;

Original Reg - Optimal Reg
-0.00000   0.00087   0.00266   0.89849;
-0.00265   0.00244   0.00002  -0.25424;
 0.00089  -0.00003   0.00244   0.98187;
 0.00000   0.00000   0.00000   0.00000;

Computing change in lh position
LH rmsDiffMean 1.309623
Computing change in rh position
Surface-RMS-Diff-mm 1.346711 0.091269 1.532840


WARNING: initial G-W contrast was negative, but expected positive.
If the mov data has a T1 contrast, re-run with --T1


mri_segreg done
MinCost: 0.707465 46.433681 47.078575 -1.296663 
tkregister2_cmdl --mov /out/sourcedata/freesurfer/sub-v2s0x29045_ses-1/mri/orig/FLAIRraw.mgz --reg /out/sourcedata/freesurfer/sub-v2s0x29045_ses-1/mri/transforms/FLAIRraw.auto.dat --noedit --ltaout /out/sourcedata/freesurfer/sub-v2s0x29045_ses-1/mri/transforms/FLAIRraw.auto.lta
INFO: no target volume specified, assuming FreeSurfer orig volume.
target  volume orig
movable volume /out/sourcedata/freesurfer/sub-v2s0x29045_ses-1/mri/orig/FLAIRraw.mgz
reg file       /out/sourcedata/freesurfer/sub-v2s0x29045_ses-1/mri/transforms/FLAIRraw.auto.dat
LoadVol        0
ZeroCRAS       0
7.3.2
Diagnostic Level -1
---- Input registration matrix --------
 1.00000  -0.00225  -0.00011   1.05436;
 0.00008  -0.01104   0.99994  -0.25177;
-0.00225  -0.99994  -0.01104  -1.33311;
 0.00000   0.00000   0.00000   1.00000;
float2int = 0
---------------------------------------
INFO: loading target /out/sourcedata/freesurfer/sub-v2s0x29045_ses-1/mri/orig.mgz
Ttarg: --------------------
-1.00000   0.00000   0.00000   128.00000;
 0.00000   0.00000   1.00000  -128.00000;
 0.00000  -1.00000   0.00000   128.00000;
 0.00000   0.00000   0.00000   1.00000;
INFO: loading movable /out/sourcedata/freesurfer/sub-v2s0x29045_ses-1/mri/orig/FLAIRraw.mgz
Tmov: --------------------
-0.97656   0.00000   0.00000   91.30859;
 0.00000   0.00000   0.97656  -125.00000;
 0.00000  -0.97656   0.00000   125.00000;
 0.00000   0.00000   0.00000   1.00000;
mkheaderreg = 0, float2int = 0
---- Input registration matrix --------
 1.00000  -0.00225  -0.00011   1.05436;
 0.00008  -0.01104   0.99994  -0.25177;
-0.00225  -0.99994  -0.01104  -1.33311;
 0.00000   0.00000   0.00000   1.00000;
Determinant 1
subject = sub-v2s0x29045_ses-1
RegMat ---------------------------
 1.00000  -0.00225  -0.00011   1.05436;
 0.00008  -0.01104   0.99994  -0.25177;
-0.00225  -0.99994  -0.01104  -1.33311;
 0.00000   0.00000   0.00000   1.00000;
Cleaning up
 
Started at Tue Mar 10 12:41:41 CET 2026 
Ended   at Tue Mar 10 12:43:20 CET 2026
BBR-Run-Time-Sec 99
 
bbregister Done
To check results, run:
tkregisterfv --mov /out/sourcedata/freesurfer/sub-v2s0x29045_ses-1/mri/orig/FLAIRraw.mgz --reg /out/sourcedata/freesurfer/sub-v2s0x29045_ses-1/mri/transforms/FLAIRraw.auto.lta --surfs  --sd /out/sourcedata/freesurfer
