/out/sourcedata/freesurfer/sub-v2s0x29045_ses-1/mri
/opt/freesurfer/bin/talairach_avi
--i orig_nu.mgz --xfm transforms/talairach.auto.xfm
talairach_avi 7.3.2
Linux dna006 5.14.0-427.37.1.el9_4.x86_64 #1 SMP PREEMPT_DYNAMIC Fri Sep 13 12:41:50 EDT 2024 x86_64 x86_64 x86_64 GNU/Linux
Tue Mar 10 10:20:37 CET 2026
mri_convert orig_nu.mgz talsrcimg.img 
reading from orig_nu.mgz...
TR=0.00, TE=0.00, TI=0.00, flip angle=0.00
i_ras = (-1, 0, 0)
j_ras = (0, 0, -1)
k_ras = (0, 1, 0)
writing to talsrcimg.img...
Analyze Output Matrix
-1.00000   0.00000   0.00000   135.28574;
 0.00000   0.00000   1.00000  -102.70927;
 0.00000  -1.00000   0.00000   195.93292;
 0.00000   0.00000   0.00000   1.00000;
--------------------
INFO: set hdr.hist.orient to -1
mpr2mni305 talsrcimg
Tue Mar 10 10:20:37 CET 2026
/opt/freesurfer/bin/mpr2mni305 talsrcimg
mpr2mni305 7.3.2
target=711-2C_as_mni_average_305

---------------------------------------------------------------------
analyzeto4dfp talsrcimg -O0 -y
---------------------------------------------------------------------

freesurfer ifh2hdr.c
Tue Mar 10 10:20:37 2026
Writing: talsrcimg.4dfp.hdr
freesurfer analyzeto4dfp.c
Reading: talsrcimg.hdr
header size 348 bytes
hdr.dime.datatype	offset=70	value=2
hdr.dime.bitpix		offset=72	value=8
hdr.hist.orient		offset=252	value=-1
dimensionality     4
dimensions       256       256       256         1
Reading: talsrcimg.img
Writing: talsrcimg.4dfp.img
Writing: talsrcimg.4dfp.ifh
ifh2hdr talsrcimg -r0to228
ori=2

---------------------------------------------------------------------
gauss_4dfp talsrcimg 1.1
---------------------------------------------------------------------

freesurfer gauss_4dfp.c
Reading: talsrcimg.4dfp.img
Writing: talsrcimg_g11.4dfp.img
image dimensions 256 256 256 padded to 288 288 288
processing volume 1freesurfer ifh2hdr.c
Tue Mar 10 10:20:39 2026
Writing: talsrcimg_g11.4dfp.hdr

Writing: talsrcimg_g11.4dfp.ifh
including: talsrcimg.4dfp.img.rec in talsrcimg_g11.4dfp.img.rec

---------------------------------------------------------------------
imgreg_4dfp /opt/freesurfer/average/711-2C_as_mni_average_305 none talsrcimg_g11 none talsrcimg_to_711-2C_as_mni_average_305_t4 4355
---------------------------------------------------------------------

freesurfer imgreg_4dfp.c
/opt/freesurfer/average/711-2C_as_mni_average_305.4dfp.img
       256       256       256         1
  1.000000  1.000000  1.000000
orientation T byte_order littleendian
Reading image: /opt/freesurfer/average/711-2C_as_mni_average_305.4dfp.img
dimensions:      256       256       256
mmppix:       1.0000   -1.0000   -1.0000
center:     128.0000 -129.0000 -129.0000
talsrcimg_g11.4dfp.img
       256       256       256         1
  1.000000  1.000000  1.000000
orientation T byte_order littleendian
Reading image: talsrcimg_g11.4dfp.img
dimensions:      256       256       256
mmppix:       1.0000   -1.0000   -1.0000
center:     128.0000 -129.0000 -129.0000
t4_read: open error in t4_sub.f l:  41 t4_file(1:l)talsrcimg_to_711-2C_as_mni_average_305_t4 
t4_read: transform initialized to I4
rotation matrix determinant  1.000000
image alignment mode   4355 decimal     1103 hex
   -7.5000  -45.0000  -45.0000 9669.2910   12.9998
    0.0000  -45.0000  -45.000010079.8340   12.9506
    7.5000  -45.0000  -45.0000 9606.2334   12.9073
   -7.5000  -37.5000  -45.000010024.3701   12.9856
    0.0000  -37.5000  -45.000010429.7998   12.9364
    7.5000  -37.5000  -45.0000 9935.1230   12.8974
   -7.5000  -30.0000  -45.000010707.0664   12.9740
    0.0000  -30.0000  -45.000011124.2002   12.9236
    7.5000  -30.0000  -45.000010602.3643   12.8925
   -7.5000  -22.5000  -45.000011393.6045   12.9772
    0.0000  -22.5000  -45.000011820.3965   12.9252
    7.5000  -22.5000  -45.000011222.6660   12.8972
   -7.5000  -15.0000  -45.000011877.4746   12.9910
    0.0000  -15.0000  -45.000012301.9268   12.9384
    7.5000  -15.0000  -45.000011674.0205   12.9067
   -7.5000   -7.5000  -45.000012128.3467   13.0019
    0.0000   -7.5000  -45.000012556.1680   12.9509
    7.5000   -7.5000  -45.000011921.6924   12.9119
   -7.5000    0.0000  -45.000012298.2441   12.9998
    0.0000    0.0000  -45.000012754.4805   12.9506
    7.5000    0.0000  -45.000012098.3301   12.9073
   -7.5000    7.5000  -45.000011617.4736   12.9856
    0.0000    7.5000  -45.000012052.8877   12.9364
    7.5000    7.5000  -45.000011446.7354   12.8974
   -7.5000   15.0000  -45.000010827.1953   12.9740
    0.0000   15.0000  -45.000011254.3369   12.9236
    7.5000   15.0000  -45.000010701.5605   12.8925
   -7.5000   22.5000  -45.0000 9851.4961   12.9754
    0.0000   22.5000  -45.000010222.3428   12.9234
    7.5000   22.5000  -45.0000 9742.7666   12.8954
   -7.5000   30.0000  -45.0000 8854.9150   12.8188
    0.0000   30.0000  -45.0000 9207.2100   12.7669
    7.5000   30.0000  -45.0000 8764.0625   12.7356
   -7.5000   37.5000  -45.0000 8363.2988   12.9475
    0.0000   37.5000  -45.0000 8707.2305   12.8966
    7.5000   37.5000  -45.0000 8263.2559   12.8576
   -7.5000   45.0000  -45.0000 7562.4448   12.8632
    0.0000   45.0000  -45.0000 7842.8184   12.8142
    7.5000   45.0000  -45.0000 7448.3770   12.7714
   -7.5000  -45.0000  -37.500010112.7500   12.9940
    0.0000  -45.0000  -37.500010527.6328   12.9461
    7.5000  -45.0000  -37.500010084.1689   12.9052
   -7.5000  -37.5000  -37.500010469.9502   12.9793
    0.0000  -37.5000  -37.500010901.4775   12.9310
    7.5000  -37.5000  -37.500010443.3672   12.8948
   -7.5000  -30.0000  -37.500011165.4707   12.9648
    0.0000  -30.0000  -37.500011620.6592   12.9135
    7.5000  -30.0000  -37.500011107.0400   12.8843
   -7.5000  -22.5000  -37.500011876.9600   12.9648
    0.0000  -22.5000  -37.500012338.6289   12.9104
    7.5000  -22.5000  -37.500011752.8506   12.8832
   -7.5000  -15.0000  -37.500012407.9502   12.9780
    0.0000  -15.0000  -37.500012863.0859   12.9233
    7.5000  -15.0000  -37.500012228.5713   12.8920
   -7.5000   -7.5000  -37.500012697.0596   12.9927
    0.0000   -7.5000  -37.500013168.2695   12.9414
    7.5000   -7.5000  -37.500012524.2188   12.9035
   -7.5000    0.0000  -37.500012880.8467   12.9940
    0.0000    0.0000  -37.500013350.4131   12.9461
    7.5000    0.0000  -37.500012723.7275   12.9052
   -7.5000    7.5000  -37.500012124.1748   12.9793
    0.0000    7.5000  -37.500012543.5312   12.9310
    7.5000    7.5000  -37.500011973.2930   12.8948
   -7.5000   15.0000  -37.500011302.8291   12.9648
    0.0000   15.0000  -37.500011703.2549   12.9135
    7.5000   15.0000  -37.500011189.4570   12.8843
   -7.5000   22.5000  -37.500010317.6279   12.9631
    0.0000   22.5000  -37.500010685.2607   12.9087
    7.5000   22.5000  -37.500010229.8447   12.8814
   -7.5000   30.0000  -37.5000 9269.1982   12.8059
    0.0000   30.0000  -37.5000 9607.0615   12.7519
    7.5000   30.0000  -37.5000 9200.8340   12.7210
   -7.5000   37.5000  -37.5000 8733.2490   12.9381
    0.0000   37.5000  -37.5000 9063.3057   12.8866
    7.5000   37.5000  -37.5000 8641.8018   12.8487
   -7.5000   45.0000  -37.5000 7876.2583   12.8575
    0.0000   45.0000  -37.5000 8155.1738   12.8090
    7.5000   45.0000  -37.5000 7773.5679   12.7676
   -7.5000  -45.0000  -30.000010729.0859   13.5417
    0.0000  -45.0000  -30.000011187.5635   13.4924
    7.5000  -45.0000  -30.000010715.7168   13.4503
   -7.5000  -37.5000  -30.000011116.7451   13.5298
    0.0000  -37.5000  -30.000011594.4102   13.4779
    7.5000  -37.5000  -30.000011099.5693   13.4400
   -7.5000  -30.0000  -30.000011835.9297   13.5153
    0.0000  -30.0000  -30.000012346.4473   13.4585
    7.5000  -30.0000  -30.000011777.8320   13.4260
   -7.5000  -22.5000  -30.000012563.4707   13.5117
    0.0000  -22.5000  -30.000013103.4736   13.4522
    7.5000  -22.5000  -30.000012481.8574   13.4212
   -7.5000  -15.0000  -30.000013144.0635   13.5213
    0.0000  -15.0000  -30.000013701.6582   13.4637
    7.5000  -15.0000  -30.000013022.3467   13.4295
   -7.5000   -7.5000  -30.000013523.1797   13.5368
    0.0000   -7.5000  -30.000014091.3662   13.4844
    7.5000   -7.5000  -30.000013370.6309   13.4447
   -7.5000    0.0000  -30.000013728.1445   13.5417
    0.0000    0.0000  -30.000014280.5195   13.4924
    7.5000    0.0000  -30.000013565.8252   13.4503
   -7.5000    7.5000  -30.000012865.7441   13.5298
    0.0000    7.5000  -30.000013361.2910   13.4779
    7.5000    7.5000  -30.000012727.0098   13.4400
   -7.5000   15.0000  -30.000011944.1133   13.5153
    0.0000   15.0000  -30.000012402.3223   13.4585
    7.5000   15.0000  -30.000011850.4629   13.4260
   -7.5000   22.5000  -30.000010953.5791   13.5085
    0.0000   22.5000  -30.000011369.4551   13.4490
    7.5000   22.5000  -30.000010858.5527   13.4180
   -7.5000   30.0000  -30.0000 9885.8799   13.3432
    0.0000   30.0000  -30.000010244.0820   13.2863
    7.5000   30.0000  -30.0000 9781.1611   13.2526
   -7.5000   37.5000  -30.0000 9288.5742   13.4781
    0.0000   37.5000  -30.0000 9636.4160   13.4252
    7.5000   37.5000  -30.0000 9174.8213   13.3852
   -7.5000   45.0000  -30.0000 8354.2041   13.4061
    0.0000   45.0000  -30.0000 8661.3193   13.3551
    7.5000   45.0000  -30.0000 8258.0996   13.3112
   -7.5000  -45.0000  -22.500011327.6357   14.0172
    0.0000  -45.0000  -22.500011804.5068   13.9656
    7.5000  -45.0000  -22.500011283.1426   13.9195
   -7.5000  -37.5000  -22.500011760.7715   14.0096
    0.0000  -37.5000  -22.500012283.4482   13.9536
    7.5000  -37.5000  -22.500011720.9453   13.9103
   -7.5000  -30.0000  -22.500012512.6133   13.9991
    0.0000  -30.0000  -22.500013098.0957   13.9385
    7.5000  -30.0000  -22.500012457.9785   13.8999
   -7.5000  -22.5000  -22.500013243.7646   13.9952
    0.0000  -22.5000  -22.500013870.1973   13.9343
    7.5000  -22.5000  -22.500013178.0000   13.8981
   -7.5000  -15.0000  -22.500013868.6836   14.0009
    0.0000  -15.0000  -22.500014512.9961   13.9439
    7.5000  -15.0000  -22.500013757.5898   13.9060
   -7.5000   -7.5000  -22.500014316.2061   14.0124
    0.0000   -7.5000  -22.500014973.7861   13.9601
    7.5000   -7.5000  -22.500014147.3311   13.9170
   -7.5000    0.0000  -22.500014567.2803   14.0172
    0.0000    0.0000  -22.500015228.5381   13.9656
    7.5000    0.0000  -22.500014381.7266   13.9195
   -7.5000    7.5000  -22.500013634.3027   14.0096
    0.0000    7.5000  -22.500014240.8691   13.9536
    7.5000    7.5000  -22.500013466.8174   13.9103
   -7.5000   15.0000  -22.500012634.6182   13.9991
    0.0000   15.0000  -22.500013177.2109   13.9385
    7.5000   15.0000  -22.500012490.0166   13.8999
   -7.5000   22.5000  -22.500011593.3682   13.9909
    0.0000   22.5000  -22.500012068.9854   13.9300
    7.5000   22.5000  -22.500011455.4492   13.8938
   -7.5000   30.0000  -22.500010494.4160   13.8186
    0.0000   30.0000  -22.500010906.3818   13.7623
    7.5000   30.0000  -22.500010341.6582   13.7249
   -7.5000   37.5000  -22.5000 9869.7676   13.9507
    0.0000   37.5000  -22.500010267.4043   13.8979
    7.5000   37.5000  -22.5000 9697.6699   13.8542
   -7.5000   45.0000  -22.5000 8868.1992   13.8844
    0.0000   45.0000  -22.5000 9222.6270   13.8306
    7.5000   45.0000  -22.5000 8713.2900   13.7820
   -7.5000  -45.0000  -15.000011849.3340   14.3583
    0.0000  -45.0000  -15.000012370.8828   14.3041
    7.5000  -45.0000  -15.000011759.1836   14.2543
   -7.5000  -37.5000  -15.000012377.6436   14.3521
    0.0000  -37.5000  -15.000012978.5107   14.2936
    7.5000  -37.5000  -15.000012282.1963   14.2456
   -7.5000  -30.0000  -15.000013259.9023   14.3456
    0.0000  -30.0000  -15.000013983.9795   14.2844
    7.5000  -30.0000  -15.000013147.2119   14.2418
   -7.5000  -22.5000  -15.000014050.7969   14.3452
    0.0000  -22.5000  -15.000014796.7871   14.2855
    7.5000  -22.5000  -15.000013898.8613   14.2467
   -7.5000  -15.0000  -15.000014679.7246   14.3507
    0.0000  -15.0000  -15.000015439.2236   14.2951
    7.5000  -15.0000  -15.000014475.0908   14.2554
   -7.5000   -7.5000  -15.000015160.9805   14.3574
    0.0000   -7.5000  -15.000015916.8037   14.3044
    7.5000   -7.5000  -15.000014849.4307   14.2592
   -7.5000    0.0000  -15.000015467.3428   14.3583
    0.0000    0.0000  -15.000016249.6221   14.3041
    7.5000    0.0000  -15.000015111.0645   14.2543
   -7.5000    7.5000  -15.000014516.0039   14.3521
    0.0000    7.5000  -15.000015196.1992   14.2936
    7.5000    7.5000  -15.000014158.5410   14.2456
   -7.5000   15.0000  -15.000013439.1035   14.3456
    0.0000   15.0000  -15.000014037.5176   14.2844
    7.5000   15.0000  -15.000013117.8037   14.2418
   -7.5000   22.5000  -15.000012312.4531   14.3401
    0.0000   22.5000  -15.000012851.6484   14.2805
    7.5000   22.5000  -15.000012028.1729   14.2417
   -7.5000   30.0000  -15.000011146.5518   14.1659
    0.0000   30.0000  -15.000011635.5898   14.1110
    7.5000   30.0000  -15.000010896.2676   14.0718
   -7.5000   37.5000  -15.000010470.3799   14.2963
    0.0000   37.5000  -15.000010932.1182   14.2432
    7.5000   37.5000  -15.000010230.8965   14.1974
   -7.5000   45.0000  -15.0000 9409.1904   14.2314
    0.0000   45.0000  -15.0000 9803.7715   14.1758
    7.5000   45.0000  -15.0000 9185.4287   14.1242
   -7.5000  -45.0000   -7.500012371.8398   14.5232
    0.0000  -45.0000   -7.500012917.2139   14.4676
    7.5000  -45.0000   -7.500012190.0625   14.4173
   -7.5000  -37.5000   -7.500013046.4707   14.5126
    0.0000  -37.5000   -7.500013693.9766   14.4549
    7.5000  -37.5000   -7.500012809.3623   14.4075
   -7.5000  -30.0000   -7.500014202.2627   14.5046
    0.0000  -30.0000   -7.500015057.0312   14.4457
    7.5000  -30.0000   -7.500013884.0332   14.4056
   -7.5000  -22.5000   -7.500015180.2334   14.5079
    0.0000  -22.5000   -7.500016132.6406   14.4496
    7.5000  -22.5000   -7.500014775.5664   14.4138
   -7.5000  -15.0000   -7.500015822.8154   14.5185
    0.0000  -15.0000   -7.500016769.3691   14.4620
    7.5000  -15.0000   -7.500015295.4834   14.4240
   -7.5000   -7.5000   -7.500016245.8242   14.5259
    0.0000   -7.5000   -7.500017129.0977   14.4707
    7.5000   -7.5000   -7.500015587.8574   14.4256
   -7.5000    0.0000   -7.500016496.8496   14.5232
    0.0000    0.0000   -7.500017349.4141   14.4676
    7.5000    0.0000   -7.500015817.3223   14.4173
   -7.5000    7.5000   -7.500015410.8945   14.5126
    0.0000    7.5000   -7.500016151.4443   14.4549
    7.5000    7.5000   -7.500014808.2217   14.4075
   -7.5000   15.0000   -7.500014199.5205   14.5046
    0.0000   15.0000   -7.500014907.2168   14.4457
    7.5000   15.0000   -7.500013756.1396   14.4056
   -7.5000   22.5000   -7.500012947.7646   14.5012
    0.0000   22.5000   -7.500013615.6562   14.4430
    7.5000   22.5000   -7.500012606.0420   14.4072
   -7.5000   30.0000   -7.500011717.3467   14.3312
    0.0000   30.0000   -7.500012321.5928   14.2755
    7.5000   30.0000   -7.500011448.2783   14.2380
   -7.5000   37.5000   -7.500010989.2148   14.4670
    0.0000   37.5000   -7.500011523.2715   14.4121
    7.5000   37.5000   -7.500010730.4883   14.3668
   -7.5000   45.0000   -7.5000 9890.1191   14.4005
    0.0000   45.0000   -7.500010331.9893   14.3447
    7.5000   45.0000   -7.5000 9633.2314   14.2942
   -7.5000  -45.0000    0.000012903.7686   14.5471
    0.0000  -45.0000    0.000013422.3809   14.4920
    7.5000  -45.0000    0.000012581.7549   14.4436
   -7.5000  -37.5000    0.000013631.9873   14.5313
    0.0000  -37.5000    0.000014197.7256   14.4762
    7.5000  -37.5000    0.000013210.9629   14.4325
   -7.5000  -30.0000    0.000014973.9131   14.5183
    0.0000  -30.0000    0.000015826.8135   14.4618
    7.5000  -30.0000    0.000014394.7793   14.4270
   -7.5000  -22.5000    0.000016149.2900   14.5218
    0.0000  -22.5000    0.000017279.8027   14.4636
    7.5000  -22.5000    0.000015386.4443   14.4323
   -7.5000  -15.0000    0.000016762.0938   14.5372
    0.0000  -15.0000    0.000017881.9160   14.4784
    7.5000  -15.0000    0.000015880.2881   14.4429
   -7.5000   -7.5000    0.000016999.5762   14.5495
    0.0000   -7.5000    0.000017994.7988   14.4924
    7.5000   -7.5000    0.000016162.0889   14.4487
   -7.5000    0.0000    0.000017114.0430   14.5471
    0.0000    0.0000    0.000018047.0977   14.4920
    7.5000    0.0000    0.000016360.4756   14.4436
   -7.5000    7.5000    0.000015914.4541   14.5313
    0.0000    7.5000    0.000016786.3887   14.4762
    7.5000    7.5000    0.000015330.5762   14.4325
   -7.5000   15.0000    0.000014638.9014   14.5183
    0.0000   15.0000    0.000015477.4873   14.4618
    7.5000   15.0000    0.000014238.0889   14.4270
   -7.5000   22.5000    0.000013375.9287   14.5151
    0.0000   22.5000    0.000014134.8213   14.4569
    7.5000   22.5000    0.000013078.8438   14.4257
   -7.5000   30.0000    0.000012113.1963   14.3501
    0.0000   30.0000    0.000012779.3809   14.2920
    7.5000   30.0000    0.000011865.8867   14.2570
   -7.5000   37.5000    0.000011355.9502   14.4942
    0.0000   37.5000    0.000011935.8809   14.4372
    7.5000   37.5000    0.000011117.1689   14.3936
   -7.5000   45.0000    0.000010206.6836   14.4282
    0.0000   45.0000    0.000010716.6602   14.3732
    7.5000   45.0000    0.0000 9983.0195   14.3252
   -7.5000  -45.0000    7.500012279.3037   14.5407
    0.0000  -45.0000    7.500012738.5947   14.4871
    7.5000  -45.0000    7.500011969.4248   14.4413
   -7.5000  -37.5000    7.500012935.9531   14.5242
    0.0000  -37.5000    7.500013451.6895   14.4702
    7.5000  -37.5000    7.500012565.6582   14.4296
   -7.5000  -30.0000    7.500014078.2432   14.5080
    0.0000  -30.0000    7.500014910.4590   14.4505
    7.5000  -30.0000    7.500013661.4766   14.4179
   -7.5000  -22.5000    7.500014991.8633   14.5080
    0.0000  -22.5000    7.500016041.6387   14.4471
    7.5000  -22.5000    7.500014548.6582   14.4166
   -7.5000  -15.0000    7.500015443.1768   14.5228
    0.0000  -15.0000    7.500016443.1934   14.4615
    7.5000  -15.0000    7.500015033.4609   14.4265
   -7.5000   -7.5000    7.500015798.5391   14.5391
    0.0000   -7.5000    7.500016723.8242   14.4818
    7.5000   -7.5000    7.500015398.6484   14.4393
   -7.5000    0.0000    7.500016112.4355   14.5407
    0.0000    0.0000    7.500017016.6348   14.4871
    7.5000    0.0000    7.500015691.0332   14.4413
   -7.5000    7.5000    7.500015122.5742   14.5242
    0.0000    7.5000    7.500015950.7949   14.4702
    7.5000    7.5000    7.500014724.3926   14.4296
   -7.5000   15.0000    7.500013956.9561   14.5080
    0.0000   15.0000    7.500014723.0029   14.4505
    7.5000   15.0000    7.500013625.1973   14.4179
   -7.5000   22.5000    7.500012778.5195   14.5013
    0.0000   22.5000    7.500013462.7891   14.4405
    7.5000   22.5000    7.500012487.1816   14.4100
   -7.5000   30.0000    7.500011588.2900   14.3358
    0.0000   30.0000    7.500012198.4951   14.2753
    7.5000   30.0000    7.500011322.5332   14.2407
   -7.5000   37.5000    7.500010820.6660   14.4837
    0.0000   37.5000    7.500011406.6064   14.4260
    7.5000   37.5000    7.500010616.4541   14.3836
   -7.5000   45.0000    7.5000 9682.3789   14.4218
    0.0000   45.0000    7.500010193.5898   14.3674
    7.5000   45.0000    7.5000 9504.7275   14.3209
   -7.5000  -45.0000   15.000011328.3184   14.5423
    0.0000  -45.0000   15.000011778.5029   14.4894
    7.5000  -45.0000   15.000011143.2031   14.4442
   -7.5000  -37.5000   15.000011920.9053   14.5295
    0.0000  -37.5000   15.000012434.3057   14.4738
    7.5000  -37.5000   15.000011729.2256   14.4331
   -7.5000  -30.0000   15.000012892.2119   14.5139
    0.0000  -30.0000   15.000013674.3770   14.4529
    7.5000  -30.0000   15.000012747.4844   14.4181
   -7.5000  -22.5000   15.000013634.5732   14.5101
    0.0000  -22.5000   15.000014460.6855   14.4463
    7.5000  -22.5000   15.000013516.6855   14.4130
   -7.5000  -15.0000   15.000014068.6201   14.5204
    0.0000  -15.0000   15.000014816.3691   14.4586
    7.5000  -15.0000   15.000013963.6748   14.4219
   -7.5000   -7.5000   15.000014522.8477   14.5370
    0.0000   -7.5000   15.000015227.4512   14.4808
    7.5000   -7.5000   15.000014367.4688   14.4381
   -7.5000    0.0000   15.000014970.9814   14.5423
    0.0000    0.0000   15.000015723.4482   14.4894
    7.5000    0.0000   15.000014753.3857   14.4442
   -7.5000    7.5000   15.000014176.3008   14.5295
    0.0000    7.5000   15.000014888.0752   14.4738
    7.5000    7.5000   15.000013904.2314   14.4331
   -7.5000   15.0000   15.000013148.0713   14.5139
    0.0000   15.0000   15.000013783.0703   14.4529
    7.5000   15.0000   15.000012856.5049   14.4181
   -7.5000   22.5000   15.000012035.4375   14.5034
    0.0000   22.5000   15.000012634.3760   14.4396
    7.5000   22.5000   15.000011756.9102   14.4063
   -7.5000   30.0000   15.000010904.3281   14.3334
    0.0000   30.0000   15.000011464.6279   14.2723
    7.5000   30.0000   15.000010651.8701   14.2361
   -7.5000   37.5000   15.000010178.5156   14.4783
    0.0000   37.5000   15.000010707.6162   14.4214
    7.5000   37.5000   15.0000 9970.6230   14.3785
   -7.5000   45.0000   15.0000 9074.1660   14.4200
    0.0000   45.0000   15.0000 9561.4082   14.3652
    7.5000   45.0000   15.0000 8895.6611   14.3179
   -7.5000  -45.0000   22.500010397.7256   14.6985
    0.0000  -45.0000   22.500010815.4326   14.6438
    7.5000  -45.0000   22.500010284.8730   14.5949
   -7.5000  -37.5000   22.500010964.9668   14.6905
    0.0000  -37.5000   22.500011458.9639   14.6310
    7.5000  -37.5000   22.500010878.3525   14.5851
   -7.5000  -30.0000   22.500011851.9482   14.6793
    0.0000  -30.0000   22.500012504.0879   14.6149
    7.5000  -30.0000   22.500011811.2100   14.5742
   -7.5000  -22.5000   22.500012540.0547   14.6752
    0.0000  -22.5000   22.500013144.2471   14.6105
    7.5000  -22.5000   22.500012474.9648   14.5722
   -7.5000  -15.0000   22.500013021.3848   14.6812
    0.0000  -15.0000   22.500013551.7705   14.6207
    7.5000  -15.0000   22.500012908.0498   14.5807
   -7.5000   -7.5000   22.500013469.8779   14.6934
    0.0000   -7.5000   22.500014026.8203   14.6379
    7.5000   -7.5000   22.500013315.3760   14.5924
   -7.5000    0.0000   22.500013882.2051   14.6985
    0.0000    0.0000   22.500014500.1543   14.6438
    7.5000    0.0000   22.500013698.7793   14.5949
   -7.5000    7.5000   22.500013195.0576   14.6905
    0.0000    7.5000   22.500013778.1025   14.6310
    7.5000    7.5000   22.500012970.8232   14.5851
   -7.5000   15.0000   22.500012274.6279   14.6793
    0.0000   15.0000   22.500012826.3447   14.6149
    7.5000   15.0000   22.500012020.8115   14.5742
   -7.5000   22.5000   22.500011237.9580   14.6684
    0.0000   22.5000   22.500011768.1953   14.6037
    7.5000   22.5000   22.500010990.4189   14.5655
   -7.5000   30.0000   22.500010181.5576   14.4921
    0.0000   30.0000   22.500010674.0322   14.4323
    7.5000   30.0000   22.5000 9954.1729   14.3928
   -7.5000   37.5000   22.5000 9491.6602   14.6321
    0.0000   37.5000   22.5000 9950.7461   14.5760
    7.5000   37.5000   22.5000 9295.1035   14.5299
   -7.5000   45.0000   22.5000 8472.7275   14.5762
    0.0000   45.0000   22.5000 8871.2354   14.5190
    7.5000   45.0000   22.5000 8283.7861   14.4674
   -7.5000  -45.0000   30.0000 9576.0498   15.1046
    0.0000  -45.0000   30.0000 9989.0977   15.0453
    7.5000  -45.0000   30.0000 9505.8838   14.9909
   -7.5000  -37.5000   30.000010114.3115   15.0969
    0.0000  -37.5000   30.000010578.0986   15.0332
    7.5000  -37.5000   30.000010081.6064   14.9808
   -7.5000  -30.0000   30.000010942.3672   15.0890
    0.0000  -30.0000   30.000011461.2461   15.0225
    7.5000  -30.0000   30.000010906.7783   14.9760
   -7.5000  -22.5000   30.000011566.9160   15.0888
    0.0000  -22.5000   30.000012032.6602   15.0238
    7.5000  -22.5000   30.000011495.4863   14.9816
   -7.5000  -15.0000   30.000012056.7402   15.0956
    0.0000  -15.0000   30.000012504.4834   15.0348
    7.5000  -15.0000   30.000011937.0840   14.9917
   -7.5000   -7.5000   30.000012477.9756   15.1036
    0.0000   -7.5000   30.000012965.8965   15.0455
    7.5000   -7.5000   30.000012322.3682   14.9963
   -7.5000    0.0000   30.000012860.6572   15.1046
    0.0000    0.0000   30.000013369.6016   15.0453
    7.5000    0.0000   30.000012680.0781   14.9909
   -7.5000    7.5000   30.000012251.7275   15.0969
    0.0000    7.5000   30.000012735.8662   15.0332
    7.5000    7.5000   30.000012021.3799   14.9808
   -7.5000   15.0000   30.000011415.4414   15.0890
    0.0000   15.0000   30.000011878.3457   15.0225
    7.5000   15.0000   30.000011156.6084   14.9760
   -7.5000   22.5000   30.000010442.7939   15.0818
    0.0000   22.5000   30.000010907.7910   15.0169
    7.5000   22.5000   30.000010216.7256   14.9747
   -7.5000   30.0000   30.0000 9453.4697   14.9011
    0.0000   30.0000   30.0000 9879.5234   14.8410
    7.5000   30.0000   30.0000 9253.7100   14.7985
   -7.5000   37.5000   30.0000 8806.8369   15.0300
    0.0000   37.5000   30.0000 9216.5957   14.9718
    7.5000   37.5000   30.0000 8628.0547   14.9221
   -7.5000   45.0000   30.0000 7872.5439   14.9541
    0.0000   45.0000   30.0000 8212.9551   14.8935
    7.5000   45.0000   30.0000 7711.6221   14.8375
   -7.5000  -45.0000   37.5000 9260.7236   15.7774
    0.0000  -45.0000   37.5000 9652.7490   15.7097
    7.5000  -45.0000   37.5000 9198.3320   15.6492
   -7.5000  -37.5000   37.5000 9775.4580   15.7564
    0.0000  -37.5000   37.500010207.1123   15.6868
    7.5000  -37.5000   37.5000 9754.9609   15.6304
   -7.5000  -30.0000   37.500010569.6504   15.7418
    0.0000  -30.0000   37.500011009.1572   15.6712
    7.5000  -30.0000   37.500010506.7529   15.6239
   -7.5000  -22.5000   37.500011169.9395   15.7499
    0.0000  -22.5000   37.500011583.0664   15.6799
    7.5000  -22.5000   37.500011067.5547   15.6374
   -7.5000  -15.0000   37.500011667.3936   15.7708
    0.0000  -15.0000   37.500012100.6436   15.7023
    7.5000  -15.0000   37.500011533.0557   15.6565
   -7.5000   -7.5000   37.500012111.3555   15.7837
    0.0000   -7.5000   37.500012568.4033   15.7164
    7.5000   -7.5000   37.500011944.8057   15.6618
   -7.5000    0.0000   37.500012477.5840   15.7774
    0.0000    0.0000   37.500012952.4414   15.7097
    7.5000    0.0000   37.500012303.1504   15.6492
   -7.5000    7.5000   37.500011867.3682   15.7564
    0.0000    7.5000   37.500012328.8066   15.6868
    7.5000    7.5000   37.500011656.0947   15.6304
   -7.5000   15.0000   37.500011078.2705   15.7418
    0.0000   15.0000   37.500011532.6924   15.6712
    7.5000   15.0000   37.500010841.7764   15.6239
   -7.5000   22.5000   37.500010111.7354   15.7426
    0.0000   22.5000   37.500010551.5400   15.6727
    7.5000   22.5000   37.5000 9914.7686   15.6302
   -7.5000   30.0000   37.5000 9162.0420   15.5667
    0.0000   30.0000   37.5000 9564.1631   15.4991
    7.5000   30.0000   37.5000 8973.3467   15.4539
   -7.5000   37.5000   37.5000 8530.2568   15.6391
    0.0000   37.5000   37.5000 8919.3350   15.5722
    7.5000   37.5000   37.5000 8351.3496   15.5182
   -7.5000   45.0000   37.5000 7621.9170   15.4926
    0.0000   45.0000   37.5000 7930.8613   15.4260
    7.5000   45.0000   37.5000 7474.6240   15.3668
   -7.5000  -45.0000   45.0000 8503.6855   16.4319
    0.0000  -45.0000   45.0000 8878.4873   16.3654
    7.5000  -45.0000   45.0000 8467.0254   16.3129
   -7.5000  -37.5000   45.0000 8997.2178   16.4038
    0.0000  -37.5000   45.0000 9394.3027   16.3371
    7.5000  -37.5000   45.0000 8963.9912   16.2904
   -7.5000  -30.0000   45.0000 9704.2158   16.3872
    0.0000  -30.0000   45.000010101.4785   16.3185
    7.5000  -30.0000   45.0000 9634.7461   16.2821
   -7.5000  -22.5000   45.000010256.0244   16.4007
    0.0000  -22.5000   45.000010646.3105   16.3299
    7.5000  -22.5000   45.000010155.1045   16.2970
   -7.5000  -15.0000   45.000010725.0781   16.4281
    0.0000  -15.0000   45.000011143.7715   16.3567
    7.5000  -15.0000   45.000010619.8135   16.3184
   -7.5000   -7.5000   45.000011159.8691   16.4427
    0.0000   -7.5000   45.000011602.4170   16.3736
    7.5000   -7.5000   45.000011034.6797   16.3259
   -7.5000    0.0000   45.000011527.8740   16.4319
    0.0000    0.0000   45.000011980.1797   16.3654
    7.5000    0.0000   45.000011388.8613   16.3129
   -7.5000    7.5000   45.000010958.8984   16.4038
    0.0000    7.5000   45.000011393.1826   16.3371
    7.5000    7.5000   45.000010782.6416   16.2904
   -7.5000   15.0000   45.000010214.1523   16.3872
    0.0000   15.0000   45.000010657.1064   16.3185
    7.5000   15.0000   45.000010024.3857   16.2821
   -7.5000   22.5000   45.0000 9326.7998   16.3931
    0.0000   22.5000   45.0000 9741.2119   16.3224
    7.5000   22.5000   45.0000 9155.9316   16.2894
   -7.5000   30.0000   45.0000 8460.4316   16.2141
    0.0000   30.0000   45.0000 8828.9756   16.1436
    7.5000   30.0000   45.0000 8297.1689   16.1058
   -7.5000   37.5000   45.0000 7899.3374   16.2475
    0.0000   37.5000   45.0000 8234.0557   16.1789
    7.5000   37.5000   45.0000 7739.1914   16.1317
   -7.5000   45.0000   45.0000 7051.2285   16.0410
    0.0000   45.0000   45.0000 7324.7861   15.9755
    7.5000   45.0000   45.0000 6909.7065   15.9242

---------------------------------------------------------------------
imgreg_4dfp /opt/freesurfer/average/711-2C_as_mni_average_305 /opt/freesurfer/average/711-2B_as_mni_average_305_mask talsrcimg_g11 none talsrcimg_to_711-2C_as_mni_average_305_t4 4355
---------------------------------------------------------------------

freesurfer imgreg_4dfp.c
/opt/freesurfer/average/711-2C_as_mni_average_305.4dfp.img
       256       256       256         1
  1.000000  1.000000  1.000000
orientation T byte_order littleendian
Reading image: /opt/freesurfer/average/711-2C_as_mni_average_305.4dfp.img
dimensions:      256       256       256
mmppix:       1.0000   -1.0000   -1.0000
center:     128.0000 -129.0000 -129.0000
/opt/freesurfer/average/711-2B_as_mni_average_305_mask.4dfp.img
       256       256       256         1
  1.000000  1.000000  1.000000
orientation T byte_order littleendian
Reading mask: /opt/freesurfer/average/711-2B_as_mni_average_305_mask.4dfp.img (2306576 pixels)
talsrcimg_g11.4dfp.img
       256       256       256         1
  1.000000  1.000000  1.000000
orientation T byte_order littleendian
Reading image: talsrcimg_g11.4dfp.img
dimensions:      256       256       256
mmppix:       1.0000   -1.0000   -1.0000
center:     128.0000 -129.0000 -129.0000
rotation matrix determinant  1.000000
image alignment mode   4355 decimal     1103 hex
   -7.5000  -45.0000  -45.0000 2444.8540   11.6705
    0.0000  -45.0000  -45.0000 2459.1519   11.5842
    7.5000  -45.0000  -45.0000 2439.0811   11.7466
   -7.5000  -37.5000  -45.0000 2493.4890   11.1656
    0.0000  -37.5000  -45.0000 2503.6216   11.0674
    7.5000  -37.5000  -45.0000 2483.0344   11.2271
   -7.5000  -30.0000  -45.0000 2508.6958   10.9478
    0.0000  -30.0000  -45.0000 2521.3735   10.8489
    7.5000  -30.0000  -45.0000 2500.3850   11.0470
   -7.5000  -22.5000  -45.0000 2513.4177   11.0703
    0.0000  -22.5000  -45.0000 2524.4844   10.9886
    7.5000  -22.5000  -45.0000 2499.8711   11.1696
   -7.5000  -15.0000  -45.0000 2495.1770   11.4701
    0.0000  -15.0000  -45.0000 2503.2112   11.3741
    7.5000  -15.0000  -45.0000 2480.8433   11.5636
   -7.5000   -7.5000  -45.0000 2456.2261   11.9780
    0.0000   -7.5000  -45.0000 2465.9441   11.9054
    7.5000   -7.5000  -45.0000 2444.9609   12.0891
   -7.5000    0.0000  -45.0000 2402.4106   12.6071
    0.0000    0.0000  -45.0000 2413.6343   12.5535
    7.5000    0.0000  -45.0000 2389.3674   12.7419
   -7.5000    7.5000  -45.0000 2335.3223   13.4106
    0.0000    7.5000  -45.0000 2343.8723   13.3664
    7.5000    7.5000  -45.0000 2320.1301   13.5650
   -7.5000   15.0000  -45.0000 2239.3391   14.5571
    0.0000   15.0000  -45.0000 2251.5496   14.5151
    7.5000   15.0000  -45.0000 2225.2214   14.6854
   -7.5000   22.5000  -45.0000 2127.4431   16.1493
    0.0000   22.5000  -45.0000 2135.7166   16.1119
    7.5000   22.5000  -45.0000 2114.3032   16.3088
   -7.5000   30.0000  -45.0000 2002.8584   18.2355
    0.0000   30.0000  -45.0000 2017.5223   18.2383
    7.5000   30.0000  -45.0000 1989.3474   18.4113
   -7.5000   37.5000  -45.0000 1884.6119   20.9114
    0.0000   37.5000  -45.0000 1900.3099   20.9567
    7.5000   37.5000  -45.0000 1876.0139   21.0890
   -7.5000   45.0000  -45.0000 1746.2153   24.4298
    0.0000   45.0000  -45.0000 1750.0054   24.4371
    7.5000   45.0000  -45.0000 1736.7344   24.7050
   -7.5000  -45.0000  -37.5000 2509.3547   11.0905
    0.0000  -45.0000  -37.5000 2523.7930   10.9956
    7.5000  -45.0000  -37.5000 2510.4067   11.1749
   -7.5000  -37.5000  -37.5000 2565.0581   10.5432
    0.0000  -37.5000  -37.5000 2579.3357   10.4376
    7.5000  -37.5000  -37.5000 2570.2817   10.6127
   -7.5000  -30.0000  -37.5000 2591.2942   10.2737
    0.0000  -30.0000  -37.5000 2605.6646   10.1864
    7.5000  -30.0000  -37.5000 2590.1819   10.3627
   -7.5000  -22.5000  -37.5000 2606.0339   10.3612
    0.0000  -22.5000  -37.5000 2612.1279   10.2818
    7.5000  -22.5000  -37.5000 2594.9023   10.4658
   -7.5000  -15.0000  -37.5000 2588.8762   10.7155
    0.0000  -15.0000  -37.5000 2593.3479   10.6333
    7.5000  -15.0000  -37.5000 2576.5066   10.8253
   -7.5000   -7.5000  -37.5000 2546.8604   11.1879
    0.0000   -7.5000  -37.5000 2558.4958   11.1116
    7.5000   -7.5000  -37.5000 2541.3899   11.3130
   -7.5000    0.0000  -37.5000 2494.4646   11.7471
    0.0000    0.0000  -37.5000 2503.8425   11.6674
    7.5000    0.0000  -37.5000 2484.8826   11.8898
   -7.5000    7.5000  -37.5000 2420.5632   12.4748
    0.0000    7.5000  -37.5000 2426.6140   12.3821
    7.5000    7.5000  -37.5000 2409.9106   12.6144
   -7.5000   15.0000  -37.5000 2324.9646   13.4979
    0.0000   15.0000  -37.5000 2334.1384   13.4033
    7.5000   15.0000  -37.5000 2315.7268   13.6163
   -7.5000   22.5000  -37.5000 2210.1985   14.9426
    0.0000   22.5000  -37.5000 2222.4949   14.8509
    7.5000   22.5000  -37.5000 2201.8254   15.0595
   -7.5000   30.0000  -37.5000 2077.7043   16.8359
    0.0000   30.0000  -37.5000 2089.6628   16.7708
    7.5000   30.0000  -37.5000 2069.1621   16.9342
   -7.5000   37.5000  -37.5000 1950.4740   19.2673
    0.0000   37.5000  -37.5000 1964.4387   19.2799
    7.5000   37.5000  -37.5000 1942.5872   19.3930
   -7.5000   45.0000  -37.5000 1807.7023   22.4817
    0.0000   45.0000  -37.5000 1812.6000   22.5057
    7.5000   45.0000  -37.5000 1800.9889   22.6518
   -7.5000  -45.0000  -30.0000 2607.7249   10.9417
    0.0000  -45.0000  -30.0000 2624.8955   10.8463
    7.5000  -45.0000  -30.0000 2614.2471   11.0541
   -7.5000  -37.5000  -30.0000 2673.6924   10.3727
    0.0000  -37.5000  -30.0000 2688.6897   10.3024
    7.5000  -37.5000  -30.0000 2680.5317   10.4793
   -7.5000  -30.0000  -30.0000 2710.4502   10.0485
    0.0000  -30.0000  -30.0000 2726.7881    9.9721
    7.5000  -30.0000  -30.0000 2710.6853   10.1477
   -7.5000  -22.5000  -30.0000 2730.7522   10.0662
    0.0000  -22.5000  -30.0000 2743.3381    9.9988
    7.5000  -22.5000  -30.0000 2725.6267   10.1858
   -7.5000  -15.0000  -30.0000 2723.2153   10.3652
    0.0000  -15.0000  -30.0000 2734.0757   10.2973
    7.5000  -15.0000  -30.0000 2715.4309   10.5057
   -7.5000   -7.5000  -30.0000 2690.0649   10.8412
    0.0000   -7.5000  -30.0000 2704.6042   10.7713
    7.5000   -7.5000  -30.0000 2681.0308   10.9928
   -7.5000    0.0000  -30.0000 2629.0586   11.3994
    0.0000    0.0000  -30.0000 2641.2732   11.3094
    7.5000    0.0000  -30.0000 2620.5703   11.5353
   -7.5000    7.5000  -30.0000 2548.9084   12.0803
    0.0000    7.5000  -30.0000 2555.9487   11.9825
    7.5000    7.5000  -30.0000 2539.2241   12.1934
   -7.5000   15.0000  -30.0000 2445.8542   13.0404
    0.0000   15.0000  -30.0000 2454.6580   12.9388
    7.5000   15.0000  -30.0000 2437.8857   13.1520
   -7.5000   22.5000  -30.0000 2325.2878   14.4230
    0.0000   22.5000  -30.0000 2339.7039   14.3172
    7.5000   22.5000  -30.0000 2319.6355   14.5118
   -7.5000   30.0000  -30.0000 2192.6379   16.2360
    0.0000   30.0000  -30.0000 2203.5161   16.1611
    7.5000   30.0000  -30.0000 2184.5144   16.3155
   -7.5000   37.5000  -30.0000 2055.4683   18.5852
    0.0000   37.5000  -30.0000 2068.3521   18.5333
    7.5000   37.5000  -30.0000 2043.6526   18.6642
   -7.5000   45.0000  -30.0000 1900.7064   21.6325
    0.0000   45.0000  -30.0000 1906.3809   21.6266
    7.5000   45.0000  -30.0000 1889.0367   21.7728
   -7.5000  -45.0000  -22.5000 2657.3467   10.8070
    0.0000  -45.0000  -22.5000 2676.0750   10.7210
    7.5000  -45.0000  -22.5000 2670.6084   10.9270
   -7.5000  -37.5000  -22.5000 2734.7236   10.2132
    0.0000  -37.5000  -22.5000 2748.7908   10.1468
    7.5000  -37.5000  -22.5000 2745.8774   10.3239
   -7.5000  -30.0000  -22.5000 2788.3696    9.8352
    0.0000  -30.0000  -22.5000 2804.6812    9.7930
    7.5000  -30.0000  -22.5000 2792.7671    9.9630
   -7.5000  -22.5000  -22.5000 2809.4326    9.7659
    0.0000  -22.5000  -22.5000 2827.4138    9.7325
    7.5000  -22.5000  -22.5000 2812.0608    9.9340
   -7.5000  -15.0000  -22.5000 2814.2461   10.0148
    0.0000  -15.0000  -22.5000 2832.4070    9.9609
    7.5000  -15.0000  -22.5000 2813.4561   10.1869
   -7.5000   -7.5000  -22.5000 2787.6726   10.4705
    0.0000   -7.5000  -22.5000 2805.0591   10.4124
    7.5000   -7.5000  -22.5000 2778.5037   10.6246
   -7.5000    0.0000  -22.5000 2724.7932   11.0284
    0.0000    0.0000  -22.5000 2743.3660   10.9741
    7.5000    0.0000  -22.5000 2719.5276   11.1520
   -7.5000    7.5000  -22.5000 2642.0073   11.6749
    0.0000    7.5000  -22.5000 2653.5503   11.6090
    7.5000    7.5000  -22.5000 2635.0579   11.7970
   -7.5000   15.0000  -22.5000 2535.1011   12.5729
    0.0000   15.0000  -22.5000 2547.8774   12.5186
    7.5000   15.0000  -22.5000 2529.7476   12.7291
   -7.5000   22.5000  -22.5000 2414.9836   13.9135
    0.0000   22.5000  -22.5000 2428.1782   13.8370
    7.5000   22.5000  -22.5000 2405.2458   14.0423
   -7.5000   30.0000  -22.5000 2276.7471   15.6944
    0.0000   30.0000  -22.5000 2291.8875   15.6004
    7.5000   30.0000  -22.5000 2262.2961   15.7858
   -7.5000   37.5000  -22.5000 2130.0310   17.9225
    0.0000   37.5000  -22.5000 2145.0542   17.8757
    7.5000   37.5000  -22.5000 2115.0024   18.0191
   -7.5000   45.0000  -22.5000 1964.7629   20.8017
    0.0000   45.0000  -22.5000 1973.7583   20.7654
    7.5000   45.0000  -22.5000 1952.3804   20.9089
   -7.5000  -45.0000  -15.0000 2659.7446   10.7597
    0.0000  -45.0000  -15.0000 2679.0518   10.6763
    7.5000  -45.0000  -15.0000 2676.5210   10.8320
   -7.5000  -37.5000  -15.0000 2745.2375   10.1620
    0.0000  -37.5000  -15.0000 2763.3562   10.1358
    7.5000  -37.5000  -15.0000 2762.1724   10.2438
   -7.5000  -30.0000  -15.0000 2817.4392    9.8014
    0.0000  -30.0000  -15.0000 2840.0444    9.8211
    7.5000  -30.0000  -15.0000 2833.2222    9.8780
   -7.5000  -22.5000  -15.0000 2852.5896    9.6411
    0.0000  -22.5000  -15.0000 2880.5417    9.6584
    7.5000  -22.5000  -15.0000 2860.3979    9.7771
   -7.5000  -15.0000  -15.0000 2867.4172    9.7913
    0.0000  -15.0000  -15.0000 2890.9282    9.7900
    7.5000  -15.0000  -15.0000 2862.4907    9.9609
   -7.5000   -7.5000  -15.0000 2847.8167   10.1973
    0.0000   -7.5000  -15.0000 2864.4363   10.1874
    7.5000   -7.5000  -15.0000 2827.8335   10.3186
   -7.5000    0.0000  -15.0000 2790.2603   10.7385
    0.0000    0.0000  -15.0000 2808.7273   10.7231
    7.5000    0.0000  -15.0000 2772.5300   10.8106
   -7.5000    7.5000  -15.0000 2706.6553   11.3759
    0.0000    7.5000  -15.0000 2718.2544   11.3494
    7.5000    7.5000  -15.0000 2691.7810   11.4437
   -7.5000   15.0000  -15.0000 2595.4961   12.2724
    0.0000   15.0000  -15.0000 2604.2969   12.2184
    7.5000   15.0000  -15.0000 2580.9868   12.3466
   -7.5000   22.5000  -15.0000 2472.3777   13.5830
    0.0000   22.5000  -15.0000 2485.9187   13.4996
    7.5000   22.5000  -15.0000 2456.7183   13.6597
   -7.5000   30.0000  -15.0000 2330.7988   15.2999
    0.0000   30.0000  -15.0000 2347.5737   15.2127
    7.5000   30.0000  -15.0000 2318.2947   15.3583
   -7.5000   37.5000  -15.0000 2175.6047   17.4264
    0.0000   37.5000  -15.0000 2190.4871   17.3821
    7.5000   37.5000  -15.0000 2163.5835   17.5318
   -7.5000   45.0000  -15.0000 2005.2747   20.0981
    0.0000   45.0000  -15.0000 2010.9990   20.0793
    7.5000   45.0000  -15.0000 1991.7837   20.2279
   -7.5000  -45.0000   -7.5000 2635.2937   10.8819
    0.0000  -45.0000   -7.5000 2656.9949   10.8207
    7.5000  -45.0000   -7.5000 2651.6145   10.8670
   -7.5000  -37.5000   -7.5000 2741.1204   10.3126
    0.0000  -37.5000   -7.5000 2764.3193   10.2889
    7.5000  -37.5000   -7.5000 2756.7444   10.2865
   -7.5000  -30.0000   -7.5000 2831.2529    9.9713
    0.0000  -30.0000   -7.5000 2864.3508   10.0077
    7.5000  -30.0000   -7.5000 2848.8706    9.9147
   -7.5000  -22.5000   -7.5000 2884.8752    9.7930
    0.0000  -22.5000   -7.5000 2925.7620    9.8650
    7.5000  -22.5000   -7.5000 2890.9038    9.7715
   -7.5000  -15.0000   -7.5000 2910.1138    9.8031
    0.0000  -15.0000   -7.5000 2940.2935    9.8496
    7.5000  -15.0000   -7.5000 2894.5015    9.8201
   -7.5000   -7.5000   -7.5000 2895.4224   10.0623
    0.0000   -7.5000   -7.5000 2906.3887   10.0880
    7.5000   -7.5000   -7.5000 2855.9414   10.0571
   -7.5000    0.0000   -7.5000 2829.3447   10.5141
    0.0000    0.0000   -7.5000 2840.5869   10.5229
    7.5000    0.0000   -7.5000 2795.3511   10.4771
   -7.5000    7.5000   -7.5000 2739.9814   11.1464
    0.0000    7.5000   -7.5000 2749.1772   11.1240
    7.5000    7.5000   -7.5000 2716.4954   11.1324
   -7.5000   15.0000   -7.5000 2625.4563   12.0569
    0.0000   15.0000   -7.5000 2638.5520   12.0151
    7.5000   15.0000   -7.5000 2609.4177   12.0652
   -7.5000   22.5000   -7.5000 2499.7036   13.3398
    0.0000   22.5000   -7.5000 2517.8813   13.2791
    7.5000   22.5000   -7.5000 2484.5022   13.3695
   -7.5000   30.0000   -7.5000 2362.0559   15.0134
    0.0000   30.0000   -7.5000 2379.8369   14.9499
    7.5000   30.0000   -7.5000 2348.7485   15.0486
   -7.5000   37.5000   -7.5000 2204.5881   17.0750
    0.0000   37.5000   -7.5000 2214.8713   17.0476
    7.5000   37.5000   -7.5000 2190.9897   17.0959
   -7.5000   45.0000   -7.5000 2030.3964   19.6667
    0.0000   45.0000   -7.5000 2035.7708   19.6627
    7.5000   45.0000   -7.5000 2015.5503   19.7222
   -7.5000  -45.0000    0.0000 2616.0222   11.2160
    0.0000  -45.0000    0.0000 2633.7300   11.1585
    7.5000  -45.0000    0.0000 2620.3271   11.1088
   -7.5000  -37.5000    0.0000 2735.8616   10.6111
    0.0000  -37.5000    0.0000 2755.8718   10.5819
    7.5000  -37.5000    0.0000 2733.0640   10.4781
   -7.5000  -30.0000    0.0000 2839.1165   10.2823
    0.0000  -30.0000    0.0000 2870.4495   10.3146
    7.5000  -30.0000    0.0000 2829.4973   10.1045
   -7.5000  -22.5000    0.0000 2917.4431   10.0738
    0.0000  -22.5000    0.0000 2958.0820   10.1696
    7.5000  -22.5000    0.0000 2890.4739    9.9035
   -7.5000  -15.0000    0.0000 2936.2988    9.9732
    0.0000  -15.0000    0.0000 2974.2148   10.0670
    7.5000  -15.0000    0.0000 2899.1150    9.8361
   -7.5000   -7.5000    0.0000 2909.1846    9.9945
    0.0000   -7.5000    0.0000 2932.2102   10.0668
    7.5000   -7.5000    0.0000 2872.3345    9.9525
   -7.5000    0.0000    0.0000 2842.5732   10.3603
    0.0000    0.0000    0.0000 2854.0229   10.3533
    7.5000    0.0000    0.0000 2808.0847   10.3466
   -7.5000    7.5000    0.0000 2749.9236   10.9858
    0.0000    7.5000    0.0000 2759.6199   10.9612
    7.5000    7.5000    0.0000 2721.6677   11.0111
   -7.5000   15.0000    0.0000 2630.0747   11.9184
    0.0000   15.0000    0.0000 2644.0815   11.9097
    7.5000   15.0000    0.0000 2614.4612   11.9862
   -7.5000   22.5000    0.0000 2506.7192   13.2116
    0.0000   22.5000    0.0000 2520.5806   13.1938
    7.5000   22.5000    0.0000 2497.6870   13.2928
   -7.5000   30.0000    0.0000 2368.2512   14.8798
    0.0000   30.0000    0.0000 2381.4990   14.8424
    7.5000   30.0000    0.0000 2359.1946   14.9446
   -7.5000   37.5000    0.0000 2210.8713   16.9111
    0.0000   37.5000    0.0000 2218.0269   16.8829
    7.5000   37.5000    0.0000 2196.4631   16.9611
   -7.5000   45.0000    0.0000 2035.6039   19.4598
    0.0000   45.0000    0.0000 2048.8450   19.4641
    7.5000   45.0000    0.0000 2020.8230   19.5217
   -7.5000  -45.0000    7.5000 2583.4412   11.7294
    0.0000  -45.0000    7.5000 2596.4897   11.6575
    7.5000  -45.0000    7.5000 2577.9150   11.5693
   -7.5000  -37.5000    7.5000 2708.1440   11.0208
    0.0000  -37.5000    7.5000 2722.6094   10.9703
    7.5000  -37.5000    7.5000 2696.2510   10.8744
   -7.5000  -30.0000    7.5000 2808.3325   10.5443
    0.0000  -30.0000    7.5000 2835.5261   10.5793
    7.5000  -30.0000    7.5000 2795.0605   10.4305
   -7.5000  -22.5000    7.5000 2893.0884   10.2023
    0.0000  -22.5000    7.5000 2928.7744   10.3212
    7.5000  -22.5000    7.5000 2870.7073   10.1302
   -7.5000  -15.0000    7.5000 2909.6140    9.9634
    0.0000  -15.0000    7.5000 2945.1177   10.0624
    7.5000  -15.0000    7.5000 2883.7571    9.9827
   -7.5000   -7.5000    7.5000 2894.8411   10.0041
    0.0000   -7.5000    7.5000 2913.7756   10.0137
    7.5000   -7.5000    7.5000 2867.7412   10.0808
   -7.5000    0.0000    7.5000 2835.3103   10.4293
    0.0000    0.0000    7.5000 2846.2590   10.4234
    7.5000    0.0000    7.5000 2804.7053   10.5136
   -7.5000    7.5000    7.5000 2740.2742   11.1076
    0.0000    7.5000    7.5000 2750.4917   11.1061
    7.5000    7.5000    7.5000 2713.6992   11.2078
   -7.5000   15.0000    7.5000 2615.1440   12.0515
    0.0000   15.0000    7.5000 2624.9885   12.0406
    7.5000   15.0000    7.5000 2602.0830   12.1551
   -7.5000   22.5000    7.5000 2495.3367   13.2963
    0.0000   22.5000    7.5000 2504.5869   13.2592
    7.5000   22.5000    7.5000 2486.5928   13.3916
   -7.5000   30.0000    7.5000 2360.6799   14.8997
    0.0000   30.0000    7.5000 2369.7122   14.8437
    7.5000   30.0000    7.5000 2347.0432   14.9646
   -7.5000   37.5000    7.5000 2203.1877   16.8742
    0.0000   37.5000    7.5000 2214.4458   16.8245
    7.5000   37.5000    7.5000 2192.1692   16.9507
   -7.5000   45.0000    7.5000 2022.2404   19.3762
    0.0000   45.0000    7.5000 2037.1138   19.3753
    7.5000   45.0000    7.5000 2018.0455   19.4943
   -7.5000  -45.0000   15.0000 2537.5996   12.1855
    0.0000  -45.0000   15.0000 2549.2056   12.0965
    7.5000  -45.0000   15.0000 2533.7026   12.1148
   -7.5000  -37.5000   15.0000 2657.0623   11.3806
    0.0000  -37.5000   15.0000 2669.1846   11.3207
    7.5000  -37.5000   15.0000 2651.3347   11.3325
   -7.5000  -30.0000   15.0000 2755.4968   10.8250
    0.0000  -30.0000   15.0000 2775.8638   10.8240
    7.5000  -30.0000   15.0000 2751.4509   10.8036
   -7.5000  -22.5000   15.0000 2828.9109   10.3658
    0.0000  -22.5000   15.0000 2855.7498   10.4571
    7.5000  -22.5000   15.0000 2822.6201   10.4360
   -7.5000  -15.0000   15.0000 2851.6565   10.1012
    0.0000  -15.0000   15.0000 2871.0835   10.0860
    7.5000  -15.0000   15.0000 2838.3635   10.2446
   -7.5000   -7.5000   15.0000 2850.2166   10.1957
    0.0000   -7.5000   15.0000 2863.9783   10.1264
    7.5000   -7.5000   15.0000 2831.5786   10.3402
   -7.5000    0.0000   15.0000 2802.6890   10.6370
    0.0000    0.0000   15.0000 2820.0723   10.5992
    7.5000    0.0000   15.0000 2783.3687   10.7817
   -7.5000    7.5000   15.0000 2711.5779   11.3859
    0.0000    7.5000   15.0000 2729.8982   11.3555
    7.5000    7.5000   15.0000 2693.9041   11.5129
   -7.5000   15.0000   15.0000 2589.8972   12.3669
    0.0000   15.0000   15.0000 2600.0698   12.3233
    7.5000   15.0000   15.0000 2578.9531   12.4654
   -7.5000   22.5000   15.0000 2462.2830   13.5984
    0.0000   22.5000   15.0000 2474.9236   13.5554
    7.5000   22.5000   15.0000 2459.8608   13.6952
   -7.5000   30.0000   15.0000 2331.2988   15.1614
    0.0000   30.0000   15.0000 2345.0952   15.1057
    7.5000   30.0000   15.0000 2320.3425   15.2202
   -7.5000   37.5000   15.0000 2172.9944   17.0830
    0.0000   37.5000   15.0000 2181.9985   17.0558
    7.5000   37.5000   15.0000 2166.3235   17.1259
   -7.5000   45.0000   15.0000 1993.5259   19.5409
    0.0000   45.0000   15.0000 2007.4691   19.5401
    7.5000   45.0000   15.0000 1993.4897   19.6285
   -7.5000  -45.0000   22.5000 2486.1301   12.7097
    0.0000  -45.0000   22.5000 2497.8054   12.5906
    7.5000  -45.0000   22.5000 2482.1885   12.7467
   -7.5000  -37.5000   22.5000 2594.0042   11.8698
    0.0000  -37.5000   22.5000 2605.6433   11.7875
    7.5000  -37.5000   22.5000 2594.6287   11.9021
   -7.5000  -30.0000   22.5000 2683.0195   11.2561
    0.0000  -30.0000   22.5000 2700.6055   11.2188
    7.5000  -30.0000   22.5000 2692.4949   11.3128
   -7.5000  -22.5000   22.5000 2749.9846   10.7642
    0.0000  -22.5000   22.5000 2765.2346   10.7216
    7.5000  -22.5000   22.5000 2752.7761   10.8777
   -7.5000  -15.0000   22.5000 2781.6301   10.5095
    0.0000  -15.0000   22.5000 2789.9917   10.3862
    7.5000  -15.0000   22.5000 2773.1628   10.6456
   -7.5000   -7.5000   22.5000 2773.9136   10.6248
    0.0000   -7.5000   22.5000 2788.9685   10.5313
    7.5000   -7.5000   22.5000 2767.7112   10.7543
   -7.5000    0.0000   22.5000 2731.7195   11.0399
    0.0000    0.0000   22.5000 2750.4102   10.9806
    7.5000    0.0000   22.5000 2727.6575   11.1686
   -7.5000    7.5000   22.5000 2661.7275   11.7416
    0.0000    7.5000   22.5000 2676.3936   11.6966
    7.5000    7.5000   22.5000 2649.9912   11.8834
   -7.5000   15.0000   22.5000 2554.9697   12.7268
    0.0000   15.0000   22.5000 2566.3716   12.6743
    7.5000   15.0000   22.5000 2544.7598   12.8554
   -7.5000   22.5000   22.5000 2428.7805   14.0066
    0.0000   22.5000   22.5000 2442.6418   13.9742
    7.5000   22.5000   22.5000 2423.3931   14.1262
   -7.5000   30.0000   22.5000 2287.2402   15.6092
    0.0000   30.0000   22.5000 2302.5259   15.5625
    7.5000   30.0000   22.5000 2281.0933   15.6808
   -7.5000   37.5000   22.5000 2122.4807   17.5453
    0.0000   37.5000   22.5000 2132.3381   17.4850
    7.5000   37.5000   22.5000 2120.8408   17.5704
   -7.5000   45.0000   22.5000 1956.9790   19.9342
    0.0000   45.0000   22.5000 1964.5901   19.9480
    7.5000   45.0000   22.5000 1953.3291   20.0164
   -7.5000  -45.0000   30.0000 2421.3596   13.4387
    0.0000  -45.0000   30.0000 2432.0713   13.2702
    7.5000  -45.0000   30.0000 2422.0437   13.5218
   -7.5000  -37.5000   30.0000 2521.9385   12.5297
    0.0000  -37.5000   30.0000 2533.0981   12.4027
    7.5000  -37.5000   30.0000 2529.6152   12.6201
   -7.5000  -30.0000   30.0000 2609.8557   11.8610
    0.0000  -30.0000   30.0000 2621.1465   11.7393
    7.5000  -30.0000   30.0000 2619.1042   11.9497
   -7.5000  -22.5000   30.0000 2665.1621   11.3404
    0.0000  -22.5000   30.0000 2674.4685   11.1872
    7.5000  -22.5000   30.0000 2668.9111   11.4610
   -7.5000  -15.0000   30.0000 2700.1619   11.0970
    0.0000  -15.0000   30.0000 2706.6011   10.9400
    7.5000  -15.0000   30.0000 2696.1775   11.2209
   -7.5000   -7.5000   30.0000 2689.1777   11.2288
    0.0000   -7.5000   30.0000 2703.4890   11.1040
    7.5000   -7.5000   30.0000 2687.8464   11.3344
   -7.5000    0.0000   30.0000 2645.3416   11.6440
    0.0000    0.0000   30.0000 2659.1418   11.5332
    7.5000    0.0000   30.0000 2645.9871   11.7194
   -7.5000    7.5000   30.0000 2589.8894   12.2956
    0.0000    7.5000   30.0000 2597.2578   12.1983
    7.5000    7.5000   30.0000 2577.5308   12.3753
   -7.5000   15.0000   30.0000 2500.3025   13.2108
    0.0000   15.0000   30.0000 2509.2957   13.1366
    7.5000   15.0000   30.0000 2484.9980   13.3264
   -7.5000   22.5000   30.0000 2382.3237   14.4724
    0.0000   22.5000   30.0000 2395.9504   14.4166
    7.5000   22.5000   30.0000 2373.4324   14.6042
   -7.5000   30.0000   30.0000 2230.2368   16.1375
    0.0000   30.0000   30.0000 2244.4294   16.0923
    7.5000   30.0000   30.0000 2228.2937   16.2492
   -7.5000   37.5000   30.0000 2069.7361   18.0901
    0.0000   37.5000   30.0000 2083.8574   18.0937
    7.5000   37.5000   30.0000 2066.8237   18.2014
   -7.5000   45.0000   30.0000 1916.1053   20.5014
    0.0000   45.0000   30.0000 1928.8429   20.5539
    7.5000   45.0000   30.0000 1913.0789   20.6796
   -7.5000  -45.0000   37.5000 2355.3225   14.3187
    0.0000  -45.0000   37.5000 2362.6851   14.1039
    7.5000  -45.0000   37.5000 2359.8093   14.4515
   -7.5000  -37.5000   37.5000 2453.9800   13.3659
    0.0000  -37.5000   37.5000 2459.8843   13.1555
    7.5000  -37.5000   37.5000 2462.6870   13.5037
   -7.5000  -30.0000   37.5000 2534.7693   12.6223
    0.0000  -30.0000   37.5000 2541.3059   12.4290
    7.5000  -30.0000   37.5000 2538.8101   12.7369
   -7.5000  -22.5000   37.5000 2583.6680   12.0962
    0.0000  -22.5000   37.5000 2590.6516   11.8949
    7.5000  -22.5000   37.5000 2582.3660   12.2117
   -7.5000  -15.0000   37.5000 2611.5593   11.8725
    0.0000  -15.0000   37.5000 2618.6719   11.7041
    7.5000  -15.0000   37.5000 2610.0674   11.9798
   -7.5000   -7.5000   37.5000 2602.4292   11.9942
    0.0000   -7.5000   37.5000 2612.5017   11.8460
    7.5000   -7.5000   37.5000 2601.3010   12.0706
   -7.5000    0.0000   37.5000 2561.2500   12.3853
    0.0000    0.0000   37.5000 2569.8499   12.2535
    7.5000    0.0000   37.5000 2563.6753   12.4567
   -7.5000    7.5000   37.5000 2511.1074   12.9926
    0.0000    7.5000   37.5000 2520.1924   12.8691
    7.5000    7.5000   37.5000 2502.9575   13.0706
   -7.5000   15.0000   37.5000 2431.2705   13.8527
    0.0000   15.0000   37.5000 2446.2659   13.7488
    7.5000   15.0000   37.5000 2420.3408   13.9546
   -7.5000   22.5000   37.5000 2316.1704   15.0926
    0.0000   22.5000   37.5000 2326.1514   15.0112
    7.5000   22.5000   37.5000 2309.7126   15.2051
   -7.5000   30.0000   37.5000 2169.7126   16.7636
    0.0000   30.0000   37.5000 2180.6404   16.6907
    7.5000   30.0000   37.5000 2162.6116   16.8941
   -7.5000   37.5000   37.5000 2018.0870   18.8649
    0.0000   37.5000   37.5000 2034.8459   18.8386
    7.5000   37.5000   37.5000 2010.6854   18.9800
   -7.5000   45.0000   37.5000 1879.2238   21.3653
    0.0000   45.0000   37.5000 1886.4835   21.3853
    7.5000   45.0000   37.5000 1873.5887   21.4802
   -7.5000  -45.0000   45.0000 2275.9619   15.3939
    0.0000  -45.0000   45.0000 2284.3660   15.1646
    7.5000  -45.0000   45.0000 2285.5447   15.5886
   -7.5000  -37.5000   45.0000 2376.4216   14.3767
    0.0000  -37.5000   45.0000 2384.3455   14.1415
    7.5000  -37.5000   45.0000 2380.0317   14.5348
   -7.5000  -30.0000   45.0000 2450.5142   13.5840
    0.0000  -30.0000   45.0000 2457.2380   13.3336
    7.5000  -30.0000   45.0000 2450.6106   13.7097
   -7.5000  -22.5000   45.0000 2491.4343   13.0247
    0.0000  -22.5000   45.0000 2498.9204   12.8102
    7.5000  -22.5000   45.0000 2489.2571   13.1395
   -7.5000  -15.0000   45.0000 2510.7180   12.8260
    0.0000  -15.0000   45.0000 2517.1475   12.6511
    7.5000  -15.0000   45.0000 2512.2656   12.9401
   -7.5000   -7.5000   45.0000 2506.4761   12.9101
    0.0000   -7.5000   45.0000 2516.9663   12.7689
    7.5000   -7.5000   45.0000 2509.9573   12.9898
   -7.5000    0.0000   45.0000 2472.8037   13.2942
    0.0000    0.0000   45.0000 2483.6907   13.1698
    7.5000    0.0000   45.0000 2476.8960   13.3602
   -7.5000    7.5000   45.0000 2420.7649   13.8759
    0.0000    7.5000   45.0000 2432.9802   13.7824
    7.5000    7.5000   45.0000 2416.4729   13.9832
   -7.5000   15.0000   45.0000 2346.9570   14.6936
    0.0000   15.0000   45.0000 2364.7048   14.5931
    7.5000   15.0000   45.0000 2335.8062   14.7988
   -7.5000   22.5000   45.0000 2238.8677   15.8725
    0.0000   22.5000   45.0000 2250.7512   15.7913
    7.5000   22.5000   45.0000 2230.9172   16.0050
   -7.5000   30.0000   45.0000 2096.1594   17.5383
    0.0000   30.0000   45.0000 2107.3054   17.4621
    7.5000   30.0000   45.0000 2090.8044   17.6766
   -7.5000   37.5000   45.0000 1960.2960   19.7944
    0.0000   37.5000   45.0000 1972.0709   19.7334
    7.5000   37.5000   45.0000 1952.6337   19.8772
   -7.5000   45.0000   45.0000 1832.3009   22.4069
    0.0000   45.0000   45.0000 1841.5723   22.4029
    7.5000   45.0000   45.0000 1827.9427   22.4922

---------------------------------------------------------------------
imgreg_4dfp /opt/freesurfer/average/711-2C_as_mni_average_305 /opt/freesurfer/average/711-2B_as_mni_average_305_mask talsrcimg_g11 none talsrcimg_to_711-2C_as_mni_average_305_t4 1283
---------------------------------------------------------------------

freesurfer imgreg_4dfp.c
/opt/freesurfer/average/711-2C_as_mni_average_305.4dfp.img
       256       256       256         1
  1.000000  1.000000  1.000000
orientation T byte_order littleendian
Reading image: /opt/freesurfer/average/711-2C_as_mni_average_305.4dfp.img
dimensions:      256       256       256
mmppix:       1.0000   -1.0000   -1.0000
center:     128.0000 -129.0000 -129.0000
/opt/freesurfer/average/711-2B_as_mni_average_305_mask.4dfp.img
       256       256       256         1
  1.000000  1.000000  1.000000
orientation T byte_order littleendian
Reading mask: /opt/freesurfer/average/711-2B_as_mni_average_305_mask.4dfp.img (2306576 pixels)
talsrcimg_g11.4dfp.img
       256       256       256         1
  1.000000  1.000000  1.000000
orientation T byte_order littleendian
Reading image: talsrcimg_g11.4dfp.img
dimensions:      256       256       256
mmppix:       1.0000   -1.0000   -1.0000
center:     128.0000 -129.0000 -129.0000
rotation matrix determinant  1.000000
fimgreg.f
image alignment mode   1283 decimal      503 hex
parameters
    0.0000  -15.0000    0.0000    0.0000    0.0000    0.0000
eta,q 0.93273 10.10194
niter,ni,del,rscale     5    3   12.0000    1.2000
parameter  4 14.244575 ->  0.500000 qaram    1.1500
parameters
   -1.3498  -15.2204    0.2033   -3.4500    1.3871   -2.4637
eta,q 0.94539 10.03921
  0.0760  0.0708  0.0703  0.0530  0.0683  0.0567
  0.0693  0.0673  0.0669  0.0562  0.0638  0.0547
  0.0649  0.0652  0.0649  0.0599  0.0602  0.0548
  0.0653  0.0642  0.0640  0.0639  0.0571  0.0559
  0.0714  0.0654  0.0649  0.0678  0.0557  0.0575
  0.0810  0.0679  0.0662  0.0720  0.0577  0.0601
  0.0900  0.0719  0.0696  0.0755  0.0622  0.0638
niter,ni,del,rscale     5    3   12.0000    1.2000
parameter  4  1.131620 ->  0.500000 qaram    1.3225
parameters
   -1.9881  -14.6188   -0.8756   -7.4175    1.6532   -2.1047
eta,q 0.95163 10.01456
  0.0708  0.0686  0.0607  0.0478  0.0600  0.0562
  0.0629  0.0621  0.0565  0.0479  0.0544  0.0527
  0.0563  0.0561  0.0544  0.0505  0.0500  0.0499
  0.0546  0.0545  0.0549  0.0543  0.0484  0.0484
  0.0595  0.0566  0.0574  0.0588  0.0501  0.0489
  0.0689  0.0599  0.0611  0.0648  0.0539  0.0511
  0.0786  0.0631  0.0662  0.0711  0.0575  0.0550
niter,ni,del,rscale     5    3   12.0000    1.2000
parameters
   -2.1220  -13.5028   -1.4447  -10.6705    2.2495   -1.6785
eta,q 0.95402  9.99242
  0.0669  0.0649  0.0574  0.0508  0.0597  0.0542
  0.0583  0.0570  0.0519  0.0473  0.0541  0.0502
  0.0512  0.0511  0.0492  0.0463  0.0496  0.0474
  0.0484  0.0484  0.0486  0.0485  0.0463  0.0460
  0.0514  0.0494  0.0502  0.0529  0.0470  0.0466
  0.0592  0.0526  0.0549  0.0583  0.0509  0.0486
  0.0688  0.0553  0.0615  0.0647  0.0558  0.0524
niter,ni,del,rscale     4    3   12.0000    1.2000
parameters
   -2.5037  -12.2414   -1.9233  -12.2349    2.6774   -1.2113
eta,q 0.95503 10.02415
  0.0646  0.0639  0.0549  0.0516  0.0599  0.0529
  0.0561  0.0557  0.0501  0.0497  0.0537  0.0492
  0.0489  0.0487  0.0468  0.0459  0.0482  0.0463
  0.0460  0.0460  0.0456  0.0456  0.0451  0.0450
  0.0506  0.0458  0.0474  0.0492  0.0464  0.0456
  0.0600  0.0489  0.0520  0.0535  0.0511  0.0476
  0.0693  0.0530  0.0590  0.0595  0.0566  0.0509
niter,ni,del,rscale     3    3   12.0000    1.2000
parameters
   -2.5834  -11.6347   -2.4156  -13.0531    2.7578   -1.0805
eta,q 0.95463 10.05057
  0.0676  0.0595  0.0541  0.0528  0.0584  0.0520
  0.0585  0.0524  0.0497  0.0501  0.0524  0.0484
  0.0496  0.0473  0.0467  0.0473  0.0476  0.0460
  0.0450  0.0450  0.0450  0.0451  0.0454  0.0454
  0.0485  0.0463  0.0467  0.0479  0.0473  0.0461
  0.0589  0.0501  0.0516  0.0520  0.0522  0.0480
  0.0696  0.0541  0.0584  0.0570  0.0576  0.0514
niter,ni,del,rscale     2    3   12.0000    1.2000
parameters
   -2.5688  -11.3160   -2.7628  -13.5072    2.7376   -1.0657
eta,q 0.95433 10.05688
  0.0689  0.0573  0.0547  0.0534  0.0578  0.0519
  0.0594  0.0517  0.0499  0.0506  0.0521  0.0484
  0.0502  0.0473  0.0472  0.0480  0.0477  0.0461
  0.0454  0.0454  0.0453  0.0455  0.0457  0.0457
  0.0486  0.0469  0.0466  0.0473  0.0476  0.0465
  0.0587  0.0507  0.0514  0.0518  0.0525  0.0484
  0.0695  0.0547  0.0578  0.0558  0.0578  0.0517
niter,ni,del,rscale     1    3   12.0000    1.2000
parameters
   -2.5460  -11.1597   -2.9783  -13.7434    2.6971   -1.0864
eta,q 0.95417 10.05687
  0.0692  0.0565  0.0554  0.0538  0.0577  0.0521
  0.0595  0.0515  0.0502  0.0510  0.0521  0.0485
  0.0503  0.0475  0.0475  0.0484  0.0478  0.0463
  0.0457  0.0457  0.0456  0.0457  0.0458  0.0458
  0.0490  0.0473  0.0466  0.0471  0.0477  0.0467
  0.0589  0.0511  0.0512  0.0516  0.0525  0.0486
  0.0695  0.0552  0.0574  0.0554  0.0579  0.0520
registration optimization eta report
parameter search radius
    6.0000    6.0000    6.0000    7.9350    6.0000    6.0000
100000*second partial in parameter space
       63.       27.       30.       13.       32.       17.
  0.0692  0.0565  0.0554  0.0538  0.0577  0.0521
  0.0595  0.0515  0.0502  0.0510  0.0521  0.0485
  0.0503  0.0475  0.0475  0.0484  0.0478  0.0463
  0.0457  0.0457  0.0456  0.0457  0.0458  0.0458
  0.0490  0.0473  0.0466  0.0471  0.0477  0.0467
  0.0589  0.0511  0.0512  0.0516  0.0525  0.0486
  0.0695  0.0552  0.0574  0.0554  0.0579  0.0520
   -2.5460  -11.1597   -2.9783  -13.7434    2.6971   -1.0864
eta,q 0.95417 10.05687

---------------------------------------------------------------------
imgreg_4dfp /opt/freesurfer/average/711-2C_as_mni_average_305 /opt/freesurfer/average/711-2B_as_mni_average_305_mask talsrcimg_g11 none talsrcimg_to_711-2C_as_mni_average_305_t4 3335
---------------------------------------------------------------------

freesurfer imgreg_4dfp.c
/opt/freesurfer/average/711-2C_as_mni_average_305.4dfp.img
       256       256       256         1
  1.000000  1.000000  1.000000
orientation T byte_order littleendian
Reading image: /opt/freesurfer/average/711-2C_as_mni_average_305.4dfp.img
dimensions:      256       256       256
mmppix:       1.0000   -1.0000   -1.0000
center:     128.0000 -129.0000 -129.0000
/opt/freesurfer/average/711-2B_as_mni_average_305_mask.4dfp.img
       256       256       256         1
  1.000000  1.000000  1.000000
orientation T byte_order littleendian
Reading mask: /opt/freesurfer/average/711-2B_as_mni_average_305_mask.4dfp.img (2306576 pixels)
talsrcimg_g11.4dfp.img
       256       256       256         1
  1.000000  1.000000  1.000000
orientation T byte_order littleendian
Reading image: talsrcimg_g11.4dfp.img
dimensions:      256       256       256
mmppix:       1.0000   -1.0000   -1.0000
center:     128.0000 -129.0000 -129.0000
fimgreg.f
image alignment mode   3335 decimal      D07 hex
parameters
   -2.5460  -11.1597   -2.9783   -0.1287   -2.9017   -2.9706
    2.9594   -4.1196   -1.8939   23.8398    4.7055  -23.7310
eta,q 0.95147 10.10173
niter,ni,del,rscale     5    3    5.0000    1.2000
parameter  4  0.874255 ->  0.500000 qaram    1.1500
parameter  5  4.659184 ->  0.500000 qaram    1.1500
parameter  6  0.670043 ->  0.500000 qaram    1.1500
parameter 12 -1.457101 -> -0.500000 qaram    1.1500
parameters
   -2.5018  -10.8208   -3.2767   -4.2687   -7.0417   -7.1106
    5.2660   -3.7740    0.0229   22.4779    7.7534  -19.5910
eta,q 0.96377  9.78124
  0.0524  0.0508  0.0499  0.0449  0.0350  0.0377  0.0407  0.0425  0.0404  0.0392  0.0390  0.0398
  0.0503  0.0497  0.0490  0.0453  0.0381  0.0377  0.0394  0.0395  0.0391  0.0380  0.0381  0.0388
  0.0490  0.0489  0.0485  0.0462  0.0418  0.0381  0.0383  0.0378  0.0381  0.0374  0.0376  0.0379
  0.0485  0.0485  0.0485  0.0484  0.0454  0.0391  0.0377  0.0375  0.0375  0.0373  0.0373  0.0372
  0.0489  0.0485  0.0489  0.0520  0.0495  0.0413  0.0375  0.0381  0.0373  0.0379  0.0372  0.0366
  0.0501  0.0489  0.0497  0.0567  0.0542  0.0448  0.0377  0.0394  0.0377  0.0394  0.0372  0.0361
  0.0520  0.0499  0.0508  0.0619  0.0584  0.0488  0.0384  0.0412  0.0384  0.0417  0.0374  0.0359
niter,ni,del,rscale     7    3    5.0000    1.2000
parameter  3  0.507442 ->  0.500000 qaram    1.1500
parameter  5  1.870280 ->  0.500000 qaram    1.3225
parameters
   -2.1341  -11.7358   -4.6567   -7.9116  -11.8027  -10.1383
    4.3853   -4.3351   -0.1314   21.9292    8.5967  -19.2172
eta,q 0.97005  9.30025
  0.0401  0.0367  0.0358  0.0353  0.0280  0.0312  0.0318  0.0334  0.0319  0.0328  0.0307  0.0318
  0.0382  0.0360  0.0354  0.0351  0.0296  0.0303  0.0307  0.0314  0.0309  0.0312  0.0303  0.0309
  0.0369  0.0358  0.0354  0.0352  0.0319  0.0300  0.0301  0.0303  0.0302  0.0302  0.0301  0.0302
  0.0362  0.0361  0.0358  0.0354  0.0352  0.0302  0.0301  0.0300  0.0300  0.0300  0.0300  0.0299
  0.0362  0.0370  0.0365  0.0363  0.0392  0.0315  0.0305  0.0307  0.0302  0.0306  0.0300  0.0301
  0.0369  0.0385  0.0374  0.0386  0.0433  0.0343  0.0315  0.0323  0.0309  0.0319  0.0301  0.0307
  0.0384  0.0404  0.0385  0.0428  0.0478  0.0382  0.0328  0.0345  0.0321  0.0338  0.0304  0.0315
niter,ni,del,rscale     7    3    5.0000    1.2000
parameter  5  0.867356 ->  0.500000 qaram    1.5209
parameters
   -2.2579  -11.6256   -4.4777   -8.4828  -17.2778  -10.3800
    4.0629   -4.3831   -0.8380   22.2595    9.1663  -20.5954
eta,q 0.97302  9.02150
  0.0326  0.0329  0.0319  0.0315  0.0269  0.0297  0.0295  0.0311  0.0289  0.0304  0.0277  0.0280
  0.0311  0.0314  0.0308  0.0305  0.0268  0.0283  0.0281  0.0290  0.0278  0.0287  0.0273  0.0274
  0.0302  0.0304  0.0302  0.0299  0.0280  0.0274  0.0273  0.0276  0.0271  0.0275  0.0271  0.0270
  0.0299  0.0299  0.0299  0.0299  0.0299  0.0271  0.0271  0.0271  0.0271  0.0270  0.0270  0.0270
  0.0304  0.0301  0.0301  0.0302  0.0329  0.0271  0.0275  0.0276  0.0275  0.0273  0.0271  0.0274
  0.0315  0.0310  0.0306  0.0308  0.0369  0.0281  0.0285  0.0291  0.0284  0.0282  0.0272  0.0280
  0.0332  0.0324  0.0314  0.0321  0.0415  0.0305  0.0299  0.0312  0.0298  0.0299  0.0275  0.0289
niter,ni,del,rscale     7    3    5.0000    1.2000
parameters
   -2.2680  -11.4241   -4.3907   -8.2867  -20.5828  -10.1406
    4.2172   -4.4302   -0.9875   22.6347    9.6544  -21.9096
eta,q 0.97349  8.90895
  0.0301  0.0303  0.0286  0.0291  0.0291  0.0293  0.0292  0.0305  0.0288  0.0299  0.0271  0.0275
  0.0284  0.0286  0.0277  0.0279  0.0275  0.0279  0.0278  0.0284  0.0276  0.0281  0.0268  0.0268
  0.0273  0.0275  0.0271  0.0271  0.0266  0.0269  0.0269  0.0270  0.0268  0.0270  0.0266  0.0265
  0.0270  0.0270  0.0270  0.0269  0.0270  0.0266  0.0266  0.0266  0.0266  0.0266  0.0265  0.0265
  0.0273  0.0271  0.0271  0.0272  0.0287  0.0265  0.0268  0.0271  0.0269  0.0268  0.0266  0.0268
  0.0284  0.0279  0.0276  0.0277  0.0316  0.0273  0.0277  0.0285  0.0277  0.0277  0.0267  0.0274
  0.0301  0.0294  0.0284  0.0289  0.0360  0.0294  0.0290  0.0306  0.0290  0.0292  0.0270  0.0283
niter,ni,del,rscale     6    3    5.0000    1.2000
parameters
   -2.2578  -11.2214   -4.3800   -7.7723  -21.1364  -10.0313
    4.3310   -4.4807   -1.0493   23.0610    9.9004  -22.2376
eta,q 0.97349  8.93106
  0.0296  0.0298  0.0279  0.0287  0.0309  0.0292  0.0291  0.0304  0.0288  0.0299  0.0270  0.0278
  0.0279  0.0281  0.0271  0.0274  0.0287  0.0277  0.0277  0.0283  0.0276  0.0281  0.0267  0.0270
  0.0269  0.0270  0.0266  0.0267  0.0272  0.0268  0.0268  0.0270  0.0268  0.0270  0.0266  0.0266
  0.0265  0.0265  0.0265  0.0265  0.0265  0.0265  0.0265  0.0265  0.0265  0.0265  0.0265  0.0265
  0.0268  0.0267  0.0266  0.0266  0.0271  0.0264  0.0268  0.0271  0.0268  0.0268  0.0265  0.0267
  0.0279  0.0275  0.0271  0.0271  0.0291  0.0273  0.0277  0.0285  0.0276  0.0277  0.0267  0.0272
  0.0295  0.0289  0.0279  0.0282  0.0323  0.0294  0.0289  0.0305  0.0289  0.0291  0.0270  0.0279
niter,ni,del,rscale     5    3    5.0000    1.2000
parameters
   -2.2573  -11.1723   -4.4307   -7.7002  -21.2548  -10.0152
    4.3826   -4.4852   -1.0952   23.2257   10.0611  -22.3054
eta,q 0.97348  8.93557
  0.0295  0.0294  0.0279  0.0285  0.0313  0.0291  0.0291  0.0305  0.0288  0.0296  0.0270  0.0279
  0.0279  0.0279  0.0270  0.0273  0.0289  0.0277  0.0277  0.0283  0.0276  0.0279  0.0267  0.0270
  0.0269  0.0269  0.0266  0.0267  0.0273  0.0268  0.0268  0.0270  0.0268  0.0269  0.0266  0.0266
  0.0265  0.0265  0.0265  0.0265  0.0265  0.0265  0.0265  0.0265  0.0265  0.0265  0.0265  0.0265
  0.0268  0.0268  0.0267  0.0267  0.0269  0.0264  0.0268  0.0270  0.0268  0.0269  0.0266  0.0267
  0.0279  0.0277  0.0271  0.0272  0.0288  0.0273  0.0277  0.0284  0.0276  0.0278  0.0267  0.0271
  0.0295  0.0292  0.0279  0.0285  0.0318  0.0295  0.0290  0.0304  0.0289  0.0293  0.0270  0.0279
niter,ni,del,rscale     4    3    5.0000    1.2000
parameters
   -2.2602  -11.1582   -4.4658   -7.6694  -21.2927  -10.0327
    4.4138   -4.4913   -1.1279   23.2826   10.1397  -22.3267
eta,q 0.97347  8.93666
  0.0295  0.0294  0.0279  0.0285  0.0313  0.0291  0.0290  0.0305  0.0288  0.0295  0.0270  0.0279
  0.0279  0.0278  0.0271  0.0273  0.0290  0.0277  0.0277  0.0283  0.0276  0.0278  0.0267  0.0271
  0.0269  0.0268  0.0266  0.0267  0.0274  0.0268  0.0268  0.0270  0.0268  0.0268  0.0266  0.0266
  0.0265  0.0265  0.0265  0.0265  0.0265  0.0265  0.0265  0.0265  0.0265  0.0265  0.0265  0.0265
  0.0268  0.0268  0.0267  0.0267  0.0269  0.0264  0.0269  0.0270  0.0268  0.0269  0.0266  0.0267
  0.0279  0.0278  0.0271  0.0272  0.0287  0.0273  0.0277  0.0284  0.0276  0.0279  0.0267  0.0271
  0.0296  0.0293  0.0279  0.0285  0.0318  0.0296  0.0290  0.0304  0.0288  0.0293  0.0270  0.0278
niter,ni,del,rscale     3    3    5.0000    1.2000
parameters
   -2.2620  -11.1528   -4.4851   -7.6640  -21.3086  -10.0496
    4.4303   -4.4946   -1.1443   23.3071   10.1816  -22.3357
eta,q 0.97347  8.93631
  0.0295  0.0293  0.0279  0.0285  0.0313  0.0291  0.0290  0.0305  0.0288  0.0295  0.0270  0.0279
  0.0279  0.0278  0.0271  0.0273  0.0290  0.0277  0.0277  0.0283  0.0276  0.0278  0.0267  0.0271
  0.0269  0.0268  0.0266  0.0267  0.0274  0.0268  0.0268  0.0270  0.0268  0.0268  0.0266  0.0266
  0.0265  0.0265  0.0265  0.0265  0.0265  0.0265  0.0265  0.0265  0.0265  0.0265  0.0265  0.0265
  0.0269  0.0269  0.0267  0.0267  0.0269  0.0264  0.0269  0.0270  0.0268  0.0269  0.0266  0.0267
  0.0279  0.0278  0.0271  0.0272  0.0287  0.0273  0.0277  0.0284  0.0276  0.0279  0.0267  0.0271
  0.0296  0.0293  0.0279  0.0285  0.0317  0.0296  0.0290  0.0304  0.0288  0.0294  0.0270  0.0278
registration optimization eta report
parameter search radius
    2.4000    2.4000    2.7600    8.2800   10.9503    8.2800
    7.2000    7.2000    7.2000    7.2000    7.2000    8.2800
100000*second partial in parameter space
       52.       48.       18.        3.        4.        4.
        5.        7.        4.        6.        1.        2.
  0.0295  0.0293  0.0279  0.0285  0.0313  0.0291  0.0290  0.0305  0.0288  0.0295  0.0270  0.0279
  0.0279  0.0278  0.0271  0.0273  0.0290  0.0277  0.0277  0.0283  0.0276  0.0278  0.0267  0.0271
  0.0269  0.0268  0.0266  0.0267  0.0274  0.0268  0.0268  0.0270  0.0268  0.0268  0.0266  0.0266
  0.0265  0.0265  0.0265  0.0265  0.0265  0.0265  0.0265  0.0265  0.0265  0.0265  0.0265  0.0265
  0.0269  0.0269  0.0267  0.0267  0.0269  0.0264  0.0269  0.0270  0.0268  0.0269  0.0266  0.0267
  0.0279  0.0278  0.0271  0.0272  0.0287  0.0273  0.0277  0.0284  0.0276  0.0279  0.0267  0.0271
  0.0296  0.0293  0.0279  0.0285  0.0317  0.0296  0.0290  0.0304  0.0288  0.0294  0.0270  0.0278
   -2.2620  -11.1528   -4.4851   -7.6640  -21.3086  -10.0496
    4.4303   -4.4946   -1.1443   23.3071   10.1816  -22.3357
eta,q 0.97347  8.93631

---------------------------------------------------------------------
imgreg_4dfp /opt/freesurfer/average/711-2C_as_mni_average_305 /opt/freesurfer/average/711-2B_as_mni_average_305_mask talsrcimg_g11 none talsrcimg_to_711-2C_as_mni_average_305_t4 2311
---------------------------------------------------------------------

freesurfer imgreg_4dfp.c
/opt/freesurfer/average/711-2C_as_mni_average_305.4dfp.img
       256       256       256         1
  1.000000  1.000000  1.000000
orientation T byte_order littleendian
Reading image: /opt/freesurfer/average/711-2C_as_mni_average_305.4dfp.img
dimensions:      256       256       256
mmppix:       1.0000   -1.0000   -1.0000
center:     128.0000 -129.0000 -129.0000
/opt/freesurfer/average/711-2B_as_mni_average_305_mask.4dfp.img
       256       256       256         1
  1.000000  1.000000  1.000000
orientation T byte_order littleendian
Reading mask: /opt/freesurfer/average/711-2B_as_mni_average_305_mask.4dfp.img (2306576 pixels)
talsrcimg_g11.4dfp.img
       256       256       256         1
  1.000000  1.000000  1.000000
orientation T byte_order littleendian
Reading image: talsrcimg_g11.4dfp.img
dimensions:      256       256       256
mmppix:       1.0000   -1.0000   -1.0000
center:     128.0000 -129.0000 -129.0000
fimgreg.f
image alignment mode   2311 decimal      907 hex
parameters
   -2.2620  -11.1528   -4.4851   -7.6640  -21.3086  -10.0496
    4.4303   -4.4946   -1.1443   23.3071   10.1816  -22.3357
eta,q 0.97347  8.93631
niter,ni,del,rscale     5    3    5.0000    0.8000
parameters
   -2.2479  -11.1538   -4.5528   -7.6189  -20.6318   -9.1178
    4.3898   -4.5620   -1.0437   23.6323   10.1167  -22.3494
eta,q 0.97363  9.02429
  0.0279  0.0278  0.0269  0.0271  0.0278  0.0274  0.0276  0.0282  0.0275  0.0280  0.0266  0.0269
  0.0272  0.0271  0.0267  0.0267  0.0272  0.0269  0.0269  0.0272  0.0269  0.0272  0.0265  0.0266
  0.0267  0.0267  0.0266  0.0266  0.0268  0.0266  0.0265  0.0266  0.0265  0.0266  0.0264  0.0264
  0.0265  0.0265  0.0265  0.0265  0.0265  0.0265  0.0264  0.0264  0.0264  0.0264  0.0264  0.0264
  0.0267  0.0267  0.0266  0.0266  0.0265  0.0263  0.0265  0.0266  0.0265  0.0265  0.0264  0.0264
  0.0271  0.0271  0.0267  0.0267  0.0268  0.0264  0.0270  0.0273  0.0268  0.0269  0.0265  0.0266
  0.0279  0.0278  0.0270  0.0270  0.0273  0.0269  0.0276  0.0283  0.0274  0.0276  0.0266  0.0269
niter,ni,del,rscale     4    3    5.0000    0.7000
parameters
   -2.2457  -11.2386   -4.4665   -7.3205  -20.5211   -8.7236
    4.4217   -4.5642   -1.0087   23.6677    9.9655  -22.4009
eta,q 0.97368  9.06367
  0.0274  0.0273  0.0268  0.0268  0.0273  0.0270  0.0273  0.0278  0.0272  0.0275  0.0265  0.0267
  0.0269  0.0268  0.0266  0.0265  0.0268  0.0268  0.0268  0.0270  0.0267  0.0269  0.0264  0.0265
  0.0265  0.0264  0.0264  0.0264  0.0265  0.0266  0.0264  0.0265  0.0264  0.0265  0.0263  0.0263
  0.0264  0.0264  0.0264  0.0264  0.0264  0.0264  0.0263  0.0263  0.0263  0.0263  0.0263  0.0263
  0.0265  0.0265  0.0264  0.0264  0.0264  0.0263  0.0264  0.0265  0.0264  0.0264  0.0263  0.0264
  0.0268  0.0269  0.0265  0.0265  0.0267  0.0264  0.0267  0.0270  0.0267  0.0268  0.0264  0.0265
  0.0274  0.0275  0.0267  0.0267  0.0272  0.0270  0.0272  0.0278  0.0272  0.0275  0.0265  0.0267
niter,ni,del,rscale     3    3    5.0000    0.6000
parameters
   -2.2348  -11.2644   -4.4021   -7.1786  -20.4500   -8.4035
    4.4258   -4.5634   -0.9546   23.7029    9.8591  -22.4691
eta,q 0.97372  9.09017
  0.0271  0.0271  0.0267  0.0266  0.0270  0.0269  0.0270  0.0274  0.0269  0.0272  0.0264  0.0266
  0.0267  0.0266  0.0265  0.0264  0.0267  0.0267  0.0266  0.0267  0.0266  0.0267  0.0263  0.0264
  0.0264  0.0264  0.0264  0.0263  0.0264  0.0265  0.0264  0.0264  0.0264  0.0264  0.0263  0.0263
  0.0263  0.0263  0.0263  0.0263  0.0263  0.0263  0.0263  0.0263  0.0263  0.0263  0.0263  0.0263
  0.0264  0.0264  0.0263  0.0263  0.0264  0.0262  0.0264  0.0264  0.0264  0.0264  0.0263  0.0263
  0.0267  0.0267  0.0264  0.0264  0.0266  0.0264  0.0266  0.0268  0.0266  0.0267  0.0263  0.0264
  0.0271  0.0271  0.0266  0.0266  0.0270  0.0268  0.0270  0.0273  0.0269  0.0272  0.0264  0.0266
niter,ni,del,rscale     2    3    5.0000    0.5000
parameters
   -2.2260  -11.2765   -4.3520   -6.9901  -20.3999   -8.0837
    4.4566   -4.5818   -0.9116   23.7611    9.7297  -22.5816
eta,q 0.97375  9.11924
  0.0268  0.0268  0.0265  0.0265  0.0268  0.0267  0.0268  0.0270  0.0267  0.0269  0.0263  0.0264
  0.0265  0.0265  0.0264  0.0264  0.0265  0.0266  0.0265  0.0266  0.0265  0.0266  0.0263  0.0263
  0.0263  0.0263  0.0263  0.0263  0.0264  0.0264  0.0263  0.0263  0.0263  0.0263  0.0263  0.0263
  0.0263  0.0263  0.0263  0.0263  0.0263  0.0263  0.0262  0.0262  0.0262  0.0262  0.0262  0.0262
  0.0263  0.0263  0.0263  0.0263  0.0263  0.0262  0.0263  0.0263  0.0263  0.0263  0.0263  0.0263
  0.0265  0.0265  0.0264  0.0263  0.0265  0.0264  0.0265  0.0266  0.0264  0.0265  0.0263  0.0263
  0.0268  0.0268  0.0265  0.0264  0.0268  0.0267  0.0267  0.0270  0.0267  0.0269  0.0263  0.0265
niter,ni,del,rscale     1    3    5.0000    0.4000
parameters
   -2.2213  -11.2863   -4.2990   -6.7713  -20.3671   -7.8098
    4.4957   -4.5917   -0.8768   23.7995    9.6082  -22.6497
eta,q 0.97377  9.14583
  0.0266  0.0266  0.0264  0.0264  0.0266  0.0266  0.0266  0.0267  0.0265  0.0267  0.0263  0.0264
  0.0264  0.0264  0.0263  0.0263  0.0264  0.0265  0.0264  0.0264  0.0264  0.0264  0.0262  0.0263
  0.0263  0.0263  0.0263  0.0263  0.0263  0.0263  0.0263  0.0263  0.0263  0.0263  0.0262  0.0262
  0.0262  0.0263  0.0262  0.0262  0.0262  0.0262  0.0262  0.0262  0.0262  0.0262  0.0262  0.0262
  0.0263  0.0263  0.0263  0.0262  0.0263  0.0262  0.0263  0.0263  0.0263  0.0263  0.0262  0.0262
  0.0264  0.0264  0.0263  0.0263  0.0264  0.0263  0.0264  0.0265  0.0264  0.0264  0.0263  0.0263
  0.0266  0.0266  0.0264  0.0263  0.0266  0.0265  0.0265  0.0267  0.0265  0.0266  0.0263  0.0264
registration optimization eta report
parameter search radius
    0.8000    0.8000    0.8000    2.4000    2.4000    2.4000
    2.4000    2.4000    2.4000    2.4000    2.4000    2.4000
100000*second partial in parameter space
       56.       56.       26.        2.        6.        6.
        6.        8.        5.        7.        1.        2.
  0.0266  0.0266  0.0264  0.0264  0.0266  0.0266  0.0266  0.0267  0.0265  0.0267  0.0263  0.0264
  0.0264  0.0264  0.0263  0.0263  0.0264  0.0265  0.0264  0.0264  0.0264  0.0264  0.0262  0.0263
  0.0263  0.0263  0.0263  0.0263  0.0263  0.0263  0.0263  0.0263  0.0263  0.0263  0.0262  0.0262
  0.0262  0.0263  0.0262  0.0262  0.0262  0.0262  0.0262  0.0262  0.0262  0.0262  0.0262  0.0262
  0.0263  0.0263  0.0263  0.0262  0.0263  0.0262  0.0263  0.0263  0.0263  0.0263  0.0262  0.0262
  0.0264  0.0264  0.0263  0.0263  0.0264  0.0263  0.0264  0.0265  0.0264  0.0264  0.0263  0.0263
  0.0266  0.0266  0.0264  0.0263  0.0266  0.0265  0.0265  0.0267  0.0265  0.0266  0.0263  0.0264
   -2.2213  -11.2863   -4.2990   -6.7713  -20.3671   -7.8098
    4.4957   -4.5917   -0.8768   23.7995    9.6082  -22.6497
eta,q 0.97377  9.14583

---------------------------------------------------------------------
imgreg_4dfp /opt/freesurfer/average/711-2C_as_mni_average_305 /opt/freesurfer/average/711-2B_as_mni_average_305_mask talsrcimg_g11 none talsrcimg_to_711-2C_as_mni_average_305_t4 2311
---------------------------------------------------------------------

freesurfer imgreg_4dfp.c
/opt/freesurfer/average/711-2C_as_mni_average_305.4dfp.img
       256       256       256         1
  1.000000  1.000000  1.000000
orientation T byte_order littleendian
Reading image: /opt/freesurfer/average/711-2C_as_mni_average_305.4dfp.img
dimensions:      256       256       256
mmppix:       1.0000   -1.0000   -1.0000
center:     128.0000 -129.0000 -129.0000
/opt/freesurfer/average/711-2B_as_mni_average_305_mask.4dfp.img
       256       256       256         1
  1.000000  1.000000  1.000000
orientation T byte_order littleendian
Reading mask: /opt/freesurfer/average/711-2B_as_mni_average_305_mask.4dfp.img (2306576 pixels)
talsrcimg_g11.4dfp.img
       256       256       256         1
  1.000000  1.000000  1.000000
orientation T byte_order littleendian
Reading image: talsrcimg_g11.4dfp.img
dimensions:      256       256       256
mmppix:       1.0000   -1.0000   -1.0000
center:     128.0000 -129.0000 -129.0000
fimgreg.f
image alignment mode   2311 decimal      907 hex
parameters
   -2.2213  -11.2863   -4.2990   -6.7713  -20.3671   -7.8098
    4.4957   -4.5917   -0.8768   23.7995    9.6082  -22.6497
eta,q 0.97377  9.14583
niter,ni,del,rscale     5    3    5.0000    0.8000
parameters
   -2.2321  -11.2945   -4.2095   -6.9719  -20.5943   -8.4319
    4.4372   -4.5285   -0.9314   23.6015    9.5838  -22.3715
eta,q 0.97371  9.08635
  0.0276  0.0276  0.0270  0.0267  0.0273  0.0270  0.0275  0.0282  0.0274  0.0277  0.0265  0.0269
  0.0269  0.0269  0.0266  0.0264  0.0268  0.0267  0.0268  0.0271  0.0268  0.0269  0.0264  0.0265
  0.0264  0.0264  0.0263  0.0263  0.0264  0.0264  0.0264  0.0265  0.0264  0.0264  0.0263  0.0263
  0.0262  0.0262  0.0262  0.0262  0.0262  0.0262  0.0263  0.0263  0.0263  0.0263  0.0263  0.0263
  0.0264  0.0264  0.0263  0.0263  0.0264  0.0264  0.0264  0.0265  0.0264  0.0265  0.0263  0.0263
  0.0269  0.0269  0.0265  0.0264  0.0268  0.0269  0.0269  0.0271  0.0268  0.0271  0.0264  0.0265
  0.0277  0.0277  0.0268  0.0268  0.0276  0.0279  0.0275  0.0281  0.0274  0.0280  0.0265  0.0267
niter,ni,del,rscale     4    3    5.0000    0.7000
parameters
   -2.2255  -11.2654   -4.3061   -7.1548  -20.4979   -8.5286
    4.4077   -4.5552   -0.9377   23.5830    9.6697  -22.3821
eta,q 0.97370  9.07828
  0.0274  0.0274  0.0267  0.0266  0.0272  0.0269  0.0272  0.0277  0.0272  0.0275  0.0265  0.0267
  0.0268  0.0268  0.0264  0.0264  0.0268  0.0267  0.0267  0.0269  0.0267  0.0268  0.0264  0.0264
  0.0264  0.0264  0.0263  0.0263  0.0264  0.0265  0.0264  0.0264  0.0264  0.0264  0.0263  0.0263
  0.0263  0.0263  0.0263  0.0263  0.0263  0.0263  0.0263  0.0263  0.0263  0.0263  0.0263  0.0263
  0.0264  0.0264  0.0264  0.0263  0.0263  0.0263  0.0264  0.0265  0.0264  0.0264  0.0263  0.0263
  0.0268  0.0267  0.0265  0.0264  0.0266  0.0266  0.0267  0.0270  0.0267  0.0268  0.0264  0.0265
  0.0274  0.0273  0.0268  0.0267  0.0272  0.0272  0.0272  0.0277  0.0272  0.0275  0.0265  0.0267
niter,ni,del,rscale     3    3    5.0000    0.6000
parameters
   -2.2266  -11.2721   -4.3326   -7.1232  -20.4336   -8.3440
    4.4145   -4.5688   -0.9175   23.6522    9.7198  -22.4439
eta,q 0.97373  9.09428
  0.0271  0.0271  0.0266  0.0265  0.0270  0.0268  0.0270  0.0274  0.0269  0.0272  0.0264  0.0266
  0.0267  0.0266  0.0264  0.0264  0.0266  0.0266  0.0266  0.0267  0.0266  0.0267  0.0263  0.0264
  0.0264  0.0264  0.0263  0.0263  0.0264  0.0265  0.0264  0.0264  0.0263  0.0264  0.0263  0.0263
  0.0263  0.0263  0.0263  0.0263  0.0263  0.0263  0.0263  0.0263  0.0263  0.0263  0.0263  0.0263
  0.0264  0.0264  0.0263  0.0263  0.0263  0.0262  0.0264  0.0264  0.0263  0.0263  0.0263  0.0263
  0.0266  0.0267  0.0265  0.0264  0.0266  0.0264  0.0266  0.0268  0.0266  0.0266  0.0263  0.0264
  0.0271  0.0271  0.0266  0.0266  0.0270  0.0269  0.0270  0.0273  0.0269  0.0271  0.0264  0.0266
niter,ni,del,rscale     2    3    5.0000    0.5000
parameters
   -2.2231  -11.2822   -4.3242   -6.9872  -20.3868   -8.0711
    4.4341   -4.5784   -0.9003   23.7377    9.6989  -22.5671
eta,q 0.97376  9.11946
  0.0268  0.0268  0.0265  0.0265  0.0268  0.0267  0.0267  0.0270  0.0267  0.0269  0.0263  0.0264
  0.0265  0.0265  0.0264  0.0264  0.0265  0.0266  0.0265  0.0266  0.0264  0.0266  0.0263  0.0263
  0.0263  0.0263  0.0263  0.0263  0.0263  0.0264  0.0263  0.0263  0.0263  0.0263  0.0263  0.0263
  0.0263  0.0263  0.0263  0.0263  0.0263  0.0263  0.0262  0.0262  0.0262  0.0262  0.0262  0.0262
  0.0263  0.0263  0.0263  0.0263  0.0263  0.0262  0.0263  0.0263  0.0263  0.0263  0.0263  0.0263
  0.0265  0.0265  0.0264  0.0263  0.0265  0.0264  0.0265  0.0266  0.0264  0.0265  0.0263  0.0263
  0.0268  0.0268  0.0265  0.0264  0.0268  0.0267  0.0267  0.0270  0.0267  0.0269  0.0263  0.0265
niter,ni,del,rscale     1    3    5.0000    0.4000
parameters
   -2.2201  -11.2843   -4.2857   -6.7441  -20.3716   -7.7990
    4.4887   -4.5945   -0.8783   23.8011    9.6294  -22.6672
eta,q 0.97378  9.14772
  0.0266  0.0266  0.0264  0.0264  0.0266  0.0266  0.0266  0.0267  0.0265  0.0267  0.0263  0.0264
  0.0264  0.0264  0.0263  0.0263  0.0264  0.0265  0.0264  0.0264  0.0264  0.0264  0.0262  0.0263
  0.0263  0.0263  0.0263  0.0263  0.0263  0.0263  0.0263  0.0263  0.0263  0.0263  0.0262  0.0262
  0.0262  0.0262  0.0262  0.0262  0.0262  0.0262  0.0262  0.0262  0.0262  0.0262  0.0262  0.0262
  0.0263  0.0263  0.0263  0.0262  0.0263  0.0262  0.0263  0.0263  0.0263  0.0263  0.0262  0.0262
  0.0264  0.0264  0.0263  0.0263  0.0264  0.0263  0.0264  0.0265  0.0264  0.0264  0.0263  0.0263
  0.0266  0.0266  0.0264  0.0263  0.0266  0.0265  0.0265  0.0267  0.0265  0.0266  0.0263  0.0264
registration optimization eta report
parameter search radius
    0.8000    0.8000    0.8000    2.4000    2.4000    2.4000
    2.4000    2.4000    2.4000    2.4000    2.4000    2.4000
100000*second partial in parameter space
       56.       56.       25.        2.        6.        6.
        6.        8.        5.        7.        1.        2.
  0.0266  0.0266  0.0264  0.0264  0.0266  0.0266  0.0266  0.0267  0.0265  0.0267  0.0263  0.0264
  0.0264  0.0264  0.0263  0.0263  0.0264  0.0265  0.0264  0.0264  0.0264  0.0264  0.0262  0.0263
  0.0263  0.0263  0.0263  0.0263  0.0263  0.0263  0.0263  0.0263  0.0263  0.0263  0.0262  0.0262
  0.0262  0.0262  0.0262  0.0262  0.0262  0.0262  0.0262  0.0262  0.0262  0.0262  0.0262  0.0262
  0.0263  0.0263  0.0263  0.0262  0.0263  0.0262  0.0263  0.0263  0.0263  0.0263  0.0262  0.0262
  0.0264  0.0264  0.0263  0.0263  0.0264  0.0263  0.0264  0.0265  0.0264  0.0264  0.0263  0.0263
  0.0266  0.0266  0.0264  0.0263  0.0266  0.0265  0.0265  0.0267  0.0265  0.0266  0.0263  0.0264
   -2.2201  -11.2843   -4.2857   -6.7441  -20.3716   -7.7990
    4.4887   -4.5945   -0.8783   23.8011    9.6294  -22.6672
eta,q 0.97378  9.14772

---------------------------------------------------------------------
compute_vox2vox talsrcimg talsrcimg_to_711-2C_as_mni_average_305_t4 /opt/freesurfer/average/711-2C_as_mni_average_305
---------------------------------------------------------------------

freesurfer compute_vox2vox.c
Reading: talsrcimg.4dfp.ifh
Reading: talsrcimg_to_711-2C_as_mni_average_305_t4
Reading: /opt/freesurfer/average/711-2C_as_mni_average_305.4dfp.ifh
Writing: talsrcimg_to_711-2C_as_mni_average_305_t4_vox2vox.txt

start time Tue Mar 10 10:20:37 CET 2026
end		time Tue Mar 10 10:22:07 CET 2026

mpr2mni305 success

avi2talxfm orig_nu.mgz /opt/freesurfer/average/mni305.cor.mgz talsrcimg_to_711-2C_as_mni_average_305_t4_vox2vox.txt transforms/talairach.auto.xfm
avi2talxfm done
mv -f /out/sourcedata/freesurfer/sub-v2s0x29045_ses-1/mri/talsrcimg_to_711-2C_as_mni_average_305_t4_vox2vox.txt /out/sourcedata/freesurfer/sub-v2s0x29045_ses-1/mri/transforms/talsrcimg_to_711-2C_as_mni_average_305_t4_vox2vox.txt
lta_convert --src orig_nu.mgz --trg /opt/freesurfer/average/mni305.cor.mgz --inxfm transforms/talairach.auto.xfm --outlta transforms/talairach.auto.xfm.lta --subject fsaverage
7.3.2

--src: orig_nu.mgz src image (geometry).
--trg: /opt/freesurfer/average/mni305.cor.mgz trg image (geometry).
--inmni: transforms/talairach.auto.xfm input MNI/XFM transform.
--outlta: transforms/talairach.auto.xfm.lta output LTA.
--s: fsaverage subject name
 LTA read, type : 1
 1.06533   0.06389  -0.04186  -3.34360;
-0.10096   1.00429   0.29157  -37.91029;
 0.04193  -0.29948   1.16822  -58.88965;
 0.00000   0.00000   0.00000   1.00000;
setting subject to fsaverage
Writing  LTA to file transforms/talairach.auto.xfm.lta...
lta_convert successful.
 
 
Started at Tue Mar 10 10:20:37 CET 2026
Ended   at Tue Mar 10 10:22:08 CET 2026
talairach_avi done
