status file for recon-all
Tue Mar 10 11:57:59 CET 2026
#@# Tessellate lh Tue Mar 10 11:57:59 CET 2026
#@# Smooth1 lh Tue Mar 10 11:58:03 CET 2026
#@# Inflation1 lh Tue Mar 10 11:58:06 CET 2026
#@# QSphere lh Tue Mar 10 11:58:20 CET 2026
#@# Fix Topology lh Tue Mar 10 11:59:23 CET 2026
#@# Smooth2 lh Tue Mar 10 12:06:53 CET 2026
#@# Inflation2 lh Tue Mar 10 12:06:56 CET 2026
#@# Curv .H and .K lh Tue Mar 10 12:07:11 CET 2026
#@# Sphere lh Tue Mar 10 12:07:56 CET 2026
#@# Surf Reg lh Tue Mar 10 12:11:27 CET 2026
#@# Jacobian white lh Tue Mar 10 12:15:31 CET 2026
#@# AvgCurv lh Tue Mar 10 12:15:32 CET 2026
#@# Cortical Parc lh Tue Mar 10 12:15:33 CET 2026
#@# white curv lh Tue Mar 10 12:21:30 CET 2026
#@# white area lh Tue Mar 10 12:21:31 CET 2026
#@# pial curv lh Tue Mar 10 12:21:32 CET 2026
#@# pial area lh Tue Mar 10 12:21:34 CET 2026
#@# thickness lh Tue Mar 10 12:21:35 CET 2026
#@# area and vertex vol lh Tue Mar 10 12:22:03 CET 2026
#@# Curvature Stats lh Tue Mar 10 12:22:05 CET 2026
#@# Cortical Parc 2 lh Tue Mar 10 12:22:08 CET 2026
#@# Cortical Parc 3 lh Tue Mar 10 12:22:21 CET 2026
#@# WM/GM Contrast lh Tue Mar 10 12:22:32 CET 2026
recon-all -s sub-v2s0x29044_ses-1 finished without error at Tue Mar 10 12:22:36 CET 2026



#New# invocation of recon-all 



status file for recon-all
Tue Mar 10 13:09:51 CET 2026
#@# white curv lh Tue Mar 10 13:09:51 CET 2026
#@# white area lh Tue Mar 10 13:09:51 CET 2026
#@# pial curv lh Tue Mar 10 13:09:51 CET 2026
#@# pial area lh Tue Mar 10 13:09:52 CET 2026
#@# thickness lh Tue Mar 10 13:09:52 CET 2026
#@# area and vertex vol lh Tue Mar 10 13:09:52 CET 2026
#@# Parcellation Stats lh Tue Mar 10 13:09:52 CET 2026
#@# Parcellation Stats 2 lh Tue Mar 10 13:10:09 CET 2026
#@# Parcellation Stats 3 lh Tue Mar 10 13:10:17 CET 2026
#@# BA_exvivo Labels lh Tue Mar 10 13:10:26 CET 2026
recon-all -s sub-v2s0x29044_ses-1 finished without error at Tue Mar 10 13:12:58 CET 2026
