/out/sourcedata/freesurfer/sub-v2s0x29037_ses-1/mri
/opt/freesurfer/bin/talairach_avi
--i orig_nu.mgz --xfm transforms/talairach.auto.xfm
talairach_avi 7.3.2
Linux dna058 5.14.0-427.37.1.el9_4.x86_64 #1 SMP PREEMPT_DYNAMIC Fri Sep 13 12:41:50 EDT 2024 x86_64 x86_64 x86_64 GNU/Linux
Tue Mar 10 09:44:07 CET 2026
mri_convert orig_nu.mgz talsrcimg.img 
reading from orig_nu.mgz...
TR=0.00, TE=0.00, TI=0.00, flip angle=0.00
i_ras = (-1, 0, 0)
j_ras = (0, 0, -1)
k_ras = (0, 1, 0)
writing to talsrcimg.img...
Analyze Output Matrix
-1.00000   0.00000   0.00000   129.77406;
 0.00000   0.00000   1.00000  -98.10633;
 0.00000  -1.00000   0.00000   130.30167;
 0.00000   0.00000   0.00000   1.00000;
--------------------
INFO: set hdr.hist.orient to -1
mpr2mni305 talsrcimg
Tue Mar 10 09:44:07 CET 2026
/opt/freesurfer/bin/mpr2mni305 talsrcimg
mpr2mni305 7.3.2
target=711-2C_as_mni_average_305

---------------------------------------------------------------------
analyzeto4dfp talsrcimg -O0 -y
---------------------------------------------------------------------

freesurfer ifh2hdr.c
Tue Mar 10 09:44:08 2026
Writing: talsrcimg.4dfp.hdr
freesurfer analyzeto4dfp.c
Reading: talsrcimg.hdr
header size 348 bytes
hdr.dime.datatype	offset=70	value=2
hdr.dime.bitpix		offset=72	value=8
hdr.hist.orient		offset=252	value=-1
dimensionality     4
dimensions       256       256       256         1
Reading: talsrcimg.img
Writing: talsrcimg.4dfp.img
Writing: talsrcimg.4dfp.ifh
ifh2hdr talsrcimg -r0to250
ori=2

---------------------------------------------------------------------
gauss_4dfp talsrcimg 1.1
---------------------------------------------------------------------

freesurfer gauss_4dfp.c
Reading: talsrcimg.4dfp.img
Writing: talsrcimg_g11.4dfp.img
image dimensions 256 256 256 padded to 288 288 288
processing volume 1freesurfer ifh2hdr.c
Tue Mar 10 09:44:09 2026
Writing: talsrcimg_g11.4dfp.hdr

Writing: talsrcimg_g11.4dfp.ifh
including: talsrcimg.4dfp.img.rec in talsrcimg_g11.4dfp.img.rec

---------------------------------------------------------------------
imgreg_4dfp /opt/freesurfer/average/711-2C_as_mni_average_305 none talsrcimg_g11 none talsrcimg_to_711-2C_as_mni_average_305_t4 4355
---------------------------------------------------------------------

freesurfer imgreg_4dfp.c
/opt/freesurfer/average/711-2C_as_mni_average_305.4dfp.img
       256       256       256         1
  1.000000  1.000000  1.000000
orientation T byte_order littleendian
Reading image: /opt/freesurfer/average/711-2C_as_mni_average_305.4dfp.img
dimensions:      256       256       256
mmppix:       1.0000   -1.0000   -1.0000
center:     128.0000 -129.0000 -129.0000
talsrcimg_g11.4dfp.img
       256       256       256         1
  1.000000  1.000000  1.000000
orientation T byte_order littleendian
Reading image: talsrcimg_g11.4dfp.img
dimensions:      256       256       256
mmppix:       1.0000   -1.0000   -1.0000
center:     128.0000 -129.0000 -129.0000
t4_read: open error in t4_sub.f l:  41 t4_file(1:l)talsrcimg_to_711-2C_as_mni_average_305_t4 
t4_read: transform initialized to I4
rotation matrix determinant  1.000000
image alignment mode   4355 decimal     1103 hex
   -7.5000  -45.0000  -45.0000 5297.5063   13.0255
    0.0000  -45.0000  -45.0000 5538.4082   13.0034
    7.5000  -45.0000  -45.0000 5276.5024   13.0000
   -7.5000  -37.5000  -45.0000 5860.7139   12.5572
    0.0000  -37.5000  -45.0000 6150.8726   12.5342
    7.5000  -37.5000  -45.0000 5858.5430   12.5318
   -7.5000  -30.0000  -45.0000 6681.4009   12.2158
    0.0000  -30.0000  -45.0000 7023.9619   12.1890
    7.5000  -30.0000  -45.0000 6698.7749   12.1885
   -7.5000  -22.5000  -45.0000 7567.3677   12.0161
    0.0000  -22.5000  -45.0000 7965.4854   11.9885
    7.5000  -22.5000  -45.0000 7593.9434   11.9873
   -7.5000  -15.0000  -45.0000 8463.4590   11.8954
    0.0000  -15.0000  -45.0000 8894.0576   11.8703
    7.5000  -15.0000  -45.0000 8484.5908   11.8689
   -7.5000   -7.5000  -45.0000 9395.9883   11.8776
    0.0000   -7.5000  -45.0000 9871.8359   11.8553
    7.5000   -7.5000  -45.0000 9419.2344   11.8541
   -7.5000    0.0000  -45.000010349.2178   11.8898
    0.0000    0.0000  -45.000010860.0088   11.8688
    7.5000    0.0000  -45.000010379.6338   11.8682
   -7.5000    7.5000  -45.000010431.4482   11.8782
    0.0000    7.5000  -45.000010975.8857   11.8556
    7.5000    7.5000  -45.000010460.0273   11.8551
   -7.5000   15.0000  -45.000010358.1035   11.8595
    0.0000   15.0000  -45.000010918.5068   11.8339
    7.5000   15.0000  -45.000010387.3564   11.8331
   -7.5000   22.5000  -45.000010192.6973   11.8489
    0.0000   22.5000  -45.000010723.8721   11.8222
    7.5000   22.5000  -45.000010222.6826   11.8210
   -7.5000   30.0000  -45.000010037.2490   11.6990
    0.0000   30.0000  -45.000010564.8555   11.6743
    7.5000   30.0000  -45.000010068.4180   11.6730
   -7.5000   37.5000  -45.000010192.4092   11.7193
    0.0000   37.5000  -45.000010741.2422   11.6973
    7.5000   37.5000  -45.000010238.5889   11.6961
   -7.5000   45.0000  -45.0000 9960.2246   11.4335
    0.0000   45.0000  -45.000010502.4424   11.4132
    7.5000   45.0000  -45.000010016.8369   11.4127
   -7.5000  -45.0000  -37.5000 5635.5703   12.9175
    0.0000  -45.0000  -37.5000 5921.0166   12.8936
    7.5000  -45.0000  -37.5000 5636.7412   12.8867
   -7.5000  -37.5000  -37.5000 6229.2324   12.4543
    0.0000  -37.5000  -37.5000 6557.4746   12.4311
    7.5000  -37.5000  -37.5000 6246.6045   12.4252
   -7.5000  -30.0000  -37.5000 7098.3022   12.1190
    0.0000  -30.0000  -37.5000 7462.3218   12.0927
    7.5000  -30.0000  -37.5000 7130.8516   12.0900
   -7.5000  -22.5000  -37.5000 8043.5098   11.9209
    0.0000  -22.5000  -37.5000 8456.1943   11.8922
    7.5000  -22.5000  -37.5000 8079.5732   11.8893
   -7.5000  -15.0000  -37.5000 9028.8896   11.8005
    0.0000  -15.0000  -37.5000 9479.2549   11.7728
    7.5000  -15.0000  -37.5000 9051.0186   11.7700
   -7.5000   -7.5000  -37.500010037.6377   11.7838
    0.0000   -7.5000  -37.500010544.4033   11.7593
    7.5000   -7.5000  -37.500010076.7275   11.7563
   -7.5000    0.0000  -37.500011056.9502   11.7985
    0.0000    0.0000  -37.500011611.9355   11.7768
    7.5000    0.0000  -37.500011094.7275   11.7738
   -7.5000    7.5000  -37.500011151.2158   11.7885
    0.0000    7.5000  -37.500011726.9111   11.7665
    7.5000    7.5000  -37.500011178.4365   11.7635
   -7.5000   15.0000  -37.500011059.4600   11.7689
    0.0000   15.0000  -37.500011640.6982   11.7439
    7.5000   15.0000  -37.500011093.3428   11.7409
   -7.5000   22.5000  -37.500010853.4473   11.7562
    0.0000   22.5000  -37.500011424.5205   11.7283
    7.5000   22.5000  -37.500010889.2207   11.7255
   -7.5000   30.0000  -37.500010651.5840   11.6060
    0.0000   30.0000  -37.500011217.3184   11.5787
    7.5000   30.0000  -37.500010703.0127   11.5760
   -7.5000   37.5000  -37.500010781.4902   11.6268
    0.0000   37.5000  -37.500011392.7051   11.6025
    7.5000   37.5000  -37.500010844.3340   11.5997
   -7.5000   45.0000  -37.500010532.6982   11.3457
    0.0000   45.0000  -37.500011147.4287   11.3248
    7.5000   45.0000  -37.500010609.0527   11.3219
   -7.5000  -45.0000  -30.0000 6073.9878   13.4072
    0.0000  -45.0000  -30.0000 6396.7124   13.3817
    7.5000  -45.0000  -30.0000 6078.1694   13.3734
   -7.5000  -37.5000  -30.0000 6707.3086   12.9283
    0.0000  -37.5000  -30.0000 7052.9189   12.9048
    7.5000  -37.5000  -30.0000 6732.4019   12.8979
   -7.5000  -30.0000  -30.0000 7664.1948   12.5851
    0.0000  -30.0000  -30.0000 8044.9849   12.5609
    7.5000  -30.0000  -30.0000 7687.3281   12.5590
   -7.5000  -22.5000  -30.0000 8695.6162   12.3808
    0.0000  -22.5000  -30.0000 9124.4443   12.3544
    7.5000  -22.5000  -30.0000 8727.8516   12.3530
   -7.5000  -15.0000  -30.0000 9781.6338   12.2543
    0.0000  -15.0000  -30.000010269.6143   12.2276
    7.5000  -15.0000  -30.0000 9799.9453   12.2261
   -7.5000   -7.5000  -30.000010883.7412   12.2351
    0.0000   -7.5000  -30.000011439.6729   12.2099
    7.5000   -7.5000  -30.000010912.0107   12.2072
   -7.5000    0.0000  -30.000011970.6201   12.2503
    0.0000    0.0000  -30.000012573.9307   12.2275
    7.5000    0.0000  -30.000011994.0977   12.2237
   -7.5000    7.5000  -30.000012070.1758   12.2423
    0.0000    7.5000  -30.000012671.5654   12.2207
    7.5000    7.5000  -30.000012094.4600   12.2172
   -7.5000   15.0000  -30.000011968.5928   12.2239
    0.0000   15.0000  -30.000012590.8311   12.2011
    7.5000   15.0000  -30.000012009.1934   12.1989
   -7.5000   22.5000  -30.000011743.3359   12.2092
    0.0000   22.5000  -30.000012360.0996   12.1836
    7.5000   22.5000  -30.000011790.5596   12.1822
   -7.5000   30.0000  -30.000011486.5371   12.0536
    0.0000   30.0000  -30.000012088.5137   12.0273
    7.5000   30.0000  -30.000011548.6328   12.0257
   -7.5000   37.5000  -30.000011597.5869   12.0732
    0.0000   37.5000  -30.000012232.4248   12.0483
    7.5000   37.5000  -30.000011660.0342   12.0457
   -7.5000   45.0000  -30.000011321.0986   11.7888
    0.0000   45.0000  -30.000011947.8232   11.7668
    7.5000   45.0000  -30.000011388.3369   11.7632
   -7.5000  -45.0000  -22.5000 6499.9907   13.8522
    0.0000  -45.0000  -22.5000 6837.0356   13.8280
    7.5000  -45.0000  -22.5000 6506.0454   13.8226
   -7.5000  -37.5000  -22.5000 7202.0063   13.3632
    0.0000  -37.5000  -22.5000 7563.5010   13.3410
    7.5000  -37.5000  -22.5000 7216.4863   13.3372
   -7.5000  -30.0000  -22.5000 8250.5215   13.0129
    0.0000  -30.0000  -22.5000 8661.3184   12.9922
    7.5000  -30.0000  -22.5000 8269.3193   12.9941
   -7.5000  -22.5000  -22.5000 9390.7373   12.8036
    0.0000  -22.5000  -22.5000 9846.6172   12.7823
    7.5000  -22.5000  -22.5000 9414.8955   12.7851
   -7.5000  -15.0000  -22.500010573.5625   12.6711
    0.0000  -15.0000  -22.500011100.2881   12.6491
    7.5000  -15.0000  -22.500010601.1318   12.6514
   -7.5000   -7.5000  -22.500011752.6631   12.6465
    0.0000   -7.5000  -22.500012332.7158   12.6238
    7.5000   -7.5000  -22.500011785.8682   12.6241
   -7.5000    0.0000  -22.500012889.8770   12.6601
    0.0000    0.0000  -22.500013522.4922   12.6376
    7.5000    0.0000  -22.500012921.9414   12.6360
   -7.5000    7.5000  -22.500012990.3789   12.6545
    0.0000    7.5000  -22.500013619.4229   12.6339
    7.5000    7.5000  -22.500013024.2979   12.6328
   -7.5000   15.0000  -22.500012907.5781   12.6400
    0.0000   15.0000  -22.500013552.2412   12.6204
    7.5000   15.0000  -22.500012949.5898   12.6218
   -7.5000   22.5000  -22.500012666.1045   12.6256
    0.0000   22.5000  -22.500013326.7061   12.6051
    7.5000   22.5000  -22.500012718.2373   12.6078
   -7.5000   30.0000  -22.500012342.2520   12.4653
    0.0000   30.0000  -22.500012998.0303   12.4437
    7.5000   30.0000  -22.500012404.4678   12.4459
   -7.5000   37.5000  -22.500012430.8555   12.4811
    0.0000   37.5000  -22.500013119.7158   12.4587
    7.5000   37.5000  -22.500012508.4551   12.4589
   -7.5000   45.0000  -22.500012140.6377   12.1923
    0.0000   45.0000  -22.500012788.1279   12.1707
    7.5000   45.0000  -22.500012199.2969   12.1691
   -7.5000  -45.0000  -15.0000 6945.4268   14.1784
    0.0000  -45.0000  -15.0000 7279.2114   14.1561
    7.5000  -45.0000  -15.0000 6935.7544   14.1543
   -7.5000  -37.5000  -15.0000 7720.9653   13.6834
    0.0000  -37.5000  -15.0000 8080.3682   13.6617
    7.5000  -37.5000  -15.0000 7725.6069   13.6613
   -7.5000  -30.0000  -15.0000 8865.0850   13.3247
    0.0000  -30.0000  -15.0000 9299.7236   13.3043
    7.5000  -30.0000  -15.0000 8901.9834   13.3085
   -7.5000  -22.5000  -15.000010109.9854   13.1106
    0.0000  -22.5000  -15.000010608.9688   13.0909
    7.5000  -22.5000  -15.000010150.7939   13.0957
   -7.5000  -15.0000  -15.000011384.0908   12.9744
    0.0000  -15.0000  -15.000011948.2246   12.9552
    7.5000  -15.0000  -15.000011436.1836   12.9594
   -7.5000   -7.5000  -15.000012632.2236   12.9478
    0.0000   -7.5000  -15.000013234.3145   12.9272
    7.5000   -7.5000  -15.000012679.4072   12.9294
   -7.5000    0.0000  -15.000013800.0049   12.9603
    0.0000    0.0000  -15.000014476.2432   12.9385
    7.5000    0.0000  -15.000013853.8525   12.9393
   -7.5000    7.5000  -15.000013889.1113   12.9552
    0.0000    7.5000  -15.000014576.1572   12.9343
    7.5000    7.5000  -15.000013956.5723   12.9358
   -7.5000   15.0000  -15.000013814.4004   12.9423
    0.0000   15.0000  -15.000014511.0020   12.9228
    7.5000   15.0000  -15.000013880.9033   12.9263
   -7.5000   22.5000  -15.000013584.3252   12.9279
    0.0000   22.5000  -15.000014303.5840   12.9090
    7.5000   22.5000  -15.000013639.8633   12.9138
   -7.5000   30.0000  -15.000013238.0957   12.7655
    0.0000   30.0000  -15.000013974.2080   12.7466
    7.5000   30.0000  -15.000013313.2773   12.7507
   -7.5000   37.5000  -15.000013342.2705   12.7802
    0.0000   37.5000  -15.000014087.3887   12.7599
    7.5000   37.5000  -15.000013416.2988   12.7620
   -7.5000   45.0000  -15.000012979.8340   12.4890
    0.0000   45.0000  -15.000013687.8271   12.4680
    7.5000   45.0000  -15.000013055.0732   12.4687
   -7.5000  -45.0000   -7.5000 7401.4668   14.3246
    0.0000  -45.0000   -7.5000 7767.1606   14.3026
    7.5000  -45.0000   -7.5000 7387.7627   14.3013
   -7.5000  -37.5000   -7.5000 8234.5244   13.8249
    0.0000  -37.5000   -7.5000 8638.0068   13.8020
    7.5000  -37.5000   -7.5000 8244.7920   13.8018
   -7.5000  -30.0000   -7.5000 9491.3604   13.4584
    0.0000  -30.0000   -7.5000 9950.5918   13.4338
    7.5000  -30.0000   -7.5000 9526.6191   13.4364
   -7.5000  -22.5000   -7.500010865.0537   13.2404
    0.0000  -22.5000   -7.500011389.7881   13.2163
    7.5000  -22.5000   -7.500010907.5908   13.2187
   -7.5000  -15.0000   -7.500012217.2783   13.1046
    0.0000  -15.0000   -7.500012793.9678   13.0826
    7.5000  -15.0000   -7.500012254.4277   13.0846
   -7.5000   -7.5000   -7.500013515.0586   13.0811
    0.0000   -7.5000   -7.500014134.1201   13.0597
    7.5000   -7.5000   -7.500013555.2197   13.0609
   -7.5000    0.0000   -7.500014748.1953   13.0950
    0.0000    0.0000   -7.500015454.5527   13.0732
    7.5000    0.0000   -7.500014809.1982   13.0741
   -7.5000    7.5000   -7.500014871.1631   13.0876
    0.0000    7.5000   -7.500015617.6826   13.0650
    7.5000    7.5000   -7.500014950.9844   13.0663
   -7.5000   15.0000   -7.500014798.0479   13.0715
    0.0000   15.0000   -7.500015566.7373   13.0481
    7.5000   15.0000   -7.500014876.8379   13.0501
   -7.5000   22.5000   -7.500014554.0820   13.0546
    0.0000   22.5000   -7.500015386.1855   13.0313
    7.5000   22.5000   -7.500014662.3066   13.0338
   -7.5000   30.0000   -7.500014184.6055   12.8934
    0.0000   30.0000   -7.500015034.0312   12.8717
    7.5000   30.0000   -7.500014330.3184   12.8737
   -7.5000   37.5000   -7.500014304.2090   12.9115
    0.0000   37.5000   -7.500015104.3887   12.8904
    7.5000   37.5000   -7.500014407.4072   12.8915
   -7.5000   45.0000   -7.500013869.3105   12.6211
    0.0000   45.0000   -7.500014656.1035   12.6001
    7.5000   45.0000   -7.500013979.5088   12.6010
   -7.5000  -45.0000    0.0000 7790.4409   14.3406
    0.0000  -45.0000    0.0000 8184.1890   14.3171
    7.5000  -45.0000    0.0000 7770.9634   14.3132
   -7.5000  -37.5000    0.0000 8702.7217   13.8361
    0.0000  -37.5000    0.0000 9131.3311   13.8117
    7.5000  -37.5000    0.0000 8714.1748   13.8088
   -7.5000  -30.0000    0.000010084.0703   13.4658
    0.0000  -30.0000    0.000010575.0342   13.4372
    7.5000  -30.0000    0.000010109.5029   13.4366
   -7.5000  -22.5000    0.000011552.8740   13.2463
    0.0000  -22.5000    0.000012115.4180   13.2164
    7.5000  -22.5000    0.000011585.8564   13.2151
   -7.5000  -15.0000    0.000012946.3613   13.1122
    0.0000  -15.0000    0.000013565.7520   13.0848
    7.5000  -15.0000    0.000012986.7822   13.0835
   -7.5000   -7.5000    0.000014284.2090   13.0928
    0.0000   -7.5000    0.000014969.7354   13.0686
    7.5000   -7.5000    0.000014347.1611   13.0672
   -7.5000    0.0000    0.000015608.5527   13.1087
    0.0000    0.0000    0.000016408.8008   13.0862
    7.5000    0.0000    0.000015696.3936   13.0853
   -7.5000    7.5000    0.000015768.5039   13.0988
    0.0000    7.5000    0.000016590.0312   13.0748
    7.5000    7.5000    0.000015842.7930   13.0741
   -7.5000   15.0000    0.000015690.1289   13.0788
    0.0000   15.0000    0.000016555.9922   13.0514
    7.5000   15.0000    0.000015804.8691   13.0504
   -7.5000   22.5000    0.000015460.5459   13.0605
    0.0000   22.5000    0.000016457.9883   13.0315
    7.5000   22.5000    0.000015682.3672   13.0303
   -7.5000   30.0000    0.000015108.0957   12.9014
    0.0000   30.0000    0.000016146.3408   12.8744
    7.5000   30.0000    0.000015358.2051   12.8731
   -7.5000   37.5000    0.000015221.1270   12.9233
    0.0000   37.5000    0.000016201.9053   12.8994
    7.5000   37.5000    0.000015399.7178   12.8981
   -7.5000   45.0000    0.000014765.5391   12.6352
    0.0000   45.0000    0.000015674.8057   12.6136
    7.5000   45.0000    0.000014893.4023   12.6127
   -7.5000  -45.0000    7.5000 7538.7676   14.3502
    0.0000  -45.0000    7.5000 7941.1802   14.3240
    7.5000  -45.0000    7.5000 7519.2769   14.3163
   -7.5000  -37.5000    7.5000 8465.2031   13.8403
    0.0000  -37.5000    7.5000 8896.2881   13.8149
    7.5000  -37.5000    7.5000 8462.9990   13.8084
   -7.5000  -30.0000    7.5000 9866.9561   13.4704
    0.0000  -30.0000    7.500010370.1113   13.4414
    7.5000  -30.0000    7.5000 9887.2988   13.4385
   -7.5000  -22.5000    7.500011307.9062   13.2507
    0.0000  -22.5000    7.500011894.8760   13.2189
    7.5000  -22.5000    7.500011345.6611   13.2158
   -7.5000  -15.0000    7.500012672.9531   13.1166
    0.0000  -15.0000    7.500013309.6416   13.0860
    7.5000  -15.0000    7.500012708.3037   13.0828
   -7.5000   -7.5000    7.500013981.3691   13.0982
    0.0000   -7.5000    7.500014718.6191   13.0711
    7.5000   -7.5000    7.500014056.2939   13.0678
   -7.5000    0.0000    7.500015259.4775   13.1153
    0.0000    0.0000    7.500016075.9619   13.0915
    7.5000    0.0000    7.500015367.6982   13.0881
   -7.5000    7.5000    7.500015395.0391   13.1053
    0.0000    7.5000    7.500016258.1328   13.0811
    7.5000    7.5000    7.500015499.0703   13.0778
   -7.5000   15.0000    7.500015363.2832   13.0838
    0.0000   15.0000    7.500016370.4531   13.0562
    7.5000   15.0000    7.500015545.5957   13.0530
   -7.5000   22.5000    7.500015268.8848   13.0645
    0.0000   22.5000    7.500016532.5742   13.0338
    7.5000   22.5000    7.500015630.5908   13.0307
   -7.5000   30.0000    7.500015026.2275   12.9057
    0.0000   30.0000    7.500016393.7031   12.8755
    7.5000   30.0000    7.500015410.8896   12.8724
   -7.5000   37.5000    7.500015106.5791   12.9286
    0.0000   37.5000    7.500016339.4551   12.9019
    7.5000   37.5000    7.500015350.6260   12.8987
   -7.5000   45.0000    7.500014552.9365   12.6417
    0.0000   45.0000    7.500015584.2529   12.6186
    7.5000   45.0000    7.500014663.2812   12.6154
   -7.5000  -45.0000   15.0000 7205.5532   14.3699
    0.0000  -45.0000   15.0000 7588.4487   14.3426
    7.5000  -45.0000   15.0000 7179.1621   14.3337
   -7.5000  -37.5000   15.0000 8146.4766   13.8579
    0.0000  -37.5000   15.0000 8568.1797   13.8329
    7.5000  -37.5000   15.0000 8130.0513   13.8256
   -7.5000  -30.0000   15.0000 9539.7979   13.4910
    0.0000  -30.0000   15.000010048.8643   13.4652
    7.5000  -30.0000   15.0000 9548.5996   13.4633
   -7.5000  -22.5000   15.000010922.1914   13.2722
    0.0000  -22.5000   15.000011507.5723   13.2440
    7.5000  -22.5000   15.000010952.2588   13.2426
   -7.5000  -15.0000   15.000012217.1299   13.1364
    0.0000  -15.0000   15.000012855.6553   13.1079
    7.5000  -15.0000   15.000012262.1406   13.1062
   -7.5000   -7.5000   15.000013499.5947   13.1156
    0.0000   -7.5000   15.000014249.8877   13.0886
    7.5000   -7.5000   15.000013574.5586   13.0858
   -7.5000    0.0000   15.000014711.4971   13.1321
    0.0000    0.0000   15.000015589.9219   13.1076
    7.5000    0.0000   15.000014834.4453   13.1036
   -7.5000    7.5000   15.000014845.9639   13.1239
    0.0000    7.5000   15.000015815.4082   13.1009
    7.5000    7.5000   15.000014973.5098   13.0971
   -7.5000   15.0000   15.000014849.3896   13.1045
    0.0000   15.0000   15.000016020.8086   13.0801
    7.5000   15.0000   15.000015085.9775   13.0778
   -7.5000   22.5000   15.000014802.1553   13.0856
    0.0000   22.5000   15.000016207.9834   13.0583
    7.5000   22.5000   15.000015199.4180   13.0569
   -7.5000   30.0000   15.000014608.7998   12.9251
    0.0000   30.0000   15.000016118.1670   12.8970
    7.5000   30.0000   15.000014992.3184   12.8953
   -7.5000   37.5000   15.000014680.7324   12.9458
    0.0000   37.5000   15.000016020.0361   12.9192
    7.5000   37.5000   15.000014948.4795   12.9165
   -7.5000   45.0000   15.000014093.4053   12.6578
    0.0000   45.0000   15.000015145.3057   12.6343
    7.5000   45.0000   15.000014250.9102   12.6304
   -7.5000  -45.0000   22.5000 6791.7031   14.3797
    0.0000  -45.0000   22.5000 7155.6250   14.3546
    7.5000  -45.0000   22.5000 6770.1836   14.3490
   -7.5000  -37.5000   22.5000 7700.3955   13.8721
    0.0000  -37.5000   22.5000 8129.1772   13.8490
    7.5000  -37.5000   22.5000 7696.2549   13.8451
   -7.5000  -30.0000   22.5000 9019.5859   13.5084
    0.0000  -30.0000   22.5000 9547.6699   13.4869
    7.5000  -30.0000   22.5000 9061.8584   13.4889
   -7.5000  -22.5000   22.500010353.2568   13.2912
    0.0000  -22.5000   22.500010951.2441   13.2690
    7.5000  -22.5000   22.500010408.0264   13.2719
   -7.5000  -15.0000   22.500011646.4111   13.1536
    0.0000  -15.0000   22.500012288.8584   13.1308
    7.5000  -15.0000   22.500011679.8154   13.1332
   -7.5000   -7.5000   22.500012917.6514   13.1281
    0.0000   -7.5000   22.500013653.5156   13.1046
    7.5000   -7.5000   22.500012971.0234   13.1048
   -7.5000    0.0000   22.500014125.1279   13.1422
    0.0000    0.0000   22.500014926.0947   13.1189
    7.5000    0.0000   22.500014190.3320   13.1172
   -7.5000    7.5000   22.500014242.7773   13.1364
    0.0000    7.5000   22.500015090.6445   13.1150
    7.5000    7.5000   22.500014326.2275   13.1139
   -7.5000   15.0000   22.500014247.3389   13.1214
    0.0000   15.0000   22.500015178.0400   13.1010
    7.5000   15.0000   22.500014444.8848   13.1025
   -7.5000   22.5000   22.500014149.3848   13.1044
    0.0000   22.5000   22.500015133.0859   13.0831
    7.5000   22.5000   22.500014398.6729   13.0860
   -7.5000   30.0000   22.500013879.3496   12.9418
    0.0000   30.0000   22.500014823.5166   12.9194
    7.5000   30.0000   22.500014032.1807   12.9217
   -7.5000   37.5000   22.500013956.0820   12.9582
    0.0000   37.5000   22.500014899.0879   12.9350
    7.5000   37.5000   22.500014057.8828   12.9352
   -7.5000   45.0000   22.500013450.0547   12.6675
    0.0000   45.0000   22.500014297.3066   12.6451
    7.5000   45.0000   22.500013551.6777   12.6435
   -7.5000  -45.0000   30.0000 6303.7935   14.4105
    0.0000  -45.0000   30.0000 6637.5137   14.3878
    7.5000  -45.0000   30.0000 6285.9419   14.3859
   -7.5000  -37.5000   30.0000 7161.4028   13.9062
    0.0000  -37.5000   30.0000 7551.9819   13.8840
    7.5000  -37.5000   30.0000 7162.6602   13.8836
   -7.5000  -30.0000   30.0000 8402.8311   13.5408
    0.0000  -30.0000   30.0000 8862.1943   13.5199
    7.5000  -30.0000   30.0000 8432.0596   13.5242
   -7.5000  -22.5000   30.0000 9694.1318   13.3227
    0.0000  -22.5000   30.000010218.2383   13.3026
    7.5000  -22.5000   30.0000 9722.7021   13.3075
   -7.5000  -15.0000   30.000010921.0996   13.1840
    0.0000  -15.0000   30.000011491.9404   13.1644
    7.5000  -15.0000   30.000010940.8662   13.1686
   -7.5000   -7.5000   30.000012085.3584   13.1568
    0.0000   -7.5000   30.000012726.5195   13.1358
    7.5000   -7.5000   30.000012135.2490   13.1380
   -7.5000    0.0000   30.000013191.4062   13.1696
    0.0000    0.0000   30.000013869.7568   13.1474
    7.5000    0.0000   30.000013253.0791   13.1481
   -7.5000    7.5000   30.000013295.6865   13.1644
    0.0000    7.5000   30.000013992.9033   13.1431
    7.5000    7.5000   30.000013399.1582   13.1445
   -7.5000   15.0000   30.000013290.8369   13.1512
    0.0000   15.0000   30.000014011.6787   13.1314
    7.5000   15.0000   30.000013479.2637   13.1350
   -7.5000   22.5000   30.000013147.9492   13.1352
    0.0000   22.5000   30.000013826.5977   13.1160
    7.5000   22.5000   30.000013302.3447   13.1208
   -7.5000   30.0000   30.000012868.6465   12.9716
    0.0000   30.0000   30.000013475.1758   12.9523
    7.5000   30.0000   30.000012924.7617   12.9565
   -7.5000   37.5000   30.000012989.3672   12.9865
    0.0000   37.5000   30.000013628.9434   12.9658
    7.5000   37.5000   30.000013022.1826   12.9680
   -7.5000   45.0000   30.000012587.7188   12.6940
    0.0000   45.0000   30.000013220.7588   12.6725
    7.5000   45.0000   30.000012632.1064   12.6733
   -7.5000  -45.0000   37.5000 6072.9106   14.5548
    0.0000  -45.0000   37.5000 6393.5176   14.5324
    7.5000  -45.0000   37.5000 6068.4238   14.5309
   -7.5000  -37.5000   37.5000 6885.7490   14.0401
    0.0000  -37.5000   37.5000 7254.7603   14.0168
    7.5000  -37.5000   37.5000 6897.4351   14.0164
   -7.5000  -30.0000   37.5000 8066.5581   13.6630
    0.0000  -30.0000   37.5000 8499.0869   13.6380
    7.5000  -30.0000   37.5000 8094.7437   13.6404
   -7.5000  -22.5000   37.5000 9299.0938   13.4389
    0.0000  -22.5000   37.5000 9784.5371   13.4143
    7.5000  -22.5000   37.5000 9336.3799   13.4166
   -7.5000  -15.0000   37.500010476.7559   13.2993
    0.0000  -15.0000   37.500011005.7148   13.2770
    7.5000  -15.0000   37.500010521.4688   13.2789
   -7.5000   -7.5000   37.500011616.1553   13.2752
    0.0000   -7.5000   37.500012186.8525   13.2535
    7.5000   -7.5000   37.500011683.8711   13.2545
   -7.5000    0.0000   37.500012679.1328   13.2895
    0.0000    0.0000   37.500013319.1592   13.2673
    7.5000    0.0000   37.500012787.5117   13.2681
   -7.5000    7.5000   37.500012812.3877   13.2817
    0.0000    7.5000   37.500013448.4395   13.2587
    7.5000    7.5000   37.500012952.6807   13.2599
   -7.5000   15.0000   37.500012808.6250   13.2652
    0.0000   15.0000   37.500013442.0381   13.2413
    7.5000   15.0000   37.500012964.1270   13.2432
   -7.5000   22.5000   37.500012622.5605   13.2480
    0.0000   22.5000   37.500013194.7461   13.2243
    7.5000   22.5000   37.500012710.2480   13.2267
   -7.5000   30.0000   37.500012323.8145   13.0848
    0.0000   30.0000   37.500012854.8789   13.0628
    7.5000   30.0000   37.500012355.0723   13.0647
   -7.5000   37.5000   37.500012473.8184   13.1034
    0.0000   37.5000   37.500013060.1182   13.0819
    7.5000   37.5000   37.500012516.6416   13.0830
   -7.5000   45.0000   37.500012137.0889   12.8095
    0.0000   45.0000   37.500012700.3701   12.7881
    7.5000   45.0000   37.500012173.7393   12.7889
   -7.5000  -45.0000   45.0000 5612.2202   14.7374
    0.0000  -45.0000   45.0000 5909.5234   14.7129
    7.5000  -45.0000   45.0000 5620.1821   14.7089
   -7.5000  -37.5000   45.0000 6342.6025   14.2022
    0.0000  -37.5000   45.0000 6678.8042   14.1764
    7.5000  -37.5000   45.0000 6360.7959   14.1737
   -7.5000  -30.0000   45.0000 7402.4526   13.8127
    0.0000  -30.0000   45.0000 7787.3340   13.7824
    7.5000  -30.0000   45.0000 7441.0386   13.7821
   -7.5000  -22.5000   45.0000 8524.3682   13.5830
    0.0000  -22.5000   45.0000 8959.3066   13.5515
    7.5000  -22.5000   45.0000 8583.8428   13.5503
   -7.5000  -15.0000   45.0000 9609.3525   13.4414
    0.0000  -15.0000   45.000010091.2617   13.4130
    7.5000  -15.0000   45.0000 9682.8516   13.4115
   -7.5000   -7.5000   45.000010669.3643   13.4180
    0.0000   -7.5000   45.000011211.4795   13.3930
    7.5000   -7.5000   45.000010764.9619   13.3915
   -7.5000    0.0000   45.000011681.1875   13.4317
    0.0000    0.0000   45.000012249.8613   13.4083
    7.5000    0.0000   45.000011782.5654   13.4075
   -7.5000    7.5000   45.000011794.3105   13.4216
    0.0000    7.5000   45.000012382.1846   13.3963
    7.5000    7.5000   45.000011917.6963   13.3958
   -7.5000   15.0000   45.000011774.7422   13.4032
    0.0000   15.0000   45.000012348.5547   13.3742
    7.5000   15.0000   45.000011884.3262   13.3735
   -7.5000   22.5000   45.000011589.3770   13.3864
    0.0000   22.5000   45.000012100.7666   13.3560
    7.5000   22.5000   45.000011631.3975   13.3550
   -7.5000   30.0000   45.000011313.2012   13.2228
    0.0000   30.0000   45.000011779.6318   13.1948
    7.5000   30.0000   45.000011332.0713   13.1934
   -7.5000   37.5000   45.000011458.0918   13.2431
    0.0000   37.5000   45.000011977.6133   13.2185
    7.5000   37.5000   45.000011499.4199   13.2170
   -7.5000   45.0000   45.000011162.7158   12.9525
    0.0000   45.0000   45.000011672.0762   12.9299
    7.5000   45.0000   45.000011198.1064   12.9292

---------------------------------------------------------------------
imgreg_4dfp /opt/freesurfer/average/711-2C_as_mni_average_305 /opt/freesurfer/average/711-2B_as_mni_average_305_mask talsrcimg_g11 none talsrcimg_to_711-2C_as_mni_average_305_t4 4355
---------------------------------------------------------------------

freesurfer imgreg_4dfp.c
/opt/freesurfer/average/711-2C_as_mni_average_305.4dfp.img
       256       256       256         1
  1.000000  1.000000  1.000000
orientation T byte_order littleendian
Reading image: /opt/freesurfer/average/711-2C_as_mni_average_305.4dfp.img
dimensions:      256       256       256
mmppix:       1.0000   -1.0000   -1.0000
center:     128.0000 -129.0000 -129.0000
/opt/freesurfer/average/711-2B_as_mni_average_305_mask.4dfp.img
       256       256       256         1
  1.000000  1.000000  1.000000
orientation T byte_order littleendian
Reading mask: /opt/freesurfer/average/711-2B_as_mni_average_305_mask.4dfp.img (2306576 pixels)
talsrcimg_g11.4dfp.img
       256       256       256         1
  1.000000  1.000000  1.000000
orientation T byte_order littleendian
Reading image: talsrcimg_g11.4dfp.img
dimensions:      256       256       256
mmppix:       1.0000   -1.0000   -1.0000
center:     128.0000 -129.0000 -129.0000
rotation matrix determinant  1.000000
image alignment mode   4355 decimal     1103 hex
   -7.5000  -37.5000  -45.0000 1721.1494   21.9696
    0.0000  -37.5000  -45.0000 1725.9268   22.0090
    7.5000  -37.5000  -45.0000 1711.5570   22.0319
   -7.5000  -30.0000  -45.0000 1836.8409   19.0768
    0.0000  -30.0000  -45.0000 1848.0417   19.1366
    7.5000  -30.0000  -45.0000 1833.9095   19.1007
   -7.5000  -22.5000  -45.0000 1954.7438   16.8418
    0.0000  -22.5000  -45.0000 1964.9773   16.8645
    7.5000  -22.5000  -45.0000 1950.7212   16.8713
   -7.5000  -15.0000  -45.0000 2057.4495   15.1049
    0.0000  -15.0000  -45.0000 2068.1892   15.0821
    7.5000  -15.0000  -45.0000 2054.1672   15.1375
   -7.5000   -7.5000  -45.0000 2153.3796   13.8094
    0.0000   -7.5000  -45.0000 2164.3350   13.7900
    7.5000   -7.5000  -45.0000 2150.0840   13.8446
   -7.5000    0.0000  -45.0000 2233.5554   12.8567
    0.0000    0.0000  -45.0000 2244.0593   12.8124
    7.5000    0.0000  -45.0000 2231.9329   12.9015
   -7.5000    7.5000  -45.0000 2282.4067   12.1251
    0.0000    7.5000  -45.0000 2295.3770   12.0743
    7.5000    7.5000  -45.0000 2278.5056   12.1637
   -7.5000   15.0000  -45.0000 2307.9028   11.6367
    0.0000   15.0000  -45.0000 2325.3276   11.6031
    7.5000   15.0000  -45.0000 2307.7827   11.6577
   -7.5000   22.5000  -45.0000 2318.0781   11.4350
    0.0000   22.5000  -45.0000 2331.8176   11.3605
    7.5000   22.5000  -45.0000 2323.2078   11.4437
   -7.5000   30.0000  -45.0000 2320.4841   11.4692
    0.0000   30.0000  -45.0000 2334.4490   11.3770
    7.5000   30.0000  -45.0000 2323.7227   11.4525
   -7.5000   37.5000  -45.0000 2300.2273   11.8017
    0.0000   37.5000  -45.0000 2321.5081   11.6875
    7.5000   37.5000  -45.0000 2310.9585   11.7598
   -7.5000   45.0000  -45.0000 2266.2371   12.3358
    0.0000   45.0000  -45.0000 2286.2385   12.1871
    7.5000   45.0000  -45.0000 2280.2932   12.2630
   -7.5000   52.5000  -45.0000 2196.2021   13.0377
    0.0000   52.5000  -45.0000 2218.0581   12.8696
    7.5000   52.5000  -45.0000 2210.9194   12.9341
   -7.5000  -37.5000  -37.5000 1774.9421   20.4086
    0.0000  -37.5000  -37.5000 1785.2504   20.4789
    7.5000  -37.5000  -37.5000 1772.0756   20.4844
   -7.5000  -30.0000  -37.5000 1895.8971   17.6910
    0.0000  -30.0000  -37.5000 1907.1565   17.7230
    7.5000  -30.0000  -37.5000 1898.8538   17.7290
   -7.5000  -22.5000  -37.5000 2018.2423   15.6303
    0.0000  -22.5000  -37.5000 2031.7461   15.6208
    7.5000  -22.5000  -37.5000 2020.9700   15.6690
   -7.5000  -15.0000  -37.5000 2139.3618   14.0449
    0.0000  -15.0000  -37.5000 2152.0598   14.0071
    7.5000  -15.0000  -37.5000 2136.4141   14.0390
   -7.5000   -7.5000  -37.5000 2245.3032   12.8471
    0.0000   -7.5000  -37.5000 2259.3521   12.8154
    7.5000   -7.5000  -37.5000 2244.7668   12.8483
   -7.5000    0.0000  -37.5000 2335.8455   11.9538
    0.0000    0.0000  -37.5000 2348.3206   11.8947
    7.5000    0.0000  -37.5000 2336.7302   11.9618
   -7.5000    7.5000  -37.5000 2388.2478   11.2541
    0.0000    7.5000  -37.5000 2403.0364   11.1822
    7.5000    7.5000  -37.5000 2388.4031   11.2513
   -7.5000   15.0000  -37.5000 2414.7285   10.8029
    0.0000   15.0000  -37.5000 2431.7737   10.7335
    7.5000   15.0000  -37.5000 2416.6709   10.8012
   -7.5000   22.5000  -37.5000 2422.9167   10.6004
    0.0000   22.5000  -37.5000 2442.6382   10.4863
    7.5000   22.5000  -37.5000 2432.2078   10.5642
   -7.5000   30.0000  -37.5000 2427.0205   10.5718
    0.0000   30.0000  -37.5000 2446.4280   10.4666
    7.5000   30.0000  -37.5000 2437.2808   10.5423
   -7.5000   37.5000  -37.5000 2405.3525   10.8535
    0.0000   37.5000  -37.5000 2433.2695   10.7275
    7.5000   37.5000  -37.5000 2421.4160   10.8113
   -7.5000   45.0000  -37.5000 2368.9761   11.3153
    0.0000   45.0000  -37.5000 2398.4348   11.1840
    7.5000   45.0000  -37.5000 2390.0303   11.2717
   -7.5000   52.5000  -37.5000 2296.1440   11.9571
    0.0000   52.5000  -37.5000 2326.2976   11.8199
    7.5000   52.5000  -37.5000 2317.6155   11.8734
   -7.5000  -37.5000  -30.0000 1854.3080   19.8646
    0.0000  -37.5000  -30.0000 1868.2119   19.8699
    7.5000  -37.5000  -30.0000 1856.1975   19.9343
   -7.5000  -30.0000  -30.0000 1987.1967   17.1680
    0.0000  -30.0000  -30.0000 2000.3938   17.0988
    7.5000  -30.0000  -30.0000 1990.3601   17.1856
   -7.5000  -22.5000  -30.0000 2122.5444   15.1209
    0.0000  -22.5000  -30.0000 2139.9036   15.0527
    7.5000  -22.5000  -30.0000 2124.0154   15.1127
   -7.5000  -15.0000  -30.0000 2258.4514   13.5879
    0.0000  -15.0000  -30.0000 2274.6743   13.5042
    7.5000  -15.0000  -30.0000 2256.2627   13.5743
   -7.5000   -7.5000  -30.0000 2374.7146   12.4191
    0.0000   -7.5000  -30.0000 2392.5869   12.3772
    7.5000   -7.5000  -30.0000 2373.7588   12.4136
   -7.5000    0.0000  -30.0000 2467.1062   11.5548
    0.0000    0.0000  -30.0000 2482.3379   11.4909
    7.5000    0.0000  -30.0000 2466.9937   11.5445
   -7.5000    7.5000  -30.0000 2524.8660   10.8670
    0.0000    7.5000  -30.0000 2537.4199   10.7716
    7.5000    7.5000  -30.0000 2527.3103   10.8249
   -7.5000   15.0000  -30.0000 2562.1494   10.4012
    0.0000   15.0000  -30.0000 2578.3455   10.2935
    7.5000   15.0000  -30.0000 2568.6873   10.3650
   -7.5000   22.5000  -30.0000 2580.0610   10.1561
    0.0000   22.5000  -30.0000 2602.4543   10.0492
    7.5000   22.5000  -30.0000 2590.7449   10.1226
   -7.5000   30.0000  -30.0000 2582.4639   10.1244
    0.0000   30.0000  -30.0000 2605.4160   10.0224
    7.5000   30.0000  -30.0000 2595.8018   10.0961
   -7.5000   37.5000  -30.0000 2558.4092   10.3558
    0.0000   37.5000  -30.0000 2586.8921   10.2347
    7.5000   37.5000  -30.0000 2577.1147   10.3186
   -7.5000   45.0000  -30.0000 2514.7268   10.8015
    0.0000   45.0000  -30.0000 2550.3113   10.6647
    7.5000   45.0000  -30.0000 2542.0647   10.7442
   -7.5000   52.5000  -30.0000 2439.6526   11.4058
    0.0000   52.5000  -30.0000 2470.5720   11.2614
    7.5000   52.5000  -30.0000 2462.0996   11.3186
   -7.5000  -37.5000  -22.5000 1914.4216   19.2001
    0.0000  -37.5000  -22.5000 1925.2688   19.1445
    7.5000  -37.5000  -22.5000 1916.2335   19.2991
   -7.5000  -30.0000  -22.5000 2055.9790   16.5708
    0.0000  -30.0000  -22.5000 2070.9736   16.4979
    7.5000  -30.0000  -22.5000 2060.5239   16.5988
   -7.5000  -22.5000  -22.5000 2204.4146   14.5813
    0.0000  -22.5000  -22.5000 2221.9424   14.4985
    7.5000  -22.5000  -22.5000 2204.8833   14.5935
   -7.5000  -15.0000  -22.5000 2347.3640   13.0728
    0.0000  -15.0000  -22.5000 2367.7485   12.9842
    7.5000  -15.0000  -22.5000 2346.2405   13.0711
   -7.5000   -7.5000  -22.5000 2465.1665   11.9120
    0.0000   -7.5000  -22.5000 2485.2476   11.8217
    7.5000   -7.5000  -22.5000 2466.5737   11.9080
   -7.5000    0.0000  -22.5000 2560.9854   11.0422
    0.0000    0.0000  -22.5000 2577.9399   10.9331
    7.5000    0.0000  -22.5000 2561.2957   11.0212
   -7.5000    7.5000  -22.5000 2624.8647   10.3643
    0.0000    7.5000  -22.5000 2636.0269   10.2592
    7.5000    7.5000  -22.5000 2630.3064   10.3389
   -7.5000   15.0000  -22.5000 2672.8857    9.8979
    0.0000   15.0000  -22.5000 2688.7476    9.7946
    7.5000   15.0000  -22.5000 2684.4065    9.8763
   -7.5000   22.5000  -22.5000 2705.1450    9.6452
    0.0000   22.5000  -22.5000 2726.7566    9.5362
    7.5000   22.5000  -22.5000 2717.2510    9.6153
   -7.5000   30.0000  -22.5000 2710.1868    9.6036
    0.0000   30.0000  -22.5000 2735.1401    9.4831
    7.5000   30.0000  -22.5000 2725.3489    9.5789
   -7.5000   37.5000  -22.5000 2685.7080    9.7994
    0.0000   37.5000  -22.5000 2719.3464    9.6777
    7.5000   37.5000  -22.5000 2705.2126    9.7609
   -7.5000   45.0000  -22.5000 2644.8748   10.2416
    0.0000   45.0000  -22.5000 2679.1511   10.0933
    7.5000   45.0000  -22.5000 2666.8027   10.1686
   -7.5000   52.5000  -22.5000 2556.0386   10.8252
    0.0000   52.5000  -22.5000 2593.1626   10.6635
    7.5000   52.5000  -22.5000 2583.4060   10.7141
   -7.5000  -37.5000  -15.0000 1949.1691   18.6235
    0.0000  -37.5000  -15.0000 1959.2318   18.5059
    7.5000  -37.5000  -15.0000 1949.3889   18.7117
   -7.5000  -30.0000  -15.0000 2097.7842   16.0548
    0.0000  -30.0000  -15.0000 2116.4023   15.9289
    7.5000  -30.0000  -15.0000 2101.6189   16.1037
   -7.5000  -22.5000  -15.0000 2251.4688   14.0818
    0.0000  -22.5000  -15.0000 2272.0178   13.9579
    7.5000  -22.5000  -15.0000 2253.5869   14.1312
   -7.5000  -15.0000  -15.0000 2399.7520   12.5799
    0.0000  -15.0000  -15.0000 2420.4939   12.4683
    7.5000  -15.0000  -15.0000 2399.5474   12.6040
   -7.5000   -7.5000  -15.0000 2517.6951   11.4217
    0.0000   -7.5000  -15.0000 2536.6506   11.2997
    7.5000   -7.5000  -15.0000 2520.3735   11.4043
   -7.5000    0.0000  -15.0000 2614.7300   10.5344
    0.0000    0.0000  -15.0000 2635.0833   10.4142
    7.5000    0.0000  -15.0000 2619.0176   10.5131
   -7.5000    7.5000  -15.0000 2686.6775    9.8650
    0.0000    7.5000  -15.0000 2706.3882    9.7514
    7.5000    7.5000  -15.0000 2696.9805    9.8309
   -7.5000   15.0000  -15.0000 2745.2712    9.4020
    0.0000   15.0000  -15.0000 2766.2769    9.2893
    7.5000   15.0000  -15.0000 2761.5205    9.3650
   -7.5000   22.5000  -15.0000 2791.8669    9.1382
    0.0000   22.5000  -15.0000 2813.6091    9.0174
    7.5000   22.5000  -15.0000 2805.6848    9.0943
   -7.5000   30.0000  -15.0000 2805.3066    9.0849
    0.0000   30.0000  -15.0000 2835.8848    8.9526
    7.5000   30.0000  -15.0000 2823.8923    9.0434
   -7.5000   37.5000  -15.0000 2787.8704    9.2772
    0.0000   37.5000  -15.0000 2821.5249    9.1394
    7.5000   37.5000  -15.0000 2807.7778    9.2255
   -7.5000   45.0000  -15.0000 2743.4514    9.7083
    0.0000   45.0000  -15.0000 2782.0017    9.5505
    7.5000   45.0000  -15.0000 2767.6628    9.6175
   -7.5000   52.5000  -15.0000 2647.0508   10.2526
    0.0000   52.5000  -15.0000 2685.8848   10.0863
    7.5000   52.5000  -15.0000 2675.1807   10.1455
   -7.5000  -37.5000   -7.5000 1961.5150   18.1194
    0.0000  -37.5000   -7.5000 1979.4492   18.0051
    7.5000  -37.5000   -7.5000 1965.8524   18.2409
   -7.5000  -30.0000   -7.5000 2116.2058   15.5805
    0.0000  -30.0000   -7.5000 2136.8003   15.4298
    7.5000  -30.0000   -7.5000 2121.8130   15.6230
   -7.5000  -22.5000   -7.5000 2276.9407   13.6337
    0.0000  -22.5000   -7.5000 2300.6133   13.4891
    7.5000  -22.5000   -7.5000 2280.8684   13.6714
   -7.5000  -15.0000   -7.5000 2424.0085   12.1462
    0.0000  -15.0000   -7.5000 2444.6418   11.9816
    7.5000  -15.0000   -7.5000 2423.3628   12.1471
   -7.5000   -7.5000   -7.5000 2539.3469   10.9867
    0.0000   -7.5000   -7.5000 2558.5986   10.8195
    7.5000   -7.5000   -7.5000 2543.1201   10.9568
   -7.5000    0.0000   -7.5000 2642.9746   10.0816
    0.0000    0.0000   -7.5000 2665.5352    9.9423
    7.5000    0.0000   -7.5000 2649.1550   10.0473
   -7.5000    7.5000   -7.5000 2731.9353    9.3925
    0.0000    7.5000   -7.5000 2758.0691    9.2833
    7.5000    7.5000   -7.5000 2745.0249    9.3660
   -7.5000   15.0000   -7.5000 2802.5493    8.9194
    0.0000   15.0000   -7.5000 2826.6226    8.8035
    7.5000   15.0000   -7.5000 2818.0569    8.8855
   -7.5000   22.5000   -7.5000 2856.1184    8.6526
    0.0000   22.5000   -7.5000 2883.4373    8.5408
    7.5000   22.5000   -7.5000 2873.4934    8.6146
   -7.5000   30.0000   -7.5000 2876.1887    8.6138
    0.0000   30.0000   -7.5000 2914.8914    8.4840
    7.5000   30.0000   -7.5000 2902.4822    8.5709
   -7.5000   37.5000   -7.5000 2865.1965    8.7946
    0.0000   37.5000   -7.5000 2902.1926    8.6364
    7.5000   37.5000   -7.5000 2890.2021    8.7403
   -7.5000   45.0000   -7.5000 2816.5945    9.2066
    0.0000   45.0000   -7.5000 2857.5962    9.0415
    7.5000   45.0000   -7.5000 2846.0022    9.1194
   -7.5000   52.5000   -7.5000 2714.5354    9.7127
    0.0000   52.5000   -7.5000 2754.4775    9.5486
    7.5000   52.5000   -7.5000 2744.3665    9.6125
   -7.5000  -37.5000    0.0000 1965.0564   17.9155
    0.0000  -37.5000    0.0000 1985.8906   17.7560
    7.5000  -37.5000    0.0000 1970.6299   18.0139
   -7.5000  -30.0000    0.0000 2125.9346   15.3488
    0.0000  -30.0000    0.0000 2148.5186   15.1557
    7.5000  -30.0000    0.0000 2135.2498   15.3947
   -7.5000  -22.5000    0.0000 2291.1213   13.4067
    0.0000  -22.5000    0.0000 2313.3699   13.2413
    7.5000  -22.5000    0.0000 2296.0059   13.3981
   -7.5000  -15.0000    0.0000 2427.2710   11.8706
    0.0000  -15.0000    0.0000 2447.6780   11.7021
    7.5000  -15.0000    0.0000 2430.0947   11.8643
   -7.5000   -7.5000    0.0000 2539.9573   10.7005
    0.0000   -7.5000    0.0000 2559.0483   10.5407
    7.5000   -7.5000    0.0000 2546.7495   10.6898
   -7.5000    0.0000    0.0000 2651.5156    9.7700
    0.0000    0.0000    0.0000 2675.2327    9.6452
    7.5000    0.0000    0.0000 2663.6001    9.7606
   -7.5000    7.5000    0.0000 2756.0391    9.0736
    0.0000    7.5000    0.0000 2784.4236    8.9750
    7.5000    7.5000    0.0000 2772.6438    9.0535
   -7.5000   15.0000    0.0000 2838.2424    8.5786
    0.0000   15.0000    0.0000 2864.9653    8.4834
    7.5000   15.0000    0.0000 2858.0881    8.5522
   -7.5000   22.5000    0.0000 2901.6875    8.3285
    0.0000   22.5000    0.0000 2936.6626    8.2426
    7.5000   22.5000    0.0000 2923.5930    8.3231
   -7.5000   30.0000    0.0000 2931.9524    8.2950
    0.0000   30.0000    0.0000 2981.8813    8.2016
    7.5000   30.0000    0.0000 2964.0674    8.2977
   -7.5000   37.5000    0.0000 2923.1106    8.4595
    0.0000   37.5000    0.0000 2969.9404    8.3209
    7.5000   37.5000    0.0000 2954.0105    8.4359
   -7.5000   45.0000    0.0000 2869.7000    8.8189
    0.0000   45.0000    0.0000 2911.4041    8.6810
    7.5000   45.0000    0.0000 2901.9312    8.7683
   -7.5000   52.5000    0.0000 2754.8750    9.3115
    0.0000   52.5000    0.0000 2798.9561    9.1602
    7.5000   52.5000    0.0000 2793.7144    9.2237
   -7.5000  -37.5000    7.5000 1961.9153   17.9021
    0.0000  -37.5000    7.5000 1979.0996   17.7598
    7.5000  -37.5000    7.5000 1962.6017   17.9643
   -7.5000  -30.0000    7.5000 2129.9478   15.3331
    0.0000  -30.0000    7.5000 2151.9595   15.1911
    7.5000  -30.0000    7.5000 2134.4053   15.3953
   -7.5000  -22.5000    7.5000 2289.6560   13.3376
    0.0000  -22.5000    7.5000 2310.7795   13.2090
    7.5000  -22.5000    7.5000 2292.9138   13.3681
   -7.5000  -15.0000    7.5000 2420.1726   11.7633
    0.0000  -15.0000    7.5000 2437.8928   11.6230
    7.5000  -15.0000    7.5000 2423.4353   11.7902
   -7.5000   -7.5000    7.5000 2530.8367   10.5882
    0.0000   -7.5000    7.5000 2552.1216   10.4408
    7.5000   -7.5000    7.5000 2541.0217   10.5843
   -7.5000    0.0000    7.5000 2645.4326    9.6496
    0.0000    0.0000    7.5000 2669.3284    9.5397
    7.5000    0.0000    7.5000 2662.4041    9.6559
   -7.5000    7.5000    7.5000 2758.4167    8.9344
    0.0000    7.5000    7.5000 2787.7637    8.8620
    7.5000    7.5000    7.5000 2780.3596    8.9423
   -7.5000   15.0000    7.5000 2854.0598    8.4453
    0.0000   15.0000    7.5000 2886.8135    8.4061
    7.5000   15.0000    7.5000 2877.4583    8.4573
   -7.5000   22.5000    7.5000 2937.5305    8.2094
    0.0000   22.5000    7.5000 2981.1389    8.2214
    7.5000   22.5000    7.5000 2962.0032    8.2522
   -7.5000   30.0000    7.5000 2975.0310    8.1852
    0.0000   30.0000    7.5000 3045.9556    8.2097
    7.5000   30.0000    7.5000 3016.9316    8.2405
   -7.5000   37.5000    7.5000 2958.9099    8.3208
    0.0000   37.5000    7.5000 3027.2949    8.2595
    7.5000   37.5000    7.5000 3000.7661    8.3308
   -7.5000   45.0000    7.5000 2899.6626    8.5994
    0.0000   45.0000    7.5000 2948.7166    8.4813
    7.5000   45.0000    7.5000 2934.6667    8.5538
   -7.5000   52.5000    7.5000 2782.3845    9.0630
    0.0000   52.5000    7.5000 2828.0161    8.9241
    7.5000   52.5000    7.5000 2822.1494    8.9833
   -7.5000  -37.5000   15.0000 1943.0360   18.1466
    0.0000  -37.5000   15.0000 1959.8907   18.0034
    7.5000  -37.5000   15.0000 1941.2317   18.2250
   -7.5000  -30.0000   15.0000 2120.1311   15.5445
    0.0000  -30.0000   15.0000 2142.7219   15.3955
    7.5000  -30.0000   15.0000 2125.0515   15.6058
   -7.5000  -22.5000   15.0000 2275.6882   13.4436
    0.0000  -22.5000   15.0000 2299.6985   13.2982
    7.5000  -22.5000   15.0000 2281.4194   13.4987
   -7.5000  -15.0000   15.0000 2401.5696   11.8299
    0.0000  -15.0000   15.0000 2419.4441   11.6744
    7.5000  -15.0000   15.0000 2408.4517   11.8579
   -7.5000   -7.5000   15.0000 2515.0674   10.6400
    0.0000   -7.5000   15.0000 2537.0359   10.5187
    7.5000   -7.5000   15.0000 2528.2651   10.6670
   -7.5000    0.0000   15.0000 2628.2170    9.7195
    0.0000    0.0000   15.0000 2652.4387    9.6317
    7.5000    0.0000   15.0000 2648.1475    9.7484
   -7.5000    7.5000   15.0000 2743.4707    8.9966
    0.0000    7.5000   15.0000 2776.0515    8.9693
    7.5000    7.5000   15.0000 2766.7366    9.0358
   -7.5000   15.0000   15.0000 2848.1467    8.5043
    0.0000   15.0000   15.0000 2888.3359    8.5219
    7.5000   15.0000   15.0000 2872.5347    8.5591
   -7.5000   22.5000   15.0000 2942.6646    8.2738
    0.0000   22.5000   15.0000 2991.7102    8.3272
    7.5000   22.5000   15.0000 2968.3557    8.3409
   -7.5000   30.0000   15.0000 2990.5642    8.2428
    0.0000   30.0000   15.0000 3072.5378    8.2910
    7.5000   30.0000   15.0000 3032.7859    8.3042
   -7.5000   37.5000   15.0000 2964.4304    8.3723
    0.0000   37.5000   15.0000 3038.4407    8.3550
    7.5000   37.5000   15.0000 3008.3157    8.3753
   -7.5000   45.0000   15.0000 2899.6846    8.6098
    0.0000   45.0000   15.0000 2952.3486    8.5000
    7.5000   45.0000   15.0000 2935.7778    8.5706
   -7.5000   52.5000   15.0000 2787.3235    9.0341
    0.0000   52.5000   15.0000 2829.4580    8.8946
    7.5000   52.5000   15.0000 2820.1707    8.9832
   -7.5000  -37.5000   22.5000 1908.2490   18.5554
    0.0000  -37.5000   22.5000 1925.9978   18.4979
    7.5000  -37.5000   22.5000 1912.6073   18.7741
   -7.5000  -30.0000   22.5000 2089.3911   15.8968
    0.0000  -30.0000   22.5000 2113.3533   15.8189
    7.5000  -30.0000   22.5000 2097.9460   16.0270
   -7.5000  -22.5000   22.5000 2248.2090   13.7349
    0.0000  -22.5000   22.5000 2273.9397   13.6117
    7.5000  -22.5000   22.5000 2256.6543   13.8369
   -7.5000  -15.0000   22.5000 2379.1445   12.0944
    0.0000  -15.0000   22.5000 2399.1934   11.9619
    7.5000  -15.0000   22.5000 2381.5483   12.1452
   -7.5000   -7.5000   22.5000 2499.1553   10.8945
    0.0000   -7.5000   22.5000 2520.9419   10.7666
    7.5000   -7.5000   22.5000 2506.2939   10.9257
   -7.5000    0.0000   22.5000 2614.1301    9.9640
    0.0000    0.0000   22.5000 2637.8115    9.8521
    7.5000    0.0000   22.5000 2629.4260    9.9895
   -7.5000    7.5000   22.5000 2724.3174    9.2418
    0.0000    7.5000   22.5000 2754.8525    9.1609
    7.5000    7.5000   22.5000 2746.3479    9.2566
   -7.5000   15.0000   22.5000 2832.6335    8.7229
    0.0000   15.0000   22.5000 2865.7307    8.6615
    7.5000   15.0000   22.5000 2859.2251    8.7251
   -7.5000   22.5000   22.5000 2925.7920    8.4365
    0.0000   22.5000   22.5000 2971.9226    8.3897
    7.5000   22.5000   22.5000 2954.5703    8.4489
   -7.5000   30.0000   22.5000 2967.7271    8.3620
    0.0000   30.0000   22.5000 3038.0693    8.2750
    7.5000   30.0000   22.5000 3005.8555    8.3615
   -7.5000   37.5000   22.5000 2942.2529    8.4914
    0.0000   37.5000   22.5000 3011.9895    8.3546
    7.5000   37.5000   22.5000 2977.7603    8.4455
   -7.5000   45.0000   22.5000 2875.8613    8.8080
    0.0000   45.0000   22.5000 2927.0950    8.6662
    7.5000   45.0000   22.5000 2909.8140    8.7544
   -7.5000   52.5000   22.5000 2768.2156    9.2366
    0.0000   52.5000   22.5000 2804.5881    9.1064
    7.5000   52.5000   22.5000 2798.1250    9.1936
   -7.5000  -37.5000   30.0000 1867.6504   19.2325
    0.0000  -37.5000   30.0000 1883.8733   19.1474
    7.5000  -37.5000   30.0000 1870.6013   19.4246
   -7.5000  -30.0000   30.0000 2045.6045   16.4465
    0.0000  -30.0000   30.0000 2066.9880   16.3662
    7.5000  -30.0000   30.0000 2053.0171   16.6140
   -7.5000  -22.5000   30.0000 2211.5200   14.2563
    0.0000  -22.5000   30.0000 2231.7751   14.0923
    7.5000  -22.5000   30.0000 2214.4949   14.3548
   -7.5000  -15.0000   30.0000 2351.5896   12.5473
    0.0000  -15.0000   30.0000 2370.0667   12.3595
    7.5000  -15.0000   30.0000 2349.9836   12.5820
   -7.5000   -7.5000   30.0000 2472.9944   11.2499
    0.0000   -7.5000   30.0000 2495.5403   11.0868
    7.5000   -7.5000   30.0000 2478.0637   11.2656
   -7.5000    0.0000   30.0000 2588.8760   10.2868
    0.0000    0.0000   30.0000 2612.3682   10.1163
    7.5000    0.0000   30.0000 2604.2466   10.2816
   -7.5000    7.5000   30.0000 2702.6252    9.5418
    0.0000    7.5000   30.0000 2729.1123    9.3780
    7.5000    7.5000   30.0000 2724.4065    9.5162
   -7.5000   15.0000   30.0000 2804.4915    9.0009
    0.0000   15.0000   30.0000 2835.5823    8.8476
    7.5000   15.0000   30.0000 2833.1243    8.9814
   -7.5000   22.5000   30.0000 2880.1729    8.6882
    0.0000   22.5000   30.0000 2917.0027    8.5439
    7.5000   22.5000   30.0000 2913.2019    8.6694
   -7.5000   30.0000   30.0000 2913.0671    8.5861
    0.0000   30.0000   30.0000 2960.7803    8.4158
    7.5000   30.0000   30.0000 2948.4219    8.5053
   -7.5000   37.5000   30.0000 2894.9343    8.7323
    0.0000   37.5000   30.0000 2947.8711    8.5618
    7.5000   37.5000   30.0000 2925.8984    8.6527
   -7.5000   45.0000   30.0000 2828.7603    9.1012
    0.0000   45.0000   30.0000 2874.1206    8.9396
    7.5000   45.0000   30.0000 2861.3398    9.0292
   -7.5000   52.5000   30.0000 2722.1843    9.5713
    0.0000   52.5000   30.0000 2757.3962    9.4195
    7.5000   52.5000   30.0000 2750.0942    9.5029
   -7.5000  -37.5000   37.5000 1822.9916   20.0553
    0.0000  -37.5000   37.5000 1840.7538   19.9453
    7.5000  -37.5000   37.5000 1831.3303   20.2471
   -7.5000  -30.0000   37.5000 1999.0283   17.0886
    0.0000  -30.0000   37.5000 2020.5873   16.9233
    7.5000  -30.0000   37.5000 2010.2086   17.2304
   -7.5000  -22.5000   37.5000 2169.0327   14.8069
    0.0000  -22.5000   37.5000 2189.4019   14.5993
    7.5000  -22.5000   37.5000 2174.0171   14.8573
   -7.5000  -15.0000   37.5000 2315.0308   13.0335
    0.0000  -15.0000   37.5000 2335.4429   12.8081
    7.5000  -15.0000   37.5000 2315.9482   13.0489
   -7.5000   -7.5000   37.5000 2442.0601   11.6916
    0.0000   -7.5000   37.5000 2463.9312   11.4718
    7.5000   -7.5000   37.5000 2448.4211   11.6954
   -7.5000    0.0000   37.5000 2558.4692   10.7127
    0.0000    0.0000   37.5000 2584.8274   10.4937
    7.5000    0.0000   37.5000 2573.5889   10.6824
   -7.5000    7.5000   37.5000 2671.8447    9.9480
    0.0000    7.5000   37.5000 2696.3650    9.7445
    7.5000    7.5000   37.5000 2692.3999    9.9107
   -7.5000   15.0000   37.5000 2763.9568    9.4173
    0.0000   15.0000   37.5000 2791.0466    9.2162
    7.5000   15.0000   37.5000 2789.7466    9.3771
   -7.5000   22.5000   37.5000 2821.2344    9.0931
    0.0000   22.5000   37.5000 2853.5730    8.8725
    7.5000   22.5000   37.5000 2851.2292    9.0097
   -7.5000   30.0000   37.5000 2840.9514    8.9615
    0.0000   30.0000   37.5000 2880.3901    8.7432
    7.5000   30.0000   37.5000 2871.8284    8.8532
   -7.5000   37.5000   37.5000 2827.3176    9.0954
    0.0000   37.5000   37.5000 2874.3196    8.9383
    7.5000   37.5000   37.5000 2858.5132    9.0172
   -7.5000   45.0000   37.5000 2766.1743    9.4993
    0.0000   45.0000   37.5000 2805.1802    9.3403
    7.5000   45.0000   37.5000 2794.7263    9.4114
   -7.5000   52.5000   37.5000 2663.1069    9.9853
    0.0000   52.5000   37.5000 2692.6343    9.8218
    7.5000   52.5000   37.5000 2688.4890    9.9029
   -7.5000  -37.5000   45.0000 1784.4271   21.0529
    0.0000  -37.5000   45.0000 1802.4600   20.8600
    7.5000  -37.5000   45.0000 1794.3147   21.2318
   -7.5000  -30.0000   45.0000 1954.6472   17.8719
    0.0000  -30.0000   45.0000 1976.5585   17.6522
    7.5000  -30.0000   45.0000 1966.5985   17.9746
   -7.5000  -22.5000   45.0000 2125.3669   15.4481
    0.0000  -22.5000   45.0000 2145.5483   15.2065
    7.5000  -22.5000   45.0000 2131.7351   15.4907
   -7.5000  -15.0000   45.0000 2271.6023   13.6300
    0.0000  -15.0000   45.0000 2293.7307   13.3639
    7.5000  -15.0000   45.0000 2274.2502   13.6435
   -7.5000   -7.5000   45.0000 2401.2949   12.2785
    0.0000   -7.5000   45.0000 2426.6675   12.0181
    7.5000   -7.5000   45.0000 2408.4934   12.2775
   -7.5000    0.0000   45.0000 2516.8528   11.2793
    0.0000    0.0000   45.0000 2542.7495   11.0340
    7.5000    0.0000   45.0000 2529.2803   11.2308
   -7.5000    7.5000   45.0000 2622.3967   10.5133
    0.0000    7.5000   45.0000 2653.1106   10.2778
    7.5000    7.5000   45.0000 2642.5046   10.4458
   -7.5000   15.0000   45.0000 2702.7141    9.9728
    0.0000   15.0000   45.0000 2735.9021    9.7255
    7.5000   15.0000   45.0000 2727.8906    9.8746
   -7.5000   22.5000   45.0000 2748.7537    9.6251
    0.0000   22.5000   45.0000 2784.6431    9.3725
    7.5000   22.5000   45.0000 2778.7974    9.4909
   -7.5000   30.0000   45.0000 2765.2078    9.4790
    0.0000   30.0000   45.0000 2797.2246    9.2561
    7.5000   30.0000   45.0000 2790.5247    9.3804
   -7.5000   37.5000   45.0000 2749.3574    9.6147
    0.0000   37.5000   45.0000 2790.1702    9.4492
    7.5000   37.5000   45.0000 2779.1343    9.5404
   -7.5000   45.0000   45.0000 2690.4094   10.0394
    0.0000   45.0000   45.0000 2726.9614    9.8702
    7.5000   45.0000   45.0000 2717.3721    9.9462
   -7.5000   52.5000   45.0000 2588.0469   10.5270
    0.0000   52.5000   45.0000 2617.9189   10.3481
    7.5000   52.5000   45.0000 2614.4326   10.4122

---------------------------------------------------------------------
imgreg_4dfp /opt/freesurfer/average/711-2C_as_mni_average_305 /opt/freesurfer/average/711-2B_as_mni_average_305_mask talsrcimg_g11 none talsrcimg_to_711-2C_as_mni_average_305_t4 1283
---------------------------------------------------------------------

freesurfer imgreg_4dfp.c
/opt/freesurfer/average/711-2C_as_mni_average_305.4dfp.img
       256       256       256         1
  1.000000  1.000000  1.000000
orientation T byte_order littleendian
Reading image: /opt/freesurfer/average/711-2C_as_mni_average_305.4dfp.img
dimensions:      256       256       256
mmppix:       1.0000   -1.0000   -1.0000
center:     128.0000 -129.0000 -129.0000
/opt/freesurfer/average/711-2B_as_mni_average_305_mask.4dfp.img
       256       256       256         1
  1.000000  1.000000  1.000000
orientation T byte_order littleendian
Reading mask: /opt/freesurfer/average/711-2B_as_mni_average_305_mask.4dfp.img (2306576 pixels)
talsrcimg_g11.4dfp.img
       256       256       256         1
  1.000000  1.000000  1.000000
orientation T byte_order littleendian
Reading image: talsrcimg_g11.4dfp.img
dimensions:      256       256       256
mmppix:       1.0000   -1.0000   -1.0000
center:     128.0000 -129.0000 -129.0000
rotation matrix determinant  1.000000
fimgreg.f
image alignment mode   1283 decimal      503 hex
parameters
    0.0000   30.0000   15.0000    0.0000    0.0000    0.0000
eta,q 0.96358  8.30632
niter,ni,del,rscale     5    3   12.0000    1.2000
parameters
    1.9509   31.8311   14.2210   -2.2412   -1.1581   -2.8617
eta,q 0.97148  8.32444
  0.0603  0.0532  0.0381  0.0350  0.0361  0.0312
  0.0497  0.0450  0.0350  0.0318  0.0323  0.0290
  0.0417  0.0383  0.0333  0.0308  0.0307  0.0287
  0.0363  0.0338  0.0323  0.0324  0.0307  0.0304
  0.0338  0.0325  0.0339  0.0359  0.0329  0.0334
  0.0357  0.0344  0.0375  0.0405  0.0370  0.0371
  0.0420  0.0390  0.0424  0.0446  0.0425  0.0410
niter,ni,del,rscale     4    3   12.0000    1.2000
parameters
    2.0242   32.5136   14.0067   -2.5404   -0.9276   -2.6424
eta,q 0.97192  8.33362
  0.0478  0.0455  0.0362  0.0369  0.0379  0.0361
  0.0386  0.0394  0.0321  0.0332  0.0330  0.0321
  0.0320  0.0323  0.0295  0.0289  0.0299  0.0292
  0.0285  0.0285  0.0283  0.0283  0.0282  0.0281
  0.0298  0.0291  0.0295  0.0304  0.0286  0.0290
  0.0372  0.0331  0.0328  0.0341  0.0319  0.0315
  0.0480  0.0407  0.0376  0.0385  0.0368  0.0349
niter,ni,del,rscale     3    3   12.0000    1.2000
parameters
    1.9749   32.7034   13.9763   -2.7283   -0.8456   -2.6539
eta,q 0.97201  8.33667
  0.0469  0.0439  0.0366  0.0370  0.0374  0.0355
  0.0376  0.0376  0.0323  0.0334  0.0327  0.0316
  0.0312  0.0308  0.0294  0.0290  0.0297  0.0288
  0.0281  0.0281  0.0281  0.0281  0.0280  0.0280
  0.0299  0.0296  0.0291  0.0301  0.0288  0.0292
  0.0376  0.0349  0.0323  0.0338  0.0322  0.0318
  0.0483  0.0431  0.0370  0.0381  0.0372  0.0353
niter,ni,del,rscale     2    3   12.0000    1.2000
parameters
    1.9411   32.7945   13.9559   -2.8316   -0.7874   -2.6780
eta,q 0.97206  8.33810
  0.0470  0.0435  0.0366  0.0371  0.0373  0.0354
  0.0377  0.0373  0.0322  0.0336  0.0327  0.0315
  0.0311  0.0306  0.0293  0.0291  0.0296  0.0288
  0.0280  0.0280  0.0280  0.0280  0.0280  0.0279
  0.0299  0.0298  0.0290  0.0299  0.0288  0.0292
  0.0375  0.0354  0.0322  0.0335  0.0323  0.0318
  0.0482  0.0437  0.0369  0.0378  0.0373  0.0353
niter,ni,del,rscale     1    3   12.0000    1.2000
parameters
    1.9179   32.8428   13.9423   -2.8913   -0.7502   -2.6956
eta,q 0.97208  8.33892
  0.0471  0.0434  0.0366  0.0371  0.0372  0.0354
  0.0377  0.0372  0.0322  0.0337  0.0327  0.0315
  0.0311  0.0305  0.0293  0.0292  0.0296  0.0288
  0.0279  0.0280  0.0280  0.0280  0.0279  0.0279
  0.0299  0.0299  0.0290  0.0298  0.0288  0.0292
  0.0375  0.0356  0.0322  0.0334  0.0324  0.0318
  0.0481  0.0439  0.0369  0.0377  0.0374  0.0352
registration optimization eta report
parameter search radius
    6.0000    6.0000    6.0000    6.0000    6.0000    6.0000
100000*second partial in parameter space
       54.       43.       24.       25.       26.       20.
  0.0471  0.0434  0.0366  0.0371  0.0372  0.0354
  0.0377  0.0372  0.0322  0.0337  0.0327  0.0315
  0.0311  0.0305  0.0293  0.0292  0.0296  0.0288
  0.0279  0.0280  0.0280  0.0280  0.0279  0.0279
  0.0299  0.0299  0.0290  0.0298  0.0288  0.0292
  0.0375  0.0356  0.0322  0.0334  0.0324  0.0318
  0.0481  0.0439  0.0369  0.0377  0.0374  0.0352
    1.9179   32.8428   13.9423   -2.8913   -0.7502   -2.6956
eta,q 0.97208  8.33892

---------------------------------------------------------------------
imgreg_4dfp /opt/freesurfer/average/711-2C_as_mni_average_305 /opt/freesurfer/average/711-2B_as_mni_average_305_mask talsrcimg_g11 none talsrcimg_to_711-2C_as_mni_average_305_t4 3335
---------------------------------------------------------------------

freesurfer imgreg_4dfp.c
/opt/freesurfer/average/711-2C_as_mni_average_305.4dfp.img
       256       256       256         1
  1.000000  1.000000  1.000000
orientation T byte_order littleendian
Reading image: /opt/freesurfer/average/711-2C_as_mni_average_305.4dfp.img
dimensions:      256       256       256
mmppix:       1.0000   -1.0000   -1.0000
center:     128.0000 -129.0000 -129.0000
/opt/freesurfer/average/711-2B_as_mni_average_305_mask.4dfp.img
       256       256       256         1
  1.000000  1.000000  1.000000
orientation T byte_order littleendian
Reading mask: /opt/freesurfer/average/711-2B_as_mni_average_305_mask.4dfp.img (2306576 pixels)
talsrcimg_g11.4dfp.img
       256       256       256         1
  1.000000  1.000000  1.000000
orientation T byte_order littleendian
Reading image: talsrcimg_g11.4dfp.img
dimensions:      256       256       256
mmppix:       1.0000   -1.0000   -1.0000
center:     128.0000 -129.0000 -129.0000
fimgreg.f
image alignment mode   3335 decimal      D07 hex
parameters
    1.9179   32.8428   13.9423   -0.1192   -0.2347   -0.1359
    4.6310    1.5435   -4.7026    4.9771   -1.3094   -5.0437
eta,q 0.97078  8.35683
niter,ni,del,rscale     5    3    5.0000    1.2000
parameter  5  1.196522 ->  0.500000 qaram    1.1500
parameters
    1.8890   32.8253   14.2325   -2.6730   -4.3747    0.4909
    6.3801    2.4235   -3.0561    3.9357   -1.4894   -8.3543
eta,q 0.97427  8.16725
  0.0327  0.0316  0.0308  0.0301  0.0258  0.0286  0.0301  0.0314  0.0290  0.0287  0.0268  0.0260
  0.0308  0.0302  0.0300  0.0294  0.0263  0.0274  0.0284  0.0291  0.0277  0.0270  0.0264  0.0258
  0.0296  0.0294  0.0295  0.0290  0.0275  0.0268  0.0272  0.0274  0.0267  0.0261  0.0260  0.0257
  0.0292  0.0292  0.0292  0.0292  0.0290  0.0265  0.0265  0.0263  0.0262  0.0261  0.0259  0.0259
  0.0297  0.0295  0.0292  0.0304  0.0309  0.0264  0.0264  0.0263  0.0261  0.0271  0.0261  0.0264
  0.0309  0.0303  0.0296  0.0323  0.0335  0.0268  0.0268  0.0274  0.0265  0.0285  0.0264  0.0272
  0.0329  0.0316  0.0302  0.0346  0.0366  0.0281  0.0277  0.0297  0.0273  0.0304  0.0269  0.0281
niter,ni,del,rscale     5    3    5.0000    1.2000
parameters
    1.7011   32.7845   14.4424   -2.6119   -7.7600    1.5524
    6.2081    2.2624   -2.9428    4.7171   -1.4413   -8.5792
eta,q 0.97504  8.07014
  0.0287  0.0285  0.0273  0.0281  0.0264  0.0274  0.0274  0.0292  0.0271  0.0290  0.0259  0.0260
  0.0269  0.0270  0.0264  0.0271  0.0255  0.0262  0.0261  0.0271  0.0260  0.0271  0.0254  0.0254
  0.0259  0.0260  0.0259  0.0263  0.0252  0.0256  0.0253  0.0256  0.0253  0.0258  0.0251  0.0251
  0.0257  0.0257  0.0257  0.0257  0.0257  0.0252  0.0250  0.0250  0.0250  0.0250  0.0250  0.0250
  0.0263  0.0261  0.0258  0.0257  0.0271  0.0249  0.0254  0.0255  0.0252  0.0251  0.0250  0.0251
  0.0277  0.0271  0.0261  0.0267  0.0290  0.0252  0.0263  0.0272  0.0259  0.0261  0.0253  0.0255
  0.0297  0.0287  0.0268  0.0284  0.0314  0.0266  0.0276  0.0298  0.0269  0.0277  0.0259  0.0262
niter,ni,del,rscale     4    3    5.0000    1.2000
parameters
    1.6783   32.7400   14.5093   -2.4882   -7.8452    1.4629
    6.1626    2.2631   -2.9440    4.7391   -1.3595   -8.5089
eta,q 0.97506  8.06602
  0.0284  0.0277  0.0265  0.0275  0.0283  0.0268  0.0275  0.0293  0.0269  0.0283  0.0259  0.0261
  0.0265  0.0261  0.0256  0.0264  0.0265  0.0259  0.0261  0.0271  0.0259  0.0266  0.0254  0.0255
  0.0253  0.0252  0.0251  0.0256  0.0254  0.0253  0.0252  0.0256  0.0252  0.0254  0.0251  0.0251
  0.0250  0.0250  0.0249  0.0249  0.0249  0.0249  0.0249  0.0249  0.0249  0.0249  0.0249  0.0249
  0.0254  0.0254  0.0251  0.0249  0.0253  0.0248  0.0253  0.0253  0.0252  0.0253  0.0250  0.0251
  0.0266  0.0263  0.0255  0.0260  0.0267  0.0254  0.0262  0.0269  0.0258  0.0266  0.0253  0.0254
  0.0285  0.0277  0.0263  0.0276  0.0284  0.0275  0.0275  0.0295  0.0269  0.0283  0.0259  0.0261
niter,ni,del,rscale     3    3    5.0000    1.2000
parameters
    1.6830   32.7378   14.5040   -2.4850   -7.8643    1.4540
    6.1542    2.2625   -2.9638    4.7342   -1.3543   -8.5013
eta,q 0.97506  8.06505
  0.0285  0.0277  0.0264  0.0274  0.0284  0.0269  0.0275  0.0293  0.0269  0.0283  0.0259  0.0261
  0.0265  0.0261  0.0255  0.0263  0.0265  0.0259  0.0261  0.0271  0.0258  0.0266  0.0254  0.0255
  0.0253  0.0252  0.0251  0.0255  0.0254  0.0253  0.0252  0.0256  0.0252  0.0254  0.0251  0.0251
  0.0249  0.0249  0.0249  0.0249  0.0249  0.0249  0.0249  0.0249  0.0249  0.0249  0.0249  0.0249
  0.0254  0.0253  0.0251  0.0250  0.0253  0.0248  0.0253  0.0253  0.0252  0.0253  0.0250  0.0251
  0.0266  0.0263  0.0256  0.0261  0.0267  0.0254  0.0261  0.0269  0.0259  0.0266  0.0253  0.0254
  0.0285  0.0276  0.0263  0.0278  0.0284  0.0274  0.0274  0.0295  0.0269  0.0283  0.0259  0.0261
registration optimization eta report
parameter search radius
    2.4000    2.4000    2.4000    7.2000    8.2800    7.2000
    7.2000    7.2000    7.2000    7.2000    7.2000    7.2000
100000*second partial in parameter space
       61.       47.       24.        5.        5.        4.
        5.        9.        4.        6.        2.        2.
  0.0285  0.0277  0.0264  0.0274  0.0284  0.0269  0.0275  0.0293  0.0269  0.0283  0.0259  0.0261
  0.0265  0.0261  0.0255  0.0263  0.0265  0.0259  0.0261  0.0271  0.0258  0.0266  0.0254  0.0255
  0.0253  0.0252  0.0251  0.0255  0.0254  0.0253  0.0252  0.0256  0.0252  0.0254  0.0251  0.0251
  0.0249  0.0249  0.0249  0.0249  0.0249  0.0249  0.0249  0.0249  0.0249  0.0249  0.0249  0.0249
  0.0254  0.0253  0.0251  0.0250  0.0253  0.0248  0.0253  0.0253  0.0252  0.0253  0.0250  0.0251
  0.0266  0.0263  0.0256  0.0261  0.0267  0.0254  0.0261  0.0269  0.0259  0.0266  0.0253  0.0254
  0.0285  0.0276  0.0263  0.0278  0.0284  0.0274  0.0274  0.0295  0.0269  0.0283  0.0259  0.0261
    1.6830   32.7378   14.5040   -2.4850   -7.8643    1.4540
    6.1542    2.2625   -2.9638    4.7342   -1.3543   -8.5013
eta,q 0.97506  8.06505

---------------------------------------------------------------------
imgreg_4dfp /opt/freesurfer/average/711-2C_as_mni_average_305 /opt/freesurfer/average/711-2B_as_mni_average_305_mask talsrcimg_g11 none talsrcimg_to_711-2C_as_mni_average_305_t4 2311
---------------------------------------------------------------------

freesurfer imgreg_4dfp.c
/opt/freesurfer/average/711-2C_as_mni_average_305.4dfp.img
       256       256       256         1
  1.000000  1.000000  1.000000
orientation T byte_order littleendian
Reading image: /opt/freesurfer/average/711-2C_as_mni_average_305.4dfp.img
dimensions:      256       256       256
mmppix:       1.0000   -1.0000   -1.0000
center:     128.0000 -129.0000 -129.0000
/opt/freesurfer/average/711-2B_as_mni_average_305_mask.4dfp.img
       256       256       256         1
  1.000000  1.000000  1.000000
orientation T byte_order littleendian
Reading mask: /opt/freesurfer/average/711-2B_as_mni_average_305_mask.4dfp.img (2306576 pixels)
talsrcimg_g11.4dfp.img
       256       256       256         1
  1.000000  1.000000  1.000000
orientation T byte_order littleendian
Reading image: talsrcimg_g11.4dfp.img
dimensions:      256       256       256
mmppix:       1.0000   -1.0000   -1.0000
center:     128.0000 -129.0000 -129.0000
fimgreg.f
image alignment mode   2311 decimal      907 hex
parameters
    1.6830   32.7378   14.5040   -2.4850   -7.8643    1.4540
    6.1542    2.2625   -2.9638    4.7342   -1.3543   -8.5013
eta,q 0.97506  8.06504
niter,ni,del,rscale     5    3    5.0000    0.8000
parameters
    1.6746   32.6820   14.4787   -2.0171   -7.8830    2.5007
    6.1270    2.1883   -2.8685    4.7211   -1.8371   -8.9456
eta,q 0.97528  8.11573
  0.0265  0.0261  0.0255  0.0263  0.0261  0.0258  0.0259  0.0269  0.0257  0.0264  0.0251  0.0252
  0.0256  0.0254  0.0252  0.0258  0.0255  0.0254  0.0253  0.0257  0.0252  0.0255  0.0249  0.0249
  0.0251  0.0250  0.0250  0.0253  0.0251  0.0251  0.0249  0.0250  0.0249  0.0250  0.0247  0.0248
  0.0249  0.0249  0.0249  0.0249  0.0249  0.0249  0.0247  0.0247  0.0247  0.0247  0.0247  0.0247
  0.0251  0.0251  0.0250  0.0249  0.0250  0.0247  0.0249  0.0250  0.0248  0.0249  0.0248  0.0248
  0.0257  0.0256  0.0252  0.0252  0.0254  0.0248  0.0253  0.0258  0.0251  0.0255  0.0250  0.0251
  0.0266  0.0263  0.0256  0.0261  0.0262  0.0254  0.0259  0.0271  0.0256  0.0265  0.0253  0.0254
niter,ni,del,rscale     4    3    5.0000    0.7000
parameters
    1.7240   32.6395   14.5291   -1.8383   -7.8555    2.7566
    6.1070    2.2070   -2.6996    4.7406   -2.0426   -9.0577
eta,q 0.97534  8.13071
  0.0261  0.0257  0.0253  0.0259  0.0257  0.0255  0.0256  0.0264  0.0254  0.0260  0.0250  0.0251
  0.0254  0.0251  0.0250  0.0254  0.0252  0.0252  0.0251  0.0255  0.0250  0.0253  0.0248  0.0249
  0.0249  0.0248  0.0248  0.0250  0.0248  0.0249  0.0248  0.0249  0.0248  0.0249  0.0247  0.0247
  0.0247  0.0247  0.0247  0.0247  0.0247  0.0247  0.0247  0.0247  0.0247  0.0247  0.0247  0.0247
  0.0248  0.0249  0.0248  0.0247  0.0248  0.0246  0.0248  0.0248  0.0247  0.0248  0.0247  0.0247
  0.0252  0.0252  0.0249  0.0251  0.0251  0.0249  0.0251  0.0254  0.0249  0.0252  0.0248  0.0249
  0.0259  0.0257  0.0252  0.0258  0.0257  0.0255  0.0256  0.0264  0.0253  0.0260  0.0251  0.0251
niter,ni,del,rscale     3    3    5.0000    0.6000
parameters
    1.7421   32.6188   14.5446   -1.6998   -7.8185    3.0359
    6.0837    2.1831   -2.6148    4.7571   -2.2172   -9.1948
eta,q 0.97539  8.14523
  0.0257  0.0254  0.0251  0.0256  0.0254  0.0253  0.0253  0.0259  0.0252  0.0256  0.0249  0.0249
  0.0251  0.0250  0.0248  0.0252  0.0250  0.0251  0.0249  0.0252  0.0249  0.0251  0.0247  0.0248
  0.0248  0.0247  0.0247  0.0249  0.0248  0.0248  0.0247  0.0248  0.0247  0.0248  0.0246  0.0246
  0.0247  0.0247  0.0247  0.0247  0.0246  0.0246  0.0246  0.0246  0.0246  0.0246  0.0246  0.0246
  0.0248  0.0248  0.0247  0.0247  0.0247  0.0246  0.0247  0.0248  0.0247  0.0247  0.0247  0.0247
  0.0251  0.0250  0.0248  0.0250  0.0249  0.0248  0.0249  0.0252  0.0248  0.0251  0.0248  0.0248
  0.0256  0.0254  0.0251  0.0256  0.0254  0.0253  0.0253  0.0260  0.0251  0.0257  0.0249  0.0250
niter,ni,del,rscale     2    3    5.0000    0.5000
parameters
    1.7570   32.6027   14.5760   -1.5675   -7.7786    3.3073
    6.0588    2.1534   -2.5293    4.7801   -2.3596   -9.2971
eta,q 0.97542  8.15904
  0.0253  0.0251  0.0249  0.0253  0.0251  0.0252  0.0251  0.0255  0.0250  0.0253  0.0248  0.0248
  0.0249  0.0248  0.0248  0.0250  0.0249  0.0250  0.0248  0.0250  0.0248  0.0249  0.0247  0.0247
  0.0247  0.0247  0.0247  0.0248  0.0247  0.0247  0.0246  0.0247  0.0246  0.0247  0.0246  0.0246
  0.0246  0.0246  0.0246  0.0246  0.0246  0.0246  0.0246  0.0246  0.0246  0.0246  0.0246  0.0246
  0.0247  0.0247  0.0246  0.0246  0.0246  0.0246  0.0246  0.0247  0.0246  0.0246  0.0246  0.0246
  0.0249  0.0249  0.0247  0.0248  0.0248  0.0247  0.0248  0.0250  0.0247  0.0249  0.0247  0.0247
  0.0253  0.0251  0.0249  0.0253  0.0251  0.0251  0.0251  0.0256  0.0249  0.0253  0.0248  0.0249
niter,ni,del,rscale     1    3    5.0000    0.4000
parameters
    1.7665   32.5904   14.6155   -1.4649   -7.7421    3.5296
    6.0461    2.1209   -2.4718    4.8171   -2.4856   -9.3639
eta,q 0.97544  8.17024
  0.0250  0.0249  0.0248  0.0251  0.0249  0.0250  0.0249  0.0252  0.0248  0.0251  0.0247  0.0247
  0.0248  0.0247  0.0247  0.0248  0.0247  0.0248  0.0247  0.0248  0.0247  0.0248  0.0246  0.0246
  0.0246  0.0246  0.0246  0.0247  0.0246  0.0247  0.0246  0.0246  0.0246  0.0246  0.0246  0.0246
  0.0246  0.0246  0.0246  0.0246  0.0246  0.0246  0.0246  0.0246  0.0246  0.0246  0.0246  0.0246
  0.0246  0.0246  0.0246  0.0246  0.0246  0.0246  0.0246  0.0246  0.0246  0.0246  0.0246  0.0246
  0.0248  0.0247  0.0247  0.0247  0.0247  0.0247  0.0247  0.0249  0.0247  0.0248  0.0246  0.0246
  0.0250  0.0249  0.0248  0.0250  0.0249  0.0249  0.0249  0.0252  0.0248  0.0250  0.0247  0.0247
registration optimization eta report
parameter search radius
    0.8000    0.8000    0.8000    2.4000    2.4000    2.4000
    2.4000    2.4000    2.4000    2.4000    2.4000    2.4000
100000*second partial in parameter space
       71.       53.       32.        8.        6.        6.
        5.       11.        4.        8.        2.        3.
  0.0250  0.0249  0.0248  0.0251  0.0249  0.0250  0.0249  0.0252  0.0248  0.0251  0.0247  0.0247
  0.0248  0.0247  0.0247  0.0248  0.0247  0.0248  0.0247  0.0248  0.0247  0.0248  0.0246  0.0246
  0.0246  0.0246  0.0246  0.0247  0.0246  0.0247  0.0246  0.0246  0.0246  0.0246  0.0246  0.0246
  0.0246  0.0246  0.0246  0.0246  0.0246  0.0246  0.0246  0.0246  0.0246  0.0246  0.0246  0.0246
  0.0246  0.0246  0.0246  0.0246  0.0246  0.0246  0.0246  0.0246  0.0246  0.0246  0.0246  0.0246
  0.0248  0.0247  0.0247  0.0247  0.0247  0.0247  0.0247  0.0249  0.0247  0.0248  0.0246  0.0246
  0.0250  0.0249  0.0248  0.0250  0.0249  0.0249  0.0249  0.0252  0.0248  0.0250  0.0247  0.0247
    1.7665   32.5904   14.6155   -1.4649   -7.7421    3.5296
    6.0461    2.1209   -2.4718    4.8171   -2.4856   -9.3639
eta,q 0.97544  8.17024

---------------------------------------------------------------------
imgreg_4dfp /opt/freesurfer/average/711-2C_as_mni_average_305 /opt/freesurfer/average/711-2B_as_mni_average_305_mask talsrcimg_g11 none talsrcimg_to_711-2C_as_mni_average_305_t4 2311
---------------------------------------------------------------------

freesurfer imgreg_4dfp.c
/opt/freesurfer/average/711-2C_as_mni_average_305.4dfp.img
       256       256       256         1
  1.000000  1.000000  1.000000
orientation T byte_order littleendian
Reading image: /opt/freesurfer/average/711-2C_as_mni_average_305.4dfp.img
dimensions:      256       256       256
mmppix:       1.0000   -1.0000   -1.0000
center:     128.0000 -129.0000 -129.0000
/opt/freesurfer/average/711-2B_as_mni_average_305_mask.4dfp.img
       256       256       256         1
  1.000000  1.000000  1.000000
orientation T byte_order littleendian
Reading mask: /opt/freesurfer/average/711-2B_as_mni_average_305_mask.4dfp.img (2306576 pixels)
talsrcimg_g11.4dfp.img
       256       256       256         1
  1.000000  1.000000  1.000000
orientation T byte_order littleendian
Reading image: talsrcimg_g11.4dfp.img
dimensions:      256       256       256
mmppix:       1.0000   -1.0000   -1.0000
center:     128.0000 -129.0000 -129.0000
fimgreg.f
image alignment mode   2311 decimal      907 hex
parameters
    1.7665   32.5904   14.6155   -1.4648   -7.7421    3.5296
    6.0461    2.1209   -2.4718    4.8171   -2.4856   -9.3639
eta,q 0.97544  8.17025
niter,ni,del,rscale     5    3    5.0000    0.8000
parameters
    1.7724   32.6388   14.6700   -1.8845   -7.9171    2.8616
    6.0671    2.2749   -2.5536    4.7402   -2.1072   -9.0083
eta,q 0.97534  8.13054
  0.0263  0.0260  0.0254  0.0258  0.0258  0.0255  0.0259  0.0270  0.0256  0.0263  0.0252  0.0253
  0.0254  0.0252  0.0250  0.0253  0.0251  0.0252  0.0252  0.0258  0.0251  0.0254  0.0249  0.0250
  0.0248  0.0247  0.0247  0.0248  0.0248  0.0248  0.0248  0.0250  0.0248  0.0249  0.0247  0.0248
  0.0246  0.0246  0.0246  0.0246  0.0246  0.0246  0.0247  0.0247  0.0247  0.0247  0.0247  0.0247
  0.0248  0.0247  0.0246  0.0248  0.0247  0.0247  0.0248  0.0248  0.0248  0.0248  0.0247  0.0247
  0.0254  0.0251  0.0249  0.0255  0.0252  0.0253  0.0252  0.0256  0.0251  0.0255  0.0248  0.0249
  0.0263  0.0258  0.0253  0.0266  0.0260  0.0266  0.0258  0.0268  0.0256  0.0265  0.0251  0.0251
niter,ni,del,rscale     4    3    5.0000    0.7000
parameters
    1.7446   32.6091   14.5754   -1.8378   -7.8746    2.8212
    6.0649    2.2365   -2.6181    4.7205   -2.0847   -9.0355
eta,q 0.97535  8.13175
  0.0259  0.0256  0.0252  0.0258  0.0256  0.0254  0.0256  0.0264  0.0254  0.0260  0.0250  0.0251
  0.0252  0.0251  0.0248  0.0253  0.0251  0.0252  0.0251  0.0254  0.0250  0.0253  0.0248  0.0249
  0.0248  0.0247  0.0247  0.0249  0.0248  0.0249  0.0247  0.0248  0.0247  0.0248  0.0247  0.0247
  0.0247  0.0247  0.0247  0.0247  0.0246  0.0246  0.0247  0.0247  0.0247  0.0247  0.0247  0.0247
  0.0248  0.0248  0.0248  0.0247  0.0247  0.0246  0.0248  0.0248  0.0247  0.0248  0.0247  0.0247
  0.0253  0.0252  0.0250  0.0251  0.0250  0.0249  0.0251  0.0254  0.0250  0.0253  0.0248  0.0249
  0.0260  0.0257  0.0253  0.0259  0.0257  0.0257  0.0256  0.0265  0.0254  0.0261  0.0250  0.0251
niter,ni,del,rscale     3    3    5.0000    0.6000
parameters
    1.7463   32.6080   14.5609   -1.7031   -7.8230    3.0432
    6.0724    2.1879   -2.5940    4.7427   -2.2083   -9.1644
eta,q 0.97539  8.14501
  0.0256  0.0254  0.0251  0.0256  0.0254  0.0253  0.0253  0.0259  0.0252  0.0256  0.0249  0.0249
  0.0251  0.0250  0.0248  0.0252  0.0250  0.0251  0.0249  0.0252  0.0249  0.0251  0.0247  0.0248
  0.0248  0.0247  0.0247  0.0249  0.0248  0.0248  0.0247  0.0248  0.0247  0.0248  0.0246  0.0246
  0.0246  0.0246  0.0247  0.0246  0.0246  0.0246  0.0246  0.0246  0.0246  0.0246  0.0246  0.0246
  0.0248  0.0248  0.0247  0.0247  0.0247  0.0246  0.0247  0.0248  0.0247  0.0247  0.0247  0.0247
  0.0251  0.0250  0.0249  0.0250  0.0249  0.0248  0.0249  0.0252  0.0249  0.0250  0.0247  0.0248
  0.0256  0.0254  0.0251  0.0255  0.0254  0.0253  0.0253  0.0260  0.0251  0.0257  0.0249  0.0250
niter,ni,del,rscale     2    3    5.0000    0.5000
parameters
    1.7563   32.5975   14.5808   -1.5712   -7.7726    3.3036
    6.0604    2.1516   -2.5330    4.7689   -2.3441   -9.3042
eta,q 0.97542  8.15900
  0.0253  0.0251  0.0249  0.0253  0.0251  0.0251  0.0251  0.0255  0.0250  0.0253  0.0248  0.0248
  0.0249  0.0248  0.0248  0.0250  0.0249  0.0250  0.0248  0.0250  0.0248  0.0249  0.0247  0.0247
  0.0247  0.0247  0.0246  0.0248  0.0247  0.0248  0.0246  0.0247  0.0246  0.0247  0.0246  0.0246
  0.0246  0.0246  0.0246  0.0246  0.0246  0.0246  0.0246  0.0246  0.0246  0.0246  0.0246  0.0246
  0.0247  0.0247  0.0246  0.0246  0.0246  0.0246  0.0246  0.0247  0.0246  0.0246  0.0246  0.0246
  0.0249  0.0249  0.0247  0.0248  0.0248  0.0247  0.0248  0.0250  0.0247  0.0249  0.0247  0.0247
  0.0253  0.0251  0.0249  0.0253  0.0251  0.0251  0.0251  0.0256  0.0250  0.0253  0.0248  0.0249
niter,ni,del,rscale     1    3    5.0000    0.4000
parameters
    1.7644   32.5894   14.6221   -1.4663   -7.7469    3.5399
    6.0393    2.1195   -2.4842    4.8165   -2.4827   -9.3692
eta,q 0.97543  8.17035
  0.0250  0.0249  0.0248  0.0251  0.0249  0.0250  0.0249  0.0252  0.0248  0.0251  0.0247  0.0247
  0.0248  0.0247  0.0247  0.0248  0.0247  0.0248  0.0247  0.0248  0.0247  0.0248  0.0246  0.0246
  0.0246  0.0246  0.0246  0.0247  0.0246  0.0247  0.0246  0.0246  0.0246  0.0246  0.0246  0.0246
  0.0246  0.0246  0.0246  0.0246  0.0246  0.0246  0.0246  0.0246  0.0246  0.0246  0.0246  0.0246
  0.0246  0.0246  0.0246  0.0246  0.0246  0.0246  0.0246  0.0246  0.0246  0.0246  0.0246  0.0246
  0.0248  0.0247  0.0247  0.0247  0.0247  0.0247  0.0247  0.0249  0.0247  0.0248  0.0246  0.0247
  0.0250  0.0249  0.0248  0.0250  0.0249  0.0249  0.0249  0.0252  0.0248  0.0250  0.0247  0.0247
registration optimization eta report
parameter search radius
    0.8000    0.8000    0.8000    2.4000    2.4000    2.4000
    2.4000    2.4000    2.4000    2.4000    2.4000    2.4000
100000*second partial in parameter space
       71.       53.       31.        8.        6.        6.
        5.       11.        4.        8.        2.        3.
  0.0250  0.0249  0.0248  0.0251  0.0249  0.0250  0.0249  0.0252  0.0248  0.0251  0.0247  0.0247
  0.0248  0.0247  0.0247  0.0248  0.0247  0.0248  0.0247  0.0248  0.0247  0.0248  0.0246  0.0246
  0.0246  0.0246  0.0246  0.0247  0.0246  0.0247  0.0246  0.0246  0.0246  0.0246  0.0246  0.0246
  0.0246  0.0246  0.0246  0.0246  0.0246  0.0246  0.0246  0.0246  0.0246  0.0246  0.0246  0.0246
  0.0246  0.0246  0.0246  0.0246  0.0246  0.0246  0.0246  0.0246  0.0246  0.0246  0.0246  0.0246
  0.0248  0.0247  0.0247  0.0247  0.0247  0.0247  0.0247  0.0249  0.0247  0.0248  0.0246  0.0247
  0.0250  0.0249  0.0248  0.0250  0.0249  0.0249  0.0249  0.0252  0.0248  0.0250  0.0247  0.0247
    1.7644   32.5894   14.6221   -1.4663   -7.7469    3.5399
    6.0393    2.1195   -2.4842    4.8165   -2.4827   -9.3692
eta,q 0.97543  8.17035

---------------------------------------------------------------------
compute_vox2vox talsrcimg talsrcimg_to_711-2C_as_mni_average_305_t4 /opt/freesurfer/average/711-2C_as_mni_average_305
---------------------------------------------------------------------

freesurfer compute_vox2vox.c
Reading: talsrcimg.4dfp.ifh
Reading: talsrcimg_to_711-2C_as_mni_average_305_t4
Reading: /opt/freesurfer/average/711-2C_as_mni_average_305.4dfp.ifh
Writing: talsrcimg_to_711-2C_as_mni_average_305_t4_vox2vox.txt

start time Tue Mar 10 09:44:07 CET 2026
end		time Tue Mar 10 09:45:38 CET 2026

mpr2mni305 success

avi2talxfm orig_nu.mgz /opt/freesurfer/average/mni305.cor.mgz talsrcimg_to_711-2C_as_mni_average_305_t4_vox2vox.txt transforms/talairach.auto.xfm
avi2talxfm done
mv -f /out/sourcedata/freesurfer/sub-v2s0x29037_ses-1/mri/talsrcimg_to_711-2C_as_mni_average_305_t4_vox2vox.txt /out/sourcedata/freesurfer/sub-v2s0x29037_ses-1/mri/transforms/talsrcimg_to_711-2C_as_mni_average_305_t4_vox2vox.txt
lta_convert --src orig_nu.mgz --trg /opt/freesurfer/average/mni305.cor.mgz --inxfm transforms/talairach.auto.xfm --outlta transforms/talairach.auto.xfm.lta --subject fsaverage
7.3.2

--src: orig_nu.mgz src image (geometry).
--trg: /opt/freesurfer/average/mni305.cor.mgz trg image (geometry).
--inmni: transforms/talairach.auto.xfm input MNI/XFM transform.
--outlta: transforms/talairach.auto.xfm.lta output LTA.
--s: fsaverage subject name
 LTA read, type : 1
 1.01272  -0.01756  -0.06808   0.51844;
 0.02662   0.96081   0.09584  -47.08669;
 0.02588  -0.05064   1.07714  -34.31688;
 0.00000   0.00000   0.00000   1.00000;
setting subject to fsaverage
Writing  LTA to file transforms/talairach.auto.xfm.lta...
lta_convert successful.
 
 
Started at Tue Mar 10 09:44:07 CET 2026
Ended   at Tue Mar 10 09:45:38 CET 2026
talairach_avi done
