Logfile for bbregister
Tue Mar 10 12:09:19 CET 2026

setenv SUBJECTS_DIR /out/sourcedata/freesurfer
cd /out/sourcedata/freesurfer/sub-v2s0x29035_ses-1/scripts
/opt/freesurfer/bin/bbregister --s sub-v2s0x29035_ses-1 --mov /out/sourcedata/freesurfer/sub-v2s0x29035_ses-1/mri/orig/FLAIRraw.mgz --lta /out/sourcedata/freesurfer/sub-v2s0x29035_ses-1/mri/transforms/FLAIRraw.auto.lta --init-coreg --T2 --gm-proj-abs 2 --wm-proj-abs 1 --no-coreg-ref-mask

bbregister 7.3.2
Linux dna010 5.14.0-427.37.1.el9_4.x86_64 #1 SMP PREEMPT_DYNAMIC Fri Sep 13 12:41:50 EDT 2024 x86_64 x86_64 x86_64 GNU/Linux
FREESURFER_HOME /opt/freesurfer
mri_convert /out/sourcedata/freesurfer/sub-v2s0x29035_ses-1/mri/orig/FLAIRraw.mgz /out/sourcedata/freesurfer/sub-v2s0x29035_ses-1/mri/transforms/tmp.bbregister.3698275/template.nii
mri_convert /out/sourcedata/freesurfer/sub-v2s0x29035_ses-1/mri/orig/FLAIRraw.mgz /out/sourcedata/freesurfer/sub-v2s0x29035_ses-1/mri/transforms/tmp.bbregister.3698275/template.nii 
reading from /out/sourcedata/freesurfer/sub-v2s0x29035_ses-1/mri/orig/FLAIRraw.mgz...
TR=0.00, TE=0.00, TI=0.00, flip angle=0.00
i_ras = (-1, 0, 0)
j_ras = (0, 1, 0)
k_ras = (0, 0, 1)
writing to /out/sourcedata/freesurfer/sub-v2s0x29035_ses-1/mri/transforms/tmp.bbregister.3698275/template.nii...
mri_coreg --s sub-v2s0x29035_ses-1 --mov /out/sourcedata/freesurfer/sub-v2s0x29035_ses-1/mri/transforms/tmp.bbregister.3698275/template.nii --regdat /out/sourcedata/freesurfer/sub-v2s0x29035_ses-1/mri/transforms/tmp.bbregister.3698275/reg.init.dat --reg /out/sourcedata/freesurfer/sub-v2s0x29035_ses-1/mri/transforms/tmp.bbregister.3698275/mri_coreg.lta --nthreads 4 --dof 6 --sep 4 --ftol .0001 --linmintol .01 --no-ref-mask

$Id: mri_coreg.c,v 1.27 2016/04/30 15:11:49 greve Exp $
cwd /out/sourcedata/freesurfer/sub-v2s0x29035_ses-1/scripts
cmdline mri_coreg --s sub-v2s0x29035_ses-1 --mov /out/sourcedata/freesurfer/sub-v2s0x29035_ses-1/mri/transforms/tmp.bbregister.3698275/template.nii --regdat /out/sourcedata/freesurfer/sub-v2s0x29035_ses-1/mri/transforms/tmp.bbregister.3698275/reg.init.dat --reg /out/sourcedata/freesurfer/sub-v2s0x29035_ses-1/mri/transforms/tmp.bbregister.3698275/mri_coreg.lta --nthreads 4 --dof 6 --sep 4 --ftol .0001 --linmintol .01 --no-ref-mask 
sysname  Linux
hostname dna010
machine  x86_64
user     oesteban
dof    6
nsep    1
cras0    1
ftol    0.000100
linmintol    0.010000
bf       1
bflim    30.000000
bfnsamp    30
SmoothRef 0
SatPct    99.990000
MovOOB 0
optschema 1
Seed 53
Reading in mov /out/sourcedata/freesurfer/sub-v2s0x29035_ses-1/mri/transforms/tmp.bbregister.3698275/template.nii
Reading in ref /out/sourcedata/freesurfer/sub-v2s0x29035_ses-1/mri/brainmask.mgz
Setting cras translation parameters to align volume centers
Creating random numbers for coordinate dithering
Performing intensity dithering
Performing intensity dithering on mov with computed dither
Init matrix params -1.0563 -0.0273 -1.0273  0.0000  0.0000  0.0000  1.0000  1.0000  1.0000  0.0000  0.0000  0.0000 
Initial parameters to be opt -1.0563 -0.0273 -1.0273  0.0000  0.0000  0.0000 
Separation list (1):  4   min = 4
DoSmoothing 1
DoCoordDither 1
DoIntensityDither 1
nitersmax 4
ftol 1.000e-04
linmintol 1.000e-02
SatPct 99.990000
Hist FWHM 7.000000 7.000000
nthreads 4
movsat = 68.0000
mov gstd 1.8943 1.8943 1.8943
Smoothing mov
refsat = 114.0000
ref gstd 1.8914 1.8914 1.8914
Smoothing ref
COREGpreproc() done
Testing if mov and target overlap
Init cost   -1.0635804612
nhits = 176015 out of 16777216, Percent Overlap:  67.1
Initial  RefRAS-to-MovRAS
 1.00000   0.00000   0.00000  -1.05625;
 0.00000   1.00000   0.00000  -0.02734;
 0.00000   0.00000   1.00000  -1.02734;
 0.00000   0.00000   0.00000   1.00000;
Initial  RefVox-to-MovVox
 1.02400   0.00000   0.00000  -37.55999;
 0.00000   0.00000   1.02400  -3.06000;
 0.00000  -1.02400   0.00000   258.06000;
 0.00000   0.00000   0.00000   1.00000;
sep = 4 -----------------------------------
COREGoptBruteForce() 30 1 30
Turning on MovOOB for BruteForce Search
#BF# sep= 4 iter=0 lim=30.0 delta=2.00  -1.05625  -0.02734  -3.02734   0.00000   0.00000   0.00000   -1.0558158
Turning  MovOOB back off after brute force search


---------------------------------
Init Powel Params dof = 6: -1.056252 -0.027344 -3.027344 0.000000 0.000000 0.000000 
Starting OpenPowel2(), sep = 4
InitialCost        -1.0671950579 
#@#  4  188  -1.05625 -0.02734 -3.02734 0.00000 0.00000 0.00000   -1.0671951
fs_powell::minimize
  nparams 6
  maxfev 4
  ftol   0.000100
  linmin_xtol_   0.010000
  powell nthiter 0: fret = -1.067195
#@#  4  194  -0.67429 -0.02734 -3.02734 0.00000 0.00000 0.00000   -1.0673729
#@#  4  204  -0.67429 -0.04653 -3.02734 0.00000 0.00000 0.00000   -1.0673747
#@#  4  212  -0.67429 -0.04653 -3.64538 0.00000 0.00000 0.00000   -1.0675110
#@#  4  214  -0.67429 -0.04653 -3.43808 0.00000 0.00000 0.00000   -1.0675621
#@#  4  215  -0.67429 -0.04653 -3.42808 0.00000 0.00000 0.00000   -1.0675627
#@#  4  217  -0.67429 -0.04653 -3.41677 0.00000 0.00000 0.00000   -1.0675629
#@#  4  222  -0.67429 -0.04653 -3.41677 -0.61803 0.00000 0.00000   -1.0679629
#@#  4  224  -0.67429 -0.04653 -3.41677 -0.76363 0.00000 0.00000   -1.0679809
#@#  4  226  -0.67429 -0.04653 -3.41677 -0.75363 0.00000 0.00000   -1.0679818
#@#  4  233  -0.67429 -0.04653 -3.41677 -0.75363 -0.61803 0.00000   -1.0680745
#@#  4  235  -0.67429 -0.04653 -3.41677 -0.75363 -0.43195 0.00000   -1.0680922
#@#  4  237  -0.67429 -0.04653 -3.41677 -0.75363 -0.40763 0.00000   -1.0680958
#@#  4  250  -0.67429 -0.04653 -3.41677 -0.75363 -0.40763 0.01000   -1.0680962
  powell nthiter 1: fret = -1.068096
#@#  4  259  -0.61114 -0.04653 -3.41677 -0.75363 -0.40763 0.01000   -1.0680985
#@#  4  263  -0.59973 -0.04653 -3.41677 -0.75363 -0.40763 0.01000   -1.0680997
#@#  4  264  -0.58632 -0.04653 -3.41677 -0.75363 -0.40763 0.01000   -1.0681008
#@#  4  272  -0.58632 0.06695 -3.41677 -0.75363 -0.40763 0.01000   -1.0681159
#@#  4  281  -0.58632 0.07695 -3.63927 -0.75363 -0.40763 0.01000   -1.0681964
#@#  4  283  -0.58632 0.07695 -3.65927 -0.75363 -0.40763 0.01000   -1.0681968
#@#  4  294  -0.58632 0.07695 -3.65927 -0.88657 -0.40763 0.01000   -1.0682144
#@#  4  295  -0.58632 0.07695 -3.65927 -0.89751 -0.40763 0.01000   -1.0682145
#@#  4  296  -0.58632 0.07695 -3.65927 -0.90751 -0.40763 0.01000   -1.0682154
#@#  4  300  -0.58632 0.07695 -3.65927 -0.91751 -0.40763 0.01000   -1.0682161
#@#  4  307  -0.58632 0.07695 -3.65927 -0.91751 -0.52337 0.01000   -1.0682269
#@#  4  308  -0.58632 0.07695 -3.65927 -0.91751 -0.54226 0.01000   -1.0682272
#@#  4  309  -0.58632 0.07695 -3.65927 -0.91751 -0.55226 0.01000   -1.0682279
#@#  4  312  -0.58632 0.07695 -3.65927 -0.91751 -0.57864 0.01000   -1.0682303
#@#  4  321  -0.58632 0.07695 -3.65927 -0.91751 -0.57864 0.08527   -1.0682304
  powell nthiter 2: fret = -1.068230
#@#  4  332  -0.57324 0.07695 -3.65927 -0.91751 -0.57864 0.03922   -1.0682315
#@#  4  333  -0.55727 0.07695 -3.65927 -0.91751 -0.57864 0.03922   -1.0682319
#@#  4  334  -0.54727 0.07695 -3.65927 -0.91751 -0.57864 0.03922   -1.0682330
#@#  4  344  -0.54727 0.10399 -3.65927 -0.91751 -0.57864 0.03922   -1.0682352
#@#  4  345  -0.54727 0.12116 -3.65927 -0.91751 -0.57864 0.03922   -1.0682360
#@#  4  348  -0.54727 0.13116 -3.65927 -0.91751 -0.57864 0.03922   -1.0682367
#@#  4  355  -0.54727 0.13116 -3.70193 -0.91751 -0.57864 0.03922   -1.0682383
#@#  4  356  -0.54727 0.13116 -3.69193 -0.91751 -0.57864 0.03922   -1.0682389
#@#  4  357  -0.54727 0.13116 -3.68193 -0.91751 -0.57864 0.03922   -1.0682391
Powell done niters total = 2
OptTimeSec  8.8 sec
OptTimeMin  0.15 min
nEvals 390
Final optimized parameters  -0.54727328   0.13116181  -3.68193221  -0.91750526  -0.57864040   0.03921775 
Final matrix parameters -0.5473  0.1312 -3.6819 -0.9175 -0.5786  0.0261  1.0000  1.0000  1.0000  0.0000  0.0000  0.0000 
Final cost   -1.068239072454847
 

---------------------------------
Final  RefRAS-to-MovRAS
 0.99995   0.00068  -0.01010  -0.54727;
-0.00085   0.99987  -0.01601   0.13116;
 0.01009   0.01602   0.99982  -3.68193;
 0.00000   0.00000   0.00000   1.00000;
Final  RefVox-to-MovVox
 1.02395  -0.01034  -0.00070  -36.82507;
 0.00087   0.01640   1.02387  -4.86319;
-0.01033  -1.02382   0.01640   254.97543;
 0.00000   0.00000   0.00000   1.00000;
Final matrix parameters -0.5473  0.1312 -3.6819 -0.9175 -0.5786  0.0392  0.0000  0.0000  0.0000  0.0000  0.0000  0.0000 
Final opt parameters -0.5473  0.1312 -3.6819 -0.9175 -0.5786  0.0392 
nhits = 175795 out of 16777216, Percent Overlap:  67.1
mri_coreg RunTimeSec 58.1 sec
To check run:
   tkregisterfv --mov /out/sourcedata/freesurfer/sub-v2s0x29035_ses-1/mri/transforms/tmp.bbregister.3698275/template.nii --targ /out/sourcedata/freesurfer/sub-v2s0x29035_ses-1/mri/brainmask.mgz --reg /out/sourcedata/freesurfer/sub-v2s0x29035_ses-1/mri/transforms/tmp.bbregister.3698275/mri_coreg.lta --s sub-v2s0x29035_ses-1 --surfs 

mri_coreg done

mri_segreg --mov /out/sourcedata/freesurfer/sub-v2s0x29035_ses-1/mri/transforms/tmp.bbregister.3698275/template.nii --init-reg /out/sourcedata/freesurfer/sub-v2s0x29035_ses-1/mri/transforms/tmp.bbregister.3698275/reg.init.dat --out-reg /out/sourcedata/freesurfer/sub-v2s0x29035_ses-1/mri/transforms/tmp.bbregister.3698275/bbr.pass1.dat --subsamp-brute 100 --subsamp 100 --tol 1e-4 --tol1d 1e-3 --brute -4 4 4 --surf white --gm-proj-abs 2 --gm-gt-wm 0.5
7.3.2
setenv SUBJECTS_DIR /out/sourcedata/freesurfer
cd /out/sourcedata/freesurfer/sub-v2s0x29035_ses-1/scripts
mri_segreg --mov /out/sourcedata/freesurfer/sub-v2s0x29035_ses-1/mri/transforms/tmp.bbregister.3698275/template.nii --init-reg /out/sourcedata/freesurfer/sub-v2s0x29035_ses-1/mri/transforms/tmp.bbregister.3698275/reg.init.dat --out-reg /out/sourcedata/freesurfer/sub-v2s0x29035_ses-1/mri/transforms/tmp.bbregister.3698275/bbr.pass1.dat --subsamp-brute 100 --subsamp 100 --tol 1e-4 --tol1d 1e-3 --brute -4 4 4 --surf white --gm-proj-abs 2 --gm-gt-wm 0.5 
sysname  Linux
hostname dna010
machine  x86_64
user     oesteban
movvol /out/sourcedata/freesurfer/sub-v2s0x29035_ses-1/mri/transforms/tmp.bbregister.3698275/template.nii
regfile /out/sourcedata/freesurfer/sub-v2s0x29035_ses-1/mri/transforms/tmp.bbregister.3698275/reg.init.dat
subject sub-v2s0x29035_ses-1
dof 6
outregfile /out/sourcedata/freesurfer/sub-v2s0x29035_ses-1/mri/transforms/tmp.bbregister.3698275/bbr.pass1.dat
UseMask 0
UseLH 1
UseRH 1
nsubsamp 100
PenaltySign  -1
PenaltySlope 0.500000
PenaltyCenter 0.000000
surfname white
GMProjAbs 2.000000
WMProjAbs 2.000000
lhcostfile (null)
rhcostfile (null)
interp  trilinear (1)
frame  0
TolPowell 0.000100
nMaxItersPowell 36
n1dmin  3
Profile   0
Gdiag_no  -1
AddNoise  0 (0)
SynthSeed 1774034669
TransRandMax 0.000000
RotRandMax 0.000000
Translations 0.000000 0.000000 0.000000
Rotations   0.000000 0.000000 0.000000
Input reg
 0.99995   0.00068  -0.01010   0.65742;
 0.01009   0.01602   0.99982  -3.21815;
 0.00085  -0.99987   0.01601  -0.39215;
 0.00000   0.00000   0.00000   1.00000;

Loading mov
ExcludeZeroVoxels 1
Reading in targ vol /out/sourcedata/freesurfer/sub-v2s0x29035_ses-1/mri/orig.mgz
Projecting LH Surfs
Loading lh.white surf
GM Proj: 0 0.500000 2.000000
WM Proj: 0 0.500000 2.000000
Projecting RH Surfs
Loading rh.white surf
Projecting RH Surfs
Using lh.cortex.label
Using rh.cortex.label
Computing relative cost
 0  -25.0 -25.0 -25.0   1.036437
 1  -25.0 -25.0  25.0   1.043896
 2  -25.0  25.0 -25.0   1.063074
 3  -25.0  25.0  25.0   1.028220
 4   25.0 -25.0 -25.0   1.035171
 5   25.0 -25.0  25.0   1.047977
 6   25.0  25.0 -25.0   0.985095
 7   25.0  25.0  25.0   1.045881
REL:  8  0.436410    8.285751  1.035719 rel = 0.421359 
Initial costs ----------------
Number of surface hits 2750
WM  Intensity    37.5584 +/-   5.2604
Ctx Intensity    42.7778 +/-   8.9343
Pct Contrast     11.2481 +/-  24.9959
Cost   0.4364
RelCost   0.4214

------------------------------------
Brute force preopt -4 4 4, n = 729
     0  -4.0000  -4.0000  -4.0000  -4.0000  -4.0000  -4.0000      1.0464   1.0464  0.0
     1  -4.0000  -4.0000  -4.0000  -4.0000  -4.0000   0.0000      1.0100   1.0100  0.0
     7  -4.0000  -4.0000  -4.0000  -4.0000   4.0000   0.0000      0.9894   0.9894  0.0
    15  -4.0000  -4.0000  -4.0000   0.0000   4.0000  -4.0000      0.9441   0.9441  0.0
   105  -4.0000   0.0000  -4.0000   4.0000   4.0000  -4.0000      0.9333   0.9333  0.0
   120  -4.0000   0.0000   0.0000   0.0000   0.0000  -4.0000      0.8645   0.8645  0.0
   346   0.0000   0.0000  -4.0000   4.0000   0.0000   0.0000      0.8131   0.8131  0.0
   364   0.0000   0.0000   0.0000   0.0000   0.0000   0.0000      0.4364   0.4364  0.0
Brute Force --------------------------
Min cost was 0.436410
Number of iterations   729
Search time 1.164321 sec
Parameters at best (transmm, rotdeg)
  0.000   0.000   0.000  0.000  0.000  0.000 
--------------------------------------------

Starting Powell Minimization
Init Powel Params dof = 6
0 0
1 0
2 0
3 0
4 0
5 0
fs_powell::minimize
  nparams 6
  maxfev 36
  ftol   0.000100
  linmin_xtol_   0.001000
  powell nthiter 0: fret = 0.436410
   2  1.000  0.000  0.000  0.000  0.000  0.000   0.4158500139
   6  0.618  0.000  0.000  0.000  0.000  0.000   0.4088399683
   7  0.651  0.000  0.000  0.000  0.000  0.000   0.4085721511
  11  0.644  0.000  0.000  0.000  0.000  0.000   0.4085553885
  21  0.644  0.113  0.000  0.000  0.000  0.000   0.4066817100
  22  0.644  0.086  0.000  0.000  0.000  0.000   0.4062810122
  23  0.644  0.079  0.000  0.000  0.000  0.000   0.4062343574
  24  0.644  0.067  0.000  0.000  0.000  0.000   0.4062287705
  26  0.644  0.073  0.000  0.000  0.000  0.000   0.4062180875
  28  0.644  0.072  0.000  0.000  0.000  0.000   0.4062178841
  39  0.644  0.072  0.051  0.000  0.000  0.000   0.4056294698
  41  0.644  0.072  0.035  0.000  0.000  0.000   0.4054403516
  43  0.644  0.072  0.034  0.000  0.000  0.000   0.4054381595
  44  0.644  0.072  0.033  0.000  0.000  0.000   0.4054373593
  58  0.644  0.072  0.033  0.026  0.000  0.000   0.4048489312
  60  0.644  0.072  0.033  0.027  0.000  0.000   0.4048486313
  72  0.644  0.072  0.033  0.027  0.011  0.000   0.4047388799
  73  0.644  0.072  0.033  0.027  0.015  0.000   0.4047345315
  74  0.644  0.072  0.033  0.027  0.014  0.000   0.4047345051
  83  0.644  0.072  0.033  0.027  0.014  0.042   0.4039402862
  86  0.644  0.072  0.033  0.027  0.014  0.054   0.4038506329
  87  0.644  0.072  0.033  0.027  0.014  0.057   0.4038394537
  98  0.673  0.075  0.034  0.028  0.014  0.060   0.4031222390
 101  0.675  0.075  0.035  0.028  0.014  0.060   0.4031158533
 102  0.677  0.075  0.035  0.028  0.014  0.060   0.4031126012
  powell nthiter 1: fret = 0.403113
 113  0.677  0.075  0.035  0.028  0.014  0.088   0.4030793273
 114  0.677  0.075  0.035  0.028  0.014  0.076   0.4030062080
 116  0.677  0.075  0.035  0.028  0.014  0.077   0.4030052258
 129  0.677  0.085  0.035  0.028  0.014  0.077   0.4029612972
 130  0.677  0.082  0.035  0.028  0.014  0.077   0.4029541617
 142  0.677  0.082  0.081  0.028  0.014  0.077   0.4028943120
 143  0.677  0.082  0.060  0.028  0.014  0.077   0.4025282340
 144  0.677  0.082  0.059  0.028  0.014  0.077   0.4025121710
 146  0.677  0.082  0.054  0.028  0.014  0.077   0.4024905954
 158  0.677  0.082  0.054  0.073  0.014  0.077   0.4024575181
 159  0.677  0.082  0.054  0.053  0.014  0.077   0.4020676513
 160  0.677  0.082  0.054  0.051  0.014  0.077   0.4020562780
 162  0.677  0.082  0.054  0.049  0.014  0.077   0.4020491716
 171  0.677  0.082  0.054  0.049  0.025  0.077   0.4016246735
 173  0.677  0.082  0.054  0.049  0.070  0.077   0.4013091245
 174  0.677  0.082  0.054  0.049  0.054  0.077   0.4011111334
 175  0.677  0.082  0.054  0.049  0.053  0.077   0.4011105876
 176  0.677  0.082  0.054  0.049  0.052  0.077   0.4011098110
 189  0.668  0.081  0.054  0.048  0.051  0.076   0.4010665006
 192  0.691  0.090  0.074  0.070  0.089  0.096   0.3997354313
 199  0.696  0.092  0.078  0.074  0.096  0.099   0.3996891901
  powell nthiter 2: fret = 0.399689
 212  0.696  0.092  0.078  0.074  0.096  0.155   0.3992150032
 213  0.696  0.092  0.078  0.074  0.096  0.131   0.3987758779
 216  0.696  0.092  0.078  0.074  0.096  0.127   0.3987619370
 218  0.696  0.092  0.078  0.074  0.096  0.126   0.3987619129
 229  0.696  0.095  0.078  0.074  0.096  0.126   0.3987556462
 251  0.696  0.095  0.078  0.081  0.096  0.126   0.3984794624
 252  0.696  0.095  0.078  0.090  0.096  0.126   0.3984793882
 254  0.696  0.095  0.078  0.086  0.096  0.126   0.3984204590
 263  0.679  0.093  0.077  0.085  0.096  0.125   0.3983928506
 264  0.681  0.093  0.078  0.085  0.096  0.125   0.3983880330
 265  0.685  0.094  0.078  0.085  0.096  0.125   0.3983808308
 267  0.685  0.094  0.078  0.085  0.096  0.125   0.3983799757
 275  0.684  0.093  0.077  0.084  0.094  0.125   0.3983747368
 276  0.684  0.094  0.077  0.084  0.095  0.125   0.3983736560
  powell nthiter 3: fret = 0.398374
 291  0.684  0.094  0.077  0.084  0.095  0.128   0.3983663708
 302  0.684  0.098  0.077  0.084  0.095  0.128   0.3983384281
 304  0.684  0.100  0.077  0.084  0.095  0.128   0.3983377832
 312  0.684  0.100  0.072  0.084  0.095  0.128   0.3983272737
 314  0.684  0.100  0.073  0.084  0.095  0.128   0.3983236836
 325  0.684  0.100  0.073  0.088  0.095  0.128   0.3982334698
 327  0.684  0.100  0.073  0.091  0.095  0.128   0.3982182861
 338  0.682  0.100  0.073  0.091  0.095  0.128   0.3982139178
 348  0.682  0.099  0.073  0.091  0.094  0.128   0.3982116540
 349  0.681  0.099  0.073  0.090  0.093  0.127   0.3982111236
 353  0.678  0.105  0.068  0.096  0.092  0.130   0.3981338036
 356  0.673  0.115  0.061  0.106  0.090  0.135   0.3980522269
  powell nthiter 4: fret = 0.398052
 377  0.673  0.115  0.061  0.106  0.090  0.133   0.3980378792
 378  0.673  0.115  0.061  0.106  0.090  0.131   0.3980336854
 390  0.673  0.121  0.061  0.106  0.090  0.131   0.3979947519
 391  0.673  0.122  0.061  0.106  0.090  0.131   0.3979942031
 401  0.673  0.122  0.062  0.106  0.090  0.131   0.3979928452
 409  0.677  0.124  0.066  0.109  0.097  0.134   0.3978735321
 410  0.677  0.124  0.066  0.109  0.097  0.134   0.3978730796
 422  0.674  0.124  0.066  0.109  0.097  0.134   0.3978726338
 423  0.676  0.124  0.066  0.109  0.097  0.134   0.3978719748
 424  0.676  0.124  0.066  0.109  0.097  0.134   0.3978712290
 430  0.675  0.126  0.064  0.112  0.097  0.135   0.3978680073
 431  0.676  0.125  0.065  0.111  0.097  0.135   0.3978661769
 433  0.676  0.125  0.065  0.111  0.097  0.135   0.3978657523
  powell nthiter 5: fret = 0.397866
 447  0.676  0.125  0.065  0.111  0.097  0.133   0.3978613971
 459  0.676  0.124  0.065  0.111  0.097  0.133   0.3978593103
 469  0.676  0.124  0.059  0.111  0.097  0.133   0.3978175718
 478  0.676  0.125  0.060  0.111  0.098  0.134   0.3978098571
 480  0.677  0.125  0.060  0.112  0.098  0.134   0.3978096212
 482  0.677  0.125  0.060  0.112  0.098  0.134   0.3978094859
 501  0.676  0.125  0.059  0.112  0.098  0.134   0.3978058932
 508  0.677  0.126  0.053  0.114  0.099  0.134   0.3977998261
 514  0.676  0.125  0.056  0.113  0.099  0.134   0.3977957459
 518  0.676  0.125  0.056  0.113  0.099  0.134   0.3977957027
 519  0.676  0.125  0.056  0.113  0.099  0.134   0.3977956742
 521  0.676  0.125  0.056  0.113  0.099  0.134   0.3977955187
  powell nthiter 6: fret = 0.397796
 533  0.676  0.125  0.056  0.113  0.099  0.133   0.3977935608
 545  0.676  0.124  0.056  0.113  0.099  0.133   0.3977910308
 546  0.676  0.123  0.056  0.113  0.099  0.133   0.3977908712
 554  0.675  0.126  0.054  0.116  0.098  0.134   0.3977851007
 555  0.676  0.125  0.054  0.115  0.098  0.134   0.3977825632
 556  0.676  0.125  0.055  0.115  0.098  0.133   0.3977822922
 559  0.676  0.125  0.055  0.115  0.098  0.133   0.3977819518
 583  0.677  0.125  0.055  0.115  0.098  0.134   0.3977811071
Powell done niters = 6
Computing relative cost
 0  -25.0 -25.0 -25.0   1.056914
 1  -25.0 -25.0  25.0   1.061593
 2  -25.0  25.0 -25.0   1.054827
 3  -25.0  25.0  25.0   1.022135
 4   25.0 -25.0 -25.0   1.045366
 5   25.0 -25.0  25.0   1.027242
 6   25.0  25.0 -25.0   1.010961
 7   25.0  25.0  25.0   1.059825
REL:  8  0.397781    8.338863  1.042358 rel = 0.381617 
Number of iterations     6
Min cost was 0.397781
Number of FunctionCalls   600
TolPowell 0.000100
nMaxItersPowell 36
OptimizationTime 1.099585 sec
Parameters at optimum (transmm)  0.67658  0.12502  0.05458
Parameters at optimum (rotdeg)  0.11480  0.09847  0.13355 
Final costs ----------------
Number of surface hits 2750
WM  Intensity    37.4481 +/-   5.2197
Ctx Intensity    42.8667 +/-   9.0125
Pct Contrast     11.6930 +/-  25.1613
Cost   0.3978
RelCost   0.4214
Reg at min cost was 
 0.99992  -0.00108  -0.01240   1.34081;
 0.01242   0.01802   0.99976  -3.09080;
-0.00085  -0.99984   0.01803  -0.34515;
 0.00000   0.00000   0.00000   1.00000;

Writing optimal reg to /out/sourcedata/freesurfer/sub-v2s0x29035_ses-1/mri/transforms/tmp.bbregister.3698275/bbr.pass1.dat, type = 14 
Original Reg 
 0.99995   0.00068  -0.01010   0.65742;
 0.01009   0.01602   0.99982  -3.21815;
 0.00085  -0.99987   0.01601  -0.39215;
 0.00000   0.00000   0.00000   1.00000;

Original Reg - Optimal Reg
 0.00003   0.00176   0.00230  -0.68340;
-0.00233  -0.00200   0.00006  -0.12735;
 0.00170  -0.00003  -0.00202  -0.04700;
 0.00000   0.00000   0.00000   0.00000;

Computing change in lh position
LH rmsDiffMean 0.659976
Computing change in rh position
Surface-RMS-Diff-mm 0.662848 0.077418 0.856011
mri_segreg done
mri_segreg --mov /out/sourcedata/freesurfer/sub-v2s0x29035_ses-1/mri/transforms/tmp.bbregister.3698275/template.nii --init-reg /out/sourcedata/freesurfer/sub-v2s0x29035_ses-1/mri/transforms/tmp.bbregister.3698275/bbr.pass1.dat --out-reg /out/sourcedata/freesurfer/sub-v2s0x29035_ses-1/mri/transforms/FLAIRraw.auto.dat --interp trilinear --wm-proj-abs 1 --tol 1e-8 --tol1d 1e-3 --c0 0 --mincost /out/sourcedata/freesurfer/sub-v2s0x29035_ses-1/mri/transforms/FLAIRraw.auto.dat.mincost --dof 6 --nmax 36 --param /out/sourcedata/freesurfer/sub-v2s0x29035_ses-1/mri/transforms/FLAIRraw.auto.dat.param --surf white --brute -0.1 0.1 0.1 --cur-reg /out/sourcedata/freesurfer/sub-v2s0x29035_ses-1/mri/transforms/tmp.bbregister.3698275/reg.curopt.dat --gm-proj-abs 2 --nsub 1 --gm-gt-wm 0.5
7.3.2
setenv SUBJECTS_DIR /out/sourcedata/freesurfer
cd /out/sourcedata/freesurfer/sub-v2s0x29035_ses-1/scripts
mri_segreg --mov /out/sourcedata/freesurfer/sub-v2s0x29035_ses-1/mri/transforms/tmp.bbregister.3698275/template.nii --init-reg /out/sourcedata/freesurfer/sub-v2s0x29035_ses-1/mri/transforms/tmp.bbregister.3698275/bbr.pass1.dat --out-reg /out/sourcedata/freesurfer/sub-v2s0x29035_ses-1/mri/transforms/FLAIRraw.auto.dat --interp trilinear --wm-proj-abs 1 --tol 1e-8 --tol1d 1e-3 --c0 0 --mincost /out/sourcedata/freesurfer/sub-v2s0x29035_ses-1/mri/transforms/FLAIRraw.auto.dat.mincost --dof 6 --nmax 36 --param /out/sourcedata/freesurfer/sub-v2s0x29035_ses-1/mri/transforms/FLAIRraw.auto.dat.param --surf white --brute -0.1 0.1 0.1 --cur-reg /out/sourcedata/freesurfer/sub-v2s0x29035_ses-1/mri/transforms/tmp.bbregister.3698275/reg.curopt.dat --gm-proj-abs 2 --nsub 1 --gm-gt-wm 0.5 
sysname  Linux
hostname dna010
machine  x86_64
user     oesteban
movvol /out/sourcedata/freesurfer/sub-v2s0x29035_ses-1/mri/transforms/tmp.bbregister.3698275/template.nii
regfile /out/sourcedata/freesurfer/sub-v2s0x29035_ses-1/mri/transforms/tmp.bbregister.3698275/bbr.pass1.dat
subject sub-v2s0x29035_ses-1
dof 6
outregfile /out/sourcedata/freesurfer/sub-v2s0x29035_ses-1/mri/transforms/FLAIRraw.auto.dat
UseMask 0
UseLH 1
UseRH 1
nsubsamp 1
PenaltySign  -1
PenaltySlope 0.500000
PenaltyCenter 0.000000
surfname white
GMProjAbs 2.000000
WMProjAbs 1.000000
lhcostfile (null)
rhcostfile (null)
interp  trilinear (1)
frame  0
TolPowell 0.000000
nMaxItersPowell 36
n1dmin  3
Profile   0
Gdiag_no  -1
AddNoise  0 (0)
SynthSeed 1773184269
TransRandMax 0.000000
RotRandMax 0.000000
Translations 0.000000 0.000000 0.000000
Rotations   0.000000 0.000000 0.000000
Input reg
 0.99992  -0.00108  -0.01240   1.34081;
 0.01242   0.01802   0.99976  -3.09080;
-0.00085  -0.99984   0.01803  -0.34515;
 0.00000   0.00000   0.00000   1.00000;

Loading mov
ExcludeZeroVoxels 1
Reading in targ vol /out/sourcedata/freesurfer/sub-v2s0x29035_ses-1/mri/orig.mgz
Projecting LH Surfs
Loading lh.white surf
GM Proj: 0 0.500000 2.000000
WM Proj: 0 0.500000 1.000000
Projecting RH Surfs
Loading rh.white surf
Projecting RH Surfs
Using lh.cortex.label
Using rh.cortex.label
Computing relative cost
 0  -25.0 -25.0 -25.0   1.045765
 1  -25.0 -25.0  25.0   1.047799
 2  -25.0  25.0 -25.0   1.040217
 3  -25.0  25.0  25.0   1.029469
 4   25.0 -25.0 -25.0   1.028961
 5   25.0 -25.0  25.0   1.038143
 6   25.0  25.0 -25.0   1.020929
 7   25.0  25.0  25.0   1.044292
REL:  8  0.469643    8.295575  1.036947 rel = 0.452909 
Initial costs ----------------
Number of surface hits 274416
WM  Intensity    38.1863 +/-   5.0280
Ctx Intensity    42.6572 +/-   8.9414
Pct Contrast      9.2314 +/-  25.3122
Cost   0.4696
RelCost   0.4529

------------------------------------
Brute force preopt -0.1 0.1 0.1, n = 729
     0  -0.1000  -0.1000  -0.1000  -0.1000  -0.1000  -0.1000      0.4643   0.4643  0.0
     1  -0.1000  -0.1000  -0.1000  -0.1000  -0.1000   0.0000      0.4611   0.4611  0.0
     4  -0.1000  -0.1000  -0.1000  -0.1000   0.0000   0.0000      0.4600   0.4600  0.0
     9  -0.1000  -0.1000  -0.1000   0.0000  -0.1000  -0.1000      0.4586   0.4586  0.0
    10  -0.1000  -0.1000  -0.1000   0.0000  -0.1000   0.0000      0.4579   0.4579  0.0
    12  -0.1000  -0.1000  -0.1000   0.0000   0.0000  -0.1000      0.4563   0.4563  0.0
    18  -0.1000  -0.1000  -0.1000   0.1000  -0.1000  -0.1000      0.4482   0.4482  0.0
    45  -0.1000  -0.1000   0.0000   0.1000  -0.1000  -0.1000      0.4381   0.4381  0.0
    72  -0.1000  -0.1000   0.1000   0.1000  -0.1000  -0.1000      0.4291   0.4291  0.0
Brute Force --------------------------
Min cost was 0.429091
Number of iterations   729
Search time 0.951563 sec
Parameters at best (transmm, rotdeg)
 -0.100  -0.100   0.100  0.100 -0.100 -0.100 
--------------------------------------------

Starting Powell Minimization
Init Powel Params dof = 6
0 -0.1
1 -0.1
2 0.1
3 0.1
4 -0.1
5 -0.1
fs_powell::minimize
  nparams 6
  maxfev 36
  ftol   0.000000
  linmin_xtol_   0.001000
  powell nthiter 0: fret = 0.453659
   8 -0.101 -0.100  0.100  0.100 -0.100 -0.100   0.4536587337
   9 -0.103 -0.100  0.100  0.100 -0.100 -0.100   0.4536585154
  18 -0.103 -0.231  0.100  0.100 -0.100 -0.100   0.4515429568
  19 -0.103 -0.239  0.100  0.100 -0.100 -0.100   0.4515182545
  20 -0.103 -0.251  0.100  0.100 -0.100 -0.100   0.4515083669
  21 -0.103 -0.248  0.100  0.100 -0.100 -0.100   0.4515076343
  22 -0.103 -0.247  0.100  0.100 -0.100 -0.100   0.4515075919
  31 -0.103 -0.247  0.121  0.100 -0.100 -0.100   0.4514897662
  32 -0.103 -0.247  0.114  0.100 -0.100 -0.100   0.4514842429
  33 -0.103 -0.247  0.113  0.100 -0.100 -0.100   0.4514841027
  41 -0.103 -0.247  0.113  0.153 -0.100 -0.100   0.4503175820
  42 -0.103 -0.247  0.113  0.202 -0.100 -0.100   0.4501933196
  43 -0.103 -0.247  0.113  0.184 -0.100 -0.100   0.4501218480
  44 -0.103 -0.247  0.113  0.183 -0.100 -0.100   0.4501212166
  52 -0.103 -0.247  0.113  0.183 -0.264 -0.100   0.4491114861
  53 -0.103 -0.247  0.113  0.183 -0.238 -0.100   0.4489182466
  54 -0.103 -0.247  0.113  0.183 -0.213 -0.100   0.4488277277
  56 -0.103 -0.247  0.113  0.183 -0.209 -0.100   0.4488258887
  57 -0.103 -0.247  0.113  0.183 -0.210 -0.100   0.4488254073
  65 -0.103 -0.247  0.113  0.183 -0.210 -0.165   0.4483382278
  66 -0.103 -0.247  0.113  0.183 -0.210 -0.173   0.4483142526
  67 -0.103 -0.247  0.113  0.183 -0.210 -0.192   0.4483070455
  69 -0.103 -0.247  0.113  0.183 -0.210 -0.185   0.4482995987
  powell nthiter 1: fret = 0.448300
  79 -0.229 -0.247  0.113  0.183 -0.210 -0.185   0.4476894249
  80 -0.202 -0.247  0.113  0.183 -0.210 -0.185   0.4476240957
  81 -0.199 -0.247  0.113  0.183 -0.210 -0.185   0.4476219151
  82 -0.192 -0.247  0.113  0.183 -0.210 -0.185   0.4476216597
  84 -0.195 -0.247  0.113  0.183 -0.210 -0.185   0.4476206981
  93 -0.195 -0.213  0.113  0.183 -0.210 -0.185   0.4475254250
  94 -0.195 -0.217  0.113  0.183 -0.210 -0.185   0.4475193074
  95 -0.195 -0.220  0.113  0.183 -0.210 -0.185   0.4475185915
 104 -0.195 -0.220 -0.001  0.183 -0.210 -0.185   0.4468214222
 105 -0.195 -0.220  0.018  0.183 -0.210 -0.185   0.4467336503
 106 -0.195 -0.220  0.029  0.183 -0.210 -0.185   0.4467027895
 108 -0.195 -0.220  0.040  0.183 -0.210 -0.185   0.4466938165
 110 -0.195 -0.220  0.041  0.183 -0.210 -0.185   0.4466937305
 119 -0.195 -0.220  0.041  0.184 -0.210 -0.185   0.4466707175
 120 -0.195 -0.220  0.041  0.241 -0.210 -0.185   0.4463796718
 122 -0.195 -0.220  0.041  0.226 -0.210 -0.185   0.4462811796
 123 -0.195 -0.220  0.041  0.222 -0.210 -0.185   0.4462769714
 125 -0.195 -0.220  0.041  0.223 -0.210 -0.185   0.4462768569
 134 -0.195 -0.220  0.041  0.223 -0.212 -0.185   0.4462752717
 135 -0.195 -0.220  0.041  0.223 -0.215 -0.185   0.4462734817
 138 -0.195 -0.220  0.041  0.223 -0.216 -0.185   0.4462733745
 146 -0.195 -0.220  0.041  0.223 -0.216 -0.221   0.4461720195
 147 -0.195 -0.220  0.041  0.223 -0.216 -0.217   0.4461704341
 150 -0.288 -0.193 -0.031  0.263 -0.222 -0.250   0.4450996975
 155 -0.345 -0.176 -0.076  0.287 -0.226 -0.270   0.4450659346
 157 -0.320 -0.184 -0.056  0.276 -0.224 -0.261   0.4450142175
 158 -0.320 -0.184 -0.057  0.277 -0.224 -0.261   0.4450137069
 159 -0.323 -0.183 -0.059  0.278 -0.225 -0.262   0.4450124552
 161 -0.324 -0.183 -0.060  0.278 -0.225 -0.263   0.4450119354
 163 -0.325 -0.182 -0.060  0.279 -0.225 -0.263   0.4450119041
 166 -0.325 -0.182 -0.061  0.279 -0.225 -0.263   0.4450114807
  powell nthiter 2: fret = 0.445011
 175 -0.282 -0.182 -0.061  0.279 -0.225 -0.263   0.4448078086
 186 -0.282 -0.162 -0.061  0.279 -0.225 -0.263   0.4447726299
 187 -0.282 -0.167 -0.061  0.279 -0.225 -0.263   0.4447693960
 196 -0.282 -0.167 -0.061  0.279 -0.225 -0.277   0.4447299407
 198 -0.282 -0.167 -0.061  0.279 -0.225 -0.281   0.4447274427
 208 -0.282 -0.167 -0.061  0.309 -0.225 -0.281   0.4446928864
 209 -0.282 -0.167 -0.061  0.297 -0.225 -0.281   0.4446506230
 220 -0.282 -0.167 -0.061  0.297 -0.213 -0.281   0.4446245560
 228 -0.317 -0.156 -0.088  0.312 -0.215 -0.293   0.4445304579
 229 -0.312 -0.158 -0.084  0.309 -0.215 -0.291   0.4445182016
 230 -0.308 -0.159 -0.081  0.308 -0.214 -0.290   0.4445157600
 232 -0.308 -0.159 -0.081  0.308 -0.214 -0.290   0.4445156666
 237 -0.307 -0.159 -0.080  0.308 -0.214 -0.290   0.4445151857
  powell nthiter 3: fret = 0.444515
 249 -0.308 -0.159 -0.080  0.308 -0.214 -0.290   0.4445151171
 258 -0.308 -0.162 -0.080  0.308 -0.214 -0.290   0.4445141177
 267 -0.308 -0.162 -0.080  0.308 -0.214 -0.293   0.4445097820
 268 -0.308 -0.162 -0.080  0.308 -0.214 -0.298   0.4445090266
 270 -0.308 -0.162 -0.080  0.308 -0.214 -0.296   0.4445085947
 271 -0.308 -0.162 -0.080  0.308 -0.214 -0.295   0.4445084397
 281 -0.308 -0.162 -0.080  0.312 -0.214 -0.295   0.4444972400
 282 -0.308 -0.162 -0.080  0.314 -0.214 -0.295   0.4444969725
 292 -0.308 -0.162 -0.080  0.314 -0.209 -0.295   0.4444893211
 293 -0.308 -0.162 -0.080  0.314 -0.208 -0.295   0.4444884850
 301 -0.313 -0.161 -0.084  0.316 -0.208 -0.297   0.4444842765
 302 -0.314 -0.160 -0.085  0.316 -0.208 -0.297   0.4444833552
 305 -0.315 -0.160 -0.085  0.316 -0.208 -0.298   0.4444832627
  powell nthiter 4: fret = 0.444483
 331 -0.315 -0.158 -0.085  0.316 -0.208 -0.298   0.4444828084
 339 -0.315 -0.158 -0.085  0.316 -0.208 -0.299   0.4444814444
 340 -0.315 -0.158 -0.085  0.316 -0.208 -0.305   0.4444796987
 342 -0.315 -0.158 -0.085  0.316 -0.208 -0.303   0.4444790912
 354 -0.315 -0.158 -0.085  0.319 -0.208 -0.303   0.4444789932
 357 -0.315 -0.158 -0.085  0.318 -0.208 -0.303   0.4444783847
 367 -0.315 -0.158 -0.085  0.318 -0.206 -0.303   0.4444779449
 370 -0.315 -0.158 -0.085  0.318 -0.207 -0.303   0.4444777297
 383 -0.315 -0.158 -0.085  0.317 -0.207 -0.303   0.4444776409
  powell nthiter 5: fret = 0.444478
 392 -0.316 -0.158 -0.085  0.317 -0.207 -0.303   0.4444766640
 394 -0.318 -0.158 -0.085  0.317 -0.207 -0.303   0.4444755910
 405 -0.318 -0.157 -0.085  0.317 -0.207 -0.303   0.4444752715
 414 -0.318 -0.157 -0.085  0.317 -0.207 -0.307   0.4444747140
 416 -0.318 -0.157 -0.085  0.317 -0.207 -0.305   0.4444744010
 449 -0.318 -0.157 -0.085  0.318 -0.207 -0.305   0.4444742608
 457 -0.319 -0.157 -0.085  0.319 -0.207 -0.306   0.4444740223
 459 -0.319 -0.157 -0.085  0.319 -0.207 -0.307   0.4444739513
 464 -0.320 -0.157 -0.085  0.319 -0.207 -0.307   0.4444739381
 465 -0.319 -0.157 -0.085  0.319 -0.207 -0.307   0.4444739318
 467 -0.319 -0.157 -0.085  0.319 -0.207 -0.307   0.4444739224
  powell nthiter 6: fret = 0.444474
 478 -0.319 -0.157 -0.085  0.319 -0.207 -0.307   0.4444734004
 521 -0.319 -0.157 -0.085  0.319 -0.206 -0.307   0.4444733475
 527 -0.320 -0.157 -0.085  0.319 -0.206 -0.308   0.4444731600
 539 -0.320 -0.157 -0.085  0.319 -0.206 -0.308   0.4444731533
  powell nthiter 7: fret = 0.444473
 597 -0.319 -0.157 -0.085  0.319 -0.206 -0.306   0.4444729686
 604 -0.318 -0.157 -0.085  0.319 -0.206 -0.306   0.4444729407
  powell nthiter 8: fret = 0.444473
 632 -0.318 -0.156 -0.085  0.319 -0.206 -0.306   0.4444728640
  powell nthiter 9: fret = 0.444473
Powell done niters = 9
Computing relative cost
 0  -25.0 -25.0 -25.0   1.041901
 1  -25.0 -25.0  25.0   1.046081
 2  -25.0  25.0 -25.0   1.039306
 3  -25.0  25.0  25.0   1.029385
 4   25.0 -25.0 -25.0   1.026926
 5   25.0 -25.0  25.0   1.036694
 6   25.0  25.0 -25.0   1.017962
 7   25.0  25.0  25.0   1.040402
REL:  8  0.444473    8.278657  1.034832 rel = 0.429512 
Number of iterations     9
Min cost was 0.444473
Number of FunctionCalls   753
TolPowell 0.000000
nMaxItersPowell 36
OptimizationTime 33.171951 sec
Parameters at optimum (transmm) -0.31848 -0.15620 -0.08493
Parameters at optimum (rotdeg)  0.31868 -0.20607 -0.30616 
Final costs ----------------
Number of surface hits 274416
WM  Intensity    38.1720 +/-   5.0931
Ctx Intensity    42.7823 +/-   8.9060
Pct Contrast      9.5975 +/-  25.4216
Cost   0.4445
RelCost   0.4529
Reg at min cost was 
 0.99997   0.00265  -0.00714   1.00710;
 0.00708   0.02357   0.99970  -3.25216;
 0.00281  -0.99972   0.02355  -0.44244;
 0.00000   0.00000   0.00000   1.00000;

Writing optimal reg to /out/sourcedata/freesurfer/sub-v2s0x29035_ses-1/mri/transforms/FLAIRraw.auto.dat, type = 14 
Original Reg 
 0.99992  -0.00108  -0.01240   1.34081;
 0.01242   0.01802   0.99976  -3.09080;
-0.00085  -0.99984   0.01803  -0.34515;
 0.00000   0.00000   0.00000   1.00000;

Original Reg - Optimal Reg
-0.00005  -0.00372  -0.00526   0.33371;
 0.00534  -0.00555   0.00006   0.16136;
-0.00367  -0.00012  -0.00552   0.09729;
 0.00000   0.00000   0.00000   0.00000;

Computing change in lh position
LH rmsDiffMean 0.404480
Computing change in rh position
Surface-RMS-Diff-mm 0.504378 0.235290 1.042978
mri_segreg done
MinCost: 0.444473 38.172007 42.782350 9.597529 
tkregister2_cmdl --mov /out/sourcedata/freesurfer/sub-v2s0x29035_ses-1/mri/orig/FLAIRraw.mgz --reg /out/sourcedata/freesurfer/sub-v2s0x29035_ses-1/mri/transforms/FLAIRraw.auto.dat --noedit --ltaout /out/sourcedata/freesurfer/sub-v2s0x29035_ses-1/mri/transforms/FLAIRraw.auto.lta
INFO: no target volume specified, assuming FreeSurfer orig volume.
target  volume orig
movable volume /out/sourcedata/freesurfer/sub-v2s0x29035_ses-1/mri/orig/FLAIRraw.mgz
reg file       /out/sourcedata/freesurfer/sub-v2s0x29035_ses-1/mri/transforms/FLAIRraw.auto.dat
LoadVol        0
ZeroCRAS       0
7.3.2
Diagnostic Level -1
---- Input registration matrix --------
 0.99997   0.00265  -0.00714   1.00710;
 0.00708   0.02357   0.99970  -3.25216;
 0.00281  -0.99972   0.02355  -0.44244;
 0.00000   0.00000   0.00000   1.00000;
float2int = 0
---------------------------------------
INFO: loading target /out/sourcedata/freesurfer/sub-v2s0x29035_ses-1/mri/orig.mgz
Ttarg: --------------------
-1.00000   0.00000   0.00000   128.00000;
 0.00000   0.00000   1.00000  -128.00000;
 0.00000  -1.00000   0.00000   128.00000;
 0.00000   0.00000   0.00000   1.00000;
INFO: loading movable /out/sourcedata/freesurfer/sub-v2s0x29035_ses-1/mri/orig/FLAIRraw.mgz
Tmov: --------------------
-0.97656   0.00000   0.00000   91.30859;
 0.00000   0.00000   0.97656  -125.00000;
 0.00000  -0.97656   0.00000   125.00000;
 0.00000   0.00000   0.00000   1.00000;
mkheaderreg = 0, float2int = 0
---- Input registration matrix --------
 0.99997   0.00265  -0.00714   1.00710;
 0.00708   0.02357   0.99970  -3.25216;
 0.00281  -0.99972   0.02355  -0.44244;
 0.00000   0.00000   0.00000   1.00000;
Determinant 0.999999
subject = sub-v2s0x29035_ses-1
RegMat ---------------------------
 0.99997   0.00265  -0.00714   1.00710;
 0.00708   0.02357   0.99970  -3.25216;
 0.00281  -0.99972   0.02355  -0.44244;
 0.00000   0.00000   0.00000   1.00000;
Cleaning up
 
Started at Tue Mar 10 12:09:19 CET 2026 
Ended   at Tue Mar 10 12:11:01 CET 2026
BBR-Run-Time-Sec 102
 
bbregister Done
To check results, run:
tkregisterfv --mov /out/sourcedata/freesurfer/sub-v2s0x29035_ses-1/mri/orig/FLAIRraw.mgz --reg /out/sourcedata/freesurfer/sub-v2s0x29035_ses-1/mri/transforms/FLAIRraw.auto.lta --surfs  --sd /out/sourcedata/freesurfer
