/out/sourcedata/freesurfer/sub-v2s0x29035_ses-1/mri
/opt/freesurfer/bin/talairach_avi
--i orig_nu.mgz --xfm transforms/talairach.auto.xfm
talairach_avi 7.3.2
Linux dna010 5.14.0-427.37.1.el9_4.x86_64 #1 SMP PREEMPT_DYNAMIC Fri Sep 13 12:41:50 EDT 2024 x86_64 x86_64 x86_64 GNU/Linux
Tue Mar 10 09:37:32 CET 2026
mri_convert orig_nu.mgz talsrcimg.img 
reading from orig_nu.mgz...
TR=0.00, TE=0.00, TI=0.00, flip angle=0.00
i_ras = (-1, 0, 0)
j_ras = (0, 0, -1)
k_ras = (0, 1, 0)
writing to talsrcimg.img...
Analyze Output Matrix
-1.00000   0.00000   0.00000   132.27908;
 0.00000   0.00000   1.00000  -104.71329;
 0.00000  -1.00000   0.00000   114.77060;
 0.00000   0.00000   0.00000   1.00000;
--------------------
INFO: set hdr.hist.orient to -1
mpr2mni305 talsrcimg
Tue Mar 10 09:37:33 CET 2026
/opt/freesurfer/bin/mpr2mni305 talsrcimg
mpr2mni305 7.3.2
target=711-2C_as_mni_average_305

---------------------------------------------------------------------
analyzeto4dfp talsrcimg -O0 -y
---------------------------------------------------------------------

freesurfer ifh2hdr.c
Tue Mar 10 09:37:33 2026
Writing: talsrcimg.4dfp.hdr
freesurfer analyzeto4dfp.c
Reading: talsrcimg.hdr
header size 348 bytes
hdr.dime.datatype	offset=70	value=2
hdr.dime.bitpix		offset=72	value=8
hdr.hist.orient		offset=252	value=-1
dimensionality     4
dimensions       256       256       256         1
Reading: talsrcimg.img
Writing: talsrcimg.4dfp.img
Writing: talsrcimg.4dfp.ifh
ifh2hdr talsrcimg -r0to255
ori=2

---------------------------------------------------------------------
gauss_4dfp talsrcimg 1.1
---------------------------------------------------------------------

freesurfer gauss_4dfp.c
Reading: talsrcimg.4dfp.img
Writing: talsrcimg_g11.4dfp.img
image dimensions 256 256 256 padded to 288 288 288
processing volume 1freesurfer ifh2hdr.c
Tue Mar 10 09:37:35 2026
Writing: talsrcimg_g11.4dfp.hdr

Writing: talsrcimg_g11.4dfp.ifh
including: talsrcimg.4dfp.img.rec in talsrcimg_g11.4dfp.img.rec

---------------------------------------------------------------------
imgreg_4dfp /opt/freesurfer/average/711-2C_as_mni_average_305 none talsrcimg_g11 none talsrcimg_to_711-2C_as_mni_average_305_t4 4355
---------------------------------------------------------------------

freesurfer imgreg_4dfp.c
/opt/freesurfer/average/711-2C_as_mni_average_305.4dfp.img
       256       256       256         1
  1.000000  1.000000  1.000000
orientation T byte_order littleendian
Reading image: /opt/freesurfer/average/711-2C_as_mni_average_305.4dfp.img
dimensions:      256       256       256
mmppix:       1.0000   -1.0000   -1.0000
center:     128.0000 -129.0000 -129.0000
talsrcimg_g11.4dfp.img
       256       256       256         1
  1.000000  1.000000  1.000000
orientation T byte_order littleendian
Reading image: talsrcimg_g11.4dfp.img
dimensions:      256       256       256
mmppix:       1.0000   -1.0000   -1.0000
center:     128.0000 -129.0000 -129.0000
t4_read: open error in t4_sub.f l:  41 t4_file(1:l)talsrcimg_to_711-2C_as_mni_average_305_t4 
t4_read: transform initialized to I4
rotation matrix determinant  1.000000
image alignment mode   4355 decimal     1103 hex
   -7.5000  -45.0000  -45.0000 6045.6626   11.3940
    0.0000  -45.0000  -45.0000 6377.2373   11.3924
    7.5000  -45.0000  -45.0000 6127.5845   11.4197
   -7.5000  -37.5000  -45.0000 6642.3091   11.0610
    0.0000  -37.5000  -45.0000 7006.9307   11.0567
    7.5000  -37.5000  -45.0000 6742.6851   11.0832
   -7.5000  -30.0000  -45.0000 7562.5356   10.8450
    0.0000  -30.0000  -45.0000 7967.2476   10.8407
    7.5000  -30.0000  -45.0000 7683.1396   10.8705
   -7.5000  -22.5000  -45.0000 8502.4824   10.6955
    0.0000  -22.5000  -45.0000 8955.4873   10.6937
    7.5000  -22.5000  -45.0000 8635.3789   10.7264
   -7.5000  -15.0000  -45.0000 9489.5625   10.6653
    0.0000  -15.0000  -45.0000 9992.2266   10.6669
    7.5000  -15.0000  -45.0000 9639.7646   10.6992
   -7.5000   -7.5000  -45.000010482.0684   10.6671
    0.0000   -7.5000  -45.000011023.0322   10.6694
    7.5000   -7.5000  -45.000010607.6621   10.6969
   -7.5000    0.0000  -45.000011397.5557   10.6642
    0.0000    0.0000  -45.000011971.8027   10.6638
    7.5000    0.0000  -45.000011508.4717   10.6868
   -7.5000    7.5000  -45.000011408.3789   10.6578
    0.0000    7.5000  -45.000011984.4922   10.6539
    7.5000    7.5000  -45.000011513.8232   10.6776
   -7.5000   15.0000  -45.000011260.8301   10.6542
    0.0000   15.0000  -45.000011827.2217   10.6497
    7.5000   15.0000  -45.000011349.1182   10.6781
   -7.5000   22.5000  -45.000011057.4111   10.6570
    0.0000   22.5000  -45.000011610.3877   10.6553
    7.5000   22.5000  -45.000011136.7031   10.6877
   -7.5000   30.0000  -45.000010790.6865   10.5228
    0.0000   30.0000  -45.000011339.2520   10.5244
    7.5000   30.0000  -45.000010901.7656   10.5563
   -7.5000   37.5000  -45.000010776.6924   10.5249
    0.0000   37.5000  -45.000011336.4297   10.5272
    7.5000   37.5000  -45.000010879.7598   10.5544
   -7.5000   45.0000  -45.000010340.0254   10.2549
    0.0000   45.0000  -45.000010878.0488   10.2546
    7.5000   45.0000  -45.000010429.7939   10.2766
   -7.5000  -45.0000  -37.5000 6327.3169   11.3495
    0.0000  -45.0000  -37.5000 6669.0615   11.3509
    7.5000  -45.0000  -37.5000 6417.4189   11.3821
   -7.5000  -37.5000  -37.5000 6975.5151   11.0160
    0.0000  -37.5000  -37.5000 7338.7739   11.0131
    7.5000  -37.5000  -37.5000 7072.9023   11.0417
   -7.5000  -30.0000  -37.5000 7947.9624   10.7954
    0.0000  -30.0000  -37.5000 8366.9385   10.7929
    7.5000  -30.0000  -37.5000 8061.3906   10.8239
   -7.5000  -22.5000  -37.5000 8969.2617   10.6446
    0.0000  -22.5000  -37.5000 9446.6621   10.6466
    7.5000  -22.5000  -37.5000 9100.3105   10.6809
   -7.5000  -15.0000  -37.500010031.0488   10.6173
    0.0000  -15.0000  -37.500010550.9902   10.6245
    7.5000  -15.0000  -37.500010168.0449   10.6599
   -7.5000   -7.5000  -37.500011066.1318   10.6251
    0.0000   -7.5000  -37.500011628.3857   10.6324
    7.5000   -7.5000  -37.500011191.1641   10.6637
   -7.5000    0.0000  -37.500012033.6074   10.6255
    0.0000    0.0000  -37.500012629.8262   10.6279
    7.5000    0.0000  -37.500012155.1865   10.6541
   -7.5000    7.5000  -37.500012039.6006   10.6157
    0.0000    7.5000  -37.500012635.1816   10.6132
    7.5000    7.5000  -37.500012154.8057   10.6388
   -7.5000   15.0000  -37.500011882.8799   10.6062
    0.0000   15.0000  -37.500012477.9121   10.6034
    7.5000   15.0000  -37.500011969.4561   10.6329
   -7.5000   22.5000  -37.500011644.8994   10.6064
    0.0000   22.5000  -37.500012229.3545   10.6085
    7.5000   22.5000  -37.500011734.4873   10.6425
   -7.5000   30.0000  -37.500011359.1006   10.4755
    0.0000   30.0000  -37.500011921.9219   10.4826
    7.5000   30.0000  -37.500011454.1816   10.5175
   -7.5000   37.5000  -37.500011340.1641   10.4835
    0.0000   37.5000  -37.500011904.8271   10.4907
    7.5000   37.5000  -37.500011432.9307   10.5216
   -7.5000   45.0000  -37.500010864.1064   10.2177
    0.0000   45.0000  -37.500011404.5000   10.2200
    7.5000   45.0000  -37.500010958.3945   10.2452
   -7.5000  -45.0000  -30.0000 6721.5532   11.8336
    0.0000  -45.0000  -30.0000 7075.5400   11.8370
    7.5000  -45.0000  -30.0000 6824.8062   11.8745
   -7.5000  -37.5000  -30.0000 7423.2065   11.4843
    0.0000  -37.5000  -30.0000 7801.7017   11.4835
    7.5000  -37.5000  -30.0000 7532.0513   11.5177
   -7.5000  -30.0000  -30.0000 8466.5273   11.2480
    0.0000  -30.0000  -30.0000 8910.1045   11.2488
    7.5000  -30.0000  -30.0000 8590.2920   11.2837
   -7.5000  -22.5000  -30.0000 9584.1768   11.0871
    0.0000  -22.5000  -30.000010083.0869   11.0930
    7.5000  -22.5000  -30.0000 9713.6064   11.1304
   -7.5000  -15.0000  -30.000010737.1631   11.0611
    0.0000  -15.0000  -30.000011277.3740   11.0721
    7.5000  -15.0000  -30.000010871.3223   11.1111
   -7.5000   -7.5000  -30.000011819.8936   11.0758
    0.0000   -7.5000  -30.000012400.8047   11.0856
    7.5000   -7.5000  -30.000011960.3750   11.1219
   -7.5000    0.0000  -30.000012852.0156   11.0801
    0.0000    0.0000  -30.000013483.0986   11.0842
    7.5000    0.0000  -30.000012988.2637   11.1158
   -7.5000    7.5000  -30.000012863.1523   11.0670
    0.0000    7.5000  -30.000013493.0518   11.0666
    7.5000    7.5000  -30.000012992.2832   11.0972
   -7.5000   15.0000  -30.000012673.0986   11.0509
    0.0000   15.0000  -30.000013304.2646   11.0511
    7.5000   15.0000  -30.000012782.7549   11.0843
   -7.5000   22.5000  -30.000012436.4824   11.0463
    0.0000   22.5000  -30.000013057.0947   11.0522
    7.5000   22.5000  -30.000012529.3770   11.0893
   -7.5000   30.0000  -30.000012145.0400   10.9144
    0.0000   30.0000  -30.000012755.4561   10.9252
    7.5000   30.0000  -30.000012229.0127   10.9637
   -7.5000   37.5000  -30.000012139.6562   10.9292
    0.0000   37.5000  -30.000012740.4326   10.9389
    7.5000   37.5000  -30.000012221.2021   10.9747
   -7.5000   45.0000  -30.000011586.7461   10.6627
    0.0000   45.0000  -30.000012164.1973   10.6666
    7.5000   45.0000  -30.000011687.8779   10.6971
   -7.5000  -45.0000  -22.5000 7112.0400   12.2361
    0.0000  -45.0000  -22.5000 7476.9014   12.2385
    7.5000  -45.0000  -22.5000 7220.4014   12.2778
   -7.5000  -37.5000  -22.5000 7859.5093   11.8769
    0.0000  -37.5000  -22.5000 8272.1572   11.8770
    7.5000  -37.5000  -22.5000 7996.0991   11.9142
   -7.5000  -30.0000  -22.5000 8981.6680   11.6338
    0.0000  -30.0000  -22.5000 9457.6123   11.6360
    7.5000  -30.0000  -22.5000 9129.6572   11.6733
   -7.5000  -22.5000  -22.500010184.8535   11.4672
    0.0000  -22.5000  -22.500010707.2676   11.4729
    7.5000  -22.5000  -22.500010322.6650   11.5111
   -7.5000  -15.0000  -22.500011397.7285   11.4397
    0.0000  -15.0000  -22.500011971.2871   11.4483
    7.5000  -15.0000  -22.500011531.5059   11.4872
   -7.5000   -7.5000  -22.500012559.9541   11.4544
    0.0000   -7.5000  -22.500013201.0039   11.4614
    7.5000   -7.5000  -22.500012710.3359   11.4980
   -7.5000    0.0000  -22.500013648.6689   11.4587
    0.0000    0.0000  -22.500014364.2910   11.4615
    7.5000    0.0000  -22.500013820.1006   11.4950
   -7.5000    7.5000  -22.500013652.5361   11.4461
    0.0000    7.5000  -22.500014379.5420   11.4464
    7.5000    7.5000  -22.500013844.9277   11.4796
   -7.5000   15.0000  -22.500013454.9521   11.4301
    0.0000   15.0000  -22.500014168.2051   11.4316
    7.5000   15.0000  -22.500013607.2334   11.4670
   -7.5000   22.5000  -22.500013213.9531   11.4242
    0.0000   22.5000  -22.500013893.9746   11.4298
    7.5000   22.5000  -22.500013332.7061   11.4678
   -7.5000   30.0000  -22.500012929.9141   11.2897
    0.0000   30.0000  -22.500013612.3721   11.2982
    7.5000   30.0000  -22.500013040.0176   11.3366
   -7.5000   37.5000  -22.500012943.3799   11.3046
    0.0000   37.5000  -22.500013613.7383   11.3115
    7.5000   37.5000  -22.500013051.0312   11.3476
   -7.5000   45.0000  -22.500012309.9961   11.0353
    0.0000   45.0000  -22.500012962.8193   11.0380
    7.5000   45.0000  -22.500012448.9541   11.0702
   -7.5000  -45.0000  -15.0000 7453.8672   12.5180
    0.0000  -45.0000  -15.0000 7861.3921   12.5175
    7.5000  -45.0000  -15.0000 7583.8003   12.5536
   -7.5000  -37.5000  -15.0000 8268.2627   12.1539
    0.0000  -37.5000  -15.0000 8720.7568   12.1531
    7.5000  -37.5000  -15.0000 8417.3115   12.1891
   -7.5000  -30.0000  -15.0000 9465.0078   11.9120
    0.0000  -30.0000  -15.0000 9978.0498   11.9132
    7.5000  -30.0000  -15.0000 9634.3076   11.9502
   -7.5000  -22.5000  -15.000010730.9551   11.7446
    0.0000  -22.5000  -15.000011286.9160   11.7472
    7.5000  -22.5000  -15.000010886.4170   11.7847
   -7.5000  -15.0000  -15.000012008.2227   11.7140
    0.0000  -15.0000  -15.000012617.5947   11.7175
    7.5000  -15.0000  -15.000012152.8457   11.7539
   -7.5000   -7.5000  -15.000013255.0088   11.7226
    0.0000   -7.5000  -15.000013944.5771   11.7249
    7.5000   -7.5000  -15.000013426.5068   11.7580
   -7.5000    0.0000  -15.000014428.2383   11.7232
    0.0000    0.0000  -15.000015224.2910   11.7234
    7.5000    0.0000  -15.000014655.1406   11.7542
   -7.5000    7.5000  -15.000014467.9531   11.7137
    0.0000    7.5000  -15.000015296.5918   11.7131
    7.5000    7.5000  -15.000014733.1113   11.7451
   -7.5000   15.0000  -15.000014279.4102   11.7036
    0.0000   15.0000  -15.000015093.4375   11.7041
    7.5000   15.0000  -15.000014524.4727   11.7393
   -7.5000   22.5000  -15.000013998.6738   11.7000
    0.0000   22.5000  -15.000014774.6748   11.7026
    7.5000   22.5000  -15.000014204.7930   11.7397
   -7.5000   30.0000  -15.000013722.3457   11.5620
    0.0000   30.0000  -15.000014470.6582   11.5655
    7.5000   30.0000  -15.000013886.4355   11.6014
   -7.5000   37.5000  -15.000013717.3906   11.5709
    0.0000   37.5000  -15.000014475.0703   11.5731
    7.5000   37.5000  -15.000013896.0742   11.6058
   -7.5000   45.0000  -15.000013050.7510   11.2969
    0.0000   45.0000  -15.000013786.7461   11.2971
    7.5000   45.0000  -15.000013235.2031   11.3267
   -7.5000  -45.0000   -7.5000 7771.3618   12.6570
    0.0000  -45.0000   -7.5000 8208.2012   12.6543
    7.5000  -45.0000   -7.5000 7915.8516   12.6856
   -7.5000  -37.5000   -7.5000 8673.9932   12.2901
    0.0000  -37.5000   -7.5000 9141.0840   12.2868
    7.5000  -37.5000   -7.5000 8827.7891   12.3185
   -7.5000  -30.0000   -7.5000 9959.6338   12.0509
    0.0000  -30.0000   -7.500010501.9062   12.0485
    7.5000  -30.0000   -7.500010153.1934   12.0830
   -7.5000  -22.5000   -7.500011290.9346   11.8846
    0.0000  -22.5000   -7.500011895.6416   11.8832
    7.5000  -22.5000   -7.500011459.2969   11.9194
   -7.5000  -15.0000   -7.500012612.9580   11.8514
    0.0000  -15.0000   -7.500013280.4004   11.8513
    7.5000  -15.0000   -7.500012775.1309   11.8860
   -7.5000   -7.5000   -7.500013930.6514   11.8544
    0.0000   -7.5000   -7.500014688.6494   11.8544
    7.5000   -7.5000   -7.500014127.9902   11.8844
   -7.5000    0.0000   -7.500015202.5244   11.8520
    0.0000    0.0000   -7.500016086.3906   11.8505
    7.5000    0.0000   -7.500015466.8809   11.8771
   -7.5000    7.5000   -7.500015360.3418   11.8450
    0.0000    7.5000   -7.500016294.4551   11.8420
    7.5000    7.5000   -7.500015675.4951   11.8702
   -7.5000   15.0000   -7.500015240.6396   11.8400
    0.0000   15.0000   -7.500016261.4277   11.8372
    7.5000   15.0000   -7.500015603.2051   11.8701
   -7.5000   22.5000   -7.500014927.2539   11.8381
    0.0000   22.5000   -7.500015929.8047   11.8368
    7.5000   22.5000   -7.500015265.1592   11.8727
   -7.5000   30.0000   -7.500014596.1123   11.6974
    0.0000   30.0000   -7.500015557.9268   11.6972
    7.5000   30.0000   -7.500014851.8906   11.7315
   -7.5000   37.5000   -7.500014565.8145   11.7007
    0.0000   37.5000   -7.500015554.6602   11.7007
    7.5000   37.5000   -7.500014787.4062   11.7303
   -7.5000   45.0000   -7.500013855.8662   11.4231
    0.0000   45.0000   -7.500014807.1182   11.4216
    7.5000   45.0000   -7.500014050.5811   11.4473
   -7.5000  -45.0000    0.0000 8016.3828   12.6850
    0.0000  -45.0000    0.0000 8465.2100   12.6831
    7.5000  -45.0000    0.0000 8137.7695   12.7133
   -7.5000  -37.5000    0.0000 9005.6133   12.3154
    0.0000  -37.5000    0.0000 9489.3848   12.3106
    7.5000  -37.5000    0.0000 9158.1318   12.3398
   -7.5000  -30.0000    0.000010384.9170   12.0754
    0.0000  -30.0000    0.000010931.6514   12.0705
    7.5000  -30.0000    0.000010553.5508   12.1034
   -7.5000  -22.5000    0.000011799.2871   11.9097
    0.0000  -22.5000    0.000012399.3242   11.9076
    7.5000  -22.5000    0.000011940.7393   11.9438
   -7.5000  -15.0000    0.000013191.1064   11.8767
    0.0000  -15.0000    0.000013877.7969   11.8783
    7.5000  -15.0000    0.000013348.5635   11.9142
   -7.5000   -7.5000    0.000014577.6055   11.8793
    0.0000   -7.5000    0.000015374.9209   11.8819
    7.5000   -7.5000    0.000014763.7686   11.9124
   -7.5000    0.0000    0.000015917.9053   11.8764
    0.0000    0.0000    0.000016823.6621   11.8759
    7.5000    0.0000    0.000016110.6221   11.9013
   -7.5000    7.5000    0.000016144.5420   11.8687
    0.0000    7.5000    0.000017222.0859   11.8643
    7.5000    7.5000    0.000016417.7441   11.8905
   -7.5000   15.0000    0.000016139.6533   11.8640
    0.0000   15.0000    0.000017580.0312   11.8589
    7.5000   15.0000    0.000016633.3926   11.8903
   -7.5000   22.5000    0.000015881.2705   11.8631
    0.0000   22.5000    0.000017414.7109   11.8611
    7.5000   22.5000    0.000016396.7578   11.8970
   -7.5000   30.0000    0.000015461.8564   11.7226
    0.0000   30.0000    0.000016894.4062   11.7242
    7.5000   30.0000    0.000015830.2617   11.7597
   -7.5000   37.5000    0.000015336.4844   11.7256
    0.0000   37.5000    0.000016692.0117   11.7281
    7.5000   37.5000    0.000015626.8955   11.7582
   -7.5000   45.0000    0.000014525.1709   11.4474
    0.0000   45.0000    0.000015724.5371   11.4470
    7.5000   45.0000    0.000014766.8018   11.4715
   -7.5000  -45.0000    7.5000 7670.5137   12.6975
    0.0000  -45.0000    7.5000 8111.6475   12.6991
    7.5000  -45.0000    7.5000 7739.7358   12.7339
   -7.5000  -37.5000    7.5000 8672.9307   12.3243
    0.0000  -37.5000    7.5000 9162.0400   12.3210
    7.5000  -37.5000    7.5000 8765.3486   12.3530
   -7.5000  -30.0000    7.500010041.1621   12.0774
    0.0000  -30.0000    7.500010579.8008   12.0747
    7.5000  -30.0000    7.500010101.1816   12.1092
   -7.5000  -22.5000    7.500011385.5146   11.9088
    0.0000  -22.5000    7.500012002.6699   11.9111
    7.5000  -22.5000    7.500011452.8184   11.9494
   -7.5000  -15.0000    7.500012752.3223   11.8785
    0.0000  -15.0000    7.500013483.0225   11.8866
    7.5000  -15.0000    7.500012857.3174   11.9261
   -7.5000   -7.5000    7.500014119.5742   11.8874
    0.0000   -7.5000    7.500014935.4668   11.8956
    7.5000   -7.5000    7.500014206.4287   11.9306
   -7.5000    0.0000    7.500015421.6689   11.8877
    0.0000    0.0000    7.500016339.4600   11.8905
    7.5000    0.0000    7.500015487.6680   11.9197
   -7.5000    7.5000    7.500015609.2939   11.8765
    0.0000    7.5000    7.500016726.1094   11.8737
    7.5000    7.5000    7.500015777.4150   11.9024
   -7.5000   15.0000    7.500015628.5107   11.8657
    0.0000   15.0000    7.500017095.8848   11.8627
    7.5000   15.0000    7.500016040.3721   11.8956
   -7.5000   22.5000    7.500015439.7451   11.8623
    0.0000   22.5000    7.500016894.4395   11.8646
    7.5000   22.5000    7.500015822.2490   11.9027
   -7.5000   30.0000    7.500014992.0010   11.7244
    0.0000   30.0000    7.500016281.7188   11.7324
    7.5000   30.0000    7.500015233.6025   11.7714
   -7.5000   37.5000    7.500014851.3682   11.7335
    0.0000   37.5000    7.500016066.4873   11.7416
    7.5000   37.5000    7.500015036.5928   11.7762
   -7.5000   45.0000    7.500014033.1572   11.4584
    0.0000   45.0000    7.500015113.1807   11.4610
    7.5000   45.0000    7.500014211.5713   11.4892
   -7.5000  -45.0000   15.0000 7182.7432   12.7073
    0.0000  -45.0000   15.0000 7599.5391   12.7110
    7.5000  -45.0000   15.0000 7224.6704   12.7513
   -7.5000  -37.5000   15.0000 8170.9272   12.3322
    0.0000  -37.5000   15.0000 8662.1875   12.3314
    7.5000  -37.5000   15.0000 8197.9502   12.3681
   -7.5000  -30.0000   15.0000 9489.1221   12.0785
    0.0000  -30.0000   15.000010035.4551   12.0794
    7.5000  -30.0000   15.0000 9500.3838   12.1169
   -7.5000  -22.5000   15.000010775.6748   11.9058
    0.0000  -22.5000   15.000011401.2236   11.9121
    7.5000  -22.5000   15.000010813.2891   11.9523
   -7.5000  -15.0000   15.000012113.0586   11.8778
    0.0000  -15.0000   15.000012816.1084   11.8896
    7.5000  -15.0000   15.000012150.1689   11.9315
   -7.5000   -7.5000   15.000013420.5850   11.8936
    0.0000   -7.5000   15.000014183.0645   11.9041
    7.5000   -7.5000   15.000013436.3701   11.9431
   -7.5000    0.0000   15.000014629.1104   11.8982
    0.0000    0.0000   15.000015480.1387   11.9026
    7.5000    0.0000   15.000014643.3887   11.9366
   -7.5000    7.5000   15.000014754.0889   11.8842
    0.0000    7.5000   15.000015747.8799   11.8837
    7.5000    7.5000   15.000014912.1250   11.9165
   -7.5000   15.0000   15.000014702.9287   11.8668
    0.0000   15.0000   15.000015799.1855   11.8671
    7.5000   15.0000   15.000014975.9521   11.9028
   -7.5000   22.5000   15.000014463.7402   11.8593
    0.0000   22.5000   15.000015382.6016   11.8656
    7.5000   22.5000   15.000014608.7520   11.9054
   -7.5000   30.0000   15.000014046.7520   11.7237
    0.0000   30.0000   15.000014876.0654   11.7354
    7.5000   30.0000   15.000014125.9434   11.7767
   -7.5000   37.5000   15.000014016.8525   11.7397
    0.0000   37.5000   15.000014909.0811   11.7501
    7.5000   37.5000   15.000014107.7100   11.7885
   -7.5000   45.0000   15.000013325.9365   11.4685
    0.0000   45.0000   15.000014186.8799   11.4728
    7.5000   45.0000   15.000013452.5703   11.5055
   -7.5000  -45.0000   22.5000 6621.1484   12.7471
    0.0000  -45.0000   22.5000 6987.8945   12.7496
    7.5000  -45.0000   22.5000 6657.2969   12.7908
   -7.5000  -37.5000   22.5000 7548.8838   12.3716
    0.0000  -37.5000   22.5000 7977.1362   12.3718
    7.5000  -37.5000   22.5000 7562.0068   12.4107
   -7.5000  -30.0000   22.5000 8783.0332   12.1176
    0.0000  -30.0000   22.5000 9282.4717   12.1199
    7.5000  -30.0000   22.5000 8806.8447   12.1590
   -7.5000  -22.5000   22.500010026.8682   11.9434
    0.0000  -22.5000   22.500010588.9219   11.9494
    7.5000  -22.5000   22.500010051.2764   11.9895
   -7.5000  -15.0000   22.500011285.0762   11.9147
    0.0000  -15.0000   22.500011898.5547   11.9238
    7.5000  -15.0000   22.500011293.8447   11.9644
   -7.5000   -7.5000   22.500012469.6377   11.9300
    0.0000   -7.5000   22.500013119.0537   11.9374
    7.5000   -7.5000   22.500012500.1943   11.9756
   -7.5000    0.0000   22.500013589.1289   11.9345
    0.0000    0.0000   22.500014304.8369   11.9375
    7.5000    0.0000   22.500013658.7344   11.9725
   -7.5000    7.5000   22.500013702.1191   11.9213
    0.0000    7.5000   22.500014506.2725   11.9217
    7.5000    7.5000   22.500013901.1270   11.9565
   -7.5000   15.0000   22.500013623.2646   11.9047
    0.0000   15.0000   22.500014410.3418   11.9063
    7.5000   15.0000   22.500013816.7666   11.9434
   -7.5000   22.5000   22.500013359.3516   11.8967
    0.0000   22.5000   22.500014017.2852   11.9026
    7.5000   22.5000   22.500013425.7324   11.9424
   -7.5000   30.0000   22.500012990.8447   11.7601
    0.0000   30.0000   22.500013647.5078   11.7691
    7.5000   30.0000   22.500013052.2744   11.8092
   -7.5000   37.5000   22.500013035.1113   11.7756
    0.0000   37.5000   22.500013764.6084   11.7829
    7.5000   37.5000   22.500013129.2363   11.8206
   -7.5000   45.0000   22.500012488.6094   11.5035
    0.0000   45.0000   22.500013191.9326   11.5064
    7.5000   45.0000   22.500012582.7812   11.5401
   -7.5000  -45.0000   30.0000 6078.7168   12.9786
    0.0000  -45.0000   30.0000 6433.6011   12.9786
    7.5000  -45.0000   30.0000 6139.5913   13.0171
   -7.5000  -37.5000   30.0000 6927.3472   12.5926
    0.0000  -37.5000   30.0000 7330.5361   12.5923
    7.5000  -37.5000   30.0000 6981.4097   12.6308
   -7.5000  -30.0000   30.0000 8082.9116   12.3364
    0.0000  -30.0000   30.0000 8543.5771   12.3380
    7.5000  -30.0000   30.0000 8151.0903   12.3778
   -7.5000  -22.5000   30.0000 9248.5400   12.1591
    0.0000  -22.5000   30.0000 9743.3467   12.1623
    7.5000  -22.5000   30.0000 9315.9863   12.2025
   -7.5000  -15.0000   30.000010405.2090   12.1267
    0.0000  -15.0000   30.000010934.0049   12.1309
    7.5000  -15.0000   30.000010481.5762   12.1698
   -7.5000   -7.5000   30.000011482.9932   12.1361
    0.0000   -7.5000   30.000012047.0244   12.1390
    7.5000   -7.5000   30.000011601.9346   12.1743
   -7.5000    0.0000   30.000012557.8428   12.1370
    0.0000    0.0000   30.000013177.0986   12.1377
    7.5000    0.0000   30.000012720.6465   12.1705
   -7.5000    7.5000   30.000012693.7637   12.1269
    0.0000    7.5000   30.000013356.8311   12.1267
    7.5000    7.5000   30.000012920.2139   12.1610
   -7.5000   15.0000   30.000012624.4043   12.1160
    0.0000   15.0000   30.000013234.3721   12.1169
    7.5000   15.0000   30.000012764.8662   12.1546
   -7.5000   22.5000   30.000012352.2773   12.1108
    0.0000   22.5000   30.000012898.0811   12.1139
    7.5000   22.5000   30.000012405.9941   12.1537
   -7.5000   30.0000   30.000012010.0645   11.9694
    0.0000   30.0000   30.000012590.5654   11.9735
    7.5000   30.0000   30.000012073.9092   12.0119
   -7.5000   37.5000   30.000012084.6719   11.9790
    0.0000   37.5000   30.000012713.8955   11.9819
    7.5000   37.5000   30.000012171.4639   12.0168
   -7.5000   45.0000   30.000011607.4863   11.6986
    0.0000   45.0000   30.000012210.9004   11.6993
    7.5000   45.0000   30.000011692.2891   11.7310
   -7.5000  -45.0000   37.5000 5828.8052   13.3642
    0.0000  -45.0000   37.5000 6177.2803   13.3615
    7.5000  -45.0000   37.5000 5908.5884   13.3972
   -7.5000  -37.5000   37.5000 6638.8838   12.9581
    0.0000  -37.5000   37.5000 7020.4009   12.9546
    7.5000  -37.5000   37.5000 6715.8608   12.9908
   -7.5000  -30.0000   37.5000 7742.1646   12.6939
    0.0000  -30.0000   37.5000 8184.9561   12.6911
    7.5000  -30.0000   37.5000 7852.9336   12.7304
   -7.5000  -22.5000   37.5000 8856.8066   12.5093
    0.0000  -22.5000   37.5000 9321.3018   12.5075
    7.5000  -22.5000   37.5000 8983.9854   12.5485
   -7.5000  -15.0000   37.5000 9961.1133   12.4713
    0.0000  -15.0000   37.500010465.9805   12.4710
    7.5000  -15.0000   37.500010112.0010   12.5101
   -7.5000   -7.5000   37.500011011.9102   12.4738
    0.0000   -7.5000   37.500011556.1641   12.4739
    7.5000   -7.5000   37.500011197.4492   12.5077
   -7.5000    0.0000   37.500012063.7861   12.4716
    0.0000    0.0000   37.500012648.6582   12.4702
    7.5000    0.0000   37.500012261.8809   12.5003
   -7.5000    7.5000   37.500012202.1709   12.4652
    0.0000    7.5000   37.500012810.0332   12.4621
    7.5000    7.5000   37.500012413.7422   12.4942
   -7.5000   15.0000   37.500012138.4541   12.4606
    0.0000   15.0000   37.500012681.2900   12.4574
    7.5000   15.0000   37.500012247.6143   12.4948
   -7.5000   22.5000   37.500011875.0566   12.4583
    0.0000   22.5000   37.500012400.2861   12.4565
    7.5000   22.5000   37.500011933.6768   12.4971
   -7.5000   30.0000   37.500011549.8223   12.3095
    0.0000   30.0000   37.500012090.4951   12.3092
    7.5000   30.0000   37.500011616.3857   12.3478
   -7.5000   37.5000   37.500011630.7812   12.3124
    0.0000   37.5000   37.500012201.2080   12.3124
    7.5000   37.5000   37.500011726.8311   12.3458
   -7.5000   45.0000   37.500011182.2725   12.0212
    0.0000   45.0000   37.500011743.3887   12.0198
    7.5000   45.0000   37.500011280.5840   12.0489
   -7.5000  -45.0000   45.0000 5350.3213   13.7836
    0.0000  -45.0000   45.0000 5669.0698   13.7811
    7.5000  -45.0000   45.0000 5408.6807   13.8182
   -7.5000  -37.5000   45.0000 6094.9009   13.3497
    0.0000  -37.5000   45.0000 6448.6777   13.3436
    7.5000  -37.5000   45.0000 6168.6362   13.3795
   -7.5000  -30.0000   45.0000 7100.6421   13.0668
    0.0000  -30.0000   45.0000 7501.6011   13.0600
    7.5000  -30.0000   45.0000 7212.7944   13.0997
   -7.5000  -22.5000   45.0000 8109.0552   12.8680
    0.0000  -22.5000   45.0000 8528.4111   12.8639
    7.5000  -22.5000   45.0000 8246.5459   12.9067
   -7.5000  -15.0000   45.0000 9125.6201   12.8252
    0.0000  -15.0000   45.0000 9594.6436   12.8256
    7.5000  -15.0000   45.0000 9297.6826   12.8678
   -7.5000   -7.5000   45.000010119.1709   12.8283
    0.0000   -7.5000   45.000010628.2383   12.8304
    7.5000   -7.5000   45.000010294.5215   12.8668
   -7.5000    0.0000   45.000011081.0234   12.8284
    0.0000    0.0000   45.000011614.0430   12.8277
    7.5000    0.0000   45.000011262.0254   12.8584
   -7.5000    7.5000   45.000011202.5186   12.8230
    0.0000    7.5000   45.000011728.6260   12.8176
    7.5000    7.5000   45.000011364.6553   12.8494
   -7.5000   15.0000   45.000011138.7070   12.8180
    0.0000   15.0000   45.000011626.9375   12.8110
    7.5000   15.0000   45.000011225.5127   12.8487
   -7.5000   22.5000   45.000010904.3467   12.8138
    0.0000   22.5000   45.000011384.0127   12.8098
    7.5000   22.5000   45.000010973.2275   12.8522
   -7.5000   30.0000   45.000010609.9053   12.6577
    0.0000   30.0000   45.000011098.1943   12.6581
    7.5000   30.0000   45.000010686.6582   12.6997
   -7.5000   37.5000   45.000010686.1543   12.6612
    0.0000   37.5000   45.000011193.2080   12.6633
    7.5000   37.5000   45.000010775.6143   12.6991
   -7.5000   45.0000   45.000010282.9521   12.3707
    0.0000   45.0000   45.000010787.5107   12.3700
    7.5000   45.0000   45.000010364.0547   12.3997

---------------------------------------------------------------------
imgreg_4dfp /opt/freesurfer/average/711-2C_as_mni_average_305 /opt/freesurfer/average/711-2B_as_mni_average_305_mask talsrcimg_g11 none talsrcimg_to_711-2C_as_mni_average_305_t4 4355
---------------------------------------------------------------------

freesurfer imgreg_4dfp.c
/opt/freesurfer/average/711-2C_as_mni_average_305.4dfp.img
       256       256       256         1
  1.000000  1.000000  1.000000
orientation T byte_order littleendian
Reading image: /opt/freesurfer/average/711-2C_as_mni_average_305.4dfp.img
dimensions:      256       256       256
mmppix:       1.0000   -1.0000   -1.0000
center:     128.0000 -129.0000 -129.0000
/opt/freesurfer/average/711-2B_as_mni_average_305_mask.4dfp.img
       256       256       256         1
  1.000000  1.000000  1.000000
orientation T byte_order littleendian
Reading mask: /opt/freesurfer/average/711-2B_as_mni_average_305_mask.4dfp.img (2306576 pixels)
talsrcimg_g11.4dfp.img
       256       256       256         1
  1.000000  1.000000  1.000000
orientation T byte_order littleendian
Reading image: talsrcimg_g11.4dfp.img
dimensions:      256       256       256
mmppix:       1.0000   -1.0000   -1.0000
center:     128.0000 -129.0000 -129.0000
rotation matrix determinant  1.000000
image alignment mode   4355 decimal     1103 hex
   -7.5000  -30.0000  -45.0000 1994.0774   14.6182
    0.0000  -30.0000  -45.0000 2014.0156   14.4893
    7.5000  -30.0000  -45.0000 2016.1783   14.4450
   -7.5000  -22.5000  -45.0000 2120.2732   13.0337
    0.0000  -22.5000  -45.0000 2141.3311   12.9233
    7.5000  -22.5000  -45.0000 2141.0608   12.8755
   -7.5000  -15.0000  -45.0000 2234.8926   11.7969
    0.0000  -15.0000  -45.0000 2257.1692   11.6995
    7.5000  -15.0000  -45.0000 2259.0596   11.6658
   -7.5000   -7.5000  -45.0000 2333.6770   10.8597
    0.0000   -7.5000  -45.0000 2357.3799   10.7747
    7.5000   -7.5000  -45.0000 2354.7734   10.7389
   -7.5000    0.0000  -45.0000 2406.6172   10.1761
    0.0000    0.0000  -45.0000 2424.9705   10.0707
    7.5000    0.0000  -45.0000 2420.9634   10.0600
   -7.5000    7.5000  -45.0000 2448.4636    9.6822
    0.0000    7.5000  -45.0000 2466.2593    9.5808
    7.5000    7.5000  -45.0000 2463.1655    9.6014
   -7.5000   15.0000  -45.0000 2461.1042    9.4478
    0.0000   15.0000  -45.0000 2482.6724    9.3422
    7.5000   15.0000  -45.0000 2478.8484    9.3695
   -7.5000   22.5000  -45.0000 2462.2290    9.3871
    0.0000   22.5000  -45.0000 2482.9448    9.2834
    7.5000   22.5000  -45.0000 2480.3884    9.3007
   -7.5000   30.0000  -45.0000 2442.0242    9.5559
    0.0000   30.0000  -45.0000 2468.4280    9.4417
    7.5000   30.0000  -45.0000 2470.4885    9.4686
   -7.5000   37.5000  -45.0000 2405.4053    9.9027
    0.0000   37.5000  -45.0000 2434.3972    9.7862
    7.5000   37.5000  -45.0000 2435.8740    9.8093
   -7.5000   45.0000  -45.0000 2354.3130   10.4185
    0.0000   45.0000  -45.0000 2384.1504   10.3057
    7.5000   45.0000  -45.0000 2385.4143   10.3074
   -7.5000   52.5000  -45.0000 2263.6890   11.0426
    0.0000   52.5000  -45.0000 2289.9104   10.8999
    7.5000   52.5000  -45.0000 2292.5312   10.9026
   -7.5000   60.0000  -45.0000 2127.3418   11.7353
    0.0000   60.0000  -45.0000 2153.7600   11.5792
    7.5000   60.0000  -45.0000 2151.1355   11.6125
   -7.5000  -30.0000  -37.5000 2043.5623   13.8591
    0.0000  -30.0000  -37.5000 2064.3901   13.6984
    7.5000  -30.0000  -37.5000 2064.5479   13.6959
   -7.5000  -22.5000  -37.5000 2179.7021   12.3438
    0.0000  -22.5000  -37.5000 2205.2637   12.2024
    7.5000  -22.5000  -37.5000 2200.4727   12.1796
   -7.5000  -15.0000  -37.5000 2302.3357   11.1659
    0.0000  -15.0000  -37.5000 2330.9963   11.0565
    7.5000  -15.0000  -37.5000 2324.0359   11.0426
   -7.5000   -7.5000  -37.5000 2405.7173   10.2480
    0.0000   -7.5000  -37.5000 2430.9285   10.1562
    7.5000   -7.5000  -37.5000 2427.3931   10.1454
   -7.5000    0.0000  -37.5000 2482.9458    9.5672
    0.0000    0.0000  -37.5000 2506.8438    9.4586
    7.5000    0.0000  -37.5000 2504.0728    9.4504
   -7.5000    7.5000  -37.5000 2536.7673    9.0734
    0.0000    7.5000  -37.5000 2555.1309    8.9562
    7.5000    7.5000  -37.5000 2553.3889    8.9713
   -7.5000   15.0000  -37.5000 2561.2136    8.8102
    0.0000   15.0000  -37.5000 2580.4180    8.6922
    7.5000   15.0000  -37.5000 2576.4617    8.7103
   -7.5000   22.5000  -37.5000 2563.3550    8.7272
    0.0000   22.5000  -37.5000 2581.9338    8.6337
    7.5000   22.5000  -37.5000 2581.4065    8.6565
   -7.5000   30.0000  -37.5000 2542.5176    8.8793
    0.0000   30.0000  -37.5000 2566.5042    8.7908
    7.5000   30.0000  -37.5000 2567.8145    8.8199
   -7.5000   37.5000  -37.5000 2503.8777    9.1963
    0.0000   37.5000  -37.5000 2533.0015    9.0999
    7.5000   37.5000  -37.5000 2533.3755    9.1270
   -7.5000   45.0000  -37.5000 2448.2087    9.6644
    0.0000   45.0000  -37.5000 2477.1523    9.5486
    7.5000   45.0000  -37.5000 2480.3469    9.5558
   -7.5000   52.5000  -37.5000 2353.3398   10.2202
    0.0000   52.5000  -37.5000 2383.7622   10.0835
    7.5000   52.5000  -37.5000 2386.8655   10.0781
   -7.5000   60.0000  -37.5000 2215.7732   10.8408
    0.0000   60.0000  -37.5000 2241.1465   10.6891
    7.5000   60.0000  -37.5000 2242.0742   10.7253
   -7.5000  -30.0000  -30.0000 2122.3513   13.6691
    0.0000  -30.0000  -30.0000 2145.9675   13.4885
    7.5000  -30.0000  -30.0000 2145.3120   13.4878
   -7.5000  -22.5000  -30.0000 2266.5955   12.1477
    0.0000  -22.5000  -30.0000 2293.9341   12.0068
    7.5000  -22.5000  -30.0000 2288.9355   12.0079
   -7.5000  -15.0000  -30.0000 2394.5808   10.9808
    0.0000  -15.0000  -30.0000 2424.8394   10.8416
    7.5000  -15.0000  -30.0000 2419.1726   10.8592
   -7.5000   -7.5000  -30.0000 2503.1565   10.0416
    0.0000   -7.5000  -30.0000 2530.5344    9.9108
    7.5000   -7.5000  -30.0000 2528.9243    9.9381
   -7.5000    0.0000  -30.0000 2591.4570    9.3279
    0.0000    0.0000  -30.0000 2615.6433    9.2152
    7.5000    0.0000  -30.0000 2614.8391    9.2311
   -7.5000    7.5000  -30.0000 2653.2458    8.8120
    0.0000    7.5000  -30.0000 2675.9060    8.6983
    7.5000    7.5000  -30.0000 2675.5098    8.7138
   -7.5000   15.0000  -30.0000 2688.7029    8.5101
    0.0000   15.0000  -30.0000 2711.5051    8.3872
    7.5000   15.0000  -30.0000 2712.7148    8.4033
   -7.5000   22.5000  -30.0000 2704.4663    8.4200
    0.0000   22.5000  -30.0000 2726.3496    8.3149
    7.5000   22.5000  -30.0000 2725.1025    8.3391
   -7.5000   30.0000  -30.0000 2688.6501    8.5555
    0.0000   30.0000  -30.0000 2717.7139    8.4527
    7.5000   30.0000  -30.0000 2714.9629    8.4975
   -7.5000   37.5000  -30.0000 2652.7290    8.8723
    0.0000   37.5000  -30.0000 2682.8176    8.7551
    7.5000   37.5000  -30.0000 2681.2957    8.7950
   -7.5000   45.0000  -30.0000 2590.2830    9.3232
    0.0000   45.0000  -30.0000 2623.7600    9.1811
    7.5000   45.0000  -30.0000 2624.7568    9.2084
   -7.5000   52.5000  -30.0000 2486.3118    9.8355
    0.0000   52.5000  -30.0000 2518.4399    9.6943
    7.5000   52.5000  -30.0000 2522.4355    9.7033
   -7.5000   60.0000  -30.0000 2340.6042   10.4206
    0.0000   60.0000  -30.0000 2365.6147   10.2734
    7.5000   60.0000  -30.0000 2370.3735   10.3117
   -7.5000  -30.0000  -22.5000 2170.2925   13.4279
    0.0000  -30.0000  -22.5000 2198.6731   13.2392
    7.5000  -30.0000  -22.5000 2196.8569   13.2769
   -7.5000  -22.5000  -22.5000 2316.8191   11.9293
    0.0000  -22.5000  -22.5000 2347.5442   11.7551
    7.5000  -22.5000  -22.5000 2344.2908   11.7685
   -7.5000  -15.0000  -22.5000 2444.7605   10.7352
    0.0000  -15.0000  -22.5000 2479.7476   10.5793
    7.5000  -15.0000  -22.5000 2474.9136   10.5986
   -7.5000   -7.5000  -22.5000 2560.6545    9.7830
    0.0000   -7.5000  -22.5000 2592.7380    9.6458
    7.5000   -7.5000  -22.5000 2590.5090    9.6671
   -7.5000    0.0000  -22.5000 2659.4675    9.0370
    0.0000    0.0000  -22.5000 2690.0596    8.9291
    7.5000    0.0000  -22.5000 2688.5771    8.9451
   -7.5000    7.5000  -22.5000 2729.7925    8.5092
    0.0000    7.5000  -22.5000 2763.3257    8.4033
    7.5000    7.5000  -22.5000 2764.3010    8.4291
   -7.5000   15.0000  -22.5000 2776.0388    8.1835
    0.0000   15.0000  -22.5000 2808.0818    8.0708
    7.5000   15.0000  -22.5000 2810.1931    8.0926
   -7.5000   22.5000  -22.5000 2804.6101    8.0743
    0.0000   22.5000  -22.5000 2832.6648    7.9573
    7.5000   22.5000  -22.5000 2832.3030    7.9888
   -7.5000   30.0000  -22.5000 2801.1362    8.2059
    0.0000   30.0000  -22.5000 2833.3682    8.0799
    7.5000   30.0000  -22.5000 2829.3933    8.1364
   -7.5000   37.5000  -22.5000 2766.2786    8.5035
    0.0000   37.5000  -22.5000 2801.1001    8.3679
    7.5000   37.5000  -22.5000 2799.0051    8.4180
   -7.5000   45.0000  -22.5000 2697.8662    8.9368
    0.0000   45.0000  -22.5000 2736.1641    8.7841
    7.5000   45.0000  -22.5000 2738.7393    8.8178
   -7.5000   52.5000  -22.5000 2588.3596    9.4253
    0.0000   52.5000  -22.5000 2622.7029    9.2714
    7.5000   52.5000  -22.5000 2629.1152    9.2972
   -7.5000   60.0000  -22.5000 2430.9460    9.9966
    0.0000   60.0000  -22.5000 2458.2700    9.8407
    7.5000   60.0000  -22.5000 2464.5071    9.8897
   -7.5000  -30.0000  -15.0000 2182.8821   13.2674
    0.0000  -30.0000  -15.0000 2217.0684   13.0640
    7.5000  -30.0000  -15.0000 2213.9246   13.1006
   -7.5000  -22.5000  -15.0000 2331.2048   11.7387
    0.0000  -22.5000  -15.0000 2364.4707   11.5522
    7.5000  -22.5000  -15.0000 2360.4819   11.5695
   -7.5000  -15.0000  -15.0000 2459.8181   10.5331
    0.0000  -15.0000  -15.0000 2494.5735   10.3697
    7.5000  -15.0000  -15.0000 2490.5918   10.3697
   -7.5000   -7.5000  -15.0000 2578.8665    9.5652
    0.0000   -7.5000  -15.0000 2612.8152    9.4210
    7.5000   -7.5000  -15.0000 2612.5667    9.4374
   -7.5000    0.0000  -15.0000 2685.2158    8.8111
    0.0000    0.0000  -15.0000 2718.5767    8.7092
    7.5000    0.0000  -15.0000 2722.6655    8.7187
   -7.5000    7.5000  -15.0000 2771.1624    8.2674
    0.0000    7.5000  -15.0000 2804.6755    8.1660
    7.5000    7.5000  -15.0000 2813.5803    8.1956
   -7.5000   15.0000  -15.0000 2828.9534    7.9244
    0.0000   15.0000  -15.0000 2859.6069    7.8263
    7.5000   15.0000  -15.0000 2869.5349    7.8630
   -7.5000   22.5000  -15.0000 2865.8633    7.7817
    0.0000   22.5000  -15.0000 2898.9556    7.6576
    7.5000   22.5000  -15.0000 2905.0747    7.7194
   -7.5000   30.0000  -15.0000 2875.8948    7.8800
    0.0000   30.0000  -15.0000 2907.3406    7.7381
    7.5000   30.0000  -15.0000 2907.8284    7.8172
   -7.5000   37.5000  -15.0000 2840.6482    8.1577
    0.0000   37.5000  -15.0000 2873.3762    8.0095
    7.5000   37.5000  -15.0000 2879.3770    8.0751
   -7.5000   45.0000  -15.0000 2772.0815    8.5559
    0.0000   45.0000  -15.0000 2809.2837    8.4049
    7.5000   45.0000  -15.0000 2817.2959    8.4499
   -7.5000   52.5000  -15.0000 2656.2483    9.0380
    0.0000   52.5000  -15.0000 2690.8020    8.8841
    7.5000   52.5000  -15.0000 2699.8450    8.9335
   -7.5000   60.0000  -15.0000 2491.3367    9.6052
    0.0000   60.0000  -15.0000 2523.5095    9.4603
    7.5000   60.0000  -15.0000 2527.9141    9.5117
   -7.5000  -30.0000   -7.5000 2174.9141   13.2235
    0.0000  -30.0000   -7.5000 2207.6443   12.9980
    7.5000  -30.0000   -7.5000 2212.5872   13.0580
   -7.5000  -22.5000   -7.5000 2321.9197   11.6449
    0.0000  -22.5000   -7.5000 2354.6028   11.4576
    7.5000  -22.5000   -7.5000 2353.8105   11.4640
   -7.5000  -15.0000   -7.5000 2448.7935   10.3911
    0.0000  -15.0000   -7.5000 2480.0146   10.2335
    7.5000  -15.0000   -7.5000 2478.7715   10.2390
   -7.5000   -7.5000   -7.5000 2569.1982    9.4150
    0.0000   -7.5000   -7.5000 2606.0369    9.2735
    7.5000   -7.5000   -7.5000 2606.5510    9.2903
   -7.5000    0.0000   -7.5000 2677.7644    8.6527
    0.0000    0.0000   -7.5000 2716.5024    8.5441
    7.5000    0.0000   -7.5000 2724.1401    8.5708
   -7.5000    7.5000   -7.5000 2780.3147    8.1352
    0.0000    7.5000   -7.5000 2815.6050    8.0427
    7.5000    7.5000   -7.5000 2829.1165    8.0661
   -7.5000   15.0000   -7.5000 2857.9043    7.7752
    0.0000   15.0000   -7.5000 2893.0532    7.7167
    7.5000   15.0000   -7.5000 2907.4822    7.7499
   -7.5000   22.5000   -7.5000 2907.9053    7.5855
    0.0000   22.5000   -7.5000 2947.0156    7.5141
    7.5000   22.5000   -7.5000 2956.3562    7.5677
   -7.5000   30.0000   -7.5000 2927.2581    7.6155
    0.0000   30.0000   -7.5000 2963.4509    7.5204
    7.5000   30.0000   -7.5000 2963.2559    7.5915
   -7.5000   37.5000   -7.5000 2891.1082    7.8556
    0.0000   37.5000   -7.5000 2929.9656    7.7623
    7.5000   37.5000   -7.5000 2924.7551    7.8201
   -7.5000   45.0000   -7.5000 2825.2146    8.2184
    0.0000   45.0000   -7.5000 2863.4238    8.1266
    7.5000   45.0000   -7.5000 2863.5181    8.1502
   -7.5000   52.5000   -7.5000 2703.1445    8.7020
    0.0000   52.5000   -7.5000 2739.8269    8.5896
    7.5000   52.5000   -7.5000 2744.4324    8.6120
   -7.5000   60.0000   -7.5000 2530.8914    9.2939
    0.0000   60.0000   -7.5000 2562.3018    9.1819
    7.5000   60.0000   -7.5000 2565.4460    9.2105
   -7.5000  -30.0000    0.0000 2149.4167   13.3956
    0.0000  -30.0000    0.0000 2184.7534   13.1305
    7.5000  -30.0000    0.0000 2187.5281   13.2186
   -7.5000  -22.5000    0.0000 2291.9836   11.7458
    0.0000  -22.5000    0.0000 2323.8889   11.5170
    7.5000  -22.5000    0.0000 2324.3171   11.5777
   -7.5000  -15.0000    0.0000 2418.2402   10.4512
    0.0000  -15.0000    0.0000 2446.8757   10.2738
    7.5000  -15.0000    0.0000 2450.6064   10.3161
   -7.5000   -7.5000    0.0000 2543.5356    9.4542
    0.0000   -7.5000    0.0000 2577.7644    9.3028
    7.5000   -7.5000    0.0000 2584.8997    9.3412
   -7.5000    0.0000    0.0000 2659.8748    8.6908
    0.0000    0.0000    0.0000 2695.6475    8.5796
    7.5000    0.0000    0.0000 2709.9568    8.5952
   -7.5000    7.5000    0.0000 2772.2715    8.1452
    0.0000    7.5000    0.0000 2812.4561    8.0826
    7.5000    7.5000    0.0000 2824.9067    8.0790
   -7.5000   15.0000    0.0000 2866.4011    7.7838
    0.0000   15.0000    0.0000 2917.6877    7.7942
    7.5000   15.0000    0.0000 2922.9866    7.7829
   -7.5000   22.5000    0.0000 2934.3601    7.5649
    0.0000   22.5000    0.0000 2990.9272    7.6235
    7.5000   22.5000    0.0000 2992.8425    7.5993
   -7.5000   30.0000    0.0000 2954.2961    7.5126
    0.0000   30.0000    0.0000 3013.6523    7.5267
    7.5000   30.0000    0.0000 3002.5908    7.5344
   -7.5000   37.5000    0.0000 2920.4050    7.6671
    0.0000   37.5000    0.0000 2972.7981    7.6486
    7.5000   37.5000    0.0000 2961.7566    7.6790
   -7.5000   45.0000    0.0000 2850.1624    8.0136
    0.0000   45.0000    0.0000 2892.3311    7.9414
    7.5000   45.0000    0.0000 2891.1335    7.9795
   -7.5000   52.5000    0.0000 2731.7605    8.5228
    0.0000   52.5000    0.0000 2763.7153    8.3922
    7.5000   52.5000    0.0000 2768.5024    8.4342
   -7.5000   60.0000    0.0000 2552.5283    9.1247
    0.0000   60.0000    0.0000 2583.1477    8.9931
    7.5000   60.0000    0.0000 2587.0125    9.0511
   -7.5000  -30.0000    7.5000 2127.1284   13.7834
    0.0000  -30.0000    7.5000 2160.3135   13.4998
    7.5000  -30.0000    7.5000 2160.6980   13.5301
   -7.5000  -22.5000    7.5000 2261.9268   12.0116
    0.0000  -22.5000    7.5000 2293.2625   11.7878
    7.5000  -22.5000    7.5000 2292.7275   11.8133
   -7.5000  -15.0000    7.5000 2386.5540   10.6733
    0.0000  -15.0000    7.5000 2416.3660   10.5269
    7.5000  -15.0000    7.5000 2419.1189   10.5568
   -7.5000   -7.5000    7.5000 2510.6951    9.6594
    0.0000   -7.5000    7.5000 2546.4866    9.5316
    7.5000   -7.5000    7.5000 2551.2356    9.5399
   -7.5000    0.0000    7.5000 2632.6377    8.8751
    0.0000    0.0000    7.5000 2671.9373    8.7873
    7.5000    0.0000    7.5000 2679.8149    8.7736
   -7.5000    7.5000    7.5000 2751.2754    8.2865
    0.0000    7.5000    7.5000 2800.3025    8.2575
    7.5000    7.5000    7.5000 2803.2322    8.2334
   -7.5000   15.0000    7.5000 2859.2380    7.8871
    0.0000   15.0000    7.5000 2915.1270    7.9226
    7.5000   15.0000    7.5000 2913.1321    7.8984
   -7.5000   22.5000    7.5000 2940.1853    7.6425
    0.0000   22.5000    7.5000 3000.9685    7.6987
    7.5000   22.5000    7.5000 2990.8716    7.6971
   -7.5000   30.0000    7.5000 2961.6021    7.5739
    0.0000   30.0000    7.5000 3023.4011    7.5843
    7.5000   30.0000    7.5000 3009.0322    7.6096
   -7.5000   37.5000    7.5000 2922.7090    7.7099
    0.0000   37.5000    7.5000 2983.0247    7.6452
    7.5000   37.5000    7.5000 2966.7642    7.7053
   -7.5000   45.0000    7.5000 2847.8838    8.0345
    0.0000   45.0000    7.5000 2895.0405    7.9395
    7.5000   45.0000    7.5000 2885.9282    8.0128
   -7.5000   52.5000    7.5000 2729.2739    8.5062
    0.0000   52.5000    7.5000 2764.2537    8.3904
    7.5000   52.5000    7.5000 2764.7197    8.4423
   -7.5000   60.0000    7.5000 2554.3086    9.0785
    0.0000   60.0000    7.5000 2583.5547    8.9617
    7.5000   60.0000    7.5000 2589.1909    9.0078
   -7.5000  -30.0000   15.0000 2093.0977   14.3668
    0.0000  -30.0000   15.0000 2127.7515   14.1378
    7.5000  -30.0000   15.0000 2121.8933   14.0716
   -7.5000  -22.5000   15.0000 2225.5627   12.4587
    0.0000  -22.5000   15.0000 2259.4175   12.2628
    7.5000  -22.5000   15.0000 2256.3167   12.2781
   -7.5000  -15.0000   15.0000 2352.0383   11.0458
    0.0000  -15.0000   15.0000 2385.5430   10.8966
    7.5000  -15.0000   15.0000 2384.1062   10.9102
   -7.5000   -7.5000   15.0000 2474.5864    9.9728
    0.0000   -7.5000   15.0000 2508.2388    9.8433
    7.5000   -7.5000   15.0000 2512.9685    9.8407
   -7.5000    0.0000   15.0000 2595.9038    9.1304
    0.0000    0.0000   15.0000 2632.6130    9.0245
    7.5000    0.0000   15.0000 2642.3267    9.0076
   -7.5000    7.5000   15.0000 2721.6819    8.4869
    0.0000    7.5000   15.0000 2763.2051    8.4170
    7.5000    7.5000   15.0000 2770.1465    8.4100
   -7.5000   15.0000   15.0000 2827.4375    8.0465
    0.0000   15.0000   15.0000 2879.5916    8.0109
    7.5000   15.0000   15.0000 2881.9480    8.0110
   -7.5000   22.5000   15.0000 2904.2009    7.7654
    0.0000   22.5000   15.0000 2957.9036    7.7045
    7.5000   22.5000   15.0000 2957.3740    7.7449
   -7.5000   30.0000   15.0000 2930.0669    7.7048
    0.0000   30.0000   15.0000 2979.3652    7.5740
    7.5000   30.0000   15.0000 2972.9084    7.6495
   -7.5000   37.5000   15.0000 2901.8088    7.8557
    0.0000   37.5000   15.0000 2956.1658    7.7348
    7.5000   37.5000   15.0000 2938.8867    7.8218
   -7.5000   45.0000   15.0000 2828.3599    8.2146
    0.0000   45.0000   15.0000 2869.6565    8.1208
    7.5000   45.0000   15.0000 2862.2632    8.1954
   -7.5000   52.5000   15.0000 2707.4480    8.6789
    0.0000   52.5000   15.0000 2735.6841    8.5830
    7.5000   52.5000   15.0000 2739.2969    8.6379
   -7.5000   60.0000   15.0000 2533.1597    9.2244
    0.0000   60.0000   15.0000 2559.8486    9.1134
    7.5000   60.0000   15.0000 2565.8201    9.1600
   -7.5000  -30.0000   22.5000 2045.2994   15.0370
    0.0000  -30.0000   22.5000 2078.8699   14.7453
    7.5000  -30.0000   22.5000 2077.4741   14.7029
   -7.5000  -22.5000   22.5000 2188.0867   13.0067
    0.0000  -22.5000   22.5000 2220.1584   12.7603
    7.5000  -22.5000   22.5000 2216.7012   12.7843
   -7.5000  -15.0000   22.5000 2317.7634   11.5060
    0.0000  -15.0000   22.5000 2351.6968   11.2910
    7.5000  -15.0000   22.5000 2348.3083   11.3260
   -7.5000   -7.5000   22.5000 2437.9937   10.3578
    0.0000   -7.5000   22.5000 2469.6846   10.1593
    7.5000   -7.5000   22.5000 2476.4480   10.1943
   -7.5000    0.0000   22.5000 2560.5208    9.4504
    0.0000    0.0000   22.5000 2591.5405    9.2564
    7.5000    0.0000   22.5000 2603.9509    9.3020
   -7.5000    7.5000   22.5000 2682.9187    8.7683
    0.0000    7.5000   22.5000 2716.6116    8.6128
    7.5000    7.5000   22.5000 2732.2671    8.6706
   -7.5000   15.0000   22.5000 2784.5510    8.2968
    0.0000   15.0000   22.5000 2822.4653    8.1742
    7.5000   15.0000   22.5000 2833.9473    8.2333
   -7.5000   22.5000   22.5000 2850.9739    8.0100
    0.0000   22.5000   22.5000 2891.9583    7.8428
    7.5000   22.5000   22.5000 2897.8687    7.9234
   -7.5000   30.0000   22.5000 2873.9014    7.9425
    0.0000   30.0000   22.5000 2914.9971    7.7820
    7.5000   30.0000   22.5000 2916.5515    7.8555
   -7.5000   37.5000   22.5000 2851.9099    8.1123
    0.0000   37.5000   22.5000 2900.5312    7.9998
    7.5000   37.5000   22.5000 2893.0908    8.0646
   -7.5000   45.0000   22.5000 2790.8657    8.5077
    0.0000   45.0000   22.5000 2828.8696    8.4091
    7.5000   45.0000   22.5000 2823.0278    8.4658
   -7.5000   52.5000   22.5000 2673.0469    8.9860
    0.0000   52.5000   22.5000 2699.9756    8.8841
    7.5000   52.5000   22.5000 2697.8489    8.9345
   -7.5000   60.0000   22.5000 2498.1699    9.5027
    0.0000   60.0000   22.5000 2525.6082    9.4191
    7.5000   60.0000   22.5000 2527.1077    9.4534
   -7.5000  -30.0000   30.0000 1990.0770   15.6942
    0.0000  -30.0000   30.0000 2024.7543   15.3578
    7.5000  -30.0000   30.0000 2028.3486   15.4236
   -7.5000  -22.5000   30.0000 2143.6589   13.5979
    0.0000  -22.5000   30.0000 2173.1990   13.2706
    7.5000  -22.5000   30.0000 2174.5166   13.3640
   -7.5000  -15.0000   30.0000 2279.1108   12.0071
    0.0000  -15.0000   30.0000 2310.2483   11.7054
    7.5000  -15.0000   30.0000 2311.9390   11.8161
   -7.5000   -7.5000   30.0000 2397.3806   10.7863
    0.0000   -7.5000   30.0000 2430.2549   10.5096
    7.5000   -7.5000   30.0000 2436.7761   10.6331
   -7.5000    0.0000   30.0000 2520.0510    9.8652
    0.0000    0.0000   30.0000 2552.5933    9.6047
    7.5000    0.0000   30.0000 2560.5984    9.7262
   -7.5000    7.5000   30.0000 2640.4739    9.1754
    0.0000    7.5000   30.0000 2671.9077    8.9624
    7.5000    7.5000   30.0000 2684.8669    9.0676
   -7.5000   15.0000   30.0000 2731.3562    8.7098
    0.0000   15.0000   30.0000 2762.4167    8.4920
    7.5000   15.0000   30.0000 2776.0637    8.5789
   -7.5000   22.5000   30.0000 2786.7117    8.3996
    0.0000   22.5000   30.0000 2823.7922    8.1698
    7.5000   22.5000   30.0000 2829.2334    8.2497
   -7.5000   30.0000   30.0000 2804.9868    8.3412
    0.0000   30.0000   30.0000 2846.8362    8.1650
    7.5000   30.0000   30.0000 2844.2693    8.2340
   -7.5000   37.5000   30.0000 2784.3232    8.5080
    0.0000   37.5000   30.0000 2828.0754    8.3806
    7.5000   37.5000   30.0000 2824.7922    8.4391
   -7.5000   45.0000   30.0000 2727.4160    8.8889
    0.0000   45.0000   30.0000 2762.9133    8.7767
    7.5000   45.0000   30.0000 2759.7441    8.8234
   -7.5000   52.5000   30.0000 2616.8862    9.3761
    0.0000   52.5000   30.0000 2641.8877    9.2573
    7.5000   52.5000   30.0000 2640.1519    9.2994
   -7.5000   60.0000   30.0000 2450.9551    9.9009
    0.0000   60.0000   30.0000 2475.9585    9.7900
    7.5000   60.0000   30.0000 2479.3928    9.8302
   -7.5000  -30.0000   37.5000 1938.5184   16.4505
    0.0000  -30.0000   37.5000 1970.6205   16.0930
    7.5000  -30.0000   37.5000 1974.8389   16.2762
   -7.5000  -22.5000   37.5000 2092.1440   14.2422
    0.0000  -22.5000   37.5000 2120.9756   13.8775
    7.5000  -22.5000   37.5000 2126.3186   14.0811
   -7.5000  -15.0000   37.5000 2231.9514   12.6106
    0.0000  -15.0000   37.5000 2263.9319   12.2410
    7.5000  -15.0000   37.5000 2264.4519   12.4444
   -7.5000   -7.5000   37.5000 2353.2427   11.3491
    0.0000   -7.5000   37.5000 2387.6873   11.0096
    7.5000   -7.5000   37.5000 2392.1646   11.2012
   -7.5000    0.0000   37.5000 2473.9568   10.4255
    0.0000    0.0000   37.5000 2507.6113   10.1021
    7.5000    0.0000   37.5000 2513.4368   10.2788
   -7.5000    7.5000   37.5000 2585.3054    9.7135
    0.0000    7.5000   37.5000 2618.7776    9.4336
    7.5000    7.5000   37.5000 2629.0415    9.5642
   -7.5000   15.0000   37.5000 2668.1975    9.2261
    0.0000   15.0000   37.5000 2698.7141    8.9510
    7.5000   15.0000   37.5000 2707.6460    9.0445
   -7.5000   22.5000   37.5000 2716.3311    8.9048
    0.0000   22.5000   37.5000 2752.1355    8.6695
    7.5000   22.5000   37.5000 2755.1997    8.7525
   -7.5000   30.0000   37.5000 2729.7349    8.8597
    0.0000   30.0000   37.5000 2765.0659    8.6812
    7.5000   30.0000   37.5000 2766.0508    8.7508
   -7.5000   37.5000   37.5000 2707.8208    9.0283
    0.0000   37.5000   37.5000 2746.0986    8.8869
    7.5000   37.5000   37.5000 2748.2253    8.9455
   -7.5000   45.0000   37.5000 2650.9866    9.3970
    0.0000   45.0000   37.5000 2687.9634    9.2496
    7.5000   45.0000   37.5000 2687.3489    9.3103
   -7.5000   52.5000   37.5000 2541.8994    9.8638
    0.0000   52.5000   37.5000 2571.4109    9.7178
    7.5000   52.5000   37.5000 2575.5308    9.7609
   -7.5000   60.0000   37.5000 2389.8589   10.3487
    0.0000   60.0000   37.5000 2415.9485   10.2215
    7.5000   60.0000   37.5000 2420.5549   10.2590
   -7.5000  -30.0000   45.0000 1882.7135   17.4394
    0.0000  -30.0000   45.0000 1913.2498   17.0370
    7.5000  -30.0000   45.0000 1915.4010   17.3134
   -7.5000  -22.5000   45.0000 2036.5269   15.0605
    0.0000  -22.5000   45.0000 2062.9653   14.6629
    7.5000  -22.5000   45.0000 2066.8088   14.9389
   -7.5000  -15.0000   45.0000 2175.2578   13.3419
    0.0000  -15.0000   45.0000 2207.2537   12.9435
    7.5000  -15.0000   45.0000 2209.5105   13.2126
   -7.5000   -7.5000   45.0000 2300.0288   12.0573
    0.0000   -7.5000   45.0000 2333.8247   11.6880
    7.5000   -7.5000   45.0000 2335.3037   11.9035
   -7.5000    0.0000   45.0000 2413.2446   11.0974
    0.0000    0.0000   45.0000 2448.0444   10.7626
    7.5000    0.0000   45.0000 2453.7080   10.9344
   -7.5000    7.5000   45.0000 2516.2478   10.3735
    0.0000    7.5000   45.0000 2547.5188   10.0475
    7.5000    7.5000   45.0000 2557.9609   10.1793
   -7.5000   15.0000   45.0000 2587.3958    9.8559
    0.0000   15.0000   45.0000 2619.1111    9.5722
    7.5000   15.0000   45.0000 2625.0725    9.6657
   -7.5000   22.5000   45.0000 2633.7834    9.5508
    0.0000   22.5000   45.0000 2664.6033    9.3190
    7.5000   22.5000   45.0000 2666.2551    9.4013
   -7.5000   30.0000   45.0000 2640.6638    9.5068
    0.0000   30.0000   45.0000 2673.2300    9.3242
    7.5000   30.0000   45.0000 2677.4197    9.3978
   -7.5000   37.5000   45.0000 2618.7817    9.6673
    0.0000   37.5000   45.0000 2655.7144    9.5206
    7.5000   37.5000   45.0000 2659.2144    9.5817
   -7.5000   45.0000   45.0000 2564.3386   10.0078
    0.0000   45.0000   45.0000 2602.5281    9.8520
    7.5000   45.0000   45.0000 2600.7659    9.9160
   -7.5000   52.5000   45.0000 2465.3018   10.4502
    0.0000   52.5000   45.0000 2498.5303   10.2819
    7.5000   52.5000   45.0000 2497.6311   10.3300
   -7.5000   60.0000   45.0000 2320.5012   10.9193
    0.0000   60.0000   45.0000 2345.9280   10.7707
    7.5000   60.0000   45.0000 2345.4929   10.8027

---------------------------------------------------------------------
imgreg_4dfp /opt/freesurfer/average/711-2C_as_mni_average_305 /opt/freesurfer/average/711-2B_as_mni_average_305_mask talsrcimg_g11 none talsrcimg_to_711-2C_as_mni_average_305_t4 1283
---------------------------------------------------------------------

freesurfer imgreg_4dfp.c
/opt/freesurfer/average/711-2C_as_mni_average_305.4dfp.img
       256       256       256         1
  1.000000  1.000000  1.000000
orientation T byte_order littleendian
Reading image: /opt/freesurfer/average/711-2C_as_mni_average_305.4dfp.img
dimensions:      256       256       256
mmppix:       1.0000   -1.0000   -1.0000
center:     128.0000 -129.0000 -129.0000
/opt/freesurfer/average/711-2B_as_mni_average_305_mask.4dfp.img
       256       256       256         1
  1.000000  1.000000  1.000000
orientation T byte_order littleendian
Reading mask: /opt/freesurfer/average/711-2B_as_mni_average_305_mask.4dfp.img (2306576 pixels)
talsrcimg_g11.4dfp.img
       256       256       256         1
  1.000000  1.000000  1.000000
orientation T byte_order littleendian
Reading image: talsrcimg_g11.4dfp.img
dimensions:      256       256       256
mmppix:       1.0000   -1.0000   -1.0000
center:     128.0000 -129.0000 -129.0000
rotation matrix determinant  1.000000
fimgreg.f
image alignment mode   1283 decimal      503 hex
parameters
    0.0000   30.0000    7.5000    0.0000    0.0000    0.0000
eta,q 0.94963  7.58042
niter,ni,del,rscale     5    3   12.0000    1.2000
parameter  1 -0.521864 -> -0.500000 qaram    1.1500
parameter  3  0.627972 ->  0.500000 qaram    1.1500
parameter  4  1.241943 ->  0.500000 qaram    1.1500
parameter  6  1.844836 ->  0.500000 qaram    1.1500
parameters
    3.4500   28.0353    4.0500   -3.4500   -0.3634   -3.4500
eta,q 0.96370  7.61549
  0.0708  0.0520  0.0466  0.0418  0.0481  0.0350
  0.0647  0.0488  0.0454  0.0416  0.0453  0.0358
  0.0585  0.0479  0.0460  0.0427  0.0429  0.0381
  0.0531  0.0492  0.0479  0.0454  0.0417  0.0418
  0.0497  0.0520  0.0502  0.0493  0.0425  0.0461
  0.0498  0.0556  0.0537  0.0528  0.0458  0.0503
  0.0538  0.0592  0.0583  0.0553  0.0507  0.0541
niter,ni,del,rscale     7    3   12.0000    1.2000
parameters
    2.8854   28.8293    3.9291   -5.6400    0.0223   -6.5245
eta,q 0.96667  7.63499
  0.0545  0.0522  0.0460  0.0393  0.0446  0.0362
  0.0445  0.0445  0.0407  0.0362  0.0402  0.0340
  0.0379  0.0388  0.0367  0.0350  0.0369  0.0333
  0.0363  0.0361  0.0359  0.0359  0.0350  0.0348
  0.0416  0.0367  0.0376  0.0389  0.0352  0.0386
  0.0503  0.0403  0.0411  0.0439  0.0379  0.0435
  0.0595  0.0454  0.0466  0.0488  0.0431  0.0485
niter,ni,del,rscale     6    3   12.0000    1.2000
parameters
    2.6991   29.7542    3.6558   -6.6107    0.3458   -6.5131
eta,q 0.96778  7.63315
  0.0547  0.0504  0.0440  0.0394  0.0427  0.0414
  0.0438  0.0429  0.0381  0.0364  0.0380  0.0368
  0.0359  0.0367  0.0342  0.0328  0.0341  0.0337
  0.0333  0.0333  0.0328  0.0328  0.0323  0.0322
  0.0369  0.0331  0.0347  0.0353  0.0327  0.0332
  0.0456  0.0370  0.0397  0.0394  0.0359  0.0367
  0.0569  0.0429  0.0456  0.0444  0.0413  0.0416
niter,ni,del,rscale     5    3   12.0000    1.2000
parameters
    2.6438   30.1095    3.4347   -6.9945    0.4231   -6.5349
eta,q 0.96801  7.63164
  0.0552  0.0475  0.0438  0.0404  0.0417  0.0413
  0.0438  0.0408  0.0377  0.0373  0.0371  0.0367
  0.0354  0.0353  0.0335  0.0335  0.0335  0.0334
  0.0322  0.0322  0.0321  0.0321  0.0320  0.0320
  0.0356  0.0334  0.0341  0.0344  0.0328  0.0331
  0.0445  0.0382  0.0390  0.0382  0.0363  0.0367
  0.0558  0.0449  0.0451  0.0427  0.0417  0.0416
niter,ni,del,rscale     4    3   12.0000    1.2000
parameters
    2.6212   30.2318    3.3297   -7.1299    0.4601   -6.5429
eta,q 0.96805  7.63135
  0.0554  0.0464  0.0441  0.0410  0.0415  0.0413
  0.0439  0.0401  0.0379  0.0377  0.0369  0.0367
  0.0353  0.0348  0.0335  0.0339  0.0334  0.0334
  0.0320  0.0320  0.0320  0.0320  0.0320  0.0320
  0.0353  0.0337  0.0337  0.0339  0.0328  0.0330
  0.0443  0.0389  0.0386  0.0377  0.0364  0.0366
  0.0556  0.0458  0.0448  0.0421  0.0417  0.0415
niter,ni,del,rscale     3    3   12.0000    1.2000
parameters
    2.6062   30.2757    3.2905   -7.1797    0.4789   -6.5480
eta,q 0.96805  7.63125
  0.0554  0.0461  0.0443  0.0412  0.0415  0.0413
  0.0439  0.0399  0.0380  0.0379  0.0368  0.0367
  0.0353  0.0346  0.0336  0.0340  0.0334  0.0334
  0.0320  0.0320  0.0319  0.0319  0.0319  0.0319
  0.0352  0.0338  0.0336  0.0338  0.0328  0.0330
  0.0443  0.0392  0.0383  0.0376  0.0364  0.0366
  0.0555  0.0462  0.0446  0.0419  0.0418  0.0415
registration optimization eta report
parameter search radius
    6.9000    6.0000    6.9000    6.9000    6.0000    6.9000
100000*second partial in parameter space
       48.       38.       26.       19.       27.       20.
  0.0554  0.0461  0.0443  0.0412  0.0415  0.0413
  0.0439  0.0399  0.0380  0.0379  0.0368  0.0367
  0.0353  0.0346  0.0336  0.0340  0.0334  0.0334
  0.0320  0.0320  0.0319  0.0319  0.0319  0.0319
  0.0352  0.0338  0.0336  0.0338  0.0328  0.0330
  0.0443  0.0392  0.0383  0.0376  0.0364  0.0366
  0.0555  0.0462  0.0446  0.0419  0.0418  0.0415
    2.6062   30.2757    3.2905   -7.1797    0.4789   -6.5480
eta,q 0.96805  7.63125

---------------------------------------------------------------------
imgreg_4dfp /opt/freesurfer/average/711-2C_as_mni_average_305 /opt/freesurfer/average/711-2B_as_mni_average_305_mask talsrcimg_g11 none talsrcimg_to_711-2C_as_mni_average_305_t4 3335
---------------------------------------------------------------------

freesurfer imgreg_4dfp.c
/opt/freesurfer/average/711-2C_as_mni_average_305.4dfp.img
       256       256       256         1
  1.000000  1.000000  1.000000
orientation T byte_order littleendian
Reading image: /opt/freesurfer/average/711-2C_as_mni_average_305.4dfp.img
dimensions:      256       256       256
mmppix:       1.0000   -1.0000   -1.0000
center:     128.0000 -129.0000 -129.0000
/opt/freesurfer/average/711-2B_as_mni_average_305_mask.4dfp.img
       256       256       256         1
  1.000000  1.000000  1.000000
orientation T byte_order littleendian
Reading mask: /opt/freesurfer/average/711-2B_as_mni_average_305_mask.4dfp.img (2306576 pixels)
talsrcimg_g11.4dfp.img
       256       256       256         1
  1.000000  1.000000  1.000000
orientation T byte_order littleendian
Reading image: talsrcimg_g11.4dfp.img
dimensions:      256       256       256
mmppix:       1.0000   -1.0000   -1.0000
center:     128.0000 -129.0000 -129.0000
fimgreg.f
image alignment mode   3335 decimal      D07 hex
parameters
    2.6062   30.2757    3.2905   -0.6558   -1.4432   -0.7876
   11.4180    0.6013  -11.4032   12.5111    0.8359  -12.4977
eta,q 0.96710  7.64256
niter,ni,del,rscale     5    3    5.0000    1.2000
parameter  4  0.626317 ->  0.500000 qaram    1.1500
parameter  5  1.892846 ->  0.500000 qaram    1.1500
parameters
    2.4826   30.1942    3.5930   -4.7958   -5.5832   -2.7046
   11.5943    0.9384   -8.8890   13.4052    0.2018  -10.9384
eta,q 0.97275  7.41132
  0.0361  0.0352  0.0348  0.0320  0.0259  0.0286  0.0303  0.0322  0.0311  0.0315  0.0282  0.0289
  0.0343  0.0338  0.0338  0.0316  0.0273  0.0279  0.0289  0.0300  0.0296  0.0294  0.0277  0.0281
  0.0332  0.0330  0.0332  0.0318  0.0292  0.0277  0.0280  0.0284  0.0284  0.0280  0.0274  0.0276
  0.0329  0.0329  0.0329  0.0329  0.0316  0.0278  0.0277  0.0277  0.0276  0.0274  0.0273  0.0273
  0.0335  0.0333  0.0329  0.0350  0.0343  0.0281  0.0279  0.0280  0.0274  0.0274  0.0275  0.0273
  0.0348  0.0341  0.0333  0.0380  0.0377  0.0293  0.0287  0.0293  0.0276  0.0282  0.0279  0.0275
  0.0368  0.0354  0.0340  0.0415  0.0414  0.0320  0.0301  0.0316  0.0283  0.0299  0.0286  0.0280
niter,ni,del,rscale     6    3    5.0000    1.2000
parameter  5  0.901019 ->  0.500000 qaram    1.3225
parameters
    2.3372   30.1601    3.9719   -5.8436  -10.3442   -1.9785
   11.2957    1.1384   -9.1710   13.9053    0.6132  -11.0222
eta,q 0.97518  7.26126
  0.0303  0.0297  0.0291  0.0297  0.0248  0.0273  0.0271  0.0292  0.0269  0.0288  0.0259  0.0260
  0.0285  0.0283  0.0282  0.0284  0.0248  0.0261  0.0259  0.0271  0.0257  0.0269  0.0254  0.0253
  0.0275  0.0275  0.0275  0.0276  0.0255  0.0252  0.0251  0.0255  0.0250  0.0255  0.0250  0.0249
  0.0272  0.0272  0.0272  0.0272  0.0273  0.0249  0.0249  0.0249  0.0248  0.0248  0.0248  0.0248
  0.0278  0.0275  0.0272  0.0276  0.0297  0.0249  0.0252  0.0252  0.0252  0.0251  0.0249  0.0250
  0.0291  0.0284  0.0276  0.0293  0.0326  0.0253  0.0261  0.0266  0.0260  0.0262  0.0252  0.0254
  0.0311  0.0298  0.0282  0.0320  0.0361  0.0266  0.0276  0.0289  0.0272  0.0278  0.0257  0.0260
niter,ni,del,rscale     6    3    5.0000    1.2000
parameters
    2.2921   30.2616    4.2416   -5.3414  -13.2213   -1.4279
   11.2409    1.1251   -9.3827   14.5028    0.6066  -11.4644
eta,q 0.97556  7.19845
  0.0279  0.0279  0.0265  0.0280  0.0265  0.0269  0.0268  0.0286  0.0264  0.0282  0.0254  0.0254
  0.0262  0.0262  0.0256  0.0266  0.0251  0.0257  0.0256  0.0265  0.0253  0.0263  0.0249  0.0248
  0.0251  0.0252  0.0251  0.0255  0.0245  0.0249  0.0248  0.0250  0.0247  0.0250  0.0246  0.0245
  0.0248  0.0248  0.0248  0.0248  0.0247  0.0245  0.0245  0.0245  0.0245  0.0245  0.0245  0.0245
  0.0252  0.0251  0.0249  0.0247  0.0261  0.0244  0.0248  0.0249  0.0248  0.0246  0.0246  0.0246
  0.0264  0.0260  0.0252  0.0256  0.0286  0.0250  0.0256  0.0263  0.0255  0.0255  0.0249  0.0250
  0.0282  0.0273  0.0259  0.0277  0.0318  0.0265  0.0269  0.0287  0.0266  0.0272  0.0255  0.0256
niter,ni,del,rscale     5    3    5.0000    1.2000
parameters
    2.2807   30.4020    4.2826   -5.2402  -13.7009   -1.3084
   11.2477    1.1383   -9.4147   14.8207    0.5752  -11.6140
eta,q 0.97557  7.19049
  0.0276  0.0273  0.0258  0.0274  0.0278  0.0267  0.0268  0.0285  0.0264  0.0278  0.0254  0.0254
  0.0259  0.0257  0.0251  0.0261  0.0261  0.0255  0.0256  0.0264  0.0253  0.0260  0.0249  0.0248
  0.0248  0.0247  0.0246  0.0251  0.0248  0.0248  0.0247  0.0250  0.0247  0.0249  0.0246  0.0245
  0.0244  0.0244  0.0245  0.0245  0.0244  0.0245  0.0244  0.0244  0.0244  0.0244  0.0244  0.0244
  0.0248  0.0247  0.0246  0.0245  0.0248  0.0244  0.0247  0.0249  0.0247  0.0247  0.0245  0.0246
  0.0259  0.0254  0.0250  0.0256  0.0264  0.0251  0.0255  0.0262  0.0254  0.0256  0.0249  0.0249
  0.0277  0.0266  0.0257  0.0277  0.0290  0.0268  0.0268  0.0286  0.0264  0.0273  0.0255  0.0255
niter,ni,del,rscale     4    3    5.0000    1.2000
parameters
    2.2860   30.4799    4.2645   -5.2287  -13.8426   -1.2972
   11.2470    1.1546   -9.4143   14.9663    0.5765  -11.7059
eta,q 0.97556  7.18730
  0.0276  0.0270  0.0257  0.0274  0.0280  0.0266  0.0268  0.0285  0.0264  0.0276  0.0254  0.0255
  0.0259  0.0255  0.0250  0.0260  0.0263  0.0255  0.0255  0.0264  0.0253  0.0259  0.0249  0.0248
  0.0248  0.0247  0.0246  0.0250  0.0249  0.0248  0.0247  0.0250  0.0247  0.0248  0.0246  0.0245
  0.0244  0.0244  0.0244  0.0244  0.0244  0.0244  0.0244  0.0244  0.0244  0.0244  0.0244  0.0244
  0.0248  0.0247  0.0246  0.0245  0.0247  0.0244  0.0247  0.0249  0.0247  0.0247  0.0245  0.0246
  0.0259  0.0255  0.0250  0.0256  0.0261  0.0251  0.0255  0.0262  0.0254  0.0257  0.0249  0.0249
  0.0276  0.0266  0.0258  0.0278  0.0286  0.0270  0.0268  0.0286  0.0264  0.0274  0.0254  0.0255
niter,ni,del,rscale     3    3    5.0000    1.2000
parameters
    2.2905   30.5142    4.2496   -5.2213  -13.8981   -1.2877
   11.2453    1.1624   -9.4163   15.0395    0.5729  -11.7415
eta,q 0.97556  7.18645
  0.0276  0.0269  0.0257  0.0274  0.0281  0.0266  0.0268  0.0285  0.0264  0.0276  0.0254  0.0255
  0.0259  0.0255  0.0250  0.0260  0.0263  0.0255  0.0255  0.0264  0.0253  0.0258  0.0249  0.0248
  0.0248  0.0247  0.0246  0.0250  0.0249  0.0248  0.0247  0.0250  0.0247  0.0248  0.0246  0.0245
  0.0244  0.0244  0.0244  0.0244  0.0244  0.0244  0.0244  0.0244  0.0244  0.0244  0.0244  0.0244
  0.0248  0.0247  0.0246  0.0245  0.0246  0.0244  0.0247  0.0249  0.0247  0.0247  0.0245  0.0246
  0.0259  0.0255  0.0250  0.0256  0.0260  0.0251  0.0255  0.0262  0.0254  0.0257  0.0249  0.0249
  0.0276  0.0267  0.0258  0.0278  0.0285  0.0270  0.0268  0.0286  0.0264  0.0274  0.0254  0.0254
niter,ni,del,rscale     2    3    5.0000    1.2000
parameters
    2.2922   30.5303    4.2426   -5.2188  -13.9230   -1.2858
   11.2434    1.1649   -9.4172   15.0683    0.5677  -11.7661
eta,q 0.97556  7.18591
  0.0276  0.0269  0.0257  0.0274  0.0281  0.0266  0.0268  0.0285  0.0264  0.0275  0.0254  0.0255
  0.0259  0.0255  0.0250  0.0260  0.0263  0.0255  0.0255  0.0264  0.0253  0.0258  0.0249  0.0249
  0.0248  0.0247  0.0246  0.0250  0.0249  0.0248  0.0247  0.0250  0.0247  0.0248  0.0246  0.0245
  0.0244  0.0244  0.0244  0.0244  0.0244  0.0244  0.0244  0.0244  0.0244  0.0244  0.0244  0.0244
  0.0248  0.0247  0.0246  0.0245  0.0246  0.0244  0.0247  0.0249  0.0247  0.0247  0.0245  0.0246
  0.0259  0.0255  0.0250  0.0256  0.0260  0.0252  0.0255  0.0262  0.0254  0.0258  0.0249  0.0249
  0.0276  0.0267  0.0257  0.0278  0.0284  0.0270  0.0268  0.0286  0.0264  0.0275  0.0254  0.0254
registration optimization eta report
parameter search radius
    2.4000    2.4000    2.4000    8.2800    9.5220    7.2000
    7.2000    7.2000    7.2000    7.2000    7.2000    7.2000
100000*second partial in parameter space
       55.       41.       23.        5.        4.        5.
        5.        8.        4.        6.        2.        2.
  0.0276  0.0269  0.0257  0.0274  0.0281  0.0266  0.0268  0.0285  0.0264  0.0275  0.0254  0.0255
  0.0259  0.0255  0.0250  0.0260  0.0263  0.0255  0.0255  0.0264  0.0253  0.0258  0.0249  0.0249
  0.0248  0.0247  0.0246  0.0250  0.0249  0.0248  0.0247  0.0250  0.0247  0.0248  0.0246  0.0245
  0.0244  0.0244  0.0244  0.0244  0.0244  0.0244  0.0244  0.0244  0.0244  0.0244  0.0244  0.0244
  0.0248  0.0247  0.0246  0.0245  0.0246  0.0244  0.0247  0.0249  0.0247  0.0247  0.0245  0.0246
  0.0259  0.0255  0.0250  0.0256  0.0260  0.0252  0.0255  0.0262  0.0254  0.0258  0.0249  0.0249
  0.0276  0.0267  0.0257  0.0278  0.0284  0.0270  0.0268  0.0286  0.0264  0.0275  0.0254  0.0254
    2.2922   30.5303    4.2426   -5.2188  -13.9230   -1.2858
   11.2434    1.1649   -9.4172   15.0683    0.5677  -11.7661
eta,q 0.97556  7.18591

---------------------------------------------------------------------
imgreg_4dfp /opt/freesurfer/average/711-2C_as_mni_average_305 /opt/freesurfer/average/711-2B_as_mni_average_305_mask talsrcimg_g11 none talsrcimg_to_711-2C_as_mni_average_305_t4 2311
---------------------------------------------------------------------

freesurfer imgreg_4dfp.c
/opt/freesurfer/average/711-2C_as_mni_average_305.4dfp.img
       256       256       256         1
  1.000000  1.000000  1.000000
orientation T byte_order littleendian
Reading image: /opt/freesurfer/average/711-2C_as_mni_average_305.4dfp.img
dimensions:      256       256       256
mmppix:       1.0000   -1.0000   -1.0000
center:     128.0000 -129.0000 -129.0000
/opt/freesurfer/average/711-2B_as_mni_average_305_mask.4dfp.img
       256       256       256         1
  1.000000  1.000000  1.000000
orientation T byte_order littleendian
Reading mask: /opt/freesurfer/average/711-2B_as_mni_average_305_mask.4dfp.img (2306576 pixels)
talsrcimg_g11.4dfp.img
       256       256       256         1
  1.000000  1.000000  1.000000
orientation T byte_order littleendian
Reading image: talsrcimg_g11.4dfp.img
dimensions:      256       256       256
mmppix:       1.0000   -1.0000   -1.0000
center:     128.0000 -129.0000 -129.0000
fimgreg.f
image alignment mode   2311 decimal      907 hex
parameters
    2.2922   30.5303    4.2426   -5.2188  -13.9230   -1.2858
   11.2434    1.1649   -9.4172   15.0683    0.5677  -11.7661
eta,q 0.97556  7.18592
niter,ni,del,rscale     5    3    5.0000    0.8000
parameters
    2.2842   30.4823    4.2434   -4.4384  -13.3492   -0.7500
   11.2576    1.2049   -9.3262   15.1220    0.7230  -11.8767
eta,q 0.97571  7.24449
  0.0259  0.0254  0.0250  0.0257  0.0255  0.0254  0.0254  0.0263  0.0252  0.0257  0.0248  0.0248
  0.0251  0.0248  0.0247  0.0252  0.0249  0.0249  0.0248  0.0252  0.0247  0.0249  0.0246  0.0245
  0.0246  0.0245  0.0245  0.0247  0.0245  0.0245  0.0244  0.0245  0.0244  0.0245  0.0244  0.0243
  0.0244  0.0244  0.0244  0.0244  0.0244  0.0243  0.0243  0.0243  0.0243  0.0243  0.0243  0.0243
  0.0246  0.0246  0.0245  0.0243  0.0244  0.0242  0.0244  0.0245  0.0244  0.0244  0.0243  0.0244
  0.0251  0.0250  0.0247  0.0246  0.0245  0.0245  0.0248  0.0251  0.0247  0.0249  0.0245  0.0245
  0.0259  0.0255  0.0250  0.0252  0.0251  0.0251  0.0254  0.0263  0.0252  0.0257  0.0248  0.0248
niter,ni,del,rscale     4    3    5.0000    0.7000
parameters
    2.3137   30.4080    4.3123   -4.3957  -13.3569   -0.5640
   11.2432    1.2332   -9.3513   15.1102    0.7418  -11.8491
eta,q 0.97573  7.25067
  0.0255  0.0250  0.0248  0.0252  0.0250  0.0251  0.0251  0.0258  0.0250  0.0253  0.0247  0.0246
  0.0248  0.0246  0.0245  0.0248  0.0246  0.0247  0.0247  0.0250  0.0246  0.0247  0.0245  0.0244
  0.0244  0.0243  0.0244  0.0245  0.0244  0.0244  0.0244  0.0245  0.0243  0.0244  0.0243  0.0243
  0.0243  0.0243  0.0243  0.0243  0.0243  0.0243  0.0243  0.0243  0.0243  0.0243  0.0243  0.0243
  0.0244  0.0244  0.0243  0.0243  0.0243  0.0242  0.0244  0.0244  0.0244  0.0244  0.0243  0.0243
  0.0248  0.0247  0.0245  0.0246  0.0245  0.0245  0.0247  0.0249  0.0246  0.0247  0.0244  0.0244
  0.0254  0.0252  0.0247  0.0253  0.0250  0.0251  0.0252  0.0258  0.0250  0.0254  0.0247  0.0246
niter,ni,del,rscale     3    3    5.0000    0.6000
parameters
    2.3113   30.3903    4.3420   -4.2995  -13.3145   -0.4016
   11.2492    1.2371   -9.3553   15.1391    0.7742  -11.8551
eta,q 0.97576  7.25944
  0.0251  0.0249  0.0246  0.0250  0.0248  0.0248  0.0249  0.0254  0.0248  0.0251  0.0246  0.0245
  0.0246  0.0245  0.0244  0.0247  0.0245  0.0246  0.0245  0.0248  0.0245  0.0246  0.0244  0.0244
  0.0244  0.0243  0.0243  0.0244  0.0243  0.0244  0.0243  0.0244  0.0243  0.0244  0.0243  0.0243
  0.0243  0.0243  0.0243  0.0243  0.0243  0.0243  0.0242  0.0242  0.0242  0.0242  0.0242  0.0242
  0.0244  0.0243  0.0243  0.0243  0.0243  0.0242  0.0243  0.0244  0.0243  0.0243  0.0243  0.0243
  0.0247  0.0246  0.0244  0.0245  0.0244  0.0244  0.0245  0.0248  0.0245  0.0246  0.0244  0.0244
  0.0251  0.0249  0.0246  0.0250  0.0248  0.0248  0.0249  0.0254  0.0248  0.0251  0.0246  0.0245
niter,ni,del,rscale     2    3    5.0000    0.5000
parameters
    2.3162   30.3755    4.3624   -4.2076  -13.2825   -0.2261
   11.2325    1.2389   -9.3448   15.1958    0.7942  -11.8826
eta,q 0.97577  7.26823
  0.0249  0.0247  0.0245  0.0248  0.0246  0.0247  0.0247  0.0250  0.0246  0.0248  0.0245  0.0244
  0.0245  0.0244  0.0244  0.0245  0.0244  0.0245  0.0244  0.0246  0.0244  0.0245  0.0243  0.0243
  0.0243  0.0243  0.0243  0.0243  0.0243  0.0243  0.0243  0.0243  0.0243  0.0243  0.0243  0.0242
  0.0242  0.0242  0.0242  0.0242  0.0242  0.0242  0.0242  0.0242  0.0242  0.0242  0.0242  0.0242
  0.0243  0.0243  0.0243  0.0243  0.0243  0.0242  0.0243  0.0243  0.0243  0.0243  0.0243  0.0243
  0.0245  0.0244  0.0244  0.0244  0.0244  0.0243  0.0244  0.0246  0.0244  0.0244  0.0243  0.0243
  0.0249  0.0247  0.0245  0.0248  0.0246  0.0246  0.0247  0.0251  0.0246  0.0248  0.0245  0.0244
niter,ni,del,rscale     1    3    5.0000    0.4000
parameters
    2.3157   30.3675    4.3828   -4.1194  -13.2578   -0.0382
   11.2264    1.2405   -9.3468   15.2728    0.7970  -11.9319
eta,q 0.97579  7.27716
  0.0246  0.0245  0.0244  0.0246  0.0244  0.0245  0.0245  0.0248  0.0245  0.0246  0.0244  0.0243
  0.0244  0.0243  0.0243  0.0244  0.0243  0.0244  0.0243  0.0245  0.0243  0.0244  0.0243  0.0243
  0.0243  0.0243  0.0242  0.0243  0.0243  0.0243  0.0242  0.0243  0.0242  0.0243  0.0242  0.0242
  0.0242  0.0242  0.0242  0.0242  0.0242  0.0242  0.0242  0.0242  0.0242  0.0242  0.0242  0.0242
  0.0243  0.0243  0.0242  0.0242  0.0242  0.0242  0.0242  0.0243  0.0242  0.0242  0.0242  0.0242
  0.0244  0.0244  0.0243  0.0244  0.0243  0.0243  0.0243  0.0245  0.0243  0.0244  0.0243  0.0243
  0.0246  0.0245  0.0244  0.0246  0.0244  0.0245  0.0245  0.0248  0.0245  0.0246  0.0244  0.0243
registration optimization eta report
parameter search radius
    0.8000    0.8000    0.8000    2.4000    2.4000    2.4000
    2.4000    2.4000    2.4000    2.4000    2.4000    2.4000
100000*second partial in parameter space
       62.       43.       27.        6.        4.        5.
        5.        9.        4.        6.        3.        2.
  0.0246  0.0245  0.0244  0.0246  0.0244  0.0245  0.0245  0.0248  0.0245  0.0246  0.0244  0.0243
  0.0244  0.0243  0.0243  0.0244  0.0243  0.0244  0.0243  0.0245  0.0243  0.0244  0.0243  0.0243
  0.0243  0.0243  0.0242  0.0243  0.0243  0.0243  0.0242  0.0243  0.0242  0.0243  0.0242  0.0242
  0.0242  0.0242  0.0242  0.0242  0.0242  0.0242  0.0242  0.0242  0.0242  0.0242  0.0242  0.0242
  0.0243  0.0243  0.0242  0.0242  0.0242  0.0242  0.0242  0.0243  0.0242  0.0242  0.0242  0.0242
  0.0244  0.0244  0.0243  0.0244  0.0243  0.0243  0.0243  0.0245  0.0243  0.0244  0.0243  0.0243
  0.0246  0.0245  0.0244  0.0246  0.0244  0.0245  0.0245  0.0248  0.0245  0.0246  0.0244  0.0243
    2.3157   30.3675    4.3828   -4.1194  -13.2578   -0.0382
   11.2264    1.2405   -9.3468   15.2728    0.7970  -11.9319
eta,q 0.97579  7.27716

---------------------------------------------------------------------
imgreg_4dfp /opt/freesurfer/average/711-2C_as_mni_average_305 /opt/freesurfer/average/711-2B_as_mni_average_305_mask talsrcimg_g11 none talsrcimg_to_711-2C_as_mni_average_305_t4 2311
---------------------------------------------------------------------

freesurfer imgreg_4dfp.c
/opt/freesurfer/average/711-2C_as_mni_average_305.4dfp.img
       256       256       256         1
  1.000000  1.000000  1.000000
orientation T byte_order littleendian
Reading image: /opt/freesurfer/average/711-2C_as_mni_average_305.4dfp.img
dimensions:      256       256       256
mmppix:       1.0000   -1.0000   -1.0000
center:     128.0000 -129.0000 -129.0000
/opt/freesurfer/average/711-2B_as_mni_average_305_mask.4dfp.img
       256       256       256         1
  1.000000  1.000000  1.000000
orientation T byte_order littleendian
Reading mask: /opt/freesurfer/average/711-2B_as_mni_average_305_mask.4dfp.img (2306576 pixels)
talsrcimg_g11.4dfp.img
       256       256       256         1
  1.000000  1.000000  1.000000
orientation T byte_order littleendian
Reading image: talsrcimg_g11.4dfp.img
dimensions:      256       256       256
mmppix:       1.0000   -1.0000   -1.0000
center:     128.0000 -129.0000 -129.0000
fimgreg.f
image alignment mode   2311 decimal      907 hex
parameters
    2.3157   30.3675    4.3828   -4.1194  -13.2578   -0.0382
   11.2264    1.2405   -9.3468   15.2728    0.7970  -11.9319
eta,q 0.97579  7.27715
niter,ni,del,rscale     5    3    5.0000    0.8000
parameters
    2.3267   30.4187    4.4047   -4.5432  -13.5241   -0.5786
   11.2403    1.2299   -9.3786   15.0841    0.7071  -11.7695
eta,q 0.97572  7.23982
  0.0258  0.0254  0.0249  0.0253  0.0251  0.0251  0.0254  0.0262  0.0252  0.0256  0.0248  0.0248
  0.0249  0.0247  0.0245  0.0248  0.0246  0.0247  0.0248  0.0252  0.0247  0.0248  0.0245  0.0245
  0.0244  0.0243  0.0243  0.0244  0.0243  0.0244  0.0244  0.0245  0.0244  0.0244  0.0243  0.0243
  0.0242  0.0242  0.0242  0.0242  0.0242  0.0242  0.0243  0.0243  0.0243  0.0243  0.0243  0.0243
  0.0244  0.0243  0.0243  0.0244  0.0243  0.0243  0.0244  0.0245  0.0244  0.0244  0.0243  0.0243
  0.0249  0.0247  0.0245  0.0249  0.0247  0.0249  0.0248  0.0252  0.0247  0.0250  0.0245  0.0245
  0.0258  0.0252  0.0249  0.0259  0.0254  0.0259  0.0254  0.0263  0.0252  0.0258  0.0248  0.0247
niter,ni,del,rscale     4    3    5.0000    0.7000
parameters
    2.3091   30.4089    4.3482   -4.4039  -13.3513   -0.5600
   11.2527    1.2290   -9.3495   15.0830    0.7400  -11.8283
eta,q 0.97573  7.25047
  0.0254  0.0251  0.0247  0.0252  0.0250  0.0250  0.0251  0.0258  0.0250  0.0253  0.0247  0.0246
  0.0248  0.0246  0.0245  0.0248  0.0246  0.0247  0.0247  0.0250  0.0246  0.0248  0.0245  0.0244
  0.0244  0.0244  0.0243  0.0245  0.0244  0.0244  0.0244  0.0245  0.0243  0.0244  0.0243  0.0243
  0.0243  0.0243  0.0243  0.0243  0.0243  0.0243  0.0243  0.0243  0.0243  0.0243  0.0243  0.0243
  0.0244  0.0244  0.0243  0.0243  0.0243  0.0242  0.0244  0.0244  0.0243  0.0244  0.0243  0.0243
  0.0248  0.0247  0.0245  0.0246  0.0245  0.0245  0.0247  0.0250  0.0246  0.0247  0.0244  0.0244
  0.0255  0.0251  0.0248  0.0252  0.0249  0.0251  0.0251  0.0258  0.0250  0.0254  0.0247  0.0246
niter,ni,del,rscale     3    3    5.0000    0.6000
parameters
    2.3110   30.3861    4.3463   -4.3015  -13.3041   -0.4029
   11.2431    1.2354   -9.3524   15.1283    0.7723  -11.8274
eta,q 0.97576  7.25950
  0.0251  0.0249  0.0246  0.0250  0.0248  0.0248  0.0249  0.0254  0.0248  0.0251  0.0246  0.0245
  0.0246  0.0245  0.0244  0.0247  0.0245  0.0246  0.0245  0.0248  0.0245  0.0246  0.0244  0.0244
  0.0244  0.0243  0.0243  0.0244  0.0243  0.0244  0.0243  0.0244  0.0243  0.0244  0.0243  0.0243
  0.0243  0.0243  0.0243  0.0243  0.0243  0.0243  0.0242  0.0242  0.0242  0.0242  0.0242  0.0242
  0.0244  0.0244  0.0243  0.0243  0.0243  0.0242  0.0243  0.0244  0.0243  0.0243  0.0243  0.0243
  0.0247  0.0246  0.0244  0.0245  0.0244  0.0244  0.0245  0.0248  0.0245  0.0246  0.0244  0.0244
  0.0251  0.0249  0.0246  0.0250  0.0248  0.0248  0.0249  0.0254  0.0248  0.0250  0.0246  0.0245
niter,ni,del,rscale     2    3    5.0000    0.5000
parameters
    2.3143   30.3715    4.3704   -4.2095  -13.2702   -0.2227
   11.2422    1.2373   -9.3494   15.1960    0.7978  -11.8815
eta,q 0.97577  7.26874
  0.0249  0.0247  0.0245  0.0248  0.0246  0.0247  0.0247  0.0250  0.0246  0.0248  0.0245  0.0244
  0.0245  0.0244  0.0244  0.0245  0.0244  0.0245  0.0244  0.0246  0.0244  0.0245  0.0243  0.0243
  0.0243  0.0243  0.0243  0.0243  0.0243  0.0243  0.0243  0.0243  0.0243  0.0243  0.0243  0.0242
  0.0242  0.0242  0.0242  0.0242  0.0242  0.0242  0.0242  0.0242  0.0242  0.0242  0.0242  0.0242
  0.0243  0.0243  0.0243  0.0243  0.0243  0.0242  0.0243  0.0243  0.0243  0.0243  0.0242  0.0243
  0.0245  0.0245  0.0244  0.0244  0.0244  0.0243  0.0244  0.0246  0.0244  0.0244  0.0243  0.0243
  0.0249  0.0247  0.0245  0.0248  0.0246  0.0246  0.0247  0.0251  0.0246  0.0248  0.0245  0.0244
niter,ni,del,rscale     1    3    5.0000    0.4000
parameters
    2.3156   30.3663    4.3804   -4.1192  -13.2662   -0.0389
   11.2228    1.2370   -9.3530   15.2694    0.8076  -11.9261
eta,q 0.97579  7.27680
  0.0246  0.0245  0.0244  0.0246  0.0244  0.0245  0.0245  0.0247  0.0245  0.0246  0.0244  0.0243
  0.0244  0.0243  0.0243  0.0244  0.0243  0.0244  0.0243  0.0245  0.0243  0.0244  0.0243  0.0243
  0.0243  0.0243  0.0242  0.0243  0.0243  0.0243  0.0242  0.0243  0.0242  0.0243  0.0242  0.0242
  0.0242  0.0242  0.0242  0.0242  0.0242  0.0242  0.0242  0.0242  0.0242  0.0242  0.0242  0.0242
  0.0243  0.0243  0.0242  0.0242  0.0242  0.0242  0.0242  0.0243  0.0242  0.0242  0.0242  0.0242
  0.0244  0.0244  0.0243  0.0244  0.0243  0.0243  0.0243  0.0245  0.0243  0.0244  0.0243  0.0243
  0.0246  0.0245  0.0244  0.0246  0.0244  0.0245  0.0245  0.0248  0.0245  0.0246  0.0244  0.0243
registration optimization eta report
parameter search radius
    0.8000    0.8000    0.8000    2.4000    2.4000    2.4000
    2.4000    2.4000    2.4000    2.4000    2.4000    2.4000
100000*second partial in parameter space
       62.       43.       26.        6.        4.        5.
        5.        9.        4.        6.        3.        2.
  0.0246  0.0245  0.0244  0.0246  0.0244  0.0245  0.0245  0.0247  0.0245  0.0246  0.0244  0.0243
  0.0244  0.0243  0.0243  0.0244  0.0243  0.0244  0.0243  0.0245  0.0243  0.0244  0.0243  0.0243
  0.0243  0.0243  0.0242  0.0243  0.0243  0.0243  0.0242  0.0243  0.0242  0.0243  0.0242  0.0242
  0.0242  0.0242  0.0242  0.0242  0.0242  0.0242  0.0242  0.0242  0.0242  0.0242  0.0242  0.0242
  0.0243  0.0243  0.0242  0.0242  0.0242  0.0242  0.0242  0.0243  0.0242  0.0242  0.0242  0.0242
  0.0244  0.0244  0.0243  0.0244  0.0243  0.0243  0.0243  0.0245  0.0243  0.0244  0.0243  0.0243
  0.0246  0.0245  0.0244  0.0246  0.0244  0.0245  0.0245  0.0248  0.0245  0.0246  0.0244  0.0243
    2.3156   30.3663    4.3804   -4.1192  -13.2662   -0.0389
   11.2228    1.2370   -9.3530   15.2694    0.8076  -11.9261
eta,q 0.97579  7.27680

---------------------------------------------------------------------
compute_vox2vox talsrcimg talsrcimg_to_711-2C_as_mni_average_305_t4 /opt/freesurfer/average/711-2C_as_mni_average_305
---------------------------------------------------------------------

freesurfer compute_vox2vox.c
Reading: talsrcimg.4dfp.ifh
Reading: talsrcimg_to_711-2C_as_mni_average_305_t4
Reading: /opt/freesurfer/average/711-2C_as_mni_average_305.4dfp.ifh
Writing: talsrcimg_to_711-2C_as_mni_average_305_t4_vox2vox.txt

start time Tue Mar 10 09:37:33 CET 2026
end		time Tue Mar 10 09:38:59 CET 2026

mpr2mni305 success

avi2talxfm orig_nu.mgz /opt/freesurfer/average/mni305.cor.mgz talsrcimg_to_711-2C_as_mni_average_305_t4_vox2vox.txt transforms/talairach.auto.xfm
avi2talxfm done
mv -f /out/sourcedata/freesurfer/sub-v2s0x29035_ses-1/mri/talsrcimg_to_711-2C_as_mni_average_305_t4_vox2vox.txt /out/sourcedata/freesurfer/sub-v2s0x29035_ses-1/mri/transforms/talsrcimg_to_711-2C_as_mni_average_305_t4_vox2vox.txt
lta_convert --src orig_nu.mgz --trg /opt/freesurfer/average/mni305.cor.mgz --inxfm transforms/talairach.auto.xfm --outlta transforms/talairach.auto.xfm.lta --subject fsaverage
7.3.2

--src: orig_nu.mgz src image (geometry).
--trg: /opt/freesurfer/average/mni305.cor.mgz trg image (geometry).
--inmni: transforms/talairach.auto.xfm input MNI/XFM transform.
--outlta: transforms/talairach.auto.xfm.lta output LTA.
--s: fsaverage subject name
 LTA read, type : 1
 1.03000   0.00746  -0.13225  -3.83466;
 0.00483   0.97984   0.13411  -30.30051;
 0.11022  -0.17170   1.11508  -13.86029;
 0.00000   0.00000   0.00000   1.00000;
setting subject to fsaverage
Writing  LTA to file transforms/talairach.auto.xfm.lta...
lta_convert successful.
 
 
Started at Tue Mar 10 09:37:32 CET 2026
Ended   at Tue Mar 10 09:39:00 CET 2026
talairach_avi done
