Logfile for bbregister
Tue Mar 10 10:32:54 CET 2026

setenv SUBJECTS_DIR /out/sourcedata/freesurfer
cd /out/sourcedata/freesurfer/sub-v2s0x29023_ses-1/scripts
/opt/freesurfer/bin/bbregister --s sub-v2s0x29023_ses-1 --mov /out/sourcedata/freesurfer/sub-v2s0x29023_ses-1/mri/orig/FLAIRraw.mgz --lta /out/sourcedata/freesurfer/sub-v2s0x29023_ses-1/mri/transforms/FLAIRraw.auto.lta --init-coreg --T2 --gm-proj-abs 2 --wm-proj-abs 1 --no-coreg-ref-mask

bbregister 7.3.2
Linux dna066 5.14.0-427.37.1.el9_4.x86_64 #1 SMP PREEMPT_DYNAMIC Fri Sep 13 12:41:50 EDT 2024 x86_64 x86_64 x86_64 GNU/Linux
FREESURFER_HOME /opt/freesurfer
mri_convert /out/sourcedata/freesurfer/sub-v2s0x29023_ses-1/mri/orig/FLAIRraw.mgz /out/sourcedata/freesurfer/sub-v2s0x29023_ses-1/mri/transforms/tmp.bbregister.691336/template.nii
mri_convert /out/sourcedata/freesurfer/sub-v2s0x29023_ses-1/mri/orig/FLAIRraw.mgz /out/sourcedata/freesurfer/sub-v2s0x29023_ses-1/mri/transforms/tmp.bbregister.691336/template.nii 
reading from /out/sourcedata/freesurfer/sub-v2s0x29023_ses-1/mri/orig/FLAIRraw.mgz...
TR=0.00, TE=0.00, TI=0.00, flip angle=0.00
i_ras = (-1, 0, 0)
j_ras = (0, 1, 0)
k_ras = (0, 0, 1)
writing to /out/sourcedata/freesurfer/sub-v2s0x29023_ses-1/mri/transforms/tmp.bbregister.691336/template.nii...
mri_coreg --s sub-v2s0x29023_ses-1 --mov /out/sourcedata/freesurfer/sub-v2s0x29023_ses-1/mri/transforms/tmp.bbregister.691336/template.nii --regdat /out/sourcedata/freesurfer/sub-v2s0x29023_ses-1/mri/transforms/tmp.bbregister.691336/reg.init.dat --reg /out/sourcedata/freesurfer/sub-v2s0x29023_ses-1/mri/transforms/tmp.bbregister.691336/mri_coreg.lta --nthreads 4 --dof 6 --sep 4 --ftol .0001 --linmintol .01 --no-ref-mask

$Id: mri_coreg.c,v 1.27 2016/04/30 15:11:49 greve Exp $
cwd /out/sourcedata/freesurfer/sub-v2s0x29023_ses-1/scripts
cmdline mri_coreg --s sub-v2s0x29023_ses-1 --mov /out/sourcedata/freesurfer/sub-v2s0x29023_ses-1/mri/transforms/tmp.bbregister.691336/template.nii --regdat /out/sourcedata/freesurfer/sub-v2s0x29023_ses-1/mri/transforms/tmp.bbregister.691336/reg.init.dat --reg /out/sourcedata/freesurfer/sub-v2s0x29023_ses-1/mri/transforms/tmp.bbregister.691336/mri_coreg.lta --nthreads 4 --dof 6 --sep 4 --ftol .0001 --linmintol .01 --no-ref-mask 
sysname  Linux
hostname dna066
machine  x86_64
user     oesteban
dof    6
nsep    1
cras0    1
ftol    0.000100
linmintol    0.010000
bf       1
bflim    30.000000
bfnsamp    30
SmoothRef 0
SatPct    99.990000
MovOOB 0
optschema 1
Seed 53
Reading in mov /out/sourcedata/freesurfer/sub-v2s0x29023_ses-1/mri/transforms/tmp.bbregister.691336/template.nii
Reading in ref /out/sourcedata/freesurfer/sub-v2s0x29023_ses-1/mri/brainmask.mgz
Setting cras translation parameters to align volume centers
Creating random numbers for coordinate dithering
Performing intensity dithering
Performing intensity dithering on mov with computed dither
Init matrix params -1.0562  0.5575  7.7446  0.0000  0.0000  0.0000  1.0000  1.0000  1.0000  0.0000  0.0000  0.0000 
Initial parameters to be opt -1.0562  0.5575  7.7446  0.0000  0.0000  0.0000 
Separation list (1):  4   min = 4
DoSmoothing 1
DoCoordDither 1
DoIntensityDither 1
nitersmax 4
ftol 1.000e-04
linmintol 1.000e-02
SatPct 99.990000
Hist FWHM 7.000000 7.000000
nthreads 4
movsat = 75.0000
mov gstd 1.8943 1.8943 1.8943
Smoothing mov
refsat = 113.0000
ref gstd 1.8914 1.8914 1.8914
Smoothing ref
COREGpreproc() done
Testing if mov and target overlap
Init cost   -1.0510779604
nhits = 176015 out of 16777216, Percent Overlap:  67.1
Initial  RefRAS-to-MovRAS
 1.00000   0.00000   0.00000  -1.05624;
 0.00000   1.00000   0.00000   0.55747;
 0.00000   0.00000   1.00000   7.74460;
 0.00000   0.00000   0.00000   1.00000;
Initial  RefVox-to-MovVox
 1.02400   0.00000   0.00000  -37.55999;
 0.00000   0.00000   1.02400  -3.06000;
 0.00000  -1.02400   0.00000   258.06000;
 0.00000   0.00000   0.00000   1.00000;
sep = 4 -----------------------------------
COREGoptBruteForce() 30 1 30
Turning on MovOOB for BruteForce Search
#BF# sep= 4 iter=0 lim=30.0 delta=2.00   0.94376  -1.44253  -0.25540   2.00000   0.00000   0.00000   -1.0515120
Turning  MovOOB back off after brute force search


---------------------------------
Init Powel Params dof = 6: 0.943756 -1.442528 -0.255402 2.000000 0.000000 0.000000 
Starting OpenPowel2(), sep = 4
InitialCost        -1.0628046989 
#@#  4  188  0.94376 -1.44253 -0.25540 2.00000 0.00000 0.00000   -1.0628047
fs_powell::minimize
  nparams 6
  maxfev 4
  ftol   0.000100
  linmin_xtol_   0.010000
  powell nthiter 0: fret = -1.062805
#@#  4  191  -0.67428 -1.44253 -0.25540 2.00000 0.00000 0.00000   -1.0628115
#@#  4  192  0.13119 -1.44253 -0.25540 2.00000 0.00000 0.00000   -1.0633231
#@#  4  196  0.12119 -1.44253 -0.25540 2.00000 0.00000 0.00000   -1.0633243
#@#  4  200  0.12119 -0.44253 -0.25540 2.00000 0.00000 0.00000   -1.0638264
#@#  4  205  0.12119 -0.48416 -0.25540 2.00000 0.00000 0.00000   -1.0638267
#@#  4  215  0.12119 -0.48416 0.12656 2.00000 0.00000 0.00000   -1.0639641
#@#  4  216  0.12119 -0.48416 0.30730 2.00000 0.00000 0.00000   -1.0639701
#@#  4  217  0.12119 -0.48416 0.24532 2.00000 0.00000 0.00000   -1.0639734
#@#  4  222  0.12119 -0.48416 0.24532 0.38197 0.00000 0.00000   -1.0644764
#@#  4  223  0.12119 -0.48416 0.24532 0.59085 0.00000 0.00000   -1.0645828
#@#  4  225  0.12119 -0.48416 0.24532 1.12910 0.00000 0.00000   -1.0645847
#@#  4  227  0.12119 -0.48416 0.24532 0.86304 0.00000 0.00000   -1.0646335
#@#  4  228  0.12119 -0.48416 0.24532 0.85304 0.00000 0.00000   -1.0646343
#@#  4  234  0.12119 -0.48416 0.24532 0.82087 0.00000 0.00000   -1.0646346
#@#  4  240  0.12119 -0.48416 0.24532 0.82087 0.38197 0.00000   -1.0646656
#@#  4  241  0.12119 -0.48416 0.24532 0.82087 0.25025 0.00000   -1.0646832
  powell nthiter 1: fret = -1.064683
#@#  4  261  0.00763 -0.48416 0.24532 0.82087 0.25025 0.00000   -1.0647062
#@#  4  262  -0.00596 -0.48416 0.24532 0.82087 0.25025 0.00000   -1.0647064
#@#  4  269  -0.00596 -0.10219 0.24532 0.82087 0.25025 0.00000   -1.0647368
#@#  4  270  -0.00596 -0.24984 0.24532 0.82087 0.25025 0.00000   -1.0647552
#@#  4  279  -0.00596 -0.24984 -0.37271 0.82087 0.25025 0.00000   -1.0647954
#@#  4  281  -0.00596 -0.24984 -0.10070 0.82087 0.25025 0.00000   -1.0648720
#@#  4  282  -0.00596 -0.24984 -0.09070 0.82087 0.25025 0.00000   -1.0648721
#@#  4  290  -0.00596 -0.24984 -0.09070 0.63558 0.25025 0.00000   -1.0649019
#@#  4  300  -0.00596 -0.24984 -0.09070 0.64558 0.33792 0.00000   -1.0649086
#@#  4  301  -0.00596 -0.24984 -0.09070 0.64558 0.34792 0.00000   -1.0649095
#@#  4  303  -0.00596 -0.24984 -0.09070 0.64558 0.38939 0.00000   -1.0649108
#@#  4  304  -0.00596 -0.24984 -0.09070 0.64558 0.37939 0.00000   -1.0649114
#@#  4  305  -0.00596 -0.24984 -0.09070 0.64558 0.36939 0.00000   -1.0649117
  powell nthiter 2: fret = -1.064912
#@#  4  322  -0.05753 -0.24984 -0.09070 0.64558 0.36939 0.00000   -1.0649149
#@#  4  332  -0.05753 -0.16295 -0.09070 0.64558 0.36939 0.00000   -1.0649226
#@#  4  334  -0.05753 -0.17295 -0.09070 0.64558 0.36939 0.00000   -1.0649229
#@#  4  343  -0.05753 -0.17295 -0.17004 0.64558 0.36939 0.00000   -1.0649259
#@#  4  344  -0.05753 -0.17295 -0.14771 0.64558 0.36939 0.00000   -1.0649261
#@#  4  345  -0.05753 -0.17295 -0.13771 0.64558 0.36939 0.00000   -1.0649263
#@#  4  353  -0.05753 -0.17295 -0.13771 0.58909 0.36939 0.00000   -1.0649294
#@#  4  354  -0.05753 -0.17295 -0.13771 0.57888 0.36939 0.00000   -1.0649303
#@#  4  374  -0.05753 -0.17295 -0.13771 0.57888 0.36939 0.02878   -1.0649307
#@#  4  375  -0.05753 -0.17295 -0.13771 0.57888 0.36939 0.01878   -1.0649308
Powell done niters total = 2
OptTimeSec  5.4 sec
OptTimeMin  0.09 min
nEvals 375
Final optimized parameters  -0.05752757  -0.17295064  -0.13771376   0.57887775   0.36939400   0.01878294 
Final matrix parameters -0.0575 -0.1730 -0.1377  0.5789  0.3694  0.0188  1.0000  1.0000  1.0000  0.0000  0.0000  0.0000 
Final cost   -1.064930814148699
 

---------------------------------
Final  RefRAS-to-MovRAS
 0.99998   0.00033   0.00645  -0.05753;
-0.00039   0.99995   0.01010  -0.17295;
-0.00644  -0.01011   0.99993  -0.13771;
 0.00000   0.00000   0.00000   1.00000;
Final  RefVox-to-MovVox
 1.02398   0.00660  -0.00034  -39.25648;
 0.00040  -0.01035   1.02395  -2.74468;
 0.00660  -1.02393  -0.01035   250.11343;
 0.00000   0.00000   0.00000   1.00000;
Final matrix parameters -0.0575 -0.1730 -0.1377  0.5789  0.3694  0.0188  0.0000  0.0000  0.0000  0.0000  0.0000  0.0000 
Final opt parameters -0.0575 -0.1730 -0.1377  0.5789  0.3694  0.0188 
nhits = 172308 out of 16777216, Percent Overlap:  65.7
mri_coreg RunTimeSec 41.2 sec
To check run:
   tkregisterfv --mov /out/sourcedata/freesurfer/sub-v2s0x29023_ses-1/mri/transforms/tmp.bbregister.691336/template.nii --targ /out/sourcedata/freesurfer/sub-v2s0x29023_ses-1/mri/brainmask.mgz --reg /out/sourcedata/freesurfer/sub-v2s0x29023_ses-1/mri/transforms/tmp.bbregister.691336/mri_coreg.lta --s sub-v2s0x29023_ses-1 --surfs 

mri_coreg done

mri_segreg --mov /out/sourcedata/freesurfer/sub-v2s0x29023_ses-1/mri/transforms/tmp.bbregister.691336/template.nii --init-reg /out/sourcedata/freesurfer/sub-v2s0x29023_ses-1/mri/transforms/tmp.bbregister.691336/reg.init.dat --out-reg /out/sourcedata/freesurfer/sub-v2s0x29023_ses-1/mri/transforms/tmp.bbregister.691336/bbr.pass1.dat --subsamp-brute 100 --subsamp 100 --tol 1e-4 --tol1d 1e-3 --brute -4 4 4 --surf white --gm-proj-abs 2 --gm-gt-wm 0.5
7.3.2
setenv SUBJECTS_DIR /out/sourcedata/freesurfer
cd /out/sourcedata/freesurfer/sub-v2s0x29023_ses-1/scripts
mri_segreg --mov /out/sourcedata/freesurfer/sub-v2s0x29023_ses-1/mri/transforms/tmp.bbregister.691336/template.nii --init-reg /out/sourcedata/freesurfer/sub-v2s0x29023_ses-1/mri/transforms/tmp.bbregister.691336/reg.init.dat --out-reg /out/sourcedata/freesurfer/sub-v2s0x29023_ses-1/mri/transforms/tmp.bbregister.691336/bbr.pass1.dat --subsamp-brute 100 --subsamp 100 --tol 1e-4 --tol1d 1e-3 --brute -4 4 4 --surf white --gm-proj-abs 2 --gm-gt-wm 0.5 
sysname  Linux
hostname dna066
machine  x86_64
user     oesteban
movvol /out/sourcedata/freesurfer/sub-v2s0x29023_ses-1/mri/transforms/tmp.bbregister.691336/template.nii
regfile /out/sourcedata/freesurfer/sub-v2s0x29023_ses-1/mri/transforms/tmp.bbregister.691336/reg.init.dat
subject sub-v2s0x29023_ses-1
dof 6
outregfile /out/sourcedata/freesurfer/sub-v2s0x29023_ses-1/mri/transforms/tmp.bbregister.691336/bbr.pass1.dat
UseMask 0
UseLH 1
UseRH 1
nsubsamp 100
PenaltySign  -1
PenaltySlope 0.500000
PenaltyCenter 0.000000
surfname white
GMProjAbs 2.000000
WMProjAbs 2.000000
lhcostfile (null)
rhcostfile (null)
interp  trilinear (1)
frame  0
TolPowell 0.000100
nMaxItersPowell 36
n1dmin  3
Profile   0
Gdiag_no  -1
AddNoise  0 (0)
SynthSeed 1774018137
TransRandMax 0.000000
RotRandMax 0.000000
Translations 0.000000 0.000000 0.000000
Rotations   0.000000 0.000000 0.000000
Input reg
 0.99998   0.00033   0.00645   0.86440;
-0.00644  -0.01011   0.99993  -9.20811;
 0.00039  -0.99995  -0.01010   0.92977;
 0.00000   0.00000   0.00000   1.00000;

Loading mov
ExcludeZeroVoxels 1
Reading in targ vol /out/sourcedata/freesurfer/sub-v2s0x29023_ses-1/mri/orig.mgz
Projecting LH Surfs
Loading lh.white surf
GM Proj: 0 0.500000 2.000000
WM Proj: 0 0.500000 2.000000
Projecting RH Surfs
Loading rh.white surf
Projecting RH Surfs
Using lh.cortex.label
Using rh.cortex.label
Computing relative cost
 0  -25.0 -25.0 -25.0   1.037842
 1  -25.0 -25.0  25.0   1.040102
 2  -25.0  25.0 -25.0   1.014179
 3  -25.0  25.0  25.0   1.070197
 4   25.0 -25.0 -25.0   1.033232
 5   25.0 -25.0  25.0   1.017618
 6   25.0  25.0 -25.0   1.052457
 7   25.0  25.0  25.0   1.033596
REL:  8  0.517386    8.299224  1.037403 rel = 0.498732 
Initial costs ----------------
Number of surface hits 2366
WM  Intensity    35.4564 +/-   6.3352
Ctx Intensity    39.2704 +/-  10.8625
Pct Contrast      7.0468 +/-  29.5807
Cost   0.5174
RelCost   0.4987

------------------------------------
Brute force preopt -4 4 4, n = 729
     0  -4.0000  -4.0000  -4.0000  -4.0000  -4.0000  -4.0000      1.0314   1.0314  0.0
     1  -4.0000  -4.0000  -4.0000  -4.0000  -4.0000   0.0000      0.9836   0.9836  0.0
    15  -4.0000  -4.0000  -4.0000   0.0000   4.0000  -4.0000      0.9093   0.9093  0.0
   120  -4.0000   0.0000   0.0000   0.0000   0.0000  -4.0000      0.9003   0.9003  0.0
   346   0.0000   0.0000  -4.0000   4.0000   0.0000   0.0000      0.8449   0.8449  0.0
   364   0.0000   0.0000   0.0000   0.0000   0.0000   0.0000      0.5174   0.5174  0.0
Brute Force --------------------------
Min cost was 0.517386
Number of iterations   729
Search time 0.531581 sec
Parameters at best (transmm, rotdeg)
  0.000   0.000   0.000  0.000  0.000  0.000 
--------------------------------------------

Starting Powell Minimization
Init Powel Params dof = 6
0 0
1 0
2 0
3 0
4 0
5 0
fs_powell::minimize
  nparams 6
  maxfev 36
  ftol   0.000100
  linmin_xtol_   0.001000
  powell nthiter 0: fret = 0.517386
   6  0.382  0.000  0.000  0.000  0.000  0.000   0.5114564498
  10  0.403  0.000  0.000  0.000  0.000  0.000   0.5113606276
  11  0.401  0.000  0.000  0.000  0.000  0.000   0.5113518177
  12  0.398  0.000  0.000  0.000  0.000  0.000   0.5113505539
  14  0.399  0.000  0.000  0.000  0.000  0.000   0.5113501121
  21  0.399  0.083  0.000  0.000  0.000  0.000   0.5113380428
  22  0.399  0.043  0.000  0.000  0.000  0.000   0.5106453239
  24  0.399  0.050  0.000  0.000  0.000  0.000   0.5106180472
  25  0.399  0.049  0.000  0.000  0.000  0.000   0.5106177526
  31  0.399  0.049 -0.618  0.000  0.000  0.000   0.4992060227
  33  0.399  0.049 -0.443  0.000  0.000  0.000   0.4977062186
  35  0.399  0.049 -0.274  0.000  0.000  0.000   0.4966483422
  36  0.399  0.049 -0.304  0.000  0.000  0.000   0.4966180711
  37  0.399  0.049 -0.298  0.000  0.000  0.000   0.4965540684
  38  0.399  0.049 -0.290  0.000  0.000  0.000   0.4964734293
  40  0.399  0.049 -0.288  0.000  0.000  0.000   0.4964706174
  48  0.399  0.049 -0.288 -0.057  0.000  0.000   0.4954750973
  50  0.399  0.049 -0.288 -0.059  0.000  0.000   0.4953667596
  52  0.399  0.049 -0.288 -0.072  0.000  0.000   0.4952806682
  53  0.399  0.049 -0.288 -0.067  0.000  0.000   0.4952108450
  61  0.399  0.049 -0.288 -0.067  0.382  0.000   0.4903881810
  63  0.399  0.049 -0.288 -0.067  0.233  0.000   0.4888857266
  68  0.399  0.049 -0.288 -0.067  0.220  0.000   0.4888466460
  70  0.399  0.049 -0.288 -0.067  0.224  0.000   0.4888444675
  71  0.399  0.049 -0.288 -0.067  0.223  0.000   0.4888437862
  72  0.399  0.049 -0.288 -0.067  0.222  0.000   0.4888428806
  82  0.399  0.049 -0.288 -0.067  0.222 -0.009   0.4887808191
  83  0.399  0.049 -0.288 -0.067  0.222 -0.008   0.4887801869
  powell nthiter 1: fret = 0.488780
  95  0.407  0.049 -0.288 -0.067  0.222 -0.008   0.4887399091
  97  0.406  0.049 -0.288 -0.067  0.222 -0.008   0.4887398353
 106  0.406  0.043 -0.288 -0.067  0.222 -0.008   0.4886673897
 107  0.406 -0.041 -0.288 -0.067  0.222 -0.008   0.4879464851
 112  0.406 -0.040 -0.288 -0.067  0.222 -0.008   0.4879458844
 113  0.406 -0.039 -0.288 -0.067  0.222 -0.008   0.4879457198
 115  0.406 -0.038 -0.288 -0.067  0.222 -0.008   0.4879450833
 124  0.406 -0.038 -0.348 -0.067  0.222 -0.008   0.4860088624
 126  0.406 -0.038 -0.352 -0.067  0.222 -0.008   0.4859904267
 139  0.406 -0.038 -0.352 -0.054  0.222 -0.008   0.4859562577
 140  0.406 -0.038 -0.352 -0.059  0.222 -0.008   0.4859219217
 149  0.406 -0.038 -0.352 -0.059  0.226 -0.008   0.4858311049
 150  0.406 -0.038 -0.352 -0.059  0.305 -0.008   0.4847517194
 152  0.406 -0.038 -0.352 -0.059  0.319 -0.008   0.4846506649
 154  0.406 -0.038 -0.352 -0.059  0.323 -0.008   0.4846362239
 156  0.406 -0.038 -0.352 -0.059  0.326 -0.008   0.4846316527
 157  0.406 -0.038 -0.352 -0.059  0.327 -0.008   0.4846305236
 168  0.406 -0.038 -0.352 -0.059  0.327 -0.012   0.4846098705
 169  0.406 -0.038 -0.352 -0.059  0.327 -0.013   0.4846060123
  powell nthiter 2: fret = 0.484606
 178  0.407 -0.038 -0.352 -0.059  0.327 -0.013   0.4845903363
 179  0.460 -0.038 -0.352 -0.059  0.327 -0.013   0.4845657420
 181  0.435 -0.038 -0.352 -0.059  0.327 -0.013   0.4844676967
 182  0.436 -0.038 -0.352 -0.059  0.327 -0.013   0.4844649616
 183  0.440 -0.038 -0.352 -0.059  0.327 -0.013   0.4844609704
 185  0.439 -0.038 -0.352 -0.059  0.327 -0.013   0.4844606214
 195  0.439 -0.035 -0.352 -0.059  0.327 -0.013   0.4844592372
 196  0.439 -0.034 -0.352 -0.059  0.327 -0.013   0.4844587108
 207  0.439 -0.034 -0.434 -0.059  0.327 -0.013   0.4840223958
 208  0.439 -0.034 -0.416 -0.059  0.327 -0.013   0.4830820818
 209  0.439 -0.034 -0.396 -0.059  0.327 -0.013   0.4829138087
 210  0.439 -0.034 -0.402 -0.059  0.327 -0.013   0.4828993309
 211  0.439 -0.034 -0.401 -0.059  0.327 -0.013   0.4828967071
 234  0.439 -0.034 -0.401 -0.059  0.339 -0.013   0.4827783594
 235  0.439 -0.034 -0.401 -0.059  0.342 -0.013   0.4827624457
 237  0.439 -0.034 -0.401 -0.059  0.345 -0.013   0.4827519624
 248  0.439 -0.034 -0.401 -0.059  0.345  0.006   0.4825630039
 249  0.439 -0.034 -0.401 -0.059  0.345  0.007   0.4825555489
 251  0.439 -0.034 -0.401 -0.059  0.345  0.011   0.4825525238
 252  0.439 -0.034 -0.401 -0.059  0.345  0.009   0.4825504534
  powell nthiter 3: fret = 0.482550
 261  0.426 -0.034 -0.401 -0.059  0.345  0.009   0.4824455016
 263  0.425 -0.034 -0.401 -0.059  0.345  0.009   0.4824421992
 264  0.420 -0.034 -0.401 -0.059  0.345  0.009   0.4824409340
 266  0.422 -0.034 -0.401 -0.059  0.345  0.009   0.4824386156
 277  0.422 -0.066 -0.401 -0.059  0.345  0.009   0.4820055633
 282  0.422 -0.069 -0.401 -0.059  0.345  0.009   0.4820030316
 283  0.422 -0.070 -0.401 -0.059  0.345  0.009   0.4820029167
 293  0.422 -0.070 -0.399 -0.059  0.345  0.009   0.4819839540
 295  0.422 -0.070 -0.395 -0.059  0.345  0.009   0.4819541041
 318  0.422 -0.070 -0.395 -0.059  0.324  0.009   0.4818018802
 319  0.422 -0.070 -0.395 -0.059  0.329  0.009   0.4817886833
 321  0.422 -0.070 -0.395 -0.059  0.330  0.009   0.4817875278
 333  0.422 -0.070 -0.395 -0.059  0.330 -0.006   0.4816478939
 334  0.422 -0.070 -0.395 -0.059  0.330 -0.005   0.4816415566
 335  0.422 -0.070 -0.395 -0.059  0.330 -0.003   0.4816337793
 338  0.422 -0.070 -0.395 -0.059  0.330 -0.004   0.4816334028
  powell nthiter 4: fret = 0.481633
 348  0.417 -0.070 -0.395 -0.059  0.330 -0.004   0.4816155920
 360  0.417 -0.082 -0.395 -0.059  0.330 -0.004   0.4815193579
 361  0.417 -0.089 -0.395 -0.059  0.330 -0.004   0.4814934778
 363  0.417 -0.092 -0.395 -0.059  0.330 -0.004   0.4814903667
 374  0.417 -0.092 -0.394 -0.059  0.330 -0.004   0.4814885588
 387  0.417 -0.092 -0.394 -0.058  0.330 -0.004   0.4814820228
 398  0.417 -0.092 -0.394 -0.058  0.329 -0.004   0.4814807693
 409  0.417 -0.092 -0.394 -0.058  0.329 -0.005   0.4814773919
 410  0.417 -0.092 -0.394 -0.058  0.329 -0.006   0.4814753719
  powell nthiter 5: fret = 0.481475
 422  0.416 -0.092 -0.394 -0.058  0.329 -0.006   0.4814745058
 444  0.416 -0.092 -0.395 -0.058  0.329 -0.006   0.4814668352
 481  0.416 -0.092 -0.395 -0.058  0.329 -0.007   0.4814650549
Powell done niters = 5
Computing relative cost
 0  -25.0 -25.0 -25.0   1.057482
 1  -25.0 -25.0  25.0   1.028547
 2  -25.0  25.0 -25.0   1.010472
 3  -25.0  25.0  25.0   1.071723
 4   25.0 -25.0 -25.0   1.045833
 5   25.0 -25.0  25.0   1.013357
 6   25.0  25.0 -25.0   1.022006
 7   25.0  25.0  25.0   1.056376
REL:  8  0.481465    8.305797  1.038225 rel = 0.463739 
Number of iterations     5
Min cost was 0.481465
Number of FunctionCalls   484
TolPowell 0.000100
nMaxItersPowell 36
OptimizationTime 0.349146 sec
Parameters at optimum (transmm)  0.41637 -0.09158 -0.39510
Parameters at optimum (rotdeg) -0.05805  0.32885 -0.00672 
Final costs ----------------
Number of surface hits 2366
WM  Intensity    35.7283 +/-   6.3833
Ctx Intensity    39.5704 +/-  10.9226
Pct Contrast      6.9286 +/-  30.8694
Cost   0.4815
RelCost   0.4987
Reg at min cost was 
 0.99996  -0.00541   0.00650   1.28506;
-0.00656  -0.01112   0.99992  -9.29885;
-0.00534  -0.99992  -0.01115   0.53902;
 0.00000   0.00000   0.00000   1.00000;

Writing optimal reg to /out/sourcedata/freesurfer/sub-v2s0x29023_ses-1/mri/transforms/tmp.bbregister.691336/bbr.pass1.dat, type = 14 
Original Reg 
 0.99998   0.00033   0.00645   0.86440;
-0.00644  -0.01011   0.99993  -9.20811;
 0.00039  -0.99995  -0.01010   0.92977;
 0.00000   0.00000   0.00000   1.00000;

Original Reg - Optimal Reg
 0.00001   0.00574  -0.00005  -0.42067;
 0.00012   0.00101   0.00001   0.09074;
 0.00573  -0.00003   0.00105   0.39075;
 0.00000   0.00000   0.00000   0.00000;

Computing change in lh position
LH rmsDiffMean 0.616265
Computing change in rh position
Surface-RMS-Diff-mm 0.709995 0.190460 1.081084
mri_segreg done
mri_segreg --mov /out/sourcedata/freesurfer/sub-v2s0x29023_ses-1/mri/transforms/tmp.bbregister.691336/template.nii --init-reg /out/sourcedata/freesurfer/sub-v2s0x29023_ses-1/mri/transforms/tmp.bbregister.691336/bbr.pass1.dat --out-reg /out/sourcedata/freesurfer/sub-v2s0x29023_ses-1/mri/transforms/FLAIRraw.auto.dat --interp trilinear --wm-proj-abs 1 --tol 1e-8 --tol1d 1e-3 --c0 0 --mincost /out/sourcedata/freesurfer/sub-v2s0x29023_ses-1/mri/transforms/FLAIRraw.auto.dat.mincost --dof 6 --nmax 36 --param /out/sourcedata/freesurfer/sub-v2s0x29023_ses-1/mri/transforms/FLAIRraw.auto.dat.param --surf white --brute -0.1 0.1 0.1 --cur-reg /out/sourcedata/freesurfer/sub-v2s0x29023_ses-1/mri/transforms/tmp.bbregister.691336/reg.curopt.dat --gm-proj-abs 2 --nsub 1 --gm-gt-wm 0.5
7.3.2
setenv SUBJECTS_DIR /out/sourcedata/freesurfer
cd /out/sourcedata/freesurfer/sub-v2s0x29023_ses-1/scripts
mri_segreg --mov /out/sourcedata/freesurfer/sub-v2s0x29023_ses-1/mri/transforms/tmp.bbregister.691336/template.nii --init-reg /out/sourcedata/freesurfer/sub-v2s0x29023_ses-1/mri/transforms/tmp.bbregister.691336/bbr.pass1.dat --out-reg /out/sourcedata/freesurfer/sub-v2s0x29023_ses-1/mri/transforms/FLAIRraw.auto.dat --interp trilinear --wm-proj-abs 1 --tol 1e-8 --tol1d 1e-3 --c0 0 --mincost /out/sourcedata/freesurfer/sub-v2s0x29023_ses-1/mri/transforms/FLAIRraw.auto.dat.mincost --dof 6 --nmax 36 --param /out/sourcedata/freesurfer/sub-v2s0x29023_ses-1/mri/transforms/FLAIRraw.auto.dat.param --surf white --brute -0.1 0.1 0.1 --cur-reg /out/sourcedata/freesurfer/sub-v2s0x29023_ses-1/mri/transforms/tmp.bbregister.691336/reg.curopt.dat --gm-proj-abs 2 --nsub 1 --gm-gt-wm 0.5 
sysname  Linux
hostname dna066
machine  x86_64
user     oesteban
movvol /out/sourcedata/freesurfer/sub-v2s0x29023_ses-1/mri/transforms/tmp.bbregister.691336/template.nii
regfile /out/sourcedata/freesurfer/sub-v2s0x29023_ses-1/mri/transforms/tmp.bbregister.691336/bbr.pass1.dat
subject sub-v2s0x29023_ses-1
dof 6
outregfile /out/sourcedata/freesurfer/sub-v2s0x29023_ses-1/mri/transforms/FLAIRraw.auto.dat
UseMask 0
UseLH 1
UseRH 1
nsubsamp 1
PenaltySign  -1
PenaltySlope 0.500000
PenaltyCenter 0.000000
surfname white
GMProjAbs 2.000000
WMProjAbs 1.000000
lhcostfile (null)
rhcostfile (null)
interp  trilinear (1)
frame  0
TolPowell 0.000000
nMaxItersPowell 36
n1dmin  3
Profile   0
Gdiag_no  -1
AddNoise  0 (0)
SynthSeed 1773705716
TransRandMax 0.000000
RotRandMax 0.000000
Translations 0.000000 0.000000 0.000000
Rotations   0.000000 0.000000 0.000000
Input reg
 0.99996  -0.00541   0.00650   1.28506;
-0.00656  -0.01112   0.99992  -9.29885;
-0.00534  -0.99992  -0.01115   0.53902;
 0.00000   0.00000   0.00000   1.00000;

Loading mov
ExcludeZeroVoxels 1
Reading in targ vol /out/sourcedata/freesurfer/sub-v2s0x29023_ses-1/mri/orig.mgz
Projecting LH Surfs
Loading lh.white surf
GM Proj: 0 0.500000 2.000000
WM Proj: 0 0.500000 1.000000
Projecting RH Surfs
Loading rh.white surf
Projecting RH Surfs
Using lh.cortex.label
Using rh.cortex.label
Computing relative cost
 0  -25.0 -25.0 -25.0   1.030488
 1  -25.0 -25.0  25.0   1.028488
 2  -25.0  25.0 -25.0   1.032979
 3  -25.0  25.0  25.0   1.041315
 4   25.0 -25.0 -25.0   1.048212
 5   25.0 -25.0  25.0   1.021053
 6   25.0  25.0 -25.0   1.035137
 7   25.0  25.0  25.0   1.031364
REL:  8  0.580258    8.269037  1.033630 rel = 0.561379 
Initial costs ----------------
Number of surface hits 237223
WM  Intensity    36.2349 +/-   6.2690
Ctx Intensity    39.1322 +/-  10.8924
Pct Contrast      4.4235 +/-  31.4965
Cost   0.5803
RelCost   0.5614

------------------------------------
Brute force preopt -0.1 0.1 0.1, n = 729
     0  -0.1000  -0.1000  -0.1000  -0.1000  -0.1000  -0.1000      0.5423   0.5423  0.0
     1  -0.1000  -0.1000  -0.1000  -0.1000  -0.1000   0.0000      0.5414   0.5414  0.0
     3  -0.1000  -0.1000  -0.1000  -0.1000   0.0000  -0.1000      0.5372   0.5372  0.0
     6  -0.1000  -0.1000  -0.1000  -0.1000   0.1000  -0.1000      0.5370   0.5370  0.0
     9  -0.1000  -0.1000  -0.1000   0.0000  -0.1000  -0.1000      0.5354   0.5354  0.0
    10  -0.1000  -0.1000  -0.1000   0.0000  -0.1000   0.0000      0.5319   0.5319  0.0
    13  -0.1000  -0.1000  -0.1000   0.0000   0.0000   0.0000      0.5313   0.5313  0.0
    15  -0.1000  -0.1000  -0.1000   0.0000   0.1000  -0.1000      0.5301   0.5301  0.0
    18  -0.1000  -0.1000  -0.1000   0.1000  -0.1000  -0.1000      0.5283   0.5283  0.0
    21  -0.1000  -0.1000  -0.1000   0.1000   0.0000  -0.1000      0.5258   0.5258  0.0
    90  -0.1000   0.0000  -0.1000   0.0000  -0.1000  -0.1000      0.5225   0.5225  0.0
    96  -0.1000   0.0000  -0.1000   0.0000   0.1000  -0.1000      0.5223   0.5223  0.0
    99  -0.1000   0.0000  -0.1000   0.1000  -0.1000  -0.1000      0.5187   0.5187  0.0
   102  -0.1000   0.0000  -0.1000   0.1000   0.0000  -0.1000      0.5175   0.5175  0.0
   117  -0.1000   0.0000   0.0000   0.0000  -0.1000  -0.1000      0.5169   0.5169  0.0
   120  -0.1000   0.0000   0.0000   0.0000   0.0000  -0.1000      0.5151   0.5151  0.0
   180  -0.1000   0.1000  -0.1000   0.1000  -0.1000  -0.1000      0.5144   0.5144  0.0
   183  -0.1000   0.1000  -0.1000   0.1000   0.0000  -0.1000      0.5115   0.5115  0.0
   207  -0.1000   0.1000   0.0000   0.1000  -0.1000  -0.1000      0.5113   0.5113  0.0
Brute Force --------------------------
Min cost was 0.511289
Number of iterations   729
Search time 0.525916 sec
Parameters at best (transmm, rotdeg)
 -0.100   0.100   0.000  0.100 -0.100 -0.100 
--------------------------------------------

Starting Powell Minimization
Init Powel Params dof = 6
0 -0.1
1 0.1
2 0
3 0.1
4 -0.1
5 -0.1
fs_powell::minimize
  nparams 6
  maxfev 36
  ftol   0.000000
  linmin_xtol_   0.001000
  powell nthiter 0: fret = 0.565460
   7 -0.309  0.100  0.000  0.100 -0.100 -0.100   0.5647907072
   8 -0.255  0.100  0.000  0.100 -0.100 -0.100   0.5646812644
   9 -0.252  0.100  0.000  0.100 -0.100 -0.100   0.5646750652
  11 -0.230  0.100  0.000  0.100 -0.100 -0.100   0.5646671549
  12 -0.238  0.100  0.000  0.100 -0.100 -0.100   0.5646637540
  20 -0.238  0.482  0.000  0.100 -0.100 -0.100   0.5570800197
  21 -0.238  0.418  0.000  0.100 -0.100 -0.100   0.5565100045
  22 -0.238  0.401  0.000  0.100 -0.100 -0.100   0.5564392835
  24 -0.238  0.390  0.000  0.100 -0.100 -0.100   0.5564307221
  28 -0.238  0.390  1.000  0.100 -0.100 -0.100   0.5515190666
  32 -0.238  0.390  0.618  0.100 -0.100 -0.100   0.5449567583
  35 -0.238  0.390  0.550  0.100 -0.100 -0.100   0.5448921658
  37 -0.238  0.390  0.508  0.100 -0.100 -0.100   0.5448177203
  40 -0.238  0.390  0.505  0.100 -0.100 -0.100   0.5448164110
  43 -0.238  0.390  0.504  0.100 -0.100 -0.100   0.5448163086
  49 -0.238  0.390  0.504  0.482 -0.100 -0.100   0.5360995191
  52 -0.238  0.390  0.504  0.526 -0.100 -0.100   0.5355314002
  55 -0.238  0.390  0.504  0.534 -0.100 -0.100   0.5354981812
  57 -0.238  0.390  0.504  0.536 -0.100 -0.100   0.5354966869
  65 -0.238  0.390  0.504  0.536 -0.334 -0.100   0.5324922287
  66 -0.238  0.390  0.504  0.536 -0.336 -0.100   0.5324883283
  67 -0.238  0.390  0.504  0.536 -0.354 -0.100   0.5324747096
  70 -0.238  0.390  0.504  0.536 -0.356 -0.100   0.5324741467
  83 -0.238  0.390  0.504  0.536 -0.357 -0.104   0.5324701870
  powell nthiter 1: fret = 0.532470
  93 -0.395  0.390  0.504  0.536 -0.357 -0.104   0.5317710308
  94 -0.368  0.390  0.504  0.536 -0.357 -0.104   0.5316531149
  95 -0.350  0.390  0.504  0.536 -0.357 -0.104   0.5316258435
  97 -0.352  0.390  0.504  0.536 -0.357 -0.104   0.5316253742
 105 -0.352  0.392  0.504  0.536 -0.357 -0.104   0.5316193245
 106 -0.352  0.402  0.504  0.536 -0.357 -0.104   0.5316046313
 115 -0.352  0.403  0.324  0.536 -0.357 -0.104   0.5313356563
 116 -0.352  0.403  0.395  0.536 -0.357 -0.104   0.5308995975
 117 -0.352  0.403  0.403  0.536 -0.357 -0.104   0.5308934152
 118 -0.352  0.403  0.405  0.536 -0.357 -0.104   0.5308930324
 119 -0.352  0.403  0.408  0.536 -0.357 -0.104   0.5308927469
 130 -0.352  0.403  0.407  0.549 -0.357 -0.104   0.5308197308
 131 -0.352  0.403  0.407  0.572 -0.357 -0.104   0.5307937868
 132 -0.352  0.403  0.407  0.565 -0.357 -0.104   0.5307817821
 133 -0.352  0.403  0.407  0.563 -0.357 -0.104   0.5307816578
 141 -0.352  0.403  0.407  0.563 -0.412 -0.104   0.5306801593
 142 -0.352  0.403  0.407  0.563 -0.402 -0.104   0.5306683418
 143 -0.352  0.403  0.407  0.563 -0.398 -0.104   0.5306656084
 147 -0.352  0.403  0.407  0.563 -0.396 -0.104   0.5306656049
 158 -0.352  0.403  0.407  0.563 -0.396 -0.194   0.5305691123
 160 -0.352  0.403  0.407  0.563 -0.396 -0.160   0.5304601236
 162 -0.352  0.403  0.407  0.563 -0.396 -0.161   0.5304596413
  powell nthiter 2: fret = 0.530460
 174 -0.380  0.403  0.407  0.563 -0.396 -0.161   0.5304122462
 175 -0.379  0.403  0.407  0.563 -0.396 -0.161   0.5304118670
 176 -0.377  0.403  0.407  0.563 -0.396 -0.161   0.5304115422
 178 -0.376  0.403  0.407  0.563 -0.396 -0.161   0.5304112990
 179 -0.373  0.403  0.407  0.563 -0.396 -0.161   0.5304112952
 181 -0.374  0.403  0.407  0.563 -0.396 -0.161   0.5304110044
 182 -0.375  0.403  0.407  0.563 -0.396 -0.161   0.5304109778
 190 -0.375  0.400  0.407  0.563 -0.396 -0.161   0.5304105369
 191 -0.375  0.401  0.407  0.563 -0.396 -0.161   0.5304104470
 202 -0.375  0.401  0.414  0.563 -0.396 -0.161   0.5304071456
 204 -0.375  0.401  0.413  0.563 -0.396 -0.161   0.5304070645
 217 -0.375  0.401  0.413  0.568 -0.396 -0.161   0.5303885121
 219 -0.375  0.401  0.413  0.571 -0.396 -0.161   0.5303836428
 220 -0.375  0.401  0.413  0.572 -0.396 -0.161   0.5303836081
 228 -0.375  0.401  0.413  0.572 -0.393 -0.161   0.5303693222
 230 -0.375  0.401  0.413  0.572 -0.379 -0.161   0.5303207635
 231 -0.375  0.401  0.413  0.572 -0.375 -0.161   0.5303186091
 243 -0.375  0.401  0.413  0.572 -0.375 -0.167   0.5303096920
 245 -0.375  0.401  0.413  0.572 -0.375 -0.169   0.5303095253
 247 -0.375  0.401  0.413  0.572 -0.375 -0.168   0.5303093029
  powell nthiter 3: fret = 0.530309
 256 -0.381  0.401  0.413  0.572 -0.375 -0.168   0.5302920191
 257 -0.390  0.401  0.413  0.572 -0.375 -0.168   0.5302785906
 259 -0.393  0.401  0.413  0.572 -0.375 -0.168   0.5302779789
 260 -0.392  0.401  0.413  0.572 -0.375 -0.168   0.5302779402
 279 -0.392  0.402  0.407  0.572 -0.375 -0.168   0.5302704125
 280 -0.392  0.402  0.408  0.572 -0.375 -0.168   0.5302702776
 292 -0.392  0.402  0.408  0.577 -0.375 -0.168   0.5302637115
 303 -0.392  0.402  0.408  0.577 -0.373 -0.168   0.5302624396
 315 -0.392  0.402  0.408  0.577 -0.373 -0.181   0.5302389374
 316 -0.392  0.402  0.408  0.577 -0.373 -0.183   0.5302378162
 317 -0.392  0.402  0.408  0.577 -0.373 -0.185   0.5302370743
 319 -0.392  0.402  0.408  0.577 -0.373 -0.188   0.5302369699
 322 -0.409  0.403  0.403  0.582 -0.370 -0.207   0.5301903565
 329 -0.413  0.403  0.401  0.583 -0.370 -0.212   0.5301864801
 330 -0.413  0.403  0.401  0.583 -0.370 -0.212   0.5301862407
 335 -0.413  0.403  0.401  0.583 -0.370 -0.212   0.5301862085
  powell nthiter 4: fret = 0.530186
 350 -0.413  0.403  0.401  0.583 -0.370 -0.199   0.5301622651
 363 -0.413  0.404  0.401  0.583 -0.370 -0.199   0.5301622120
 373 -0.413  0.404  0.390  0.583 -0.370 -0.199   0.5301459977
 387 -0.413  0.404  0.392  0.586 -0.370 -0.199   0.5301358673
 389 -0.413  0.404  0.392  0.589 -0.370 -0.199   0.5301303555
 390 -0.413  0.404  0.392  0.590 -0.370 -0.199   0.5301301475
 402 -0.413  0.404  0.392  0.590 -0.371 -0.199   0.5301299817
 404 -0.430  0.405  0.387  0.595 -0.368 -0.218   0.5301203224
 408 -0.424  0.405  0.389  0.593 -0.369 -0.211   0.5301133165
 417 -0.424  0.405  0.389  0.593 -0.369 -0.211   0.5301132803
  powell nthiter 5: fret = 0.530113
 431 -0.424  0.405  0.389  0.593 -0.369 -0.209   0.5301127180
 441 -0.424  0.409  0.389  0.593 -0.369 -0.209   0.5301083144
 442 -0.424  0.410  0.389  0.593 -0.369 -0.209   0.5301083138
 453 -0.424  0.410  0.379  0.593 -0.369 -0.209   0.5301049145
 454 -0.424  0.410  0.382  0.593 -0.369 -0.209   0.5301023304
 455 -0.424  0.410  0.383  0.593 -0.369 -0.209   0.5301023004
 467 -0.424  0.410  0.383  0.596 -0.369 -0.209   0.5300945906
 469 -0.424  0.410  0.383  0.598 -0.369 -0.209   0.5300932130
 479 -0.424  0.410  0.383  0.598 -0.372 -0.209   0.5300917316
 488 -0.426  0.410  0.383  0.598 -0.372 -0.212   0.5300906658
 489 -0.426  0.410  0.383  0.598 -0.372 -0.212   0.5300906173
 495 -0.429  0.415  0.377  0.604 -0.375 -0.213   0.5300816033
 508 -0.429  0.415  0.376  0.604 -0.375 -0.213   0.5300812540
 510 -0.429  0.415  0.376  0.604 -0.375 -0.213   0.5300808207
 511 -0.429  0.415  0.376  0.604 -0.375 -0.213   0.5300807851
 513 -0.429  0.415  0.376  0.604 -0.375 -0.213   0.5300807755
  powell nthiter 6: fret = 0.530081
 525 -0.429  0.415  0.376  0.604 -0.375 -0.216   0.5300768952
 526 -0.429  0.415  0.376  0.604 -0.375 -0.217   0.5300766146
 548 -0.429  0.415  0.375  0.604 -0.375 -0.217   0.5300762247
 549 -0.429  0.415  0.374  0.604 -0.375 -0.217   0.5300762031
 566 -0.429  0.415  0.374  0.604 -0.375 -0.217   0.5300761229
 577 -0.429  0.415  0.374  0.604 -0.372 -0.217   0.5300756752
 582 -0.431  0.420  0.368  0.610 -0.375 -0.218   0.5300726341
 586 -0.430  0.418  0.370  0.608 -0.374 -0.218   0.5300719828
  powell nthiter 7: fret = 0.530072
 608 -0.430  0.418  0.370  0.608 -0.374 -0.219   0.5300718402
 618 -0.430  0.416  0.370  0.608 -0.374 -0.219   0.5300708793
 634 -0.430  0.416  0.371  0.608 -0.374 -0.219   0.5300708757
 641 -0.427  0.416  0.372  0.607 -0.374 -0.215   0.5300691199
 642 -0.427  0.416  0.372  0.607 -0.374 -0.215   0.5300690226
 658 -0.427  0.416  0.372  0.607 -0.372 -0.215   0.5300688647
 665 -0.428  0.418  0.370  0.609 -0.373 -0.216   0.5300676157
 666 -0.428  0.418  0.370  0.609 -0.373 -0.216   0.5300675875
 668 -0.429  0.418  0.369  0.609 -0.374 -0.216   0.5300669124
 672 -0.429  0.418  0.369  0.609 -0.374 -0.216   0.5300668894
 677 -0.427  0.418  0.368  0.611 -0.373 -0.214   0.5300667015
  powell nthiter 8: fret = 0.530067
 689 -0.429  0.418  0.369  0.609 -0.374 -0.217   0.5300659965
 727 -0.428  0.417  0.369  0.609 -0.374 -0.217   0.5300659789
 728 -0.428  0.417  0.369  0.609 -0.374 -0.217   0.5300659032
 729 -0.428  0.417  0.370  0.609 -0.374 -0.217   0.5300658339
 730 -0.428  0.417  0.370  0.609 -0.374 -0.217   0.5300657902
 748 -0.429  0.418  0.369  0.610 -0.374 -0.217   0.5300656268
 756 -0.429  0.418  0.369  0.610 -0.374 -0.217   0.5300656231
 768 -0.429  0.418  0.369  0.610 -0.374 -0.217   0.5300655941
 769 -0.429  0.418  0.369  0.610 -0.374 -0.217   0.5300655805
  powell nthiter 9: fret = 0.530066
 824 -0.428  0.418  0.369  0.610 -0.374 -0.215   0.5300654337
 825 -0.428  0.418  0.369  0.610 -0.374 -0.216   0.5300654163
 826 -0.428  0.418  0.369  0.610 -0.374 -0.215   0.5300652419
 827 -0.428  0.418  0.369  0.610 -0.374 -0.215   0.5300652302
 837 -0.428  0.418  0.369  0.610 -0.372 -0.215   0.5300650792
 844 -0.428  0.418  0.369  0.610 -0.373 -0.216   0.5300644470
 848 -0.428  0.418  0.369  0.610 -0.373 -0.216   0.5300643979
 852 -0.428  0.418  0.369  0.610 -0.373 -0.216   0.5300643839
  powell nthiter 10: fret = 0.530064
 870 -0.428  0.418  0.368  0.610 -0.373 -0.216   0.5300643145
 871 -0.428  0.418  0.368  0.610 -0.373 -0.216   0.5300643123
 875 -0.428  0.418  0.368  0.610 -0.373 -0.216   0.5300642966
 925 -0.428  0.417  0.368  0.611 -0.373 -0.217   0.5300642817
 932 -0.428  0.417  0.368  0.611 -0.373 -0.217   0.5300642212
 936 -0.428  0.417  0.368  0.611 -0.373 -0.217   0.5300642196
  powell nthiter 11: fret = 0.530064
 956 -0.428  0.417  0.368  0.611 -0.373 -0.217   0.5300642196
 965 -0.428  0.418  0.368  0.611 -0.373 -0.217   0.5300639324
 987 -0.427  0.418  0.368  0.611 -0.373 -0.215   0.5300634212
1008 -0.427  0.418  0.367  0.611 -0.374 -0.216   0.5300631834
1016 -0.427  0.418  0.367  0.611 -0.374 -0.216   0.5300631761
1017 -0.427  0.418  0.367  0.611 -0.374 -0.216   0.5300631700
1019 -0.426  0.418  0.367  0.612 -0.374 -0.216   0.5300627161
1022 -0.424  0.419  0.366  0.612 -0.375 -0.215   0.5300616211
  powell nthiter 12: fret = 0.530062
1048 -0.425  0.419  0.366  0.612 -0.375 -0.215   0.5300615012
1052 -0.425  0.419  0.366  0.612 -0.375 -0.215   0.5300614991
1055 -0.425  0.419  0.366  0.612 -0.375 -0.215   0.5300614617
1057 -0.425  0.419  0.366  0.612 -0.375 -0.215   0.5300614564
1081 -0.425  0.420  0.367  0.612 -0.375 -0.215   0.5300612719
1093 -0.425  0.420  0.367  0.612 -0.375 -0.215   0.5300612586
1097 -0.425  0.420  0.367  0.612 -0.375 -0.215   0.5300612345
1118 -0.424  0.420  0.367  0.612 -0.375 -0.215   0.5300611652
1121 -0.424  0.420  0.367  0.612 -0.375 -0.215   0.5300611621
1124 -0.424  0.420  0.367  0.612 -0.375 -0.215   0.5300611118
  powell nthiter 13: fret = 0.530061
1142 -0.424  0.420  0.367  0.612 -0.375 -0.215   0.5300610418
  powell nthiter 14: fret = 0.530061
Powell done niters = 14
Computing relative cost
 0  -25.0 -25.0 -25.0   1.043228
 1  -25.0 -25.0  25.0   1.028831
 2  -25.0  25.0 -25.0   1.031461
 3  -25.0  25.0  25.0   1.042997
 4   25.0 -25.0 -25.0   1.048289
 5   25.0 -25.0  25.0   1.025298
 6   25.0  25.0 -25.0   1.033261
 7   25.0  25.0  25.0   1.035364
REL:  8  0.530061    8.288730  1.036091 rel = 0.511597 
Number of iterations    14
Min cost was 0.530061
Number of FunctionCalls  1290
TolPowell 0.000000
nMaxItersPowell 36
OptimizationTime 36.160740 sec
Parameters at optimum (transmm) -0.42430  0.41999  0.36709
Parameters at optimum (rotdeg)  0.61234 -0.37511 -0.21537 
Final costs ----------------
Number of surface hits 237223
WM  Intensity    35.7486 +/-   6.3437
Ctx Intensity    39.1860 +/-  10.8100
Pct Contrast      6.1330 +/-  30.5101
Cost   0.5301
RelCost   0.5614
Reg at min cost was 
 0.99995   0.00113   0.01026   0.82288;
-0.01026  -0.00043   0.99995  -8.88884;
 0.00114  -1.00000  -0.00042   0.81511;
 0.00000   0.00000   0.00000   1.00000;

Writing optimal reg to /out/sourcedata/freesurfer/sub-v2s0x29023_ses-1/mri/transforms/FLAIRraw.auto.dat, type = 14 
Original Reg 
 0.99996  -0.00541   0.00650   1.28506;
-0.00656  -0.01112   0.99992  -9.29885;
-0.00534  -0.99992  -0.01115   0.53902;
 0.00000   0.00000   0.00000   1.00000;

Original Reg - Optimal Reg
 0.00002  -0.00655  -0.00376   0.46218;
 0.00370  -0.01068  -0.00003  -0.41001;
-0.00648   0.00008  -0.01073  -0.27609;
 0.00000   0.00000   0.00000   0.00000;

Computing change in lh position
LH rmsDiffMean 0.997377
Computing change in rh position
Surface-RMS-Diff-mm 1.112049 0.236907 1.587160
mri_segreg done
MinCost: 0.530061 35.748609 39.186039 6.132956 
tkregister2_cmdl --mov /out/sourcedata/freesurfer/sub-v2s0x29023_ses-1/mri/orig/FLAIRraw.mgz --reg /out/sourcedata/freesurfer/sub-v2s0x29023_ses-1/mri/transforms/FLAIRraw.auto.dat --noedit --ltaout /out/sourcedata/freesurfer/sub-v2s0x29023_ses-1/mri/transforms/FLAIRraw.auto.lta
INFO: no target volume specified, assuming FreeSurfer orig volume.
target  volume orig
movable volume /out/sourcedata/freesurfer/sub-v2s0x29023_ses-1/mri/orig/FLAIRraw.mgz
reg file       /out/sourcedata/freesurfer/sub-v2s0x29023_ses-1/mri/transforms/FLAIRraw.auto.dat
LoadVol        0
ZeroCRAS       0
7.3.2
Diagnostic Level -1
---- Input registration matrix --------
 0.99995   0.00113   0.01026   0.82288;
-0.01026  -0.00043   0.99995  -8.88884;
 0.00114  -1.00000  -0.00042   0.81511;
 0.00000   0.00000   0.00000   1.00000;
float2int = 0
---------------------------------------
INFO: loading target /out/sourcedata/freesurfer/sub-v2s0x29023_ses-1/mri/orig.mgz
Ttarg: --------------------
-1.00000   0.00000   0.00000   128.00000;
 0.00000   0.00000   1.00000  -128.00000;
 0.00000  -1.00000   0.00000   128.00000;
 0.00000   0.00000   0.00000   1.00000;
INFO: loading movable /out/sourcedata/freesurfer/sub-v2s0x29023_ses-1/mri/orig/FLAIRraw.mgz
Tmov: --------------------
-0.97656   0.00000   0.00000   91.30859;
 0.00000   0.00000   0.97656  -125.00000;
 0.00000  -0.97656   0.00000   125.00000;
 0.00000   0.00000   0.00000   1.00000;
mkheaderreg = 0, float2int = 0
---- Input registration matrix --------
 0.99995   0.00113   0.01026   0.82288;
-0.01026  -0.00043   0.99995  -8.88884;
 0.00114  -1.00000  -0.00042   0.81511;
 0.00000   0.00000   0.00000   1.00000;
Determinant 1
subject = sub-v2s0x29023_ses-1
RegMat ---------------------------
 0.99995   0.00113   0.01026   0.82288;
-0.01026  -0.00043   0.99995  -8.88884;
 0.00114  -1.00000  -0.00042   0.81511;
 0.00000   0.00000   0.00000   1.00000;
Cleaning up
 
Started at Tue Mar 10 10:32:54 CET 2026 
Ended   at Tue Mar 10 10:34:18 CET 2026
BBR-Run-Time-Sec 83
 
bbregister Done
To check results, run:
tkregisterfv --mov /out/sourcedata/freesurfer/sub-v2s0x29023_ses-1/mri/orig/FLAIRraw.mgz --reg /out/sourcedata/freesurfer/sub-v2s0x29023_ses-1/mri/transforms/FLAIRraw.auto.lta --surfs  --sd /out/sourcedata/freesurfer
