status file for recon-all
Tue Mar 10 09:39:37 CET 2026
#@# T2/FLAIR Input Tue Mar 10 09:39:39 CET 2026
#@# MotionCor Tue Mar 10 09:39:40 CET 2026
#@# Talairach Tue Mar 10 09:39:49 CET 2026
#@# Talairach Failure Detection Tue Mar 10 09:44:14 CET 2026
#@# Nu Intensity Correction Tue Mar 10 09:44:14 CET 2026
#@# Intensity Normalization Tue Mar 10 09:47:29 CET 2026
recon-all -s sub-v2s0x29036_ses-1 finished without error at Tue Mar 10 09:49:23 CET 2026



#New# invocation of recon-all 



status file for recon-all
Tue Mar 10 09:56:46 CET 2026
#@# EM Registration Tue Mar 10 09:56:46 CET 2026
recon-all -s sub-v2s0x29036_ses-1 finished without error at Tue Mar 10 09:59:12 CET 2026



#New# invocation of recon-all 



status file for recon-all
Tue Mar 10 09:59:16 CET 2026
#@# CA Normalize Tue Mar 10 09:59:16 CET 2026
#@# CA Reg Tue Mar 10 10:00:38 CET 2026
#@# SubCort Seg Tue Mar 10 10:54:57 CET 2026
#@# CC Seg Tue Mar 10 11:23:58 CET 2026
#@# Merge ASeg Tue Mar 10 11:24:33 CET 2026
#@# Intensity Normalization2 Tue Mar 10 11:24:33 CET 2026
#@# Mask BFS Tue Mar 10 11:26:56 CET 2026
#@# WM Segmentation Tue Mar 10 11:26:57 CET 2026
#@# Fill Tue Mar 10 11:28:53 CET 2026
recon-all -s sub-v2s0x29036_ses-1 finished without error at Tue Mar 10 11:29:56 CET 2026



#New# invocation of recon-all 



status file for recon-all
Tue Mar 10 12:17:03 CET 2026
#@# Refine Pial Surfs w/ T2/FLAIR Tue Mar 10 12:17:03 CET 2026
#@# white curv lh Tue Mar 10 12:39:18 CET 2026
#@# white area lh Tue Mar 10 12:39:18 CET 2026
#@# pial curv lh Tue Mar 10 12:39:18 CET 2026
#@# pial area lh Tue Mar 10 12:39:19 CET 2026
#@# thickness lh Tue Mar 10 12:39:20 CET 2026
#@# area and vertex vol lh Tue Mar 10 12:39:49 CET 2026
#@# white curv rh Tue Mar 10 12:39:50 CET 2026
#@# white area rh Tue Mar 10 12:39:50 CET 2026
#@# pial curv rh Tue Mar 10 12:39:50 CET 2026
#@# pial area rh Tue Mar 10 12:39:51 CET 2026
#@# thickness rh Tue Mar 10 12:39:52 CET 2026
#@# area and vertex vol rh Tue Mar 10 12:40:20 CET 2026
#@# Cortical ribbon mask Tue Mar 10 12:40:21 CET 2026
recon-all -s sub-v2s0x29036_ses-1 finished without error at Tue Mar 10 12:45:15 CET 2026



#New# invocation of recon-all 



status file for recon-all
Tue Mar 10 12:52:07 CET 2026
#@# white curv lh Tue Mar 10 12:52:07 CET 2026
#@# white area lh Tue Mar 10 12:52:07 CET 2026
#@# pial curv lh Tue Mar 10 12:52:07 CET 2026
#@# pial area lh Tue Mar 10 12:52:07 CET 2026
#@# thickness lh Tue Mar 10 12:52:07 CET 2026
#@# area and vertex vol lh Tue Mar 10 12:52:07 CET 2026
#@# white curv rh Tue Mar 10 12:52:07 CET 2026
#@# white area rh Tue Mar 10 12:52:07 CET 2026
#@# pial curv rh Tue Mar 10 12:52:07 CET 2026
#@# pial area rh Tue Mar 10 12:52:07 CET 2026
#@# thickness rh Tue Mar 10 12:52:07 CET 2026
#@# area and vertex vol rh Tue Mar 10 12:52:07 CET 2026
#@# Curvature Stats lh Tue Mar 10 12:52:07 CET 2026
#@# Curvature Stats rh Tue Mar 10 12:52:10 CET 2026
#@# Relabel Hypointensities Tue Mar 10 12:52:13 CET 2026
#@# APas-to-ASeg Tue Mar 10 12:52:28 CET 2026
#@# AParc-to-ASeg aparc Tue Mar 10 12:52:36 CET 2026
#@# AParc-to-ASeg aparc.a2009s Tue Mar 10 12:53:01 CET 2026
#@# AParc-to-ASeg aparc.DKTatlas Tue Mar 10 12:53:29 CET 2026
#@# WMParc Tue Mar 10 12:53:54 CET 2026
#@# ASeg Stats Tue Mar 10 12:57:57 CET 2026
recon-all -s sub-v2s0x29036_ses-1 finished without error at Tue Mar 10 12:58:40 CET 2026
