status file for recon-all
Tue Mar 10 11:30:01 CET 2026
#@# Tessellate lh Tue Mar 10 11:30:01 CET 2026
#@# Smooth1 lh Tue Mar 10 11:30:05 CET 2026
#@# Inflation1 lh Tue Mar 10 11:30:08 CET 2026
#@# QSphere lh Tue Mar 10 11:30:21 CET 2026
#@# Fix Topology lh Tue Mar 10 11:31:49 CET 2026
#@# Smooth2 lh Tue Mar 10 11:38:18 CET 2026
#@# Inflation2 lh Tue Mar 10 11:38:21 CET 2026
#@# Curv .H and .K lh Tue Mar 10 11:38:38 CET 2026
#@# Sphere lh Tue Mar 10 11:39:25 CET 2026
#@# Surf Reg lh Tue Mar 10 11:41:22 CET 2026
#@# Jacobian white lh Tue Mar 10 11:45:23 CET 2026
#@# AvgCurv lh Tue Mar 10 11:45:24 CET 2026
#@# Cortical Parc lh Tue Mar 10 11:45:25 CET 2026
#@# white curv lh Tue Mar 10 11:51:19 CET 2026
#@# white area lh Tue Mar 10 11:51:21 CET 2026
#@# pial curv lh Tue Mar 10 11:51:21 CET 2026
#@# pial area lh Tue Mar 10 11:51:23 CET 2026
#@# thickness lh Tue Mar 10 11:51:24 CET 2026
#@# area and vertex vol lh Tue Mar 10 11:51:54 CET 2026
#@# Curvature Stats lh Tue Mar 10 11:51:55 CET 2026
#@# Cortical Parc 2 lh Tue Mar 10 11:51:58 CET 2026
#@# Cortical Parc 3 lh Tue Mar 10 11:52:11 CET 2026
#@# WM/GM Contrast lh Tue Mar 10 11:52:22 CET 2026
recon-all -s sub-v2s0x29036_ses-1 finished without error at Tue Mar 10 11:52:26 CET 2026



#New# invocation of recon-all 



status file for recon-all
Tue Mar 10 12:45:19 CET 2026
#@# white curv lh Tue Mar 10 12:45:19 CET 2026
#@# white area lh Tue Mar 10 12:45:19 CET 2026
#@# pial curv lh Tue Mar 10 12:45:19 CET 2026
#@# pial area lh Tue Mar 10 12:45:19 CET 2026
#@# thickness lh Tue Mar 10 12:45:19 CET 2026
#@# area and vertex vol lh Tue Mar 10 12:45:19 CET 2026
#@# Parcellation Stats lh Tue Mar 10 12:45:19 CET 2026
#@# Parcellation Stats 2 lh Tue Mar 10 12:45:38 CET 2026
#@# Parcellation Stats 3 lh Tue Mar 10 12:45:47 CET 2026
#@# BA_exvivo Labels lh Tue Mar 10 12:45:57 CET 2026
recon-all -s sub-v2s0x29036_ses-1 finished without error at Tue Mar 10 12:48:37 CET 2026
