status file for recon-all
Tue Mar 10 11:52:30 CET 2026
#@# Tessellate rh Tue Mar 10 11:52:30 CET 2026
#@# Smooth1 rh Tue Mar 10 11:52:34 CET 2026
#@# Inflation1 rh Tue Mar 10 11:52:37 CET 2026
#@# QSphere rh Tue Mar 10 11:52:53 CET 2026
#@# Fix Topology rh Tue Mar 10 11:54:11 CET 2026
#@# Smooth2 rh Tue Mar 10 12:00:30 CET 2026
#@# Inflation2 rh Tue Mar 10 12:00:33 CET 2026
#@# Curv .H and .K rh Tue Mar 10 12:00:48 CET 2026
#@# Sphere rh Tue Mar 10 12:01:34 CET 2026
#@# Surf Reg rh Tue Mar 10 12:05:25 CET 2026
#@# Jacobian white rh Tue Mar 10 12:09:27 CET 2026
#@# AvgCurv rh Tue Mar 10 12:09:28 CET 2026
#@# Cortical Parc rh Tue Mar 10 12:09:29 CET 2026
#@# white curv rh Tue Mar 10 12:15:55 CET 2026
#@# white area rh Tue Mar 10 12:15:57 CET 2026
#@# pial curv rh Tue Mar 10 12:15:58 CET 2026
#@# pial area rh Tue Mar 10 12:15:59 CET 2026
#@# thickness rh Tue Mar 10 12:16:00 CET 2026
#@# area and vertex vol rh Tue Mar 10 12:16:29 CET 2026
#@# Curvature Stats rh Tue Mar 10 12:16:31 CET 2026
#@# Cortical Parc 2 rh Tue Mar 10 12:16:33 CET 2026
#@# Cortical Parc 3 rh Tue Mar 10 12:16:46 CET 2026
#@# WM/GM Contrast rh Tue Mar 10 12:16:56 CET 2026
recon-all -s sub-v2s0x29036_ses-1 finished without error at Tue Mar 10 12:16:59 CET 2026



#New# invocation of recon-all 



status file for recon-all
Tue Mar 10 12:48:41 CET 2026
#@# white curv rh Tue Mar 10 12:48:41 CET 2026
#@# white area rh Tue Mar 10 12:48:41 CET 2026
#@# pial curv rh Tue Mar 10 12:48:41 CET 2026
#@# pial area rh Tue Mar 10 12:48:41 CET 2026
#@# thickness rh Tue Mar 10 12:48:41 CET 2026
#@# area and vertex vol rh Tue Mar 10 12:48:41 CET 2026
#@# Parcellation Stats rh Tue Mar 10 12:48:41 CET 2026
#@# Parcellation Stats 2 rh Tue Mar 10 12:48:59 CET 2026
#@# Parcellation Stats 3 rh Tue Mar 10 12:49:08 CET 2026
#@# BA_exvivo Labels rh Tue Mar 10 12:49:17 CET 2026
recon-all -s sub-v2s0x29036_ses-1 finished without error at Tue Mar 10 12:52:03 CET 2026
