/out/sourcedata/freesurfer/sub-v2s0x29022_ses-1/mri
/opt/freesurfer/bin/talairach_avi
--i orig_nu.mgz --xfm transforms/talairach.auto.xfm
talairach_avi 7.3.2
Linux dna020 5.14.0-427.37.1.el9_4.x86_64 #1 SMP PREEMPT_DYNAMIC Fri Sep 13 12:41:50 EDT 2024 x86_64 x86_64 x86_64 GNU/Linux
Tue Mar 10 08:45:02 CET 2026
mri_convert orig_nu.mgz talsrcimg.img 
reading from orig_nu.mgz...
TR=0.00, TE=0.00, TI=0.00, flip angle=0.00
i_ras = (-1, 0, 0)
j_ras = (0, 0, -1)
k_ras = (0, 1, 0)
writing to talsrcimg.img...
Analyze Output Matrix
-1.00000   0.00000   0.00000   129.77406;
 0.00000   0.00000   1.00000  -92.66203;
 0.00000  -1.00000   0.00000   121.27863;
 0.00000   0.00000   0.00000   1.00000;
--------------------
INFO: set hdr.hist.orient to -1
mpr2mni305 talsrcimg
Tue Mar 10 08:45:03 CET 2026
/opt/freesurfer/bin/mpr2mni305 talsrcimg
mpr2mni305 7.3.2
target=711-2C_as_mni_average_305

---------------------------------------------------------------------
analyzeto4dfp talsrcimg -O0 -y
---------------------------------------------------------------------

freesurfer ifh2hdr.c
Tue Mar 10 08:45:03 2026
Writing: talsrcimg.4dfp.hdr
freesurfer analyzeto4dfp.c
Reading: talsrcimg.hdr
header size 348 bytes
hdr.dime.datatype	offset=70	value=2
hdr.dime.bitpix		offset=72	value=8
hdr.hist.orient		offset=252	value=-1
dimensionality     4
dimensions       256       256       256         1
Reading: talsrcimg.img
Writing: talsrcimg.4dfp.img
Writing: talsrcimg.4dfp.ifh
ifh2hdr talsrcimg -r0to255
ori=2

---------------------------------------------------------------------
gauss_4dfp talsrcimg 1.1
---------------------------------------------------------------------

freesurfer gauss_4dfp.c
Reading: talsrcimg.4dfp.img
Writing: talsrcimg_g11.4dfp.img
image dimensions 256 256 256 padded to 288 288 288
processing volume 1freesurfer ifh2hdr.c
Tue Mar 10 08:45:05 2026
Writing: talsrcimg_g11.4dfp.hdr

Writing: talsrcimg_g11.4dfp.ifh
including: talsrcimg.4dfp.img.rec in talsrcimg_g11.4dfp.img.rec

---------------------------------------------------------------------
imgreg_4dfp /opt/freesurfer/average/711-2C_as_mni_average_305 none talsrcimg_g11 none talsrcimg_to_711-2C_as_mni_average_305_t4 4355
---------------------------------------------------------------------

freesurfer imgreg_4dfp.c
/opt/freesurfer/average/711-2C_as_mni_average_305.4dfp.img
       256       256       256         1
  1.000000  1.000000  1.000000
orientation T byte_order littleendian
Reading image: /opt/freesurfer/average/711-2C_as_mni_average_305.4dfp.img
dimensions:      256       256       256
mmppix:       1.0000   -1.0000   -1.0000
center:     128.0000 -129.0000 -129.0000
talsrcimg_g11.4dfp.img
       256       256       256         1
  1.000000  1.000000  1.000000
orientation T byte_order littleendian
Reading image: talsrcimg_g11.4dfp.img
dimensions:      256       256       256
mmppix:       1.0000   -1.0000   -1.0000
center:     128.0000 -129.0000 -129.0000
t4_read: open error in t4_sub.f l:  41 t4_file(1:l)talsrcimg_to_711-2C_as_mni_average_305_t4 
t4_read: transform initialized to I4
rotation matrix determinant  1.000000
image alignment mode   4355 decimal     1103 hex
   -7.5000  -45.0000  -45.000010394.4707    8.3604
    0.0000  -45.0000  -45.000010746.3584    8.3618
    7.5000  -45.0000  -45.000010172.8350    8.2906
   -7.5000  -37.5000  -45.000010453.0781    8.4762
    0.0000  -37.5000  -45.000010819.6982    8.4743
    7.5000  -37.5000  -45.000010217.7393    8.4006
   -7.5000  -30.0000  -45.000010751.5605    8.3413
    0.0000  -30.0000  -45.000011135.0664    8.3392
    7.5000  -30.0000  -45.000010502.7266    8.2671
   -7.5000  -22.5000  -45.000011076.0586    8.2358
    0.0000  -22.5000  -45.000011458.8477    8.2374
    7.5000  -22.5000  -45.000010777.8232    8.1698
   -7.5000  -15.0000  -45.000011309.1064    8.1789
    0.0000  -15.0000  -45.000011708.8652    8.1839
    7.5000  -15.0000  -45.000010989.8721    8.1198
   -7.5000   -7.5000  -45.000011480.7783    8.1399
    0.0000   -7.5000  -45.000011868.9561    8.1445
    7.5000   -7.5000  -45.000011129.1855    8.0801
   -7.5000    0.0000  -45.000011597.7627    8.1350
    0.0000    0.0000  -45.000011991.8730    8.1363
    7.5000    0.0000  -45.000011225.9844    8.0689
   -7.5000    7.5000  -45.000010950.0322    8.3482
    0.0000    7.5000  -45.000011330.2070    8.3464
    7.5000    7.5000  -45.000010616.8047    8.2749
   -7.5000   15.0000  -45.000010327.2695    8.6479
    0.0000   15.0000  -45.000010699.4824    8.6466
    7.5000   15.0000  -45.000010025.9668    8.5727
   -7.5000   22.5000  -45.0000 9678.1094    8.9625
    0.0000   22.5000  -45.000010008.1484    8.9657
    7.5000   22.5000  -45.0000 9383.3018    8.8927
   -7.5000   30.0000  -45.0000 9055.1348    9.2028
    0.0000   30.0000  -45.0000 9370.1250    9.2107
    7.5000   30.0000  -45.0000 8783.6582    9.1376
   -7.5000   37.5000  -45.0000 8786.7793    9.6224
    0.0000   37.5000  -45.0000 9104.1719    9.6300
    7.5000   37.5000  -45.0000 8550.0498    9.5558
   -7.5000   45.0000  -45.0000 8304.6172    9.8373
    0.0000   45.0000  -45.0000 8620.9727    9.8399
    7.5000   45.0000  -45.0000 8093.1997    9.7622
   -7.5000  -45.0000  -37.500010898.2217    8.3068
    0.0000  -45.0000  -37.500011278.5762    8.3079
    7.5000  -45.0000  -37.500010661.4736    8.2372
   -7.5000  -37.5000  -37.500010967.4004    8.4194
    0.0000  -37.5000  -37.500011353.4551    8.4181
    7.5000  -37.5000  -37.500010719.1230    8.3455
   -7.5000  -30.0000  -37.500011282.2314    8.2833
    0.0000  -30.0000  -37.500011668.7422    8.2818
    7.5000  -30.0000  -37.500011012.1270    8.2113
   -7.5000  -22.5000  -37.500011605.7842    8.1793
    0.0000  -22.5000  -37.500011998.8154    8.1804
    7.5000  -22.5000  -37.500011312.0068    8.1139
   -7.5000  -15.0000  -37.500011857.0078    8.1254
    0.0000  -15.0000  -37.500012254.2744    8.1291
    7.5000  -15.0000  -37.500011555.9434    8.0652
   -7.5000   -7.5000  -37.500012050.9336    8.0891
    0.0000   -7.5000  -37.500012457.7012    8.0926
    7.5000   -7.5000  -37.500011717.2988    8.0282
   -7.5000    0.0000  -37.500012192.2383    8.0842
    0.0000    0.0000  -37.500012604.6553    8.0853
    7.5000    0.0000  -37.500011829.9580    8.0183
   -7.5000    7.5000  -37.500011517.2881    8.2932
    0.0000    7.5000  -37.500011898.9688    8.2921
    7.5000    7.5000  -37.500011187.6084    8.2216
   -7.5000   15.0000  -37.500010863.9619    8.5857
    0.0000   15.0000  -37.500011234.1758    8.5842
    7.5000   15.0000  -37.500010573.2539    8.5120
   -7.5000   22.5000  -37.500010166.8594    8.8979
    0.0000   22.5000  -37.500010517.6396    8.9007
    7.5000   22.5000  -37.5000 9894.4414    8.8300
   -7.5000   30.0000  -37.5000 9497.0469    9.1406
    0.0000   30.0000  -37.5000 9833.8057    9.1463
    7.5000   30.0000  -37.5000 9248.0322    9.0740
   -7.5000   37.5000  -37.5000 9219.3115    9.5597
    0.0000   37.5000  -37.5000 9554.3164    9.5647
    7.5000   37.5000  -37.5000 8982.0186    9.4900
   -7.5000   45.0000  -37.5000 8710.3291    9.7722
    0.0000   45.0000  -37.5000 9037.3457    9.7741
    7.5000   45.0000  -37.5000 8495.8408    9.6972
   -7.5000  -45.0000  -30.000011582.5195    8.6405
    0.0000  -45.0000  -30.000011988.2539    8.6415
    7.5000  -45.0000  -30.000011342.1592    8.5655
   -7.5000  -37.5000  -30.000011677.1758    8.7553
    0.0000  -37.5000  -30.000012081.6553    8.7542
    7.5000  -37.5000  -30.000011426.2959    8.6762
   -7.5000  -30.0000  -30.000012034.7686    8.6122
    0.0000  -30.0000  -30.000012456.3896    8.6106
    7.5000  -30.0000  -30.000011779.2812    8.5343
   -7.5000  -22.5000  -30.000012402.1641    8.5050
    0.0000  -22.5000  -30.000012829.8896    8.5056
    7.5000  -22.5000  -30.000012118.6338    8.4328
   -7.5000  -15.0000  -30.000012674.4854    8.4513
    0.0000  -15.0000  -30.000013102.4648    8.4543
    7.5000  -15.0000  -30.000012379.7070    8.3840
   -7.5000   -7.5000  -30.000012849.6348    8.4151
    0.0000   -7.5000  -30.000013285.6475    8.4180
    7.5000   -7.5000  -30.000012547.8662    8.3477
   -7.5000    0.0000  -30.000013008.8125    8.4092
    0.0000    0.0000  -30.000013438.1904    8.4102
    7.5000    0.0000  -30.000012675.4990    8.3381
   -7.5000    7.5000  -30.000012298.9824    8.6244
    0.0000    7.5000  -30.000012700.7324    8.6234
    7.5000    7.5000  -30.000012002.2002    8.5477
   -7.5000   15.0000  -30.000011614.9004    8.9259
    0.0000   15.0000  -30.000012001.9678    8.9235
    7.5000   15.0000  -30.000011339.5508    8.8447
   -7.5000   22.5000  -30.000010877.8838    9.2529
    0.0000   22.5000  -30.000011246.9375    9.2548
    7.5000   22.5000  -30.000010611.7510    9.1769
   -7.5000   30.0000  -30.000010147.2988    9.5105
    0.0000   30.0000  -30.000010504.2305    9.5144
    7.5000   30.0000  -30.0000 9887.2266    9.4343
   -7.5000   37.5000  -30.0000 9838.4229    9.9485
    0.0000   37.5000  -30.000010195.1846    9.9508
    7.5000   37.5000  -30.0000 9592.3447    9.8674
   -7.5000   45.0000  -30.0000 9286.1377   10.1755
    0.0000   45.0000  -30.0000 9633.1367   10.1747
    7.5000   45.0000  -30.0000 9074.4795   10.0901
   -7.5000  -45.0000  -22.500012290.3105    8.9606
    0.0000  -45.0000  -22.500012732.0371    8.9620
    7.5000  -45.0000  -22.500012027.6807    8.8810
   -7.5000  -37.5000  -22.500012412.1689    9.0800
    0.0000  -37.5000  -22.500012869.2021    9.0785
    7.5000  -37.5000  -22.500012154.5068    8.9945
   -7.5000  -30.0000  -22.500012827.6680    8.9333
    0.0000  -30.0000  -22.500013297.6260    8.9309
    7.5000  -30.0000  -22.500012564.1943    8.8477
   -7.5000  -22.5000  -22.500013233.8965    8.8227
    0.0000  -22.5000  -22.500013688.7451    8.8235
    7.5000  -22.5000  -22.500012923.2578    8.7436
   -7.5000  -15.0000  -22.500013531.9141    8.7664
    0.0000  -15.0000  -22.500013993.5742    8.7704
    7.5000  -15.0000  -22.500013219.2793    8.6936
   -7.5000   -7.5000  -22.500013729.6094    8.7271
    0.0000   -7.5000  -22.500014201.0820    8.7311
    7.5000   -7.5000  -22.500013416.8369    8.6554
   -7.5000    0.0000  -22.500013904.8281    8.7199
    0.0000    0.0000  -22.500014372.6484    8.7213
    7.5000    0.0000  -22.500013576.1514    8.6444
   -7.5000    7.5000  -22.500013178.8301    8.9436
    0.0000    7.5000  -22.500013618.5547    8.9423
    7.5000    7.5000  -22.500012871.9844    8.8608
   -7.5000   15.0000  -22.500012449.0566    9.2595
    0.0000   15.0000  -22.500012864.9355    9.2565
    7.5000   15.0000  -22.500012151.6533    9.1697
   -7.5000   22.5000  -22.500011670.2158    9.6019
    0.0000   22.5000  -22.500012050.1025    9.6032
    7.5000   22.5000  -22.500011356.9834    9.5159
   -7.5000   30.0000  -22.500010879.2344    9.8687
    0.0000   30.0000  -22.500011246.3750    9.8734
    7.5000   30.0000  -22.500010587.2002    9.7845
   -7.5000   37.5000  -22.500010540.8662   10.3205
    0.0000   37.5000  -22.500010907.2119   10.3232
    7.5000   37.5000  -22.500010254.6807   10.2317
   -7.5000   45.0000  -22.5000 9919.7158   10.5612
    0.0000   45.0000  -22.500010286.0859   10.5584
    7.5000   45.0000  -22.5000 9677.2412   10.4658
   -7.5000  -45.0000  -15.000012928.7178    9.2135
    0.0000  -45.0000  -15.000013384.0342    9.2156
    7.5000  -45.0000  -15.000012651.3359    9.1321
   -7.5000  -37.5000  -15.000013063.0264    9.3382
    0.0000  -37.5000  -15.000013529.8955    9.3363
    7.5000  -37.5000  -15.000012791.4482    9.2491
   -7.5000  -30.0000  -15.000013496.0869    9.1901
    0.0000  -30.0000  -15.000013985.5439    9.1873
    7.5000  -30.0000  -15.000013236.3555    9.1002
   -7.5000  -22.5000  -15.000013907.2139    9.0763
    0.0000  -22.5000  -15.000014400.9375    9.0780
    7.5000  -22.5000  -15.000013626.4697    8.9947
   -7.5000  -15.0000  -15.000014233.9014    9.0160
    0.0000  -15.0000  -15.000014744.4678    9.0221
    7.5000  -15.0000  -15.000013957.2109    8.9428
   -7.5000   -7.5000  -15.000014470.6152    8.9728
    0.0000   -7.5000  -15.000014992.1416    8.9786
    7.5000   -7.5000  -15.000014178.7412    8.9009
   -7.5000    0.0000  -15.000014712.5713    8.9649
    0.0000    0.0000  -15.000015235.3574    8.9669
    7.5000    0.0000  -15.000014399.2764    8.8877
   -7.5000    7.5000  -15.000013980.4873    9.1972
    0.0000    7.5000  -15.000014472.9668    9.1954
    7.5000    7.5000  -15.000013682.4131    9.1108
   -7.5000   15.0000  -15.000013228.0771    9.5275
    0.0000   15.0000  -15.000013666.5615    9.5248
    7.5000   15.0000  -15.000012922.4375    9.4340
   -7.5000   22.5000  -15.000012445.8096    9.8799
    0.0000   22.5000  -15.000012828.6621    9.8822
    7.5000   22.5000  -15.000012091.4688    9.7897
   -7.5000   30.0000  -15.000011640.1797   10.1514
    0.0000   30.0000  -15.000012002.9561   10.1590
    7.5000   30.0000  -15.000011285.9268   10.0663
   -7.5000   37.5000  -15.000011278.2822   10.6120
    0.0000   37.5000  -15.000011647.9775   10.6179
    7.5000   37.5000  -15.000010937.8145   10.5241
   -7.5000   45.0000  -15.000010588.3096   10.8640
    0.0000   45.0000  -15.000010958.0225   10.8618
    7.5000   45.0000  -15.000010309.8330   10.7654
   -7.5000  -45.0000   -7.500013546.8145    9.3404
    0.0000  -45.0000   -7.500014028.3057    9.3423
    7.5000  -45.0000   -7.500013296.3135    9.2601
   -7.5000  -37.5000   -7.500013733.7227    9.4692
    0.0000  -37.5000   -7.500014229.0107    9.4668
    7.5000  -37.5000   -7.500013447.5820    9.3809
   -7.5000  -30.0000   -7.500014244.2012    9.3200
    0.0000  -30.0000   -7.500014756.3574    9.3172
    7.5000  -30.0000   -7.500013942.9521    9.2320
   -7.5000  -22.5000   -7.500014696.1191    9.2033
    0.0000  -22.5000   -7.500015213.0430    9.2054
    7.5000  -22.5000   -7.500014389.5645    9.1249
   -7.5000  -15.0000   -7.500015059.5986    9.1398
    0.0000  -15.0000   -7.500015590.6895    9.1465
    7.5000  -15.0000   -7.500014753.8203    9.0703
   -7.5000   -7.5000   -7.500015335.1406    9.0949
    0.0000   -7.5000   -7.500015895.5039    9.1010
    7.5000   -7.5000   -7.500014992.8271    9.0258
   -7.5000    0.0000   -7.500015645.1504    9.0881
    0.0000    0.0000   -7.500016183.3574    9.0899
    7.5000    0.0000   -7.500015270.3281    9.0120
   -7.5000    7.5000   -7.500014960.8457    9.3259
    0.0000    7.5000   -7.500015473.7783    9.3237
    7.5000    7.5000   -7.500014573.5254    9.2404
   -7.5000   15.0000   -7.500014245.2256    9.6630
    0.0000   15.0000   -7.500014693.6084    9.6611
    7.5000   15.0000   -7.500013835.5605    9.5730
   -7.5000   22.5000   -7.500013406.2988   10.0149
    0.0000   22.5000   -7.500013788.9941   10.0182
    7.5000   22.5000   -7.500012927.5869    9.9294
   -7.5000   30.0000   -7.500012577.4727   10.2880
    0.0000   30.0000   -7.500012928.4229   10.2975
    7.5000   30.0000   -7.500012082.6504   10.2091
   -7.5000   37.5000   -7.500012150.1055   10.7538
    0.0000   37.5000   -7.500012514.5127   10.7623
    7.5000   37.5000   -7.500011669.4766   10.6734
   -7.5000   45.0000   -7.500011385.0225   11.0126
    0.0000   45.0000   -7.500011749.3428   11.0131
    7.5000   45.0000   -7.500010979.6016   10.9203
   -7.5000  -45.0000    0.000014150.5400    9.3382
    0.0000  -45.0000    0.000014622.7910    9.3396
    7.5000  -45.0000    0.000013801.7051    9.2602
   -7.5000  -37.5000    0.000014399.0117    9.4675
    0.0000  -37.5000    0.000014874.8115    9.4653
    7.5000  -37.5000    0.000014027.9629    9.3830
   -7.5000  -30.0000    0.000015008.3604    9.3171
    0.0000  -30.0000    0.000015516.1025    9.3148
    7.5000  -30.0000    0.000014598.0850    9.2344
   -7.5000  -22.5000    0.000015534.9902    9.1995
    0.0000  -22.5000    0.000016062.9707    9.2013
    7.5000  -22.5000    0.000015093.6572    9.1259
   -7.5000  -15.0000    0.000015925.4932    9.1359
    0.0000  -15.0000    0.000016497.5977    9.1415
    7.5000  -15.0000    0.000015473.6699    9.0700
   -7.5000   -7.5000    0.000016251.6943    9.0923
    0.0000   -7.5000    0.000016825.5801    9.0974
    7.5000   -7.5000    0.000015738.0039    9.0256
   -7.5000    0.0000    0.000016658.2285    9.0868
    0.0000    0.0000    0.000017226.2227    9.0883
    7.5000    0.0000    0.000016064.9971    9.0130
   -7.5000    7.5000    0.000016093.6475    9.3247
    0.0000    7.5000    0.000016640.4883    9.3227
    7.5000    7.5000    0.000015417.5674    9.2429
   -7.5000   15.0000    0.000015521.2490    9.6590
    0.0000   15.0000    0.000016006.1152    9.6575
    7.5000   15.0000    0.000014736.6338    9.5752
   -7.5000   22.5000    0.000014583.4502   10.0064
    0.0000   22.5000    0.000014949.0527   10.0100
    7.5000   22.5000    0.000013760.4404    9.9286
   -7.5000   30.0000    0.000013549.5811   10.2811
    0.0000   30.0000    0.000013880.3994   10.2899
    7.5000   30.0000    0.000012785.0723   10.2083
   -7.5000   37.5000    0.000013006.3125   10.7487
    0.0000   37.5000    0.000013352.7793   10.7571
    7.5000   37.5000    0.000012299.4297   10.6742
   -7.5000   45.0000    0.000012128.7432   11.0091
    0.0000   45.0000    0.000012488.4961   11.0120
    7.5000   45.0000    0.000011511.5967   10.9250
   -7.5000  -45.0000    7.500013755.6006    9.2953
    0.0000  -45.0000    7.500014167.9551    9.2966
    7.5000  -45.0000    7.500013264.8838    9.2175
   -7.5000  -37.5000    7.500014049.0576    9.4214
    0.0000  -37.5000    7.500014491.1982    9.4200
    7.5000  -37.5000    7.500013525.4443    9.3387
   -7.5000  -30.0000    7.500014696.5010    9.2691
    0.0000  -30.0000    7.500015170.0635    9.2674
    7.5000  -30.0000    7.500014099.3867    9.1885
   -7.5000  -22.5000    7.500015268.7090    9.1527
    0.0000  -22.5000    7.500015761.2354    9.1540
    7.5000  -22.5000    7.500014594.6621    9.0795
   -7.5000  -15.0000    7.500015697.6895    9.0924
    0.0000  -15.0000    7.500016231.1396    9.0965
    7.5000  -15.0000    7.500014954.6006    9.0251
   -7.5000   -7.5000    7.500016046.0508    9.0518
    0.0000   -7.5000    7.500016571.1191    9.0557
    7.5000   -7.5000    7.500015216.6777    8.9836
   -7.5000    0.0000    7.500016454.2402    9.0463
    0.0000    0.0000    7.500016986.9434    9.0476
    7.5000    0.0000    7.500015511.1973    8.9726
   -7.5000    7.5000    7.500015902.1807    9.2802
    0.0000    7.5000    7.500016474.6953    9.2790
    7.5000    7.5000    7.500014853.6396    9.2001
   -7.5000   15.0000    7.500015339.9951    9.6075
    0.0000   15.0000    7.500015887.2568    9.6058
    7.5000   15.0000    7.500014192.7100    9.5250
   -7.5000   22.5000    7.500014328.8770    9.9536
    0.0000   22.5000    7.500014823.6133    9.9567
    7.5000   22.5000    7.500013325.9795    9.8776
   -7.5000   30.0000    7.500013275.4922   10.2324
    0.0000   30.0000    7.500013683.9219   10.2387
    7.5000   30.0000    7.500012399.1152   10.1579
   -7.5000   37.5000    7.500012731.6201   10.7015
    0.0000   37.5000    7.500013085.5303   10.7071
    7.5000   37.5000    7.500011889.0000   10.6236
   -7.5000   45.0000    7.500011776.0166   10.9609
    0.0000   45.0000    7.500012132.4023   10.9630
    7.5000   45.0000    7.500011102.5410   10.8767
   -7.5000  -45.0000   15.000013043.7549    9.2785
    0.0000  -45.0000   15.000013456.0713    9.2795
    7.5000  -45.0000   15.000012504.9248    9.1979
   -7.5000  -37.5000   15.000013347.1250    9.4017
    0.0000  -37.5000   15.000013789.8418    9.4006
    7.5000  -37.5000   15.000012762.7578    9.3168
   -7.5000  -30.0000   15.000013972.9131    9.2481
    0.0000  -30.0000   15.000014443.8623    9.2463
    7.5000  -30.0000   15.000013318.6504    9.1645
   -7.5000  -22.5000   15.000014534.7646    9.1329
    0.0000  -22.5000   15.000015019.0137    9.1336
    7.5000  -22.5000   15.000013788.0713    9.0555
   -7.5000  -15.0000   15.000014962.0889    9.0753
    0.0000  -15.0000   15.000015486.9434    9.0785
    7.5000  -15.0000   15.000014134.0283    9.0030
   -7.5000   -7.5000   15.000015280.8594    9.0365
    0.0000   -7.5000   15.000015808.3447    9.0396
    7.5000   -7.5000   15.000014386.1592    8.9641
   -7.5000    0.0000   15.000015610.6855    9.0301
    0.0000    0.0000   15.000016144.1670    9.0312
    7.5000    0.0000   15.000014648.0723    8.9538
   -7.5000    7.5000   15.000015009.2852    9.2611
    0.0000    7.5000   15.000015564.1523    9.2601
    7.5000    7.5000   15.000014000.8145    9.1788
   -7.5000   15.0000   15.000014258.5557    9.5850
    0.0000   15.0000   15.000014810.8369    9.5824
    7.5000   15.0000   15.000013290.8760    9.4977
   -7.5000   22.5000   15.000013316.9697    9.9339
    0.0000   22.5000   15.000013837.2393    9.9359
    7.5000   22.5000   15.000012498.3213    9.8524
   -7.5000   30.0000   15.000012448.5928   10.2157
    0.0000   30.0000   15.000012910.0625   10.2199
    7.5000   30.0000   15.000011714.9844   10.1338
   -7.5000   37.5000   15.000012034.4219   10.6862
    0.0000   37.5000   15.000012437.2764   10.6887
    7.5000   37.5000   15.000011293.0547   10.5990
   -7.5000   45.0000   15.000011189.3359   10.9445
    0.0000   45.0000   15.000011569.7900   10.9436
    7.5000   45.0000   15.000010560.5576   10.8526
   -7.5000  -45.0000   22.500011959.4639    9.3091
    0.0000  -45.0000   22.500012358.0430    9.3106
    7.5000  -45.0000   22.500011569.2812    9.2264
   -7.5000  -37.5000   22.500012242.1885    9.4287
    0.0000  -37.5000   22.500012660.8799    9.4272
    7.5000  -37.5000   22.500011806.2920    9.3400
   -7.5000  -30.0000   22.500012836.3691    9.2769
    0.0000  -30.0000   22.500013282.2383    9.2744
    7.5000  -30.0000   22.500012343.7344    9.1880
   -7.5000  -22.5000   22.500013340.4600    9.1630
    0.0000  -22.5000   22.500013798.9189    9.1638
    7.5000  -22.5000   22.500012776.7461    9.0808
   -7.5000  -15.0000   22.500013727.9824    9.1056
    0.0000  -15.0000   22.500014185.8145    9.1098
    7.5000  -15.0000   22.500013098.6133    9.0300
   -7.5000   -7.5000   22.500014008.6855    9.0659
    0.0000   -7.5000   22.500014460.6064    9.0702
    7.5000   -7.5000   22.500013346.9502    8.9915
   -7.5000    0.0000   22.500014356.7549    9.0589
    0.0000    0.0000   22.500014805.9863    9.0603
    7.5000    0.0000   22.500013633.9365    8.9803
   -7.5000    7.5000   22.500013778.3086    9.2871
    0.0000    7.5000   22.500014236.2422    9.2857
    7.5000    7.5000   22.500013035.1748    9.2011
   -7.5000   15.0000   22.500013045.9668    9.6146
    0.0000   15.0000   22.500013491.1699    9.6114
    7.5000   15.0000   22.500012392.9014    9.5213
   -7.5000   22.5000   22.500012198.9258    9.9685
    0.0000   22.5000   22.500012616.1699    9.9700
    7.5000   22.5000   22.500011651.4395    9.8793
   -7.5000   30.0000   22.500011453.4463   10.2487
    0.0000   30.0000   22.500011819.4854   10.2535
    7.5000   30.0000   22.500010932.0732   10.1613
   -7.5000   37.5000   22.500011129.1104   10.7180
    0.0000   37.5000   22.500011477.8594   10.7209
    7.5000   37.5000   22.500010597.1465   10.6258
   -7.5000   45.0000   22.500010466.8701   10.9761
    0.0000   45.0000   22.500010781.8398   10.9733
    7.5000   45.0000   22.5000 9950.7373   10.8769
   -7.5000  -45.0000   30.000010773.2197    9.4537
    0.0000  -45.0000   30.000011160.0469    9.4559
    7.5000  -45.0000   30.000010571.0957    9.3694
   -7.5000  -37.5000   30.000011053.2920    9.5669
    0.0000  -37.5000   30.000011438.6855    9.5648
    7.5000  -37.5000   30.000010796.1934    9.4747
   -7.5000  -30.0000   30.000011614.3867    9.4160
    0.0000  -30.0000   30.000012007.9434    9.4129
    7.5000  -30.0000   30.000011296.8574    9.3229
   -7.5000  -22.5000   30.000012056.4365    9.3013
    0.0000  -22.5000   30.000012457.8662    9.3029
    7.5000  -22.5000   30.000011690.1133    9.2166
   -7.5000  -15.0000   30.000012417.2891    9.2428
    0.0000  -15.0000   30.000012814.5908    9.2490
    7.5000  -15.0000   30.000012010.8477    9.1668
   -7.5000   -7.5000   30.000012734.5986    9.2021
    0.0000   -7.5000   30.000013125.2158    9.2081
    7.5000   -7.5000   30.000012285.9297    9.1276
   -7.5000    0.0000   30.000013088.8525    9.1956
    0.0000    0.0000   30.000013493.8262    9.1977
    7.5000    0.0000   30.000012579.1436    9.1157
   -7.5000    7.5000   30.000012543.8848    9.4209
    0.0000    7.5000   30.000012959.8545    9.4190
    7.5000    7.5000   30.000012035.7471    9.3316
   -7.5000   15.0000   30.000011883.1533    9.7539
    0.0000   15.0000   30.000012273.6816    9.7510
    7.5000   15.0000   30.000011433.8467    9.6572
   -7.5000   22.5000   30.000011152.6592   10.1111
    0.0000   22.5000   30.000011501.2607   10.1133
    7.5000   22.5000   30.000010755.5176   10.0178
   -7.5000   30.0000   30.000010501.0479   10.3930
    0.0000   30.0000   30.000010822.0645   10.4008
    7.5000   30.0000   30.000010115.3213   10.3050
   -7.5000   37.5000   30.000010228.6270   10.8691
    0.0000   37.5000   30.000010546.2539   10.8752
    7.5000   37.5000   30.0000 9845.2041   10.7782
   -7.5000   45.0000   30.0000 9651.3018   11.1355
    0.0000   45.0000   30.0000 9945.5527   11.1332
    7.5000   45.0000   30.0000 9283.2031   11.0335
   -7.5000  -45.0000   37.500010248.6621    9.7164
    0.0000  -45.0000   37.500010612.7217    9.7183
    7.5000  -45.0000   37.500010121.2314    9.6297
   -7.5000  -37.5000   37.500010523.5693    9.8229
    0.0000  -37.5000   37.500010897.7803    9.8201
    7.5000  -37.5000   37.500010344.2422    9.7279
   -7.5000  -30.0000   37.500011040.2207    9.6695
    0.0000  -30.0000   37.500011429.1143    9.6664
    7.5000  -30.0000   37.500010819.8574    9.5749
   -7.5000  -22.5000   37.500011431.8125    9.5512
    0.0000  -22.5000   37.500011840.1260    9.5533
    7.5000  -22.5000   37.500011193.1289    9.4667
   -7.5000  -15.0000   37.500011776.2598    9.4902
    0.0000  -15.0000   37.500012212.3945    9.4973
    7.5000  -15.0000   37.500011509.7627    9.4153
   -7.5000   -7.5000   37.500012128.3584    9.4488
    0.0000   -7.5000   37.500012541.2793    9.4553
    7.5000   -7.5000   37.500011804.5186    9.3743
   -7.5000    0.0000   37.500012472.8408    9.4442
    0.0000    0.0000   37.500012876.6738    9.4460
    7.5000    0.0000   37.500012073.8115    9.3622
   -7.5000    7.5000   37.500011943.4756    9.6691
    0.0000    7.5000   37.500012343.6387    9.6665
    7.5000    7.5000   37.500011534.3564    9.5772
   -7.5000   15.0000   37.500011307.8711   10.0003
    0.0000   15.0000   37.500011677.0352    9.9980
    7.5000   15.0000   37.500010951.3154    9.9039
   -7.5000   22.5000   37.500010639.8672   10.3574
    0.0000   22.5000   37.500010976.2754   10.3607
    7.5000   22.5000   37.500010309.9053   10.2659
   -7.5000   30.0000   37.500010030.7363   10.6453
    0.0000   30.0000   37.500010347.2490   10.6552
    7.5000   30.0000   37.5000 9710.7920   10.5608
   -7.5000   37.5000   37.5000 9813.4658   11.1330
    0.0000   37.5000   37.500010127.8203   11.1418
    7.5000   37.5000   37.5000 9504.0762   11.0467
   -7.5000   45.0000   37.5000 9292.1484   11.4074
    0.0000   45.0000   37.5000 9586.0586   11.4076
    7.5000   45.0000   37.5000 9000.1777   11.3082
   -7.5000  -45.0000   45.0000 9506.0361   10.0062
    0.0000  -45.0000   45.0000 9840.0264   10.0078
    7.5000  -45.0000   45.0000 9387.6084    9.9160
   -7.5000  -37.5000   45.0000 9740.9697   10.0972
    0.0000  -37.5000   45.000010081.2500   10.0947
    7.5000  -37.5000   45.0000 9581.4775   10.0002
   -7.5000  -30.0000   45.000010214.4473    9.9374
    0.0000  -30.0000   45.000010579.2646    9.9349
    7.5000  -30.0000   45.000010025.6504    9.8429
   -7.5000  -22.5000   45.000010571.5840    9.8161
    0.0000  -22.5000   45.000010957.9775    9.8182
    7.5000  -22.5000   45.000010366.5703    9.7319
   -7.5000  -15.0000   45.000010905.0527    9.7575
    0.0000  -15.0000   45.000011304.0615    9.7637
    7.5000  -15.0000   45.000010677.9863    9.6817
   -7.5000   -7.5000   45.000011206.7314    9.7195
    0.0000   -7.5000   45.000011611.7422    9.7250
    7.5000   -7.5000   45.000010944.7666    9.6424
   -7.5000    0.0000   45.000011523.2090    9.7164
    0.0000    0.0000   45.000011924.8682    9.7178
    7.5000    0.0000   45.000011219.7744    9.6313
   -7.5000    7.5000   45.000011003.4307    9.9339
    0.0000    7.5000   45.000011377.2432    9.9316
    7.5000    7.5000   45.000010697.7705    9.8402
   -7.5000   15.0000   45.000010415.3135   10.2564
    0.0000   15.0000   45.000010752.2051   10.2550
    7.5000   15.0000   45.000010137.0059   10.1614
   -7.5000   22.5000   45.0000 9817.2080   10.6141
    0.0000   22.5000   45.000010127.2959   10.6182
    7.5000   22.5000   45.0000 9543.8018   10.5260
   -7.5000   30.0000   45.0000 9235.4199   10.9062
    0.0000   30.0000   45.0000 9528.5225   10.9157
    7.5000   30.0000   45.0000 8966.5586   10.8232
   -7.5000   37.5000   45.0000 9033.2070   11.4016
    0.0000   37.5000   45.0000 9330.6396   11.4106
    7.5000   37.5000   45.0000 8780.9248   11.3163
   -7.5000   45.0000   45.0000 8573.7002   11.6812
    0.0000   45.0000   45.0000 8858.1963   11.6840
    7.5000   45.0000   45.0000 8333.9170   11.5847

---------------------------------------------------------------------
imgreg_4dfp /opt/freesurfer/average/711-2C_as_mni_average_305 /opt/freesurfer/average/711-2B_as_mni_average_305_mask talsrcimg_g11 none talsrcimg_to_711-2C_as_mni_average_305_t4 4355
---------------------------------------------------------------------

freesurfer imgreg_4dfp.c
/opt/freesurfer/average/711-2C_as_mni_average_305.4dfp.img
       256       256       256         1
  1.000000  1.000000  1.000000
orientation T byte_order littleendian
Reading image: /opt/freesurfer/average/711-2C_as_mni_average_305.4dfp.img
dimensions:      256       256       256
mmppix:       1.0000   -1.0000   -1.0000
center:     128.0000 -129.0000 -129.0000
/opt/freesurfer/average/711-2B_as_mni_average_305_mask.4dfp.img
       256       256       256         1
  1.000000  1.000000  1.000000
orientation T byte_order littleendian
Reading mask: /opt/freesurfer/average/711-2B_as_mni_average_305_mask.4dfp.img (2306576 pixels)
talsrcimg_g11.4dfp.img
       256       256       256         1
  1.000000  1.000000  1.000000
orientation T byte_order littleendian
Reading image: talsrcimg_g11.4dfp.img
dimensions:      256       256       256
mmppix:       1.0000   -1.0000   -1.0000
center:     128.0000 -129.0000 -129.0000
rotation matrix determinant  1.000000
image alignment mode   4355 decimal     1103 hex
   -7.5000  -45.0000  -45.0000 2379.7966   11.9309
    0.0000  -45.0000  -45.0000 2381.6150   11.9286
    7.5000  -45.0000  -45.0000 2365.8208   12.1086
   -7.5000  -37.5000  -45.0000 2373.5090   12.0386
    0.0000  -37.5000  -45.0000 2376.9019   12.0431
    7.5000  -37.5000  -45.0000 2359.0383   12.2121
   -7.5000  -30.0000  -45.0000 2372.4077   12.1188
    0.0000  -30.0000  -45.0000 2376.5608   12.1451
    7.5000  -30.0000  -45.0000 2359.2803   12.2943
   -7.5000  -22.5000  -45.0000 2382.7427   12.2067
    0.0000  -22.5000  -45.0000 2385.3599   12.2349
    7.5000  -22.5000  -45.0000 2367.4541   12.3435
   -7.5000  -15.0000  -45.0000 2394.2783   12.3020
    0.0000  -15.0000  -45.0000 2397.8318   12.3369
    7.5000  -15.0000  -45.0000 2383.0510   12.4571
   -7.5000   -7.5000  -45.0000 2407.5493   12.4757
    0.0000   -7.5000  -45.0000 2412.3354   12.4832
    7.5000   -7.5000  -45.0000 2393.2905   12.6163
   -7.5000    0.0000  -45.0000 2411.9321   12.6415
    0.0000    0.0000  -45.0000 2417.5347   12.6671
    7.5000    0.0000  -45.0000 2393.1997   12.7935
   -7.5000    7.5000  -45.0000 2408.0635   12.7839
    0.0000    7.5000  -45.0000 2416.0471   12.8227
    7.5000    7.5000  -45.0000 2390.7878   12.9603
   -7.5000   15.0000  -45.0000 2400.1360   12.9808
    0.0000   15.0000  -45.0000 2407.8628   13.0170
    7.5000   15.0000  -45.0000 2381.6628   13.1924
   -7.5000   22.5000  -45.0000 2382.2244   13.2919
    0.0000   22.5000  -45.0000 2390.0408   13.3031
    7.5000   22.5000  -45.0000 2364.0129   13.4743
   -7.5000   30.0000  -45.0000 2360.9260   13.7673
    0.0000   30.0000  -45.0000 2368.4717   13.8068
    7.5000   30.0000  -45.0000 2341.2627   13.9917
   -7.5000   37.5000  -45.0000 2321.5029   14.5356
    0.0000   37.5000  -45.0000 2327.8315   14.5748
    7.5000   37.5000  -45.0000 2302.4573   14.7736
   -7.5000   45.0000  -45.0000 2268.3088   15.5415
    0.0000   45.0000  -45.0000 2275.8105   15.5647
    7.5000   45.0000  -45.0000 2249.3513   15.7800
   -7.5000  -45.0000  -37.5000 2479.2664   11.0831
    0.0000  -45.0000  -37.5000 2480.5645   11.0845
    7.5000  -45.0000  -37.5000 2460.2683   11.2451
   -7.5000  -37.5000  -37.5000 2473.7549   11.1800
    0.0000  -37.5000  -37.5000 2478.4270   11.1856
    7.5000  -37.5000  -37.5000 2457.1270   11.3161
   -7.5000  -30.0000  -37.5000 2471.7412   11.2473
    0.0000  -30.0000  -37.5000 2477.0696   11.2512
    7.5000  -30.0000  -37.5000 2456.3445   11.3702
   -7.5000  -22.5000  -37.5000 2487.4331   11.3346
    0.0000  -22.5000  -37.5000 2489.3750   11.3394
    7.5000  -22.5000  -37.5000 2467.9658   11.4430
   -7.5000  -15.0000  -37.5000 2502.3911   11.4579
    0.0000  -15.0000  -37.5000 2504.7678   11.4594
    7.5000  -15.0000  -37.5000 2483.3992   11.5592
   -7.5000   -7.5000  -37.5000 2511.2185   11.5938
    0.0000   -7.5000  -37.5000 2517.4810   11.5822
    7.5000   -7.5000  -37.5000 2496.6047   11.6878
   -7.5000    0.0000  -37.5000 2516.7495   11.7387
    0.0000    0.0000  -37.5000 2524.2500   11.7350
    7.5000    0.0000  -37.5000 2495.5620   11.8219
   -7.5000    7.5000  -37.5000 2516.5354   11.8534
    0.0000    7.5000  -37.5000 2521.0264   11.8691
    7.5000    7.5000  -37.5000 2493.0728   11.9986
   -7.5000   15.0000  -37.5000 2506.3108   12.0394
    0.0000   15.0000  -37.5000 2510.6086   12.0564
    7.5000   15.0000  -37.5000 2482.2334   12.2028
   -7.5000   22.5000  -37.5000 2485.7554   12.3450
    0.0000   22.5000  -37.5000 2491.3276   12.3415
    7.5000   22.5000  -37.5000 2464.9172   12.5097
   -7.5000   30.0000  -37.5000 2456.9717   12.7679
    0.0000   30.0000  -37.5000 2467.3936   12.8138
    7.5000   30.0000  -37.5000 2436.1050   12.9889
   -7.5000   37.5000  -37.5000 2417.3921   13.4429
    0.0000   37.5000  -37.5000 2429.9436   13.4812
    7.5000   37.5000  -37.5000 2395.4888   13.6578
   -7.5000   45.0000  -37.5000 2363.4910   14.3039
    0.0000   45.0000  -37.5000 2375.6328   14.3459
    7.5000   45.0000  -37.5000 2342.2432   14.5098
   -7.5000  -45.0000  -30.0000 2609.4741   10.7053
    0.0000  -45.0000  -30.0000 2610.5032   10.6977
    7.5000  -45.0000  -30.0000 2588.1226   10.8871
   -7.5000  -37.5000  -30.0000 2603.1472   10.7817
    0.0000  -37.5000  -30.0000 2607.1125   10.7649
    7.5000  -37.5000  -30.0000 2586.1069   10.9490
   -7.5000  -30.0000  -30.0000 2606.9216   10.8539
    0.0000  -30.0000  -30.0000 2611.5327   10.8318
    7.5000  -30.0000  -30.0000 2591.7007   10.9687
   -7.5000  -22.5000  -30.0000 2622.1035   10.9112
    0.0000  -22.5000  -30.0000 2626.6973   10.9068
    7.5000  -22.5000  -30.0000 2603.9688   11.0219
   -7.5000  -15.0000  -30.0000 2635.6660   11.0182
    0.0000  -15.0000  -30.0000 2642.5747   11.0212
    7.5000  -15.0000  -30.0000 2615.3728   11.1270
   -7.5000   -7.5000  -30.0000 2639.5569   11.1332
    0.0000   -7.5000  -30.0000 2648.1599   11.1230
    7.5000   -7.5000  -30.0000 2625.6570   11.2254
   -7.5000    0.0000  -30.0000 2647.2104   11.2447
    0.0000    0.0000  -30.0000 2654.2188   11.2210
    7.5000    0.0000  -30.0000 2629.1123   11.3192
   -7.5000    7.5000  -30.0000 2651.8027   11.3463
    0.0000    7.5000  -30.0000 2658.0859   11.3190
    7.5000    7.5000  -30.0000 2635.5938   11.4612
   -7.5000   15.0000  -30.0000 2647.7234   11.5225
    0.0000   15.0000  -30.0000 2654.4438   11.4995
    7.5000   15.0000  -30.0000 2625.9504   11.6505
   -7.5000   22.5000  -30.0000 2634.5640   11.8442
    0.0000   22.5000  -30.0000 2639.4666   11.8355
    7.5000   22.5000  -30.0000 2610.0759   11.9957
   -7.5000   30.0000  -30.0000 2606.5742   12.2935
    0.0000   30.0000  -30.0000 2616.9014   12.3083
    7.5000   30.0000  -30.0000 2579.3027   12.4813
   -7.5000   37.5000  -30.0000 2565.5349   12.9121
    0.0000   37.5000  -30.0000 2575.7720   12.9417
    7.5000   37.5000  -30.0000 2540.2654   13.1019
   -7.5000   45.0000  -30.0000 2505.6824   13.6993
    0.0000   45.0000  -30.0000 2518.0520   13.7160
    7.5000   45.0000  -30.0000 2480.4629   13.8846
   -7.5000  -45.0000  -22.5000 2694.2600   10.3237
    0.0000  -45.0000  -22.5000 2699.1201   10.3380
    7.5000  -45.0000  -22.5000 2680.1230   10.5370
   -7.5000  -37.5000  -22.5000 2688.5515   10.3601
    0.0000  -37.5000  -22.5000 2697.7576   10.3802
    7.5000  -37.5000  -22.5000 2680.1716   10.5384
   -7.5000  -30.0000  -22.5000 2692.1968   10.4006
    0.0000  -30.0000  -22.5000 2703.4041   10.4067
    7.5000  -30.0000  -22.5000 2681.7720   10.5344
   -7.5000  -22.5000  -22.5000 2707.9556   10.4530
    0.0000  -22.5000  -22.5000 2716.0161   10.4363
    7.5000  -22.5000  -22.5000 2690.4468   10.5657
   -7.5000  -15.0000  -22.5000 2722.5547   10.5215
    0.0000  -15.0000  -22.5000 2730.6960   10.4930
    7.5000  -15.0000  -22.5000 2707.1335   10.6579
   -7.5000   -7.5000  -22.5000 2732.0349   10.5880
    0.0000   -7.5000  -22.5000 2741.2039   10.5668
    7.5000   -7.5000  -22.5000 2718.0029   10.7124
   -7.5000    0.0000  -22.5000 2743.8184   10.6733
    0.0000    0.0000  -22.5000 2749.4788   10.6530
    7.5000    0.0000  -22.5000 2729.2498   10.7789
   -7.5000    7.5000  -22.5000 2755.9722   10.7872
    0.0000    7.5000  -22.5000 2761.1765   10.7525
    7.5000    7.5000  -22.5000 2741.8630   10.8927
   -7.5000   15.0000  -22.5000 2757.6792   10.9504
    0.0000   15.0000  -22.5000 2763.1865   10.9180
    7.5000   15.0000  -22.5000 2735.0967   11.0651
   -7.5000   22.5000  -22.5000 2754.3313   11.2742
    0.0000   22.5000  -22.5000 2753.5471   11.2426
    7.5000   22.5000  -22.5000 2722.6685   11.3882
   -7.5000   30.0000  -22.5000 2730.0950   11.7465
    0.0000   30.0000  -22.5000 2737.6724   11.7290
    7.5000   30.0000  -22.5000 2696.4941   11.8846
   -7.5000   37.5000  -22.5000 2688.1021   12.3354
    0.0000   37.5000  -22.5000 2696.1746   12.3250
    7.5000   37.5000  -22.5000 2657.1946   12.4989
   -7.5000   45.0000  -22.5000 2622.8040   13.0669
    0.0000   45.0000  -22.5000 2629.4163   13.0572
    7.5000   45.0000  -22.5000 2591.3059   13.2242
   -7.5000  -45.0000  -15.0000 2735.4524   10.0172
    0.0000  -45.0000  -15.0000 2746.8735   10.0421
    7.5000  -45.0000  -15.0000 2728.7446   10.2631
   -7.5000  -37.5000  -15.0000 2733.6929   10.0482
    0.0000  -37.5000  -15.0000 2746.3022   10.0529
    7.5000  -37.5000  -15.0000 2725.5859   10.2303
   -7.5000  -30.0000  -15.0000 2732.8926   10.0497
    0.0000  -30.0000  -15.0000 2742.9211   10.0478
    7.5000  -30.0000  -15.0000 2726.3489   10.2092
   -7.5000  -22.5000  -15.0000 2748.3411   10.0688
    0.0000  -22.5000  -15.0000 2754.2175   10.0437
    7.5000  -22.5000  -15.0000 2734.7239   10.2203
   -7.5000  -15.0000  -15.0000 2764.5244   10.1076
    0.0000  -15.0000  -15.0000 2770.4473   10.0632
    7.5000  -15.0000  -15.0000 2752.2219   10.2472
   -7.5000   -7.5000  -15.0000 2777.6711   10.1541
    0.0000   -7.5000  -15.0000 2786.4299   10.1120
    7.5000   -7.5000  -15.0000 2769.7043   10.2852
   -7.5000    0.0000  -15.0000 2798.9805   10.2190
    0.0000    0.0000  -15.0000 2808.6758   10.1726
    7.5000    0.0000  -15.0000 2788.1709   10.3502
   -7.5000    7.5000  -15.0000 2822.5474   10.3174
    0.0000    7.5000  -15.0000 2829.4746   10.2758
    7.5000    7.5000  -15.0000 2806.7000   10.4465
   -7.5000   15.0000  -15.0000 2827.9602   10.4846
    0.0000   15.0000  -15.0000 2833.3311   10.4268
    7.5000   15.0000  -15.0000 2806.5679   10.6158
   -7.5000   22.5000  -15.0000 2838.9978   10.7697
    0.0000   22.5000  -15.0000 2840.2683   10.7230
    7.5000   22.5000  -15.0000 2806.1924   10.9152
   -7.5000   30.0000  -15.0000 2822.3669   11.2511
    0.0000   30.0000  -15.0000 2823.1384   11.2033
    7.5000   30.0000  -15.0000 2786.2866   11.3907
   -7.5000   37.5000  -15.0000 2776.3740   11.8275
    0.0000   37.5000  -15.0000 2779.4292   11.7881
    7.5000   37.5000  -15.0000 2745.2820   11.9668
   -7.5000   45.0000  -15.0000 2699.1621   12.4969
    0.0000   45.0000  -15.0000 2703.8606   12.4741
    7.5000   45.0000  -15.0000 2671.7302   12.6709
   -7.5000  -45.0000   -7.5000 2739.3184    9.8205
    0.0000  -45.0000   -7.5000 2752.7261    9.8424
    7.5000  -45.0000   -7.5000 2752.7256   10.0904
   -7.5000  -37.5000   -7.5000 2740.6521    9.8402
    0.0000  -37.5000   -7.5000 2753.3589    9.8488
    7.5000  -37.5000   -7.5000 2742.3037   10.0644
   -7.5000  -30.0000   -7.5000 2737.5325    9.8441
    0.0000  -30.0000   -7.5000 2752.1321    9.8421
    7.5000  -30.0000   -7.5000 2740.0923   10.0332
   -7.5000  -22.5000   -7.5000 2756.7529    9.8597
    0.0000  -22.5000   -7.5000 2764.3438    9.8298
    7.5000  -22.5000   -7.5000 2754.6958   10.0231
   -7.5000  -15.0000   -7.5000 2773.9380    9.8635
    0.0000  -15.0000   -7.5000 2780.3782    9.8268
    7.5000  -15.0000   -7.5000 2772.0537   10.0296
   -7.5000   -7.5000   -7.5000 2793.2871    9.8835
    0.0000   -7.5000   -7.5000 2801.2712    9.8364
    7.5000   -7.5000   -7.5000 2787.6653   10.0330
   -7.5000    0.0000   -7.5000 2827.9785    9.9404
    0.0000    0.0000   -7.5000 2836.0312    9.8904
    7.5000    0.0000   -7.5000 2821.0425   10.0909
   -7.5000    7.5000   -7.5000 2863.4509   10.0544
    0.0000    7.5000   -7.5000 2873.4243    9.9904
    7.5000    7.5000   -7.5000 2853.1018   10.1889
   -7.5000   15.0000   -7.5000 2887.1833   10.2515
    0.0000   15.0000   -7.5000 2898.5459   10.1599
    7.5000   15.0000   -7.5000 2869.5940   10.3592
   -7.5000   22.5000   -7.5000 2907.6130   10.4608
    0.0000   22.5000   -7.5000 2910.3123   10.3684
    7.5000   22.5000   -7.5000 2870.8188   10.6180
   -7.5000   30.0000   -7.5000 2896.5737   10.8898
    0.0000   30.0000   -7.5000 2892.6018   10.8116
    7.5000   30.0000   -7.5000 2853.9688   11.0397
   -7.5000   37.5000   -7.5000 2841.7891   11.4298
    0.0000   37.5000   -7.5000 2840.5715   11.3553
    7.5000   37.5000   -7.5000 2805.9226   11.5738
   -7.5000   45.0000   -7.5000 2760.2429   12.0488
    0.0000   45.0000   -7.5000 2765.6138   11.9847
    7.5000   45.0000   -7.5000 2732.9871   12.2334
   -7.5000  -45.0000    0.0000 2727.3093    9.8354
    0.0000  -45.0000    0.0000 2735.6592    9.8282
    7.5000  -45.0000    0.0000 2745.6707   10.0525
   -7.5000  -37.5000    0.0000 2723.6785    9.8529
    0.0000  -37.5000    0.0000 2736.4102    9.8325
    7.5000  -37.5000    0.0000 2743.3831   10.0320
   -7.5000  -30.0000    0.0000 2722.8208    9.8554
    0.0000  -30.0000    0.0000 2737.0884    9.8273
    7.5000  -30.0000    0.0000 2741.9124   10.0169
   -7.5000  -22.5000    0.0000 2747.5872    9.8550
    0.0000  -22.5000    0.0000 2754.2202    9.8252
    7.5000  -22.5000    0.0000 2756.0122    9.9982
   -7.5000  -15.0000    0.0000 2765.3828    9.8525
    0.0000  -15.0000    0.0000 2774.6091    9.8315
    7.5000  -15.0000    0.0000 2770.8420    9.9869
   -7.5000   -7.5000    0.0000 2796.2192    9.8639
    0.0000   -7.5000    0.0000 2803.7192    9.8287
    7.5000   -7.5000    0.0000 2793.8083    9.9780
   -7.5000    0.0000    0.0000 2844.2283    9.9207
    0.0000    0.0000    0.0000 2849.8889    9.8649
    7.5000    0.0000    0.0000 2836.2471   10.0103
   -7.5000    7.5000    0.0000 2893.6360   10.0612
    0.0000    7.5000    0.0000 2900.4263    9.9991
    7.5000    7.5000    0.0000 2879.3613   10.1121
   -7.5000   15.0000    0.0000 2939.4517   10.3099
    0.0000   15.0000    0.0000 2950.7424   10.2121
    7.5000   15.0000    0.0000 2913.5896   10.2944
   -7.5000   22.5000    0.0000 2971.9946   10.4570
    0.0000   22.5000    0.0000 2975.3308   10.3527
    7.5000   22.5000    0.0000 2922.5688   10.5234
   -7.5000   30.0000    0.0000 2956.5596   10.7432
    0.0000   30.0000    0.0000 2952.3894   10.6183
    7.5000   30.0000    0.0000 2901.4666   10.8088
   -7.5000   37.5000    0.0000 2885.9333   11.1720
    0.0000   37.5000    0.0000 2881.4841   11.0954
    7.5000   37.5000    0.0000 2838.2456   11.2798
   -7.5000   45.0000    0.0000 2794.5356   11.7796
    0.0000   45.0000    0.0000 2797.2659   11.7176
    7.5000   45.0000    0.0000 2758.4265   11.9295
   -7.5000  -45.0000    7.5000 2716.1292   10.0805
    0.0000  -45.0000    7.5000 2718.0059   10.0440
    7.5000  -45.0000    7.5000 2726.2981   10.1859
   -7.5000  -37.5000    7.5000 2715.1860   10.0992
    0.0000  -37.5000    7.5000 2720.0452   10.0620
    7.5000  -37.5000    7.5000 2728.8730   10.1824
   -7.5000  -30.0000    7.5000 2722.2026   10.0990
    0.0000  -30.0000    7.5000 2729.9485   10.0564
    7.5000  -30.0000    7.5000 2734.1985   10.1617
   -7.5000  -22.5000    7.5000 2746.9651   10.0596
    0.0000  -22.5000    7.5000 2751.3262   10.0338
    7.5000  -22.5000    7.5000 2748.0864   10.1177
   -7.5000  -15.0000    7.5000 2764.7422   10.0474
    0.0000  -15.0000    7.5000 2769.5854   10.0222
    7.5000  -15.0000    7.5000 2761.6409   10.0802
   -7.5000   -7.5000    7.5000 2805.4053   10.0296
    0.0000   -7.5000    7.5000 2806.2722   10.0107
    7.5000   -7.5000    7.5000 2787.2336   10.0320
   -7.5000    0.0000    7.5000 2857.2107   10.0575
    0.0000    0.0000    7.5000 2857.4617   10.0311
    7.5000    0.0000    7.5000 2829.5999   10.0461
   -7.5000    7.5000    7.5000 2910.5256   10.1906
    0.0000    7.5000    7.5000 2916.4456   10.1711
    7.5000    7.5000    7.5000 2877.7844   10.1367
   -7.5000   15.0000    7.5000 2964.1614   10.3961
    0.0000   15.0000    7.5000 2977.4238   10.3869
    7.5000   15.0000    7.5000 2920.3044   10.2861
   -7.5000   22.5000    7.5000 2994.1824   10.5265
    0.0000   22.5000    7.5000 3006.4851   10.5277
    7.5000   22.5000    7.5000 2931.4937   10.4898
   -7.5000   30.0000    7.5000 2974.3938   10.6515
    0.0000   30.0000    7.5000 2975.8701   10.6336
    7.5000   30.0000    7.5000 2909.3247   10.7756
   -7.5000   37.5000    7.5000 2908.5486   11.0172
    0.0000   37.5000    7.5000 2903.6318   10.9910
    7.5000   37.5000    7.5000 2851.4607   11.1760
   -7.5000   45.0000    7.5000 2806.5378   11.6655
    0.0000   45.0000    7.5000 2803.7463   11.6169
    7.5000   45.0000    7.5000 2765.6643   11.7995
   -7.5000  -45.0000   15.0000 2683.4282   10.4950
    0.0000  -45.0000   15.0000 2685.1802   10.4670
    7.5000  -45.0000   15.0000 2684.8884   10.5271
   -7.5000  -37.5000   15.0000 2694.9211   10.5163
    0.0000  -37.5000   15.0000 2699.0730   10.4915
    7.5000  -37.5000   15.0000 2692.8606   10.5264
   -7.5000  -30.0000   15.0000 2710.6033   10.4655
    0.0000  -30.0000   15.0000 2714.1040   10.4529
    7.5000  -30.0000   15.0000 2701.4038   10.4653
   -7.5000  -22.5000   15.0000 2735.4495   10.4152
    0.0000  -22.5000   15.0000 2737.1909   10.3933
    7.5000  -22.5000   15.0000 2721.4480   10.4060
   -7.5000  -15.0000   15.0000 2754.4771   10.3701
    0.0000  -15.0000   15.0000 2757.5762   10.3560
    7.5000  -15.0000   15.0000 2737.5671   10.3460
   -7.5000   -7.5000   15.0000 2794.7314   10.3047
    0.0000   -7.5000   15.0000 2797.3843   10.3106
    7.5000   -7.5000   15.0000 2768.7607   10.2918
   -7.5000    0.0000   15.0000 2839.4702   10.2909
    0.0000    0.0000   15.0000 2844.3616   10.3073
    7.5000    0.0000   15.0000 2808.1716   10.2698
   -7.5000    7.5000   15.0000 2891.2515   10.3793
    0.0000    7.5000   15.0000 2900.4888   10.3879
    7.5000    7.5000   15.0000 2855.9622   10.3235
   -7.5000   15.0000   15.0000 2945.0564   10.4410
    0.0000   15.0000   15.0000 2956.4939   10.4563
    7.5000   15.0000   15.0000 2897.0801   10.4021
   -7.5000   22.5000   15.0000 2970.6426   10.4462
    0.0000   22.5000   15.0000 2982.8994   10.4964
    7.5000   22.5000   15.0000 2910.0127   10.5539
   -7.5000   30.0000   15.0000 2952.4392   10.6766
    0.0000   30.0000   15.0000 2957.4312   10.7221
    7.5000   30.0000   15.0000 2890.9341   10.8909
   -7.5000   37.5000   15.0000 2893.8965   11.1612
    0.0000   37.5000   15.0000 2892.3389   11.1907
    7.5000   37.5000   15.0000 2832.1672   11.3543
   -7.5000   45.0000   15.0000 2788.5015   11.8577
    0.0000   45.0000   15.0000 2785.5430   11.8445
    7.5000   45.0000   15.0000 2741.3057   12.0013
   -7.5000  -45.0000   22.5000 2641.6946   11.0017
    0.0000  -45.0000   22.5000 2646.5244   10.9776
    7.5000  -45.0000   22.5000 2644.3665   11.0287
   -7.5000  -37.5000   22.5000 2654.4202   10.9667
    0.0000  -37.5000   22.5000 2656.7698   10.9586
    7.5000  -37.5000   22.5000 2650.8040   10.9861
   -7.5000  -30.0000   22.5000 2673.7439   10.8620
    0.0000  -30.0000   22.5000 2680.6326   10.8708
    7.5000  -30.0000   22.5000 2671.2905   10.9024
   -7.5000  -22.5000   22.5000 2698.7727   10.7413
    0.0000  -22.5000   22.5000 2706.7297   10.7492
    7.5000  -22.5000   22.5000 2695.9043   10.7909
   -7.5000  -15.0000   22.5000 2724.5396   10.6735
    0.0000  -15.0000   22.5000 2729.3120   10.6684
    7.5000  -15.0000   22.5000 2711.6890   10.7212
   -7.5000   -7.5000   22.5000 2762.5022   10.5909
    0.0000   -7.5000   22.5000 2764.0562   10.5854
    7.5000   -7.5000   22.5000 2744.2957   10.6295
   -7.5000    0.0000   22.5000 2810.3096   10.5638
    0.0000    0.0000   22.5000 2809.7341   10.5618
    7.5000    0.0000   22.5000 2786.6902   10.6180
   -7.5000    7.5000   22.5000 2859.5872   10.6025
    0.0000    7.5000   22.5000 2862.1870   10.6133
    7.5000    7.5000   22.5000 2835.7117   10.6488
   -7.5000   15.0000   22.5000 2900.9304   10.6006
    0.0000   15.0000   22.5000 2906.2273   10.6056
    7.5000   15.0000   22.5000 2868.9497   10.6991
   -7.5000   22.5000   22.5000 2918.3728   10.6200
    0.0000   22.5000   22.5000 2927.1216   10.6311
    7.5000   22.5000   22.5000 2876.9822   10.8602
   -7.5000   30.0000   22.5000 2904.0874   10.9447
    0.0000   30.0000   22.5000 2907.6465   10.9297
    7.5000   30.0000   22.5000 2856.3894   11.1976
   -7.5000   37.5000   22.5000 2846.8184   11.4914
    0.0000   37.5000   22.5000 2850.8105   11.4685
    7.5000   37.5000   22.5000 2799.0659   11.6945
   -7.5000   45.0000   22.5000 2750.8381   12.2014
    0.0000   45.0000   22.5000 2747.7468   12.1781
    7.5000   45.0000   22.5000 2705.4761   12.3549
   -7.5000  -45.0000   30.0000 2572.8525   11.4675
    0.0000  -45.0000   30.0000 2578.0659   11.4417
    7.5000  -45.0000   30.0000 2583.7729   11.5449
   -7.5000  -37.5000   30.0000 2586.3091   11.3988
    0.0000  -37.5000   30.0000 2591.8450   11.3931
    7.5000  -37.5000   30.0000 2595.5530   11.4866
   -7.5000  -30.0000   30.0000 2609.1912   11.2931
    0.0000  -30.0000   30.0000 2611.6582   11.2760
    7.5000  -30.0000   30.0000 2615.4727   11.3723
   -7.5000  -22.5000   30.0000 2638.8232   11.1311
    0.0000  -22.5000   30.0000 2641.9004   11.1092
    7.5000  -22.5000   30.0000 2640.9902   11.2420
   -7.5000  -15.0000   30.0000 2672.1128   11.0221
    0.0000  -15.0000   30.0000 2673.5723   10.9980
    7.5000  -15.0000   30.0000 2666.0586   11.1460
   -7.5000   -7.5000   30.0000 2718.7827   10.9449
    0.0000   -7.5000   30.0000 2720.7649   10.9208
    7.5000   -7.5000   30.0000 2704.2292   11.0741
   -7.5000    0.0000   30.0000 2763.3896   10.9072
    0.0000    0.0000   30.0000 2765.6260   10.8792
    7.5000    0.0000   30.0000 2742.4993   11.0500
   -7.5000    7.5000   30.0000 2806.1118   10.9177
    0.0000    7.5000   30.0000 2810.7812   10.9041
    7.5000    7.5000   30.0000 2786.5977   11.0509
   -7.5000   15.0000   30.0000 2834.4226   10.9199
    0.0000   15.0000   30.0000 2841.1956   10.8943
    7.5000   15.0000   30.0000 2807.5564   11.1316
   -7.5000   22.5000   30.0000 2849.2131   10.9901
    0.0000   22.5000   30.0000 2849.5383   10.9827
    7.5000   22.5000   30.0000 2811.8455   11.2894
   -7.5000   30.0000   30.0000 2833.9082   11.3694
    0.0000   30.0000   30.0000 2832.0249   11.3404
    7.5000   30.0000   30.0000 2791.8459   11.6317
   -7.5000   37.5000   30.0000 2778.5239   11.9734
    0.0000   37.5000   30.0000 2777.2744   11.9178
    7.5000   37.5000   30.0000 2735.5972   12.1688
   -7.5000   45.0000   30.0000 2690.3176   12.7062
    0.0000   45.0000   30.0000 2688.8013   12.6493
    7.5000   45.0000   30.0000 2648.5813   12.8771
   -7.5000  -45.0000   37.5000 2502.6863   11.9985
    0.0000  -45.0000   37.5000 2505.8472   11.9743
    7.5000  -45.0000   37.5000 2522.4253   12.1469
   -7.5000  -37.5000   37.5000 2523.3940   11.9251
    0.0000  -37.5000   37.5000 2529.8518   11.9111
    7.5000  -37.5000   37.5000 2537.9963   12.0680
   -7.5000  -30.0000   37.5000 2547.6743   11.8149
    0.0000  -30.0000   37.5000 2553.0410   11.7788
    7.5000  -30.0000   37.5000 2559.1187   11.9481
   -7.5000  -22.5000   37.5000 2576.4773   11.6353
    0.0000  -22.5000   37.5000 2583.3657   11.5901
    7.5000  -22.5000   37.5000 2587.4067   11.7805
   -7.5000  -15.0000   37.5000 2617.0107   11.4882
    0.0000  -15.0000   37.5000 2623.7336   11.4645
    7.5000  -15.0000   37.5000 2614.5176   11.6799
   -7.5000   -7.5000   37.5000 2669.3328   11.3865
    0.0000   -7.5000   37.5000 2672.6248   11.3692
    7.5000   -7.5000   37.5000 2655.0366   11.5969
   -7.5000    0.0000   37.5000 2710.2925   11.3552
    0.0000    0.0000   37.5000 2712.3245   11.3180
    7.5000    0.0000   37.5000 2685.7246   11.5642
   -7.5000    7.5000   37.5000 2745.7004   11.3923
    0.0000    7.5000   37.5000 2750.4778   11.3513
    7.5000    7.5000   37.5000 2720.2686   11.6002
   -7.5000   15.0000   37.5000 2761.7244   11.4326
    0.0000   15.0000   37.5000 2765.4780   11.3967
    7.5000   15.0000   37.5000 2731.7407   11.6963
   -7.5000   22.5000   37.5000 2766.4717   11.5691
    0.0000   22.5000   37.5000 2764.1143   11.5630
    7.5000   22.5000   37.5000 2735.1003   11.8848
   -7.5000   30.0000   37.5000 2744.8137   11.9748
    0.0000   30.0000   37.5000 2744.9790   11.9377
    7.5000   30.0000   37.5000 2714.1555   12.2487
   -7.5000   37.5000   37.5000 2694.8987   12.5821
    0.0000   37.5000   37.5000 2693.7512   12.5142
    7.5000   37.5000   37.5000 2660.4202   12.7963
   -7.5000   45.0000   37.5000 2616.7354   13.3197
    0.0000   45.0000   37.5000 2611.3875   13.2459
    7.5000   45.0000   37.5000 2580.6045   13.5224
   -7.5000  -45.0000   45.0000 2450.9604   12.5865
    0.0000  -45.0000   45.0000 2453.8726   12.5509
    7.5000  -45.0000   45.0000 2469.2290   12.8342
   -7.5000  -37.5000   45.0000 2472.5845   12.4935
    0.0000  -37.5000   45.0000 2477.5464   12.4733
    7.5000  -37.5000   45.0000 2492.4963   12.7102
   -7.5000  -30.0000   45.0000 2498.7512   12.3358
    0.0000  -30.0000   45.0000 2505.7783   12.3395
    7.5000  -30.0000   45.0000 2512.1382   12.5626
   -7.5000  -22.5000   45.0000 2523.7463   12.1530
    0.0000  -22.5000   45.0000 2532.0681   12.1302
    7.5000  -22.5000   45.0000 2538.0120   12.4012
   -7.5000  -15.0000   45.0000 2563.0544   12.0166
    0.0000  -15.0000   45.0000 2568.6301   11.9873
    7.5000  -15.0000   45.0000 2566.7114   12.2742
   -7.5000   -7.5000   45.0000 2609.9875   11.9164
    0.0000   -7.5000   45.0000 2614.2087   11.8933
    7.5000   -7.5000   45.0000 2601.4558   12.1710
   -7.5000    0.0000   45.0000 2646.3467   11.9058
    0.0000    0.0000   45.0000 2648.2822   11.8823
    7.5000    0.0000   45.0000 2631.9902   12.1658
   -7.5000    7.5000   45.0000 2675.5232   11.9600
    0.0000    7.5000   45.0000 2676.6536   11.9391
    7.5000    7.5000   45.0000 2653.0359   12.2378
   -7.5000   15.0000   45.0000 2683.8291   12.0841
    0.0000   15.0000   45.0000 2682.4539   12.0512
    7.5000   15.0000   45.0000 2656.8882   12.3849
   -7.5000   22.5000   45.0000 2679.5828   12.3190
    0.0000   22.5000   45.0000 2676.2627   12.2935
    7.5000   22.5000   45.0000 2650.8076   12.6355
   -7.5000   30.0000   45.0000 2651.6504   12.7389
    0.0000   30.0000   45.0000 2652.1895   12.7124
    7.5000   30.0000   45.0000 2622.6287   13.0487
   -7.5000   37.5000   45.0000 2608.2629   13.3142
    0.0000   37.5000   45.0000 2604.6785   13.2667
    7.5000   37.5000   45.0000 2575.7305   13.5982
   -7.5000   45.0000   45.0000 2538.5725   14.0469
    0.0000   45.0000   45.0000 2531.6433   13.9963
    7.5000   45.0000   45.0000 2504.2820   14.2959

---------------------------------------------------------------------
imgreg_4dfp /opt/freesurfer/average/711-2C_as_mni_average_305 /opt/freesurfer/average/711-2B_as_mni_average_305_mask talsrcimg_g11 none talsrcimg_to_711-2C_as_mni_average_305_t4 1283
---------------------------------------------------------------------

freesurfer imgreg_4dfp.c
/opt/freesurfer/average/711-2C_as_mni_average_305.4dfp.img
       256       256       256         1
  1.000000  1.000000  1.000000
orientation T byte_order littleendian
Reading image: /opt/freesurfer/average/711-2C_as_mni_average_305.4dfp.img
dimensions:      256       256       256
mmppix:       1.0000   -1.0000   -1.0000
center:     128.0000 -129.0000 -129.0000
/opt/freesurfer/average/711-2B_as_mni_average_305_mask.4dfp.img
       256       256       256         1
  1.000000  1.000000  1.000000
orientation T byte_order littleendian
Reading mask: /opt/freesurfer/average/711-2B_as_mni_average_305_mask.4dfp.img (2306576 pixels)
talsrcimg_g11.4dfp.img
       256       256       256         1
  1.000000  1.000000  1.000000
orientation T byte_order littleendian
Reading image: talsrcimg_g11.4dfp.img
dimensions:      256       256       256
mmppix:       1.0000   -1.0000   -1.0000
center:     128.0000 -129.0000 -129.0000
rotation matrix determinant  1.000000
fimgreg.f
image alignment mode   1283 decimal      503 hex
parameters
    0.0000   22.5000    7.5000    0.0000    0.0000    0.0000
eta,q 0.94453 10.59571
niter,ni,del,rscale     5    3   12.0000    1.2000
parameter  1  0.502477 ->  0.500000 qaram    1.1500
parameters
   -3.4500   23.3580    7.3739   -2.8301    2.2264   -0.4284
eta,q 0.95039 10.57112
  0.0558  0.0597  0.0609  0.0515  0.0608  0.0539
  0.0524  0.0565  0.0561  0.0506  0.0570  0.0520
  0.0523  0.0544  0.0521  0.0504  0.0531  0.0504
  0.0553  0.0518  0.0510  0.0510  0.0504  0.0495
  0.0608  0.0507  0.0529  0.0531  0.0495  0.0504
  0.0682  0.0531  0.0568  0.0561  0.0503  0.0528
  0.0767  0.0573  0.0614  0.0591  0.0524  0.0555
niter,ni,del,rscale     5    3   12.0000    1.2000
parameters
   -3.8310   25.2332    6.4725   -5.5587    2.5804   -0.8770
eta,q 0.95340 10.50288
  0.0662  0.0598  0.0559  0.0476  0.0566  0.0513
  0.0570  0.0563  0.0505  0.0465  0.0513  0.0487
  0.0513  0.0526  0.0473  0.0465  0.0476  0.0473
  0.0496  0.0496  0.0482  0.0473  0.0465  0.0465
  0.0536  0.0481  0.0512  0.0492  0.0474  0.0471
  0.0606  0.0490  0.0554  0.0526  0.0502  0.0497
  0.0690  0.0529  0.0609  0.0577  0.0541  0.0535
niter,ni,del,rscale     4    3   12.0000    1.2000
parameters
   -3.8249   25.9652    5.1972   -6.8843    2.5197   -0.8086
eta,q 0.95575 10.44673
  0.0666  0.0575  0.0527  0.0483  0.0546  0.0512
  0.0569  0.0530  0.0464  0.0460  0.0493  0.0479
  0.0496  0.0490  0.0441  0.0445  0.0453  0.0456
  0.0466  0.0466  0.0462  0.0445  0.0443  0.0443
  0.0492  0.0461  0.0495  0.0465  0.0462  0.0448
  0.0573  0.0486  0.0540  0.0498  0.0501  0.0474
  0.0664  0.0543  0.0590  0.0539  0.0544  0.0512
niter,ni,del,rscale     3    3   12.0000    1.2000
parameters
   -3.7218   26.4353    4.8665   -7.6050    2.3671   -0.6607
eta,q 0.95617 10.43279
  0.0666  0.0560  0.0552  0.0488  0.0537  0.0512
  0.0561  0.0511  0.0481  0.0465  0.0489  0.0479
  0.0472  0.0468  0.0438  0.0446  0.0451  0.0453
  0.0443  0.0443  0.0441  0.0437  0.0439  0.0439
  0.0477  0.0444  0.0469  0.0450  0.0458  0.0445
  0.0558  0.0480  0.0510  0.0483  0.0498  0.0471
  0.0647  0.0537  0.0562  0.0525  0.0544  0.0510
niter,ni,del,rscale     2    3   12.0000    1.2000
parameters
   -3.6606   26.7401    4.7121   -8.0422    2.2581   -0.5630
eta,q 0.95625 10.42927
  0.0664  0.0551  0.0555  0.0490  0.0535  0.0513
  0.0553  0.0504  0.0484  0.0468  0.0490  0.0480
  0.0464  0.0463  0.0439  0.0448  0.0451  0.0453
  0.0438  0.0439  0.0437  0.0436  0.0438  0.0438
  0.0477  0.0441  0.0462  0.0443  0.0455  0.0445
  0.0556  0.0483  0.0503  0.0474  0.0495  0.0473
  0.0646  0.0539  0.0553  0.0517  0.0541  0.0513
niter,ni,del,rscale     1    3   12.0000    1.2000
parameters
   -3.6386   26.9221    4.6323   -8.3031    2.2004   -0.5088
eta,q 0.95629 10.42897
  0.0661  0.0545  0.0555  0.0491  0.0535  0.0514
  0.0549  0.0500  0.0484  0.0469  0.0491  0.0481
  0.0461  0.0461  0.0441  0.0450  0.0452  0.0453
  0.0437  0.0438  0.0437  0.0436  0.0437  0.0437
  0.0478  0.0442  0.0459  0.0440  0.0453  0.0446
  0.0555  0.0486  0.0500  0.0469  0.0492  0.0475
  0.0648  0.0541  0.0548  0.0513  0.0539  0.0516
registration optimization eta report
parameter search radius
    6.9000    6.0000    6.0000    6.0000    6.0000    6.0000
100000*second partial in parameter space
       45.       29.       32.       18.       27.       21.
  0.0661  0.0545  0.0555  0.0491  0.0535  0.0514
  0.0549  0.0500  0.0484  0.0469  0.0491  0.0481
  0.0461  0.0461  0.0441  0.0450  0.0452  0.0453
  0.0437  0.0438  0.0437  0.0436  0.0437  0.0437
  0.0478  0.0442  0.0459  0.0440  0.0453  0.0446
  0.0555  0.0486  0.0500  0.0469  0.0492  0.0475
  0.0648  0.0541  0.0548  0.0513  0.0539  0.0516
   -3.6386   26.9221    4.6323   -8.3031    2.2004   -0.5088
eta,q 0.95629 10.42897

---------------------------------------------------------------------
imgreg_4dfp /opt/freesurfer/average/711-2C_as_mni_average_305 /opt/freesurfer/average/711-2B_as_mni_average_305_mask talsrcimg_g11 none talsrcimg_to_711-2C_as_mni_average_305_t4 3335
---------------------------------------------------------------------

freesurfer imgreg_4dfp.c
/opt/freesurfer/average/711-2C_as_mni_average_305.4dfp.img
       256       256       256         1
  1.000000  1.000000  1.000000
orientation T byte_order littleendian
Reading image: /opt/freesurfer/average/711-2C_as_mni_average_305.4dfp.img
dimensions:      256       256       256
mmppix:       1.0000   -1.0000   -1.0000
center:     128.0000 -129.0000 -129.0000
/opt/freesurfer/average/711-2B_as_mni_average_305_mask.4dfp.img
       256       256       256         1
  1.000000  1.000000  1.000000
orientation T byte_order littleendian
Reading mask: /opt/freesurfer/average/711-2B_as_mni_average_305_mask.4dfp.img (2306576 pixels)
talsrcimg_g11.4dfp.img
       256       256       256         1
  1.000000  1.000000  1.000000
orientation T byte_order littleendian
Reading image: talsrcimg_g11.4dfp.img
dimensions:      256       256       256
mmppix:       1.0000   -1.0000   -1.0000
center:     128.0000 -129.0000 -129.0000
fimgreg.f
image alignment mode   3335 decimal      D07 hex
parameters
   -3.6386   26.9221    4.6323   -0.0777   -1.0570   -1.1212
    1.4331   -3.6709   -0.8873   14.4741    3.8395  -14.4303
eta,q 0.95676 10.54534
niter,ni,del,rscale     5    3    5.0000    1.2000
parameter  4  1.802610 ->  0.500000 qaram    1.1500
parameter  5  3.379637 ->  0.500000 qaram    1.1500
parameter  6  0.663838 ->  0.500000 qaram    1.1500
parameters
   -3.7634   27.4636    4.5141   -4.2177   -5.1970   -5.2612
    2.1819   -3.4272    0.0848   14.2030    2.2112  -13.9537
eta,q 0.96940 10.43644
  0.0459  0.0457  0.0449  0.0363  0.0300  0.0308  0.0343  0.0370  0.0336  0.0340  0.0316  0.0323
  0.0443  0.0445  0.0438  0.0372  0.0319  0.0307  0.0326  0.0338  0.0322  0.0321  0.0309  0.0314
  0.0434  0.0437  0.0432  0.0396  0.0346  0.0311  0.0313  0.0316  0.0312  0.0310  0.0306  0.0308
  0.0432  0.0432  0.0431  0.0431  0.0377  0.0326  0.0308  0.0307  0.0307  0.0307  0.0307  0.0306
  0.0437  0.0431  0.0434  0.0472  0.0413  0.0357  0.0309  0.0313  0.0308  0.0311  0.0311  0.0307
  0.0448  0.0435  0.0441  0.0513  0.0448  0.0406  0.0317  0.0332  0.0313  0.0324  0.0319  0.0311
  0.0464  0.0442  0.0452  0.0554  0.0483  0.0458  0.0331  0.0362  0.0324  0.0346  0.0331  0.0319
niter,ni,del,rscale     7    3    5.0000    1.2000
parameter  3  0.535798 ->  0.500000 qaram    1.1500
parameter  5  0.947387 ->  0.500000 qaram    1.3225
parameters
   -3.6801   27.4962    3.1341   -7.5168   -9.9580   -7.7341
    1.8368   -3.2011   -0.1224   14.6803    3.1047  -15.5231
eta,q 0.97251 10.11897
  0.0349  0.0332  0.0305  0.0313  0.0269  0.0285  0.0296  0.0322  0.0292  0.0303  0.0283  0.0281
  0.0327  0.0318  0.0301  0.0303  0.0273  0.0278  0.0284  0.0296  0.0283  0.0289  0.0279  0.0277
  0.0312  0.0309  0.0301  0.0296  0.0280  0.0276  0.0278  0.0281  0.0278  0.0280  0.0277  0.0275
  0.0306  0.0306  0.0306  0.0300  0.0296  0.0274  0.0276  0.0276  0.0276  0.0276  0.0276  0.0275
  0.0310  0.0308  0.0315  0.0324  0.0320  0.0279  0.0279  0.0279  0.0278  0.0277  0.0275  0.0278
  0.0322  0.0316  0.0326  0.0363  0.0350  0.0301  0.0287  0.0293  0.0284  0.0285  0.0277  0.0284
  0.0344  0.0331  0.0341  0.0408  0.0385  0.0348  0.0300  0.0316  0.0294  0.0297  0.0280  0.0291
niter,ni,del,rscale     7    3    5.0000    1.2000
parameters
   -3.5294   27.9459    3.1701   -8.1586  -14.6951   -8.0655
    1.5599   -3.2209   -1.0829   14.9125    4.4095  -16.4519
eta,q 0.97339  9.85951
  0.0310  0.0308  0.0290  0.0295  0.0275  0.0284  0.0289  0.0306  0.0281  0.0291  0.0274  0.0275
  0.0292  0.0292  0.0281  0.0286  0.0267  0.0273  0.0277  0.0284  0.0273  0.0276  0.0271  0.0270
  0.0280  0.0281  0.0276  0.0280  0.0268  0.0268  0.0269  0.0271  0.0268  0.0268  0.0268  0.0267
  0.0275  0.0275  0.0274  0.0274  0.0275  0.0267  0.0267  0.0267  0.0267  0.0267  0.0267  0.0266
  0.0277  0.0274  0.0275  0.0272  0.0288  0.0267  0.0271  0.0271  0.0271  0.0270  0.0266  0.0269
  0.0286  0.0279  0.0281  0.0285  0.0311  0.0271  0.0279  0.0284  0.0280  0.0277  0.0267  0.0274
  0.0302  0.0291  0.0290  0.0313  0.0342  0.0290  0.0292  0.0307  0.0291  0.0286  0.0271  0.0281
niter,ni,del,rscale     6    3    5.0000    1.2000
parameters
   -3.5046   28.3082    3.4503   -8.6369  -15.4465   -8.1791
    1.5359   -3.2566   -1.5405   15.0924    4.7417  -16.6274
eta,q 0.97343  9.79618
  0.0297  0.0299  0.0286  0.0285  0.0293  0.0283  0.0290  0.0303  0.0283  0.0289  0.0272  0.0277
  0.0281  0.0283  0.0275  0.0275  0.0277  0.0271  0.0277  0.0282  0.0273  0.0275  0.0269  0.0271
  0.0270  0.0271  0.0269  0.0270  0.0267  0.0266  0.0268  0.0270  0.0267  0.0267  0.0267  0.0267
  0.0266  0.0266  0.0266  0.0266  0.0266  0.0266  0.0266  0.0266  0.0266  0.0266  0.0266  0.0266
  0.0269  0.0267  0.0267  0.0265  0.0272  0.0266  0.0269  0.0269  0.0269  0.0269  0.0266  0.0267
  0.0279  0.0273  0.0271  0.0274  0.0283  0.0271  0.0278  0.0282  0.0277  0.0276  0.0268  0.0272
  0.0296  0.0284  0.0279  0.0297  0.0303  0.0285  0.0290  0.0305  0.0288  0.0284  0.0272  0.0278
niter,ni,del,rscale     5    3    5.0000    1.2000
parameters
   -3.4965   28.4651    3.3996   -8.6914  -15.7002   -8.3983
    1.5767   -3.2498   -1.7285   15.2447    5.0002  -16.7412
eta,q 0.97344  9.77333
  0.0296  0.0294  0.0281  0.0287  0.0295  0.0283  0.0291  0.0303  0.0284  0.0288  0.0272  0.0277
  0.0280  0.0279  0.0272  0.0276  0.0279  0.0271  0.0277  0.0283  0.0274  0.0274  0.0269  0.0271
  0.0269  0.0269  0.0267  0.0270  0.0268  0.0266  0.0269  0.0270  0.0268  0.0266  0.0267  0.0267
  0.0266  0.0266  0.0266  0.0266  0.0266  0.0266  0.0266  0.0266  0.0266  0.0266  0.0266  0.0266
  0.0269  0.0268  0.0268  0.0264  0.0271  0.0267  0.0269  0.0269  0.0268  0.0269  0.0266  0.0267
  0.0279  0.0275  0.0273  0.0272  0.0281  0.0271  0.0277  0.0282  0.0275  0.0276  0.0268  0.0271
  0.0296  0.0287  0.0282  0.0292  0.0298  0.0285  0.0290  0.0304  0.0286  0.0284  0.0272  0.0278
niter,ni,del,rscale     4    3    5.0000    1.2000
parameters
   -3.4879   28.5528    3.3514   -8.7592  -15.8563   -8.5022
    1.5924   -3.2446   -1.8621   15.3915    5.1913  -16.7994
eta,q 0.97343  9.75934
  0.0296  0.0292  0.0281  0.0287  0.0296  0.0284  0.0291  0.0303  0.0284  0.0288  0.0272  0.0277
  0.0280  0.0277  0.0272  0.0276  0.0279  0.0271  0.0277  0.0283  0.0274  0.0274  0.0269  0.0271
  0.0269  0.0269  0.0267  0.0270  0.0268  0.0266  0.0269  0.0271  0.0268  0.0266  0.0267  0.0267
  0.0266  0.0266  0.0266  0.0266  0.0266  0.0266  0.0266  0.0266  0.0266  0.0266  0.0266  0.0266
  0.0269  0.0268  0.0268  0.0265  0.0271  0.0267  0.0269  0.0269  0.0268  0.0269  0.0266  0.0267
  0.0279  0.0276  0.0273  0.0272  0.0280  0.0272  0.0277  0.0282  0.0275  0.0275  0.0268  0.0271
  0.0296  0.0288  0.0282  0.0292  0.0297  0.0285  0.0290  0.0304  0.0286  0.0283  0.0272  0.0278
niter,ni,del,rscale     3    3    5.0000    1.2000
parameters
   -3.4823   28.6119    3.3026   -8.7967  -15.9660   -8.6031
    1.6086   -3.2431   -1.9670   15.4912    5.3530  -16.8252
eta,q 0.97343  9.74861
  0.0296  0.0291  0.0281  0.0287  0.0296  0.0284  0.0291  0.0302  0.0284  0.0287  0.0272  0.0278
  0.0280  0.0277  0.0272  0.0276  0.0280  0.0272  0.0277  0.0283  0.0274  0.0273  0.0269  0.0271
  0.0269  0.0268  0.0267  0.0270  0.0269  0.0266  0.0269  0.0271  0.0268  0.0266  0.0267  0.0267
  0.0266  0.0266  0.0266  0.0266  0.0266  0.0266  0.0266  0.0266  0.0266  0.0266  0.0266  0.0266
  0.0269  0.0268  0.0268  0.0265  0.0271  0.0267  0.0269  0.0269  0.0268  0.0269  0.0266  0.0267
  0.0279  0.0276  0.0273  0.0272  0.0280  0.0272  0.0277  0.0282  0.0275  0.0275  0.0268  0.0271
  0.0296  0.0288  0.0282  0.0292  0.0297  0.0285  0.0290  0.0304  0.0285  0.0283  0.0272  0.0278
niter,ni,del,rscale     2    3    5.0000    1.2000
parameters
   -3.4776   28.6564    3.2668   -8.8327  -16.0585   -8.6885
    1.6223   -3.2373   -2.0504   15.5651    5.4714  -16.8529
eta,q 0.97343  9.73912
  0.0296  0.0291  0.0282  0.0287  0.0296  0.0284  0.0291  0.0302  0.0284  0.0287  0.0272  0.0278
  0.0280  0.0277  0.0272  0.0276  0.0280  0.0272  0.0277  0.0283  0.0274  0.0273  0.0269  0.0271
  0.0269  0.0268  0.0267  0.0270  0.0269  0.0266  0.0269  0.0271  0.0268  0.0266  0.0267  0.0267
  0.0266  0.0266  0.0266  0.0266  0.0266  0.0266  0.0266  0.0266  0.0266  0.0266  0.0266  0.0266
  0.0269  0.0268  0.0268  0.0265  0.0271  0.0267  0.0269  0.0269  0.0268  0.0269  0.0266  0.0267
  0.0279  0.0276  0.0273  0.0272  0.0280  0.0272  0.0278  0.0282  0.0275  0.0275  0.0268  0.0271
  0.0296  0.0288  0.0282  0.0292  0.0297  0.0285  0.0290  0.0303  0.0285  0.0283  0.0273  0.0278
niter,ni,del,rscale     1    3    5.0000    1.2000
parameters
   -3.4730   28.6951    3.2396   -8.8577  -16.1264   -8.7520
    1.6361   -3.2324   -2.1144   15.6285    5.5790  -16.8667
eta,q 0.97343  9.73225
  0.0296  0.0290  0.0282  0.0287  0.0296  0.0284  0.0291  0.0302  0.0284  0.0287  0.0272  0.0278
  0.0280  0.0277  0.0273  0.0276  0.0280  0.0272  0.0277  0.0283  0.0274  0.0273  0.0269  0.0271
  0.0269  0.0268  0.0267  0.0270  0.0269  0.0266  0.0269  0.0271  0.0268  0.0266  0.0267  0.0267
  0.0266  0.0266  0.0266  0.0266  0.0266  0.0266  0.0266  0.0266  0.0266  0.0266  0.0266  0.0266
  0.0269  0.0268  0.0268  0.0265  0.0270  0.0267  0.0269  0.0269  0.0268  0.0269  0.0266  0.0267
  0.0279  0.0276  0.0273  0.0272  0.0280  0.0272  0.0278  0.0282  0.0275  0.0275  0.0268  0.0271
  0.0296  0.0288  0.0282  0.0292  0.0296  0.0285  0.0290  0.0303  0.0285  0.0283  0.0273  0.0277
registration optimization eta report
parameter search radius
    2.4000    2.4000    2.7600    8.2800    9.5220    8.2800
    7.2000    7.2000    7.2000    7.2000    7.2000    7.2000
100000*second partial in parameter space
       52.       41.       21.        4.        3.        3.
        5.        7.        4.        4.        1.        2.
  0.0296  0.0290  0.0282  0.0287  0.0296  0.0284  0.0291  0.0302  0.0284  0.0287  0.0272  0.0278
  0.0280  0.0277  0.0273  0.0276  0.0280  0.0272  0.0277  0.0283  0.0274  0.0273  0.0269  0.0271
  0.0269  0.0268  0.0267  0.0270  0.0269  0.0266  0.0269  0.0271  0.0268  0.0266  0.0267  0.0267
  0.0266  0.0266  0.0266  0.0266  0.0266  0.0266  0.0266  0.0266  0.0266  0.0266  0.0266  0.0266
  0.0269  0.0268  0.0268  0.0265  0.0270  0.0267  0.0269  0.0269  0.0268  0.0269  0.0266  0.0267
  0.0279  0.0276  0.0273  0.0272  0.0280  0.0272  0.0278  0.0282  0.0275  0.0275  0.0268  0.0271
  0.0296  0.0288  0.0282  0.0292  0.0296  0.0285  0.0290  0.0303  0.0285  0.0283  0.0273  0.0277
   -3.4730   28.6951    3.2396   -8.8577  -16.1264   -8.7520
    1.6361   -3.2324   -2.1144   15.6285    5.5790  -16.8667
eta,q 0.97343  9.73225

---------------------------------------------------------------------
imgreg_4dfp /opt/freesurfer/average/711-2C_as_mni_average_305 /opt/freesurfer/average/711-2B_as_mni_average_305_mask talsrcimg_g11 none talsrcimg_to_711-2C_as_mni_average_305_t4 2311
---------------------------------------------------------------------

freesurfer imgreg_4dfp.c
/opt/freesurfer/average/711-2C_as_mni_average_305.4dfp.img
       256       256       256         1
  1.000000  1.000000  1.000000
orientation T byte_order littleendian
Reading image: /opt/freesurfer/average/711-2C_as_mni_average_305.4dfp.img
dimensions:      256       256       256
mmppix:       1.0000   -1.0000   -1.0000
center:     128.0000 -129.0000 -129.0000
/opt/freesurfer/average/711-2B_as_mni_average_305_mask.4dfp.img
       256       256       256         1
  1.000000  1.000000  1.000000
orientation T byte_order littleendian
Reading mask: /opt/freesurfer/average/711-2B_as_mni_average_305_mask.4dfp.img (2306576 pixels)
talsrcimg_g11.4dfp.img
       256       256       256         1
  1.000000  1.000000  1.000000
orientation T byte_order littleendian
Reading image: talsrcimg_g11.4dfp.img
dimensions:      256       256       256
mmppix:       1.0000   -1.0000   -1.0000
center:     128.0000 -129.0000 -129.0000
fimgreg.f
image alignment mode   2311 decimal      907 hex
parameters
   -3.4730   28.6951    3.2396   -8.8577  -16.1264   -8.7520
    1.6361   -3.2324   -2.1144   15.6285    5.5790  -16.8667
eta,q 0.97343  9.73226
niter,ni,del,rscale     5    3    5.0000    0.8000
parameters
   -3.4555   28.6955    3.1927   -7.6921  -16.2643   -8.4701
    1.7461   -3.1945   -2.1455   15.2420    5.6214  -16.8526
eta,q 0.97355  9.79313
  0.0279  0.0276  0.0271  0.0274  0.0273  0.0269  0.0277  0.0282  0.0273  0.0272  0.0267  0.0270
  0.0272  0.0270  0.0268  0.0270  0.0268  0.0266  0.0270  0.0273  0.0269  0.0267  0.0266  0.0267
  0.0267  0.0267  0.0266  0.0268  0.0265  0.0265  0.0266  0.0267  0.0266  0.0264  0.0265  0.0265
  0.0266  0.0266  0.0266  0.0266  0.0265  0.0265  0.0265  0.0265  0.0265  0.0265  0.0264  0.0264
  0.0267  0.0267  0.0266  0.0265  0.0266  0.0265  0.0266  0.0266  0.0266  0.0267  0.0265  0.0265
  0.0271  0.0271  0.0268  0.0265  0.0269  0.0266  0.0270  0.0272  0.0269  0.0270  0.0266  0.0267
  0.0279  0.0276  0.0271  0.0269  0.0273  0.0268  0.0276  0.0282  0.0273  0.0273  0.0268  0.0270
niter,ni,del,rscale     4    3    5.0000    0.7000
parameters
   -3.4511   28.6079    3.3311   -7.6262  -16.2454   -8.4418
    1.7342   -3.1760   -2.0217   14.8354    5.4100  -16.7636
eta,q 0.97359  9.79282
  0.0275  0.0272  0.0270  0.0270  0.0271  0.0267  0.0274  0.0278  0.0271  0.0270  0.0266  0.0268
  0.0270  0.0267  0.0267  0.0268  0.0267  0.0265  0.0268  0.0271  0.0268  0.0266  0.0265  0.0266
  0.0266  0.0265  0.0265  0.0266  0.0265  0.0264  0.0265  0.0266  0.0265  0.0264  0.0264  0.0265
  0.0264  0.0265  0.0264  0.0264  0.0264  0.0264  0.0264  0.0264  0.0264  0.0264  0.0264  0.0264
  0.0266  0.0266  0.0265  0.0264  0.0265  0.0265  0.0265  0.0265  0.0265  0.0266  0.0264  0.0265
  0.0269  0.0269  0.0266  0.0266  0.0268  0.0265  0.0269  0.0270  0.0267  0.0269  0.0265  0.0266
  0.0275  0.0274  0.0268  0.0271  0.0271  0.0267  0.0274  0.0278  0.0271  0.0272  0.0267  0.0268
niter,ni,del,rscale     3    3    5.0000    0.6000
parameters
   -3.4578   28.5363    3.4319   -7.3638  -16.2152   -8.4676
    1.7125   -3.1862   -1.8204   14.5015    5.0630  -16.6902
eta,q 0.97362  9.80124
  0.0272  0.0270  0.0268  0.0269  0.0269  0.0266  0.0271  0.0274  0.0270  0.0269  0.0265  0.0267
  0.0268  0.0266  0.0266  0.0267  0.0266  0.0264  0.0267  0.0269  0.0267  0.0265  0.0264  0.0265
  0.0265  0.0265  0.0265  0.0265  0.0264  0.0264  0.0265  0.0265  0.0265  0.0264  0.0264  0.0264
  0.0264  0.0264  0.0264  0.0264  0.0264  0.0264  0.0264  0.0264  0.0264  0.0264  0.0264  0.0264
  0.0265  0.0265  0.0264  0.0264  0.0265  0.0264  0.0265  0.0265  0.0264  0.0265  0.0264  0.0264
  0.0268  0.0268  0.0265  0.0265  0.0266  0.0265  0.0267  0.0268  0.0266  0.0267  0.0265  0.0265
  0.0272  0.0271  0.0267  0.0268  0.0269  0.0266  0.0271  0.0274  0.0268  0.0270  0.0266  0.0267
niter,ni,del,rscale     2    3    5.0000    0.5000
parameters
   -3.4754   28.4687    3.5383   -7.1084  -16.2038   -8.4705
    1.6811   -3.1946   -1.6057   14.1897    4.6383  -16.6301
eta,q 0.97365  9.80945
  0.0269  0.0268  0.0266  0.0267  0.0267  0.0265  0.0268  0.0271  0.0268  0.0267  0.0264  0.0266
  0.0266  0.0265  0.0265  0.0266  0.0265  0.0264  0.0266  0.0267  0.0266  0.0265  0.0264  0.0264
  0.0264  0.0264  0.0264  0.0264  0.0264  0.0264  0.0264  0.0264  0.0264  0.0264  0.0263  0.0264
  0.0264  0.0264  0.0264  0.0264  0.0264  0.0264  0.0264  0.0264  0.0264  0.0264  0.0263  0.0263
  0.0264  0.0264  0.0264  0.0264  0.0264  0.0264  0.0264  0.0264  0.0264  0.0265  0.0264  0.0264
  0.0266  0.0266  0.0264  0.0264  0.0265  0.0264  0.0266  0.0267  0.0265  0.0266  0.0264  0.0264
  0.0270  0.0269  0.0265  0.0267  0.0267  0.0265  0.0268  0.0271  0.0267  0.0268  0.0265  0.0265
niter,ni,del,rscale     1    3    5.0000    0.4000
parameters
   -3.4960   28.4142    3.6319   -6.8466  -16.1816   -8.7170
    1.6603   -3.2043   -1.4138   13.8736    4.2000  -16.5315
eta,q 0.97369  9.80611
  0.0267  0.0266  0.0265  0.0266  0.0266  0.0264  0.0266  0.0268  0.0266  0.0266  0.0264  0.0265
  0.0265  0.0265  0.0264  0.0265  0.0264  0.0263  0.0265  0.0265  0.0265  0.0264  0.0263  0.0264
  0.0264  0.0264  0.0264  0.0264  0.0264  0.0263  0.0264  0.0264  0.0264  0.0263  0.0263  0.0263
  0.0263  0.0263  0.0263  0.0263  0.0263  0.0263  0.0263  0.0263  0.0263  0.0263  0.0263  0.0263
  0.0264  0.0264  0.0264  0.0263  0.0264  0.0264  0.0264  0.0264  0.0263  0.0264  0.0263  0.0263
  0.0265  0.0265  0.0264  0.0264  0.0264  0.0264  0.0265  0.0265  0.0264  0.0265  0.0264  0.0264
  0.0267  0.0267  0.0264  0.0265  0.0266  0.0264  0.0266  0.0268  0.0265  0.0267  0.0264  0.0264
registration optimization eta report
parameter search radius
    0.8000    0.8000    0.8000    2.4000    2.4000    2.4000
    2.4000    2.4000    2.4000    2.4000    2.4000    2.4000
100000*second partial in parameter space
       57.       47.       21.        4.        4.        1.
        5.        8.        4.        5.        1.        2.
  0.0267  0.0266  0.0265  0.0266  0.0266  0.0264  0.0266  0.0268  0.0266  0.0266  0.0264  0.0265
  0.0265  0.0265  0.0264  0.0265  0.0264  0.0263  0.0265  0.0265  0.0265  0.0264  0.0263  0.0264
  0.0264  0.0264  0.0264  0.0264  0.0264  0.0263  0.0264  0.0264  0.0264  0.0263  0.0263  0.0263
  0.0263  0.0263  0.0263  0.0263  0.0263  0.0263  0.0263  0.0263  0.0263  0.0263  0.0263  0.0263
  0.0264  0.0264  0.0264  0.0263  0.0264  0.0264  0.0264  0.0264  0.0263  0.0264  0.0263  0.0263
  0.0265  0.0265  0.0264  0.0264  0.0264  0.0264  0.0265  0.0265  0.0264  0.0265  0.0264  0.0264
  0.0267  0.0267  0.0264  0.0265  0.0266  0.0264  0.0266  0.0268  0.0265  0.0267  0.0264  0.0264
   -3.4960   28.4142    3.6319   -6.8466  -16.1816   -8.7170
    1.6603   -3.2043   -1.4138   13.8736    4.2000  -16.5315
eta,q 0.97369  9.80611

---------------------------------------------------------------------
imgreg_4dfp /opt/freesurfer/average/711-2C_as_mni_average_305 /opt/freesurfer/average/711-2B_as_mni_average_305_mask talsrcimg_g11 none talsrcimg_to_711-2C_as_mni_average_305_t4 2311
---------------------------------------------------------------------

freesurfer imgreg_4dfp.c
/opt/freesurfer/average/711-2C_as_mni_average_305.4dfp.img
       256       256       256         1
  1.000000  1.000000  1.000000
orientation T byte_order littleendian
Reading image: /opt/freesurfer/average/711-2C_as_mni_average_305.4dfp.img
dimensions:      256       256       256
mmppix:       1.0000   -1.0000   -1.0000
center:     128.0000 -129.0000 -129.0000
/opt/freesurfer/average/711-2B_as_mni_average_305_mask.4dfp.img
       256       256       256         1
  1.000000  1.000000  1.000000
orientation T byte_order littleendian
Reading mask: /opt/freesurfer/average/711-2B_as_mni_average_305_mask.4dfp.img (2306576 pixels)
talsrcimg_g11.4dfp.img
       256       256       256         1
  1.000000  1.000000  1.000000
orientation T byte_order littleendian
Reading image: talsrcimg_g11.4dfp.img
dimensions:      256       256       256
mmppix:       1.0000   -1.0000   -1.0000
center:     128.0000 -129.0000 -129.0000
fimgreg.f
image alignment mode   2311 decimal      907 hex
parameters
   -3.4960   28.4142    3.6319   -6.8466  -16.1816   -8.7170
    1.6603   -3.2043   -1.4138   13.8736    4.2000  -16.5315
eta,q 0.97369  9.80611
niter,ni,del,rscale     5    3    5.0000    0.8000
parameters
   -3.5192   28.4026    3.7045   -7.5182  -15.8947   -8.2483
    1.6029   -3.2711   -1.3351   14.3085    4.3329  -16.5826
eta,q 0.97361  9.81687
  0.0277  0.0275  0.0269  0.0269  0.0274  0.0270  0.0275  0.0281  0.0273  0.0278  0.0267  0.0269
  0.0269  0.0268  0.0266  0.0266  0.0268  0.0266  0.0269  0.0271  0.0268  0.0270  0.0265  0.0266
  0.0265  0.0264  0.0264  0.0264  0.0265  0.0264  0.0265  0.0266  0.0265  0.0265  0.0264  0.0264
  0.0263  0.0263  0.0263  0.0263  0.0263  0.0263  0.0264  0.0264  0.0264  0.0264  0.0264  0.0264
  0.0265  0.0265  0.0264  0.0264  0.0265  0.0264  0.0265  0.0266  0.0265  0.0265  0.0264  0.0264
  0.0270  0.0269  0.0265  0.0268  0.0268  0.0265  0.0269  0.0272  0.0268  0.0268  0.0265  0.0266
  0.0278  0.0275  0.0268  0.0276  0.0271  0.0267  0.0276  0.0282  0.0273  0.0273  0.0267  0.0269
niter,ni,del,rscale     4    3    5.0000    0.7000
parameters
   -3.5047   28.3779    3.6024   -7.2483  -15.8585   -8.0414
    1.6429   -3.2432   -1.3556   14.4115    4.3486  -16.6224
eta,q 0.97362  9.84305
  0.0275  0.0273  0.0267  0.0270  0.0271  0.0267  0.0273  0.0277  0.0271  0.0273  0.0266  0.0268
  0.0269  0.0268  0.0265  0.0267  0.0267  0.0265  0.0268  0.0270  0.0267  0.0267  0.0265  0.0266
  0.0265  0.0265  0.0264  0.0265  0.0264  0.0263  0.0265  0.0265  0.0265  0.0264  0.0264  0.0264
  0.0264  0.0264  0.0264  0.0264  0.0264  0.0264  0.0264  0.0264  0.0264  0.0264  0.0264  0.0264
  0.0265  0.0265  0.0265  0.0263  0.0265  0.0264  0.0265  0.0265  0.0264  0.0265  0.0264  0.0264
  0.0269  0.0268  0.0266  0.0265  0.0267  0.0265  0.0268  0.0269  0.0267  0.0268  0.0265  0.0266
  0.0275  0.0273  0.0269  0.0270  0.0270  0.0266  0.0272  0.0277  0.0271  0.0271  0.0266  0.0268
niter,ni,del,rscale     3    3    5.0000    0.6000
parameters
   -3.5048   28.3551    3.5829   -7.0217  -15.9027   -7.9406
    1.6746   -3.2257   -1.3298   14.3453    4.2384  -16.6064
eta,q 0.97364  9.85530
  0.0272  0.0270  0.0267  0.0268  0.0269  0.0265  0.0270  0.0274  0.0269  0.0270  0.0265  0.0267
  0.0267  0.0267  0.0265  0.0267  0.0266  0.0264  0.0267  0.0268  0.0266  0.0266  0.0264  0.0265
  0.0265  0.0264  0.0264  0.0265  0.0264  0.0263  0.0264  0.0265  0.0264  0.0264  0.0264  0.0264
  0.0264  0.0264  0.0264  0.0264  0.0264  0.0264  0.0264  0.0264  0.0264  0.0264  0.0264  0.0264
  0.0265  0.0265  0.0264  0.0263  0.0265  0.0264  0.0264  0.0264  0.0264  0.0265  0.0264  0.0264
  0.0267  0.0267  0.0265  0.0265  0.0266  0.0264  0.0267  0.0268  0.0266  0.0267  0.0264  0.0265
  0.0272  0.0271  0.0267  0.0268  0.0269  0.0265  0.0270  0.0274  0.0269  0.0270  0.0265  0.0267
niter,ni,del,rscale     2    3    5.0000    0.5000
parameters
   -3.5097   28.3340    3.6086   -6.7831  -15.9651   -7.9646
    1.6875   -3.2322   -1.2580   14.1795    4.0336  -16.5987
eta,q 0.97366  9.85960
  0.0269  0.0268  0.0266  0.0267  0.0267  0.0264  0.0268  0.0270  0.0267  0.0268  0.0264  0.0265
  0.0266  0.0266  0.0265  0.0266  0.0265  0.0264  0.0266  0.0267  0.0265  0.0265  0.0264  0.0264
  0.0264  0.0264  0.0264  0.0264  0.0264  0.0263  0.0264  0.0264  0.0264  0.0264  0.0263  0.0264
  0.0264  0.0264  0.0264  0.0264  0.0263  0.0263  0.0263  0.0263  0.0263  0.0263  0.0263  0.0263
  0.0264  0.0264  0.0264  0.0263  0.0264  0.0264  0.0264  0.0264  0.0264  0.0264  0.0264  0.0264
  0.0266  0.0266  0.0265  0.0264  0.0265  0.0264  0.0265  0.0266  0.0265  0.0266  0.0264  0.0264
  0.0269  0.0268  0.0266  0.0267  0.0267  0.0264  0.0268  0.0271  0.0267  0.0268  0.0265  0.0265
niter,ni,del,rscale     1    3    5.0000    0.4000
parameters
   -3.5235   28.3197    3.6537   -6.5925  -16.0309   -8.5718
    1.6729   -3.2214   -1.1959   13.8036    3.7900  -16.5229
eta,q 0.97370  9.83022
  0.0267  0.0266  0.0265  0.0266  0.0266  0.0264  0.0266  0.0268  0.0266  0.0265  0.0264  0.0264
  0.0265  0.0265  0.0264  0.0265  0.0264  0.0263  0.0264  0.0265  0.0264  0.0264  0.0263  0.0264
  0.0264  0.0264  0.0264  0.0264  0.0263  0.0263  0.0263  0.0264  0.0264  0.0263  0.0263  0.0263
  0.0263  0.0263  0.0263  0.0263  0.0263  0.0263  0.0263  0.0263  0.0263  0.0263  0.0263  0.0263
  0.0264  0.0264  0.0264  0.0263  0.0264  0.0263  0.0263  0.0264  0.0263  0.0264  0.0263  0.0263
  0.0265  0.0265  0.0264  0.0264  0.0265  0.0264  0.0265  0.0265  0.0264  0.0265  0.0263  0.0263
  0.0267  0.0267  0.0265  0.0266  0.0266  0.0264  0.0266  0.0268  0.0265  0.0267  0.0264  0.0264
registration optimization eta report
parameter search radius
    0.8000    0.8000    0.8000    2.4000    2.4000    2.4000
    2.4000    2.4000    2.4000    2.4000    2.4000    2.4000
100000*second partial in parameter space
       58.       48.       21.        4.        4.        1.
        5.        8.        4.        5.        1.        2.
  0.0267  0.0266  0.0265  0.0266  0.0266  0.0264  0.0266  0.0268  0.0266  0.0265  0.0264  0.0264
  0.0265  0.0265  0.0264  0.0265  0.0264  0.0263  0.0264  0.0265  0.0264  0.0264  0.0263  0.0264
  0.0264  0.0264  0.0264  0.0264  0.0263  0.0263  0.0263  0.0264  0.0264  0.0263  0.0263  0.0263
  0.0263  0.0263  0.0263  0.0263  0.0263  0.0263  0.0263  0.0263  0.0263  0.0263  0.0263  0.0263
  0.0264  0.0264  0.0264  0.0263  0.0264  0.0263  0.0263  0.0264  0.0263  0.0264  0.0263  0.0263
  0.0265  0.0265  0.0264  0.0264  0.0265  0.0264  0.0265  0.0265  0.0264  0.0265  0.0263  0.0263
  0.0267  0.0267  0.0265  0.0266  0.0266  0.0264  0.0266  0.0268  0.0265  0.0267  0.0264  0.0264
   -3.5235   28.3197    3.6537   -6.5925  -16.0309   -8.5718
    1.6729   -3.2214   -1.1959   13.8036    3.7900  -16.5229
eta,q 0.97370  9.83022

---------------------------------------------------------------------
compute_vox2vox talsrcimg talsrcimg_to_711-2C_as_mni_average_305_t4 /opt/freesurfer/average/711-2C_as_mni_average_305
---------------------------------------------------------------------

freesurfer compute_vox2vox.c
Reading: talsrcimg.4dfp.ifh
Reading: talsrcimg_to_711-2C_as_mni_average_305_t4
Reading: /opt/freesurfer/average/711-2C_as_mni_average_305.4dfp.ifh
Writing: talsrcimg_to_711-2C_as_mni_average_305_t4_vox2vox.txt

start time Tue Mar 10 08:45:03 CET 2026
end		time Tue Mar 10 08:46:29 CET 2026

mpr2mni305 success

avi2talxfm orig_nu.mgz /opt/freesurfer/average/mni305.cor.mgz talsrcimg_to_711-2C_as_mni_average_305_t4_vox2vox.txt transforms/talairach.auto.xfm
avi2talxfm done
mv -f /out/sourcedata/freesurfer/sub-v2s0x29022_ses-1/mri/talsrcimg_to_711-2C_as_mni_average_305_t4_vox2vox.txt /out/sourcedata/freesurfer/sub-v2s0x29022_ses-1/mri/transforms/talsrcimg_to_711-2C_as_mni_average_305_t4_vox2vox.txt
lta_convert --src orig_nu.mgz --trg /opt/freesurfer/average/mni305.cor.mgz --inxfm transforms/talairach.auto.xfm --outlta transforms/talairach.auto.xfm.lta --subject fsaverage
7.3.2

--src: orig_nu.mgz src image (geometry).
--trg: /opt/freesurfer/average/mni305.cor.mgz trg image (geometry).
--inmni: transforms/talairach.auto.xfm input MNI/XFM transform.
--outlta: transforms/talairach.auto.xfm.lta output LTA.
--s: fsaverage subject name
 LTA read, type : 1
 1.06879   0.03969  -0.01348   1.66858;
-0.04036   1.06070   0.20952  -46.78522;
 0.02186  -0.17380   1.15628  -16.98045;
 0.00000   0.00000   0.00000   1.00000;
setting subject to fsaverage
Writing  LTA to file transforms/talairach.auto.xfm.lta...
lta_convert successful.
 
 
Started at Tue Mar 10 08:45:02 CET 2026
Ended   at Tue Mar 10 08:46:30 CET 2026
talairach_avi done
