status file for recon-all
Tue Mar 10 08:37:52 CET 2026
#@# T2/FLAIR Input Tue Mar 10 08:37:54 CET 2026
#@# MotionCor Tue Mar 10 08:37:56 CET 2026
#@# Talairach Tue Mar 10 08:38:04 CET 2026
#@# Talairach Failure Detection Tue Mar 10 08:42:28 CET 2026
#@# Nu Intensity Correction Tue Mar 10 08:42:28 CET 2026
#@# Intensity Normalization Tue Mar 10 08:45:43 CET 2026
recon-all -s sub-v2s0x29020_ses-1 finished without error at Tue Mar 10 08:47:24 CET 2026



#New# invocation of recon-all 



status file for recon-all
Tue Mar 10 08:54:17 CET 2026
#@# EM Registration Tue Mar 10 08:54:17 CET 2026
recon-all -s sub-v2s0x29020_ses-1 finished without error at Tue Mar 10 08:56:05 CET 2026



#New# invocation of recon-all 



status file for recon-all
Tue Mar 10 08:56:09 CET 2026
#@# CA Normalize Tue Mar 10 08:56:09 CET 2026
#@# CA Reg Tue Mar 10 08:57:31 CET 2026
#@# SubCort Seg Tue Mar 10 09:35:26 CET 2026
#@# CC Seg Tue Mar 10 10:03:48 CET 2026
#@# Merge ASeg Tue Mar 10 10:04:25 CET 2026
#@# Intensity Normalization2 Tue Mar 10 10:04:25 CET 2026
#@# Mask BFS Tue Mar 10 10:06:48 CET 2026
#@# WM Segmentation Tue Mar 10 10:06:49 CET 2026
#@# Fill Tue Mar 10 10:08:43 CET 2026
recon-all -s sub-v2s0x29020_ses-1 finished without error at Tue Mar 10 10:09:44 CET 2026



#New# invocation of recon-all 



status file for recon-all
Tue Mar 10 10:41:54 CET 2026
#@# Refine Pial Surfs w/ T2/FLAIR Tue Mar 10 10:41:54 CET 2026
#@# white curv lh Tue Mar 10 11:06:38 CET 2026
#@# white area lh Tue Mar 10 11:06:38 CET 2026
#@# pial curv lh Tue Mar 10 11:06:38 CET 2026
#@# pial area lh Tue Mar 10 11:06:39 CET 2026
#@# thickness lh Tue Mar 10 11:06:40 CET 2026
#@# area and vertex vol lh Tue Mar 10 11:07:05 CET 2026
#@# white curv rh Tue Mar 10 11:07:07 CET 2026
#@# white area rh Tue Mar 10 11:07:07 CET 2026
#@# pial curv rh Tue Mar 10 11:07:07 CET 2026
#@# pial area rh Tue Mar 10 11:07:08 CET 2026
#@# thickness rh Tue Mar 10 11:07:09 CET 2026
#@# area and vertex vol rh Tue Mar 10 11:07:33 CET 2026
#@# Cortical ribbon mask Tue Mar 10 11:07:34 CET 2026
recon-all -s sub-v2s0x29020_ses-1 finished without error at Tue Mar 10 11:11:02 CET 2026



#New# invocation of recon-all 



status file for recon-all
Tue Mar 10 11:16:20 CET 2026
#@# white curv lh Tue Mar 10 11:16:20 CET 2026
#@# white area lh Tue Mar 10 11:16:20 CET 2026
#@# pial curv lh Tue Mar 10 11:16:20 CET 2026
#@# pial area lh Tue Mar 10 11:16:20 CET 2026
#@# thickness lh Tue Mar 10 11:16:20 CET 2026
#@# area and vertex vol lh Tue Mar 10 11:16:20 CET 2026
#@# white curv rh Tue Mar 10 11:16:20 CET 2026
#@# white area rh Tue Mar 10 11:16:20 CET 2026
#@# pial curv rh Tue Mar 10 11:16:20 CET 2026
#@# pial area rh Tue Mar 10 11:16:20 CET 2026
#@# thickness rh Tue Mar 10 11:16:20 CET 2026
#@# area and vertex vol rh Tue Mar 10 11:16:20 CET 2026
#@# Curvature Stats lh Tue Mar 10 11:16:20 CET 2026
#@# Curvature Stats rh Tue Mar 10 11:16:22 CET 2026
#@# Relabel Hypointensities Tue Mar 10 11:16:24 CET 2026
#@# APas-to-ASeg Tue Mar 10 11:16:37 CET 2026
#@# AParc-to-ASeg aparc Tue Mar 10 11:16:43 CET 2026
#@# AParc-to-ASeg aparc.a2009s Tue Mar 10 11:17:00 CET 2026
#@# AParc-to-ASeg aparc.DKTatlas Tue Mar 10 11:17:18 CET 2026
#@# WMParc Tue Mar 10 11:17:35 CET 2026
#@# ASeg Stats Tue Mar 10 11:21:08 CET 2026
recon-all -s sub-v2s0x29020_ses-1 finished without error at Tue Mar 10 11:21:39 CET 2026
