status file for recon-all
Tue Mar 10 10:09:48 CET 2026
#@# Tessellate lh Tue Mar 10 10:09:48 CET 2026
#@# Smooth1 lh Tue Mar 10 10:09:51 CET 2026
#@# Inflation1 lh Tue Mar 10 10:09:53 CET 2026
#@# QSphere lh Tue Mar 10 10:10:02 CET 2026
#@# Fix Topology lh Tue Mar 10 10:10:52 CET 2026
#@# Smooth2 lh Tue Mar 10 10:14:58 CET 2026
#@# Inflation2 lh Tue Mar 10 10:15:00 CET 2026
#@# Curv .H and .K lh Tue Mar 10 10:15:09 CET 2026
#@# Sphere lh Tue Mar 10 10:15:51 CET 2026
#@# Surf Reg lh Tue Mar 10 10:18:02 CET 2026
#@# Jacobian white lh Tue Mar 10 10:20:47 CET 2026
#@# AvgCurv lh Tue Mar 10 10:20:48 CET 2026
#@# Cortical Parc lh Tue Mar 10 10:20:49 CET 2026
#@# white curv lh Tue Mar 10 10:25:30 CET 2026
#@# white area lh Tue Mar 10 10:25:32 CET 2026
#@# pial curv lh Tue Mar 10 10:25:32 CET 2026
#@# pial area lh Tue Mar 10 10:25:34 CET 2026
#@# thickness lh Tue Mar 10 10:25:34 CET 2026
#@# area and vertex vol lh Tue Mar 10 10:26:00 CET 2026
#@# Curvature Stats lh Tue Mar 10 10:26:01 CET 2026
#@# Cortical Parc 2 lh Tue Mar 10 10:26:03 CET 2026
#@# Cortical Parc 3 lh Tue Mar 10 10:26:14 CET 2026
#@# WM/GM Contrast lh Tue Mar 10 10:26:22 CET 2026
recon-all -s sub-v2s0x29020_ses-1 finished without error at Tue Mar 10 10:26:25 CET 2026



#New# invocation of recon-all 



status file for recon-all
Tue Mar 10 11:11:06 CET 2026
#@# white curv lh Tue Mar 10 11:11:06 CET 2026
#@# white area lh Tue Mar 10 11:11:06 CET 2026
#@# pial curv lh Tue Mar 10 11:11:06 CET 2026
#@# pial area lh Tue Mar 10 11:11:06 CET 2026
#@# thickness lh Tue Mar 10 11:11:06 CET 2026
#@# area and vertex vol lh Tue Mar 10 11:11:06 CET 2026
#@# Parcellation Stats lh Tue Mar 10 11:11:06 CET 2026
#@# Parcellation Stats 2 lh Tue Mar 10 11:11:21 CET 2026
#@# Parcellation Stats 3 lh Tue Mar 10 11:11:29 CET 2026
#@# BA_exvivo Labels lh Tue Mar 10 11:11:36 CET 2026
recon-all -s sub-v2s0x29020_ses-1 finished without error at Tue Mar 10 11:13:43 CET 2026
