/out/sourcedata/freesurfer/sub-v2s0x29036_ses-1/mri
/opt/freesurfer/bin/talairach_avi
--i orig_nu.mgz --xfm transforms/talairach.auto.xfm
talairach_avi 7.3.2
Linux dna029 5.14.0-427.37.1.el9_4.x86_64 #1 SMP PREEMPT_DYNAMIC Fri Sep 13 12:41:50 EDT 2024 x86_64 x86_64 x86_64 GNU/Linux
Tue Mar 10 09:42:43 CET 2026
mri_convert orig_nu.mgz talsrcimg.img 
reading from orig_nu.mgz...
TR=0.00, TE=0.00, TI=0.00, flip angle=0.00
i_ras = (-1, 0, 0)
j_ras = (0, 0, -1)
k_ras = (0, 1, 0)
writing to talsrcimg.img...
Analyze Output Matrix
-1.00000   0.00000   0.00000   129.77406;
 0.00000   0.00000   1.00000  -105.21430;
 0.00000  -1.00000   0.00000   118.77861;
 0.00000   0.00000   0.00000   1.00000;
--------------------
INFO: set hdr.hist.orient to -1
mpr2mni305 talsrcimg
Tue Mar 10 09:42:44 CET 2026
/opt/freesurfer/bin/mpr2mni305 talsrcimg
mpr2mni305 7.3.2
target=711-2C_as_mni_average_305

---------------------------------------------------------------------
analyzeto4dfp talsrcimg -O0 -y
---------------------------------------------------------------------

freesurfer ifh2hdr.c
Tue Mar 10 09:42:44 2026
Writing: talsrcimg.4dfp.hdr
freesurfer analyzeto4dfp.c
Reading: talsrcimg.hdr
header size 348 bytes
hdr.dime.datatype	offset=70	value=2
hdr.dime.bitpix		offset=72	value=8
hdr.hist.orient		offset=252	value=-1
dimensionality     4
dimensions       256       256       256         1
Reading: talsrcimg.img
Writing: talsrcimg.4dfp.img
Writing: talsrcimg.4dfp.ifh
ifh2hdr talsrcimg -r0to239
ori=2

---------------------------------------------------------------------
gauss_4dfp talsrcimg 1.1
---------------------------------------------------------------------

freesurfer gauss_4dfp.c
Reading: talsrcimg.4dfp.img
Writing: talsrcimg_g11.4dfp.img
image dimensions 256 256 256 padded to 288 288 288
processing volume 1freesurfer ifh2hdr.c
Tue Mar 10 09:42:46 2026
Writing: talsrcimg_g11.4dfp.hdr

Writing: talsrcimg_g11.4dfp.ifh
including: talsrcimg.4dfp.img.rec in talsrcimg_g11.4dfp.img.rec

---------------------------------------------------------------------
imgreg_4dfp /opt/freesurfer/average/711-2C_as_mni_average_305 none talsrcimg_g11 none talsrcimg_to_711-2C_as_mni_average_305_t4 4355
---------------------------------------------------------------------

freesurfer imgreg_4dfp.c
/opt/freesurfer/average/711-2C_as_mni_average_305.4dfp.img
       256       256       256         1
  1.000000  1.000000  1.000000
orientation T byte_order littleendian
Reading image: /opt/freesurfer/average/711-2C_as_mni_average_305.4dfp.img
dimensions:      256       256       256
mmppix:       1.0000   -1.0000   -1.0000
center:     128.0000 -129.0000 -129.0000
talsrcimg_g11.4dfp.img
       256       256       256         1
  1.000000  1.000000  1.000000
orientation T byte_order littleendian
Reading image: talsrcimg_g11.4dfp.img
dimensions:      256       256       256
mmppix:       1.0000   -1.0000   -1.0000
center:     128.0000 -129.0000 -129.0000
t4_read: open error in t4_sub.f l:  41 t4_file(1:l)talsrcimg_to_711-2C_as_mni_average_305_t4 
t4_read: transform initialized to I4
rotation matrix determinant  1.000000
image alignment mode   4355 decimal     1103 hex
   -7.5000  -45.0000  -45.0000 5192.7959   13.8753
    0.0000  -45.0000  -45.0000 5436.8164   13.8485
    7.5000  -45.0000  -45.0000 5218.2710   13.8340
   -7.5000  -37.5000  -45.0000 5787.4341   13.3226
    0.0000  -37.5000  -45.0000 6062.0034   13.2907
    7.5000  -37.5000  -45.0000 5824.6191   13.2774
   -7.5000  -30.0000  -45.0000 6606.6035   12.9386
    0.0000  -30.0000  -45.0000 6923.8174   12.9062
    7.5000  -30.0000  -45.0000 6659.5288   12.8912
   -7.5000  -22.5000  -45.0000 7503.6982   12.6827
    0.0000  -22.5000  -45.0000 7866.9336   12.6579
    7.5000  -22.5000  -45.0000 7554.1978   12.6443
   -7.5000  -15.0000  -45.0000 8423.6934   12.5056
    0.0000  -15.0000  -45.0000 8845.9531   12.4906
    7.5000  -15.0000  -45.0000 8471.9707   12.4817
   -7.5000   -7.5000  -45.0000 9362.3428   12.4241
    0.0000   -7.5000  -45.0000 9835.7090   12.4105
    7.5000   -7.5000  -45.0000 9404.2910   12.4033
   -7.5000    0.0000  -45.000010279.2900   12.4190
    0.0000    0.0000  -45.000010786.2520   12.3988
    7.5000    0.0000  -45.000010306.3408   12.3900
   -7.5000    7.5000  -45.000010451.1299   12.4330
    0.0000    7.5000  -45.000010951.3184   12.4044
    7.5000    7.5000  -45.000010468.1162   12.3917
   -7.5000   15.0000  -45.000010422.4326   12.4514
    0.0000   15.0000  -45.000010912.7139   12.4202
    7.5000   15.0000  -45.000010422.5439   12.4051
   -7.5000   22.5000  -45.000010251.0537   12.4524
    0.0000   22.5000  -45.000010740.0234   12.4285
    7.5000   22.5000  -45.000010265.1982   12.4156
   -7.5000   30.0000  -45.000010015.5088   12.2745
    0.0000   30.0000  -45.000010508.9307   12.2600
    7.5000   30.0000  -45.000010048.6084   12.2512
   -7.5000   37.5000  -45.000010173.0713   12.2580
    0.0000   37.5000  -45.000010676.3223   12.2445
    7.5000   37.5000  -45.000010201.9365   12.2374
   -7.5000   45.0000  -45.0000 9921.4404   11.9423
    0.0000   45.0000  -45.000010424.7930   11.9229
    7.5000   45.0000  -45.0000 9970.1953   11.9144
   -7.5000  -45.0000  -37.5000 5470.7749   13.7639
    0.0000  -45.0000  -37.5000 5736.2944   13.7319
    7.5000  -45.0000  -37.5000 5498.3369   13.7150
   -7.5000  -37.5000  -37.5000 6078.3359   13.2287
    0.0000  -37.5000  -37.5000 6371.8193   13.1946
    7.5000  -37.5000  -37.5000 6124.0830   13.1779
   -7.5000  -30.0000  -37.5000 6943.8784   12.8488
    0.0000  -30.0000  -37.5000 7277.9951   12.8182
    7.5000  -30.0000  -37.5000 7003.5566   12.8007
   -7.5000  -22.5000  -37.5000 7900.0649   12.5896
    0.0000  -22.5000  -37.5000 8291.6895   12.5675
    7.5000  -22.5000  -37.5000 7953.2876   12.5520
   -7.5000  -15.0000  -37.5000 8889.3965   12.4089
    0.0000  -15.0000  -37.5000 9347.5762   12.3946
    7.5000  -15.0000  -37.5000 8938.8633   12.3840
   -7.5000   -7.5000  -37.5000 9912.4297   12.3289
    0.0000   -7.5000  -37.500010425.3916   12.3125
    7.5000   -7.5000  -37.5000 9963.1455   12.3038
   -7.5000    0.0000  -37.500010899.7119   12.3301
    0.0000    0.0000  -37.500011439.5625   12.3057
    7.5000    0.0000  -37.500010936.0996   12.2952
   -7.5000    7.5000  -37.500011080.9316   12.3502
    0.0000    7.5000  -37.500011618.0381   12.3199
    7.5000    7.5000  -37.500011126.0566   12.3051
   -7.5000   15.0000  -37.500011049.4297   12.3688
    0.0000   15.0000  -37.500011573.8857   12.3393
    7.5000   15.0000  -37.500011073.1035   12.3220
   -7.5000   22.5000  -37.500010853.7959   12.3633
    0.0000   22.5000  -37.500011362.1035   12.3420
    7.5000   22.5000  -37.500010877.2588   12.3272
   -7.5000   30.0000  -37.500010579.9141   12.1802
    0.0000   30.0000  -37.500011088.3711   12.1663
    7.5000   30.0000  -37.500010610.2510   12.1559
   -7.5000   37.5000  -37.500010742.8906   12.1641
    0.0000   37.5000  -37.500011260.3252   12.1478
    7.5000   37.5000  -37.500010770.8281   12.1392
   -7.5000   45.0000  -37.500010455.3340   11.8568
    0.0000   45.0000  -37.500010978.5391   11.8334
    7.5000   45.0000  -37.500010505.1768   11.8233
   -7.5000  -45.0000  -30.0000 5807.5493   14.2861
    0.0000  -45.0000  -30.0000 6099.4727   14.2465
    7.5000  -45.0000  -30.0000 5843.8652   14.2240
   -7.5000  -37.5000  -30.0000 6465.3916   13.7288
    0.0000  -37.5000  -30.0000 6778.5645   13.6906
    7.5000  -37.5000  -30.0000 6521.9438   13.6681
   -7.5000  -30.0000  -30.0000 7410.5073   13.3329
    0.0000  -30.0000  -30.0000 7770.9414   13.3011
    7.5000  -30.0000  -30.0000 7474.7080   13.2781
   -7.5000  -22.5000  -30.0000 8443.5996   13.0628
    0.0000  -22.5000  -30.0000 8863.4668   13.0392
    7.5000  -22.5000  -30.0000 8492.5850   13.0193
   -7.5000  -15.0000  -30.0000 9518.7090   12.8758
    0.0000  -15.0000  -30.000010002.4033   12.8577
    7.5000  -15.0000  -30.0000 9575.8154   12.8439
   -7.5000   -7.5000  -30.000010645.5303   12.7935
    0.0000   -7.5000  -30.000011191.6221   12.7714
    7.5000   -7.5000  -30.000010715.4229   12.7597
   -7.5000    0.0000  -30.000011717.4189   12.7956
    0.0000    0.0000  -30.000012295.8096   12.7656
    7.5000    0.0000  -30.000011769.5547   12.7516
   -7.5000    7.5000  -30.000011888.5283   12.8173
    0.0000    7.5000  -30.000012467.1572   12.7838
    7.5000    7.5000  -30.000011956.6172   12.7646
   -7.5000   15.0000  -30.000011863.7500   12.8363
    0.0000   15.0000  -30.000012407.0508   12.8058
    7.5000   15.0000  -30.000011913.5166   12.7835
   -7.5000   22.5000  -30.000011665.8525   12.8280
    0.0000   22.5000  -30.000012195.1611   12.8052
    7.5000   22.5000  -30.000011692.6865   12.7861
   -7.5000   30.0000  -30.000011367.2266   12.6399
    0.0000   30.0000  -30.000011899.1562   12.6223
    7.5000   30.0000  -30.000011394.3877   12.6088
   -7.5000   37.5000  -30.000011497.1221   12.6236
    0.0000   37.5000  -30.000012050.8916   12.6018
    7.5000   37.5000  -30.000011548.3945   12.5902
   -7.5000   45.0000  -30.000011198.6895   12.3135
    0.0000   45.0000  -30.000011742.0137   12.2846
    7.5000   45.0000  -30.000011253.8799   12.2712
   -7.5000  -45.0000  -22.5000 6138.4419   14.7595
    0.0000  -45.0000  -22.5000 6428.3384   14.7186
    7.5000  -45.0000  -22.5000 6177.4214   14.6944
   -7.5000  -37.5000  -22.5000 6838.8364   14.1714
    0.0000  -37.5000  -22.5000 7162.2188   14.1325
    7.5000  -37.5000  -22.5000 6899.9302   14.1086
   -7.5000  -30.0000  -22.5000 7889.7954   13.7612
    0.0000  -30.0000  -22.5000 8275.4062   13.7274
    7.5000  -30.0000  -22.5000 7948.1519   13.7024
   -7.5000  -22.5000  -22.5000 9005.3262   13.4859
    0.0000  -22.5000  -22.5000 9463.2793   13.4584
    7.5000  -22.5000  -22.5000 9061.8438   13.4369
   -7.5000  -15.0000  -22.500010167.6719   13.2976
    0.0000  -15.0000  -22.500010679.5596   13.2755
    7.5000  -15.0000  -22.500010242.3887   13.2610
   -7.5000   -7.5000  -22.500011377.0957   13.2133
    0.0000   -7.5000  -22.500011942.0557   13.1890
    7.5000   -7.5000  -22.500011457.6650   13.1767
   -7.5000    0.0000  -22.500012535.3203   13.2118
    0.0000    0.0000  -22.500013144.2959   13.1814
    7.5000    0.0000  -22.500012622.9434   13.1665
   -7.5000    7.5000  -22.500012713.3887   13.2299
    0.0000    7.5000  -22.500013327.3730   13.1959
    7.5000    7.5000  -22.500012822.8398   13.1753
   -7.5000   15.0000  -22.500012678.2822   13.2485
    0.0000   15.0000  -22.500013265.6865   13.2160
    7.5000   15.0000  -22.500012764.3447   13.1920
   -7.5000   22.5000  -22.500012479.9180   13.2426
    0.0000   22.5000  -22.500013052.3525   13.2162
    7.5000   22.5000  -22.500012526.9941   13.1958
   -7.5000   30.0000  -22.500012182.6748   13.0560
    0.0000   30.0000  -22.500012748.8555   13.0346
    7.5000   30.0000  -22.500012204.9062   13.0203
   -7.5000   37.5000  -22.500012306.0771   13.0399
    0.0000   37.5000  -22.500012911.9209   13.0159
    7.5000   37.5000  -22.500012354.2588   13.0038
   -7.5000   45.0000  -22.500012003.2949   12.7236
    0.0000   45.0000  -22.500012574.6787   12.6943
    7.5000   45.0000  -22.500012041.9150   12.6800
   -7.5000  -45.0000  -15.0000 6462.5308   15.0885
    0.0000  -45.0000  -15.0000 6760.1113   15.0524
    7.5000  -45.0000  -15.0000 6507.7627   15.0305
   -7.5000  -37.5000  -15.0000 7233.7847   14.4786
    0.0000  -37.5000  -15.0000 7565.0317   14.4416
    7.5000  -37.5000  -15.0000 7297.3325   14.4207
   -7.5000  -30.0000  -15.0000 8373.2139   14.0606
    0.0000  -30.0000  -15.0000 8760.8242   14.0247
    7.5000  -30.0000  -15.0000 8421.4902   14.0019
   -7.5000  -22.5000  -15.0000 9559.6826   13.7851
    0.0000  -22.5000  -15.000010022.5664   13.7544
    7.5000  -22.5000  -15.0000 9616.5742   13.7346
   -7.5000  -15.0000  -15.000010799.9102   13.5984
    0.0000  -15.0000  -15.000011328.8555   13.5753
    7.5000  -15.0000  -15.000010862.3770   13.5624
   -7.5000   -7.5000  -15.000012076.2393   13.5132
    0.0000   -7.5000  -15.000012668.9102   13.4912
    7.5000   -7.5000  -15.000012154.7764   13.4804
   -7.5000    0.0000  -15.000013296.9219   13.5068
    0.0000    0.0000  -15.000013981.2227   13.4803
    7.5000    0.0000  -15.000013424.4463   13.4669
   -7.5000    7.5000  -15.000013535.1436   13.5195
    0.0000    7.5000  -15.000014234.5322   13.4869
    7.5000    7.5000  -15.000013689.4570   13.4680
   -7.5000   15.0000  -15.000013530.5166   13.5371
    0.0000   15.0000  -15.000014174.8438   13.5025
    7.5000   15.0000  -15.000013656.8066   13.4804
   -7.5000   22.5000  -15.000013302.1445   13.5355
    0.0000   22.5000  -15.000013906.5557   13.5062
    7.5000   22.5000  -15.000013358.8232   13.4874
   -7.5000   30.0000  -15.000013002.2842   13.3534
    0.0000   30.0000  -15.000013583.2588   13.3309
    7.5000   30.0000  -15.000013025.5869   13.3182
   -7.5000   37.5000  -15.000013175.3291   13.3377
    0.0000   37.5000  -15.000013789.0498   13.3160
    7.5000   37.5000  -15.000013212.0527   13.3054
   -7.5000   45.0000  -15.000012849.1270   13.0156
    0.0000   45.0000  -15.000013453.8066   12.9901
    7.5000   45.0000  -15.000012905.3984   12.9771
   -7.5000  -45.0000   -7.5000 6772.0601   15.2294
    0.0000  -45.0000   -7.5000 7076.6680   15.1986
    7.5000  -45.0000   -7.5000 6829.1162   15.1813
   -7.5000  -37.5000   -7.5000 7631.1304   14.6197
    0.0000  -37.5000   -7.5000 7973.6074   14.5845
    7.5000  -37.5000   -7.5000 7685.5518   14.5683
   -7.5000  -30.0000   -7.5000 8857.6943   14.2015
    0.0000  -30.0000   -7.5000 9248.1475   14.1647
    7.5000  -30.0000   -7.5000 8885.5166   14.1462
   -7.5000  -22.5000   -7.500010147.7354   13.9261
    0.0000  -22.5000   -7.500010622.1914   13.8953
    7.5000  -22.5000   -7.500010193.8945   13.8789
   -7.5000  -15.0000   -7.500011449.6816   13.7385
    0.0000  -15.0000   -7.500012007.3838   13.7178
    7.5000  -15.0000   -7.500011526.4199   13.7074
   -7.5000   -7.5000   -7.500012747.6699   13.6524
    0.0000   -7.5000   -7.500013388.2568   13.6347
    7.5000   -7.5000   -7.500012857.7998   13.6263
   -7.5000    0.0000   -7.500014024.7695   13.6449
    0.0000    0.0000   -7.500014760.7646   13.6222
    7.5000    0.0000   -7.500014176.6084   13.6117
   -7.5000    7.5000   -7.500014352.1680   13.6565
    0.0000    7.5000   -7.500015136.2559   13.6251
    7.5000    7.5000   -7.500014548.2803   13.6097
   -7.5000   15.0000   -7.500014474.4160   13.6743
    0.0000   15.0000   -7.500015211.0605   13.6388
    7.5000   15.0000   -7.500014671.5352   13.6206
   -7.5000   22.5000   -7.500014262.8086   13.6725
    0.0000   22.5000   -7.500014908.2559   13.6431
    7.5000   22.5000   -7.500014392.6846   13.6276
   -7.5000   30.0000   -7.500013945.8486   13.4907
    0.0000   30.0000   -7.500014520.0820   13.4706
    7.5000   30.0000   -7.500013993.6377   13.4603
   -7.5000   37.5000   -7.500014145.6641   13.4747
    0.0000   37.5000   -7.500014785.2900   13.4573
    7.5000   37.5000   -7.500014223.7100   13.4490
   -7.5000   45.0000   -7.500013798.5723   13.1511
    0.0000   45.0000   -7.500014513.2422   13.1293
    7.5000   45.0000   -7.500013925.0557   13.1191
   -7.5000  -45.0000    0.0000 7023.6636   15.2507
    0.0000  -45.0000    0.0000 7337.9551   15.2209
    7.5000  -45.0000    0.0000 7084.4268   15.2056
   -7.5000  -37.5000    0.0000 7924.6123   14.6535
    0.0000  -37.5000    0.0000 8282.7119   14.6183
    7.5000  -37.5000    0.0000 7975.5630   14.6040
   -7.5000  -30.0000    0.0000 9230.8301   14.2369
    0.0000  -30.0000    0.0000 9649.2812   14.2012
    7.5000  -30.0000    0.0000 9276.2373   14.1850
   -7.5000  -22.5000    0.000010634.3604   13.9581
    0.0000  -22.5000    0.000011148.6309   13.9306
    7.5000  -22.5000    0.000010702.7354   13.9158
   -7.5000  -15.0000    0.000012035.3027   13.7657
    0.0000  -15.0000    0.000012638.7197   13.7488
    7.5000  -15.0000    0.000012115.8271   13.7391
   -7.5000   -7.5000    0.000013427.7900   13.6787
    0.0000   -7.5000    0.000014096.0020   13.6632
    7.5000   -7.5000    0.000013509.5107   13.6556
   -7.5000    0.0000    0.000014728.4385   13.6750
    0.0000    0.0000    0.000015478.1660   13.6524
    7.5000    0.0000    0.000014842.5537   13.6431
   -7.5000    7.5000    0.000015043.9102   13.6906
    0.0000    7.5000    0.000015866.3320   13.6590
    7.5000    7.5000    0.000015227.8271   13.6454
   -7.5000   15.0000    0.000015235.7148   13.7095
    0.0000   15.0000    0.000016206.6201   13.6751
    7.5000   15.0000    0.000015569.2461   13.6588
   -7.5000   22.5000    0.000015213.7178   13.7043
    0.0000   22.5000    0.000016216.3945   13.6779
    7.5000   22.5000    0.000015574.4463   13.6639
   -7.5000   30.0000    0.000014932.5879   13.5178
    0.0000   30.0000    0.000015894.7754   13.5013
    7.5000   30.0000    0.000015202.1338   13.4918
   -7.5000   37.5000    0.000015124.5078   13.5011
    0.0000   37.5000    0.000016125.5088   13.4858
    7.5000   37.5000    0.000015331.7100   13.4783
   -7.5000   45.0000    0.000014707.5186   13.1811
    0.0000   45.0000    0.000015723.1572   13.1593
    7.5000   45.0000    0.000014883.3135   13.1503
   -7.5000  -45.0000    7.5000 6718.9790   15.2789
    0.0000  -45.0000    7.5000 7046.7427   15.2431
    7.5000  -45.0000    7.5000 6769.5088   15.2240
   -7.5000  -37.5000    7.5000 7619.9160   14.6883
    0.0000  -37.5000    7.5000 7994.8335   14.6503
    7.5000  -37.5000    7.5000 7673.0400   14.6315
   -7.5000  -30.0000    7.5000 8934.1641   14.2690
    0.0000  -30.0000    7.5000 9354.7881   14.2350
    7.5000  -30.0000    7.5000 8996.3457   14.2153
   -7.5000  -22.5000    7.500010317.0303   13.9838
    0.0000  -22.5000    7.500010817.7021   13.9591
    7.5000  -22.5000    7.500010401.9873   13.9416
   -7.5000  -15.0000    7.500011701.0029   13.7855
    0.0000  -15.0000    7.500012288.0977   13.7692
    7.5000  -15.0000    7.500011780.0918   13.7572
   -7.5000   -7.5000    7.500013072.1191   13.6978
    0.0000   -7.5000    7.500013746.7012   13.6791
    7.5000   -7.5000    7.500013151.4951   13.6691
   -7.5000    0.0000    7.500014326.5283   13.6987
    0.0000    0.0000    7.500015121.4307   13.6713
    7.5000    0.0000    7.500014433.4814   13.6594
   -7.5000    7.5000    7.500014577.0039   13.7199
    0.0000    7.5000    7.500015442.6650   13.6862
    7.5000    7.5000    7.500014686.9951   13.6694
   -7.5000   15.0000    7.500014732.5225   13.7399
    0.0000   15.0000    7.500015796.8232   13.7071
    7.5000   15.0000    7.500014915.9414   13.6877
   -7.5000   22.5000    7.500014762.0273   13.7298
    0.0000   22.5000    7.500016183.2148   13.7060
    7.5000   22.5000    7.500015198.7500   13.6893
   -7.5000   30.0000    7.500014620.0098   13.5372
    0.0000   30.0000    7.500016148.1670   13.5214
    7.5000   30.0000    7.500015127.2422   13.5095
   -7.5000   37.5000    7.500014809.4775   13.5199
    0.0000   37.5000    7.500016260.1152   13.5015
    7.5000   37.5000    7.500015195.6348   13.4916
   -7.5000   45.0000    7.500014283.1934   13.2039
    0.0000   45.0000    7.500015544.5078   13.1776
    7.5000   45.0000    7.500014552.8887   13.1661
   -7.5000  -45.0000   15.0000 6310.7686   15.3143
    0.0000  -45.0000   15.0000 6638.2969   15.2717
    7.5000  -45.0000   15.0000 6350.8843   15.2475
   -7.5000  -37.5000   15.0000 7177.2710   14.7178
    0.0000  -37.5000   15.0000 7551.6206   14.6768
    7.5000  -37.5000   15.0000 7242.0054   14.6526
   -7.5000  -30.0000   15.0000 8464.2373   14.2940
    0.0000  -30.0000   15.0000 8921.2549   14.2599
    7.5000  -30.0000   15.0000 8530.8828   14.2352
   -7.5000  -22.5000   15.0000 9819.8438   14.0051
    0.0000  -22.5000   15.000010372.9609   13.9797
    7.5000  -22.5000   15.0000 9895.5742   13.9583
   -7.5000  -15.0000   15.000011146.2793   13.8050
    0.0000  -15.0000   15.000011797.3203   13.7854
    7.5000  -15.0000   15.000011217.3789   13.7706
   -7.5000   -7.5000   15.000012472.9873   13.7168
    0.0000   -7.5000   15.000013227.8711   13.6930
    7.5000   -7.5000   15.000012537.6768   13.6804
   -7.5000    0.0000   15.000013705.8203   13.7190
    0.0000    0.0000   15.000014574.2783   13.6867
    7.5000    0.0000   15.000013781.6777   13.6716
   -7.5000    7.5000   15.000013951.0566   13.7421
    0.0000    7.5000   15.000014836.7334   13.7061
    7.5000    7.5000   15.000013990.4395   13.6855
   -7.5000   15.0000   15.000014049.3662   13.7625
    0.0000   15.0000   15.000015034.9395   13.7297
    7.5000   15.0000   15.000014124.9111   13.7058
   -7.5000   22.5000   15.000014085.4619   13.7506
    0.0000   22.5000   15.000015335.7715   13.7262
    7.5000   22.5000   15.000014365.1035   13.7057
   -7.5000   30.0000   15.000013980.5918   13.5562
    0.0000   30.0000   15.000015328.6094   13.5372
    7.5000   30.0000   15.000014385.7891   13.5226
   -7.5000   37.5000   15.000014222.0205   13.5386
    0.0000   37.5000   15.000015442.5430   13.5152
    7.5000   37.5000   15.000014490.7783   13.5027
   -7.5000   45.0000   15.000013702.4062   13.2235
    0.0000   45.0000   15.000014741.6670   13.1924
    7.5000   45.0000   15.000013845.8799   13.1779
   -7.5000  -45.0000   22.5000 5828.8105   15.3588
    0.0000  -45.0000   22.5000 6119.3237   15.3161
    7.5000  -45.0000   22.5000 5862.4341   15.2908
   -7.5000  -37.5000   22.5000 6657.0776   14.7455
    0.0000  -37.5000   22.5000 7000.6470   14.7048
    7.5000  -37.5000   22.5000 6706.8174   14.6798
   -7.5000  -30.0000   22.5000 7904.6343   14.3178
    0.0000  -30.0000   22.5000 8344.0420   14.2824
    7.5000  -30.0000   22.5000 7956.1992   14.2564
   -7.5000  -22.5000   22.5000 9196.5986   14.0307
    0.0000  -22.5000   22.5000 9720.0068   14.0019
    7.5000  -22.5000   22.5000 9251.7832   13.9795
   -7.5000  -15.0000   22.500010450.8311   13.8343
    0.0000  -15.0000   22.500011050.3848   13.8113
    7.5000  -15.0000   22.500010503.4746   13.7961
   -7.5000   -7.5000   22.500011709.3486   13.7464
    0.0000   -7.5000   22.500012387.9326   13.7210
    7.5000   -7.5000   22.500011754.4199   13.7082
   -7.5000    0.0000   22.500012885.3271   13.7448
    0.0000    0.0000   22.500013639.8535   13.7130
    7.5000    0.0000   22.500012927.4746   13.6974
   -7.5000    7.5000   22.500013128.9551   13.7637
    0.0000    7.5000   22.500013889.6133   13.7282
    7.5000    7.5000   22.500013163.3867   13.7066
   -7.5000   15.0000   22.500013235.6504   13.7831
    0.0000   15.0000   22.500014055.2334   13.7491
    7.5000   15.0000   22.500013316.9131   13.7241
   -7.5000   22.5000   22.500013243.3154   13.7749
    0.0000   22.5000   22.500014215.2207   13.7474
    7.5000   22.5000   22.500013506.2197   13.7260
   -7.5000   30.0000   22.500013132.6953   13.5847
    0.0000   30.0000   22.500013972.0098   13.5624
    7.5000   30.0000   22.500013343.3242   13.5474
   -7.5000   37.5000   22.500013301.4385   13.5679
    0.0000   37.5000   22.500014018.4512   13.5428
    7.5000   37.5000   22.500013356.2178   13.5301
   -7.5000   45.0000   22.500012866.7979   13.2484
    0.0000   45.0000   22.500013590.0215   13.2178
    7.5000   45.0000   22.500012895.4883   13.2027
   -7.5000  -45.0000   30.0000 5428.4561   15.6282
    0.0000  -45.0000   30.0000 5671.8892   15.5898
    7.5000  -45.0000   30.0000 5436.0723   15.5665
   -7.5000  -37.5000   30.0000 6195.3945   14.9827
    0.0000  -37.5000   30.0000 6491.2720   14.9435
    7.5000  -37.5000   30.0000 6226.4414   14.9213
   -7.5000  -30.0000   30.0000 7341.2451   14.5412
    0.0000  -30.0000   30.0000 7719.0645   14.5032
    7.5000  -30.0000   30.0000 7390.8540   14.4792
   -7.5000  -22.5000   30.0000 8550.9346   14.2509
    0.0000  -22.5000   30.0000 9006.7090   14.2186
    7.5000  -22.5000   30.0000 8605.0928   14.1977
   -7.5000  -15.0000   30.0000 9765.4746   14.0547
    0.0000  -15.0000   30.000010282.2080   14.0304
    7.5000  -15.0000   30.0000 9804.9150   14.0167
   -7.5000   -7.5000   30.000010964.9648   13.9651
    0.0000   -7.5000   30.000011542.9668   13.9419
    7.5000   -7.5000   30.000010999.1035   13.9304
   -7.5000    0.0000   30.000012060.2979   13.9582
    0.0000    0.0000   30.000012667.3447   13.9301
    7.5000    0.0000   30.000012096.0117   13.9158
   -7.5000    7.5000   30.000012279.2441   13.9709
    0.0000    7.5000   30.000012860.2090   13.9365
    7.5000    7.5000   30.000012313.2305   13.9166
   -7.5000   15.0000   30.000012367.5654   13.9893
    0.0000   15.0000   30.000013007.3271   13.9528
    7.5000   15.0000   30.000012474.0244   13.9296
   -7.5000   22.5000   30.000012349.0908   13.9865
    0.0000   22.5000   30.000013037.5029   13.9557
    7.5000   22.5000   30.000012544.2363   13.9359
   -7.5000   30.0000   30.000012144.1963   13.8001
    0.0000   30.0000   30.000012703.6279   13.7764
    7.5000   30.0000   30.000012243.2441   13.7629
   -7.5000   37.5000   30.000012279.0186   13.7837
    0.0000   37.5000   30.000012791.7539   13.7608
    7.5000   37.5000   30.000012287.9814   13.7495
   -7.5000   45.0000   30.000011948.0088   13.4541
    0.0000   45.0000   30.000012531.9365   13.4270
    7.5000   45.0000   30.000011971.4229   13.4132
   -7.5000  -45.0000   37.5000 5265.5303   16.0095
    0.0000  -45.0000   37.5000 5502.8838   15.9762
    7.5000  -45.0000   37.5000 5277.5840   15.9568
   -7.5000  -37.5000   37.5000 6014.5132   15.3412
    0.0000  -37.5000   37.5000 6304.4380   15.3029
    7.5000  -37.5000   37.5000 6056.8833   15.2848
   -7.5000  -30.0000   37.5000 7117.0327   14.8863
    0.0000  -30.0000   37.5000 7468.4541   14.8465
    7.5000  -30.0000   37.5000 7161.8867   14.8263
   -7.5000  -22.5000   37.5000 8276.6787   14.5860
    0.0000  -22.5000   37.5000 8710.0342   14.5536
    7.5000  -22.5000   37.5000 8360.3115   14.5359
   -7.5000  -15.0000   37.5000 9452.0859   14.3788
    0.0000  -15.0000   37.5000 9936.4688   14.3577
    7.5000  -15.0000   37.5000 9529.5039   14.3464
   -7.5000   -7.5000   37.500010598.2588   14.2808
    0.0000   -7.5000   37.500011131.2080   14.2626
    7.5000   -7.5000   37.500010679.8691   14.2534
   -7.5000    0.0000   37.500011671.1025   14.2710
    0.0000    0.0000   37.500012233.6816   14.2467
    7.5000    0.0000   37.500011748.5967   14.2349
   -7.5000    7.5000   37.500011900.4863   14.2860
    0.0000    7.5000   37.500012452.4512   14.2520
    7.5000    7.5000   37.500011964.6709   14.2350
   -7.5000   15.0000   37.500011992.2295   14.3091
    0.0000   15.0000   37.500012611.0381   14.2709
    7.5000   15.0000   37.500012134.2500   14.2511
   -7.5000   22.5000   37.500011947.1680   14.3090
    0.0000   22.5000   37.500012551.0996   14.2780
    7.5000   22.5000   37.500012096.5410   14.2613
   -7.5000   30.0000   37.500011719.9990   14.1166
    0.0000   30.0000   37.500012219.7754   14.0961
    7.5000   30.0000   37.500011776.1406   14.0850
   -7.5000   37.5000   37.500011839.7021   14.0953
    0.0000   37.5000   37.500012364.8027   14.0773
    7.5000   37.5000   37.500011872.4521   14.0682
   -7.5000   45.0000   37.500011554.9463   13.7556
    0.0000   45.0000   37.500012109.8916   13.7322
    7.5000   45.0000   37.500011596.5449   13.7208
   -7.5000  -45.0000   45.0000 4882.2715   16.4273
    0.0000  -45.0000   45.0000 5117.4023   16.3907
    7.5000  -45.0000   45.0000 4896.2510   16.3690
   -7.5000  -37.5000   45.0000 5591.4482   15.7449
    0.0000  -37.5000   45.0000 5865.0503   15.7026
    7.5000  -37.5000   45.0000 5639.8379   15.6834
   -7.5000  -30.0000   45.0000 6596.8984   15.2699
    0.0000  -30.0000   45.0000 6919.8535   15.2278
    7.5000  -30.0000   45.0000 6650.6602   15.2074
   -7.5000  -22.5000   45.0000 7664.4434   14.9467
    0.0000  -22.5000   45.0000 8048.9028   14.9143
    7.5000  -22.5000   45.0000 7749.9072   14.8956
   -7.5000  -15.0000   45.0000 8746.5811   14.7171
    0.0000  -15.0000   45.0000 9176.9375   14.6969
    7.5000  -15.0000   45.0000 8836.4639   14.6831
   -7.5000   -7.5000   45.0000 9812.9238   14.6099
    0.0000   -7.5000   45.000010291.8115   14.5909
    7.5000   -7.5000   45.0000 9914.5967   14.5789
   -7.5000    0.0000   45.000010819.4229   14.6057
    0.0000    0.0000   45.000011336.0820   14.5784
    7.5000    0.0000   45.000010922.5225   14.5646
   -7.5000    7.5000   45.000011040.5557   14.6318
    0.0000    7.5000   45.000011560.4375   14.5943
    7.5000    7.5000   45.000011135.3955   14.5764
   -7.5000   15.0000   45.000011120.9316   14.6609
    0.0000   15.0000   45.000011672.2998   14.6206
    7.5000   15.0000   45.000011245.4023   14.6004
   -7.5000   22.5000   45.000011044.3027   14.6546
    0.0000   22.5000   45.000011569.6367   14.6236
    7.5000   22.5000   45.000011144.7109   14.6058
   -7.5000   30.0000   45.000010829.1045   14.4452
    0.0000   30.0000   45.000011297.5078   14.4255
    7.5000   30.0000   45.000010871.8408   14.4120
   -7.5000   37.5000   45.000010950.3838   14.4189
    0.0000   37.5000   45.000011439.8594   14.4001
    7.5000   37.5000   45.000010994.6758   14.3883
   -7.5000   45.0000   45.000010693.0674   14.0846
    0.0000   45.0000   45.000011203.4951   14.0583
    7.5000   45.0000   45.000010745.0127   14.0450

---------------------------------------------------------------------
imgreg_4dfp /opt/freesurfer/average/711-2C_as_mni_average_305 /opt/freesurfer/average/711-2B_as_mni_average_305_mask talsrcimg_g11 none talsrcimg_to_711-2C_as_mni_average_305_t4 4355
---------------------------------------------------------------------

freesurfer imgreg_4dfp.c
/opt/freesurfer/average/711-2C_as_mni_average_305.4dfp.img
       256       256       256         1
  1.000000  1.000000  1.000000
orientation T byte_order littleendian
Reading image: /opt/freesurfer/average/711-2C_as_mni_average_305.4dfp.img
dimensions:      256       256       256
mmppix:       1.0000   -1.0000   -1.0000
center:     128.0000 -129.0000 -129.0000
/opt/freesurfer/average/711-2B_as_mni_average_305_mask.4dfp.img
       256       256       256         1
  1.000000  1.000000  1.000000
orientation T byte_order littleendian
Reading mask: /opt/freesurfer/average/711-2B_as_mni_average_305_mask.4dfp.img (2306576 pixels)
talsrcimg_g11.4dfp.img
       256       256       256         1
  1.000000  1.000000  1.000000
orientation T byte_order littleendian
Reading image: talsrcimg_g11.4dfp.img
dimensions:      256       256       256
mmppix:       1.0000   -1.0000   -1.0000
center:     128.0000 -129.0000 -129.0000
rotation matrix determinant  1.000000
image alignment mode   4355 decimal     1103 hex
   -7.5000   -7.5000  -37.5000 2228.3391   13.4379
    0.0000   -7.5000  -37.5000 2249.5442   13.3569
    7.5000   -7.5000  -37.5000 2237.7290   13.3450
   -7.5000    0.0000  -37.5000 2329.8428   12.3202
    0.0000    0.0000  -37.5000 2354.0254   12.2333
    7.5000    0.0000  -37.5000 2339.4465   12.2281
   -7.5000    7.5000  -37.5000 2419.3040   11.4999
    0.0000    7.5000  -37.5000 2440.8040   11.3909
    7.5000    7.5000  -37.5000 2426.9995   11.4235
   -7.5000   15.0000  -37.5000 2462.2993   10.9429
    0.0000   15.0000  -37.5000 2485.4492   10.8228
    7.5000   15.0000  -37.5000 2471.5879   10.8651
   -7.5000   22.5000  -37.5000 2482.3882   10.5964
    0.0000   22.5000  -37.5000 2504.8347   10.4921
    7.5000   22.5000  -37.5000 2493.9387   10.5425
   -7.5000   30.0000  -37.5000 2484.5979   10.4854
    0.0000   30.0000  -37.5000 2507.5938   10.3635
    7.5000   30.0000  -37.5000 2499.3245   10.4334
   -7.5000   37.5000  -37.5000 2465.6467   10.6319
    0.0000   37.5000  -37.5000 2497.0852   10.4972
    7.5000   37.5000  -37.5000 2489.5940   10.5662
   -7.5000   45.0000  -37.5000 2424.7883   11.0294
    0.0000   45.0000  -37.5000 2459.6123   10.9056
    7.5000   45.0000  -37.5000 2453.5669   10.9942
   -7.5000   52.5000  -37.5000 2348.0950   11.6193
    0.0000   52.5000  -37.5000 2386.7493   11.4772
    7.5000   52.5000  -37.5000 2380.5408   11.5625
   -7.5000   60.0000  -37.5000 2223.4116   12.2560
    0.0000   60.0000  -37.5000 2258.8938   12.1143
    7.5000   60.0000  -37.5000 2256.7214   12.1829
   -7.5000   67.5000  -37.5000 2073.9956   12.8099
    0.0000   67.5000  -37.5000 2105.7539   12.6612
    7.5000   67.5000  -37.5000 2101.6284   12.7561
   -7.5000   75.0000  -37.5000 1902.0175   13.3568
    0.0000   75.0000  -37.5000 1927.2275   13.2048
    7.5000   75.0000  -37.5000 1921.6044   13.3137
   -7.5000   82.5000  -37.5000 1792.6591   15.0503
    0.0000   82.5000  -37.5000 1812.9425   14.8834
    7.5000   82.5000  -37.5000 1812.8505   15.0082
   -7.5000   -7.5000  -30.0000 2332.4614   13.1679
    0.0000   -7.5000  -30.0000 2358.6450   13.0381
    7.5000   -7.5000  -30.0000 2343.7632   13.0627
   -7.5000    0.0000  -30.0000 2441.3489   12.0683
    0.0000    0.0000  -30.0000 2468.1516   11.9464
    7.5000    0.0000  -30.0000 2452.5916   11.9594
   -7.5000    7.5000  -30.0000 2528.8835   11.2207
    0.0000    7.5000  -30.0000 2557.0974   11.0851
    7.5000    7.5000  -30.0000 2545.2620   11.1229
   -7.5000   15.0000  -30.0000 2583.7722   10.6363
    0.0000   15.0000  -30.0000 2607.2444   10.5101
    7.5000   15.0000  -30.0000 2601.9578   10.5382
   -7.5000   22.5000  -30.0000 2618.2500   10.2509
    0.0000   22.5000  -30.0000 2641.6262   10.1285
    7.5000   22.5000  -30.0000 2636.1965   10.1717
   -7.5000   30.0000  -30.0000 2622.7539   10.1022
    0.0000   30.0000  -30.0000 2646.5862   10.0021
    7.5000   30.0000  -30.0000 2639.9087   10.0534
   -7.5000   37.5000  -30.0000 2604.5181   10.2220
    0.0000   37.5000  -30.0000 2635.2434   10.1068
    7.5000   37.5000  -30.0000 2631.3032   10.1847
   -7.5000   45.0000  -30.0000 2565.9600   10.6033
    0.0000   45.0000  -30.0000 2599.3408   10.4740
    7.5000   45.0000  -30.0000 2594.5818   10.5743
   -7.5000   52.5000  -30.0000 2488.0940   11.1502
    0.0000   52.5000  -30.0000 2524.5518   11.0028
    7.5000   52.5000  -30.0000 2520.8987   11.0872
   -7.5000   60.0000  -30.0000 2357.7627   11.7471
    0.0000   60.0000  -30.0000 2393.5598   11.5789
    7.5000   60.0000  -30.0000 2391.7139   11.6526
   -7.5000   67.5000  -30.0000 2202.1016   12.2873
    0.0000   67.5000  -30.0000 2233.9182   12.1304
    7.5000   67.5000  -30.0000 2231.3352   12.2158
   -7.5000   75.0000  -30.0000 2019.5059   12.8459
    0.0000   75.0000  -30.0000 2044.8473   12.6863
    7.5000   75.0000  -30.0000 2041.9308   12.7840
   -7.5000   82.5000  -30.0000 1900.3583   14.4104
    0.0000   82.5000  -30.0000 1922.8005   14.2849
    7.5000   82.5000  -30.0000 1917.5587   14.3632
   -7.5000   -7.5000  -22.5000 2399.7422   12.8215
    0.0000   -7.5000  -22.5000 2425.9968   12.6746
    7.5000   -7.5000  -22.5000 2414.2773   12.7277
   -7.5000    0.0000  -22.5000 2508.9587   11.7242
    0.0000    0.0000  -22.5000 2536.9282   11.5526
    7.5000    0.0000  -22.5000 2526.1438   11.6180
   -7.5000    7.5000  -22.5000 2599.5422   10.8358
    0.0000    7.5000  -22.5000 2633.0007   10.6919
    7.5000    7.5000  -22.5000 2625.9287   10.7498
   -7.5000   15.0000  -22.5000 2665.5652   10.2349
    0.0000   15.0000  -22.5000 2694.8750   10.0926
    7.5000   15.0000  -22.5000 2693.0364   10.1262
   -7.5000   22.5000  -22.5000 2712.4670    9.8270
    0.0000   22.5000  -22.5000 2745.3335    9.7008
    7.5000   22.5000  -22.5000 2737.5332    9.7311
   -7.5000   30.0000  -22.5000 2731.7959    9.6725
    0.0000   30.0000  -22.5000 2761.6018    9.5531
    7.5000   30.0000  -22.5000 2748.7893    9.6020
   -7.5000   37.5000  -22.5000 2719.4819    9.7650
    0.0000   37.5000  -22.5000 2751.0986    9.6416
    7.5000   37.5000  -22.5000 2745.2395    9.7096
   -7.5000   45.0000  -22.5000 2684.6538   10.1322
    0.0000   45.0000  -22.5000 2715.1033    9.9882
    7.5000   45.0000  -22.5000 2710.2031   10.0703
   -7.5000   52.5000  -22.5000 2597.6084   10.6540
    0.0000   52.5000  -22.5000 2636.1460   10.4783
    7.5000   52.5000  -22.5000 2632.6765   10.5435
   -7.5000   60.0000  -22.5000 2463.2305   11.2085
    0.0000   60.0000  -22.5000 2500.1252   11.0280
    7.5000   60.0000  -22.5000 2497.8740   11.0906
   -7.5000   67.5000  -22.5000 2300.4556   11.7301
    0.0000   67.5000  -22.5000 2333.0886   11.5734
    7.5000   67.5000  -22.5000 2331.1267   11.6583
   -7.5000   75.0000  -22.5000 2107.9958   12.2898
    0.0000   75.0000  -22.5000 2136.0708   12.1342
    7.5000   75.0000  -22.5000 2135.0264   12.2262
   -7.5000   82.5000  -22.5000 1986.8331   13.7546
    0.0000   82.5000  -22.5000 2006.5802   13.6303
    7.5000   82.5000  -22.5000 1999.9186   13.7136
   -7.5000   -7.5000  -15.0000 2425.5527   12.4646
    0.0000   -7.5000  -15.0000 2455.1604   12.3021
    7.5000   -7.5000  -15.0000 2440.9233   12.3741
   -7.5000    0.0000  -15.0000 2535.9043   11.3697
    0.0000    0.0000  -15.0000 2567.4780   11.2058
    7.5000    0.0000  -15.0000 2555.9829   11.2586
   -7.5000    7.5000  -15.0000 2637.1785   10.5065
    0.0000    7.5000  -15.0000 2670.5754   10.3687
    7.5000    7.5000  -15.0000 2663.4343   10.4236
   -7.5000   15.0000  -15.0000 2711.7183    9.8412
    0.0000   15.0000  -15.0000 2742.9695    9.7050
    7.5000   15.0000  -15.0000 2742.4167    9.7622
   -7.5000   22.5000  -15.0000 2770.6475    9.4282
    0.0000   22.5000  -15.0000 2804.5247    9.2557
    7.5000   22.5000  -15.0000 2795.8057    9.3019
   -7.5000   30.0000  -15.0000 2799.2058    9.2687
    0.0000   30.0000  -15.0000 2831.4153    9.0905
    7.5000   30.0000  -15.0000 2820.3738    9.1495
   -7.5000   37.5000  -15.0000 2800.6702    9.3490
    0.0000   37.5000  -15.0000 2830.3303    9.1869
    7.5000   37.5000  -15.0000 2824.6860    9.2591
   -7.5000   45.0000  -15.0000 2763.9072    9.7230
    0.0000   45.0000  -15.0000 2794.1892    9.5521
    7.5000   45.0000  -15.0000 2793.0413    9.6287
   -7.5000   52.5000  -15.0000 2674.8818   10.2031
    0.0000   52.5000  -15.0000 2709.3247   10.0162
    7.5000   52.5000  -15.0000 2709.1709   10.0922
   -7.5000   60.0000  -15.0000 2536.2207   10.7153
    0.0000   60.0000  -15.0000 2568.2034   10.5300
    7.5000   60.0000  -15.0000 2567.3208   10.6115
   -7.5000   67.5000  -15.0000 2366.0117   11.2458
    0.0000   67.5000  -15.0000 2396.3508   11.0610
    7.5000   67.5000  -15.0000 2393.4797   11.1679
   -7.5000   75.0000  -15.0000 2167.3445   11.7914
    0.0000   75.0000  -15.0000 2196.2090   11.6323
    7.5000   75.0000  -15.0000 2194.9473   11.7172
   -7.5000   82.5000  -15.0000 2041.0071   13.1948
    0.0000   82.5000  -15.0000 2064.3560   13.0187
    7.5000   82.5000  -15.0000 2061.9104   13.1348
   -7.5000   -7.5000   -7.5000 2429.2998   12.1881
    0.0000   -7.5000   -7.5000 2458.0940   12.0369
    7.5000   -7.5000   -7.5000 2449.5347   12.0870
   -7.5000    0.0000   -7.5000 2539.5315   11.0638
    0.0000    0.0000   -7.5000 2568.3862   10.9193
    7.5000    0.0000   -7.5000 2566.4146   10.9622
   -7.5000    7.5000   -7.5000 2651.6650   10.2051
    0.0000    7.5000   -7.5000 2679.5510   10.0877
    7.5000    7.5000   -7.5000 2678.9563   10.1454
   -7.5000   15.0000   -7.5000 2743.4202    9.5899
    0.0000   15.0000   -7.5000 2767.0225    9.4661
    7.5000   15.0000   -7.5000 2770.1418    9.5452
   -7.5000   22.5000   -7.5000 2804.0420    9.1640
    0.0000   22.5000   -7.5000 2827.0505    8.9881
    7.5000   22.5000   -7.5000 2834.7153    9.0957
   -7.5000   30.0000   -7.5000 2842.7297    8.9393
    0.0000   30.0000   -7.5000 2870.4146    8.7343
    7.5000   30.0000   -7.5000 2869.9724    8.8623
   -7.5000   37.5000   -7.5000 2857.2734    9.0143
    0.0000   37.5000   -7.5000 2882.5798    8.8376
    7.5000   37.5000   -7.5000 2884.5117    8.9513
   -7.5000   45.0000   -7.5000 2817.2649    9.3631
    0.0000   45.0000   -7.5000 2849.6829    9.2107
    7.5000   45.0000   -7.5000 2853.0891    9.3094
   -7.5000   52.5000   -7.5000 2730.5835    9.8070
    0.0000   52.5000   -7.5000 2767.3086    9.6635
    7.5000   52.5000   -7.5000 2769.0740    9.7427
   -7.5000   60.0000   -7.5000 2584.7649   10.3048
    0.0000   60.0000   -7.5000 2622.1470   10.1628
    7.5000   60.0000   -7.5000 2620.5747   10.2401
   -7.5000   67.5000   -7.5000 2410.8398   10.8439
    0.0000   67.5000   -7.5000 2447.0864   10.7097
    7.5000   67.5000   -7.5000 2440.7258   10.7776
   -7.5000   75.0000   -7.5000 2213.3474   11.3790
    0.0000   75.0000   -7.5000 2247.9299   11.2397
    7.5000   75.0000   -7.5000 2243.4790   11.3062
   -7.5000   82.5000   -7.5000 2080.5867   12.7822
    0.0000   82.5000   -7.5000 2111.2710   12.5917
    7.5000   82.5000   -7.5000 2106.5134   12.6630
   -7.5000   -7.5000    0.0000 2422.0632   12.0978
    0.0000   -7.5000    0.0000 2447.3057   11.9589
    7.5000   -7.5000    0.0000 2439.3394   11.9960
   -7.5000    0.0000    0.0000 2532.3145   10.9541
    0.0000    0.0000    0.0000 2557.5142   10.8088
    7.5000    0.0000    0.0000 2557.4934   10.8550
   -7.5000    7.5000    0.0000 2651.2019   10.0916
    0.0000    7.5000    0.0000 2675.1155    9.9734
    7.5000    7.5000    0.0000 2681.6360   10.0350
   -7.5000   15.0000    0.0000 2753.7822    9.5021
    0.0000   15.0000    0.0000 2774.5591    9.4343
    7.5000   15.0000    0.0000 2787.5735    9.4971
   -7.5000   22.5000    0.0000 2830.6548    9.1317
    0.0000   22.5000    0.0000 2853.5105    9.1081
    7.5000   22.5000    0.0000 2869.7698    9.1660
   -7.5000   30.0000    0.0000 2878.3782    8.8770
    0.0000   30.0000    0.0000 2917.2561    8.8111
    7.5000   30.0000    0.0000 2921.8760    8.9087
   -7.5000   37.5000    0.0000 2902.2251    8.8446
    0.0000   37.5000    0.0000 2944.3137    8.7703
    7.5000   37.5000    0.0000 2936.7437    8.8468
   -7.5000   45.0000    0.0000 2857.8857    9.1219
    0.0000   45.0000    0.0000 2900.7632    9.0610
    7.5000   45.0000    0.0000 2895.5493    9.1018
   -7.5000   52.5000    0.0000 2769.1763    9.5022
    0.0000   52.5000    0.0000 2810.9622    9.4376
    7.5000   52.5000    0.0000 2805.9348    9.4677
   -7.5000   60.0000    0.0000 2617.6628   10.0038
    0.0000   60.0000    0.0000 2661.0469    9.9087
    7.5000   60.0000    0.0000 2654.5854    9.9472
   -7.5000   67.5000    0.0000 2440.7153   10.5235
    0.0000   67.5000    0.0000 2477.3301   10.4342
    7.5000   67.5000    0.0000 2469.9822   10.4809
   -7.5000   75.0000    0.0000 2237.8364   11.0727
    0.0000   75.0000    0.0000 2274.9275   10.9818
    7.5000   75.0000    0.0000 2268.9050   11.0170
   -7.5000   82.5000    0.0000 2109.2900   12.4351
    0.0000   82.5000    0.0000 2143.8831   12.2984
    7.5000   82.5000    0.0000 2137.8381   12.3680
   -7.5000   -7.5000    7.5000 2400.6848   12.1780
    0.0000   -7.5000    7.5000 2421.0217   12.0570
    7.5000   -7.5000    7.5000 2422.3257   12.0851
   -7.5000    0.0000    7.5000 2511.2966   11.0116
    0.0000    0.0000    7.5000 2537.3196   10.9301
    7.5000    0.0000    7.5000 2542.4280   10.9431
   -7.5000    7.5000    7.5000 2634.8696   10.1645
    0.0000    7.5000    7.5000 2664.2324   10.1165
    7.5000    7.5000    7.5000 2669.3821   10.1348
   -7.5000   15.0000    7.5000 2745.0063    9.5665
    0.0000   15.0000    7.5000 2786.4062    9.5825
    7.5000   15.0000    7.5000 2784.8677    9.5830
   -7.5000   22.5000    7.5000 2845.3806    9.1757
    0.0000   22.5000    7.5000 2896.2605    9.2876
    7.5000   22.5000    7.5000 2890.4744    9.2750
   -7.5000   30.0000    7.5000 2908.3940    8.9332
    0.0000   30.0000    7.5000 2976.2847    9.0952
    7.5000   30.0000    7.5000 2964.7844    9.0895
   -7.5000   37.5000    7.5000 2933.3560    8.8716
    0.0000   37.5000    7.5000 3003.1455    8.9383
    7.5000   37.5000    7.5000 2981.6865    8.9688
   -7.5000   45.0000    7.5000 2886.9365    9.0170
    0.0000   45.0000    7.5000 2937.9419    9.0502
    7.5000   45.0000    7.5000 2925.3284    9.0842
   -7.5000   52.5000    7.5000 2790.8450    9.3456
    0.0000   52.5000    7.5000 2832.0100    9.2876
    7.5000   52.5000    7.5000 2824.7292    9.3335
   -7.5000   60.0000    7.5000 2639.2568    9.8226
    0.0000   60.0000    7.5000 2674.8281    9.6998
    7.5000   60.0000    7.5000 2668.8911    9.7519
   -7.5000   67.5000    7.5000 2458.2175   10.3485
    0.0000   67.5000    7.5000 2490.5942   10.2354
    7.5000   67.5000    7.5000 2484.5715   10.2959
   -7.5000   75.0000    7.5000 2251.8835   10.8834
    0.0000   75.0000    7.5000 2287.8289   10.7842
    7.5000   75.0000    7.5000 2281.7961   10.8557
   -7.5000   82.5000    7.5000 2118.7090   12.2368
    0.0000   82.5000    7.5000 2156.8997   12.1080
    7.5000   82.5000    7.5000 2153.2510   12.1812
   -7.5000   -7.5000   15.0000 2370.0776   12.4761
    0.0000   -7.5000   15.0000 2400.6604   12.4368
    7.5000   -7.5000   15.0000 2392.5151   12.4015
   -7.5000    0.0000   15.0000 2486.3259   11.2815
    0.0000    0.0000   15.0000 2522.9395   11.2656
    7.5000    0.0000   15.0000 2515.3984   11.2289
   -7.5000    7.5000   15.0000 2612.0964   10.3910
    0.0000    7.5000   15.0000 2652.5105   10.3980
    7.5000    7.5000   15.0000 2646.0535   10.3672
   -7.5000   15.0000   15.0000 2727.2336    9.7333
    0.0000   15.0000   15.0000 2775.4741    9.7587
    7.5000   15.0000   15.0000 2767.7019    9.7333
   -7.5000   22.5000   15.0000 2842.6138    9.3046
    0.0000   22.5000   15.0000 2895.0251    9.3658
    7.5000   22.5000   15.0000 2884.9390    9.3505
   -7.5000   30.0000   15.0000 2921.7834    9.0476
    0.0000   30.0000   15.0000 2985.9910    9.1528
    7.5000   30.0000   15.0000 2975.3491    9.1544
   -7.5000   37.5000   15.0000 2948.3789    8.9778
    0.0000   37.5000   15.0000 3024.6577    8.9842
    7.5000   37.5000   15.0000 3003.4863    9.0372
   -7.5000   45.0000   15.0000 2896.4263    9.1164
    0.0000   45.0000   15.0000 2954.7964    9.0467
    7.5000   45.0000   15.0000 2934.9592    9.1263
   -7.5000   52.5000   15.0000 2789.7356    9.4058
    0.0000   52.5000   15.0000 2837.4854    9.2978
    7.5000   52.5000   15.0000 2826.3032    9.3860
   -7.5000   60.0000   15.0000 2636.6807    9.8389
    0.0000   60.0000   15.0000 2674.8716    9.7201
    7.5000   60.0000   15.0000 2668.9768    9.7877
   -7.5000   67.5000   15.0000 2455.6279   10.3369
    0.0000   67.5000   15.0000 2487.1484   10.2343
    7.5000   67.5000   15.0000 2485.0012   10.3032
   -7.5000   75.0000   15.0000 2251.1270   10.8568
    0.0000   75.0000   15.0000 2283.6580   10.7461
    7.5000   75.0000   15.0000 2279.7473   10.8289
   -7.5000   82.5000   15.0000 2118.9866   12.1696
    0.0000   82.5000   15.0000 2154.1880   12.0357
    7.5000   82.5000   15.0000 2148.0598   12.1290
   -7.5000   -7.5000   22.5000 2347.7104   12.8602
    0.0000   -7.5000   22.5000 2380.3350   12.7835
    7.5000   -7.5000   22.5000 2368.9900   12.7835
   -7.5000    0.0000   22.5000 2464.9912   11.6195
    0.0000    0.0000   22.5000 2499.3096   11.5418
    7.5000    0.0000   22.5000 2492.0415   11.5450
   -7.5000    7.5000   22.5000 2595.0530   10.6660
    0.0000    7.5000   22.5000 2630.8418   10.6088
    7.5000    7.5000   22.5000 2624.5222   10.6269
   -7.5000   15.0000   22.5000 2709.5310    9.9830
    0.0000   15.0000   22.5000 2752.9448    9.9227
    7.5000   15.0000   22.5000 2745.8657    9.9386
   -7.5000   22.5000   22.5000 2819.8887    9.5127
    0.0000   22.5000   22.5000 2870.7849    9.4681
    7.5000   22.5000   22.5000 2865.0044    9.4926
   -7.5000   30.0000   22.5000 2898.5261    9.1967
    0.0000   30.0000   22.5000 2957.0408    9.1574
    7.5000   30.0000   22.5000 2948.2261    9.2180
   -7.5000   37.5000   22.5000 2924.9875    9.0996
    0.0000   37.5000   22.5000 2987.7305    8.9337
    7.5000   37.5000   22.5000 2967.8164    9.0668
   -7.5000   45.0000   22.5000 2878.1929    9.2857
    0.0000   45.0000   22.5000 2936.5212    9.0832
    7.5000   45.0000   22.5000 2915.8860    9.1942
   -7.5000   52.5000   22.5000 2774.2700    9.6255
    0.0000   52.5000   22.5000 2821.9675    9.4831
    7.5000   52.5000   22.5000 2813.9077    9.5694
   -7.5000   60.0000   22.5000 2624.3972   10.0726
    0.0000   60.0000   22.5000 2658.9897    9.9664
    7.5000   60.0000   22.5000 2658.1169   10.0297
   -7.5000   67.5000   22.5000 2440.2041   10.5308
    0.0000   67.5000   22.5000 2470.0100   10.4317
    7.5000   67.5000   22.5000 2471.6116   10.5041
   -7.5000   75.0000   22.5000 2238.7908   10.9880
    0.0000   75.0000   22.5000 2269.7947   10.8894
    7.5000   75.0000   22.5000 2262.2129   10.9641
   -7.5000   82.5000   22.5000 2108.7527   12.2708
    0.0000   82.5000   22.5000 2137.4749   12.1529
    7.5000   82.5000   22.5000 2132.6377   12.2348
   -7.5000   -7.5000   30.0000 2321.1846   13.3260
    0.0000   -7.5000   30.0000 2352.2385   13.1379
    7.5000   -7.5000   30.0000 2340.2119   13.1986
   -7.5000    0.0000   30.0000 2439.1445   12.0184
    0.0000    0.0000   30.0000 2470.5493   11.8125
    7.5000    0.0000   30.0000 2465.2939   11.8863
   -7.5000    7.5000   30.0000 2565.6497   11.0262
    0.0000    7.5000   30.0000 2595.8030   10.8270
    7.5000    7.5000   30.0000 2595.8782   10.9129
   -7.5000   15.0000   30.0000 2679.8083   10.2955
    0.0000   15.0000   30.0000 2713.4331   10.1114
    7.5000   15.0000   30.0000 2712.9827   10.2035
   -7.5000   22.5000   30.0000 2780.1655    9.7850
    0.0000   22.5000   30.0000 2819.3508    9.6273
    7.5000   22.5000   30.0000 2819.4038    9.7381
   -7.5000   30.0000   30.0000 2843.2290    9.4345
    0.0000   30.0000   30.0000 2883.4998    9.2686
    7.5000   30.0000   30.0000 2885.0786    9.3916
   -7.5000   37.5000   30.0000 2865.4612    9.3380
    0.0000   37.5000   30.0000 2906.9607    9.0860
    7.5000   37.5000   30.0000 2900.7405    9.2081
   -7.5000   45.0000   30.0000 2834.8669    9.5136
    0.0000   45.0000   30.0000 2886.8779    9.3348
    7.5000   45.0000   30.0000 2871.4980    9.4209
   -7.5000   52.5000   30.0000 2742.6643    9.9455
    0.0000   52.5000   30.0000 2784.6580    9.7960
    7.5000   52.5000   30.0000 2774.2166    9.8713
   -7.5000   60.0000   30.0000 2594.5481   10.4182
    0.0000   60.0000   30.0000 2627.3904   10.2839
    7.5000   60.0000   30.0000 2623.1348   10.3489
   -7.5000   67.5000   30.0000 2410.5176   10.8731
    0.0000   67.5000   30.0000 2441.9431   10.7630
    7.5000   67.5000   30.0000 2440.8979   10.8295
   -7.5000   75.0000   30.0000 2211.7441   11.2820
    0.0000   75.0000   30.0000 2242.3284   11.1947
    7.5000   75.0000   30.0000 2235.3218   11.2472
   -7.5000   82.5000   30.0000 2082.1812   12.5236
    0.0000   82.5000   30.0000 2108.7102   12.4302
    7.5000   82.5000   30.0000 2106.2412   12.4995
   -7.5000   -7.5000   37.5000 2286.8118   13.7969
    0.0000   -7.5000   37.5000 2315.6570   13.5304
    7.5000   -7.5000   37.5000 2310.9121   13.6757
   -7.5000    0.0000   37.5000 2407.8320   12.4513
    0.0000    0.0000   37.5000 2439.8159   12.1717
    7.5000    0.0000   37.5000 2438.4556   12.3149
   -7.5000    7.5000   37.5000 2531.9524   11.4628
    0.0000    7.5000   37.5000 2563.1428   11.1882
    7.5000    7.5000   37.5000 2562.4255   11.3328
   -7.5000   15.0000   37.5000 2640.7468   10.7174
    0.0000   15.0000   37.5000 2676.3801   10.5061
    7.5000   15.0000   37.5000 2674.7129   10.6336
   -7.5000   22.5000   37.5000 2729.9163   10.2119
    0.0000   22.5000   37.5000 2767.6086   10.0057
    7.5000   22.5000   37.5000 2768.1992   10.1390
   -7.5000   30.0000   37.5000 2781.0334    9.8629
    0.0000   30.0000   37.5000 2816.4333    9.6058
    7.5000   30.0000   37.5000 2815.7119    9.7368
   -7.5000   37.5000   37.5000 2797.1729    9.7374
    0.0000   37.5000   37.5000 2839.8704    9.5042
    7.5000   37.5000   37.5000 2831.0127    9.6150
   -7.5000   45.0000   37.5000 2771.5747    9.9244
    0.0000   45.0000   37.5000 2818.4189    9.7573
    7.5000   45.0000   37.5000 2807.8838    9.8401
   -7.5000   52.5000   37.5000 2691.0049   10.3583
    0.0000   52.5000   37.5000 2727.4683   10.1977
    7.5000   52.5000   37.5000 2717.1646   10.2717
   -7.5000   60.0000   37.5000 2548.8950   10.8375
    0.0000   60.0000   37.5000 2579.1965   10.6905
    7.5000   60.0000   37.5000 2573.7910   10.7311
   -7.5000   67.5000   37.5000 2370.1335   11.2744
    0.0000   67.5000   37.5000 2401.9375   11.1429
    7.5000   67.5000   37.5000 2399.2256   11.2090
   -7.5000   75.0000   37.5000 2176.2991   11.6846
    0.0000   75.0000   37.5000 2204.3147   11.5855
    7.5000   75.0000   37.5000 2202.6521   11.6378
   -7.5000   82.5000   37.5000 2046.7141   12.9583
    0.0000   82.5000   37.5000 2065.0747   12.8487
    7.5000   82.5000   37.5000 2067.3694   12.9111
   -7.5000   -7.5000   45.0000 2246.1733   14.4547
    0.0000   -7.5000   45.0000 2276.7493   14.1310
    7.5000   -7.5000   45.0000 2269.9290   14.3207
   -7.5000    0.0000   45.0000 2370.9336   13.0785
    0.0000    0.0000   45.0000 2400.6167   12.7603
    7.5000    0.0000   45.0000 2398.2625   12.9350
   -7.5000    7.5000   45.0000 2486.8674   12.0841
    0.0000    7.5000   45.0000 2518.3608   11.7807
    7.5000    7.5000   45.0000 2514.9336   11.9369
   -7.5000   15.0000   45.0000 2587.6833   11.3491
    0.0000   15.0000   45.0000 2625.0334   11.0850
    7.5000   15.0000   45.0000 2621.0454   11.2191
   -7.5000   22.5000   45.0000 2664.2698   10.7938
    0.0000   22.5000   45.0000 2702.0513   10.5125
    7.5000   22.5000   45.0000 2701.4343   10.6601
   -7.5000   30.0000   45.0000 2708.6414   10.4183
    0.0000   30.0000   45.0000 2747.4038   10.1431
    7.5000   30.0000   45.0000 2745.5813   10.2723
   -7.5000   37.5000   45.0000 2723.9414   10.3130
    0.0000   37.5000   45.0000 2759.9924   10.0946
    7.5000   37.5000   45.0000 2757.9666   10.1993
   -7.5000   45.0000   45.0000 2702.3950   10.5089
    0.0000   45.0000   45.0000 2743.0791   10.3322
    7.5000   45.0000   45.0000 2734.8049   10.4159
   -7.5000   52.5000   45.0000 2617.1851   10.9398
    0.0000   52.5000   45.0000 2652.0913   10.7556
    7.5000   52.5000   45.0000 2645.5637   10.8365
   -7.5000   60.0000   45.0000 2479.4631   11.4012
    0.0000   60.0000   45.0000 2508.0957   11.2116
    7.5000   60.0000   45.0000 2507.0081   11.2716
   -7.5000   67.5000   45.0000 2316.1921   11.7724
    0.0000   67.5000   45.0000 2345.4521   11.6231
    7.5000   67.5000   45.0000 2345.6848   11.6856
   -7.5000   75.0000   45.0000 2126.1682   12.1727
    0.0000   75.0000   45.0000 2153.7725   12.0725
    7.5000   75.0000   45.0000 2154.2241   12.1134
   -7.5000   82.5000   45.0000 1995.9642   13.4788
    0.0000   82.5000   45.0000 2014.1014   13.3507
    7.5000   82.5000   45.0000 2015.1892   13.3987
   -7.5000   -7.5000   52.5000 2196.6128   15.3328
    0.0000   -7.5000   52.5000 2229.8628   14.9841
    7.5000   -7.5000   52.5000 2222.1833   15.1843
   -7.5000    0.0000   52.5000 2319.4009   13.8931
    0.0000    0.0000   52.5000 2354.8669   13.5631
    7.5000    0.0000   52.5000 2345.5496   13.7537
   -7.5000    7.5000   52.5000 2426.6311   12.8809
    0.0000    7.5000   52.5000 2459.9458   12.5642
    7.5000    7.5000   52.5000 2456.5125   12.7246
   -7.5000   15.0000   52.5000 2520.4585   12.1120
    0.0000   15.0000   52.5000 2556.3176   11.7962
    7.5000   15.0000   52.5000 2551.5286   11.9478
   -7.5000   22.5000   52.5000 2586.8123   11.5103
    0.0000   22.5000   52.5000 2624.9233   11.2100
    7.5000   22.5000   52.5000 2620.2268   11.3426
   -7.5000   30.0000   52.5000 2626.9871   11.1281
    0.0000   30.0000   52.5000 2663.3909   10.8771
    7.5000   30.0000   52.5000 2658.7085   10.9982
   -7.5000   37.5000   52.5000 2638.6418   11.0406
    0.0000   37.5000   52.5000 2676.0708   10.8256
    7.5000   37.5000   52.5000 2672.3450   10.9286
   -7.5000   45.0000   52.5000 2614.8203   11.2314
    0.0000   45.0000   52.5000 2655.3828   11.0313
    7.5000   45.0000   52.5000 2645.5015   11.1416
   -7.5000   52.5000   52.5000 2538.7280   11.6633
    0.0000   52.5000   52.5000 2572.7507   11.4540
    7.5000   52.5000   52.5000 2567.3311   11.5507
   -7.5000   60.0000   52.5000 2406.4075   12.0937
    0.0000   60.0000   52.5000 2436.0154   11.8771
    7.5000   60.0000   52.5000 2433.7993   11.9687
   -7.5000   67.5000   52.5000 2252.2407   12.4115
    0.0000   67.5000   52.5000 2282.2957   12.2517
    7.5000   67.5000   52.5000 2279.5364   12.3284
   -7.5000   75.0000   52.5000 2066.6255   12.7931
    0.0000   75.0000   52.5000 2087.1194   12.6863
    7.5000   75.0000   52.5000 2086.1775   12.7571
   -7.5000   82.5000   52.5000 1935.3439   14.1237
    0.0000   82.5000   52.5000 1952.6731   14.0085
    7.5000   82.5000   52.5000 1953.2643   14.0628

---------------------------------------------------------------------
imgreg_4dfp /opt/freesurfer/average/711-2C_as_mni_average_305 /opt/freesurfer/average/711-2B_as_mni_average_305_mask talsrcimg_g11 none talsrcimg_to_711-2C_as_mni_average_305_t4 1283
---------------------------------------------------------------------

freesurfer imgreg_4dfp.c
/opt/freesurfer/average/711-2C_as_mni_average_305.4dfp.img
       256       256       256         1
  1.000000  1.000000  1.000000
orientation T byte_order littleendian
Reading image: /opt/freesurfer/average/711-2C_as_mni_average_305.4dfp.img
dimensions:      256       256       256
mmppix:       1.0000   -1.0000   -1.0000
center:     128.0000 -129.0000 -129.0000
/opt/freesurfer/average/711-2B_as_mni_average_305_mask.4dfp.img
       256       256       256         1
  1.000000  1.000000  1.000000
orientation T byte_order littleendian
Reading mask: /opt/freesurfer/average/711-2B_as_mni_average_305_mask.4dfp.img (2306576 pixels)
talsrcimg_g11.4dfp.img
       256       256       256         1
  1.000000  1.000000  1.000000
orientation T byte_order littleendian
Reading image: talsrcimg_g11.4dfp.img
dimensions:      256       256       256
mmppix:       1.0000   -1.0000   -1.0000
center:     128.0000 -129.0000 -129.0000
rotation matrix determinant  1.000000
fimgreg.f
image alignment mode   1283 decimal      503 hex
parameters
    0.0000   37.5000   15.0000    0.0000    0.0000    0.0000
eta,q 0.94799  9.03570
niter,ni,del,rscale     5    3   12.0000    1.2000
parameter  1 -0.555234 -> -0.500000 qaram    1.1500
parameters
    3.4500   35.3222   12.3170   -2.2583   -0.8884   -2.9631
eta,q 0.95617  9.08255
  0.0747  0.0533  0.0506  0.0486  0.0526  0.0461
  0.0658  0.0498  0.0470  0.0471  0.0483  0.0443
  0.0602  0.0492  0.0467  0.0458  0.0457  0.0438
  0.0565  0.0509  0.0492  0.0463  0.0458  0.0455
  0.0524  0.0539  0.0523  0.0498  0.0483  0.0487
  0.0513  0.0581  0.0550  0.0549  0.0523  0.0525
  0.0552  0.0640  0.0581  0.0598  0.0576  0.0565
niter,ni,del,rscale     5    3   12.0000    1.2000
parameters
    2.6972   35.9457   12.3312   -3.2648   -0.1282   -3.7206
eta,q 0.95635  9.10842
  0.0603  0.0567  0.0526  0.0480  0.0555  0.0480
  0.0515  0.0505  0.0479  0.0468  0.0493  0.0460
  0.0453  0.0466  0.0443  0.0445  0.0450  0.0443
  0.0438  0.0437  0.0432  0.0432  0.0435  0.0436
  0.0485  0.0437  0.0444  0.0448  0.0440  0.0448
  0.0579  0.0471  0.0477  0.0488  0.0460  0.0478
  0.0687  0.0529  0.0526  0.0546  0.0505  0.0512
niter,ni,del,rscale     4    3   12.0000    1.2000
parameters
    2.3746   36.2934   12.3105   -3.9924    0.2048   -4.0409
eta,q 0.95625  9.12062
  0.0624  0.0547  0.0516  0.0476  0.0539  0.0487
  0.0525  0.0497  0.0473  0.0466  0.0483  0.0464
  0.0455  0.0465  0.0444  0.0450  0.0449  0.0447
  0.0436  0.0436  0.0433  0.0433  0.0437  0.0437
  0.0467  0.0435  0.0439  0.0440  0.0441  0.0444
  0.0551  0.0470  0.0470  0.0472  0.0467  0.0470
  0.0663  0.0537  0.0522  0.0525  0.0520  0.0502
niter,ni,del,rscale     3    3   12.0000    1.2000
parameters
    2.2522   36.4522   12.1948   -4.2573    0.3218   -4.1150
eta,q 0.95623  9.12233
  0.0638  0.0540  0.0510  0.0482  0.0533  0.0491
  0.0535  0.0494  0.0471  0.0467  0.0480  0.0468
  0.0461  0.0465  0.0447  0.0455  0.0450  0.0449
  0.0438  0.0437  0.0436  0.0436  0.0438  0.0438
  0.0465  0.0435  0.0441  0.0436  0.0443  0.0442
  0.0543  0.0474  0.0471  0.0461  0.0473  0.0467
  0.0654  0.0546  0.0522  0.0509  0.0528  0.0498
niter,ni,del,rscale     2    3   12.0000    1.2000
parameters
    2.2147   36.4757   12.1380   -4.3022    0.3529   -4.1323
eta,q 0.95621  9.12252
  0.0644  0.0537  0.0511  0.0485  0.0530  0.0492
  0.0540  0.0492  0.0472  0.0468  0.0479  0.0468
  0.0464  0.0464  0.0449  0.0456  0.0449  0.0450
  0.0438  0.0438  0.0437  0.0438  0.0438  0.0438
  0.0464  0.0437  0.0441  0.0435  0.0444  0.0442
  0.0540  0.0479  0.0471  0.0457  0.0475  0.0466
  0.0650  0.0552  0.0519  0.0503  0.0531  0.0497
registration optimization eta report
parameter search radius
    6.9000    6.0000    6.0000    6.0000    6.0000    6.0000
100000*second partial in parameter space
       44.       29.       22.       15.       26.       15.
  0.0644  0.0537  0.0511  0.0485  0.0530  0.0492
  0.0540  0.0492  0.0472  0.0468  0.0479  0.0468
  0.0464  0.0464  0.0449  0.0456  0.0449  0.0450
  0.0438  0.0438  0.0437  0.0438  0.0438  0.0438
  0.0464  0.0437  0.0441  0.0435  0.0444  0.0442
  0.0540  0.0479  0.0471  0.0457  0.0475  0.0466
  0.0650  0.0552  0.0519  0.0503  0.0531  0.0497
    2.2147   36.4757   12.1380   -4.3022    0.3529   -4.1323
eta,q 0.95621  9.12252

---------------------------------------------------------------------
imgreg_4dfp /opt/freesurfer/average/711-2C_as_mni_average_305 /opt/freesurfer/average/711-2B_as_mni_average_305_mask talsrcimg_g11 none talsrcimg_to_711-2C_as_mni_average_305_t4 3335
---------------------------------------------------------------------

freesurfer imgreg_4dfp.c
/opt/freesurfer/average/711-2C_as_mni_average_305.4dfp.img
       256       256       256         1
  1.000000  1.000000  1.000000
orientation T byte_order littleendian
Reading image: /opt/freesurfer/average/711-2C_as_mni_average_305.4dfp.img
dimensions:      256       256       256
mmppix:       1.0000   -1.0000   -1.0000
center:     128.0000 -129.0000 -129.0000
/opt/freesurfer/average/711-2B_as_mni_average_305_mask.4dfp.img
       256       256       256         1
  1.000000  1.000000  1.000000
orientation T byte_order littleendian
Reading mask: /opt/freesurfer/average/711-2B_as_mni_average_305_mask.4dfp.img (2306576 pixels)
talsrcimg_g11.4dfp.img
       256       256       256         1
  1.000000  1.000000  1.000000
orientation T byte_order littleendian
Reading image: talsrcimg_g11.4dfp.img
dimensions:      256       256       256
mmppix:       1.0000   -1.0000   -1.0000
center:     128.0000 -129.0000 -129.0000
fimgreg.f
image alignment mode   3335 decimal      D07 hex
parameters
    2.2147   36.4757   12.1380   -0.2619   -0.5444   -0.2837
    7.2318   -0.0720   -7.2059    7.5265    0.6159   -7.5016
eta,q 0.95761  9.14600
niter,ni,del,rscale     5    3    5.0000    1.2000
parameter  4  1.469554 ->  0.500000 qaram    1.1500
parameter  5  1.629954 ->  0.500000 qaram    1.1500
parameters
    2.2989   36.6195   12.7343   -4.4019   -4.6844   -1.4513
    7.4131    0.5515   -3.9033    7.6223   -1.6525   -7.8080
eta,q 0.96656  8.84776
  0.0457  0.0453  0.0445  0.0367  0.0324  0.0356  0.0369  0.0389  0.0379  0.0372  0.0339  0.0345
  0.0439  0.0438  0.0435  0.0377  0.0337  0.0346  0.0354  0.0366  0.0362  0.0352  0.0336  0.0339
  0.0428  0.0428  0.0428  0.0395  0.0355  0.0341  0.0344  0.0349  0.0349  0.0341  0.0334  0.0335
  0.0424  0.0424  0.0424  0.0423  0.0381  0.0341  0.0341  0.0341  0.0340  0.0336  0.0336  0.0334
  0.0427  0.0425  0.0423  0.0456  0.0414  0.0347  0.0343  0.0342  0.0336  0.0339  0.0339  0.0336
  0.0436  0.0434  0.0425  0.0494  0.0451  0.0357  0.0352  0.0354  0.0337  0.0351  0.0343  0.0341
  0.0453  0.0447  0.0431  0.0537  0.0491  0.0368  0.0366  0.0377  0.0342  0.0371  0.0349  0.0347
niter,ni,del,rscale     6    3    5.0000    1.2000
parameter  4  0.729418 ->  0.500000 qaram    1.3225
parameter  5  0.905821 ->  0.500000 qaram    1.3225
parameters
    2.2315   36.8137   12.6068   -9.1629   -9.4454   -1.8498
    6.5668    0.6566   -4.3556    8.3904   -1.5730   -8.6842
eta,q 0.97050  8.42445
  0.0368  0.0367  0.0348  0.0317  0.0291  0.0317  0.0314  0.0337  0.0313  0.0334  0.0306  0.0305
  0.0349  0.0350  0.0340  0.0317  0.0294  0.0305  0.0303  0.0316  0.0302  0.0314  0.0300  0.0299
  0.0338  0.0339  0.0336  0.0322  0.0303  0.0298  0.0296  0.0301  0.0296  0.0300  0.0297  0.0295
  0.0334  0.0334  0.0334  0.0334  0.0318  0.0296  0.0296  0.0295  0.0295  0.0295  0.0295  0.0295
  0.0339  0.0336  0.0336  0.0356  0.0340  0.0300  0.0300  0.0300  0.0299  0.0298  0.0296  0.0298
  0.0352  0.0345  0.0342  0.0389  0.0372  0.0311  0.0310  0.0314  0.0306  0.0306  0.0300  0.0303
  0.0371  0.0358  0.0351  0.0428  0.0410  0.0321  0.0324  0.0335  0.0317  0.0319  0.0306  0.0310
niter,ni,del,rscale     7    3    5.0000    1.2000
parameters
    2.2622   37.0706   13.0091  -11.9155  -13.1949   -1.6691
    6.1443    0.9443   -4.7279    9.4294   -1.8083   -9.5598
eta,q 0.97153  8.11623
  0.0327  0.0326  0.0315  0.0308  0.0300  0.0312  0.0307  0.0329  0.0303  0.0324  0.0294  0.0294
  0.0310  0.0310  0.0305  0.0296  0.0288  0.0299  0.0295  0.0307  0.0293  0.0304  0.0289  0.0288
  0.0299  0.0300  0.0298  0.0292  0.0286  0.0290  0.0287  0.0292  0.0287  0.0291  0.0286  0.0285
  0.0295  0.0295  0.0295  0.0294  0.0292  0.0286  0.0285  0.0285  0.0285  0.0285  0.0285  0.0285
  0.0298  0.0296  0.0295  0.0303  0.0307  0.0288  0.0290  0.0289  0.0289  0.0287  0.0286  0.0288
  0.0309  0.0303  0.0298  0.0322  0.0328  0.0297  0.0299  0.0302  0.0296  0.0294  0.0290  0.0293
  0.0326  0.0315  0.0305  0.0353  0.0362  0.0310  0.0313  0.0323  0.0307  0.0306  0.0295  0.0299
niter,ni,del,rscale     6    3    5.0000    1.2000
parameters
    2.2923   37.5506   12.9658  -12.3076  -13.9538   -1.6126
    6.0907    1.1382   -4.7556   10.5613   -1.8533  -10.0716
eta,q 0.97169  8.07227
  0.0316  0.0317  0.0298  0.0313  0.0315  0.0309  0.0307  0.0325  0.0303  0.0320  0.0292  0.0294
  0.0299  0.0301  0.0290  0.0296  0.0298  0.0297  0.0295  0.0304  0.0292  0.0301  0.0287  0.0287
  0.0289  0.0290  0.0285  0.0286  0.0286  0.0288  0.0286  0.0289  0.0285  0.0289  0.0284  0.0284
  0.0285  0.0285  0.0284  0.0284  0.0284  0.0284  0.0284  0.0284  0.0283  0.0283  0.0283  0.0283
  0.0288  0.0284  0.0286  0.0288  0.0290  0.0286  0.0287  0.0287  0.0286  0.0284  0.0284  0.0285
  0.0298  0.0289  0.0291  0.0298  0.0305  0.0296  0.0295  0.0300  0.0293  0.0291  0.0287  0.0290
  0.0314  0.0299  0.0298  0.0319  0.0327  0.0309  0.0308  0.0321  0.0302  0.0302  0.0292  0.0296
niter,ni,del,rscale     5    3    5.0000    1.2000
parameters
    2.3474   37.9202   12.8122  -12.6027  -14.6772   -1.6785
    5.9816    1.3035   -4.7438   11.6132   -1.8841  -10.4958
eta,q 0.97182  8.02756
  0.0314  0.0312  0.0295  0.0312  0.0313  0.0306  0.0305  0.0322  0.0301  0.0317  0.0290  0.0292
  0.0298  0.0298  0.0287  0.0294  0.0297  0.0295  0.0293  0.0302  0.0290  0.0299  0.0286  0.0286
  0.0287  0.0288  0.0283  0.0284  0.0285  0.0286  0.0285  0.0288  0.0284  0.0287  0.0283  0.0282
  0.0283  0.0283  0.0283  0.0282  0.0282  0.0282  0.0282  0.0282  0.0282  0.0282  0.0282  0.0282
  0.0286  0.0283  0.0285  0.0287  0.0288  0.0285  0.0285  0.0286  0.0284  0.0283  0.0283  0.0284
  0.0296  0.0289  0.0290  0.0296  0.0303  0.0295  0.0294  0.0299  0.0291  0.0290  0.0286  0.0288
  0.0311  0.0299  0.0298  0.0316  0.0324  0.0308  0.0307  0.0319  0.0300  0.0300  0.0290  0.0294
niter,ni,del,rscale     4    3    5.0000    1.2000
parameters
    2.4010   38.2950   12.6074  -12.9712  -15.4898   -1.8974
    5.8678    1.4430   -4.7253   12.7924   -1.9217  -10.8437
eta,q 0.97195  7.96874
  0.0312  0.0310  0.0292  0.0310  0.0309  0.0303  0.0303  0.0320  0.0298  0.0315  0.0289  0.0291
  0.0296  0.0296  0.0286  0.0293  0.0295  0.0292  0.0291  0.0300  0.0289  0.0298  0.0284  0.0284
  0.0286  0.0286  0.0282  0.0283  0.0284  0.0284  0.0284  0.0286  0.0283  0.0286  0.0282  0.0281
  0.0282  0.0282  0.0281  0.0281  0.0281  0.0281  0.0281  0.0281  0.0281  0.0281  0.0281  0.0281
  0.0285  0.0282  0.0284  0.0286  0.0287  0.0284  0.0284  0.0285  0.0283  0.0282  0.0281  0.0283
  0.0294  0.0287  0.0289  0.0296  0.0302  0.0294  0.0292  0.0297  0.0289  0.0288  0.0284  0.0286
  0.0310  0.0297  0.0297  0.0314  0.0323  0.0307  0.0305  0.0318  0.0298  0.0297  0.0289  0.0292
niter,ni,del,rscale     3    3    5.0000    1.2000
parameters
    2.4541   38.7652   12.2795  -13.5046  -16.5942   -2.4129
    5.7673    1.5754   -4.7022   14.3391   -2.0859  -11.0844
eta,q 0.97219  7.87796
  0.0311  0.0309  0.0289  0.0307  0.0304  0.0299  0.0301  0.0317  0.0295  0.0314  0.0286  0.0288
  0.0295  0.0295  0.0283  0.0290  0.0291  0.0289  0.0289  0.0297  0.0286  0.0297  0.0282  0.0282
  0.0284  0.0285  0.0280  0.0280  0.0281  0.0281  0.0282  0.0284  0.0281  0.0285  0.0279  0.0279
  0.0281  0.0281  0.0280  0.0280  0.0279  0.0279  0.0279  0.0279  0.0279  0.0279  0.0278  0.0278
  0.0283  0.0280  0.0283  0.0286  0.0285  0.0283  0.0282  0.0283  0.0281  0.0279  0.0279  0.0280
  0.0293  0.0284  0.0288  0.0295  0.0300  0.0293  0.0290  0.0295  0.0286  0.0284  0.0282  0.0283
  0.0308  0.0293  0.0296  0.0313  0.0321  0.0306  0.0302  0.0315  0.0295  0.0293  0.0287  0.0289
niter,ni,del,rscale     2    3    5.0000    1.2000
parameters
    2.5036   39.4329   11.7245  -14.2565  -18.0874   -3.3398
    5.7453    1.6999   -4.4465   16.1680   -2.7732  -11.1712
eta,q 0.97275  7.74558
  0.0308  0.0308  0.0283  0.0303  0.0298  0.0291  0.0296  0.0312  0.0292  0.0313  0.0279  0.0282
  0.0292  0.0294  0.0278  0.0286  0.0285  0.0282  0.0285  0.0293  0.0283  0.0296  0.0276  0.0277
  0.0282  0.0284  0.0276  0.0276  0.0276  0.0276  0.0277  0.0279  0.0277  0.0283  0.0273  0.0273
  0.0278  0.0278  0.0276  0.0276  0.0275  0.0275  0.0275  0.0274  0.0274  0.0274  0.0273  0.0272
  0.0281  0.0277  0.0280  0.0283  0.0282  0.0279  0.0277  0.0278  0.0276  0.0273  0.0274  0.0274
  0.0290  0.0279  0.0286  0.0294  0.0297  0.0289  0.0285  0.0290  0.0281  0.0278  0.0278  0.0277
  0.0306  0.0287  0.0294  0.0311  0.0320  0.0302  0.0297  0.0310  0.0290  0.0288  0.0283  0.0282
niter,ni,del,rscale     1    3    5.0000    1.2000
parameters
    2.5308   40.0703   11.0856  -14.8041  -19.1373   -4.1696
    5.7105    1.8503   -4.1590   17.2557   -3.1911  -11.4255
eta,q 0.97311  7.64822
  0.0302  0.0305  0.0276  0.0301  0.0297  0.0285  0.0291  0.0308  0.0290  0.0306  0.0277  0.0277
  0.0286  0.0290  0.0272  0.0283  0.0282  0.0277  0.0280  0.0288  0.0280  0.0289  0.0273  0.0273
  0.0276  0.0279  0.0270  0.0272  0.0273  0.0271  0.0273  0.0275  0.0273  0.0276  0.0270  0.0270
  0.0273  0.0272  0.0271  0.0270  0.0270  0.0270  0.0270  0.0270  0.0270  0.0270  0.0269  0.0269
  0.0276  0.0271  0.0274  0.0278  0.0276  0.0273  0.0272  0.0273  0.0271  0.0270  0.0271  0.0270
  0.0285  0.0274  0.0280  0.0290  0.0291  0.0283  0.0280  0.0286  0.0278  0.0277  0.0274  0.0274
  0.0301  0.0283  0.0288  0.0306  0.0314  0.0295  0.0292  0.0305  0.0287  0.0290  0.0279  0.0279
registration optimization eta report
parameter search radius
    2.4000    2.4000    2.4000    9.5220    9.5220    7.2000
    7.2000    7.2000    7.2000    7.2000    7.2000    7.2000
100000*second partial in parameter space
       50.       37.       20.        4.        4.        4.
        4.        7.        4.        5.        2.        2.
  0.0302  0.0305  0.0276  0.0301  0.0297  0.0285  0.0291  0.0308  0.0290  0.0306  0.0277  0.0277
  0.0286  0.0290  0.0272  0.0283  0.0282  0.0277  0.0280  0.0288  0.0280  0.0289  0.0273  0.0273
  0.0276  0.0279  0.0270  0.0272  0.0273  0.0271  0.0273  0.0275  0.0273  0.0276  0.0270  0.0270
  0.0273  0.0272  0.0271  0.0270  0.0270  0.0270  0.0270  0.0270  0.0270  0.0270  0.0269  0.0269
  0.0276  0.0271  0.0274  0.0278  0.0276  0.0273  0.0272  0.0273  0.0271  0.0270  0.0271  0.0270
  0.0285  0.0274  0.0280  0.0290  0.0291  0.0283  0.0280  0.0286  0.0278  0.0277  0.0274  0.0274
  0.0301  0.0283  0.0288  0.0306  0.0314  0.0295  0.0292  0.0305  0.0287  0.0290  0.0279  0.0279
    2.5308   40.0703   11.0856  -14.8041  -19.1373   -4.1696
    5.7105    1.8503   -4.1590   17.2557   -3.1911  -11.4255
eta,q 0.97311  7.64822

---------------------------------------------------------------------
imgreg_4dfp /opt/freesurfer/average/711-2C_as_mni_average_305 /opt/freesurfer/average/711-2B_as_mni_average_305_mask talsrcimg_g11 none talsrcimg_to_711-2C_as_mni_average_305_t4 2311
---------------------------------------------------------------------

freesurfer imgreg_4dfp.c
/opt/freesurfer/average/711-2C_as_mni_average_305.4dfp.img
       256       256       256         1
  1.000000  1.000000  1.000000
orientation T byte_order littleendian
Reading image: /opt/freesurfer/average/711-2C_as_mni_average_305.4dfp.img
dimensions:      256       256       256
mmppix:       1.0000   -1.0000   -1.0000
center:     128.0000 -129.0000 -129.0000
/opt/freesurfer/average/711-2B_as_mni_average_305_mask.4dfp.img
       256       256       256         1
  1.000000  1.000000  1.000000
orientation T byte_order littleendian
Reading mask: /opt/freesurfer/average/711-2B_as_mni_average_305_mask.4dfp.img (2306576 pixels)
talsrcimg_g11.4dfp.img
       256       256       256         1
  1.000000  1.000000  1.000000
orientation T byte_order littleendian
Reading image: talsrcimg_g11.4dfp.img
dimensions:      256       256       256
mmppix:       1.0000   -1.0000   -1.0000
center:     128.0000 -129.0000 -129.0000
fimgreg.f
image alignment mode   2311 decimal      907 hex
parameters
    2.5308   40.0703   11.0856  -14.8041  -19.1373   -4.1696
    5.7105    1.8503   -4.1590   17.2557   -3.1911  -11.4255
eta,q 0.97311  7.64822
niter,ni,del,rscale     5    3    5.0000    0.8000
parameters
    2.5777   40.3311   10.7291  -15.2851  -19.0146   -4.5043
    5.6990    1.9807   -4.0910   17.5508   -3.3141  -11.5240
eta,q 0.97318  7.62188
  0.0283  0.0282  0.0271  0.0278  0.0278  0.0276  0.0279  0.0286  0.0278  0.0283  0.0272  0.0272
  0.0275  0.0276  0.0269  0.0272  0.0273  0.0272  0.0273  0.0277  0.0273  0.0275  0.0270  0.0270
  0.0271  0.0271  0.0268  0.0269  0.0270  0.0269  0.0270  0.0270  0.0269  0.0270  0.0269  0.0269
  0.0269  0.0269  0.0269  0.0268  0.0268  0.0268  0.0268  0.0268  0.0268  0.0268  0.0268  0.0268
  0.0270  0.0269  0.0270  0.0271  0.0269  0.0270  0.0269  0.0270  0.0269  0.0269  0.0269  0.0269
  0.0274  0.0271  0.0272  0.0276  0.0272  0.0273  0.0273  0.0275  0.0272  0.0273  0.0270  0.0270
  0.0282  0.0276  0.0276  0.0282  0.0278  0.0279  0.0279  0.0284  0.0277  0.0280  0.0273  0.0273
niter,ni,del,rscale     4    3    5.0000    0.7000
parameters
    2.6109   40.4028   10.6090  -15.3111  -19.0105   -4.6352
    5.6628    2.0353   -4.0665   17.6317   -3.3704  -11.5500
eta,q 0.97319  7.61679
  0.0279  0.0277  0.0271  0.0277  0.0276  0.0275  0.0276  0.0282  0.0276  0.0279  0.0272  0.0271
  0.0273  0.0272  0.0269  0.0272  0.0272  0.0271  0.0272  0.0274  0.0272  0.0273  0.0270  0.0270
  0.0270  0.0269  0.0268  0.0269  0.0269  0.0269  0.0269  0.0270  0.0269  0.0269  0.0268  0.0269
  0.0268  0.0268  0.0268  0.0268  0.0268  0.0268  0.0268  0.0268  0.0268  0.0268  0.0268  0.0268
  0.0269  0.0269  0.0269  0.0269  0.0269  0.0269  0.0269  0.0269  0.0269  0.0269  0.0269  0.0269
  0.0272  0.0271  0.0270  0.0272  0.0271  0.0271  0.0272  0.0274  0.0271  0.0273  0.0270  0.0270
  0.0278  0.0275  0.0273  0.0277  0.0276  0.0276  0.0277  0.0281  0.0275  0.0278  0.0272  0.0272
niter,ni,del,rscale     3    3    5.0000    0.6000
parameters
    2.6245   40.4212   10.5678  -15.3163  -18.9737   -4.6728
    5.6627    2.0570   -4.0437   17.6380   -3.4058  -11.5296
eta,q 0.97319  7.61665
  0.0276  0.0274  0.0271  0.0275  0.0274  0.0273  0.0274  0.0278  0.0274  0.0276  0.0271  0.0271
  0.0272  0.0271  0.0269  0.0271  0.0271  0.0270  0.0271  0.0273  0.0271  0.0272  0.0269  0.0269
  0.0269  0.0269  0.0268  0.0269  0.0269  0.0269  0.0269  0.0269  0.0269  0.0269  0.0268  0.0268
  0.0268  0.0268  0.0268  0.0268  0.0268  0.0268  0.0268  0.0268  0.0268  0.0268  0.0268  0.0268
  0.0269  0.0269  0.0269  0.0269  0.0269  0.0269  0.0269  0.0269  0.0269  0.0269  0.0268  0.0268
  0.0271  0.0271  0.0269  0.0271  0.0271  0.0270  0.0271  0.0272  0.0271  0.0272  0.0269  0.0269
  0.0276  0.0274  0.0271  0.0275  0.0274  0.0273  0.0274  0.0278  0.0274  0.0276  0.0271  0.0271
niter,ni,del,rscale     2    3    5.0000    0.5000
parameters
    2.6277   40.4219   10.5569  -15.3166  -18.9282   -4.6820
    5.6655    2.0717   -4.0423   17.6153   -3.4199  -11.4998
eta,q 0.97319  7.61786
  0.0273  0.0272  0.0270  0.0273  0.0272  0.0272  0.0272  0.0275  0.0272  0.0274  0.0270  0.0270
  0.0271  0.0270  0.0269  0.0270  0.0270  0.0270  0.0270  0.0271  0.0270  0.0270  0.0269  0.0269
  0.0269  0.0269  0.0268  0.0269  0.0269  0.0269  0.0269  0.0269  0.0269  0.0269  0.0268  0.0268
  0.0268  0.0268  0.0268  0.0268  0.0268  0.0268  0.0268  0.0268  0.0268  0.0268  0.0268  0.0268
  0.0269  0.0269  0.0268  0.0269  0.0268  0.0268  0.0269  0.0269  0.0269  0.0269  0.0268  0.0268
  0.0271  0.0270  0.0269  0.0270  0.0270  0.0270  0.0270  0.0271  0.0270  0.0271  0.0269  0.0269
  0.0273  0.0272  0.0270  0.0273  0.0272  0.0272  0.0272  0.0275  0.0272  0.0274  0.0270  0.0270
niter,ni,del,rscale     1    3    5.0000    0.4000
parameters
    2.6288   40.4145   10.5555  -15.3111  -18.8862   -4.6543
    5.6677    2.0765   -4.0366   17.5804   -3.4180  -11.4631
eta,q 0.97319  7.62021
  0.0272  0.0271  0.0269  0.0271  0.0271  0.0270  0.0271  0.0272  0.0271  0.0272  0.0269  0.0269
  0.0270  0.0269  0.0269  0.0270  0.0269  0.0269  0.0269  0.0270  0.0269  0.0270  0.0269  0.0269
  0.0269  0.0268  0.0268  0.0268  0.0268  0.0268  0.0268  0.0269  0.0268  0.0268  0.0268  0.0268
  0.0268  0.0268  0.0268  0.0268  0.0268  0.0268  0.0268  0.0268  0.0268  0.0268  0.0268  0.0268
  0.0268  0.0268  0.0268  0.0268  0.0268  0.0268  0.0268  0.0269  0.0268  0.0269  0.0268  0.0268
  0.0270  0.0269  0.0269  0.0270  0.0269  0.0269  0.0269  0.0270  0.0269  0.0270  0.0269  0.0269
  0.0272  0.0271  0.0269  0.0271  0.0271  0.0270  0.0271  0.0272  0.0271  0.0272  0.0269  0.0269
registration optimization eta report
parameter search radius
    0.8000    0.8000    0.8000    2.4000    2.4000    2.4000
    2.4000    2.4000    2.4000    2.4000    2.4000    2.4000
100000*second partial in parameter space
       53.       40.       20.        5.        5.        4.
        5.        8.        4.        6.        2.        2.
  0.0272  0.0271  0.0269  0.0271  0.0271  0.0270  0.0271  0.0272  0.0271  0.0272  0.0269  0.0269
  0.0270  0.0269  0.0269  0.0270  0.0269  0.0269  0.0269  0.0270  0.0269  0.0270  0.0269  0.0269
  0.0269  0.0268  0.0268  0.0268  0.0268  0.0268  0.0268  0.0269  0.0268  0.0268  0.0268  0.0268
  0.0268  0.0268  0.0268  0.0268  0.0268  0.0268  0.0268  0.0268  0.0268  0.0268  0.0268  0.0268
  0.0268  0.0268  0.0268  0.0268  0.0268  0.0268  0.0268  0.0269  0.0268  0.0269  0.0268  0.0268
  0.0270  0.0269  0.0269  0.0270  0.0269  0.0269  0.0269  0.0270  0.0269  0.0270  0.0269  0.0269
  0.0272  0.0271  0.0269  0.0271  0.0271  0.0270  0.0271  0.0272  0.0271  0.0272  0.0269  0.0269
    2.6288   40.4145   10.5555  -15.3111  -18.8862   -4.6543
    5.6677    2.0765   -4.0366   17.5804   -3.4180  -11.4631
eta,q 0.97319  7.62021

---------------------------------------------------------------------
imgreg_4dfp /opt/freesurfer/average/711-2C_as_mni_average_305 /opt/freesurfer/average/711-2B_as_mni_average_305_mask talsrcimg_g11 none talsrcimg_to_711-2C_as_mni_average_305_t4 2311
---------------------------------------------------------------------

freesurfer imgreg_4dfp.c
/opt/freesurfer/average/711-2C_as_mni_average_305.4dfp.img
       256       256       256         1
  1.000000  1.000000  1.000000
orientation T byte_order littleendian
Reading image: /opt/freesurfer/average/711-2C_as_mni_average_305.4dfp.img
dimensions:      256       256       256
mmppix:       1.0000   -1.0000   -1.0000
center:     128.0000 -129.0000 -129.0000
/opt/freesurfer/average/711-2B_as_mni_average_305_mask.4dfp.img
       256       256       256         1
  1.000000  1.000000  1.000000
orientation T byte_order littleendian
Reading mask: /opt/freesurfer/average/711-2B_as_mni_average_305_mask.4dfp.img (2306576 pixels)
talsrcimg_g11.4dfp.img
       256       256       256         1
  1.000000  1.000000  1.000000
orientation T byte_order littleendian
Reading image: talsrcimg_g11.4dfp.img
dimensions:      256       256       256
mmppix:       1.0000   -1.0000   -1.0000
center:     128.0000 -129.0000 -129.0000
fimgreg.f
image alignment mode   2311 decimal      907 hex
parameters
    2.6288   40.4145   10.5555  -15.3111  -18.8862   -4.6543
    5.6677    2.0765   -4.0366   17.5804   -3.4180  -11.4631
eta,q 0.97319  7.62021
niter,ni,del,rscale     5    3    5.0000    0.8000
parameters
    2.6276   40.4258   10.5531  -15.2927  -19.0615   -4.7468
    5.6125    2.0589   -4.0456   17.6754   -3.4065  -11.5714
eta,q 0.97318  7.61191
  0.0282  0.0278  0.0273  0.0280  0.0277  0.0277  0.0278  0.0285  0.0278  0.0282  0.0273  0.0272
  0.0274  0.0273  0.0270  0.0274  0.0272  0.0272  0.0273  0.0276  0.0273  0.0275  0.0270  0.0270
  0.0270  0.0269  0.0269  0.0270  0.0269  0.0269  0.0269  0.0270  0.0269  0.0270  0.0269  0.0269
  0.0268  0.0268  0.0268  0.0268  0.0268  0.0268  0.0268  0.0268  0.0268  0.0268  0.0268  0.0268
  0.0270  0.0269  0.0269  0.0270  0.0269  0.0269  0.0269  0.0270  0.0269  0.0270  0.0269  0.0269
  0.0274  0.0273  0.0270  0.0274  0.0273  0.0272  0.0273  0.0276  0.0273  0.0274  0.0270  0.0270
  0.0282  0.0278  0.0273  0.0280  0.0279  0.0278  0.0279  0.0285  0.0278  0.0281  0.0273  0.0273
niter,ni,del,rscale     4    3    5.0000    0.7000
parameters
    2.6347   40.4357   10.5204  -15.3104  -19.0267   -4.7642
    5.6330    2.0653   -4.0379   17.6816   -3.4264  -11.5443
eta,q 0.97319  7.61185
  0.0279  0.0276  0.0272  0.0277  0.0276  0.0275  0.0276  0.0281  0.0276  0.0279  0.0272  0.0271
  0.0273  0.0272  0.0270  0.0272  0.0272  0.0271  0.0272  0.0274  0.0272  0.0273  0.0270  0.0270
  0.0269  0.0269  0.0269  0.0269  0.0269  0.0269  0.0269  0.0270  0.0269  0.0269  0.0269  0.0269
  0.0268  0.0268  0.0268  0.0268  0.0268  0.0268  0.0268  0.0268  0.0268  0.0268  0.0268  0.0268
  0.0269  0.0269  0.0269  0.0269  0.0269  0.0269  0.0269  0.0270  0.0269  0.0269  0.0269  0.0268
  0.0273  0.0272  0.0270  0.0272  0.0271  0.0271  0.0272  0.0274  0.0272  0.0273  0.0270  0.0270
  0.0278  0.0276  0.0272  0.0277  0.0276  0.0275  0.0276  0.0281  0.0276  0.0278  0.0272  0.0271
niter,ni,del,rscale     3    3    5.0000    0.6000
parameters
    2.6341   40.4352   10.5210  -15.3122  -18.9780   -4.7453
    5.6391    2.0708   -4.0409   17.6534   -3.4286  -11.5028
eta,q 0.97318  7.61400
  0.0276  0.0274  0.0271  0.0275  0.0274  0.0273  0.0274  0.0278  0.0274  0.0276  0.0271  0.0271
  0.0272  0.0271  0.0269  0.0271  0.0271  0.0270  0.0271  0.0272  0.0271  0.0271  0.0269  0.0269
  0.0269  0.0269  0.0268  0.0269  0.0269  0.0269  0.0269  0.0269  0.0269  0.0269  0.0268  0.0268
  0.0268  0.0268  0.0268  0.0268  0.0268  0.0268  0.0268  0.0268  0.0268  0.0268  0.0268  0.0268
  0.0269  0.0269  0.0268  0.0269  0.0269  0.0269  0.0269  0.0269  0.0269  0.0269  0.0268  0.0268
  0.0272  0.0271  0.0269  0.0271  0.0271  0.0270  0.0271  0.0272  0.0271  0.0272  0.0269  0.0269
  0.0276  0.0274  0.0271  0.0275  0.0274  0.0273  0.0274  0.0278  0.0274  0.0276  0.0271  0.0271
niter,ni,del,rscale     2    3    5.0000    0.5000
parameters
    2.6334   40.4251   10.5339  -15.3108  -18.9276   -4.7118
    5.6505    2.0760   -4.0322   17.6130   -3.4496  -11.4929
eta,q 0.97319  7.61694
  0.0273  0.0272  0.0270  0.0273  0.0272  0.0272  0.0272  0.0275  0.0272  0.0273  0.0270  0.0270
  0.0270  0.0270  0.0269  0.0270  0.0270  0.0270  0.0270  0.0271  0.0270  0.0270  0.0269  0.0269
  0.0269  0.0269  0.0268  0.0269  0.0269  0.0269  0.0269  0.0269  0.0269  0.0269  0.0268  0.0268
  0.0268  0.0268  0.0268  0.0268  0.0268  0.0268  0.0268  0.0268  0.0268  0.0268  0.0268  0.0268
  0.0269  0.0269  0.0268  0.0269  0.0268  0.0268  0.0269  0.0269  0.0269  0.0269  0.0268  0.0268
  0.0270  0.0270  0.0269  0.0270  0.0270  0.0270  0.0270  0.0271  0.0270  0.0271  0.0269  0.0269
  0.0273  0.0272  0.0270  0.0273  0.0272  0.0272  0.0272  0.0275  0.0272  0.0274  0.0270  0.0270
niter,ni,del,rscale     1    3    5.0000    0.4000
parameters
    2.6364   40.4154   10.5498  -15.3061  -18.8720   -4.6791
    5.6621    2.0786   -4.0271   17.5754   -3.4336  -11.4541
eta,q 0.97319  7.62012
  0.0272  0.0271  0.0269  0.0271  0.0271  0.0270  0.0271  0.0272  0.0271  0.0272  0.0269  0.0269
  0.0270  0.0269  0.0269  0.0270  0.0269  0.0269  0.0269  0.0270  0.0269  0.0270  0.0269  0.0269
  0.0269  0.0268  0.0268  0.0268  0.0269  0.0268  0.0268  0.0269  0.0268  0.0268  0.0268  0.0268
  0.0268  0.0268  0.0268  0.0268  0.0268  0.0268  0.0268  0.0268  0.0268  0.0268  0.0268  0.0268
  0.0268  0.0268  0.0268  0.0268  0.0268  0.0268  0.0268  0.0269  0.0268  0.0269  0.0268  0.0268
  0.0270  0.0269  0.0269  0.0270  0.0269  0.0269  0.0269  0.0270  0.0269  0.0270  0.0269  0.0269
  0.0272  0.0271  0.0269  0.0271  0.0271  0.0270  0.0271  0.0272  0.0271  0.0272  0.0269  0.0269
registration optimization eta report
parameter search radius
    0.8000    0.8000    0.8000    2.4000    2.4000    2.4000
    2.4000    2.4000    2.4000    2.4000    2.4000    2.4000
100000*second partial in parameter space
       53.       40.       20.        6.        4.        4.
        5.        8.        4.        6.        2.        2.
  0.0272  0.0271  0.0269  0.0271  0.0271  0.0270  0.0271  0.0272  0.0271  0.0272  0.0269  0.0269
  0.0270  0.0269  0.0269  0.0270  0.0269  0.0269  0.0269  0.0270  0.0269  0.0270  0.0269  0.0269
  0.0269  0.0268  0.0268  0.0268  0.0269  0.0268  0.0268  0.0269  0.0268  0.0268  0.0268  0.0268
  0.0268  0.0268  0.0268  0.0268  0.0268  0.0268  0.0268  0.0268  0.0268  0.0268  0.0268  0.0268
  0.0268  0.0268  0.0268  0.0268  0.0268  0.0268  0.0268  0.0269  0.0268  0.0269  0.0268  0.0268
  0.0270  0.0269  0.0269  0.0270  0.0269  0.0269  0.0269  0.0270  0.0269  0.0270  0.0269  0.0269
  0.0272  0.0271  0.0269  0.0271  0.0271  0.0270  0.0271  0.0272  0.0271  0.0272  0.0269  0.0269
    2.6364   40.4154   10.5498  -15.3061  -18.8720   -4.6791
    5.6621    2.0786   -4.0271   17.5754   -3.4336  -11.4541
eta,q 0.97319  7.62012

---------------------------------------------------------------------
compute_vox2vox talsrcimg talsrcimg_to_711-2C_as_mni_average_305_t4 /opt/freesurfer/average/711-2C_as_mni_average_305
---------------------------------------------------------------------

freesurfer compute_vox2vox.c
Reading: talsrcimg.4dfp.ifh
Reading: talsrcimg_to_711-2C_as_mni_average_305_t4
Reading: /opt/freesurfer/average/711-2C_as_mni_average_305.4dfp.ifh
Writing: talsrcimg_to_711-2C_as_mni_average_305_t4_vox2vox.txt

start time Tue Mar 10 09:42:44 CET 2026
end		time Tue Mar 10 09:44:11 CET 2026

mpr2mni305 success

avi2talxfm orig_nu.mgz /opt/freesurfer/average/mni305.cor.mgz talsrcimg_to_711-2C_as_mni_average_305_t4_vox2vox.txt transforms/talairach.auto.xfm
avi2talxfm done
mv -f /out/sourcedata/freesurfer/sub-v2s0x29036_ses-1/mri/talsrcimg_to_711-2C_as_mni_average_305_t4_vox2vox.txt /out/sourcedata/freesurfer/sub-v2s0x29036_ses-1/mri/transforms/talsrcimg_to_711-2C_as_mni_average_305_t4_vox2vox.txt
lta_convert --src orig_nu.mgz --trg /opt/freesurfer/average/mni305.cor.mgz --inxfm transforms/talairach.auto.xfm --outlta transforms/talairach.auto.xfm.lta --subject fsaverage
7.3.2

--src: orig_nu.mgz src image (geometry).
--trg: /opt/freesurfer/average/mni305.cor.mgz trg image (geometry).
--inmni: transforms/talairach.auto.xfm input MNI/XFM transform.
--outlta: transforms/talairach.auto.xfm.lta output LTA.
--s: fsaverage subject name
 LTA read, type : 1
 1.17633  -0.01025  -0.08355  -1.14770;
 0.04814   1.02205   0.14094  -39.49030;
 0.04796  -0.22192   1.19794  -28.93625;
 0.00000   0.00000   0.00000   1.00000;
setting subject to fsaverage
Writing  LTA to file transforms/talairach.auto.xfm.lta...
lta_convert successful.
 
 
Started at Tue Mar 10 09:42:43 CET 2026
Ended   at Tue Mar 10 09:44:11 CET 2026
talairach_avi done
