status file for recon-all
Tue Mar 10 15:23:27 CET 2026
#@# Tessellate rh Tue Mar 10 15:23:27 CET 2026
#@# Smooth1 rh Tue Mar 10 15:23:30 CET 2026
#@# Inflation1 rh Tue Mar 10 15:23:33 CET 2026
#@# QSphere rh Tue Mar 10 15:23:43 CET 2026
#@# Fix Topology rh Tue Mar 10 15:24:36 CET 2026
#@# Smooth2 rh Tue Mar 10 15:30:15 CET 2026
#@# Inflation2 rh Tue Mar 10 15:30:18 CET 2026
#@# Curv .H and .K rh Tue Mar 10 15:30:27 CET 2026
#@# Sphere rh Tue Mar 10 15:31:14 CET 2026
#@# Surf Reg rh Tue Mar 10 15:32:52 CET 2026
#@# Jacobian white rh Tue Mar 10 15:36:06 CET 2026
#@# AvgCurv rh Tue Mar 10 15:36:07 CET 2026
#@# Cortical Parc rh Tue Mar 10 15:36:08 CET 2026
#@# white curv rh Tue Mar 10 15:41:22 CET 2026
#@# white area rh Tue Mar 10 15:41:24 CET 2026
#@# pial curv rh Tue Mar 10 15:41:24 CET 2026
#@# pial area rh Tue Mar 10 15:41:26 CET 2026
#@# thickness rh Tue Mar 10 15:41:27 CET 2026
#@# area and vertex vol rh Tue Mar 10 15:41:55 CET 2026
#@# Curvature Stats rh Tue Mar 10 15:41:57 CET 2026
#@# Cortical Parc 2 rh Tue Mar 10 15:41:59 CET 2026
#@# Cortical Parc 3 rh Tue Mar 10 15:42:12 CET 2026
#@# WM/GM Contrast rh Tue Mar 10 15:42:22 CET 2026
recon-all -s sub-v2s0x30151_ses-1 finished without error at Tue Mar 10 15:42:24 CET 2026



#New# invocation of recon-all 



status file for recon-all
Tue Mar 10 16:15:05 CET 2026
#@# white curv rh Tue Mar 10 16:15:06 CET 2026
#@# white area rh Tue Mar 10 16:15:06 CET 2026
#@# pial curv rh Tue Mar 10 16:15:06 CET 2026
#@# pial area rh Tue Mar 10 16:15:06 CET 2026
#@# thickness rh Tue Mar 10 16:15:06 CET 2026
#@# area and vertex vol rh Tue Mar 10 16:15:06 CET 2026
#@# Parcellation Stats rh Tue Mar 10 16:15:06 CET 2026
#@# Parcellation Stats 2 rh Tue Mar 10 16:15:23 CET 2026
#@# Parcellation Stats 3 rh Tue Mar 10 16:15:32 CET 2026
#@# BA_exvivo Labels rh Tue Mar 10 16:15:41 CET 2026
recon-all -s sub-v2s0x30151_ses-1 finished without error at Tue Mar 10 16:18:03 CET 2026
