status file for recon-all
Tue Mar 10 15:04:53 CET 2026
#@# Tessellate lh Tue Mar 10 15:04:53 CET 2026
#@# Smooth1 lh Tue Mar 10 15:04:57 CET 2026
#@# Inflation1 lh Tue Mar 10 15:05:00 CET 2026
#@# QSphere lh Tue Mar 10 15:05:10 CET 2026
#@# Fix Topology lh Tue Mar 10 15:06:01 CET 2026
#@# Smooth2 lh Tue Mar 10 15:10:56 CET 2026
#@# Inflation2 lh Tue Mar 10 15:10:58 CET 2026
#@# Curv .H and .K lh Tue Mar 10 15:11:09 CET 2026
#@# Sphere lh Tue Mar 10 15:11:56 CET 2026
#@# Surf Reg lh Tue Mar 10 15:13:50 CET 2026
#@# Jacobian white lh Tue Mar 10 15:17:02 CET 2026
#@# AvgCurv lh Tue Mar 10 15:17:03 CET 2026
#@# Cortical Parc lh Tue Mar 10 15:17:04 CET 2026
#@# white curv lh Tue Mar 10 15:22:25 CET 2026
#@# white area lh Tue Mar 10 15:22:26 CET 2026
#@# pial curv lh Tue Mar 10 15:22:27 CET 2026
#@# pial area lh Tue Mar 10 15:22:28 CET 2026
#@# thickness lh Tue Mar 10 15:22:29 CET 2026
#@# area and vertex vol lh Tue Mar 10 15:22:58 CET 2026
#@# Curvature Stats lh Tue Mar 10 15:22:59 CET 2026
#@# Cortical Parc 2 lh Tue Mar 10 15:23:01 CET 2026
#@# Cortical Parc 3 lh Tue Mar 10 15:23:14 CET 2026
#@# WM/GM Contrast lh Tue Mar 10 15:23:23 CET 2026
recon-all -s sub-v2s0x30151_ses-1 finished without error at Tue Mar 10 15:23:26 CET 2026



#New# invocation of recon-all 



status file for recon-all
Tue Mar 10 16:12:01 CET 2026
#@# white curv lh Tue Mar 10 16:12:01 CET 2026
#@# white area lh Tue Mar 10 16:12:01 CET 2026
#@# pial curv lh Tue Mar 10 16:12:01 CET 2026
#@# pial area lh Tue Mar 10 16:12:01 CET 2026
#@# thickness lh Tue Mar 10 16:12:01 CET 2026
#@# area and vertex vol lh Tue Mar 10 16:12:01 CET 2026
#@# Parcellation Stats lh Tue Mar 10 16:12:01 CET 2026
#@# Parcellation Stats 2 lh Tue Mar 10 16:12:20 CET 2026
#@# Parcellation Stats 3 lh Tue Mar 10 16:12:29 CET 2026
#@# BA_exvivo Labels lh Tue Mar 10 16:12:38 CET 2026
recon-all -s sub-v2s0x30151_ses-1 finished without error at Tue Mar 10 16:15:03 CET 2026
