status file for recon-all
Tue Mar 10 09:49:55 CET 2026
#@# T2/FLAIR Input Tue Mar 10 09:49:56 CET 2026
#@# MotionCor Tue Mar 10 09:49:58 CET 2026
#@# Talairach Tue Mar 10 09:50:05 CET 2026
#@# Talairach Failure Detection Tue Mar 10 09:54:33 CET 2026
#@# Nu Intensity Correction Tue Mar 10 09:54:33 CET 2026
#@# Intensity Normalization Tue Mar 10 09:57:47 CET 2026
recon-all -s sub-v2s0x29041_ses-1 finished without error at Tue Mar 10 09:59:16 CET 2026



#New# invocation of recon-all 



status file for recon-all
Tue Mar 10 10:06:20 CET 2026
#@# EM Registration Tue Mar 10 10:06:20 CET 2026
recon-all -s sub-v2s0x29041_ses-1 finished without error at Tue Mar 10 10:08:14 CET 2026



#New# invocation of recon-all 



status file for recon-all
Tue Mar 10 10:08:16 CET 2026
#@# CA Normalize Tue Mar 10 10:08:16 CET 2026
#@# CA Reg Tue Mar 10 10:09:35 CET 2026
#@# SubCort Seg Tue Mar 10 10:49:53 CET 2026
#@# CC Seg Tue Mar 10 11:17:31 CET 2026
#@# Merge ASeg Tue Mar 10 11:18:06 CET 2026
#@# Intensity Normalization2 Tue Mar 10 11:18:06 CET 2026
#@# Mask BFS Tue Mar 10 11:20:26 CET 2026
#@# WM Segmentation Tue Mar 10 11:20:27 CET 2026
#@# Fill Tue Mar 10 11:22:21 CET 2026
recon-all -s sub-v2s0x29041_ses-1 finished without error at Tue Mar 10 11:23:24 CET 2026



#New# invocation of recon-all 



status file for recon-all
Tue Mar 10 11:59:52 CET 2026
#@# Refine Pial Surfs w/ T2/FLAIR Tue Mar 10 11:59:52 CET 2026
#@# white curv lh Tue Mar 10 12:21:45 CET 2026
#@# white area lh Tue Mar 10 12:21:45 CET 2026
#@# pial curv lh Tue Mar 10 12:21:45 CET 2026
#@# pial area lh Tue Mar 10 12:21:46 CET 2026
#@# thickness lh Tue Mar 10 12:21:47 CET 2026
#@# area and vertex vol lh Tue Mar 10 12:22:12 CET 2026
#@# white curv rh Tue Mar 10 12:22:14 CET 2026
#@# white area rh Tue Mar 10 12:22:14 CET 2026
#@# pial curv rh Tue Mar 10 12:22:14 CET 2026
#@# pial area rh Tue Mar 10 12:22:15 CET 2026
#@# thickness rh Tue Mar 10 12:22:16 CET 2026
#@# area and vertex vol rh Tue Mar 10 12:22:40 CET 2026
#@# Cortical ribbon mask Tue Mar 10 12:22:41 CET 2026
recon-all -s sub-v2s0x29041_ses-1 finished without error at Tue Mar 10 12:25:25 CET 2026



#New# invocation of recon-all 



status file for recon-all
Tue Mar 10 12:30:56 CET 2026
#@# white curv lh Tue Mar 10 12:30:56 CET 2026
#@# white area lh Tue Mar 10 12:30:56 CET 2026
#@# pial curv lh Tue Mar 10 12:30:56 CET 2026
#@# pial area lh Tue Mar 10 12:30:56 CET 2026
#@# thickness lh Tue Mar 10 12:30:56 CET 2026
#@# area and vertex vol lh Tue Mar 10 12:30:56 CET 2026
#@# white curv rh Tue Mar 10 12:30:56 CET 2026
#@# white area rh Tue Mar 10 12:30:56 CET 2026
#@# pial curv rh Tue Mar 10 12:30:56 CET 2026
#@# pial area rh Tue Mar 10 12:30:56 CET 2026
#@# thickness rh Tue Mar 10 12:30:56 CET 2026
#@# area and vertex vol rh Tue Mar 10 12:30:56 CET 2026
#@# Curvature Stats lh Tue Mar 10 12:30:57 CET 2026
#@# Curvature Stats rh Tue Mar 10 12:30:58 CET 2026
#@# Relabel Hypointensities Tue Mar 10 12:31:00 CET 2026
#@# APas-to-ASeg Tue Mar 10 12:31:15 CET 2026
#@# AParc-to-ASeg aparc Tue Mar 10 12:31:21 CET 2026
#@# AParc-to-ASeg aparc.a2009s Tue Mar 10 12:31:38 CET 2026
#@# AParc-to-ASeg aparc.DKTatlas Tue Mar 10 12:31:56 CET 2026
#@# WMParc Tue Mar 10 12:32:11 CET 2026
#@# ASeg Stats Tue Mar 10 12:35:50 CET 2026
recon-all -s sub-v2s0x29041_ses-1 finished without error at Tue Mar 10 12:36:22 CET 2026
