status file for recon-all
Tue Mar 10 11:23:28 CET 2026
#@# Tessellate lh Tue Mar 10 11:23:28 CET 2026
#@# Smooth1 lh Tue Mar 10 11:23:31 CET 2026
#@# Inflation1 lh Tue Mar 10 11:23:33 CET 2026
#@# QSphere lh Tue Mar 10 11:23:43 CET 2026
#@# Fix Topology lh Tue Mar 10 11:24:37 CET 2026
#@# Smooth2 lh Tue Mar 10 11:29:55 CET 2026
#@# Inflation2 lh Tue Mar 10 11:29:58 CET 2026
#@# Curv .H and .K lh Tue Mar 10 11:30:08 CET 2026
#@# Sphere lh Tue Mar 10 11:30:50 CET 2026
#@# Surf Reg lh Tue Mar 10 11:34:03 CET 2026
#@# Jacobian white lh Tue Mar 10 11:37:01 CET 2026
#@# AvgCurv lh Tue Mar 10 11:37:01 CET 2026
#@# Cortical Parc lh Tue Mar 10 11:37:02 CET 2026
#@# white curv lh Tue Mar 10 11:41:52 CET 2026
#@# white area lh Tue Mar 10 11:41:53 CET 2026
#@# pial curv lh Tue Mar 10 11:41:54 CET 2026
#@# pial area lh Tue Mar 10 11:41:55 CET 2026
#@# thickness lh Tue Mar 10 11:41:56 CET 2026
#@# area and vertex vol lh Tue Mar 10 11:42:21 CET 2026
#@# Curvature Stats lh Tue Mar 10 11:42:23 CET 2026
#@# Cortical Parc 2 lh Tue Mar 10 11:42:25 CET 2026
#@# Cortical Parc 3 lh Tue Mar 10 11:42:37 CET 2026
#@# WM/GM Contrast lh Tue Mar 10 11:42:46 CET 2026
recon-all -s sub-v2s0x29041_ses-1 finished without error at Tue Mar 10 11:42:48 CET 2026



#New# invocation of recon-all 



status file for recon-all
Tue Mar 10 12:25:28 CET 2026
#@# white curv lh Tue Mar 10 12:25:28 CET 2026
#@# white area lh Tue Mar 10 12:25:28 CET 2026
#@# pial curv lh Tue Mar 10 12:25:28 CET 2026
#@# pial area lh Tue Mar 10 12:25:28 CET 2026
#@# thickness lh Tue Mar 10 12:25:28 CET 2026
#@# area and vertex vol lh Tue Mar 10 12:25:28 CET 2026
#@# Parcellation Stats lh Tue Mar 10 12:25:28 CET 2026
#@# Parcellation Stats 2 lh Tue Mar 10 12:25:43 CET 2026
#@# Parcellation Stats 3 lh Tue Mar 10 12:25:51 CET 2026
#@# BA_exvivo Labels lh Tue Mar 10 12:25:58 CET 2026
recon-all -s sub-v2s0x29041_ses-1 finished without error at Tue Mar 10 12:28:11 CET 2026
