/out/sourcedata/freesurfer/sub-v2s0x29013_ses-1/mri
/opt/freesurfer/bin/talairach_avi
--i orig_nu.mgz --xfm transforms/talairach.auto.xfm
talairach_avi 7.3.2
Linux dna025 5.14.0-427.37.1.el9_4.x86_64 #1 SMP PREEMPT_DYNAMIC Fri Sep 13 12:41:50 EDT 2024 x86_64 x86_64 x86_64 GNU/Linux
Tue Mar 10 08:12:10 CET 2026
mri_convert orig_nu.mgz talsrcimg.img 
reading from orig_nu.mgz...
TR=0.00, TE=0.00, TI=0.00, flip angle=0.00
i_ras = (-1, 0, 0)
j_ras = (0, 0, -1)
k_ras = (0, 1, 0)
writing to talsrcimg.img...
Analyze Output Matrix
-1.00000   0.00000   0.00000   129.77406;
 0.00000   0.00000   1.00000  -93.25592;
 0.00000  -1.00000   0.00000   114.89275;
 0.00000   0.00000   0.00000   1.00000;
--------------------
INFO: set hdr.hist.orient to -1
mpr2mni305 talsrcimg
Tue Mar 10 08:12:11 CET 2026
/opt/freesurfer/bin/mpr2mni305 talsrcimg
mpr2mni305 7.3.2
target=711-2C_as_mni_average_305

---------------------------------------------------------------------
analyzeto4dfp talsrcimg -O0 -y
---------------------------------------------------------------------

freesurfer ifh2hdr.c
Tue Mar 10 08:12:11 2026
Writing: talsrcimg.4dfp.hdr
freesurfer analyzeto4dfp.c
Reading: talsrcimg.hdr
header size 348 bytes
hdr.dime.datatype	offset=70	value=2
hdr.dime.bitpix		offset=72	value=8
hdr.hist.orient		offset=252	value=-1
dimensionality     4
dimensions       256       256       256         1
Reading: talsrcimg.img
Writing: talsrcimg.4dfp.img
Writing: talsrcimg.4dfp.ifh
ifh2hdr talsrcimg -r0to255
ori=2

---------------------------------------------------------------------
gauss_4dfp talsrcimg 1.1
---------------------------------------------------------------------

freesurfer gauss_4dfp.c
Reading: talsrcimg.4dfp.img
Writing: talsrcimg_g11.4dfp.img
image dimensions 256 256 256 padded to 288 288 288
processing volume 1freesurfer ifh2hdr.c
Tue Mar 10 08:12:13 2026
Writing: talsrcimg_g11.4dfp.hdr

Writing: talsrcimg_g11.4dfp.ifh
including: talsrcimg.4dfp.img.rec in talsrcimg_g11.4dfp.img.rec

---------------------------------------------------------------------
imgreg_4dfp /opt/freesurfer/average/711-2C_as_mni_average_305 none talsrcimg_g11 none talsrcimg_to_711-2C_as_mni_average_305_t4 4355
---------------------------------------------------------------------

freesurfer imgreg_4dfp.c
/opt/freesurfer/average/711-2C_as_mni_average_305.4dfp.img
       256       256       256         1
  1.000000  1.000000  1.000000
orientation T byte_order littleendian
Reading image: /opt/freesurfer/average/711-2C_as_mni_average_305.4dfp.img
dimensions:      256       256       256
mmppix:       1.0000   -1.0000   -1.0000
center:     128.0000 -129.0000 -129.0000
talsrcimg_g11.4dfp.img
       256       256       256         1
  1.000000  1.000000  1.000000
orientation T byte_order littleendian
Reading image: talsrcimg_g11.4dfp.img
dimensions:      256       256       256
mmppix:       1.0000   -1.0000   -1.0000
center:     128.0000 -129.0000 -129.0000
t4_read: open error in t4_sub.f l:  41 t4_file(1:l)talsrcimg_to_711-2C_as_mni_average_305_t4 
t4_read: transform initialized to I4
rotation matrix determinant  1.000000
image alignment mode   4355 decimal     1103 hex
   -7.5000  -45.0000  -45.0000 5741.2866   11.0676
    0.0000  -45.0000  -45.0000 6042.0029   11.0504
    7.5000  -45.0000  -45.0000 5769.4912   11.0438
   -7.5000  -37.5000  -45.0000 6355.1436   10.8123
    0.0000  -37.5000  -45.0000 6696.2319   10.7938
    7.5000  -37.5000  -45.0000 6385.6460   10.7816
   -7.5000  -30.0000  -45.0000 7228.3369   10.6417
    0.0000  -30.0000  -45.0000 7639.6104   10.6249
    7.5000  -30.0000  -45.0000 7306.3457   10.6096
   -7.5000  -22.5000  -45.0000 8155.8042   10.5171
    0.0000  -22.5000  -45.0000 8592.1367   10.5051
    7.5000  -22.5000  -45.0000 8228.9756   10.4922
   -7.5000  -15.0000  -45.0000 9094.7627   10.4553
    0.0000  -15.0000  -45.0000 9564.2363   10.4466
    7.5000  -15.0000  -45.0000 9168.0479   10.4384
   -7.5000   -7.5000  -45.000010048.7607   10.4636
    0.0000   -7.5000  -45.000010542.9482   10.4537
    7.5000   -7.5000  -45.000010114.2422   10.4485
   -7.5000    0.0000  -45.000010948.9277   10.4879
    0.0000    0.0000  -45.000011463.8809   10.4734
    7.5000    0.0000  -45.000010976.7432   10.4669
   -7.5000    7.5000  -45.000010937.2324   10.5037
    0.0000    7.5000  -45.000011458.4766   10.4861
    7.5000    7.5000  -45.000010956.3066   10.4746
   -7.5000   15.0000  -45.000010764.2295   10.4973
    0.0000   15.0000  -45.000011297.2568   10.4809
    7.5000   15.0000  -45.000010803.0684   10.4663
   -7.5000   22.5000  -45.000010565.1035   10.4716
    0.0000   22.5000  -45.000011058.1299   10.4597
    7.5000   22.5000  -45.000010604.1699   10.4470
   -7.5000   30.0000  -45.000010316.5195   10.3159
    0.0000   30.0000  -45.000010822.4453   10.3073
    7.5000   30.0000  -45.000010393.3506   10.2992
   -7.5000   37.5000  -45.000010370.5449   10.3241
    0.0000   37.5000  -45.000010890.3525   10.3144
    7.5000   37.5000  -45.000010454.6680   10.3093
   -7.5000   45.0000  -45.0000 9961.5781   10.0854
    0.0000   45.0000  -45.000010457.0488   10.0715
    7.5000   45.0000  -45.000010044.4492   10.0651
   -7.5000  -45.0000  -37.5000 6086.4922   11.0071
    0.0000  -45.0000  -37.5000 6422.0352   10.9909
    7.5000  -45.0000  -37.5000 6120.9497   10.9818
   -7.5000  -37.5000  -37.5000 6712.6118   10.7503
    0.0000  -37.5000  -37.5000 7083.1182   10.7311
    7.5000  -37.5000  -37.5000 6779.2964   10.7159
   -7.5000  -30.0000  -37.5000 7652.8569   10.5799
    0.0000  -30.0000  -37.5000 8072.5322   10.5595
    7.5000  -30.0000  -37.5000 7751.7573   10.5399
   -7.5000  -22.5000  -37.5000 8667.6826   10.4606
    0.0000  -22.5000  -37.5000 9115.3975   10.4439
    7.5000  -22.5000  -37.5000 8748.0068   10.4258
   -7.5000  -15.0000  -37.5000 9695.0439   10.4033
    0.0000  -15.0000  -37.500010170.0107   10.3915
    7.5000  -15.0000  -37.5000 9764.2979   10.3785
   -7.5000   -7.5000  -37.500010693.9707   10.4115
    0.0000   -7.5000  -37.500011212.6797   10.4013
    7.5000   -7.5000  -37.500010761.7080   10.3929
   -7.5000    0.0000  -37.500011648.8477   10.4323
    0.0000    0.0000  -37.500012203.7607   10.4189
    7.5000    0.0000  -37.500011669.0664   10.4101
   -7.5000    7.5000  -37.500011632.0303   10.4445
    0.0000    7.5000  -37.500012195.6777   10.4262
    7.5000    7.5000  -37.500011664.3516   10.4119
   -7.5000   15.0000  -37.500011445.6064   10.4376
    0.0000   15.0000  -37.500011990.8232   10.4177
    7.5000   15.0000  -37.500011493.2910   10.3987
   -7.5000   22.5000  -37.500011220.9121   10.4156
    0.0000   22.5000  -37.500011736.9355   10.3990
    7.5000   22.5000  -37.500011292.1318   10.3810
   -7.5000   30.0000  -37.500010944.2168   10.2645
    0.0000   30.0000  -37.500011463.9092   10.2529
    7.5000   30.0000  -37.500011026.9297   10.2401
   -7.5000   37.5000  -37.500010980.3174   10.2728
    0.0000   37.5000  -37.500011517.4629   10.2627
    7.5000   37.5000  -37.500011049.0146   10.2544
   -7.5000   45.0000  -37.500010534.4141   10.0319
    0.0000   45.0000  -37.500011041.0205   10.0190
    7.5000   45.0000  -37.500010605.6436   10.0106
   -7.5000  -45.0000  -30.0000 6525.3535   11.4299
    0.0000  -45.0000  -30.0000 6886.0703   11.4150
    7.5000  -45.0000  -30.0000 6586.5483   11.4009
   -7.5000  -37.5000  -30.0000 7190.9922   11.1603
    0.0000  -37.5000  -30.0000 7585.9395   11.1418
    7.5000  -37.5000  -30.0000 7297.4805   11.1209
   -7.5000  -30.0000  -30.0000 8237.8662   10.9813
    0.0000  -30.0000  -30.0000 8660.1660   10.9589
    7.5000  -30.0000  -30.0000 8344.3115   10.9332
   -7.5000  -22.5000  -30.0000 9359.6562   10.8619
    0.0000  -22.5000  -30.0000 9817.5674   10.8418
    7.5000  -22.5000  -30.0000 9445.1807   10.8178
   -7.5000  -15.0000  -30.000010477.8672   10.8083
    0.0000  -15.0000  -30.000010984.0625   10.7939
    7.5000  -15.0000  -30.000010554.5537   10.7757
   -7.5000   -7.5000  -30.000011541.1816   10.8185
    0.0000   -7.5000  -30.000012083.9189   10.8082
    7.5000   -7.5000  -30.000011617.2012   10.7950
   -7.5000    0.0000  -30.000012555.0703   10.8366
    0.0000    0.0000  -30.000013117.0000   10.8248
    7.5000    0.0000  -30.000012576.9639   10.8113
   -7.5000    7.5000  -30.000012544.0811   10.8442
    0.0000    7.5000  -30.000013114.3877   10.8265
    7.5000    7.5000  -30.000012578.2139   10.8067
   -7.5000   15.0000  -30.000012343.2148   10.8347
    0.0000   15.0000  -30.000012899.8438   10.8128
    7.5000   15.0000  -30.000012374.8623   10.7879
   -7.5000   22.5000  -30.000012073.6318   10.8143
    0.0000   22.5000  -30.000012619.2881   10.7942
    7.5000   22.5000  -30.000012133.7070   10.7704
   -7.5000   30.0000  -30.000011746.6445   10.6652
    0.0000   30.0000  -30.000012278.1973   10.6510
    7.5000   30.0000  -30.000011804.4922   10.6330
   -7.5000   37.5000  -30.000011751.8408   10.6754
    0.0000   37.5000  -30.000012316.1348   10.6651
    7.5000   37.5000  -30.000011834.4668   10.6522
   -7.5000   45.0000  -30.000011272.8691   10.4284
    0.0000   45.0000  -30.000011801.2461   10.4170
    7.5000   45.0000  -30.000011355.6514   10.4040
   -7.5000  -45.0000  -22.5000 6983.1880   11.8386
    0.0000  -45.0000  -22.5000 7337.9707   11.8251
    7.5000  -45.0000  -22.5000 7050.4761   11.8091
   -7.5000  -37.5000  -22.5000 7714.6968   11.5609
    0.0000  -37.5000  -22.5000 8116.1245   11.5449
    7.5000  -37.5000  -22.5000 7819.6577   11.5219
   -7.5000  -30.0000  -22.5000 8865.5127   11.3734
    0.0000  -30.0000  -22.5000 9313.7051   11.3541
    7.5000  -30.0000  -22.5000 8958.0410   11.3276
   -7.5000  -22.5000  -22.500010092.9932   11.2476
    0.0000  -22.5000  -22.500010574.9873   11.2302
    7.5000  -22.5000  -22.500010141.1699   11.2070
   -7.5000  -15.0000  -22.500011268.6982   11.1926
    0.0000  -15.0000  -22.500011792.1494   11.1800
    7.5000  -15.0000  -22.500011311.6924   11.1628
   -7.5000   -7.5000  -22.500012393.0156   11.2058
    0.0000   -7.5000  -22.500012946.3115   11.1966
    7.5000   -7.5000  -22.500012431.4463   11.1831
   -7.5000    0.0000  -22.500013451.7598   11.2267
    0.0000    0.0000  -22.500014043.4658   11.2163
    7.5000    0.0000  -22.500013468.0322   11.2009
   -7.5000    7.5000  -22.500013439.4111   11.2340
    0.0000    7.5000  -22.500014042.8525   11.2188
    7.5000    7.5000  -22.500013442.4580   11.1969
   -7.5000   15.0000  -22.500013238.2900   11.2214
    0.0000   15.0000  -22.500013835.4121   11.2027
    7.5000   15.0000  -22.500013235.9551   11.1770
   -7.5000   22.5000  -22.500012967.5156   11.1974
    0.0000   22.5000  -22.500013544.7939   11.1802
    7.5000   22.5000  -22.500012974.3652   11.1572
   -7.5000   30.0000  -22.500012577.4609   11.0461
    0.0000   30.0000  -22.500013155.3633   11.0337
    7.5000   30.0000  -22.500012604.0254   11.0167
   -7.5000   37.5000  -22.500012556.1211   11.0592
    0.0000   37.5000  -22.500013159.2744   11.0501
    7.5000   37.5000  -22.500012629.9365   11.0368
   -7.5000   45.0000  -22.500012003.3711   10.8119
    0.0000   45.0000  -22.500012578.4111   10.8019
    7.5000   45.0000  -22.500012091.5703   10.7870
   -7.5000  -45.0000  -15.0000 7424.0376   12.1359
    0.0000  -45.0000  -15.0000 7801.8506   12.1220
    7.5000  -45.0000  -15.0000 7477.0112   12.1087
   -7.5000  -37.5000  -15.0000 8245.2891   11.8560
    0.0000  -37.5000  -15.0000 8671.1855   11.8415
    7.5000  -37.5000  -15.0000 8345.1982   11.8215
   -7.5000  -30.0000  -15.0000 9519.2559   11.6641
    0.0000  -30.0000  -15.0000 9959.2656   11.6491
    7.5000  -30.0000  -15.0000 9577.6787   11.6273
   -7.5000  -22.5000  -15.000010809.8047   11.5293
    0.0000  -22.5000  -15.000011306.4746   11.5172
    7.5000  -22.5000  -15.000010832.0322   11.4998
   -7.5000  -15.0000  -15.000012015.5771   11.4685
    0.0000  -15.0000  -15.000012569.3252   11.4595
    7.5000  -15.0000  -15.000012059.5029   11.4478
   -7.5000   -7.5000  -15.000013203.0771   11.4831
    0.0000   -7.5000  -15.000013806.4795   11.4747
    7.5000   -7.5000  -15.000013214.9229   11.4648
   -7.5000    0.0000  -15.000014337.1904   11.5096
    0.0000    0.0000  -15.000015014.2266   11.4988
    7.5000    0.0000  -15.000014336.9814   11.4856
   -7.5000    7.5000  -15.000014327.8955   11.5211
    0.0000    7.5000  -15.000015008.9023   11.5073
    7.5000    7.5000  -15.000014285.0811   11.4883
   -7.5000   15.0000  -15.000014105.6621   11.5075
    0.0000   15.0000  -15.000014801.1826   11.4931
    7.5000   15.0000  -15.000014078.0049   11.4720
   -7.5000   22.5000  -15.000013805.3994   11.4772
    0.0000   22.5000  -15.000014486.8428   11.4653
    7.5000   22.5000  -15.000013781.7822   11.4481
   -7.5000   30.0000  -15.000013415.6631   11.3200
    0.0000   30.0000  -15.000014060.2520   11.3111
    7.5000   30.0000  -15.000013392.1250   11.2995
   -7.5000   37.5000  -15.000013389.7402   11.3345
    0.0000   37.5000  -15.000014034.3008   11.3262
    7.5000   37.5000  -15.000013412.0439   11.3165
   -7.5000   45.0000  -15.000012759.8271   11.0910
    0.0000   45.0000  -15.000013366.9199   11.0806
    7.5000   45.0000  -15.000012813.6240   11.0679
   -7.5000  -45.0000   -7.5000 7890.0039   12.2744
    0.0000  -45.0000   -7.5000 8287.2031   12.2575
    7.5000  -45.0000   -7.5000 7927.9902   12.2487
   -7.5000  -37.5000   -7.5000 8789.3506   11.9943
    0.0000  -37.5000   -7.5000 9243.6836   11.9773
    7.5000  -37.5000   -7.5000 8873.3555   11.9623
   -7.5000  -30.0000   -7.500010139.4092   11.8024
    0.0000  -30.0000   -7.500010619.9756   11.7875
    7.5000  -30.0000   -7.500010195.0010   11.7706
   -7.5000  -22.5000   -7.500011502.6768   11.6624
    0.0000  -22.5000   -7.500012033.4121   11.6520
    7.5000  -22.5000   -7.500011537.9863   11.6390
   -7.5000  -15.0000   -7.500012776.7822   11.5958
    0.0000  -15.0000   -7.500013354.2529   11.5880
    7.5000  -15.0000   -7.500012813.1143   11.5801
   -7.5000   -7.5000   -7.500014060.2197   11.6091
    0.0000   -7.5000   -7.500014684.8604   11.5997
    7.5000   -7.5000   -7.500014038.4170   11.5936
   -7.5000    0.0000   -7.500015263.6240   11.6391
    0.0000    0.0000   -7.500015965.1318   11.6253
    7.5000    0.0000   -7.500015214.5791   11.6163
   -7.5000    7.5000   -7.500015232.5137   11.6552
    0.0000    7.5000   -7.500015988.5078   11.6390
    7.5000    7.5000   -7.500015180.0400   11.6248
   -7.5000   15.0000   -7.500014981.8994   11.6434
    0.0000   15.0000   -7.500015795.5400   11.6291
    7.5000   15.0000   -7.500014972.9697   11.6129
   -7.5000   22.5000   -7.500014630.9062   11.6084
    0.0000   22.5000   -7.500015470.1152   11.5982
    7.5000   22.5000   -7.500014642.7988   11.5855
   -7.5000   30.0000   -7.500014217.1689   11.4453
    0.0000   30.0000   -7.500014981.0039   11.4376
    7.5000   30.0000   -7.500014202.1953   11.4298
   -7.5000   37.5000   -7.500014201.0508   11.4586
    0.0000   37.5000   -7.500014948.7197   11.4492
    7.5000   37.5000   -7.500014215.8486   11.4432
   -7.5000   45.0000   -7.500013533.6436   11.2179
    0.0000   45.0000   -7.500014235.8730   11.2046
    7.5000   45.0000   -7.500013554.1143   11.1960
   -7.5000  -45.0000    0.0000 8293.3320   12.2838
    0.0000  -45.0000    0.0000 8699.9941   12.2649
    7.5000  -45.0000    0.0000 8337.0820   12.2580
   -7.5000  -37.5000    0.0000 9308.5215   12.0023
    0.0000  -37.5000    0.0000 9758.4482   11.9820
    7.5000  -37.5000    0.0000 9379.7656   11.9688
   -7.5000  -30.0000    0.000010722.7510   11.8127
    0.0000  -30.0000    0.000011230.7988   11.7942
    7.5000  -30.0000    0.000010773.3857   11.7775
   -7.5000  -22.5000    0.000012111.5469   11.6742
    0.0000  -22.5000    0.000012688.8574   11.6609
    7.5000  -22.5000    0.000012160.0850   11.6467
   -7.5000  -15.0000    0.000013445.7334   11.6063
    0.0000  -15.0000    0.000014088.9229   11.5967
    7.5000  -15.0000    0.000013478.2197   11.5878
   -7.5000   -7.5000    0.000014767.2314   11.6170
    0.0000   -7.5000    0.000015486.1807   11.6062
    7.5000   -7.5000    0.000014777.9404   11.6007
   -7.5000    0.0000    0.000015981.3037   11.6454
    0.0000    0.0000    0.000016761.9727   11.6295
    7.5000    0.0000    0.000015957.9658   11.6225
   -7.5000    7.5000    0.000015978.6504   11.6625
    0.0000    7.5000    0.000016812.9355   11.6431
    7.5000    7.5000    0.000015940.3135   11.6306
   -7.5000   15.0000    0.000015784.7969   11.6537
    0.0000   15.0000    0.000016748.6387   11.6357
    7.5000   15.0000    0.000015824.8691   11.6197
   -7.5000   22.5000    0.000015487.0752   11.6203
    0.0000   22.5000    0.000016548.6836   11.6071
    7.5000   22.5000    0.000015581.9102   11.5932
   -7.5000   30.0000    0.000015039.6143   11.4560
    0.0000   30.0000    0.000015986.0029   11.4466
    7.5000   30.0000    0.000015049.7676   11.4378
   -7.5000   37.5000    0.000015005.2334   11.4667
    0.0000   37.5000    0.000015906.1396   11.4560
    7.5000   37.5000    0.000014965.7832   11.4506
   -7.5000   45.0000    0.000014264.2432   11.2248
    0.0000   45.0000    0.000015098.7441   11.2095
    7.5000   45.0000    0.000014192.0234   11.2027
   -7.5000  -45.0000    7.5000 7996.7065   12.2711
    0.0000  -45.0000    7.5000 8409.4834   12.2530
    7.5000  -45.0000    7.5000 8070.0132   12.2428
   -7.5000  -37.5000    7.5000 9034.0264   11.9853
    0.0000  -37.5000    7.5000 9494.5967   11.9640
    7.5000  -37.5000    7.5000 9090.4902   11.9469
   -7.5000  -30.0000    7.500010416.2520   11.7957
    0.0000  -30.0000    7.500010947.1865   11.7729
    7.5000  -30.0000    7.500010471.0693   11.7509
   -7.5000  -22.5000    7.500011798.7744   11.6634
    0.0000  -22.5000    7.500012384.7119   11.6447
    7.5000  -22.5000    7.500011859.8271   11.6241
   -7.5000  -15.0000    7.500013126.8525   11.6001
    0.0000  -15.0000    7.500013743.1201   11.5868
    7.5000  -15.0000    7.500013162.1250   11.5721
   -7.5000   -7.5000    7.500014391.5342   11.6096
    0.0000   -7.5000    7.500015069.3457   11.5982
    7.5000   -7.5000    7.500014435.2949   11.5886
   -7.5000    0.0000    7.500015505.4082   11.6325
    0.0000    0.0000    7.500016246.8652   11.6176
    7.5000    0.0000    7.500015547.0361   11.6077
   -7.5000    7.5000    7.500015476.1553   11.6456
    0.0000    7.5000    7.500016205.5830   11.6252
    7.5000    7.5000    7.500015455.8906   11.6092
   -7.5000   15.0000    7.500015419.8906   11.6377
    0.0000   15.0000    7.500016347.4697   11.6154
    7.5000   15.0000    7.500015422.7822   11.5941
   -7.5000   22.5000    7.500015273.9072   11.6096
    0.0000   22.5000    7.500016499.2129   11.5910
    7.5000   22.5000    7.500015322.9219   11.5707
   -7.5000   30.0000    7.500014861.8750   11.4499
    0.0000   30.0000    7.500016029.2080   11.4368
    7.5000   30.0000    7.500014853.8086   11.4222
   -7.5000   37.5000    7.500014746.4570   11.4593
    0.0000   37.5000    7.500015772.2109   11.4481
    7.5000   37.5000    7.500014660.1416   11.4386
   -7.5000   45.0000    7.500013895.8701   11.2124
    0.0000   45.0000    7.500014766.8994   11.1980
    7.5000   45.0000    7.500013786.5137   11.1885
   -7.5000  -45.0000   15.0000 7614.2900   12.2733
    0.0000  -45.0000   15.0000 8035.9082   12.2573
    7.5000  -45.0000   15.0000 7703.9395   12.2421
   -7.5000  -37.5000   15.0000 8651.5752   11.9838
    0.0000  -37.5000   15.0000 9090.6680   11.9640
    7.5000  -37.5000   15.0000 8689.2471   11.9415
   -7.5000  -30.0000   15.000010000.2383   11.7916
    0.0000  -30.0000   15.000010497.5303   11.7676
    7.5000  -30.0000   15.000010023.0244   11.7400
   -7.5000  -22.5000   15.000011299.5107   11.6635
    0.0000  -22.5000   15.000011861.8408   11.6419
    7.5000  -22.5000   15.000011359.8125   11.6161
   -7.5000  -15.0000   15.000012552.6348   11.6060
    0.0000  -15.0000   15.000013162.4932   11.5905
    7.5000  -15.0000   15.000012627.7373   11.5709
   -7.5000   -7.5000   15.000013788.6709   11.6169
    0.0000   -7.5000   15.000014445.2168   11.6058
    7.5000   -7.5000   15.000013859.5381   11.5917
   -7.5000    0.0000   15.000014903.8389   11.6363
    0.0000    0.0000   15.000015610.4873   11.6236
    7.5000    0.0000   15.000014961.6367   11.6091
   -7.5000    7.5000   15.000014974.9746   11.6444
    0.0000    7.5000   15.000015651.7412   11.6254
    7.5000    7.5000   15.000014951.9932   11.6042
   -7.5000   15.0000   15.000014950.1738   11.6343
    0.0000   15.0000   15.000015790.1514   11.6108
    7.5000   15.0000   15.000014962.5781   11.5839
   -7.5000   22.5000   15.000014787.2236   11.6098
    0.0000   22.5000   15.000015770.5938   11.5883
    7.5000   22.5000   15.000014817.0107   11.5627
   -7.5000   30.0000   15.000014347.4014   11.4557
    0.0000   30.0000   15.000015281.4248   11.4404
    7.5000   30.0000   15.000014392.8662   11.4210
   -7.5000   37.5000   15.000014222.0576   11.4665
    0.0000   37.5000   15.000015057.1572   11.4556
    7.5000   37.5000   15.000014233.1611   11.4416
   -7.5000   45.0000   15.000013355.2324   11.2161
    0.0000   45.0000   15.000014071.6465   11.2038
    7.5000   45.0000   15.000013355.9668   11.1899
   -7.5000  -45.0000   22.5000 7135.8169   12.2895
    0.0000  -45.0000   22.5000 7540.9595   12.2755
    7.5000  -45.0000   22.5000 7240.4995   12.2589
   -7.5000  -37.5000   22.5000 8141.1035   12.0012
    0.0000  -37.5000   22.5000 8579.0703   11.9847
    7.5000  -37.5000   22.5000 8181.3760   11.9607
   -7.5000  -30.0000   22.5000 9426.7324   11.8066
    0.0000  -30.0000   22.5000 9919.0283   11.7865
    7.5000  -30.0000   22.5000 9461.7246   11.7591
   -7.5000  -22.5000   22.500010691.1680   11.6760
    0.0000  -22.5000   22.500011219.8027   11.6580
    7.5000  -22.5000   22.500010742.5928   11.6339
   -7.5000  -15.0000   22.500011905.4873   11.6189
    0.0000  -15.0000   22.500012480.0322   11.6059
    7.5000  -15.0000   22.500011991.0283   11.5880
   -7.5000   -7.5000   22.500013091.7637   11.6326
    0.0000   -7.5000   22.500013699.4658   11.6231
    7.5000   -7.5000   22.500013175.8457   11.6090
   -7.5000    0.0000   22.500014177.2334   11.6543
    0.0000    0.0000   22.500014838.1738   11.6435
    7.5000    0.0000   22.500014247.5791   11.6275
   -7.5000    7.5000   22.500014238.9492   11.6619
    0.0000    7.5000   22.500014914.3594   11.6461
    7.5000    7.5000   22.500014287.2666   11.6234
   -7.5000   15.0000   22.500014143.7715   11.6488
    0.0000   15.0000   22.500014890.1182   11.6294
    7.5000   15.0000   22.500014236.8340   11.6027
   -7.5000   22.5000   22.500013856.8848   11.6221
    0.0000   22.5000   22.500014593.0596   11.6042
    7.5000   22.5000   22.500013983.6846   11.5803
   -7.5000   30.0000   22.500013415.1309   11.4685
    0.0000   30.0000   22.500014085.2686   11.4556
    7.5000   30.0000   22.500013523.3555   11.4379
   -7.5000   37.5000   22.500013372.2139   11.4820
    0.0000   37.5000   22.500013985.9893   11.4726
    7.5000   37.5000   22.500013411.1348   11.4588
   -7.5000   45.0000   22.500012628.1230   11.2334
    0.0000   45.0000   22.500013209.0117   11.2230
    7.5000   45.0000   22.500012651.5439   11.2075
   -7.5000  -45.0000   30.0000 6589.7192   12.3652
    0.0000  -45.0000   30.0000 6984.1680   12.3508
    7.5000  -45.0000   30.0000 6679.4629   12.3372
   -7.5000  -37.5000   30.0000 7533.3506   12.0785
    0.0000  -37.5000   30.0000 7958.3682   12.0636
    7.5000  -37.5000   30.0000 7577.9629   12.0431
   -7.5000  -30.0000   30.0000 8754.1514   11.8820
    0.0000  -30.0000   30.0000 9223.6445   11.8666
    7.5000  -30.0000   30.0000 8810.4824   11.8443
   -7.5000  -22.5000   30.0000 9950.1074   11.7441
    0.0000  -22.5000   30.000010449.4180   11.7316
    7.5000  -22.5000   30.000010021.5137   11.7138
   -7.5000  -15.0000   30.000011110.2539   11.6818
    0.0000  -15.0000   30.000011647.4941   11.6726
    7.5000  -15.0000   30.000011190.0234   11.6605
   -7.5000   -7.5000   30.000012205.3721   11.6968
    0.0000   -7.5000   30.000012763.1221   11.6882
    7.5000   -7.5000   30.000012309.1826   11.6780
   -7.5000    0.0000   30.000013214.7754   11.7240
    0.0000    0.0000   30.000013820.3779   11.7129
    7.5000    0.0000   30.000013336.4512   11.6993
   -7.5000    7.5000   30.000013265.9951   11.7357
    0.0000    7.5000   30.000013888.8633   11.7215
    7.5000    7.5000   30.000013410.9365   11.7020
   -7.5000   15.0000   30.000013104.6621   11.7217
    0.0000   15.0000   30.000013715.6807   11.7069
    7.5000   15.0000   30.000013283.0635   11.6853
   -7.5000   22.5000   30.000012800.1006   11.6895
    0.0000   22.5000   30.000013367.0811   11.6772
    7.5000   22.5000   30.000012977.1348   11.6596
   -7.5000   30.0000   30.000012426.4551   11.5306
    0.0000   30.0000   30.000012974.6973   11.5214
    7.5000   30.0000   30.000012577.9355   11.5095
   -7.5000   37.5000   30.000012435.4941   11.5455
    0.0000   37.5000   30.000012987.5830   11.5369
    7.5000   37.5000   30.000012527.2568   11.5269
   -7.5000   45.0000   30.000011799.4004   11.3006
    0.0000   45.0000   30.000012314.4756   11.2899
    7.5000   45.0000   30.000011833.8018   11.2768
   -7.5000  -45.0000   37.5000 6315.7134   12.4880
    0.0000  -45.0000   37.5000 6695.2017   12.4709
    7.5000  -45.0000   37.5000 6395.4868   12.4615
   -7.5000  -37.5000   37.5000 7188.5483   12.1989
    0.0000  -37.5000   37.5000 7611.4375   12.1816
    7.5000  -37.5000   37.5000 7264.9575   12.1660
   -7.5000  -30.0000   37.5000 8350.9717   12.0007
    0.0000  -30.0000   37.5000 8811.8311   11.9857
    7.5000  -30.0000   37.5000 8433.2891   11.9682
   -7.5000  -22.5000   37.5000 9528.3564   11.8559
    0.0000  -22.5000   37.500010008.5664   11.8456
    7.5000  -22.5000   37.5000 9615.8867   11.8321
   -7.5000  -15.0000   37.500010650.4395   11.7870
    0.0000  -15.0000   37.500011175.8584   11.7794
    7.5000  -15.0000   37.500010762.3428   11.7711
   -7.5000   -7.5000   37.500011695.3047   11.8010
    0.0000   -7.5000   37.500012246.7520   11.7916
    7.5000   -7.5000   37.500011833.2109   11.7851
   -7.5000    0.0000   37.500012685.0195   11.8322
    0.0000    0.0000   37.500013284.9951   11.8183
    7.5000    0.0000   37.500012863.6006   11.8088
   -7.5000    7.5000   37.500012730.8916   11.8490
    0.0000    7.5000   37.500013334.6846   11.8326
    7.5000    7.5000   37.500012909.2139   11.8178
   -7.5000   15.0000   37.500012548.4844   11.8367
    0.0000   15.0000   37.500013122.3906   11.8223
    7.5000   15.0000   37.500012740.0186   11.8054
   -7.5000   22.5000   37.500012267.1055   11.8004
    0.0000   22.5000   37.500012776.6875   11.7902
    7.5000   22.5000   37.500012422.1328   11.7770
   -7.5000   30.0000   37.500011916.2080   11.6344
    0.0000   30.0000   37.500012438.4014   11.6268
    7.5000   30.0000   37.500012050.2256   11.6187
   -7.5000   37.5000   37.500011958.6377   11.6483
    0.0000   37.5000   37.500012481.2979   11.6390
    7.5000   37.5000   37.500012053.2275   11.6326
   -7.5000   45.0000   37.500011376.7354   11.4049
    0.0000   45.0000   37.500011854.7812   11.3915
    7.5000   45.0000   37.500011424.1670   11.3823
   -7.5000  -45.0000   45.0000 5777.0405   12.6295
    0.0000  -45.0000   45.0000 6127.5991   12.6093
    7.5000  -45.0000   45.0000 5855.7153   12.6013
   -7.5000  -37.5000   45.0000 6558.1885   12.3307
    0.0000  -37.5000   45.0000 6954.7739   12.3091
    7.5000  -37.5000   45.0000 6651.6904   12.2946
   -7.5000  -30.0000   45.0000 7614.0654   12.1290
    0.0000  -30.0000   45.0000 8046.9468   12.1095
    7.5000  -30.0000   45.0000 7710.6353   12.0917
   -7.5000  -22.5000   45.0000 8691.8906   11.9814
    0.0000  -22.5000   45.0000 9156.0273   11.9675
    7.5000  -22.5000   45.0000 8798.8447   11.9524
   -7.5000  -15.0000   45.0000 9735.8887   11.9089
    0.0000  -15.0000   45.000010239.7402   11.8989
    7.5000  -15.0000   45.0000 9850.7256   11.8893
   -7.5000   -7.5000   45.000010712.5098   11.9206
    0.0000   -7.5000   45.000011257.5508   11.9091
    7.5000   -7.5000   45.000010846.1074   11.9029
   -7.5000    0.0000   45.000011604.8701   11.9514
    0.0000    0.0000   45.000012200.8164   11.9344
    7.5000    0.0000   45.000011805.9893   11.9265
   -7.5000    7.5000   45.000011665.2490   11.9700
    0.0000    7.5000   45.000012229.8330   11.9494
    7.5000    7.5000   45.000011817.2861   11.9358
   -7.5000   15.0000   45.000011503.2773   11.9603
    0.0000   15.0000   45.000012013.1553   11.9414
    7.5000   15.0000   45.000011642.3848   11.9243
   -7.5000   22.5000   45.000011248.1865   11.9244
    0.0000   22.5000   45.000011706.2002   11.9106
    7.5000   22.5000   45.000011365.9844   11.8958
   -7.5000   30.0000   45.000010921.3945   11.7536
    0.0000   30.0000   45.000011394.5293   11.7438
    7.5000   30.0000   45.000011036.9893   11.7343
   -7.5000   37.5000   45.000010982.0186   11.7653
    0.0000   37.5000   45.000011458.0293   11.7539
    7.5000   37.5000   45.000011057.6914   11.7478
   -7.5000   45.0000   45.000010463.1289   11.5250
    0.0000   45.0000   45.000010897.2324   11.5086
    7.5000   45.0000   45.000010513.0264   11.5010

---------------------------------------------------------------------
imgreg_4dfp /opt/freesurfer/average/711-2C_as_mni_average_305 /opt/freesurfer/average/711-2B_as_mni_average_305_mask talsrcimg_g11 none talsrcimg_to_711-2C_as_mni_average_305_t4 4355
---------------------------------------------------------------------

freesurfer imgreg_4dfp.c
/opt/freesurfer/average/711-2C_as_mni_average_305.4dfp.img
       256       256       256         1
  1.000000  1.000000  1.000000
orientation T byte_order littleendian
Reading image: /opt/freesurfer/average/711-2C_as_mni_average_305.4dfp.img
dimensions:      256       256       256
mmppix:       1.0000   -1.0000   -1.0000
center:     128.0000 -129.0000 -129.0000
/opt/freesurfer/average/711-2B_as_mni_average_305_mask.4dfp.img
       256       256       256         1
  1.000000  1.000000  1.000000
orientation T byte_order littleendian
Reading mask: /opt/freesurfer/average/711-2B_as_mni_average_305_mask.4dfp.img (2306576 pixels)
talsrcimg_g11.4dfp.img
       256       256       256         1
  1.000000  1.000000  1.000000
orientation T byte_order littleendian
Reading image: talsrcimg_g11.4dfp.img
dimensions:      256       256       256
mmppix:       1.0000   -1.0000   -1.0000
center:     128.0000 -129.0000 -129.0000
rotation matrix determinant  1.000000
image alignment mode   4355 decimal     1103 hex
   -7.5000  -37.5000  -45.0000 1768.4794   16.8929
    0.0000  -37.5000  -45.0000 1783.9235   16.6637
    7.5000  -37.5000  -45.0000 1776.3129   16.4412
   -7.5000  -30.0000  -45.0000 1885.4913   14.7669
    0.0000  -30.0000  -45.0000 1907.4675   14.5863
    7.5000  -30.0000  -45.0000 1907.7841   14.4174
   -7.5000  -22.5000  -45.0000 1999.8988   13.1344
    0.0000  -22.5000  -45.0000 2019.6621   12.9793
    7.5000  -22.5000  -45.0000 2020.7242   12.8732
   -7.5000  -15.0000  -45.0000 2106.1538   11.8342
    0.0000  -15.0000  -45.0000 2125.9963   11.7128
    7.5000  -15.0000  -45.0000 2122.3560   11.6393
   -7.5000   -7.5000  -45.0000 2199.8201   10.9299
    0.0000   -7.5000  -45.0000 2216.6997   10.7959
    7.5000   -7.5000  -45.0000 2216.8440   10.7795
   -7.5000    0.0000  -45.0000 2266.1189   10.2960
    0.0000    0.0000  -45.0000 2278.0305   10.1483
    7.5000    0.0000  -45.0000 2273.6323   10.1695
   -7.5000    7.5000  -45.0000 2300.6350    9.8785
    0.0000    7.5000  -45.0000 2314.9009    9.7419
    7.5000    7.5000  -45.0000 2304.9602    9.7740
   -7.5000   15.0000  -45.0000 2310.4771    9.6670
    0.0000   15.0000  -45.0000 2328.4573    9.5368
    7.5000   15.0000  -45.0000 2317.1975    9.6051
   -7.5000   22.5000  -45.0000 2314.1658    9.6150
    0.0000   22.5000  -45.0000 2324.8972    9.4948
    7.5000   22.5000  -45.0000 2318.9749    9.5827
   -7.5000   30.0000  -45.0000 2299.2913    9.7528
    0.0000   30.0000  -45.0000 2316.0015    9.6272
    7.5000   30.0000  -45.0000 2312.1428    9.7139
   -7.5000   37.5000  -45.0000 2264.9050   10.1057
    0.0000   37.5000  -45.0000 2284.9382    9.9823
    7.5000   37.5000  -45.0000 2280.7441   10.0740
   -7.5000   45.0000  -45.0000 2211.4297   10.7054
    0.0000   45.0000  -45.0000 2232.0100   10.5790
    7.5000   45.0000  -45.0000 2230.3457   10.6691
   -7.5000   52.5000  -45.0000 2119.6868   11.4523
    0.0000   52.5000  -45.0000 2137.3901   11.3192
    7.5000   52.5000  -45.0000 2135.6536   11.4076
   -7.5000  -37.5000  -37.5000 1817.9055   15.6952
    0.0000  -37.5000  -37.5000 1838.6014   15.4760
    7.5000  -37.5000  -37.5000 1839.7859   15.3175
   -7.5000  -30.0000  -37.5000 1942.8580   13.7119
    0.0000  -30.0000  -37.5000 1970.0242   13.5322
    7.5000  -30.0000  -37.5000 1974.4795   13.4519
   -7.5000  -22.5000  -37.5000 2074.4070   12.2055
    0.0000  -22.5000  -37.5000 2095.7903   12.0179
    7.5000  -22.5000  -37.5000 2093.1726   11.9823
   -7.5000  -15.0000  -37.5000 2194.3960   11.0309
    0.0000  -15.0000  -37.5000 2211.7971   10.8713
    7.5000  -15.0000  -37.5000 2207.1331   10.8576
   -7.5000   -7.5000  -37.5000 2289.8992   10.1760
    0.0000   -7.5000  -37.5000 2307.3660   10.0223
    7.5000   -7.5000  -37.5000 2303.0288   10.0426
   -7.5000    0.0000  -37.5000 2363.2896    9.5718
    0.0000    0.0000  -37.5000 2379.4805    9.4151
    7.5000    0.0000  -37.5000 2367.9033    9.4394
   -7.5000    7.5000  -37.5000 2400.2039    9.1530
    0.0000    7.5000  -37.5000 2417.9111    9.0081
    7.5000    7.5000  -37.5000 2411.1304    9.0361
   -7.5000   15.0000  -37.5000 2414.7881    8.9281
    0.0000   15.0000  -37.5000 2430.3945    8.8063
    7.5000   15.0000  -37.5000 2426.3704    8.8650
   -7.5000   22.5000  -37.5000 2418.8306    8.8709
    0.0000   22.5000  -37.5000 2433.0950    8.7417
    7.5000   22.5000  -37.5000 2433.1904    8.8182
   -7.5000   30.0000  -37.5000 2401.5713    8.9837
    0.0000   30.0000  -37.5000 2423.0444    8.8445
    7.5000   30.0000  -37.5000 2426.0994    8.9239
   -7.5000   37.5000  -37.5000 2363.7766    9.3116
    0.0000   37.5000  -37.5000 2388.3374    9.1690
    7.5000   37.5000  -37.5000 2387.2266    9.2656
   -7.5000   45.0000  -37.5000 2306.6479    9.8599
    0.0000   45.0000  -37.5000 2329.9580    9.7288
    7.5000   45.0000  -37.5000 2329.5483    9.8121
   -7.5000   52.5000  -37.5000 2214.7854   10.5261
    0.0000   52.5000  -37.5000 2235.6248   10.3806
    7.5000   52.5000  -37.5000 2232.7051   10.4592
   -7.5000  -37.5000  -30.0000 1895.0544   15.1793
    0.0000  -37.5000  -30.0000 1920.8733   14.9497
    7.5000  -37.5000  -30.0000 1927.2727   14.9211
   -7.5000  -30.0000  -30.0000 2032.7158   13.2846
    0.0000  -30.0000  -30.0000 2062.8088   13.0619
    7.5000  -30.0000  -30.0000 2066.1113   13.0723
   -7.5000  -22.5000  -30.0000 2183.9448   11.8145
    0.0000  -22.5000  -30.0000 2207.3196   11.6029
    7.5000  -22.5000  -30.0000 2199.1711   11.6127
   -7.5000  -15.0000  -30.0000 2310.7307   10.6693
    0.0000  -15.0000  -30.0000 2334.7544   10.4903
    7.5000  -15.0000  -30.0000 2327.1287   10.5218
   -7.5000   -7.5000  -30.0000 2413.1130    9.8310
    0.0000   -7.5000  -30.0000 2437.0876    9.6594
    7.5000   -7.5000  -30.0000 2430.2588    9.6949
   -7.5000    0.0000  -30.0000 2492.6230    9.2180
    0.0000    0.0000  -30.0000 2506.2854    9.0700
    7.5000    0.0000  -30.0000 2497.5469    9.1061
   -7.5000    7.5000  -30.0000 2542.8159    8.7848
    0.0000    7.5000  -30.0000 2560.6804    8.6244
    7.5000    7.5000  -30.0000 2555.4998    8.6703
   -7.5000   15.0000  -30.0000 2567.9080    8.5465
    0.0000   15.0000  -30.0000 2586.1938    8.4010
    7.5000   15.0000  -30.0000 2581.5334    8.4652
   -7.5000   22.5000  -30.0000 2569.4434    8.4771
    0.0000   22.5000  -30.0000 2590.2888    8.3432
    7.5000   22.5000  -30.0000 2589.7278    8.4083
   -7.5000   30.0000  -30.0000 2548.8572    8.5803
    0.0000   30.0000  -30.0000 2573.4949    8.4547
    7.5000   30.0000  -30.0000 2574.7595    8.5092
   -7.5000   37.5000  -30.0000 2506.3914    8.9004
    0.0000   37.5000  -30.0000 2535.8088    8.7621
    7.5000   37.5000  -30.0000 2536.8555    8.8250
   -7.5000   45.0000  -30.0000 2449.6919    9.4158
    0.0000   45.0000  -30.0000 2472.3491    9.2586
    7.5000   45.0000  -30.0000 2475.0603    9.3261
   -7.5000   52.5000  -30.0000 2349.0559   10.0396
    0.0000   52.5000  -30.0000 2372.2874    9.8820
    7.5000   52.5000  -30.0000 2371.7551    9.9619
   -7.5000  -37.5000  -22.5000 1952.3403   14.7377
    0.0000  -37.5000  -22.5000 1980.6272   14.4897
    7.5000  -37.5000  -22.5000 1985.2108   14.5238
   -7.5000  -30.0000  -22.5000 2104.0110   12.8628
    0.0000  -30.0000  -22.5000 2133.1140   12.6390
    7.5000  -30.0000  -22.5000 2131.8013   12.6769
   -7.5000  -22.5000  -22.5000 2262.9160   11.4148
    0.0000  -22.5000  -22.5000 2286.3743   11.2210
    7.5000  -22.5000  -22.5000 2276.7295   11.2173
   -7.5000  -15.0000  -22.5000 2389.2920   10.2965
    0.0000  -15.0000  -22.5000 2416.7417   10.1044
    7.5000  -15.0000  -22.5000 2407.7095   10.1107
   -7.5000   -7.5000  -22.5000 2497.0381    9.4518
    0.0000   -7.5000  -22.5000 2520.5793    9.2740
    7.5000   -7.5000  -22.5000 2514.5471    9.2809
   -7.5000    0.0000  -22.5000 2586.0652    8.8260
    0.0000    0.0000  -22.5000 2602.8955    8.6727
    7.5000    0.0000  -22.5000 2595.0283    8.7123
   -7.5000    7.5000  -22.5000 2644.6863    8.3794
    0.0000    7.5000  -22.5000 2664.3208    8.2315
    7.5000    7.5000  -22.5000 2665.2783    8.2806
   -7.5000   15.0000  -22.5000 2684.6699    8.1267
    0.0000   15.0000  -22.5000 2706.0715    7.9792
    7.5000   15.0000  -22.5000 2704.6750    8.0168
   -7.5000   22.5000  -22.5000 2698.7493    8.0377
    0.0000   22.5000  -22.5000 2722.7188    7.9079
    7.5000   22.5000  -22.5000 2719.9011    7.9482
   -7.5000   30.0000  -22.5000 2675.0940    8.1393
    0.0000   30.0000  -22.5000 2703.9492    8.0091
    7.5000   30.0000  -22.5000 2700.5447    8.0622
   -7.5000   37.5000  -22.5000 2634.4009    8.4464
    0.0000   37.5000  -22.5000 2665.7896    8.3010
    7.5000   37.5000  -22.5000 2662.8533    8.3681
   -7.5000   45.0000  -22.5000 2571.3970    8.9323
    0.0000   45.0000  -22.5000 2602.4443    8.7685
    7.5000   45.0000  -22.5000 2598.7549    8.8399
   -7.5000   52.5000  -22.5000 2460.3240    9.5253
    0.0000   52.5000  -22.5000 2488.5234    9.3649
    7.5000   52.5000  -22.5000 2488.0742    9.4372
   -7.5000  -37.5000  -15.0000 1986.7537   14.3908
    0.0000  -37.5000  -15.0000 2019.8278   14.1224
    7.5000  -37.5000  -15.0000 2020.4243   14.1984
   -7.5000  -30.0000  -15.0000 2147.1494   12.5188
    0.0000  -30.0000  -15.0000 2176.5093   12.2838
    7.5000  -30.0000  -15.0000 2170.1240   12.3493
   -7.5000  -22.5000  -15.0000 2302.6125   11.0618
    0.0000  -22.5000  -15.0000 2328.2585   10.8559
    7.5000  -22.5000  -15.0000 2318.3748   10.8732
   -7.5000  -15.0000  -15.0000 2426.0496    9.9291
    0.0000  -15.0000  -15.0000 2453.5310    9.7478
    7.5000  -15.0000  -15.0000 2450.0391    9.7601
   -7.5000   -7.5000  -15.0000 2541.5417    9.0702
    0.0000   -7.5000  -15.0000 2565.5984    8.9192
    7.5000   -7.5000  -15.0000 2563.2893    8.9199
   -7.5000    0.0000  -15.0000 2641.3789    8.4461
    0.0000    0.0000  -15.0000 2667.2864    8.3223
    7.5000    0.0000  -15.0000 2662.0354    8.3366
   -7.5000    7.5000  -15.0000 2713.5364    7.9884
    0.0000    7.5000  -15.0000 2740.1265    7.8741
    7.5000    7.5000  -15.0000 2736.7537    7.9059
   -7.5000   15.0000  -15.0000 2765.0403    7.7208
    0.0000   15.0000  -15.0000 2793.4968    7.6003
    7.5000   15.0000  -15.0000 2790.9722    7.6352
   -7.5000   22.5000  -15.0000 2791.4602    7.6132
    0.0000   22.5000  -15.0000 2817.7739    7.4962
    7.5000   22.5000  -15.0000 2812.6963    7.5536
   -7.5000   30.0000  -15.0000 2781.1504    7.7062
    0.0000   30.0000  -15.0000 2808.9243    7.5782
    7.5000   30.0000  -15.0000 2797.6975    7.6620
   -7.5000   37.5000  -15.0000 2737.5894    8.0010
    0.0000   37.5000  -15.0000 2768.8337    7.8611
    7.5000   37.5000  -15.0000 2759.1890    7.9370
   -7.5000   45.0000  -15.0000 2661.6926    8.4802
    0.0000   45.0000  -15.0000 2696.2546    8.3258
    7.5000   45.0000  -15.0000 2688.4727    8.3948
   -7.5000   52.5000  -15.0000 2539.2920    9.0499
    0.0000   52.5000  -15.0000 2568.6016    8.9006
    7.5000   52.5000  -15.0000 2566.3020    8.9699
   -7.5000  -37.5000   -7.5000 2013.3257   14.0926
    0.0000  -37.5000   -7.5000 2046.5657   13.8460
    7.5000  -37.5000   -7.5000 2046.7635   13.9160
   -7.5000  -30.0000   -7.5000 2168.9709   12.2158
    0.0000  -30.0000   -7.5000 2198.1133   12.0028
    7.5000  -30.0000   -7.5000 2191.5247   12.0608
   -7.5000  -22.5000   -7.5000 2318.7102   10.7488
    0.0000  -22.5000   -7.5000 2346.4573   10.5463
    7.5000  -22.5000   -7.5000 2337.5601   10.5884
   -7.5000  -15.0000   -7.5000 2443.4763    9.6197
    0.0000  -15.0000   -7.5000 2471.2651    9.4251
    7.5000  -15.0000   -7.5000 2465.9248    9.4640
   -7.5000   -7.5000   -7.5000 2566.8860    8.7542
    0.0000   -7.5000   -7.5000 2595.0615    8.5905
    7.5000   -7.5000   -7.5000 2589.8018    8.6194
   -7.5000    0.0000   -7.5000 2677.8943    8.1181
    0.0000    0.0000   -7.5000 2707.3757    7.9845
    7.5000    0.0000   -7.5000 2703.8984    8.0047
   -7.5000    7.5000   -7.5000 2760.9263    7.6683
    0.0000    7.5000   -7.5000 2791.4065    7.5657
    7.5000    7.5000   -7.5000 2790.5073    7.5721
   -7.5000   15.0000   -7.5000 2821.3704    7.3601
    0.0000   15.0000   -7.5000 2853.0969    7.2893
    7.5000   15.0000   -7.5000 2851.1489    7.3118
   -7.5000   22.5000   -7.5000 2859.5566    7.2303
    0.0000   22.5000   -7.5000 2893.6323    7.1537
    7.5000   22.5000   -7.5000 2886.5117    7.2098
   -7.5000   30.0000   -7.5000 2849.9097    7.3159
    0.0000   30.0000   -7.5000 2886.2544    7.2114
    7.5000   30.0000   -7.5000 2869.1709    7.3038
   -7.5000   37.5000   -7.5000 2806.6045    7.5940
    0.0000   37.5000   -7.5000 2841.7979    7.4775
    7.5000   37.5000   -7.5000 2829.0278    7.5688
   -7.5000   45.0000   -7.5000 2727.6370    8.0549
    0.0000   45.0000   -7.5000 2762.5654    7.9441
    7.5000   45.0000   -7.5000 2750.8164    8.0249
   -7.5000   52.5000   -7.5000 2597.3020    8.6256
    0.0000   52.5000   -7.5000 2627.7690    8.5114
    7.5000   52.5000   -7.5000 2619.8315    8.5869
   -7.5000  -37.5000    0.0000 2030.9419   14.0342
    0.0000  -37.5000    0.0000 2062.2996   13.7634
    7.5000  -37.5000    0.0000 2057.5967   13.8911
   -7.5000  -30.0000    0.0000 2180.3843   12.1080
    0.0000  -30.0000    0.0000 2206.8662   11.8592
    7.5000  -30.0000    0.0000 2203.7000   11.9464
   -7.5000  -22.5000    0.0000 2320.4651   10.5715
    0.0000  -22.5000    0.0000 2346.2522   10.3737
    7.5000  -22.5000    0.0000 2341.6648   10.4207
   -7.5000  -15.0000    0.0000 2443.2117    9.4065
    0.0000  -15.0000    0.0000 2470.1750    9.2358
    7.5000  -15.0000    0.0000 2466.3770    9.2811
   -7.5000   -7.5000    0.0000 2569.4197    8.5250
    0.0000   -7.5000    0.0000 2601.2676    8.3843
    7.5000   -7.5000    0.0000 2597.2146    8.4031
   -7.5000    0.0000    0.0000 2685.2942    7.8603
    0.0000    0.0000    0.0000 2719.7542    7.7610
    7.5000    0.0000    0.0000 2722.6179    7.7708
   -7.5000    7.5000    0.0000 2792.0625    7.3977
    0.0000    7.5000    0.0000 2826.6201    7.3280
    7.5000    7.5000    0.0000 2826.6458    7.3158
   -7.5000   15.0000    0.0000 2861.6953    7.1222
    0.0000   15.0000    0.0000 2901.4080    7.0775
    7.5000   15.0000    0.0000 2899.0815    7.0739
   -7.5000   22.5000    0.0000 2907.9375    7.0257
    0.0000   22.5000    0.0000 2952.1328    7.0079
    7.5000   22.5000    0.0000 2945.7004    7.0170
   -7.5000   30.0000    0.0000 2905.8831    7.0721
    0.0000   30.0000    0.0000 2951.7214    7.0261
    7.5000   30.0000    0.0000 2931.2856    7.0850
   -7.5000   37.5000    0.0000 2855.4407    7.3248
    0.0000   37.5000    0.0000 2897.5898    7.2654
    7.5000   37.5000    0.0000 2874.8264    7.3287
   -7.5000   45.0000    0.0000 2767.2146    7.7597
    0.0000   45.0000    0.0000 2806.8459    7.6881
    7.5000   45.0000    0.0000 2790.5100    7.7342
   -7.5000   52.5000    0.0000 2635.4766    8.3126
    0.0000   52.5000    0.0000 2667.6499    8.2349
    7.5000   52.5000    0.0000 2657.6130    8.2717
   -7.5000  -37.5000    7.5000 2035.8719   14.0823
    0.0000  -37.5000    7.5000 2062.0476   13.8073
    7.5000  -37.5000    7.5000 2057.4866   13.9152
   -7.5000  -30.0000    7.5000 2177.5654   12.1228
    0.0000  -30.0000    7.5000 2202.7639   11.9093
    7.5000  -30.0000    7.5000 2199.5315   11.9659
   -7.5000  -22.5000    7.5000 2309.0312   10.5564
    0.0000  -22.5000    7.5000 2338.4531   10.3771
    7.5000  -22.5000    7.5000 2330.7920   10.4509
   -7.5000  -15.0000    7.5000 2431.8809    9.3652
    0.0000  -15.0000    7.5000 2461.2434    9.1798
    7.5000  -15.0000    7.5000 2456.2253    9.2604
   -7.5000   -7.5000    7.5000 2562.4141    8.4409
    0.0000   -7.5000    7.5000 2592.8591    8.2859
    7.5000   -7.5000    7.5000 2591.5186    8.3460
   -7.5000    0.0000    7.5000 2679.2549    7.7557
    0.0000    0.0000    7.5000 2716.9102    7.6408
    7.5000    0.0000    7.5000 2721.7922    7.6739
   -7.5000    7.5000    7.5000 2794.0544    7.2814
    0.0000    7.5000    7.5000 2832.0825    7.2037
    7.5000    7.5000    7.5000 2835.6914    7.2108
   -7.5000   15.0000    7.5000 2890.2979    7.0371
    0.0000   15.0000    7.5000 2936.7488    6.9897
    7.5000   15.0000    7.5000 2923.9614    6.9742
   -7.5000   22.5000    7.5000 2945.2935    6.9752
    0.0000   22.5000    7.5000 3002.4683    6.9890
    7.5000   22.5000    7.5000 2981.0459    6.9460
   -7.5000   30.0000    7.5000 2938.7336    7.0325
    0.0000   30.0000    7.5000 2993.2136    7.0552
    7.5000   30.0000    7.5000 2969.2905    7.0259
   -7.5000   37.5000    7.5000 2884.5789    7.2246
    0.0000   37.5000    7.5000 2927.7180    7.1895
    7.5000   37.5000    7.5000 2903.0796    7.2149
   -7.5000   45.0000    7.5000 2792.8752    7.5862
    0.0000   45.0000    7.5000 2831.7747    7.5057
    7.5000   45.0000    7.5000 2816.1406    7.5719
   -7.5000   52.5000    7.5000 2654.6511    8.1353
    0.0000   52.5000    7.5000 2686.4749    8.0298
    7.5000   52.5000    7.5000 2677.6636    8.1085
   -7.5000  -37.5000   15.0000 2020.5459   14.2855
    0.0000  -37.5000   15.0000 2044.9628   14.0704
    7.5000  -37.5000   15.0000 2036.4529   14.1972
   -7.5000  -30.0000   15.0000 2167.7007   12.2662
    0.0000  -30.0000   15.0000 2193.7271   12.0499
    7.5000  -30.0000   15.0000 2179.9731   12.1324
   -7.5000  -22.5000   15.0000 2295.5176   10.6403
    0.0000  -22.5000   15.0000 2324.3235   10.4483
    7.5000  -22.5000   15.0000 2315.9363   10.5604
   -7.5000  -15.0000   15.0000 2413.2668    9.4267
    0.0000  -15.0000   15.0000 2442.9897    9.2345
    7.5000  -15.0000   15.0000 2441.7627    9.3502
   -7.5000   -7.5000   15.0000 2540.1504    8.5324
    0.0000   -7.5000   15.0000 2566.4348    8.3622
    7.5000   -7.5000   15.0000 2570.5767    8.4543
   -7.5000    0.0000   15.0000 2658.6309    7.8724
    0.0000    0.0000   15.0000 2691.3401    7.7375
    7.5000    0.0000   15.0000 2697.8862    7.7884
   -7.5000    7.5000   15.0000 2778.6445    7.3905
    0.0000    7.5000   15.0000 2809.2793    7.3074
    7.5000    7.5000   15.0000 2811.7061    7.3259
   -7.5000   15.0000   15.0000 2882.6213    7.1271
    0.0000   15.0000   15.0000 2920.8198    7.0729
    7.5000   15.0000   15.0000 2908.5569    7.0689
   -7.5000   22.5000   15.0000 2947.1309    7.0398
    0.0000   22.5000   15.0000 2998.1833    7.0231
    7.5000   22.5000   15.0000 2973.7314    7.0099
   -7.5000   30.0000   15.0000 2940.4800    7.0891
    0.0000   30.0000   15.0000 2996.9006    7.0533
    7.5000   30.0000   15.0000 2966.3030    7.0867
   -7.5000   37.5000   15.0000 2876.5923    7.2947
    0.0000   37.5000   15.0000 2922.6235    7.2060
    7.5000   37.5000   15.0000 2899.0930    7.2829
   -7.5000   45.0000   15.0000 2783.4910    7.6501
    0.0000   45.0000   15.0000 2820.3091    7.5372
    7.5000   45.0000   15.0000 2804.0354    7.6489
   -7.5000   52.5000   15.0000 2643.6675    8.1706
    0.0000   52.5000   15.0000 2672.2417    8.0476
    7.5000   52.5000   15.0000 2662.6201    8.1544
   -7.5000  -37.5000   22.5000 1985.3466   14.6843
    0.0000  -37.5000   22.5000 2014.5856   14.4891
    7.5000  -37.5000   22.5000 2006.1229   14.6345
   -7.5000  -30.0000   22.5000 2140.6504   12.5882
    0.0000  -30.0000   22.5000 2167.7283   12.3766
    7.5000  -30.0000   22.5000 2152.7278   12.4934
   -7.5000  -22.5000   22.5000 2272.5852   10.9194
    0.0000  -22.5000   22.5000 2296.8140   10.7231
    7.5000  -22.5000   22.5000 2287.7083   10.8656
   -7.5000  -15.0000   22.5000 2389.6885    9.7176
    0.0000  -15.0000   22.5000 2416.9736    9.5224
    7.5000  -15.0000   22.5000 2411.2429    9.6429
   -7.5000   -7.5000   22.5000 2509.8452    8.8278
    0.0000   -7.5000   22.5000 2536.8533    8.6379
    7.5000   -7.5000   22.5000 2539.3328    8.7507
   -7.5000    0.0000   22.5000 2627.9521    8.1372
    0.0000    0.0000   22.5000 2658.8259    7.9873
    7.5000    0.0000   22.5000 2665.9866    8.0685
   -7.5000    7.5000   22.5000 2744.1790    7.6518
    0.0000    7.5000   22.5000 2776.6802    7.5234
    7.5000    7.5000   22.5000 2779.6741    7.5804
   -7.5000   15.0000   22.5000 2847.1619    7.3416
    0.0000   15.0000   22.5000 2879.9749    7.2446
    7.5000   15.0000   22.5000 2876.4954    7.2843
   -7.5000   22.5000   22.5000 2907.4146    7.1950
    0.0000   22.5000   22.5000 2947.9182    7.1351
    7.5000   22.5000   22.5000 2937.6333    7.1722
   -7.5000   30.0000   22.5000 2900.5520    7.2154
    0.0000   30.0000   22.5000 2946.4297    7.1192
    7.5000   30.0000   22.5000 2928.1990    7.1996
   -7.5000   37.5000   22.5000 2848.7615    7.4451
    0.0000   37.5000   22.5000 2886.1689    7.3169
    7.5000   37.5000   22.5000 2866.5503    7.4293
   -7.5000   45.0000   22.5000 2758.1526    7.8471
    0.0000   45.0000   22.5000 2787.6636    7.7251
    7.5000   45.0000   22.5000 2776.3281    7.8289
   -7.5000   52.5000   22.5000 2620.0154    8.3760
    0.0000   52.5000   22.5000 2640.9397    8.2515
    7.5000   52.5000   22.5000 2635.2710    8.3474
   -7.5000  -37.5000   30.0000 1935.7982   15.3165
    0.0000  -37.5000   30.0000 1966.0547   15.1090
    7.5000  -37.5000   30.0000 1959.9050   15.2501
   -7.5000  -30.0000   30.0000 2093.1211   13.1266
    0.0000  -30.0000   30.0000 2121.5300   12.8953
    7.5000  -30.0000   30.0000 2110.7822   13.0488
   -7.5000  -22.5000   30.0000 2233.5815   11.3974
    0.0000  -22.5000   30.0000 2257.5398   11.1823
    7.5000  -22.5000   30.0000 2246.6895   11.3577
   -7.5000  -15.0000   30.0000 2358.8474   10.1479
    0.0000  -15.0000   30.0000 2385.5544    9.9345
    7.5000  -15.0000   30.0000 2374.1614   10.1016
   -7.5000   -7.5000   30.0000 2476.1726    9.2313
    0.0000   -7.5000   30.0000 2506.0703    9.0155
    7.5000   -7.5000   30.0000 2503.6694    9.1598
   -7.5000    0.0000   30.0000 2588.7048    8.5177
    0.0000    0.0000   30.0000 2621.9558    8.3270
    7.5000    0.0000   30.0000 2625.6157    8.4555
   -7.5000    7.5000   30.0000 2699.0659    8.0132
    0.0000    7.5000   30.0000 2730.5601    7.8468
    7.5000    7.5000   30.0000 2732.2600    7.9630
   -7.5000   15.0000   30.0000 2790.4846    7.6608
    0.0000   15.0000   30.0000 2814.5420    7.5388
    7.5000   15.0000   30.0000 2817.4475    7.6357
   -7.5000   22.5000   30.0000 2833.3230    7.4911
    0.0000   22.5000   30.0000 2865.6941    7.3639
    7.5000   22.5000   30.0000 2867.5457    7.4484
   -7.5000   30.0000   30.0000 2829.4917    7.5182
    0.0000   30.0000   30.0000 2867.2393    7.3756
    7.5000   30.0000   30.0000 2860.1084    7.4752
   -7.5000   37.5000   30.0000 2784.6453    7.7596
    0.0000   37.5000   30.0000 2819.3301    7.6302
    7.5000   37.5000   30.0000 2808.0020    7.7209
   -7.5000   45.0000   30.0000 2706.3936    8.1901
    0.0000   45.0000   30.0000 2726.8286    8.0743
    7.5000   45.0000   30.0000 2717.0166    8.1524
   -7.5000   52.5000   30.0000 2576.0364    8.7048
    0.0000   52.5000   30.0000 2594.1421    8.5858
    7.5000   52.5000   30.0000 2585.7539    8.6639
   -7.5000  -37.5000   37.5000 1883.6880   16.0513
    0.0000  -37.5000   37.5000 1914.7604   15.8422
    7.5000  -37.5000   37.5000 1908.0096   16.0095
   -7.5000  -30.0000   37.5000 2039.5858   13.7338
    0.0000  -30.0000   37.5000 2069.9238   13.5147
    7.5000  -30.0000   37.5000 2058.3479   13.7179
   -7.5000  -22.5000   37.5000 2190.6536   11.9534
    0.0000  -22.5000   37.5000 2217.5642   11.7198
    7.5000  -22.5000   37.5000 2206.0027   11.9256
   -7.5000  -15.0000   37.5000 2323.2126   10.6412
    0.0000  -15.0000   37.5000 2351.2734   10.4352
    7.5000  -15.0000   37.5000 2336.9182   10.6235
   -7.5000   -7.5000   37.5000 2440.7810    9.6894
    0.0000   -7.5000   37.5000 2472.1172    9.4718
    7.5000   -7.5000   37.5000 2463.1892    9.6596
   -7.5000    0.0000   37.5000 2549.5149    8.9694
    0.0000    0.0000   37.5000 2581.3447    8.7763
    7.5000    0.0000   37.5000 2581.6470    8.9378
   -7.5000    7.5000   37.5000 2651.7771    8.4605
    0.0000    7.5000   37.5000 2681.6106    8.2902
    7.5000    7.5000   37.5000 2680.4473    8.4244
   -7.5000   15.0000   37.5000 2721.8140    8.0946
    0.0000   15.0000   37.5000 2750.2502    7.9418
    7.5000   15.0000   37.5000 2751.2512    8.0646
   -7.5000   22.5000   37.5000 2756.3745    7.9106
    0.0000   22.5000   37.5000 2790.2109    7.7304
    7.5000   22.5000   37.5000 2789.0588    7.8505
   -7.5000   30.0000   37.5000 2751.5837    7.9275
    0.0000   30.0000   37.5000 2787.2222    7.7723
    7.5000   30.0000   37.5000 2781.6619    7.8691
   -7.5000   37.5000   37.5000 2708.5681    8.1796
    0.0000   37.5000   37.5000 2740.1841    8.0520
    7.5000   37.5000   37.5000 2732.7849    8.1362
   -7.5000   45.0000   37.5000 2635.4238    8.6151
    0.0000   45.0000   37.5000 2655.2778    8.5053
    7.5000   45.0000   37.5000 2647.5435    8.5850
   -7.5000   52.5000   37.5000 2513.6931    9.1375
    0.0000   52.5000   37.5000 2534.1172    9.0195
    7.5000   52.5000   37.5000 2524.8040    9.0855
   -7.5000  -37.5000   45.0000 1832.3573   16.9716
    0.0000  -37.5000   45.0000 1860.7834   16.8087
    7.5000  -37.5000   45.0000 1850.4578   16.9812
   -7.5000  -30.0000   45.0000 1987.1570   14.4737
    0.0000  -30.0000   45.0000 2017.6238   14.2833
    7.5000  -30.0000   45.0000 2004.4772   14.5006
   -7.5000  -22.5000   45.0000 2138.1382   12.6311
    0.0000  -22.5000   45.0000 2170.3474   12.4218
    7.5000  -22.5000   45.0000 2155.8533   12.6139
   -7.5000  -15.0000   45.0000 2277.8987   11.2706
    0.0000  -15.0000   45.0000 2308.8735   11.0628
    7.5000  -15.0000   45.0000 2289.8423   11.2532
   -7.5000   -7.5000   45.0000 2393.3672   10.2678
    0.0000   -7.5000   45.0000 2428.8152   10.0554
    7.5000   -7.5000   45.0000 2413.2944   10.2332
   -7.5000    0.0000   45.0000 2497.5549    9.5384
    0.0000    0.0000   45.0000 2530.5264    9.3549
    7.5000    0.0000   45.0000 2524.3164    9.5118
   -7.5000    7.5000   45.0000 2588.3220    9.0145
    0.0000    7.5000   45.0000 2623.0994    8.8377
    7.5000    7.5000   45.0000 2614.1055    8.9659
   -7.5000   15.0000   45.0000 2645.8789    8.6443
    0.0000   15.0000   45.0000 2680.7556    8.4482
    7.5000   15.0000   45.0000 2677.3413    8.5765
   -7.5000   22.5000   45.0000 2676.0581    8.4451
    0.0000   22.5000   45.0000 2707.5054    8.2541
    7.5000   22.5000   45.0000 2704.7903    8.3673
   -7.5000   30.0000   45.0000 2668.3948    8.4561
    0.0000   30.0000   45.0000 2702.7903    8.2915
    7.5000   30.0000   45.0000 2696.3564    8.3959
   -7.5000   37.5000   45.0000 2626.4629    8.7090
    0.0000   37.5000   45.0000 2660.0295    8.5568
    7.5000   37.5000   45.0000 2651.4758    8.6526
   -7.5000   45.0000   45.0000 2553.9631    9.1581
    0.0000   45.0000   45.0000 2577.2788    9.0201
    7.5000   45.0000   45.0000 2574.0000    9.1058
   -7.5000   52.5000   45.0000 2441.4131    9.6664
    0.0000   52.5000   45.0000 2464.4875    9.5210
    7.5000   52.5000   45.0000 2457.3811    9.5950

---------------------------------------------------------------------
imgreg_4dfp /opt/freesurfer/average/711-2C_as_mni_average_305 /opt/freesurfer/average/711-2B_as_mni_average_305_mask talsrcimg_g11 none talsrcimg_to_711-2C_as_mni_average_305_t4 1283
---------------------------------------------------------------------

freesurfer imgreg_4dfp.c
/opt/freesurfer/average/711-2C_as_mni_average_305.4dfp.img
       256       256       256         1
  1.000000  1.000000  1.000000
orientation T byte_order littleendian
Reading image: /opt/freesurfer/average/711-2C_as_mni_average_305.4dfp.img
dimensions:      256       256       256
mmppix:       1.0000   -1.0000   -1.0000
center:     128.0000 -129.0000 -129.0000
/opt/freesurfer/average/711-2B_as_mni_average_305_mask.4dfp.img
       256       256       256         1
  1.000000  1.000000  1.000000
orientation T byte_order littleendian
Reading mask: /opt/freesurfer/average/711-2B_as_mni_average_305_mask.4dfp.img (2306576 pixels)
talsrcimg_g11.4dfp.img
       256       256       256         1
  1.000000  1.000000  1.000000
orientation T byte_order littleendian
Reading image: talsrcimg_g11.4dfp.img
dimensions:      256       256       256
mmppix:       1.0000   -1.0000   -1.0000
center:     128.0000 -129.0000 -129.0000
rotation matrix determinant  1.000000
fimgreg.f
image alignment mode   1283 decimal      503 hex
parameters
    0.0000   22.5000    7.5000    0.0000    0.0000    0.0000
eta,q 0.94303  6.98533
niter,ni,del,rscale     5    3   12.0000    1.2000
parameter  3 -0.894791 -> -0.500000 qaram    1.1500
parameter  6  2.357429 ->  0.500000 qaram    1.1500
parameters
    2.0847   24.3819   10.9500   -2.9776   -1.3202   -3.4500
eta,q 0.95763  7.05676
  0.0748  0.0709  0.0653  0.0506  0.0527  0.0403
  0.0671  0.0636  0.0611  0.0496  0.0500  0.0416
  0.0593  0.0574  0.0574  0.0493  0.0488  0.0448
  0.0549  0.0539  0.0537  0.0503  0.0493  0.0488
  0.0540  0.0537  0.0512  0.0525  0.0511  0.0528
  0.0555  0.0552  0.0499  0.0563  0.0538  0.0571
  0.0590  0.0579  0.0508  0.0594  0.0570  0.0617
niter,ni,del,rscale     6    3   12.0000    1.2000
parameter  6  0.519386 ->  0.500000 qaram    1.3225
parameters
    1.8769   26.2534   10.8989   -4.0333   -1.2578   -7.4175
eta,q 0.96246  7.02264
  0.0572  0.0632  0.0524  0.0463  0.0481  0.0408
  0.0486  0.0561  0.0457  0.0429  0.0440  0.0379
  0.0436  0.0482  0.0414  0.0404  0.0412  0.0376
  0.0424  0.0423  0.0406  0.0406  0.0401  0.0401
  0.0446  0.0407  0.0430  0.0431  0.0410  0.0448
  0.0505  0.0431  0.0466  0.0471  0.0437  0.0499
  0.0590  0.0487  0.0518  0.0514  0.0479  0.0548
niter,ni,del,rscale     6    3   12.0000    1.2000
parameters
    1.5023   26.6537   10.8474   -4.6309   -0.7007   -7.0507
eta,q 0.96320  7.02406
  0.0529  0.0569  0.0493  0.0454  0.0462  0.0497
  0.0439  0.0488  0.0429  0.0420  0.0419  0.0445
  0.0386  0.0408  0.0386  0.0376  0.0385  0.0399
  0.0375  0.0375  0.0375  0.0375  0.0371  0.0369
  0.0398  0.0397  0.0390  0.0402  0.0369  0.0379
  0.0469  0.0452  0.0432  0.0444  0.0392  0.0426
  0.0574  0.0527  0.0495  0.0487  0.0438  0.0483
niter,ni,del,rscale     5    3   12.0000    1.2000
parameters
    1.3955   26.8235   10.6171   -4.9406   -0.5492   -6.9973
eta,q 0.96346  7.02018
  0.0543  0.0554  0.0486  0.0459  0.0450  0.0489
  0.0444  0.0477  0.0418  0.0428  0.0409  0.0439
  0.0382  0.0400  0.0375  0.0380  0.0378  0.0391
  0.0368  0.0368  0.0368  0.0368  0.0366  0.0365
  0.0386  0.0398  0.0389  0.0394  0.0368  0.0382
  0.0454  0.0460  0.0433  0.0435  0.0398  0.0433
  0.0556  0.0536  0.0496  0.0480  0.0448  0.0491
niter,ni,del,rscale     4    3   12.0000    1.2000
parameters
    1.3564   26.8931   10.4990   -5.1022   -0.4770   -6.9887
eta,q 0.96357  7.01811
  0.0547  0.0546  0.0489  0.0461  0.0449  0.0487
  0.0445  0.0472  0.0420  0.0432  0.0407  0.0438
  0.0381  0.0397  0.0374  0.0384  0.0377  0.0389
  0.0365  0.0365  0.0366  0.0365  0.0364  0.0364
  0.0383  0.0399  0.0387  0.0390  0.0368  0.0382
  0.0450  0.0463  0.0430  0.0431  0.0399  0.0434
  0.0551  0.0539  0.0491  0.0476  0.0451  0.0491
niter,ni,del,rscale     3    3   12.0000    1.2000
parameters
    1.3366   26.9288   10.4387   -5.1863   -0.4395   -6.9891
eta,q 0.96362  7.01746
  0.0548  0.0542  0.0490  0.0463  0.0448  0.0487
  0.0445  0.0470  0.0421  0.0434  0.0406  0.0437
  0.0380  0.0396  0.0374  0.0387  0.0377  0.0389
  0.0364  0.0364  0.0364  0.0364  0.0364  0.0364
  0.0382  0.0398  0.0385  0.0388  0.0368  0.0382
  0.0449  0.0464  0.0428  0.0429  0.0400  0.0435
  0.0549  0.0539  0.0489  0.0474  0.0452  0.0491
niter,ni,del,rscale     2    3   12.0000    1.2000
parameters
    1.3274   26.9475   10.4073   -5.2299   -0.4205   -6.9892
eta,q 0.96364  7.01715
  0.0549  0.0540  0.0491  0.0463  0.0447  0.0487
  0.0446  0.0469  0.0422  0.0435  0.0406  0.0437
  0.0380  0.0395  0.0374  0.0388  0.0377  0.0389
  0.0364  0.0364  0.0364  0.0364  0.0364  0.0364
  0.0381  0.0398  0.0385  0.0387  0.0368  0.0382
  0.0448  0.0464  0.0427  0.0428  0.0401  0.0435
  0.0549  0.0539  0.0488  0.0473  0.0452  0.0491
registration optimization eta report
parameter search radius
    6.0000    6.0000    6.9000    6.0000    6.0000    7.9350
100000*second partial in parameter space
       52.       46.       26.       27.       24.       19.
  0.0549  0.0540  0.0491  0.0463  0.0447  0.0487
  0.0446  0.0469  0.0422  0.0435  0.0406  0.0437
  0.0380  0.0395  0.0374  0.0388  0.0377  0.0389
  0.0364  0.0364  0.0364  0.0364  0.0364  0.0364
  0.0381  0.0398  0.0385  0.0387  0.0368  0.0382
  0.0448  0.0464  0.0427  0.0428  0.0401  0.0435
  0.0549  0.0539  0.0488  0.0473  0.0452  0.0491
    1.3274   26.9475   10.4073   -5.2299   -0.4205   -6.9892
eta,q 0.96364  7.01715

---------------------------------------------------------------------
imgreg_4dfp /opt/freesurfer/average/711-2C_as_mni_average_305 /opt/freesurfer/average/711-2B_as_mni_average_305_mask talsrcimg_g11 none talsrcimg_to_711-2C_as_mni_average_305_t4 3335
---------------------------------------------------------------------

freesurfer imgreg_4dfp.c
/opt/freesurfer/average/711-2C_as_mni_average_305.4dfp.img
       256       256       256         1
  1.000000  1.000000  1.000000
orientation T byte_order littleendian
Reading image: /opt/freesurfer/average/711-2C_as_mni_average_305.4dfp.img
dimensions:      256       256       256
mmppix:       1.0000   -1.0000   -1.0000
center:     128.0000 -129.0000 -129.0000
/opt/freesurfer/average/711-2B_as_mni_average_305_mask.4dfp.img
       256       256       256         1
  1.000000  1.000000  1.000000
orientation T byte_order littleendian
Reading mask: /opt/freesurfer/average/711-2B_as_mni_average_305_mask.4dfp.img (2306576 pixels)
talsrcimg_g11.4dfp.img
       256       256       256         1
  1.000000  1.000000  1.000000
orientation T byte_order littleendian
Reading image: talsrcimg_g11.4dfp.img
dimensions:      256       256       256
mmppix:       1.0000   -1.0000   -1.0000
center:     128.0000 -129.0000 -129.0000
fimgreg.f
image alignment mode   3335 decimal      D07 hex
parameters
    1.3274   26.9475   10.4073   -0.7458   -1.1481   -0.4190
   12.0512    1.8345  -12.1679    8.9585   -0.7339   -9.1149
eta,q 0.96058  7.05172
niter,ni,del,rscale     5    3    5.0000    1.2000
parameter  5  2.055232 ->  0.500000 qaram    1.1500
parameter  6  0.551534 ->  0.500000 qaram    1.1500
parameters
    1.2314   26.8142   10.4717   -0.6371   -5.2881   -4.5590
   11.4484    1.7190  -12.3880    8.2442   -2.6665   -9.2232
eta,q 0.96542  6.73753
  0.0422  0.0417  0.0410  0.0415  0.0336  0.0351  0.0366  0.0383  0.0366  0.0376  0.0352  0.0358
  0.0406  0.0404  0.0401  0.0405  0.0351  0.0348  0.0355  0.0364  0.0355  0.0357  0.0348  0.0351
  0.0397  0.0396  0.0396  0.0398  0.0372  0.0351  0.0349  0.0351  0.0349  0.0347  0.0346  0.0347
  0.0394  0.0394  0.0394  0.0394  0.0394  0.0357  0.0348  0.0348  0.0348  0.0348  0.0347  0.0346
  0.0398  0.0398  0.0396  0.0394  0.0421  0.0367  0.0351  0.0353  0.0351  0.0354  0.0350  0.0348
  0.0409  0.0408  0.0400  0.0401  0.0454  0.0388  0.0360  0.0366  0.0357  0.0368  0.0355  0.0352
  0.0427  0.0422  0.0408  0.0417  0.0489  0.0419  0.0372  0.0385  0.0368  0.0389  0.0362  0.0358
niter,ni,del,rscale     6    3    5.0000    1.2000
parameter  5  0.934054 ->  0.500000 qaram    1.3225
parameters
    1.3083   27.1026   10.1095   -0.8315  -10.0491   -4.9618
   11.8117    2.0196  -12.1541    9.2356   -2.3596  -10.4099
eta,q 0.96792  6.54279
  0.0378  0.0377  0.0356  0.0362  0.0321  0.0352  0.0346  0.0361  0.0343  0.0368  0.0332  0.0329
  0.0361  0.0362  0.0349  0.0354  0.0322  0.0335  0.0334  0.0341  0.0332  0.0346  0.0326  0.0324
  0.0350  0.0351  0.0345  0.0348  0.0328  0.0325  0.0326  0.0328  0.0325  0.0330  0.0323  0.0321
  0.0346  0.0346  0.0345  0.0345  0.0345  0.0323  0.0322  0.0322  0.0322  0.0322  0.0321  0.0321
  0.0348  0.0346  0.0349  0.0346  0.0368  0.0329  0.0324  0.0326  0.0324  0.0323  0.0322  0.0324
  0.0358  0.0353  0.0356  0.0352  0.0394  0.0338  0.0331  0.0337  0.0331  0.0332  0.0325  0.0329
  0.0375  0.0366  0.0366  0.0367  0.0427  0.0358  0.0342  0.0355  0.0340  0.0348  0.0330  0.0335
niter,ni,del,rscale     6    3    5.0000    1.2000
parameters
    1.2691   27.3676    9.9702   -0.9909  -13.2023   -4.7649
   11.6361    2.1135  -12.5586   10.6851   -1.4983  -10.8817
eta,q 0.96834  6.43419
  0.0350  0.0354  0.0335  0.0337  0.0335  0.0350  0.0338  0.0353  0.0334  0.0360  0.0328  0.0325
  0.0334  0.0336  0.0327  0.0329  0.0322  0.0333  0.0327  0.0335  0.0324  0.0340  0.0323  0.0320
  0.0324  0.0325  0.0322  0.0324  0.0318  0.0321  0.0320  0.0322  0.0319  0.0325  0.0319  0.0317
  0.0321  0.0321  0.0321  0.0321  0.0321  0.0318  0.0318  0.0318  0.0318  0.0318  0.0317  0.0317
  0.0324  0.0322  0.0323  0.0322  0.0334  0.0323  0.0321  0.0322  0.0321  0.0317  0.0317  0.0319
  0.0335  0.0330  0.0329  0.0328  0.0358  0.0330  0.0329  0.0334  0.0328  0.0323  0.0320  0.0322
  0.0352  0.0341  0.0339  0.0341  0.0387  0.0347  0.0340  0.0351  0.0337  0.0336  0.0324  0.0327
niter,ni,del,rscale     5    3    5.0000    1.2000
parameters
    1.2878   27.8740    9.7435   -1.1917  -14.3119   -5.0606
   11.6001    2.2569  -12.8802   12.0567   -0.9332  -11.4205
eta,q 0.96859  6.38697
  0.0345  0.0350  0.0327  0.0330  0.0343  0.0343  0.0336  0.0349  0.0330  0.0352  0.0324  0.0322
  0.0330  0.0333  0.0321  0.0322  0.0328  0.0327  0.0324  0.0332  0.0321  0.0335  0.0319  0.0317
  0.0320  0.0322  0.0317  0.0318  0.0318  0.0317  0.0317  0.0319  0.0316  0.0322  0.0316  0.0314
  0.0317  0.0317  0.0316  0.0316  0.0316  0.0315  0.0315  0.0315  0.0315  0.0315  0.0314  0.0314
  0.0319  0.0316  0.0318  0.0317  0.0321  0.0320  0.0318  0.0319  0.0318  0.0315  0.0315  0.0316
  0.0329  0.0320  0.0324  0.0322  0.0337  0.0328  0.0325  0.0330  0.0324  0.0320  0.0317  0.0320
  0.0345  0.0330  0.0333  0.0334  0.0363  0.0347  0.0336  0.0347  0.0333  0.0332  0.0322  0.0324
niter,ni,del,rscale     4    3    5.0000    1.2000
parameters
    1.3099   28.3296    9.4136   -1.3356  -15.3557   -5.5599
   11.5730    2.4135  -12.9228   13.4433   -0.6965  -11.9726
eta,q 0.96887  6.33713
  0.0342  0.0345  0.0323  0.0327  0.0340  0.0338  0.0333  0.0346  0.0328  0.0347  0.0320  0.0320
  0.0327  0.0330  0.0317  0.0319  0.0326  0.0323  0.0322  0.0329  0.0320  0.0331  0.0316  0.0314
  0.0318  0.0319  0.0314  0.0315  0.0316  0.0314  0.0315  0.0317  0.0314  0.0319  0.0313  0.0312
  0.0314  0.0314  0.0313  0.0313  0.0313  0.0313  0.0313  0.0313  0.0313  0.0313  0.0311  0.0311
  0.0317  0.0314  0.0316  0.0314  0.0319  0.0318  0.0315  0.0316  0.0315  0.0312  0.0312  0.0313
  0.0326  0.0318  0.0322  0.0318  0.0334  0.0326  0.0322  0.0327  0.0320  0.0317  0.0315  0.0317
  0.0341  0.0328  0.0331  0.0329  0.0359  0.0346  0.0333  0.0343  0.0329  0.0329  0.0319  0.0322
niter,ni,del,rscale     3    3    5.0000    1.2000
parameters
    1.3244   28.8220    9.0215   -1.5816  -16.4585   -6.2085
   11.5387    2.5225  -12.6418   14.8591   -0.8830  -12.4842
eta,q 0.96921  6.27705
  0.0338  0.0343  0.0319  0.0322  0.0337  0.0333  0.0330  0.0342  0.0327  0.0344  0.0316  0.0316
  0.0324  0.0328  0.0314  0.0315  0.0323  0.0319  0.0318  0.0325  0.0318  0.0329  0.0311  0.0311
  0.0315  0.0317  0.0311  0.0312  0.0313  0.0310  0.0312  0.0314  0.0312  0.0317  0.0309  0.0308
  0.0311  0.0311  0.0310  0.0310  0.0310  0.0310  0.0310  0.0310  0.0310  0.0310  0.0308  0.0308
  0.0314  0.0311  0.0313  0.0311  0.0316  0.0315  0.0312  0.0314  0.0311  0.0308  0.0309  0.0310
  0.0323  0.0315  0.0319  0.0315  0.0331  0.0323  0.0319  0.0324  0.0316  0.0314  0.0312  0.0313
  0.0338  0.0325  0.0328  0.0326  0.0356  0.0343  0.0329  0.0340  0.0325  0.0326  0.0317  0.0318
niter,ni,del,rscale     2    3    5.0000    1.2000
parameters
    1.3177   29.3084    8.6108   -1.9123  -17.3967   -6.8636
   11.5115    2.5655  -12.1931   15.9485   -1.1934  -13.0106
eta,q 0.96950  6.21877
  0.0333  0.0341  0.0315  0.0318  0.0335  0.0329  0.0326  0.0338  0.0326  0.0341  0.0312  0.0313
  0.0319  0.0325  0.0310  0.0311  0.0321  0.0315  0.0315  0.0321  0.0316  0.0326  0.0308  0.0308
  0.0311  0.0314  0.0307  0.0308  0.0311  0.0307  0.0309  0.0310  0.0309  0.0314  0.0306  0.0305
  0.0308  0.0308  0.0307  0.0307  0.0307  0.0307  0.0306  0.0306  0.0306  0.0306  0.0305  0.0305
  0.0311  0.0307  0.0310  0.0308  0.0313  0.0312  0.0309  0.0311  0.0308  0.0306  0.0306  0.0307
  0.0319  0.0312  0.0316  0.0311  0.0328  0.0319  0.0316  0.0321  0.0313  0.0312  0.0309  0.0311
  0.0334  0.0322  0.0324  0.0321  0.0353  0.0339  0.0326  0.0337  0.0322  0.0327  0.0314  0.0316
niter,ni,del,rscale     1    3    5.0000    1.2000
parameters
    1.2945   29.6569    8.3032   -2.1549  -17.9390   -7.2696
   11.4551    2.5974  -11.9072   16.5970   -1.3033  -13.4736
eta,q 0.96962  6.18396
  0.0329  0.0336  0.0314  0.0315  0.0337  0.0328  0.0324  0.0336  0.0324  0.0338  0.0312  0.0312
  0.0316  0.0321  0.0308  0.0308  0.0321  0.0314  0.0313  0.0320  0.0314  0.0323  0.0308  0.0307
  0.0308  0.0310  0.0305  0.0305  0.0310  0.0306  0.0307  0.0308  0.0307  0.0311  0.0305  0.0304
  0.0305  0.0305  0.0305  0.0304  0.0304  0.0305  0.0304  0.0304  0.0304  0.0304  0.0304  0.0304
  0.0308  0.0306  0.0307  0.0305  0.0309  0.0309  0.0307  0.0309  0.0306  0.0305  0.0305  0.0306
  0.0316  0.0311  0.0312  0.0309  0.0324  0.0316  0.0314  0.0319  0.0312  0.0314  0.0308  0.0309
  0.0330  0.0322  0.0321  0.0317  0.0349  0.0334  0.0325  0.0335  0.0321  0.0330  0.0312  0.0314
registration optimization eta report
parameter search radius
    2.4000    2.4000    2.4000    7.2000    9.5220    8.2800
    7.2000    7.2000    7.2000    7.2000    7.2000    7.2000
100000*second partial in parameter space
       43.       42.       22.        2.        4.        4.
        4.        6.        3.        6.        2.        2.
  0.0329  0.0336  0.0314  0.0315  0.0337  0.0328  0.0324  0.0336  0.0324  0.0338  0.0312  0.0312
  0.0316  0.0321  0.0308  0.0308  0.0321  0.0314  0.0313  0.0320  0.0314  0.0323  0.0308  0.0307
  0.0308  0.0310  0.0305  0.0305  0.0310  0.0306  0.0307  0.0308  0.0307  0.0311  0.0305  0.0304
  0.0305  0.0305  0.0305  0.0304  0.0304  0.0305  0.0304  0.0304  0.0304  0.0304  0.0304  0.0304
  0.0308  0.0306  0.0307  0.0305  0.0309  0.0309  0.0307  0.0309  0.0306  0.0305  0.0305  0.0306
  0.0316  0.0311  0.0312  0.0309  0.0324  0.0316  0.0314  0.0319  0.0312  0.0314  0.0308  0.0309
  0.0330  0.0322  0.0321  0.0317  0.0349  0.0334  0.0325  0.0335  0.0321  0.0330  0.0312  0.0314
    1.2945   29.6569    8.3032   -2.1549  -17.9390   -7.2696
   11.4551    2.5974  -11.9072   16.5970   -1.3033  -13.4736
eta,q 0.96962  6.18396

---------------------------------------------------------------------
imgreg_4dfp /opt/freesurfer/average/711-2C_as_mni_average_305 /opt/freesurfer/average/711-2B_as_mni_average_305_mask talsrcimg_g11 none talsrcimg_to_711-2C_as_mni_average_305_t4 2311
---------------------------------------------------------------------

freesurfer imgreg_4dfp.c
/opt/freesurfer/average/711-2C_as_mni_average_305.4dfp.img
       256       256       256         1
  1.000000  1.000000  1.000000
orientation T byte_order littleendian
Reading image: /opt/freesurfer/average/711-2C_as_mni_average_305.4dfp.img
dimensions:      256       256       256
mmppix:       1.0000   -1.0000   -1.0000
center:     128.0000 -129.0000 -129.0000
/opt/freesurfer/average/711-2B_as_mni_average_305_mask.4dfp.img
       256       256       256         1
  1.000000  1.000000  1.000000
orientation T byte_order littleendian
Reading mask: /opt/freesurfer/average/711-2B_as_mni_average_305_mask.4dfp.img (2306576 pixels)
talsrcimg_g11.4dfp.img
       256       256       256         1
  1.000000  1.000000  1.000000
orientation T byte_order littleendian
Reading image: talsrcimg_g11.4dfp.img
dimensions:      256       256       256
mmppix:       1.0000   -1.0000   -1.0000
center:     128.0000 -129.0000 -129.0000
fimgreg.f
image alignment mode   2311 decimal      907 hex
parameters
    1.2945   29.6569    8.3032   -2.1549  -17.9390   -7.2695
   11.4551    2.5974  -11.9072   16.5970   -1.3033  -13.4736
eta,q 0.96962  6.18396
niter,ni,del,rscale     5    3    5.0000    0.8000
parameters
    1.2774   29.8209    8.1604   -2.3224  -17.5708   -7.4620
   11.3606    2.5600  -11.7166   16.9666   -1.2706  -13.8602
eta,q 0.96969  6.18866
  0.0314  0.0317  0.0308  0.0307  0.0316  0.0311  0.0312  0.0319  0.0312  0.0320  0.0307  0.0307
  0.0308  0.0310  0.0306  0.0305  0.0310  0.0306  0.0307  0.0310  0.0308  0.0312  0.0305  0.0305
  0.0305  0.0306  0.0304  0.0304  0.0306  0.0303  0.0304  0.0305  0.0305  0.0306  0.0304  0.0303
  0.0304  0.0304  0.0304  0.0304  0.0304  0.0303  0.0303  0.0303  0.0303  0.0303  0.0303  0.0303
  0.0305  0.0304  0.0305  0.0304  0.0304  0.0305  0.0304  0.0306  0.0304  0.0304  0.0304  0.0304
  0.0309  0.0307  0.0307  0.0305  0.0307  0.0308  0.0308  0.0311  0.0307  0.0308  0.0305  0.0306
  0.0315  0.0312  0.0310  0.0308  0.0313  0.0311  0.0313  0.0319  0.0311  0.0316  0.0307  0.0308
niter,ni,del,rscale     4    3    5.0000    0.7000
parameters
    1.2644   29.8979    8.0500   -2.3960  -17.5927   -7.6209
   11.3467    2.5421  -11.6726   17.1355   -1.2736  -14.0111
eta,q 0.96971  6.18220
  0.0311  0.0313  0.0307  0.0306  0.0312  0.0309  0.0310  0.0315  0.0310  0.0315  0.0306  0.0306
  0.0307  0.0308  0.0305  0.0304  0.0307  0.0305  0.0306  0.0308  0.0306  0.0309  0.0304  0.0304
  0.0304  0.0304  0.0303  0.0303  0.0304  0.0303  0.0304  0.0304  0.0304  0.0305  0.0303  0.0303
  0.0303  0.0303  0.0303  0.0303  0.0303  0.0303  0.0303  0.0303  0.0303  0.0303  0.0303  0.0303
  0.0304  0.0304  0.0304  0.0303  0.0304  0.0304  0.0304  0.0305  0.0304  0.0304  0.0303  0.0304
  0.0307  0.0306  0.0306  0.0304  0.0307  0.0306  0.0306  0.0309  0.0306  0.0307  0.0304  0.0305
  0.0312  0.0311  0.0308  0.0306  0.0312  0.0309  0.0310  0.0315  0.0309  0.0314  0.0306  0.0307
niter,ni,del,rscale     3    3    5.0000    0.6000
parameters
    1.2506   29.9383    7.9926   -2.5422  -17.5926   -7.8044
   11.3619    2.5127  -11.6180   17.2253   -1.2920  -14.0747
eta,q 0.96972  6.17255
  0.0309  0.0310  0.0306  0.0305  0.0309  0.0307  0.0308  0.0312  0.0308  0.0312  0.0305  0.0305
  0.0305  0.0306  0.0304  0.0303  0.0306  0.0304  0.0305  0.0307  0.0305  0.0307  0.0304  0.0304
  0.0304  0.0304  0.0303  0.0303  0.0304  0.0303  0.0303  0.0304  0.0303  0.0304  0.0303  0.0303
  0.0303  0.0303  0.0303  0.0303  0.0303  0.0303  0.0303  0.0303  0.0303  0.0303  0.0303  0.0303
  0.0304  0.0304  0.0303  0.0303  0.0303  0.0304  0.0303  0.0304  0.0303  0.0304  0.0303  0.0303
  0.0306  0.0306  0.0305  0.0304  0.0306  0.0306  0.0305  0.0307  0.0305  0.0306  0.0304  0.0304
  0.0309  0.0309  0.0306  0.0305  0.0310  0.0307  0.0308  0.0312  0.0308  0.0311  0.0305  0.0306
niter,ni,del,rscale     2    3    5.0000    0.5000
parameters
    1.2357   29.9669    7.9407   -2.7196  -17.5765   -8.0058
   11.3764    2.4676  -11.5751   17.2730   -1.3244  -14.0782
eta,q 0.96973  6.16135
  0.0307  0.0308  0.0305  0.0304  0.0307  0.0306  0.0306  0.0309  0.0306  0.0309  0.0304  0.0305
  0.0305  0.0305  0.0304  0.0303  0.0305  0.0304  0.0304  0.0305  0.0304  0.0306  0.0303  0.0304
  0.0303  0.0303  0.0303  0.0303  0.0303  0.0303  0.0303  0.0303  0.0303  0.0303  0.0303  0.0303
  0.0303  0.0303  0.0303  0.0303  0.0303  0.0303  0.0303  0.0303  0.0303  0.0303  0.0303  0.0303
  0.0303  0.0303  0.0303  0.0303  0.0303  0.0304  0.0303  0.0304  0.0303  0.0303  0.0303  0.0303
  0.0305  0.0305  0.0304  0.0303  0.0305  0.0305  0.0304  0.0306  0.0304  0.0305  0.0303  0.0304
  0.0307  0.0307  0.0305  0.0304  0.0308  0.0306  0.0306  0.0309  0.0306  0.0309  0.0304  0.0305
niter,ni,del,rscale     1    3    5.0000    0.4000
parameters
    1.2141   29.9829    7.8822   -2.8652  -17.5534   -8.1887
   11.4112    2.4208  -11.5404   17.3056   -1.3093  -14.0659
eta,q 0.96974  6.15195
  0.0305  0.0306  0.0304  0.0303  0.0306  0.0305  0.0305  0.0307  0.0305  0.0307  0.0304  0.0304
  0.0304  0.0304  0.0303  0.0303  0.0304  0.0303  0.0304  0.0304  0.0304  0.0304  0.0303  0.0303
  0.0303  0.0303  0.0303  0.0303  0.0303  0.0303  0.0303  0.0303  0.0303  0.0303  0.0303  0.0303
  0.0303  0.0303  0.0303  0.0303  0.0303  0.0303  0.0303  0.0303  0.0303  0.0303  0.0303  0.0303
  0.0303  0.0303  0.0303  0.0303  0.0303  0.0303  0.0303  0.0303  0.0303  0.0303  0.0303  0.0303
  0.0304  0.0304  0.0304  0.0303  0.0304  0.0304  0.0304  0.0305  0.0304  0.0304  0.0303  0.0303
  0.0305  0.0305  0.0304  0.0303  0.0306  0.0305  0.0305  0.0307  0.0305  0.0306  0.0304  0.0304
registration optimization eta report
parameter search radius
    0.8000    0.8000    0.8000    2.4000    2.4000    2.4000
    2.4000    2.4000    2.4000    2.4000    2.4000    2.4000
100000*second partial in parameter space
       42.       45.       23.        1.        5.        4.
        4.        7.        4.        7.        2.        2.
  0.0305  0.0306  0.0304  0.0303  0.0306  0.0305  0.0305  0.0307  0.0305  0.0307  0.0304  0.0304
  0.0304  0.0304  0.0303  0.0303  0.0304  0.0303  0.0304  0.0304  0.0304  0.0304  0.0303  0.0303
  0.0303  0.0303  0.0303  0.0303  0.0303  0.0303  0.0303  0.0303  0.0303  0.0303  0.0303  0.0303
  0.0303  0.0303  0.0303  0.0303  0.0303  0.0303  0.0303  0.0303  0.0303  0.0303  0.0303  0.0303
  0.0303  0.0303  0.0303  0.0303  0.0303  0.0303  0.0303  0.0303  0.0303  0.0303  0.0303  0.0303
  0.0304  0.0304  0.0304  0.0303  0.0304  0.0304  0.0304  0.0305  0.0304  0.0304  0.0303  0.0303
  0.0305  0.0305  0.0304  0.0303  0.0306  0.0305  0.0305  0.0307  0.0305  0.0306  0.0304  0.0304
    1.2141   29.9829    7.8822   -2.8652  -17.5534   -8.1887
   11.4112    2.4208  -11.5404   17.3056   -1.3093  -14.0659
eta,q 0.96974  6.15195

---------------------------------------------------------------------
imgreg_4dfp /opt/freesurfer/average/711-2C_as_mni_average_305 /opt/freesurfer/average/711-2B_as_mni_average_305_mask talsrcimg_g11 none talsrcimg_to_711-2C_as_mni_average_305_t4 2311
---------------------------------------------------------------------

freesurfer imgreg_4dfp.c
/opt/freesurfer/average/711-2C_as_mni_average_305.4dfp.img
       256       256       256         1
  1.000000  1.000000  1.000000
orientation T byte_order littleendian
Reading image: /opt/freesurfer/average/711-2C_as_mni_average_305.4dfp.img
dimensions:      256       256       256
mmppix:       1.0000   -1.0000   -1.0000
center:     128.0000 -129.0000 -129.0000
/opt/freesurfer/average/711-2B_as_mni_average_305_mask.4dfp.img
       256       256       256         1
  1.000000  1.000000  1.000000
orientation T byte_order littleendian
Reading mask: /opt/freesurfer/average/711-2B_as_mni_average_305_mask.4dfp.img (2306576 pixels)
talsrcimg_g11.4dfp.img
       256       256       256         1
  1.000000  1.000000  1.000000
orientation T byte_order littleendian
Reading image: talsrcimg_g11.4dfp.img
dimensions:      256       256       256
mmppix:       1.0000   -1.0000   -1.0000
center:     128.0000 -129.0000 -129.0000
fimgreg.f
image alignment mode   2311 decimal      907 hex
parameters
    1.2141   29.9829    7.8822   -2.8652  -17.5534   -8.1887
   11.4112    2.4208  -11.5404   17.3056   -1.3093  -14.0659
eta,q 0.96974  6.15194
niter,ni,del,rscale     5    3    5.0000    0.8000
parameters
    1.2093   30.0231    7.8207   -2.4736  -17.7022   -7.8302
   11.3705    2.5356  -11.6079   17.3244   -1.2759  -14.1730
eta,q 0.96972  6.17104
  0.0314  0.0315  0.0308  0.0308  0.0313  0.0313  0.0312  0.0319  0.0311  0.0318  0.0307  0.0307
  0.0307  0.0308  0.0305  0.0304  0.0308  0.0307  0.0307  0.0310  0.0307  0.0310  0.0305  0.0305
  0.0304  0.0304  0.0303  0.0303  0.0304  0.0304  0.0304  0.0305  0.0304  0.0305  0.0303  0.0303
  0.0303  0.0303  0.0303  0.0303  0.0303  0.0303  0.0303  0.0303  0.0303  0.0303  0.0303  0.0303
  0.0304  0.0304  0.0303  0.0303  0.0304  0.0304  0.0304  0.0305  0.0304  0.0304  0.0303  0.0304
  0.0308  0.0307  0.0305  0.0304  0.0308  0.0306  0.0307  0.0310  0.0307  0.0309  0.0305  0.0305
  0.0313  0.0313  0.0309  0.0306  0.0315  0.0309  0.0312  0.0317  0.0312  0.0318  0.0307  0.0308
niter,ni,del,rscale     4    3    5.0000    0.7000
parameters
    1.2429   30.0041    7.9149   -2.5415  -17.6783   -7.7681
   11.3445    2.5478  -11.6122   17.3155   -1.2772  -14.1725
eta,q 0.96972  6.17158
  0.0311  0.0311  0.0308  0.0306  0.0312  0.0309  0.0310  0.0315  0.0309  0.0314  0.0306  0.0306
  0.0307  0.0306  0.0305  0.0304  0.0307  0.0305  0.0306  0.0308  0.0306  0.0308  0.0304  0.0304
  0.0304  0.0304  0.0304  0.0303  0.0304  0.0303  0.0304  0.0304  0.0304  0.0304  0.0303  0.0303
  0.0303  0.0303  0.0303  0.0303  0.0303  0.0303  0.0303  0.0303  0.0303  0.0303  0.0303  0.0303
  0.0304  0.0304  0.0303  0.0303  0.0304  0.0304  0.0304  0.0304  0.0303  0.0304  0.0303  0.0303
  0.0306  0.0307  0.0304  0.0304  0.0307  0.0306  0.0306  0.0308  0.0306  0.0308  0.0304  0.0305
  0.0311  0.0312  0.0307  0.0306  0.0312  0.0308  0.0310  0.0315  0.0309  0.0315  0.0306  0.0306
niter,ni,del,rscale     3    3    5.0000    0.6000
parameters
    1.2376   29.9911    7.9326   -2.6262  -17.6311   -7.8703
   11.3602    2.5127  -11.5917   17.3080   -1.2996  -14.1526
eta,q 0.96972  6.16719
  0.0309  0.0309  0.0306  0.0305  0.0309  0.0307  0.0308  0.0312  0.0308  0.0311  0.0305  0.0305
  0.0305  0.0305  0.0304  0.0303  0.0306  0.0304  0.0305  0.0307  0.0305  0.0307  0.0304  0.0304
  0.0303  0.0303  0.0303  0.0303  0.0304  0.0303  0.0303  0.0303  0.0303  0.0304  0.0303  0.0303
  0.0303  0.0303  0.0303  0.0303  0.0303  0.0303  0.0303  0.0303  0.0303  0.0303  0.0303  0.0303
  0.0304  0.0304  0.0303  0.0303  0.0303  0.0304  0.0303  0.0304  0.0303  0.0304  0.0303  0.0303
  0.0306  0.0306  0.0304  0.0304  0.0306  0.0305  0.0305  0.0307  0.0305  0.0307  0.0304  0.0304
  0.0309  0.0309  0.0306  0.0305  0.0309  0.0307  0.0308  0.0312  0.0308  0.0311  0.0305  0.0305
niter,ni,del,rscale     2    3    5.0000    0.5000
parameters
    1.2248   29.9877    7.9103   -2.7594  -17.5968   -8.0274
   11.3916    2.4724  -11.5628   17.3012   -1.3174  -14.1139
eta,q 0.96974  6.15897
  0.0307  0.0307  0.0305  0.0304  0.0307  0.0306  0.0306  0.0309  0.0306  0.0309  0.0304  0.0305
  0.0305  0.0305  0.0304  0.0303  0.0305  0.0304  0.0304  0.0305  0.0304  0.0305  0.0303  0.0304
  0.0303  0.0303  0.0303  0.0303  0.0303  0.0303  0.0303  0.0303  0.0303  0.0303  0.0303  0.0303
  0.0303  0.0303  0.0303  0.0303  0.0303  0.0303  0.0303  0.0303  0.0303  0.0303  0.0303  0.0303
  0.0303  0.0303  0.0303  0.0303  0.0303  0.0303  0.0303  0.0304  0.0303  0.0303  0.0303  0.0303
  0.0305  0.0305  0.0304  0.0303  0.0305  0.0305  0.0304  0.0306  0.0304  0.0305  0.0303  0.0304
  0.0307  0.0307  0.0305  0.0304  0.0307  0.0306  0.0306  0.0309  0.0306  0.0309  0.0304  0.0304
niter,ni,del,rscale     1    3    5.0000    0.4000
parameters
    1.2110   29.9911    7.8801   -2.8360  -17.5522   -8.1892
   11.4155    2.4144  -11.5264   17.3203   -1.3190  -14.0849
eta,q 0.96974  6.15318
  0.0305  0.0306  0.0304  0.0303  0.0306  0.0305  0.0305  0.0307  0.0305  0.0307  0.0304  0.0304
  0.0304  0.0304  0.0303  0.0303  0.0304  0.0303  0.0304  0.0304  0.0304  0.0304  0.0303  0.0303
  0.0303  0.0303  0.0303  0.0303  0.0303  0.0303  0.0303  0.0303  0.0303  0.0303  0.0303  0.0303
  0.0303  0.0303  0.0303  0.0303  0.0303  0.0303  0.0303  0.0303  0.0303  0.0303  0.0303  0.0303
  0.0303  0.0303  0.0303  0.0303  0.0303  0.0303  0.0303  0.0303  0.0303  0.0303  0.0303  0.0303
  0.0304  0.0304  0.0303  0.0303  0.0304  0.0304  0.0304  0.0305  0.0303  0.0304  0.0303  0.0303
  0.0305  0.0305  0.0304  0.0303  0.0306  0.0305  0.0305  0.0307  0.0305  0.0306  0.0304  0.0304
registration optimization eta report
parameter search radius
    0.8000    0.8000    0.8000    2.4000    2.4000    2.4000
    2.4000    2.4000    2.4000    2.4000    2.4000    2.4000
100000*second partial in parameter space
       42.       45.       23.        1.        5.        4.
        4.        7.        4.        7.        2.        2.
  0.0305  0.0306  0.0304  0.0303  0.0306  0.0305  0.0305  0.0307  0.0305  0.0307  0.0304  0.0304
  0.0304  0.0304  0.0303  0.0303  0.0304  0.0303  0.0304  0.0304  0.0304  0.0304  0.0303  0.0303
  0.0303  0.0303  0.0303  0.0303  0.0303  0.0303  0.0303  0.0303  0.0303  0.0303  0.0303  0.0303
  0.0303  0.0303  0.0303  0.0303  0.0303  0.0303  0.0303  0.0303  0.0303  0.0303  0.0303  0.0303
  0.0303  0.0303  0.0303  0.0303  0.0303  0.0303  0.0303  0.0303  0.0303  0.0303  0.0303  0.0303
  0.0304  0.0304  0.0303  0.0303  0.0304  0.0304  0.0304  0.0305  0.0303  0.0304  0.0303  0.0303
  0.0305  0.0305  0.0304  0.0303  0.0306  0.0305  0.0305  0.0307  0.0305  0.0306  0.0304  0.0304
    1.2110   29.9911    7.8801   -2.8360  -17.5522   -8.1892
   11.4155    2.4144  -11.5264   17.3203   -1.3190  -14.0849
eta,q 0.96974  6.15318

---------------------------------------------------------------------
compute_vox2vox talsrcimg talsrcimg_to_711-2C_as_mni_average_305_t4 /opt/freesurfer/average/711-2C_as_mni_average_305
---------------------------------------------------------------------

freesurfer compute_vox2vox.c
Reading: talsrcimg.4dfp.ifh
Reading: talsrcimg_to_711-2C_as_mni_average_305_t4
Reading: /opt/freesurfer/average/711-2C_as_mni_average_305.4dfp.ifh
Writing: talsrcimg_to_711-2C_as_mni_average_305_t4_vox2vox.txt

start time Tue Mar 10 08:12:11 CET 2026
end		time Tue Mar 10 08:13:43 CET 2026

mpr2mni305 success

avi2talxfm orig_nu.mgz /opt/freesurfer/average/mni305.cor.mgz talsrcimg_to_711-2C_as_mni_average_305_t4_vox2vox.txt transforms/talairach.auto.xfm
avi2talxfm done
mv -f /out/sourcedata/freesurfer/sub-v2s0x29013_ses-1/mri/talsrcimg_to_711-2C_as_mni_average_305_t4_vox2vox.txt /out/sourcedata/freesurfer/sub-v2s0x29013_ses-1/mri/transforms/talsrcimg_to_711-2C_as_mni_average_305_t4_vox2vox.txt
lta_convert --src orig_nu.mgz --trg /opt/freesurfer/average/mni305.cor.mgz --inxfm transforms/talairach.auto.xfm --outlta transforms/talairach.auto.xfm.lta --subject fsaverage
7.3.2

--src: orig_nu.mgz src image (geometry).
--trg: /opt/freesurfer/average/mni305.cor.mgz trg image (geometry).
--inmni: transforms/talairach.auto.xfm input MNI/XFM transform.
--outlta: transforms/talairach.auto.xfm.lta output LTA.
--s: fsaverage subject name
 LTA read, type : 1
 1.01255  -0.00017  -0.14022   0.22472;
 0.03513   1.05518   0.17540  -48.83206;
 0.13418  -0.22169   1.15644  -9.18555;
 0.00000   0.00000   0.00000   1.00000;
setting subject to fsaverage
Writing  LTA to file transforms/talairach.auto.xfm.lta...
lta_convert successful.
 
 
Started at Tue Mar 10 08:12:10 CET 2026
Ended   at Tue Mar 10 08:13:43 CET 2026
talairach_avi done
