/out/sourcedata/freesurfer/sub-v2s0x29046_ses-1/mri
/opt/freesurfer/bin/talairach_avi
--i orig_nu.mgz --xfm transforms/talairach.auto.xfm
talairach_avi 7.3.2
Linux dna061 5.14.0-427.37.1.el9_4.x86_64 #1 SMP PREEMPT_DYNAMIC Fri Sep 13 12:41:50 EDT 2024 x86_64 x86_64 x86_64 GNU/Linux
Tue Mar 10 12:31:12 CET 2026
mri_convert orig_nu.mgz talsrcimg.img 
reading from orig_nu.mgz...
TR=0.00, TE=0.00, TI=0.00, flip angle=0.00
i_ras = (-1, 0, 0)
j_ras = (0, 0, -1)
k_ras = (0, 1, 0)
writing to talsrcimg.img...
Analyze Output Matrix
-1.00000   0.00000   0.00000   133.28174;
 0.00000   0.00000   1.00000  -87.67921;
 0.00000  -1.00000   0.00000   121.78464;
 0.00000   0.00000   0.00000   1.00000;
--------------------
INFO: set hdr.hist.orient to -1
mpr2mni305 talsrcimg
Tue Mar 10 12:31:12 CET 2026
/opt/freesurfer/bin/mpr2mni305 talsrcimg
mpr2mni305 7.3.2
target=711-2C_as_mni_average_305

---------------------------------------------------------------------
analyzeto4dfp talsrcimg -O0 -y
---------------------------------------------------------------------

freesurfer ifh2hdr.c
Tue Mar 10 12:31:12 2026
Writing: talsrcimg.4dfp.hdr
freesurfer analyzeto4dfp.c
Reading: talsrcimg.hdr
header size 348 bytes
hdr.dime.datatype	offset=70	value=2
hdr.dime.bitpix		offset=72	value=8
hdr.hist.orient		offset=252	value=-1
dimensionality     4
dimensions       256       256       256         1
Reading: talsrcimg.img
Writing: talsrcimg.4dfp.img
Writing: talsrcimg.4dfp.ifh
ifh2hdr talsrcimg -r0to255
ori=2

---------------------------------------------------------------------
gauss_4dfp talsrcimg 1.1
---------------------------------------------------------------------

freesurfer gauss_4dfp.c
Reading: talsrcimg.4dfp.img
Writing: talsrcimg_g11.4dfp.img
image dimensions 256 256 256 padded to 288 288 288
processing volume 1freesurfer ifh2hdr.c
Tue Mar 10 12:31:14 2026
Writing: talsrcimg_g11.4dfp.hdr

Writing: talsrcimg_g11.4dfp.ifh
including: talsrcimg.4dfp.img.rec in talsrcimg_g11.4dfp.img.rec

---------------------------------------------------------------------
imgreg_4dfp /opt/freesurfer/average/711-2C_as_mni_average_305 none talsrcimg_g11 none talsrcimg_to_711-2C_as_mni_average_305_t4 4355
---------------------------------------------------------------------

freesurfer imgreg_4dfp.c
/opt/freesurfer/average/711-2C_as_mni_average_305.4dfp.img
       256       256       256         1
  1.000000  1.000000  1.000000
orientation T byte_order littleendian
Reading image: /opt/freesurfer/average/711-2C_as_mni_average_305.4dfp.img
dimensions:      256       256       256
mmppix:       1.0000   -1.0000   -1.0000
center:     128.0000 -129.0000 -129.0000
talsrcimg_g11.4dfp.img
       256       256       256         1
  1.000000  1.000000  1.000000
orientation T byte_order littleendian
Reading image: talsrcimg_g11.4dfp.img
dimensions:      256       256       256
mmppix:       1.0000   -1.0000   -1.0000
center:     128.0000 -129.0000 -129.0000
t4_read: open error in t4_sub.f l:  41 t4_file(1:l)talsrcimg_to_711-2C_as_mni_average_305_t4 
t4_read: transform initialized to I4
rotation matrix determinant  1.000000
image alignment mode   4355 decimal     1103 hex
   -7.5000  -45.0000  -45.0000 5826.9551   13.0601
    0.0000  -45.0000  -45.0000 6100.6177   13.0335
    7.5000  -45.0000  -45.0000 5821.3848   12.9975
   -7.5000  -37.5000  -45.0000 6445.5264   12.6998
    0.0000  -37.5000  -45.0000 6775.2271   12.6747
    7.5000  -37.5000  -45.0000 6469.1357   12.6422
   -7.5000  -30.0000  -45.0000 7391.3516   12.4629
    0.0000  -30.0000  -45.0000 7778.5928   12.4385
    7.5000  -30.0000  -45.0000 7432.2739   12.4064
   -7.5000  -22.5000  -45.0000 8401.5723   12.3171
    0.0000  -22.5000  -45.0000 8825.2217   12.2936
    7.5000  -22.5000  -45.0000 8434.6504   12.2632
   -7.5000  -15.0000  -45.0000 9423.1406   12.2892
    0.0000  -15.0000  -45.0000 9875.1445   12.2667
    7.5000  -15.0000  -45.0000 9448.5566   12.2368
   -7.5000   -7.5000  -45.000010413.3467   12.2984
    0.0000   -7.5000  -45.000010879.5059   12.2767
    7.5000   -7.5000  -45.000010423.3223   12.2466
   -7.5000    0.0000  -45.000011344.4570   12.2927
    0.0000    0.0000  -45.000011846.0645   12.2707
    7.5000    0.0000  -45.000011322.0859   12.2406
   -7.5000    7.5000  -45.000011386.1357   12.2771
    0.0000    7.5000  -45.000011876.5781   12.2542
    7.5000    7.5000  -45.000011345.3789   12.2234
   -7.5000   15.0000  -45.000011221.4072   12.2664
    0.0000   15.0000  -45.000011694.1357   12.2429
    7.5000   15.0000  -45.000011167.7344   12.2120
   -7.5000   22.5000  -45.000011025.4932   12.2710
    0.0000   22.5000  -45.000011473.9746   12.2477
    7.5000   22.5000  -45.000010968.2363   12.2175
   -7.5000   30.0000  -45.000010778.7900   12.1253
    0.0000   30.0000  -45.000011218.8408   12.1031
    7.5000   30.0000  -45.000010735.3877   12.0735
   -7.5000   37.5000  -45.000010796.9053   12.1345
    0.0000   37.5000  -45.000011259.1885   12.1131
    7.5000   37.5000  -45.000010769.0439   12.0834
   -7.5000   45.0000  -45.000010378.1602   11.8209
    0.0000   45.0000  -45.000010830.8906   11.7998
    7.5000   45.0000  -45.000010348.3496   11.7708
   -7.5000  -45.0000  -37.5000 6112.0054   13.0390
    0.0000  -45.0000  -37.5000 6414.3628   13.0157
    7.5000  -45.0000  -37.5000 6124.1504   12.9768
   -7.5000  -37.5000  -37.5000 6759.7510   12.6806
    0.0000  -37.5000  -37.5000 7112.2446   12.6602
    7.5000  -37.5000  -37.5000 6813.9536   12.6256
   -7.5000  -30.0000  -37.5000 7778.6523   12.4466
    0.0000  -30.0000  -37.5000 8155.9487   12.4266
    7.5000  -30.0000  -37.5000 7816.1509   12.3920
   -7.5000  -22.5000  -37.5000 8872.8896   12.2999
    0.0000  -22.5000  -37.5000 9286.3760   12.2797
    7.5000  -22.5000  -37.5000 8890.1318   12.2460
   -7.5000  -15.0000  -37.5000 9964.4336   12.2708
    0.0000  -15.0000  -37.500010419.3301   12.2505
    7.5000  -15.0000  -37.5000 9971.2988   12.2167
   -7.5000   -7.5000  -37.500011023.4873   12.2800
    0.0000   -7.5000  -37.500011503.9512   12.2606
    7.5000   -7.5000  -37.500010999.2822   12.2271
   -7.5000    0.0000  -37.500012002.9824   12.2751
    0.0000    0.0000  -37.500012511.2334   12.2564
    7.5000    0.0000  -37.500011961.1934   12.2238
   -7.5000    7.5000  -37.500012028.4746   12.2607
    0.0000    7.5000  -37.500012537.9258   12.2418
    7.5000    7.5000  -37.500012000.1445   12.2090
   -7.5000   15.0000  -37.500011858.0820   12.2507
    0.0000   15.0000  -37.500012341.4941   12.2312
    7.5000   15.0000  -37.500011813.5879   12.1980
   -7.5000   22.5000  -37.500011635.5176   12.2539
    0.0000   22.5000  -37.500012093.7109   12.2339
    7.5000   22.5000  -37.500011584.5342   12.2005
   -7.5000   30.0000  -37.500011345.8965   12.1070
    0.0000   30.0000  -37.500011796.4971   12.0871
    7.5000   30.0000  -37.500011296.5410   12.0537
   -7.5000   37.5000  -37.500011363.4902   12.1164
    0.0000   37.5000  -37.500011829.5918   12.0972
    7.5000   37.5000  -37.500011323.3594   12.0642
   -7.5000   45.0000  -37.500010904.8564   11.8039
    0.0000   45.0000  -37.500011360.1162   11.7860
    7.5000   45.0000  -37.500010886.8662   11.7546
   -7.5000  -45.0000  -30.0000 6502.2607   13.6041
    0.0000  -45.0000  -30.0000 6828.1055   13.5807
    7.5000  -45.0000  -30.0000 6530.1880   13.5399
   -7.5000  -37.5000  -30.0000 7217.1602   13.2371
    0.0000  -37.5000  -30.0000 7581.3496   13.2181
    7.5000  -37.5000  -30.0000 7282.1030   13.1808
   -7.5000  -30.0000  -30.0000 8329.7725   12.9994
    0.0000  -30.0000  -30.0000 8718.2207   12.9807
    7.5000  -30.0000  -30.0000 8365.3672   12.9430
   -7.5000  -22.5000  -30.0000 9508.4355   12.8412
    0.0000  -22.5000  -30.0000 9941.5029   12.8217
    7.5000  -22.5000  -30.0000 9518.9160   12.7854
   -7.5000  -15.0000  -30.000010677.4346   12.8021
    0.0000  -15.0000  -30.000011159.9473   12.7816
    7.5000  -15.0000  -30.000010676.7959   12.7461
   -7.5000   -7.5000  -30.000011801.7969   12.8074
    0.0000   -7.5000  -30.000012317.0957   12.7877
    7.5000   -7.5000  -30.000011781.1338   12.7527
   -7.5000    0.0000  -30.000012855.1064   12.8055
    0.0000    0.0000  -30.000013406.8662   12.7873
    7.5000    0.0000  -30.000012818.7842   12.7527
   -7.5000    7.5000  -30.000012896.5547   12.7993
    0.0000    7.5000  -30.000013453.4141   12.7816
    7.5000    7.5000  -30.000012863.4219   12.7462
   -7.5000   15.0000  -30.000012692.5684   12.7942
    0.0000   15.0000  -30.000013243.5205   12.7761
    7.5000   15.0000  -30.000012672.7041   12.7398
   -7.5000   22.5000  -30.000012419.2842   12.7918
    0.0000   22.5000  -30.000012932.5332   12.7724
    7.5000   22.5000  -30.000012391.7441   12.7365
   -7.5000   30.0000  -30.000012097.9150   12.6324
    0.0000   30.0000  -30.000012591.5625   12.6123
    7.5000   30.0000  -30.000012045.2979   12.5772
   -7.5000   37.5000  -30.000012148.6445   12.6380
    0.0000   37.5000  -30.000012637.9619   12.6185
    7.5000   37.5000  -30.000012083.3535   12.5839
   -7.5000   45.0000  -30.000011646.8623   12.3231
    0.0000   45.0000  -30.000012119.1797   12.3055
    7.5000   45.0000  -30.000011606.2539   12.2723
   -7.5000  -45.0000  -22.5000 6895.9697   14.0609
    0.0000  -45.0000  -22.5000 7253.1504   14.0343
    7.5000  -45.0000  -22.5000 6935.6138   13.9959
   -7.5000  -37.5000  -22.5000 7699.9023   13.6877
    0.0000  -37.5000  -22.5000 8076.0835   13.6654
    7.5000  -37.5000  -22.5000 7747.1890   13.6288
   -7.5000  -30.0000  -22.5000 8903.4590   13.4464
    0.0000  -30.0000  -22.5000 9301.5703   13.4248
    7.5000  -30.0000  -22.5000 8906.1572   13.3879
   -7.5000  -22.5000  -22.500010148.3125   13.2805
    0.0000  -22.5000  -22.500010599.6533   13.2586
    7.5000  -22.5000  -22.500010139.5449   13.2246
   -7.5000  -15.0000  -22.500011391.8730   13.2336
    0.0000  -15.0000  -22.500011870.0693   13.2109
    7.5000  -15.0000  -22.500011362.4775   13.1790
   -7.5000   -7.5000  -22.500012594.4863   13.2346
    0.0000   -7.5000  -22.500013104.7178   13.2123
    7.5000   -7.5000  -22.500012528.3955   13.1806
   -7.5000    0.0000  -22.500013711.0889   13.2342
    0.0000    0.0000  -22.500014300.3662   13.2132
    7.5000    0.0000  -22.500013645.6211   13.1805
   -7.5000    7.5000  -22.500013743.7168   13.2346
    0.0000    7.5000  -22.500014347.1787   13.2142
    7.5000    7.5000  -22.500013684.4355   13.1794
   -7.5000   15.0000  -22.500013504.6514   13.2341
    0.0000   15.0000  -22.500014123.6436   13.2133
    7.5000   15.0000  -22.500013471.5449   13.1778
   -7.5000   22.5000  -22.500013200.7793   13.2284
    0.0000   22.5000  -22.500013785.3594   13.2067
    7.5000   22.5000  -22.500013138.8320   13.1731
   -7.5000   30.0000  -22.500012876.6826   13.0603
    0.0000   30.0000  -22.500013447.4258   13.0379
    7.5000   30.0000  -22.500012767.4766   13.0064
   -7.5000   37.5000  -22.500012930.1973   13.0615
    0.0000   37.5000  -22.500013487.3174   13.0395
    7.5000   37.5000  -22.500012822.3330   13.0082
   -7.5000   45.0000  -22.500012371.8018   12.7452
    0.0000   45.0000  -22.500012884.9375   12.7250
    7.5000   45.0000  -22.500012304.9258   12.6935
   -7.5000  -45.0000  -15.0000 7311.7407   14.3733
    0.0000  -45.0000  -15.0000 7673.6968   14.3432
    7.5000  -45.0000  -15.0000 7342.3027   14.3080
   -7.5000  -37.5000  -15.0000 8164.9424   13.9913
    0.0000  -37.5000  -15.0000 8549.3242   13.9637
    7.5000  -37.5000  -15.0000 8202.9902   13.9292
   -7.5000  -30.0000  -15.0000 9413.6680   13.7431
    0.0000  -30.0000  -15.0000 9854.1816   13.7164
    7.5000  -30.0000  -15.0000 9433.9883   13.6816
   -7.5000  -22.5000  -15.000010747.0420   13.5756
    0.0000  -22.5000  -15.000011221.8516   13.5499
    7.5000  -22.5000  -15.000010720.0439   13.5188
   -7.5000  -15.0000  -15.000012063.5957   13.5294
    0.0000  -15.0000  -15.000012558.3350   13.5042
    7.5000  -15.0000  -15.000011994.7773   13.4758
   -7.5000   -7.5000  -15.000013327.0820   13.5300
    0.0000   -7.5000  -15.000013868.8154   13.5052
    7.5000   -7.5000  -15.000013218.4385   13.4772
   -7.5000    0.0000  -15.000014493.8965   13.5284
    0.0000    0.0000  -15.000015129.7178   13.5038
    7.5000    0.0000  -15.000014380.1113   13.4740
   -7.5000    7.5000  -15.000014540.6592   13.5274
    0.0000    7.5000  -15.000015210.7695   13.5022
    7.5000    7.5000  -15.000014444.1543   13.4695
   -7.5000   15.0000  -15.000014328.1807   13.5264
    0.0000   15.0000  -15.000015030.2520   13.5008
    7.5000   15.0000  -15.000014245.2393   13.4674
   -7.5000   22.5000  -15.000013972.5371   13.5219
    0.0000   22.5000  -15.000014652.5967   13.4964
    7.5000   22.5000  -15.000013866.8311   13.4656
   -7.5000   30.0000  -15.000013628.4355   13.3541
    0.0000   30.0000  -15.000014282.1953   13.3292
    7.5000   30.0000  -15.000013490.4326   13.3012
   -7.5000   37.5000  -15.000013705.1777   13.3549
    0.0000   37.5000  -15.000014329.3291   13.3304
    7.5000   37.5000  -15.000013538.2051   13.3028
   -7.5000   45.0000  -15.000013101.9502   13.0364
    0.0000   45.0000  -15.000013687.1992   13.0127
    7.5000   45.0000  -15.000012970.1787   12.9840
   -7.5000  -45.0000   -7.5000 7678.5171   14.5257
    0.0000  -45.0000   -7.5000 8055.2842   14.4944
    7.5000  -45.0000   -7.5000 7695.4531   14.4582
   -7.5000  -37.5000   -7.5000 8619.8350   14.1325
    0.0000  -37.5000   -7.5000 9021.1221   14.1024
    7.5000  -37.5000   -7.5000 8644.0381   14.0679
   -7.5000  -30.0000   -7.5000 9955.2617   13.8749
    0.0000  -30.0000   -7.500010408.9385   13.8454
    7.5000  -30.0000   -7.5000 9978.6377   13.8110
   -7.5000  -22.5000   -7.500011375.2617   13.7103
    0.0000  -22.5000   -7.500011854.7510   13.6825
    7.5000  -22.5000   -7.500011307.7998   13.6512
   -7.5000  -15.0000   -7.500012747.5732   13.6724
    0.0000  -15.0000   -7.500013263.8262   13.6461
    7.5000  -15.0000   -7.500012630.4297   13.6168
   -7.5000   -7.5000   -7.500014055.3545   13.6779
    0.0000   -7.5000   -7.500014647.9209   13.6524
    7.5000   -7.5000   -7.500013887.0801   13.6232
   -7.5000    0.0000   -7.500015227.9043   13.6735
    0.0000    0.0000   -7.500015914.5703   13.6475
    7.5000    0.0000   -7.500015051.7256   13.6171
   -7.5000    7.5000   -7.500015282.8301   13.6635
    0.0000    7.5000   -7.500016059.0078   13.6360
    7.5000    7.5000   -7.500015136.3584   13.6033
   -7.5000   15.0000   -7.500015176.1104   13.6566
    0.0000   15.0000   -7.500016021.9033   13.6284
    7.5000   15.0000   -7.500015036.6328   13.5953
   -7.5000   22.5000   -7.500014859.1602   13.6546
    0.0000   22.5000   -7.500015711.1416   13.6271
    7.5000   22.5000   -7.500014670.7236   13.5961
   -7.5000   30.0000   -7.500014462.7461   13.4949
    0.0000   30.0000   -7.500015232.0781   13.4689
    7.5000   30.0000   -7.500014225.3252   13.4400
   -7.5000   37.5000   -7.500014531.6885   13.5005
    0.0000   37.5000   -7.500015245.7979   13.4753
    7.5000   37.5000   -7.500014246.5371   13.4466
   -7.5000   45.0000   -7.500013875.9180   13.1787
    0.0000   45.0000   -7.500014563.3936   13.1536
    7.5000   45.0000   -7.500013617.7480   13.1243
   -7.5000  -45.0000    0.0000 7955.0493   14.5629
    0.0000  -45.0000    0.0000 8317.7568   14.5334
    7.5000  -45.0000    0.0000 7948.7051   14.4934
   -7.5000  -37.5000    0.0000 8948.9141   14.1618
    0.0000  -37.5000    0.0000 9363.1230   14.1340
    7.5000  -37.5000    0.0000 8963.1709   14.0977
   -7.5000  -30.0000    0.000010372.3662   13.8982
    0.0000  -30.0000    0.000010838.1055   13.8711
    7.5000  -30.0000    0.000010343.8369   13.8353
   -7.5000  -22.5000    0.000011870.0928   13.7366
    0.0000  -22.5000    0.000012366.1816   13.7104
    7.5000  -22.5000    0.000011762.1846   13.6766
   -7.5000  -15.0000    0.000013331.5137   13.7061
    0.0000  -15.0000    0.000013852.4072   13.6811
    7.5000  -15.0000    0.000013178.7100   13.6477
   -7.5000   -7.5000    0.000014691.0156   13.7167
    0.0000   -7.5000    0.000015251.5811   13.6925
    7.5000   -7.5000    0.000014473.4697   13.6590
   -7.5000    0.0000    0.000015863.2656   13.7100
    0.0000    0.0000    0.000016491.1152   13.6857
    7.5000    0.0000    0.000015652.1250   13.6522
   -7.5000    7.5000    0.000015898.8770   13.6921
    0.0000    7.5000    0.000016622.0234   13.6666
    7.5000    7.5000    0.000015737.3311   13.6323
   -7.5000   15.0000    0.000015912.4365   13.6799
    0.0000   15.0000    0.000016852.4141   13.6537
    7.5000   15.0000    0.000015710.4443   13.6193
   -7.5000   22.5000    0.000015775.1104   13.6809
    0.0000   22.5000    0.000016894.9727   13.6550
    7.5000   22.5000    0.000015483.3242   13.6214
   -7.5000   30.0000    0.000015398.4219   13.5285
    0.0000   30.0000    0.000016466.4844   13.5038
    7.5000   30.0000    0.000015072.9590   13.4709
   -7.5000   37.5000    0.000015413.6094   13.5392
    0.0000   37.5000    0.000016376.2061   13.5153
    7.5000   37.5000    0.000015020.7803   13.4823
   -7.5000   45.0000    0.000014636.4893   13.2149
    0.0000   45.0000    0.000015474.9707   13.1914
    7.5000   45.0000    0.000014254.6445   13.1591
   -7.5000  -45.0000    7.5000 7599.2305   14.5906
    0.0000  -45.0000    7.5000 7967.3003   14.5646
    7.5000  -45.0000    7.5000 7587.7539   14.5211
   -7.5000  -37.5000    7.5000 8608.9990   14.1896
    0.0000  -37.5000    7.5000 9004.2646   14.1668
    7.5000  -37.5000    7.5000 8581.2617   14.1281
   -7.5000  -30.0000    7.500010014.7734   13.9278
    0.0000  -30.0000    7.500010410.6162   13.9054
    7.5000  -30.0000    7.5000 9916.5986   13.8667
   -7.5000  -22.5000    7.500011447.5566   13.7636
    0.0000  -22.5000    7.500011879.9053   13.7410
    7.5000  -22.5000    7.500011310.1924   13.7034
   -7.5000  -15.0000    7.500012819.2246   13.7310
    0.0000  -15.0000    7.500013312.0342   13.7084
    7.5000  -15.0000    7.500012671.4609   13.6705
   -7.5000   -7.5000    7.500014111.3027   13.7413
    0.0000   -7.5000    7.500014654.7344   13.7196
    7.5000   -7.5000    7.500013921.5605   13.6822
   -7.5000    0.0000    7.500015302.3955   13.7358
    0.0000    0.0000    7.500015886.6797   13.7149
    7.5000    0.0000    7.500015100.8818   13.6784
   -7.5000    7.5000    7.500015467.3652   13.7197
    0.0000    7.5000    7.500016122.5576   13.6986
    7.5000    7.5000    7.500015223.0820   13.6619
   -7.5000   15.0000    7.500015555.9111   13.7086
    0.0000   15.0000    7.500016403.9414   13.6868
    7.5000   15.0000    7.500015197.8467   13.6496
   -7.5000   22.5000    7.500015366.4443   13.7077
    0.0000   22.5000    7.500016355.1865   13.6854
    7.5000   22.5000    7.500014975.3311   13.6480
   -7.5000   30.0000    7.500014959.3076   13.5531
    0.0000   30.0000    7.500015912.8789   13.5307
    7.5000   30.0000    7.500014612.1172   13.4934
   -7.5000   37.5000    7.500014989.2227   13.5635
    0.0000   37.5000    7.500015803.6133   13.5420
    7.5000   37.5000    7.500014580.9805   13.5051
   -7.5000   45.0000    7.500014182.5430   13.2397
    0.0000   45.0000    7.500014902.2920   13.2196
    7.5000   45.0000    7.500013810.2031   13.1844
   -7.5000  -45.0000   15.0000 7191.8696   14.6086
    0.0000  -45.0000   15.0000 7523.5522   14.5836
    7.5000  -45.0000   15.0000 7171.8521   14.5397
   -7.5000  -37.5000   15.0000 8167.8335   14.2146
    0.0000  -37.5000   15.0000 8525.4287   14.1942
    7.5000  -37.5000   15.0000 8106.6714   14.1541
   -7.5000  -30.0000   15.0000 9514.4316   13.9593
    0.0000  -30.0000   15.0000 9905.2393   13.9393
    7.5000  -30.0000   15.0000 9405.3545   13.8987
   -7.5000  -22.5000   15.000010870.9756   13.7894
    0.0000  -22.5000   15.000011288.3477   13.7684
    7.5000  -22.5000   15.000010751.2764   13.7295
   -7.5000  -15.0000   15.000012197.5742   13.7474
    0.0000  -15.0000   15.000012651.4951   13.7254
    7.5000  -15.0000   15.000012051.2188   13.6873
   -7.5000   -7.5000   15.000013460.1816   13.7532
    0.0000   -7.5000   15.000013964.5527   13.7319
    7.5000   -7.5000   15.000013277.4238   13.6944
   -7.5000    0.0000   15.000014645.3594   13.7511
    0.0000    0.0000   15.000015221.3105   13.7315
    7.5000    0.0000   15.000014443.4658   13.6944
   -7.5000    7.5000   15.000014811.9199   13.7444
    0.0000    7.5000   15.000015431.3018   13.7255
    7.5000    7.5000   15.000014550.5166   13.6874
   -7.5000   15.0000   15.000014769.4883   13.7390
    0.0000   15.0000   15.000015470.5029   13.7196
    7.5000   15.0000   15.000014458.8994   13.6806
   -7.5000   22.5000   15.000014456.7666   13.7333
    0.0000   22.5000   15.000015109.6914   13.7126
    7.5000   22.5000   15.000014162.1377   13.6740
   -7.5000   30.0000   15.000014020.2529   13.5692
    0.0000   30.0000   15.000014626.9131   13.5476
    7.5000   30.0000   15.000013784.8408   13.5099
   -7.5000   37.5000   15.000014109.6738   13.5752
    0.0000   37.5000   15.000014645.0918   13.5542
    7.5000   37.5000   15.000013824.5361   13.5171
   -7.5000   45.0000   15.000013433.9502   13.2545
    0.0000   45.0000   15.000013941.7754   13.2356
    7.5000   45.0000   15.000013166.3057   13.1998
   -7.5000  -45.0000   22.5000 6703.3364   14.6357
    0.0000  -45.0000   22.5000 7022.5264   14.6081
    7.5000  -45.0000   22.5000 6673.9980   14.5682
   -7.5000  -37.5000   22.5000 7625.4302   14.2461
    0.0000  -37.5000   22.5000 7983.6343   14.2231
    7.5000  -37.5000   22.5000 7549.7441   14.1850
   -7.5000  -30.0000   22.5000 8925.7842   13.9944
    0.0000  -30.0000   22.5000 9332.7861   13.9720
    7.5000  -30.0000   22.5000 8814.5117   13.9337
   -7.5000  -22.5000   22.500010214.1094   13.8214
    0.0000  -22.5000   22.500010649.2529   13.7987
    7.5000  -22.5000   22.500010096.4824   13.7634
   -7.5000  -15.0000   22.500011459.9043   13.7725
    0.0000  -15.0000   22.500011918.4385   13.7489
    7.5000  -15.0000   22.500011331.2998   13.7158
   -7.5000   -7.5000   22.500012615.8594   13.7735
    0.0000   -7.5000   22.500013116.5049   13.7504
    7.5000   -7.5000   22.500012490.1885   13.7175
   -7.5000    0.0000   22.500013706.8613   13.7731
    0.0000    0.0000   22.500014231.7520   13.7512
    7.5000    0.0000   22.500013575.1328   13.7173
   -7.5000    7.5000   22.500013809.7188   13.7734
    0.0000    7.5000   22.500014376.1279   13.7522
    7.5000    7.5000   22.500013689.6904   13.7161
   -7.5000   15.0000   22.500013689.1787   13.7729
    0.0000   15.0000   22.500014281.7158   13.7513
    7.5000   15.0000   22.500013567.2119   13.7145
   -7.5000   22.5000   22.500013351.0518   13.7650
    0.0000   22.5000   22.500013891.7910   13.7425
    7.5000   22.5000   22.500013273.1299   13.7075
   -7.5000   30.0000   22.500012958.2920   13.5941
    0.0000   30.0000   22.500013491.2852   13.5708
    7.5000   30.0000   22.500012904.7363   13.5381
   -7.5000   37.5000   22.500013051.2402   13.5953
    0.0000   37.5000   22.500013569.3027   13.5724
    7.5000   37.5000   22.500012947.4707   13.5399
   -7.5000   45.0000   22.500012519.6650   13.2756
    0.0000   45.0000   22.500012988.7705   13.2546
    7.5000   45.0000   22.500012352.2607   13.2219
   -7.5000  -45.0000   30.0000 6188.4839   14.7869
    0.0000  -45.0000   30.0000 6495.6587   14.7552
    7.5000  -45.0000   30.0000 6148.7651   14.7184
   -7.5000  -37.5000   30.0000 7034.6807   14.3880
    0.0000  -37.5000   30.0000 7386.1768   14.3590
    7.5000  -37.5000   30.0000 6971.2275   14.3231
   -7.5000  -30.0000   30.0000 8233.6729   14.1291
    0.0000  -30.0000   30.0000 8627.5811   14.1010
    7.5000  -30.0000   30.0000 8151.5034   14.0648
   -7.5000  -22.5000   30.0000 9419.2031   13.9547
    0.0000  -22.5000   30.0000 9848.8369   13.9277
    7.5000  -22.5000   30.0000 9357.9883   13.8954
   -7.5000  -15.0000   30.000010557.3428   13.9067
    0.0000  -15.0000   30.000011022.1035   13.8803
    7.5000  -15.0000   30.000010531.6201   13.8507
   -7.5000   -7.5000   30.000011609.0430   13.9074
    0.0000   -7.5000   30.000012095.7471   13.8814
    7.5000   -7.5000   30.000011591.1846   13.8521
   -7.5000    0.0000   30.000012608.1797   13.9056
    0.0000    0.0000   30.000013136.5908   13.8797
    7.5000    0.0000   30.000012596.9863   13.8486
   -7.5000    7.5000   30.000012706.6611   13.9043
    0.0000    7.5000   30.000013251.1504   13.8779
    7.5000    7.5000   30.000012724.1406   13.8438
   -7.5000   15.0000   30.000012584.1299   13.9032
    0.0000   15.0000   30.000013114.5166   13.8763
    7.5000   15.0000   30.000012588.7197   13.8416
   -7.5000   22.5000   30.000012310.2188   13.8973
    0.0000   22.5000   30.000012784.4160   13.8705
    7.5000   22.5000   30.000012311.8281   13.8385
   -7.5000   30.0000   30.000011966.1562   13.7265
    0.0000   30.0000   30.000012427.2051   13.7004
    7.5000   30.0000   30.000011955.5420   13.6712
   -7.5000   37.5000   30.000012049.0420   13.7274
    0.0000   37.5000   30.000012512.8037   13.7017
    7.5000   37.5000   30.000011993.5342   13.6728
   -7.5000   45.0000   30.000011581.4287   13.4034
    0.0000   45.0000   30.000012015.4727   13.3785
    7.5000   45.0000   30.000011464.3535   13.3484
   -7.5000  -45.0000   37.5000 5887.2515   15.0595
    0.0000  -45.0000   37.5000 6180.5439   15.0266
    7.5000  -45.0000   37.5000 5853.5181   14.9893
   -7.5000  -37.5000   37.5000 6694.8188   14.6382
    0.0000  -37.5000   37.5000 7042.3965   14.6068
    7.5000  -37.5000   37.5000 6664.2095   14.5713
   -7.5000  -30.0000   37.5000 7805.3291   14.3625
    0.0000  -30.0000   37.5000 8209.6758   14.3319
    7.5000  -30.0000   37.5000 7785.7573   14.2968
   -7.5000  -22.5000   37.5000 8920.8330   14.1865
    0.0000  -22.5000   37.5000 9386.6650   14.1577
    7.5000  -22.5000   37.5000 8936.3359   14.1261
   -7.5000  -15.0000   37.500010019.3818   14.1459
    0.0000  -15.0000   37.500010511.0244   14.1186
    7.5000  -15.0000   37.500010055.6846   14.0890
   -7.5000   -7.5000   37.500011052.9092   14.1517
    0.0000   -7.5000   37.500011555.2920   14.1252
    7.5000   -7.5000   37.500011076.7090   14.0956
   -7.5000    0.0000   37.500012017.1270   14.1472
    0.0000    0.0000   37.500012552.9238   14.1201
    7.5000    0.0000   37.500012050.4277   14.0889
   -7.5000    7.5000   37.500012119.1562   14.1366
    0.0000    7.5000   37.500012652.4043   14.1080
    7.5000    7.5000   37.500012160.7920   14.0745
   -7.5000   15.0000   37.500012033.7207   14.1293
    0.0000   15.0000   37.500012528.6504   14.1000
    7.5000   15.0000   37.500012043.3945   14.0662
   -7.5000   22.5000   37.500011799.2275   14.1273
    0.0000   22.5000   37.500012239.8877   14.0987
    7.5000   22.5000   37.500011783.8955   14.0674
   -7.5000   30.0000   37.500011452.1348   13.9625
    0.0000   30.0000   37.500011883.6455   13.9356
    7.5000   30.0000   37.500011427.9355   13.9065
   -7.5000   37.5000   37.500011507.3711   13.9686
    0.0000   37.5000   37.500011938.9023   13.9424
    7.5000   37.5000   37.500011463.3232   13.9132
   -7.5000   45.0000   37.500011087.3174   13.6362
    0.0000   45.0000   37.500011498.8438   13.6102
    7.5000   45.0000   37.500011009.5898   13.5800
   -7.5000  -45.0000   45.0000 5373.6450   15.4537
    0.0000  -45.0000   45.0000 5643.6504   15.4192
    7.5000  -45.0000   45.0000 5336.0781   15.3733
   -7.5000  -37.5000   45.0000 6113.9399   15.0075
    0.0000  -37.5000   45.0000 6430.9219   14.9749
    7.5000  -37.5000   45.0000 6078.1118   14.9336
   -7.5000  -30.0000   45.0000 7122.1777   14.7109
    0.0000  -30.0000   45.0000 7514.8330   14.6796
    7.5000  -30.0000   45.0000 7102.2788   14.6392
   -7.5000  -22.5000   45.0000 8137.2036   14.5295
    0.0000  -22.5000   45.0000 8585.0693   14.4999
    7.5000  -22.5000   45.0000 8167.7695   14.4618
   -7.5000  -15.0000   45.0000 9153.0117   14.4953
    0.0000  -15.0000   45.0000 9623.8994   14.4670
    7.5000  -15.0000   45.0000 9191.2227   14.4294
   -7.5000   -7.5000   45.000010131.9297   14.5062
    0.0000   -7.5000   45.000010610.9443   14.4786
    7.5000   -7.5000   45.000010140.7500   14.4406
   -7.5000    0.0000   45.000011026.0225   14.4979
    0.0000    0.0000   45.000011536.9844   14.4694
    7.5000    0.0000   45.000011042.8232   14.4313
   -7.5000    7.5000   45.000011108.9414   14.4777
    0.0000    7.5000   45.000011605.9854   14.4479
    7.5000    7.5000   45.000011118.6250   14.4091
   -7.5000   15.0000   45.000011023.1143   14.4649
    0.0000   15.0000   45.000011479.3887   14.4347
    7.5000   15.0000   45.000010997.8672   14.3959
   -7.5000   22.5000   45.000010806.3984   14.4672
    0.0000   22.5000   45.000011218.0703   14.4379
    7.5000   22.5000   45.000010770.2627   14.4000
   -7.5000   30.0000   45.000010505.2891   14.3062
    0.0000   30.0000   45.000010900.6367   14.2783
    7.5000   30.0000   45.000010470.6270   14.2411
   -7.5000   37.5000   45.000010542.3730   14.3172
    0.0000   37.5000   45.000010944.9346   14.2899
    7.5000   37.5000   45.000010511.0518   14.2525
   -7.5000   45.0000   45.000010176.3203   13.9806
    0.0000   45.0000   45.000010567.7832   13.9532
    7.5000   45.0000   45.000010120.4951   13.9165

---------------------------------------------------------------------
imgreg_4dfp /opt/freesurfer/average/711-2C_as_mni_average_305 /opt/freesurfer/average/711-2B_as_mni_average_305_mask talsrcimg_g11 none talsrcimg_to_711-2C_as_mni_average_305_t4 4355
---------------------------------------------------------------------

freesurfer imgreg_4dfp.c
/opt/freesurfer/average/711-2C_as_mni_average_305.4dfp.img
       256       256       256         1
  1.000000  1.000000  1.000000
orientation T byte_order littleendian
Reading image: /opt/freesurfer/average/711-2C_as_mni_average_305.4dfp.img
dimensions:      256       256       256
mmppix:       1.0000   -1.0000   -1.0000
center:     128.0000 -129.0000 -129.0000
/opt/freesurfer/average/711-2B_as_mni_average_305_mask.4dfp.img
       256       256       256         1
  1.000000  1.000000  1.000000
orientation T byte_order littleendian
Reading mask: /opt/freesurfer/average/711-2B_as_mni_average_305_mask.4dfp.img (2306576 pixels)
talsrcimg_g11.4dfp.img
       256       256       256         1
  1.000000  1.000000  1.000000
orientation T byte_order littleendian
Reading image: talsrcimg_g11.4dfp.img
dimensions:      256       256       256
mmppix:       1.0000   -1.0000   -1.0000
center:     128.0000 -129.0000 -129.0000
rotation matrix determinant  1.000000
image alignment mode   4355 decimal     1103 hex
   -7.5000  -22.5000  -45.0000 2028.9750   14.9617
    0.0000  -22.5000  -45.0000 2045.9459   14.8262
    7.5000  -22.5000  -45.0000 2039.9614   14.8132
   -7.5000  -15.0000  -45.0000 2149.2134   13.4823
    0.0000  -15.0000  -45.0000 2167.8989   13.3526
    7.5000  -15.0000  -45.0000 2164.5808   13.3723
   -7.5000   -7.5000  -45.0000 2251.9575   12.3347
    0.0000   -7.5000  -45.0000 2268.8455   12.1969
    7.5000   -7.5000  -45.0000 2267.4270   12.2695
   -7.5000    0.0000  -45.0000 2334.3113   11.4517
    0.0000    0.0000  -45.0000 2349.8682   11.3272
    7.5000    0.0000  -45.0000 2339.2683   11.4156
   -7.5000    7.5000  -45.0000 2391.1719   10.8460
    0.0000    7.5000  -45.0000 2403.8071   10.7097
    7.5000    7.5000  -45.0000 2390.1646   10.8311
   -7.5000   15.0000  -45.0000 2413.9272   10.5066
    0.0000   15.0000  -45.0000 2430.3489   10.3751
    7.5000   15.0000  -45.0000 2419.3796   10.5097
   -7.5000   22.5000  -45.0000 2426.5474   10.4069
    0.0000   22.5000  -45.0000 2443.3826   10.2818
    7.5000   22.5000  -45.0000 2432.9968   10.4138
   -7.5000   30.0000  -45.0000 2422.2341   10.5434
    0.0000   30.0000  -45.0000 2438.5510   10.3962
    7.5000   30.0000  -45.0000 2427.4121   10.5409
   -7.5000   37.5000  -45.0000 2387.5205   10.8886
    0.0000   37.5000  -45.0000 2408.7388   10.7475
    7.5000   37.5000  -45.0000 2400.5078   10.9089
   -7.5000   45.0000  -45.0000 2336.2500   11.4684
    0.0000   45.0000  -45.0000 2358.1055   11.3253
    7.5000   45.0000  -45.0000 2350.2510   11.4682
   -7.5000   52.5000  -45.0000 2246.4563   12.1385
    0.0000   52.5000  -45.0000 2268.8132   12.0180
    7.5000   52.5000  -45.0000 2258.7764   12.1503
   -7.5000   60.0000  -45.0000 2114.4006   12.9214
    0.0000   60.0000  -45.0000 2132.7256   12.7937
    7.5000   60.0000  -45.0000 2120.1370   12.9149
   -7.5000   67.5000  -45.0000 1949.9900   13.7557
    0.0000   67.5000  -45.0000 1967.7711   13.6482
    7.5000   67.5000  -45.0000 1953.6354   13.7888
   -7.5000  -22.5000  -37.5000 2086.1960   14.1816
    0.0000  -22.5000  -37.5000 2107.2725   13.9570
    7.5000  -22.5000  -37.5000 2100.0754   13.9909
   -7.5000  -15.0000  -37.5000 2217.5708   12.7573
    0.0000  -15.0000  -37.5000 2237.0618   12.5689
    7.5000  -15.0000  -37.5000 2229.4424   12.6181
   -7.5000   -7.5000  -37.5000 2330.1663   11.6260
    0.0000   -7.5000  -37.5000 2348.0977   11.4843
    7.5000   -7.5000  -37.5000 2339.9897   11.5611
   -7.5000    0.0000  -37.5000 2419.8333   10.7748
    0.0000    0.0000  -37.5000 2435.0422   10.6502
    7.5000    0.0000  -37.5000 2422.6489   10.7422
   -7.5000    7.5000  -37.5000 2480.5283   10.1879
    0.0000    7.5000  -37.5000 2493.9131   10.0583
    7.5000    7.5000  -37.5000 2483.5896   10.1666
   -7.5000   15.0000  -37.5000 2511.6184    9.8387
    0.0000   15.0000  -37.5000 2528.1367    9.7062
    7.5000   15.0000  -37.5000 2521.0466    9.8407
   -7.5000   22.5000  -37.5000 2530.8362    9.7281
    0.0000   22.5000  -37.5000 2544.6726    9.5856
    7.5000   22.5000  -37.5000 2536.1331    9.7348
   -7.5000   30.0000  -37.5000 2522.9202    9.8323
    0.0000   30.0000  -37.5000 2539.3215    9.7028
    7.5000   30.0000  -37.5000 2527.3240    9.8523
   -7.5000   37.5000  -37.5000 2486.7097   10.1320
    0.0000   37.5000  -37.5000 2508.5386   10.0188
    7.5000   37.5000  -37.5000 2496.3850   10.1669
   -7.5000   45.0000  -37.5000 2433.0203   10.6304
    0.0000   45.0000  -37.5000 2456.4927   10.5035
    7.5000   45.0000  -37.5000 2445.7051   10.6581
   -7.5000   52.5000  -37.5000 2337.8599   11.2545
    0.0000   52.5000  -37.5000 2362.1641   11.1181
    7.5000   52.5000  -37.5000 2350.2788   11.2669
   -7.5000   60.0000  -37.5000 2198.4558   11.9690
    0.0000   60.0000  -37.5000 2219.0149   11.8473
    7.5000   60.0000  -37.5000 2204.3093   11.9757
   -7.5000   67.5000  -37.5000 2030.4956   12.7287
    0.0000   67.5000  -37.5000 2049.6387   12.6133
    7.5000   67.5000  -37.5000 2031.8757   12.7505
   -7.5000  -22.5000  -30.0000 2177.1885   13.9455
    0.0000  -22.5000  -30.0000 2197.8242   13.7045
    7.5000  -22.5000  -30.0000 2195.6555   13.7476
   -7.5000  -15.0000  -30.0000 2315.5156   12.4922
    0.0000  -15.0000  -30.0000 2338.4250   12.3059
    7.5000  -15.0000  -30.0000 2332.8843   12.3568
   -7.5000   -7.5000  -30.0000 2434.7266   11.3673
    0.0000   -7.5000  -30.0000 2454.1609   11.1984
    7.5000   -7.5000  -30.0000 2446.8464   11.2762
   -7.5000    0.0000  -30.0000 2532.3408   10.5014
    0.0000    0.0000  -30.0000 2551.9497   10.3591
    7.5000    0.0000  -30.0000 2544.1384   10.4587
   -7.5000    7.5000  -30.0000 2607.1594    9.9066
    0.0000    7.5000  -30.0000 2620.9509    9.7912
    7.5000    7.5000  -30.0000 2620.1272    9.8786
   -7.5000   15.0000  -30.0000 2646.5620    9.5472
    0.0000   15.0000  -30.0000 2664.1848    9.4228
    7.5000   15.0000  -30.0000 2663.3206    9.5221
   -7.5000   22.5000  -30.0000 2669.6660    9.3993
    0.0000   22.5000  -30.0000 2687.3142    9.2844
    7.5000   22.5000  -30.0000 2682.4871    9.3994
   -7.5000   30.0000  -30.0000 2667.7905    9.4866
    0.0000   30.0000  -30.0000 2683.8264    9.3745
    7.5000   30.0000  -30.0000 2674.5806    9.5161
   -7.5000   37.5000  -30.0000 2636.3752    9.7749
    0.0000   37.5000  -30.0000 2658.5037    9.6642
    7.5000   37.5000  -30.0000 2644.1663    9.8089
   -7.5000   45.0000  -30.0000 2582.3523   10.2574
    0.0000   45.0000  -30.0000 2604.2222   10.1212
    7.5000   45.0000  -30.0000 2588.1719   10.2873
   -7.5000   52.5000  -30.0000 2476.2000   10.8569
    0.0000   52.5000  -30.0000 2500.9309   10.7006
    7.5000   52.5000  -30.0000 2486.0996   10.8613
   -7.5000   60.0000  -30.0000 2326.1831   11.5362
    0.0000   60.0000  -30.0000 2342.6162   11.4096
    7.5000   60.0000  -30.0000 2326.6360   11.5631
   -7.5000   67.5000  -30.0000 2147.7952   12.2729
    0.0000   67.5000  -30.0000 2163.3398   12.1513
    7.5000   67.5000  -30.0000 2148.3081   12.3056
   -7.5000  -22.5000  -22.5000 2235.8450   13.5839
    0.0000  -22.5000  -22.5000 2259.8821   13.3469
    7.5000  -22.5000  -22.5000 2255.5037   13.3704
   -7.5000  -15.0000  -22.5000 2378.1375   12.1180
    0.0000  -15.0000  -22.5000 2401.0874   11.9474
    7.5000  -15.0000  -22.5000 2398.3110   11.9850
   -7.5000   -7.5000  -22.5000 2504.7170   11.0067
    0.0000   -7.5000  -22.5000 2524.5889   10.8351
    7.5000   -7.5000  -22.5000 2520.0117   10.8929
   -7.5000    0.0000  -22.5000 2610.3030   10.1493
    0.0000    0.0000  -22.5000 2633.5613    9.9976
    7.5000    0.0000  -22.5000 2629.1565   10.0775
   -7.5000    7.5000  -22.5000 2694.3555    9.5409
    0.0000    7.5000  -22.5000 2714.8013    9.4148
    7.5000    7.5000  -22.5000 2713.6616    9.4976
   -7.5000   15.0000  -22.5000 2743.0386    9.1564
    0.0000   15.0000  -22.5000 2768.0186    9.0456
    7.5000   15.0000  -22.5000 2767.7632    9.1387
   -7.5000   22.5000  -22.5000 2778.6819    8.9848
    0.0000   22.5000  -22.5000 2801.8962    8.8587
    7.5000   22.5000  -22.5000 2795.1858    8.9846
   -7.5000   30.0000  -22.5000 2786.8079    9.0631
    0.0000   30.0000  -22.5000 2805.1401    8.9477
    7.5000   30.0000  -22.5000 2792.3403    9.0893
   -7.5000   37.5000  -22.5000 2757.7312    9.3474
    0.0000   37.5000  -22.5000 2780.9761    9.2259
    7.5000   37.5000  -22.5000 2764.8044    9.3730
   -7.5000   45.0000  -22.5000 2697.9004    9.8188
    0.0000   45.0000  -22.5000 2719.9412    9.6636
    7.5000   45.0000  -22.5000 2705.5823    9.8144
   -7.5000   52.5000  -22.5000 2583.0820   10.3811
    0.0000   52.5000  -22.5000 2603.0537   10.2363
    7.5000   52.5000  -22.5000 2586.8523   10.3942
   -7.5000   60.0000  -22.5000 2420.9719   11.0499
    0.0000   60.0000  -22.5000 2436.0042   10.9273
    7.5000   60.0000  -22.5000 2419.0552   11.0865
   -7.5000   67.5000  -22.5000 2232.1028   11.7906
    0.0000   67.5000  -22.5000 2247.8818   11.6678
    7.5000   67.5000  -22.5000 2232.3772   11.8384
   -7.5000  -22.5000  -15.0000 2261.0537   13.2121
    0.0000  -22.5000  -15.0000 2286.1990   13.0001
    7.5000  -22.5000  -15.0000 2281.2500   13.0239
   -7.5000  -15.0000  -15.0000 2405.6628   11.7632
    0.0000  -15.0000  -15.0000 2429.1211   11.5746
    7.5000  -15.0000  -15.0000 2427.0566   11.6102
   -7.5000   -7.5000  -15.0000 2536.0513   10.6640
    0.0000   -7.5000  -15.0000 2561.1956   10.4938
    7.5000   -7.5000  -15.0000 2555.8799   10.5326
   -7.5000    0.0000  -15.0000 2650.8167    9.8149
    0.0000    0.0000  -15.0000 2679.2412    9.6714
    7.5000    0.0000  -15.0000 2671.7043    9.7200
   -7.5000    7.5000  -15.0000 2745.5198    9.1816
    0.0000    7.5000  -15.0000 2773.1013    9.0845
    7.5000    7.5000  -15.0000 2767.8845    9.1490
   -7.5000   15.0000  -15.0000 2808.9243    8.7843
    0.0000   15.0000  -15.0000 2833.0364    8.6956
    7.5000   15.0000  -15.0000 2832.4077    8.7769
   -7.5000   22.5000  -15.0000 2851.1140    8.5854
    0.0000   22.5000  -15.0000 2877.1216    8.5021
    7.5000   22.5000  -15.0000 2867.5906    8.6109
   -7.5000   30.0000  -15.0000 2869.6641    8.6377
    0.0000   30.0000  -15.0000 2890.4189    8.5477
    7.5000   30.0000  -15.0000 2872.1826    8.6892
   -7.5000   37.5000  -15.0000 2842.4460    8.9337
    0.0000   37.5000  -15.0000 2863.5405    8.8393
    7.5000   37.5000  -15.0000 2842.0813    8.9806
   -7.5000   45.0000  -15.0000 2775.9436    9.3939
    0.0000   45.0000  -15.0000 2800.3240    9.2665
    7.5000   45.0000  -15.0000 2782.8792    9.3976
   -7.5000   52.5000  -15.0000 2654.1992    9.9459
    0.0000   52.5000  -15.0000 2674.0127    9.8191
    7.5000   52.5000  -15.0000 2654.9617    9.9864
   -7.5000   60.0000  -15.0000 2482.6985   10.6094
    0.0000   60.0000  -15.0000 2502.3137   10.4829
    7.5000   60.0000  -15.0000 2479.7083   10.6613
   -7.5000   67.5000  -15.0000 2286.2324   11.3563
    0.0000   67.5000  -15.0000 2308.8474   11.2210
    7.5000   67.5000  -15.0000 2286.2080   11.4159
   -7.5000  -22.5000   -7.5000 2266.7600   13.0108
    0.0000  -22.5000   -7.5000 2291.0354   12.7560
    7.5000  -22.5000   -7.5000 2285.9070   12.8180
   -7.5000  -15.0000   -7.5000 2410.6631   11.5440
    0.0000  -15.0000   -7.5000 2432.1421   11.3257
    7.5000  -15.0000   -7.5000 2427.7173   11.3923
   -7.5000   -7.5000   -7.5000 2546.6235   10.4145
    0.0000   -7.5000   -7.5000 2570.9370   10.2615
    7.5000   -7.5000   -7.5000 2563.3638   10.2923
   -7.5000    0.0000   -7.5000 2664.0588    9.5325
    0.0000    0.0000   -7.5000 2694.5134    9.4388
    7.5000    0.0000   -7.5000 2686.7910    9.4592
   -7.5000    7.5000   -7.5000 2771.4917    8.9017
    0.0000    7.5000   -7.5000 2802.2769    8.8412
    7.5000    7.5000   -7.5000 2793.8281    8.8720
   -7.5000   15.0000   -7.5000 2854.3000    8.4961
    0.0000   15.0000   -7.5000 2883.2590    8.4777
    7.5000   15.0000   -7.5000 2874.0164    8.4823
   -7.5000   22.5000   -7.5000 2908.5735    8.3112
    0.0000   22.5000   -7.5000 2939.8992    8.2936
    7.5000   22.5000   -7.5000 2920.5537    8.3214
   -7.5000   30.0000   -7.5000 2929.7720    8.3226
    0.0000   30.0000   -7.5000 2953.9565    8.2993
    7.5000   30.0000   -7.5000 2923.6111    8.3950
   -7.5000   37.5000   -7.5000 2901.8616    8.6144
    0.0000   37.5000   -7.5000 2919.9033    8.5742
    7.5000   37.5000   -7.5000 2885.1162    8.6797
   -7.5000   45.0000   -7.5000 2825.4553    9.0222
    0.0000   45.0000   -7.5000 2851.4419    8.9877
    7.5000   45.0000   -7.5000 2818.4724    9.0938
   -7.5000   52.5000   -7.5000 2699.9343    9.5478
    0.0000   52.5000   -7.5000 2723.9358    9.5023
    7.5000   52.5000   -7.5000 2695.4392    9.6240
   -7.5000   60.0000   -7.5000 2521.6821   10.2212
    0.0000   60.0000   -7.5000 2541.2292   10.1683
    7.5000   60.0000   -7.5000 2515.5247   10.2918
   -7.5000   67.5000   -7.5000 2315.5103   10.9986
    0.0000   67.5000   -7.5000 2336.1440   10.9288
    7.5000   67.5000   -7.5000 2313.9038   11.0668
   -7.5000  -22.5000    0.0000 2255.1550   12.9736
    0.0000  -22.5000    0.0000 2279.6162   12.7606
    7.5000  -22.5000    0.0000 2274.1550   12.8366
   -7.5000  -15.0000    0.0000 2396.8428   11.5159
    0.0000  -15.0000    0.0000 2420.9719   11.3229
    7.5000  -15.0000    0.0000 2413.8130   11.4106
   -7.5000   -7.5000    0.0000 2530.6721   10.3503
    0.0000   -7.5000    0.0000 2557.6609   10.1991
    7.5000   -7.5000    0.0000 2551.0762   10.2700
   -7.5000    0.0000    0.0000 2655.6270    9.4357
    0.0000    0.0000    0.0000 2685.0576    9.3390
    7.5000    0.0000    0.0000 2679.9333    9.3956
   -7.5000    7.5000    0.0000 2773.1826    8.7858
    0.0000    7.5000    0.0000 2805.7397    8.7284
    7.5000    7.5000    0.0000 2794.8862    8.7857
   -7.5000   15.0000    0.0000 2875.1721    8.4062
    0.0000   15.0000    0.0000 2903.2107    8.3967
    7.5000   15.0000    0.0000 2888.7549    8.4078
   -7.5000   22.5000    0.0000 2940.4775    8.2598
    0.0000   22.5000    0.0000 2978.8821    8.3155
    7.5000   22.5000    0.0000 2948.1746    8.2854
   -7.5000   30.0000    0.0000 2965.5554    8.2578
    0.0000   30.0000    0.0000 3002.4067    8.3506
    7.5000   30.0000    0.0000 2952.2773    8.3352
   -7.5000   37.5000    0.0000 2935.7334    8.4574
    0.0000   37.5000    0.0000 2960.1958    8.5190
    7.5000   37.5000    0.0000 2907.1167    8.5600
   -7.5000   45.0000    0.0000 2854.4771    8.8198
    0.0000   45.0000    0.0000 2873.6379    8.8389
    7.5000   45.0000    0.0000 2833.9119    8.9300
   -7.5000   52.5000    0.0000 2719.4045    9.3359
    0.0000   52.5000    0.0000 2739.6296    9.3064
    7.5000   52.5000    0.0000 2709.9070    9.4428
   -7.5000   60.0000    0.0000 2537.7954   10.0302
    0.0000   60.0000    0.0000 2553.7314    9.9847
    7.5000   60.0000    0.0000 2528.0366   10.1307
   -7.5000   67.5000    0.0000 2328.8091   10.8211
    0.0000   67.5000    0.0000 2346.2825   10.7456
    7.5000   67.5000    0.0000 2324.7471   10.9184
   -7.5000  -22.5000    7.5000 2242.2585   13.1276
    0.0000  -22.5000    7.5000 2261.6201   12.8771
    7.5000  -22.5000    7.5000 2254.8218   13.0140
   -7.5000  -15.0000    7.5000 2377.4758   11.6001
    0.0000  -15.0000    7.5000 2398.0452   11.4001
    7.5000  -15.0000    7.5000 2397.5745   11.5409
   -7.5000   -7.5000    7.5000 2504.5596   10.4236
    0.0000   -7.5000    7.5000 2527.4412   10.2667
    7.5000   -7.5000    7.5000 2528.6873   10.3793
   -7.5000    0.0000    7.5000 2632.4146    9.5249
    0.0000    0.0000    7.5000 2657.0398    9.4152
    7.5000    0.0000    7.5000 2658.8838    9.5193
   -7.5000    7.5000    7.5000 2762.5664    8.8886
    0.0000    7.5000    7.5000 2790.8865    8.8404
    7.5000    7.5000    7.5000 2780.5808    8.9143
   -7.5000   15.0000    7.5000 2873.2078    8.5225
    0.0000   15.0000    7.5000 2904.2520    8.5451
    7.5000   15.0000    7.5000 2879.8928    8.5641
   -7.5000   22.5000    7.5000 2949.8821    8.3542
    0.0000   22.5000    7.5000 2988.6108    8.4243
    7.5000   22.5000    7.5000 2943.5066    8.3902
   -7.5000   30.0000    7.5000 2974.5801    8.3186
    0.0000   30.0000    7.5000 3006.8943    8.3896
    7.5000   30.0000    7.5000 2951.7134    8.4108
   -7.5000   37.5000    7.5000 2944.9163    8.4806
    0.0000   37.5000    7.5000 2959.2732    8.5207
    7.5000   37.5000    7.5000 2910.0337    8.6147
   -7.5000   45.0000    7.5000 2851.0400    8.8542
    0.0000   45.0000    7.5000 2864.5432    8.8644
    7.5000   45.0000    7.5000 2825.7119    9.0009
   -7.5000   52.5000    7.5000 2709.1641    9.3705
    0.0000   52.5000    7.5000 2723.7036    9.3420
    7.5000   52.5000    7.5000 2697.4956    9.4958
   -7.5000   60.0000    7.5000 2530.9175   10.0325
    0.0000   60.0000    7.5000 2541.3850    9.9887
    7.5000   60.0000    7.5000 2516.8850   10.1527
   -7.5000   67.5000    7.5000 2325.3176   10.7978
    0.0000   67.5000    7.5000 2336.4648   10.7278
    7.5000   67.5000    7.5000 2316.4348   10.8941
   -7.5000  -22.5000   15.0000 2214.9673   13.4058
    0.0000  -22.5000   15.0000 2233.5933   13.1531
    7.5000  -22.5000   15.0000 2229.4016   13.3555
   -7.5000  -15.0000   15.0000 2348.0325   11.8596
    0.0000  -15.0000   15.0000 2367.1846   11.6573
    7.5000  -15.0000   15.0000 2367.2534   11.8457
   -7.5000   -7.5000   15.0000 2473.9993   10.7053
    0.0000   -7.5000   15.0000 2495.6455   10.5481
    7.5000   -7.5000   15.0000 2493.8745   10.6984
   -7.5000    0.0000   15.0000 2600.8569    9.8094
    0.0000    0.0000   15.0000 2626.5669    9.7016
    7.5000    0.0000   15.0000 2622.0862    9.8306
   -7.5000    7.5000   15.0000 2730.7170    9.1493
    0.0000    7.5000   15.0000 2757.9812    9.0963
    7.5000    7.5000   15.0000 2747.5562    9.1868
   -7.5000   15.0000   15.0000 2843.1345    8.7491
    0.0000   15.0000   15.0000 2867.8604    8.7203
    7.5000   15.0000   15.0000 2848.4072    8.7691
   -7.5000   22.5000   15.0000 2923.9788    8.4959
    0.0000   22.5000   15.0000 2950.2539    8.4933
    7.5000   22.5000   15.0000 2912.5183    8.5427
   -7.5000   30.0000   15.0000 2949.0081    8.3996
    0.0000   30.0000   15.0000 2972.6597    8.3851
    7.5000   30.0000   15.0000 2928.3655    8.5212
   -7.5000   37.5000   15.0000 2921.8315    8.5988
    0.0000   37.5000   15.0000 2932.4084    8.5572
    7.5000   37.5000   15.0000 2890.8242    8.7304
   -7.5000   45.0000   15.0000 2823.3301    9.0465
    0.0000   45.0000   15.0000 2832.9333    8.9932
    7.5000   45.0000   15.0000 2802.6726    9.1675
   -7.5000   52.5000   15.0000 2676.6250    9.6047
    0.0000   52.5000   15.0000 2687.1594    9.5468
    7.5000   52.5000   15.0000 2663.9858    9.7195
   -7.5000   60.0000   15.0000 2500.2173   10.2562
    0.0000   60.0000   15.0000 2506.4436   10.2057
    7.5000   60.0000   15.0000 2485.1121   10.3700
   -7.5000   67.5000   15.0000 2300.6304   10.9623
    0.0000   67.5000   15.0000 2308.3059   10.9095
    7.5000   67.5000   15.0000 2289.0789   11.0647
   -7.5000  -22.5000   22.5000 2187.3677   13.8493
    0.0000  -22.5000   22.5000 2205.7998   13.6419
    7.5000  -22.5000   22.5000 2195.6121   13.8695
   -7.5000  -15.0000   22.5000 2321.0850   12.2731
    0.0000  -15.0000   22.5000 2340.6733   12.1097
    7.5000  -15.0000   22.5000 2330.4128   12.3239
   -7.5000   -7.5000   22.5000 2445.0601   11.0908
    0.0000   -7.5000   22.5000 2465.4277   10.9387
    7.5000   -7.5000   22.5000 2455.4475   11.1488
   -7.5000    0.0000   22.5000 2566.6594   10.1762
    0.0000    0.0000   22.5000 2588.6719   10.0341
    7.5000    0.0000   22.5000 2580.0881   10.2353
   -7.5000    7.5000   22.5000 2689.0427    9.4994
    0.0000    7.5000   22.5000 2711.2595    9.3925
    7.5000    7.5000   22.5000 2701.9297    9.5605
   -7.5000   15.0000   22.5000 2794.6880    9.0546
    0.0000   15.0000   22.5000 2813.7329    8.9872
    7.5000   15.0000   22.5000 2796.3977    9.1084
   -7.5000   22.5000   22.5000 2865.9058    8.7377
    0.0000   22.5000   22.5000 2886.0137    8.6826
    7.5000   22.5000   22.5000 2857.5220    8.8624
   -7.5000   30.0000   22.5000 2886.1277    8.6745
    0.0000   30.0000   22.5000 2907.3796    8.6286
    7.5000   30.0000   22.5000 2872.5125    8.8218
   -7.5000   37.5000   22.5000 2859.4924    8.8863
    0.0000   37.5000   22.5000 2873.5896    8.8417
    7.5000   37.5000   22.5000 2837.6938    9.0228
   -7.5000   45.0000   22.5000 2777.5618    9.3444
    0.0000   45.0000   22.5000 2781.9666    9.2895
    7.5000   45.0000   22.5000 2754.7148    9.4609
   -7.5000   52.5000   22.5000 2634.9138    9.9348
    0.0000   52.5000   22.5000 2640.8818    9.8492
    7.5000   52.5000   22.5000 2618.4333   10.0255
   -7.5000   60.0000   22.5000 2456.6987   10.5845
    0.0000   60.0000   22.5000 2463.0552   10.5051
    7.5000   60.0000   22.5000 2442.7361   10.6680
   -7.5000   67.5000   22.5000 2262.4458   11.2705
    0.0000   67.5000   22.5000 2270.2805   11.2244
    7.5000   67.5000   22.5000 2250.2483   11.3625
   -7.5000  -22.5000   30.0000 2148.2571   14.4632
    0.0000  -22.5000   30.0000 2165.7297   14.2798
    7.5000  -22.5000   30.0000 2147.8882   14.5784
   -7.5000  -15.0000   30.0000 2285.6821   12.8148
    0.0000  -15.0000   30.0000 2305.0261   12.6439
    7.5000  -15.0000   30.0000 2288.6121   12.9625
   -7.5000   -7.5000   30.0000 2409.4270   11.5736
    0.0000   -7.5000   30.0000 2426.7732   11.4056
    7.5000   -7.5000   30.0000 2409.1951   11.7060
   -7.5000    0.0000   30.0000 2522.8638   10.6399
    0.0000    0.0000   30.0000 2544.9214   10.4833
    7.5000    0.0000   30.0000 2528.5859   10.7522
   -7.5000    7.5000   30.0000 2639.7617    9.9420
    0.0000    7.5000   30.0000 2658.6936    9.7985
    7.5000    7.5000   30.0000 2646.5298   10.0464
   -7.5000   15.0000   30.0000 2733.9460    9.4552
    0.0000   15.0000   30.0000 2748.4255    9.3392
    7.5000   15.0000   30.0000 2729.1982    9.5674
   -7.5000   22.5000   30.0000 2793.1162    9.1430
    0.0000   22.5000   30.0000 2806.2495    9.0361
    7.5000   22.5000   30.0000 2780.3730    9.2823
   -7.5000   30.0000   30.0000 2804.1333    9.1250
    0.0000   30.0000   30.0000 2817.9045    9.0351
    7.5000   30.0000   30.0000 2794.6602    9.2373
   -7.5000   37.5000   30.0000 2773.4294    9.3241
    0.0000   37.5000   30.0000 2785.0808    9.2691
    7.5000   37.5000   30.0000 2759.6562    9.4544
   -7.5000   45.0000   30.0000 2703.9055    9.7652
    0.0000   45.0000   30.0000 2708.4355    9.7022
    7.5000   45.0000   30.0000 2684.6770    9.8838
   -7.5000   52.5000   30.0000 2576.2583   10.3488
    0.0000   52.5000   30.0000 2577.9253   10.2603
    7.5000   52.5000   30.0000 2558.4131   10.4502
   -7.5000   60.0000   30.0000 2405.4453   10.9996
    0.0000   60.0000   30.0000 2409.4268   10.9105
    7.5000   60.0000   30.0000 2392.7717   11.0832
   -7.5000   67.5000   30.0000 2216.1606   11.6837
    0.0000   67.5000   30.0000 2225.3630   11.6055
    7.5000   67.5000   30.0000 2208.2134   11.7575
   -7.5000  -22.5000   37.5000 2094.8923   15.1597
    0.0000  -22.5000   37.5000 2115.5242   15.0234
    7.5000  -22.5000   37.5000 2098.4399   15.4231
   -7.5000  -15.0000   37.5000 2237.3474   13.4562
    0.0000  -15.0000   37.5000 2253.4331   13.3142
    7.5000  -15.0000   37.5000 2235.4231   13.7108
   -7.5000   -7.5000   37.5000 2363.4941   12.1944
    0.0000   -7.5000   37.5000 2380.0266   12.0166
    7.5000   -7.5000   37.5000 2357.1665   12.4001
   -7.5000    0.0000   37.5000 2472.7966   11.2373
    0.0000    0.0000   37.5000 2493.3796   11.0584
    7.5000    0.0000   37.5000 2472.0671   11.3946
   -7.5000    7.5000   37.5000 2578.9778   10.5199
    0.0000    7.5000   37.5000 2597.3503   10.3643
    7.5000    7.5000   37.5000 2578.3274   10.6668
   -7.5000   15.0000   37.5000 2664.3423   10.0207
    0.0000   15.0000   37.5000 2678.0759    9.8711
    7.5000   15.0000   37.5000 2653.4822   10.1715
   -7.5000   22.5000   37.5000 2715.5586    9.7319
    0.0000   22.5000   37.5000 2726.4421    9.5999
    7.5000   22.5000   37.5000 2698.3521    9.8754
   -7.5000   30.0000   37.5000 2715.5630    9.7177
    0.0000   30.0000   37.5000 2725.6653    9.6129
    7.5000   30.0000   37.5000 2702.3706    9.8422
   -7.5000   37.5000   37.5000 2680.2490    9.9098
    0.0000   37.5000   37.5000 2689.6755    9.8226
    7.5000   37.5000   37.5000 2668.7329   10.0347
   -7.5000   45.0000   37.5000 2617.8708   10.3180
    0.0000   45.0000   37.5000 2622.2107   10.2334
    7.5000   45.0000   37.5000 2603.9937   10.4538
   -7.5000   52.5000   37.5000 2504.2581   10.8682
    0.0000   52.5000   37.5000 2508.6516   10.7691
    7.5000   52.5000   37.5000 2488.2610   10.9954
   -7.5000   60.0000   37.5000 2345.4702   11.4976
    0.0000   60.0000   37.5000 2351.5022   11.4022
    7.5000   60.0000   37.5000 2330.5977   11.6210
   -7.5000   67.5000   37.5000 2156.8303   12.1752
    0.0000   67.5000   37.5000 2166.0125   12.0962
    7.5000   67.5000   37.5000 2148.8640   12.3085
   -7.5000  -22.5000   45.0000 2035.3644   16.1132
    0.0000  -22.5000   45.0000 2056.1819   16.0518
    7.5000  -22.5000   45.0000 2036.9292   16.4826
   -7.5000  -15.0000   45.0000 2180.1382   14.3233
    0.0000  -15.0000   45.0000 2197.2717   14.2061
    7.5000  -15.0000   45.0000 2174.7151   14.6522
   -7.5000   -7.5000   45.0000 2306.2683   13.0073
    0.0000   -7.5000   45.0000 2319.8452   12.8577
    7.5000   -7.5000   45.0000 2292.4600   13.2624
   -7.5000    0.0000   45.0000 2410.2185   12.0275
    0.0000    0.0000   45.0000 2426.5320   11.8546
    7.5000    0.0000   45.0000 2400.7004   12.2005
   -7.5000    7.5000   45.0000 2501.6721   11.2753
    0.0000    7.5000   45.0000 2520.0547   11.1177
    7.5000    7.5000   45.0000 2495.7222   11.4392
   -7.5000   15.0000   45.0000 2577.0474   10.7541
    0.0000   15.0000   45.0000 2589.5962   10.5999
    7.5000   15.0000   45.0000 2560.8174   10.9115
   -7.5000   22.5000   45.0000 2619.1128   10.4794
    0.0000   22.5000   45.0000 2629.5254   10.3531
    7.5000   22.5000   45.0000 2603.0195   10.6191
   -7.5000   30.0000   45.0000 2614.8535   10.4807
    0.0000   30.0000   45.0000 2626.0903   10.3726
    7.5000   30.0000   45.0000 2605.7734   10.6241
   -7.5000   37.5000   45.0000 2581.3772   10.6581
    0.0000   37.5000   45.0000 2590.3833   10.5793
    7.5000   37.5000   45.0000 2574.6819   10.8058
   -7.5000   45.0000   45.0000 2528.5317   11.0227
    0.0000   45.0000   45.0000 2535.7146   10.9535
    7.5000   45.0000   45.0000 2516.2625   11.1920
   -7.5000   52.5000   45.0000 2428.3049   11.5271
    0.0000   52.5000   45.0000 2432.4646   11.4417
    7.5000   52.5000   45.0000 2408.8208   11.6737
   -7.5000   60.0000   45.0000 2276.4175   12.1535
    0.0000   60.0000   45.0000 2278.5706   12.0606
    7.5000   60.0000   45.0000 2256.8296   12.2891
   -7.5000   67.5000   45.0000 2089.5610   12.8436
    0.0000   67.5000   45.0000 2096.6167   12.7439
    7.5000   67.5000   45.0000 2079.6133   12.9744

---------------------------------------------------------------------
imgreg_4dfp /opt/freesurfer/average/711-2C_as_mni_average_305 /opt/freesurfer/average/711-2B_as_mni_average_305_mask talsrcimg_g11 none talsrcimg_to_711-2C_as_mni_average_305_t4 1283
---------------------------------------------------------------------

freesurfer imgreg_4dfp.c
/opt/freesurfer/average/711-2C_as_mni_average_305.4dfp.img
       256       256       256         1
  1.000000  1.000000  1.000000
orientation T byte_order littleendian
Reading image: /opt/freesurfer/average/711-2C_as_mni_average_305.4dfp.img
dimensions:      256       256       256
mmppix:       1.0000   -1.0000   -1.0000
center:     128.0000 -129.0000 -129.0000
/opt/freesurfer/average/711-2B_as_mni_average_305_mask.4dfp.img
       256       256       256         1
  1.000000  1.000000  1.000000
orientation T byte_order littleendian
Reading mask: /opt/freesurfer/average/711-2B_as_mni_average_305_mask.4dfp.img (2306576 pixels)
talsrcimg_g11.4dfp.img
       256       256       256         1
  1.000000  1.000000  1.000000
orientation T byte_order littleendian
Reading image: talsrcimg_g11.4dfp.img
dimensions:      256       256       256
mmppix:       1.0000   -1.0000   -1.0000
center:     128.0000 -129.0000 -129.0000
rotation matrix determinant  1.000000
fimgreg.f
image alignment mode   1283 decimal      503 hex
parameters
    0.0000   30.0000    7.5000    0.0000    0.0000    0.0000
eta,q 0.94441  8.36401
niter,ni,del,rscale     5    3   12.0000    1.2000
parameter  3  0.570759 ->  0.500000 qaram    1.1500
parameter  4  0.980284 ->  0.500000 qaram    1.1500
parameter  6  1.317963 ->  0.500000 qaram    1.1500
parameters
   -0.6179   28.3490    4.0500   -3.4500    1.5577   -3.4500
eta,q 0.95608  8.32954
  0.0630  0.0584  0.0538  0.0490  0.0563  0.0432
  0.0582  0.0551  0.0521  0.0487  0.0530  0.0436
  0.0550  0.0538  0.0520  0.0494  0.0502  0.0453
  0.0551  0.0546  0.0536  0.0521  0.0487  0.0484
  0.0571  0.0572  0.0569  0.0557  0.0484  0.0523
  0.0609  0.0613  0.0602  0.0593  0.0493  0.0564
  0.0669  0.0662  0.0630  0.0627  0.0512  0.0605
niter,ni,del,rscale     7    3   12.0000    1.2000
parameters
   -1.2282   29.0270    4.3402   -5.9274    2.4000   -6.3948
eta,q 0.95912  8.42449
  0.0554  0.0579  0.0538  0.0460  0.0511  0.0440
  0.0480  0.0518  0.0485  0.0443  0.0478  0.0416
  0.0440  0.0464  0.0448  0.0428  0.0450  0.0409
  0.0439  0.0435  0.0436  0.0436  0.0429  0.0426
  0.0474  0.0448  0.0446  0.0468  0.0428  0.0459
  0.0530  0.0478  0.0479  0.0509  0.0447  0.0500
  0.0592  0.0530  0.0518  0.0551  0.0481  0.0547
niter,ni,del,rscale     6    3   12.0000    1.2000
parameters
   -1.8023   30.0911    4.3581   -7.1984    2.7769   -6.6792
eta,q 0.95979  8.43706
  0.0538  0.0559  0.0504  0.0450  0.0498  0.0468
  0.0460  0.0496  0.0444  0.0430  0.0458  0.0440
  0.0413  0.0443  0.0407  0.0412  0.0422  0.0416
  0.0409  0.0405  0.0400  0.0400  0.0402  0.0401
  0.0448  0.0405  0.0417  0.0422  0.0409  0.0411
  0.0509  0.0435  0.0449  0.0461  0.0439  0.0444
  0.0581  0.0487  0.0495  0.0513  0.0481  0.0486
niter,ni,del,rscale     5    3   12.0000    1.2000
parameters
   -1.8727   30.5239    4.0813   -7.7594    2.8444   -6.7384
eta,q 0.95994  8.44142
  0.0557  0.0524  0.0500  0.0462  0.0489  0.0470
  0.0471  0.0469  0.0437  0.0432  0.0448  0.0440
  0.0417  0.0430  0.0404  0.0416  0.0414  0.0415
  0.0402  0.0402  0.0399  0.0398  0.0400  0.0400
  0.0429  0.0402  0.0421  0.0410  0.0412  0.0408
  0.0484  0.0439  0.0457  0.0445  0.0444  0.0438
  0.0556  0.0504  0.0507  0.0492  0.0486  0.0478
niter,ni,del,rscale     4    3   12.0000    1.2000
parameters
   -1.8410   30.6544    3.9082   -7.9472    2.8259   -6.7640
eta,q 0.95999  8.44212
  0.0558  0.0509  0.0508  0.0470  0.0486  0.0470
  0.0472  0.0460  0.0443  0.0435  0.0445  0.0440
  0.0418  0.0427  0.0406  0.0418  0.0412  0.0414
  0.0401  0.0401  0.0399  0.0399  0.0400  0.0400
  0.0424  0.0402  0.0421  0.0406  0.0413  0.0407
  0.0477  0.0445  0.0460  0.0440  0.0445  0.0436
  0.0548  0.0513  0.0508  0.0484  0.0487  0.0476
niter,ni,del,rscale     3    3   12.0000    1.2000
parameters
   -1.8096   30.6981    3.8427   -8.0088    2.8055   -6.7754
eta,q 0.96000  8.44259
  0.0556  0.0505  0.0513  0.0473  0.0485  0.0470
  0.0471  0.0458  0.0447  0.0437  0.0444  0.0440
  0.0417  0.0427  0.0408  0.0418  0.0412  0.0414
  0.0400  0.0400  0.0400  0.0400  0.0400  0.0400
  0.0423  0.0402  0.0421  0.0405  0.0412  0.0407
  0.0476  0.0447  0.0459  0.0438  0.0445  0.0436
  0.0546  0.0516  0.0507  0.0481  0.0486  0.0475
registration optimization eta report
parameter search radius
    6.0000    6.0000    6.9000    6.9000    6.0000    6.9000
100000*second partial in parameter space
       41.       30.       23.       16.       23.       15.
  0.0556  0.0505  0.0513  0.0473  0.0485  0.0470
  0.0471  0.0458  0.0447  0.0437  0.0444  0.0440
  0.0417  0.0427  0.0408  0.0418  0.0412  0.0414
  0.0400  0.0400  0.0400  0.0400  0.0400  0.0400
  0.0423  0.0402  0.0421  0.0405  0.0412  0.0407
  0.0476  0.0447  0.0459  0.0438  0.0445  0.0436
  0.0546  0.0516  0.0507  0.0481  0.0486  0.0475
   -1.8096   30.6981    3.8427   -8.0088    2.8055   -6.7754
eta,q 0.96000  8.44259

---------------------------------------------------------------------
imgreg_4dfp /opt/freesurfer/average/711-2C_as_mni_average_305 /opt/freesurfer/average/711-2B_as_mni_average_305_mask talsrcimg_g11 none talsrcimg_to_711-2C_as_mni_average_305_t4 3335
---------------------------------------------------------------------

freesurfer imgreg_4dfp.c
/opt/freesurfer/average/711-2C_as_mni_average_305.4dfp.img
       256       256       256         1
  1.000000  1.000000  1.000000
orientation T byte_order littleendian
Reading image: /opt/freesurfer/average/711-2C_as_mni_average_305.4dfp.img
dimensions:      256       256       256
mmppix:       1.0000   -1.0000   -1.0000
center:     128.0000 -129.0000 -129.0000
/opt/freesurfer/average/711-2B_as_mni_average_305_mask.4dfp.img
       256       256       256         1
  1.000000  1.000000  1.000000
orientation T byte_order littleendian
Reading mask: /opt/freesurfer/average/711-2B_as_mni_average_305_mask.4dfp.img (2306576 pixels)
talsrcimg_g11.4dfp.img
       256       256       256         1
  1.000000  1.000000  1.000000
orientation T byte_order littleendian
Reading image: talsrcimg_g11.4dfp.img
dimensions:      256       256       256
mmppix:       1.0000   -1.0000   -1.0000
center:     128.0000 -129.0000 -129.0000
fimgreg.f
image alignment mode   3335 decimal      D07 hex
parameters
   -1.8096   30.6981    3.8427   -0.8174   -1.7473   -1.0940
   12.3599   -3.1692  -11.7836   14.4070    4.8945  -13.9157
eta,q 0.95979  8.42997
niter,ni,del,rscale     5    3    5.0000    1.2000
parameter  5  2.711183 ->  0.500000 qaram    1.1500
parameter  6  0.565883 ->  0.500000 qaram    1.1500
parameters
   -1.8582   31.3191    4.5998   -4.2697   -5.8873   -5.2340
   11.8630   -3.1533  -10.3232   11.8993    2.4781  -17.1680
eta,q 0.96633  7.97011
  0.0429  0.0433  0.0424  0.0397  0.0323  0.0344  0.0361  0.0381  0.0371  0.0353  0.0342  0.0340
  0.0414  0.0419  0.0413  0.0395  0.0344  0.0344  0.0351  0.0362  0.0358  0.0343  0.0340  0.0337
  0.0405  0.0409  0.0405  0.0396  0.0367  0.0346  0.0346  0.0349  0.0349  0.0340  0.0339  0.0337
  0.0402  0.0402  0.0400  0.0399  0.0395  0.0351  0.0344  0.0344  0.0344  0.0344  0.0340  0.0339
  0.0406  0.0400  0.0399  0.0408  0.0430  0.0362  0.0347  0.0349  0.0344  0.0354  0.0342  0.0343
  0.0416  0.0404  0.0400  0.0428  0.0465  0.0383  0.0355  0.0361  0.0348  0.0373  0.0347  0.0349
  0.0432  0.0413  0.0406  0.0457  0.0502  0.0417  0.0367  0.0381  0.0356  0.0397  0.0353  0.0357
niter,ni,del,rscale     6    3    5.0000    1.2000
parameter  5  1.388128 ->  0.500000 qaram    1.3225
parameters
   -1.9737   30.8629    4.3479   -4.9344  -10.6483   -6.8801
   11.3754   -3.4072  -10.4403   11.9756    2.0767  -18.7820
eta,q 0.97046  7.67085
  0.0361  0.0350  0.0346  0.0348  0.0285  0.0312  0.0316  0.0332  0.0317  0.0330  0.0303  0.0303
  0.0347  0.0340  0.0340  0.0340  0.0295  0.0302  0.0305  0.0313  0.0305  0.0312  0.0299  0.0297
  0.0339  0.0336  0.0336  0.0336  0.0312  0.0297  0.0298  0.0300  0.0299  0.0301  0.0297  0.0295
  0.0337  0.0337  0.0336  0.0335  0.0335  0.0299  0.0297  0.0297  0.0297  0.0297  0.0297  0.0296
  0.0340  0.0342  0.0338  0.0338  0.0362  0.0305  0.0300  0.0302  0.0299  0.0301  0.0298  0.0300
  0.0350  0.0352  0.0343  0.0343  0.0397  0.0313  0.0309  0.0317  0.0306  0.0312  0.0300  0.0305
  0.0366  0.0366  0.0351  0.0354  0.0439  0.0328  0.0322  0.0337  0.0318  0.0328  0.0305  0.0312
niter,ni,del,rscale     6    3    5.0000    1.2000
parameter  5  0.705683 ->  0.500000 qaram    1.5209
parameters
   -1.9955   30.8685    4.1643   -4.5971  -16.1234   -6.6488
   11.4244   -3.4478  -10.9225   12.3933    1.9532  -20.9469
eta,q 0.97243  7.46713
  0.0322  0.0321  0.0307  0.0311  0.0282  0.0303  0.0300  0.0314  0.0295  0.0312  0.0284  0.0282
  0.0307  0.0307  0.0300  0.0302  0.0276  0.0289  0.0288  0.0295  0.0285  0.0293  0.0280  0.0277
  0.0298  0.0299  0.0296  0.0297  0.0282  0.0280  0.0280  0.0281  0.0278  0.0281  0.0278  0.0276
  0.0295  0.0295  0.0295  0.0295  0.0295  0.0277  0.0277  0.0277  0.0277  0.0277  0.0277  0.0277
  0.0299  0.0298  0.0298  0.0297  0.0319  0.0282  0.0279  0.0282  0.0280  0.0281  0.0278  0.0281
  0.0308  0.0307  0.0303  0.0300  0.0347  0.0289  0.0288  0.0295  0.0288  0.0289  0.0281  0.0287
  0.0323  0.0321  0.0311  0.0308  0.0384  0.0299  0.0300  0.0315  0.0300  0.0303  0.0285  0.0294
niter,ni,del,rscale     6    3    5.0000    1.2000
parameters
   -1.9472   31.0904    4.1395   -4.0332  -17.7146   -6.4639
   11.6049   -3.3854  -11.2292   12.9858    1.8603  -21.3587
eta,q 0.97250  7.44197
  0.0304  0.0304  0.0288  0.0292  0.0311  0.0302  0.0299  0.0312  0.0294  0.0311  0.0283  0.0286
  0.0289  0.0290  0.0281  0.0283  0.0292  0.0288  0.0287  0.0293  0.0283  0.0292  0.0278  0.0279
  0.0279  0.0280  0.0277  0.0277  0.0279  0.0278  0.0279  0.0279  0.0277  0.0280  0.0276  0.0276
  0.0276  0.0276  0.0275  0.0275  0.0276  0.0275  0.0275  0.0275  0.0275  0.0275  0.0275  0.0275
  0.0279  0.0277  0.0277  0.0277  0.0286  0.0280  0.0277  0.0280  0.0278  0.0278  0.0276  0.0277
  0.0287  0.0283  0.0282  0.0279  0.0310  0.0288  0.0285  0.0292  0.0286  0.0287  0.0279  0.0282
  0.0302  0.0296  0.0289  0.0288  0.0342  0.0298  0.0297  0.0311  0.0297  0.0299  0.0283  0.0288
niter,ni,del,rscale     5    3    5.0000    1.2000
parameters
   -1.9130   31.2276    4.1464   -3.9709  -18.0430   -6.3689
   11.6763   -3.3209  -11.3318   13.2578    1.8646  -21.5433
eta,q 0.97248  7.44042
  0.0302  0.0302  0.0288  0.0289  0.0319  0.0301  0.0298  0.0312  0.0295  0.0307  0.0283  0.0287
  0.0287  0.0288  0.0281  0.0281  0.0299  0.0287  0.0286  0.0293  0.0284  0.0290  0.0279  0.0280
  0.0278  0.0279  0.0276  0.0276  0.0283  0.0277  0.0278  0.0279  0.0277  0.0279  0.0276  0.0276
  0.0275  0.0275  0.0275  0.0275  0.0275  0.0275  0.0275  0.0275  0.0275  0.0275  0.0275  0.0275
  0.0278  0.0277  0.0276  0.0276  0.0280  0.0280  0.0277  0.0280  0.0278  0.0279  0.0276  0.0277
  0.0287  0.0284  0.0280  0.0279  0.0299  0.0287  0.0285  0.0292  0.0285  0.0289  0.0279  0.0281
  0.0301  0.0297  0.0287  0.0289  0.0329  0.0298  0.0298  0.0310  0.0296  0.0301  0.0283  0.0287
niter,ni,del,rscale     4    3    5.0000    1.2000
parameters
   -1.9031   31.2829    4.1475   -3.9632  -18.1452   -6.3374
   11.7038   -3.2928  -11.3778   13.3737    1.8463  -21.6225
eta,q 0.97247  7.44017
  0.0302  0.0300  0.0288  0.0289  0.0320  0.0300  0.0298  0.0311  0.0295  0.0306  0.0283  0.0287
  0.0287  0.0287  0.0281  0.0281  0.0300  0.0286  0.0286  0.0292  0.0284  0.0289  0.0279  0.0280
  0.0278  0.0278  0.0277  0.0276  0.0284  0.0277  0.0278  0.0279  0.0277  0.0278  0.0276  0.0276
  0.0275  0.0275  0.0275  0.0275  0.0275  0.0275  0.0275  0.0275  0.0275  0.0275  0.0275  0.0275
  0.0278  0.0278  0.0277  0.0276  0.0279  0.0280  0.0278  0.0280  0.0278  0.0280  0.0276  0.0277
  0.0287  0.0285  0.0281  0.0280  0.0297  0.0287  0.0286  0.0292  0.0285  0.0290  0.0279  0.0281
  0.0301  0.0298  0.0288  0.0290  0.0327  0.0298  0.0298  0.0310  0.0295  0.0302  0.0283  0.0287
niter,ni,del,rscale     3    3    5.0000    1.2000
parameters
   -1.8984   31.3075    4.1427   -3.9679  -18.1855   -6.3322
   11.7103   -3.2763  -11.3936   13.4271    1.8380  -21.6558
eta,q 0.97246  7.43957
  0.0302  0.0299  0.0288  0.0289  0.0321  0.0300  0.0298  0.0311  0.0295  0.0305  0.0283  0.0288
  0.0287  0.0287  0.0281  0.0281  0.0301  0.0286  0.0286  0.0292  0.0284  0.0288  0.0279  0.0280
  0.0278  0.0278  0.0277  0.0276  0.0285  0.0277  0.0278  0.0279  0.0278  0.0278  0.0276  0.0276
  0.0275  0.0275  0.0275  0.0275  0.0275  0.0275  0.0275  0.0275  0.0275  0.0275  0.0275  0.0275
  0.0278  0.0278  0.0277  0.0277  0.0279  0.0280  0.0278  0.0280  0.0278  0.0280  0.0276  0.0277
  0.0287  0.0286  0.0281  0.0280  0.0297  0.0287  0.0286  0.0292  0.0285  0.0290  0.0279  0.0281
  0.0301  0.0299  0.0288  0.0290  0.0326  0.0298  0.0298  0.0310  0.0295  0.0302  0.0283  0.0287
niter,ni,del,rscale     2    3    5.0000    1.2000
parameters
   -1.8973   31.3184    4.1368   -3.9705  -18.2030   -6.3348
   11.7133   -3.2707  -11.3948   13.4490    1.8346  -21.6730
eta,q 0.97246  7.43908
  0.0302  0.0299  0.0288  0.0289  0.0321  0.0300  0.0298  0.0311  0.0295  0.0305  0.0283  0.0288
  0.0287  0.0286  0.0281  0.0281  0.0301  0.0286  0.0286  0.0292  0.0285  0.0288  0.0279  0.0280
  0.0278  0.0278  0.0277  0.0276  0.0285  0.0277  0.0278  0.0279  0.0278  0.0278  0.0276  0.0276
  0.0275  0.0275  0.0275  0.0275  0.0275  0.0275  0.0275  0.0275  0.0275  0.0275  0.0275  0.0275
  0.0278  0.0278  0.0277  0.0277  0.0279  0.0280  0.0278  0.0280  0.0278  0.0280  0.0276  0.0277
  0.0287  0.0286  0.0281  0.0280  0.0297  0.0287  0.0286  0.0292  0.0285  0.0290  0.0279  0.0281
  0.0302  0.0299  0.0288  0.0290  0.0326  0.0298  0.0298  0.0311  0.0295  0.0302  0.0283  0.0287
registration optimization eta report
parameter search radius
    2.4000    2.4000    2.4000    7.2000   10.9503    8.2800
    7.2000    7.2000    7.2000    7.2000    7.2000    7.2000
100000*second partial in parameter space
       46.       41.       21.        3.        4.        3.
        4.        7.        4.        5.        2.        2.
  0.0302  0.0299  0.0288  0.0289  0.0321  0.0300  0.0298  0.0311  0.0295  0.0305  0.0283  0.0288
  0.0287  0.0286  0.0281  0.0281  0.0301  0.0286  0.0286  0.0292  0.0285  0.0288  0.0279  0.0280
  0.0278  0.0278  0.0277  0.0276  0.0285  0.0277  0.0278  0.0279  0.0278  0.0278  0.0276  0.0276
  0.0275  0.0275  0.0275  0.0275  0.0275  0.0275  0.0275  0.0275  0.0275  0.0275  0.0275  0.0275
  0.0278  0.0278  0.0277  0.0277  0.0279  0.0280  0.0278  0.0280  0.0278  0.0280  0.0276  0.0277
  0.0287  0.0286  0.0281  0.0280  0.0297  0.0287  0.0286  0.0292  0.0285  0.0290  0.0279  0.0281
  0.0302  0.0299  0.0288  0.0290  0.0326  0.0298  0.0298  0.0311  0.0295  0.0302  0.0283  0.0287
   -1.8973   31.3184    4.1368   -3.9705  -18.2030   -6.3348
   11.7133   -3.2707  -11.3948   13.4490    1.8346  -21.6730
eta,q 0.97246  7.43908

---------------------------------------------------------------------
imgreg_4dfp /opt/freesurfer/average/711-2C_as_mni_average_305 /opt/freesurfer/average/711-2B_as_mni_average_305_mask talsrcimg_g11 none talsrcimg_to_711-2C_as_mni_average_305_t4 2311
---------------------------------------------------------------------

freesurfer imgreg_4dfp.c
/opt/freesurfer/average/711-2C_as_mni_average_305.4dfp.img
       256       256       256         1
  1.000000  1.000000  1.000000
orientation T byte_order littleendian
Reading image: /opt/freesurfer/average/711-2C_as_mni_average_305.4dfp.img
dimensions:      256       256       256
mmppix:       1.0000   -1.0000   -1.0000
center:     128.0000 -129.0000 -129.0000
/opt/freesurfer/average/711-2B_as_mni_average_305_mask.4dfp.img
       256       256       256         1
  1.000000  1.000000  1.000000
orientation T byte_order littleendian
Reading mask: /opt/freesurfer/average/711-2B_as_mni_average_305_mask.4dfp.img (2306576 pixels)
talsrcimg_g11.4dfp.img
       256       256       256         1
  1.000000  1.000000  1.000000
orientation T byte_order littleendian
Reading image: talsrcimg_g11.4dfp.img
dimensions:      256       256       256
mmppix:       1.0000   -1.0000   -1.0000
center:     128.0000 -129.0000 -129.0000
fimgreg.f
image alignment mode   2311 decimal      907 hex
parameters
   -1.8973   31.3184    4.1368   -3.9705  -18.2030   -6.3348
   11.7133   -3.2707  -11.3948   13.4490    1.8346  -21.6730
eta,q 0.97246  7.43908
niter,ni,del,rscale     5    3    5.0000    0.8000
parameters
   -1.9023   31.3217    4.1236   -3.8474  -17.4114   -6.7738
   11.6997   -3.3252  -11.3419   13.0957    1.9226  -21.6325
eta,q 0.97253  7.45676
  0.0287  0.0286  0.0281  0.0281  0.0290  0.0283  0.0286  0.0292  0.0285  0.0287  0.0278  0.0280
  0.0281  0.0280  0.0278  0.0277  0.0283  0.0278  0.0280  0.0282  0.0279  0.0280  0.0276  0.0277
  0.0277  0.0277  0.0276  0.0276  0.0278  0.0275  0.0276  0.0276  0.0276  0.0275  0.0275  0.0275
  0.0275  0.0275  0.0275  0.0275  0.0275  0.0275  0.0275  0.0275  0.0275  0.0275  0.0275  0.0275
  0.0277  0.0277  0.0276  0.0276  0.0275  0.0277  0.0276  0.0277  0.0276  0.0278  0.0275  0.0275
  0.0281  0.0280  0.0278  0.0277  0.0278  0.0281  0.0280  0.0283  0.0279  0.0283  0.0276  0.0277
  0.0287  0.0286  0.0281  0.0280  0.0283  0.0285  0.0286  0.0292  0.0284  0.0290  0.0278  0.0280
niter,ni,del,rscale     4    3    5.0000    0.7000
parameters
   -1.8982   31.2721    4.0097   -3.9365  -17.3014   -7.0521
   11.7130   -3.3555  -11.3333   12.9834    1.8864  -21.6828
eta,q 0.97255  7.44575
  0.0284  0.0283  0.0278  0.0278  0.0284  0.0282  0.0283  0.0288  0.0282  0.0285  0.0277  0.0279
  0.0279  0.0278  0.0276  0.0276  0.0279  0.0277  0.0278  0.0280  0.0278  0.0279  0.0276  0.0276
  0.0276  0.0275  0.0275  0.0275  0.0276  0.0275  0.0276  0.0276  0.0275  0.0275  0.0275  0.0275
  0.0275  0.0275  0.0275  0.0275  0.0275  0.0275  0.0275  0.0275  0.0274  0.0274  0.0275  0.0274
  0.0276  0.0276  0.0275  0.0275  0.0276  0.0276  0.0275  0.0276  0.0275  0.0276  0.0275  0.0275
  0.0279  0.0279  0.0277  0.0276  0.0278  0.0279  0.0278  0.0281  0.0278  0.0280  0.0276  0.0276
  0.0284  0.0284  0.0280  0.0278  0.0283  0.0283  0.0283  0.0288  0.0282  0.0286  0.0277  0.0279
niter,ni,del,rscale     3    3    5.0000    0.6000
parameters
   -1.9031   31.2639    3.9228   -4.0749  -17.2674   -7.2407
   11.7376   -3.3667  -11.3381   12.9408    1.8239  -21.7730
eta,q 0.97256  7.43435
  0.0281  0.0281  0.0277  0.0277  0.0281  0.0280  0.0281  0.0284  0.0280  0.0283  0.0276  0.0277
  0.0277  0.0277  0.0276  0.0275  0.0278  0.0277  0.0277  0.0279  0.0277  0.0278  0.0275  0.0276
  0.0275  0.0275  0.0275  0.0274  0.0275  0.0275  0.0275  0.0275  0.0275  0.0275  0.0275  0.0275
  0.0274  0.0274  0.0275  0.0274  0.0274  0.0274  0.0274  0.0274  0.0274  0.0274  0.0274  0.0274
  0.0275  0.0275  0.0275  0.0275  0.0275  0.0276  0.0275  0.0276  0.0275  0.0276  0.0275  0.0275
  0.0278  0.0277  0.0276  0.0276  0.0278  0.0278  0.0277  0.0279  0.0277  0.0278  0.0275  0.0276
  0.0281  0.0281  0.0278  0.0277  0.0281  0.0281  0.0281  0.0284  0.0280  0.0283  0.0276  0.0278
niter,ni,del,rscale     2    3    5.0000    0.5000
parameters
   -1.9123   31.2632    3.8454   -4.2387  -17.2661   -7.3761
   11.7874   -3.3794  -11.3362   12.9296    1.7124  -21.8728
eta,q 0.97257  7.42295
  0.0279  0.0279  0.0276  0.0276  0.0279  0.0278  0.0279  0.0281  0.0278  0.0280  0.0275  0.0276
  0.0276  0.0276  0.0275  0.0275  0.0276  0.0276  0.0276  0.0277  0.0276  0.0277  0.0275  0.0275
  0.0275  0.0275  0.0274  0.0274  0.0275  0.0275  0.0275  0.0275  0.0275  0.0275  0.0274  0.0274
  0.0274  0.0274  0.0274  0.0274  0.0274  0.0274  0.0274  0.0274  0.0274  0.0274  0.0274  0.0274
  0.0275  0.0275  0.0275  0.0275  0.0275  0.0275  0.0275  0.0275  0.0275  0.0275  0.0274  0.0275
  0.0277  0.0276  0.0276  0.0275  0.0277  0.0277  0.0276  0.0278  0.0276  0.0277  0.0275  0.0275
  0.0279  0.0279  0.0277  0.0276  0.0279  0.0279  0.0279  0.0281  0.0278  0.0280  0.0276  0.0276
niter,ni,del,rscale     1    3    5.0000    0.4000
parameters
   -1.9241   31.2701    3.7798   -4.4286  -17.2941   -7.4779
   11.8159   -3.3879  -11.3531   12.9351    1.5586  -21.9573
eta,q 0.97258  7.41053
  0.0277  0.0277  0.0275  0.0275  0.0277  0.0277  0.0277  0.0279  0.0277  0.0278  0.0275  0.0275
  0.0276  0.0276  0.0275  0.0275  0.0276  0.0275  0.0276  0.0276  0.0275  0.0276  0.0275  0.0275
  0.0275  0.0275  0.0274  0.0274  0.0275  0.0275  0.0275  0.0275  0.0274  0.0275  0.0274  0.0274
  0.0274  0.0274  0.0274  0.0274  0.0274  0.0274  0.0274  0.0274  0.0274  0.0274  0.0274  0.0274
  0.0275  0.0275  0.0275  0.0275  0.0275  0.0275  0.0274  0.0275  0.0274  0.0275  0.0274  0.0274
  0.0276  0.0276  0.0275  0.0275  0.0276  0.0276  0.0275  0.0276  0.0275  0.0276  0.0275  0.0275
  0.0277  0.0277  0.0276  0.0276  0.0277  0.0278  0.0277  0.0279  0.0277  0.0278  0.0275  0.0276
registration optimization eta report
parameter search radius
    0.8000    0.8000    0.8000    2.4000    2.4000    2.4000
    2.4000    2.4000    2.4000    2.4000    2.4000    2.4000
100000*second partial in parameter space
       48.       43.       22.        2.        5.        5.
        5.        8.        4.        7.        1.        2.
  0.0277  0.0277  0.0275  0.0275  0.0277  0.0277  0.0277  0.0279  0.0277  0.0278  0.0275  0.0275
  0.0276  0.0276  0.0275  0.0275  0.0276  0.0275  0.0276  0.0276  0.0275  0.0276  0.0275  0.0275
  0.0275  0.0275  0.0274  0.0274  0.0275  0.0275  0.0275  0.0275  0.0274  0.0275  0.0274  0.0274
  0.0274  0.0274  0.0274  0.0274  0.0274  0.0274  0.0274  0.0274  0.0274  0.0274  0.0274  0.0274
  0.0275  0.0275  0.0275  0.0275  0.0275  0.0275  0.0274  0.0275  0.0274  0.0275  0.0274  0.0274
  0.0276  0.0276  0.0275  0.0275  0.0276  0.0276  0.0275  0.0276  0.0275  0.0276  0.0275  0.0275
  0.0277  0.0277  0.0276  0.0276  0.0277  0.0278  0.0277  0.0279  0.0277  0.0278  0.0275  0.0276
   -1.9241   31.2701    3.7798   -4.4286  -17.2941   -7.4779
   11.8159   -3.3879  -11.3531   12.9351    1.5586  -21.9573
eta,q 0.97258  7.41053

---------------------------------------------------------------------
imgreg_4dfp /opt/freesurfer/average/711-2C_as_mni_average_305 /opt/freesurfer/average/711-2B_as_mni_average_305_mask talsrcimg_g11 none talsrcimg_to_711-2C_as_mni_average_305_t4 2311
---------------------------------------------------------------------

freesurfer imgreg_4dfp.c
/opt/freesurfer/average/711-2C_as_mni_average_305.4dfp.img
       256       256       256         1
  1.000000  1.000000  1.000000
orientation T byte_order littleendian
Reading image: /opt/freesurfer/average/711-2C_as_mni_average_305.4dfp.img
dimensions:      256       256       256
mmppix:       1.0000   -1.0000   -1.0000
center:     128.0000 -129.0000 -129.0000
/opt/freesurfer/average/711-2B_as_mni_average_305_mask.4dfp.img
       256       256       256         1
  1.000000  1.000000  1.000000
orientation T byte_order littleendian
Reading mask: /opt/freesurfer/average/711-2B_as_mni_average_305_mask.4dfp.img (2306576 pixels)
talsrcimg_g11.4dfp.img
       256       256       256         1
  1.000000  1.000000  1.000000
orientation T byte_order littleendian
Reading image: talsrcimg_g11.4dfp.img
dimensions:      256       256       256
mmppix:       1.0000   -1.0000   -1.0000
center:     128.0000 -129.0000 -129.0000
fimgreg.f
image alignment mode   2311 decimal      907 hex
parameters
   -1.9241   31.2701    3.7798   -4.4286  -17.2941   -7.4779
   11.8159   -3.3879  -11.3531   12.9351    1.5586  -21.9573
eta,q 0.97258  7.41054
niter,ni,del,rscale     5    3    5.0000    0.8000
parameters
   -1.9267   31.2605    3.7475   -3.9928  -17.3159   -7.3490
   11.7349   -3.3244  -11.2672   13.1015    1.6998  -21.8946
eta,q 0.97256  7.43302
  0.0286  0.0285  0.0280  0.0281  0.0286  0.0286  0.0285  0.0292  0.0284  0.0290  0.0278  0.0280
  0.0280  0.0279  0.0277  0.0277  0.0280  0.0280  0.0279  0.0282  0.0279  0.0281  0.0276  0.0277
  0.0276  0.0276  0.0275  0.0275  0.0276  0.0276  0.0276  0.0276  0.0275  0.0276  0.0275  0.0275
  0.0274  0.0274  0.0274  0.0274  0.0274  0.0274  0.0274  0.0274  0.0274  0.0274  0.0274  0.0274
  0.0276  0.0275  0.0275  0.0275  0.0276  0.0276  0.0276  0.0276  0.0275  0.0276  0.0275  0.0275
  0.0280  0.0279  0.0277  0.0276  0.0280  0.0279  0.0280  0.0282  0.0278  0.0281  0.0276  0.0277
  0.0286  0.0285  0.0280  0.0278  0.0286  0.0284  0.0286  0.0291  0.0283  0.0287  0.0278  0.0280
niter,ni,del,rscale     4    3    5.0000    0.7000
parameters
   -1.8944   31.2889    3.7956   -4.0445  -17.3031   -7.3392
   11.7287   -3.3251  -11.3106   13.0738    1.7068  -21.9155
eta,q 0.97256  7.43233
  0.0284  0.0283  0.0279  0.0278  0.0283  0.0283  0.0283  0.0288  0.0282  0.0285  0.0277  0.0279
  0.0279  0.0278  0.0277  0.0276  0.0279  0.0278  0.0278  0.0280  0.0277  0.0279  0.0275  0.0276
  0.0276  0.0275  0.0275  0.0274  0.0275  0.0275  0.0275  0.0276  0.0275  0.0275  0.0275  0.0275
  0.0274  0.0274  0.0274  0.0274  0.0274  0.0274  0.0274  0.0274  0.0274  0.0274  0.0274  0.0274
  0.0275  0.0275  0.0275  0.0275  0.0276  0.0276  0.0275  0.0276  0.0275  0.0276  0.0275  0.0275
  0.0278  0.0278  0.0276  0.0276  0.0278  0.0279  0.0278  0.0281  0.0278  0.0280  0.0275  0.0276
  0.0283  0.0283  0.0278  0.0278  0.0283  0.0282  0.0283  0.0288  0.0282  0.0285  0.0277  0.0279
niter,ni,del,rscale     3    3    5.0000    0.6000
parameters
   -1.8977   31.2867    3.7948   -4.1338  -17.2981   -7.3959
   11.7625   -3.3412  -11.3248   13.0261    1.6925  -21.9155
eta,q 0.97257  7.42642
  0.0281  0.0281  0.0278  0.0277  0.0281  0.0281  0.0281  0.0284  0.0280  0.0282  0.0276  0.0277
  0.0277  0.0277  0.0276  0.0275  0.0277  0.0277  0.0277  0.0279  0.0277  0.0278  0.0275  0.0276
  0.0275  0.0275  0.0275  0.0274  0.0275  0.0275  0.0275  0.0275  0.0275  0.0275  0.0274  0.0275
  0.0274  0.0274  0.0274  0.0274  0.0274  0.0274  0.0274  0.0274  0.0274  0.0274  0.0274  0.0274
  0.0275  0.0275  0.0275  0.0275  0.0275  0.0275  0.0275  0.0276  0.0275  0.0276  0.0275  0.0275
  0.0277  0.0277  0.0276  0.0276  0.0277  0.0278  0.0277  0.0279  0.0277  0.0278  0.0275  0.0276
  0.0281  0.0281  0.0278  0.0277  0.0281  0.0281  0.0281  0.0284  0.0280  0.0283  0.0276  0.0277
niter,ni,del,rscale     2    3    5.0000    0.5000
parameters
   -1.9109   31.2831    3.7728   -4.2865  -17.2980   -7.4528
   11.7961   -3.3601  -11.3333   12.9879    1.6249  -21.9445
eta,q 0.97257  7.41773
  0.0279  0.0279  0.0276  0.0276  0.0279  0.0279  0.0279  0.0281  0.0278  0.0280  0.0276  0.0276
  0.0276  0.0276  0.0275  0.0275  0.0276  0.0276  0.0276  0.0277  0.0276  0.0277  0.0275  0.0275
  0.0275  0.0275  0.0275  0.0274  0.0275  0.0275  0.0275  0.0275  0.0275  0.0275  0.0274  0.0274
  0.0274  0.0274  0.0274  0.0274  0.0274  0.0274  0.0274  0.0274  0.0274  0.0274  0.0274  0.0274
  0.0275  0.0275  0.0275  0.0275  0.0275  0.0275  0.0275  0.0275  0.0275  0.0275  0.0274  0.0275
  0.0277  0.0276  0.0275  0.0275  0.0276  0.0277  0.0276  0.0278  0.0276  0.0277  0.0275  0.0275
  0.0279  0.0279  0.0277  0.0276  0.0279  0.0279  0.0279  0.0281  0.0278  0.0280  0.0276  0.0276
niter,ni,del,rscale     1    3    5.0000    0.4000
parameters
   -1.9226   31.2852    3.7370   -4.4651  -17.3086   -7.5249
   11.8366   -3.3772  -11.3434   12.9744    1.4881  -22.0181
eta,q 0.97258  7.40738
  0.0277  0.0277  0.0276  0.0275  0.0277  0.0277  0.0277  0.0279  0.0277  0.0278  0.0275  0.0275
  0.0276  0.0275  0.0275  0.0275  0.0276  0.0276  0.0276  0.0276  0.0275  0.0276  0.0274  0.0275
  0.0275  0.0275  0.0274  0.0274  0.0275  0.0275  0.0275  0.0275  0.0275  0.0275  0.0274  0.0274
  0.0274  0.0274  0.0274  0.0274  0.0274  0.0274  0.0274  0.0274  0.0274  0.0274  0.0274  0.0274
  0.0275  0.0275  0.0274  0.0275  0.0275  0.0275  0.0274  0.0275  0.0274  0.0275  0.0274  0.0274
  0.0276  0.0275  0.0275  0.0275  0.0276  0.0276  0.0275  0.0276  0.0275  0.0276  0.0275  0.0275
  0.0277  0.0277  0.0276  0.0276  0.0277  0.0277  0.0277  0.0279  0.0277  0.0278  0.0275  0.0276
registration optimization eta report
parameter search radius
    0.8000    0.8000    0.8000    2.4000    2.4000    2.4000
    2.4000    2.4000    2.4000    2.4000    2.4000    2.4000
100000*second partial in parameter space
       48.       44.       23.        2.        5.        5.
        5.        8.        4.        7.        1.        2.
  0.0277  0.0277  0.0276  0.0275  0.0277  0.0277  0.0277  0.0279  0.0277  0.0278  0.0275  0.0275
  0.0276  0.0275  0.0275  0.0275  0.0276  0.0276  0.0276  0.0276  0.0275  0.0276  0.0274  0.0275
  0.0275  0.0275  0.0274  0.0274  0.0275  0.0275  0.0275  0.0275  0.0275  0.0275  0.0274  0.0274
  0.0274  0.0274  0.0274  0.0274  0.0274  0.0274  0.0274  0.0274  0.0274  0.0274  0.0274  0.0274
  0.0275  0.0275  0.0274  0.0275  0.0275  0.0275  0.0274  0.0275  0.0274  0.0275  0.0274  0.0274
  0.0276  0.0275  0.0275  0.0275  0.0276  0.0276  0.0275  0.0276  0.0275  0.0276  0.0275  0.0275
  0.0277  0.0277  0.0276  0.0276  0.0277  0.0277  0.0277  0.0279  0.0277  0.0278  0.0275  0.0276
   -1.9226   31.2852    3.7370   -4.4651  -17.3086   -7.5249
   11.8366   -3.3772  -11.3434   12.9744    1.4881  -22.0181
eta,q 0.97258  7.40738

---------------------------------------------------------------------
compute_vox2vox talsrcimg talsrcimg_to_711-2C_as_mni_average_305_t4 /opt/freesurfer/average/711-2C_as_mni_average_305
---------------------------------------------------------------------

freesurfer compute_vox2vox.c
Reading: talsrcimg.4dfp.ifh
Reading: talsrcimg_to_711-2C_as_mni_average_305_t4
Reading: /opt/freesurfer/average/711-2C_as_mni_average_305.4dfp.ifh
Writing: talsrcimg_to_711-2C_as_mni_average_305_t4_vox2vox.txt

start time Tue Mar 10 12:31:12 CET 2026
end		time Tue Mar 10 12:32:40 CET 2026

mpr2mni305 success

avi2talxfm orig_nu.mgz /opt/freesurfer/average/mni305.cor.mgz talsrcimg_to_711-2C_as_mni_average_305_t4_vox2vox.txt transforms/talairach.auto.xfm
avi2talxfm done
mv -f /out/sourcedata/freesurfer/sub-v2s0x29046_ses-1/mri/talsrcimg_to_711-2C_as_mni_average_305_t4_vox2vox.txt /out/sourcedata/freesurfer/sub-v2s0x29046_ses-1/mri/transforms/talsrcimg_to_711-2C_as_mni_average_305_t4_vox2vox.txt
lta_convert --src orig_nu.mgz --trg /opt/freesurfer/average/mni305.cor.mgz --inxfm transforms/talairach.auto.xfm --outlta transforms/talairach.auto.xfm.lta --subject fsaverage
7.3.2

--src: orig_nu.mgz src image (geometry).
--trg: /opt/freesurfer/average/mni305.cor.mgz trg image (geometry).
--inmni: transforms/talairach.auto.xfm input MNI/XFM transform.
--outlta: transforms/talairach.auto.xfm.lta output LTA.
--s: fsaverage subject name
 LTA read, type : 1
 1.03013   0.05621  -0.13249  -1.71772;
 0.01645   1.04333   0.27545  -53.63551;
 0.13873  -0.15599   1.14792  -21.08513;
 0.00000   0.00000   0.00000   1.00000;
setting subject to fsaverage
Writing  LTA to file transforms/talairach.auto.xfm.lta...
lta_convert successful.
 
 
Started at Tue Mar 10 12:31:12 CET 2026
Ended   at Tue Mar 10 12:32:41 CET 2026
talairach_avi done
