/out/sourcedata/freesurfer/sub-v2s0x29014_ses-1/mri
/opt/freesurfer/bin/talairach_avi
--i orig_nu.mgz --xfm transforms/talairach.auto.xfm
talairach_avi 7.3.2
Linux dna061 5.14.0-427.37.1.el9_4.x86_64 #1 SMP PREEMPT_DYNAMIC Fri Sep 13 12:41:50 EDT 2024 x86_64 x86_64 x86_64 GNU/Linux
Tue Mar 10 08:14:09 CET 2026
mri_convert orig_nu.mgz talsrcimg.img 
reading from orig_nu.mgz...
TR=0.00, TE=0.00, TI=0.00, flip angle=0.00
i_ras = (-1, 0, 0)
j_ras = (0, 0, -1)
k_ras = (0, 1, 0)
writing to talsrcimg.img...
Analyze Output Matrix
-1.00000   0.00000   0.00000   129.77406;
 0.00000   0.00000   1.00000  -84.62057;
 0.00000  -1.00000   0.00000   127.27505;
 0.00000   0.00000   0.00000   1.00000;
--------------------
INFO: set hdr.hist.orient to -1
mpr2mni305 talsrcimg
Tue Mar 10 08:14:10 CET 2026
/opt/freesurfer/bin/mpr2mni305 talsrcimg
mpr2mni305 7.3.2
target=711-2C_as_mni_average_305

---------------------------------------------------------------------
analyzeto4dfp talsrcimg -O0 -y
---------------------------------------------------------------------

freesurfer ifh2hdr.c
Tue Mar 10 08:14:10 2026
Writing: talsrcimg.4dfp.hdr
freesurfer analyzeto4dfp.c
Reading: talsrcimg.hdr
header size 348 bytes
hdr.dime.datatype	offset=70	value=2
hdr.dime.bitpix		offset=72	value=8
hdr.hist.orient		offset=252	value=-1
dimensionality     4
dimensions       256       256       256         1
Reading: talsrcimg.img
Writing: talsrcimg.4dfp.img
Writing: talsrcimg.4dfp.ifh
ifh2hdr talsrcimg -r0to249
ori=2

---------------------------------------------------------------------
gauss_4dfp talsrcimg 1.1
---------------------------------------------------------------------

freesurfer gauss_4dfp.c
Reading: talsrcimg.4dfp.img
Writing: talsrcimg_g11.4dfp.img
image dimensions 256 256 256 padded to 288 288 288
processing volume 1freesurfer ifh2hdr.c
Tue Mar 10 08:14:11 2026
Writing: talsrcimg_g11.4dfp.hdr

Writing: talsrcimg_g11.4dfp.ifh
including: talsrcimg.4dfp.img.rec in talsrcimg_g11.4dfp.img.rec

---------------------------------------------------------------------
imgreg_4dfp /opt/freesurfer/average/711-2C_as_mni_average_305 none talsrcimg_g11 none talsrcimg_to_711-2C_as_mni_average_305_t4 4355
---------------------------------------------------------------------

freesurfer imgreg_4dfp.c
/opt/freesurfer/average/711-2C_as_mni_average_305.4dfp.img
       256       256       256         1
  1.000000  1.000000  1.000000
orientation T byte_order littleendian
Reading image: /opt/freesurfer/average/711-2C_as_mni_average_305.4dfp.img
dimensions:      256       256       256
mmppix:       1.0000   -1.0000   -1.0000
center:     128.0000 -129.0000 -129.0000
talsrcimg_g11.4dfp.img
       256       256       256         1
  1.000000  1.000000  1.000000
orientation T byte_order littleendian
Reading image: talsrcimg_g11.4dfp.img
dimensions:      256       256       256
mmppix:       1.0000   -1.0000   -1.0000
center:     128.0000 -129.0000 -129.0000
t4_read: open error in t4_sub.f l:  41 t4_file(1:l)talsrcimg_to_711-2C_as_mni_average_305_t4 
t4_read: transform initialized to I4
rotation matrix determinant  1.000000
image alignment mode   4355 decimal     1103 hex
   -7.5000  -45.0000  -45.0000 7464.7163   12.4905
    0.0000  -45.0000  -45.0000 7806.7656   12.5370
    7.5000  -45.0000  -45.0000 7477.1152   12.5504
   -7.5000  -37.5000  -45.0000 8078.9331   12.3526
    0.0000  -37.5000  -45.0000 8449.7803   12.4005
    7.5000  -37.5000  -45.0000 8067.5674   12.4143
   -7.5000  -30.0000  -45.0000 9055.0459   12.3525
    0.0000  -30.0000  -45.0000 9467.8271   12.3952
    7.5000  -30.0000  -45.0000 9008.3809   12.4084
   -7.5000  -22.5000  -45.000010043.2256   12.3594
    0.0000  -22.5000  -45.000010486.3926   12.3943
    7.5000  -22.5000  -45.0000 9962.1895   12.4064
   -7.5000  -15.0000  -45.000010984.8770   12.3576
    0.0000  -15.0000  -45.000011470.2900   12.3890
    7.5000  -15.0000  -45.000010884.7344   12.3997
   -7.5000   -7.5000  -45.000011746.3408   12.3466
    0.0000   -7.5000  -45.000012264.4209   12.3834
    7.5000   -7.5000  -45.000011642.8389   12.3947
   -7.5000    0.0000  -45.000012385.0625   12.3368
    0.0000    0.0000  -45.000012942.0117   12.3820
    7.5000    0.0000  -45.000012290.3936   12.3952
   -7.5000    7.5000  -45.000012102.1709   12.3407
    0.0000    7.5000  -45.000012633.4844   12.3885
    7.5000    7.5000  -45.000012002.6504   12.4023
   -7.5000   15.0000  -45.000011786.5850   12.3525
    0.0000   15.0000  -45.000012285.6045   12.3952
    7.5000   15.0000  -45.000011680.5352   12.4084
   -7.5000   22.5000  -45.000011419.4395   12.3577
    0.0000   22.5000  -45.000011923.5684   12.3926
    7.5000   22.5000  -45.000011318.6816   12.4047
   -7.5000   30.0000  -45.000010877.1611   12.1929
    0.0000   30.0000  -45.000011363.2451   12.2239
    7.5000   30.0000  -45.000010768.4297   12.2344
   -7.5000   37.5000  -45.000010664.1465   12.1821
    0.0000   37.5000  -45.000011147.7178   12.2184
    7.5000   37.5000  -45.000010555.2246   12.2295
   -7.5000   45.0000  -45.0000 9755.7637   11.8633
    0.0000   45.0000  -45.000010204.9268   11.9068
    7.5000   45.0000  -45.0000 9662.1162   11.9195
   -7.5000  -45.0000  -37.5000 7841.2378   12.5044
    0.0000  -45.0000  -37.5000 8205.7412   12.5465
    7.5000  -45.0000  -37.5000 7850.3594   12.5572
   -7.5000  -37.5000  -37.5000 8515.6348   12.3619
    0.0000  -37.5000  -37.5000 8897.3057   12.4067
    7.5000  -37.5000  -37.5000 8488.3975   12.4202
   -7.5000  -30.0000  -37.5000 9538.9639   12.3597
    0.0000  -30.0000  -37.5000 9977.8613   12.4002
    7.5000  -30.0000  -37.5000 9472.3174   12.4144
   -7.5000  -22.5000  -37.500010565.9805   12.3694
    0.0000  -22.5000  -37.500011025.7900   12.4017
    7.5000  -22.5000  -37.500010481.5752   12.4128
   -7.5000  -15.0000  -37.500011542.5156   12.3721
    0.0000  -15.0000  -37.500012051.8066   12.3998
    7.5000  -15.0000  -37.500011458.5625   12.4067
   -7.5000   -7.5000  -37.500012342.4844   12.3626
    0.0000   -7.5000  -37.500012902.0635   12.3951
    7.5000   -7.5000  -37.500012276.1387   12.4020
   -7.5000    0.0000  -37.500013026.1221   12.3504
    0.0000    0.0000  -37.500013606.1445   12.3915
    7.5000    0.0000  -37.500012950.4297   12.4021
   -7.5000    7.5000  -37.500012759.4385   12.3501
    0.0000    7.5000  -37.500013318.7002   12.3948
    7.5000    7.5000  -37.500012637.5820   12.4083
   -7.5000   15.0000  -37.500012412.1357   12.3597
    0.0000   15.0000  -37.500012947.3066   12.4002
    7.5000   15.0000  -37.500012275.8105   12.4144
   -7.5000   22.5000  -37.500012015.3047   12.3677
    0.0000   22.5000  -37.500012521.0098   12.4000
    7.5000   22.5000  -37.500011886.9316   12.4111
   -7.5000   30.0000  -37.500011413.0928   12.2072
    0.0000   30.0000  -37.500011912.6553   12.2345
    7.5000   30.0000  -37.500011283.8408   12.2414
   -7.5000   37.5000  -37.500011152.1006   12.1978
    0.0000   37.5000  -37.500011651.8906   12.2299
    7.5000   37.5000  -37.500011039.6055   12.2368
   -7.5000   45.0000  -37.500010200.0459   11.8764
    0.0000   45.0000  -37.500010651.6064   11.9159
    7.5000   45.0000  -37.500010095.1357   11.9261
   -7.5000  -45.0000  -30.0000 8382.3203   13.0407
    0.0000  -45.0000  -30.0000 8755.4277   13.0817
    7.5000  -45.0000  -30.0000 8370.8271   13.0949
   -7.5000  -37.5000  -30.0000 9099.1162   12.8910
    0.0000  -37.5000  -30.0000 9523.6152   12.9340
    7.5000  -37.5000  -30.0000 9066.9072   12.9514
   -7.5000  -30.0000  -30.000010181.7842   12.8871
    0.0000  -30.0000  -30.000010647.7266   12.9258
    7.5000  -30.0000  -30.000010109.7939   12.9430
   -7.5000  -22.5000  -30.000011267.1514   12.8978
    0.0000  -22.5000  -30.000011757.0508   12.9285
    7.5000  -22.5000  -30.000011170.7783   12.9400
   -7.5000  -15.0000  -30.000012295.5000   12.9024
    0.0000  -15.0000  -30.000012834.8799   12.9290
    7.5000  -15.0000  -30.000012191.7744   12.9346
   -7.5000   -7.5000  -30.000013162.7734   12.8934
    0.0000   -7.5000  -30.000013755.6943   12.9252
    7.5000   -7.5000  -30.000013078.5439   12.9323
   -7.5000    0.0000  -30.000013890.9170   12.8805
    0.0000    0.0000  -30.000014518.8027   12.9207
    7.5000    0.0000  -30.000013798.9404   12.9339
   -7.5000    7.5000  -30.000013620.3945   12.8788
    0.0000    7.5000  -30.000014222.2227   12.9217
    7.5000    7.5000  -30.000013481.3945   12.9391
   -7.5000   15.0000  -30.000013268.5215   12.8871
    0.0000   15.0000  -30.000013823.5361   12.9258
    7.5000   15.0000  -30.000013098.8008   12.9430
   -7.5000   22.5000  -30.000012840.2646   12.8947
    0.0000   22.5000  -30.000013375.9111   12.9254
    7.5000   22.5000  -30.000012656.2236   12.9369
   -7.5000   30.0000  -30.000012143.5947   12.7317
    0.0000   30.0000  -30.000012674.8740   12.7580
    7.5000   30.0000  -30.000012002.6689   12.7634
   -7.5000   37.5000  -30.000011804.0371   12.7228
    0.0000   37.5000  -30.000012317.8203   12.7542
    7.5000   37.5000  -30.000011696.8584   12.7612
   -7.5000   45.0000  -30.000010798.7344   12.3953
    0.0000   45.0000  -30.000011273.4395   12.4339
    7.5000   45.0000  -30.000010696.0195   12.4466
   -7.5000  -45.0000  -22.5000 8889.1689   13.4795
    0.0000  -45.0000  -22.5000 9266.9824   13.5250
    7.5000  -45.0000  -22.5000 8864.7402   13.5456
   -7.5000  -37.5000  -22.5000 9666.7773   13.3297
    0.0000  -37.5000  -22.500010078.6348   13.3753
    7.5000  -37.5000  -22.5000 9616.4189   13.3981
   -7.5000  -30.0000  -22.500010797.1465   13.3273
    0.0000  -30.0000  -22.500011255.9727   13.3674
    7.5000  -30.0000  -22.500010745.7305   13.3874
   -7.5000  -22.5000  -22.500011920.2412   13.3361
    0.0000  -22.5000  -22.500012401.3623   13.3687
    7.5000  -22.5000  -22.500011832.9805   13.3822
   -7.5000  -15.0000  -22.500013004.5205   13.3369
    0.0000  -15.0000  -22.500013566.8320   13.3673
    7.5000  -15.0000  -22.500012915.7412   13.3763
   -7.5000   -7.5000  -22.500013987.6191   13.3257
    0.0000   -7.5000  -22.500014603.1885   13.3625
    7.5000   -7.5000  -22.500013880.6465   13.3756
   -7.5000    0.0000  -22.500014797.1289   13.3146
    0.0000    0.0000  -22.500015426.5625   13.3591
    7.5000    0.0000  -22.500014658.9160   13.3794
   -7.5000    7.5000  -22.500014488.6650   13.3171
    0.0000    7.5000  -22.500015082.4072   13.3626
    7.5000    7.5000  -22.500014302.4424   13.3854
   -7.5000   15.0000  -22.500014107.1455   13.3273
    0.0000   15.0000  -22.500014689.3096   13.3674
    7.5000   15.0000  -22.500013902.2627   13.3874
   -7.5000   22.5000  -22.500013658.1299   13.3319
    0.0000   22.5000  -22.500014219.6426   13.3646
    7.5000   22.5000  -22.500013470.0947   13.3780
   -7.5000   30.0000  -22.500012867.6387   13.1624
    0.0000   30.0000  -22.500013399.3525   13.1925
    7.5000   30.0000  -22.500012733.2998   13.2013
   -7.5000   37.5000  -22.500012476.5068   13.1514
    0.0000   37.5000  -22.500013004.7520   13.1877
    7.5000   37.5000  -22.500012369.3330   13.2006
   -7.5000   45.0000  -22.500011437.6562   12.8226
    0.0000   45.0000  -22.500011946.1709   12.8655
    7.5000   45.0000  -22.500011320.6484   12.8851
   -7.5000  -45.0000  -15.0000 9381.8047   13.7844
    0.0000  -45.0000  -15.0000 9761.8467   13.8361
    7.5000  -45.0000  -15.0000 9346.0869   13.8613
   -7.5000  -37.5000  -15.000010185.3828   13.6369
    0.0000  -37.5000  -15.000010602.0381   13.6873
    7.5000  -37.5000  -15.000010138.4600   13.7116
   -7.5000  -30.0000  -15.000011374.0488   13.6365
    0.0000  -30.0000  -15.000011831.7344   13.6801
    7.5000  -30.0000  -15.000011308.6172   13.6998
   -7.5000  -22.5000  -15.000012541.3740   13.6418
    0.0000  -22.5000  -15.000013034.7129   13.6781
    7.5000  -22.5000  -15.000012442.9854   13.6930
   -7.5000  -15.0000  -15.000013681.6113   13.6370
    0.0000  -15.0000  -15.000014249.9590   13.6725
    7.5000  -15.0000  -15.000013578.0791   13.6860
   -7.5000   -7.5000  -15.000014798.6338   13.6240
    0.0000   -7.5000  -15.000015450.2363   13.6667
    7.5000   -7.5000  -15.000014700.4082   13.6857
   -7.5000    0.0000  -15.000015724.9482   13.6162
    0.0000    0.0000  -15.000016425.3242   13.6665
    7.5000    0.0000  -15.000015550.4053   13.6913
   -7.5000    7.5000  -15.000015363.5010   13.6239
    0.0000    7.5000  -15.000016042.0205   13.6742
    7.5000    7.5000  -15.000015185.4160   13.6986
   -7.5000   15.0000  -15.000014952.6416   13.6365
    0.0000   15.0000  -15.000015574.3154   13.6801
    7.5000   15.0000  -15.000014755.4434   13.6998
   -7.5000   22.5000  -15.000014463.2051   13.6370
    0.0000   22.5000  -15.000015073.4199   13.6732
    7.5000   22.5000  -15.000014279.5771   13.6881
   -7.5000   30.0000  -15.000013650.7031   13.4605
    0.0000   30.0000  -15.000014208.1865   13.4955
    7.5000   30.0000  -15.000013479.5869   13.5089
   -7.5000   37.5000  -15.000013227.6816   13.4477
    0.0000   37.5000  -15.000013768.6875   13.4898
    7.5000   37.5000  -15.000013035.3760   13.5086
   -7.5000   45.0000  -15.000012153.7217   13.1210
    0.0000   45.0000  -15.000012691.0215   13.1694
    7.5000   45.0000  -15.000011958.3887   13.1934
   -7.5000  -45.0000   -7.5000 9830.4414   13.9387
    0.0000  -45.0000   -7.500010237.4873   13.9927
    7.5000  -45.0000   -7.5000 9791.7471   14.0143
   -7.5000  -37.5000   -7.500010675.4307   13.7894
    0.0000  -37.5000   -7.500011112.8467   13.8429
    7.5000  -37.5000   -7.500010622.5889   13.8627
   -7.5000  -30.0000   -7.500011911.2637   13.7897
    0.0000  -30.0000   -7.500012418.1719   13.8362
    7.5000  -30.0000   -7.500011836.1924   13.8528
   -7.5000  -22.5000   -7.500013099.1377   13.7944
    0.0000  -22.5000   -7.500013650.9229   13.8330
    7.5000  -22.5000   -7.500013017.1455   13.8476
   -7.5000  -15.0000   -7.500014301.2803   13.7886
    0.0000  -15.0000   -7.500014918.2441   13.8256
    7.5000  -15.0000   -7.500014239.1270   13.8403
   -7.5000   -7.5000   -7.500015634.4121   13.7757
    0.0000   -7.5000   -7.500016383.3936   13.8198
    7.5000   -7.5000   -7.500015491.7314   13.8379
   -7.5000    0.0000   -7.500016876.4492   13.7681
    0.0000    0.0000   -7.500017806.4824   13.8205
    7.5000    0.0000   -7.500016580.6426   13.8417
   -7.5000    7.5000   -7.500016549.8047   13.7762
    0.0000    7.5000   -7.500017436.8613   13.8295
    7.5000    7.5000   -7.500016258.1719   13.8493
   -7.5000   15.0000   -7.500016032.5498   13.7897
    0.0000   15.0000   -7.500016828.7773   13.8362
    7.5000   15.0000   -7.500015744.0576   13.8528
   -7.5000   22.5000   -7.500015445.4121   13.7881
    0.0000   22.5000   -7.500016163.8184   13.8266
    7.5000   22.5000   -7.500015145.4473   13.8412
   -7.5000   30.0000   -7.500014533.4912   13.6098
    0.0000   30.0000   -7.500015178.8955   13.6463
    7.5000   30.0000   -7.500014228.0986   13.6608
   -7.5000   37.5000   -7.500014010.9307   13.5971
    0.0000   37.5000   -7.500014630.1689   13.6406
    7.5000   37.5000   -7.500013691.9795   13.6585
   -7.5000   45.0000   -7.500012857.1611   13.2699
    0.0000   45.0000   -7.500013438.2061   13.3204
    7.5000   45.0000   -7.500012547.2256   13.3408
   -7.5000  -45.0000    0.000010195.1328   13.9754
    0.0000  -45.0000    0.000010644.2061   14.0274
    7.5000  -45.0000    0.000010150.3223   14.0425
   -7.5000  -37.5000    0.000011068.6914   13.8211
    0.0000  -37.5000    0.000011545.1201   13.8747
    7.5000  -37.5000    0.000011010.4375   13.8901
   -7.5000  -30.0000    0.000012343.6963   13.8209
    0.0000  -30.0000    0.000012905.3213   13.8687
    7.5000  -30.0000    0.000012246.2334   13.8835
   -7.5000  -22.5000    0.000013574.9756   13.8287
    0.0000  -22.5000    0.000014201.2539   13.8677
    7.5000  -22.5000    0.000013439.3584   13.8813
   -7.5000  -15.0000    0.000014834.6016   13.8267
    0.0000  -15.0000    0.000015555.1504   13.8618
    7.5000  -15.0000    0.000014705.9883   13.8738
   -7.5000   -7.5000    0.000016341.5459   13.8144
    0.0000   -7.5000    0.000017293.3516   13.8556
    7.5000   -7.5000    0.000016049.1094   13.8683
   -7.5000    0.0000    0.000017826.6543   13.8034
    0.0000    0.0000    0.000019094.2871   13.8541
    7.5000    0.0000    0.000017278.1270   13.8689
   -7.5000    7.5000    0.000017621.5391   13.8078
    0.0000    7.5000    0.000018825.5137   13.8613
    7.5000    7.5000    0.000017086.5195   13.8767
   -7.5000   15.0000    0.000017023.8730   13.8209
    0.0000   15.0000    0.000018066.2422   13.8687
    7.5000   15.0000    0.000016525.2051   13.8835
   -7.5000   22.5000    0.000016277.5840   13.8224
    0.0000   22.5000    0.000017121.3477   13.8613
    7.5000   22.5000    0.000015806.2139   13.8749
   -7.5000   30.0000    0.000015177.4727   13.6477
    0.0000   30.0000    0.000015882.7539   13.6824
    7.5000   30.0000    0.000014787.6533   13.6942
   -7.5000   37.5000    0.000014517.0137   13.6357
    0.0000   37.5000    0.000015169.8721   13.6763
    7.5000   37.5000    0.000014171.7100   13.6888
   -7.5000   45.0000    0.000013283.9941   13.3049
    0.0000   45.0000    0.000013881.2832   13.3537
    7.5000   45.0000    0.000012988.2568   13.3680
   -7.5000  -45.0000    7.5000 9729.1152   13.9928
    0.0000  -45.0000    7.500010169.8965   14.0399
    7.5000  -45.0000    7.5000 9629.7109   14.0518
   -7.5000  -37.5000    7.500010570.2188   13.8333
    0.0000  -37.5000    7.500011068.3359   13.8834
    7.5000  -37.5000    7.500010454.8887   13.8985
   -7.5000  -30.0000    7.500011796.5908   13.8308
    0.0000  -30.0000    7.500012380.5996   13.8761
    7.5000  -30.0000    7.500011644.1729   13.8920
   -7.5000  -22.5000    7.500012996.2275   13.8417
    0.0000  -22.5000    7.500013642.9014   13.8778
    7.5000  -22.5000    7.500012810.5664   13.8903
   -7.5000  -15.0000    7.500014240.1562   13.8447
    0.0000  -15.0000    7.500014997.8301   13.8757
    7.5000  -15.0000    7.500014047.1260   13.8834
   -7.5000   -7.5000    7.500015589.3965   13.8341
    0.0000   -7.5000    7.500016493.7852   13.8704
    7.5000   -7.5000    7.500015273.4844   13.8782
   -7.5000    0.0000    7.500016762.8418   13.8205
    0.0000    0.0000    7.500017738.7656   13.8665
    7.5000    0.0000    7.500016336.8262   13.8783
   -7.5000    7.5000    7.500016488.8281   13.8201
    0.0000    7.5000    7.500017369.3301   13.8701
    7.5000    7.5000    7.500016115.7402   13.8852
   -7.5000   15.0000    7.500016070.5293   13.8308
    0.0000   15.0000    7.500016896.5117   13.8761
    7.5000   15.0000    7.500015676.5186   13.8920
   -7.5000   22.5000    7.500015481.8320   13.8354
    0.0000   22.5000    7.500016231.5127   13.8714
    7.5000   22.5000    7.500015071.2988   13.8839
   -7.5000   30.0000    7.500014432.3516   13.6655
    0.0000   30.0000    7.500015092.6123   13.6961
    7.5000   30.0000    7.500014113.9248   13.7038
   -7.5000   37.5000    7.500013750.4189   13.6550
    0.0000   37.5000    7.500014380.0322   13.6909
    7.5000   37.5000    7.500013473.3145   13.6986
   -7.5000   45.0000    7.500012596.9170   13.3213
    0.0000   45.0000    7.500013158.8691   13.3657
    7.5000   45.0000    7.500012360.0518   13.3771
   -7.5000  -45.0000   15.0000 9106.8213   14.0055
    0.0000  -45.0000   15.0000 9518.7666   14.0495
    7.5000  -45.0000   15.0000 8983.4658   14.0637
   -7.5000  -37.5000   15.0000 9917.2148   13.8447
    0.0000  -37.5000   15.000010383.7500   13.8909
    7.5000  -37.5000   15.0000 9791.6650   13.9095
   -7.5000  -30.0000   15.000011084.8262   13.8405
    0.0000  -30.0000   15.000011613.1025   13.8820
    7.5000  -30.0000   15.000010934.4863   13.9005
   -7.5000  -22.5000   15.000012196.2041   13.8520
    0.0000  -22.5000   15.000012772.5225   13.8850
    7.5000  -22.5000   15.000012038.9922   13.8974
   -7.5000  -15.0000   15.000013356.4473   13.8570
    0.0000  -15.0000   15.000013993.0635   13.8856
    7.5000  -15.0000   15.000013220.5420   13.8915
   -7.5000   -7.5000   15.000014485.2451   13.8473
    0.0000   -7.5000   15.000015189.2549   13.8815
    7.5000   -7.5000   15.000014313.0361   13.8890
   -7.5000    0.0000   15.000015386.9756   13.8334
    0.0000    0.0000   15.000016053.3105   13.8766
    7.5000    0.0000   15.000015211.8633   13.8907
   -7.5000    7.5000   15.000015073.3242   13.8316
    0.0000    7.5000   15.000015655.0068   13.8777
    7.5000    7.5000   15.000014948.7656   13.8963
   -7.5000   15.0000   15.000014749.4404   13.8405
    0.0000   15.0000   15.000015304.8311   13.8820
    7.5000   15.0000   15.000014575.9990   13.9005
   -7.5000   22.5000   15.000014332.4854   13.8456
    0.0000   22.5000   15.000014862.0918   13.8786
    7.5000   22.5000   15.000014104.8340   13.8910
   -7.5000   30.0000   15.000013498.7656   13.6776
    0.0000   30.0000   15.000014026.1123   13.7059
    7.5000   30.0000   15.000013289.5381   13.7117
   -7.5000   37.5000   15.000012927.0957   13.6681
    0.0000   37.5000   15.000013436.7139   13.7018
    7.5000   37.5000   15.000012703.0361   13.7093
   -7.5000   45.0000   15.000011881.7246   13.3338
    0.0000   45.0000   15.000012370.2432   13.3754
    7.5000   45.0000   15.000011654.5518   13.3890
   -7.5000  -45.0000   22.5000 8396.8691   14.1417
    0.0000  -45.0000   22.5000 8770.3486   14.1903
    7.5000  -45.0000   22.5000 8324.0918   14.2122
   -7.5000  -37.5000   22.5000 9170.3379   13.9831
    0.0000  -37.5000   22.5000 9590.3467   14.0318
    7.5000  -37.5000   22.5000 9103.4238   14.0560
   -7.5000  -30.0000   22.500010261.6514   13.9809
    0.0000  -30.0000   22.500010734.6084   14.0238
    7.5000  -30.0000   22.500010173.3379   14.0449
   -7.5000  -22.5000   22.500011307.6172   13.9902
    0.0000  -22.5000   22.500011830.4834   14.0252
    7.5000  -22.5000   22.500011220.5664   14.0394
   -7.5000  -15.0000   22.500012401.5527   13.9909
    0.0000  -15.0000   22.500012971.9092   14.0235
    7.5000  -15.0000   22.500012310.2852   14.0330
   -7.5000   -7.5000   22.500013380.8750   13.9787
    0.0000   -7.5000   22.500013977.4648   14.0180
    7.5000   -7.5000   22.500013287.7549   14.0320
   -7.5000    0.0000   22.500014183.1904   13.9669
    0.0000    0.0000   22.500014743.9199   14.0143
    7.5000    0.0000   22.500014091.1309   14.0360
   -7.5000    7.5000   22.500013900.4033   13.9698
    0.0000    7.5000   22.500014413.3447   14.0183
    7.5000    7.5000   22.500013824.2031   14.0425
   -7.5000   15.0000   22.500013607.0322   13.9809
    0.0000   15.0000   22.500014081.1201   14.0238
    7.5000   15.0000   22.500013487.1904   14.0449
   -7.5000   22.5000   22.500013242.6553   13.9838
    0.0000   22.5000   22.500013694.8086   14.0187
    7.5000   22.5000   22.500013083.2822   14.0329
   -7.5000   30.0000   22.500012565.9512   13.8098
    0.0000   30.0000   22.500013004.2412   13.8420
    7.5000   30.0000   22.500012404.9805   13.8514
   -7.5000   37.5000   22.500012067.2305   13.7978
    0.0000   37.5000   22.500012508.7832   13.8366
    7.5000   37.5000   22.500011902.1016   13.8504
   -7.5000   45.0000   22.500011123.8945   13.4625
    0.0000   45.0000   22.500011559.6445   13.5082
    7.5000   45.0000   22.500010967.2754   13.5291
   -7.5000  -45.0000   30.0000 7717.6060   14.4384
    0.0000  -45.0000   30.0000 8053.5503   14.4933
    7.5000  -45.0000   30.0000 7686.6431   14.5202
   -7.5000  -37.5000   30.0000 8446.3018   14.2797
    0.0000  -37.5000   30.0000 8823.1787   14.3331
    7.5000  -37.5000   30.0000 8415.9453   14.3591
   -7.5000  -30.0000   30.0000 9466.2998   14.2783
    0.0000  -30.0000   30.0000 9900.2051   14.3249
    7.5000  -30.0000   30.0000 9428.2090   14.3462
   -7.5000  -22.5000   30.000010460.6504   14.2820
    0.0000  -22.5000   30.000010952.1143   14.3212
    7.5000  -22.5000   30.000010431.2764   14.3375
   -7.5000  -15.0000   30.000011429.2842   14.2759
    0.0000  -15.0000   30.000011950.3018   14.3143
    7.5000  -15.0000   30.000011401.0479   14.3291
   -7.5000   -7.5000   30.000012318.9863   14.2631
    0.0000   -7.5000   30.000012854.2354   14.3088
    7.5000   -7.5000   30.000012278.1182   14.3292
   -7.5000    0.0000   30.000013055.4697   14.2565
    0.0000    0.0000   30.000013598.0352   14.3098
    7.5000    0.0000   30.000013009.5840   14.3363
   -7.5000    7.5000   30.000012811.4209   14.2656
    0.0000    7.5000   30.000013305.4141   14.3189
    7.5000    7.5000   30.000012762.2549   14.3450
   -7.5000   15.0000   30.000012514.4932   14.2783
    0.0000   15.0000   30.000012980.2744   14.3249
    7.5000   15.0000   30.000012435.1963   14.3462
   -7.5000   22.5000   30.000012191.8066   14.2754
    0.0000   22.5000   30.000012650.1221   14.3146
    7.5000   22.5000   30.000012094.1348   14.3308
   -7.5000   30.0000   30.000011621.4404   14.0912
    0.0000   30.0000   30.000012063.4121   14.1291
    7.5000   30.0000   30.000011506.6279   14.1436
   -7.5000   37.5000   30.000011193.0186   14.0785
    0.0000   37.5000   30.000011605.5361   14.1236
    7.5000   37.5000   30.000011050.9150   14.1437
   -7.5000   45.0000   30.000010334.7637   13.7416
    0.0000   45.0000   30.000010748.9443   13.7930
    7.5000   45.0000   30.000010202.3643   13.8185
   -7.5000  -45.0000   37.5000 7398.1055   14.9034
    0.0000  -45.0000   37.5000 7720.4136   14.9631
    7.5000  -45.0000   37.5000 7388.7925   14.9856
   -7.5000  -37.5000   37.5000 8097.7925   14.7337
    0.0000  -37.5000   37.5000 8462.5596   14.7926
    7.5000  -37.5000   37.5000 8087.1108   14.8136
   -7.5000  -30.0000   37.5000 9102.2275   14.7274
    0.0000  -30.0000   37.5000 9515.5439   14.7786
    7.5000  -30.0000   37.5000 9070.3447   14.7965
   -7.5000  -22.5000   37.500010073.3330   14.7253
    0.0000  -22.5000   37.500010537.1836   14.7678
    7.5000  -22.5000   37.500010030.2705   14.7834
   -7.5000  -15.0000   37.500010960.9795   14.7181
    0.0000  -15.0000   37.500011469.9316   14.7591
    7.5000  -15.0000   37.500010942.6016   14.7744
   -7.5000   -7.5000   37.500011783.7129   14.7105
    0.0000   -7.5000   37.500012309.9492   14.7593
    7.5000   -7.5000   37.500011764.4717   14.7779
   -7.5000    0.0000   37.500012500.3613   14.7089
    0.0000    0.0000   37.500013020.7451   14.7667
    7.5000    0.0000   37.500012457.6436   14.7889
   -7.5000    7.5000   37.500012263.5107   14.7186
    0.0000    7.5000   37.500012770.9590   14.7773
    7.5000    7.5000   37.500012225.6611   14.7984
   -7.5000   15.0000   37.500011965.7432   14.7274
    0.0000   15.0000   37.500012440.0781   14.7786
    7.5000   15.0000   37.500011917.0996   14.7965
   -7.5000   22.5000   37.500011652.5605   14.7185
    0.0000   22.5000   37.500012106.0664   14.7610
    7.5000   22.5000   37.500011582.2520   14.7765
   -7.5000   30.0000   37.500011158.6309   14.5276
    0.0000   30.0000   37.500011597.6006   14.5681
    7.5000   30.0000   37.500011060.4150   14.5832
   -7.5000   37.5000   37.500010755.7539   14.5201
    0.0000   37.5000   37.500011171.5615   14.5682
    7.5000   37.5000   37.500010636.8984   14.5867
   -7.5000   45.0000   37.5000 9921.7861   14.1777
    0.0000   45.0000   37.500010334.3174   14.2334
    7.5000   45.0000   37.5000 9794.1904   14.2548
   -7.5000  -45.0000   45.0000 6790.2329   15.4046
    0.0000  -45.0000   45.0000 7080.6431   15.4649
    7.5000  -45.0000   45.0000 6781.4722   15.4823
   -7.5000  -37.5000   45.0000 7427.1968   15.2111
    0.0000  -37.5000   45.0000 7743.0205   15.2724
    7.5000  -37.5000   45.0000 7404.5073   15.2909
   -7.5000  -30.0000   45.0000 8356.1426   15.1971
    0.0000  -30.0000   45.0000 8730.5156   15.2505
    7.5000  -30.0000   45.0000 8309.1113   15.2688
   -7.5000  -22.5000   45.0000 9231.1455   15.1982
    0.0000  -22.5000   45.0000 9659.4277   15.2412
    7.5000  -22.5000   45.0000 9189.9277   15.2572
   -7.5000  -15.0000   45.000010059.7197   15.2007
    0.0000  -15.0000   45.000010524.0176   15.2398
    7.5000  -15.0000   45.000010029.6885   15.2531
   -7.5000   -7.5000   45.000010797.0195   15.1993
    0.0000   -7.5000   45.000011294.8672   15.2463
    7.5000   -7.5000   45.000010776.8457   15.2603
   -7.5000    0.0000   45.000011440.5273   15.1946
    0.0000    0.0000   45.000011943.6729   15.2531
    7.5000    0.0000   45.000011416.6396   15.2702
   -7.5000    7.5000   45.000011212.9443   15.1949
    0.0000    7.5000   45.000011710.1270   15.2560
    7.5000    7.5000   45.000011192.7646   15.2746
   -7.5000   15.0000   45.000010927.9766   15.1971
    0.0000   15.0000   45.000011380.2119   15.2505
    7.5000   15.0000   45.000010885.3945   15.2688
   -7.5000   22.5000   45.000010643.0664   15.1912
    0.0000   22.5000   45.000011076.7178   15.2341
    7.5000   22.5000   45.000010576.4893   15.2501
   -7.5000   30.0000   45.000010217.9561   15.0027
    0.0000   30.0000   45.000010665.2236   15.0413
    7.5000   30.0000   45.000010151.4238   15.0544
   -7.5000   37.5000   45.0000 9833.1992   15.0013
    0.0000   37.5000   45.000010257.0537   15.0477
    7.5000   37.5000   45.0000 9730.9736   15.0615
   -7.5000   45.0000   45.0000 9071.2129   14.6525
    0.0000   45.0000   45.0000 9483.8994   14.7089
    7.5000   45.0000   45.0000 8973.8633   14.7254

---------------------------------------------------------------------
imgreg_4dfp /opt/freesurfer/average/711-2C_as_mni_average_305 /opt/freesurfer/average/711-2B_as_mni_average_305_mask talsrcimg_g11 none talsrcimg_to_711-2C_as_mni_average_305_t4 4355
---------------------------------------------------------------------

freesurfer imgreg_4dfp.c
/opt/freesurfer/average/711-2C_as_mni_average_305.4dfp.img
       256       256       256         1
  1.000000  1.000000  1.000000
orientation T byte_order littleendian
Reading image: /opt/freesurfer/average/711-2C_as_mni_average_305.4dfp.img
dimensions:      256       256       256
mmppix:       1.0000   -1.0000   -1.0000
center:     128.0000 -129.0000 -129.0000
/opt/freesurfer/average/711-2B_as_mni_average_305_mask.4dfp.img
       256       256       256         1
  1.000000  1.000000  1.000000
orientation T byte_order littleendian
Reading mask: /opt/freesurfer/average/711-2B_as_mni_average_305_mask.4dfp.img (2306576 pixels)
talsrcimg_g11.4dfp.img
       256       256       256         1
  1.000000  1.000000  1.000000
orientation T byte_order littleendian
Reading image: talsrcimg_g11.4dfp.img
dimensions:      256       256       256
mmppix:       1.0000   -1.0000   -1.0000
center:     128.0000 -129.0000 -129.0000
rotation matrix determinant  1.000000
image alignment mode   4355 decimal     1103 hex
   -7.5000  -45.0000  -45.0000 2006.8848   15.7240
    0.0000  -45.0000  -45.0000 2022.1187   15.7985
    7.5000  -45.0000  -45.0000 2009.1001   15.8871
   -7.5000  -37.5000  -45.0000 2134.1543   14.1348
    0.0000  -37.5000  -45.0000 2148.7903   14.1690
    7.5000  -37.5000  -45.0000 2129.3264   14.2287
   -7.5000  -30.0000  -45.0000 2249.9150   12.8449
    0.0000  -30.0000  -45.0000 2261.4978   12.8741
    7.5000  -30.0000  -45.0000 2239.2410   12.9626
   -7.5000  -22.5000  -45.0000 2348.3987   11.8074
    0.0000  -22.5000  -45.0000 2363.3103   11.8739
    7.5000  -22.5000  -45.0000 2338.5989   11.9602
   -7.5000  -15.0000  -45.0000 2420.6465   11.0745
    0.0000  -15.0000  -45.0000 2435.7666   11.1045
    7.5000  -15.0000  -45.0000 2411.8350   11.2069
   -7.5000   -7.5000  -45.0000 2458.2593   10.5879
    0.0000   -7.5000  -45.0000 2471.8752   10.5994
    7.5000   -7.5000  -45.0000 2447.8640   10.6985
   -7.5000    0.0000  -45.0000 2478.4172   10.2705
    0.0000    0.0000  -45.0000 2494.9695   10.2852
    7.5000    0.0000  -45.0000 2469.5146   10.3991
   -7.5000    7.5000  -45.0000 2484.3196   10.1673
    0.0000    7.5000  -45.0000 2497.2551   10.1825
    7.5000    7.5000  -45.0000 2470.7346   10.3263
   -7.5000   15.0000  -45.0000 2467.7695   10.3374
    0.0000   15.0000  -45.0000 2481.2881   10.3695
    7.5000   15.0000  -45.0000 2454.0312   10.5172
   -7.5000   22.5000  -45.0000 2432.5017   10.7198
    0.0000   22.5000  -45.0000 2450.6350   10.7390
    7.5000   22.5000  -45.0000 2419.4990   10.8890
   -7.5000   30.0000  -45.0000 2382.3547   11.3165
    0.0000   30.0000  -45.0000 2399.6958   11.3279
    7.5000   30.0000  -45.0000 2372.1372   11.4717
   -7.5000   37.5000  -45.0000 2312.3499   12.1186
    0.0000   37.5000  -45.0000 2329.8472   12.1365
    7.5000   37.5000  -45.0000 2299.3582   12.2840
   -7.5000   45.0000  -45.0000 2218.0869   13.1829
    0.0000   45.0000  -45.0000 2235.4329   13.2572
    7.5000   45.0000  -45.0000 2206.8274   13.4305
   -7.5000  -45.0000  -37.5000 2051.7673   14.9625
    0.0000  -45.0000  -37.5000 2068.0759   14.9932
    7.5000  -45.0000  -37.5000 2050.5664   15.1021
   -7.5000  -37.5000  -37.5000 2191.6106   13.4070
    0.0000  -37.5000  -37.5000 2205.2217   13.4067
    7.5000  -37.5000  -37.5000 2182.7163   13.5056
   -7.5000  -30.0000  -37.5000 2308.4851   12.1257
    0.0000  -30.0000  -37.5000 2326.2383   12.1467
    7.5000  -30.0000  -37.5000 2294.6904   12.2424
   -7.5000  -22.5000  -37.5000 2410.7078   11.1449
    0.0000  -22.5000  -37.5000 2425.2439   11.1630
    7.5000  -22.5000  -37.5000 2401.2341   11.2669
   -7.5000  -15.0000  -37.5000 2486.6370   10.4133
    0.0000  -15.0000  -37.5000 2504.0046   10.4206
    7.5000  -15.0000  -37.5000 2481.4275   10.5154
   -7.5000   -7.5000  -37.5000 2534.1541    9.9159
    0.0000   -7.5000  -37.5000 2551.3267    9.9305
    7.5000   -7.5000  -37.5000 2531.3145   10.0222
   -7.5000    0.0000  -37.5000 2566.1345    9.6091
    0.0000    0.0000  -37.5000 2583.8438    9.6016
    7.5000    0.0000  -37.5000 2562.4048    9.7091
   -7.5000    7.5000  -37.5000 2580.6177    9.5022
    0.0000    7.5000  -37.5000 2595.7014    9.5060
    7.5000    7.5000  -37.5000 2563.5247    9.6369
   -7.5000   15.0000  -37.5000 2561.2974    9.6596
    0.0000   15.0000  -37.5000 2578.6875    9.6800
    7.5000   15.0000  -37.5000 2542.6199    9.8288
   -7.5000   22.5000  -37.5000 2522.8752   10.0216
    0.0000   22.5000  -37.5000 2544.2390   10.0188
    7.5000   22.5000  -37.5000 2513.1680   10.1678
   -7.5000   30.0000  -37.5000 2471.3494   10.5843
    0.0000   30.0000  -37.5000 2495.0510   10.5719
    7.5000   30.0000  -37.5000 2460.4272   10.7149
   -7.5000   37.5000  -37.5000 2394.9956   11.3247
    0.0000   37.5000  -37.5000 2416.1267   11.3310
    7.5000   37.5000  -37.5000 2389.2061   11.4623
   -7.5000   45.0000  -37.5000 2295.3386   12.3099
    0.0000   45.0000  -37.5000 2314.7642   12.3555
    7.5000   45.0000  -37.5000 2287.0615   12.5009
   -7.5000  -45.0000  -30.0000 2136.6074   14.8560
    0.0000  -45.0000  -30.0000 2150.1689   14.8645
    7.5000  -45.0000  -30.0000 2131.0464   15.0135
   -7.5000  -37.5000  -30.0000 2279.4941   13.2337
    0.0000  -37.5000  -30.0000 2295.5251   13.2570
    7.5000  -37.5000  -30.0000 2272.9390   13.3561
   -7.5000  -30.0000  -30.0000 2399.8291   11.9086
    0.0000  -30.0000  -30.0000 2417.8379   11.9406
    7.5000  -30.0000  -30.0000 2389.5171   12.0634
   -7.5000  -22.5000  -30.0000 2506.8718   10.8930
    0.0000  -22.5000  -30.0000 2521.8794   10.9117
    7.5000  -22.5000  -30.0000 2497.6489   11.0491
   -7.5000  -15.0000  -30.0000 2593.1921   10.1565
    0.0000  -15.0000  -30.0000 2611.0977   10.1699
    7.5000  -15.0000  -30.0000 2585.1794   10.2780
   -7.5000   -7.5000  -30.0000 2650.1199    9.6423
    0.0000   -7.5000  -30.0000 2669.1973    9.6434
    7.5000   -7.5000  -30.0000 2648.6379    9.7526
   -7.5000    0.0000  -30.0000 2692.7124    9.3027
    0.0000    0.0000  -30.0000 2712.8176    9.2808
    7.5000    0.0000  -30.0000 2687.4297    9.3979
   -7.5000    7.5000  -30.0000 2720.6702    9.1856
    0.0000    7.5000  -30.0000 2737.6797    9.1821
    7.5000    7.5000  -30.0000 2703.8271    9.3190
   -7.5000   15.0000  -30.0000 2703.0115    9.3518
    0.0000   15.0000  -30.0000 2719.3704    9.3415
    7.5000   15.0000  -30.0000 2686.0422    9.4986
   -7.5000   22.5000  -30.0000 2667.9707    9.7139
    0.0000   22.5000  -30.0000 2686.8943    9.6866
    7.5000   22.5000  -30.0000 2651.2097    9.8517
   -7.5000   30.0000  -30.0000 2608.2949   10.2453
    0.0000   30.0000  -30.0000 2633.1448   10.2170
    7.5000   30.0000  -30.0000 2595.9973   10.3821
   -7.5000   37.5000  -30.0000 2520.6523   10.9916
    0.0000   37.5000  -30.0000 2541.1924   10.9742
    7.5000   37.5000  -30.0000 2511.9939   11.1385
   -7.5000   45.0000  -30.0000 2414.2800   11.9533
    0.0000   45.0000  -30.0000 2428.9600   11.9702
    7.5000   45.0000  -30.0000 2403.7747   12.1283
   -7.5000  -45.0000  -22.5000 2186.9265   14.6650
    0.0000  -45.0000  -22.5000 2201.0056   14.6840
    7.5000  -45.0000  -22.5000 2179.6572   14.8833
   -7.5000  -37.5000  -22.5000 2331.3621   12.9923
    0.0000  -37.5000  -22.5000 2347.4165   12.9991
    7.5000  -37.5000  -22.5000 2321.8479   13.1633
   -7.5000  -30.0000  -22.5000 2451.6421   11.6546
    0.0000  -30.0000  -22.5000 2466.8425   11.6739
    7.5000  -30.0000  -22.5000 2443.3367   11.8542
   -7.5000  -22.5000  -22.5000 2561.7883   10.6289
    0.0000  -22.5000  -22.5000 2574.0557   10.6264
    7.5000  -22.5000  -22.5000 2554.7061   10.8065
   -7.5000  -15.0000  -22.5000 2659.8906    9.8561
    0.0000  -15.0000  -22.5000 2677.6208    9.8563
    7.5000  -15.0000  -22.5000 2656.0742   10.0009
   -7.5000   -7.5000  -22.5000 2736.2297    9.3169
    0.0000   -7.5000  -22.5000 2758.6931    9.3098
    7.5000   -7.5000  -22.5000 2729.6223    9.4542
   -7.5000    0.0000  -22.5000 2788.0750    8.9616
    0.0000    0.0000  -22.5000 2809.5337    8.9346
    7.5000    0.0000  -22.5000 2780.4021    9.0927
   -7.5000    7.5000  -22.5000 2824.2488    8.8188
    0.0000    7.5000  -22.5000 2845.8726    8.7870
    7.5000    7.5000  -22.5000 2805.1982    8.9741
   -7.5000   15.0000  -22.5000 2815.6909    8.9781
    0.0000   15.0000  -22.5000 2833.8108    8.9429
    7.5000   15.0000  -22.5000 2792.7097    9.1354
   -7.5000   22.5000  -22.5000 2778.7717    9.3264
    0.0000   22.5000  -22.5000 2799.3074    9.2919
    7.5000   22.5000  -22.5000 2760.2993    9.4932
   -7.5000   30.0000  -22.5000 2712.3677    9.8349
    0.0000   30.0000  -22.5000 2731.4680    9.8139
    7.5000   30.0000  -22.5000 2699.3801   10.0202
   -7.5000   37.5000  -22.5000 2617.3960   10.5735
    0.0000   37.5000  -22.5000 2631.2712   10.5643
    7.5000   37.5000  -22.5000 2610.9548   10.7717
   -7.5000   45.0000  -22.5000 2505.9182   11.5337
    0.0000   45.0000  -22.5000 2518.2939   11.5445
    7.5000   45.0000  -22.5000 2490.6917   11.7501
   -7.5000  -45.0000  -15.0000 2201.6521   14.5327
    0.0000  -45.0000  -15.0000 2217.4700   14.5422
    7.5000  -45.0000  -15.0000 2199.2996   14.8214
   -7.5000  -37.5000  -15.0000 2343.8374   12.7959
    0.0000  -37.5000  -15.0000 2359.2524   12.8094
    7.5000  -37.5000  -15.0000 2340.2100   13.0511
   -7.5000  -30.0000  -15.0000 2463.8025   11.4562
    0.0000  -30.0000  -15.0000 2477.9663   11.4429
    7.5000  -30.0000  -15.0000 2460.3296   11.6842
   -7.5000  -22.5000  -15.0000 2579.5601   10.4127
    0.0000  -22.5000  -15.0000 2593.6165   10.3968
    7.5000  -22.5000  -15.0000 2578.2456   10.6192
   -7.5000  -15.0000  -15.0000 2686.8257    9.6220
    0.0000  -15.0000  -15.0000 2705.6060    9.6132
    7.5000  -15.0000  -15.0000 2686.4062    9.7994
   -7.5000   -7.5000  -15.0000 2778.4622    9.0555
    0.0000   -7.5000  -15.0000 2799.8350    9.0503
    7.5000   -7.5000  -15.0000 2780.7075    9.2289
   -7.5000    0.0000  -15.0000 2840.0000    8.7139
    0.0000    0.0000  -15.0000 2865.0537    8.6968
    7.5000    0.0000  -15.0000 2839.4915    8.8699
   -7.5000    7.5000  -15.0000 2889.2844    8.5327
    0.0000    7.5000  -15.0000 2918.0249    8.5208
    7.5000    7.5000  -15.0000 2874.3696    8.7488
   -7.5000   15.0000  -15.0000 2888.8831    8.6563
    0.0000   15.0000  -15.0000 2911.8787    8.6304
    7.5000   15.0000  -15.0000 2868.8459    8.8703
   -7.5000   22.5000  -15.0000 2847.0955    9.0238
    0.0000   22.5000  -15.0000 2869.3872    8.9804
    7.5000   22.5000  -15.0000 2836.3811    9.2196
   -7.5000   30.0000  -15.0000 2775.8870    9.5175
    0.0000   30.0000  -15.0000 2794.0530    9.4780
    7.5000   30.0000  -15.0000 2771.6292    9.7135
   -7.5000   37.5000  -15.0000 2679.6357   10.2219
    0.0000   37.5000  -15.0000 2691.2798   10.1928
    7.5000   37.5000  -15.0000 2672.5857   10.4247
   -7.5000   45.0000  -15.0000 2554.8398   11.1879
    0.0000   45.0000  -15.0000 2569.1926   11.1698
    7.5000   45.0000  -15.0000 2541.0710   11.4152
   -7.5000  -45.0000   -7.5000 2194.2649   14.5038
    0.0000  -45.0000   -7.5000 2208.6433   14.4964
    7.5000  -45.0000   -7.5000 2197.6521   14.7835
   -7.5000  -37.5000   -7.5000 2330.5808   12.7155
    0.0000  -37.5000   -7.5000 2344.9006   12.7141
    7.5000  -37.5000   -7.5000 2330.6792   12.9574
   -7.5000  -30.0000   -7.5000 2448.4712   11.3648
    0.0000  -30.0000   -7.5000 2464.3208   11.3343
    7.5000  -30.0000   -7.5000 2452.0098   11.5693
   -7.5000  -22.5000   -7.5000 2564.9165   10.2960
    0.0000  -22.5000   -7.5000 2582.0903   10.2775
    7.5000  -22.5000   -7.5000 2569.9077   10.4919
   -7.5000  -15.0000   -7.5000 2682.5676    9.4961
    0.0000  -15.0000   -7.5000 2704.6445    9.4867
    7.5000  -15.0000   -7.5000 2691.6648    9.6807
   -7.5000   -7.5000   -7.5000 2790.2715    8.9518
    0.0000   -7.5000   -7.5000 2812.4478    8.9482
    7.5000   -7.5000   -7.5000 2800.6929    9.1116
   -7.5000    0.0000   -7.5000 2867.7546    8.6805
    0.0000    0.0000   -7.5000 2908.6172    8.6990
    7.5000    0.0000   -7.5000 2882.1306    8.7881
   -7.5000    7.5000   -7.5000 2930.8105    8.4882
    0.0000    7.5000   -7.5000 2982.9067    8.5209
    7.5000    7.5000   -7.5000 2927.7644    8.6452
   -7.5000   15.0000   -7.5000 2944.2488    8.5264
    0.0000   15.0000   -7.5000 2982.3655    8.5291
    7.5000   15.0000   -7.5000 2925.2214    8.7095
   -7.5000   22.5000   -7.5000 2894.2444    8.8344
    0.0000   22.5000   -7.5000 2922.4866    8.8186
    7.5000   22.5000   -7.5000 2879.2654    9.0087
   -7.5000   30.0000   -7.5000 2811.9241    9.2939
    0.0000   30.0000   -7.5000 2834.1411    9.2460
    7.5000   30.0000   -7.5000 2806.2402    9.4446
   -7.5000   37.5000   -7.5000 2705.3679    9.9952
    0.0000   37.5000   -7.5000 2725.3840    9.9531
    7.5000   37.5000   -7.5000 2702.8923   10.1273
   -7.5000   45.0000   -7.5000 2579.1531   10.9865
    0.0000   45.0000   -7.5000 2595.9712   10.9848
    7.5000   45.0000   -7.5000 2564.8345   11.1303
   -7.5000  -45.0000    0.0000 2174.2231   14.7207
    0.0000  -45.0000    0.0000 2192.2056   14.7283
    7.5000  -45.0000    0.0000 2177.4714   14.9786
   -7.5000  -37.5000    0.0000 2308.5293   12.8707
    0.0000  -37.5000    0.0000 2321.4871   12.8608
    7.5000  -37.5000    0.0000 2313.3354   13.0998
   -7.5000  -30.0000    0.0000 2426.9927   11.4487
    0.0000  -30.0000    0.0000 2440.8274   11.4387
    7.5000  -30.0000    0.0000 2434.8960   11.6437
   -7.5000  -22.5000    0.0000 2540.3921   10.3659
    0.0000  -22.5000    0.0000 2561.3870   10.3860
    7.5000  -22.5000    0.0000 2550.6108   10.5516
   -7.5000  -15.0000    0.0000 2666.5955    9.5728
    0.0000  -15.0000    0.0000 2691.9287    9.6109
    7.5000  -15.0000    0.0000 2678.9202    9.7342
   -7.5000   -7.5000    0.0000 2784.7642    9.0633
    0.0000   -7.5000    0.0000 2814.6636    9.1111
    7.5000   -7.5000    0.0000 2795.8879    9.1904
   -7.5000    0.0000    0.0000 2884.8796    8.7969
    0.0000    0.0000    0.0000 2939.7976    8.8862
    7.5000    0.0000    0.0000 2888.8411    8.8615
   -7.5000    7.5000    0.0000 2962.1453    8.6187
    0.0000    7.5000    0.0000 3030.9333    8.7167
    7.5000    7.5000    0.0000 2947.3403    8.7156
   -7.5000   15.0000    0.0000 2973.6741    8.5837
    0.0000   15.0000    0.0000 3034.2014    8.6231
    7.5000   15.0000    0.0000 2947.8367    8.7270
   -7.5000   22.5000    0.0000 2914.9043    8.8195
    0.0000   22.5000    0.0000 2949.0786    8.7957
    7.5000   22.5000    0.0000 2893.8787    8.9512
   -7.5000   30.0000    0.0000 2825.5159    9.2342
    0.0000   30.0000    0.0000 2848.3987    9.1780
    7.5000   30.0000    0.0000 2817.4338    9.3523
   -7.5000   37.5000    0.0000 2711.1655    9.9368
    0.0000   37.5000    0.0000 2729.7236    9.8710
    7.5000   37.5000    0.0000 2704.1826   10.0399
   -7.5000   45.0000    0.0000 2582.5962   10.9271
    0.0000   45.0000    0.0000 2595.0730   10.9058
    7.5000   45.0000    0.0000 2569.0217   11.0339
   -7.5000  -45.0000    7.5000 2148.2334   15.0609
    0.0000  -45.0000    7.5000 2169.3354   15.1109
    7.5000  -45.0000    7.5000 2154.0447   15.2916
   -7.5000  -37.5000    7.5000 2288.3730   13.1235
    0.0000  -37.5000    7.5000 2305.8872   13.1636
    7.5000  -37.5000    7.5000 2295.3459   13.3536
   -7.5000  -30.0000    7.5000 2404.7214   11.7016
    0.0000  -30.0000    7.5000 2425.8823   11.7841
    7.5000  -30.0000    7.5000 2413.5640   11.9144
   -7.5000  -22.5000    7.5000 2522.3157   10.6509
    0.0000  -22.5000    7.5000 2545.3953   10.7260
    7.5000  -22.5000    7.5000 2529.2102   10.8519
   -7.5000  -15.0000    7.5000 2651.2205    9.8543
    0.0000  -15.0000    7.5000 2678.0566    9.9306
    7.5000  -15.0000    7.5000 2653.6887   10.0341
   -7.5000   -7.5000    7.5000 2772.3518    9.3093
    0.0000   -7.5000    7.5000 2802.7712    9.3973
    7.5000   -7.5000    7.5000 2770.0457    9.4485
   -7.5000    0.0000    7.5000 2877.0698    8.9667
    0.0000    0.0000    7.5000 2920.0762    9.0323
    7.5000    0.0000    7.5000 2870.8408    9.0585
   -7.5000    7.5000    7.5000 2954.1389    8.7063
    0.0000    7.5000    7.5000 3000.3845    8.7469
    7.5000    7.5000    7.5000 2927.9929    8.8660
   -7.5000   15.0000    7.5000 2966.8701    8.7342
    0.0000   15.0000    7.5000 3008.2771    8.7035
    7.5000   15.0000    7.5000 2930.7141    8.8943
   -7.5000   22.5000    7.5000 2909.7124    9.0134
    0.0000   22.5000    7.5000 2938.9199    8.9744
    7.5000   22.5000    7.5000 2877.6121    9.1372
   -7.5000   30.0000    7.5000 2808.8501    9.4411
    0.0000   30.0000    7.5000 2826.7844    9.4086
    7.5000   30.0000    7.5000 2795.2424    9.5787
   -7.5000   37.5000    7.5000 2694.3040   10.1011
    0.0000   37.5000    7.5000 2705.7346   10.0588
    7.5000   37.5000    7.5000 2680.6294   10.2132
   -7.5000   45.0000    7.5000 2566.8147   11.0206
    0.0000   45.0000    7.5000 2574.3723   11.0001
    7.5000   45.0000    7.5000 2554.5330   11.1393
   -7.5000  -45.0000   15.0000 2113.7778   15.6116
    0.0000  -45.0000   15.0000 2138.2358   15.6993
    7.5000  -45.0000   15.0000 2120.6760   15.8844
   -7.5000  -37.5000   15.0000 2262.7253   13.6076
    0.0000  -37.5000   15.0000 2283.3333   13.7055
    7.5000  -37.5000   15.0000 2267.9375   13.8665
   -7.5000  -30.0000   15.0000 2385.1248   12.1232
    0.0000  -30.0000   15.0000 2408.2314   12.2012
    7.5000  -30.0000   15.0000 2387.7710   12.3859
   -7.5000  -22.5000   15.0000 2500.3628   11.0219
    0.0000  -22.5000   15.0000 2526.4678   11.0654
    7.5000  -22.5000   15.0000 2504.5647   11.2539
   -7.5000  -15.0000   15.0000 2625.7568   10.1907
    0.0000  -15.0000   15.0000 2652.8701   10.2278
    7.5000  -15.0000   15.0000 2628.9041   10.3981
   -7.5000   -7.5000   15.0000 2741.7070    9.6092
    0.0000   -7.5000   15.0000 2770.7180    9.6238
    7.5000   -7.5000   15.0000 2741.4849    9.7770
   -7.5000    0.0000   15.0000 2838.1208    9.1612
    0.0000    0.0000   15.0000 2873.4373    9.1518
    7.5000    0.0000   15.0000 2834.3921    9.3046
   -7.5000    7.5000   15.0000 2896.2280    8.8830
    0.0000    7.5000   15.0000 2929.9692    8.8245
    7.5000    7.5000   15.0000 2883.5027    9.0926
   -7.5000   15.0000   15.0000 2911.7629    8.9187
    0.0000   15.0000   15.0000 2941.2803    8.8438
    7.5000   15.0000   15.0000 2888.5964    9.1028
   -7.5000   22.5000   15.0000 2863.9612    9.2605
    0.0000   22.5000   15.0000 2884.8809    9.1892
    7.5000   22.5000   15.0000 2838.5842    9.4060
   -7.5000   30.0000   15.0000 2764.1338    9.7862
    0.0000   30.0000   15.0000 2781.0898    9.7199
    7.5000   30.0000   15.0000 2748.5339    9.9208
   -7.5000   37.5000   15.0000 2652.4617   10.4655
    0.0000   37.5000   15.0000 2662.9897   10.4232
    7.5000   37.5000   15.0000 2639.2629   10.5845
   -7.5000   45.0000   15.0000 2527.1274   11.3237
    0.0000   45.0000   15.0000 2537.7380   11.3222
    7.5000   45.0000   15.0000 2511.1697   11.4646
   -7.5000  -45.0000   22.5000 2072.1267   16.1749
    0.0000  -45.0000   22.5000 2095.1047   16.2434
    7.5000  -45.0000   22.5000 2080.1292   16.5268
   -7.5000  -37.5000   22.5000 2228.5117   14.1464
    0.0000  -37.5000   22.5000 2247.8115   14.2111
    7.5000  -37.5000   22.5000 2235.1677   14.4420
   -7.5000  -30.0000   22.5000 2357.7910   12.5903
    0.0000  -30.0000   22.5000 2381.4661   12.6151
    7.5000  -30.0000   22.5000 2358.1277   12.8801
   -7.5000  -22.5000   22.5000 2473.6599   11.4552
    0.0000  -22.5000   22.5000 2499.9045   11.4598
    7.5000  -22.5000   22.5000 2478.3325   11.7086
   -7.5000  -15.0000   22.5000 2594.6177   10.6191
    0.0000  -15.0000   22.5000 2623.7854   10.6091
    7.5000  -15.0000   22.5000 2600.1382   10.8406
   -7.5000   -7.5000   22.5000 2701.5647    9.9859
    0.0000   -7.5000   22.5000 2729.2800    9.9387
    7.5000   -7.5000   22.5000 2703.9307   10.1696
   -7.5000    0.0000   22.5000 2785.0630    9.4881
    0.0000    0.0000   22.5000 2812.5569    9.4077
    7.5000    0.0000   22.5000 2779.4929    9.6754
   -7.5000    7.5000   22.5000 2831.6111    9.2266
    0.0000    7.5000   22.5000 2859.7310    9.1430
    7.5000    7.5000   22.5000 2824.0229    9.4168
   -7.5000   15.0000   22.5000 2838.5957    9.2677
    0.0000   15.0000   22.5000 2862.6182    9.1903
    7.5000   15.0000   22.5000 2822.6450    9.4435
   -7.5000   22.5000   22.5000 2792.1526    9.6198
    0.0000   22.5000   22.5000 2810.2473    9.5529
    7.5000   22.5000   22.5000 2774.8660    9.7767
   -7.5000   30.0000   22.5000 2707.1384   10.1705
    0.0000   30.0000   22.5000 2716.0259   10.1136
    7.5000   30.0000   22.5000 2689.9253   10.3188
   -7.5000   37.5000   22.5000 2602.1780   10.8530
    0.0000   37.5000   22.5000 2613.6328   10.8125
    7.5000   37.5000   22.5000 2592.7949   10.9996
   -7.5000   45.0000   22.5000 2478.3486   11.7386
    0.0000   45.0000   22.5000 2493.8838   11.7311
    7.5000   45.0000   22.5000 2472.0371   11.8909
   -7.5000  -45.0000   30.0000 2028.9836   16.8558
    0.0000  -45.0000   30.0000 2048.1423   16.8624
    7.5000  -45.0000   30.0000 2034.8512   17.2399
   -7.5000  -37.5000   30.0000 2186.1692   14.7589
    0.0000  -37.5000   30.0000 2207.7124   14.7567
    7.5000  -37.5000   30.0000 2192.0176   15.0628
   -7.5000  -30.0000   30.0000 2319.4622   13.1615
    0.0000  -30.0000   30.0000 2345.6736   13.1344
    7.5000  -30.0000   30.0000 2319.2310   13.4477
   -7.5000  -22.5000   30.0000 2435.2544   12.0235
    0.0000  -22.5000   30.0000 2464.3052   11.9808
    7.5000  -22.5000   30.0000 2440.8616   12.2706
   -7.5000  -15.0000   30.0000 2547.2563   11.1527
    0.0000  -15.0000   30.0000 2576.6606   11.0913
    7.5000  -15.0000   30.0000 2554.0608   11.3828
   -7.5000   -7.5000   30.0000 2646.2490   10.4558
    0.0000   -7.5000   30.0000 2674.9492   10.3762
    7.5000   -7.5000   30.0000 2650.6848   10.6670
   -7.5000    0.0000   30.0000 2717.1370    9.9558
    0.0000    0.0000   30.0000 2750.2131    9.8748
    7.5000    0.0000   30.0000 2713.1760   10.1703
   -7.5000    7.5000   30.0000 2755.2393    9.7282
    0.0000    7.5000   30.0000 2781.3459    9.6495
    7.5000    7.5000   30.0000 2750.4116    9.9263
   -7.5000   15.0000   30.0000 2750.2102    9.7797
    0.0000   15.0000   30.0000 2772.8213    9.7039
    7.5000   15.0000   30.0000 2742.0850    9.9467
   -7.5000   22.5000   30.0000 2704.3521   10.1184
    0.0000   22.5000   30.0000 2723.1792   10.0591
    7.5000   22.5000   30.0000 2695.0168   10.2868
   -7.5000   30.0000   30.0000 2627.7188   10.6776
    0.0000   30.0000   30.0000 2646.0229   10.6177
    7.5000   30.0000   30.0000 2618.5923   10.8290
   -7.5000   37.5000   30.0000 2532.9143   11.3695
    0.0000   37.5000   30.0000 2547.5977   11.3013
    7.5000   37.5000   30.0000 2527.8628   11.4985
   -7.5000   45.0000   30.0000 2421.4238   12.2305
    0.0000   45.0000   30.0000 2436.6099   12.2181
    7.5000   45.0000   30.0000 2414.2112   12.3720
   -7.5000  -45.0000   37.5000 1980.7169   17.7415
    0.0000  -45.0000   37.5000 1999.2991   17.7221
    7.5000  -45.0000   37.5000 1983.6785   18.1265
   -7.5000  -37.5000   37.5000 2138.4495   15.5465
    0.0000  -37.5000   37.5000 2160.6208   15.5083
    7.5000  -37.5000   37.5000 2140.8223   15.8666
   -7.5000  -30.0000   37.5000 2275.9353   13.8968
    0.0000  -30.0000   37.5000 2300.7217   13.8438
    7.5000  -30.0000   37.5000 2274.3464   14.1709
   -7.5000  -22.5000   37.5000 2389.2205   12.7169
    0.0000  -22.5000   37.5000 2417.1694   12.6505
    7.5000  -22.5000   37.5000 2388.5647   12.9298
   -7.5000  -15.0000   37.5000 2490.3342   11.7877
    0.0000  -15.0000   37.5000 2520.1948   11.7274
    7.5000  -15.0000   37.5000 2494.4551   12.0438
   -7.5000   -7.5000   37.5000 2576.8914   11.0858
    0.0000   -7.5000   37.5000 2607.8174   11.0084
    7.5000   -7.5000   37.5000 2578.1289   11.3160
   -7.5000    0.0000   37.5000 2638.9976   10.6194
    0.0000    0.0000   37.5000 2666.2205   10.5387
    7.5000    0.0000   37.5000 2635.8669   10.8338
   -7.5000    7.5000   37.5000 2668.2805   10.4067
    0.0000    7.5000   37.5000 2692.5029   10.3280
    7.5000    7.5000   37.5000 2663.3406   10.5970
   -7.5000   15.0000   37.5000 2656.8940   10.4509
    0.0000   15.0000   37.5000 2679.0859   10.3838
    7.5000   15.0000   37.5000 2653.6633   10.6179
   -7.5000   22.5000   37.5000 2614.2217   10.7777
    0.0000   22.5000   37.5000 2631.9490   10.7291
    7.5000   22.5000   37.5000 2609.2424   10.9545
   -7.5000   30.0000   37.5000 2546.0591   11.3249
    0.0000   30.0000   37.5000 2565.5276   11.2613
    7.5000   30.0000   37.5000 2538.1655   11.4891
   -7.5000   37.5000   37.5000 2459.0593   12.0090
    0.0000   37.5000   37.5000 2475.1743   11.9488
    7.5000   37.5000   37.5000 2457.1589   12.1388
   -7.5000   45.0000   37.5000 2349.8687   12.8634
    0.0000   45.0000   37.5000 2367.0193   12.8479
    7.5000   45.0000   37.5000 2341.4719   12.9816
   -7.5000  -45.0000   45.0000 1928.2104   18.8644
    0.0000  -45.0000   45.0000 1947.6754   18.8583
    7.5000  -45.0000   45.0000 1931.5721   19.2770
   -7.5000  -37.5000   45.0000 2083.6138   16.5382
    0.0000  -37.5000   45.0000 2105.0095   16.5016
    7.5000  -37.5000   45.0000 2084.5464   16.8458
   -7.5000  -30.0000   45.0000 2216.8984   14.8043
    0.0000  -30.0000   45.0000 2244.1409   14.7744
    7.5000  -30.0000   45.0000 2215.0500   15.0772
   -7.5000  -22.5000   45.0000 2325.2646   13.5522
    0.0000  -22.5000   45.0000 2355.7786   13.5087
    7.5000  -22.5000   45.0000 2325.2612   13.7898
   -7.5000  -15.0000   45.0000 2419.0715   12.6212
    0.0000  -15.0000   45.0000 2451.2773   12.5669
    7.5000  -15.0000   45.0000 2423.0315   12.8750
   -7.5000   -7.5000   45.0000 2498.0518   11.9282
    0.0000   -7.5000   45.0000 2529.1111   11.8703
    7.5000   -7.5000   45.0000 2495.5081   12.1661
   -7.5000    0.0000   45.0000 2547.6672   11.4554
    0.0000    0.0000   45.0000 2572.2822   11.4209
    7.5000    0.0000   45.0000 2547.3931   11.6821
   -7.5000    7.5000   45.0000 2566.4888   11.2340
    0.0000    7.5000   45.0000 2591.3386   11.1869
    7.5000    7.5000   45.0000 2567.8938   11.4433
   -7.5000   15.0000   45.0000 2550.0515   11.2978
    0.0000   15.0000   45.0000 2572.3362   11.2574
    7.5000   15.0000   45.0000 2549.8777   11.4756
   -7.5000   22.5000   45.0000 2518.4844   11.5672
    0.0000   22.5000   45.0000 2539.0093   11.5375
    7.5000   22.5000   45.0000 2514.2634   11.7575
   -7.5000   30.0000   45.0000 2458.6741   12.1015
    0.0000   30.0000   45.0000 2488.5029   12.0457
    7.5000   30.0000   45.0000 2454.9321   12.2732
   -7.5000   37.5000   45.0000 2375.8572   12.7876
    0.0000   37.5000   45.0000 2399.9790   12.7386
    7.5000   37.5000   45.0000 2372.2175   12.9225
   -7.5000   45.0000   45.0000 2266.6785   13.6633
    0.0000   45.0000   45.0000 2288.4939   13.6711
    7.5000   45.0000   45.0000 2262.9685   13.7813

---------------------------------------------------------------------
imgreg_4dfp /opt/freesurfer/average/711-2C_as_mni_average_305 /opt/freesurfer/average/711-2B_as_mni_average_305_mask talsrcimg_g11 none talsrcimg_to_711-2C_as_mni_average_305_t4 1283
---------------------------------------------------------------------

freesurfer imgreg_4dfp.c
/opt/freesurfer/average/711-2C_as_mni_average_305.4dfp.img
       256       256       256         1
  1.000000  1.000000  1.000000
orientation T byte_order littleendian
Reading image: /opt/freesurfer/average/711-2C_as_mni_average_305.4dfp.img
dimensions:      256       256       256
mmppix:       1.0000   -1.0000   -1.0000
center:     128.0000 -129.0000 -129.0000
/opt/freesurfer/average/711-2B_as_mni_average_305_mask.4dfp.img
       256       256       256         1
  1.000000  1.000000  1.000000
orientation T byte_order littleendian
Reading mask: /opt/freesurfer/average/711-2B_as_mni_average_305_mask.4dfp.img (2306576 pixels)
talsrcimg_g11.4dfp.img
       256       256       256         1
  1.000000  1.000000  1.000000
orientation T byte_order littleendian
Reading image: talsrcimg_g11.4dfp.img
dimensions:      256       256       256
mmppix:       1.0000   -1.0000   -1.0000
center:     128.0000 -129.0000 -129.0000
rotation matrix determinant  1.000000
fimgreg.f
image alignment mode   1283 decimal      503 hex
parameters
    0.0000   15.0000    0.0000    0.0000    0.0000    0.0000
eta,q 0.95194  8.64611
niter,ni,del,rscale     5    3   12.0000    1.2000
parameter  2  1.450714 ->  0.500000 qaram    1.1500
parameters
   -0.7680   11.5500    0.8067   -1.8772    0.4344   -1.2454
eta,q 0.96310  8.58305
  0.0643  0.0412  0.0564  0.0431  0.0507  0.0424
  0.0549  0.0393  0.0496  0.0390  0.0454  0.0392
  0.0499  0.0427  0.0433  0.0375  0.0405  0.0371
  0.0497  0.0490  0.0395  0.0391  0.0375  0.0373
  0.0542  0.0547  0.0404  0.0428  0.0383  0.0398
  0.0629  0.0594  0.0444  0.0475  0.0427  0.0440
  0.0721  0.0650  0.0499  0.0523  0.0481  0.0492
niter,ni,del,rscale     5    3   12.0000    1.2000
parameters
   -1.2258   11.7736    0.7408   -2.2762    0.8142   -1.3945
eta,q 0.96350  8.58335
  0.0568  0.0562  0.0507  0.0458  0.0501  0.0444
  0.0456  0.0483  0.0445  0.0415  0.0448  0.0408
  0.0383  0.0400  0.0392  0.0376  0.0396  0.0378
  0.0369  0.0366  0.0367  0.0367  0.0366  0.0365
  0.0424  0.0405  0.0394  0.0389  0.0379  0.0376
  0.0520  0.0473  0.0448  0.0432  0.0424  0.0409
  0.0615  0.0533  0.0514  0.0483  0.0477  0.0457
niter,ni,del,rscale     4    3   12.0000    1.2000
parameters
   -1.3864   11.9537    0.6690   -2.4842    0.9457   -1.3878
eta,q 0.96350  8.58498
  0.0590  0.0556  0.0504  0.0460  0.0493  0.0447
  0.0473  0.0478  0.0443  0.0419  0.0440  0.0412
  0.0390  0.0397  0.0390  0.0377  0.0388  0.0381
  0.0365  0.0364  0.0365  0.0365  0.0365  0.0365
  0.0410  0.0404  0.0390  0.0384  0.0384  0.0373
  0.0503  0.0471  0.0446  0.0425  0.0431  0.0406
  0.0600  0.0531  0.0512  0.0476  0.0484  0.0452
niter,ni,del,rscale     3    3   12.0000    1.2000
parameters
   -1.4245   12.0559    0.6259   -2.6004    0.9730   -1.3699
eta,q 0.96347  8.58693
  0.0599  0.0551  0.0505  0.0461  0.0490  0.0447
  0.0481  0.0473  0.0443  0.0421  0.0436  0.0412
  0.0394  0.0395  0.0391  0.0379  0.0385  0.0381
  0.0365  0.0365  0.0365  0.0365  0.0365  0.0365
  0.0406  0.0407  0.0388  0.0382  0.0387  0.0373
  0.0496  0.0472  0.0444  0.0422  0.0433  0.0406
  0.0594  0.0532  0.0511  0.0472  0.0488  0.0452
niter,ni,del,rscale     2    3   12.0000    1.2000
parameters
   -1.4256   12.1150    0.6016   -2.6706    0.9661   -1.3579
eta,q 0.96345  8.58884
  0.0602  0.0548  0.0505  0.0462  0.0488  0.0447
  0.0484  0.0471  0.0443  0.0422  0.0435  0.0412
  0.0395  0.0394  0.0392  0.0380  0.0385  0.0381
  0.0365  0.0365  0.0366  0.0366  0.0366  0.0366
  0.0405  0.0408  0.0387  0.0381  0.0387  0.0374
  0.0494  0.0473  0.0443  0.0420  0.0434  0.0406
  0.0593  0.0533  0.0510  0.0470  0.0489  0.0453
niter,ni,del,rscale     1    3   12.0000    1.2000
parameters
   -1.4179   12.1507    0.5881   -2.7139    0.9527   -1.3511
eta,q 0.96343  8.59039
  0.0603  0.0546  0.0505  0.0463  0.0488  0.0447
  0.0485  0.0470  0.0443  0.0423  0.0435  0.0412
  0.0396  0.0394  0.0392  0.0381  0.0385  0.0381
  0.0366  0.0366  0.0366  0.0366  0.0366  0.0366
  0.0405  0.0409  0.0387  0.0381  0.0388  0.0374
  0.0493  0.0473  0.0443  0.0420  0.0434  0.0406
  0.0592  0.0534  0.0509  0.0469  0.0489  0.0453
registration optimization eta report
parameter search radius
    6.0000    6.9000    6.0000    6.0000    6.0000    6.0000
100000*second partial in parameter space
       63.       34.       38.       27.       33.       23.
  0.0603  0.0546  0.0505  0.0463  0.0488  0.0447
  0.0485  0.0470  0.0443  0.0423  0.0435  0.0412
  0.0396  0.0394  0.0392  0.0381  0.0385  0.0381
  0.0366  0.0366  0.0366  0.0366  0.0366  0.0366
  0.0405  0.0409  0.0387  0.0381  0.0388  0.0374
  0.0493  0.0473  0.0443  0.0420  0.0434  0.0406
  0.0592  0.0534  0.0509  0.0469  0.0489  0.0453
   -1.4179   12.1507    0.5881   -2.7139    0.9527   -1.3511
eta,q 0.96343  8.59039

---------------------------------------------------------------------
imgreg_4dfp /opt/freesurfer/average/711-2C_as_mni_average_305 /opt/freesurfer/average/711-2B_as_mni_average_305_mask talsrcimg_g11 none talsrcimg_to_711-2C_as_mni_average_305_t4 3335
---------------------------------------------------------------------

freesurfer imgreg_4dfp.c
/opt/freesurfer/average/711-2C_as_mni_average_305.4dfp.img
       256       256       256         1
  1.000000  1.000000  1.000000
orientation T byte_order littleendian
Reading image: /opt/freesurfer/average/711-2C_as_mni_average_305.4dfp.img
dimensions:      256       256       256
mmppix:       1.0000   -1.0000   -1.0000
center:     128.0000 -129.0000 -129.0000
/opt/freesurfer/average/711-2B_as_mni_average_305_mask.4dfp.img
       256       256       256         1
  1.000000  1.000000  1.000000
orientation T byte_order littleendian
Reading mask: /opt/freesurfer/average/711-2B_as_mni_average_305_mask.4dfp.img (2306576 pixels)
talsrcimg_g11.4dfp.img
       256       256       256         1
  1.000000  1.000000  1.000000
orientation T byte_order littleendian
Reading image: talsrcimg_g11.4dfp.img
dimensions:      256       256       256
mmppix:       1.0000   -1.0000   -1.0000
center:     128.0000 -129.0000 -129.0000
fimgreg.f
image alignment mode   3335 decimal      D07 hex
parameters
   -1.4179   12.1507    0.5881   -0.0416   -0.1418   -0.1260
    2.4339   -1.5487   -2.3576    4.7726    1.6626   -4.7341
eta,q 0.96014  8.68435
niter,ni,del,rscale     5    3    5.0000    1.2000
parameter  4  0.852121 ->  0.500000 qaram    1.1500
parameter  5  2.759289 ->  0.500000 qaram    1.1500
parameter 12  0.807804 ->  0.500000 qaram    1.1500
parameters
   -1.1488   12.5692    0.4152   -4.1816   -4.2818   -2.7143
    1.5678   -0.3669   -3.2209    4.2353    1.7379   -8.8741
eta,q 0.96861  8.47482
  0.0446  0.0421  0.0418  0.0371  0.0299  0.0337  0.0344  0.0386  0.0338  0.0354  0.0333  0.0315
  0.0423  0.0409  0.0406  0.0369  0.0318  0.0330  0.0331  0.0354  0.0328  0.0335  0.0327  0.0314
  0.0406  0.0402  0.0399  0.0377  0.0343  0.0323  0.0324  0.0332  0.0323  0.0324  0.0323  0.0316
  0.0399  0.0398  0.0397  0.0397  0.0371  0.0325  0.0323  0.0323  0.0322  0.0322  0.0321  0.0321
  0.0400  0.0398  0.0401  0.0429  0.0398  0.0340  0.0329  0.0323  0.0326  0.0329  0.0322  0.0329
  0.0410  0.0401  0.0411  0.0469  0.0430  0.0373  0.0340  0.0333  0.0335  0.0343  0.0326  0.0338
  0.0429  0.0409  0.0424  0.0508  0.0470  0.0409  0.0356  0.0354  0.0348  0.0364  0.0333  0.0349
niter,ni,del,rscale     7    3    5.0000    1.2000
parameter  5  1.173414 ->  0.500000 qaram    1.3225
parameters
   -1.0278   12.5970   -0.3675   -5.8542   -9.0428   -3.3188
    2.0632   -0.4724   -3.2267    4.8671    1.6040  -10.7188
eta,q 0.97177  8.30333
  0.0357  0.0341  0.0321  0.0338  0.0276  0.0304  0.0315  0.0325  0.0307  0.0324  0.0293  0.0291
  0.0333  0.0327  0.0314  0.0325  0.0280  0.0294  0.0299  0.0300  0.0294  0.0303  0.0287  0.0285
  0.0319  0.0318  0.0312  0.0315  0.0291  0.0288  0.0288  0.0287  0.0286  0.0290  0.0283  0.0282
  0.0314  0.0314  0.0314  0.0312  0.0312  0.0282  0.0283  0.0283  0.0283  0.0283  0.0282  0.0282
  0.0317  0.0316  0.0321  0.0321  0.0342  0.0283  0.0285  0.0288  0.0286  0.0284  0.0284  0.0286
  0.0329  0.0325  0.0332  0.0346  0.0372  0.0295  0.0293  0.0303  0.0294  0.0293  0.0287  0.0294
  0.0348  0.0341  0.0346  0.0385  0.0407  0.0321  0.0308  0.0327  0.0307  0.0313  0.0293  0.0306
niter,ni,del,rscale     7    3    5.0000    1.2000
parameters
   -0.9970   12.9889   -0.0138   -5.4310  -12.9115   -2.6009
    2.1269   -0.4630   -3.4380    5.7472    1.4993  -10.2738
eta,q 0.97302  8.20836
  0.0320  0.0323  0.0303  0.0320  0.0290  0.0300  0.0299  0.0316  0.0293  0.0312  0.0280  0.0287
  0.0299  0.0303  0.0291  0.0304  0.0277  0.0287  0.0284  0.0289  0.0281  0.0293  0.0274  0.0279
  0.0287  0.0289  0.0285  0.0290  0.0273  0.0280  0.0274  0.0275  0.0273  0.0279  0.0271  0.0272
  0.0282  0.0282  0.0281  0.0281  0.0280  0.0273  0.0271  0.0271  0.0271  0.0271  0.0270  0.0270
  0.0286  0.0282  0.0282  0.0280  0.0299  0.0269  0.0274  0.0276  0.0274  0.0271  0.0271  0.0270
  0.0298  0.0289  0.0285  0.0292  0.0330  0.0276  0.0283  0.0290  0.0283  0.0280  0.0275  0.0275
  0.0318  0.0303  0.0293  0.0319  0.0365  0.0295  0.0298  0.0314  0.0296  0.0298  0.0281  0.0285
niter,ni,del,rscale     6    3    5.0000    1.2000
parameters
   -1.0034   13.1837    0.3764   -5.2935  -13.5909   -2.3960
    2.1388   -0.4040   -3.4907    5.8527    1.5976  -10.2348
eta,q 0.97316  8.19130
  0.0307  0.0307  0.0293  0.0305  0.0307  0.0296  0.0296  0.0314  0.0292  0.0304  0.0280  0.0285
  0.0286  0.0288  0.0281  0.0289  0.0288  0.0284  0.0281  0.0288  0.0279  0.0287  0.0273  0.0276
  0.0274  0.0275  0.0274  0.0277  0.0274  0.0276  0.0272  0.0273  0.0271  0.0274  0.0270  0.0271
  0.0270  0.0270  0.0270  0.0269  0.0269  0.0269  0.0268  0.0268  0.0268  0.0268  0.0268  0.0268
  0.0274  0.0272  0.0270  0.0269  0.0276  0.0268  0.0271  0.0273  0.0272  0.0272  0.0269  0.0269
  0.0287  0.0281  0.0274  0.0281  0.0293  0.0277  0.0281  0.0288  0.0280  0.0284  0.0273  0.0275
  0.0307  0.0297  0.0282  0.0309  0.0323  0.0299  0.0296  0.0312  0.0293  0.0304  0.0279  0.0286
niter,ni,del,rscale     5    3    5.0000    1.2000
parameters
   -1.0094   13.1771    0.4376   -5.2872  -13.6699   -2.3552
    2.1445   -0.4067   -3.5218    5.8527    1.6101  -10.1996
eta,q 0.97317  8.18920
  0.0306  0.0301  0.0288  0.0303  0.0311  0.0296  0.0296  0.0313  0.0292  0.0303  0.0280  0.0285
  0.0285  0.0283  0.0277  0.0288  0.0291  0.0283  0.0281  0.0287  0.0279  0.0286  0.0273  0.0276
  0.0273  0.0272  0.0271  0.0276  0.0275  0.0275  0.0272  0.0273  0.0271  0.0274  0.0270  0.0270
  0.0268  0.0268  0.0268  0.0268  0.0268  0.0268  0.0268  0.0268  0.0268  0.0268  0.0268  0.0268
  0.0273  0.0272  0.0270  0.0269  0.0273  0.0268  0.0271  0.0273  0.0271  0.0272  0.0269  0.0269
  0.0285  0.0284  0.0276  0.0282  0.0288  0.0278  0.0281  0.0288  0.0280  0.0285  0.0273  0.0276
  0.0306  0.0301  0.0286  0.0310  0.0316  0.0301  0.0296  0.0312  0.0293  0.0305  0.0280  0.0286
niter,ni,del,rscale     4    3    5.0000    1.2000
parameters
   -1.0102   13.1725    0.4472   -5.2889  -13.6820   -2.3521
    2.1502   -0.4036   -3.5284    5.8488    1.6242  -10.1785
eta,q 0.97317  8.18863
  0.0306  0.0301  0.0287  0.0303  0.0312  0.0295  0.0296  0.0313  0.0292  0.0303  0.0280  0.0285
  0.0285  0.0283  0.0277  0.0288  0.0291  0.0283  0.0281  0.0287  0.0279  0.0286  0.0273  0.0276
  0.0272  0.0272  0.0270  0.0276  0.0275  0.0275  0.0272  0.0273  0.0271  0.0274  0.0270  0.0270
  0.0268  0.0268  0.0268  0.0268  0.0268  0.0268  0.0268  0.0268  0.0268  0.0268  0.0268  0.0268
  0.0273  0.0272  0.0270  0.0269  0.0273  0.0268  0.0271  0.0273  0.0271  0.0272  0.0269  0.0269
  0.0285  0.0283  0.0276  0.0282  0.0288  0.0278  0.0281  0.0288  0.0279  0.0285  0.0273  0.0276
  0.0306  0.0301  0.0286  0.0310  0.0315  0.0301  0.0296  0.0312  0.0292  0.0305  0.0280  0.0286
registration optimization eta report
parameter search radius
    2.4000    2.4000    2.4000    8.2800    9.5220    7.2000
    7.2000    7.2000    7.2000    7.2000    7.2000    8.2800
100000*second partial in parameter space
       65.       56.       32.        6.        5.        6.
        5.        9.        5.        7.        2.        3.
  0.0306  0.0301  0.0287  0.0303  0.0312  0.0295  0.0296  0.0313  0.0292  0.0303  0.0280  0.0285
  0.0285  0.0283  0.0277  0.0288  0.0291  0.0283  0.0281  0.0287  0.0279  0.0286  0.0273  0.0276
  0.0272  0.0272  0.0270  0.0276  0.0275  0.0275  0.0272  0.0273  0.0271  0.0274  0.0270  0.0270
  0.0268  0.0268  0.0268  0.0268  0.0268  0.0268  0.0268  0.0268  0.0268  0.0268  0.0268  0.0268
  0.0273  0.0272  0.0270  0.0269  0.0273  0.0268  0.0271  0.0273  0.0271  0.0272  0.0269  0.0269
  0.0285  0.0283  0.0276  0.0282  0.0288  0.0278  0.0281  0.0288  0.0279  0.0285  0.0273  0.0276
  0.0306  0.0301  0.0286  0.0310  0.0315  0.0301  0.0296  0.0312  0.0292  0.0305  0.0280  0.0286
   -1.0102   13.1725    0.4472   -5.2889  -13.6820   -2.3521
    2.1502   -0.4036   -3.5284    5.8488    1.6242  -10.1785
eta,q 0.97317  8.18863

---------------------------------------------------------------------
imgreg_4dfp /opt/freesurfer/average/711-2C_as_mni_average_305 /opt/freesurfer/average/711-2B_as_mni_average_305_mask talsrcimg_g11 none talsrcimg_to_711-2C_as_mni_average_305_t4 2311
---------------------------------------------------------------------

freesurfer imgreg_4dfp.c
/opt/freesurfer/average/711-2C_as_mni_average_305.4dfp.img
       256       256       256         1
  1.000000  1.000000  1.000000
orientation T byte_order littleendian
Reading image: /opt/freesurfer/average/711-2C_as_mni_average_305.4dfp.img
dimensions:      256       256       256
mmppix:       1.0000   -1.0000   -1.0000
center:     128.0000 -129.0000 -129.0000
/opt/freesurfer/average/711-2B_as_mni_average_305_mask.4dfp.img
       256       256       256         1
  1.000000  1.000000  1.000000
orientation T byte_order littleendian
Reading mask: /opt/freesurfer/average/711-2B_as_mni_average_305_mask.4dfp.img (2306576 pixels)
talsrcimg_g11.4dfp.img
       256       256       256         1
  1.000000  1.000000  1.000000
orientation T byte_order littleendian
Reading image: talsrcimg_g11.4dfp.img
dimensions:      256       256       256
mmppix:       1.0000   -1.0000   -1.0000
center:     128.0000 -129.0000 -129.0000
fimgreg.f
image alignment mode   2311 decimal      907 hex
parameters
   -1.0102   13.1725    0.4472   -5.2889  -13.6820   -2.3521
    2.1502   -0.4036   -3.5284    5.8488    1.6242  -10.1785
eta,q 0.97317  8.18863
niter,ni,del,rscale     5    3    5.0000    0.8000
parameters
   -1.0160   13.1642    0.4460   -4.3727  -13.3104   -1.5783
    2.2439   -0.3764   -3.4635    5.9013    1.6226  -10.4489
eta,q 0.97341  8.25840
  0.0285  0.0283  0.0277  0.0284  0.0282  0.0283  0.0279  0.0288  0.0277  0.0283  0.0271  0.0270
  0.0276  0.0275  0.0272  0.0278  0.0275  0.0277  0.0272  0.0275  0.0271  0.0274  0.0268  0.0268
  0.0270  0.0270  0.0269  0.0272  0.0270  0.0272  0.0268  0.0268  0.0267  0.0268  0.0267  0.0266
  0.0268  0.0268  0.0268  0.0268  0.0267  0.0267  0.0266  0.0266  0.0266  0.0266  0.0266  0.0266
  0.0270  0.0270  0.0269  0.0267  0.0268  0.0266  0.0267  0.0268  0.0267  0.0268  0.0266  0.0266
  0.0276  0.0275  0.0272  0.0270  0.0272  0.0269  0.0271  0.0275  0.0271  0.0273  0.0268  0.0268
  0.0285  0.0283  0.0277  0.0277  0.0278  0.0277  0.0279  0.0287  0.0277  0.0283  0.0271  0.0272
niter,ni,del,rscale     4    3    5.0000    0.7000
parameters
   -1.0417   13.1530    0.3749   -4.2466  -13.2121   -1.4604
    2.2709   -0.4028   -3.4328    5.9308    1.6463  -10.5496
eta,q 0.97343  8.27006
  0.0279  0.0277  0.0272  0.0277  0.0276  0.0278  0.0276  0.0282  0.0274  0.0279  0.0270  0.0269
  0.0272  0.0271  0.0268  0.0272  0.0271  0.0273  0.0270  0.0273  0.0270  0.0272  0.0267  0.0267
  0.0267  0.0267  0.0266  0.0268  0.0267  0.0269  0.0267  0.0267  0.0267  0.0267  0.0266  0.0266
  0.0266  0.0266  0.0266  0.0266  0.0266  0.0266  0.0266  0.0266  0.0266  0.0266  0.0266  0.0266
  0.0268  0.0267  0.0267  0.0266  0.0267  0.0266  0.0267  0.0268  0.0267  0.0267  0.0266  0.0266
  0.0272  0.0271  0.0269  0.0270  0.0270  0.0270  0.0270  0.0273  0.0269  0.0271  0.0267  0.0267
  0.0280  0.0278  0.0273  0.0277  0.0275  0.0278  0.0276  0.0282  0.0274  0.0279  0.0270  0.0269
niter,ni,del,rscale     3    3    5.0000    0.6000
parameters
   -1.0486   13.1622    0.3541   -4.1166  -13.1953   -1.2925
    2.2818   -0.4086   -3.4165    5.9649    1.6810  -10.7330
eta,q 0.97346  8.27984
  0.0276  0.0274  0.0270  0.0275  0.0273  0.0275  0.0273  0.0278  0.0272  0.0275  0.0268  0.0268
  0.0270  0.0270  0.0268  0.0270  0.0269  0.0271  0.0269  0.0271  0.0268  0.0270  0.0267  0.0266
  0.0267  0.0267  0.0266  0.0267  0.0266  0.0268  0.0266  0.0267  0.0266  0.0267  0.0266  0.0265
  0.0266  0.0266  0.0266  0.0266  0.0266  0.0266  0.0265  0.0265  0.0265  0.0265  0.0265  0.0265
  0.0267  0.0267  0.0266  0.0266  0.0266  0.0266  0.0266  0.0267  0.0266  0.0266  0.0266  0.0266
  0.0270  0.0269  0.0268  0.0269  0.0269  0.0269  0.0269  0.0271  0.0268  0.0270  0.0267  0.0267
  0.0276  0.0274  0.0271  0.0274  0.0273  0.0275  0.0273  0.0278  0.0272  0.0275  0.0268  0.0268
niter,ni,del,rscale     2    3    5.0000    0.5000
parameters
   -1.0509   13.1714    0.3365   -4.0034  -13.1669   -1.1495
    2.2991   -0.4097   -3.4078    5.9843    1.7017  -10.9399
eta,q 0.97347  8.28859
  0.0272  0.0271  0.0269  0.0272  0.0271  0.0273  0.0271  0.0274  0.0270  0.0272  0.0267  0.0267
  0.0269  0.0268  0.0267  0.0269  0.0268  0.0270  0.0268  0.0269  0.0267  0.0268  0.0266  0.0266
  0.0266  0.0266  0.0266  0.0267  0.0266  0.0267  0.0266  0.0266  0.0266  0.0266  0.0266  0.0265
  0.0265  0.0265  0.0265  0.0265  0.0265  0.0265  0.0265  0.0265  0.0265  0.0265  0.0265  0.0265
  0.0266  0.0266  0.0266  0.0266  0.0266  0.0266  0.0266  0.0266  0.0266  0.0266  0.0265  0.0266
  0.0269  0.0268  0.0267  0.0268  0.0268  0.0268  0.0268  0.0269  0.0267  0.0268  0.0266  0.0266
  0.0273  0.0271  0.0269  0.0272  0.0270  0.0272  0.0270  0.0274  0.0270  0.0272  0.0267  0.0267
niter,ni,del,rscale     1    3    5.0000    0.4000
parameters
   -1.0528   13.1854    0.3176   -3.8957  -13.1484   -1.0344
    2.2911   -0.4070   -3.4092    5.9947    1.7048  -11.2143
eta,q 0.97349  8.29595
  0.0270  0.0269  0.0267  0.0270  0.0269  0.0271  0.0268  0.0271  0.0268  0.0270  0.0267  0.0266
  0.0267  0.0267  0.0266  0.0268  0.0267  0.0268  0.0267  0.0268  0.0266  0.0267  0.0266  0.0265
  0.0266  0.0266  0.0265  0.0266  0.0266  0.0266  0.0266  0.0266  0.0265  0.0266  0.0265  0.0265
  0.0265  0.0265  0.0265  0.0265  0.0265  0.0265  0.0265  0.0265  0.0265  0.0265  0.0265  0.0265
  0.0266  0.0266  0.0266  0.0265  0.0266  0.0266  0.0266  0.0266  0.0265  0.0266  0.0265  0.0265
  0.0267  0.0267  0.0266  0.0267  0.0267  0.0267  0.0267  0.0268  0.0266  0.0267  0.0266  0.0266
  0.0270  0.0269  0.0268  0.0269  0.0268  0.0270  0.0269  0.0271  0.0268  0.0270  0.0267  0.0267
registration optimization eta report
parameter search radius
    0.8000    0.8000    0.8000    2.4000    2.4000    2.4000
    2.4000    2.4000    2.4000    2.4000    2.4000    2.4000
100000*second partial in parameter space
       71.       59.       36.        7.        6.        9.
        6.       10.        5.        8.        3.        2.
  0.0270  0.0269  0.0267  0.0270  0.0269  0.0271  0.0268  0.0271  0.0268  0.0270  0.0267  0.0266
  0.0267  0.0267  0.0266  0.0268  0.0267  0.0268  0.0267  0.0268  0.0266  0.0267  0.0266  0.0265
  0.0266  0.0266  0.0265  0.0266  0.0266  0.0266  0.0266  0.0266  0.0265  0.0266  0.0265  0.0265
  0.0265  0.0265  0.0265  0.0265  0.0265  0.0265  0.0265  0.0265  0.0265  0.0265  0.0265  0.0265
  0.0266  0.0266  0.0266  0.0265  0.0266  0.0266  0.0266  0.0266  0.0265  0.0266  0.0265  0.0265
  0.0267  0.0267  0.0266  0.0267  0.0267  0.0267  0.0267  0.0268  0.0266  0.0267  0.0266  0.0266
  0.0270  0.0269  0.0268  0.0269  0.0268  0.0270  0.0269  0.0271  0.0268  0.0270  0.0267  0.0267
   -1.0528   13.1854    0.3176   -3.8957  -13.1484   -1.0344
    2.2911   -0.4070   -3.4092    5.9947    1.7048  -11.2143
eta,q 0.97349  8.29595

---------------------------------------------------------------------
imgreg_4dfp /opt/freesurfer/average/711-2C_as_mni_average_305 /opt/freesurfer/average/711-2B_as_mni_average_305_mask talsrcimg_g11 none talsrcimg_to_711-2C_as_mni_average_305_t4 2311
---------------------------------------------------------------------

freesurfer imgreg_4dfp.c
/opt/freesurfer/average/711-2C_as_mni_average_305.4dfp.img
       256       256       256         1
  1.000000  1.000000  1.000000
orientation T byte_order littleendian
Reading image: /opt/freesurfer/average/711-2C_as_mni_average_305.4dfp.img
dimensions:      256       256       256
mmppix:       1.0000   -1.0000   -1.0000
center:     128.0000 -129.0000 -129.0000
/opt/freesurfer/average/711-2B_as_mni_average_305_mask.4dfp.img
       256       256       256         1
  1.000000  1.000000  1.000000
orientation T byte_order littleendian
Reading mask: /opt/freesurfer/average/711-2B_as_mni_average_305_mask.4dfp.img (2306576 pixels)
talsrcimg_g11.4dfp.img
       256       256       256         1
  1.000000  1.000000  1.000000
orientation T byte_order littleendian
Reading image: talsrcimg_g11.4dfp.img
dimensions:      256       256       256
mmppix:       1.0000   -1.0000   -1.0000
center:     128.0000 -129.0000 -129.0000
fimgreg.f
image alignment mode   2311 decimal      907 hex
parameters
   -1.0528   13.1854    0.3176   -3.8957  -13.1484   -1.0343
    2.2911   -0.4070   -3.4092    5.9947    1.7048  -11.2143
eta,q 0.97349  8.29595
niter,ni,del,rscale     5    3    5.0000    0.8000
parameters
   -1.0436   13.2014    0.3399   -4.3190  -13.1430   -1.5045
    2.2423   -0.4259   -3.4275    5.9904    1.5453  -10.6288
eta,q 0.97343  8.26994
  0.0284  0.0280  0.0275  0.0278  0.0278  0.0278  0.0279  0.0287  0.0277  0.0282  0.0271  0.0272
  0.0273  0.0272  0.0269  0.0272  0.0271  0.0273  0.0272  0.0275  0.0271  0.0274  0.0268  0.0269
  0.0267  0.0267  0.0266  0.0267  0.0267  0.0268  0.0267  0.0268  0.0267  0.0268  0.0266  0.0266
  0.0265  0.0265  0.0265  0.0265  0.0265  0.0265  0.0266  0.0266  0.0266  0.0266  0.0266  0.0266
  0.0267  0.0267  0.0266  0.0267  0.0267  0.0267  0.0267  0.0268  0.0267  0.0268  0.0266  0.0266
  0.0273  0.0272  0.0269  0.0274  0.0271  0.0275  0.0272  0.0275  0.0271  0.0273  0.0268  0.0267
  0.0283  0.0280  0.0274  0.0286  0.0278  0.0288  0.0279  0.0288  0.0277  0.0283  0.0272  0.0269
niter,ni,del,rscale     4    3    5.0000    0.7000
parameters
   -1.0417   13.1736    0.3425   -4.2412  -13.1935   -1.4419
    2.2679   -0.4049   -3.4007    5.9582    1.6155  -10.6266
eta,q 0.97344  8.27189
  0.0280  0.0277  0.0273  0.0277  0.0275  0.0278  0.0276  0.0283  0.0274  0.0278  0.0270  0.0269
  0.0272  0.0271  0.0269  0.0272  0.0270  0.0273  0.0270  0.0273  0.0269  0.0271  0.0267  0.0267
  0.0267  0.0267  0.0266  0.0268  0.0267  0.0269  0.0267  0.0267  0.0267  0.0267  0.0266  0.0266
  0.0266  0.0266  0.0266  0.0266  0.0266  0.0266  0.0266  0.0266  0.0266  0.0266  0.0266  0.0266
  0.0267  0.0267  0.0267  0.0266  0.0267  0.0266  0.0267  0.0267  0.0267  0.0267  0.0266  0.0266
  0.0272  0.0271  0.0269  0.0270  0.0270  0.0270  0.0270  0.0273  0.0269  0.0272  0.0267  0.0267
  0.0279  0.0278  0.0272  0.0278  0.0276  0.0279  0.0276  0.0282  0.0274  0.0279  0.0270  0.0269
niter,ni,del,rscale     3    3    5.0000    0.6000
parameters
   -1.0482   13.1692    0.3453   -4.1107  -13.1907   -1.2781
    2.2835   -0.4073   -3.4059    5.9740    1.6829  -10.7625
eta,q 0.97346  8.28074
  0.0276  0.0274  0.0271  0.0275  0.0273  0.0275  0.0273  0.0278  0.0272  0.0275  0.0269  0.0268
  0.0270  0.0269  0.0268  0.0270  0.0269  0.0271  0.0269  0.0271  0.0268  0.0270  0.0267  0.0266
  0.0267  0.0267  0.0266  0.0267  0.0266  0.0268  0.0266  0.0267  0.0266  0.0267  0.0266  0.0265
  0.0266  0.0266  0.0266  0.0266  0.0266  0.0266  0.0265  0.0265  0.0265  0.0265  0.0265  0.0265
  0.0267  0.0267  0.0266  0.0266  0.0266  0.0266  0.0266  0.0267  0.0266  0.0266  0.0266  0.0266
  0.0270  0.0269  0.0268  0.0269  0.0269  0.0269  0.0269  0.0271  0.0268  0.0270  0.0267  0.0267
  0.0276  0.0274  0.0271  0.0274  0.0273  0.0275  0.0273  0.0278  0.0272  0.0275  0.0268  0.0268
niter,ni,del,rscale     2    3    5.0000    0.5000
parameters
   -1.0519   13.1757    0.3333   -4.0041  -13.1662   -1.1436
    2.2986   -0.4084   -3.4083    5.9872    1.6971  -10.9662
eta,q 0.97348  8.28885
  0.0272  0.0271  0.0269  0.0272  0.0271  0.0273  0.0271  0.0274  0.0270  0.0272  0.0267  0.0267
  0.0269  0.0268  0.0267  0.0269  0.0268  0.0270  0.0268  0.0269  0.0267  0.0268  0.0266  0.0266
  0.0266  0.0266  0.0266  0.0267  0.0266  0.0267  0.0266  0.0266  0.0266  0.0266  0.0266  0.0265
  0.0265  0.0265  0.0265  0.0265  0.0265  0.0265  0.0265  0.0265  0.0265  0.0265  0.0265  0.0265
  0.0266  0.0266  0.0266  0.0266  0.0266  0.0266  0.0266  0.0266  0.0266  0.0266  0.0265  0.0266
  0.0269  0.0268  0.0267  0.0268  0.0268  0.0268  0.0268  0.0269  0.0267  0.0268  0.0266  0.0266
  0.0273  0.0271  0.0269  0.0272  0.0270  0.0272  0.0270  0.0274  0.0270  0.0272  0.0267  0.0267
niter,ni,del,rscale     1    3    5.0000    0.4000
parameters
   -1.0547   13.1856    0.3135   -3.8930  -13.1361   -1.0343
    2.2815   -0.4086   -3.4068    6.0023    1.6982  -11.1890
eta,q 0.97349  8.29644
  0.0270  0.0269  0.0267  0.0270  0.0269  0.0271  0.0268  0.0271  0.0268  0.0270  0.0267  0.0266
  0.0267  0.0267  0.0266  0.0268  0.0267  0.0268  0.0267  0.0268  0.0266  0.0267  0.0266  0.0265
  0.0266  0.0266  0.0265  0.0266  0.0266  0.0266  0.0266  0.0266  0.0265  0.0266  0.0265  0.0265
  0.0265  0.0265  0.0265  0.0265  0.0265  0.0265  0.0265  0.0265  0.0265  0.0265  0.0265  0.0265
  0.0266  0.0266  0.0266  0.0265  0.0266  0.0266  0.0265  0.0266  0.0265  0.0266  0.0265  0.0265
  0.0267  0.0267  0.0266  0.0267  0.0267  0.0267  0.0267  0.0268  0.0266  0.0267  0.0266  0.0266
  0.0270  0.0269  0.0268  0.0269  0.0268  0.0270  0.0269  0.0271  0.0268  0.0270  0.0267  0.0266
registration optimization eta report
parameter search radius
    0.8000    0.8000    0.8000    2.4000    2.4000    2.4000
    2.4000    2.4000    2.4000    2.4000    2.4000    2.4000
100000*second partial in parameter space
       71.       59.       36.        7.        6.        9.
        6.       10.        5.        8.        3.        2.
  0.0270  0.0269  0.0267  0.0270  0.0269  0.0271  0.0268  0.0271  0.0268  0.0270  0.0267  0.0266
  0.0267  0.0267  0.0266  0.0268  0.0267  0.0268  0.0267  0.0268  0.0266  0.0267  0.0266  0.0265
  0.0266  0.0266  0.0265  0.0266  0.0266  0.0266  0.0266  0.0266  0.0265  0.0266  0.0265  0.0265
  0.0265  0.0265  0.0265  0.0265  0.0265  0.0265  0.0265  0.0265  0.0265  0.0265  0.0265  0.0265
  0.0266  0.0266  0.0266  0.0265  0.0266  0.0266  0.0265  0.0266  0.0265  0.0266  0.0265  0.0265
  0.0267  0.0267  0.0266  0.0267  0.0267  0.0267  0.0267  0.0268  0.0266  0.0267  0.0266  0.0266
  0.0270  0.0269  0.0268  0.0269  0.0268  0.0270  0.0269  0.0271  0.0268  0.0270  0.0267  0.0266
   -1.0547   13.1856    0.3135   -3.8930  -13.1361   -1.0343
    2.2815   -0.4086   -3.4068    6.0023    1.6982  -11.1890
eta,q 0.97349  8.29644

---------------------------------------------------------------------
compute_vox2vox talsrcimg talsrcimg_to_711-2C_as_mni_average_305_t4 /opt/freesurfer/average/711-2C_as_mni_average_305
---------------------------------------------------------------------

freesurfer compute_vox2vox.c
Reading: talsrcimg.4dfp.ifh
Reading: talsrcimg_to_711-2C_as_mni_average_305_t4
Reading: /opt/freesurfer/average/711-2C_as_mni_average_305.4dfp.ifh
Writing: talsrcimg_to_711-2C_as_mni_average_305_t4_vox2vox.txt

start time Tue Mar 10 08:14:10 CET 2026
end		time Tue Mar 10 08:15:37 CET 2026

mpr2mni305 success

avi2talxfm orig_nu.mgz /opt/freesurfer/average/mni305.cor.mgz talsrcimg_to_711-2C_as_mni_average_305_t4_vox2vox.txt transforms/talairach.auto.xfm
avi2talxfm done
mv -f /out/sourcedata/freesurfer/sub-v2s0x29014_ses-1/mri/talsrcimg_to_711-2C_as_mni_average_305_t4_vox2vox.txt /out/sourcedata/freesurfer/sub-v2s0x29014_ses-1/mri/transforms/talsrcimg_to_711-2C_as_mni_average_305_t4_vox2vox.txt
lta_convert --src orig_nu.mgz --trg /opt/freesurfer/average/mni305.cor.mgz --inxfm transforms/talairach.auto.xfm --outlta transforms/talairach.auto.xfm.lta --subject fsaverage
7.3.2

--src: orig_nu.mgz src image (geometry).
--trg: /opt/freesurfer/average/mni305.cor.mgz trg image (geometry).
--inmni: transforms/talairach.auto.xfm input MNI/XFM transform.
--outlta: transforms/talairach.auto.xfm.lta output LTA.
--s: fsaverage subject name
 LTA read, type : 1
 1.03946   0.00590  -0.02654   0.33806;
-0.01312   1.00254   0.12948  -46.29178;
 0.04168  -0.06904   1.14124  -10.05090;
 0.00000   0.00000   0.00000   1.00000;
setting subject to fsaverage
Writing  LTA to file transforms/talairach.auto.xfm.lta...
lta_convert successful.
 
 
Started at Tue Mar 10 08:14:09 CET 2026
Ended   at Tue Mar 10 08:15:37 CET 2026
talairach_avi done
