status file for recon-all
Tue Mar 10 12:48:31 CET 2026
#@# T2/FLAIR Input Tue Mar 10 12:48:33 CET 2026
#@# MotionCor Tue Mar 10 12:48:34 CET 2026
#@# Talairach Tue Mar 10 12:48:42 CET 2026
#@# Talairach Failure Detection Tue Mar 10 12:53:11 CET 2026
#@# Nu Intensity Correction Tue Mar 10 12:53:11 CET 2026
#@# Intensity Normalization Tue Mar 10 12:56:26 CET 2026
recon-all -s sub-v2s0x29053_ses-1 finished without error at Tue Mar 10 12:57:55 CET 2026



#New# invocation of recon-all 



status file for recon-all
Tue Mar 10 13:05:26 CET 2026
#@# EM Registration Tue Mar 10 13:05:26 CET 2026
recon-all -s sub-v2s0x29053_ses-1 finished without error at Tue Mar 10 13:07:43 CET 2026



#New# invocation of recon-all 



status file for recon-all
Tue Mar 10 13:07:44 CET 2026
#@# CA Normalize Tue Mar 10 13:07:44 CET 2026
#@# CA Reg Tue Mar 10 13:09:04 CET 2026
#@# SubCort Seg Tue Mar 10 13:59:41 CET 2026
#@# CC Seg Tue Mar 10 14:26:59 CET 2026
#@# Merge ASeg Tue Mar 10 14:27:45 CET 2026
#@# Intensity Normalization2 Tue Mar 10 14:27:45 CET 2026
#@# Mask BFS Tue Mar 10 14:30:06 CET 2026
#@# WM Segmentation Tue Mar 10 14:30:07 CET 2026
#@# Fill Tue Mar 10 14:32:00 CET 2026
recon-all -s sub-v2s0x29053_ses-1 finished without error at Tue Mar 10 14:33:05 CET 2026



#New# invocation of recon-all 



status file for recon-all
Tue Mar 10 15:14:13 CET 2026
#@# Refine Pial Surfs w/ T2/FLAIR Tue Mar 10 15:14:13 CET 2026
#@# white curv lh Tue Mar 10 15:38:31 CET 2026
#@# white area lh Tue Mar 10 15:38:31 CET 2026
#@# pial curv lh Tue Mar 10 15:38:31 CET 2026
#@# pial area lh Tue Mar 10 15:38:33 CET 2026
#@# thickness lh Tue Mar 10 15:38:33 CET 2026
#@# area and vertex vol lh Tue Mar 10 15:39:01 CET 2026
#@# white curv rh Tue Mar 10 15:39:03 CET 2026
#@# white area rh Tue Mar 10 15:39:03 CET 2026
#@# pial curv rh Tue Mar 10 15:39:03 CET 2026
#@# pial area rh Tue Mar 10 15:39:05 CET 2026
#@# thickness rh Tue Mar 10 15:39:05 CET 2026
#@# area and vertex vol rh Tue Mar 10 15:39:35 CET 2026
#@# Cortical ribbon mask Tue Mar 10 15:39:37 CET 2026
recon-all -s sub-v2s0x29053_ses-1 finished without error at Tue Mar 10 15:43:53 CET 2026



#New# invocation of recon-all 



status file for recon-all
Tue Mar 10 15:50:33 CET 2026
#@# white curv lh Tue Mar 10 15:50:33 CET 2026
#@# white area lh Tue Mar 10 15:50:33 CET 2026
#@# pial curv lh Tue Mar 10 15:50:33 CET 2026
#@# pial area lh Tue Mar 10 15:50:33 CET 2026
#@# thickness lh Tue Mar 10 15:50:33 CET 2026
#@# area and vertex vol lh Tue Mar 10 15:50:33 CET 2026
#@# white curv rh Tue Mar 10 15:50:33 CET 2026
#@# white area rh Tue Mar 10 15:50:33 CET 2026
#@# pial curv rh Tue Mar 10 15:50:33 CET 2026
#@# pial area rh Tue Mar 10 15:50:33 CET 2026
#@# thickness rh Tue Mar 10 15:50:34 CET 2026
#@# area and vertex vol rh Tue Mar 10 15:50:34 CET 2026
#@# Curvature Stats lh Tue Mar 10 15:50:34 CET 2026
#@# Curvature Stats rh Tue Mar 10 15:50:36 CET 2026
#@# Relabel Hypointensities Tue Mar 10 15:50:38 CET 2026
#@# APas-to-ASeg Tue Mar 10 15:50:53 CET 2026
#@# AParc-to-ASeg aparc Tue Mar 10 15:51:01 CET 2026
#@# AParc-to-ASeg aparc.a2009s Tue Mar 10 15:51:24 CET 2026
#@# AParc-to-ASeg aparc.DKTatlas Tue Mar 10 15:51:43 CET 2026
#@# WMParc Tue Mar 10 15:52:05 CET 2026
#@# ASeg Stats Tue Mar 10 15:55:58 CET 2026
recon-all -s sub-v2s0x29053_ses-1 finished without error at Tue Mar 10 15:56:38 CET 2026
