status file for recon-all
Tue Mar 10 14:53:53 CET 2026
#@# Tessellate rh Tue Mar 10 14:53:53 CET 2026
#@# Smooth1 rh Tue Mar 10 14:53:57 CET 2026
#@# Inflation1 rh Tue Mar 10 14:53:59 CET 2026
#@# QSphere rh Tue Mar 10 14:54:12 CET 2026
#@# Fix Topology rh Tue Mar 10 14:55:19 CET 2026
#@# Smooth2 rh Tue Mar 10 15:01:02 CET 2026
#@# Inflation2 rh Tue Mar 10 15:01:05 CET 2026
#@# Curv .H and .K rh Tue Mar 10 15:01:21 CET 2026
#@# Sphere rh Tue Mar 10 15:02:07 CET 2026
#@# Surf Reg rh Tue Mar 10 15:03:28 CET 2026
#@# Jacobian white rh Tue Mar 10 15:06:58 CET 2026
#@# AvgCurv rh Tue Mar 10 15:06:59 CET 2026
#@# Cortical Parc rh Tue Mar 10 15:07:00 CET 2026
#@# white curv rh Tue Mar 10 15:13:01 CET 2026
#@# white area rh Tue Mar 10 15:13:03 CET 2026
#@# pial curv rh Tue Mar 10 15:13:03 CET 2026
#@# pial area rh Tue Mar 10 15:13:05 CET 2026
#@# thickness rh Tue Mar 10 15:13:06 CET 2026
#@# area and vertex vol rh Tue Mar 10 15:13:36 CET 2026
#@# Curvature Stats rh Tue Mar 10 15:13:37 CET 2026
#@# Cortical Parc 2 rh Tue Mar 10 15:13:40 CET 2026
#@# Cortical Parc 3 rh Tue Mar 10 15:13:54 CET 2026
#@# WM/GM Contrast rh Tue Mar 10 15:14:04 CET 2026
recon-all -s sub-v2s0x29053_ses-1 finished without error at Tue Mar 10 15:14:07 CET 2026



#New# invocation of recon-all 



status file for recon-all
Tue Mar 10 15:47:15 CET 2026
#@# white curv rh Tue Mar 10 15:47:15 CET 2026
#@# white area rh Tue Mar 10 15:47:15 CET 2026
#@# pial curv rh Tue Mar 10 15:47:15 CET 2026
#@# pial area rh Tue Mar 10 15:47:15 CET 2026
#@# thickness rh Tue Mar 10 15:47:15 CET 2026
#@# area and vertex vol rh Tue Mar 10 15:47:15 CET 2026
#@# Parcellation Stats rh Tue Mar 10 15:47:15 CET 2026
#@# Parcellation Stats 2 rh Tue Mar 10 15:47:33 CET 2026
#@# Parcellation Stats 3 rh Tue Mar 10 15:47:42 CET 2026
#@# BA_exvivo Labels rh Tue Mar 10 15:47:52 CET 2026
recon-all -s sub-v2s0x29053_ses-1 finished without error at Tue Mar 10 15:50:29 CET 2026
