/out/sourcedata/freesurfer/sub-v2s0x29041_ses-1/mri
/opt/freesurfer/bin/talairach_avi
--i orig_nu.mgz --xfm transforms/talairach.auto.xfm
talairach_avi 7.3.2
Linux dna025 5.14.0-427.37.1.el9_4.x86_64 #1 SMP PREEMPT_DYNAMIC Fri Sep 13 12:41:50 EDT 2024 x86_64 x86_64 x86_64 GNU/Linux
Tue Mar 10 09:53:00 CET 2026
mri_convert orig_nu.mgz talsrcimg.img 
reading from orig_nu.mgz...
TR=0.00, TE=0.00, TI=0.00, flip angle=0.00
i_ras = (-1, 0, 0)
j_ras = (0, 0, -1)
k_ras = (0, 1, 0)
writing to talsrcimg.img...
Analyze Output Matrix
-1.00000   0.00000   0.00000   135.28574;
 0.00000   0.00000   1.00000  -72.64915;
 0.00000  -1.00000   0.00000   169.88080;
 0.00000   0.00000   0.00000   1.00000;
--------------------
INFO: set hdr.hist.orient to -1
mpr2mni305 talsrcimg
Tue Mar 10 09:53:00 CET 2026
/opt/freesurfer/bin/mpr2mni305 talsrcimg
mpr2mni305 7.3.2
target=711-2C_as_mni_average_305

---------------------------------------------------------------------
analyzeto4dfp talsrcimg -O0 -y
---------------------------------------------------------------------

freesurfer ifh2hdr.c
Tue Mar 10 09:53:00 2026
Writing: talsrcimg.4dfp.hdr
freesurfer analyzeto4dfp.c
Reading: talsrcimg.hdr
header size 348 bytes
hdr.dime.datatype	offset=70	value=2
hdr.dime.bitpix		offset=72	value=8
hdr.hist.orient		offset=252	value=-1
dimensionality     4
dimensions       256       256       256         1
Reading: talsrcimg.img
Writing: talsrcimg.4dfp.img
Writing: talsrcimg.4dfp.ifh
ifh2hdr talsrcimg -r0to255
ori=2

---------------------------------------------------------------------
gauss_4dfp talsrcimg 1.1
---------------------------------------------------------------------

freesurfer gauss_4dfp.c
Reading: talsrcimg.4dfp.img
Writing: talsrcimg_g11.4dfp.img
image dimensions 256 256 256 padded to 288 288 288
processing volume 1freesurfer ifh2hdr.c
Tue Mar 10 09:53:02 2026
Writing: talsrcimg_g11.4dfp.hdr

Writing: talsrcimg_g11.4dfp.ifh
including: talsrcimg.4dfp.img.rec in talsrcimg_g11.4dfp.img.rec

---------------------------------------------------------------------
imgreg_4dfp /opt/freesurfer/average/711-2C_as_mni_average_305 none talsrcimg_g11 none talsrcimg_to_711-2C_as_mni_average_305_t4 4355
---------------------------------------------------------------------

freesurfer imgreg_4dfp.c
/opt/freesurfer/average/711-2C_as_mni_average_305.4dfp.img
       256       256       256         1
  1.000000  1.000000  1.000000
orientation T byte_order littleendian
Reading image: /opt/freesurfer/average/711-2C_as_mni_average_305.4dfp.img
dimensions:      256       256       256
mmppix:       1.0000   -1.0000   -1.0000
center:     128.0000 -129.0000 -129.0000
talsrcimg_g11.4dfp.img
       256       256       256         1
  1.000000  1.000000  1.000000
orientation T byte_order littleendian
Reading image: talsrcimg_g11.4dfp.img
dimensions:      256       256       256
mmppix:       1.0000   -1.0000   -1.0000
center:     128.0000 -129.0000 -129.0000
t4_read: open error in t4_sub.f l:  41 t4_file(1:l)talsrcimg_to_711-2C_as_mni_average_305_t4 
t4_read: transform initialized to I4
rotation matrix determinant  1.000000
image alignment mode   4355 decimal     1103 hex
   -7.5000  -45.0000  -45.0000 9282.4375   12.1911
    0.0000  -45.0000  -45.0000 9681.5479   12.1949
    7.5000  -45.0000  -45.0000 9220.0166   12.1825
   -7.5000  -37.5000  -45.0000 9800.7832   12.1720
    0.0000  -37.5000  -45.000010235.4473   12.1773
    7.5000  -37.5000  -45.0000 9726.7363   12.1648
   -7.5000  -30.0000  -45.000010631.5391   12.1369
    0.0000  -30.0000  -45.000011119.0967   12.1441
    7.5000  -30.0000  -45.000010565.2373   12.1331
   -7.5000  -22.5000  -45.000011345.5469   12.1215
    0.0000  -22.5000  -45.000011850.1592   12.1288
    7.5000  -22.5000  -45.000011254.7959   12.1193
   -7.5000  -15.0000  -45.000011982.3203   12.1380
    0.0000  -15.0000  -45.000012564.7744   12.1436
    7.5000  -15.0000  -45.000011872.6826   12.1337
   -7.5000   -7.5000  -45.000012554.4414   12.1725
    0.0000   -7.5000  -45.000013186.1182   12.1764
    7.5000   -7.5000  -45.000012413.7080   12.1652
   -7.5000    0.0000  -45.000013077.2266   12.1911
    0.0000    0.0000  -45.000013715.7119   12.1949
    7.5000    0.0000  -45.000012902.2578   12.1825
   -7.5000    7.5000  -45.000012688.5264   12.1720
    0.0000    7.5000  -45.000013305.6387   12.1773
    7.5000    7.5000  -45.000012515.4248   12.1648
   -7.5000   15.0000  -45.000012007.1934   12.1369
    0.0000   15.0000  -45.000012581.5752   12.1441
    7.5000   15.0000  -45.000011857.4287   12.1331
   -7.5000   22.5000  -45.000011281.1055   12.1198
    0.0000   22.5000  -45.000011818.3057   12.1272
    7.5000   22.5000  -45.000011122.2695   12.1176
   -7.5000   30.0000  -45.000010259.1885   11.9762
    0.0000   30.0000  -45.000010715.3975   11.9818
    7.5000   30.0000  -45.000010078.8721   11.9720
   -7.5000   37.5000  -45.0000 9654.1445   12.0103
    0.0000   37.5000  -45.000010024.8369   12.0142
    7.5000   37.5000  -45.0000 9477.7354   12.0031
   -7.5000   45.0000  -45.0000 8713.0479   11.7232
    0.0000   45.0000  -45.0000 9031.2754   11.7268
    7.5000   45.0000  -45.0000 8586.5615   11.7149
   -7.5000  -45.0000  -37.5000 9693.0254   12.1871
    0.0000  -45.0000  -37.500010129.7559   12.1899
    7.5000  -45.0000  -37.5000 9627.6475   12.1808
   -7.5000  -37.5000  -37.500010211.1914   12.1710
    0.0000  -37.5000  -37.500010674.3887   12.1750
    7.5000  -37.5000  -37.500010132.7344   12.1639
   -7.5000  -30.0000  -37.500011059.3037   12.1382
    0.0000  -30.0000  -37.500011564.5254   12.1443
    7.5000  -30.0000  -37.500010988.6494   12.1327
   -7.5000  -22.5000  -37.500011804.1475   12.1218
    0.0000  -22.5000  -37.500012350.6279   12.1293
    7.5000  -22.5000  -37.500011724.3340   12.1190
   -7.5000  -15.0000  -37.500012459.6445   12.1351
    0.0000  -15.0000  -37.500013086.2334   12.1416
    7.5000  -15.0000  -37.500012363.1768   12.1326
   -7.5000   -7.5000  -37.500013064.3184   12.1674
    0.0000   -7.5000  -37.500013739.0195   12.1715
    7.5000   -7.5000  -37.500012928.8369   12.1631
   -7.5000    0.0000  -37.500013625.3799   12.1871
    0.0000    0.0000  -37.500014320.5557   12.1899
    7.5000    0.0000  -37.500013450.8896   12.1808
   -7.5000    7.5000  -37.500013234.2334   12.1710
    0.0000    7.5000  -37.500013914.5391   12.1750
    7.5000    7.5000  -37.500013061.0996   12.1639
   -7.5000   15.0000  -37.500012477.7256   12.1382
    0.0000   15.0000  -37.500013126.5664   12.1443
    7.5000   15.0000  -37.500012336.4102   12.1327
   -7.5000   22.5000  -37.500011675.7871   12.1202
    0.0000   22.5000  -37.500012256.2979   12.1276
    7.5000   22.5000  -37.500011526.0566   12.1173
   -7.5000   30.0000  -37.500010604.8164   11.9734
    0.0000   30.0000  -37.500011107.7568   11.9798
    7.5000   30.0000  -37.500010461.6943   11.9709
   -7.5000   37.5000  -37.5000 9986.5645   12.0053
    0.0000   37.5000  -37.500010409.3262   12.0093
    7.5000   37.5000  -37.5000 9804.7275   12.0010
   -7.5000   45.0000  -37.5000 9001.5898   11.7193
    0.0000   45.0000  -37.5000 9367.0449   11.7220
    7.5000   45.0000  -37.5000 8857.4570   11.7133
   -7.5000  -45.0000  -30.000010214.1006   12.6909
    0.0000  -45.0000  -30.000010676.2236   12.6946
    7.5000  -45.0000  -30.000010152.7588   12.6896
   -7.5000  -37.5000  -30.000010731.7314   12.6789
    0.0000  -37.5000  -30.000011244.9893   12.6832
    7.5000  -37.5000  -30.000010684.7637   12.6751
   -7.5000  -30.0000  -30.000011650.8232   12.6501
    0.0000  -30.0000  -30.000012192.1016   12.6553
    7.5000  -30.0000  -30.000011602.5078   12.6439
   -7.5000  -22.5000  -30.000012448.1104   12.6335
    0.0000  -22.5000  -30.000013037.5107   12.6397
    7.5000  -22.5000  -30.000012384.6689   12.6282
   -7.5000  -15.0000  -30.000013094.2822   12.6428
    0.0000  -15.0000  -30.000013741.8359   12.6487
    7.5000  -15.0000  -30.000013016.0801   12.6393
   -7.5000   -7.5000  -30.000013720.5801   12.6713
    0.0000   -7.5000  -30.000014423.3174   12.6756
    7.5000   -7.5000  -30.000013620.5732   12.6695
   -7.5000    0.0000  -30.000014330.5596   12.6909
    0.0000    0.0000  -30.000015081.8281   12.6946
    7.5000    0.0000  -30.000014210.1992   12.6896
   -7.5000    7.5000  -30.000013908.1182   12.6789
    0.0000    7.5000  -30.000014670.4092   12.6832
    7.5000    7.5000  -30.000013792.4082   12.6751
   -7.5000   15.0000  -30.000013094.6338   12.6501
    0.0000   15.0000  -30.000013794.3896   12.6553
    7.5000   15.0000  -30.000012999.0000   12.6439
   -7.5000   22.5000  -30.000012221.2393   12.6304
    0.0000   22.5000  -30.000012855.4707   12.6367
    7.5000   22.5000  -30.000012105.7725   12.6252
   -7.5000   30.0000  -30.000011097.3896   12.4755
    0.0000   30.0000  -30.000011674.7744   12.4813
    7.5000   30.0000  -30.000010996.6689   12.4721
   -7.5000   37.5000  -30.000010472.2793   12.5037
    0.0000   37.5000  -30.000010974.6113   12.5078
    7.5000   37.5000  -30.000010331.0615   12.5019
   -7.5000   45.0000  -30.0000 9445.6924   12.2128
    0.0000   45.0000  -30.0000 9875.2949   12.2163
    7.5000   45.0000  -30.0000 9302.8066   12.2115
   -7.5000  -45.0000  -22.500010671.8779   13.1250
    0.0000  -45.0000  -22.500011172.6533   13.1308
    7.5000  -45.0000  -22.500010630.6953   13.1265
   -7.5000  -37.5000  -22.500011213.5117   13.1141
    0.0000  -37.5000  -22.500011729.1211   13.1204
    7.5000  -37.5000  -22.500011181.3008   13.1137
   -7.5000  -30.0000  -22.500012195.0254   13.0878
    0.0000  -30.0000  -22.500012733.1299   13.0931
    7.5000  -30.0000  -22.500012151.2139   13.0828
   -7.5000  -22.5000  -22.500013074.5127   13.0724
    0.0000  -22.5000  -22.500013679.9688   13.0767
    7.5000  -22.5000  -22.500013047.5137   13.0650
   -7.5000  -15.0000  -22.500013732.2832   13.0810
    0.0000  -15.0000  -22.500014365.7666   13.0847
    7.5000  -15.0000  -22.500013727.2686   13.0743
   -7.5000   -7.5000  -22.500014341.8408   13.1072
    0.0000   -7.5000  -22.500015034.0684   13.1114
    7.5000   -7.5000  -22.500014359.7471   13.1048
   -7.5000    0.0000  -22.500014950.6240   13.1250
    0.0000    0.0000  -22.500015701.3125   13.1308
    7.5000    0.0000  -22.500014945.6895   13.1265
   -7.5000    7.5000  -22.500014483.9199   13.1141
    0.0000    7.5000  -22.500015251.4072   13.1204
    7.5000    7.5000  -22.500014472.5947   13.1137
   -7.5000   15.0000  -22.500013650.2842   13.0878
    0.0000   15.0000  -22.500014368.4248   13.0931
    7.5000   15.0000  -22.500013621.9688   13.0828
   -7.5000   22.5000  -22.500012743.5479   13.0684
    0.0000   22.5000  -22.500013398.4795   13.0727
    7.5000   22.5000  -22.500012638.1895   13.0610
   -7.5000   30.0000  -22.500011613.3379   12.9099
    0.0000   30.0000  -22.500012227.3252   12.9135
    7.5000   30.0000  -22.500011512.6797   12.9033
   -7.5000   37.5000  -22.500010971.1699   12.9357
    0.0000   37.5000  -22.500011516.0869   12.9399
    7.5000   37.5000  -22.500010819.9170   12.9334
   -7.5000   45.0000  -22.5000 9889.3252   12.6400
    0.0000   45.0000  -22.500010350.4268   12.6456
    7.5000   45.0000  -22.5000 9745.9785   12.6415
   -7.5000  -45.0000  -15.000011090.6816   13.4450
    0.0000  -45.0000  -15.000011588.2012   13.4524
    7.5000  -45.0000  -15.000011045.5664   13.4448
   -7.5000  -37.5000  -15.000011617.6934   13.4303
    0.0000  -37.5000  -15.000012104.0586   13.4384
    7.5000  -37.5000  -15.000011571.4297   13.4304
   -7.5000  -30.0000  -15.000012636.3496   13.4017
    0.0000  -30.0000  -15.000013146.7510   13.4081
    7.5000  -30.0000  -15.000012592.2061   13.3986
   -7.5000  -22.5000  -15.000013652.7793   13.3878
    0.0000  -22.5000  -15.000014256.4629   13.3916
    7.5000  -22.5000  -15.000013674.7324   13.3808
   -7.5000  -15.0000  -15.000014503.1855   13.4002
    0.0000  -15.0000  -15.000015140.3564   13.4028
    7.5000  -15.0000  -15.000014612.7197   13.3915
   -7.5000   -7.5000  -15.000015160.1602   13.4287
    0.0000   -7.5000  -15.000015797.5498   13.4331
    7.5000   -7.5000  -15.000015307.4971   13.4236
   -7.5000    0.0000  -15.000015726.9238   13.4450
    0.0000    0.0000  -15.000016434.4883   13.4524
    7.5000    0.0000  -15.000015834.3867   13.4448
   -7.5000    7.5000  -15.000015188.2314   13.4303
    0.0000    7.5000  -15.000015902.3125   13.4384
    7.5000    7.5000  -15.000015215.3721   13.4304
   -7.5000   15.0000  -15.000014304.7207   13.4017
    0.0000   15.0000  -15.000014985.1221   13.4081
    7.5000   15.0000  -15.000014241.5635   13.3986
   -7.5000   22.5000  -15.000013269.4189   13.3830
    0.0000   22.5000  -15.000013911.3506   13.3869
    7.5000   22.5000  -15.000013119.7461   13.3761
   -7.5000   30.0000  -15.000012095.0459   13.2268
    0.0000   30.0000  -15.000012688.2822   13.2293
    7.5000   30.0000  -15.000011934.6191   13.2182
   -7.5000   37.5000  -15.000011407.0557   13.2549
    0.0000   37.5000  -15.000011963.0781   13.2592
    7.5000   37.5000  -15.000011230.4717   13.2499
   -7.5000   45.0000  -15.000010279.6768   12.9560
    0.0000   45.0000  -15.000010739.2666   12.9631
    7.5000   45.0000  -15.000010118.4092   12.9559
   -7.5000  -45.0000   -7.500011526.6729   13.6107
    0.0000  -45.0000   -7.500012030.2197   13.6171
    7.5000  -45.0000   -7.500011507.7832   13.6050
   -7.5000  -37.5000   -7.500012048.7480   13.5908
    0.0000  -37.5000   -7.500012532.5156   13.5987
    7.5000  -37.5000   -7.500012045.0293   13.5871
   -7.5000  -30.0000   -7.500013107.3750   13.5557
    0.0000  -30.0000   -7.500013601.7715   13.5635
    7.5000  -30.0000   -7.500013108.9961   13.5531
   -7.5000  -22.5000   -7.500014273.6133   13.5408
    0.0000  -22.5000   -7.500014916.3994   13.5468
    7.5000  -22.5000   -7.500014287.2344   13.5365
   -7.5000  -15.0000   -7.500015450.2227   13.5582
    0.0000  -15.0000   -7.500016123.7480   13.5622
    7.5000  -15.0000   -7.500015456.0283   13.5506
   -7.5000   -7.5000   -7.500016266.7656   13.5929
    0.0000   -7.5000   -7.500016875.5332   13.5974
    7.5000   -7.5000   -7.500016225.1973   13.5850
   -7.5000    0.0000   -7.500016780.0312   13.6107
    0.0000    0.0000   -7.500017418.3164   13.6171
    7.5000    0.0000   -7.500016645.7852   13.6050
   -7.5000    7.5000   -7.500016037.2979   13.5908
    0.0000    7.5000   -7.500016667.3203   13.5987
    7.5000    7.5000   -7.500015876.3086   13.5871
   -7.5000   15.0000   -7.500014981.8252   13.5557
    0.0000   15.0000   -7.500015570.9639   13.5635
    7.5000   15.0000   -7.500014825.5801   13.5531
   -7.5000   22.5000   -7.500013773.9287   13.5345
    0.0000   22.5000   -7.500014326.8730   13.5406
    7.5000   22.5000   -7.500013599.8984   13.5302
   -7.5000   30.0000   -7.500012552.7393   13.3823
    0.0000   30.0000   -7.500013069.1025   13.3864
    7.5000   30.0000   -7.500012380.2334   13.3748
   -7.5000   37.5000   -7.500011831.3574   13.4166
    0.0000   37.5000   -7.500012354.3145   13.4210
    7.5000   37.5000   -7.500011654.8115   13.4088
   -7.5000   45.0000   -7.500010626.5752   13.1182
    0.0000   45.0000   -7.500011127.0801   13.1243
    7.5000   45.0000   -7.500010493.1953   13.1126
   -7.5000  -45.0000    0.000011853.3223   13.6422
    0.0000  -45.0000    0.000012377.4102   13.6464
    7.5000  -45.0000    0.000011818.1416   13.6326
   -7.5000  -37.5000    0.000012428.3848   13.6208
    0.0000  -37.5000    0.000012942.7012   13.6267
    7.5000  -37.5000    0.000012385.9941   13.6127
   -7.5000  -30.0000    0.000013554.8906   13.5815
    0.0000  -30.0000    0.000014087.3271   13.5896
    7.5000  -30.0000    0.000013460.4004   13.5773
   -7.5000  -22.5000    0.000014715.7285   13.5643
    0.0000  -22.5000    0.000015357.2100   13.5725
    7.5000  -22.5000    0.000014604.1250   13.5618
   -7.5000  -15.0000    0.000015761.0293   13.5827
    0.0000  -15.0000    0.000016392.1465   13.5890
    7.5000  -15.0000    0.000015629.0508   13.5779
   -7.5000   -7.5000    0.000016485.2734   13.6214
    0.0000   -7.5000    0.000017109.5117   13.6257
    7.5000   -7.5000    0.000016336.9238   13.6132
   -7.5000    0.0000    0.000017078.5664   13.6422
    0.0000    0.0000    0.000017747.5352   13.6464
    7.5000    0.0000    0.000016867.6172   13.6326
   -7.5000    7.5000    0.000016375.3047   13.6208
    0.0000    7.5000    0.000017059.2090   13.6267
    7.5000    7.5000    0.000016186.5811   13.6127
   -7.5000   15.0000    0.000015305.8164   13.5815
    0.0000   15.0000    0.000015951.4736   13.5896
    7.5000   15.0000    0.000015174.0811   13.5773
   -7.5000   22.5000    0.000014041.8701   13.5580
    0.0000   22.5000    0.000014591.2510   13.5662
    7.5000   22.5000    0.000013907.4980   13.5556
   -7.5000   30.0000    0.000012821.8145   13.4070
    0.0000   30.0000    0.000013330.7100   13.4132
    7.5000   30.0000    0.000012692.3311   13.4022
   -7.5000   37.5000    0.000012084.4932   13.4451
    0.0000   37.5000    0.000012551.2100   13.4494
    7.5000   37.5000    0.000011933.3281   13.4371
   -7.5000   45.0000    0.000010855.2139   13.1495
    0.0000   45.0000    0.000011315.1787   13.1535
    7.5000   45.0000    0.000010728.2002   13.1402
   -7.5000  -45.0000    7.500011232.5273   13.6376
    0.0000  -45.0000    7.500011752.5205   13.6408
    7.5000  -45.0000    7.500011119.1582   13.6306
   -7.5000  -37.5000    7.500011784.0635   13.6197
    0.0000  -37.5000    7.500012303.1777   13.6241
    7.5000  -37.5000    7.500011657.2842   13.6117
   -7.5000  -30.0000    7.500012860.0938   13.5829
    0.0000  -30.0000    7.500013386.9600   13.5898
    7.5000  -30.0000    7.500012706.4531   13.5768
   -7.5000  -22.5000    7.500013872.3125   13.5647
    0.0000  -22.5000    7.500014447.9434   13.5730
    7.5000  -22.5000    7.500013761.5830   13.5615
   -7.5000  -15.0000    7.500014658.1582   13.5795
    0.0000  -15.0000    7.500015171.8252   13.5868
    7.5000  -15.0000    7.500014535.5693   13.5767
   -7.5000   -7.5000    7.500015276.6455   13.6157
    0.0000   -7.5000    7.500015787.7422   13.6202
    7.5000   -7.5000    7.500015161.9150   13.6108
   -7.5000    0.0000    7.500015897.1367   13.6376
    0.0000    0.0000    7.500016507.3125   13.6408
    7.5000    0.0000    7.500015775.0469   13.6306
   -7.5000    7.5000    7.500015355.6797   13.6197
    0.0000    7.5000    7.500015986.4629   13.6241
    7.5000    7.5000    7.500015249.8193   13.6117
   -7.5000   15.0000    7.500014447.2783   13.5829
    0.0000   15.0000    7.500015069.5576   13.5898
    7.5000   15.0000    7.500014361.5771   13.5768
   -7.5000   22.5000    7.500013260.7031   13.5584
    0.0000   22.5000    7.500013826.9590   13.5667
    7.5000   22.5000    7.500013140.8828   13.5552
   -7.5000   30.0000    7.500012104.7354   13.4037
    0.0000   30.0000    7.500012630.3799   13.4109
    7.5000   30.0000    7.500011989.3184   13.4010
   -7.5000   37.5000    7.500011373.5449   13.4395
    0.0000   37.5000    7.500011846.7305   13.4439
    7.5000   37.5000    7.500011252.9453   13.4347
   -7.5000   45.0000    7.500010198.8027   13.1451
    0.0000   45.0000    7.500010626.0771   13.1482
    7.5000   45.0000    7.500010108.9619   13.1383
   -7.5000  -45.0000   15.000010438.5596   13.7401
    0.0000  -45.0000   15.000010921.0537   13.7435
    7.5000  -45.0000   15.000010352.6631   13.7382
   -7.5000  -37.5000   15.000010974.7490   13.7271
    0.0000  -37.5000   15.000011466.2119   13.7312
    7.5000  -37.5000   15.000010888.3428   13.7224
   -7.5000  -30.0000   15.000011966.0234   13.6956
    0.0000  -30.0000   15.000012478.7197   13.7008
    7.5000  -30.0000   15.000011893.5693   13.6884
   -7.5000  -22.5000   15.000012866.0146   13.6774
    0.0000  -22.5000   15.000013394.3027   13.6838
    7.5000  -22.5000   15.000012797.1113   13.6712
   -7.5000  -15.0000   15.000013567.9248   13.6875
    0.0000  -15.0000   15.000014048.4463   13.6935
    7.5000  -15.0000   15.000013475.9092   13.6834
   -7.5000   -7.5000   15.000014148.9580   13.7187
    0.0000   -7.5000   15.000014656.9834   13.7228
    7.5000   -7.5000   15.000014056.7832   13.7163
   -7.5000    0.0000   15.000014768.1816   13.7401
    0.0000    0.0000   15.000015340.2734   13.7435
    7.5000    0.0000   15.000014687.4258   13.7382
   -7.5000    7.5000   15.000014290.7002   13.7271
    0.0000    7.5000   15.000014856.1328   13.7312
    7.5000    7.5000   15.000014219.7656   13.7224
   -7.5000   15.0000   15.000013524.8750   13.6956
    0.0000   15.0000   15.000014081.7686   13.7008
    7.5000   15.0000   15.000013460.7539   13.6884
   -7.5000   22.5000   15.000012416.4238   13.6711
    0.0000   22.5000   15.000012939.6094   13.6775
    7.5000   22.5000   15.000012342.8428   13.6649
   -7.5000   30.0000   15.000011353.6279   13.5104
    0.0000   30.0000   15.000011830.3691   13.5163
    7.5000   30.0000   15.000011265.0957   13.5063
   -7.5000   37.5000   15.000010660.7910   13.5411
    0.0000   37.5000   15.000011080.4902   13.5452
    7.5000   37.5000   15.000010560.8633   13.5388
   -7.5000   45.0000   15.0000 9515.9648   13.2438
    0.0000   45.0000   15.0000 9894.8193   13.2472
    7.5000   45.0000   15.0000 9442.9434   13.2420
   -7.5000  -45.0000   22.5000 9596.0400   13.9324
    0.0000  -45.0000   22.500010045.1396   13.9389
    7.5000  -45.0000   22.5000 9539.1572   13.9343
   -7.5000  -37.5000   22.500010121.9355   13.9199
    0.0000  -37.5000   22.500010594.7002   13.9269
    7.5000  -37.5000   22.500010052.8018   13.9199
   -7.5000  -30.0000   22.500011027.6514   13.8913
    0.0000  -30.0000   22.500011535.4043   13.8972
    7.5000  -30.0000   22.500010966.5244   13.8864
   -7.5000  -22.5000   22.500011844.0898   13.8754
    0.0000  -22.5000   22.500012370.8594   13.8802
    7.5000  -22.5000   22.500011786.1084   13.8678
   -7.5000  -15.0000   22.500012493.9551   13.8854
    0.0000  -15.0000   22.500012999.2158   13.8896
    7.5000  -15.0000   22.500012411.7900   13.8785
   -7.5000   -7.5000   22.500013071.0049   13.9138
    0.0000   -7.5000   22.500013588.9580   13.9186
    7.5000   -7.5000   22.500012986.8086   13.9114
   -7.5000    0.0000   22.500013620.9697   13.9324
    0.0000    0.0000   22.500014180.2803   13.9389
    7.5000    0.0000   22.500013557.8330   13.9343
   -7.5000    7.5000   22.500013186.5518   13.9199
    0.0000    7.5000   22.500013726.3535   13.9269
    7.5000    7.5000   22.500013129.0820   13.9199
   -7.5000   15.0000   22.500012512.9609   13.8913
    0.0000   15.0000   22.500013045.7852   13.8972
    7.5000   15.0000   22.500012479.3818   13.8864
   -7.5000   22.5000   22.500011481.3779   13.8690
    0.0000   22.5000   22.500011977.8115   13.8738
    7.5000   22.5000   22.500011466.4697   13.8614
   -7.5000   30.0000   22.500010536.7471   13.7057
    0.0000   30.0000   22.500010981.0166   13.7099
    7.5000   30.0000   22.500010501.4365   13.6989
   -7.5000   37.5000   22.5000 9902.9697   13.7337
    0.0000   37.5000   22.500010294.2393   13.7385
    7.5000   37.5000   22.5000 9845.7148   13.7314
   -7.5000   45.0000   22.5000 8837.8311   13.4293
    0.0000   45.0000   22.5000 9176.2354   13.4355
    7.5000   45.0000   22.5000 8785.2764   13.4311
   -7.5000  -45.0000   30.0000 8803.0889   14.2888
    0.0000  -45.0000   30.0000 9235.1660   14.2959
    7.5000  -45.0000   30.0000 8760.0293   14.2861
   -7.5000  -37.5000   30.0000 9285.0918   14.2717
    0.0000  -37.5000   30.0000 9748.9707   14.2790
    7.5000  -37.5000   30.0000 9237.4277   14.2680
   -7.5000  -30.0000   30.000010118.5645   14.2414
    0.0000  -30.0000   30.000010602.1152   14.2468
    7.5000  -30.0000   30.000010065.0859   14.2340
   -7.5000  -22.5000   30.000010865.7139   14.2287
    0.0000  -22.5000   30.000011359.2002   14.2320
    7.5000  -22.5000   30.000010815.2188   14.2183
   -7.5000  -15.0000   30.000011472.3604   14.2440
    0.0000  -15.0000   30.000011955.3574   14.2465
    7.5000  -15.0000   30.000011419.4932   14.2330
   -7.5000   -7.5000   30.000012001.2500   14.2738
    0.0000   -7.5000   30.000012499.2930   14.2781
    7.5000   -7.5000   30.000011966.4600   14.2668
   -7.5000    0.0000   30.000012500.7305   14.2888
    0.0000    0.0000   30.000013024.1523   14.2959
    7.5000    0.0000   30.000012466.2998   14.2861
   -7.5000    7.5000   30.000012117.3623   14.2717
    0.0000    7.5000   30.000012633.9150   14.2790
    7.5000    7.5000   30.000012086.8750   14.2680
   -7.5000   15.0000   30.000011547.2158   14.2414
    0.0000   15.0000   30.000012048.5703   14.2468
    7.5000   15.0000   30.000011518.6670   14.2340
   -7.5000   22.5000   30.000010625.1123   14.2221
    0.0000   22.5000   30.000011091.1367   14.2254
    7.5000   22.5000   30.000010600.5342   14.2117
   -7.5000   30.0000   30.0000 9755.4238   14.0597
    0.0000   30.0000   30.000010145.6172   14.0621
    7.5000   30.0000   30.0000 9705.7852   14.0488
   -7.5000   37.5000   30.0000 9162.9805   14.0890
    0.0000   37.5000   30.0000 9500.5713   14.0934
    7.5000   37.5000   30.0000 9102.8574   14.0822
   -7.5000   45.0000   30.0000 8193.5625   13.7727
    0.0000   45.0000   30.0000 8476.7471   13.7796
    7.5000   45.0000   30.0000 8141.6240   13.7702
   -7.5000  -45.0000   37.5000 8373.5605   14.7987
    0.0000  -45.0000   37.5000 8776.5029   14.8065
    7.5000  -45.0000   37.5000 8342.4111   14.7889
   -7.5000  -37.5000   37.5000 8844.3789   14.7763
    0.0000  -37.5000   37.5000 9281.6152   14.7855
    7.5000  -37.5000   37.5000 8813.3730   14.7685
   -7.5000  -30.0000   37.5000 9636.4033   14.7426
    0.0000  -30.0000   37.500010089.0879   14.7514
    7.5000  -30.0000   37.5000 9588.3643   14.7363
   -7.5000  -22.5000   37.500010351.4707   14.7329
    0.0000  -22.5000   37.500010796.1406   14.7399
    7.5000  -22.5000   37.500010283.7988   14.7257
   -7.5000  -15.0000   37.500010935.8662   14.7546
    0.0000  -15.0000   37.500011376.8115   14.7596
    7.5000  -15.0000   37.500010855.6973   14.7440
   -7.5000   -7.5000   37.500011447.1367   14.7865
    0.0000   -7.5000   37.500011912.7773   14.7921
    7.5000   -7.5000   37.500011388.8809   14.7750
   -7.5000    0.0000   37.500011911.1250   14.7987
    0.0000    0.0000   37.500012404.1240   14.8065
    7.5000    0.0000   37.500011868.1914   14.7889
   -7.5000    7.5000   37.500011557.1465   14.7763
    0.0000    7.5000   37.500012048.1270   14.7855
    7.5000    7.5000   37.500011528.1729   14.7685
   -7.5000   15.0000   37.500011058.5332   14.7426
    0.0000   15.0000   37.500011532.0596   14.7514
    7.5000   15.0000   37.500011024.5332   14.7363
   -7.5000   22.5000   37.500010181.7119   14.7261
    0.0000   22.5000   37.500010615.2754   14.7331
    7.5000   22.5000   37.500010135.9600   14.7189
   -7.5000   30.0000   37.5000 9353.5859   14.5637
    0.0000   30.0000   37.5000 9711.0488   14.5685
    7.5000   30.0000   37.5000 9293.6387   14.5532
   -7.5000   37.5000   37.5000 8774.6025   14.5952
    0.0000   37.5000   37.5000 9080.7051   14.6007
    7.5000   37.5000   37.5000 8711.3232   14.5838
   -7.5000   45.0000   37.5000 7864.3374   14.2642
    0.0000   45.0000   37.5000 8123.6846   14.2718
    7.5000   45.0000   37.5000 7809.4390   14.2548
   -7.5000  -45.0000   45.0000 7617.7510   15.3906
    0.0000  -45.0000   45.0000 7973.6421   15.3975
    7.5000  -45.0000   45.0000 7595.6348   15.3827
   -7.5000  -37.5000   45.0000 8064.9795   15.3731
    0.0000  -37.5000   45.0000 8454.6484   15.3820
    7.5000  -37.5000   45.0000 8050.4883   15.3660
   -7.5000  -30.0000   45.0000 8790.8633   15.3380
    0.0000  -30.0000   45.0000 9186.4541   15.3495
    7.5000  -30.0000   45.0000 8764.9639   15.3358
   -7.5000  -22.5000   45.0000 9437.2441   15.3226
    0.0000  -22.5000   45.0000 9831.7979   15.3349
    7.5000  -22.5000   45.0000 9401.8037   15.3243
   -7.5000  -15.0000   45.0000 9962.5625   15.3396
    0.0000  -15.0000   45.000010377.3135   15.3497
    7.5000  -15.0000   45.0000 9928.0498   15.3395
   -7.5000   -7.5000   45.000010438.9951   15.3723
    0.0000   -7.5000   45.000010865.6133   15.3799
    7.5000   -7.5000   45.000010415.6934   15.3677
   -7.5000    0.0000   45.000010874.5635   15.3906
    0.0000    0.0000   45.000011317.8398   15.3975
    7.5000    0.0000   45.000010846.3877   15.3827
   -7.5000    7.5000   45.000010550.5840   15.3731
    0.0000    7.5000   45.000011009.4189   15.3820
    7.5000    7.5000   45.000010533.6064   15.3660
   -7.5000   15.0000   45.000010123.1787   15.3380
    0.0000   15.0000   45.000010569.9404   15.3495
    7.5000   15.0000   45.000010095.2705   15.3358
   -7.5000   22.5000   45.0000 9330.1758   15.3155
    0.0000   22.5000   45.0000 9729.2002   15.3278
    7.5000   22.5000   45.0000 9295.0752   15.3172
   -7.5000   30.0000   45.0000 8578.9854   15.1397
    0.0000   30.0000   45.0000 8910.0586   15.1497
    7.5000   30.0000   45.0000 8542.5566   15.1396
   -7.5000   37.5000   45.0000 8070.1440   15.1720
    0.0000   37.5000   45.0000 8341.9043   15.1795
    7.5000   37.5000   45.0000 8024.2104   15.1675
   -7.5000   45.0000   45.0000 7245.9746   14.8415
    0.0000   45.0000   45.0000 7486.0063   14.8482
    7.5000   45.0000   45.0000 7202.1987   14.8339

---------------------------------------------------------------------
imgreg_4dfp /opt/freesurfer/average/711-2C_as_mni_average_305 /opt/freesurfer/average/711-2B_as_mni_average_305_mask talsrcimg_g11 none talsrcimg_to_711-2C_as_mni_average_305_t4 4355
---------------------------------------------------------------------

freesurfer imgreg_4dfp.c
/opt/freesurfer/average/711-2C_as_mni_average_305.4dfp.img
       256       256       256         1
  1.000000  1.000000  1.000000
orientation T byte_order littleendian
Reading image: /opt/freesurfer/average/711-2C_as_mni_average_305.4dfp.img
dimensions:      256       256       256
mmppix:       1.0000   -1.0000   -1.0000
center:     128.0000 -129.0000 -129.0000
/opt/freesurfer/average/711-2B_as_mni_average_305_mask.4dfp.img
       256       256       256         1
  1.000000  1.000000  1.000000
orientation T byte_order littleendian
Reading mask: /opt/freesurfer/average/711-2B_as_mni_average_305_mask.4dfp.img (2306576 pixels)
talsrcimg_g11.4dfp.img
       256       256       256         1
  1.000000  1.000000  1.000000
orientation T byte_order littleendian
Reading image: talsrcimg_g11.4dfp.img
dimensions:      256       256       256
mmppix:       1.0000   -1.0000   -1.0000
center:     128.0000 -129.0000 -129.0000
rotation matrix determinant  1.000000
image alignment mode   4355 decimal     1103 hex
   -7.5000  -45.0000  -45.0000 2278.5391   10.9041
    0.0000  -45.0000  -45.0000 2291.5525   10.9173
    7.5000  -45.0000  -45.0000 2267.8049   11.0123
   -7.5000  -37.5000  -45.0000 2376.8022   10.0227
    0.0000  -37.5000  -45.0000 2392.2983   10.0342
    7.5000  -37.5000  -45.0000 2365.5876   10.1180
   -7.5000  -30.0000  -45.0000 2446.9417    9.3805
    0.0000  -30.0000  -45.0000 2467.1040    9.3872
    7.5000  -30.0000  -45.0000 2437.3667    9.4631
   -7.5000  -22.5000  -45.0000 2490.5127    9.0009
    0.0000  -22.5000  -45.0000 2506.3965    9.0163
    7.5000  -22.5000  -45.0000 2474.5935    9.0731
   -7.5000  -15.0000  -45.0000 2519.8308    8.8189
    0.0000  -15.0000  -45.0000 2537.3555    8.8319
    7.5000  -15.0000  -45.0000 2500.9155    8.8749
   -7.5000   -7.5000  -45.0000 2519.0457    8.8474
    0.0000   -7.5000  -45.0000 2540.2881    8.8613
    7.5000   -7.5000  -45.0000 2501.4746    8.8939
   -7.5000    0.0000  -45.0000 2487.2051    9.0503
    0.0000    0.0000  -45.0000 2508.8833    9.0489
    7.5000    0.0000  -45.0000 2472.1980    9.1073
   -7.5000    7.5000  -45.0000 2439.9412    9.4570
    0.0000    7.5000  -45.0000 2463.3176    9.4458
    7.5000    7.5000  -45.0000 2425.6506    9.5129
   -7.5000   15.0000  -45.0000 2370.2302   10.0459
    0.0000   15.0000  -45.0000 2389.8652   10.0388
    7.5000   15.0000  -45.0000 2357.1729   10.1175
   -7.5000   22.5000  -45.0000 2283.4961   10.8626
    0.0000   22.5000  -45.0000 2303.5300   10.8371
    7.5000   22.5000  -45.0000 2270.7290   10.9707
   -7.5000   30.0000  -45.0000 2175.4563   11.9779
    0.0000   30.0000  -45.0000 2195.0994   11.9161
    7.5000   30.0000  -45.0000 2163.2004   12.0818
   -7.5000   37.5000  -45.0000 2054.8330   13.4610
    0.0000   37.5000  -45.0000 2070.6138   13.3682
    7.5000   37.5000  -45.0000 2042.8383   13.5501
   -7.5000   45.0000  -45.0000 1917.0366   15.4157
    0.0000   45.0000  -45.0000 1933.3276   15.2903
    7.5000   45.0000  -45.0000 1907.0334   15.4804
   -7.5000  -45.0000  -37.5000 2329.0825   10.3160
    0.0000  -45.0000  -37.5000 2343.9419   10.3138
    7.5000  -45.0000  -37.5000 2317.6157   10.4253
   -7.5000  -37.5000  -37.5000 2431.9854    9.4478
    0.0000  -37.5000  -37.5000 2449.0742    9.4649
    7.5000  -37.5000  -37.5000 2418.8425    9.5318
   -7.5000  -30.0000  -37.5000 2510.3481    8.8378
    0.0000  -30.0000  -37.5000 2531.4802    8.8393
    7.5000  -30.0000  -37.5000 2500.6062    8.9178
   -7.5000  -22.5000  -37.5000 2566.5955    8.4568
    0.0000  -22.5000  -37.5000 2587.7053    8.4619
    7.5000  -22.5000  -37.5000 2552.6194    8.5277
   -7.5000  -15.0000  -37.5000 2606.3669    8.2566
    0.0000  -15.0000  -37.5000 2630.9421    8.2767
    7.5000  -15.0000  -37.5000 2588.5151    8.3245
   -7.5000   -7.5000  -37.5000 2616.1755    8.2588
    0.0000   -7.5000  -37.5000 2641.1204    8.2863
    7.5000   -7.5000  -37.5000 2594.3176    8.3187
   -7.5000    0.0000  -37.5000 2587.7056    8.4541
    0.0000    0.0000  -37.5000 2611.2852    8.4780
    7.5000    0.0000  -37.5000 2566.8318    8.5255
   -7.5000    7.5000  -37.5000 2538.9734    8.8536
    0.0000    7.5000  -37.5000 2564.2922    8.8575
    7.5000    7.5000  -37.5000 2521.3696    8.9205
   -7.5000   15.0000  -37.5000 2461.6282    9.4106
    0.0000   15.0000  -37.5000 2484.1414    9.4121
    7.5000   15.0000  -37.5000 2447.2402    9.4924
   -7.5000   22.5000  -37.5000 2362.9512   10.1746
    0.0000   22.5000  -37.5000 2384.3076   10.1629
    7.5000   22.5000  -37.5000 2351.9294   10.2714
   -7.5000   30.0000  -37.5000 2246.2090   11.2194
    0.0000   30.0000  -37.5000 2264.7029   11.1857
    7.5000   30.0000  -37.5000 2236.8064   11.3082
   -7.5000   37.5000  -37.5000 2119.9980   12.5975
    0.0000   37.5000  -37.5000 2136.7219   12.5406
    7.5000   37.5000  -37.5000 2107.8433   12.6728
   -7.5000   45.0000  -37.5000 1974.3247   14.4295
    0.0000   45.0000  -37.5000 1989.1259   14.3287
    7.5000   45.0000  -37.5000 1961.4998   14.4920
   -7.5000  -45.0000  -30.0000 2403.4011   10.1618
    0.0000  -45.0000  -30.0000 2422.1880   10.1349
    7.5000  -45.0000  -30.0000 2396.1277   10.2865
   -7.5000  -37.5000  -30.0000 2512.9976    9.2929
    0.0000  -37.5000  -30.0000 2535.7080    9.2828
    7.5000  -37.5000  -30.0000 2506.9497    9.4107
   -7.5000  -30.0000  -30.0000 2609.9583    8.6696
    0.0000  -30.0000  -30.0000 2636.9534    8.6617
    7.5000  -30.0000  -30.0000 2604.9866    8.7786
   -7.5000  -22.5000  -30.0000 2686.7820    8.2590
    0.0000  -22.5000  -30.0000 2714.5762    8.2609
    7.5000  -22.5000  -30.0000 2675.3542    8.3666
   -7.5000  -15.0000  -30.0000 2732.2378    8.0327
    0.0000  -15.0000  -30.0000 2763.1726    8.0511
    7.5000  -15.0000  -30.0000 2712.0820    8.1367
   -7.5000   -7.5000  -30.0000 2753.8442    7.9936
    0.0000   -7.5000  -30.0000 2783.1064    8.0134
    7.5000   -7.5000  -30.0000 2729.6060    8.0978
   -7.5000    0.0000  -30.0000 2728.0803    8.1904
    0.0000    0.0000  -30.0000 2757.3328    8.2116
    7.5000    0.0000  -30.0000 2708.6389    8.2944
   -7.5000    7.5000  -30.0000 2671.4663    8.6054
    0.0000    7.5000  -30.0000 2702.5142    8.6136
    7.5000    7.5000  -30.0000 2659.0842    8.6859
   -7.5000   15.0000  -30.0000 2583.2844    9.1713
    0.0000   15.0000  -30.0000 2609.6821    9.1697
    7.5000   15.0000  -30.0000 2573.0144    9.2547
   -7.5000   22.5000  -30.0000 2477.0679    9.9423
    0.0000   22.5000  -30.0000 2499.7144    9.9276
    7.5000   22.5000  -30.0000 2465.7466   10.0298
   -7.5000   30.0000  -30.0000 2349.5649   10.9617
    0.0000   30.0000  -30.0000 2372.2969   10.9420
    7.5000   30.0000  -30.0000 2339.8479   11.0547
   -7.5000   37.5000  -30.0000 2219.5554   12.3197
    0.0000   37.5000  -30.0000 2240.1248   12.2765
    7.5000   37.5000  -30.0000 2209.8108   12.3877
   -7.5000   45.0000  -30.0000 2064.2507   14.1108
    0.0000   45.0000  -30.0000 2082.7458   14.0247
    7.5000   45.0000  -30.0000 2051.0139   14.1835
   -7.5000  -45.0000  -22.5000 2442.6404   10.0287
    0.0000  -45.0000  -22.5000 2464.0840    9.9815
    7.5000  -45.0000  -22.5000 2436.9788   10.1682
   -7.5000  -37.5000  -22.5000 2557.1238    9.1479
    0.0000  -37.5000  -22.5000 2582.1135    9.1277
    7.5000  -37.5000  -22.5000 2553.2136    9.2976
   -7.5000  -30.0000  -22.5000 2673.6592    8.5266
    0.0000  -30.0000  -22.5000 2699.1768    8.4797
    7.5000  -30.0000  -22.5000 2668.3821    8.6500
   -7.5000  -22.5000  -22.5000 2766.1079    8.1045
    0.0000  -22.5000  -22.5000 2801.7969    8.0734
    7.5000  -22.5000  -22.5000 2760.4709    8.2283
   -7.5000  -15.0000  -22.5000 2824.8687    7.8330
    0.0000  -15.0000  -22.5000 2859.2578    7.8118
    7.5000  -15.0000  -22.5000 2810.5142    7.9692
   -7.5000   -7.5000  -22.5000 2852.7922    7.7623
    0.0000   -7.5000  -22.5000 2889.5908    7.7415
    7.5000   -7.5000  -22.5000 2833.5928    7.9208
   -7.5000    0.0000  -22.5000 2829.5771    7.9481
    0.0000    0.0000  -22.5000 2863.2290    7.9432
    7.5000    0.0000  -22.5000 2811.9863    8.0989
   -7.5000    7.5000  -22.5000 2765.4968    8.3445
    0.0000    7.5000  -22.5000 2795.8965    8.3310
    7.5000    7.5000  -22.5000 2753.5107    8.4731
   -7.5000   15.0000  -22.5000 2670.1567    8.9053
    0.0000   15.0000  -22.5000 2695.8076    8.8838
    7.5000   15.0000  -22.5000 2659.2109    9.0287
   -7.5000   22.5000  -22.5000 2558.3018    9.6856
    0.0000   22.5000  -22.5000 2578.8762    9.6595
    7.5000   22.5000  -22.5000 2541.2798    9.7967
   -7.5000   30.0000  -22.5000 2425.7207   10.7047
    0.0000   30.0000  -22.5000 2448.3257   10.6728
    7.5000   30.0000  -22.5000 2411.9810   10.8174
   -7.5000   37.5000  -22.5000 2287.5525   12.0360
    0.0000   37.5000  -22.5000 2310.4976   11.9889
    7.5000   37.5000  -22.5000 2274.3167   12.1503
   -7.5000   45.0000  -22.5000 2127.1646   13.7406
    0.0000   45.0000  -22.5000 2146.2312   13.6671
    7.5000   45.0000  -22.5000 2114.4568   13.8692
   -7.5000  -45.0000  -15.0000 2442.7996    9.9401
    0.0000  -45.0000  -15.0000 2463.5938    9.8635
    7.5000  -45.0000  -15.0000 2439.8330   10.0883
   -7.5000  -37.5000  -15.0000 2564.8232    9.0589
    0.0000  -37.5000  -15.0000 2588.6436    8.9827
    7.5000  -37.5000  -15.0000 2560.0901    9.2011
   -7.5000  -30.0000  -15.0000 2690.5005    8.4261
    0.0000  -30.0000  -15.0000 2716.0378    8.3304
    7.5000  -30.0000  -15.0000 2682.2566    8.5565
   -7.5000  -22.5000  -15.0000 2797.2515    8.0060
    0.0000  -22.5000  -15.0000 2833.2927    7.9314
    7.5000  -22.5000  -15.0000 2796.7048    8.1379
   -7.5000  -15.0000  -15.0000 2875.0239    7.7894
    0.0000  -15.0000  -15.0000 2918.5103    7.7133
    7.5000  -15.0000  -15.0000 2872.6826    7.9482
   -7.5000   -7.5000  -15.0000 2918.7278    7.6960
    0.0000   -7.5000  -15.0000 2963.6792    7.6166
    7.5000   -7.5000  -15.0000 2907.9656    7.9049
   -7.5000    0.0000  -15.0000 2895.6936    7.8278
    0.0000    0.0000  -15.0000 2933.7781    7.7724
    7.5000    0.0000  -15.0000 2878.6650    8.0190
   -7.5000    7.5000  -15.0000 2816.2993    8.1902
    0.0000    7.5000  -15.0000 2845.2510    8.1440
    7.5000    7.5000  -15.0000 2803.3613    8.3281
   -7.5000   15.0000  -15.0000 2717.3906    8.7222
    0.0000   15.0000  -15.0000 2742.8384    8.6662
    7.5000   15.0000  -15.0000 2704.4929    8.8169
   -7.5000   22.5000  -15.0000 2598.0586    9.4954
    0.0000   22.5000  -15.0000 2621.3953    9.4400
    7.5000   22.5000  -15.0000 2584.4968    9.5650
   -7.5000   30.0000  -15.0000 2461.3552   10.5272
    0.0000   30.0000  -15.0000 2479.1416   10.4906
    7.5000   30.0000  -15.0000 2447.3242   10.6052
   -7.5000   37.5000  -15.0000 2314.7703   11.8446
    0.0000   37.5000  -15.0000 2334.1682   11.7817
    7.5000   37.5000  -15.0000 2302.6633   11.9291
   -7.5000   45.0000  -15.0000 2156.4399   13.4969
    0.0000   45.0000  -15.0000 2173.1577   13.3815
    7.5000   45.0000  -15.0000 2141.9343   13.6071
   -7.5000  -45.0000   -7.5000 2430.8706    9.9471
    0.0000  -45.0000   -7.5000 2449.6589    9.8236
    7.5000  -45.0000   -7.5000 2424.1987   10.1106
   -7.5000  -37.5000   -7.5000 2552.4890    9.0382
    0.0000  -37.5000   -7.5000 2574.7922    8.9136
    7.5000  -37.5000   -7.5000 2548.0701    9.2138
   -7.5000  -30.0000   -7.5000 2683.6067    8.4086
    0.0000  -30.0000   -7.5000 2709.7375    8.2737
    7.5000  -30.0000   -7.5000 2683.9199    8.5676
   -7.5000  -22.5000   -7.5000 2797.4771    8.0291
    0.0000  -22.5000   -7.5000 2835.2190    7.8978
    7.5000  -22.5000   -7.5000 2800.8174    8.1634
   -7.5000  -15.0000   -7.5000 2894.8271    7.8643
    0.0000  -15.0000   -7.5000 2943.2793    7.7629
    7.5000  -15.0000   -7.5000 2894.5210    7.9819
   -7.5000   -7.5000   -7.5000 2948.7209    7.8022
    0.0000   -7.5000   -7.5000 3003.9692    7.6947
    7.5000   -7.5000   -7.5000 2935.6077    7.9432
   -7.5000    0.0000   -7.5000 2922.7368    7.8655
    0.0000    0.0000   -7.5000 2968.5994    7.7751
    7.5000    0.0000   -7.5000 2900.6160    8.0018
   -7.5000    7.5000   -7.5000 2835.0032    8.1384
    0.0000    7.5000   -7.5000 2865.6858    8.0605
    7.5000    7.5000   -7.5000 2819.5732    8.2407
   -7.5000   15.0000   -7.5000 2732.4290    8.6240
    0.0000   15.0000   -7.5000 2754.2043    8.5503
    7.5000   15.0000   -7.5000 2719.1638    8.6937
   -7.5000   22.5000   -7.5000 2607.9199    9.3791
    0.0000   22.5000   -7.5000 2624.8955    9.3179
    7.5000   22.5000   -7.5000 2595.7341    9.4374
   -7.5000   30.0000   -7.5000 2467.0505   10.3967
    0.0000   30.0000   -7.5000 2485.4185   10.3537
    7.5000   30.0000   -7.5000 2456.5974   10.4652
   -7.5000   37.5000   -7.5000 2318.4114   11.7035
    0.0000   37.5000   -7.5000 2338.9463   11.6564
    7.5000   37.5000   -7.5000 2309.1909   11.7899
   -7.5000   45.0000   -7.5000 2156.1550   13.3480
    0.0000   45.0000   -7.5000 2177.7415   13.2878
    7.5000   45.0000   -7.5000 2146.4927   13.4216
   -7.5000  -45.0000    0.0000 2407.2036   10.1415
    0.0000  -45.0000    0.0000 2429.9424    9.9900
    7.5000  -45.0000    0.0000 2405.1665   10.2981
   -7.5000  -37.5000    0.0000 2528.2612    9.2584
    0.0000  -37.5000    0.0000 2551.8953    9.1251
    7.5000  -37.5000    0.0000 2523.1228    9.4029
   -7.5000  -30.0000    0.0000 2661.2180    8.6227
    0.0000  -30.0000    0.0000 2687.6028    8.4838
    7.5000  -30.0000    0.0000 2653.1877    8.7446
   -7.5000  -22.5000    0.0000 2772.6721    8.2218
    0.0000  -22.5000    0.0000 2810.4204    8.0910
    7.5000  -22.5000    0.0000 2767.1160    8.3224
   -7.5000  -15.0000    0.0000 2868.5833    7.9983
    0.0000  -15.0000    0.0000 2918.0071    7.8833
    7.5000  -15.0000    0.0000 2863.8713    8.0940
   -7.5000   -7.5000    0.0000 2921.8794    7.8825
    0.0000   -7.5000    0.0000 2971.2629    7.7859
    7.5000   -7.5000    0.0000 2910.0801    7.9879
   -7.5000    0.0000    0.0000 2899.1626    7.9590
    0.0000    0.0000    0.0000 2940.6543    7.8902
    7.5000    0.0000    0.0000 2882.2593    8.0483
   -7.5000    7.5000    0.0000 2813.3030    8.2711
    0.0000    7.5000    0.0000 2843.7722    8.2361
    7.5000    7.5000    0.0000 2801.0632    8.3408
   -7.5000   15.0000    0.0000 2712.7117    8.7630
    0.0000   15.0000    0.0000 2734.3149    8.7186
    7.5000   15.0000    0.0000 2700.8457    8.8164
   -7.5000   22.5000    0.0000 2589.1304    9.4700
    0.0000   22.5000    0.0000 2606.1523    9.4385
    7.5000   22.5000    0.0000 2579.4402    9.5343
   -7.5000   30.0000    0.0000 2452.3665   10.4415
    0.0000   30.0000    0.0000 2471.7449   10.4049
    7.5000   30.0000    0.0000 2443.9194   10.5137
   -7.5000   37.5000    0.0000 2305.0071   11.7058
    0.0000   37.5000    0.0000 2324.0369   11.6486
    7.5000   37.5000    0.0000 2297.3499   11.7767
   -7.5000   45.0000    0.0000 2139.8184   13.3144
    0.0000   45.0000    0.0000 2161.9797   13.2527
    7.5000   45.0000    0.0000 2130.7422   13.3799
   -7.5000  -45.0000    7.5000 2381.6384   10.5137
    0.0000  -45.0000    7.5000 2407.6770   10.3933
    7.5000  -45.0000    7.5000 2373.5132   10.6512
   -7.5000  -37.5000    7.5000 2499.4097    9.6106
    0.0000  -37.5000    7.5000 2528.8430    9.4812
    7.5000  -37.5000    7.5000 2487.7205    9.7263
   -7.5000  -30.0000    7.5000 2626.5925    8.9585
    0.0000  -30.0000    7.5000 2658.2935    8.8165
    7.5000  -30.0000    7.5000 2613.3879    9.0455
   -7.5000  -22.5000    7.5000 2733.0657    8.5288
    0.0000  -22.5000    7.5000 2771.5254    8.3816
    7.5000  -22.5000    7.5000 2726.6843    8.6045
   -7.5000  -15.0000    7.5000 2814.7544    8.2361
    0.0000  -15.0000    7.5000 2855.8289    8.0973
    7.5000  -15.0000    7.5000 2806.9900    8.3312
   -7.5000   -7.5000    7.5000 2859.6897    8.0809
    0.0000   -7.5000    7.5000 2890.1245    7.9585
    7.5000   -7.5000    7.5000 2846.7578    8.1722
   -7.5000    0.0000    7.5000 2841.9050    8.1755
    0.0000    0.0000    7.5000 2877.5823    8.1252
    7.5000    0.0000    7.5000 2831.4873    8.2580
   -7.5000    7.5000    7.5000 2768.6602    8.5388
    0.0000    7.5000    7.5000 2802.8533    8.5109
    7.5000    7.5000    7.5000 2761.4509    8.6056
   -7.5000   15.0000    7.5000 2671.6799    9.0545
    0.0000   15.0000    7.5000 2702.2666    9.0255
    7.5000   15.0000    7.5000 2665.2854    9.1071
   -7.5000   22.5000    7.5000 2551.4893    9.7459
    0.0000   22.5000    7.5000 2575.2170    9.7457
    7.5000   22.5000    7.5000 2542.1602    9.8152
   -7.5000   30.0000    7.5000 2419.9329   10.6523
    0.0000   30.0000    7.5000 2443.6978   10.6404
    7.5000   30.0000    7.5000 2412.3396   10.7155
   -7.5000   37.5000    7.5000 2275.8430   11.8633
    0.0000   37.5000    7.5000 2295.8074   11.8186
    7.5000   37.5000    7.5000 2269.7244   11.9156
   -7.5000   45.0000    7.5000 2106.9551   13.4607
    0.0000   45.0000    7.5000 2126.7632   13.3660
    7.5000   45.0000    7.5000 2101.7454   13.5171
   -7.5000  -45.0000   15.0000 2346.8633   11.0166
    0.0000  -45.0000   15.0000 2374.5383   10.9069
    7.5000  -45.0000   15.0000 2333.6819   11.1574
   -7.5000  -37.5000   15.0000 2462.2251   10.0811
    0.0000  -37.5000   15.0000 2494.5728    9.9679
    7.5000  -37.5000   15.0000 2448.6494   10.1974
   -7.5000  -30.0000   15.0000 2580.5269    9.4026
    0.0000  -30.0000   15.0000 2614.3540    9.2673
    7.5000  -30.0000   15.0000 2569.8220    9.4906
   -7.5000  -22.5000   15.0000 2678.2397    8.9310
    0.0000  -22.5000   15.0000 2714.1104    8.7840
    7.5000  -22.5000   15.0000 2670.0312    8.9992
   -7.5000  -15.0000   15.0000 2748.0649    8.6038
    0.0000  -15.0000   15.0000 2778.7080    8.4453
    7.5000  -15.0000   15.0000 2737.2017    8.6778
   -7.5000   -7.5000   15.0000 2779.6360    8.4381
    0.0000   -7.5000   15.0000 2805.2231    8.3228
    7.5000   -7.5000   15.0000 2767.5525    8.5206
   -7.5000    0.0000   15.0000 2766.4419    8.5544
    0.0000    0.0000   15.0000 2800.8372    8.4859
    7.5000    0.0000   15.0000 2757.9207    8.6360
   -7.5000    7.5000   15.0000 2698.8508    8.9180
    0.0000    7.5000   15.0000 2729.3982    8.8673
    7.5000    7.5000   15.0000 2690.1892    8.9875
   -7.5000   15.0000   15.0000 2613.1543    9.4379
    0.0000   15.0000   15.0000 2640.7246    9.3881
    7.5000   15.0000   15.0000 2606.4028    9.4862
   -7.5000   22.5000   15.0000 2497.8813   10.1300
    0.0000   22.5000   15.0000 2525.7705   10.1134
    7.5000   22.5000   15.0000 2495.3318   10.1932
   -7.5000   30.0000   15.0000 2368.0527   11.0431
    0.0000   30.0000   15.0000 2394.4548   11.0171
    7.5000   30.0000   15.0000 2368.8623   11.0824
   -7.5000   37.5000   15.0000 2232.9109   12.1901
    0.0000   37.5000   15.0000 2251.1516   12.1526
    7.5000   37.5000   15.0000 2228.9587   12.2435
   -7.5000   45.0000   15.0000 2065.2664   13.7559
    0.0000   45.0000   15.0000 2083.7747   13.7077
    7.5000   45.0000   15.0000 2061.8591   13.8275
   -7.5000  -45.0000   22.5000 2301.7632   11.6347
    0.0000  -45.0000   22.5000 2331.4233   11.5379
    7.5000  -45.0000   22.5000 2291.6677   11.7398
   -7.5000  -37.5000   22.5000 2414.3706   10.6637
    0.0000  -37.5000   22.5000 2448.5276   10.5817
    7.5000  -37.5000   22.5000 2402.7805   10.7628
   -7.5000  -30.0000   22.5000 2524.1448    9.9708
    0.0000  -30.0000   22.5000 2558.7639    9.8405
    7.5000  -30.0000   22.5000 2512.6274   10.0366
   -7.5000  -22.5000   22.5000 2612.0732    9.4614
    0.0000  -22.5000   22.5000 2649.4702    9.3161
    7.5000  -22.5000   22.5000 2602.6978    9.5076
   -7.5000  -15.0000   22.5000 2671.0623    9.0940
    0.0000  -15.0000   22.5000 2704.4207    8.9677
    7.5000  -15.0000   22.5000 2661.3730    9.1499
   -7.5000   -7.5000   22.5000 2695.4768    8.9496
    0.0000   -7.5000   22.5000 2722.7249    8.8456
    7.5000   -7.5000   22.5000 2685.6843    9.0172
   -7.5000    0.0000   22.5000 2680.3413    9.0627
    0.0000    0.0000   22.5000 2713.8401    8.9754
    7.5000    0.0000   22.5000 2675.5127    9.1232
   -7.5000    7.5000   22.5000 2615.3394    9.4055
    0.0000    7.5000   22.5000 2646.2188    9.3396
    7.5000    7.5000   22.5000 2611.2109    9.4686
   -7.5000   15.0000   22.5000 2535.7798    9.9036
    0.0000   15.0000   22.5000 2564.9814    9.8511
    7.5000   15.0000   22.5000 2533.8264    9.9575
   -7.5000   22.5000   22.5000 2432.1548   10.5724
    0.0000   22.5000   22.5000 2459.5813   10.5478
    7.5000   22.5000   22.5000 2433.4495   10.6378
   -7.5000   30.0000   22.5000 2313.2585   11.4891
    0.0000   30.0000   22.5000 2337.8228   11.4776
    7.5000   30.0000   22.5000 2314.4976   11.5556
   -7.5000   37.5000   22.5000 2171.3491   12.6609
    0.0000   37.5000   22.5000 2194.3462   12.6342
    7.5000   37.5000   22.5000 2172.2461   12.7416
   -7.5000   45.0000   22.5000 2014.4645   14.2311
    0.0000   45.0000   22.5000 2031.4860   14.1679
    7.5000   45.0000   22.5000 2007.9836   14.3364
   -7.5000  -45.0000   30.0000 2244.6494   12.4061
    0.0000  -45.0000   30.0000 2274.0361   12.3377
    7.5000  -45.0000   30.0000 2235.5977   12.4910
   -7.5000  -37.5000   30.0000 2352.3303   11.4103
    0.0000  -37.5000   30.0000 2388.1875   11.3236
    7.5000  -37.5000   30.0000 2343.3040   11.4798
   -7.5000  -30.0000   30.0000 2452.0398   10.6681
    0.0000  -30.0000   30.0000 2486.2078   10.5452
    7.5000  -30.0000   30.0000 2443.6790   10.7279
   -7.5000  -22.5000   30.0000 2534.2786   10.1112
    0.0000  -22.5000   30.0000 2569.2117    9.9804
    7.5000  -22.5000   30.0000 2526.7256   10.1660
   -7.5000  -15.0000   30.0000 2586.6506    9.7379
    0.0000  -15.0000   30.0000 2612.0864    9.6335
    7.5000  -15.0000   30.0000 2577.4680    9.7995
   -7.5000   -7.5000   30.0000 2598.6641    9.6069
    0.0000   -7.5000   30.0000 2626.5654    9.5118
    7.5000   -7.5000   30.0000 2596.6677    9.6762
   -7.5000    0.0000   30.0000 2582.1736    9.7052
    0.0000    0.0000   30.0000 2610.3657    9.6395
    7.5000    0.0000   30.0000 2581.2192    9.7735
   -7.5000    7.5000   30.0000 2530.8774   10.0106
    0.0000    7.5000   30.0000 2562.8391    9.9542
    7.5000    7.5000   30.0000 2528.7590   10.0780
   -7.5000   15.0000   30.0000 2459.6917   10.4927
    0.0000   15.0000   30.0000 2486.2063   10.4266
    7.5000   15.0000   30.0000 2457.4290   10.5404
   -7.5000   22.5000   30.0000 2364.7810   11.1685
    0.0000   22.5000   30.0000 2389.2356   11.1268
    7.5000   22.5000   30.0000 2362.8784   11.2292
   -7.5000   30.0000   30.0000 2246.3738   12.0800
    0.0000   30.0000   30.0000 2260.7603   12.0390
    7.5000   30.0000   30.0000 2241.0754   12.1362
   -7.5000   37.5000   30.0000 2105.8027   13.2911
    0.0000   37.5000   30.0000 2119.7676   13.2469
    7.5000   37.5000   30.0000 2103.2710   13.3355
   -7.5000   45.0000   30.0000 1957.4448   14.9135
    0.0000   45.0000   30.0000 1967.5387   14.8222
    7.5000   45.0000   30.0000 1951.8986   14.9689
   -7.5000  -45.0000   37.5000 2180.4810   13.4258
    0.0000  -45.0000   37.5000 2209.1575   13.3349
    7.5000  -45.0000   37.5000 2171.1580   13.5126
   -7.5000  -37.5000   37.5000 2285.3918   12.3386
    0.0000  -37.5000   37.5000 2320.0051   12.2435
    7.5000  -37.5000   37.5000 2278.0256   12.3997
   -7.5000  -30.0000   37.5000 2377.7461   11.5291
    0.0000  -30.0000   37.5000 2407.1279   11.4021
    7.5000  -30.0000   37.5000 2369.0525   11.5694
   -7.5000  -22.5000   37.5000 2449.1975   10.9290
    0.0000  -22.5000   37.5000 2476.4609   10.8099
    7.5000  -22.5000   37.5000 2441.2842   10.9694
   -7.5000  -15.0000   37.5000 2490.8857   10.5420
    0.0000  -15.0000   37.5000 2510.4216   10.4333
    7.5000  -15.0000   37.5000 2481.8831   10.6034
   -7.5000   -7.5000   37.5000 2499.8564   10.4218
    0.0000   -7.5000   37.5000 2523.1245   10.3204
    7.5000   -7.5000   37.5000 2497.5479   10.4658
   -7.5000    0.0000   37.5000 2480.4346   10.5207
    0.0000    0.0000   37.5000 2504.5049   10.4459
    7.5000    0.0000   37.5000 2482.9836   10.5671
   -7.5000    7.5000   37.5000 2441.4355   10.7878
    0.0000    7.5000   37.5000 2466.8840   10.7354
    7.5000    7.5000   37.5000 2444.3010   10.8549
   -7.5000   15.0000   37.5000 2373.9275   11.2554
    0.0000   15.0000   37.5000 2401.1541   11.1845
    7.5000   15.0000   37.5000 2375.8472   11.3022
   -7.5000   22.5000   37.5000 2286.3230   11.9136
    0.0000   22.5000   37.5000 2310.0024   11.8468
    7.5000   22.5000   37.5000 2283.3945   11.9492
   -7.5000   30.0000   37.5000 2170.1838   12.8468
    0.0000   30.0000   37.5000 2184.4519   12.7931
    7.5000   30.0000   37.5000 2165.8179   12.8883
   -7.5000   37.5000   37.5000 2030.6396   14.1296
    0.0000   37.5000   37.5000 2041.4551   14.0585
    7.5000   37.5000   37.5000 2026.7618   14.1431
   -7.5000   45.0000   37.5000 1895.0674   15.8259
    0.0000   45.0000   37.5000 1901.7150   15.6622
    7.5000   45.0000   37.5000 1890.0647   15.8201
   -7.5000  -45.0000   45.0000 2105.4961   14.6958
    0.0000  -45.0000   45.0000 2132.6453   14.5550
    7.5000  -45.0000   45.0000 2097.7109   14.7576
   -7.5000  -37.5000   45.0000 2205.5063   13.4987
    0.0000  -37.5000   45.0000 2236.3599   13.3905
    7.5000  -37.5000   45.0000 2201.5684   13.5543
   -7.5000  -30.0000   45.0000 2292.9670   12.6129
    0.0000  -30.0000   45.0000 2318.1277   12.4837
    7.5000  -30.0000   45.0000 2287.0906   12.6655
   -7.5000  -22.5000   45.0000 2355.6287   11.9519
    0.0000  -22.5000   45.0000 2376.6428   11.8210
    7.5000  -22.5000   45.0000 2350.1638   12.0085
   -7.5000  -15.0000   45.0000 2387.8672   11.5476
    0.0000  -15.0000   45.0000 2404.0430   11.4024
    7.5000  -15.0000   45.0000 2380.6685   11.5892
   -7.5000   -7.5000   45.0000 2392.8899   11.4081
    0.0000   -7.5000   45.0000 2411.5779   11.2944
    7.5000   -7.5000   45.0000 2394.1218   11.4466
   -7.5000    0.0000   45.0000 2376.0464   11.4943
    0.0000    0.0000   45.0000 2393.2161   11.4047
    7.5000    0.0000   45.0000 2379.6140   11.5390
   -7.5000    7.5000   45.0000 2342.0146   11.7318
    0.0000    7.5000   45.0000 2362.5933   11.6535
    7.5000    7.5000   45.0000 2346.1694   11.7951
   -7.5000   15.0000   45.0000 2278.1230   12.1921
    0.0000   15.0000   45.0000 2301.5977   12.1272
    7.5000   15.0000   45.0000 2281.3337   12.2519
   -7.5000   22.5000   45.0000 2196.8342   12.8480
    0.0000   22.5000   45.0000 2218.5803   12.7780
    7.5000   22.5000   45.0000 2193.7566   12.9125
   -7.5000   30.0000   45.0000 2085.6641   13.8139
    0.0000   30.0000   45.0000 2099.4524   13.7418
    7.5000   30.0000   45.0000 2080.8911   13.8590
   -7.5000   37.5000   45.0000 1957.1840   15.1973
    0.0000   37.5000   45.0000 1961.1603   15.0981
    7.5000   37.5000   45.0000 1951.9307   15.2304
   -7.5000   45.0000   45.0000 1829.5452   16.9917
    0.0000   45.0000   45.0000 1835.1545   16.7858
    7.5000   45.0000   45.0000 1821.5319   16.9650

---------------------------------------------------------------------
imgreg_4dfp /opt/freesurfer/average/711-2C_as_mni_average_305 /opt/freesurfer/average/711-2B_as_mni_average_305_mask talsrcimg_g11 none talsrcimg_to_711-2C_as_mni_average_305_t4 1283
---------------------------------------------------------------------

freesurfer imgreg_4dfp.c
/opt/freesurfer/average/711-2C_as_mni_average_305.4dfp.img
       256       256       256         1
  1.000000  1.000000  1.000000
orientation T byte_order littleendian
Reading image: /opt/freesurfer/average/711-2C_as_mni_average_305.4dfp.img
dimensions:      256       256       256
mmppix:       1.0000   -1.0000   -1.0000
center:     128.0000 -129.0000 -129.0000
/opt/freesurfer/average/711-2B_as_mni_average_305_mask.4dfp.img
       256       256       256         1
  1.000000  1.000000  1.000000
orientation T byte_order littleendian
Reading mask: /opt/freesurfer/average/711-2B_as_mni_average_305_mask.4dfp.img (2306576 pixels)
talsrcimg_g11.4dfp.img
       256       256       256         1
  1.000000  1.000000  1.000000
orientation T byte_order littleendian
Reading image: talsrcimg_g11.4dfp.img
dimensions:      256       256       256
mmppix:       1.0000   -1.0000   -1.0000
center:     128.0000 -129.0000 -129.0000
rotation matrix determinant  1.000000
fimgreg.f
image alignment mode   1283 decimal      503 hex
parameters
    0.0000   -7.5000   -7.5000    0.0000    0.0000    0.0000
eta,q 0.94376  7.65831
niter,ni,del,rscale     5    3   12.0000    1.2000
parameters
   -0.3728   -6.3679   -7.3917   -1.9208    0.7615   -0.7048
eta,q 0.94440  7.76918
  0.0678  0.0725  0.0661  0.0576  0.0652  0.0601
  0.0625  0.0662  0.0612  0.0575  0.0612  0.0573
  0.0579  0.0606  0.0569  0.0561  0.0582  0.0558
  0.0568  0.0564  0.0555  0.0555  0.0560  0.0558
  0.0594  0.0557  0.0576  0.0579  0.0559  0.0571
  0.0643  0.0590  0.0612  0.0614  0.0581  0.0593
  0.0709  0.0648  0.0647  0.0660  0.0621  0.0622
niter,ni,del,rscale     4    3   12.0000    1.2000
parameters
   -0.6671   -5.8980   -7.6651   -2.7640    1.0452   -0.8733
eta,q 0.94438  7.76966
  0.0676  0.0672  0.0641  0.0578  0.0642  0.0610
  0.0621  0.0624  0.0594  0.0569  0.0606  0.0578
  0.0570  0.0590  0.0559  0.0567  0.0575  0.0560
  0.0556  0.0555  0.0549  0.0548  0.0557  0.0556
  0.0585  0.0551  0.0574  0.0551  0.0561  0.0565
  0.0633  0.0592  0.0613  0.0578  0.0590  0.0585
  0.0704  0.0654  0.0650  0.0618  0.0634  0.0614
niter,ni,del,rscale     3    3   12.0000    1.2000
parameters
   -0.6793   -5.7710   -7.7873   -2.9079    1.1158   -0.9062
eta,q 0.94441  7.76684
  0.0689  0.0654  0.0650  0.0584  0.0637  0.0613
  0.0631  0.0612  0.0600  0.0569  0.0602  0.0580
  0.0577  0.0580  0.0565  0.0566  0.0572  0.0560
  0.0556  0.0556  0.0555  0.0555  0.0556  0.0556
  0.0581  0.0553  0.0575  0.0544  0.0563  0.0564
  0.0626  0.0596  0.0612  0.0565  0.0594  0.0583
  0.0693  0.0660  0.0650  0.0600  0.0640  0.0611
niter,ni,del,rscale     2    3   12.0000    1.2000
parameters
   -0.6693   -5.7538   -7.8098   -2.9138    1.1276   -0.9078
eta,q 0.94442  7.76612
  0.0690  0.0650  0.0654  0.0585  0.0636  0.0613
  0.0631  0.0609  0.0603  0.0570  0.0601  0.0580
  0.0576  0.0578  0.0567  0.0565  0.0571  0.0560
  0.0556  0.0556  0.0556  0.0556  0.0556  0.0556
  0.0580  0.0554  0.0574  0.0544  0.0563  0.0564
  0.0625  0.0598  0.0611  0.0563  0.0595  0.0583
  0.0692  0.0664  0.0649  0.0597  0.0641  0.0610
registration optimization eta report
parameter search radius
    6.0000    6.0000    6.0000    6.0000    6.0000    6.0000
100000*second partial in parameter space
       36.       28.       26.       11.       23.       16.
  0.0690  0.0650  0.0654  0.0585  0.0636  0.0613
  0.0631  0.0609  0.0603  0.0570  0.0601  0.0580
  0.0576  0.0578  0.0567  0.0565  0.0571  0.0560
  0.0556  0.0556  0.0556  0.0556  0.0556  0.0556
  0.0580  0.0554  0.0574  0.0544  0.0563  0.0564
  0.0625  0.0598  0.0611  0.0563  0.0595  0.0583
  0.0692  0.0664  0.0649  0.0597  0.0641  0.0610
   -0.6693   -5.7538   -7.8098   -2.9138    1.1276   -0.9078
eta,q 0.94442  7.76612

---------------------------------------------------------------------
imgreg_4dfp /opt/freesurfer/average/711-2C_as_mni_average_305 /opt/freesurfer/average/711-2B_as_mni_average_305_mask talsrcimg_g11 none talsrcimg_to_711-2C_as_mni_average_305_t4 3335
---------------------------------------------------------------------

freesurfer imgreg_4dfp.c
/opt/freesurfer/average/711-2C_as_mni_average_305.4dfp.img
       256       256       256         1
  1.000000  1.000000  1.000000
orientation T byte_order littleendian
Reading image: /opt/freesurfer/average/711-2C_as_mni_average_305.4dfp.img
dimensions:      256       256       256
mmppix:       1.0000   -1.0000   -1.0000
center:     128.0000 -129.0000 -129.0000
/opt/freesurfer/average/711-2B_as_mni_average_305_mask.4dfp.img
       256       256       256         1
  1.000000  1.000000  1.000000
orientation T byte_order littleendian
Reading mask: /opt/freesurfer/average/711-2B_as_mni_average_305_mask.4dfp.img (2306576 pixels)
talsrcimg_g11.4dfp.img
       256       256       256         1
  1.000000  1.000000  1.000000
orientation T byte_order littleendian
Reading image: talsrcimg_g11.4dfp.img
dimensions:      256       256       256
mmppix:       1.0000   -1.0000   -1.0000
center:     128.0000 -129.0000 -129.0000
fimgreg.f
image alignment mode   3335 decimal      D07 hex
parameters
   -0.6693   -5.7538   -7.8098   -0.0319   -0.1434   -0.1486
    1.6824   -1.8846   -1.5841    5.1138    1.9679   -5.0823
eta,q 0.94657  7.66160
niter,ni,del,rscale     5    3    5.0000    1.2000
parameter  4  3.999285 ->  0.500000 qaram    1.1500
parameter  5  2.407817 ->  0.500000 qaram    1.1500
parameter  6  0.740426 ->  0.500000 qaram    1.1500
parameters
   -0.7091   -5.5165   -7.3640   -4.1719   -4.2834   -4.2886
    0.9377   -0.6111   -0.5990    5.2827    2.4393   -5.4832
eta,q 0.96106  7.40397
  0.0557  0.0559  0.0556  0.0429  0.0381  0.0389  0.0414  0.0451  0.0417  0.0427  0.0404  0.0403
  0.0544  0.0546  0.0545  0.0457  0.0402  0.0390  0.0401  0.0423  0.0405  0.0407  0.0397  0.0395
  0.0536  0.0538  0.0538  0.0494  0.0430  0.0397  0.0393  0.0402  0.0395  0.0395  0.0392  0.0391
  0.0534  0.0534  0.0534  0.0533  0.0467  0.0409  0.0392  0.0392  0.0390  0.0390  0.0390  0.0389
  0.0537  0.0534  0.0534  0.0575  0.0508  0.0432  0.0397  0.0391  0.0390  0.0394  0.0390  0.0392
  0.0545  0.0540  0.0537  0.0620  0.0550  0.0466  0.0409  0.0401  0.0396  0.0407  0.0394  0.0398
  0.0558  0.0551  0.0544  0.0667  0.0598  0.0510  0.0426  0.0421  0.0406  0.0422  0.0401  0.0406
niter,ni,del,rscale     7    3    5.0000    1.2000
parameter  4  1.067740 ->  0.500000 qaram    1.3225
parameter  5  1.180088 ->  0.500000 qaram    1.3225
parameters
   -0.4222   -5.3544   -7.9454   -8.9329   -9.0444   -6.3919
    0.9093   -0.3678   -0.3443    6.7435    2.3454   -4.6363
eta,q 0.96887  7.09319
  0.0430  0.0421  0.0397  0.0344  0.0304  0.0329  0.0342  0.0358  0.0332  0.0358  0.0324  0.0332
  0.0410  0.0404  0.0391  0.0346  0.0311  0.0318  0.0326  0.0335  0.0322  0.0336  0.0318  0.0322
  0.0396  0.0393  0.0388  0.0359  0.0328  0.0312  0.0316  0.0319  0.0315  0.0320  0.0313  0.0315
  0.0389  0.0389  0.0389  0.0388  0.0348  0.0315  0.0312  0.0312  0.0312  0.0312  0.0312  0.0312
  0.0390  0.0392  0.0393  0.0426  0.0378  0.0321  0.0316  0.0316  0.0314  0.0312  0.0313  0.0312
  0.0398  0.0400  0.0402  0.0468  0.0418  0.0336  0.0326  0.0330  0.0320  0.0317  0.0318  0.0317
  0.0415  0.0412  0.0413  0.0515  0.0461  0.0366  0.0342  0.0353  0.0330  0.0332  0.0325  0.0324
niter,ni,del,rscale     7    3    5.0000    1.2000
parameter  5  0.622927 ->  0.500000 qaram    1.5209
parameters
   -0.4590   -4.8871   -7.9766  -13.4327  -14.5196   -7.1826
    0.8263   -0.7184   -0.5468    9.1361    1.6646   -5.3417
eta,q 0.97156  6.69661
  0.0349  0.0344  0.0328  0.0312  0.0295  0.0310  0.0317  0.0324  0.0305  0.0332  0.0293  0.0296
  0.0328  0.0328  0.0318  0.0307  0.0290  0.0298  0.0302  0.0304  0.0296  0.0312  0.0288  0.0289
  0.0315  0.0317  0.0312  0.0305  0.0292  0.0291  0.0292  0.0292  0.0291  0.0298  0.0285  0.0285
  0.0311  0.0311  0.0310  0.0310  0.0306  0.0290  0.0289  0.0289  0.0289  0.0289  0.0285  0.0285
  0.0316  0.0310  0.0312  0.0330  0.0327  0.0296  0.0293  0.0296  0.0292  0.0285  0.0286  0.0287
  0.0330  0.0315  0.0319  0.0366  0.0357  0.0303  0.0303  0.0310  0.0298  0.0288  0.0290  0.0293
  0.0351  0.0326  0.0329  0.0408  0.0397  0.0320  0.0318  0.0330  0.0307  0.0298  0.0297  0.0301
niter,ni,del,rscale     7    3    5.0000    1.2000
parameters
   -0.4993   -3.8701   -8.3212  -15.0636  -17.6471   -8.3826
    0.7630   -0.8779   -0.5298   12.2482    1.5465   -5.7269
eta,q 0.97305  6.47165
  0.0317  0.0330  0.0292  0.0299  0.0300  0.0294  0.0302  0.0312  0.0294  0.0322  0.0279  0.0280
  0.0299  0.0310  0.0285  0.0284  0.0284  0.0283  0.0288  0.0292  0.0284  0.0302  0.0274  0.0274
  0.0288  0.0294  0.0281  0.0279  0.0276  0.0277  0.0279  0.0279  0.0277  0.0286  0.0271  0.0270
  0.0284  0.0284  0.0280  0.0280  0.0279  0.0276  0.0276  0.0276  0.0275  0.0275  0.0270  0.0270
  0.0288  0.0281  0.0284  0.0284  0.0293  0.0283  0.0279  0.0281  0.0278  0.0270  0.0270  0.0271
  0.0300  0.0282  0.0291  0.0296  0.0319  0.0292  0.0289  0.0295  0.0284  0.0271  0.0274  0.0276
  0.0320  0.0288  0.0302  0.0325  0.0354  0.0308  0.0303  0.0314  0.0293  0.0280  0.0280  0.0282
niter,ni,del,rscale     6    3    5.0000    1.2000
parameters
   -0.5120   -2.7614   -8.9530  -16.0580  -19.2793   -9.1388
    0.6819   -0.9018   -0.7464   13.9802    1.6577   -6.5874
eta,q 0.97417  6.34729
  0.0302  0.0318  0.0271  0.0286  0.0298  0.0280  0.0288  0.0299  0.0280  0.0303  0.0269  0.0267
  0.0285  0.0297  0.0265  0.0269  0.0277  0.0268  0.0273  0.0279  0.0269  0.0283  0.0263  0.0261
  0.0273  0.0280  0.0263  0.0261  0.0264  0.0262  0.0264  0.0265  0.0263  0.0269  0.0260  0.0259
  0.0270  0.0270  0.0264  0.0263  0.0262  0.0261  0.0261  0.0261  0.0261  0.0261  0.0259  0.0259
  0.0273  0.0264  0.0268  0.0268  0.0273  0.0266  0.0265  0.0266  0.0264  0.0259  0.0259  0.0261
  0.0285  0.0265  0.0276  0.0277  0.0297  0.0274  0.0275  0.0280  0.0271  0.0264  0.0263  0.0265
  0.0303  0.0272  0.0287  0.0297  0.0331  0.0289  0.0289  0.0299  0.0283  0.0276  0.0269  0.0272
niter,ni,del,rscale     5    3    5.0000    1.2000
parameters
   -0.4910   -2.3464   -9.2457  -16.4227  -19.8318   -9.1632
    0.6558   -0.8825   -0.8603   14.7375    1.6302   -7.0751
eta,q 0.97435  6.31451
  0.0292  0.0294  0.0268  0.0285  0.0304  0.0279  0.0285  0.0296  0.0277  0.0292  0.0267  0.0266
  0.0274  0.0277  0.0262  0.0268  0.0281  0.0267  0.0270  0.0276  0.0266  0.0274  0.0261  0.0260
  0.0263  0.0264  0.0258  0.0257  0.0264  0.0260  0.0260  0.0262  0.0259  0.0263  0.0258  0.0257
  0.0258  0.0258  0.0258  0.0257  0.0257  0.0257  0.0257  0.0257  0.0257  0.0257  0.0257  0.0257
  0.0262  0.0258  0.0260  0.0264  0.0264  0.0260  0.0261  0.0262  0.0260  0.0258  0.0258  0.0259
  0.0273  0.0264  0.0266  0.0272  0.0286  0.0266  0.0271  0.0276  0.0267  0.0265  0.0261  0.0263
  0.0292  0.0276  0.0275  0.0288  0.0318  0.0279  0.0285  0.0295  0.0278  0.0280  0.0267  0.0269
niter,ni,del,rscale     4    3    5.0000    1.2000
parameters
   -0.4815   -2.1861   -9.3175  -16.5344  -20.0617   -9.1134
    0.6563   -0.8643   -0.8893   15.0455    1.6072   -7.2958
eta,q 0.97438  6.30520
  0.0291  0.0286  0.0270  0.0287  0.0307  0.0278  0.0285  0.0295  0.0277  0.0287  0.0267  0.0267
  0.0272  0.0271  0.0262  0.0268  0.0283  0.0266  0.0270  0.0275  0.0266  0.0271  0.0261  0.0261
  0.0261  0.0260  0.0258  0.0257  0.0265  0.0259  0.0260  0.0261  0.0259  0.0261  0.0258  0.0257
  0.0256  0.0256  0.0256  0.0256  0.0256  0.0256  0.0256  0.0256  0.0256  0.0256  0.0256  0.0256
  0.0260  0.0258  0.0258  0.0263  0.0262  0.0259  0.0260  0.0262  0.0259  0.0258  0.0257  0.0258
  0.0272  0.0266  0.0263  0.0271  0.0283  0.0265  0.0270  0.0275  0.0266  0.0267  0.0261  0.0262
  0.0290  0.0279  0.0271  0.0285  0.0315  0.0278  0.0284  0.0294  0.0277  0.0283  0.0267  0.0268
niter,ni,del,rscale     3    3    5.0000    1.2000
parameters
   -0.4773   -2.1282   -9.3332  -16.5747  -20.1540   -9.0776
    0.6519   -0.8559   -0.9032   15.1620    1.5963   -7.3823
eta,q 0.97438  6.30216
  0.0290  0.0284  0.0270  0.0287  0.0308  0.0278  0.0285  0.0295  0.0277  0.0286  0.0267  0.0267
  0.0272  0.0269  0.0263  0.0269  0.0284  0.0266  0.0270  0.0275  0.0266  0.0270  0.0261  0.0261
  0.0260  0.0259  0.0258  0.0257  0.0265  0.0259  0.0260  0.0261  0.0259  0.0260  0.0258  0.0257
  0.0256  0.0256  0.0256  0.0256  0.0256  0.0256  0.0256  0.0256  0.0256  0.0256  0.0256  0.0256
  0.0260  0.0259  0.0258  0.0262  0.0261  0.0259  0.0260  0.0262  0.0259  0.0259  0.0257  0.0258
  0.0272  0.0267  0.0263  0.0271  0.0282  0.0265  0.0270  0.0275  0.0266  0.0268  0.0261  0.0262
  0.0290  0.0281  0.0271  0.0285  0.0313  0.0278  0.0284  0.0294  0.0277  0.0284  0.0267  0.0267
niter,ni,del,rscale     2    3    5.0000    1.2000
parameters
   -0.4754   -2.1074   -9.3338  -16.5893  -20.1905   -9.0550
    0.6520   -0.8517   -0.9087   15.2067    1.5994   -7.4213
eta,q 0.97437  6.30131
  0.0290  0.0283  0.0270  0.0287  0.0309  0.0278  0.0285  0.0295  0.0277  0.0285  0.0267  0.0267
  0.0272  0.0268  0.0263  0.0269  0.0284  0.0266  0.0270  0.0275  0.0266  0.0269  0.0261  0.0261
  0.0260  0.0259  0.0258  0.0257  0.0265  0.0259  0.0260  0.0261  0.0259  0.0260  0.0258  0.0257
  0.0256  0.0256  0.0256  0.0256  0.0256  0.0256  0.0256  0.0256  0.0256  0.0256  0.0256  0.0256
  0.0260  0.0259  0.0258  0.0262  0.0261  0.0259  0.0260  0.0262  0.0259  0.0259  0.0257  0.0258
  0.0272  0.0268  0.0263  0.0271  0.0281  0.0265  0.0270  0.0275  0.0266  0.0268  0.0261  0.0262
  0.0290  0.0282  0.0270  0.0285  0.0313  0.0278  0.0284  0.0294  0.0277  0.0285  0.0267  0.0267
registration optimization eta report
parameter search radius
    2.4000    2.4000    2.4000    9.5220   10.9503    8.2800
    7.2000    7.2000    7.2000    7.2000    7.2000    7.2000
100000*second partial in parameter space
       59.       45.       25.        3.        4.        3.
        5.        7.        4.        6.        2.        2.
  0.0290  0.0283  0.0270  0.0287  0.0309  0.0278  0.0285  0.0295  0.0277  0.0285  0.0267  0.0267
  0.0272  0.0268  0.0263  0.0269  0.0284  0.0266  0.0270  0.0275  0.0266  0.0269  0.0261  0.0261
  0.0260  0.0259  0.0258  0.0257  0.0265  0.0259  0.0260  0.0261  0.0259  0.0260  0.0258  0.0257
  0.0256  0.0256  0.0256  0.0256  0.0256  0.0256  0.0256  0.0256  0.0256  0.0256  0.0256  0.0256
  0.0260  0.0259  0.0258  0.0262  0.0261  0.0259  0.0260  0.0262  0.0259  0.0259  0.0257  0.0258
  0.0272  0.0268  0.0263  0.0271  0.0281  0.0265  0.0270  0.0275  0.0266  0.0268  0.0261  0.0262
  0.0290  0.0282  0.0270  0.0285  0.0313  0.0278  0.0284  0.0294  0.0277  0.0285  0.0267  0.0267
   -0.4754   -2.1074   -9.3338  -16.5893  -20.1905   -9.0550
    0.6520   -0.8517   -0.9087   15.2067    1.5994   -7.4213
eta,q 0.97437  6.30131

---------------------------------------------------------------------
imgreg_4dfp /opt/freesurfer/average/711-2C_as_mni_average_305 /opt/freesurfer/average/711-2B_as_mni_average_305_mask talsrcimg_g11 none talsrcimg_to_711-2C_as_mni_average_305_t4 2311
---------------------------------------------------------------------

freesurfer imgreg_4dfp.c
/opt/freesurfer/average/711-2C_as_mni_average_305.4dfp.img
       256       256       256         1
  1.000000  1.000000  1.000000
orientation T byte_order littleendian
Reading image: /opt/freesurfer/average/711-2C_as_mni_average_305.4dfp.img
dimensions:      256       256       256
mmppix:       1.0000   -1.0000   -1.0000
center:     128.0000 -129.0000 -129.0000
/opt/freesurfer/average/711-2B_as_mni_average_305_mask.4dfp.img
       256       256       256         1
  1.000000  1.000000  1.000000
orientation T byte_order littleendian
Reading mask: /opt/freesurfer/average/711-2B_as_mni_average_305_mask.4dfp.img (2306576 pixels)
talsrcimg_g11.4dfp.img
       256       256       256         1
  1.000000  1.000000  1.000000
orientation T byte_order littleendian
Reading image: talsrcimg_g11.4dfp.img
dimensions:      256       256       256
mmppix:       1.0000   -1.0000   -1.0000
center:     128.0000 -129.0000 -129.0000
fimgreg.f
image alignment mode   2311 decimal      907 hex
parameters
   -0.4754   -2.1074   -9.3338  -16.5893  -20.1905   -9.0550
    0.6520   -0.8517   -0.9087   15.2067    1.5994   -7.4213
eta,q 0.97437  6.30131
niter,ni,del,rscale     5    3    5.0000    0.8000
parameters
   -0.4711   -2.1208   -9.3309  -17.4035  -19.6847   -8.9828
    0.5731   -0.9197   -0.9395   15.1760    1.6877   -7.4445
eta,q 0.97447  6.29100
  0.0272  0.0268  0.0263  0.0262  0.0270  0.0263  0.0269  0.0274  0.0265  0.0268  0.0261  0.0261
  0.0263  0.0261  0.0259  0.0257  0.0263  0.0259  0.0261  0.0264  0.0260  0.0261  0.0258  0.0258
  0.0258  0.0257  0.0257  0.0255  0.0258  0.0256  0.0257  0.0257  0.0256  0.0257  0.0256  0.0256
  0.0256  0.0256  0.0256  0.0256  0.0256  0.0255  0.0255  0.0255  0.0255  0.0255  0.0255  0.0255
  0.0258  0.0258  0.0257  0.0259  0.0256  0.0256  0.0257  0.0258  0.0256  0.0257  0.0256  0.0256
  0.0263  0.0262  0.0259  0.0262  0.0259  0.0259  0.0262  0.0265  0.0260  0.0261  0.0258  0.0258
  0.0272  0.0268  0.0263  0.0266  0.0265  0.0262  0.0270  0.0275  0.0265  0.0269  0.0260  0.0261
niter,ni,del,rscale     4    3    5.0000    0.7000
parameters
   -0.4669   -2.1226   -9.3242  -17.4808  -19.6471   -9.0160
    0.5678   -0.9431   -0.9606   15.1819    1.7079   -7.4733
eta,q 0.97447  6.28890
  0.0268  0.0264  0.0260  0.0263  0.0265  0.0261  0.0266  0.0270  0.0263  0.0265  0.0259  0.0259
  0.0261  0.0259  0.0258  0.0258  0.0260  0.0258  0.0260  0.0262  0.0259  0.0260  0.0257  0.0257
  0.0257  0.0256  0.0256  0.0256  0.0256  0.0256  0.0257  0.0257  0.0256  0.0256  0.0256  0.0256
  0.0255  0.0255  0.0255  0.0255  0.0255  0.0255  0.0255  0.0255  0.0255  0.0255  0.0255  0.0255
  0.0257  0.0256  0.0256  0.0257  0.0256  0.0256  0.0257  0.0257  0.0256  0.0256  0.0256  0.0256
  0.0261  0.0259  0.0258  0.0259  0.0259  0.0258  0.0260  0.0263  0.0259  0.0259  0.0257  0.0257
  0.0268  0.0264  0.0260  0.0263  0.0265  0.0261  0.0266  0.0270  0.0263  0.0265  0.0259  0.0259
niter,ni,del,rscale     3    3    5.0000    0.6000
parameters
   -0.4682   -2.1193   -9.3317  -17.5594  -19.6299   -9.0608
    0.5701   -0.9604   -0.9589   15.1852    1.7279   -7.5015
eta,q 0.97448  6.28546
  0.0264  0.0262  0.0259  0.0261  0.0262  0.0260  0.0263  0.0267  0.0261  0.0262  0.0258  0.0258
  0.0259  0.0258  0.0257  0.0257  0.0259  0.0257  0.0259  0.0260  0.0258  0.0258  0.0257  0.0257
  0.0256  0.0256  0.0256  0.0256  0.0256  0.0256  0.0256  0.0256  0.0256  0.0256  0.0256  0.0256
  0.0255  0.0255  0.0255  0.0255  0.0255  0.0255  0.0255  0.0255  0.0255  0.0255  0.0255  0.0255
  0.0256  0.0256  0.0256  0.0256  0.0256  0.0256  0.0256  0.0257  0.0256  0.0256  0.0256  0.0256
  0.0259  0.0258  0.0257  0.0258  0.0258  0.0258  0.0259  0.0261  0.0258  0.0258  0.0257  0.0257
  0.0265  0.0262  0.0259  0.0261  0.0262  0.0260  0.0263  0.0267  0.0261  0.0262  0.0258  0.0258
niter,ni,del,rscale     2    3    5.0000    0.5000
parameters
   -0.4688   -2.1157   -9.3516  -17.6673  -19.6178   -9.1176
    0.5675   -0.9790   -0.9692   15.1966    1.7366   -7.5307
eta,q 0.97448  6.28047
  0.0262  0.0260  0.0258  0.0259  0.0260  0.0258  0.0261  0.0263  0.0259  0.0260  0.0257  0.0257
  0.0258  0.0257  0.0256  0.0257  0.0258  0.0257  0.0258  0.0259  0.0257  0.0257  0.0256  0.0256
  0.0256  0.0256  0.0256  0.0256  0.0256  0.0256  0.0256  0.0256  0.0256  0.0256  0.0255  0.0255
  0.0255  0.0255  0.0255  0.0255  0.0255  0.0255  0.0255  0.0255  0.0255  0.0255  0.0255  0.0255
  0.0256  0.0256  0.0256  0.0256  0.0256  0.0256  0.0256  0.0256  0.0256  0.0256  0.0255  0.0256
  0.0258  0.0257  0.0257  0.0258  0.0257  0.0257  0.0258  0.0259  0.0257  0.0257  0.0256  0.0256
  0.0262  0.0260  0.0258  0.0260  0.0260  0.0259  0.0261  0.0263  0.0259  0.0260  0.0257  0.0257
niter,ni,del,rscale     1    3    5.0000    0.4000
parameters
   -0.4719   -2.1086   -9.3659  -17.7246  -19.6193   -9.1492
    0.5703   -0.9941   -0.9747   15.2099    1.7445   -7.5547
eta,q 0.97448  6.27749
  0.0259  0.0258  0.0257  0.0258  0.0258  0.0257  0.0259  0.0260  0.0258  0.0258  0.0257  0.0257
  0.0257  0.0257  0.0256  0.0256  0.0257  0.0256  0.0257  0.0257  0.0256  0.0257  0.0256  0.0256
  0.0256  0.0256  0.0255  0.0255  0.0256  0.0255  0.0256  0.0256  0.0255  0.0256  0.0255  0.0255
  0.0255  0.0255  0.0255  0.0255  0.0255  0.0255  0.0255  0.0255  0.0255  0.0255  0.0255  0.0255
  0.0256  0.0256  0.0255  0.0256  0.0256  0.0256  0.0256  0.0256  0.0256  0.0256  0.0255  0.0255
  0.0257  0.0257  0.0256  0.0257  0.0257  0.0256  0.0257  0.0258  0.0256  0.0257  0.0256  0.0256
  0.0259  0.0258  0.0257  0.0258  0.0258  0.0257  0.0259  0.0260  0.0258  0.0258  0.0257  0.0257
registration optimization eta report
parameter search radius
    0.8000    0.8000    0.8000    2.4000    2.4000    2.4000
    2.4000    2.4000    2.4000    2.4000    2.4000    2.4000
100000*second partial in parameter space
       64.       47.       27.        5.        5.        4.
        6.        9.        4.        5.        2.        3.
  0.0259  0.0258  0.0257  0.0258  0.0258  0.0257  0.0259  0.0260  0.0258  0.0258  0.0257  0.0257
  0.0257  0.0257  0.0256  0.0256  0.0257  0.0256  0.0257  0.0257  0.0256  0.0257  0.0256  0.0256
  0.0256  0.0256  0.0255  0.0255  0.0256  0.0255  0.0256  0.0256  0.0255  0.0256  0.0255  0.0255
  0.0255  0.0255  0.0255  0.0255  0.0255  0.0255  0.0255  0.0255  0.0255  0.0255  0.0255  0.0255
  0.0256  0.0256  0.0255  0.0256  0.0256  0.0256  0.0256  0.0256  0.0256  0.0256  0.0255  0.0255
  0.0257  0.0257  0.0256  0.0257  0.0257  0.0256  0.0257  0.0258  0.0256  0.0257  0.0256  0.0256
  0.0259  0.0258  0.0257  0.0258  0.0258  0.0257  0.0259  0.0260  0.0258  0.0258  0.0257  0.0257
   -0.4719   -2.1086   -9.3659  -17.7246  -19.6193   -9.1492
    0.5703   -0.9941   -0.9747   15.2099    1.7445   -7.5547
eta,q 0.97448  6.27749

---------------------------------------------------------------------
imgreg_4dfp /opt/freesurfer/average/711-2C_as_mni_average_305 /opt/freesurfer/average/711-2B_as_mni_average_305_mask talsrcimg_g11 none talsrcimg_to_711-2C_as_mni_average_305_t4 2311
---------------------------------------------------------------------

freesurfer imgreg_4dfp.c
/opt/freesurfer/average/711-2C_as_mni_average_305.4dfp.img
       256       256       256         1
  1.000000  1.000000  1.000000
orientation T byte_order littleendian
Reading image: /opt/freesurfer/average/711-2C_as_mni_average_305.4dfp.img
dimensions:      256       256       256
mmppix:       1.0000   -1.0000   -1.0000
center:     128.0000 -129.0000 -129.0000
/opt/freesurfer/average/711-2B_as_mni_average_305_mask.4dfp.img
       256       256       256         1
  1.000000  1.000000  1.000000
orientation T byte_order littleendian
Reading mask: /opt/freesurfer/average/711-2B_as_mni_average_305_mask.4dfp.img (2306576 pixels)
talsrcimg_g11.4dfp.img
       256       256       256         1
  1.000000  1.000000  1.000000
orientation T byte_order littleendian
Reading image: talsrcimg_g11.4dfp.img
dimensions:      256       256       256
mmppix:       1.0000   -1.0000   -1.0000
center:     128.0000 -129.0000 -129.0000
fimgreg.f
image alignment mode   2311 decimal      907 hex
parameters
   -0.4719   -2.1086   -9.3659  -17.7246  -19.6193   -9.1492
    0.5703   -0.9941   -0.9747   15.2099    1.7445   -7.5547
eta,q 0.97448  6.27749
niter,ni,del,rscale     5    3    5.0000    0.8000
parameters
   -0.4739   -2.0918   -9.3644  -17.4176  -19.6984   -9.0283
    0.5809   -0.9355   -0.9590   15.2364    1.6999   -7.4847
eta,q 0.97447  6.28907
  0.0271  0.0267  0.0262  0.0267  0.0267  0.0263  0.0269  0.0275  0.0265  0.0268  0.0260  0.0261
  0.0263  0.0261  0.0258  0.0260  0.0261  0.0259  0.0262  0.0265  0.0260  0.0261  0.0258  0.0258
  0.0257  0.0257  0.0256  0.0256  0.0257  0.0256  0.0257  0.0258  0.0256  0.0257  0.0256  0.0256
  0.0255  0.0255  0.0255  0.0255  0.0255  0.0255  0.0255  0.0255  0.0255  0.0255  0.0255  0.0255
  0.0257  0.0257  0.0256  0.0257  0.0257  0.0256  0.0257  0.0258  0.0256  0.0257  0.0256  0.0256
  0.0263  0.0260  0.0258  0.0260  0.0261  0.0259  0.0262  0.0264  0.0260  0.0261  0.0258  0.0258
  0.0272  0.0267  0.0262  0.0263  0.0268  0.0262  0.0269  0.0274  0.0265  0.0268  0.0261  0.0260
niter,ni,del,rscale     4    3    5.0000    0.7000
parameters
   -0.4692   -2.1088   -9.3400  -17.4824  -19.6624   -9.0217
    0.5726   -0.9450   -0.9626   15.2043    1.7018   -7.4874
eta,q 0.97447  6.28820
  0.0268  0.0264  0.0261  0.0263  0.0265  0.0261  0.0266  0.0270  0.0263  0.0265  0.0259  0.0259
  0.0261  0.0259  0.0258  0.0258  0.0260  0.0258  0.0260  0.0262  0.0259  0.0259  0.0257  0.0257
  0.0257  0.0256  0.0256  0.0256  0.0257  0.0256  0.0257  0.0257  0.0256  0.0256  0.0256  0.0256
  0.0255  0.0255  0.0255  0.0255  0.0255  0.0255  0.0255  0.0255  0.0255  0.0255  0.0255  0.0255
  0.0257  0.0256  0.0256  0.0257  0.0256  0.0256  0.0257  0.0257  0.0256  0.0256  0.0256  0.0256
  0.0261  0.0260  0.0257  0.0259  0.0259  0.0258  0.0260  0.0262  0.0259  0.0260  0.0257  0.0257
  0.0268  0.0265  0.0260  0.0263  0.0265  0.0261  0.0266  0.0270  0.0263  0.0265  0.0259  0.0259
niter,ni,del,rscale     3    3    5.0000    0.6000
parameters
   -0.4684   -2.1149   -9.3410  -17.5665  -19.6318   -9.0626
    0.5646   -0.9617   -0.9580   15.2012    1.7142   -7.5071
eta,q 0.97448  6.28515
  0.0265  0.0262  0.0259  0.0261  0.0262  0.0260  0.0263  0.0267  0.0261  0.0262  0.0258  0.0258
  0.0259  0.0258  0.0257  0.0257  0.0259  0.0257  0.0259  0.0260  0.0258  0.0258  0.0257  0.0257
  0.0256  0.0256  0.0256  0.0256  0.0256  0.0256  0.0256  0.0256  0.0256  0.0256  0.0256  0.0256
  0.0255  0.0255  0.0255  0.0255  0.0255  0.0255  0.0255  0.0255  0.0255  0.0255  0.0255  0.0255
  0.0256  0.0256  0.0256  0.0256  0.0256  0.0256  0.0256  0.0257  0.0256  0.0256  0.0256  0.0256
  0.0259  0.0258  0.0257  0.0258  0.0258  0.0258  0.0259  0.0261  0.0258  0.0258  0.0257  0.0257
  0.0265  0.0262  0.0259  0.0261  0.0262  0.0260  0.0263  0.0267  0.0261  0.0262  0.0258  0.0258
niter,ni,del,rscale     2    3    5.0000    0.5000
parameters
   -0.4690   -2.1132   -9.3517  -17.6760  -19.6279   -9.1103
    0.5582   -0.9779   -0.9652   15.2059    1.7323   -7.5384
eta,q 0.97448  6.28003
  0.0262  0.0260  0.0258  0.0259  0.0260  0.0258  0.0261  0.0263  0.0259  0.0260  0.0257  0.0257
  0.0258  0.0257  0.0256  0.0257  0.0257  0.0257  0.0258  0.0259  0.0257  0.0257  0.0256  0.0256
  0.0256  0.0256  0.0256  0.0255  0.0256  0.0256  0.0256  0.0256  0.0256  0.0256  0.0255  0.0255
  0.0255  0.0255  0.0255  0.0255  0.0255  0.0255  0.0255  0.0255  0.0255  0.0255  0.0255  0.0255
  0.0256  0.0256  0.0256  0.0256  0.0256  0.0256  0.0256  0.0256  0.0256  0.0256  0.0255  0.0256
  0.0258  0.0257  0.0257  0.0258  0.0257  0.0257  0.0258  0.0259  0.0257  0.0257  0.0256  0.0256
  0.0262  0.0260  0.0258  0.0260  0.0260  0.0259  0.0261  0.0263  0.0259  0.0260  0.0257  0.0257
niter,ni,del,rscale     1    3    5.0000    0.4000
parameters
   -0.4712   -2.1104   -9.3681  -17.7320  -19.6167   -9.1506
    0.5665   -1.0003   -0.9732   15.2175    1.7327   -7.5674
eta,q 0.97448  6.27741
  0.0259  0.0258  0.0257  0.0258  0.0258  0.0257  0.0259  0.0260  0.0258  0.0258  0.0257  0.0257
  0.0257  0.0257  0.0256  0.0256  0.0257  0.0256  0.0257  0.0257  0.0256  0.0257  0.0256  0.0256
  0.0256  0.0256  0.0255  0.0255  0.0256  0.0255  0.0256  0.0256  0.0256  0.0256  0.0255  0.0255
  0.0255  0.0255  0.0255  0.0255  0.0255  0.0255  0.0255  0.0255  0.0255  0.0255  0.0255  0.0255
  0.0256  0.0256  0.0255  0.0256  0.0256  0.0255  0.0256  0.0256  0.0255  0.0256  0.0255  0.0255
  0.0257  0.0257  0.0256  0.0257  0.0257  0.0256  0.0257  0.0258  0.0256  0.0257  0.0256  0.0256
  0.0259  0.0258  0.0257  0.0258  0.0258  0.0258  0.0259  0.0260  0.0258  0.0258  0.0257  0.0257
registration optimization eta report
parameter search radius
    0.8000    0.8000    0.8000    2.4000    2.4000    2.4000
    2.4000    2.4000    2.4000    2.4000    2.4000    2.4000
100000*second partial in parameter space
       65.       46.       27.        5.        6.        4.
        6.        9.        4.        5.        2.        3.
  0.0259  0.0258  0.0257  0.0258  0.0258  0.0257  0.0259  0.0260  0.0258  0.0258  0.0257  0.0257
  0.0257  0.0257  0.0256  0.0256  0.0257  0.0256  0.0257  0.0257  0.0256  0.0257  0.0256  0.0256
  0.0256  0.0256  0.0255  0.0255  0.0256  0.0255  0.0256  0.0256  0.0256  0.0256  0.0255  0.0255
  0.0255  0.0255  0.0255  0.0255  0.0255  0.0255  0.0255  0.0255  0.0255  0.0255  0.0255  0.0255
  0.0256  0.0256  0.0255  0.0256  0.0256  0.0255  0.0256  0.0256  0.0255  0.0256  0.0255  0.0255
  0.0257  0.0257  0.0256  0.0257  0.0257  0.0256  0.0257  0.0258  0.0256  0.0257  0.0256  0.0256
  0.0259  0.0258  0.0257  0.0258  0.0258  0.0258  0.0259  0.0260  0.0258  0.0258  0.0257  0.0257
   -0.4712   -2.1104   -9.3681  -17.7320  -19.6167   -9.1506
    0.5665   -1.0003   -0.9732   15.2175    1.7327   -7.5674
eta,q 0.97448  6.27741

---------------------------------------------------------------------
compute_vox2vox talsrcimg talsrcimg_to_711-2C_as_mni_average_305_t4 /opt/freesurfer/average/711-2C_as_mni_average_305
---------------------------------------------------------------------

freesurfer compute_vox2vox.c
Reading: talsrcimg.4dfp.ifh
Reading: talsrcimg_to_711-2C_as_mni_average_305_t4
Reading: /opt/freesurfer/average/711-2C_as_mni_average_305.4dfp.ifh
Writing: talsrcimg_to_711-2C_as_mni_average_305_t4_vox2vox.txt

start time Tue Mar 10 09:53:00 CET 2026
end		time Tue Mar 10 09:54:31 CET 2026

mpr2mni305 success

avi2talxfm orig_nu.mgz /opt/freesurfer/average/mni305.cor.mgz talsrcimg_to_711-2C_as_mni_average_305_t4_vox2vox.txt transforms/talairach.auto.xfm
avi2talxfm done
mv -f /out/sourcedata/freesurfer/sub-v2s0x29041_ses-1/mri/talsrcimg_to_711-2C_as_mni_average_305_t4_vox2vox.txt /out/sourcedata/freesurfer/sub-v2s0x29041_ses-1/mri/transforms/talsrcimg_to_711-2C_as_mni_average_305_t4_vox2vox.txt
lta_convert --src orig_nu.mgz --trg /opt/freesurfer/average/mni305.cor.mgz --inxfm transforms/talairach.auto.xfm --outlta transforms/talairach.auto.xfm.lta --subject fsaverage
7.3.2

--src: orig_nu.mgz src image (geometry).
--trg: /opt/freesurfer/average/mni305.cor.mgz trg image (geometry).
--inmni: transforms/talairach.auto.xfm input MNI/XFM transform.
--outlta: transforms/talairach.auto.xfm.lta output LTA.
--s: fsaverage subject name
 LTA read, type : 1
 1.21515   0.01458  -0.00719  -7.45727;
-0.02161   1.08338   0.10214  -54.65100;
 0.01880  -0.20492   1.22462  -38.16544;
 0.00000   0.00000   0.00000   1.00000;
setting subject to fsaverage
Writing  LTA to file transforms/talairach.auto.xfm.lta...
lta_convert successful.
 
 
Started at Tue Mar 10 09:53:00 CET 2026
Ended   at Tue Mar 10 09:54:31 CET 2026
talairach_avi done
