Logfile for bbregister
Tue Mar 10 10:56:59 CET 2026

setenv SUBJECTS_DIR /out/sourcedata/freesurfer
cd /out/sourcedata/freesurfer/sub-v2s0x29018_ses-1/scripts
/opt/freesurfer/bin/bbregister --s sub-v2s0x29018_ses-1 --mov /out/sourcedata/freesurfer/sub-v2s0x29018_ses-1/mri/orig/FLAIRraw.mgz --lta /out/sourcedata/freesurfer/sub-v2s0x29018_ses-1/mri/transforms/FLAIRraw.auto.lta --init-coreg --T2 --gm-proj-abs 2 --wm-proj-abs 1 --no-coreg-ref-mask

bbregister 7.3.2
Linux dna061 5.14.0-427.37.1.el9_4.x86_64 #1 SMP PREEMPT_DYNAMIC Fri Sep 13 12:41:50 EDT 2024 x86_64 x86_64 x86_64 GNU/Linux
FREESURFER_HOME /opt/freesurfer
mri_convert /out/sourcedata/freesurfer/sub-v2s0x29018_ses-1/mri/orig/FLAIRraw.mgz /out/sourcedata/freesurfer/sub-v2s0x29018_ses-1/mri/transforms/tmp.bbregister.445463/template.nii
mri_convert /out/sourcedata/freesurfer/sub-v2s0x29018_ses-1/mri/orig/FLAIRraw.mgz /out/sourcedata/freesurfer/sub-v2s0x29018_ses-1/mri/transforms/tmp.bbregister.445463/template.nii 
reading from /out/sourcedata/freesurfer/sub-v2s0x29018_ses-1/mri/orig/FLAIRraw.mgz...
TR=0.00, TE=0.00, TI=0.00, flip angle=0.00
i_ras = (-1, 0, 0)
j_ras = (0, 1, 0)
k_ras = (0, 0, 1)
writing to /out/sourcedata/freesurfer/sub-v2s0x29018_ses-1/mri/transforms/tmp.bbregister.445463/template.nii...
mri_coreg --s sub-v2s0x29018_ses-1 --mov /out/sourcedata/freesurfer/sub-v2s0x29018_ses-1/mri/transforms/tmp.bbregister.445463/template.nii --regdat /out/sourcedata/freesurfer/sub-v2s0x29018_ses-1/mri/transforms/tmp.bbregister.445463/reg.init.dat --reg /out/sourcedata/freesurfer/sub-v2s0x29018_ses-1/mri/transforms/tmp.bbregister.445463/mri_coreg.lta --nthreads 4 --dof 6 --sep 4 --ftol .0001 --linmintol .01 --no-ref-mask

$Id: mri_coreg.c,v 1.27 2016/04/30 15:11:49 greve Exp $
cwd /out/sourcedata/freesurfer/sub-v2s0x29018_ses-1/scripts
cmdline mri_coreg --s sub-v2s0x29018_ses-1 --mov /out/sourcedata/freesurfer/sub-v2s0x29018_ses-1/mri/transforms/tmp.bbregister.445463/template.nii --regdat /out/sourcedata/freesurfer/sub-v2s0x29018_ses-1/mri/transforms/tmp.bbregister.445463/reg.init.dat --reg /out/sourcedata/freesurfer/sub-v2s0x29018_ses-1/mri/transforms/tmp.bbregister.445463/mri_coreg.lta --nthreads 4 --dof 6 --sep 4 --ftol .0001 --linmintol .01 --no-ref-mask 
sysname  Linux
hostname dna061
machine  x86_64
user     oesteban
dof    6
nsep    1
cras0    1
ftol    0.000100
linmintol    0.010000
bf       1
bflim    30.000000
bfnsamp    30
SmoothRef 0
SatPct    99.990000
MovOOB 0
optschema 1
Seed 53
Reading in mov /out/sourcedata/freesurfer/sub-v2s0x29018_ses-1/mri/transforms/tmp.bbregister.445463/template.nii
Reading in ref /out/sourcedata/freesurfer/sub-v2s0x29018_ses-1/mri/brainmask.mgz
Setting cras translation parameters to align volume centers
Creating random numbers for coordinate dithering
Performing intensity dithering
Performing intensity dithering on mov with computed dither
Init matrix params -1.0562  2.3998  9.8950  0.0000  0.0000  0.0000  1.0000  1.0000  1.0000  0.0000  0.0000  0.0000 
Initial parameters to be opt -1.0562  2.3998  9.8950  0.0000  0.0000  0.0000 
Separation list (1):  4   min = 4
DoSmoothing 1
DoCoordDither 1
DoIntensityDither 1
nitersmax 4
ftol 1.000e-04
linmintol 1.000e-02
SatPct 99.990000
Hist FWHM 7.000000 7.000000
nthreads 4
movsat = 72.0000
mov gstd 1.8943 1.8943 1.8943
Smoothing mov
refsat = 114.0000
ref gstd 1.8914 1.8914 1.8914
Smoothing ref
COREGpreproc() done
Testing if mov and target overlap
Init cost   -1.0510739996
nhits = 176015 out of 16777216, Percent Overlap:  67.1
Initial  RefRAS-to-MovRAS
 1.00000   0.00000   0.00000  -1.05623;
 0.00000   1.00000   0.00000   2.39984;
 0.00000   0.00000   1.00000   9.89499;
 0.00000   0.00000   0.00000   1.00000;
Initial  RefVox-to-MovVox
 1.02400   0.00000   0.00000  -37.55999;
 0.00000   0.00000   1.02400  -3.06000;
 0.00000  -1.02400   0.00000   258.06000;
 0.00000   0.00000   0.00000   1.00000;
sep = 4 -----------------------------------
COREGoptBruteForce() 30 1 30
Turning on MovOOB for BruteForce Search
#BF# sep= 4 iter=0 lim=30.0 delta=2.00  -1.05623   0.39984  -0.10501   0.00000   0.00000   0.00000   -1.0550341
Turning  MovOOB back off after brute force search


---------------------------------
Init Powel Params dof = 6: -1.056229 0.399841 -0.105011 0.000000 0.000000 0.000000 
Starting OpenPowel2(), sep = 4
InitialCost        -1.0674159527 
#@#  4  188  -1.05623 0.39984 -0.10501 0.00000 0.00000 0.00000   -1.0674160
fs_powell::minimize
  nparams 6
  maxfev 4
  ftol   0.000100
  linmin_xtol_   0.010000
  powell nthiter 0: fret = -1.067416
#@#  4  190  -0.05623 0.39984 -0.10501 0.00000 0.00000 0.00000   -1.0682874
#@#  4  195  -0.14735 0.39984 -0.10501 0.00000 0.00000 0.00000   -1.0683045
#@#  4  196  -0.16551 0.39984 -0.10501 0.00000 0.00000 0.00000   -1.0683049
#@#  4  204  -0.16551 0.28551 -0.10501 0.00000 0.00000 0.00000   -1.0683193
#@#  4  205  -0.16551 0.26724 -0.10501 0.00000 0.00000 0.00000   -1.0683203
#@#  4  212  -0.16551 0.26724 -0.72304 0.00000 0.00000 0.00000   -1.0685546
#@#  4  214  -0.16551 0.26724 -0.61990 0.00000 0.00000 0.00000   -1.0685651
#@#  4  224  -0.16551 0.26724 -0.62990 -0.03538 0.00000 0.00000   -1.0685669
#@#  4  225  -0.16551 0.26724 -0.62990 -0.05499 0.00000 0.00000   -1.0685674
#@#  4  233  -0.16551 0.26724 -0.62990 -0.05499 -0.13265 0.00000   -1.0685846
#@#  4  235  -0.16551 0.26724 -0.62990 -0.05499 -0.11707 0.00000   -1.0685849
#@#  4  243  -0.16551 0.26724 -0.62990 -0.05499 -0.11707 -0.12520   -1.0685948
  powell nthiter 1: fret = -1.068595
#@#  4  255  -0.08658 0.26724 -0.62990 -0.05499 -0.11707 -0.10360   -1.0686046
#@#  4  264  -0.08658 0.31416 -0.62990 -0.05499 -0.11707 -0.10360   -1.0686070
#@#  4  292  -0.08658 0.31416 -0.62990 -0.05499 -0.10651 -0.10360   -1.0686073
#@#  4  295  -0.08658 0.31416 -0.62990 -0.05499 -0.08653 -0.10360   -1.0686076
#@#  4  303  -0.08658 0.31416 -0.62990 -0.05499 -0.08653 -0.19657   -1.0686097
#@#  4  304  -0.08658 0.31416 -0.62990 -0.05499 -0.08653 -0.16238   -1.0686114
#@#  4  305  -0.08658 0.31416 -0.62990 -0.05499 -0.08653 -0.15238   -1.0686120
Powell done niters total = 1
OptTimeSec  5.1 sec
OptTimeMin  0.09 min
nEvals 306
Final optimized parameters  -0.08658095   0.31415784  -0.62989587  -0.05498841  -0.08652668  -0.15238279 
Final matrix parameters -0.0866  0.3142 -0.6299 -0.0550 -0.0865 -0.1337  1.0000  1.0000  1.0000  0.0000  0.0000  0.0000 
Final cost   -1.068612003117619
 

---------------------------------
Final  RefRAS-to-MovRAS
 1.00000  -0.00266  -0.00151  -0.08658;
 0.00266   1.00000  -0.00096   0.31416;
 0.00151   0.00096   1.00000  -0.62990;
 0.00000   0.00000   0.00000   1.00000;
Final  RefVox-to-MovVox
 1.02400  -0.00155   0.00272  -38.62257;
-0.00272   0.00098   1.02400  -4.95563;
-0.00155  -1.02400   0.00098   247.39391;
 0.00000   0.00000   0.00000   1.00000;
Final matrix parameters -0.0866  0.3142 -0.6299 -0.0550 -0.0865 -0.1524  0.0000  0.0000  0.0000  0.0000  0.0000  0.0000 
Final opt parameters -0.0866  0.3142 -0.6299 -0.0550 -0.0865 -0.1524 
nhits = 170617 out of 16777216, Percent Overlap:  65.1
mri_coreg RunTimeSec 55.2 sec
To check run:
   tkregisterfv --mov /out/sourcedata/freesurfer/sub-v2s0x29018_ses-1/mri/transforms/tmp.bbregister.445463/template.nii --targ /out/sourcedata/freesurfer/sub-v2s0x29018_ses-1/mri/brainmask.mgz --reg /out/sourcedata/freesurfer/sub-v2s0x29018_ses-1/mri/transforms/tmp.bbregister.445463/mri_coreg.lta --s sub-v2s0x29018_ses-1 --surfs 

mri_coreg done

mri_segreg --mov /out/sourcedata/freesurfer/sub-v2s0x29018_ses-1/mri/transforms/tmp.bbregister.445463/template.nii --init-reg /out/sourcedata/freesurfer/sub-v2s0x29018_ses-1/mri/transforms/tmp.bbregister.445463/reg.init.dat --out-reg /out/sourcedata/freesurfer/sub-v2s0x29018_ses-1/mri/transforms/tmp.bbregister.445463/bbr.pass1.dat --subsamp-brute 100 --subsamp 100 --tol 1e-4 --tol1d 1e-3 --brute -4 4 4 --surf white --gm-proj-abs 2 --gm-gt-wm 0.5
7.3.2
setenv SUBJECTS_DIR /out/sourcedata/freesurfer
cd /out/sourcedata/freesurfer/sub-v2s0x29018_ses-1/scripts
mri_segreg --mov /out/sourcedata/freesurfer/sub-v2s0x29018_ses-1/mri/transforms/tmp.bbregister.445463/template.nii --init-reg /out/sourcedata/freesurfer/sub-v2s0x29018_ses-1/mri/transforms/tmp.bbregister.445463/reg.init.dat --out-reg /out/sourcedata/freesurfer/sub-v2s0x29018_ses-1/mri/transforms/tmp.bbregister.445463/bbr.pass1.dat --subsamp-brute 100 --subsamp 100 --tol 1e-4 --tol1d 1e-3 --brute -4 4 4 --surf white --gm-proj-abs 2 --gm-gt-wm 0.5 
sysname  Linux
hostname dna061
machine  x86_64
user     oesteban
movvol /out/sourcedata/freesurfer/sub-v2s0x29018_ses-1/mri/transforms/tmp.bbregister.445463/template.nii
regfile /out/sourcedata/freesurfer/sub-v2s0x29018_ses-1/mri/transforms/tmp.bbregister.445463/reg.init.dat
subject sub-v2s0x29018_ses-1
dof 6
outregfile /out/sourcedata/freesurfer/sub-v2s0x29018_ses-1/mri/transforms/tmp.bbregister.445463/bbr.pass1.dat
UseMask 0
UseLH 1
UseRH 1
nsubsamp 100
PenaltySign  -1
PenaltySlope 0.500000
PenaltyCenter 0.000000
surfname white
GMProjAbs 2.000000
WMProjAbs 2.000000
lhcostfile (null)
rhcostfile (null)
interp  trilinear (1)
frame  0
TolPowell 0.000100
nMaxItersPowell 36
n1dmin  3
Profile   0
Gdiag_no  -1
AddNoise  0 (0)
SynthSeed 1773144198
TransRandMax 0.000000
RotRandMax 0.000000
Translations 0.000000 0.000000 0.000000
Rotations   0.000000 0.000000 0.000000
Input reg
 1.00000  -0.00266  -0.00151   0.87944;
 0.00151   0.00096   1.00000  -11.47547;
-0.00266  -1.00000   0.00096   2.05739;
 0.00000   0.00000   0.00000   1.00000;

Loading mov
ExcludeZeroVoxels 1
Reading in targ vol /out/sourcedata/freesurfer/sub-v2s0x29018_ses-1/mri/orig.mgz
Projecting LH Surfs
Loading lh.white surf
GM Proj: 0 0.500000 2.000000
WM Proj: 0 0.500000 2.000000
Projecting RH Surfs
Loading rh.white surf
Projecting RH Surfs
Using lh.cortex.label
Using rh.cortex.label
Computing relative cost
 0  -25.0 -25.0 -25.0   1.026377
 1  -25.0 -25.0  25.0   1.025380
 2  -25.0  25.0 -25.0   1.054176
 3  -25.0  25.0  25.0   1.016025
 4   25.0 -25.0 -25.0   1.041086
 5   25.0 -25.0  25.0   1.038143
 6   25.0  25.0 -25.0   1.045653
 7   25.0  25.0  25.0   1.043720
REL:  8  0.567984    8.290560  1.036320 rel = 0.548078 
Initial costs ----------------
Number of surface hits 2503
WM  Intensity    37.7063 +/-   5.2243
Ctx Intensity    41.0938 +/-  10.8998
Pct Contrast      5.1770 +/-  30.8821
Cost   0.5680
RelCost   0.5481

------------------------------------
Brute force preopt -4 4 4, n = 729
     0  -4.0000  -4.0000  -4.0000  -4.0000  -4.0000  -4.0000      1.0468   1.0468  0.0
     1  -4.0000  -4.0000  -4.0000  -4.0000  -4.0000   0.0000      0.9803   0.9803  0.0
   102  -4.0000   0.0000  -4.0000   4.0000   0.0000  -4.0000      0.9762   0.9762  0.0
   105  -4.0000   0.0000  -4.0000   4.0000   4.0000  -4.0000      0.9466   0.9466  0.0
   120  -4.0000   0.0000   0.0000   0.0000   0.0000  -4.0000      0.9303   0.9303  0.0
   346   0.0000   0.0000  -4.0000   4.0000   0.0000   0.0000      0.8946   0.8946  0.0
   364   0.0000   0.0000   0.0000   0.0000   0.0000   0.0000      0.5680   0.5680  0.0
Brute Force --------------------------
Min cost was 0.567984
Number of iterations   729
Search time 1.261494 sec
Parameters at best (transmm, rotdeg)
  0.000   0.000   0.000  0.000  0.000  0.000 
--------------------------------------------

Starting Powell Minimization
Init Powel Params dof = 6
0 0
1 0
2 0
3 0
4 0
5 0
fs_powell::minimize
  nparams 6
  maxfev 36
  ftol   0.000100
  linmin_xtol_   0.001000
  powell nthiter 0: fret = 0.567984
   2  1.000  0.000  0.000  0.000  0.000  0.000   0.5677009746
   7  0.889  0.000  0.000  0.000  0.000  0.000   0.5658394187
   9  0.927  0.000  0.000  0.000  0.000  0.000   0.5654196858
  11  0.923  0.000  0.000  0.000  0.000  0.000   0.5653952723
  13  0.918  0.000  0.000  0.000  0.000  0.000   0.5653796925
  14  0.917  0.000  0.000  0.000  0.000  0.000   0.5653782732
  24  0.917  0.026  0.000  0.000  0.000  0.000   0.5650503413
  26  0.917  0.022  0.000  0.000  0.000  0.000   0.5650255633
  28  0.917  0.021  0.000  0.000  0.000  0.000   0.5650232042
  35  0.917  0.021  0.382  0.000  0.000  0.000   0.5637829645
  37  0.917  0.021  0.618  0.000  0.000  0.000   0.5636251356
  39  0.917  0.021  0.764  0.000  0.000  0.000   0.5633123298
  41  0.917  0.021  0.708  0.000  0.000  0.000   0.5621040836
  43  0.917  0.021  0.715  0.000  0.000  0.000   0.5620765417
  51  0.917  0.021  0.715  0.382  0.000  0.000   0.5490380968
  59  0.917  0.021  0.715  0.383  0.000  0.000   0.5490305608
  60  0.917  0.021  0.715  0.384  0.000  0.000   0.5490247823
  69  0.917  0.021  0.715  0.384 -0.107  0.000   0.5471634889
  71  0.917  0.021  0.715  0.384 -0.076  0.000   0.5463595910
  73  0.917  0.021  0.715  0.384 -0.077  0.000   0.5463548115
  74  0.917  0.021  0.715  0.384 -0.078  0.000   0.5463542403
  82  0.917  0.021  0.715  0.384 -0.078  0.165   0.5425889575
  83  0.917  0.021  0.715  0.384 -0.078  0.171   0.5425013482
  84  0.917  0.021  0.715  0.384 -0.078  0.251   0.5413141666
  85  0.917  0.021  0.715  0.384 -0.078  0.301   0.5406352528
  87  0.917  0.021  0.715  0.384 -0.078  0.282   0.5404892519
  88  0.917  0.021  0.715  0.384 -0.078  0.286   0.5404338158
  89  0.917  0.021  0.715  0.384 -0.078  0.289   0.5404187699
  powell nthiter 1: fret = 0.540419
 103  0.877  0.021  0.715  0.384 -0.078  0.289   0.5395480725
 104  0.881  0.021  0.715  0.384 -0.078  0.289   0.5395309979
 105  0.882  0.021  0.715  0.384 -0.078  0.289   0.5395276587
 107  0.884  0.021  0.715  0.384 -0.078  0.289   0.5395264971
 115  0.884  0.132  0.715  0.384 -0.078  0.289   0.5392439609
 116  0.884  0.090  0.715  0.384 -0.078  0.289   0.5381401175
 117  0.884  0.079  0.715  0.384 -0.078  0.289   0.5380845722
 119  0.884  0.080  0.715  0.384 -0.078  0.289   0.5380837876
 129  0.884  0.080  0.774  0.384 -0.078  0.289   0.5365650194
 131  0.884  0.080  0.760  0.384 -0.078  0.289   0.5364056635
 132  0.884  0.080  0.761  0.384 -0.078  0.289   0.5363988819
 133  0.884  0.080  0.763  0.384 -0.078  0.289   0.5363941613
 144  0.884  0.080  0.763  0.379 -0.078  0.289   0.5360868818
 145  0.884  0.080  0.763  0.356 -0.078  0.289   0.5358099049
 147  0.884  0.080  0.763  0.364 -0.078  0.289   0.5357097173
 158  0.884  0.080  0.763  0.364 -0.068  0.289   0.5355820779
 159  0.884  0.080  0.763  0.364 -0.066  0.289   0.5355774428
 168  0.884  0.080  0.763  0.364 -0.066  0.219   0.5349697100
 170  0.884  0.080  0.763  0.364 -0.066  0.246   0.5348000016
 173  0.884  0.080  0.763  0.364 -0.066  0.236   0.5347890157
 174  0.884  0.080  0.763  0.364 -0.066  0.238   0.5347863196
  powell nthiter 2: fret = 0.534786
 188  0.844  0.080  0.763  0.364 -0.066  0.238   0.5340914114
 191  0.835  0.080  0.763  0.364 -0.066  0.238   0.5340388676
 192  0.831  0.080  0.763  0.364 -0.066  0.238   0.5340366266
 193  0.833  0.080  0.763  0.364 -0.066  0.238   0.5340352647
 204  0.833  0.067  0.763  0.364 -0.066  0.238   0.5336096139
 206  0.833  0.050  0.763  0.364 -0.066  0.238   0.5334510805
 207  0.833  0.052  0.763  0.364 -0.066  0.238   0.5334430669
 208  0.833  0.054  0.763  0.364 -0.066  0.238   0.5334396332
 218  0.833  0.054  0.773  0.364 -0.066  0.238   0.5334071177
 219  0.833  0.054  0.771  0.364 -0.066  0.238   0.5333928597
 220  0.833  0.054  0.769  0.364 -0.066  0.238   0.5333886360
 231  0.833  0.054  0.769  0.359 -0.066  0.238   0.5333116912
 232  0.833  0.054  0.769  0.352 -0.066  0.238   0.5333084133
 234  0.833  0.054  0.769  0.355 -0.066  0.238   0.5332975776
 246  0.833  0.054  0.769  0.355 -0.061  0.238   0.5332624502
 248  0.833  0.054  0.769  0.355 -0.057  0.238   0.5332527323
 259  0.833  0.054  0.769  0.355 -0.057  0.218   0.5332026617
 260  0.833  0.054  0.769  0.355 -0.057  0.227   0.5331642169
  powell nthiter 3: fret = 0.533164
 274  0.829  0.054  0.769  0.355 -0.057  0.227   0.5331050380
 276  0.821  0.054  0.769  0.355 -0.057  0.227   0.5330018481
 278  0.817  0.054  0.769  0.355 -0.057  0.227   0.5329915612
 291  0.817  0.051  0.769  0.355 -0.057  0.227   0.5329796953
 294  0.817  0.050  0.769  0.355 -0.057  0.227   0.5329793381
 306  0.817  0.050  0.770  0.355 -0.057  0.227   0.5329784698
 316  0.817  0.050  0.770  0.351 -0.057  0.227   0.5329596082
 318  0.817  0.050  0.770  0.352 -0.057  0.227   0.5329592663
 329  0.817  0.050  0.770  0.352 -0.056  0.227   0.5329485456
 330  0.817  0.050  0.770  0.352 -0.053  0.227   0.5329418723
 343  0.817  0.050  0.770  0.352 -0.053  0.223   0.5329299688
 344  0.817  0.050  0.770  0.352 -0.053  0.224   0.5329292813
 346  0.802  0.046  0.771  0.350 -0.049  0.221   0.5329171986
 352  0.808  0.048  0.771  0.351 -0.050  0.222   0.5328761906
 361  0.808  0.048  0.771  0.351 -0.050  0.222   0.5328760976
  powell nthiter 4: fret = 0.532876
 372  0.808  0.048  0.771  0.351 -0.050  0.218   0.5328623553
 374  0.808  0.048  0.771  0.351 -0.050  0.219   0.5328604065
 387  0.808  0.050  0.771  0.351 -0.050  0.219   0.5328555301
 424  0.808  0.050  0.771  0.351 -0.051  0.219   0.5328539171
 430  0.802  0.049  0.771  0.350 -0.050  0.218   0.5328453258
 431  0.804  0.049  0.771  0.350 -0.050  0.218   0.5328428039
 432  0.804  0.049  0.771  0.350 -0.050  0.218   0.5328426987
 435  0.805  0.049  0.771  0.350 -0.050  0.218   0.5328426312
Powell done niters = 4
Computing relative cost
 0  -25.0 -25.0 -25.0   1.031427
 1  -25.0 -25.0  25.0   1.012727
 2  -25.0  25.0 -25.0   1.030868
 3  -25.0  25.0  25.0   1.024765
 4   25.0 -25.0 -25.0   1.058418
 5   25.0 -25.0  25.0   1.035317
 6   25.0  25.0 -25.0   1.008299
 7   25.0  25.0  25.0   1.055509
REL:  8  0.532843    8.257330  1.032166 rel = 0.516237 
Number of iterations     4
Min cost was 0.532843
Number of FunctionCalls   443
TolPowell 0.000100
nMaxItersPowell 36
OptimizationTime 0.738679 sec
Parameters at optimum (transmm)  0.80458  0.04911  0.77115
Parameters at optimum (rotdeg)  0.35012 -0.05030  0.21826 
Final costs ----------------
Number of surface hits 2503
WM  Intensity    38.4196 +/-   5.6613
Ctx Intensity    41.3709 +/-  11.1845
Pct Contrast      3.7818 +/-  33.4672
Cost   0.5328
RelCost   0.5481
Reg at min cost was 
 0.99998  -0.00181  -0.00533   1.72603;
 0.00534   0.00706   0.99996  -11.43529;
-0.00177  -0.99997   0.00707   2.75915;
 0.00000   0.00000   0.00000   1.00000;

Writing optimal reg to /out/sourcedata/freesurfer/sub-v2s0x29018_ses-1/mri/transforms/tmp.bbregister.445463/bbr.pass1.dat, type = 14 
Original Reg 
 1.00000  -0.00266  -0.00151   0.87944;
 0.00151   0.00096   1.00000  -11.47547;
-0.00266  -1.00000   0.00096   2.05739;
 0.00000   0.00000   0.00000   1.00000;

Original Reg - Optimal Reg
 0.00001  -0.00085   0.00382  -0.84659;
-0.00383  -0.00610   0.00004  -0.04018;
-0.00089  -0.00002  -0.00611  -0.70176;
 0.00000   0.00000   0.00000   0.00000;

Computing change in lh position
LH rmsDiffMean 1.220861
Computing change in rh position
Surface-RMS-Diff-mm 1.232749 0.077476 1.410932
mri_segreg done
mri_segreg --mov /out/sourcedata/freesurfer/sub-v2s0x29018_ses-1/mri/transforms/tmp.bbregister.445463/template.nii --init-reg /out/sourcedata/freesurfer/sub-v2s0x29018_ses-1/mri/transforms/tmp.bbregister.445463/bbr.pass1.dat --out-reg /out/sourcedata/freesurfer/sub-v2s0x29018_ses-1/mri/transforms/FLAIRraw.auto.dat --interp trilinear --wm-proj-abs 1 --tol 1e-8 --tol1d 1e-3 --c0 0 --mincost /out/sourcedata/freesurfer/sub-v2s0x29018_ses-1/mri/transforms/FLAIRraw.auto.dat.mincost --dof 6 --nmax 36 --param /out/sourcedata/freesurfer/sub-v2s0x29018_ses-1/mri/transforms/FLAIRraw.auto.dat.param --surf white --brute -0.1 0.1 0.1 --cur-reg /out/sourcedata/freesurfer/sub-v2s0x29018_ses-1/mri/transforms/tmp.bbregister.445463/reg.curopt.dat --gm-proj-abs 2 --nsub 1 --gm-gt-wm 0.5
7.3.2
setenv SUBJECTS_DIR /out/sourcedata/freesurfer
cd /out/sourcedata/freesurfer/sub-v2s0x29018_ses-1/scripts
mri_segreg --mov /out/sourcedata/freesurfer/sub-v2s0x29018_ses-1/mri/transforms/tmp.bbregister.445463/template.nii --init-reg /out/sourcedata/freesurfer/sub-v2s0x29018_ses-1/mri/transforms/tmp.bbregister.445463/bbr.pass1.dat --out-reg /out/sourcedata/freesurfer/sub-v2s0x29018_ses-1/mri/transforms/FLAIRraw.auto.dat --interp trilinear --wm-proj-abs 1 --tol 1e-8 --tol1d 1e-3 --c0 0 --mincost /out/sourcedata/freesurfer/sub-v2s0x29018_ses-1/mri/transforms/FLAIRraw.auto.dat.mincost --dof 6 --nmax 36 --param /out/sourcedata/freesurfer/sub-v2s0x29018_ses-1/mri/transforms/FLAIRraw.auto.dat.param --surf white --brute -0.1 0.1 0.1 --cur-reg /out/sourcedata/freesurfer/sub-v2s0x29018_ses-1/mri/transforms/tmp.bbregister.445463/reg.curopt.dat --gm-proj-abs 2 --nsub 1 --gm-gt-wm 0.5 
sysname  Linux
hostname dna061
machine  x86_64
user     oesteban
movvol /out/sourcedata/freesurfer/sub-v2s0x29018_ses-1/mri/transforms/tmp.bbregister.445463/template.nii
regfile /out/sourcedata/freesurfer/sub-v2s0x29018_ses-1/mri/transforms/tmp.bbregister.445463/bbr.pass1.dat
subject sub-v2s0x29018_ses-1
dof 6
outregfile /out/sourcedata/freesurfer/sub-v2s0x29018_ses-1/mri/transforms/FLAIRraw.auto.dat
UseMask 0
UseLH 1
UseRH 1
nsubsamp 1
PenaltySign  -1
PenaltySlope 0.500000
PenaltyCenter 0.000000
surfname white
GMProjAbs 2.000000
WMProjAbs 1.000000
lhcostfile (null)
rhcostfile (null)
interp  trilinear (1)
frame  0
TolPowell 0.000000
nMaxItersPowell 36
n1dmin  3
Profile   0
Gdiag_no  -1
AddNoise  0 (0)
SynthSeed 1773774421
TransRandMax 0.000000
RotRandMax 0.000000
Translations 0.000000 0.000000 0.000000
Rotations   0.000000 0.000000 0.000000
Input reg
 0.99998  -0.00181  -0.00533   1.72603;
 0.00534   0.00706   0.99996  -11.43529;
-0.00177  -0.99997   0.00707   2.75915;
 0.00000   0.00000   0.00000   1.00000;

Loading mov
ExcludeZeroVoxels 1
Reading in targ vol /out/sourcedata/freesurfer/sub-v2s0x29018_ses-1/mri/orig.mgz
Projecting LH Surfs
Loading lh.white surf
GM Proj: 0 0.500000 2.000000
WM Proj: 0 0.500000 1.000000
Projecting RH Surfs
Loading rh.white surf
Projecting RH Surfs
Using lh.cortex.label
Using rh.cortex.label
Computing relative cost
 0  -25.0 -25.0 -25.0   1.033930
 1  -25.0 -25.0  25.0   1.039809
 2  -25.0  25.0 -25.0   1.031820
 3  -25.0  25.0  25.0   1.043213
 4   25.0 -25.0 -25.0   1.042833
 5   25.0 -25.0  25.0   1.027791
 6   25.0  25.0 -25.0   1.019795
 7   25.0  25.0  25.0   1.044083
REL:  8  0.648502    8.283273  1.035409 rel = 0.626324 
Initial costs ----------------
Number of surface hits 250806
WM  Intensity    39.6939 +/-   6.0827
Ctx Intensity    41.2745 +/-  11.3661
Pct Contrast      0.3211 +/-  35.0319
Cost   0.6485
RelCost   0.6263

------------------------------------
Brute force preopt -0.1 0.1 0.1, n = 729
     0  -0.1000  -0.1000  -0.1000  -0.1000  -0.1000  -0.1000      0.6435   0.6435  0.0
     4  -0.1000  -0.1000  -0.1000  -0.1000   0.0000   0.0000      0.6422   0.6422  0.0
     7  -0.1000  -0.1000  -0.1000  -0.1000   0.1000   0.0000      0.6420   0.6420  0.0
    81  -0.1000   0.0000  -0.1000  -0.1000  -0.1000  -0.1000      0.6390   0.6390  0.0
    82  -0.1000   0.0000  -0.1000  -0.1000  -0.1000   0.0000      0.6383   0.6383  0.0
    84  -0.1000   0.0000  -0.1000  -0.1000   0.0000  -0.1000      0.6372   0.6372  0.0
    85  -0.1000   0.0000  -0.1000  -0.1000   0.0000   0.0000      0.6346   0.6346  0.0
    87  -0.1000   0.0000  -0.1000  -0.1000   0.1000  -0.1000      0.6322   0.6322  0.0
   165  -0.1000   0.1000  -0.1000  -0.1000   0.0000  -0.1000      0.6318   0.6318  0.0
   168  -0.1000   0.1000  -0.1000  -0.1000   0.1000  -0.1000      0.6309   0.6309  0.0
   411   0.0000   0.1000  -0.1000  -0.1000   0.1000  -0.1000      0.6305   0.6305  0.0
Brute Force --------------------------
Min cost was 0.630469
Number of iterations   729
Search time 1.237049 sec
Parameters at best (transmm, rotdeg)
  0.000   0.100  -0.100 -0.100  0.100 -0.100 
--------------------------------------------

Starting Powell Minimization
Init Powel Params dof = 6
0 0
1 0.1
2 -0.1
3 -0.1
4 0.1
5 -0.1
fs_powell::minimize
  nparams 6
  maxfev 36
  ftol   0.000000
  linmin_xtol_   0.001000
  powell nthiter 0: fret = 0.636365
   5 -0.618  0.100 -0.100 -0.100  0.100 -0.100   0.6296600328
   7 -0.558  0.100 -0.100 -0.100  0.100 -0.100   0.6294420483
   8 -0.478  0.100 -0.100 -0.100  0.100 -0.100   0.6291301747
  11 -0.460  0.100 -0.100 -0.100  0.100 -0.100   0.6291086761
  13 -0.461  0.100 -0.100 -0.100  0.100 -0.100   0.6291085021
  22 -0.461  0.171 -0.100 -0.100  0.100 -0.100   0.6287758983
  23 -0.461  0.168 -0.100 -0.100  0.100 -0.100   0.6287691495
  24 -0.461  0.159 -0.100 -0.100  0.100 -0.100   0.6287563543
  26 -0.461  0.154 -0.100 -0.100  0.100 -0.100   0.6287537836
  34 -0.461  0.153 -0.718 -0.100  0.100 -0.100   0.6223670283
  36 -0.461  0.153 -0.550 -0.100  0.100 -0.100   0.6207247267
  38 -0.461  0.153 -0.567 -0.100  0.100 -0.100   0.6207137853
  39 -0.461  0.153 -0.562 -0.100  0.100 -0.100   0.6207100548
  48 -0.461  0.153 -0.562 -0.035  0.100 -0.100   0.6200817661
  49 -0.461  0.153 -0.562  0.017  0.100 -0.100   0.6199781825
  50 -0.461  0.153 -0.562  0.006  0.100 -0.100   0.6199268917
  51 -0.461  0.153 -0.562 -0.003  0.100 -0.100   0.6199144583
  52 -0.461  0.153 -0.562 -0.002  0.100 -0.100   0.6199142680
  59 -0.461  0.153 -0.562 -0.002  0.482 -0.100   0.6190596383
  60 -0.461  0.153 -0.562 -0.002  0.336 -0.100   0.6184671613
  61 -0.461  0.153 -0.562 -0.002  0.333 -0.100   0.6184586289
  63 -0.461  0.153 -0.562 -0.002  0.316 -0.100   0.6184128161
  65 -0.461  0.153 -0.562 -0.002  0.308 -0.100   0.6184031478
  66 -0.461  0.153 -0.562 -0.002  0.306 -0.100   0.6184027411
  67 -0.461  0.153 -0.562 -0.002  0.305 -0.100   0.6184024234
  77 -0.461  0.153 -0.562 -0.002  0.305 -0.270   0.6160882274
  84 -0.461  0.153 -0.562 -0.002  0.305 -0.269   0.6160881420
  powell nthiter 1: fret = 0.616088
  93 -0.595  0.153 -0.562 -0.002  0.305 -0.269   0.6159255705
  94 -0.549  0.153 -0.562 -0.002  0.305 -0.269   0.6156645196
  95 -0.536  0.153 -0.562 -0.002  0.305 -0.269   0.6155960577
  96 -0.507  0.153 -0.562 -0.002  0.305 -0.269   0.6155945755
  97 -0.521  0.153 -0.562 -0.002  0.305 -0.269   0.6155676315
  99 -0.520  0.153 -0.562 -0.002  0.305 -0.269   0.6155672593
 109 -0.520  0.143 -0.562 -0.002  0.305 -0.269   0.6155482045
 112 -0.520  0.134 -0.562 -0.002  0.305 -0.269   0.6155400717
 113 -0.520  0.133 -0.562 -0.002  0.305 -0.269   0.6155396051
 115 -0.520  0.132 -0.562 -0.002  0.305 -0.269   0.6155395123
 123 -0.520  0.132 -0.676 -0.002  0.305 -0.269   0.6149840622
 124 -0.520  0.132 -0.687 -0.002  0.305 -0.269   0.6149471257
 128 -0.520  0.132 -0.698 -0.002  0.305 -0.269   0.6149274723
 129 -0.520  0.132 -0.699 -0.002  0.305 -0.269   0.6149273143
 138 -0.520  0.132 -0.699 -0.017  0.305 -0.269   0.6149044969
 140 -0.520  0.132 -0.699 -0.016  0.305 -0.269   0.6149040858
 148 -0.520  0.132 -0.699 -0.016  0.326 -0.269   0.6148847714
 149 -0.520  0.132 -0.699 -0.016  0.327 -0.269   0.6148847675
 157 -0.520  0.132 -0.699 -0.016  0.327 -0.293   0.6146640623
 159 -0.520  0.132 -0.699 -0.016  0.327 -0.364   0.6142541031
 161 -0.520  0.132 -0.699 -0.016  0.327 -0.380   0.6142510839
 162 -0.520  0.132 -0.699 -0.016  0.327 -0.377   0.6142501131
 163 -0.520  0.132 -0.699 -0.016  0.327 -0.375   0.6142495850
  powell nthiter 2: fret = 0.614250
 174 -0.593  0.132 -0.699 -0.016  0.327 -0.375   0.6140467352
 175 -0.588  0.132 -0.699 -0.016  0.327 -0.375   0.6140435565
 176 -0.584  0.132 -0.699 -0.016  0.327 -0.375   0.6140426305
 186 -0.584  0.161 -0.699 -0.016  0.327 -0.375   0.6139145557
 187 -0.584  0.170 -0.699 -0.016  0.327 -0.375   0.6139137266
 188 -0.584  0.166 -0.699 -0.016  0.327 -0.375   0.6139130958
 189 -0.584  0.167 -0.699 -0.016  0.327 -0.375   0.6139130805
 197 -0.584  0.167 -0.687 -0.016  0.327 -0.375   0.6139076791
 207 -0.584  0.167 -0.687 -0.009  0.327 -0.375   0.6138978647
 209 -0.584  0.167 -0.687  0.001  0.327 -0.375   0.6138976664
 210 -0.584  0.167 -0.687 -0.004  0.327 -0.375   0.6138954728
 212 -0.584  0.167 -0.687 -0.006  0.327 -0.375   0.6138953996
 222 -0.584  0.167 -0.687 -0.006  0.320 -0.375   0.6138862044
 223 -0.584  0.167 -0.687 -0.006  0.316 -0.375   0.6138860847
 225 -0.584  0.167 -0.687 -0.006  0.317 -0.375   0.6138855197
 236 -0.584  0.167 -0.687 -0.006  0.317 -0.398   0.6138183087
 237 -0.584  0.167 -0.687 -0.006  0.317 -0.397   0.6138178472
 238 -0.584  0.167 -0.687 -0.006  0.317 -0.396   0.6138176809
 240 -0.584  0.167 -0.687 -0.006  0.317 -0.395   0.6138173229
  powell nthiter 3: fret = 0.613817
 250 -0.599  0.167 -0.687 -0.006  0.317 -0.394   0.6137805876
 252 -0.603  0.167 -0.687 -0.006  0.317 -0.394   0.6137796367
 253 -0.602  0.167 -0.687 -0.006  0.317 -0.394   0.6137796298
 261 -0.602  0.172 -0.687 -0.006  0.317 -0.394   0.6137688107
 263 -0.602  0.175 -0.687 -0.006  0.317 -0.394   0.6137675199
 274 -0.602  0.175 -0.690 -0.006  0.317 -0.394   0.6137670281
 275 -0.602  0.175 -0.689 -0.006  0.317 -0.394   0.6137668259
 285 -0.602  0.175 -0.689  0.004  0.317 -0.394   0.6137438835
 286 -0.602  0.175 -0.689  0.006  0.317 -0.394   0.6137427405
 287 -0.602  0.175 -0.689  0.007  0.317 -0.394   0.6137427214
 308 -0.602  0.175 -0.689  0.007  0.317 -0.408   0.6137223447
 309 -0.602  0.175 -0.689  0.007  0.317 -0.407   0.6137215445
 310 -0.602  0.175 -0.689  0.007  0.317 -0.405   0.6137207137
 313 -0.620  0.182 -0.691  0.020  0.317 -0.416   0.6136800347
 320 -0.619  0.182 -0.691  0.020  0.317 -0.416   0.6136797065
 327 -0.619  0.182 -0.691  0.020  0.317 -0.416   0.6136796654
  powell nthiter 4: fret = 0.613680
 349 -0.619  0.187 -0.691  0.020  0.317 -0.416   0.6136741324
 362 -0.619  0.187 -0.700  0.020  0.317 -0.416   0.6136627805
 374 -0.619  0.187 -0.700  0.025  0.317 -0.416   0.6136552192
 385 -0.619  0.187 -0.700  0.025  0.325 -0.416   0.6136508858
 386 -0.619  0.187 -0.700  0.025  0.323 -0.416   0.6136503008
 399 -0.619  0.187 -0.700  0.025  0.323 -0.416   0.6136499095
 403 -0.619  0.187 -0.700  0.025  0.323 -0.416   0.6136499069
 405 -0.619  0.187 -0.700  0.025  0.323 -0.416   0.6136498890
  powell nthiter 5: fret = 0.613650
 418 -0.619  0.187 -0.700  0.025  0.323 -0.418   0.6136495472
 439 -0.619  0.187 -0.706  0.025  0.323 -0.418   0.6136422357
 451 -0.619  0.187 -0.706  0.030  0.323 -0.418   0.6136368792
 462 -0.619  0.187 -0.706  0.030  0.326 -0.418   0.6136356856
 480 -0.619  0.187 -0.706  0.030  0.326 -0.418   0.6136355592
 484 -0.619  0.187 -0.712  0.034  0.329 -0.421   0.6136212885
 487 -0.618  0.187 -0.721  0.041  0.333 -0.424   0.6136120622
 491 -0.619  0.187 -0.720  0.040  0.332 -0.424   0.6136118254
 493 -0.619  0.187 -0.719  0.040  0.332 -0.423   0.6136116387
 496 -0.619  0.187 -0.719  0.040  0.332 -0.423   0.6136114269
 499 -0.619  0.187 -0.719  0.040  0.332 -0.423   0.6136113896
  powell nthiter 6: fret = 0.613611
 511 -0.619  0.187 -0.719  0.040  0.332 -0.432   0.6136040583
 523 -0.619  0.188 -0.719  0.040  0.332 -0.432   0.6136039592
 534 -0.619  0.188 -0.719  0.040  0.332 -0.432   0.6136039571
 538 -0.619  0.188 -0.719  0.040  0.332 -0.433   0.6136039561
 547 -0.619  0.188 -0.719  0.041  0.332 -0.433   0.6136024589
 548 -0.619  0.188 -0.719  0.042  0.332 -0.433   0.6136013959
 558 -0.619  0.188 -0.719  0.042  0.327 -0.433   0.6135996202
 559 -0.619  0.188 -0.719  0.042  0.329 -0.433   0.6135995911
 562 -0.618  0.188 -0.725  0.047  0.331 -0.435   0.6135943054
 568 -0.618  0.188 -0.725  0.047  0.332 -0.435   0.6135940961
 569 -0.618  0.188 -0.725  0.047  0.332 -0.435   0.6135940835
 571 -0.618  0.188 -0.725  0.047  0.332 -0.435   0.6135940670
 572 -0.618  0.188 -0.725  0.047  0.332 -0.435   0.6135940036
  powell nthiter 7: fret = 0.613594
 628 -0.618  0.188 -0.725  0.047  0.327 -0.435   0.6135929862
 629 -0.618  0.188 -0.725  0.047  0.329 -0.435   0.6135927327
 630 -0.618  0.188 -0.725  0.047  0.330 -0.435   0.6135923204
 640 -0.618  0.188 -0.725  0.047  0.330 -0.435   0.6135920442
 646 -0.618  0.188 -0.725  0.047  0.328 -0.435   0.6135915974
 652 -0.618  0.188 -0.725  0.047  0.329 -0.435   0.6135913748
 656 -0.618  0.188 -0.725  0.047  0.328 -0.435   0.6135913029
 657 -0.618  0.188 -0.725  0.047  0.328 -0.435   0.6135912355
 658 -0.618  0.188 -0.725  0.047  0.328 -0.435   0.6135911812
 660 -0.618  0.188 -0.725  0.047  0.328 -0.435   0.6135911775
 661 -0.618  0.188 -0.725  0.047  0.328 -0.435   0.6135911636
 662 -0.618  0.188 -0.725  0.047  0.328 -0.435   0.6135911440
 663 -0.618  0.188 -0.725  0.047  0.328 -0.435   0.6135911422
  powell nthiter 8: fret = 0.613591
 696 -0.618  0.188 -0.725  0.047  0.328 -0.435   0.6135910255
 709 -0.618  0.188 -0.725  0.048  0.328 -0.435   0.6135908688
 716 -0.618  0.188 -0.728  0.050  0.329 -0.436   0.6135905156
 723 -0.618  0.188 -0.729  0.051  0.330 -0.437   0.6135902798
 727 -0.618  0.188 -0.729  0.051  0.330 -0.436   0.6135901992
 729 -0.618  0.188 -0.729  0.051  0.330 -0.436   0.6135901834
 731 -0.618  0.188 -0.729  0.051  0.330 -0.436   0.6135901750
 733 -0.618  0.188 -0.729  0.051  0.328 -0.437   0.6135899510
 738 -0.618  0.188 -0.729  0.051  0.328 -0.437   0.6135899013
 739 -0.618  0.188 -0.729  0.051  0.328 -0.437   0.6135895317
 740 -0.618  0.188 -0.729  0.051  0.328 -0.437   0.6135893701
 741 -0.618  0.188 -0.729  0.051  0.327 -0.437   0.6135892544
 742 -0.618  0.188 -0.729  0.051  0.327 -0.437   0.6135892096
 744 -0.618  0.188 -0.729  0.051  0.327 -0.437   0.6135892071
  powell nthiter 9: fret = 0.613589
 770 -0.618  0.190 -0.729  0.051  0.327 -0.437   0.6135883222
 788 -0.618  0.190 -0.729  0.051  0.327 -0.437   0.6135882341
 834 -0.618  0.190 -0.729  0.051  0.327 -0.437   0.6135882341
  powell nthiter 10: fret = 0.613588
 910 -0.618  0.190 -0.729  0.051  0.327 -0.437   0.6135882167
 912 -0.618  0.190 -0.729  0.051  0.327 -0.437   0.6135882164
Powell done niters = 10
Computing relative cost
 0  -25.0 -25.0 -25.0   1.034989
 1  -25.0 -25.0  25.0   1.038675
 2  -25.0  25.0 -25.0   1.029002
 3  -25.0  25.0  25.0   1.044119
 4   25.0 -25.0 -25.0   1.037977
 5   25.0 -25.0  25.0   1.030797
 6   25.0  25.0 -25.0   1.019625
 7   25.0  25.0  25.0   1.046341
REL:  8  0.613588    8.281527  1.035191 rel = 0.59273 
Number of iterations    10
Min cost was 0.613588
Number of FunctionCalls   916
TolPowell 0.000000
nMaxItersPowell 36
OptimizationTime 40.174306 sec
Parameters at optimum (transmm) -0.61831  0.18970 -0.72936
Parameters at optimum (rotdeg)  0.05133  0.32742 -0.43658 
Final costs ----------------
Number of surface hits 250806
WM  Intensity    38.9205 +/-   5.5583
Ctx Intensity    41.1796 +/-  11.1163
Pct Contrast      2.1697 +/-  32.5081
Cost   0.6136
RelCost   0.6263
Reg at min cost was 
 0.99997  -0.00746   0.00234   1.03621;
-0.00228   0.00801   0.99997  -11.26100;
-0.00748  -0.99994   0.00800   2.00963;
 0.00000   0.00000   0.00000   1.00000;

Writing optimal reg to /out/sourcedata/freesurfer/sub-v2s0x29018_ses-1/mri/transforms/FLAIRraw.auto.dat, type = 14 
Original Reg 
 0.99998  -0.00181  -0.00533   1.72603;
 0.00534   0.00706   0.99996  -11.43529;
-0.00177  -0.99997   0.00707   2.75915;
 0.00000   0.00000   0.00000   1.00000;

Original Reg - Optimal Reg
 0.00001   0.00565  -0.00767   0.68983;
 0.00762  -0.00095  -0.00000  -0.17429;
 0.00571  -0.00003  -0.00093   0.74952;
 0.00000   0.00000   0.00000   0.00000;

Computing change in lh position
LH rmsDiffMean 0.760150
Computing change in rh position
Surface-RMS-Diff-mm 0.857812 0.167011 1.312105
mri_segreg done
MinCost: 0.613588 38.920477 41.179603 2.169712 
tkregister2_cmdl --mov /out/sourcedata/freesurfer/sub-v2s0x29018_ses-1/mri/orig/FLAIRraw.mgz --reg /out/sourcedata/freesurfer/sub-v2s0x29018_ses-1/mri/transforms/FLAIRraw.auto.dat --noedit --ltaout /out/sourcedata/freesurfer/sub-v2s0x29018_ses-1/mri/transforms/FLAIRraw.auto.lta
INFO: no target volume specified, assuming FreeSurfer orig volume.
target  volume orig
movable volume /out/sourcedata/freesurfer/sub-v2s0x29018_ses-1/mri/orig/FLAIRraw.mgz
reg file       /out/sourcedata/freesurfer/sub-v2s0x29018_ses-1/mri/transforms/FLAIRraw.auto.dat
LoadVol        0
ZeroCRAS       0
7.3.2
Diagnostic Level -1
---- Input registration matrix --------
 0.99997  -0.00746   0.00234   1.03621;
-0.00228   0.00801   0.99997  -11.26100;
-0.00748  -0.99994   0.00800   2.00963;
 0.00000   0.00000   0.00000   1.00000;
float2int = 0
---------------------------------------
INFO: loading target /out/sourcedata/freesurfer/sub-v2s0x29018_ses-1/mri/orig.mgz
Ttarg: --------------------
-1.00000   0.00000   0.00000   128.00000;
 0.00000   0.00000   1.00000  -128.00000;
 0.00000  -1.00000   0.00000   128.00000;
 0.00000   0.00000   0.00000   1.00000;
INFO: loading movable /out/sourcedata/freesurfer/sub-v2s0x29018_ses-1/mri/orig/FLAIRraw.mgz
Tmov: --------------------
-0.97656   0.00000   0.00000   91.30859;
 0.00000   0.00000   0.97656  -125.00000;
 0.00000  -0.97656   0.00000   125.00000;
 0.00000   0.00000   0.00000   1.00000;
mkheaderreg = 0, float2int = 0
---- Input registration matrix --------
 0.99997  -0.00746   0.00234   1.03621;
-0.00228   0.00801   0.99997  -11.26100;
-0.00748  -0.99994   0.00800   2.00963;
 0.00000   0.00000   0.00000   1.00000;
Determinant 1
subject = sub-v2s0x29018_ses-1
RegMat ---------------------------
 0.99997  -0.00746   0.00234   1.03621;
-0.00228   0.00801   0.99997  -11.26100;
-0.00748  -0.99994   0.00800   2.00963;
 0.00000   0.00000   0.00000   1.00000;
Cleaning up
 
Started at Tue Mar 10 10:56:59 CET 2026 
Ended   at Tue Mar 10 10:58:44 CET 2026
BBR-Run-Time-Sec 105
 
bbregister Done
To check results, run:
tkregisterfv --mov /out/sourcedata/freesurfer/sub-v2s0x29018_ses-1/mri/orig/FLAIRraw.mgz --reg /out/sourcedata/freesurfer/sub-v2s0x29018_ses-1/mri/transforms/FLAIRraw.auto.lta --surfs  --sd /out/sourcedata/freesurfer
