status file for recon-all
Tue Mar 10 11:05:06 CET 2026
#@# Tessellate rh Tue Mar 10 11:05:06 CET 2026
#@# Smooth1 rh Tue Mar 10 11:05:09 CET 2026
#@# Inflation1 rh Tue Mar 10 11:05:11 CET 2026
#@# QSphere rh Tue Mar 10 11:05:24 CET 2026
#@# Fix Topology rh Tue Mar 10 11:06:30 CET 2026
#@# Smooth2 rh Tue Mar 10 11:13:58 CET 2026
#@# Inflation2 rh Tue Mar 10 11:14:00 CET 2026
#@# Curv .H and .K rh Tue Mar 10 11:14:12 CET 2026
#@# Sphere rh Tue Mar 10 11:14:49 CET 2026
#@# Surf Reg rh Tue Mar 10 11:17:47 CET 2026
#@# Jacobian white rh Tue Mar 10 11:22:43 CET 2026
#@# AvgCurv rh Tue Mar 10 11:22:44 CET 2026
#@# Cortical Parc rh Tue Mar 10 11:22:44 CET 2026
#@# white curv rh Tue Mar 10 11:28:00 CET 2026
#@# white area rh Tue Mar 10 11:28:02 CET 2026
#@# pial curv rh Tue Mar 10 11:28:02 CET 2026
#@# pial area rh Tue Mar 10 11:28:04 CET 2026
#@# thickness rh Tue Mar 10 11:28:04 CET 2026
#@# area and vertex vol rh Tue Mar 10 11:28:23 CET 2026
#@# Curvature Stats rh Tue Mar 10 11:28:24 CET 2026
#@# Cortical Parc 2 rh Tue Mar 10 11:28:26 CET 2026
#@# Cortical Parc 3 rh Tue Mar 10 11:28:35 CET 2026
#@# WM/GM Contrast rh Tue Mar 10 11:28:43 CET 2026
recon-all -s sub-v2s0x29032_ses-1 finished without error at Tue Mar 10 11:28:45 CET 2026



#New# invocation of recon-all 



status file for recon-all
Tue Mar 10 11:50:41 CET 2026
#@# white curv rh Tue Mar 10 11:50:41 CET 2026
#@# white area rh Tue Mar 10 11:50:41 CET 2026
#@# pial curv rh Tue Mar 10 11:50:42 CET 2026
#@# pial area rh Tue Mar 10 11:50:42 CET 2026
#@# thickness rh Tue Mar 10 11:50:42 CET 2026
#@# area and vertex vol rh Tue Mar 10 11:50:42 CET 2026
#@# Parcellation Stats rh Tue Mar 10 11:50:42 CET 2026
#@# Parcellation Stats 2 rh Tue Mar 10 11:50:56 CET 2026
#@# Parcellation Stats 3 rh Tue Mar 10 11:51:03 CET 2026
#@# BA_exvivo Labels rh Tue Mar 10 11:51:10 CET 2026
recon-all -s sub-v2s0x29032_ses-1 finished without error at Tue Mar 10 11:53:10 CET 2026
