/out/sourcedata/freesurfer/sub-v2s0x29010_ses-1/mri
/opt/freesurfer/bin/talairach_avi
--i orig_nu.mgz --xfm transforms/talairach.auto.xfm
talairach_avi 7.3.2
Linux dna065 5.14.0-427.37.1.el9_4.x86_64 #1 SMP PREEMPT_DYNAMIC Fri Sep 13 12:41:50 EDT 2024 x86_64 x86_64 x86_64 GNU/Linux
Tue Mar 10 08:06:25 CET 2026
mri_convert orig_nu.mgz talsrcimg.img 
reading from orig_nu.mgz...
TR=0.00, TE=0.00, TI=0.00, flip angle=0.00
i_ras = (-1, 0, 0)
j_ras = (0, 0, -1)
k_ras = (0, 1, 0)
writing to talsrcimg.img...
Analyze Output Matrix
-1.00000   0.00000   0.00000   129.77406;
 0.00000   0.00000   1.00000  -102.95778;
 0.00000  -1.00000   0.00000   144.29568;
 0.00000   0.00000   0.00000   1.00000;
--------------------
INFO: set hdr.hist.orient to -1
mpr2mni305 talsrcimg
Tue Mar 10 08:06:25 CET 2026
/opt/freesurfer/bin/mpr2mni305 talsrcimg
mpr2mni305 7.3.2
target=711-2C_as_mni_average_305

---------------------------------------------------------------------
analyzeto4dfp talsrcimg -O0 -y
---------------------------------------------------------------------

freesurfer ifh2hdr.c
Tue Mar 10 08:06:25 2026
Writing: talsrcimg.4dfp.hdr
freesurfer analyzeto4dfp.c
Reading: talsrcimg.hdr
header size 348 bytes
hdr.dime.datatype	offset=70	value=2
hdr.dime.bitpix		offset=72	value=8
hdr.hist.orient		offset=252	value=-1
dimensionality     4
dimensions       256       256       256         1
Reading: talsrcimg.img
Writing: talsrcimg.4dfp.img
Writing: talsrcimg.4dfp.ifh
ifh2hdr talsrcimg -r0to255
ori=2

---------------------------------------------------------------------
gauss_4dfp talsrcimg 1.1
---------------------------------------------------------------------

freesurfer gauss_4dfp.c
Reading: talsrcimg.4dfp.img
Writing: talsrcimg_g11.4dfp.img
image dimensions 256 256 256 padded to 288 288 288
processing volume 1freesurfer ifh2hdr.c
Tue Mar 10 08:06:27 2026
Writing: talsrcimg_g11.4dfp.hdr

Writing: talsrcimg_g11.4dfp.ifh
including: talsrcimg.4dfp.img.rec in talsrcimg_g11.4dfp.img.rec

---------------------------------------------------------------------
imgreg_4dfp /opt/freesurfer/average/711-2C_as_mni_average_305 none talsrcimg_g11 none talsrcimg_to_711-2C_as_mni_average_305_t4 4355
---------------------------------------------------------------------

freesurfer imgreg_4dfp.c
/opt/freesurfer/average/711-2C_as_mni_average_305.4dfp.img
       256       256       256         1
  1.000000  1.000000  1.000000
orientation T byte_order littleendian
Reading image: /opt/freesurfer/average/711-2C_as_mni_average_305.4dfp.img
dimensions:      256       256       256
mmppix:       1.0000   -1.0000   -1.0000
center:     128.0000 -129.0000 -129.0000
talsrcimg_g11.4dfp.img
       256       256       256         1
  1.000000  1.000000  1.000000
orientation T byte_order littleendian
Reading image: talsrcimg_g11.4dfp.img
dimensions:      256       256       256
mmppix:       1.0000   -1.0000   -1.0000
center:     128.0000 -129.0000 -129.0000
t4_read: open error in t4_sub.f l:  41 t4_file(1:l)talsrcimg_to_711-2C_as_mni_average_305_t4 
t4_read: transform initialized to I4
rotation matrix determinant  1.000000
image alignment mode   4355 decimal     1103 hex
   -7.5000  -45.0000  -45.0000 6169.8989   12.6569
    0.0000  -45.0000  -45.0000 6450.7471   12.6432
    7.5000  -45.0000  -45.0000 6197.8994   12.6459
   -7.5000  -37.5000  -45.0000 6766.5986   12.4163
    0.0000  -37.5000  -45.0000 7094.4272   12.4062
    7.5000  -37.5000  -45.0000 6812.5503   12.4137
   -7.5000  -30.0000  -45.0000 7642.5610   12.2224
    0.0000  -30.0000  -45.0000 8032.7354   12.2178
    7.5000  -30.0000  -45.0000 7684.8853   12.2338
   -7.5000  -22.5000  -45.0000 8563.1406   12.1183
    0.0000  -22.5000  -45.0000 8994.1475   12.1138
    7.5000  -22.5000  -45.0000 8582.9883   12.1295
   -7.5000  -15.0000  -45.0000 9521.4521   12.1262
    0.0000  -15.0000  -45.0000 9982.2568   12.1176
    7.5000  -15.0000  -45.0000 9519.0381   12.1255
   -7.5000   -7.5000  -45.000010441.1543   12.1274
    0.0000   -7.5000  -45.000010946.3604   12.1150
    7.5000   -7.5000  -45.000010434.1445   12.1153
   -7.5000    0.0000  -45.000011225.6982   12.1174
    0.0000    0.0000  -45.000011780.0439   12.1050
    7.5000    0.0000  -45.000011246.7490   12.1049
   -7.5000    7.5000  -45.000011121.1182   12.1064
    0.0000    7.5000  -45.000011694.0654   12.0979
    7.5000    7.5000  -45.000011163.7783   12.1055
   -7.5000   15.0000  -45.000010887.3682   12.1046
    0.0000   15.0000  -45.000011443.2969   12.1002
    7.5000   15.0000  -45.000010928.7939   12.1159
   -7.5000   22.5000  -45.000010565.8652   12.1127
    0.0000   22.5000  -45.000011095.1689   12.1082
    7.5000   22.5000  -45.000010613.9609   12.1238
   -7.5000   30.0000  -45.000010254.8340   11.9646
    0.0000   30.0000  -45.000010787.5938   11.9561
    7.5000   30.0000  -45.000010326.2070   11.9639
   -7.5000   37.5000  -45.000010362.0752   11.9658
    0.0000   37.5000  -45.000010909.7266   11.9536
    7.5000   37.5000  -45.000010446.0020   11.9538
   -7.5000   45.0000  -45.0000 9921.5576   11.6523
    0.0000   45.0000  -45.000010431.7549   11.6404
    7.5000   45.0000  -45.0000 9952.7832   11.6403
   -7.5000  -45.0000  -37.5000 6575.9541   12.5884
    0.0000  -45.0000  -37.5000 6874.9844   12.5785
    7.5000  -45.0000  -37.5000 6604.5381   12.5821
   -7.5000  -37.5000  -37.5000 7224.8433   12.3483
    0.0000  -37.5000  -37.5000 7569.6914   12.3405
    7.5000  -37.5000  -37.5000 7245.0459   12.3497
   -7.5000  -30.0000  -37.5000 8155.3228   12.1541
    0.0000  -30.0000  -37.5000 8566.8652   12.1507
    7.5000  -30.0000  -37.5000 8197.2920   12.1695
   -7.5000  -22.5000  -37.5000 9155.3984   12.0476
    0.0000  -22.5000  -37.5000 9583.2725   12.0447
    7.5000  -22.5000  -37.5000 9171.9023   12.0633
   -7.5000  -15.0000  -37.500010166.8662   12.0544
    0.0000  -15.0000  -37.500010635.1777   12.0487
    7.5000  -15.0000  -37.500010162.2549   12.0588
   -7.5000   -7.5000  -37.500011135.3584   12.0582
    0.0000   -7.5000  -37.500011639.7285   12.0496
    7.5000   -7.5000  -37.500011130.8975   12.0510
   -7.5000    0.0000  -37.500011954.7803   12.0519
    0.0000    0.0000  -37.500012506.6123   12.0428
    7.5000    0.0000  -37.500011985.2900   12.0433
   -7.5000    7.5000  -37.500011852.6279   12.0419
    0.0000    7.5000  -37.500012425.6963   12.0355
    7.5000    7.5000  -37.500011875.4111   12.0445
   -7.5000   15.0000  -37.500011611.8809   12.0375
    0.0000   15.0000  -37.500012188.9531   12.0344
    7.5000   15.0000  -37.500011650.9404   12.0528
   -7.5000   22.5000  -37.500011246.5986   12.0421
    0.0000   22.5000  -37.500011803.8701   12.0392
    7.5000   22.5000  -37.500011303.2725   12.0577
   -7.5000   30.0000  -37.500010887.6895   11.8937
    0.0000   30.0000  -37.500011435.7861   11.8881
    7.5000   30.0000  -37.500010946.2480   11.8981
   -7.5000   37.5000  -37.500010970.2529   11.8975
    0.0000   37.5000  -37.500011552.2266   11.8891
    7.5000   37.5000  -37.500011070.9600   11.8904
   -7.5000   45.0000  -37.500010444.6484   11.5893
    0.0000   45.0000  -37.500010995.1875   11.5806
    7.5000   45.0000  -37.500010529.0137   11.5811
   -7.5000  -45.0000  -30.0000 7087.4717   13.1134
    0.0000  -45.0000  -30.0000 7417.5923   13.1103
    7.5000  -45.0000  -30.0000 7124.9131   13.1193
   -7.5000  -37.5000  -30.0000 7797.1182   12.8654
    0.0000  -37.5000  -30.0000 8183.5415   12.8633
    7.5000  -37.5000  -30.0000 7831.9683   12.8774
   -7.5000  -30.0000  -30.0000 8846.5088   12.6615
    0.0000  -30.0000  -30.0000 9282.7031   12.6641
    7.5000  -30.0000  -30.0000 8874.2783   12.6885
   -7.5000  -22.5000  -30.0000 9908.9668   12.5485
    0.0000  -22.5000  -30.000010369.5967   12.5522
    7.5000  -22.5000  -30.0000 9918.3242   12.5776
   -7.5000  -15.0000  -30.000010973.5195   12.5542
    0.0000  -15.0000  -30.000011492.1494   12.5556
    7.5000  -15.0000  -30.000010997.2139   12.5727
   -7.5000   -7.5000  -30.000012009.3018   12.5590
    0.0000   -7.5000  -30.000012572.1533   12.5571
    7.5000   -7.5000  -30.000012030.4648   12.5644
   -7.5000    0.0000  -30.000012910.7100   12.5546
    0.0000    0.0000  -30.000013532.1055   12.5514
    7.5000    0.0000  -30.000012956.5967   12.5565
   -7.5000    7.5000  -30.000012788.7109   12.5454
    0.0000    7.5000  -30.000013400.2998   12.5445
    7.5000    7.5000  -30.000012833.5889   12.5581
   -7.5000   15.0000  -30.000012521.2539   12.5400
    0.0000   15.0000  -30.000013116.8604   12.5428
    7.5000   15.0000  -30.000012554.9531   12.5668
   -7.5000   22.5000  -30.000012112.0625   12.5414
    0.0000   22.5000  -30.000012696.4590   12.5451
    7.5000   22.5000  -30.000012162.5215   12.5705
   -7.5000   30.0000  -30.000011726.1943   12.3881
    0.0000   30.0000  -30.000012292.3730   12.3895
    7.5000   30.0000  -30.000011773.0664   12.4064
   -7.5000   37.5000  -30.000011804.0615   12.3928
    0.0000   37.5000  -30.000012414.4385   12.3909
    7.5000   37.5000  -30.000011906.7598   12.3981
   -7.5000   45.0000  -30.000011190.8584   12.0816
    0.0000   45.0000  -30.000011771.6846   12.0785
    7.5000   45.0000  -30.000011287.2256   12.0834
   -7.5000  -45.0000  -22.5000 7595.6655   13.5642
    0.0000  -45.0000  -22.5000 7956.4517   13.5631
    7.5000  -45.0000  -22.5000 7645.0464   13.5772
   -7.5000  -37.5000  -22.5000 8390.0723   13.3120
    0.0000  -37.5000  -22.5000 8808.5225   13.3130
    7.5000  -37.5000  -22.5000 8436.1572   13.3309
   -7.5000  -30.0000  -22.5000 9519.0459   13.1028
    0.0000  -30.0000  -22.5000 9993.4229   13.1104
    7.5000  -30.0000  -22.5000 9541.9951   13.1381
   -7.5000  -22.5000  -22.500010626.1816   12.9888
    0.0000  -22.5000  -22.500011149.2461   12.9979
    7.5000  -22.5000  -22.500010658.4727   13.0275
   -7.5000  -15.0000  -22.500011770.9307   12.9950
    0.0000  -15.0000  -22.500012341.6660   13.0005
    7.5000  -15.0000  -22.500011809.5752   13.0229
   -7.5000   -7.5000  -22.500012864.3008   12.9970
    0.0000   -7.5000  -22.500013499.0127   12.9974
    7.5000   -7.5000  -22.500012901.9092   13.0100
   -7.5000    0.0000  -22.500013820.4756   12.9895
    0.0000    0.0000  -22.500014521.5547   12.9880
    7.5000    0.0000  -22.500013904.7812   12.9976
   -7.5000    7.5000  -22.500013686.6436   12.9799
    0.0000    7.5000  -22.500014379.5820   12.9821
    7.5000    7.5000  -22.500013771.8291   12.9992
   -7.5000   15.0000  -22.500013391.1250   12.9770
    0.0000   15.0000  -22.500014050.7686   12.9846
    7.5000   15.0000  -22.500013461.9355   13.0120
   -7.5000   22.5000  -22.500012965.6543   12.9806
    0.0000   22.5000  -22.500013606.5117   12.9897
    7.5000   22.5000  -22.500013043.8379   13.0193
   -7.5000   30.0000  -22.500012591.5869   12.8250
    0.0000   30.0000  -22.500013188.4492   12.8305
    7.5000   30.0000  -22.500012629.0195   12.8525
   -7.5000   37.5000  -22.500012668.6758   12.8270
    0.0000   37.5000  -22.500013312.8604   12.8274
    7.5000   37.5000  -22.500012764.7715   12.8398
   -7.5000   45.0000  -22.500011936.5684   12.5095
    0.0000   45.0000  -22.500012536.6924   12.5081
    7.5000   45.0000  -22.500012042.5791   12.5173
   -7.5000  -45.0000  -15.0000 8075.9995   13.8946
    0.0000  -45.0000  -15.0000 8470.2051   13.8889
    7.5000  -45.0000  -15.0000 8145.9844   13.9030
   -7.5000  -37.5000  -15.0000 8966.0137   13.6374
    0.0000  -37.5000  -15.0000 9403.1279   13.6357
    7.5000  -37.5000  -15.0000 9011.9004   13.6529
   -7.5000  -30.0000  -15.000010167.9658   13.4251
    0.0000  -30.0000  -15.000010664.8809   13.4319
    7.5000  -30.0000  -15.000010195.5859   13.4579
   -7.5000  -22.5000  -15.000011363.0977   13.3130
    0.0000  -22.5000  -15.000011914.3887   13.3214
    7.5000  -22.5000  -15.000011398.8125   13.3493
   -7.5000  -15.0000  -15.000012525.6836   13.3220
    0.0000  -15.0000  -15.000013153.3018   13.3251
    7.5000  -15.0000  -15.000012609.2852   13.3465
   -7.5000   -7.5000  -15.000013660.5879   13.3215
    0.0000   -7.5000  -15.000014383.9932   13.3178
    7.5000   -7.5000  -15.000013772.3027   13.3303
   -7.5000    0.0000  -15.000014700.2822   13.3090
    0.0000    0.0000  -15.000015458.2656   13.3035
    7.5000    0.0000  -15.000014834.3154   13.3132
   -7.5000    7.5000  -15.000014592.2119   13.2968
    0.0000    7.5000  -15.000015299.0957   13.2966
    7.5000    7.5000  -15.000014714.5107   13.3131
   -7.5000   15.0000  -15.000014276.8818   13.2961
    0.0000   15.0000  -15.000014971.9453   13.3030
    7.5000   15.0000  -15.000014399.4424   13.3287
   -7.5000   22.5000  -15.000013833.5176   13.3041
    0.0000   22.5000  -15.000014530.3711   13.3125
    7.5000   22.5000  -15.000013969.4424   13.3403
   -7.5000   30.0000  -15.000013421.2861   13.1496
    0.0000   30.0000  -15.000014098.9297   13.1526
    7.5000   30.0000  -15.000013519.7148   13.1738
   -7.5000   37.5000  -15.000013502.9053   13.1491
    0.0000   37.5000  -15.000014194.5098   13.1455
    7.5000   37.5000  -15.000013604.7920   13.1578
   -7.5000   45.0000  -15.000012692.5127   12.8250
    0.0000   45.0000  -15.000013315.2354   12.8197
    7.5000   45.0000  -15.000012776.7920   12.8290
   -7.5000  -45.0000   -7.5000 8609.2949   14.0624
    0.0000  -45.0000   -7.5000 9024.2617   14.0498
    7.5000  -45.0000   -7.5000 8645.3955   14.0583
   -7.5000  -37.5000   -7.5000 9554.9375   13.7992
    0.0000  -37.5000   -7.500010019.1445   13.7913
    7.5000  -37.5000   -7.5000 9576.8291   13.8035
   -7.5000  -30.0000   -7.500010813.5020   13.5853
    0.0000  -30.0000   -7.500011361.7578   13.5854
    7.5000  -30.0000   -7.500010849.0332   13.6060
   -7.5000  -22.5000   -7.500012088.9463   13.4733
    0.0000  -22.5000   -7.500012729.9580   13.4744
    7.5000  -22.5000   -7.500012122.3428   13.4958
   -7.5000  -15.0000   -7.500013316.6143   13.4839
    0.0000  -15.0000   -7.500014042.2363   13.4793
    7.5000  -15.0000   -7.500013386.8252   13.4937
   -7.5000   -7.5000   -7.500014508.3740   13.4834
    0.0000   -7.5000   -7.500015276.6377   13.4727
    7.5000   -7.5000   -7.500014618.7207   13.4790
   -7.5000    0.0000   -7.500015613.4424   13.4692
    0.0000    0.0000   -7.500016418.2793   13.4577
    7.5000    0.0000   -7.500015762.7158   13.4624
   -7.5000    7.5000   -7.500015540.5361   13.4554
    0.0000    7.5000   -7.500016302.1318   13.4493
    7.5000    7.5000   -7.500015699.8604   13.4612
   -7.5000   15.0000   -7.500015256.8467   13.4548
    0.0000   15.0000   -7.500016066.5801   13.4551
    7.5000   15.0000   -7.500015425.3975   13.4754
   -7.5000   22.5000   -7.500014802.2686   13.4628
    0.0000   22.5000   -7.500015598.0703   13.4639
    7.5000   22.5000   -7.500014946.7412   13.4852
   -7.5000   30.0000   -7.500014356.5596   13.3091
    0.0000   30.0000   -7.500015104.0645   13.3045
    7.5000   30.0000   -7.500014435.0068   13.3187
   -7.5000   37.5000   -7.500014416.1318   13.3085
    0.0000   37.5000   -7.500015188.0039   13.2980
    7.5000   37.5000   -7.500014483.6572   13.3042
   -7.5000   45.0000   -7.500013495.5332   12.9817
    0.0000   45.0000   -7.500014193.1631   12.9706
    7.5000   45.0000   -7.500013551.1523   12.9752
   -7.5000  -45.0000    0.0000 9065.3203   14.0910
    0.0000  -45.0000    0.0000 9526.9795   14.0754
    7.5000  -45.0000    0.0000 9074.7959   14.0784
   -7.5000  -37.5000    0.000010053.1982   13.8239
    0.0000  -37.5000    0.000010578.0703   13.8123
    7.5000  -37.5000    0.000010079.4541   13.8207
   -7.5000  -30.0000    0.000011367.5850   13.6092
    0.0000  -30.0000    0.000011992.1426   13.6038
    7.5000  -30.0000    0.000011427.9336   13.6215
   -7.5000  -22.5000    0.000012668.5078   13.4946
    0.0000  -22.5000    0.000013399.6963   13.4893
    7.5000  -22.5000    0.000012748.5215   13.5068
   -7.5000  -15.0000    0.000013947.4150   13.5040
    0.0000  -15.0000    0.000014747.3223   13.4941
    7.5000  -15.0000    0.000014017.2754   13.5029
   -7.5000   -7.5000    0.000015186.0254   13.5051
    0.0000   -7.5000    0.000016027.0928   13.4910
    7.5000   -7.5000    0.000015250.5859   13.4914
   -7.5000    0.0000    0.000016429.0098   13.4933
    0.0000    0.0000    0.000017338.0469   13.4792
    7.5000    0.0000    0.000016567.8047   13.4791
   -7.5000    7.5000    0.000016524.4707   13.4806
    0.0000    7.5000    0.000017497.1816   13.4708
    7.5000    7.5000    0.000016674.3809   13.4793
   -7.5000   15.0000    0.000016339.8418   13.4786
    0.0000   15.0000    0.000017408.4004   13.4735
    7.5000   15.0000    0.000016543.5020   13.4909
   -7.5000   22.5000    0.000015880.3193   13.4840
    0.0000   22.5000    0.000016869.2754   13.4788
    7.5000   22.5000    0.000015946.8662   13.4961
   -7.5000   30.0000    0.000015303.3467   13.3292
    0.0000   30.0000    0.000016180.0020   13.3195
    7.5000   30.0000    0.000015301.4502   13.3281
   -7.5000   37.5000    0.000015277.4600   13.3303
    0.0000   37.5000    0.000016151.7803   13.3164
    7.5000   37.5000    0.000015284.7324   13.3168
   -7.5000   45.0000    0.000014204.4365   13.0060
    0.0000   45.0000    0.000014994.8018   12.9924
    7.5000   45.0000    0.000014226.4492   12.9923
   -7.5000  -45.0000    7.5000 8751.4658   14.0864
    0.0000  -45.0000    7.5000 9205.9160   14.0754
    7.5000  -45.0000    7.5000 8758.7451   14.0794
   -7.5000  -37.5000    7.5000 9750.8037   13.8178
    0.0000  -37.5000    7.500010251.4160   13.8091
    7.5000  -37.5000    7.5000 9769.9102   13.8193
   -7.5000  -30.0000    7.500011058.8965   13.6005
    0.0000  -30.0000    7.500011644.5586   13.5967
    7.5000  -30.0000    7.500011102.1836   13.6177
   -7.5000  -22.5000    7.500012341.7158   13.4814
    0.0000  -22.5000    7.500013029.4492   13.4781
    7.5000  -22.5000    7.500012391.6748   13.4990
   -7.5000  -15.0000    7.500013579.8799   13.4889
    0.0000  -15.0000    7.500014345.5000   13.4826
    7.5000  -15.0000    7.500013612.6709   13.4939
   -7.5000   -7.5000    7.500014770.5713   13.4932
    0.0000   -7.5000    7.500015634.7324   13.4836
    7.5000   -7.5000    7.500014798.7129   13.4852
   -7.5000    0.0000    7.500015987.2871   13.4861
    0.0000    0.0000    7.500017120.3691   13.4759
    7.5000    0.0000    7.500016110.9219   13.4765
   -7.5000    7.5000    7.500016195.9189   13.4749
    0.0000    7.5000    7.500017532.1230   13.4677
    7.5000    7.5000    7.500016385.9805   13.4779
   -7.5000   15.0000    7.500016126.3574   13.4701
    0.0000   15.0000    7.500017482.8535   13.4665
    7.5000   15.0000    7.500016294.4639   13.4871
   -7.5000   22.5000    7.500015642.1738   13.4708
    0.0000   22.5000    7.500016793.4570   13.4675
    7.5000   22.5000    7.500015661.3867   13.4883
   -7.5000   30.0000    7.500015000.1875   13.3143
    0.0000   30.0000    7.500015880.6826   13.3081
    7.5000   30.0000    7.500014924.8066   13.3193
   -7.5000   37.5000    7.500014853.2861   13.3186
    0.0000   37.5000    7.500015675.3525   13.3091
    7.5000   37.5000    7.500014812.5977   13.3106
   -7.5000   45.0000    7.500013733.8701   12.9990
    0.0000   45.0000    7.500014437.9336   12.9893
    7.5000   45.0000    7.500013752.8574   12.9898
   -7.5000  -45.0000   15.0000 8300.5430   14.0817
    0.0000  -45.0000   15.0000 8752.0625   14.0783
    7.5000  -45.0000   15.0000 8350.3926   14.0880
   -7.5000  -37.5000   15.0000 9273.3574   13.8153
    0.0000  -37.5000   15.0000 9762.6016   13.8131
    7.5000  -37.5000   15.0000 9305.5938   13.8282
   -7.5000  -30.0000   15.000010557.9951   13.5964
    0.0000  -30.0000   15.000011080.6211   13.5991
    7.5000  -30.0000   15.000010562.8193   13.6254
   -7.5000  -22.5000   15.000011803.0088   13.4750
    0.0000  -22.5000   15.000012383.2725   13.4790
    7.5000  -22.5000   15.000011812.2139   13.5063
   -7.5000  -15.0000   15.000012979.7881   13.4811
    0.0000  -15.0000   15.000013632.0605   13.4826
    7.5000  -15.0000   15.000013025.1387   13.5010
   -7.5000   -7.5000   15.000014118.1572   13.4863
    0.0000   -7.5000   15.000014888.3896   13.4842
    7.5000   -7.5000   15.000014207.5664   13.4921
   -7.5000    0.0000   15.000015230.5195   13.4815
    0.0000    0.0000   15.000016188.2139   13.4781
    7.5000    0.0000   15.000015442.1250   13.4836
   -7.5000    7.5000   15.000015267.3389   13.4717
    0.0000    7.5000   15.000016337.6836   13.4707
    7.5000    7.5000   15.000015532.6494   13.4854
   -7.5000   15.0000   15.000015086.5498   13.4659
    0.0000   15.0000   15.000016133.2529   13.4689
    7.5000   15.0000   15.000015290.2080   13.4947
   -7.5000   22.5000   15.000014726.7705   13.4644
    0.0000   22.5000   15.000015610.7461   13.4684
    7.5000   22.5000   15.000014769.4062   13.4957
   -7.5000   30.0000   15.000014197.7314   13.3067
    0.0000   30.0000   15.000014941.6602   13.3082
    7.5000   30.0000   15.000014185.1104   13.3263
   -7.5000   37.5000   15.000014063.2139   13.3118
    0.0000   37.5000   15.000014761.1367   13.3097
    7.5000   37.5000   15.000014048.8496   13.3175
   -7.5000   45.0000   15.000012984.7334   12.9947
    0.0000   45.0000   15.000013618.8301   12.9913
    7.5000   45.0000   15.000013010.2471   12.9967
   -7.5000  -45.0000   22.5000 7764.7886   14.0808
    0.0000  -45.0000   22.5000 8203.2744   14.0796
    7.5000  -45.0000   22.5000 7843.8809   14.0942
   -7.5000  -37.5000   22.5000 8691.1328   13.8189
    0.0000  -37.5000   22.5000 9140.8271   13.8200
    7.5000  -37.5000   22.5000 8734.6250   13.8386
   -7.5000  -30.0000   22.5000 9894.7441   13.6018
    0.0000  -30.0000   22.500010380.3965   13.6096
    7.5000  -30.0000   22.5000 9931.9072   13.6384
   -7.5000  -22.5000   22.500011061.5947   13.4834
    0.0000  -22.5000   22.500011584.2129   13.4929
    7.5000  -22.5000   22.500011112.9326   13.5236
   -7.5000  -15.0000   22.500012171.0371   13.4899
    0.0000  -15.0000   22.500012748.6143   13.4956
    7.5000  -15.0000   22.500012282.4385   13.5188
   -7.5000   -7.5000   22.500013220.9297   13.4919
    0.0000   -7.5000   22.500013853.3301   13.4924
    7.5000   -7.5000   22.500013373.6807   13.5054
   -7.5000    0.0000   22.500014275.5938   13.4841
    0.0000    0.0000   22.500015004.3379   13.4826
    7.5000    0.0000   22.500014485.1162   13.4926
   -7.5000    7.5000   22.500014218.2393   13.4742
    0.0000    7.5000   22.500015011.4492   13.4765
    7.5000    7.5000   22.500014455.0000   13.4943
   -7.5000   15.0000   22.500013946.9961   13.4712
    0.0000   15.0000   22.500014651.1133   13.4791
    7.5000   15.0000   22.500014099.2129   13.5075
   -7.5000   22.5000   22.500013582.4287   13.4729
    0.0000   22.5000   22.500014225.3252   13.4824
    7.5000   22.5000   22.500013666.1221   13.5130
   -7.5000   30.0000   22.500013186.7197   13.3153
    0.0000   30.0000   22.500013825.6924   13.3210
    7.5000   30.0000   22.500013254.6709   13.3439
   -7.5000   37.5000   22.500013161.1357   13.3173
    0.0000   37.5000   22.500013779.5391   13.3177
    7.5000   37.5000   22.500013209.8838   13.3307
   -7.5000   45.0000   22.500012225.0996   12.9972
    0.0000   45.0000   22.500012814.1553   12.9957
    7.5000   45.0000   22.500012257.2012   13.0053
   -7.5000  -45.0000   30.0000 7201.8984   14.1612
    0.0000  -45.0000   30.0000 7594.0020   14.1553
    7.5000  -45.0000   30.0000 7291.0693   14.1699
   -7.5000  -37.5000   30.0000 8049.7417   13.8975
    0.0000  -37.5000   30.0000 8463.7373   13.8958
    7.5000  -37.5000   30.0000 8128.4331   13.9134
   -7.5000  -30.0000   30.0000 9160.4277   13.6802
    0.0000  -30.0000   30.0000 9611.1719   13.6871
    7.5000  -30.0000   30.0000 9242.8398   13.7137
   -7.5000  -22.5000   30.000010248.1494   13.5655
    0.0000  -22.5000   30.000010730.0732   13.5740
    7.5000  -22.5000   30.000010339.2383   13.6028
   -7.5000  -15.0000   30.000011269.6973   13.5748
    0.0000  -15.0000   30.000011818.6445   13.5779
    7.5000  -15.0000   30.000011411.1904   13.6001
   -7.5000   -7.5000   30.000012274.4658   13.5742
    0.0000   -7.5000   30.000012853.4238   13.5705
    7.5000   -7.5000   30.000012438.7480   13.5834
   -7.5000    0.0000   30.000013210.7168   13.5613
    0.0000    0.0000   30.000013865.6533   13.5557
    7.5000    0.0000   30.000013415.4258   13.5656
   -7.5000    7.5000   30.000013128.2529   13.5487
    0.0000    7.5000   30.000013802.7197   13.5484
    7.5000    7.5000   30.000013317.3398   13.5653
   -7.5000   15.0000   30.000012897.4521   13.5481
    0.0000   15.0000   30.000013491.4072   13.5550
    7.5000   15.0000   30.000012980.5977   13.5813
   -7.5000   22.5000   30.000012547.4785   13.5550
    0.0000   22.5000   30.000013124.9414   13.5635
    7.5000   22.5000   30.000012616.5703   13.5921
   -7.5000   30.0000   30.000012184.1182   13.3991
    0.0000   30.0000   30.000012740.1475   13.4022
    7.5000   30.0000   30.000012261.4902   13.4240
   -7.5000   37.5000   30.000012178.3926   13.3985
    0.0000   37.5000   30.000012738.3945   13.3948
    7.5000   37.5000   30.000012252.9727   13.4076
   -7.5000   45.0000   30.000011369.0078   13.0715
    0.0000   45.0000   30.000011906.1211   13.0661
    7.5000   45.0000   30.000011430.4453   13.0757
   -7.5000  -45.0000   37.5000 7011.2295   14.5046
    0.0000  -45.0000   37.5000 7378.3535   14.4911
    7.5000  -45.0000   37.5000 7088.7471   14.5005
   -7.5000  -37.5000   37.5000 7810.7842   14.2230
    0.0000  -37.5000   37.5000 8208.5215   14.2144
    7.5000  -37.5000   37.5000 7902.1929   14.2276
   -7.5000  -30.0000   37.5000 8874.4414   13.9963
    0.0000  -30.0000   37.5000 9329.0723   13.9962
    7.5000  -30.0000   37.5000 8995.7080   14.0184
   -7.5000  -22.5000   37.5000 9945.4541   13.8802
    0.0000  -22.5000   37.500010448.1025   13.8812
    7.5000  -22.5000   37.500010078.2637   13.9042
   -7.5000  -15.0000   37.500010979.5059   13.8936
    0.0000  -15.0000   37.500011510.1465   13.8887
    7.5000  -15.0000   37.500011121.0459   13.9043
   -7.5000   -7.5000   37.500011945.9219   13.8928
    0.0000   -7.5000   37.500012531.1787   13.8816
    7.5000   -7.5000   37.500012104.9736   13.8885
   -7.5000    0.0000   37.500012837.9326   13.8755
    0.0000    0.0000   37.500013479.2549   13.8632
    7.5000    0.0000   37.500013019.4248   13.8685
   -7.5000    7.5000   37.500012764.1113   13.8587
    0.0000    7.5000   37.500013388.8408   13.8520
    7.5000    7.5000   37.500012895.1553   13.8649
   -7.5000   15.0000   37.500012527.9014   13.8581
    0.0000   15.0000   37.500013086.5312   13.8583
    7.5000   15.0000   37.500012565.8135   13.8801
   -7.5000   22.5000   37.500012182.0361   13.8692
    0.0000   22.5000   37.500012737.8301   13.8702
    7.5000   22.5000   37.500012225.9795   13.8932
   -7.5000   30.0000   37.500011844.5049   13.7138
    0.0000   30.0000   37.500012385.2080   13.7090
    7.5000   30.0000   37.500011896.4346   13.7244
   -7.5000   37.5000   37.500011838.6846   13.7130
    0.0000   37.5000   37.500012375.8818   13.7019
    7.5000   37.5000   37.500011887.2539   13.7087
   -7.5000   45.0000   37.500011064.9775   13.3743
    0.0000   45.0000   37.500011571.4453   13.3625
    7.5000   45.0000   37.500011098.1758   13.3677
   -7.5000  -45.0000   45.0000 6494.9688   14.8012
    0.0000  -45.0000   45.0000 6834.8389   14.7858
    7.5000  -45.0000   45.0000 6575.9883   14.7905
   -7.5000  -37.5000   45.0000 7207.5220   14.5008
    0.0000  -37.5000   45.0000 7579.6221   14.4895
    7.5000  -37.5000   45.0000 7305.5752   14.5005
   -7.5000  -30.0000   45.0000 8186.9961   14.2635
    0.0000  -30.0000   45.0000 8639.9629   14.2588
    7.5000  -30.0000   45.0000 8301.7734   14.2800
   -7.5000  -22.5000   45.0000 9189.5713   14.1414
    0.0000  -22.5000   45.0000 9687.3262   14.1372
    7.5000  -22.5000   45.0000 9313.8760   14.1577
   -7.5000  -15.0000   45.000010154.0820   14.1560
    0.0000  -15.0000   45.000010673.5098   14.1471
    7.5000  -15.0000   45.000010274.2529   14.1577
   -7.5000   -7.5000   45.000011056.8154   14.1564
    0.0000   -7.5000   45.000011599.5283   14.1429
    7.5000   -7.5000   45.000011179.0625   14.1441
   -7.5000    0.0000   45.000011871.4062   14.1390
    0.0000    0.0000   45.000012462.7686   14.1251
    7.5000    0.0000   45.000012012.0098   14.1262
   -7.5000    7.5000   45.000011780.1816   14.1211
    0.0000    7.5000   45.000012344.0332   14.1117
    7.5000    7.5000   45.000011873.0586   14.1226
   -7.5000   15.0000   45.000011553.3125   14.1192
    0.0000   15.0000   45.000012049.2041   14.1148
    7.5000   15.0000   45.000011584.8936   14.1356
   -7.5000   22.5000   45.000011235.5732   14.1301
    0.0000   22.5000   45.000011731.2451   14.1259
    7.5000   22.5000   45.000011285.7871   14.1463
   -7.5000   30.0000   45.000010943.2334   13.9716
    0.0000   30.0000   45.000011436.2900   13.9628
    7.5000   30.0000   45.000010997.9189   13.9733
   -7.5000   37.5000   45.000010930.8730   13.9720
    0.0000   37.5000   45.000011418.8242   13.9586
    7.5000   37.5000   45.000010964.3877   13.9599
   -7.5000   45.0000   45.000010216.1738   13.6345
    0.0000   45.0000   45.000010691.6875   13.6211
    7.5000   45.0000   45.000010260.6562   13.6222

---------------------------------------------------------------------
imgreg_4dfp /opt/freesurfer/average/711-2C_as_mni_average_305 /opt/freesurfer/average/711-2B_as_mni_average_305_mask talsrcimg_g11 none talsrcimg_to_711-2C_as_mni_average_305_t4 4355
---------------------------------------------------------------------

freesurfer imgreg_4dfp.c
/opt/freesurfer/average/711-2C_as_mni_average_305.4dfp.img
       256       256       256         1
  1.000000  1.000000  1.000000
orientation T byte_order littleendian
Reading image: /opt/freesurfer/average/711-2C_as_mni_average_305.4dfp.img
dimensions:      256       256       256
mmppix:       1.0000   -1.0000   -1.0000
center:     128.0000 -129.0000 -129.0000
/opt/freesurfer/average/711-2B_as_mni_average_305_mask.4dfp.img
       256       256       256         1
  1.000000  1.000000  1.000000
orientation T byte_order littleendian
Reading mask: /opt/freesurfer/average/711-2B_as_mni_average_305_mask.4dfp.img (2306576 pixels)
talsrcimg_g11.4dfp.img
       256       256       256         1
  1.000000  1.000000  1.000000
orientation T byte_order littleendian
Reading image: talsrcimg_g11.4dfp.img
dimensions:      256       256       256
mmppix:       1.0000   -1.0000   -1.0000
center:     128.0000 -129.0000 -129.0000
rotation matrix determinant  1.000000
image alignment mode   4355 decimal     1103 hex
   -7.5000  -37.5000  -37.5000 1935.1958   16.4736
    0.0000  -37.5000  -37.5000 1948.6824   16.3508
    7.5000  -37.5000  -37.5000 1941.9022   16.3347
   -7.5000  -30.0000  -37.5000 2066.2454   14.6438
    0.0000  -30.0000  -37.5000 2082.7087   14.5185
    7.5000  -30.0000  -37.5000 2065.5491   14.4906
   -7.5000  -22.5000  -37.5000 2187.5310   13.2029
    0.0000  -22.5000  -37.5000 2199.9426   13.0812
    7.5000  -22.5000  -37.5000 2185.7393   13.0830
   -7.5000  -15.0000  -37.5000 2289.2336   12.1210
    0.0000  -15.0000  -37.5000 2300.5198   11.9989
    7.5000  -15.0000  -37.5000 2284.1326   12.0260
   -7.5000   -7.5000  -37.5000 2366.6670   11.3259
    0.0000   -7.5000  -37.5000 2377.4460   11.2122
    7.5000   -7.5000  -37.5000 2358.3025   11.2640
   -7.5000    0.0000  -37.5000 2403.8315   10.7528
    0.0000    0.0000  -37.5000 2420.2419   10.6375
    7.5000    0.0000  -37.5000 2406.2268   10.6974
   -7.5000    7.5000  -37.5000 2433.6182   10.4235
    0.0000    7.5000  -37.5000 2450.3271   10.3016
    7.5000    7.5000  -37.5000 2435.6934   10.3509
   -7.5000   15.0000  -37.5000 2441.4973   10.2786
    0.0000   15.0000  -37.5000 2457.4260   10.1866
    7.5000   15.0000  -37.5000 2447.2129   10.1879
   -7.5000   22.5000  -37.5000 2426.0862   10.3065
    0.0000   22.5000  -37.5000 2444.7334   10.2177
    7.5000   22.5000  -37.5000 2436.0940   10.2504
   -7.5000   30.0000  -37.5000 2395.0645   10.5541
    0.0000   30.0000  -37.5000 2417.4705   10.4658
    7.5000   30.0000  -37.5000 2404.9861   10.5039
   -7.5000   37.5000  -37.5000 2345.0774   11.0931
    0.0000   37.5000  -37.5000 2369.2419   10.9892
    7.5000   37.5000  -37.5000 2361.0808   11.0063
   -7.5000   45.0000  -37.5000 2280.0618   11.8688
    0.0000   45.0000  -37.5000 2305.9238   11.7638
    7.5000   45.0000  -37.5000 2300.8652   11.7739
   -7.5000   52.5000  -37.5000 2179.5740   12.8000
    0.0000   52.5000  -37.5000 2203.3875   12.6758
    7.5000   52.5000  -37.5000 2198.2544   12.7598
   -7.5000  -37.5000  -30.0000 2020.9011   16.0098
    0.0000  -37.5000  -30.0000 2040.0558   15.8376
    7.5000  -37.5000  -30.0000 2033.9078   15.8542
   -7.5000  -30.0000  -30.0000 2168.0977   14.1863
    0.0000  -30.0000  -30.0000 2187.7815   14.0441
    7.5000  -30.0000  -30.0000 2169.3926   14.0637
   -7.5000  -22.5000  -30.0000 2296.8677   12.7285
    0.0000  -22.5000  -30.0000 2312.9553   12.6271
    7.5000  -22.5000  -30.0000 2295.6069   12.6487
   -7.5000  -15.0000  -30.0000 2404.1443   11.6674
    0.0000  -15.0000  -30.0000 2419.5598   11.5712
    7.5000  -15.0000  -30.0000 2403.8914   11.6025
   -7.5000   -7.5000  -30.0000 2485.8452   10.8813
    0.0000   -7.5000  -30.0000 2503.5737   10.7715
    7.5000   -7.5000  -30.0000 2485.6638   10.8276
   -7.5000    0.0000  -30.0000 2534.4719   10.3099
    0.0000    0.0000  -30.0000 2554.9646   10.2091
    7.5000    0.0000  -30.0000 2543.6538   10.2629
   -7.5000    7.5000  -30.0000 2573.3237    9.9548
    0.0000    7.5000  -30.0000 2592.1101    9.8565
    7.5000    7.5000  -30.0000 2580.1189    9.9093
   -7.5000   15.0000  -30.0000 2586.3811    9.7847
    0.0000   15.0000  -30.0000 2606.8499    9.6817
    7.5000   15.0000  -30.0000 2591.9846    9.7279
   -7.5000   22.5000  -30.0000 2573.8962    9.8147
    0.0000   22.5000  -30.0000 2597.0547    9.6981
    7.5000   22.5000  -30.0000 2586.4656    9.7592
   -7.5000   30.0000  -30.0000 2543.9763   10.0780
    0.0000   30.0000  -30.0000 2569.8379    9.9447
    7.5000   30.0000  -30.0000 2558.0359   10.0189
   -7.5000   37.5000  -30.0000 2493.0476   10.6273
    0.0000   37.5000  -30.0000 2522.4590   10.5000
    7.5000   37.5000  -30.0000 2513.8806   10.5382
   -7.5000   45.0000  -30.0000 2419.3645   11.3807
    0.0000   45.0000  -30.0000 2453.8384   11.2459
    7.5000   45.0000  -30.0000 2447.3579   11.2668
   -7.5000   52.5000  -30.0000 2315.0515   12.2660
    0.0000   52.5000  -30.0000 2342.4402   12.1415
    7.5000   52.5000  -30.0000 2338.3516   12.1603
   -7.5000  -37.5000  -22.5000 2087.1174   15.4661
    0.0000  -37.5000  -22.5000 2107.6995   15.3624
    7.5000  -37.5000  -22.5000 2098.9768   15.3788
   -7.5000  -30.0000  -22.5000 2234.9316   13.6730
    0.0000  -30.0000  -22.5000 2257.8010   13.5490
    7.5000  -30.0000  -22.5000 2240.6133   13.6006
   -7.5000  -22.5000  -22.5000 2363.7993   12.2320
    0.0000  -22.5000  -22.5000 2384.9246   12.1248
    7.5000  -22.5000  -22.5000 2365.0747   12.1815
   -7.5000  -15.0000  -22.5000 2477.4390   11.1328
    0.0000  -15.0000  -22.5000 2498.1868   11.0400
    7.5000  -15.0000  -22.5000 2479.6943   11.1116
   -7.5000   -7.5000  -22.5000 2566.8333   10.3599
    0.0000   -7.5000  -22.5000 2592.6956   10.2644
    7.5000   -7.5000  -22.5000 2572.1558   10.3095
   -7.5000    0.0000  -22.5000 2629.3518    9.8194
    0.0000    0.0000  -22.5000 2653.4358    9.7050
    7.5000    0.0000  -22.5000 2641.4246    9.7601
   -7.5000    7.5000  -22.5000 2675.8503    9.4613
    0.0000    7.5000  -22.5000 2704.5303    9.3436
    7.5000    7.5000  -22.5000 2691.8267    9.3978
   -7.5000   15.0000  -22.5000 2697.9834    9.2816
    0.0000   15.0000  -22.5000 2726.9956    9.1485
    7.5000   15.0000  -22.5000 2711.8535    9.2263
   -7.5000   22.5000  -22.5000 2691.1099    9.2931
    0.0000   22.5000  -22.5000 2718.9958    9.1577
    7.5000   22.5000  -22.5000 2710.6548    9.2608
   -7.5000   30.0000  -22.5000 2670.9045    9.5530
    0.0000   30.0000  -22.5000 2699.7781    9.4043
    7.5000   30.0000  -22.5000 2686.3245    9.4991
   -7.5000   37.5000  -22.5000 2614.9814   10.1015
    0.0000   37.5000  -22.5000 2649.7908    9.9490
    7.5000   37.5000  -22.5000 2641.1987   10.0093
   -7.5000   45.0000  -22.5000 2535.6228   10.8161
    0.0000   45.0000  -22.5000 2568.4211   10.6808
    7.5000   45.0000  -22.5000 2565.8428   10.7055
   -7.5000   52.5000  -22.5000 2415.2588   11.6796
    0.0000   52.5000  -22.5000 2445.6741   11.5592
    7.5000   52.5000  -22.5000 2442.3218   11.5815
   -7.5000  -37.5000  -15.0000 2121.7031   15.0045
    0.0000  -37.5000  -15.0000 2143.6362   14.8889
    7.5000  -37.5000  -15.0000 2134.5359   14.9658
   -7.5000  -30.0000  -15.0000 2267.7407   13.2234
    0.0000  -30.0000  -15.0000 2289.0994   13.0883
    7.5000  -30.0000  -15.0000 2276.4214   13.1634
   -7.5000  -22.5000  -15.0000 2398.7100   11.7950
    0.0000  -22.5000  -15.0000 2417.3264   11.6611
    7.5000  -22.5000  -15.0000 2402.8276   11.7375
   -7.5000  -15.0000  -15.0000 2509.7615   10.7025
    0.0000  -15.0000  -15.0000 2534.9863   10.5892
    7.5000  -15.0000  -15.0000 2522.2131   10.6867
   -7.5000   -7.5000  -15.0000 2609.0247    9.9028
    0.0000   -7.5000  -15.0000 2642.2905    9.7679
    7.5000   -7.5000  -15.0000 2626.1140    9.8705
   -7.5000    0.0000  -15.0000 2684.7229    9.3264
    0.0000    0.0000  -15.0000 2717.5061    9.2040
    7.5000    0.0000  -15.0000 2708.3752    9.3023
   -7.5000    7.5000  -15.0000 2749.2935    8.9868
    0.0000    7.5000  -15.0000 2781.9553    8.8448
    7.5000    7.5000  -15.0000 2773.0908    8.9484
   -7.5000   15.0000  -15.0000 2785.2065    8.8345
    0.0000   15.0000  -15.0000 2818.3257    8.6659
    7.5000   15.0000  -15.0000 2805.6184    8.7939
   -7.5000   22.5000  -15.0000 2788.2129    8.8274
    0.0000   22.5000  -15.0000 2815.5447    8.6745
    7.5000   22.5000  -15.0000 2808.4585    8.8092
   -7.5000   30.0000  -15.0000 2759.9683    9.0854
    0.0000   30.0000  -15.0000 2791.6851    8.9218
    7.5000   30.0000  -15.0000 2783.2852    9.0587
   -7.5000   37.5000  -15.0000 2699.7141    9.5962
    0.0000   37.5000  -15.0000 2735.0996    9.4372
    7.5000   37.5000  -15.0000 2727.9094    9.5470
   -7.5000   45.0000  -15.0000 2616.4775   10.2916
    0.0000   45.0000  -15.0000 2646.3948   10.1480
    7.5000   45.0000  -15.0000 2643.1362   10.2233
   -7.5000   52.5000  -15.0000 2488.5215   11.1441
    0.0000   52.5000  -15.0000 2519.3452   11.0055
    7.5000   52.5000  -15.0000 2513.7354   11.0839
   -7.5000  -37.5000   -7.5000 2138.1289   14.6970
    0.0000  -37.5000   -7.5000 2159.6428   14.5437
    7.5000  -37.5000   -7.5000 2150.6228   14.6133
   -7.5000  -30.0000   -7.5000 2282.8479   12.8672
    0.0000  -30.0000   -7.5000 2304.7236   12.7283
    7.5000  -30.0000   -7.5000 2292.2375   12.7942
   -7.5000  -22.5000   -7.5000 2414.3940   11.4540
    0.0000  -22.5000   -7.5000 2436.3137   11.3324
    7.5000  -22.5000   -7.5000 2425.6409   11.4107
   -7.5000  -15.0000   -7.5000 2530.0510   10.3695
    0.0000  -15.0000   -7.5000 2557.7024   10.2480
    7.5000  -15.0000   -7.5000 2548.5364   10.3232
   -7.5000   -7.5000   -7.5000 2635.8870    9.5443
    0.0000   -7.5000   -7.5000 2668.0222    9.4164
    7.5000   -7.5000   -7.5000 2657.9968    9.5144
   -7.5000    0.0000   -7.5000 2727.5632    8.9665
    0.0000    0.0000   -7.5000 2763.1748    8.8257
    7.5000    0.0000   -7.5000 2756.1199    8.9500
   -7.5000    7.5000   -7.5000 2807.5840    8.6154
    0.0000    7.5000   -7.5000 2839.8496    8.4419
    7.5000    7.5000   -7.5000 2837.9338    8.6016
   -7.5000   15.0000   -7.5000 2857.5149    8.4626
    0.0000   15.0000   -7.5000 2895.0557    8.2859
    7.5000   15.0000   -7.5000 2886.0183    8.4461
   -7.5000   22.5000   -7.5000 2865.5974    8.4635
    0.0000   22.5000   -7.5000 2903.0107    8.3205
    7.5000   22.5000   -7.5000 2892.4177    8.4614
   -7.5000   30.0000   -7.5000 2836.1697    8.7001
    0.0000   30.0000   -7.5000 2864.5112    8.5364
    7.5000   30.0000   -7.5000 2858.9673    8.6755
   -7.5000   37.5000   -7.5000 2767.0452    9.1710
    0.0000   37.5000   -7.5000 2800.5725    8.9973
    7.5000   37.5000   -7.5000 2796.3970    9.1064
   -7.5000   45.0000   -7.5000 2672.5083    9.8624
    0.0000   45.0000   -7.5000 2704.3586    9.6871
    7.5000   45.0000   -7.5000 2704.4290    9.7938
   -7.5000   52.5000   -7.5000 2539.5132   10.7169
    0.0000   52.5000   -7.5000 2569.8613   10.5619
    7.5000   52.5000   -7.5000 2567.0750   10.6554
   -7.5000  -37.5000    0.0000 2143.8062   14.5655
    0.0000  -37.5000    0.0000 2172.5557   14.4347
    7.5000  -37.5000    0.0000 2159.4070   14.4615
   -7.5000  -30.0000    0.0000 2285.8911   12.6824
    0.0000  -30.0000    0.0000 2315.4663   12.5680
    7.5000  -30.0000    0.0000 2301.7395   12.6106
   -7.5000  -22.5000    0.0000 2420.3457   11.2309
    0.0000  -22.5000    0.0000 2444.9922   11.1398
    7.5000  -22.5000    0.0000 2436.5239   11.2057
   -7.5000  -15.0000    0.0000 2536.7673   10.1500
    0.0000  -15.0000    0.0000 2561.8506   10.0518
    7.5000  -15.0000    0.0000 2560.7976   10.1046
   -7.5000   -7.5000    0.0000 2649.5415    9.3484
    0.0000   -7.5000    0.0000 2675.0532    9.2565
    7.5000   -7.5000    0.0000 2675.8523    9.2847
   -7.5000    0.0000    0.0000 2750.0801    8.8013
    0.0000    0.0000    0.0000 2782.4451    8.7057
    7.5000    0.0000    0.0000 2785.3108    8.7368
   -7.5000    7.5000    0.0000 2843.9182    8.4779
    0.0000    7.5000    0.0000 2884.7876    8.3573
    7.5000    7.5000    0.0000 2880.2307    8.4326
   -7.5000   15.0000    0.0000 2913.1917    8.3146
    0.0000   15.0000    0.0000 2966.7583    8.2233
    7.5000   15.0000    0.0000 2948.6758    8.3102
   -7.5000   22.5000    0.0000 2932.3662    8.3277
    0.0000   22.5000    0.0000 2982.9092    8.2026
    7.5000   22.5000    0.0000 2958.7949    8.3109
   -7.5000   30.0000    0.0000 2890.8552    8.5177
    0.0000   30.0000    0.0000 2930.2034    8.3777
    7.5000   30.0000    0.0000 2920.1624    8.4455
   -7.5000   37.5000    0.0000 2815.7317    8.9444
    0.0000   37.5000    0.0000 2854.9338    8.7623
    7.5000   37.5000    0.0000 2844.7222    8.8233
   -7.5000   45.0000    0.0000 2711.2764    9.6131
    0.0000   45.0000    0.0000 2748.5813    9.4280
    7.5000   45.0000    0.0000 2747.2996    9.4866
   -7.5000   52.5000    0.0000 2570.7766   10.4315
    0.0000   52.5000    0.0000 2607.4353   10.2819
    7.5000   52.5000    0.0000 2604.4543   10.3232
   -7.5000  -37.5000    7.5000 2145.4099   14.6788
    0.0000  -37.5000    7.5000 2174.6160   14.5139
    7.5000  -37.5000    7.5000 2161.9546   14.5382
   -7.5000  -30.0000    7.5000 2291.4351   12.7102
    0.0000  -30.0000    7.5000 2317.7424   12.5816
    7.5000  -30.0000    7.5000 2306.3933   12.6396
   -7.5000  -22.5000    7.5000 2424.1011   11.2478
    0.0000  -22.5000    7.5000 2449.8289   11.1339
    7.5000  -22.5000    7.5000 2443.8254   11.2044
   -7.5000  -15.0000    7.5000 2543.4885   10.1450
    0.0000  -15.0000    7.5000 2572.2146   10.0450
    7.5000  -15.0000    7.5000 2571.9241   10.0573
   -7.5000   -7.5000    7.5000 2660.1086    9.3349
    0.0000   -7.5000    7.5000 2692.8796    9.2576
    7.5000   -7.5000    7.5000 2692.3511    9.2512
   -7.5000    0.0000    7.5000 2768.6064    8.7923
    0.0000    0.0000    7.5000 2809.4658    8.7423
    7.5000    0.0000    7.5000 2805.0605    8.7089
   -7.5000    7.5000    7.5000 2867.6672    8.4945
    0.0000    7.5000    7.5000 2921.1743    8.4911
    7.5000    7.5000    7.5000 2907.3035    8.4292
   -7.5000   15.0000    7.5000 2937.2434    8.3719
    0.0000   15.0000    7.5000 3009.2915    8.3660
    7.5000   15.0000    7.5000 2981.2710    8.3234
   -7.5000   22.5000    7.5000 2955.7070    8.3504
    0.0000   22.5000    7.5000 3030.2939    8.2587
    7.5000   22.5000    7.5000 2994.5325    8.3081
   -7.5000   30.0000    7.5000 2918.6372    8.4827
    0.0000   30.0000    7.5000 2962.6338    8.3141
    7.5000   30.0000    7.5000 2948.4790    8.3697
   -7.5000   37.5000    7.5000 2841.8955    8.8667
    0.0000   37.5000    7.5000 2881.3523    8.6465
    7.5000   37.5000    7.5000 2872.6628    8.7164
   -7.5000   45.0000    7.5000 2731.2651    9.5116
    0.0000   45.0000    7.5000 2766.7410    9.2990
    7.5000   45.0000    7.5000 2767.5500    9.3822
   -7.5000   52.5000    7.5000 2584.3860   10.3049
    0.0000   52.5000    7.5000 2617.3511   10.0997
    7.5000   52.5000    7.5000 2618.2554   10.1834
   -7.5000  -37.5000   15.0000 2126.9087   14.8632
    0.0000  -37.5000   15.0000 2157.4924   14.6782
    7.5000  -37.5000   15.0000 2144.3281   14.6998
   -7.5000  -30.0000   15.0000 2278.0776   12.9136
    0.0000  -30.0000   15.0000 2304.9380   12.7227
    7.5000  -30.0000   15.0000 2294.5752   12.8071
   -7.5000  -22.5000   15.0000 2415.8547   11.4225
    0.0000  -22.5000   15.0000 2443.1052   11.2520
    7.5000  -22.5000   15.0000 2435.8088   11.3226
   -7.5000  -15.0000   15.0000 2536.9854   10.2989
    0.0000  -15.0000   15.0000 2566.7310   10.1489
    7.5000  -15.0000   15.0000 2567.5837   10.2129
   -7.5000   -7.5000   15.0000 2657.9985    9.4935
    0.0000   -7.5000   15.0000 2690.6953    9.3718
    7.5000   -7.5000   15.0000 2689.4224    9.4267
   -7.5000    0.0000   15.0000 2771.8474    8.9239
    0.0000    0.0000   15.0000 2810.9646    8.8544
    7.5000    0.0000   15.0000 2808.0024    8.8766
   -7.5000    7.5000   15.0000 2869.8770    8.5827
    0.0000    7.5000   15.0000 2918.9871    8.5291
    7.5000    7.5000   15.0000 2906.3328    8.5336
   -7.5000   15.0000   15.0000 2921.9229    8.4217
    0.0000   15.0000   15.0000 2986.5449    8.3555
    7.5000   15.0000   15.0000 2967.0186    8.3747
   -7.5000   22.5000   15.0000 2932.2981    8.4413
    0.0000   22.5000   15.0000 2996.2202    8.3131
    7.5000   22.5000   15.0000 2972.0950    8.3362
   -7.5000   30.0000   15.0000 2894.9800    8.6235
    0.0000   30.0000   15.0000 2943.2437    8.4589
    7.5000   30.0000   15.0000 2927.5837    8.4920
   -7.5000   37.5000   15.0000 2825.2498    8.9845
    0.0000   37.5000   15.0000 2862.2654    8.7987
    7.5000   37.5000   15.0000 2855.8289    8.8608
   -7.5000   45.0000   15.0000 2717.3076    9.5976
    0.0000   45.0000   15.0000 2747.8835    9.4234
    7.5000   45.0000   15.0000 2751.5977    9.4797
   -7.5000   52.5000   15.0000 2575.3660   10.3560
    0.0000   52.5000   15.0000 2604.7668   10.1555
    7.5000   52.5000   15.0000 2605.4038   10.2243
   -7.5000  -37.5000   22.5000 2105.3677   15.1835
    0.0000  -37.5000   22.5000 2132.8093   14.9474
    7.5000  -37.5000   22.5000 2126.2046   15.0343
   -7.5000  -30.0000   22.5000 2257.7571   13.2324
    0.0000  -30.0000   22.5000 2282.3235   12.9919
    7.5000  -30.0000   22.5000 2275.9033   13.1074
   -7.5000  -22.5000   22.5000 2395.2986   11.7113
    0.0000  -22.5000   22.5000 2423.3447   11.5028
    7.5000  -22.5000   22.5000 2417.2500   11.6285
   -7.5000  -15.0000   22.5000 2520.6238   10.5707
    0.0000  -15.0000   22.5000 2554.5442   10.3659
    7.5000  -15.0000   22.5000 2552.3909   10.5039
   -7.5000   -7.5000   22.5000 2639.2400    9.7395
    0.0000   -7.5000   22.5000 2672.6724    9.5479
    7.5000   -7.5000   22.5000 2669.1467    9.6672
   -7.5000    0.0000   22.5000 2751.9358    9.1509
    0.0000    0.0000   22.5000 2785.6624    9.0115
    7.5000    0.0000   22.5000 2783.8804    9.1060
   -7.5000    7.5000   22.5000 2838.4431    8.7848
    0.0000    7.5000   22.5000 2881.3264    8.6474
    7.5000    7.5000   22.5000 2875.4551    8.7186
   -7.5000   15.0000   22.5000 2882.0315    8.5736
    0.0000   15.0000   22.5000 2932.8062    8.4135
    7.5000   15.0000   22.5000 2922.9575    8.4809
   -7.5000   22.5000   22.5000 2891.1770    8.5599
    0.0000   22.5000   22.5000 2947.0098    8.3823
    7.5000   22.5000   22.5000 2931.7310    8.4608
   -7.5000   30.0000   22.5000 2853.0911    8.7959
    0.0000   30.0000   22.5000 2901.1609    8.6443
    7.5000   30.0000   22.5000 2888.7998    8.6943
   -7.5000   37.5000   22.5000 2778.9182    9.2411
    0.0000   37.5000   22.5000 2819.4236    9.0749
    7.5000   37.5000   22.5000 2818.1284    9.1128
   -7.5000   45.0000   22.5000 2676.9783    9.8434
    0.0000   45.0000   22.5000 2712.8369    9.6948
    7.5000   45.0000   22.5000 2713.3066    9.7294
   -7.5000   52.5000   22.5000 2543.0171   10.5396
    0.0000   52.5000   22.5000 2573.7703   10.3839
    7.5000   52.5000   22.5000 2570.6357   10.4224
   -7.5000  -37.5000   30.0000 2077.2681   15.5583
    0.0000  -37.5000   30.0000 2102.7437   15.3051
    7.5000  -37.5000   30.0000 2102.3689   15.4618
   -7.5000  -30.0000   30.0000 2228.8887   13.6173
    0.0000  -30.0000   30.0000 2255.3572   13.3631
    7.5000  -30.0000   30.0000 2253.2607   13.5159
   -7.5000  -22.5000   30.0000 2367.9346   12.0863
    0.0000  -22.5000   30.0000 2397.5745   11.8427
    7.5000  -22.5000   30.0000 2394.7488   12.0114
   -7.5000  -15.0000   30.0000 2491.3369   10.9257
    0.0000  -15.0000   30.0000 2525.0750   10.7167
    7.5000  -15.0000   30.0000 2523.5283   10.8698
   -7.5000   -7.5000   30.0000 2607.6040   10.0864
    0.0000   -7.5000   30.0000 2640.2852    9.8999
    7.5000   -7.5000   30.0000 2639.8816   10.0308
   -7.5000    0.0000   30.0000 2711.5269    9.5028
    0.0000    0.0000   30.0000 2745.7183    9.3202
    7.5000    0.0000   30.0000 2743.2751    9.4093
   -7.5000    7.5000   30.0000 2786.0938    9.0898
    0.0000    7.5000   30.0000 2823.8652    8.9041
    7.5000    7.5000   30.0000 2823.8074    8.9857
   -7.5000   15.0000   30.0000 2823.0613    8.8751
    0.0000   15.0000   30.0000 2868.7715    8.6625
    7.5000   15.0000   30.0000 2863.9646    8.7328
   -7.5000   22.5000   30.0000 2826.4451    8.8624
    0.0000   22.5000   30.0000 2878.5930    8.6593
    7.5000   22.5000   30.0000 2867.9524    8.7399
   -7.5000   30.0000   30.0000 2786.9824    9.0958
    0.0000   30.0000   30.0000 2829.8242    8.9433
    7.5000   30.0000   30.0000 2822.1641    9.0055
   -7.5000   37.5000   30.0000 2718.8916    9.5505
    0.0000   37.5000   30.0000 2756.4631    9.3991
    7.5000   37.5000   30.0000 2755.8586    9.4486
   -7.5000   45.0000   30.0000 2622.6704   10.1660
    0.0000   45.0000   30.0000 2659.3008   10.0178
    7.5000   45.0000   30.0000 2659.7859   10.0567
   -7.5000   52.5000   30.0000 2492.0051   10.8779
    0.0000   52.5000   30.0000 2522.3071   10.7307
    7.5000   52.5000   30.0000 2521.5745   10.7652
   -7.5000  -37.5000   37.5000 2046.3553   16.1170
    0.0000  -37.5000   37.5000 2071.3008   15.8684
    7.5000  -37.5000   37.5000 2068.7109   15.9832
   -7.5000  -30.0000   37.5000 2193.7798   14.1499
    0.0000  -30.0000   37.5000 2226.0574   13.8880
    7.5000  -30.0000   37.5000 2222.9932   14.0377
   -7.5000  -22.5000   37.5000 2331.7739   12.6120
    0.0000  -22.5000   37.5000 2369.5793   12.3583
    7.5000  -22.5000   37.5000 2363.9390   12.5224
   -7.5000  -15.0000   37.5000 2458.7185   11.4564
    0.0000  -15.0000   37.5000 2492.2417   11.2144
    7.5000  -15.0000   37.5000 2489.9033   11.3506
   -7.5000   -7.5000   37.5000 2565.7803   10.5939
    0.0000   -7.5000   37.5000 2600.5735   10.3857
    7.5000   -7.5000   37.5000 2598.2766   10.4721
   -7.5000    0.0000   37.5000 2655.1240    9.9755
    0.0000    0.0000   37.5000 2695.3313    9.7535
    7.5000    0.0000   37.5000 2690.9031    9.8302
   -7.5000    7.5000   37.5000 2722.4990    9.5435
    0.0000    7.5000   37.5000 2763.2122    9.3168
    7.5000    7.5000   37.5000 2763.1709    9.3833
   -7.5000   15.0000   37.5000 2753.7148    9.3016
    0.0000   15.0000   37.5000 2799.5356    9.0848
    7.5000   15.0000   37.5000 2794.1724    9.1515
   -7.5000   22.5000   37.5000 2750.7209    9.2943
    0.0000   22.5000   37.5000 2801.3687    9.0922
    7.5000   22.5000   37.5000 2792.8025    9.1692
   -7.5000   30.0000   37.5000 2711.7576    9.5322
    0.0000   30.0000   37.5000 2754.9844    9.3718
    7.5000   30.0000   37.5000 2750.6038    9.4329
   -7.5000   37.5000   37.5000 2648.9812   10.0133
    0.0000   37.5000   37.5000 2686.6980    9.8393
    7.5000   37.5000   37.5000 2686.0234    9.8882
   -7.5000   45.0000   37.5000 2562.9604   10.6063
    0.0000   45.0000   37.5000 2595.2170   10.4300
    7.5000   45.0000   37.5000 2595.5710   10.4747
   -7.5000   52.5000   37.5000 2435.7161   11.3009
    0.0000   52.5000   37.5000 2462.3921   11.1409
    7.5000   52.5000   37.5000 2464.7236   11.1655
   -7.5000  -37.5000   45.0000 2007.9608   16.8675
    0.0000  -37.5000   45.0000 2035.6194   16.5977
    7.5000  -37.5000   45.0000 2033.1133   16.6844
   -7.5000  -30.0000   45.0000 2151.9807   14.8290
    0.0000  -30.0000   45.0000 2191.9414   14.5731
    7.5000  -30.0000   45.0000 2184.7751   14.6644
   -7.5000  -22.5000   45.0000 2288.1882   13.2773
    0.0000  -22.5000   45.0000 2331.3662   13.0531
    7.5000  -22.5000   45.0000 2322.9070   13.1306
   -7.5000  -15.0000   45.0000 2408.2712   12.0885
    0.0000  -15.0000   45.0000 2444.5442   11.8609
    7.5000  -15.0000   45.0000 2437.9177   11.9493
   -7.5000   -7.5000   45.0000 2508.6528   11.1892
    0.0000   -7.5000   45.0000 2545.4937   10.9649
    7.5000   -7.5000   45.0000 2541.5034   11.0502
   -7.5000    0.0000   45.0000 2587.6260   10.5620
    0.0000    0.0000   45.0000 2627.9639   10.3114
    7.5000    0.0000   45.0000 2624.2520   10.3850
   -7.5000    7.5000   45.0000 2649.1289   10.1314
    0.0000    7.5000   45.0000 2688.9954    9.8924
    7.5000    7.5000   45.0000 2684.4480    9.9439
   -7.5000   15.0000   45.0000 2673.9434    9.8768
    0.0000   15.0000   45.0000 2712.1750    9.6643
    7.5000   15.0000   45.0000 2709.6621    9.7255
   -7.5000   22.5000   45.0000 2669.1140    9.8602
    0.0000   22.5000   45.0000 2712.4219    9.6573
    7.5000   22.5000   45.0000 2711.9875    9.7258
   -7.5000   30.0000   45.0000 2632.4385   10.0878
    0.0000   30.0000   45.0000 2676.5693    9.8945
    7.5000   30.0000   45.0000 2673.3928    9.9684
   -7.5000   37.5000   45.0000 2572.3762   10.5674
    0.0000   37.5000   45.0000 2608.2676   10.3698
    7.5000   37.5000   45.0000 2603.9304   10.4244
   -7.5000   45.0000   45.0000 2486.7153   11.1788
    0.0000   45.0000   45.0000 2522.5149   10.9896
    7.5000   45.0000   45.0000 2522.4714   11.0131
   -7.5000   52.5000   45.0000 2365.1013   11.8685
    0.0000   52.5000   45.0000 2390.0330   11.7096
    7.5000   52.5000   45.0000 2390.2600   11.7192
   -7.5000  -37.5000   52.5000 1964.0171   17.8022
    0.0000  -37.5000   52.5000 1992.1808   17.5282
    7.5000  -37.5000   52.5000 1987.9225   17.6558
   -7.5000  -30.0000   52.5000 2103.9519   15.6947
    0.0000  -30.0000   52.5000 2146.5186   15.4665
    7.5000  -30.0000   52.5000 2140.3962   15.5220
   -7.5000  -22.5000   52.5000 2235.7090   14.0997
    0.0000  -22.5000   52.5000 2280.8025   13.8781
    7.5000  -22.5000   52.5000 2270.0281   13.9393
   -7.5000  -15.0000   52.5000 2351.5022   12.8831
    0.0000  -15.0000   52.5000 2386.6526   12.6516
    7.5000  -15.0000   52.5000 2377.0222   12.7076
   -7.5000   -7.5000   52.5000 2443.8667   11.9412
    0.0000   -7.5000   52.5000 2478.2312   11.7135
    7.5000   -7.5000   52.5000 2472.8152   11.7771
   -7.5000    0.0000   52.5000 2516.3125   11.2878
    0.0000    0.0000   52.5000 2554.9268   11.0447
    7.5000    0.0000   52.5000 2550.7898   11.0980
   -7.5000    7.5000   52.5000 2569.5779   10.8152
    0.0000    7.5000   52.5000 2606.0847   10.5944
    7.5000    7.5000   52.5000 2600.1379   10.6358
   -7.5000   15.0000   52.5000 2588.2532   10.5509
    0.0000   15.0000   52.5000 2623.0356   10.3418
    7.5000   15.0000   52.5000 2623.5625   10.4161
   -7.5000   22.5000   52.5000 2580.7834   10.5300
    0.0000   22.5000   52.5000 2617.8572   10.3455
    7.5000   22.5000   52.5000 2622.5281   10.4126
   -7.5000   30.0000   52.5000 2550.2883   10.7361
    0.0000   30.0000   52.5000 2592.7417   10.5516
    7.5000   30.0000   52.5000 2591.4146   10.6265
   -7.5000   37.5000   52.5000 2488.5713   11.2276
    0.0000   37.5000   52.5000 2530.6836   11.0216
    7.5000   37.5000   52.5000 2525.6672   11.0688
   -7.5000   45.0000   52.5000 2402.9426   11.8839
    0.0000   45.0000   52.5000 2436.4822   11.6667
    7.5000   45.0000   52.5000 2442.3982   11.6739
   -7.5000   52.5000   52.5000 2283.0449   12.5946
    0.0000   52.5000   52.5000 2308.7949   12.4018
    7.5000   52.5000   52.5000 2311.6716   12.4201

---------------------------------------------------------------------
imgreg_4dfp /opt/freesurfer/average/711-2C_as_mni_average_305 /opt/freesurfer/average/711-2B_as_mni_average_305_mask talsrcimg_g11 none talsrcimg_to_711-2C_as_mni_average_305_t4 1283
---------------------------------------------------------------------

freesurfer imgreg_4dfp.c
/opt/freesurfer/average/711-2C_as_mni_average_305.4dfp.img
       256       256       256         1
  1.000000  1.000000  1.000000
orientation T byte_order littleendian
Reading image: /opt/freesurfer/average/711-2C_as_mni_average_305.4dfp.img
dimensions:      256       256       256
mmppix:       1.0000   -1.0000   -1.0000
center:     128.0000 -129.0000 -129.0000
/opt/freesurfer/average/711-2B_as_mni_average_305_mask.4dfp.img
       256       256       256         1
  1.000000  1.000000  1.000000
orientation T byte_order littleendian
Reading mask: /opt/freesurfer/average/711-2B_as_mni_average_305_mask.4dfp.img (2306576 pixels)
talsrcimg_g11.4dfp.img
       256       256       256         1
  1.000000  1.000000  1.000000
orientation T byte_order littleendian
Reading image: talsrcimg_g11.4dfp.img
dimensions:      256       256       256
mmppix:       1.0000   -1.0000   -1.0000
center:     128.0000 -129.0000 -129.0000
rotation matrix determinant  1.000000
fimgreg.f
image alignment mode   1283 decimal      503 hex
parameters
    0.0000   22.5000    7.5000    0.0000    0.0000    0.0000
eta,q 0.95119  8.29288
niter,ni,del,rscale     5    3   12.0000    1.2000
parameter  4 -1.452709 -> -0.500000 qaram    1.1500
parameter  6  1.205036 ->  0.500000 qaram    1.1500
parameters
    1.8891   20.3961    8.0049    3.4500   -1.8274   -3.4500
eta,q 0.95852  8.20453
  0.0705  0.0540  0.0578  0.0590  0.0487  0.0415
  0.0627  0.0514  0.0529  0.0571  0.0463  0.0412
  0.0566  0.0502  0.0507  0.0541  0.0457  0.0428
  0.0528  0.0515  0.0502  0.0506  0.0462  0.0456
  0.0516  0.0546  0.0507  0.0474  0.0480  0.0490
  0.0530  0.0587  0.0521  0.0460  0.0519  0.0528
  0.0572  0.0641  0.0550  0.0469  0.0571  0.0562
niter,ni,del,rscale     6    3   12.0000    1.2000
parameters
    1.7231   19.3795    7.9030    4.9809   -1.2632   -5.2793
eta,q 0.95986  8.23107
  0.0565  0.0506  0.0512  0.0534  0.0500  0.0444
  0.0477  0.0450  0.0443  0.0492  0.0453  0.0416
  0.0421  0.0412  0.0411  0.0442  0.0420  0.0402
  0.0415  0.0414  0.0408  0.0408  0.0408  0.0407
  0.0444  0.0448  0.0432  0.0412  0.0411  0.0432
  0.0493  0.0516  0.0464  0.0435  0.0429  0.0470
  0.0573  0.0592  0.0502  0.0464  0.0473  0.0516
niter,ni,del,rscale     5    3   12.0000    1.2000
parameters
    1.3793   18.6242    8.0550    5.4001   -1.1725   -5.4547
eta,q 0.96055  8.24581
  0.0553  0.0504  0.0519  0.0499  0.0482  0.0474
  0.0463  0.0439  0.0437  0.0455  0.0436  0.0433
  0.0408  0.0395  0.0401  0.0408  0.0406  0.0405
  0.0401  0.0399  0.0393  0.0393  0.0395  0.0394
  0.0434  0.0433  0.0414  0.0411  0.0404  0.0406
  0.0495  0.0489  0.0451  0.0437  0.0431  0.0440
  0.0582  0.0564  0.0489  0.0476  0.0477  0.0482
niter,ni,del,rscale     4    3   12.0000    1.2000
parameters
    1.3302   18.3773    8.1369    5.6253   -1.1894   -5.4966
eta,q 0.96058  8.25168
  0.0569  0.0522  0.0515  0.0493  0.0478  0.0478
  0.0476  0.0455  0.0435  0.0449  0.0434  0.0436
  0.0412  0.0403  0.0402  0.0404  0.0405  0.0406
  0.0395  0.0394  0.0393  0.0393  0.0394  0.0394
  0.0423  0.0422  0.0415  0.0413  0.0405  0.0404
  0.0483  0.0470  0.0452  0.0440  0.0433  0.0438
  0.0570  0.0540  0.0490  0.0478  0.0480  0.0481
niter,ni,del,rscale     3    3   12.0000    1.2000
parameters
    1.3405   18.2562    8.1845    5.7531   -1.2213   -5.5126
eta,q 0.96055  8.25570
  0.0573  0.0526  0.0513  0.0490  0.0477  0.0479
  0.0480  0.0459  0.0435  0.0447  0.0434  0.0437
  0.0414  0.0406  0.0402  0.0403  0.0405  0.0407
  0.0394  0.0394  0.0394  0.0394  0.0394  0.0394
  0.0421  0.0420  0.0416  0.0414  0.0406  0.0403
  0.0481  0.0466  0.0453  0.0441  0.0434  0.0438
  0.0568  0.0534  0.0491  0.0480  0.0480  0.0481
niter,ni,del,rscale     2    3   12.0000    1.2000
parameters
    1.3569   18.1886    8.2097    5.8261   -1.2481   -5.5184
eta,q 0.96053  8.25804
  0.0574  0.0529  0.0512  0.0489  0.0477  0.0480
  0.0481  0.0460  0.0435  0.0445  0.0434  0.0437
  0.0415  0.0407  0.0403  0.0402  0.0405  0.0407
  0.0395  0.0395  0.0394  0.0394  0.0395  0.0395
  0.0421  0.0419  0.0416  0.0415  0.0406  0.0403
  0.0482  0.0464  0.0454  0.0442  0.0434  0.0438
  0.0569  0.0531  0.0492  0.0481  0.0479  0.0481
niter,ni,del,rscale     1    3   12.0000    1.2000
parameters
    1.3700   18.1492    8.2226    5.8703   -1.2660   -5.5204
eta,q 0.96051  8.25934
  0.0574  0.0529  0.0511  0.0488  0.0478  0.0480
  0.0481  0.0461  0.0435  0.0444  0.0435  0.0437
  0.0415  0.0408  0.0403  0.0402  0.0405  0.0407
  0.0395  0.0395  0.0395  0.0395  0.0395  0.0395
  0.0421  0.0419  0.0417  0.0415  0.0406  0.0403
  0.0482  0.0463  0.0454  0.0442  0.0434  0.0438
  0.0569  0.0530  0.0492  0.0482  0.0479  0.0481
registration optimization eta report
parameter search radius
    6.0000    6.0000    6.0000    6.9000    6.0000    6.9000
100000*second partial in parameter space
       49.       37.       29.       18.       23.       18.
  0.0574  0.0529  0.0511  0.0488  0.0478  0.0480
  0.0481  0.0461  0.0435  0.0444  0.0435  0.0437
  0.0415  0.0408  0.0403  0.0402  0.0405  0.0407
  0.0395  0.0395  0.0395  0.0395  0.0395  0.0395
  0.0421  0.0419  0.0417  0.0415  0.0406  0.0403
  0.0482  0.0463  0.0454  0.0442  0.0434  0.0438
  0.0569  0.0530  0.0492  0.0482  0.0479  0.0481
    1.3700   18.1492    8.2226    5.8703   -1.2660   -5.5204
eta,q 0.96051  8.25934

---------------------------------------------------------------------
imgreg_4dfp /opt/freesurfer/average/711-2C_as_mni_average_305 /opt/freesurfer/average/711-2B_as_mni_average_305_mask talsrcimg_g11 none talsrcimg_to_711-2C_as_mni_average_305_t4 3335
---------------------------------------------------------------------

freesurfer imgreg_4dfp.c
/opt/freesurfer/average/711-2C_as_mni_average_305.4dfp.img
       256       256       256         1
  1.000000  1.000000  1.000000
orientation T byte_order littleendian
Reading image: /opt/freesurfer/average/711-2C_as_mni_average_305.4dfp.img
dimensions:      256       256       256
mmppix:       1.0000   -1.0000   -1.0000
center:     128.0000 -129.0000 -129.0000
/opt/freesurfer/average/711-2B_as_mni_average_305_mask.4dfp.img
       256       256       256         1
  1.000000  1.000000  1.000000
orientation T byte_order littleendian
Reading mask: /opt/freesurfer/average/711-2B_as_mni_average_305_mask.4dfp.img (2306576 pixels)
talsrcimg_g11.4dfp.img
       256       256       256         1
  1.000000  1.000000  1.000000
orientation T byte_order littleendian
Reading image: talsrcimg_g11.4dfp.img
dimensions:      256       256       256
mmppix:       1.0000   -1.0000   -1.0000
center:     128.0000 -129.0000 -129.0000
fimgreg.f
image alignment mode   3335 decimal      D07 hex
parameters
    1.3700   18.1492    8.2226   -0.4881   -1.0075   -0.5487
    9.7944    1.2037   -9.6176  -10.3918   -2.2094   10.2253
eta,q 0.95991  8.28659
niter,ni,del,rscale     5    3    5.0000    1.2000
parameter  4  1.256150 ->  0.500000 qaram    1.1500
parameter  5  2.273009 ->  0.500000 qaram    1.1500
parameter  6  0.633623 ->  0.500000 qaram    1.1500
parameters
    1.4192   18.4579    8.0616   -4.6281   -5.1475   -4.6887
    8.7664    2.8861   -7.6407   -7.8014   -1.7447   11.1936
eta,q 0.96967  7.97976
  0.0431  0.0424  0.0415  0.0359  0.0297  0.0308  0.0330  0.0371  0.0339  0.0359  0.0317  0.0319
  0.0415  0.0412  0.0406  0.0363  0.0314  0.0312  0.0319  0.0344  0.0325  0.0337  0.0310  0.0311
  0.0404  0.0404  0.0401  0.0377  0.0338  0.0312  0.0313  0.0323  0.0315  0.0319  0.0305  0.0306
  0.0401  0.0401  0.0401  0.0400  0.0366  0.0320  0.0312  0.0312  0.0309  0.0307  0.0304  0.0304
  0.0404  0.0401  0.0403  0.0430  0.0396  0.0341  0.0317  0.0309  0.0307  0.0304  0.0305  0.0304
  0.0413  0.0406  0.0409  0.0463  0.0431  0.0378  0.0328  0.0316  0.0311  0.0307  0.0308  0.0307
  0.0428  0.0414  0.0419  0.0499  0.0472  0.0416  0.0344  0.0334  0.0318  0.0317  0.0314  0.0313
niter,ni,del,rscale     7    3    5.0000    1.2000
parameter  5  1.238972 ->  0.500000 qaram    1.3225
parameters
    1.6449   19.0106    7.1437   -8.1490   -9.9085   -7.3681
    8.0221    3.0496   -8.1742   -6.8617   -2.6477   10.8143
eta,q 0.97404  7.59629
  0.0345  0.0337  0.0304  0.0304  0.0258  0.0272  0.0282  0.0306  0.0280  0.0309  0.0269  0.0274
  0.0324  0.0321  0.0300  0.0299  0.0263  0.0262  0.0270  0.0282  0.0269  0.0287  0.0263  0.0266
  0.0309  0.0310  0.0299  0.0296  0.0275  0.0262  0.0263  0.0267  0.0263  0.0270  0.0260  0.0261
  0.0303  0.0303  0.0301  0.0299  0.0297  0.0265  0.0262  0.0261  0.0261  0.0261  0.0260  0.0260
  0.0305  0.0301  0.0305  0.0314  0.0325  0.0270  0.0267  0.0266  0.0265  0.0261  0.0262  0.0262
  0.0315  0.0306  0.0312  0.0340  0.0355  0.0286  0.0277  0.0280  0.0273  0.0271  0.0267  0.0268
  0.0331  0.0316  0.0322  0.0373  0.0391  0.0325  0.0292  0.0301  0.0286  0.0291  0.0275  0.0277
niter,ni,del,rscale     7    3    5.0000    1.2000
parameters
    1.7566   19.1144    7.1828   -8.9709  -13.6703   -7.0475
    8.0987    3.1929   -8.0134   -6.4903   -2.6730   10.9092
eta,q 0.97462  7.43301
  0.0294  0.0292  0.0276  0.0279  0.0271  0.0282  0.0281  0.0297  0.0276  0.0295  0.0266  0.0269
  0.0276  0.0275  0.0267  0.0267  0.0258  0.0265  0.0266  0.0274  0.0264  0.0274  0.0259  0.0261
  0.0264  0.0264  0.0261  0.0262  0.0253  0.0255  0.0257  0.0259  0.0257  0.0260  0.0255  0.0256
  0.0260  0.0260  0.0260  0.0260  0.0260  0.0254  0.0254  0.0254  0.0254  0.0254  0.0254  0.0254
  0.0262  0.0262  0.0261  0.0261  0.0278  0.0257  0.0257  0.0259  0.0256  0.0257  0.0255  0.0255
  0.0272  0.0272  0.0266  0.0272  0.0308  0.0262  0.0266  0.0273  0.0263  0.0269  0.0259  0.0260
  0.0288  0.0287  0.0275  0.0293  0.0341  0.0277  0.0279  0.0293  0.0274  0.0288  0.0266  0.0268
niter,ni,del,rscale     6    3    5.0000    1.2000
parameters
    1.8048   19.3439    7.4998   -8.4558  -14.1694   -6.6585
    8.0521    3.2720   -8.0704   -6.2974   -2.5393   10.7611
eta,q 0.97465  7.44865
  0.0285  0.0288  0.0273  0.0280  0.0290  0.0281  0.0279  0.0296  0.0274  0.0292  0.0266  0.0268
  0.0268  0.0270  0.0263  0.0265  0.0272  0.0265  0.0265  0.0273  0.0263  0.0272  0.0259  0.0260
  0.0258  0.0259  0.0256  0.0257  0.0259  0.0254  0.0257  0.0258  0.0256  0.0259  0.0255  0.0255
  0.0254  0.0254  0.0254  0.0253  0.0253  0.0253  0.0254  0.0254  0.0254  0.0254  0.0253  0.0254
  0.0257  0.0255  0.0254  0.0252  0.0258  0.0256  0.0257  0.0259  0.0256  0.0257  0.0255  0.0255
  0.0267  0.0263  0.0258  0.0259  0.0275  0.0261  0.0266  0.0273  0.0263  0.0269  0.0259  0.0261
  0.0283  0.0277  0.0265  0.0276  0.0303  0.0276  0.0280  0.0293  0.0274  0.0288  0.0265  0.0269
niter,ni,del,rscale     5    3    5.0000    1.2000
parameters
    1.8255   19.3591    7.6119   -8.4029  -14.2401   -6.5081
    8.0475    3.2929   -8.1190   -6.2747   -2.4826   10.7495
eta,q 0.97463  7.45369
  0.0284  0.0282  0.0269  0.0277  0.0294  0.0280  0.0280  0.0295  0.0274  0.0290  0.0266  0.0268
  0.0268  0.0266  0.0261  0.0264  0.0275  0.0264  0.0266  0.0273  0.0263  0.0271  0.0259  0.0260
  0.0257  0.0257  0.0256  0.0257  0.0261  0.0254  0.0257  0.0258  0.0256  0.0258  0.0255  0.0255
  0.0253  0.0253  0.0254  0.0253  0.0253  0.0254  0.0254  0.0254  0.0254  0.0254  0.0254  0.0254
  0.0257  0.0257  0.0255  0.0253  0.0257  0.0256  0.0257  0.0259  0.0256  0.0258  0.0255  0.0255
  0.0267  0.0266  0.0259  0.0261  0.0272  0.0261  0.0266  0.0273  0.0263  0.0270  0.0259  0.0260
  0.0283  0.0281  0.0267  0.0280  0.0299  0.0278  0.0280  0.0294  0.0274  0.0290  0.0265  0.0268
niter,ni,del,rscale     4    3    5.0000    1.2000
parameters
    1.8324   19.3520    7.6417   -8.3868  -14.2525   -6.4831
    8.0521    3.2990   -8.1408   -6.2861   -2.4628   10.7627
eta,q 0.97463  7.45487
  0.0284  0.0282  0.0268  0.0277  0.0295  0.0279  0.0280  0.0295  0.0274  0.0290  0.0266  0.0268
  0.0267  0.0266  0.0260  0.0264  0.0275  0.0263  0.0266  0.0272  0.0263  0.0271  0.0259  0.0260
  0.0257  0.0257  0.0255  0.0257  0.0261  0.0254  0.0257  0.0258  0.0256  0.0258  0.0255  0.0255
  0.0254  0.0254  0.0254  0.0254  0.0254  0.0254  0.0254  0.0254  0.0254  0.0254  0.0254  0.0254
  0.0257  0.0257  0.0255  0.0253  0.0257  0.0256  0.0257  0.0259  0.0256  0.0258  0.0255  0.0255
  0.0267  0.0267  0.0260  0.0261  0.0272  0.0262  0.0266  0.0273  0.0263  0.0271  0.0259  0.0260
  0.0284  0.0282  0.0267  0.0280  0.0299  0.0279  0.0279  0.0294  0.0274  0.0290  0.0266  0.0268
niter,ni,del,rscale     3    3    5.0000    1.2000
parameters
    1.8342   19.3464    7.6487   -8.3779  -14.2563   -6.4777
    8.0572    3.2974   -8.1453   -6.2951   -2.4552   10.7685
eta,q 0.97463  7.45533
  0.0284  0.0282  0.0268  0.0277  0.0295  0.0279  0.0280  0.0295  0.0274  0.0290  0.0266  0.0268
  0.0267  0.0266  0.0260  0.0264  0.0275  0.0263  0.0266  0.0272  0.0263  0.0271  0.0259  0.0260
  0.0257  0.0257  0.0255  0.0257  0.0261  0.0254  0.0257  0.0258  0.0256  0.0258  0.0255  0.0255
  0.0254  0.0254  0.0254  0.0254  0.0254  0.0254  0.0254  0.0254  0.0254  0.0254  0.0254  0.0254
  0.0257  0.0257  0.0255  0.0253  0.0257  0.0256  0.0257  0.0259  0.0256  0.0258  0.0255  0.0255
  0.0267  0.0267  0.0260  0.0262  0.0272  0.0262  0.0266  0.0273  0.0263  0.0271  0.0259  0.0260
  0.0284  0.0282  0.0268  0.0280  0.0299  0.0280  0.0279  0.0294  0.0274  0.0290  0.0266  0.0268
registration optimization eta report
parameter search radius
    2.4000    2.4000    2.4000    8.2800    9.5220    8.2800
    7.2000    7.2000    7.2000    7.2000    7.2000    7.2000
100000*second partial in parameter space
       53.       49.       25.        4.        5.        4.
        5.        8.        4.        7.        2.        3.
  0.0284  0.0282  0.0268  0.0277  0.0295  0.0279  0.0280  0.0295  0.0274  0.0290  0.0266  0.0268
  0.0267  0.0266  0.0260  0.0264  0.0275  0.0263  0.0266  0.0272  0.0263  0.0271  0.0259  0.0260
  0.0257  0.0257  0.0255  0.0257  0.0261  0.0254  0.0257  0.0258  0.0256  0.0258  0.0255  0.0255
  0.0254  0.0254  0.0254  0.0254  0.0254  0.0254  0.0254  0.0254  0.0254  0.0254  0.0254  0.0254
  0.0257  0.0257  0.0255  0.0253  0.0257  0.0256  0.0257  0.0259  0.0256  0.0258  0.0255  0.0255
  0.0267  0.0267  0.0260  0.0262  0.0272  0.0262  0.0266  0.0273  0.0263  0.0271  0.0259  0.0260
  0.0284  0.0282  0.0268  0.0280  0.0299  0.0280  0.0279  0.0294  0.0274  0.0290  0.0266  0.0268
    1.8342   19.3464    7.6487   -8.3779  -14.2563   -6.4777
    8.0572    3.2974   -8.1453   -6.2951   -2.4552   10.7685
eta,q 0.97463  7.45533

---------------------------------------------------------------------
imgreg_4dfp /opt/freesurfer/average/711-2C_as_mni_average_305 /opt/freesurfer/average/711-2B_as_mni_average_305_mask talsrcimg_g11 none talsrcimg_to_711-2C_as_mni_average_305_t4 2311
---------------------------------------------------------------------

freesurfer imgreg_4dfp.c
/opt/freesurfer/average/711-2C_as_mni_average_305.4dfp.img
       256       256       256         1
  1.000000  1.000000  1.000000
orientation T byte_order littleendian
Reading image: /opt/freesurfer/average/711-2C_as_mni_average_305.4dfp.img
dimensions:      256       256       256
mmppix:       1.0000   -1.0000   -1.0000
center:     128.0000 -129.0000 -129.0000
/opt/freesurfer/average/711-2B_as_mni_average_305_mask.4dfp.img
       256       256       256         1
  1.000000  1.000000  1.000000
orientation T byte_order littleendian
Reading mask: /opt/freesurfer/average/711-2B_as_mni_average_305_mask.4dfp.img (2306576 pixels)
talsrcimg_g11.4dfp.img
       256       256       256         1
  1.000000  1.000000  1.000000
orientation T byte_order littleendian
Reading image: talsrcimg_g11.4dfp.img
dimensions:      256       256       256
mmppix:       1.0000   -1.0000   -1.0000
center:     128.0000 -129.0000 -129.0000
fimgreg.f
image alignment mode   2311 decimal      907 hex
parameters
    1.8342   19.3464    7.6487   -8.3779  -14.2563   -6.4777
    8.0572    3.2974   -8.1453   -6.2951   -2.4552   10.7685
eta,q 0.97463  7.45534
niter,ni,del,rscale     5    3    5.0000    0.8000
parameters
    1.8351   19.3265    7.6513   -7.5510  -13.7391   -6.4009
    8.0154    3.2522   -8.2167   -6.2870   -2.3439   10.6653
eta,q 0.97472  7.51127
  0.0267  0.0266  0.0260  0.0262  0.0267  0.0259  0.0265  0.0272  0.0262  0.0270  0.0258  0.0259
  0.0260  0.0259  0.0256  0.0258  0.0261  0.0254  0.0258  0.0261  0.0257  0.0261  0.0255  0.0255
  0.0255  0.0255  0.0254  0.0256  0.0256  0.0252  0.0254  0.0255  0.0254  0.0255  0.0253  0.0253
  0.0254  0.0254  0.0254  0.0254  0.0253  0.0253  0.0253  0.0253  0.0253  0.0253  0.0253  0.0253
  0.0255  0.0255  0.0254  0.0253  0.0253  0.0254  0.0254  0.0255  0.0254  0.0255  0.0253  0.0254
  0.0260  0.0260  0.0256  0.0254  0.0257  0.0255  0.0259  0.0262  0.0257  0.0261  0.0255  0.0256
  0.0267  0.0267  0.0260  0.0258  0.0263  0.0258  0.0266  0.0273  0.0263  0.0270  0.0258  0.0260
niter,ni,del,rscale     4    3    5.0000    0.7000
parameters
    1.8176   19.2570    7.6492   -7.5188  -13.6456   -6.5111
    8.0269    3.2052   -8.2308   -6.3477   -2.3730   10.7160
eta,q 0.97474  7.51199
  0.0263  0.0262  0.0258  0.0258  0.0263  0.0257  0.0262  0.0268  0.0260  0.0266  0.0257  0.0258
  0.0257  0.0257  0.0255  0.0256  0.0258  0.0253  0.0257  0.0259  0.0256  0.0258  0.0254  0.0255
  0.0254  0.0254  0.0253  0.0254  0.0254  0.0252  0.0254  0.0254  0.0253  0.0254  0.0253  0.0253
  0.0253  0.0253  0.0253  0.0253  0.0253  0.0253  0.0253  0.0253  0.0253  0.0253  0.0253  0.0253
  0.0254  0.0254  0.0253  0.0253  0.0254  0.0254  0.0254  0.0255  0.0254  0.0254  0.0253  0.0253
  0.0258  0.0258  0.0255  0.0255  0.0257  0.0255  0.0257  0.0260  0.0256  0.0259  0.0254  0.0255
  0.0264  0.0264  0.0258  0.0259  0.0262  0.0256  0.0262  0.0268  0.0260  0.0267  0.0257  0.0258
niter,ni,del,rscale     3    3    5.0000    0.6000
parameters
    1.8105   19.2415    7.6302   -7.3661  -13.6185   -6.8445
    8.0361    3.1564   -8.2256   -6.4157   -2.4281   10.7143
eta,q 0.97478  7.50562
  0.0261  0.0260  0.0256  0.0257  0.0260  0.0255  0.0260  0.0263  0.0258  0.0262  0.0255  0.0256
  0.0256  0.0256  0.0254  0.0255  0.0256  0.0253  0.0256  0.0257  0.0255  0.0257  0.0253  0.0254
  0.0253  0.0253  0.0253  0.0254  0.0254  0.0252  0.0253  0.0253  0.0253  0.0253  0.0253  0.0253
  0.0253  0.0253  0.0253  0.0253  0.0253  0.0252  0.0252  0.0252  0.0252  0.0252  0.0252  0.0252
  0.0254  0.0254  0.0253  0.0252  0.0253  0.0254  0.0253  0.0254  0.0253  0.0253  0.0253  0.0253
  0.0256  0.0256  0.0254  0.0254  0.0256  0.0254  0.0255  0.0258  0.0255  0.0257  0.0254  0.0254
  0.0261  0.0260  0.0256  0.0257  0.0260  0.0255  0.0260  0.0264  0.0258  0.0263  0.0255  0.0256
niter,ni,del,rscale     2    3    5.0000    0.5000
parameters
    1.8025   19.2412    7.5887   -7.2619  -13.6049   -7.2820
    8.0368    3.0967   -8.2229   -6.4856   -2.5597   10.7261
eta,q 0.97481  7.49273
  0.0258  0.0258  0.0255  0.0255  0.0258  0.0254  0.0257  0.0260  0.0256  0.0259  0.0254  0.0254
  0.0255  0.0255  0.0253  0.0254  0.0255  0.0252  0.0254  0.0255  0.0254  0.0255  0.0253  0.0253
  0.0253  0.0253  0.0252  0.0253  0.0253  0.0252  0.0252  0.0253  0.0252  0.0253  0.0252  0.0252
  0.0252  0.0252  0.0252  0.0252  0.0252  0.0252  0.0252  0.0252  0.0252  0.0252  0.0252  0.0252
  0.0253  0.0253  0.0253  0.0252  0.0253  0.0253  0.0252  0.0253  0.0252  0.0253  0.0252  0.0252
  0.0255  0.0255  0.0253  0.0253  0.0255  0.0254  0.0254  0.0256  0.0254  0.0255  0.0253  0.0253
  0.0258  0.0258  0.0255  0.0255  0.0258  0.0254  0.0257  0.0260  0.0256  0.0259  0.0254  0.0254
niter,ni,del,rscale     1    3    5.0000    0.4000
parameters
    1.7928   19.2549    7.5126   -7.1782  -13.5814   -7.6895
    8.0276    3.0586   -8.1899   -6.5387   -2.6751   10.6969
eta,q 0.97483  7.48060
  0.0255  0.0255  0.0253  0.0254  0.0255  0.0253  0.0255  0.0257  0.0254  0.0256  0.0253  0.0253
  0.0253  0.0253  0.0252  0.0253  0.0254  0.0252  0.0253  0.0254  0.0253  0.0254  0.0252  0.0252
  0.0252  0.0252  0.0252  0.0252  0.0252  0.0252  0.0252  0.0252  0.0252  0.0252  0.0252  0.0252
  0.0252  0.0252  0.0252  0.0252  0.0252  0.0252  0.0252  0.0252  0.0252  0.0252  0.0252  0.0252
  0.0252  0.0252  0.0252  0.0252  0.0252  0.0253  0.0252  0.0252  0.0252  0.0252  0.0252  0.0252
  0.0254  0.0253  0.0253  0.0253  0.0253  0.0253  0.0253  0.0254  0.0253  0.0254  0.0252  0.0252
  0.0256  0.0255  0.0254  0.0254  0.0255  0.0254  0.0255  0.0257  0.0254  0.0256  0.0253  0.0253
registration optimization eta report
parameter search radius
    0.8000    0.8000    0.8000    2.4000    2.4000    2.4000
    2.4000    2.4000    2.4000    2.4000    2.4000    2.4000
100000*second partial in parameter space
       57.       53.       26.        3.        6.        3.
        6.        9.        4.        8.        2.        3.
  0.0255  0.0255  0.0253  0.0254  0.0255  0.0253  0.0255  0.0257  0.0254  0.0256  0.0253  0.0253
  0.0253  0.0253  0.0252  0.0253  0.0254  0.0252  0.0253  0.0254  0.0253  0.0254  0.0252  0.0252
  0.0252  0.0252  0.0252  0.0252  0.0252  0.0252  0.0252  0.0252  0.0252  0.0252  0.0252  0.0252
  0.0252  0.0252  0.0252  0.0252  0.0252  0.0252  0.0252  0.0252  0.0252  0.0252  0.0252  0.0252
  0.0252  0.0252  0.0252  0.0252  0.0252  0.0253  0.0252  0.0252  0.0252  0.0252  0.0252  0.0252
  0.0254  0.0253  0.0253  0.0253  0.0253  0.0253  0.0253  0.0254  0.0253  0.0254  0.0252  0.0252
  0.0256  0.0255  0.0254  0.0254  0.0255  0.0254  0.0255  0.0257  0.0254  0.0256  0.0253  0.0253
    1.7928   19.2549    7.5126   -7.1782  -13.5814   -7.6895
    8.0276    3.0586   -8.1899   -6.5387   -2.6751   10.6969
eta,q 0.97483  7.48060

---------------------------------------------------------------------
imgreg_4dfp /opt/freesurfer/average/711-2C_as_mni_average_305 /opt/freesurfer/average/711-2B_as_mni_average_305_mask talsrcimg_g11 none talsrcimg_to_711-2C_as_mni_average_305_t4 2311
---------------------------------------------------------------------

freesurfer imgreg_4dfp.c
/opt/freesurfer/average/711-2C_as_mni_average_305.4dfp.img
       256       256       256         1
  1.000000  1.000000  1.000000
orientation T byte_order littleendian
Reading image: /opt/freesurfer/average/711-2C_as_mni_average_305.4dfp.img
dimensions:      256       256       256
mmppix:       1.0000   -1.0000   -1.0000
center:     128.0000 -129.0000 -129.0000
/opt/freesurfer/average/711-2B_as_mni_average_305_mask.4dfp.img
       256       256       256         1
  1.000000  1.000000  1.000000
orientation T byte_order littleendian
Reading mask: /opt/freesurfer/average/711-2B_as_mni_average_305_mask.4dfp.img (2306576 pixels)
talsrcimg_g11.4dfp.img
       256       256       256         1
  1.000000  1.000000  1.000000
orientation T byte_order littleendian
Reading image: talsrcimg_g11.4dfp.img
dimensions:      256       256       256
mmppix:       1.0000   -1.0000   -1.0000
center:     128.0000 -129.0000 -129.0000
fimgreg.f
image alignment mode   2311 decimal      907 hex
parameters
    1.7928   19.2549    7.5126   -7.1782  -13.5814   -7.6895
    8.0276    3.0586   -8.1899   -6.5387   -2.6751   10.6969
eta,q 0.97483  7.48060
niter,ni,del,rscale     5    3    5.0000    0.8000
parameters
    1.7896   19.2813    7.4459   -7.8963  -13.6196   -6.8921
    8.0196    3.1636   -8.1170   -6.3459   -2.5716   10.7012
eta,q 0.97475  7.48333
  0.0266  0.0265  0.0258  0.0257  0.0264  0.0264  0.0265  0.0273  0.0263  0.0271  0.0258  0.0259
  0.0258  0.0258  0.0254  0.0254  0.0258  0.0257  0.0258  0.0262  0.0257  0.0262  0.0255  0.0255
  0.0253  0.0253  0.0252  0.0253  0.0254  0.0253  0.0254  0.0255  0.0254  0.0255  0.0253  0.0253
  0.0252  0.0252  0.0252  0.0252  0.0252  0.0252  0.0253  0.0253  0.0253  0.0253  0.0253  0.0253
  0.0253  0.0253  0.0253  0.0253  0.0253  0.0254  0.0254  0.0255  0.0254  0.0254  0.0253  0.0253
  0.0258  0.0257  0.0255  0.0256  0.0258  0.0255  0.0258  0.0261  0.0257  0.0260  0.0255  0.0256
  0.0266  0.0264  0.0259  0.0264  0.0265  0.0256  0.0265  0.0271  0.0262  0.0269  0.0258  0.0259
niter,ni,del,rscale     4    3    5.0000    0.7000
parameters
    1.8054   19.2905    7.5465   -7.6306  -13.6231   -6.7624
    8.0023    3.1769   -8.1589   -6.3351   -2.4858   10.6726
eta,q 0.97475  7.49842
  0.0264  0.0263  0.0258  0.0258  0.0262  0.0258  0.0262  0.0268  0.0260  0.0266  0.0257  0.0258
  0.0258  0.0257  0.0255  0.0256  0.0257  0.0254  0.0257  0.0259  0.0256  0.0259  0.0254  0.0255
  0.0254  0.0254  0.0253  0.0254  0.0254  0.0252  0.0254  0.0254  0.0253  0.0254  0.0253  0.0253
  0.0253  0.0253  0.0253  0.0253  0.0252  0.0252  0.0252  0.0252  0.0252  0.0252  0.0252  0.0252
  0.0254  0.0254  0.0253  0.0252  0.0253  0.0254  0.0254  0.0254  0.0253  0.0254  0.0253  0.0253
  0.0257  0.0257  0.0254  0.0254  0.0257  0.0255  0.0257  0.0259  0.0256  0.0259  0.0254  0.0255
  0.0263  0.0263  0.0257  0.0258  0.0262  0.0256  0.0262  0.0268  0.0260  0.0266  0.0256  0.0258
niter,ni,del,rscale     3    3    5.0000    0.6000
parameters
    1.8060   19.2692    7.5801   -7.4306  -13.6099   -6.9563
    8.0160    3.1440   -8.1982   -6.3968   -2.5041   10.6951
eta,q 0.97478  7.49898
  0.0261  0.0260  0.0256  0.0257  0.0260  0.0256  0.0259  0.0263  0.0258  0.0262  0.0255  0.0256
  0.0256  0.0256  0.0254  0.0255  0.0256  0.0253  0.0255  0.0257  0.0255  0.0256  0.0253  0.0254
  0.0253  0.0253  0.0253  0.0253  0.0253  0.0252  0.0253  0.0253  0.0253  0.0253  0.0252  0.0253
  0.0252  0.0252  0.0252  0.0252  0.0252  0.0252  0.0252  0.0252  0.0252  0.0252  0.0252  0.0252
  0.0253  0.0253  0.0253  0.0252  0.0253  0.0254  0.0253  0.0254  0.0253  0.0253  0.0252  0.0253
  0.0256  0.0256  0.0254  0.0254  0.0256  0.0254  0.0255  0.0258  0.0255  0.0257  0.0253  0.0254
  0.0261  0.0260  0.0256  0.0257  0.0260  0.0255  0.0259  0.0264  0.0258  0.0263  0.0255  0.0256
niter,ni,del,rscale     2    3    5.0000    0.5000
parameters
    1.8013   19.2584    7.5618   -7.2815  -13.5981   -7.3310
    8.0267    3.0971   -8.2085   -6.4703   -2.5916   10.7136
eta,q 0.97482  7.49031
  0.0258  0.0257  0.0255  0.0255  0.0257  0.0254  0.0257  0.0260  0.0256  0.0259  0.0254  0.0254
  0.0255  0.0254  0.0253  0.0254  0.0255  0.0252  0.0254  0.0255  0.0254  0.0255  0.0253  0.0253
  0.0253  0.0253  0.0252  0.0253  0.0253  0.0252  0.0252  0.0253  0.0252  0.0253  0.0252  0.0252
  0.0252  0.0252  0.0252  0.0252  0.0252  0.0252  0.0252  0.0252  0.0252  0.0252  0.0252  0.0252
  0.0253  0.0253  0.0252  0.0252  0.0253  0.0253  0.0252  0.0253  0.0252  0.0253  0.0252  0.0252
  0.0255  0.0255  0.0253  0.0253  0.0255  0.0254  0.0254  0.0256  0.0254  0.0255  0.0253  0.0253
  0.0258  0.0258  0.0255  0.0255  0.0257  0.0254  0.0257  0.0260  0.0256  0.0259  0.0254  0.0254
niter,ni,del,rscale     1    3    5.0000    0.4000
parameters
    1.7949   19.2605    7.4965   -7.1935  -13.5801   -7.7085
    8.0193    3.0575   -8.1716   -6.5337   -2.6746   10.6910
eta,q 0.97483  7.47925
  0.0255  0.0255  0.0253  0.0254  0.0255  0.0253  0.0255  0.0257  0.0254  0.0256  0.0253  0.0253
  0.0253  0.0253  0.0252  0.0253  0.0253  0.0252  0.0253  0.0254  0.0253  0.0254  0.0252  0.0252
  0.0252  0.0252  0.0252  0.0252  0.0252  0.0252  0.0252  0.0252  0.0252  0.0252  0.0252  0.0252
  0.0252  0.0252  0.0252  0.0252  0.0252  0.0252  0.0252  0.0252  0.0252  0.0252  0.0252  0.0252
  0.0252  0.0252  0.0252  0.0252  0.0252  0.0253  0.0252  0.0252  0.0252  0.0252  0.0252  0.0252
  0.0254  0.0253  0.0253  0.0253  0.0253  0.0253  0.0253  0.0254  0.0253  0.0254  0.0252  0.0252
  0.0256  0.0255  0.0254  0.0254  0.0255  0.0254  0.0255  0.0257  0.0254  0.0256  0.0253  0.0253
registration optimization eta report
parameter search radius
    0.8000    0.8000    0.8000    2.4000    2.4000    2.4000
    2.4000    2.4000    2.4000    2.4000    2.4000    2.4000
100000*second partial in parameter space
       57.       53.       25.        3.        6.        3.
        6.        9.        4.        8.        2.        3.
  0.0255  0.0255  0.0253  0.0254  0.0255  0.0253  0.0255  0.0257  0.0254  0.0256  0.0253  0.0253
  0.0253  0.0253  0.0252  0.0253  0.0253  0.0252  0.0253  0.0254  0.0253  0.0254  0.0252  0.0252
  0.0252  0.0252  0.0252  0.0252  0.0252  0.0252  0.0252  0.0252  0.0252  0.0252  0.0252  0.0252
  0.0252  0.0252  0.0252  0.0252  0.0252  0.0252  0.0252  0.0252  0.0252  0.0252  0.0252  0.0252
  0.0252  0.0252  0.0252  0.0252  0.0252  0.0253  0.0252  0.0252  0.0252  0.0252  0.0252  0.0252
  0.0254  0.0253  0.0253  0.0253  0.0253  0.0253  0.0253  0.0254  0.0253  0.0254  0.0252  0.0252
  0.0256  0.0255  0.0254  0.0254  0.0255  0.0254  0.0255  0.0257  0.0254  0.0256  0.0253  0.0253
    1.7949   19.2605    7.4965   -7.1935  -13.5801   -7.7085
    8.0193    3.0575   -8.1716   -6.5337   -2.6746   10.6910
eta,q 0.97483  7.47925

---------------------------------------------------------------------
compute_vox2vox talsrcimg talsrcimg_to_711-2C_as_mni_average_305_t4 /opt/freesurfer/average/711-2C_as_mni_average_305
---------------------------------------------------------------------

freesurfer compute_vox2vox.c
Reading: talsrcimg.4dfp.ifh
Reading: talsrcimg_to_711-2C_as_mni_average_305_t4
Reading: /opt/freesurfer/average/711-2C_as_mni_average_305.4dfp.ifh
Writing: talsrcimg_to_711-2C_as_mni_average_305_t4_vox2vox.txt

start time Tue Mar 10 08:06:25 CET 2026
end		time Tue Mar 10 08:06:39 CET 2026

mpr2mni305 success

avi2talxfm orig_nu.mgz /opt/freesurfer/average/mni305.cor.mgz talsrcimg_to_711-2C_as_mni_average_305_t4_vox2vox.txt transforms/talairach.auto.xfm
avi2talxfm done
mv -f /out/sourcedata/freesurfer/sub-v2s0x29010_ses-1/mri/talsrcimg_to_711-2C_as_mni_average_305_t4_vox2vox.txt /out/sourcedata/freesurfer/sub-v2s0x29010_ses-1/mri/transforms/talsrcimg_to_711-2C_as_mni_average_305_t4_vox2vox.txt
lta_convert --src orig_nu.mgz --trg /opt/freesurfer/average/mni305.cor.mgz --inxfm transforms/talairach.auto.xfm --outlta transforms/talairach.auto.xfm.lta --subject fsaverage
7.3.2

--src: orig_nu.mgz src image (geometry).
--trg: /opt/freesurfer/average/mni305.cor.mgz trg image (geometry).
--inmni: transforms/talairach.auto.xfm input MNI/XFM transform.
--outlta: transforms/talairach.auto.xfm.lta output LTA.
--s: fsaverage subject name
 LTA read, type : 1
 1.06803  -0.04203  -0.09391   1.86900;
 0.01909   1.07336  -0.13456  -31.32521;
 0.10243   0.07718   1.13809  -42.10234;
 0.00000   0.00000   0.00000   1.00000;
setting subject to fsaverage
Writing  LTA to file transforms/talairach.auto.xfm.lta...
lta_convert successful.
 
 
Started at Tue Mar 10 08:06:25 CET 2026
Ended   at Tue Mar 10 08:06:39 CET 2026
talairach_avi done
