status file for recon-all
Tue Mar 10 11:43:22 CET 2026
#@# Tessellate rh Tue Mar 10 11:43:22 CET 2026
#@# Smooth1 rh Tue Mar 10 11:43:26 CET 2026
#@# Inflation1 rh Tue Mar 10 11:43:29 CET 2026
#@# QSphere rh Tue Mar 10 11:43:44 CET 2026
#@# Fix Topology rh Tue Mar 10 11:45:07 CET 2026
#@# Smooth2 rh Tue Mar 10 11:51:44 CET 2026
#@# Inflation2 rh Tue Mar 10 11:51:47 CET 2026
#@# Curv .H and .K rh Tue Mar 10 11:52:03 CET 2026
#@# Sphere rh Tue Mar 10 11:52:51 CET 2026
#@# Surf Reg rh Tue Mar 10 11:57:07 CET 2026
#@# Jacobian white rh Tue Mar 10 12:02:04 CET 2026
#@# AvgCurv rh Tue Mar 10 12:02:05 CET 2026
#@# Cortical Parc rh Tue Mar 10 12:02:06 CET 2026
#@# white curv rh Tue Mar 10 12:08:52 CET 2026
#@# white area rh Tue Mar 10 12:08:54 CET 2026
#@# pial curv rh Tue Mar 10 12:08:55 CET 2026
#@# pial area rh Tue Mar 10 12:08:57 CET 2026
#@# thickness rh Tue Mar 10 12:08:58 CET 2026
#@# area and vertex vol rh Tue Mar 10 12:09:28 CET 2026
#@# Curvature Stats rh Tue Mar 10 12:09:30 CET 2026
#@# Cortical Parc 2 rh Tue Mar 10 12:09:32 CET 2026
#@# Cortical Parc 3 rh Tue Mar 10 12:09:46 CET 2026
#@# WM/GM Contrast rh Tue Mar 10 12:09:57 CET 2026
recon-all -s sub-v2s0x29034_ses-1 finished without error at Tue Mar 10 12:10:00 CET 2026



#New# invocation of recon-all 



status file for recon-all
Tue Mar 10 12:44:14 CET 2026
#@# white curv rh Tue Mar 10 12:44:14 CET 2026
#@# white area rh Tue Mar 10 12:44:14 CET 2026
#@# pial curv rh Tue Mar 10 12:44:14 CET 2026
#@# pial area rh Tue Mar 10 12:44:14 CET 2026
#@# thickness rh Tue Mar 10 12:44:14 CET 2026
#@# area and vertex vol rh Tue Mar 10 12:44:14 CET 2026
#@# Parcellation Stats rh Tue Mar 10 12:44:15 CET 2026
#@# Parcellation Stats 2 rh Tue Mar 10 12:44:34 CET 2026
#@# Parcellation Stats 3 rh Tue Mar 10 12:44:44 CET 2026
#@# BA_exvivo Labels rh Tue Mar 10 12:44:54 CET 2026
recon-all -s sub-v2s0x29034_ses-1 finished without error at Tue Mar 10 12:47:38 CET 2026
