status file for recon-all
Tue Mar 10 11:00:30 CET 2026
#@# Tessellate rh Tue Mar 10 11:00:30 CET 2026
#@# Smooth1 rh Tue Mar 10 11:00:34 CET 2026
#@# Inflation1 rh Tue Mar 10 11:00:36 CET 2026
#@# QSphere rh Tue Mar 10 11:00:44 CET 2026
#@# Fix Topology rh Tue Mar 10 11:01:34 CET 2026
#@# Smooth2 rh Tue Mar 10 11:06:03 CET 2026
#@# Inflation2 rh Tue Mar 10 11:06:06 CET 2026
#@# Curv .H and .K rh Tue Mar 10 11:06:14 CET 2026
#@# Sphere rh Tue Mar 10 11:06:53 CET 2026
#@# Surf Reg rh Tue Mar 10 11:09:02 CET 2026
#@# Jacobian white rh Tue Mar 10 11:11:45 CET 2026
#@# AvgCurv rh Tue Mar 10 11:11:46 CET 2026
#@# Cortical Parc rh Tue Mar 10 11:11:46 CET 2026
#@# white curv rh Tue Mar 10 11:16:16 CET 2026
#@# white area rh Tue Mar 10 11:16:18 CET 2026
#@# pial curv rh Tue Mar 10 11:16:19 CET 2026
#@# pial area rh Tue Mar 10 11:16:20 CET 2026
#@# thickness rh Tue Mar 10 11:16:20 CET 2026
#@# area and vertex vol rh Tue Mar 10 11:16:44 CET 2026
#@# Curvature Stats rh Tue Mar 10 11:16:46 CET 2026
#@# Cortical Parc 2 rh Tue Mar 10 11:16:47 CET 2026
#@# Cortical Parc 3 rh Tue Mar 10 11:16:58 CET 2026
#@# WM/GM Contrast rh Tue Mar 10 11:17:07 CET 2026
recon-all -s sub-v2s0x29030_ses-1 finished without error at Tue Mar 10 11:17:10 CET 2026



#New# invocation of recon-all 



status file for recon-all
Tue Mar 10 11:44:34 CET 2026
#@# white curv rh Tue Mar 10 11:44:35 CET 2026
#@# white area rh Tue Mar 10 11:44:35 CET 2026
#@# pial curv rh Tue Mar 10 11:44:35 CET 2026
#@# pial area rh Tue Mar 10 11:44:35 CET 2026
#@# thickness rh Tue Mar 10 11:44:35 CET 2026
#@# area and vertex vol rh Tue Mar 10 11:44:35 CET 2026
#@# Parcellation Stats rh Tue Mar 10 11:44:35 CET 2026
#@# Parcellation Stats 2 rh Tue Mar 10 11:44:48 CET 2026
#@# Parcellation Stats 3 rh Tue Mar 10 11:44:55 CET 2026
#@# BA_exvivo Labels rh Tue Mar 10 11:45:02 CET 2026
recon-all -s sub-v2s0x29030_ses-1 finished without error at Tue Mar 10 11:47:02 CET 2026
