status file for recon-all
Tue Mar 10 10:43:04 CET 2026
#@# Tessellate lh Tue Mar 10 10:43:04 CET 2026
#@# Smooth1 lh Tue Mar 10 10:43:08 CET 2026
#@# Inflation1 lh Tue Mar 10 10:43:10 CET 2026
#@# QSphere lh Tue Mar 10 10:43:18 CET 2026
#@# Fix Topology lh Tue Mar 10 10:44:03 CET 2026
#@# Smooth2 lh Tue Mar 10 10:49:01 CET 2026
#@# Inflation2 lh Tue Mar 10 10:49:03 CET 2026
#@# Curv .H and .K lh Tue Mar 10 10:49:12 CET 2026
#@# Sphere lh Tue Mar 10 10:49:53 CET 2026
#@# Surf Reg lh Tue Mar 10 10:51:33 CET 2026
#@# Jacobian white lh Tue Mar 10 10:54:44 CET 2026
#@# AvgCurv lh Tue Mar 10 10:54:45 CET 2026
#@# Cortical Parc lh Tue Mar 10 10:54:46 CET 2026
#@# white curv lh Tue Mar 10 10:59:30 CET 2026
#@# white area lh Tue Mar 10 10:59:32 CET 2026
#@# pial curv lh Tue Mar 10 10:59:33 CET 2026
#@# pial area lh Tue Mar 10 10:59:34 CET 2026
#@# thickness lh Tue Mar 10 10:59:35 CET 2026
#@# area and vertex vol lh Tue Mar 10 11:00:00 CET 2026
#@# Curvature Stats lh Tue Mar 10 11:00:01 CET 2026
#@# Cortical Parc 2 lh Tue Mar 10 11:00:03 CET 2026
#@# Cortical Parc 3 lh Tue Mar 10 11:00:15 CET 2026
#@# WM/GM Contrast lh Tue Mar 10 11:00:23 CET 2026
recon-all -s sub-v2s0x29030_ses-1 finished without error at Tue Mar 10 11:00:26 CET 2026



#New# invocation of recon-all 



status file for recon-all
Tue Mar 10 11:41:53 CET 2026
#@# white curv lh Tue Mar 10 11:41:53 CET 2026
#@# white area lh Tue Mar 10 11:41:53 CET 2026
#@# pial curv lh Tue Mar 10 11:41:53 CET 2026
#@# pial area lh Tue Mar 10 11:41:53 CET 2026
#@# thickness lh Tue Mar 10 11:41:53 CET 2026
#@# area and vertex vol lh Tue Mar 10 11:41:53 CET 2026
#@# Parcellation Stats lh Tue Mar 10 11:41:53 CET 2026
#@# Parcellation Stats 2 lh Tue Mar 10 11:42:08 CET 2026
#@# Parcellation Stats 3 lh Tue Mar 10 11:42:15 CET 2026
#@# BA_exvivo Labels lh Tue Mar 10 11:42:23 CET 2026
recon-all -s sub-v2s0x29030_ses-1 finished without error at Tue Mar 10 11:44:30 CET 2026
