status file for recon-all
Tue Mar 10 14:38:28 CET 2026
#@# Tessellate rh Tue Mar 10 14:38:28 CET 2026
#@# Smooth1 rh Tue Mar 10 14:38:31 CET 2026
#@# Inflation1 rh Tue Mar 10 14:38:34 CET 2026
#@# QSphere rh Tue Mar 10 14:38:43 CET 2026
#@# Fix Topology rh Tue Mar 10 14:39:36 CET 2026
#@# Smooth2 rh Tue Mar 10 14:43:40 CET 2026
#@# Inflation2 rh Tue Mar 10 14:43:42 CET 2026
#@# Curv .H and .K rh Tue Mar 10 14:43:52 CET 2026
#@# Sphere rh Tue Mar 10 14:44:35 CET 2026
#@# Surf Reg rh Tue Mar 10 14:46:18 CET 2026
#@# Jacobian white rh Tue Mar 10 14:48:59 CET 2026
#@# AvgCurv rh Tue Mar 10 14:48:59 CET 2026
#@# Cortical Parc rh Tue Mar 10 14:49:00 CET 2026
#@# white curv rh Tue Mar 10 14:54:06 CET 2026
#@# white area rh Tue Mar 10 14:54:07 CET 2026
#@# pial curv rh Tue Mar 10 14:54:08 CET 2026
#@# pial area rh Tue Mar 10 14:54:10 CET 2026
#@# thickness rh Tue Mar 10 14:54:10 CET 2026
#@# area and vertex vol rh Tue Mar 10 14:54:36 CET 2026
#@# Curvature Stats rh Tue Mar 10 14:54:37 CET 2026
#@# Cortical Parc 2 rh Tue Mar 10 14:54:39 CET 2026
#@# Cortical Parc 3 rh Tue Mar 10 14:54:51 CET 2026
#@# WM/GM Contrast rh Tue Mar 10 14:55:01 CET 2026
recon-all -s sub-v2s0x29052_ses-1 finished without error at Tue Mar 10 14:55:03 CET 2026



#New# invocation of recon-all 



status file for recon-all
Tue Mar 10 15:24:12 CET 2026
#@# white curv rh Tue Mar 10 15:24:12 CET 2026
#@# white area rh Tue Mar 10 15:24:12 CET 2026
#@# pial curv rh Tue Mar 10 15:24:12 CET 2026
#@# pial area rh Tue Mar 10 15:24:12 CET 2026
#@# thickness rh Tue Mar 10 15:24:12 CET 2026
#@# area and vertex vol rh Tue Mar 10 15:24:12 CET 2026
#@# Parcellation Stats rh Tue Mar 10 15:24:12 CET 2026
#@# Parcellation Stats 2 rh Tue Mar 10 15:24:27 CET 2026
#@# Parcellation Stats 3 rh Tue Mar 10 15:24:36 CET 2026
#@# BA_exvivo Labels rh Tue Mar 10 15:24:43 CET 2026
recon-all -s sub-v2s0x29052_ses-1 finished without error at Tue Mar 10 15:26:58 CET 2026
