status file for recon-all
Tue Mar 10 12:48:14 CET 2026
#@# T2/FLAIR Input Tue Mar 10 12:48:16 CET 2026
#@# MotionCor Tue Mar 10 12:48:17 CET 2026
#@# Talairach Tue Mar 10 12:48:25 CET 2026
#@# Talairach Failure Detection Tue Mar 10 12:52:49 CET 2026
#@# Nu Intensity Correction Tue Mar 10 12:52:49 CET 2026
#@# Intensity Normalization Tue Mar 10 12:56:02 CET 2026
recon-all -s sub-v2s0x29052_ses-1 finished without error at Tue Mar 10 12:57:33 CET 2026



#New# invocation of recon-all 



status file for recon-all
Tue Mar 10 13:04:43 CET 2026
#@# EM Registration Tue Mar 10 13:04:43 CET 2026
recon-all -s sub-v2s0x29052_ses-1 finished without error at Tue Mar 10 13:06:23 CET 2026



#New# invocation of recon-all 



status file for recon-all
Tue Mar 10 13:06:26 CET 2026
#@# CA Normalize Tue Mar 10 13:06:26 CET 2026
#@# CA Reg Tue Mar 10 13:07:44 CET 2026
#@# SubCort Seg Tue Mar 10 13:45:48 CET 2026
#@# CC Seg Tue Mar 10 14:13:04 CET 2026
#@# Merge ASeg Tue Mar 10 14:13:41 CET 2026
#@# Intensity Normalization2 Tue Mar 10 14:13:41 CET 2026
#@# Mask BFS Tue Mar 10 14:15:56 CET 2026
#@# WM Segmentation Tue Mar 10 14:15:57 CET 2026
#@# Fill Tue Mar 10 14:17:55 CET 2026
recon-all -s sub-v2s0x29052_ses-1 finished without error at Tue Mar 10 14:18:56 CET 2026



#New# invocation of recon-all 



status file for recon-all
Tue Mar 10 14:55:08 CET 2026
#@# Refine Pial Surfs w/ T2/FLAIR Tue Mar 10 14:55:08 CET 2026
#@# white curv lh Tue Mar 10 15:16:33 CET 2026
#@# white area lh Tue Mar 10 15:16:33 CET 2026
#@# pial curv lh Tue Mar 10 15:16:33 CET 2026
#@# pial area lh Tue Mar 10 15:16:34 CET 2026
#@# thickness lh Tue Mar 10 15:16:35 CET 2026
#@# area and vertex vol lh Tue Mar 10 15:17:02 CET 2026
#@# white curv rh Tue Mar 10 15:17:03 CET 2026
#@# white area rh Tue Mar 10 15:17:03 CET 2026
#@# pial curv rh Tue Mar 10 15:17:03 CET 2026
#@# pial area rh Tue Mar 10 15:17:05 CET 2026
#@# thickness rh Tue Mar 10 15:17:05 CET 2026
#@# area and vertex vol rh Tue Mar 10 15:17:32 CET 2026
#@# Cortical ribbon mask Tue Mar 10 15:17:33 CET 2026
recon-all -s sub-v2s0x29052_ses-1 finished without error at Tue Mar 10 15:21:15 CET 2026



#New# invocation of recon-all 



status file for recon-all
Tue Mar 10 15:27:02 CET 2026
#@# white curv lh Tue Mar 10 15:27:02 CET 2026
#@# white area lh Tue Mar 10 15:27:02 CET 2026
#@# pial curv lh Tue Mar 10 15:27:02 CET 2026
#@# pial area lh Tue Mar 10 15:27:02 CET 2026
#@# thickness lh Tue Mar 10 15:27:02 CET 2026
#@# area and vertex vol lh Tue Mar 10 15:27:02 CET 2026
#@# white curv rh Tue Mar 10 15:27:02 CET 2026
#@# white area rh Tue Mar 10 15:27:02 CET 2026
#@# pial curv rh Tue Mar 10 15:27:02 CET 2026
#@# pial area rh Tue Mar 10 15:27:02 CET 2026
#@# thickness rh Tue Mar 10 15:27:02 CET 2026
#@# area and vertex vol rh Tue Mar 10 15:27:02 CET 2026
#@# Curvature Stats lh Tue Mar 10 15:27:02 CET 2026
#@# Curvature Stats rh Tue Mar 10 15:27:04 CET 2026
#@# Relabel Hypointensities Tue Mar 10 15:27:06 CET 2026
#@# APas-to-ASeg Tue Mar 10 15:27:21 CET 2026
#@# AParc-to-ASeg aparc Tue Mar 10 15:27:27 CET 2026
#@# AParc-to-ASeg aparc.a2009s Tue Mar 10 15:27:46 CET 2026
#@# AParc-to-ASeg aparc.DKTatlas Tue Mar 10 15:28:05 CET 2026
#@# WMParc Tue Mar 10 15:28:24 CET 2026
#@# ASeg Stats Tue Mar 10 15:32:09 CET 2026
recon-all -s sub-v2s0x29052_ses-1 finished without error at Tue Mar 10 15:32:40 CET 2026
