status file for recon-all
Tue Mar 10 11:46:14 CET 2026
#@# Tessellate rh Tue Mar 10 11:46:14 CET 2026
#@# Smooth1 rh Tue Mar 10 11:46:18 CET 2026
#@# Inflation1 rh Tue Mar 10 11:46:21 CET 2026
#@# QSphere rh Tue Mar 10 11:46:35 CET 2026
#@# Fix Topology rh Tue Mar 10 11:47:44 CET 2026
#@# Smooth2 rh Tue Mar 10 11:53:29 CET 2026
#@# Inflation2 rh Tue Mar 10 11:53:33 CET 2026
#@# Curv .H and .K rh Tue Mar 10 11:53:48 CET 2026
#@# Sphere rh Tue Mar 10 11:54:36 CET 2026
#@# Surf Reg rh Tue Mar 10 11:57:22 CET 2026
#@# Jacobian white rh Tue Mar 10 12:01:46 CET 2026
#@# AvgCurv rh Tue Mar 10 12:01:47 CET 2026
#@# Cortical Parc rh Tue Mar 10 12:01:47 CET 2026
#@# white curv rh Tue Mar 10 12:08:05 CET 2026
#@# white area rh Tue Mar 10 12:08:07 CET 2026
#@# pial curv rh Tue Mar 10 12:08:08 CET 2026
#@# pial area rh Tue Mar 10 12:08:10 CET 2026
#@# thickness rh Tue Mar 10 12:08:11 CET 2026
#@# area and vertex vol rh Tue Mar 10 12:08:40 CET 2026
#@# Curvature Stats rh Tue Mar 10 12:08:42 CET 2026
#@# Cortical Parc 2 rh Tue Mar 10 12:08:45 CET 2026
#@# Cortical Parc 3 rh Tue Mar 10 12:08:58 CET 2026
#@# WM/GM Contrast rh Tue Mar 10 12:09:09 CET 2026
recon-all -s sub-v2s0x29035_ses-1 finished without error at Tue Mar 10 12:09:12 CET 2026



#New# invocation of recon-all 



status file for recon-all
Tue Mar 10 12:44:47 CET 2026
#@# white curv rh Tue Mar 10 12:44:47 CET 2026
#@# white area rh Tue Mar 10 12:44:47 CET 2026
#@# pial curv rh Tue Mar 10 12:44:47 CET 2026
#@# pial area rh Tue Mar 10 12:44:47 CET 2026
#@# thickness rh Tue Mar 10 12:44:47 CET 2026
#@# area and vertex vol rh Tue Mar 10 12:44:47 CET 2026
#@# Parcellation Stats rh Tue Mar 10 12:44:47 CET 2026
#@# Parcellation Stats 2 rh Tue Mar 10 12:45:07 CET 2026
#@# Parcellation Stats 3 rh Tue Mar 10 12:45:17 CET 2026
#@# BA_exvivo Labels rh Tue Mar 10 12:45:27 CET 2026
recon-all -s sub-v2s0x29035_ses-1 finished without error at Tue Mar 10 12:48:08 CET 2026
