status file for recon-all
Tue Mar 10 11:20:28 CET 2026
#@# Tessellate lh Tue Mar 10 11:20:28 CET 2026
#@# Smooth1 lh Tue Mar 10 11:20:32 CET 2026
#@# Inflation1 lh Tue Mar 10 11:20:34 CET 2026
#@# QSphere lh Tue Mar 10 11:20:49 CET 2026
#@# Fix Topology lh Tue Mar 10 11:22:07 CET 2026
#@# Smooth2 lh Tue Mar 10 11:29:01 CET 2026
#@# Inflation2 lh Tue Mar 10 11:29:04 CET 2026
#@# Curv .H and .K lh Tue Mar 10 11:29:20 CET 2026
#@# Sphere lh Tue Mar 10 11:30:08 CET 2026
#@# Surf Reg lh Tue Mar 10 11:33:37 CET 2026
#@# Jacobian white lh Tue Mar 10 11:38:52 CET 2026
#@# AvgCurv lh Tue Mar 10 11:38:52 CET 2026
#@# Cortical Parc lh Tue Mar 10 11:38:53 CET 2026
#@# white curv lh Tue Mar 10 11:45:01 CET 2026
#@# white area lh Tue Mar 10 11:45:03 CET 2026
#@# pial curv lh Tue Mar 10 11:45:04 CET 2026
#@# pial area lh Tue Mar 10 11:45:06 CET 2026
#@# thickness lh Tue Mar 10 11:45:06 CET 2026
#@# area and vertex vol lh Tue Mar 10 11:45:37 CET 2026
#@# Curvature Stats lh Tue Mar 10 11:45:39 CET 2026
#@# Cortical Parc 2 lh Tue Mar 10 11:45:42 CET 2026
#@# Cortical Parc 3 lh Tue Mar 10 11:45:56 CET 2026
#@# WM/GM Contrast lh Tue Mar 10 11:46:07 CET 2026
recon-all -s sub-v2s0x29035_ses-1 finished without error at Tue Mar 10 11:46:11 CET 2026



#New# invocation of recon-all 



status file for recon-all
Tue Mar 10 12:41:21 CET 2026
#@# white curv lh Tue Mar 10 12:41:21 CET 2026
#@# white area lh Tue Mar 10 12:41:21 CET 2026
#@# pial curv lh Tue Mar 10 12:41:21 CET 2026
#@# pial area lh Tue Mar 10 12:41:21 CET 2026
#@# thickness lh Tue Mar 10 12:41:21 CET 2026
#@# area and vertex vol lh Tue Mar 10 12:41:21 CET 2026
#@# Parcellation Stats lh Tue Mar 10 12:41:21 CET 2026
#@# Parcellation Stats 2 lh Tue Mar 10 12:41:42 CET 2026
#@# Parcellation Stats 3 lh Tue Mar 10 12:41:52 CET 2026
#@# BA_exvivo Labels lh Tue Mar 10 12:42:02 CET 2026
recon-all -s sub-v2s0x29035_ses-1 finished without error at Tue Mar 10 12:44:45 CET 2026
