status file for recon-all
Tue Mar 10 09:34:24 CET 2026
#@# T2/FLAIR Input Tue Mar 10 09:34:26 CET 2026
#@# MotionCor Tue Mar 10 09:34:28 CET 2026
#@# Talairach Tue Mar 10 09:34:35 CET 2026
#@# Talairach Failure Detection Tue Mar 10 09:39:02 CET 2026
#@# Nu Intensity Correction Tue Mar 10 09:39:02 CET 2026
#@# Intensity Normalization Tue Mar 10 09:42:20 CET 2026
recon-all -s sub-v2s0x29035_ses-1 finished without error at Tue Mar 10 09:43:58 CET 2026



#New# invocation of recon-all 



status file for recon-all
Tue Mar 10 09:51:24 CET 2026
#@# EM Registration Tue Mar 10 09:51:24 CET 2026
recon-all -s sub-v2s0x29035_ses-1 finished without error at Tue Mar 10 09:53:30 CET 2026



#New# invocation of recon-all 



status file for recon-all
Tue Mar 10 09:53:33 CET 2026
#@# CA Normalize Tue Mar 10 09:53:33 CET 2026
#@# CA Reg Tue Mar 10 09:54:56 CET 2026
#@# SubCort Seg Tue Mar 10 10:43:43 CET 2026
#@# CC Seg Tue Mar 10 11:14:12 CET 2026
#@# Merge ASeg Tue Mar 10 11:14:52 CET 2026
#@# Intensity Normalization2 Tue Mar 10 11:14:52 CET 2026
#@# Mask BFS Tue Mar 10 11:17:17 CET 2026
#@# WM Segmentation Tue Mar 10 11:17:18 CET 2026
#@# Fill Tue Mar 10 11:19:21 CET 2026
recon-all -s sub-v2s0x29035_ses-1 finished without error at Tue Mar 10 11:20:23 CET 2026



#New# invocation of recon-all 



status file for recon-all
Tue Mar 10 12:09:19 CET 2026
#@# Refine Pial Surfs w/ T2/FLAIR Tue Mar 10 12:09:19 CET 2026
#@# white curv lh Tue Mar 10 12:34:51 CET 2026
#@# white area lh Tue Mar 10 12:34:51 CET 2026
#@# pial curv lh Tue Mar 10 12:34:51 CET 2026
#@# pial area lh Tue Mar 10 12:34:53 CET 2026
#@# thickness lh Tue Mar 10 12:34:53 CET 2026
#@# area and vertex vol lh Tue Mar 10 12:35:23 CET 2026
#@# white curv rh Tue Mar 10 12:35:25 CET 2026
#@# white area rh Tue Mar 10 12:35:25 CET 2026
#@# pial curv rh Tue Mar 10 12:35:25 CET 2026
#@# pial area rh Tue Mar 10 12:35:26 CET 2026
#@# thickness rh Tue Mar 10 12:35:27 CET 2026
#@# area and vertex vol rh Tue Mar 10 12:35:57 CET 2026
#@# Cortical ribbon mask Tue Mar 10 12:35:58 CET 2026
recon-all -s sub-v2s0x29035_ses-1 finished without error at Tue Mar 10 12:41:17 CET 2026



#New# invocation of recon-all 



status file for recon-all
Tue Mar 10 12:48:13 CET 2026
#@# white curv lh Tue Mar 10 12:48:13 CET 2026
#@# white area lh Tue Mar 10 12:48:13 CET 2026
#@# pial curv lh Tue Mar 10 12:48:13 CET 2026
#@# pial area lh Tue Mar 10 12:48:13 CET 2026
#@# thickness lh Tue Mar 10 12:48:13 CET 2026
#@# area and vertex vol lh Tue Mar 10 12:48:13 CET 2026
#@# white curv rh Tue Mar 10 12:48:13 CET 2026
#@# white area rh Tue Mar 10 12:48:13 CET 2026
#@# pial curv rh Tue Mar 10 12:48:13 CET 2026
#@# pial area rh Tue Mar 10 12:48:13 CET 2026
#@# thickness rh Tue Mar 10 12:48:13 CET 2026
#@# area and vertex vol rh Tue Mar 10 12:48:13 CET 2026
#@# Curvature Stats lh Tue Mar 10 12:48:13 CET 2026
#@# Curvature Stats rh Tue Mar 10 12:48:16 CET 2026
#@# Relabel Hypointensities Tue Mar 10 12:48:19 CET 2026
#@# APas-to-ASeg Tue Mar 10 12:48:34 CET 2026
#@# AParc-to-ASeg aparc Tue Mar 10 12:48:42 CET 2026
#@# AParc-to-ASeg aparc.a2009s Tue Mar 10 12:49:11 CET 2026
#@# AParc-to-ASeg aparc.DKTatlas Tue Mar 10 12:49:43 CET 2026
#@# WMParc Tue Mar 10 12:50:11 CET 2026
#@# ASeg Stats Tue Mar 10 12:53:51 CET 2026
recon-all -s sub-v2s0x29035_ses-1 finished without error at Tue Mar 10 12:54:30 CET 2026
