status file for recon-all
Tue Mar 10 10:07:13 CET 2026
#@# Tessellate lh Tue Mar 10 10:07:13 CET 2026
#@# Smooth1 lh Tue Mar 10 10:07:16 CET 2026
#@# Inflation1 lh Tue Mar 10 10:07:18 CET 2026
#@# QSphere lh Tue Mar 10 10:07:26 CET 2026
#@# Fix Topology lh Tue Mar 10 10:08:11 CET 2026
#@# Smooth2 lh Tue Mar 10 10:18:40 CET 2026
#@# Inflation2 lh Tue Mar 10 10:18:42 CET 2026
#@# Curv .H and .K lh Tue Mar 10 10:18:51 CET 2026
#@# Sphere lh Tue Mar 10 10:19:28 CET 2026
#@# Surf Reg lh Tue Mar 10 10:21:49 CET 2026
#@# Jacobian white lh Tue Mar 10 10:24:36 CET 2026
#@# AvgCurv lh Tue Mar 10 10:24:36 CET 2026
#@# Cortical Parc lh Tue Mar 10 10:24:37 CET 2026
#@# white curv lh Tue Mar 10 10:29:05 CET 2026
#@# white area lh Tue Mar 10 10:29:07 CET 2026
#@# pial curv lh Tue Mar 10 10:29:07 CET 2026
#@# pial area lh Tue Mar 10 10:29:08 CET 2026
#@# thickness lh Tue Mar 10 10:29:09 CET 2026
#@# area and vertex vol lh Tue Mar 10 10:29:31 CET 2026
#@# Curvature Stats lh Tue Mar 10 10:29:32 CET 2026
#@# Cortical Parc 2 lh Tue Mar 10 10:29:34 CET 2026
#@# Cortical Parc 3 lh Tue Mar 10 10:29:45 CET 2026
#@# WM/GM Contrast lh Tue Mar 10 10:29:53 CET 2026
recon-all -s sub-v2s0x29017_ses-1 finished without error at Tue Mar 10 10:29:55 CET 2026



#New# invocation of recon-all 



status file for recon-all
Tue Mar 10 11:14:35 CET 2026
#@# white curv lh Tue Mar 10 11:14:36 CET 2026
#@# white area lh Tue Mar 10 11:14:36 CET 2026
#@# pial curv lh Tue Mar 10 11:14:36 CET 2026
#@# pial area lh Tue Mar 10 11:14:36 CET 2026
#@# thickness lh Tue Mar 10 11:14:36 CET 2026
#@# area and vertex vol lh Tue Mar 10 11:14:36 CET 2026
#@# Parcellation Stats lh Tue Mar 10 11:14:36 CET 2026
#@# Parcellation Stats 2 lh Tue Mar 10 11:14:48 CET 2026
#@# Parcellation Stats 3 lh Tue Mar 10 11:14:54 CET 2026
#@# BA_exvivo Labels lh Tue Mar 10 11:15:00 CET 2026
recon-all -s sub-v2s0x29017_ses-1 finished without error at Tue Mar 10 11:16:56 CET 2026
