status file for recon-all
Tue Mar 10 10:28:42 CET 2026
#@# Tessellate rh Tue Mar 10 10:28:42 CET 2026
#@# Smooth1 rh Tue Mar 10 10:28:46 CET 2026
#@# Inflation1 rh Tue Mar 10 10:28:50 CET 2026
#@# QSphere rh Tue Mar 10 10:29:02 CET 2026
#@# Fix Topology rh Tue Mar 10 10:30:09 CET 2026
#@# Smooth2 rh Tue Mar 10 10:36:43 CET 2026
#@# Inflation2 rh Tue Mar 10 10:36:46 CET 2026
#@# Curv .H and .K rh Tue Mar 10 10:37:02 CET 2026
#@# Sphere rh Tue Mar 10 10:37:55 CET 2026
#@# Surf Reg rh Tue Mar 10 10:41:57 CET 2026
#@# Jacobian white rh Tue Mar 10 10:46:19 CET 2026
#@# AvgCurv rh Tue Mar 10 10:46:20 CET 2026
#@# Cortical Parc rh Tue Mar 10 10:46:21 CET 2026
#@# white curv rh Tue Mar 10 10:53:31 CET 2026
#@# white area rh Tue Mar 10 10:53:33 CET 2026
#@# pial curv rh Tue Mar 10 10:53:34 CET 2026
#@# pial area rh Tue Mar 10 10:53:35 CET 2026
#@# thickness rh Tue Mar 10 10:53:36 CET 2026
#@# area and vertex vol rh Tue Mar 10 10:54:09 CET 2026
#@# Curvature Stats rh Tue Mar 10 10:54:11 CET 2026
#@# Cortical Parc 2 rh Tue Mar 10 10:54:14 CET 2026
#@# Cortical Parc 3 rh Tue Mar 10 10:54:32 CET 2026
#@# WM/GM Contrast rh Tue Mar 10 10:54:45 CET 2026
recon-all -s sub-v2s0x29013_ses-1 finished without error at Tue Mar 10 10:54:49 CET 2026



#New# invocation of recon-all 



status file for recon-all
Tue Mar 10 11:04:19 CET 2026
#@# white curv rh Tue Mar 10 11:04:19 CET 2026
#@# white area rh Tue Mar 10 11:04:19 CET 2026
#@# pial curv rh Tue Mar 10 11:04:19 CET 2026
#@# pial area rh Tue Mar 10 11:04:19 CET 2026
#@# thickness rh Tue Mar 10 11:04:19 CET 2026
#@# area and vertex vol rh Tue Mar 10 11:04:19 CET 2026
#@# Parcellation Stats rh Tue Mar 10 11:04:19 CET 2026
#@# Parcellation Stats 2 rh Tue Mar 10 11:04:43 CET 2026
#@# Parcellation Stats 3 rh Tue Mar 10 11:04:56 CET 2026
#@# BA_exvivo Labels rh Tue Mar 10 11:05:08 CET 2026
recon-all -s sub-v2s0x29013_ses-1 finished without error at Tue Mar 10 11:08:20 CET 2026
