status file for recon-all
Tue Mar 10 10:02:06 CET 2026
#@# Tessellate lh Tue Mar 10 10:02:06 CET 2026
#@# Smooth1 lh Tue Mar 10 10:02:10 CET 2026
#@# Inflation1 lh Tue Mar 10 10:02:13 CET 2026
#@# QSphere lh Tue Mar 10 10:02:23 CET 2026
#@# Fix Topology lh Tue Mar 10 10:03:33 CET 2026
#@# Smooth2 lh Tue Mar 10 10:10:08 CET 2026
#@# Inflation2 lh Tue Mar 10 10:10:11 CET 2026
#@# Curv .H and .K lh Tue Mar 10 10:10:28 CET 2026
#@# Sphere lh Tue Mar 10 10:11:23 CET 2026
#@# Surf Reg lh Tue Mar 10 10:15:31 CET 2026
#@# Jacobian white lh Tue Mar 10 10:19:57 CET 2026
#@# AvgCurv lh Tue Mar 10 10:19:59 CET 2026
#@# Cortical Parc lh Tue Mar 10 10:20:00 CET 2026
#@# white curv lh Tue Mar 10 10:27:26 CET 2026
#@# white area lh Tue Mar 10 10:27:28 CET 2026
#@# pial curv lh Tue Mar 10 10:27:29 CET 2026
#@# pial area lh Tue Mar 10 10:27:31 CET 2026
#@# thickness lh Tue Mar 10 10:27:32 CET 2026
#@# area and vertex vol lh Tue Mar 10 10:28:06 CET 2026
#@# Curvature Stats lh Tue Mar 10 10:28:08 CET 2026
#@# Cortical Parc 2 lh Tue Mar 10 10:28:11 CET 2026
#@# Cortical Parc 3 lh Tue Mar 10 10:28:26 CET 2026
#@# WM/GM Contrast lh Tue Mar 10 10:28:38 CET 2026
recon-all -s sub-v2s0x29013_ses-1 finished without error at Tue Mar 10 10:28:41 CET 2026



#New# invocation of recon-all 



status file for recon-all
Tue Mar 10 11:00:08 CET 2026
#@# white curv lh Tue Mar 10 11:00:08 CET 2026
#@# white area lh Tue Mar 10 11:00:08 CET 2026
#@# pial curv lh Tue Mar 10 11:00:08 CET 2026
#@# pial area lh Tue Mar 10 11:00:09 CET 2026
#@# thickness lh Tue Mar 10 11:00:09 CET 2026
#@# area and vertex vol lh Tue Mar 10 11:00:09 CET 2026
#@# Parcellation Stats lh Tue Mar 10 11:00:09 CET 2026
#@# Parcellation Stats 2 lh Tue Mar 10 11:00:33 CET 2026
#@# Parcellation Stats 3 lh Tue Mar 10 11:00:47 CET 2026
#@# BA_exvivo Labels lh Tue Mar 10 11:00:59 CET 2026
recon-all -s sub-v2s0x29013_ses-1 finished without error at Tue Mar 10 11:04:16 CET 2026
