status file for recon-all
Tue Mar 10 08:54:38 CET 2026
#@# T2/FLAIR Input Tue Mar 10 08:54:40 CET 2026
#@# MotionCor Tue Mar 10 08:54:41 CET 2026
#@# Talairach Tue Mar 10 08:54:49 CET 2026
#@# Talairach Failure Detection Tue Mar 10 08:59:12 CET 2026
#@# Nu Intensity Correction Tue Mar 10 08:59:12 CET 2026
#@# Intensity Normalization Tue Mar 10 09:02:26 CET 2026
recon-all -s sub-v2s0x29025_ses-1 finished without error at Tue Mar 10 09:03:59 CET 2026



#New# invocation of recon-all 



status file for recon-all
Tue Mar 10 09:10:53 CET 2026
#@# EM Registration Tue Mar 10 09:10:53 CET 2026
recon-all -s sub-v2s0x29025_ses-1 finished without error at Tue Mar 10 09:12:47 CET 2026



#New# invocation of recon-all 



status file for recon-all
Tue Mar 10 09:12:51 CET 2026
#@# CA Normalize Tue Mar 10 09:12:51 CET 2026
#@# CA Reg Tue Mar 10 09:14:14 CET 2026
#@# SubCort Seg Tue Mar 10 09:53:12 CET 2026
#@# CC Seg Tue Mar 10 10:21:47 CET 2026
#@# Merge ASeg Tue Mar 10 10:22:19 CET 2026
#@# Intensity Normalization2 Tue Mar 10 10:22:19 CET 2026
#@# Mask BFS Tue Mar 10 10:24:42 CET 2026
#@# WM Segmentation Tue Mar 10 10:24:43 CET 2026
#@# Fill Tue Mar 10 10:26:36 CET 2026
recon-all -s sub-v2s0x29025_ses-1 finished without error at Tue Mar 10 10:27:37 CET 2026



#New# invocation of recon-all 



status file for recon-all
Tue Mar 10 11:05:11 CET 2026
#@# Refine Pial Surfs w/ T2/FLAIR Tue Mar 10 11:05:11 CET 2026
#@# white curv lh Tue Mar 10 11:27:04 CET 2026
#@# white area lh Tue Mar 10 11:27:04 CET 2026
#@# pial curv lh Tue Mar 10 11:27:04 CET 2026
#@# pial area lh Tue Mar 10 11:27:05 CET 2026
#@# thickness lh Tue Mar 10 11:27:06 CET 2026
#@# area and vertex vol lh Tue Mar 10 11:27:32 CET 2026
#@# white curv rh Tue Mar 10 11:27:33 CET 2026
#@# white area rh Tue Mar 10 11:27:33 CET 2026
#@# pial curv rh Tue Mar 10 11:27:33 CET 2026
#@# pial area rh Tue Mar 10 11:27:34 CET 2026
#@# thickness rh Tue Mar 10 11:27:35 CET 2026
#@# area and vertex vol rh Tue Mar 10 11:28:01 CET 2026
#@# Cortical ribbon mask Tue Mar 10 11:28:02 CET 2026
recon-all -s sub-v2s0x29025_ses-1 finished without error at Tue Mar 10 11:31:38 CET 2026



#New# invocation of recon-all 



status file for recon-all
Tue Mar 10 11:37:04 CET 2026
#@# white curv lh Tue Mar 10 11:37:04 CET 2026
#@# white area lh Tue Mar 10 11:37:04 CET 2026
#@# pial curv lh Tue Mar 10 11:37:04 CET 2026
#@# pial area lh Tue Mar 10 11:37:04 CET 2026
#@# thickness lh Tue Mar 10 11:37:04 CET 2026
#@# area and vertex vol lh Tue Mar 10 11:37:04 CET 2026
#@# white curv rh Tue Mar 10 11:37:04 CET 2026
#@# white area rh Tue Mar 10 11:37:04 CET 2026
#@# pial curv rh Tue Mar 10 11:37:04 CET 2026
#@# pial area rh Tue Mar 10 11:37:04 CET 2026
#@# thickness rh Tue Mar 10 11:37:04 CET 2026
#@# area and vertex vol rh Tue Mar 10 11:37:04 CET 2026
#@# Curvature Stats lh Tue Mar 10 11:37:04 CET 2026
#@# Curvature Stats rh Tue Mar 10 11:37:06 CET 2026
#@# Relabel Hypointensities Tue Mar 10 11:37:08 CET 2026
#@# APas-to-ASeg Tue Mar 10 11:37:21 CET 2026
#@# AParc-to-ASeg aparc Tue Mar 10 11:37:28 CET 2026
#@# AParc-to-ASeg aparc.a2009s Tue Mar 10 11:37:48 CET 2026
#@# AParc-to-ASeg aparc.DKTatlas Tue Mar 10 11:38:08 CET 2026
#@# WMParc Tue Mar 10 11:38:27 CET 2026
#@# ASeg Stats Tue Mar 10 11:41:57 CET 2026
recon-all -s sub-v2s0x29025_ses-1 finished without error at Tue Mar 10 11:42:28 CET 2026
