status file for recon-all
Tue Mar 10 10:27:41 CET 2026
#@# Tessellate lh Tue Mar 10 10:27:41 CET 2026
#@# Smooth1 lh Tue Mar 10 10:27:45 CET 2026
#@# Inflation1 lh Tue Mar 10 10:27:47 CET 2026
#@# QSphere lh Tue Mar 10 10:27:55 CET 2026
#@# Fix Topology lh Tue Mar 10 10:28:43 CET 2026
#@# Smooth2 lh Tue Mar 10 10:33:16 CET 2026
#@# Inflation2 lh Tue Mar 10 10:33:18 CET 2026
#@# Curv .H and .K lh Tue Mar 10 10:33:27 CET 2026
#@# Sphere lh Tue Mar 10 10:34:10 CET 2026
#@# Surf Reg lh Tue Mar 10 10:37:37 CET 2026
#@# Jacobian white lh Tue Mar 10 10:41:54 CET 2026
#@# AvgCurv lh Tue Mar 10 10:41:55 CET 2026
#@# Cortical Parc lh Tue Mar 10 10:41:55 CET 2026
#@# white curv lh Tue Mar 10 10:46:52 CET 2026
#@# white area lh Tue Mar 10 10:46:53 CET 2026
#@# pial curv lh Tue Mar 10 10:46:53 CET 2026
#@# pial area lh Tue Mar 10 10:46:55 CET 2026
#@# thickness lh Tue Mar 10 10:46:55 CET 2026
#@# area and vertex vol lh Tue Mar 10 10:47:21 CET 2026
#@# Curvature Stats lh Tue Mar 10 10:47:22 CET 2026
#@# Cortical Parc 2 lh Tue Mar 10 10:47:24 CET 2026
#@# Cortical Parc 3 lh Tue Mar 10 10:47:36 CET 2026
#@# WM/GM Contrast lh Tue Mar 10 10:47:44 CET 2026
recon-all -s sub-v2s0x29025_ses-1 finished without error at Tue Mar 10 10:47:47 CET 2026



#New# invocation of recon-all 



status file for recon-all
Tue Mar 10 11:31:42 CET 2026
#@# white curv lh Tue Mar 10 11:31:42 CET 2026
#@# white area lh Tue Mar 10 11:31:42 CET 2026
#@# pial curv lh Tue Mar 10 11:31:42 CET 2026
#@# pial area lh Tue Mar 10 11:31:42 CET 2026
#@# thickness lh Tue Mar 10 11:31:42 CET 2026
#@# area and vertex vol lh Tue Mar 10 11:31:42 CET 2026
#@# Parcellation Stats lh Tue Mar 10 11:31:42 CET 2026
#@# Parcellation Stats 2 lh Tue Mar 10 11:31:57 CET 2026
#@# Parcellation Stats 3 lh Tue Mar 10 11:32:05 CET 2026
#@# BA_exvivo Labels lh Tue Mar 10 11:32:12 CET 2026
recon-all -s sub-v2s0x29025_ses-1 finished without error at Tue Mar 10 11:34:20 CET 2026
