status file for recon-all
Tue Mar 10 10:47:49 CET 2026
#@# Tessellate rh Tue Mar 10 10:47:49 CET 2026
#@# Smooth1 rh Tue Mar 10 10:47:53 CET 2026
#@# Inflation1 rh Tue Mar 10 10:47:55 CET 2026
#@# QSphere rh Tue Mar 10 10:48:04 CET 2026
#@# Fix Topology rh Tue Mar 10 10:48:59 CET 2026
#@# Smooth2 rh Tue Mar 10 10:53:34 CET 2026
#@# Inflation2 rh Tue Mar 10 10:53:36 CET 2026
#@# Curv .H and .K rh Tue Mar 10 10:53:46 CET 2026
#@# Sphere rh Tue Mar 10 10:54:28 CET 2026
#@# Surf Reg rh Tue Mar 10 10:56:33 CET 2026
#@# Jacobian white rh Tue Mar 10 10:59:13 CET 2026
#@# AvgCurv rh Tue Mar 10 10:59:13 CET 2026
#@# Cortical Parc rh Tue Mar 10 10:59:14 CET 2026
#@# white curv rh Tue Mar 10 11:04:13 CET 2026
#@# white area rh Tue Mar 10 11:04:14 CET 2026
#@# pial curv rh Tue Mar 10 11:04:15 CET 2026
#@# pial area rh Tue Mar 10 11:04:16 CET 2026
#@# thickness rh Tue Mar 10 11:04:17 CET 2026
#@# area and vertex vol rh Tue Mar 10 11:04:42 CET 2026
#@# Curvature Stats rh Tue Mar 10 11:04:43 CET 2026
#@# Cortical Parc 2 rh Tue Mar 10 11:04:45 CET 2026
#@# Cortical Parc 3 rh Tue Mar 10 11:04:57 CET 2026
#@# WM/GM Contrast rh Tue Mar 10 11:05:06 CET 2026
recon-all -s sub-v2s0x29025_ses-1 finished without error at Tue Mar 10 11:05:08 CET 2026



#New# invocation of recon-all 



status file for recon-all
Tue Mar 10 11:34:22 CET 2026
#@# white curv rh Tue Mar 10 11:34:22 CET 2026
#@# white area rh Tue Mar 10 11:34:22 CET 2026
#@# pial curv rh Tue Mar 10 11:34:22 CET 2026
#@# pial area rh Tue Mar 10 11:34:22 CET 2026
#@# thickness rh Tue Mar 10 11:34:22 CET 2026
#@# area and vertex vol rh Tue Mar 10 11:34:22 CET 2026
#@# Parcellation Stats rh Tue Mar 10 11:34:22 CET 2026
#@# Parcellation Stats 2 rh Tue Mar 10 11:34:37 CET 2026
#@# Parcellation Stats 3 rh Tue Mar 10 11:34:45 CET 2026
#@# BA_exvivo Labels rh Tue Mar 10 11:34:52 CET 2026
recon-all -s sub-v2s0x29025_ses-1 finished without error at Tue Mar 10 11:37:00 CET 2026
