Logfile for bbregister
Tue Mar 10 12:07:30 CET 2026

setenv SUBJECTS_DIR /out/sourcedata/freesurfer
cd /out/sourcedata/freesurfer/sub-v2s0x29040_ses-1/scripts
/opt/freesurfer/bin/bbregister --s sub-v2s0x29040_ses-1 --mov /out/sourcedata/freesurfer/sub-v2s0x29040_ses-1/mri/orig/FLAIRraw.mgz --lta /out/sourcedata/freesurfer/sub-v2s0x29040_ses-1/mri/transforms/FLAIRraw.auto.lta --init-coreg --T2 --gm-proj-abs 2 --wm-proj-abs 1 --no-coreg-ref-mask

bbregister 7.3.2
Linux dna058 5.14.0-427.37.1.el9_4.x86_64 #1 SMP PREEMPT_DYNAMIC Fri Sep 13 12:41:50 EDT 2024 x86_64 x86_64 x86_64 GNU/Linux
FREESURFER_HOME /opt/freesurfer
mri_convert /out/sourcedata/freesurfer/sub-v2s0x29040_ses-1/mri/orig/FLAIRraw.mgz /out/sourcedata/freesurfer/sub-v2s0x29040_ses-1/mri/transforms/tmp.bbregister.106729/template.nii
mri_convert /out/sourcedata/freesurfer/sub-v2s0x29040_ses-1/mri/orig/FLAIRraw.mgz /out/sourcedata/freesurfer/sub-v2s0x29040_ses-1/mri/transforms/tmp.bbregister.106729/template.nii 
reading from /out/sourcedata/freesurfer/sub-v2s0x29040_ses-1/mri/orig/FLAIRraw.mgz...
TR=0.00, TE=0.00, TI=0.00, flip angle=0.00
i_ras = (-1, 0, 0)
j_ras = (0, 1, 0)
k_ras = (0, 0, 1)
writing to /out/sourcedata/freesurfer/sub-v2s0x29040_ses-1/mri/transforms/tmp.bbregister.106729/template.nii...
mri_coreg --s sub-v2s0x29040_ses-1 --mov /out/sourcedata/freesurfer/sub-v2s0x29040_ses-1/mri/transforms/tmp.bbregister.106729/template.nii --regdat /out/sourcedata/freesurfer/sub-v2s0x29040_ses-1/mri/transforms/tmp.bbregister.106729/reg.init.dat --reg /out/sourcedata/freesurfer/sub-v2s0x29040_ses-1/mri/transforms/tmp.bbregister.106729/mri_coreg.lta --nthreads 4 --dof 6 --sep 4 --ftol .0001 --linmintol .01 --no-ref-mask

$Id: mri_coreg.c,v 1.27 2016/04/30 15:11:49 greve Exp $
cwd /out/sourcedata/freesurfer/sub-v2s0x29040_ses-1/scripts
cmdline mri_coreg --s sub-v2s0x29040_ses-1 --mov /out/sourcedata/freesurfer/sub-v2s0x29040_ses-1/mri/transforms/tmp.bbregister.106729/template.nii --regdat /out/sourcedata/freesurfer/sub-v2s0x29040_ses-1/mri/transforms/tmp.bbregister.106729/reg.init.dat --reg /out/sourcedata/freesurfer/sub-v2s0x29040_ses-1/mri/transforms/tmp.bbregister.106729/mri_coreg.lta --nthreads 4 --dof 6 --sep 4 --ftol .0001 --linmintol .01 --no-ref-mask 
sysname  Linux
hostname dna058
machine  x86_64
user     oesteban
dof    6
nsep    1
cras0    1
ftol    0.000100
linmintol    0.010000
bf       1
bflim    30.000000
bfnsamp    30
SmoothRef 0
SatPct    99.990000
MovOOB 0
optschema 1
Seed 53
Reading in mov /out/sourcedata/freesurfer/sub-v2s0x29040_ses-1/mri/transforms/tmp.bbregister.106729/template.nii
Reading in ref /out/sourcedata/freesurfer/sub-v2s0x29040_ses-1/mri/brainmask.mgz
Setting cras translation parameters to align volume centers
Creating random numbers for coordinate dithering
Performing intensity dithering
Performing intensity dithering on mov with computed dither
Init matrix params -1.0562  5.7146 11.7325  0.0000  0.0000  0.0000  1.0000  1.0000  1.0000  0.0000  0.0000  0.0000 
Initial parameters to be opt -1.0562  5.7146 11.7325  0.0000  0.0000  0.0000 
Separation list (1):  4   min = 4
DoSmoothing 1
DoCoordDither 1
DoIntensityDither 1
nitersmax 4
ftol 1.000e-04
linmintol 1.000e-02
SatPct 99.990000
Hist FWHM 7.000000 7.000000
nthreads 4
movsat = 77.0000
mov gstd 1.8943 1.8943 1.8943
Smoothing mov
refsat = 114.0000
ref gstd 1.8914 1.8914 1.8914
Smoothing ref
COREGpreproc() done
Testing if mov and target overlap
Init cost   -1.0431155736
nhits = 176015 out of 16777216, Percent Overlap:  67.1
Initial  RefRAS-to-MovRAS
 1.00000   0.00000   0.00000  -1.05624;
 0.00000   1.00000   0.00000   5.71461;
 0.00000   0.00000   1.00000   11.73254;
 0.00000   0.00000   0.00000   1.00000;
Initial  RefVox-to-MovVox
 1.02400   0.00000   0.00000  -37.55999;
 0.00000   0.00000   1.02400  -3.05999;
 0.00000  -1.02400   0.00000   258.06000;
 0.00000   0.00000   0.00000   1.00000;
sep = 4 -----------------------------------
COREGoptBruteForce() 30 1 30
Turning on MovOOB for BruteForce Search
#BF# sep= 4 iter=0 lim=30.0 delta=2.00   0.94376   1.71461  -0.26746   0.00000   0.00000   0.00000   -1.0490651
Turning  MovOOB back off after brute force search


---------------------------------
Init Powel Params dof = 6: 0.943756 1.714615 -0.267464 0.000000 0.000000 0.000000 
Starting OpenPowel2(), sep = 4
InitialCost        -1.0600711107 
#@#  4  188  0.94376 1.71461 -0.26746 0.00000 0.00000 0.00000   -1.0600711
fs_powell::minimize
  nparams 6
  maxfev 4
  ftol   0.000100
  linmin_xtol_   0.010000
  powell nthiter 0: fret = -1.060071
#@#  4  191  -0.67428 1.71461 -0.26746 0.00000 0.00000 0.00000   -1.0602604
#@#  4  192  0.02970 1.71461 -0.26746 0.00000 0.00000 0.00000   -1.0606934
#@#  4  196  0.05431 1.71461 -0.26746 0.00000 0.00000 0.00000   -1.0606949
#@#  4  197  0.08771 1.71461 -0.26746 0.00000 0.00000 0.00000   -1.0606954
#@#  4  204  0.08771 0.09658 -0.26746 0.00000 0.00000 0.00000   -1.0621306
#@#  4  208  0.08771 0.33265 -0.26746 0.00000 0.00000 0.00000   -1.0622038
#@#  4  209  0.08771 0.36161 -0.26746 0.00000 0.00000 0.00000   -1.0622042
#@#  4  219  0.08771 0.38128 -0.88550 0.00000 0.00000 0.00000   -1.0627862
#@#  4  221  0.08771 0.38128 -0.94613 0.00000 0.00000 0.00000   -1.0627906
#@#  4  232  0.08771 0.38128 -0.94613 0.11440 0.00000 0.00000   -1.0628021
#@#  4  233  0.08771 0.38128 -0.94613 0.10440 0.00000 0.00000   -1.0628023
#@#  4  234  0.08771 0.38128 -0.94613 0.09440 0.00000 0.00000   -1.0628027
#@#  4  253  0.08771 0.38128 -0.94613 0.09440 0.00000 -0.11986   -1.0628110
#@#  4  257  0.08771 0.38128 -0.94613 0.09440 0.00000 -0.13507   -1.0628116
  powell nthiter 1: fret = -1.062812
#@#  4  267  0.13178 0.38128 -0.94613 0.09440 0.00000 -0.13507   -1.0628170
#@#  4  268  0.14540 0.38128 -0.94613 0.09440 0.00000 -0.13507   -1.0628179
#@#  4  271  0.15540 0.38128 -0.94613 0.09440 0.00000 -0.13507   -1.0628182
#@#  4  279  0.15540 0.40996 -0.94613 0.09440 0.00000 -0.13507   -1.0628210
#@#  4  280  0.15540 0.43611 -0.94613 0.09440 0.00000 -0.13507   -1.0628221
#@#  4  281  0.15540 0.44611 -0.94613 0.09440 0.00000 -0.13507   -1.0628225
#@#  4  290  0.15540 0.44611 -0.93613 0.09440 0.00000 -0.13507   -1.0628226
#@#  4  293  0.15540 0.44611 -0.91613 0.09440 0.00000 -0.13507   -1.0628229
#@#  4  302  0.15540 0.44611 -0.91613 0.11889 0.00000 -0.13507   -1.0628238
#@#  4  323  0.15540 0.44611 -0.91613 0.11889 0.00000 -0.18206   -1.0628251
Powell done niters total = 1
OptTimeSec  6.7 sec
OptTimeMin  0.11 min
nEvals 327
Final optimized parameters   0.15540077   0.44611064  -0.91612822   0.11889444   0.00000000  -0.19205569 
Final matrix parameters  0.1554  0.4461 -0.9161  0.1189  0.0000 -0.2021  1.0000  1.0000  1.0000  0.0000  0.0000  0.0000 
Final cost   -1.062825132145456
 

---------------------------------
Final  RefRAS-to-MovRAS
 0.99999  -0.00335   0.00000   0.15540;
 0.00335   0.99999   0.00208   0.44611;
-0.00001  -0.00208   1.00000  -0.91613;
 0.00000   0.00000   0.00000   1.00000;
Final  RefVox-to-MovVox
 1.02399   0.00000   0.00343  -39.13460;
-0.00343  -0.00212   1.02399  -7.75739;
 0.00001  -1.02400  -0.00212   245.31372;
 0.00000   0.00000   0.00000   1.00000;
Final matrix parameters  0.1554  0.4461 -0.9161  0.1189  0.0000 -0.1921  0.0000  0.0000  0.0000  0.0000  0.0000  0.0000 
Final opt parameters  0.1554  0.4461 -0.9161  0.1189  0.0000 -0.1921 
nhits = 168259 out of 16777216, Percent Overlap:  64.2
mri_coreg RunTimeSec 57.7 sec
To check run:
   tkregisterfv --mov /out/sourcedata/freesurfer/sub-v2s0x29040_ses-1/mri/transforms/tmp.bbregister.106729/template.nii --targ /out/sourcedata/freesurfer/sub-v2s0x29040_ses-1/mri/brainmask.mgz --reg /out/sourcedata/freesurfer/sub-v2s0x29040_ses-1/mri/transforms/tmp.bbregister.106729/mri_coreg.lta --s sub-v2s0x29040_ses-1 --surfs 

mri_coreg done

mri_segreg --mov /out/sourcedata/freesurfer/sub-v2s0x29040_ses-1/mri/transforms/tmp.bbregister.106729/template.nii --init-reg /out/sourcedata/freesurfer/sub-v2s0x29040_ses-1/mri/transforms/tmp.bbregister.106729/reg.init.dat --out-reg /out/sourcedata/freesurfer/sub-v2s0x29040_ses-1/mri/transforms/tmp.bbregister.106729/bbr.pass1.dat --subsamp-brute 100 --subsamp 100 --tol 1e-4 --tol1d 1e-3 --brute -4 4 4 --surf white --gm-proj-abs 2 --gm-gt-wm 0.5
7.3.2
setenv SUBJECTS_DIR /out/sourcedata/freesurfer
cd /out/sourcedata/freesurfer/sub-v2s0x29040_ses-1/scripts
mri_segreg --mov /out/sourcedata/freesurfer/sub-v2s0x29040_ses-1/mri/transforms/tmp.bbregister.106729/template.nii --init-reg /out/sourcedata/freesurfer/sub-v2s0x29040_ses-1/mri/transforms/tmp.bbregister.106729/reg.init.dat --out-reg /out/sourcedata/freesurfer/sub-v2s0x29040_ses-1/mri/transforms/tmp.bbregister.106729/bbr.pass1.dat --subsamp-brute 100 --subsamp 100 --tol 1e-4 --tol1d 1e-3 --brute -4 4 4 --surf white --gm-proj-abs 2 --gm-gt-wm 0.5 
sysname  Linux
hostname dna058
machine  x86_64
user     oesteban
movvol /out/sourcedata/freesurfer/sub-v2s0x29040_ses-1/mri/transforms/tmp.bbregister.106729/template.nii
regfile /out/sourcedata/freesurfer/sub-v2s0x29040_ses-1/mri/transforms/tmp.bbregister.106729/reg.init.dat
subject sub-v2s0x29040_ses-1
dof 6
outregfile /out/sourcedata/freesurfer/sub-v2s0x29040_ses-1/mri/transforms/tmp.bbregister.106729/bbr.pass1.dat
UseMask 0
UseLH 1
UseRH 1
nsubsamp 100
PenaltySign  -1
PenaltySlope 0.500000
PenaltyCenter 0.000000
surfname white
GMProjAbs 2.000000
WMProjAbs 2.000000
lhcostfile (null)
rhcostfile (null)
interp  trilinear (1)
frame  0
TolPowell 0.000100
nMaxItersPowell 36
n1dmin  3
Profile   0
Gdiag_no  -1
AddNoise  0 (0)
SynthSeed 1773552700
TransRandMax 0.000000
RotRandMax 0.000000
Translations 0.000000 0.000000 0.000000
Rotations   0.000000 0.000000 0.000000
Input reg
 0.99999  -0.00335   0.00000   1.09764;
-0.00001  -0.00208   1.00000  -13.70028;
-0.00335  -0.99999  -0.00208   5.27125;
 0.00000   0.00000   0.00000   1.00000;

Loading mov
ExcludeZeroVoxels 1
Reading in targ vol /out/sourcedata/freesurfer/sub-v2s0x29040_ses-1/mri/orig.mgz
Projecting LH Surfs
Loading lh.white surf
GM Proj: 0 0.500000 2.000000
WM Proj: 0 0.500000 2.000000
Projecting RH Surfs
Loading rh.white surf
Projecting RH Surfs
Using lh.cortex.label
Using rh.cortex.label
Computing relative cost
 0  -25.0 -25.0 -25.0   1.056820
 1  -25.0 -25.0  25.0   1.049307
 2  -25.0  25.0 -25.0   1.061267
 3  -25.0  25.0  25.0   1.025714
 4   25.0 -25.0 -25.0   1.066893
 5   25.0 -25.0  25.0   1.028958
 6   25.0  25.0 -25.0   1.061656
 7   25.0  25.0  25.0   1.042099
REL:  8  0.538321    8.392715  1.049089 rel = 0.513132 
Initial costs ----------------
Number of surface hits 2361
WM  Intensity    41.3094 +/-   7.2695
Ctx Intensity    44.6774 +/-  11.4010
Pct Contrast      5.6143 +/-  25.5504
Cost   0.5383
RelCost   0.5131

------------------------------------
Brute force preopt -4 4 4, n = 729
     0  -4.0000  -4.0000  -4.0000  -4.0000  -4.0000  -4.0000      1.0353   1.0353  0.0
     3  -4.0000  -4.0000  -4.0000  -4.0000   0.0000  -4.0000      1.0047   1.0047  0.0
     6  -4.0000  -4.0000  -4.0000  -4.0000   4.0000  -4.0000      0.9855   0.9855  0.0
    99  -4.0000   0.0000  -4.0000   4.0000  -4.0000  -4.0000      0.9736   0.9736  0.0
   102  -4.0000   0.0000  -4.0000   4.0000   0.0000  -4.0000      0.9578   0.9578  0.0
   120  -4.0000   0.0000   0.0000   0.0000   0.0000  -4.0000      0.8762   0.8762  0.0
   346   0.0000   0.0000  -4.0000   4.0000   0.0000   0.0000      0.8756   0.8756  0.0
   364   0.0000   0.0000   0.0000   0.0000   0.0000   0.0000      0.5383   0.5383  0.0
Brute Force --------------------------
Min cost was 0.538321
Number of iterations   729
Search time 1.148164 sec
Parameters at best (transmm, rotdeg)
  0.000   0.000   0.000  0.000  0.000  0.000 
--------------------------------------------

Starting Powell Minimization
Init Powel Params dof = 6
0 0
1 0
2 0
3 0
4 0
5 0
fs_powell::minimize
  nparams 6
  maxfev 36
  ftol   0.000100
  linmin_xtol_   0.001000
  powell nthiter 0: fret = 0.538321
   6  0.382  0.000  0.000  0.000  0.000  0.000   0.5343972460
  12  0.384  0.000  0.000  0.000  0.000  0.000   0.5343876113
  13  0.388  0.000  0.000  0.000  0.000  0.000   0.5343852263
  15  0.386  0.000  0.000  0.000  0.000  0.000   0.5343803875
  18  0.386  1.000  0.000  0.000  0.000  0.000   0.4780597825
  25  0.386  0.971  0.000  0.000  0.000  0.000   0.4777282768
  26  0.386  0.977  0.000  0.000  0.000  0.000   0.4776913073
  27  0.386  0.978  0.000  0.000  0.000  0.000   0.4776897961
  35  0.386  0.978 -0.132  0.000  0.000  0.000   0.4747011176
  36  0.386  0.978 -0.153  0.000  0.000  0.000   0.4734431784
  39  0.386  0.978 -0.187  0.000  0.000  0.000   0.4724466308
  40  0.386  0.978 -0.188  0.000  0.000  0.000   0.4724463490
  53  0.386  0.978 -0.188 -0.012  0.000  0.000   0.4723927170
  54  0.386  0.978 -0.188 -0.009  0.000  0.000   0.4723902647
  55  0.386  0.978 -0.188 -0.010  0.000  0.000   0.4723898367
  63  0.386  0.978 -0.188 -0.010  0.023  0.000   0.4717533803
  65  0.386  0.978 -0.188 -0.010  0.052  0.000   0.4715207281
  66  0.386  0.978 -0.188 -0.010  0.058  0.000   0.4714969005
  67  0.386  0.978 -0.188 -0.010  0.069  0.000   0.4714364083
  69  0.386  0.978 -0.188 -0.010  0.072  0.000   0.4714284942
  70  0.386  0.978 -0.188 -0.010  0.073  0.000   0.4714259526
  72  0.386  0.978 -0.188 -0.010  0.074  0.000   0.4714252330
  81  0.386  0.978 -0.188 -0.010  0.074 -0.020   0.4712295379
  83  0.386  0.978 -0.188 -0.010  0.074 -0.018   0.4712258373
  84  0.386  0.978 -0.188 -0.010  0.074 -0.017   0.4712258344
  powell nthiter 1: fret = 0.471226
  98  0.385  0.978 -0.188 -0.010  0.074 -0.017   0.4712252722
 105  0.385  0.943 -0.188 -0.010  0.074 -0.017   0.4703326554
 120  0.385  0.943 -0.169 -0.010  0.074 -0.017   0.4701949509
 121  0.385  0.943 -0.172 -0.010  0.074 -0.017   0.4701944312
 133  0.385  0.943 -0.172 -0.020  0.074 -0.017   0.4701339703
 134  0.385  0.943 -0.172 -0.019  0.074 -0.017   0.4701281620
 135  0.385  0.943 -0.172 -0.017  0.074 -0.017   0.4701265870
 144  0.385  0.943 -0.172 -0.017  0.057 -0.017   0.4700349618
 146  0.385  0.943 -0.172 -0.017  0.059 -0.017   0.4700260914
 147  0.385  0.943 -0.172 -0.017  0.061 -0.017   0.4700235724
 156  0.385  0.943 -0.172 -0.017  0.061 -0.030   0.4697832134
 157  0.385  0.943 -0.172 -0.017  0.061 -0.039   0.4697169510
 158  0.385  0.943 -0.172 -0.017  0.061 -0.041   0.4697152797
 160  0.384  0.909 -0.155 -0.025  0.048 -0.065   0.4693878079
 166  0.385  0.922 -0.162 -0.022  0.053 -0.055   0.4692321009
 168  0.385  0.920 -0.161 -0.022  0.052 -0.057   0.4692306771
 169  0.385  0.921 -0.161 -0.022  0.053 -0.056   0.4692291951
 171  0.385  0.921 -0.161 -0.022  0.053 -0.056   0.4692284729
  powell nthiter 2: fret = 0.469228
 183  0.340  0.921 -0.161 -0.022  0.053 -0.056   0.4691523869
 184  0.357  0.921 -0.161 -0.022  0.053 -0.056   0.4689794321
 185  0.360  0.921 -0.161 -0.022  0.053 -0.056   0.4689774200
 196  0.360  0.921 -0.161 -0.022  0.053 -0.063   0.4689121394
 198  0.360  0.921 -0.161 -0.022  0.053 -0.065   0.4689063359
 209  0.360  0.921 -0.168 -0.022  0.053 -0.065   0.4688720142
 221  0.360  0.921 -0.168 -0.027  0.053 -0.065   0.4688579107
 222  0.360  0.921 -0.168 -0.026  0.053 -0.065   0.4688561208
 230  0.360  0.921 -0.168 -0.026  0.059 -0.065   0.4687984636
 233  0.360  0.921 -0.168 -0.026  0.063 -0.065   0.4687862922
 241  0.360  0.907 -0.162 -0.028  0.058 -0.074   0.4686364721
 243  0.360  0.908 -0.162 -0.028  0.058 -0.074   0.4686359860
 246  0.360  0.908 -0.162 -0.028  0.058 -0.074   0.4686356899
  powell nthiter 3: fret = 0.468636
 262  0.310  0.908 -0.162 -0.028  0.058 -0.074   0.4686146183
 264  0.334  0.908 -0.162 -0.028  0.058 -0.074   0.4683331576
 265  0.335  0.908 -0.162 -0.028  0.058 -0.074   0.4683323229
 275  0.335  0.908 -0.162 -0.028  0.058 -0.080   0.4682755432
 276  0.335  0.908 -0.162 -0.028  0.058 -0.082   0.4682685529
 277  0.335  0.908 -0.162 -0.028  0.058 -0.084   0.4682639253
 279  0.335  0.908 -0.162 -0.028  0.058 -0.086   0.4682625854
 289  0.335  0.908 -0.170 -0.028  0.058 -0.086   0.4682182029
 302  0.335  0.908 -0.170 -0.029  0.058 -0.086   0.4682164032
 310  0.335  0.908 -0.170 -0.029  0.060 -0.086   0.4681917613
 312  0.335  0.908 -0.170 -0.029  0.082 -0.086   0.4681604594
 313  0.335  0.908 -0.170 -0.029  0.072 -0.086   0.4680809393
 321  0.334  0.895 -0.164 -0.032  0.067 -0.095   0.4679549431
 322  0.335  0.897 -0.165 -0.032  0.068 -0.094   0.4679457003
 323  0.335  0.898 -0.165 -0.031  0.068 -0.093   0.4679445679
 324  0.335  0.899 -0.165 -0.031  0.068 -0.093   0.4679443517
 326  0.335  0.898 -0.165 -0.031  0.068 -0.093   0.4679438893
 330  0.309  0.889 -0.168 -0.034  0.078 -0.112   0.4673627266
 333  0.269  0.873 -0.173 -0.039  0.094 -0.143   0.4669468041
 334  0.263  0.870 -0.174 -0.040  0.097 -0.148   0.4669358233
 335  0.260  0.869 -0.175 -0.040  0.098 -0.149   0.4669355469
 336  0.261  0.870 -0.174 -0.040  0.097 -0.149   0.4669350755
  powell nthiter 4: fret = 0.466935
 352  0.262  0.879 -0.178 -0.038  0.100 -0.143   0.4668144748
 353  0.262  0.879 -0.179 -0.038  0.101 -0.143   0.4668127289
 355  0.262  0.880 -0.179 -0.038  0.101 -0.142   0.4668115703
 356  0.262  0.880 -0.179 -0.038  0.101 -0.142   0.4668108390
 368  0.262  0.880 -0.179 -0.038  0.101 -0.115   0.4665793385
 369  0.262  0.880 -0.179 -0.038  0.101 -0.123   0.4665292290
 391  0.262  0.880 -0.179 -0.035  0.101 -0.123   0.4665182839
 404  0.262  0.880 -0.179 -0.035  0.106 -0.123   0.4664996940
 405  0.262  0.880 -0.179 -0.035  0.107 -0.123   0.4664989319
 408  0.237  0.870 -0.182 -0.038  0.117 -0.142   0.4663927637
 413  0.241  0.872 -0.182 -0.037  0.115 -0.139   0.4663878613
 414  0.241  0.871 -0.182 -0.037  0.115 -0.139   0.4663876549
 417  0.241  0.871 -0.182 -0.037  0.115 -0.139   0.4663875030
  powell nthiter 5: fret = 0.466388
 428  0.240  0.867 -0.179 -0.038  0.113 -0.142   0.4663637296
 429  0.240  0.867 -0.180 -0.038  0.113 -0.142   0.4663630859
 442  0.240  0.867 -0.180 -0.038  0.113 -0.132   0.4662930133
 443  0.240  0.867 -0.180 -0.038  0.113 -0.133   0.4662926212
 453  0.240  0.867 -0.183 -0.038  0.113 -0.133   0.4662717652
 454  0.240  0.867 -0.184 -0.038  0.113 -0.133   0.4662711096
 476  0.240  0.867 -0.184 -0.038  0.115 -0.133   0.4662678045
 477  0.240  0.867 -0.184 -0.038  0.116 -0.133   0.4662673356
 485  0.243  0.868 -0.184 -0.038  0.115 -0.131   0.4662615373
 493  0.246  0.864 -0.186 -0.038  0.114 -0.123   0.4662463549
 499  0.245  0.866 -0.185 -0.038  0.114 -0.126   0.4662447808
 500  0.245  0.865 -0.185 -0.038  0.114 -0.125   0.4662439539
 503  0.245  0.865 -0.185 -0.038  0.114 -0.125   0.4662438329
 504  0.245  0.865 -0.185 -0.038  0.114 -0.125   0.4662437765
  powell nthiter 6: fret = 0.466244
 512  0.245  0.852 -0.179 -0.041  0.109 -0.134   0.4662432098
 513  0.245  0.859 -0.182 -0.040  0.112 -0.130   0.4661776105
 514  0.245  0.859 -0.182 -0.040  0.112 -0.130   0.4661773272
 518  0.245  0.859 -0.182 -0.040  0.112 -0.129   0.4661769469
 527  0.243  0.858 -0.182 -0.040  0.112 -0.131   0.4661738333
 529  0.243  0.858 -0.182 -0.040  0.112 -0.131   0.4661733995
 532  0.243  0.858 -0.182 -0.040  0.112 -0.131   0.4661733125
 542  0.243  0.858 -0.183 -0.040  0.112 -0.131   0.4661732513
 564  0.243  0.858 -0.183 -0.040  0.114 -0.131   0.4661688463
 565  0.243  0.858 -0.183 -0.040  0.115 -0.131   0.4661676921
 573  0.243  0.858 -0.184 -0.040  0.115 -0.130   0.4661661827
 577  0.243  0.857 -0.184 -0.040  0.115 -0.129   0.4661661283
 578  0.243  0.857 -0.184 -0.040  0.115 -0.129   0.4661658586
 587  0.243  0.853 -0.184 -0.041  0.115 -0.129   0.4661655068
 588  0.243  0.855 -0.184 -0.040  0.115 -0.129   0.4661632069
 591  0.243  0.856 -0.184 -0.040  0.115 -0.129   0.4661631472
 595  0.243  0.856 -0.184 -0.040  0.115 -0.129   0.4661631395
  powell nthiter 7: fret = 0.466163
 604  0.243  0.856 -0.184 -0.040  0.115 -0.130   0.4661628077
 605  0.243  0.856 -0.184 -0.040  0.115 -0.130   0.4661622321
 607  0.243  0.856 -0.183 -0.040  0.115 -0.130   0.4661618509
 623  0.246  0.857 -0.183 -0.040  0.114 -0.128   0.4661572160
 624  0.246  0.858 -0.183 -0.040  0.114 -0.128   0.4661568192
 640  0.246  0.858 -0.182 -0.040  0.114 -0.128   0.4661554290
 651  0.246  0.858 -0.182 -0.041  0.114 -0.128   0.4661542792
 672  0.246  0.856 -0.182 -0.041  0.115 -0.128   0.4661525828
 673  0.246  0.856 -0.182 -0.041  0.115 -0.128   0.4661521625
 679  0.246  0.856 -0.182 -0.041  0.115 -0.128   0.4661518628
Powell done niters = 7
Computing relative cost
 0  -25.0 -25.0 -25.0   1.048677
 1  -25.0 -25.0  25.0   1.058755
 2  -25.0  25.0 -25.0   1.040890
 3  -25.0  25.0  25.0   1.034882
 4   25.0 -25.0 -25.0   1.051703
 5   25.0 -25.0  25.0   1.053916
 6   25.0  25.0 -25.0   1.048551
 7   25.0  25.0  25.0   1.061042
REL:  8  0.466152    8.398415  1.049802 rel = 0.444038 
Number of iterations     7
Min cost was 0.466152
Number of FunctionCalls   681
TolPowell 0.000100
nMaxItersPowell 36
OptimizationTime 0.694595 sec
Parameters at optimum (transmm)  0.24615  0.85579 -0.18209
Parameters at optimum (rotdeg) -0.04133  0.11513 -0.12782 
Final costs ----------------
Number of surface hits 2361
WM  Intensity    41.2753 +/-   7.4738
Ctx Intensity    45.0394 +/-  11.3615
Pct Contrast      6.5978 +/-  24.9639
Cost   0.4662
RelCost   0.5131
Reg at min cost was 
 0.99998  -0.00537   0.00223   1.32384;
-0.00224  -0.00278   0.99999  -12.84312;
-0.00536  -0.99998  -0.00280   5.09682;
 0.00000   0.00000   0.00000   1.00000;

Writing optimal reg to /out/sourcedata/freesurfer/sub-v2s0x29040_ses-1/mri/transforms/tmp.bbregister.106729/bbr.pass1.dat, type = 14 
Original Reg 
 0.99999  -0.00335   0.00000   1.09764;
-0.00001  -0.00208   1.00000  -13.70028;
-0.00335  -0.99999  -0.00208   5.27125;
 0.00000   0.00000   0.00000   1.00000;

Original Reg - Optimal Reg
 0.00001   0.00202  -0.00223  -0.22620;
 0.00223   0.00071   0.00000  -0.85715;
 0.00201  -0.00001   0.00072   0.17443;
 0.00000   0.00000   0.00000   0.00000;

Computing change in lh position
LH rmsDiffMean 1.001932
Computing change in rh position
Surface-RMS-Diff-mm 0.959423 0.073127 1.106731
mri_segreg done
mri_segreg --mov /out/sourcedata/freesurfer/sub-v2s0x29040_ses-1/mri/transforms/tmp.bbregister.106729/template.nii --init-reg /out/sourcedata/freesurfer/sub-v2s0x29040_ses-1/mri/transforms/tmp.bbregister.106729/bbr.pass1.dat --out-reg /out/sourcedata/freesurfer/sub-v2s0x29040_ses-1/mri/transforms/FLAIRraw.auto.dat --interp trilinear --wm-proj-abs 1 --tol 1e-8 --tol1d 1e-3 --c0 0 --mincost /out/sourcedata/freesurfer/sub-v2s0x29040_ses-1/mri/transforms/FLAIRraw.auto.dat.mincost --dof 6 --nmax 36 --param /out/sourcedata/freesurfer/sub-v2s0x29040_ses-1/mri/transforms/FLAIRraw.auto.dat.param --surf white --brute -0.1 0.1 0.1 --cur-reg /out/sourcedata/freesurfer/sub-v2s0x29040_ses-1/mri/transforms/tmp.bbregister.106729/reg.curopt.dat --gm-proj-abs 2 --nsub 1 --gm-gt-wm 0.5
7.3.2
setenv SUBJECTS_DIR /out/sourcedata/freesurfer
cd /out/sourcedata/freesurfer/sub-v2s0x29040_ses-1/scripts
mri_segreg --mov /out/sourcedata/freesurfer/sub-v2s0x29040_ses-1/mri/transforms/tmp.bbregister.106729/template.nii --init-reg /out/sourcedata/freesurfer/sub-v2s0x29040_ses-1/mri/transforms/tmp.bbregister.106729/bbr.pass1.dat --out-reg /out/sourcedata/freesurfer/sub-v2s0x29040_ses-1/mri/transforms/FLAIRraw.auto.dat --interp trilinear --wm-proj-abs 1 --tol 1e-8 --tol1d 1e-3 --c0 0 --mincost /out/sourcedata/freesurfer/sub-v2s0x29040_ses-1/mri/transforms/FLAIRraw.auto.dat.mincost --dof 6 --nmax 36 --param /out/sourcedata/freesurfer/sub-v2s0x29040_ses-1/mri/transforms/FLAIRraw.auto.dat.param --surf white --brute -0.1 0.1 0.1 --cur-reg /out/sourcedata/freesurfer/sub-v2s0x29040_ses-1/mri/transforms/tmp.bbregister.106729/reg.curopt.dat --gm-proj-abs 2 --nsub 1 --gm-gt-wm 0.5 
sysname  Linux
hostname dna058
machine  x86_64
user     oesteban
movvol /out/sourcedata/freesurfer/sub-v2s0x29040_ses-1/mri/transforms/tmp.bbregister.106729/template.nii
regfile /out/sourcedata/freesurfer/sub-v2s0x29040_ses-1/mri/transforms/tmp.bbregister.106729/bbr.pass1.dat
subject sub-v2s0x29040_ses-1
dof 6
outregfile /out/sourcedata/freesurfer/sub-v2s0x29040_ses-1/mri/transforms/FLAIRraw.auto.dat
UseMask 0
UseLH 1
UseRH 1
nsubsamp 1
PenaltySign  -1
PenaltySlope 0.500000
PenaltyCenter 0.000000
surfname white
GMProjAbs 2.000000
WMProjAbs 1.000000
lhcostfile (null)
rhcostfile (null)
interp  trilinear (1)
frame  0
TolPowell 0.000000
nMaxItersPowell 36
n1dmin  3
Profile   0
Gdiag_no  -1
AddNoise  0 (0)
SynthSeed 1773865551
TransRandMax 0.000000
RotRandMax 0.000000
Translations 0.000000 0.000000 0.000000
Rotations   0.000000 0.000000 0.000000
Input reg
 0.99998  -0.00537   0.00223   1.32384;
-0.00224  -0.00278   0.99999  -12.84312;
-0.00536  -0.99998  -0.00280   5.09682;
 0.00000   0.00000   0.00000   1.00000;

Loading mov
ExcludeZeroVoxels 1
Reading in targ vol /out/sourcedata/freesurfer/sub-v2s0x29040_ses-1/mri/orig.mgz
Projecting LH Surfs
Loading lh.white surf
GM Proj: 0 0.500000 2.000000
WM Proj: 0 0.500000 1.000000
Projecting RH Surfs
Loading rh.white surf
Projecting RH Surfs
Using lh.cortex.label
Using rh.cortex.label
Computing relative cost
 0  -25.0 -25.0 -25.0   1.040246
 1  -25.0 -25.0  25.0   1.033342
 2  -25.0  25.0 -25.0   1.048338
 3  -25.0  25.0  25.0   1.036339
 4   25.0 -25.0 -25.0   1.049319
 5   25.0 -25.0  25.0   1.035089
 6   25.0  25.0 -25.0   1.037261
 7   25.0  25.0  25.0   1.033273
REL:  8  0.556964    8.313207  1.039151 rel = 0.53598 
Initial costs ----------------
Number of surface hits 237821
WM  Intensity    41.7511 +/-   7.3056
Ctx Intensity    44.7013 +/-  11.2766
Pct Contrast      4.6772 +/-  25.4624
Cost   0.5570
RelCost   0.5360

------------------------------------
Brute force preopt -0.1 0.1 0.1, n = 729
     0  -0.1000  -0.1000  -0.1000  -0.1000  -0.1000  -0.1000      0.5205   0.5205  0.0
     9  -0.1000  -0.1000  -0.1000   0.0000  -0.1000  -0.1000      0.5148   0.5148  0.0
    10  -0.1000  -0.1000  -0.1000   0.0000  -0.1000   0.0000      0.5126   0.5126  0.0
    18  -0.1000  -0.1000  -0.1000   0.1000  -0.1000  -0.1000      0.5077   0.5077  0.0
    19  -0.1000  -0.1000  -0.1000   0.1000  -0.1000   0.0000      0.5071   0.5071  0.0
    45  -0.1000  -0.1000   0.0000   0.1000  -0.1000  -0.1000      0.5061   0.5061  0.0
    46  -0.1000  -0.1000   0.0000   0.1000  -0.1000   0.0000      0.5053   0.5053  0.0
    64  -0.1000  -0.1000   0.1000   0.0000  -0.1000   0.0000      0.5038   0.5038  0.0
    72  -0.1000  -0.1000   0.1000   0.1000  -0.1000  -0.1000      0.5021   0.5021  0.0
   156  -0.1000   0.0000   0.1000   0.1000   0.0000  -0.1000      0.5021   0.5021  0.0
Brute Force --------------------------
Min cost was 0.502054
Number of iterations   729
Search time 1.128196 sec
Parameters at best (transmm, rotdeg)
 -0.100   0.000   0.100  0.100  0.000 -0.100 
--------------------------------------------

Starting Powell Minimization
Init Powel Params dof = 6
0 -0.1
1 0
2 0.1
3 0.1
4 0
5 -0.1
fs_powell::minimize
  nparams 6
  maxfev 36
  ftol   0.000000
  linmin_xtol_   0.001000
  powell nthiter 0: fret = 0.552917
   8 -0.129  0.000  0.100  0.100  0.000 -0.100   0.5528591056
  10 -0.127  0.000  0.100  0.100  0.000 -0.100   0.5528584019
  12 -0.122  0.000  0.100  0.100  0.000 -0.100   0.5528580864
  13 -0.124  0.000  0.100  0.100  0.000 -0.100   0.5528580172
  21 -0.124 -0.246  0.100  0.100  0.000 -0.100   0.5459706233
  23 -0.124 -0.223  0.100  0.100  0.000 -0.100   0.5458895645
  32 -0.124 -0.223  0.205  0.100  0.000 -0.100   0.5455794150
  34 -0.124 -0.223  0.200  0.100  0.000 -0.100   0.5455782557
  36 -0.124 -0.223  0.201  0.100  0.000 -0.100   0.5455781050
  43 -0.124 -0.223  0.201  0.482  0.000 -0.100   0.5450071596
  44 -0.124 -0.223  0.201  0.310  0.000 -0.100   0.5448791441
  50 -0.124 -0.223  0.201  0.305  0.000 -0.100   0.5448780617
  51 -0.124 -0.223  0.201  0.306  0.000 -0.100   0.5448776661
  59 -0.124 -0.223  0.201  0.306 -0.080 -0.100   0.5445041834
  62 -0.124 -0.223  0.201  0.306 -0.083 -0.100   0.5445040027
  72 -0.124 -0.223  0.201  0.306 -0.084 -0.006   0.5443501393
  77 -0.124 -0.223  0.201  0.306 -0.084 -0.012   0.5443439057
  78 -0.124 -0.223  0.201  0.306 -0.084 -0.014   0.5443436097
  79 -0.124 -0.223  0.201  0.306 -0.084 -0.015   0.5443432226
  89 -0.133 -0.307  0.240  0.385 -0.116  0.018   0.5442998408
  90 -0.129 -0.268  0.222  0.348 -0.101  0.002   0.5442726704
  92 -0.127 -0.250  0.214  0.332 -0.094 -0.004   0.5441777680
  94 -0.127 -0.250  0.214  0.332 -0.094 -0.004   0.5441777309
  95 -0.127 -0.250  0.214  0.332 -0.094 -0.004   0.5441776149
  98 -0.127 -0.249  0.213  0.331 -0.094 -0.005   0.5441771897
  powell nthiter 1: fret = 0.544177
 108 -0.120 -0.249  0.213  0.331 -0.094 -0.005   0.5441757308
 109 -0.122 -0.249  0.213  0.331 -0.094 -0.005   0.5441749222
 130 -0.122 -0.249  0.229  0.331 -0.094 -0.005   0.5441416337
 131 -0.122 -0.249  0.233  0.331 -0.094 -0.005   0.5441391766
 132 -0.122 -0.249  0.236  0.331 -0.094 -0.005   0.5441389302
 141 -0.122 -0.249  0.236  0.458 -0.094 -0.005   0.5435732838
 142 -0.122 -0.249  0.236  0.470 -0.094 -0.005   0.5434982260
 144 -0.122 -0.249  0.236  0.513 -0.094 -0.005   0.5434061569
 146 -0.122 -0.249  0.236  0.515 -0.094 -0.005   0.5434052445
 148 -0.122 -0.249  0.236  0.522 -0.094 -0.005   0.5434049894
 149 -0.122 -0.249  0.236  0.519 -0.094 -0.005   0.5434043636
 151 -0.122 -0.249  0.236  0.520 -0.094 -0.005   0.5434039059
 160 -0.122 -0.249  0.236  0.520 -0.102 -0.005   0.5434035099
 165 -0.122 -0.249  0.236  0.520 -0.103 -0.005   0.5434033233
 166 -0.122 -0.249  0.236  0.520 -0.104 -0.005   0.5434032589
 174 -0.123 -0.257  0.240  0.527 -0.107 -0.002   0.5433798372
 176 -0.123 -0.258  0.240  0.527 -0.108 -0.002   0.5433793685
 179 -0.123 -0.258  0.240  0.528 -0.108 -0.001   0.5433793562
 180 -0.123 -0.258  0.240  0.528 -0.108 -0.001   0.5433791821
  powell nthiter 2: fret = 0.543379
 189 -0.170 -0.258  0.240  0.528 -0.108 -0.001   0.5432845654
 190 -0.167 -0.258  0.240  0.528 -0.108 -0.001   0.5432768445
 191 -0.157 -0.258  0.240  0.528 -0.108 -0.001   0.5432597102
 193 -0.154 -0.258  0.240  0.528 -0.108 -0.001   0.5432584680
 204 -0.154 -0.258  0.240  0.528 -0.108  0.007   0.5432534483
 205 -0.154 -0.258  0.240  0.528 -0.108  0.006   0.5432531967
 206 -0.154 -0.258  0.240  0.528 -0.108  0.005   0.5432531052
 216 -0.154 -0.258  0.252  0.528 -0.108  0.005   0.5432316104
 217 -0.154 -0.258  0.268  0.528 -0.108  0.005   0.5432148670
 220 -0.154 -0.258  0.269  0.528 -0.108  0.005   0.5432145428
 221 -0.154 -0.258  0.270  0.528 -0.108  0.005   0.5432143709
 223 -0.154 -0.258  0.272  0.528 -0.108  0.005   0.5432142787
 233 -0.154 -0.258  0.272  0.524 -0.108  0.005   0.5432140126
 234 -0.154 -0.258  0.272  0.525 -0.108  0.005   0.5432139371
 235 -0.154 -0.258  0.272  0.526 -0.108  0.005   0.5432138476
 242 -0.154 -0.258  0.272  0.526 -0.152  0.005   0.5431666988
 244 -0.154 -0.258  0.272  0.526 -0.163  0.005   0.5431600718
 247 -0.154 -0.258  0.272  0.526 -0.194  0.005   0.5431529676
 248 -0.154 -0.258  0.272  0.526 -0.191  0.005   0.5431513018
 259 -0.154 -0.262  0.274  0.530 -0.193  0.007   0.5431503071
 260 -0.154 -0.262  0.273  0.529 -0.193  0.007   0.5431495168
 261 -0.154 -0.261  0.273  0.529 -0.192  0.006   0.5431493245
 262 -0.154 -0.261  0.273  0.529 -0.192  0.006   0.5431490697
  powell nthiter 3: fret = 0.543149
 272 -0.200 -0.261  0.273  0.529 -0.192  0.006   0.5430216086
 274 -0.195 -0.261  0.273  0.529 -0.192  0.006   0.5430181072
 277 -0.194 -0.261  0.273  0.529 -0.192  0.006   0.5430179103
 286 -0.194 -0.261  0.273  0.529 -0.192  0.027   0.5429713685
 287 -0.194 -0.261  0.273  0.529 -0.192  0.035   0.5429627179
 289 -0.194 -0.261  0.273  0.529 -0.192  0.037   0.5429615036
 299 -0.194 -0.261  0.231  0.529 -0.192  0.037   0.5429584211
 300 -0.194 -0.261  0.250  0.529 -0.192  0.037   0.5429394026
 301 -0.194 -0.261  0.251  0.529 -0.192  0.037   0.5429387003
 302 -0.194 -0.261  0.260  0.529 -0.192  0.037   0.5429367766
 303 -0.194 -0.261  0.258  0.529 -0.192  0.037   0.5429367036
 312 -0.194 -0.261  0.258  0.584 -0.192  0.037   0.5428751908
 323 -0.194 -0.261  0.258  0.584 -0.198  0.037   0.5428729516
 325 -0.194 -0.261  0.258  0.584 -0.197  0.037   0.5428728330
 334 -0.193 -0.254  0.255  0.578 -0.195  0.035   0.5428726107
 335 -0.193 -0.257  0.257  0.581 -0.196  0.036   0.5428722939
 336 -0.193 -0.257  0.257  0.580 -0.196  0.036   0.5428721753
  powell nthiter 4: fret = 0.542872
 348 -0.195 -0.257  0.257  0.580 -0.196  0.036   0.5428713420
 349 -0.197 -0.257  0.257  0.580 -0.196  0.036   0.5428709486
 357 -0.197 -0.257  0.257  0.580 -0.196  0.082   0.5428587726
 358 -0.197 -0.257  0.257  0.580 -0.196  0.062   0.5428349690
 370 -0.197 -0.257  0.252  0.580 -0.196  0.062   0.5428344594
 380 -0.197 -0.257  0.252  0.592 -0.196  0.062   0.5428285331
 390 -0.197 -0.257  0.252  0.592 -0.211  0.062   0.5428268470
 394 -0.197 -0.257  0.252  0.592 -0.245  0.062   0.5428011150
 397 -0.197 -0.257  0.252  0.592 -0.240  0.062   0.5427990328
 407 -0.196 -0.254  0.251  0.589 -0.237  0.061   0.5427979492
 408 -0.197 -0.255  0.251  0.589 -0.238  0.061   0.5427972920
  powell nthiter 5: fret = 0.542797
 420 -0.217 -0.255  0.251  0.589 -0.238  0.061   0.5427944695
 421 -0.209 -0.255  0.251  0.589 -0.238  0.061   0.5427887718
 422 -0.208 -0.255  0.251  0.589 -0.238  0.061   0.5427885286
 423 -0.206 -0.255  0.251  0.589 -0.238  0.061   0.5427881424
 435 -0.206 -0.255  0.251  0.589 -0.238  0.066   0.5427827820
 436 -0.206 -0.255  0.251  0.589 -0.238  0.069   0.5427825578
 438 -0.206 -0.255  0.251  0.589 -0.238  0.068   0.5427822794
 446 -0.206 -0.255  0.201  0.589 -0.238  0.068   0.5427647677
 448 -0.206 -0.255  0.176  0.589 -0.238  0.068   0.5427574851
 450 -0.206 -0.255  0.185  0.589 -0.238  0.068   0.5427512213
 451 -0.206 -0.255  0.186  0.589 -0.238  0.068   0.5427512138
 471 -0.206 -0.255  0.186  0.589 -0.337  0.068   0.5423058093
 475 -0.206 -0.255  0.186  0.589 -0.354  0.068   0.5422643270
 477 -0.206 -0.255  0.186  0.589 -0.356  0.068   0.5422635940
 478 -0.206 -0.255  0.186  0.589 -0.357  0.068   0.5422632775
 488 -0.206 -0.256  0.187  0.591 -0.358  0.068   0.5422626015
 489 -0.206 -0.256  0.187  0.591 -0.358  0.068   0.5422624633
 490 -0.206 -0.256  0.187  0.590 -0.358  0.068   0.5422622670
  powell nthiter 6: fret = 0.542262
 500 -0.239 -0.256  0.187  0.590 -0.358  0.068   0.5422256795
 501 -0.233 -0.256  0.187  0.590 -0.358  0.068   0.5422140100
 502 -0.227 -0.256  0.187  0.590 -0.358  0.068   0.5422090302
 524 -0.227 -0.256  0.173  0.590 -0.358  0.068   0.5421950584
 526 -0.227 -0.256  0.177  0.590 -0.358  0.068   0.5421926550
 537 -0.227 -0.256  0.177  0.571 -0.358  0.068   0.5421843010
 538 -0.227 -0.256  0.177  0.578 -0.358  0.068   0.5421683581
 539 -0.227 -0.256  0.177  0.580 -0.358  0.068   0.5421682217
 540 -0.227 -0.256  0.177  0.581 -0.358  0.068   0.5421679838
 553 -0.227 -0.256  0.177  0.581 -0.363  0.068   0.5421673803
 565 -0.229 -0.268  0.182  0.592 -0.364  0.073   0.5421330648
 567 -0.229 -0.269  0.183  0.593 -0.365  0.073   0.5421322006
 570 -0.229 -0.270  0.183  0.593 -0.365  0.073   0.5421321633
 571 -0.229 -0.270  0.183  0.594 -0.365  0.073   0.5421319968
 573 -0.252 -0.284  0.180  0.597 -0.373  0.079   0.5420735262
 576 -0.289 -0.307  0.174  0.603 -0.385  0.088   0.5419522008
 581 -0.289 -0.307  0.174  0.603 -0.385  0.088   0.5419518613
 587 -0.289 -0.307  0.174  0.603 -0.385  0.088   0.5419518007
  powell nthiter 7: fret = 0.541952
 599 -0.288 -0.306  0.174  0.602 -0.385  0.087   0.5419515600
 611 -0.288 -0.306  0.174  0.602 -0.385  0.101   0.5419480596
 613 -0.288 -0.306  0.174  0.602 -0.385  0.096   0.5419444792
 626 -0.288 -0.306  0.172  0.602 -0.385  0.097   0.5419431283
 637 -0.288 -0.306  0.172  0.601 -0.385  0.097   0.5419411521
 638 -0.288 -0.306  0.172  0.598 -0.385  0.097   0.5419388136
 650 -0.288 -0.306  0.172  0.597 -0.373  0.097   0.5419298616
 651 -0.288 -0.306  0.172  0.597 -0.376  0.097   0.5419286972
 660 -0.289 -0.307  0.172  0.597 -0.376  0.097   0.5419286291
 661 -0.290 -0.307  0.172  0.597 -0.376  0.097   0.5419285742
 665 -0.290 -0.308  0.172  0.597 -0.376  0.097   0.5419283870
 667 -0.290 -0.307  0.172  0.597 -0.376  0.097   0.5419283530
 669 -0.290 -0.307  0.172  0.597 -0.376  0.097   0.5419283174
  powell nthiter 8: fret = 0.541928
 682 -0.291 -0.311  0.173  0.600 -0.378  0.098   0.5419182491
 683 -0.291 -0.311  0.173  0.600 -0.377  0.098   0.5419182037
 684 -0.291 -0.311  0.173  0.600 -0.377  0.098   0.5419181715
 696 -0.291 -0.311  0.173  0.600 -0.377  0.094   0.5419168986
 709 -0.291 -0.311  0.176  0.600 -0.377  0.094   0.5419165272
 712 -0.291 -0.311  0.175  0.600 -0.377  0.094   0.5419159579
 724 -0.291 -0.311  0.175  0.596 -0.377  0.094   0.5419127955
 736 -0.291 -0.311  0.175  0.597 -0.376  0.094   0.5419126711
 737 -0.291 -0.311  0.175  0.597 -0.375  0.094   0.5419125776
 745 -0.289 -0.310  0.176  0.597 -0.374  0.094   0.5419121543
 749 -0.288 -0.309  0.176  0.597 -0.374  0.094   0.5419120227
 750 -0.288 -0.309  0.176  0.597 -0.374  0.094   0.5419120007
 754 -0.288 -0.309  0.176  0.597 -0.374  0.094   0.5419119982
 756 -0.286 -0.311  0.180  0.597 -0.372  0.091   0.5419092185
 762 -0.287 -0.310  0.178  0.597 -0.373  0.092   0.5419081216
 766 -0.287 -0.310  0.178  0.597 -0.373  0.092   0.5419081033
 767 -0.287 -0.310  0.178  0.597 -0.373  0.092   0.5419080851
  powell nthiter 9: fret = 0.541908
 793 -0.287 -0.310  0.178  0.597 -0.373  0.095   0.5419067267
 794 -0.287 -0.310  0.178  0.597 -0.373  0.096   0.5419066054
 817 -0.287 -0.310  0.178  0.594 -0.373  0.096   0.5419060793
 828 -0.287 -0.310  0.178  0.594 -0.374  0.096   0.5419054972
 832 -0.285 -0.312  0.182  0.594 -0.373  0.093   0.5419019123
 836 -0.286 -0.311  0.180  0.594 -0.374  0.094   0.5419014216
 837 -0.285 -0.312  0.181  0.594 -0.374  0.094   0.5419012761
 840 -0.285 -0.312  0.181  0.594 -0.374  0.094   0.5419012714
 841 -0.285 -0.312  0.181  0.594 -0.374  0.094   0.5419012387
 846 -0.283 -0.314  0.186  0.592 -0.373  0.094   0.5418994222
 852 -0.284 -0.313  0.184  0.593 -0.373  0.094   0.5418991392
 853 -0.284 -0.313  0.184  0.592 -0.373  0.094   0.5418987730
 854 -0.283 -0.313  0.185  0.592 -0.373  0.094   0.5418987279
 855 -0.283 -0.313  0.185  0.592 -0.373  0.094   0.5418987217
 856 -0.283 -0.313  0.185  0.592 -0.373  0.094   0.5418986757
  powell nthiter 10: fret = 0.541899
 865 -0.284 -0.313  0.185  0.592 -0.373  0.094   0.5418986619
 882 -0.284 -0.313  0.185  0.592 -0.373  0.096   0.5418986332
 883 -0.284 -0.313  0.185  0.592 -0.373  0.097   0.5418985672
 894 -0.284 -0.313  0.181  0.592 -0.373  0.097   0.5418958271
 907 -0.284 -0.313  0.181  0.591 -0.373  0.097   0.5418955441
 917 -0.284 -0.313  0.181  0.591 -0.374  0.097   0.5418953506
 920 -0.281 -0.316  0.187  0.588 -0.374  0.097   0.5418942988
 924 -0.282 -0.315  0.185  0.589 -0.374  0.097   0.5418933995
 928 -0.282 -0.315  0.185  0.589 -0.374  0.097   0.5418933849
  powell nthiter 11: fret = 0.541893
 939 -0.280 -0.314  0.185  0.589 -0.374  0.096   0.5418923372
 940 -0.279 -0.313  0.185  0.589 -0.373  0.096   0.5418921969
 967 -0.279 -0.313  0.184  0.589 -0.373  0.096   0.5418916309
  powell nthiter 12: fret = 0.541892
Powell done niters = 12
Computing relative cost
 0  -25.0 -25.0 -25.0   1.044592
 1  -25.0 -25.0  25.0   1.033854
 2  -25.0  25.0 -25.0   1.050086
 3  -25.0  25.0  25.0   1.037660
 4   25.0 -25.0 -25.0   1.045626
 5   25.0 -25.0  25.0   1.035644
 6   25.0  25.0 -25.0   1.038203
 7   25.0  25.0  25.0   1.035480
REL:  8  0.541892    8.321145  1.040143 rel = 0.520978 
Number of iterations    12
Min cost was 0.541892
Number of FunctionCalls  1082
TolPowell 0.000000
nMaxItersPowell 36
OptimizationTime 40.503384 sec
Parameters at optimum (transmm) -0.27934 -0.31321  0.18395
Parameters at optimum (rotdeg)  0.58902 -0.37330  0.09628 
Final costs ----------------
Number of surface hits 237821
WM  Intensity    41.6229 +/-   7.3604
Ctx Intensity    44.5368 +/-  11.2738
Pct Contrast      4.6753 +/-  25.7261
Cost   0.5419
RelCost   0.5360
Reg at min cost was 
 1.00000   0.00114   0.00050   1.03379;
-0.00050   0.00750   0.99997  -13.20586;
 0.00113  -0.99997   0.00750   5.15699;
 0.00000   0.00000   0.00000   1.00000;

Writing optimal reg to /out/sourcedata/freesurfer/sub-v2s0x29040_ses-1/mri/transforms/FLAIRraw.auto.dat, type = 14 
Original Reg 
 0.99998  -0.00537   0.00223   1.32384;
-0.00224  -0.00278   0.99999  -12.84312;
-0.00536  -0.99998  -0.00280   5.09682;
 0.00000   0.00000   0.00000   1.00000;

Original Reg - Optimal Reg
-0.00002  -0.00650   0.00173   0.29005;
-0.00174  -0.01028   0.00002   0.36274;
-0.00649  -0.00001  -0.01029  -0.06017;
 0.00000   0.00000   0.00000   0.00000;

Computing change in lh position
LH rmsDiffMean 0.865926
Computing change in rh position
Surface-RMS-Diff-mm 0.937326 0.350691 1.585166
mri_segreg done
MinCost: 0.541892 41.622943 44.536755 4.675297 
tkregister2_cmdl --mov /out/sourcedata/freesurfer/sub-v2s0x29040_ses-1/mri/orig/FLAIRraw.mgz --reg /out/sourcedata/freesurfer/sub-v2s0x29040_ses-1/mri/transforms/FLAIRraw.auto.dat --noedit --ltaout /out/sourcedata/freesurfer/sub-v2s0x29040_ses-1/mri/transforms/FLAIRraw.auto.lta
INFO: no target volume specified, assuming FreeSurfer orig volume.
target  volume orig
movable volume /out/sourcedata/freesurfer/sub-v2s0x29040_ses-1/mri/orig/FLAIRraw.mgz
reg file       /out/sourcedata/freesurfer/sub-v2s0x29040_ses-1/mri/transforms/FLAIRraw.auto.dat
LoadVol        0
ZeroCRAS       0
7.3.2
Diagnostic Level -1
---- Input registration matrix --------
 1.00000   0.00114   0.00050   1.03379;
-0.00050   0.00750   0.99997  -13.20586;
 0.00113  -0.99997   0.00750   5.15699;
 0.00000   0.00000   0.00000   1.00000;
float2int = 0
---------------------------------------
INFO: loading target /out/sourcedata/freesurfer/sub-v2s0x29040_ses-1/mri/orig.mgz
Ttarg: --------------------
-1.00000   0.00000   0.00000   128.00000;
 0.00000   0.00000   1.00000  -128.00000;
 0.00000  -1.00000   0.00000   128.00000;
 0.00000   0.00000   0.00000   1.00000;
INFO: loading movable /out/sourcedata/freesurfer/sub-v2s0x29040_ses-1/mri/orig/FLAIRraw.mgz
Tmov: --------------------
-0.97656   0.00000   0.00000   91.30859;
 0.00000   0.00000   0.97656  -125.00000;
 0.00000  -0.97656   0.00000   125.00000;
 0.00000   0.00000   0.00000   1.00000;
mkheaderreg = 0, float2int = 0
---- Input registration matrix --------
 1.00000   0.00114   0.00050   1.03379;
-0.00050   0.00750   0.99997  -13.20586;
 0.00113  -0.99997   0.00750   5.15699;
 0.00000   0.00000   0.00000   1.00000;
Determinant 1
subject = sub-v2s0x29040_ses-1
RegMat ---------------------------
 1.00000   0.00114   0.00050   1.03379;
-0.00050   0.00750   0.99997  -13.20586;
 0.00113  -0.99997   0.00750   5.15699;
 0.00000   0.00000   0.00000   1.00000;
Cleaning up
 
Started at Tue Mar 10 12:07:30 CET 2026 
Ended   at Tue Mar 10 12:09:17 CET 2026
BBR-Run-Time-Sec 107
 
bbregister Done
To check results, run:
tkregisterfv --mov /out/sourcedata/freesurfer/sub-v2s0x29040_ses-1/mri/orig/FLAIRraw.mgz --reg /out/sourcedata/freesurfer/sub-v2s0x29040_ses-1/mri/transforms/FLAIRraw.auto.lta --surfs  --sd /out/sourcedata/freesurfer
