/out/sourcedata/freesurfer/sub-v2s0x29040_ses-1/mri
/opt/freesurfer/bin/talairach_avi
--i orig_nu.mgz --xfm transforms/talairach.auto.xfm
talairach_avi 7.3.2
Linux dna058 5.14.0-427.37.1.el9_4.x86_64 #1 SMP PREEMPT_DYNAMIC Fri Sep 13 12:41:50 EDT 2024 x86_64 x86_64 x86_64 GNU/Linux
Tue Mar 10 09:49:37 CET 2026
mri_convert orig_nu.mgz talsrcimg.img 
reading from orig_nu.mgz...
TR=0.00, TE=0.00, TI=0.00, flip angle=0.00
i_ras = (-1, 0, 0)
j_ras = (0, 0, -1)
k_ras = (0, 1, 0)
writing to talsrcimg.img...
Analyze Output Matrix
-1.00000   0.00000   0.00000   129.77406;
 0.00000   0.00000   1.00000  -98.48598;
 0.00000  -1.00000   0.00000   120.89615;
 0.00000   0.00000   0.00000   1.00000;
--------------------
INFO: set hdr.hist.orient to -1
mpr2mni305 talsrcimg
Tue Mar 10 09:49:38 CET 2026
/opt/freesurfer/bin/mpr2mni305 talsrcimg
mpr2mni305 7.3.2
target=711-2C_as_mni_average_305

---------------------------------------------------------------------
analyzeto4dfp talsrcimg -O0 -y
---------------------------------------------------------------------

freesurfer ifh2hdr.c
Tue Mar 10 09:49:38 2026
Writing: talsrcimg.4dfp.hdr
freesurfer analyzeto4dfp.c
Reading: talsrcimg.hdr
header size 348 bytes
hdr.dime.datatype	offset=70	value=2
hdr.dime.bitpix		offset=72	value=8
hdr.hist.orient		offset=252	value=-1
dimensionality     4
dimensions       256       256       256         1
Reading: talsrcimg.img
Writing: talsrcimg.4dfp.img
Writing: talsrcimg.4dfp.ifh
ifh2hdr talsrcimg -r0to255
ori=2

---------------------------------------------------------------------
gauss_4dfp talsrcimg 1.1
---------------------------------------------------------------------

freesurfer gauss_4dfp.c
Reading: talsrcimg.4dfp.img
Writing: talsrcimg_g11.4dfp.img
image dimensions 256 256 256 padded to 288 288 288
processing volume 1freesurfer ifh2hdr.c
Tue Mar 10 09:49:40 2026
Writing: talsrcimg_g11.4dfp.hdr

Writing: talsrcimg_g11.4dfp.ifh
including: talsrcimg.4dfp.img.rec in talsrcimg_g11.4dfp.img.rec

---------------------------------------------------------------------
imgreg_4dfp /opt/freesurfer/average/711-2C_as_mni_average_305 none talsrcimg_g11 none talsrcimg_to_711-2C_as_mni_average_305_t4 4355
---------------------------------------------------------------------

freesurfer imgreg_4dfp.c
/opt/freesurfer/average/711-2C_as_mni_average_305.4dfp.img
       256       256       256         1
  1.000000  1.000000  1.000000
orientation T byte_order littleendian
Reading image: /opt/freesurfer/average/711-2C_as_mni_average_305.4dfp.img
dimensions:      256       256       256
mmppix:       1.0000   -1.0000   -1.0000
center:     128.0000 -129.0000 -129.0000
talsrcimg_g11.4dfp.img
       256       256       256         1
  1.000000  1.000000  1.000000
orientation T byte_order littleendian
Reading image: talsrcimg_g11.4dfp.img
dimensions:      256       256       256
mmppix:       1.0000   -1.0000   -1.0000
center:     128.0000 -129.0000 -129.0000
t4_read: open error in t4_sub.f l:  41 t4_file(1:l)talsrcimg_to_711-2C_as_mni_average_305_t4 
t4_read: transform initialized to I4
rotation matrix determinant  1.000000
image alignment mode   4355 decimal     1103 hex
   -7.5000  -45.0000  -45.0000 9459.3223    9.2242
    0.0000  -45.0000  -45.0000 9889.4648    9.2265
    7.5000  -45.0000  -45.0000 9464.8340    9.2228
   -7.5000  -37.5000  -45.0000 9662.7402    9.0980
    0.0000  -37.5000  -45.000010120.3926    9.0980
    7.5000  -37.5000  -45.0000 9679.6816    9.0933
   -7.5000  -30.0000  -45.000010141.1299    8.9073
    0.0000  -30.0000  -45.000010609.9844    8.9077
    7.5000  -30.0000  -45.000010156.1787    8.9047
   -7.5000  -22.5000  -45.000010516.7949    8.7569
    0.0000  -22.5000  -45.000010997.5586    8.7581
    7.5000  -22.5000  -45.000010535.0967    8.7565
   -7.5000  -15.0000  -45.000010793.5371    8.6515
    0.0000  -15.0000  -45.000011296.2305    8.6535
    7.5000  -15.0000  -45.000010825.5293    8.6513
   -7.5000   -7.5000  -45.000011072.7031    8.6240
    0.0000   -7.5000  -45.000011605.0234    8.6259
    7.5000   -7.5000  -45.000011112.5127    8.6215
   -7.5000    0.0000  -45.000011361.2764    8.6272
    0.0000    0.0000  -45.000011906.6553    8.6285
    7.5000    0.0000  -45.000011388.5967    8.6230
   -7.5000    7.5000  -45.000010840.5850    8.7103
    0.0000    7.5000  -45.000011354.2617    8.7103
    7.5000    7.5000  -45.000010849.7295    8.7056
   -7.5000   15.0000  -45.000010265.2227    8.8360
    0.0000   15.0000  -45.000010758.1240    8.8349
    7.5000   15.0000  -45.000010265.3779    8.8312
   -7.5000   22.5000  -45.0000 9681.4785    9.0030
    0.0000   22.5000  -45.000010144.0439    9.0007
    7.5000   22.5000  -45.0000 9681.3262    8.9969
   -7.5000   30.0000  -45.0000 9135.8340    9.1112
    0.0000   30.0000  -45.0000 9554.7402    9.1072
    7.5000   30.0000  -45.0000 9120.5215    9.1017
   -7.5000   37.5000  -45.0000 8953.3809    9.4193
    0.0000   37.5000  -45.0000 9382.0762    9.4140
    7.5000   37.5000  -45.0000 8925.6318    9.4056
   -7.5000   45.0000  -45.0000 8417.7559    9.5346
    0.0000   45.0000  -45.0000 8813.2900    9.5283
    7.5000   45.0000  -45.0000 8394.2021    9.5186
   -7.5000  -45.0000  -37.5000 9909.6064    9.1590
    0.0000  -45.0000  -37.500010385.5078    9.1625
    7.5000  -45.0000  -37.5000 9929.8184    9.1586
   -7.5000  -37.5000  -37.500010100.4609    9.0359
    0.0000  -37.5000  -37.500010599.5352    9.0365
    7.5000  -37.5000  -37.500010134.5127    9.0315
   -7.5000  -30.0000  -37.500010587.9326    8.8480
    0.0000  -30.0000  -37.500011098.7871    8.8489
    7.5000  -30.0000  -37.500010617.2842    8.8456
   -7.5000  -22.5000  -37.500011017.3740    8.6992
    0.0000  -22.5000  -37.500011538.5986    8.7019
    7.5000  -22.5000  -37.500011038.0049    8.7003
   -7.5000  -15.0000  -37.500011338.4102    8.5941
    0.0000  -15.0000  -37.500011887.9844    8.5982
    7.5000  -15.0000  -37.500011362.8926    8.5967
   -7.5000   -7.5000  -37.500011684.4600    8.5659
    0.0000   -7.5000  -37.500012258.5527    8.5696
    7.5000   -7.5000  -37.500011715.2686    8.5660
   -7.5000    0.0000  -37.500012021.6377    8.5688
    0.0000    0.0000  -37.500012592.8906    8.5712
    7.5000    0.0000  -37.500012026.4033    8.5661
   -7.5000    7.5000  -37.500011508.7637    8.6524
    0.0000    7.5000  -37.500012057.1660    8.6529
    7.5000    7.5000  -37.500011506.8330    8.6480
   -7.5000   15.0000  -37.500010898.9346    8.7790
    0.0000   15.0000  -37.500011421.2432    8.7785
    7.5000   15.0000  -37.500010882.2500    8.7743
   -7.5000   22.5000  -37.500010281.5918    8.9438
    0.0000   22.5000  -37.500010767.3047    8.9432
    7.5000   22.5000  -37.500010262.6602    8.9395
   -7.5000   30.0000  -37.5000 9674.9941    9.0452
    0.0000   30.0000  -37.500010128.6260    9.0444
    7.5000   30.0000  -37.5000 9641.0713    9.0401
   -7.5000   37.5000  -37.5000 9476.8262    9.3483
    0.0000   37.5000  -37.5000 9930.4160    9.3466
    7.5000   37.5000  -37.5000 9435.4854    9.3401
   -7.5000   45.0000  -37.5000 8919.6465    9.4621
    0.0000   45.0000  -37.5000 9355.0039    9.4583
    7.5000   45.0000  -37.5000 8892.3516    9.4496
   -7.5000  -45.0000  -30.000010530.8896    9.5187
    0.0000  -45.0000  -30.000011018.8428    9.5232
    7.5000  -45.0000  -30.000010535.9453    9.5176
   -7.5000  -37.5000  -30.000010750.3857    9.3883
    0.0000  -37.5000  -30.000011260.9229    9.3898
    7.5000  -37.5000  -30.000010760.3770    9.3837
   -7.5000  -30.0000  -30.000011283.2373    9.1932
    0.0000  -30.0000  -30.000011818.6328    9.1956
    7.5000  -30.0000  -30.000011286.3672    9.1922
   -7.5000  -22.5000  -30.000011766.1641    9.0406
    0.0000  -22.5000  -30.000012320.2578    9.0455
    7.5000  -22.5000  -30.000011759.1162    9.0445
   -7.5000  -15.0000  -30.000012164.3330    8.9334
    0.0000  -15.0000  -30.000012739.7119    8.9401
    7.5000  -15.0000  -30.000012149.5850    8.9388
   -7.5000   -7.5000  -30.000012560.4521    8.9048
    0.0000   -7.5000  -30.000013147.1484    8.9104
    7.5000   -7.5000  -30.000012542.7383    8.9060
   -7.5000    0.0000  -30.000012916.9805    8.9066
    0.0000    0.0000  -30.000013510.8701    8.9099
    7.5000    0.0000  -30.000012901.6875    8.9034
   -7.5000    7.5000  -30.000012380.9922    8.9913
    0.0000    7.5000  -30.000012962.0283    8.9927
    7.5000    7.5000  -30.000012356.4512    8.9868
   -7.5000   15.0000  -30.000011723.8457    9.1238
    0.0000   15.0000  -30.000012286.7168    9.1248
    7.5000   15.0000  -30.000011695.8740    9.1204
   -7.5000   22.5000  -30.000011082.0723    9.2935
    0.0000   22.5000  -30.000011591.0869    9.2957
    7.5000   22.5000  -30.000011033.8408    9.2929
   -7.5000   30.0000  -30.000010405.9219    9.3978
    0.0000   30.0000  -30.000010890.3086    9.4007
    7.5000   30.0000  -30.000010352.2100    9.3980
   -7.5000   37.5000  -30.000010170.5479    9.7104
    0.0000   37.5000  -30.000010659.5938    9.7122
    7.5000   37.5000  -30.000010115.1748    9.7067
   -7.5000   45.0000  -30.0000 9560.6934    9.8343
    0.0000   45.0000  -30.000010029.8174    9.8326
    7.5000   45.0000  -30.0000 9519.2676    9.8240
   -7.5000  -45.0000  -22.500011153.8594    9.8624
    0.0000  -45.0000  -22.500011662.5352    9.8657
    7.5000  -45.0000  -22.500011143.9893    9.8580
   -7.5000  -37.5000  -22.500011367.0840    9.7231
    0.0000  -37.5000  -22.500011895.8232    9.7241
    7.5000  -37.5000  -22.500011369.7969    9.7171
   -7.5000  -30.0000  -22.500011980.0254    9.5205
    0.0000  -30.0000  -22.500012538.7998    9.5230
    7.5000  -30.0000  -22.500011976.9551    9.5200
   -7.5000  -22.5000  -22.500012568.3955    9.3643
    0.0000  -22.5000  -22.500013139.7002    9.3695
    7.5000  -22.5000  -22.500012539.3457    9.3686
   -7.5000  -15.0000  -22.500013039.5205    9.2558
    0.0000  -15.0000  -22.500013622.4072    9.2621
    7.5000  -15.0000  -22.500012992.4531    9.2601
   -7.5000   -7.5000  -22.500013464.7168    9.2276
    0.0000   -7.5000  -22.500014067.5771    9.2323
    7.5000   -7.5000  -22.500013419.1807    9.2261
   -7.5000    0.0000  -22.500013864.3555    9.2286
    0.0000    0.0000  -22.500014465.5078    9.2307
    7.5000    0.0000  -22.500013818.1689    9.2221
   -7.5000    7.5000  -22.500013296.3779    9.3132
    0.0000    7.5000  -22.500013898.0654    9.3141
    7.5000    7.5000  -22.500013245.3359    9.3072
   -7.5000   15.0000  -22.500012598.7666    9.4493
    0.0000   15.0000  -22.500013188.9307    9.4504
    7.5000   15.0000  -22.500012558.8613    9.4465
   -7.5000   22.5000  -22.500011900.6875    9.6246
    0.0000   22.5000  -22.500012460.0898    9.6271
    7.5000   22.5000  -22.500011855.1455    9.6251
   -7.5000   30.0000  -22.500011195.7178    9.7369
    0.0000   30.0000  -22.500011723.3076    9.7398
    7.5000   30.0000  -22.500011124.1846    9.7370
   -7.5000   37.5000  -22.500010895.1738   10.0600
    0.0000   37.5000  -22.500011408.9707   10.0604
    7.5000   37.5000  -22.500010829.7920   10.0538
   -7.5000   45.0000  -22.500010241.2891   10.1931
    0.0000   45.0000  -22.500010730.2266   10.1900
    7.5000   45.0000  -22.500010194.1309   10.1801
   -7.5000  -45.0000  -15.000011759.0283   10.1080
    0.0000  -45.0000  -15.000012270.5146   10.1098
    7.5000  -45.0000  -15.000011735.2119   10.1017
   -7.5000  -37.5000  -15.000012021.8799    9.9635
    0.0000  -37.5000  -15.000012548.8838    9.9637
    7.5000  -37.5000  -15.000011992.8369    9.9570
   -7.5000  -30.0000  -15.000012719.1602    9.7555
    0.0000  -30.0000  -15.000013285.2822    9.7575
    7.5000  -30.0000  -15.000012673.9814    9.7550
   -7.5000  -22.5000  -15.000013380.3604    9.5960
    0.0000  -22.5000  -15.000013946.8096    9.5997
    7.5000  -22.5000  -15.000013317.1816    9.5986
   -7.5000  -15.0000  -15.000013897.3965    9.4859
    0.0000  -15.0000  -15.000014469.8389    9.4899
    7.5000  -15.0000  -15.000013837.9668    9.4868
   -7.5000   -7.5000  -15.000014376.0225    9.4582
    0.0000   -7.5000  -15.000014982.3633    9.4606
    7.5000   -7.5000  -15.000014322.2578    9.4531
   -7.5000    0.0000  -15.000014842.6943    9.4593
    0.0000    0.0000  -15.000015449.8037    9.4600
    7.5000    0.0000  -15.000014769.7256    9.4507
   -7.5000    7.5000  -15.000014251.0029    9.5443
    0.0000    7.5000  -15.000014856.2246    9.5446
    7.5000    7.5000  -15.000014170.5283    9.5378
   -7.5000   15.0000  -15.000013533.5820    9.6814
    0.0000   15.0000  -15.000014125.2412    9.6818
    7.5000   15.0000  -15.000013488.6973    9.6786
   -7.5000   22.5000  -15.000012770.0176    9.8606
    0.0000   22.5000  -15.000013346.5352    9.8613
    7.5000   22.5000  -15.000012721.5576    9.8592
   -7.5000   30.0000  -15.000012019.2998    9.9822
    0.0000   30.0000  -15.000012546.7441    9.9818
    7.5000   30.0000  -15.000011951.4238    9.9772
   -7.5000   37.5000  -15.000011723.5352   10.3138
    0.0000   37.5000  -15.000012228.8770   10.3101
    7.5000   37.5000  -15.000011650.3027   10.3011
   -7.5000   45.0000  -15.000010987.1377   10.4530
    0.0000   45.0000  -15.000011484.2920   10.4471
    7.5000   45.0000  -15.000010938.6787   10.4358
   -7.5000  -45.0000   -7.500012410.2471   10.2136
    0.0000  -45.0000   -7.500012929.8115   10.2149
    7.5000  -45.0000   -7.500012356.2109   10.2086
   -7.5000  -37.5000   -7.500012725.6221   10.0705
    0.0000  -37.5000   -7.500013263.4736   10.0701
    7.5000  -37.5000   -7.500012667.2031   10.0642
   -7.5000  -30.0000   -7.500013510.6553    9.8601
    0.0000  -30.0000   -7.500014077.9961    9.8610
    7.5000  -30.0000   -7.500013428.4570    9.8581
   -7.5000  -22.5000   -7.500014192.7383    9.6968
    0.0000  -22.5000   -7.500014791.2891    9.6986
    7.5000  -22.5000   -7.500014121.4570    9.6969
   -7.5000  -15.0000   -7.500014757.3232    9.5840
    0.0000  -15.0000   -7.500015376.1221    9.5858
    7.5000  -15.0000   -7.500014708.5000    9.5824
   -7.5000   -7.5000   -7.500015303.3877    9.5560
    0.0000   -7.5000   -7.500015937.1670    9.5570
    7.5000   -7.5000   -7.500015228.5254    9.5502
   -7.5000    0.0000   -7.500015826.7275    9.5589
    0.0000    0.0000   -7.500016456.1680    9.5593
    7.5000    0.0000   -7.500015720.1895    9.5512
   -7.5000    7.5000   -7.500015238.5479    9.6465
    0.0000    7.5000   -7.500015847.0049    9.6463
    7.5000    7.5000   -7.500015120.4727    9.6402
   -7.5000   15.0000   -7.500014520.5605    9.7830
    0.0000   15.0000   -7.500015098.8467    9.7821
    7.5000   15.0000   -7.500014445.2061    9.7787
   -7.5000   22.5000   -7.500013714.4746    9.9624
    0.0000   22.5000   -7.500014272.0098    9.9606
    7.5000   22.5000   -7.500013646.2910    9.9572
   -7.5000   30.0000   -7.500012927.3672   10.0886
    0.0000   30.0000   -7.500013444.4102   10.0844
    7.5000   30.0000   -7.500012857.4590   10.0783
   -7.5000   37.5000   -7.500012596.7217   10.4257
    0.0000   37.5000   -7.500013124.0312   10.4188
    7.5000   37.5000   -7.500012534.9170   10.4086
   -7.5000   45.0000   -7.500011800.5967   10.5686
    0.0000   45.0000   -7.500012329.2109   10.5607
    7.5000   45.0000   -7.500011769.8320   10.5491
   -7.5000  -45.0000    0.000013018.8691   10.2133
    0.0000  -45.0000    0.000013566.3799   10.2155
    7.5000  -45.0000    0.000012972.6006   10.2113
   -7.5000  -37.5000    0.000013371.0420   10.0751
    0.0000  -37.5000    0.000013939.0166   10.0747
    7.5000  -37.5000    0.000013297.7412   10.0696
   -7.5000  -30.0000    0.000014177.6357    9.8653
    0.0000  -30.0000    0.000014783.6543    9.8655
    7.5000  -30.0000    0.000014091.0039    9.8623
   -7.5000  -22.5000    0.000014930.6172    9.6998
    0.0000  -22.5000    0.000015568.2568    9.7010
    7.5000  -22.5000    0.000014832.9033    9.6992
   -7.5000  -15.0000    0.000015543.9268    9.5842
    0.0000  -15.0000    0.000016203.5859    9.5861
    7.5000  -15.0000    0.000015457.3984    9.5837
   -7.5000   -7.5000    0.000016133.7373    9.5546
    0.0000   -7.5000    0.000016808.5254    9.5563
    7.5000   -7.5000    0.000016040.2305    9.5515
   -7.5000    0.0000    0.000016711.2480    9.5588
    0.0000    0.0000    0.000017380.3594    9.5599
    7.5000    0.0000    0.000016612.6172    9.5539
   -7.5000    7.5000    0.000016116.6748    9.6500
    0.0000    7.5000    0.000016738.3047    9.6497
    7.5000    7.5000    0.000016023.6504    9.6446
   -7.5000   15.0000    0.000015442.8555    9.7872
    0.0000   15.0000    0.000016050.6523    9.7857
    7.5000   15.0000    0.000015384.6660    9.7817
   -7.5000   22.5000    0.000014667.6602    9.9664
    0.0000   22.5000    0.000015258.7451    9.9636
    7.5000   22.5000    0.000014622.0420    9.9595
   -7.5000   30.0000    0.000013836.0645   10.0906
    0.0000   30.0000    0.000014418.1846   10.0859
    7.5000   30.0000    0.000013785.4980   10.0798
   -7.5000   37.5000    0.000013494.5078   10.4287
    0.0000   37.5000    0.000014079.7539   10.4225
    7.5000   37.5000    0.000013452.2090   10.4133
   -7.5000   45.0000    0.000012614.3877   10.5736
    0.0000   45.0000    0.000013204.5225   10.5662
    7.5000   45.0000    0.000012596.0508   10.5555
   -7.5000  -45.0000    7.500012617.8848   10.2069
    0.0000  -45.0000    7.500013191.9033   10.2109
    7.5000  -45.0000    7.500012592.9473   10.2069
   -7.5000  -37.5000    7.500012956.1816   10.0700
    0.0000  -37.5000    7.500013535.6279   10.0708
    7.5000  -37.5000    7.500012906.3213   10.0656
   -7.5000  -30.0000    7.500013748.2129    9.8612
    0.0000  -30.0000    7.500014361.5791    9.8624
    7.5000  -30.0000    7.500013669.2021    9.8590
   -7.5000  -22.5000    7.500014484.8975    9.6960
    0.0000  -22.5000    7.500015166.8730    9.6991
    7.5000  -22.5000    7.500014391.7207    9.6976
   -7.5000  -15.0000    7.500015122.3203    9.5795
    0.0000  -15.0000    7.500015845.6250    9.5841
    7.5000  -15.0000    7.500015008.6025    9.5826
   -7.5000   -7.5000    7.500015751.3564    9.5483
    0.0000   -7.5000    7.500016468.3379    9.5526
    7.5000   -7.5000    7.500015643.5029    9.5488
   -7.5000    0.0000    7.500016351.3438    9.5517
    0.0000    0.0000    7.500017072.2617    9.5545
    7.5000    0.0000    7.500016255.2773    9.5490
   -7.5000    7.5000    7.500015858.4258    9.6443
    0.0000    7.5000    7.500016570.1934    9.6451
    7.5000    7.5000    7.500015792.5098    9.6399
   -7.5000   15.0000    7.500015371.3672    9.7846
    0.0000   15.0000    7.500016130.0820    9.7843
    7.5000   15.0000    7.500015320.0752    9.7798
   -7.5000   22.5000    7.500014794.4736    9.9642
    0.0000   22.5000    7.500015595.0039    9.9638
    7.5000   22.5000    7.500014752.4082    9.9598
   -7.5000   30.0000    7.500013931.2080   10.0836
    0.0000   30.0000    7.500014736.2217   10.0828
    7.5000   30.0000    7.500013898.3672   10.0782
   -7.5000   37.5000    7.500013484.3965   10.4203
    0.0000   37.5000    7.500014252.2002   10.4186
    7.5000   37.5000    7.500013427.8867   10.4115
   -7.5000   45.0000    7.500012552.7041   10.5663
    0.0000   45.0000    7.500013269.1572   10.5622
    7.5000   45.0000    7.500012505.9434   10.5528
   -7.5000  -45.0000   15.000012024.0908   10.2189
    0.0000  -45.0000   15.000012644.7676   10.2237
    7.5000  -45.0000   15.000012018.2334   10.2177
   -7.5000  -37.5000   15.000012386.5938   10.0788
    0.0000  -37.5000   15.000013011.0586   10.0805
    7.5000  -37.5000   15.000012356.7578   10.0739
   -7.5000  -30.0000   15.000013175.0693    9.8695
    0.0000  -30.0000   15.000013833.6943    9.8720
    7.5000  -30.0000   15.000013135.0459    9.8684
   -7.5000  -22.5000   15.000013915.0869    9.7057
    0.0000  -22.5000   15.000014640.9678    9.7110
    7.5000  -22.5000   15.000013872.6904    9.7098
   -7.5000  -15.0000   15.000014565.0898    9.5907
    0.0000  -15.0000   15.000015319.3096    9.5978
    7.5000  -15.0000   15.000014509.5322    9.5965
   -7.5000   -7.5000   15.000015225.2207    9.5600
    0.0000   -7.5000   15.000016002.3564    9.5660
    7.5000   -7.5000   15.000015171.2686    9.5613
   -7.5000    0.0000   15.000015846.9629    9.5619
    0.0000    0.0000   15.000016691.1250    9.5654
    7.5000    0.0000   15.000015797.1328    9.5585
   -7.5000    7.5000   15.000015426.8281    9.6528
    0.0000    7.5000   15.000016360.4521    9.6543
    7.5000    7.5000   15.000015389.8955    9.6479
   -7.5000   15.0000   15.000015058.7520    9.7949
    0.0000   15.0000   15.000016097.6270    9.7960
    7.5000   15.0000   15.000015015.3057    9.7913
   -7.5000   22.5000   15.000014522.6387    9.9750
    0.0000   22.5000   15.000015788.9551    9.9773
    7.5000   22.5000   15.000014493.7949    9.9743
   -7.5000   30.0000   15.000013653.6865   10.0920
    0.0000   30.0000   15.000014853.0068   10.0952
    7.5000   30.0000   15.000013633.8418   10.0923
   -7.5000   37.5000   15.000013186.3467   10.4277
    0.0000   37.5000   15.000014264.0840   10.4296
    7.5000   37.5000   15.000013125.3691   10.4237
   -7.5000   45.0000   15.000012213.2871   10.5746
    0.0000   45.0000   15.000013107.2803   10.5727
    7.5000   45.0000   15.000012133.0391   10.5636
   -7.5000  -45.0000   22.500011298.7627   10.2380
    0.0000  -45.0000   22.500011965.1807   10.2414
    7.5000  -45.0000   22.500011340.8496   10.2334
   -7.5000  -37.5000   22.500011656.6270   10.0934
    0.0000  -37.5000   22.500012319.5752   10.0944
    7.5000  -37.5000   22.500011682.6504   10.0871
   -7.5000  -30.0000   22.500012440.3477    9.8831
    0.0000  -30.0000   22.500013154.3721    9.8857
    7.5000  -30.0000   22.500012442.7480    9.8825
   -7.5000  -22.5000   22.500013180.3125    9.7210
    0.0000  -22.5000   22.500013949.4209    9.7263
    7.5000  -22.5000   22.500013181.6221    9.7254
   -7.5000  -15.0000   22.500013815.1934    9.6083
    0.0000  -15.0000   22.500014612.7002    9.6148
    7.5000  -15.0000   22.500013827.8018    9.6128
   -7.5000   -7.5000   22.500014452.9619    9.5791
    0.0000   -7.5000   22.500015294.5488    9.5839
    7.5000   -7.5000   22.500014449.7510    9.5775
   -7.5000    0.0000   22.500015072.0391    9.5800
    0.0000    0.0000   22.500015965.5430    9.5822
    7.5000    0.0000   22.500015020.2539    9.5733
   -7.5000    7.5000   22.500014642.6182    9.6679
    0.0000    7.5000   22.500015580.4219    9.6688
    7.5000    7.5000   22.500014601.8760    9.6617
   -7.5000   15.0000   22.500014173.1328    9.8092
    0.0000   15.0000   22.500015209.4688    9.8103
    7.5000   15.0000   22.500014170.0059    9.8063
   -7.5000   22.5000   22.500013508.8320    9.9896
    0.0000   22.5000   22.500014654.3887    9.9923
    7.5000   22.5000   22.500013512.5293    9.9901
   -7.5000   30.0000   22.500012680.1104   10.1091
    0.0000   30.0000   22.500013780.8896   10.1122
    7.5000   30.0000   22.500012682.6104   10.1093
   -7.5000   37.5000   22.500012377.4805   10.4446
    0.0000   37.5000   22.500013414.7881   10.4450
    7.5000   37.5000   22.500012312.8066   10.4382
   -7.5000   45.0000   22.500011516.8770   10.5904
    0.0000   45.0000   22.500012410.9180   10.5872
    7.5000   45.0000   22.500011442.8877   10.5769
   -7.5000  -45.0000   30.000010415.4512   10.2486
    0.0000  -45.0000   30.000010947.2285   10.2503
    7.5000  -45.0000   30.000010459.5732   10.2422
   -7.5000  -37.5000   30.000010753.6738   10.1021
    0.0000  -37.5000   30.000011307.7930   10.1024
    7.5000  -37.5000   30.000010782.5752   10.0955
   -7.5000  -30.0000   30.000011513.6729    9.8913
    0.0000  -30.0000   30.000012126.5352    9.8933
    7.5000  -30.0000   30.000011515.6562    9.8907
   -7.5000  -22.5000   30.000012202.3809    9.7294
    0.0000  -22.5000   30.000012872.1875    9.7332
    7.5000  -22.5000   30.000012228.0156    9.7321
   -7.5000  -15.0000   30.000012806.2852    9.6177
    0.0000  -15.0000   30.000013495.2051    9.6217
    7.5000  -15.0000   30.000012828.4629    9.6185
   -7.5000   -7.5000   30.000013420.5957    9.5895
    0.0000   -7.5000   30.000014113.2842    9.5920
    7.5000   -7.5000   30.000013391.1387    9.5844
   -7.5000    0.0000   30.000013935.1055    9.5907
    0.0000    0.0000   30.000014656.7920    9.5915
    7.5000    0.0000   30.000013878.7236    9.5820
   -7.5000    7.5000   30.000013492.8652    9.6770
    0.0000    7.5000   30.000014207.6416    9.6773
    7.5000    7.5000   30.000013453.8711    9.6704
   -7.5000   15.0000   30.000012981.2734    9.8161
    0.0000   15.0000   30.000013720.2412    9.8165
    7.5000   15.0000   30.000012975.8965    9.8133
   -7.5000   22.5000   30.000012316.3203    9.9967
    0.0000   22.5000   30.000013062.9580    9.9974
    7.5000   22.5000   30.000012336.5791    9.9952
   -7.5000   30.0000   30.000011580.3516   10.1210
    0.0000   30.0000   30.000012262.7598   10.1205
    7.5000   30.0000   30.000011581.6240   10.1159
   -7.5000   37.5000   30.000011335.0713   10.4572
    0.0000   37.5000   30.000011984.3076   10.4534
    7.5000   37.5000   30.000011284.5508   10.4443
   -7.5000   45.0000   30.000010624.9502   10.6011
    0.0000   45.0000   30.000011250.4697   10.5951
    7.5000   45.0000   30.000010572.4863   10.5837
   -7.5000  -45.0000   37.5000 9932.8828   10.3455
    0.0000  -45.0000   37.500010298.8467   10.3468
    7.5000  -45.0000   37.5000 9913.9678   10.3404
   -7.5000  -37.5000   37.500010250.5586   10.1983
    0.0000  -37.5000   37.500010641.9121   10.1978
    7.5000  -37.5000   37.500010204.7207   10.1918
   -7.5000  -30.0000   37.500010971.5225    9.9830
    0.0000  -30.0000   37.500011419.9893    9.9839
    7.5000  -30.0000   37.500010920.5459    9.9810
   -7.5000  -22.5000   37.500011631.3906    9.8170
    0.0000  -22.5000   37.500012147.6182    9.8187
    7.5000  -22.5000   37.500011603.0098    9.8171
   -7.5000  -15.0000   37.500012235.3340    9.7024
    0.0000  -15.0000   37.500012769.3691    9.7042
    7.5000  -15.0000   37.500012189.6924    9.7008
   -7.5000   -7.5000   37.500012843.8896    9.6736
    0.0000   -7.5000   37.500013406.1484    9.6746
    7.5000   -7.5000   37.500012777.2266    9.6676
   -7.5000    0.0000   37.500013363.7295    9.6757
    0.0000    0.0000   37.500013949.8398    9.6760
    7.5000    0.0000   37.500013288.5078    9.6678
   -7.5000    7.5000   37.500012903.8740    9.7645
    0.0000    7.5000   37.500013497.0635    9.7643
    7.5000    7.5000   37.500012855.0312    9.7580
   -7.5000   15.0000   37.500012398.3730    9.9042
    0.0000   15.0000   37.500012988.6250    9.9032
    7.5000   15.0000   37.500012379.2217    9.8998
   -7.5000   22.5000   37.500011782.2803   10.0888
    0.0000   22.5000   37.500012331.6768   10.0868
    7.5000   22.5000   37.500011769.4785   10.0835
   -7.5000   30.0000   37.500011103.3037   10.2204
    0.0000   30.0000   37.500011608.7227   10.2161
    7.5000   30.0000   37.500011078.5479   10.2099
   -7.5000   37.5000   37.500010871.3506   10.5631
    0.0000   37.5000   37.500011355.7002   10.5560
    7.5000   37.5000   37.500010825.3174   10.5456
   -7.5000   45.0000   37.500010216.7432   10.6972
    0.0000   45.0000   37.500010666.1230   10.6891
    7.5000   45.0000   37.500010158.6680   10.6772
   -7.5000  -45.0000   45.0000 9150.0459   10.5415
    0.0000  -45.0000   45.0000 9447.6240   10.5440
    7.5000  -45.0000   45.0000 9090.1729   10.5396
   -7.5000  -37.5000   45.0000 9443.5312   10.3924
    0.0000  -37.5000   45.0000 9756.4316   10.3921
    7.5000  -37.5000   45.0000 9360.2910   10.3867
   -7.5000  -30.0000   45.000010088.8125   10.1694
    0.0000  -30.0000   45.000010457.1055   10.1696
    7.5000  -30.0000   45.000010012.3086   10.1662
   -7.5000  -22.5000   45.000010710.2812    9.9948
    0.0000  -22.5000   45.000011133.8711    9.9962
    7.5000  -22.5000   45.000010648.9561    9.9943
   -7.5000  -15.0000   45.000011292.5840    9.8722
    0.0000  -15.0000   45.000011729.5752    9.8745
    7.5000  -15.0000   45.000011209.9268    9.8720
   -7.5000   -7.5000   45.000011888.4277    9.8392
    0.0000   -7.5000   45.000012340.8633    9.8413
    7.5000   -7.5000   45.000011799.3594    9.8361
   -7.5000    0.0000   45.000012377.2773    9.8413
    0.0000    0.0000   45.000012851.7900    9.8428
    7.5000    0.0000   45.000012294.5713    9.8364
   -7.5000    7.5000   45.000011961.1650    9.9378
    0.0000    7.5000   45.000012444.6846    9.9376
    7.5000    7.5000   45.000011900.7939    9.9322
   -7.5000   15.0000   45.000011461.7031   10.0858
    0.0000   15.0000   45.000011950.6885   10.0843
    7.5000   15.0000   45.000011426.6885   10.0800
   -7.5000   22.5000   45.000010902.8857   10.2794
    0.0000   22.5000   45.000011345.4150   10.2765
    7.5000   22.5000   45.000010855.5049   10.2722
   -7.5000   30.0000   45.000010288.7852   10.4070
    0.0000   30.0000   45.000010693.5830   10.4022
    7.5000   30.0000   45.000010220.2422   10.3958
   -7.5000   37.5000   45.000010047.5566   10.7425
    0.0000   37.5000   45.000010426.8350   10.7360
    7.5000   37.5000   45.0000 9978.2910   10.7262
   -7.5000   45.0000   45.0000 9461.1992   10.8649
    0.0000   45.0000   45.0000 9825.5859   10.8571
    7.5000   45.0000   45.0000 9380.2480   10.8459

---------------------------------------------------------------------
imgreg_4dfp /opt/freesurfer/average/711-2C_as_mni_average_305 /opt/freesurfer/average/711-2B_as_mni_average_305_mask talsrcimg_g11 none talsrcimg_to_711-2C_as_mni_average_305_t4 4355
---------------------------------------------------------------------

freesurfer imgreg_4dfp.c
/opt/freesurfer/average/711-2C_as_mni_average_305.4dfp.img
       256       256       256         1
  1.000000  1.000000  1.000000
orientation T byte_order littleendian
Reading image: /opt/freesurfer/average/711-2C_as_mni_average_305.4dfp.img
dimensions:      256       256       256
mmppix:       1.0000   -1.0000   -1.0000
center:     128.0000 -129.0000 -129.0000
/opt/freesurfer/average/711-2B_as_mni_average_305_mask.4dfp.img
       256       256       256         1
  1.000000  1.000000  1.000000
orientation T byte_order littleendian
Reading mask: /opt/freesurfer/average/711-2B_as_mni_average_305_mask.4dfp.img (2306576 pixels)
talsrcimg_g11.4dfp.img
       256       256       256         1
  1.000000  1.000000  1.000000
orientation T byte_order littleendian
Reading image: talsrcimg_g11.4dfp.img
dimensions:      256       256       256
mmppix:       1.0000   -1.0000   -1.0000
center:     128.0000 -129.0000 -129.0000
rotation matrix determinant  1.000000
image alignment mode   4355 decimal     1103 hex
   -7.5000  -45.0000  -45.0000 2250.0098   13.2583
    0.0000  -45.0000  -45.0000 2265.5876   13.1195
    7.5000  -45.0000  -45.0000 2258.1504   13.2191
   -7.5000  -37.5000  -45.0000 2254.0696   13.2875
    0.0000  -37.5000  -45.0000 2269.8225   13.1436
    7.5000  -37.5000  -45.0000 2264.5488   13.2452
   -7.5000  -30.0000  -45.0000 2251.5742   13.3330
    0.0000  -30.0000  -45.0000 2260.7625   13.1927
    7.5000  -30.0000  -45.0000 2258.8357   13.2942
   -7.5000  -22.5000  -45.0000 2246.3718   13.4445
    0.0000  -22.5000  -45.0000 2252.9680   13.3145
    7.5000  -22.5000  -45.0000 2249.9624   13.4051
   -7.5000  -15.0000  -45.0000 2245.0930   13.6048
    0.0000  -15.0000  -45.0000 2252.6562   13.4808
    7.5000  -15.0000  -45.0000 2251.1531   13.5828
   -7.5000   -7.5000  -45.0000 2249.7341   13.7129
    0.0000   -7.5000  -45.0000 2262.7422   13.6174
    7.5000   -7.5000  -45.0000 2261.7009   13.6939
   -7.5000    0.0000  -45.0000 2263.7319   13.8547
    0.0000    0.0000  -45.0000 2274.8999   13.7668
    7.5000    0.0000  -45.0000 2271.5762   13.8463
   -7.5000    7.5000  -45.0000 2267.2063   14.0062
    0.0000    7.5000  -45.0000 2276.0642   13.9174
    7.5000    7.5000  -45.0000 2270.0305   13.9877
   -7.5000   15.0000  -45.0000 2265.3840   14.1142
    0.0000   15.0000  -45.0000 2277.7036   14.0360
    7.5000   15.0000  -45.0000 2268.2271   14.1149
   -7.5000   22.5000  -45.0000 2262.4580   14.2410
    0.0000   22.5000  -45.0000 2276.9382   14.1796
    7.5000   22.5000  -45.0000 2269.2698   14.2381
   -7.5000   30.0000  -45.0000 2254.9375   14.4310
    0.0000   30.0000  -45.0000 2270.4771   14.3303
    7.5000   30.0000  -45.0000 2263.9094   14.3980
   -7.5000   37.5000  -45.0000 2247.1233   14.7435
    0.0000   37.5000  -45.0000 2269.7583   14.6811
    7.5000   37.5000  -45.0000 2253.9060   14.7383
   -7.5000   45.0000  -45.0000 2225.3867   15.4528
    0.0000   45.0000  -45.0000 2242.2737   15.3582
    7.5000   45.0000  -45.0000 2225.7913   15.4627
   -7.5000  -45.0000  -37.5000 2359.8750   12.2695
    0.0000  -45.0000  -37.5000 2380.2847   12.1387
    7.5000  -45.0000  -37.5000 2372.1277   12.2095
   -7.5000  -37.5000  -37.5000 2361.2620   12.2299
    0.0000  -37.5000  -37.5000 2382.8960   12.1053
    7.5000  -37.5000  -37.5000 2376.5444   12.1842
   -7.5000  -30.0000  -37.5000 2355.7405   12.2685
    0.0000  -30.0000  -37.5000 2372.7966   12.1405
    7.5000  -30.0000  -37.5000 2369.3066   12.2191
   -7.5000  -22.5000  -37.5000 2353.6282   12.3939
    0.0000  -22.5000  -37.5000 2369.2451   12.2729
    7.5000  -22.5000  -37.5000 2361.5288   12.3205
   -7.5000  -15.0000  -37.5000 2356.4153   12.5127
    0.0000  -15.0000  -37.5000 2374.1841   12.3988
    7.5000  -15.0000  -37.5000 2362.9248   12.4685
   -7.5000   -7.5000  -37.5000 2365.6970   12.6160
    0.0000   -7.5000  -37.5000 2379.9038   12.5200
    7.5000   -7.5000  -37.5000 2371.9614   12.5706
   -7.5000    0.0000  -37.5000 2381.4150   12.6974
    0.0000    0.0000  -37.5000 2390.7969   12.6330
    7.5000    0.0000  -37.5000 2379.7898   12.6765
   -7.5000    7.5000  -37.5000 2390.0261   12.8445
    0.0000    7.5000  -37.5000 2399.8281   12.7662
    7.5000    7.5000  -37.5000 2385.2864   12.8201
   -7.5000   15.0000  -37.5000 2383.3206   12.9628
    0.0000   15.0000  -37.5000 2397.9983   12.8744
    7.5000   15.0000  -37.5000 2381.6282   12.9503
   -7.5000   22.5000  -37.5000 2379.1602   13.0686
    0.0000   22.5000  -37.5000 2395.7175   13.0082
    7.5000   22.5000  -37.5000 2378.8481   13.0642
   -7.5000   30.0000  -37.5000 2370.3245   13.2289
    0.0000   30.0000  -37.5000 2390.1077   13.1579
    7.5000   30.0000  -37.5000 2371.3076   13.2204
   -7.5000   37.5000  -37.5000 2364.0337   13.5019
    0.0000   37.5000  -37.5000 2387.6118   13.4378
    7.5000   37.5000  -37.5000 2365.0825   13.5001
   -7.5000   45.0000  -37.5000 2339.2925   14.1116
    0.0000   45.0000  -37.5000 2363.4587   14.0511
    7.5000   45.0000  -37.5000 2342.6575   14.1386
   -7.5000  -45.0000  -30.0000 2503.6226   11.8113
    0.0000  -45.0000  -30.0000 2519.4294   11.6955
    7.5000  -45.0000  -30.0000 2513.0505   11.7598
   -7.5000  -37.5000  -30.0000 2500.4751   11.7505
    0.0000  -37.5000  -30.0000 2517.7888   11.6559
    7.5000  -37.5000  -30.0000 2514.6306   11.7168
   -7.5000  -30.0000  -30.0000 2497.3325   11.7662
    0.0000  -30.0000  -30.0000 2519.0398   11.6768
    7.5000  -30.0000  -30.0000 2513.1926   11.7406
   -7.5000  -22.5000  -30.0000 2500.5535   11.8592
    0.0000  -22.5000  -30.0000 2520.5859   11.7699
    7.5000  -22.5000  -30.0000 2510.7432   11.8257
   -7.5000  -15.0000  -30.0000 2509.0723   11.9873
    0.0000  -15.0000  -30.0000 2529.2317   11.8937
    7.5000  -15.0000  -30.0000 2517.8059   11.9275
   -7.5000   -7.5000  -30.0000 2520.2505   12.0584
    0.0000   -7.5000  -30.0000 2539.0293   11.9674
    7.5000   -7.5000  -30.0000 2529.5955   12.0175
   -7.5000    0.0000  -30.0000 2531.0090   12.1095
    0.0000    0.0000  -30.0000 2547.0999   12.0414
    7.5000    0.0000  -30.0000 2536.0593   12.0836
   -7.5000    7.5000  -30.0000 2543.6123   12.2187
    0.0000    7.5000  -30.0000 2560.0862   12.1505
    7.5000    7.5000  -30.0000 2540.1604   12.1974
   -7.5000   15.0000  -30.0000 2541.0854   12.3437
    0.0000   15.0000  -30.0000 2554.1323   12.2761
    7.5000   15.0000  -30.0000 2536.7620   12.3418
   -7.5000   22.5000  -30.0000 2538.3369   12.4380
    0.0000   22.5000  -30.0000 2550.9800   12.3736
    7.5000   22.5000  -30.0000 2531.3938   12.4506
   -7.5000   30.0000  -30.0000 2523.6038   12.5827
    0.0000   30.0000  -30.0000 2539.7583   12.5176
    7.5000   30.0000  -30.0000 2520.7295   12.6054
   -7.5000   37.5000  -30.0000 2512.9568   12.8678
    0.0000   37.5000  -30.0000 2538.1802   12.7977
    7.5000   37.5000  -30.0000 2515.1257   12.8869
   -7.5000   45.0000  -30.0000 2483.1934   13.4014
    0.0000   45.0000  -30.0000 2510.7649   13.3376
    7.5000   45.0000  -30.0000 2489.0598   13.4412
   -7.5000  -45.0000  -22.5000 2608.6318   11.3680
    0.0000  -45.0000  -22.5000 2626.9358   11.2487
    7.5000  -45.0000  -22.5000 2618.6909   11.2974
   -7.5000  -37.5000  -22.5000 2601.8242   11.2720
    0.0000  -37.5000  -22.5000 2622.3547   11.1658
    7.5000  -37.5000  -22.5000 2616.7861   11.2288
   -7.5000  -30.0000  -22.5000 2599.0657   11.2648
    0.0000  -30.0000  -22.5000 2622.6975   11.1597
    7.5000  -30.0000  -22.5000 2615.6174   11.2354
   -7.5000  -22.5000  -22.5000 2608.5447   11.3409
    0.0000  -22.5000  -22.5000 2631.2317   11.2351
    7.5000  -22.5000  -22.5000 2620.6616   11.3069
   -7.5000  -15.0000  -22.5000 2620.9771   11.4291
    0.0000  -15.0000  -22.5000 2643.0618   11.3285
    7.5000  -15.0000  -22.5000 2629.4714   11.3787
   -7.5000   -7.5000  -22.5000 2630.4414   11.4653
    0.0000   -7.5000  -22.5000 2656.0251   11.3915
    7.5000   -7.5000  -22.5000 2643.0149   11.4325
   -7.5000    0.0000  -22.5000 2643.5149   11.5074
    0.0000    0.0000  -22.5000 2661.2495   11.4235
    7.5000    0.0000  -22.5000 2653.8069   11.4679
   -7.5000    7.5000  -22.5000 2654.3381   11.5562
    0.0000    7.5000  -22.5000 2674.0625   11.4831
    7.5000    7.5000  -22.5000 2659.8840   11.5194
   -7.5000   15.0000  -22.5000 2653.9277   11.6321
    0.0000   15.0000  -22.5000 2668.9468   11.5662
    7.5000   15.0000  -22.5000 2656.2598   11.6068
   -7.5000   22.5000  -22.5000 2656.5608   11.7106
    0.0000   22.5000  -22.5000 2671.3176   11.6354
    7.5000   22.5000  -22.5000 2652.4297   11.7316
   -7.5000   30.0000  -22.5000 2650.1221   11.8469
    0.0000   30.0000  -22.5000 2665.5681   11.7933
    7.5000   30.0000  -22.5000 2645.7302   11.9007
   -7.5000   37.5000  -22.5000 2636.9863   12.1462
    0.0000   37.5000  -22.5000 2659.2598   12.0750
    7.5000   37.5000  -22.5000 2637.7512   12.2060
   -7.5000   45.0000  -22.5000 2607.6360   12.6563
    0.0000   45.0000  -22.5000 2633.1343   12.5754
    7.5000   45.0000  -22.5000 2609.9683   12.7062
   -7.5000  -45.0000  -15.0000 2681.0605   10.9891
    0.0000  -45.0000  -15.0000 2699.4851   10.8512
    7.5000  -45.0000  -15.0000 2694.7070   10.8903
   -7.5000  -37.5000  -15.0000 2675.8899   10.8870
    0.0000  -37.5000  -15.0000 2694.6318   10.7442
    7.5000  -37.5000  -15.0000 2690.9397   10.8055
   -7.5000  -30.0000  -15.0000 2670.3550   10.8765
    0.0000  -30.0000  -15.0000 2693.7793   10.7296
    7.5000  -30.0000  -15.0000 2684.8704   10.8083
   -7.5000  -22.5000  -15.0000 2677.7720   10.9224
    0.0000  -22.5000  -15.0000 2696.6582   10.7717
    7.5000  -22.5000  -15.0000 2690.8093   10.8480
   -7.5000  -15.0000  -15.0000 2685.2373   10.9520
    0.0000  -15.0000  -15.0000 2709.2759   10.8201
    7.5000  -15.0000  -15.0000 2700.4172   10.8945
   -7.5000   -7.5000  -15.0000 2703.5110   10.9217
    0.0000   -7.5000  -15.0000 2728.3013   10.8078
    7.5000   -7.5000  -15.0000 2717.2783   10.8906
   -7.5000    0.0000  -15.0000 2719.8110   10.9198
    0.0000    0.0000  -15.0000 2739.5146   10.8161
    7.5000    0.0000  -15.0000 2730.6453   10.8867
   -7.5000    7.5000  -15.0000 2729.7859   10.9655
    0.0000    7.5000  -15.0000 2750.7715   10.8471
    7.5000    7.5000  -15.0000 2738.2710   10.9216
   -7.5000   15.0000  -15.0000 2733.8848   10.9992
    0.0000   15.0000  -15.0000 2751.9795   10.8939
    7.5000   15.0000  -15.0000 2743.0452   10.9603
   -7.5000   22.5000  -15.0000 2740.3164   11.0395
    0.0000   22.5000  -15.0000 2759.9165   10.9368
    7.5000   22.5000  -15.0000 2744.2363   11.0391
   -7.5000   30.0000  -15.0000 2742.4929   11.1740
    0.0000   30.0000  -15.0000 2758.9116   11.0905
    7.5000   30.0000  -15.0000 2741.0427   11.1978
   -7.5000   37.5000  -15.0000 2740.8450   11.4991
    0.0000   37.5000  -15.0000 2757.2092   11.3886
    7.5000   37.5000  -15.0000 2738.4009   11.5430
   -7.5000   45.0000  -15.0000 2709.7253   11.9967
    0.0000   45.0000  -15.0000 2731.7266   11.8889
    7.5000   45.0000  -15.0000 2712.1816   12.0254
   -7.5000  -45.0000   -7.5000 2725.4360   10.6691
    0.0000  -45.0000   -7.5000 2739.5066   10.4923
    7.5000  -45.0000   -7.5000 2731.3757   10.5671
   -7.5000  -37.5000   -7.5000 2719.9055   10.5805
    0.0000  -37.5000   -7.5000 2736.9236   10.4274
    7.5000  -37.5000   -7.5000 2731.4683   10.5071
   -7.5000  -30.0000   -7.5000 2717.7266   10.5767
    0.0000  -30.0000   -7.5000 2736.8530   10.4115
    7.5000  -30.0000   -7.5000 2731.6067   10.4873
   -7.5000  -22.5000   -7.5000 2725.5635   10.5870
    0.0000  -22.5000   -7.5000 2743.2471   10.4007
    7.5000  -22.5000   -7.5000 2736.2778   10.4849
   -7.5000  -15.0000   -7.5000 2729.5051   10.5403
    0.0000  -15.0000   -7.5000 2752.0635   10.3827
    7.5000  -15.0000   -7.5000 2748.2354   10.4506
   -7.5000   -7.5000   -7.5000 2747.8950   10.4812
    0.0000   -7.5000   -7.5000 2769.2219   10.3306
    7.5000   -7.5000   -7.5000 2767.0034   10.4101
   -7.5000    0.0000   -7.5000 2769.5417   10.4435
    0.0000    0.0000   -7.5000 2789.2874   10.3175
    7.5000    0.0000   -7.5000 2785.4653   10.3864
   -7.5000    7.5000   -7.5000 2785.9487   10.4355
    0.0000    7.5000   -7.5000 2805.1052   10.2962
    7.5000    7.5000   -7.5000 2794.3252   10.3787
   -7.5000   15.0000   -7.5000 2805.2659   10.4404
    0.0000   15.0000   -7.5000 2819.3486   10.3156
    7.5000   15.0000   -7.5000 2809.7139   10.4154
   -7.5000   22.5000   -7.5000 2811.3203   10.5014
    0.0000   22.5000   -7.5000 2825.8547   10.3818
    7.5000   22.5000   -7.5000 2815.9277   10.4989
   -7.5000   30.0000   -7.5000 2824.0208   10.6233
    0.0000   30.0000   -7.5000 2840.2104   10.4920
    7.5000   30.0000   -7.5000 2823.2219   10.6335
   -7.5000   37.5000   -7.5000 2826.2532   10.9461
    0.0000   37.5000   -7.5000 2840.9270   10.8097
    7.5000   37.5000   -7.5000 2825.4658   10.9707
   -7.5000   45.0000   -7.5000 2792.3975   11.4417
    0.0000   45.0000   -7.5000 2812.8950   11.3193
    7.5000   45.0000   -7.5000 2798.9229   11.4615
   -7.5000  -45.0000    0.0000 2737.3284   10.5316
    0.0000  -45.0000    0.0000 2748.4290   10.3526
    7.5000  -45.0000    0.0000 2743.6125   10.4388
   -7.5000  -37.5000    0.0000 2738.4224   10.4527
    0.0000  -37.5000    0.0000 2749.5037   10.2736
    7.5000  -37.5000    0.0000 2747.1611   10.3609
   -7.5000  -30.0000    0.0000 2737.8040   10.4064
    0.0000  -30.0000    0.0000 2751.7537   10.1973
    7.5000  -30.0000    0.0000 2748.2180   10.2986
   -7.5000  -22.5000    0.0000 2744.4185   10.3563
    0.0000  -22.5000    0.0000 2757.9385   10.1575
    7.5000  -22.5000    0.0000 2750.6267   10.2511
   -7.5000  -15.0000    0.0000 2749.2173   10.2916
    0.0000  -15.0000    0.0000 2766.8306   10.1131
    7.5000  -15.0000    0.0000 2763.5603   10.1947
   -7.5000   -7.5000    0.0000 2769.6958   10.2157
    0.0000   -7.5000    0.0000 2784.2419   10.0423
    7.5000   -7.5000    0.0000 2788.5833   10.1431
   -7.5000    0.0000    0.0000 2792.3491   10.1339
    0.0000    0.0000    0.0000 2805.7104    9.9746
    7.5000    0.0000    0.0000 2811.6023   10.0832
   -7.5000    7.5000    0.0000 2818.9944   10.0964
    0.0000    7.5000    0.0000 2829.0242    9.9396
    7.5000    7.5000    0.0000 2831.2385   10.0649
   -7.5000   15.0000    0.0000 2849.7285   10.1157
    0.0000   15.0000    0.0000 2856.9556    9.9585
    7.5000   15.0000    0.0000 2855.1011   10.1098
   -7.5000   22.5000    0.0000 2872.2930   10.1800
    0.0000   22.5000    0.0000 2877.5317   10.0330
    7.5000   22.5000    0.0000 2875.4788   10.1987
   -7.5000   30.0000    0.0000 2886.7415   10.3153
    0.0000   30.0000    0.0000 2899.3706   10.1385
    7.5000   30.0000    0.0000 2885.3953   10.3451
   -7.5000   37.5000    0.0000 2891.5918   10.6009
    0.0000   37.5000    0.0000 2905.8528   10.4363
    7.5000   37.5000    0.0000 2891.3481   10.6325
   -7.5000   45.0000    0.0000 2860.0312   11.0467
    0.0000   45.0000    0.0000 2870.0767   10.8993
    7.5000   45.0000    0.0000 2866.2627   11.0778
   -7.5000  -45.0000    7.5000 2744.8794   10.5909
    0.0000  -45.0000    7.5000 2741.9866   10.4447
    7.5000  -45.0000    7.5000 2748.6316   10.5159
   -7.5000  -37.5000    7.5000 2744.7683   10.4346
    0.0000  -37.5000    7.5000 2744.4133   10.2927
    7.5000  -37.5000    7.5000 2750.8821   10.3668
   -7.5000  -30.0000    7.5000 2745.1770   10.3452
    0.0000  -30.0000    7.5000 2744.1897   10.1758
    7.5000  -30.0000    7.5000 2750.1174   10.2505
   -7.5000  -22.5000    7.5000 2752.1506   10.2708
    0.0000  -22.5000    7.5000 2751.8401   10.1155
    7.5000  -22.5000    7.5000 2755.3311   10.1776
   -7.5000  -15.0000    7.5000 2753.5620   10.1873
    0.0000  -15.0000    7.5000 2755.9597   10.0383
    7.5000  -15.0000    7.5000 2760.5139   10.1075
   -7.5000   -7.5000    7.5000 2774.2673   10.0944
    0.0000   -7.5000    7.5000 2778.0381    9.9453
    7.5000   -7.5000    7.5000 2780.9050   10.0248
   -7.5000    0.0000    7.5000 2802.1331   10.0076
    0.0000    0.0000    7.5000 2810.4092    9.8803
    7.5000    0.0000    7.5000 2813.2261    9.9831
   -7.5000    7.5000    7.5000 2840.6069    9.9986
    0.0000    7.5000    7.5000 2847.8538    9.8832
    7.5000    7.5000    7.5000 2851.5293    9.9963
   -7.5000   15.0000    7.5000 2882.1704   10.0413
    0.0000   15.0000    7.5000 2896.2053    9.9621
    7.5000   15.0000    7.5000 2892.0701   10.0692
   -7.5000   22.5000    7.5000 2920.2058   10.1643
    0.0000   22.5000    7.5000 2939.2566   10.0957
    7.5000   22.5000    7.5000 2930.2622   10.1918
   -7.5000   30.0000    7.5000 2943.2820   10.2365
    0.0000   30.0000    7.5000 2968.4976   10.1696
    7.5000   30.0000    7.5000 2950.0486   10.3063
   -7.5000   37.5000    7.5000 2947.0034   10.4232
    0.0000   37.5000    7.5000 2969.6719   10.3348
    7.5000   37.5000    7.5000 2945.5645   10.4925
   -7.5000   45.0000    7.5000 2905.4690   10.7683
    0.0000   45.0000    7.5000 2923.1638   10.6946
    7.5000   45.0000    7.5000 2906.2825   10.8407
   -7.5000  -45.0000   15.0000 2724.6370   10.7831
    0.0000  -45.0000   15.0000 2726.2820   10.7114
    7.5000  -45.0000   15.0000 2730.5173   10.7463
   -7.5000  -37.5000   15.0000 2730.8179   10.6209
    0.0000  -37.5000   15.0000 2737.3022   10.5371
    7.5000  -37.5000   15.0000 2739.0815   10.5792
   -7.5000  -30.0000   15.0000 2734.7212   10.5264
    0.0000  -30.0000   15.0000 2738.0479   10.4219
    7.5000  -30.0000   15.0000 2743.5833   10.4892
   -7.5000  -22.5000   15.0000 2744.5742   10.4273
    0.0000  -22.5000   15.0000 2744.2966   10.3401
    7.5000  -22.5000   15.0000 2748.4023   10.3985
   -7.5000  -15.0000   15.0000 2750.4907   10.3104
    0.0000  -15.0000   15.0000 2746.3962   10.2153
    7.5000  -15.0000   15.0000 2753.1084   10.2879
   -7.5000   -7.5000   15.0000 2772.0530   10.2080
    0.0000   -7.5000   15.0000 2771.0203   10.1155
    7.5000   -7.5000   15.0000 2779.7485   10.2063
   -7.5000    0.0000   15.0000 2807.2422   10.1386
    0.0000    0.0000   15.0000 2812.6531   10.0711
    7.5000    0.0000   15.0000 2815.7761   10.1430
   -7.5000    7.5000   15.0000 2855.1665   10.1208
    0.0000    7.5000   15.0000 2872.6248   10.1098
    7.5000    7.5000   15.0000 2866.0552   10.1668
   -7.5000   15.0000   15.0000 2900.9773   10.2028
    0.0000   15.0000   15.0000 2931.0510   10.2657
    7.5000   15.0000   15.0000 2912.3191   10.2550
   -7.5000   22.5000   15.0000 2948.3408   10.3295
    0.0000   22.5000   15.0000 2997.5356   10.4345
    7.5000   22.5000   15.0000 2959.5901   10.3853
   -7.5000   30.0000   15.0000 2977.5811   10.3512
    0.0000   30.0000   15.0000 3033.3760   10.5112
    7.5000   30.0000   15.0000 2989.0479   10.4567
   -7.5000   37.5000   15.0000 2968.7639   10.3709
    0.0000   37.5000   15.0000 3017.1833   10.4425
    7.5000   37.5000   15.0000 2972.6414   10.4890
   -7.5000   45.0000   15.0000 2922.5486   10.6391
    0.0000   45.0000   15.0000 2950.5105   10.6340
    7.5000   45.0000   15.0000 2923.3411   10.7518
   -7.5000  -45.0000   22.5000 2694.9822   11.1544
    0.0000  -45.0000   22.5000 2705.2363   11.1488
    7.5000  -45.0000   22.5000 2707.5752   11.1558
   -7.5000  -37.5000   22.5000 2705.6738   10.9768
    0.0000  -37.5000   22.5000 2716.6458   10.9348
    7.5000  -37.5000   22.5000 2720.3594   10.9902
   -7.5000  -30.0000   22.5000 2717.3914   10.8694
    0.0000  -30.0000   22.5000 2725.7429   10.8308
    7.5000  -30.0000   22.5000 2724.2959   10.8848
   -7.5000  -22.5000   22.5000 2730.9255   10.7590
    0.0000  -22.5000   22.5000 2739.9209   10.7319
    7.5000  -22.5000   22.5000 2731.4844   10.7764
   -7.5000  -15.0000   22.5000 2741.1807   10.6416
    0.0000  -15.0000   22.5000 2751.1587   10.6185
    7.5000  -15.0000   22.5000 2747.2634   10.6639
   -7.5000   -7.5000   22.5000 2762.5195   10.5311
    0.0000   -7.5000   22.5000 2777.8254   10.5318
    7.5000   -7.5000   22.5000 2774.2683   10.5797
   -7.5000    0.0000   22.5000 2801.6252   10.4385
    0.0000    0.0000   22.5000 2820.1086   10.4756
    7.5000    0.0000   22.5000 2809.2842   10.4985
   -7.5000    7.5000   22.5000 2853.2900   10.4157
    0.0000    7.5000   22.5000 2878.2693   10.4873
    7.5000    7.5000   22.5000 2861.7380   10.5111
   -7.5000   15.0000   22.5000 2901.0818   10.4618
    0.0000   15.0000   22.5000 2937.7444   10.6157
    7.5000   15.0000   22.5000 2910.7290   10.5811
   -7.5000   22.5000   22.5000 2953.8545   10.4924
    0.0000   22.5000   22.5000 2995.1482   10.6760
    7.5000   22.5000   22.5000 2956.6448   10.6306
   -7.5000   30.0000   22.5000 2972.8591   10.4246
    0.0000   30.0000   22.5000 3020.0017   10.6059
    7.5000   30.0000   22.5000 2979.4497   10.5933
   -7.5000   37.5000   22.5000 2974.1353   10.5452
    0.0000   37.5000   22.5000 3018.0886   10.6218
    7.5000   37.5000   22.5000 2970.4949   10.6711
   -7.5000   45.0000   22.5000 2923.1326   10.8349
    0.0000   45.0000   22.5000 2960.8259   10.8564
    7.5000   45.0000   22.5000 2919.4319   10.9252
   -7.5000  -45.0000   30.0000 2649.2959   11.7409
    0.0000  -45.0000   30.0000 2661.7065   11.7352
    7.5000  -45.0000   30.0000 2668.8154   11.7919
   -7.5000  -37.5000   30.0000 2673.4177   11.4705
    0.0000  -37.5000   30.0000 2688.9951   11.4526
    7.5000  -37.5000   30.0000 2692.5100   11.5428
   -7.5000  -30.0000   30.0000 2693.3716   11.3458
    0.0000  -30.0000   30.0000 2713.0247   11.3277
    7.5000  -30.0000   30.0000 2704.6917   11.3998
   -7.5000  -22.5000   30.0000 2711.5142   11.2078
    0.0000  -22.5000   30.0000 2730.6353   11.1767
    7.5000  -22.5000   30.0000 2718.8125   11.2491
   -7.5000  -15.0000   30.0000 2729.1370   11.0350
    0.0000  -15.0000   30.0000 2742.5979   11.0045
    7.5000  -15.0000   30.0000 2737.9966   11.0818
   -7.5000   -7.5000   30.0000 2758.7388   10.9031
    0.0000   -7.5000   30.0000 2770.3816   10.8652
    7.5000   -7.5000   30.0000 2763.1467   10.9399
   -7.5000    0.0000   30.0000 2792.8833   10.7787
    0.0000    0.0000   30.0000 2805.4539   10.7683
    7.5000    0.0000   30.0000 2791.7549   10.8314
   -7.5000    7.5000   30.0000 2837.6282   10.7271
    0.0000    7.5000   30.0000 2851.5703   10.7435
    7.5000    7.5000   30.0000 2838.7742   10.8010
   -7.5000   15.0000   30.0000 2882.4512   10.7309
    0.0000   15.0000   30.0000 2901.0701   10.7413
    7.5000   15.0000   30.0000 2885.4099   10.8195
   -7.5000   22.5000   30.0000 2922.1948   10.6676
    0.0000   22.5000   30.0000 2945.7559   10.7346
    7.5000   22.5000   30.0000 2928.5237   10.7876
   -7.5000   30.0000   30.0000 2943.7078   10.6397
    0.0000   30.0000   30.0000 2970.4429   10.6345
    7.5000   30.0000   30.0000 2949.7361   10.7538
   -7.5000   37.5000   30.0000 2947.5071   10.8268
    0.0000   37.5000   30.0000 2973.8757   10.7493
    7.5000   37.5000   30.0000 2938.3152   10.9059
   -7.5000   45.0000   30.0000 2894.2195   11.2016
    0.0000   45.0000   30.0000 2926.5962   11.1280
    7.5000   45.0000   30.0000 2890.2026   11.2563
   -7.5000  -45.0000   37.5000 2605.6487   12.3789
    0.0000  -45.0000   37.5000 2605.3555   12.2543
    7.5000  -45.0000   37.5000 2620.7148   12.4096
   -7.5000  -37.5000   37.5000 2629.9546   12.0478
    0.0000  -37.5000   37.5000 2634.3618   11.9513
    7.5000  -37.5000   37.5000 2639.5999   12.0885
   -7.5000  -30.0000   37.5000 2658.6130   11.8133
    0.0000  -30.0000   37.5000 2668.7068   11.7276
    7.5000  -30.0000   37.5000 2662.4956   11.8681
   -7.5000  -22.5000   37.5000 2680.7773   11.6041
    0.0000  -22.5000   37.5000 2694.2246   11.5231
    7.5000  -22.5000   37.5000 2687.1616   11.6660
   -7.5000  -15.0000   37.5000 2705.2573   11.4095
    0.0000  -15.0000   37.5000 2715.7642   11.3359
    7.5000  -15.0000   37.5000 2707.7061   11.4479
   -7.5000   -7.5000   37.5000 2739.8374   11.2540
    0.0000   -7.5000   37.5000 2751.4941   11.1807
    7.5000   -7.5000   37.5000 2738.9878   11.2709
   -7.5000    0.0000   37.5000 2774.3167   11.1551
    0.0000    0.0000   37.5000 2789.5603   11.0831
    7.5000    0.0000   37.5000 2770.7500   11.1673
   -7.5000    7.5000   37.5000 2812.4065   11.1014
    0.0000    7.5000   37.5000 2823.8582   11.0180
    7.5000    7.5000   37.5000 2811.5022   11.1281
   -7.5000   15.0000   37.5000 2848.0188   11.0554
    0.0000   15.0000   37.5000 2862.2815   10.9896
    7.5000   15.0000   37.5000 2849.6252   11.0995
   -7.5000   22.5000   37.5000 2884.4153   11.0059
    0.0000   22.5000   37.5000 2894.1028   10.9282
    7.5000   22.5000   37.5000 2883.8376   11.0618
   -7.5000   30.0000   37.5000 2898.4036   10.9967
    0.0000   30.0000   37.5000 2916.8154   10.8782
    7.5000   30.0000   37.5000 2896.9404   11.0456
   -7.5000   37.5000   37.5000 2891.4548   11.2246
    0.0000   37.5000   37.5000 2909.6614   11.1188
    7.5000   37.5000   37.5000 2887.7991   11.2730
   -7.5000   45.0000   37.5000 2838.9795   11.6393
    0.0000   45.0000   37.5000 2862.3276   11.5243
    7.5000   45.0000   37.5000 2834.1895   11.6691
   -7.5000  -45.0000   45.0000 2541.8047   13.0262
    0.0000  -45.0000   45.0000 2539.5249   12.8075
    7.5000  -45.0000   45.0000 2551.0105   12.9951
   -7.5000  -37.5000   45.0000 2573.4233   12.6521
    0.0000  -37.5000   45.0000 2570.3999   12.4770
    7.5000  -37.5000   45.0000 2573.6748   12.6357
   -7.5000  -30.0000   45.0000 2601.7048   12.3387
    0.0000  -30.0000   45.0000 2605.3630   12.1823
    7.5000  -30.0000   45.0000 2599.2642   12.3362
   -7.5000  -22.5000   45.0000 2632.4841   12.0596
    0.0000  -22.5000   45.0000 2638.9751   11.9294
    7.5000  -22.5000   45.0000 2634.1548   12.0815
   -7.5000  -15.0000   45.0000 2663.9155   11.8448
    0.0000  -15.0000   45.0000 2671.6853   11.7227
    7.5000  -15.0000   45.0000 2664.6062   11.8616
   -7.5000   -7.5000   45.0000 2704.7227   11.6813
    0.0000   -7.5000   45.0000 2716.2087   11.5566
    7.5000   -7.5000   45.0000 2705.0393   11.6923
   -7.5000    0.0000   45.0000 2740.6169   11.5615
    0.0000    0.0000   45.0000 2749.8877   11.4229
    7.5000    0.0000   45.0000 2738.7830   11.5664
   -7.5000    7.5000   45.0000 2770.0437   11.4826
    0.0000    7.5000   45.0000 2784.2119   11.3570
    7.5000    7.5000   45.0000 2770.9822   11.4921
   -7.5000   15.0000   45.0000 2797.4512   11.4588
    0.0000   15.0000   45.0000 2812.0811   11.3435
    7.5000   15.0000   45.0000 2799.6660   11.4866
   -7.5000   22.5000   45.0000 2821.4551   11.4575
    0.0000   22.5000   45.0000 2834.6953   11.3094
    7.5000   22.5000   45.0000 2820.9790   11.4821
   -7.5000   30.0000   45.0000 2832.7930   11.5105
    0.0000   30.0000   45.0000 2847.3108   11.3624
    7.5000   30.0000   45.0000 2827.0706   11.5186
   -7.5000   37.5000   45.0000 2814.5312   11.7836
    0.0000   37.5000   45.0000 2829.9023   11.6418
    7.5000   37.5000   45.0000 2811.7891   11.8039
   -7.5000   45.0000   45.0000 2763.1296   12.2292
    0.0000   45.0000   45.0000 2783.3608   12.0875
    7.5000   45.0000   45.0000 2759.3938   12.2277

---------------------------------------------------------------------
imgreg_4dfp /opt/freesurfer/average/711-2C_as_mni_average_305 /opt/freesurfer/average/711-2B_as_mni_average_305_mask talsrcimg_g11 none talsrcimg_to_711-2C_as_mni_average_305_t4 1283
---------------------------------------------------------------------

freesurfer imgreg_4dfp.c
/opt/freesurfer/average/711-2C_as_mni_average_305.4dfp.img
       256       256       256         1
  1.000000  1.000000  1.000000
orientation T byte_order littleendian
Reading image: /opt/freesurfer/average/711-2C_as_mni_average_305.4dfp.img
dimensions:      256       256       256
mmppix:       1.0000   -1.0000   -1.0000
center:     128.0000 -129.0000 -129.0000
/opt/freesurfer/average/711-2B_as_mni_average_305_mask.4dfp.img
       256       256       256         1
  1.000000  1.000000  1.000000
orientation T byte_order littleendian
Reading mask: /opt/freesurfer/average/711-2B_as_mni_average_305_mask.4dfp.img (2306576 pixels)
talsrcimg_g11.4dfp.img
       256       256       256         1
  1.000000  1.000000  1.000000
orientation T byte_order littleendian
Reading image: talsrcimg_g11.4dfp.img
dimensions:      256       256       256
mmppix:       1.0000   -1.0000   -1.0000
center:     128.0000 -129.0000 -129.0000
rotation matrix determinant  1.000000
fimgreg.f
image alignment mode   1283 decimal      503 hex
parameters
    0.0000   30.0000   15.0000    0.0000    0.0000    0.0000
eta,q 0.95243 10.60594
niter,ni,del,rscale     5    3   12.0000    1.2000
parameters
    0.6734   30.4293   17.4969   -0.4599    0.6438    0.0712
eta,q 0.95801 10.64620
  0.0645  0.0560  0.0625  0.0467  0.0521  0.0483
  0.0561  0.0505  0.0552  0.0443  0.0481  0.0450
  0.0494  0.0461  0.0484  0.0428  0.0446  0.0427
  0.0446  0.0436  0.0432  0.0420  0.0422  0.0420
  0.0445  0.0446  0.0421  0.0435  0.0426  0.0428
  0.0503  0.0485  0.0432  0.0457  0.0454  0.0450
  0.0584  0.0531  0.0458  0.0477  0.0491  0.0479
niter,ni,del,rscale     4    3   12.0000    1.2000
parameters
    0.4880   30.7028   17.6677   -0.7773    0.9367    0.0061
eta,q 0.95794 10.64755
  0.0569  0.0533  0.0527  0.0468  0.0512  0.0480
  0.0503  0.0482  0.0464  0.0445  0.0472  0.0448
  0.0453  0.0445  0.0423  0.0429  0.0438  0.0426
  0.0420  0.0421  0.0420  0.0420  0.0421  0.0421
  0.0443  0.0428  0.0433  0.0430  0.0432  0.0429
  0.0513  0.0470  0.0463  0.0454  0.0460  0.0451
  0.0595  0.0518  0.0507  0.0478  0.0498  0.0480
niter,ni,del,rscale     3    3   12.0000    1.2000
parameters
    0.3571   30.8219   17.6361   -0.9791    1.0778   -0.0308
eta,q 0.95787 10.64303
  0.0571  0.0526  0.0520  0.0467  0.0509  0.0480
  0.0505  0.0476  0.0457  0.0447  0.0469  0.0448
  0.0453  0.0442  0.0421  0.0431  0.0436  0.0426
  0.0421  0.0421  0.0421  0.0421  0.0421  0.0421
  0.0441  0.0431  0.0435  0.0427  0.0434  0.0429
  0.0510  0.0473  0.0466  0.0451  0.0463  0.0450
  0.0593  0.0520  0.0513  0.0476  0.0501  0.0479
niter,ni,del,rscale     2    3   12.0000    1.2000
parameters
    0.2967   30.8838   17.6042   -1.1137    1.1442   -0.0492
eta,q 0.95783 10.63960
  0.0575  0.0523  0.0520  0.0467  0.0507  0.0480
  0.0506  0.0474  0.0458  0.0448  0.0467  0.0448
  0.0454  0.0440  0.0422  0.0432  0.0436  0.0426
  0.0421  0.0422  0.0421  0.0421  0.0422  0.0422
  0.0439  0.0431  0.0435  0.0426  0.0435  0.0429
  0.0506  0.0474  0.0466  0.0449  0.0465  0.0450
  0.0590  0.0520  0.0514  0.0475  0.0503  0.0478
niter,ni,del,rscale     1    3   12.0000    1.2000
parameters
    0.2680   30.9260   17.5820   -1.2089    1.1788   -0.0631
eta,q 0.95781 10.63736
  0.0576  0.0522  0.0521  0.0467  0.0507  0.0480
  0.0507  0.0472  0.0459  0.0448  0.0467  0.0448
  0.0455  0.0439  0.0423  0.0433  0.0435  0.0426
  0.0422  0.0422  0.0422  0.0422  0.0422  0.0422
  0.0438  0.0431  0.0436  0.0425  0.0436  0.0429
  0.0504  0.0474  0.0466  0.0447  0.0466  0.0450
  0.0589  0.0519  0.0514  0.0475  0.0504  0.0478
registration optimization eta report
parameter search radius
    6.0000    6.0000    6.0000    6.0000    6.0000    6.0000
100000*second partial in parameter space
       43.       27.       27.       13.       22.       16.
  0.0576  0.0522  0.0521  0.0467  0.0507  0.0480
  0.0507  0.0472  0.0459  0.0448  0.0467  0.0448
  0.0455  0.0439  0.0423  0.0433  0.0435  0.0426
  0.0422  0.0422  0.0422  0.0422  0.0422  0.0422
  0.0438  0.0431  0.0436  0.0425  0.0436  0.0429
  0.0504  0.0474  0.0466  0.0447  0.0466  0.0450
  0.0589  0.0519  0.0514  0.0475  0.0504  0.0478
    0.2680   30.9260   17.5820   -1.2089    1.1788   -0.0631
eta,q 0.95781 10.63736

---------------------------------------------------------------------
imgreg_4dfp /opt/freesurfer/average/711-2C_as_mni_average_305 /opt/freesurfer/average/711-2B_as_mni_average_305_mask talsrcimg_g11 none talsrcimg_to_711-2C_as_mni_average_305_t4 3335
---------------------------------------------------------------------

freesurfer imgreg_4dfp.c
/opt/freesurfer/average/711-2C_as_mni_average_305.4dfp.img
       256       256       256         1
  1.000000  1.000000  1.000000
orientation T byte_order littleendian
Reading image: /opt/freesurfer/average/711-2C_as_mni_average_305.4dfp.img
dimensions:      256       256       256
mmppix:       1.0000   -1.0000   -1.0000
center:     128.0000 -129.0000 -129.0000
/opt/freesurfer/average/711-2B_as_mni_average_305_mask.4dfp.img
       256       256       256         1
  1.000000  1.000000  1.000000
orientation T byte_order littleendian
Reading mask: /opt/freesurfer/average/711-2B_as_mni_average_305_mask.4dfp.img (2306576 pixels)
talsrcimg_g11.4dfp.img
       256       256       256         1
  1.000000  1.000000  1.000000
orientation T byte_order littleendian
Reading image: talsrcimg_g11.4dfp.img
dimensions:      256       256       256
mmppix:       1.0000   -1.0000   -1.0000
center:     128.0000 -129.0000 -129.0000
fimgreg.f
image alignment mode   3335 decimal      D07 hex
parameters
    0.2680   30.9260   17.5820   -0.0212   -0.0224   -0.0434
    0.1534   -2.0545   -0.1100    2.1120    2.0572   -2.1093
eta,q 0.95657 10.66920
niter,ni,del,rscale     5    3    5.0000    1.2000
parameter  4  1.243973 ->  0.500000 qaram    1.1500
parameter  5 28.057684 ->  0.500000 qaram    1.1500
parameter  6  0.804006 ->  0.500000 qaram    1.1500
parameter 12  0.699711 ->  0.500000 qaram    1.1500
parameters
    0.2712   31.7670   17.0328   -4.1612   -4.1624   -4.1834
    0.7621   -1.6536   -1.0648    3.2858    4.4796   -6.2493
eta,q 0.96934 10.51366
  0.0464  0.0454  0.0445  0.0380  0.0319  0.0305  0.0338  0.0363  0.0324  0.0353  0.0327  0.0308
  0.0447  0.0444  0.0436  0.0389  0.0336  0.0314  0.0328  0.0338  0.0319  0.0336  0.0321  0.0306
  0.0437  0.0437  0.0432  0.0406  0.0361  0.0327  0.0321  0.0323  0.0317  0.0324  0.0318  0.0308
  0.0434  0.0434  0.0434  0.0432  0.0393  0.0342  0.0317  0.0317  0.0317  0.0317  0.0315  0.0314
  0.0438  0.0434  0.0440  0.0469  0.0424  0.0377  0.0318  0.0319  0.0319  0.0316  0.0314  0.0323
  0.0448  0.0435  0.0450  0.0515  0.0447  0.0431  0.0323  0.0330  0.0323  0.0322  0.0315  0.0335
  0.0463  0.0437  0.0462  0.0560  0.0469  0.0499  0.0333  0.0355  0.0330  0.0336  0.0318  0.0350
niter,ni,del,rscale     7    3    5.0000    1.2000
parameter  2 -0.528528 -> -0.500000 qaram    1.1500
parameter  3  0.550613 ->  0.500000 qaram    1.1500
parameter  4  0.714319 ->  0.500000 qaram    1.3225
parameter  5  1.127290 ->  0.500000 qaram    1.3225
parameters
   -0.0596   33.1470   15.6528   -8.9222   -8.9234   -8.3200
    0.5953   -1.9708   -1.0664    6.3097    3.4756   -9.5421
eta,q 0.97676 10.08479
  0.0327  0.0345  0.0299  0.0277  0.0245  0.0247  0.0266  0.0281  0.0260  0.0287  0.0243  0.0239
  0.0314  0.0329  0.0296  0.0277  0.0251  0.0242  0.0253  0.0259  0.0250  0.0268  0.0238  0.0234
  0.0307  0.0316  0.0296  0.0283  0.0260  0.0243  0.0244  0.0245  0.0244  0.0253  0.0235  0.0232
  0.0307  0.0306  0.0300  0.0296  0.0278  0.0253  0.0242  0.0242  0.0241  0.0241  0.0235  0.0235
  0.0312  0.0301  0.0308  0.0317  0.0308  0.0265  0.0245  0.0249  0.0244  0.0236  0.0238  0.0243
  0.0324  0.0301  0.0319  0.0350  0.0344  0.0292  0.0255  0.0265  0.0250  0.0237  0.0242  0.0255
  0.0342  0.0306  0.0333  0.0393  0.0373  0.0342  0.0269  0.0288  0.0260  0.0247  0.0248  0.0271
niter,ni,del,rscale     7    3    5.0000    1.2000
parameters
   -0.1435   33.9952   15.6719   -9.7805  -12.3268   -8.1621
    0.7136   -2.0672   -0.9133    7.2707    3.4004  -11.0367
eta,q 0.97798  9.95491
  0.0264  0.0282  0.0252  0.0265  0.0241  0.0252  0.0251  0.0265  0.0245  0.0258  0.0232  0.0234
  0.0246  0.0259  0.0239  0.0244  0.0224  0.0238  0.0236  0.0241  0.0233  0.0240  0.0226  0.0225
  0.0236  0.0243  0.0232  0.0231  0.0222  0.0227  0.0226  0.0226  0.0225  0.0228  0.0222  0.0221
  0.0232  0.0232  0.0229  0.0229  0.0229  0.0222  0.0222  0.0222  0.0222  0.0222  0.0221  0.0221
  0.0237  0.0229  0.0231  0.0237  0.0242  0.0225  0.0225  0.0228  0.0224  0.0222  0.0222  0.0226
  0.0250  0.0233  0.0239  0.0254  0.0269  0.0236  0.0235  0.0244  0.0231  0.0229  0.0226  0.0235
  0.0269  0.0245  0.0251  0.0281  0.0308  0.0250  0.0250  0.0266  0.0244  0.0243  0.0232  0.0249
niter,ni,del,rscale     6    3    5.0000    1.2000
parameters
   -0.1169   34.1566   15.8167   -9.4071  -12.5762   -7.7700
    0.6789   -2.0841   -0.9093    7.6533    3.2977  -11.3669
eta,q 0.97810  9.98108
  0.0255  0.0260  0.0245  0.0266  0.0264  0.0252  0.0248  0.0263  0.0242  0.0252  0.0231  0.0238
  0.0236  0.0239  0.0232  0.0243  0.0238  0.0237  0.0233  0.0240  0.0231  0.0235  0.0224  0.0228
  0.0224  0.0225  0.0223  0.0227  0.0222  0.0225  0.0223  0.0224  0.0223  0.0224  0.0220  0.0221
  0.0220  0.0220  0.0220  0.0220  0.0220  0.0220  0.0219  0.0219  0.0219  0.0219  0.0219  0.0219
  0.0224  0.0223  0.0222  0.0223  0.0227  0.0222  0.0223  0.0226  0.0222  0.0221  0.0221  0.0222
  0.0235  0.0234  0.0229  0.0237  0.0241  0.0233  0.0233  0.0241  0.0230  0.0230  0.0225  0.0230
  0.0253  0.0251  0.0240  0.0262  0.0268  0.0247  0.0249  0.0262  0.0243  0.0246  0.0231  0.0242
niter,ni,del,rscale     5    3    5.0000    1.2000
parameters
   -0.1245   34.1733   15.8285   -9.3895  -12.6798   -7.6706
    0.6971   -2.0854   -0.8816    7.7460    3.2779  -11.4370
eta,q 0.97811  9.98349
  0.0253  0.0256  0.0243  0.0263  0.0265  0.0250  0.0248  0.0262  0.0242  0.0250  0.0231  0.0239
  0.0235  0.0235  0.0230  0.0241  0.0239  0.0235  0.0233  0.0239  0.0231  0.0233  0.0224  0.0229
  0.0223  0.0223  0.0222  0.0225  0.0222  0.0224  0.0223  0.0224  0.0222  0.0223  0.0220  0.0221
  0.0219  0.0219  0.0219  0.0219  0.0219  0.0219  0.0219  0.0219  0.0219  0.0219  0.0219  0.0219
  0.0223  0.0224  0.0222  0.0223  0.0226  0.0223  0.0222  0.0225  0.0221  0.0222  0.0221  0.0221
  0.0235  0.0236  0.0230  0.0238  0.0240  0.0233  0.0232  0.0240  0.0229  0.0232  0.0225  0.0228
  0.0254  0.0254  0.0242  0.0265  0.0267  0.0250  0.0248  0.0262  0.0243  0.0248  0.0231  0.0241
niter,ni,del,rscale     4    3    5.0000    1.2000
parameters
   -0.1257   34.1813   15.8346   -9.3807  -12.7142   -7.6505
    0.6960   -2.0842   -0.8791    7.7666    3.2692  -11.4610
eta,q 0.97811  9.98369
  0.0253  0.0256  0.0243  0.0263  0.0266  0.0250  0.0248  0.0262  0.0242  0.0249  0.0231  0.0240
  0.0235  0.0235  0.0230  0.0240  0.0240  0.0235  0.0233  0.0239  0.0230  0.0233  0.0224  0.0229
  0.0223  0.0223  0.0222  0.0225  0.0222  0.0224  0.0223  0.0224  0.0222  0.0223  0.0220  0.0221
  0.0219  0.0219  0.0219  0.0219  0.0219  0.0219  0.0219  0.0219  0.0219  0.0219  0.0219  0.0219
  0.0223  0.0224  0.0222  0.0223  0.0226  0.0223  0.0222  0.0225  0.0221  0.0222  0.0220  0.0221
  0.0234  0.0236  0.0230  0.0238  0.0239  0.0233  0.0232  0.0240  0.0229  0.0232  0.0224  0.0228
  0.0253  0.0254  0.0242  0.0265  0.0266  0.0250  0.0248  0.0262  0.0243  0.0249  0.0231  0.0240
registration optimization eta report
parameter search radius
    2.4000    2.7600    2.7600    9.5220    9.5220    8.2800
    7.2000    7.2000    7.2000    7.2000    7.2000    8.2800
100000*second partial in parameter space
       59.       47.       31.        5.        5.        4.
        6.        8.        5.        6.        2.        3.
  0.0253  0.0256  0.0243  0.0263  0.0266  0.0250  0.0248  0.0262  0.0242  0.0249  0.0231  0.0240
  0.0235  0.0235  0.0230  0.0240  0.0240  0.0235  0.0233  0.0239  0.0230  0.0233  0.0224  0.0229
  0.0223  0.0223  0.0222  0.0225  0.0222  0.0224  0.0223  0.0224  0.0222  0.0223  0.0220  0.0221
  0.0219  0.0219  0.0219  0.0219  0.0219  0.0219  0.0219  0.0219  0.0219  0.0219  0.0219  0.0219
  0.0223  0.0224  0.0222  0.0223  0.0226  0.0223  0.0222  0.0225  0.0221  0.0222  0.0220  0.0221
  0.0234  0.0236  0.0230  0.0238  0.0239  0.0233  0.0232  0.0240  0.0229  0.0232  0.0224  0.0228
  0.0253  0.0254  0.0242  0.0265  0.0266  0.0250  0.0248  0.0262  0.0243  0.0249  0.0231  0.0240
   -0.1257   34.1813   15.8346   -9.3807  -12.7142   -7.6505
    0.6960   -2.0842   -0.8791    7.7666    3.2692  -11.4610
eta,q 0.97811  9.98369

---------------------------------------------------------------------
imgreg_4dfp /opt/freesurfer/average/711-2C_as_mni_average_305 /opt/freesurfer/average/711-2B_as_mni_average_305_mask talsrcimg_g11 none talsrcimg_to_711-2C_as_mni_average_305_t4 2311
---------------------------------------------------------------------

freesurfer imgreg_4dfp.c
/opt/freesurfer/average/711-2C_as_mni_average_305.4dfp.img
       256       256       256         1
  1.000000  1.000000  1.000000
orientation T byte_order littleendian
Reading image: /opt/freesurfer/average/711-2C_as_mni_average_305.4dfp.img
dimensions:      256       256       256
mmppix:       1.0000   -1.0000   -1.0000
center:     128.0000 -129.0000 -129.0000
/opt/freesurfer/average/711-2B_as_mni_average_305_mask.4dfp.img
       256       256       256         1
  1.000000  1.000000  1.000000
orientation T byte_order littleendian
Reading mask: /opt/freesurfer/average/711-2B_as_mni_average_305_mask.4dfp.img (2306576 pixels)
talsrcimg_g11.4dfp.img
       256       256       256         1
  1.000000  1.000000  1.000000
orientation T byte_order littleendian
Reading image: talsrcimg_g11.4dfp.img
dimensions:      256       256       256
mmppix:       1.0000   -1.0000   -1.0000
center:     128.0000 -129.0000 -129.0000
fimgreg.f
image alignment mode   2311 decimal      907 hex
parameters
   -0.1257   34.1813   15.8346   -9.3807  -12.7142   -7.6505
    0.6960   -2.0842   -0.8791    7.7666    3.2692  -11.4610
eta,q 0.97812  9.98369
niter,ni,del,rscale     5    3    5.0000    0.8000
parameters
   -0.1199   34.1428   15.8250   -9.1280  -13.0907   -7.5150
    0.7853   -2.1325   -0.7494    7.8117    3.1545  -11.4690
eta,q 0.97817  9.99010
  0.0235  0.0231  0.0227  0.0232  0.0230  0.0231  0.0233  0.0239  0.0230  0.0232  0.0224  0.0226
  0.0226  0.0224  0.0222  0.0225  0.0222  0.0225  0.0225  0.0227  0.0224  0.0225  0.0221  0.0222
  0.0221  0.0220  0.0220  0.0221  0.0219  0.0220  0.0220  0.0220  0.0220  0.0220  0.0219  0.0219
  0.0219  0.0219  0.0219  0.0219  0.0219  0.0218  0.0218  0.0218  0.0218  0.0218  0.0218  0.0218
  0.0221  0.0221  0.0220  0.0220  0.0222  0.0220  0.0220  0.0221  0.0219  0.0219  0.0219  0.0219
  0.0226  0.0225  0.0223  0.0223  0.0226  0.0224  0.0224  0.0228  0.0223  0.0224  0.0221  0.0222
  0.0234  0.0232  0.0227  0.0229  0.0232  0.0230  0.0232  0.0239  0.0229  0.0232  0.0224  0.0226
niter,ni,del,rscale     4    3    5.0000    0.7000
parameters
   -0.1323   34.1432   15.8638   -9.0369  -13.2732   -7.4682
    0.7905   -2.1477   -0.6926    7.8136    3.1214  -11.4940
eta,q 0.97818  9.98983
  0.0230  0.0228  0.0225  0.0228  0.0228  0.0228  0.0229  0.0234  0.0227  0.0229  0.0222  0.0224
  0.0224  0.0223  0.0221  0.0223  0.0222  0.0223  0.0223  0.0225  0.0222  0.0223  0.0220  0.0221
  0.0220  0.0219  0.0219  0.0219  0.0219  0.0220  0.0220  0.0220  0.0219  0.0220  0.0219  0.0219
  0.0218  0.0218  0.0218  0.0218  0.0218  0.0218  0.0218  0.0218  0.0218  0.0218  0.0218  0.0218
  0.0220  0.0220  0.0219  0.0219  0.0220  0.0219  0.0219  0.0220  0.0219  0.0219  0.0219  0.0219
  0.0224  0.0223  0.0221  0.0222  0.0224  0.0223  0.0223  0.0226  0.0222  0.0223  0.0220  0.0221
  0.0231  0.0228  0.0224  0.0227  0.0229  0.0228  0.0229  0.0234  0.0227  0.0229  0.0222  0.0224
niter,ni,del,rscale     3    3    5.0000    0.6000
parameters
   -0.1343   34.1417   15.8842   -8.9929  -13.3947   -7.4320
    0.8047   -2.1680   -0.6557    7.8236    3.1035  -11.5242
eta,q 0.97819  9.98943
  0.0227  0.0226  0.0223  0.0225  0.0226  0.0226  0.0226  0.0230  0.0225  0.0226  0.0221  0.0222
  0.0222  0.0222  0.0220  0.0221  0.0221  0.0222  0.0222  0.0223  0.0221  0.0222  0.0219  0.0220
  0.0219  0.0219  0.0219  0.0219  0.0219  0.0219  0.0219  0.0219  0.0219  0.0219  0.0218  0.0218
  0.0218  0.0218  0.0218  0.0218  0.0218  0.0218  0.0218  0.0218  0.0218  0.0218  0.0218  0.0218
  0.0219  0.0219  0.0219  0.0219  0.0220  0.0219  0.0219  0.0220  0.0219  0.0219  0.0218  0.0219
  0.0222  0.0222  0.0220  0.0221  0.0222  0.0222  0.0222  0.0224  0.0221  0.0221  0.0220  0.0220
  0.0227  0.0226  0.0223  0.0225  0.0226  0.0226  0.0226  0.0230  0.0225  0.0226  0.0221  0.0223
niter,ni,del,rscale     2    3    5.0000    0.5000
parameters
   -0.1387   34.1490   15.8926   -8.9709  -13.4974   -7.3892
    0.8238   -2.1807   -0.6332    7.8535    3.0719  -11.5838
eta,q 0.97820  9.98910
  0.0224  0.0224  0.0221  0.0223  0.0224  0.0224  0.0224  0.0226  0.0223  0.0224  0.0220  0.0221
  0.0221  0.0220  0.0220  0.0220  0.0220  0.0221  0.0221  0.0222  0.0220  0.0221  0.0219  0.0219
  0.0219  0.0219  0.0218  0.0219  0.0218  0.0219  0.0219  0.0219  0.0219  0.0219  0.0218  0.0218
  0.0218  0.0218  0.0218  0.0218  0.0218  0.0218  0.0218  0.0218  0.0218  0.0218  0.0218  0.0218
  0.0219  0.0219  0.0218  0.0219  0.0219  0.0219  0.0219  0.0219  0.0219  0.0219  0.0218  0.0219
  0.0221  0.0220  0.0220  0.0220  0.0221  0.0220  0.0221  0.0222  0.0220  0.0220  0.0219  0.0220
  0.0224  0.0223  0.0221  0.0223  0.0224  0.0224  0.0224  0.0227  0.0223  0.0224  0.0220  0.0221
niter,ni,del,rscale     1    3    5.0000    0.4000
parameters
   -0.1418   34.1539   15.8994   -8.9351  -13.5855   -7.3489
    0.8536   -2.1954   -0.6273    7.8944    3.0338  -11.6378
eta,q 0.97820  9.98993
  0.0222  0.0222  0.0220  0.0221  0.0222  0.0222  0.0222  0.0223  0.0221  0.0222  0.0219  0.0220
  0.0220  0.0220  0.0219  0.0219  0.0220  0.0220  0.0220  0.0220  0.0219  0.0220  0.0219  0.0219
  0.0219  0.0218  0.0218  0.0218  0.0218  0.0219  0.0218  0.0219  0.0218  0.0219  0.0218  0.0218
  0.0218  0.0218  0.0218  0.0218  0.0218  0.0218  0.0218  0.0218  0.0218  0.0218  0.0218  0.0218
  0.0219  0.0218  0.0218  0.0218  0.0219  0.0218  0.0218  0.0219  0.0218  0.0218  0.0218  0.0218
  0.0220  0.0220  0.0219  0.0219  0.0220  0.0220  0.0220  0.0221  0.0219  0.0219  0.0219  0.0219
  0.0222  0.0221  0.0220  0.0221  0.0222  0.0222  0.0222  0.0224  0.0221  0.0221  0.0219  0.0220
registration optimization eta report
parameter search radius
    0.8000    0.8000    0.8000    2.4000    2.4000    2.4000
    2.4000    2.4000    2.4000    2.4000    2.4000    2.4000
100000*second partial in parameter space
       63.       53.       34.        5.        6.        6.
        6.        9.        5.        6.        2.        4.
  0.0222  0.0222  0.0220  0.0221  0.0222  0.0222  0.0222  0.0223  0.0221  0.0222  0.0219  0.0220
  0.0220  0.0220  0.0219  0.0219  0.0220  0.0220  0.0220  0.0220  0.0219  0.0220  0.0219  0.0219
  0.0219  0.0218  0.0218  0.0218  0.0218  0.0219  0.0218  0.0219  0.0218  0.0219  0.0218  0.0218
  0.0218  0.0218  0.0218  0.0218  0.0218  0.0218  0.0218  0.0218  0.0218  0.0218  0.0218  0.0218
  0.0219  0.0218  0.0218  0.0218  0.0219  0.0218  0.0218  0.0219  0.0218  0.0218  0.0218  0.0218
  0.0220  0.0220  0.0219  0.0219  0.0220  0.0220  0.0220  0.0221  0.0219  0.0219  0.0219  0.0219
  0.0222  0.0221  0.0220  0.0221  0.0222  0.0222  0.0222  0.0224  0.0221  0.0221  0.0219  0.0220
   -0.1418   34.1539   15.8994   -8.9351  -13.5855   -7.3489
    0.8536   -2.1954   -0.6273    7.8944    3.0338  -11.6378
eta,q 0.97820  9.98993

---------------------------------------------------------------------
imgreg_4dfp /opt/freesurfer/average/711-2C_as_mni_average_305 /opt/freesurfer/average/711-2B_as_mni_average_305_mask talsrcimg_g11 none talsrcimg_to_711-2C_as_mni_average_305_t4 2311
---------------------------------------------------------------------

freesurfer imgreg_4dfp.c
/opt/freesurfer/average/711-2C_as_mni_average_305.4dfp.img
       256       256       256         1
  1.000000  1.000000  1.000000
orientation T byte_order littleendian
Reading image: /opt/freesurfer/average/711-2C_as_mni_average_305.4dfp.img
dimensions:      256       256       256
mmppix:       1.0000   -1.0000   -1.0000
center:     128.0000 -129.0000 -129.0000
/opt/freesurfer/average/711-2B_as_mni_average_305_mask.4dfp.img
       256       256       256         1
  1.000000  1.000000  1.000000
orientation T byte_order littleendian
Reading mask: /opt/freesurfer/average/711-2B_as_mni_average_305_mask.4dfp.img (2306576 pixels)
talsrcimg_g11.4dfp.img
       256       256       256         1
  1.000000  1.000000  1.000000
orientation T byte_order littleendian
Reading image: talsrcimg_g11.4dfp.img
dimensions:      256       256       256
mmppix:       1.0000   -1.0000   -1.0000
center:     128.0000 -129.0000 -129.0000
fimgreg.f
image alignment mode   2311 decimal      907 hex
parameters
   -0.1418   34.1539   15.8994   -8.9351  -13.5855   -7.3489
    0.8536   -2.1954   -0.6273    7.8944    3.0338  -11.6378
eta,q 0.97820  9.98993
niter,ni,del,rscale     5    3    5.0000    0.8000
parameters
   -0.1418   34.1772   15.9061   -8.9648  -13.2879   -7.4058
    0.7447   -2.1353   -0.6942    7.8335    3.1466  -11.5028
eta,q 0.97818  9.99409
  0.0234  0.0232  0.0227  0.0229  0.0234  0.0230  0.0231  0.0239  0.0229  0.0232  0.0224  0.0226
  0.0225  0.0224  0.0222  0.0223  0.0225  0.0224  0.0224  0.0228  0.0223  0.0224  0.0221  0.0222
  0.0220  0.0220  0.0219  0.0219  0.0220  0.0220  0.0220  0.0221  0.0220  0.0220  0.0219  0.0219
  0.0218  0.0218  0.0218  0.0218  0.0218  0.0218  0.0218  0.0218  0.0218  0.0218  0.0218  0.0218
  0.0220  0.0220  0.0219  0.0219  0.0220  0.0220  0.0220  0.0221  0.0219  0.0220  0.0219  0.0219
  0.0225  0.0224  0.0222  0.0223  0.0224  0.0225  0.0225  0.0228  0.0223  0.0224  0.0221  0.0221
  0.0234  0.0231  0.0226  0.0230  0.0229  0.0231  0.0233  0.0238  0.0230  0.0233  0.0223  0.0225
niter,ni,del,rscale     4    3    5.0000    0.7000
parameters
   -0.1329   34.1444   15.8885   -9.0083  -13.3060   -7.4388
    0.7769   -2.1555   -0.6806    7.8130    3.1212  -11.4932
eta,q 0.97818  9.99093
  0.0230  0.0228  0.0224  0.0227  0.0229  0.0228  0.0229  0.0234  0.0227  0.0229  0.0222  0.0224
  0.0224  0.0222  0.0221  0.0222  0.0222  0.0223  0.0223  0.0225  0.0222  0.0223  0.0220  0.0221
  0.0220  0.0219  0.0219  0.0219  0.0219  0.0220  0.0220  0.0220  0.0219  0.0219  0.0219  0.0219
  0.0218  0.0218  0.0218  0.0218  0.0218  0.0218  0.0218  0.0218  0.0218  0.0218  0.0218  0.0218
  0.0220  0.0220  0.0219  0.0219  0.0220  0.0219  0.0219  0.0220  0.0219  0.0219  0.0219  0.0219
  0.0223  0.0223  0.0221  0.0222  0.0224  0.0223  0.0223  0.0226  0.0222  0.0223  0.0220  0.0221
  0.0230  0.0229  0.0225  0.0227  0.0228  0.0228  0.0229  0.0234  0.0227  0.0229  0.0222  0.0224
niter,ni,del,rscale     3    3    5.0000    0.6000
parameters
   -0.1372   34.1422   15.8883   -8.9839  -13.3991   -7.4309
    0.7942   -2.1684   -0.6558    7.8216    3.1023  -11.5185
eta,q 0.97819  9.98959
  0.0227  0.0226  0.0223  0.0225  0.0226  0.0226  0.0226  0.0230  0.0225  0.0226  0.0221  0.0223
  0.0222  0.0221  0.0220  0.0221  0.0221  0.0222  0.0222  0.0223  0.0221  0.0222  0.0219  0.0220
  0.0219  0.0219  0.0219  0.0219  0.0219  0.0219  0.0219  0.0219  0.0219  0.0219  0.0218  0.0218
  0.0218  0.0218  0.0218  0.0218  0.0218  0.0218  0.0218  0.0218  0.0218  0.0218  0.0218  0.0218
  0.0219  0.0219  0.0219  0.0219  0.0220  0.0219  0.0219  0.0220  0.0219  0.0219  0.0218  0.0219
  0.0222  0.0222  0.0220  0.0221  0.0222  0.0222  0.0222  0.0224  0.0221  0.0221  0.0220  0.0220
  0.0227  0.0226  0.0223  0.0225  0.0226  0.0226  0.0226  0.0230  0.0225  0.0226  0.0221  0.0222
niter,ni,del,rscale     2    3    5.0000    0.5000
parameters
   -0.1366   34.1456   15.8936   -8.9582  -13.5019   -7.3957
    0.8199   -2.1797   -0.6340    7.8525    3.0741  -11.5810
eta,q 0.97819  9.98924
  0.0224  0.0223  0.0221  0.0223  0.0224  0.0224  0.0224  0.0226  0.0223  0.0224  0.0220  0.0221
  0.0221  0.0221  0.0220  0.0220  0.0220  0.0221  0.0221  0.0222  0.0220  0.0221  0.0219  0.0219
  0.0219  0.0219  0.0218  0.0219  0.0219  0.0219  0.0219  0.0219  0.0219  0.0219  0.0218  0.0218
  0.0218  0.0218  0.0218  0.0218  0.0218  0.0218  0.0218  0.0218  0.0218  0.0218  0.0218  0.0218
  0.0219  0.0219  0.0218  0.0219  0.0219  0.0219  0.0219  0.0219  0.0218  0.0219  0.0218  0.0219
  0.0221  0.0220  0.0220  0.0220  0.0221  0.0220  0.0220  0.0222  0.0220  0.0220  0.0219  0.0220
  0.0224  0.0223  0.0221  0.0223  0.0224  0.0224  0.0224  0.0227  0.0223  0.0224  0.0220  0.0221
niter,ni,del,rscale     1    3    5.0000    0.4000
parameters
   -0.1388   34.1540   15.8957   -8.9336  -13.5852   -7.3514
    0.8542   -2.1917   -0.6217    7.9005    3.0297  -11.6411
eta,q 0.97820  9.99006
  0.0222  0.0222  0.0220  0.0221  0.0222  0.0222  0.0222  0.0223  0.0221  0.0222  0.0219  0.0220
  0.0220  0.0220  0.0219  0.0219  0.0219  0.0220  0.0220  0.0220  0.0219  0.0220  0.0219  0.0219
  0.0219  0.0218  0.0218  0.0218  0.0218  0.0219  0.0219  0.0219  0.0218  0.0218  0.0218  0.0218
  0.0218  0.0218  0.0218  0.0218  0.0218  0.0218  0.0218  0.0218  0.0218  0.0218  0.0218  0.0218
  0.0219  0.0218  0.0218  0.0218  0.0219  0.0218  0.0218  0.0219  0.0218  0.0218  0.0218  0.0218
  0.0220  0.0220  0.0219  0.0219  0.0220  0.0220  0.0220  0.0221  0.0219  0.0219  0.0219  0.0219
  0.0222  0.0221  0.0220  0.0221  0.0222  0.0222  0.0222  0.0224  0.0221  0.0221  0.0219  0.0220
registration optimization eta report
parameter search radius
    0.8000    0.8000    0.8000    2.4000    2.4000    2.4000
    2.4000    2.4000    2.4000    2.4000    2.4000    2.4000
100000*second partial in parameter space
       63.       53.       33.        5.        6.        6.
        6.        9.        5.        6.        2.        4.
  0.0222  0.0222  0.0220  0.0221  0.0222  0.0222  0.0222  0.0223  0.0221  0.0222  0.0219  0.0220
  0.0220  0.0220  0.0219  0.0219  0.0219  0.0220  0.0220  0.0220  0.0219  0.0220  0.0219  0.0219
  0.0219  0.0218  0.0218  0.0218  0.0218  0.0219  0.0219  0.0219  0.0218  0.0218  0.0218  0.0218
  0.0218  0.0218  0.0218  0.0218  0.0218  0.0218  0.0218  0.0218  0.0218  0.0218  0.0218  0.0218
  0.0219  0.0218  0.0218  0.0218  0.0219  0.0218  0.0218  0.0219  0.0218  0.0218  0.0218  0.0218
  0.0220  0.0220  0.0219  0.0219  0.0220  0.0220  0.0220  0.0221  0.0219  0.0219  0.0219  0.0219
  0.0222  0.0221  0.0220  0.0221  0.0222  0.0222  0.0222  0.0224  0.0221  0.0221  0.0219  0.0220
   -0.1388   34.1540   15.8957   -8.9336  -13.5852   -7.3514
    0.8542   -2.1917   -0.6217    7.9005    3.0297  -11.6411
eta,q 0.97820  9.99006

---------------------------------------------------------------------
compute_vox2vox talsrcimg talsrcimg_to_711-2C_as_mni_average_305_t4 /opt/freesurfer/average/711-2C_as_mni_average_305
---------------------------------------------------------------------

freesurfer compute_vox2vox.c
Reading: talsrcimg.4dfp.ifh
Reading: talsrcimg_to_711-2C_as_mni_average_305_t4
Reading: /opt/freesurfer/average/711-2C_as_mni_average_305.4dfp.ifh
Writing: talsrcimg_to_711-2C_as_mni_average_305_t4_vox2vox.txt

start time Tue Mar 10 09:49:38 CET 2026
end		time Tue Mar 10 09:51:17 CET 2026

mpr2mni305 success

avi2talxfm orig_nu.mgz /opt/freesurfer/average/mni305.cor.mgz talsrcimg_to_711-2C_as_mni_average_305_t4_vox2vox.txt transforms/talairach.auto.xfm
avi2talxfm done
mv -f /out/sourcedata/freesurfer/sub-v2s0x29040_ses-1/mri/talsrcimg_to_711-2C_as_mni_average_305_t4_vox2vox.txt /out/sourcedata/freesurfer/sub-v2s0x29040_ses-1/mri/transforms/talsrcimg_to_711-2C_as_mni_average_305_t4_vox2vox.txt
lta_convert --src orig_nu.mgz --trg /opt/freesurfer/average/mni305.cor.mgz --inxfm transforms/talairach.auto.xfm --outlta transforms/talairach.auto.xfm.lta --subject fsaverage
7.3.2

--src: orig_nu.mgz src image (geometry).
--trg: /opt/freesurfer/average/mni305.cor.mgz trg image (geometry).
--inmni: transforms/talairach.auto.xfm input MNI/XFM transform.
--outlta: transforms/talairach.auto.xfm.lta output LTA.
--s: fsaverage subject name
 LTA read, type : 1
 1.09717   0.02657  -0.00727  -1.71442;
-0.03449   1.06625   0.14398  -53.14703;
 0.01105  -0.09729   1.14399  -25.39020;
 0.00000   0.00000   0.00000   1.00000;
setting subject to fsaverage
Writing  LTA to file transforms/talairach.auto.xfm.lta...
lta_convert successful.
 
 
Started at Tue Mar 10 09:49:37 CET 2026
Ended   at Tue Mar 10 09:51:17 CET 2026
talairach_avi done
