Logfile for bbregister
Tue Mar 10 11:28:49 CET 2026

setenv SUBJECTS_DIR /out/sourcedata/freesurfer
cd /out/sourcedata/freesurfer/sub-v2s0x29032_ses-1/scripts
/opt/freesurfer/bin/bbregister --s sub-v2s0x29032_ses-1 --mov /out/sourcedata/freesurfer/sub-v2s0x29032_ses-1/mri/orig/FLAIRraw.mgz --lta /out/sourcedata/freesurfer/sub-v2s0x29032_ses-1/mri/transforms/FLAIRraw.auto.lta --init-coreg --T2 --gm-proj-abs 2 --wm-proj-abs 1 --no-coreg-ref-mask

bbregister 7.3.2
Linux dna074 5.14.0-427.37.1.el9_4.x86_64 #1 SMP PREEMPT_DYNAMIC Fri Sep 13 12:41:50 EDT 2024 x86_64 x86_64 x86_64 GNU/Linux
FREESURFER_HOME /opt/freesurfer
mri_convert /out/sourcedata/freesurfer/sub-v2s0x29032_ses-1/mri/orig/FLAIRraw.mgz /out/sourcedata/freesurfer/sub-v2s0x29032_ses-1/mri/transforms/tmp.bbregister.1750458/template.nii
mri_convert /out/sourcedata/freesurfer/sub-v2s0x29032_ses-1/mri/orig/FLAIRraw.mgz /out/sourcedata/freesurfer/sub-v2s0x29032_ses-1/mri/transforms/tmp.bbregister.1750458/template.nii 
reading from /out/sourcedata/freesurfer/sub-v2s0x29032_ses-1/mri/orig/FLAIRraw.mgz...
TR=0.00, TE=0.00, TI=0.00, flip angle=0.00
i_ras = (-1, 0, 0)
j_ras = (0, 1, 0)
k_ras = (0, 0, 1)
writing to /out/sourcedata/freesurfer/sub-v2s0x29032_ses-1/mri/transforms/tmp.bbregister.1750458/template.nii...
mri_coreg --s sub-v2s0x29032_ses-1 --mov /out/sourcedata/freesurfer/sub-v2s0x29032_ses-1/mri/transforms/tmp.bbregister.1750458/template.nii --regdat /out/sourcedata/freesurfer/sub-v2s0x29032_ses-1/mri/transforms/tmp.bbregister.1750458/reg.init.dat --reg /out/sourcedata/freesurfer/sub-v2s0x29032_ses-1/mri/transforms/tmp.bbregister.1750458/mri_coreg.lta --nthreads 4 --dof 6 --sep 4 --ftol .0001 --linmintol .01 --no-ref-mask

$Id: mri_coreg.c,v 1.27 2016/04/30 15:11:49 greve Exp $
cwd /out/sourcedata/freesurfer/sub-v2s0x29032_ses-1/scripts
cmdline mri_coreg --s sub-v2s0x29032_ses-1 --mov /out/sourcedata/freesurfer/sub-v2s0x29032_ses-1/mri/transforms/tmp.bbregister.1750458/template.nii --regdat /out/sourcedata/freesurfer/sub-v2s0x29032_ses-1/mri/transforms/tmp.bbregister.1750458/reg.init.dat --reg /out/sourcedata/freesurfer/sub-v2s0x29032_ses-1/mri/transforms/tmp.bbregister.1750458/mri_coreg.lta --nthreads 4 --dof 6 --sep 4 --ftol .0001 --linmintol .01 --no-ref-mask 
sysname  Linux
hostname dna074
machine  x86_64
user     oesteban
dof    6
nsep    1
cras0    1
ftol    0.000100
linmintol    0.010000
bf       1
bflim    30.000000
bfnsamp    30
SmoothRef 0
SatPct    99.990000
MovOOB 0
optschema 1
Seed 53
Reading in mov /out/sourcedata/freesurfer/sub-v2s0x29032_ses-1/mri/transforms/tmp.bbregister.1750458/template.nii
Reading in ref /out/sourcedata/freesurfer/sub-v2s0x29032_ses-1/mri/brainmask.mgz
Setting cras translation parameters to align volume centers
Creating random numbers for coordinate dithering
Performing intensity dithering
Performing intensity dithering on mov with computed dither
Init matrix params -1.0562 -0.0273 -1.0274  0.0000  0.0000  0.0000  1.0000  1.0000  1.0000  0.0000  0.0000  0.0000 
Initial parameters to be opt -1.0562 -0.0273 -1.0274  0.0000  0.0000  0.0000 
Separation list (1):  4   min = 4
DoSmoothing 1
DoCoordDither 1
DoIntensityDither 1
nitersmax 4
ftol 1.000e-04
linmintol 1.000e-02
SatPct 99.990000
Hist FWHM 7.000000 7.000000
nthreads 4
movsat = 64.0000
mov gstd 1.8943 1.8943 1.8943
Smoothing mov
refsat = 113.0000
ref gstd 1.8914 1.8914 1.8914
Smoothing ref
COREGpreproc() done
Testing if mov and target overlap
Init cost   -1.0680650128
nhits = 176015 out of 16777216, Percent Overlap:  67.1
Initial  RefRAS-to-MovRAS
 1.00000   0.00000   0.00000  -1.05624;
 0.00000   1.00000   0.00000  -0.02734;
 0.00000   0.00000   1.00000  -1.02735;
 0.00000   0.00000   0.00000   1.00000;
Initial  RefVox-to-MovVox
 1.02400   0.00000   0.00000  -37.55999;
 0.00000   0.00000   1.02400  -3.06000;
 0.00000  -1.02400   0.00000   258.05997;
 0.00000   0.00000   0.00000   1.00000;
sep = 4 -----------------------------------
COREGoptBruteForce() 30 1 30
Turning on MovOOB for BruteForce Search
#BF# sep= 4 iter=0 lim=30.0 delta=2.00  -1.05624  -0.02734  -1.02735   0.00000   0.00000   0.00000   -1.0563060
Turning  MovOOB back off after brute force search


---------------------------------
Init Powel Params dof = 6: -1.056244 -0.027344 -1.027351 0.000000 0.000000 0.000000 
Starting OpenPowel2(), sep = 4
InitialCost        -1.0680650473 
#@#  4  188  -1.05624 -0.02734 -1.02735 0.00000 0.00000 0.00000   -1.0680650
fs_powell::minimize
  nparams 6
  maxfev 4
  ftol   0.000100
  linmin_xtol_   0.010000
  powell nthiter 0: fret = -1.068065
#@#  4  190  -0.05624 -0.02734 -1.02735 0.00000 0.00000 0.00000   -1.0691196
#@#  4  195  -0.11558 -0.02734 -1.02735 0.00000 0.00000 0.00000   -1.0691299
#@#  4  196  -0.14206 -0.02734 -1.02735 0.00000 0.00000 0.00000   -1.0691313
#@#  4  204  -0.14206 0.35462 -1.02735 0.00000 0.00000 0.00000   -1.0692253
#@#  4  205  -0.14206 0.34242 -1.02735 0.00000 0.00000 0.00000   -1.0692254
#@#  4  206  -0.14206 0.33242 -1.02735 0.00000 0.00000 0.00000   -1.0692261
#@#  4  212  -0.14206 0.33242 -0.02735 0.00000 0.00000 0.00000   -1.0695126
#@#  4  216  -0.14206 0.33242 -0.40932 0.00000 0.00000 0.00000   -1.0696248
#@#  4  217  -0.14206 0.33242 -0.39932 0.00000 0.00000 0.00000   -1.0696253
#@#  4  218  -0.14206 0.33242 -0.37834 0.00000 0.00000 0.00000   -1.0696272
#@#  4  222  -0.14206 0.33242 -0.35226 0.00000 0.00000 0.00000   -1.0696276
#@#  4  230  -0.14206 0.33242 -0.35226 0.12382 0.00000 0.00000   -1.0696534
#@#  4  231  -0.14206 0.33242 -0.35226 0.13382 0.00000 0.00000   -1.0696539
#@#  4  232  -0.14206 0.33242 -0.35226 0.14873 0.00000 0.00000   -1.0696540
#@#  4  241  -0.14206 0.33242 -0.35226 0.14873 0.04181 0.00000   -1.0696543
#@#  4  250  -0.14206 0.33242 -0.35226 0.14873 0.02327 0.12719   -1.0696703
#@#  4  251  -0.14206 0.33242 -0.35226 0.14873 0.02327 0.13720   -1.0696716
  powell nthiter 1: fret = -1.069672
#@#  4  262  -0.16946 0.33242 -0.35226 0.14873 0.02327 0.13720   -1.0696737
#@#  4  271  -0.16946 0.15401 -0.35226 0.14873 0.02327 0.13720   -1.0697050
#@#  4  272  -0.16946 0.16401 -0.35226 0.14873 0.02327 0.13720   -1.0697054
#@#  4  273  -0.16946 0.17401 -0.35226 0.14873 0.02327 0.13720   -1.0697055
#@#  4  282  -0.16946 0.17401 -0.30622 0.14873 0.02327 0.13720   -1.0697078
#@#  4  283  -0.16946 0.17401 -0.29622 0.14873 0.02327 0.13720   -1.0697080
#@#  4  292  -0.16946 0.17401 -0.29622 0.24360 0.02327 0.13720   -1.0697199
#@#  4  294  -0.16946 0.17401 -0.29622 0.22360 0.02327 0.13720   -1.0697217
Powell done niters total = 1
OptTimeSec  7.0 sec
OptTimeMin  0.12 min
nEvals 315
Final optimized parameters  -0.16946107   0.17400886  -0.29621920   0.22359551   0.02326624   0.13720466 
Final matrix parameters -0.1695  0.1740 -0.2962  0.2236  0.0233  0.1472  1.0000  1.0000  1.0000  0.0000  0.0000  0.0000 
Final cost   -1.069721730339349
 

---------------------------------
Final  RefRAS-to-MovRAS
 1.00000   0.00239   0.00041  -0.16946;
-0.00240   0.99999   0.00390   0.17401;
-0.00040  -0.00390   0.99999  -0.29622;
 0.00000   0.00000   0.00000   1.00000;
Final  RefVox-to-MovVox
 1.02400   0.00042  -0.00245  -38.33969;
 0.00245  -0.00400   1.02399  -2.37840;
 0.00041  -1.02399  -0.00400   259.09747;
 0.00000   0.00000   0.00000   1.00000;
Final matrix parameters -0.1695  0.1740 -0.2962  0.2236  0.0233  0.1372  0.0000  0.0000  0.0000  0.0000  0.0000  0.0000 
Final opt parameters -0.1695  0.1740 -0.2962  0.2236  0.0233  0.1372 
nhits = 176010 out of 16777216, Percent Overlap:  67.1
mri_coreg RunTimeSec 47.7 sec
To check run:
   tkregisterfv --mov /out/sourcedata/freesurfer/sub-v2s0x29032_ses-1/mri/transforms/tmp.bbregister.1750458/template.nii --targ /out/sourcedata/freesurfer/sub-v2s0x29032_ses-1/mri/brainmask.mgz --reg /out/sourcedata/freesurfer/sub-v2s0x29032_ses-1/mri/transforms/tmp.bbregister.1750458/mri_coreg.lta --s sub-v2s0x29032_ses-1 --surfs 

mri_coreg done

mri_segreg --mov /out/sourcedata/freesurfer/sub-v2s0x29032_ses-1/mri/transforms/tmp.bbregister.1750458/template.nii --init-reg /out/sourcedata/freesurfer/sub-v2s0x29032_ses-1/mri/transforms/tmp.bbregister.1750458/reg.init.dat --out-reg /out/sourcedata/freesurfer/sub-v2s0x29032_ses-1/mri/transforms/tmp.bbregister.1750458/bbr.pass1.dat --subsamp-brute 100 --subsamp 100 --tol 1e-4 --tol1d 1e-3 --brute -4 4 4 --surf white --gm-proj-abs 2 --gm-gt-wm 0.5
7.3.2
setenv SUBJECTS_DIR /out/sourcedata/freesurfer
cd /out/sourcedata/freesurfer/sub-v2s0x29032_ses-1/scripts
mri_segreg --mov /out/sourcedata/freesurfer/sub-v2s0x29032_ses-1/mri/transforms/tmp.bbregister.1750458/template.nii --init-reg /out/sourcedata/freesurfer/sub-v2s0x29032_ses-1/mri/transforms/tmp.bbregister.1750458/reg.init.dat --out-reg /out/sourcedata/freesurfer/sub-v2s0x29032_ses-1/mri/transforms/tmp.bbregister.1750458/bbr.pass1.dat --subsamp-brute 100 --subsamp 100 --tol 1e-4 --tol1d 1e-3 --brute -4 4 4 --surf white --gm-proj-abs 2 --gm-gt-wm 0.5 
sysname  Linux
hostname dna074
machine  x86_64
user     oesteban
movvol /out/sourcedata/freesurfer/sub-v2s0x29032_ses-1/mri/transforms/tmp.bbregister.1750458/template.nii
regfile /out/sourcedata/freesurfer/sub-v2s0x29032_ses-1/mri/transforms/tmp.bbregister.1750458/reg.init.dat
subject sub-v2s0x29032_ses-1
dof 6
outregfile /out/sourcedata/freesurfer/sub-v2s0x29032_ses-1/mri/transforms/tmp.bbregister.1750458/bbr.pass1.dat
UseMask 0
UseLH 1
UseRH 1
nsubsamp 100
PenaltySign  -1
PenaltySlope 0.500000
PenaltyCenter 0.000000
surfname white
GMProjAbs 2.000000
WMProjAbs 2.000000
lhcostfile (null)
rhcostfile (null)
interp  trilinear (1)
frame  0
TolPowell 0.000100
nMaxItersPowell 36
n1dmin  3
Profile   0
Gdiag_no  -1
AddNoise  0 (0)
SynthSeed 1773382226
TransRandMax 0.000000
RotRandMax 0.000000
Translations 0.000000 0.000000 0.000000
Rotations   0.000000 0.000000 0.000000
Input reg
 1.00000   0.00239   0.00041   1.00464;
-0.00040  -0.00390   0.99999  -0.42300;
 0.00240  -0.99999  -0.00390  -0.48318;
 0.00000   0.00000   0.00000   1.00000;

Loading mov
ExcludeZeroVoxels 1
Reading in targ vol /out/sourcedata/freesurfer/sub-v2s0x29032_ses-1/mri/orig.mgz
Projecting LH Surfs
Loading lh.white surf
GM Proj: 0 0.500000 2.000000
WM Proj: 0 0.500000 2.000000
Projecting RH Surfs
Loading rh.white surf
Projecting RH Surfs
Using lh.cortex.label
Using rh.cortex.label
Computing relative cost
 0  -25.0 -25.0 -25.0   1.019411
 1  -25.0 -25.0  25.0   1.062727
 2  -25.0  25.0 -25.0   1.049178
 3  -25.0  25.0  25.0   0.980277
 4   25.0 -25.0 -25.0   1.034741
 5   25.0 -25.0  25.0   1.077840
 6   25.0  25.0 -25.0   1.066154
 7   25.0  25.0  25.0   1.039138
REL:  8  0.438407    8.329467  1.041183 rel = 0.421066 
Initial costs ----------------
Number of surface hits 2545
WM  Intensity    37.7078 +/-   5.0050
Ctx Intensity    41.1769 +/-   8.4031
Pct Contrast      7.2002 +/-  21.2260
Cost   0.4384
RelCost   0.4211

------------------------------------
Brute force preopt -4 4 4, n = 729
     0  -4.0000  -4.0000  -4.0000  -4.0000  -4.0000  -4.0000      1.0299   1.0299  0.0
     1  -4.0000  -4.0000  -4.0000  -4.0000  -4.0000   0.0000      1.0269   1.0269  0.0
     6  -4.0000  -4.0000  -4.0000  -4.0000   4.0000  -4.0000      1.0259   1.0259  0.0
     7  -4.0000  -4.0000  -4.0000  -4.0000   4.0000   0.0000      0.9998   0.9998  0.0
    15  -4.0000  -4.0000  -4.0000   0.0000   4.0000  -4.0000      0.9945   0.9945  0.0
    20  -4.0000  -4.0000  -4.0000   4.0000  -4.0000   4.0000      0.9808   0.9808  0.0
    46  -4.0000  -4.0000   0.0000   4.0000  -4.0000   0.0000      0.9761   0.9761  0.0
    47  -4.0000  -4.0000   0.0000   4.0000  -4.0000   4.0000      0.9659   0.9659  0.0
    61  -4.0000  -4.0000   4.0000  -4.0000   4.0000   0.0000      0.9553   0.9553  0.0
    97  -4.0000   0.0000  -4.0000   0.0000   4.0000   0.0000      0.9533   0.9533  0.0
   118  -4.0000   0.0000   0.0000   0.0000  -4.0000   0.0000      0.9428   0.9428  0.0
   119  -4.0000   0.0000   0.0000   0.0000  -4.0000   4.0000      0.9201   0.9201  0.0
   124  -4.0000   0.0000   0.0000   0.0000   4.0000   0.0000      0.9080   0.9080  0.0
   354   0.0000   0.0000   0.0000  -4.0000   0.0000  -4.0000      0.9007   0.9007  0.0
   355   0.0000   0.0000   0.0000  -4.0000   0.0000   0.0000      0.8387   0.8387  0.0
   363   0.0000   0.0000   0.0000   0.0000   0.0000  -4.0000      0.8188   0.8188  0.0
   364   0.0000   0.0000   0.0000   0.0000   0.0000   0.0000      0.4384   0.4384  0.0
Brute Force --------------------------
Min cost was 0.438407
Number of iterations   729
Search time 0.599909 sec
Parameters at best (transmm, rotdeg)
  0.000   0.000   0.000  0.000  0.000  0.000 
--------------------------------------------

Starting Powell Minimization
Init Powel Params dof = 6
0 0
1 0
2 0
3 0
4 0
5 0
fs_powell::minimize
  nparams 6
  maxfev 36
  ftol   0.000100
  linmin_xtol_   0.001000
  powell nthiter 0: fret = 0.438407
   8  0.047  0.000  0.000  0.000  0.000  0.000   0.4379101649
   9  0.175  0.000  0.000  0.000  0.000  0.000   0.4377373366
  10  0.123  0.000  0.000  0.000  0.000  0.000   0.4375373674
  12  0.141  0.000  0.000  0.000  0.000  0.000   0.4373804726
  14  0.147  0.000  0.000  0.000  0.000  0.000   0.4373525082
  15  0.148  0.000  0.000  0.000  0.000  0.000   0.4373516013
  22  0.148  0.382  0.000  0.000  0.000  0.000   0.4289628903
  23  0.148  0.386  0.000  0.000  0.000  0.000   0.4288712710
  24  0.148  0.620  0.000  0.000  0.000  0.000   0.4255677330
  26  0.148  0.542  0.000  0.000  0.000  0.000   0.4251990002
  28  0.148  0.571  0.000  0.000  0.000  0.000   0.4249679120
  30  0.148  0.570  0.000  0.000  0.000  0.000   0.4249658960
  33  0.148  0.568  0.000  0.000  0.000  0.000   0.4249658331
  44  0.148  0.568  0.065  0.000  0.000  0.000   0.4245915146
  46  0.148  0.568  0.042  0.000  0.000  0.000   0.4243628161
  47  0.148  0.568  0.040  0.000  0.000  0.000   0.4243507094
  48  0.148  0.568  0.025  0.000  0.000  0.000   0.4243380585
  49  0.148  0.568  0.031  0.000  0.000  0.000   0.4243218722
  59  0.148  0.568  0.031  0.125  0.000  0.000   0.4236611728
  61  0.148  0.568  0.031  0.095  0.000  0.000   0.4234731248
  64  0.148  0.568  0.031  0.098  0.000  0.000   0.4234719700
  74  0.148  0.568  0.031  0.098 -0.229  0.000   0.4230884745
  75  0.148  0.568  0.031  0.098 -0.141  0.000   0.4224948264
  77  0.148  0.568  0.031  0.098 -0.151  0.000   0.4224063229
  79  0.148  0.568  0.031  0.098 -0.163  0.000   0.4223062601
  80  0.148  0.568  0.031  0.098 -0.164  0.000   0.4223005981
  91  0.148  0.568  0.031  0.098 -0.164  0.023   0.4221687416
  92  0.148  0.568  0.031  0.098 -0.164  0.022   0.4221684844
  powell nthiter 1: fret = 0.422168
 105  0.175  0.568  0.031  0.098 -0.164  0.022   0.4220062260
 107  0.174  0.568  0.031  0.098 -0.164  0.022   0.4220058036
 110  0.173  0.568  0.031  0.098 -0.164  0.022   0.4220057151
 124  0.173  0.575  0.031  0.098 -0.164  0.022   0.4219559191
 125  0.173  0.576  0.031  0.098 -0.164  0.022   0.4219542245
 133  0.173  0.576  0.052  0.098 -0.164  0.022   0.4211063149
 134  0.173  0.576  0.160  0.098 -0.164  0.022   0.4196403284
 136  0.173  0.576  0.140  0.098 -0.164  0.022   0.4188371225
 137  0.173  0.576  0.117  0.098 -0.164  0.022   0.4186967356
 138  0.173  0.576  0.124  0.098 -0.164  0.022   0.4186352531
 139  0.173  0.576  0.125  0.098 -0.164  0.022   0.4186346996
 151  0.173  0.576  0.125  0.097 -0.164  0.022   0.4186309154
 162  0.173  0.576  0.125  0.097 -0.166  0.022   0.4186230203
 163  0.173  0.576  0.125  0.097 -0.168  0.022   0.4186214411
 171  0.173  0.576  0.125  0.097 -0.168  0.035   0.4185009898
 173  0.173  0.576  0.125  0.097 -0.168  0.041   0.4184855317
 174  0.173  0.576  0.125  0.097 -0.168  0.042   0.4184851207
 175  0.173  0.576  0.125  0.097 -0.168  0.043   0.4184850502
  powell nthiter 2: fret = 0.418485
 189  0.180  0.576  0.125  0.097 -0.168  0.043   0.4184732994
 193  0.181  0.576  0.125  0.097 -0.168  0.043   0.4184726199
 207  0.181  0.582  0.125  0.097 -0.168  0.043   0.4184337605
 210  0.181  0.583  0.125  0.097 -0.168  0.043   0.4184320396
 222  0.181  0.583  0.124  0.097 -0.168  0.043   0.4184279215
 245  0.181  0.583  0.124  0.097 -0.161  0.043   0.4184064944
 246  0.181  0.583  0.124  0.097 -0.163  0.043   0.4184023938
 247  0.181  0.583  0.124  0.097 -0.164  0.043   0.4184022345
 257  0.181  0.583  0.124  0.097 -0.164  0.044   0.4184017669
  powell nthiter 3: fret = 0.418402
 270  0.183  0.583  0.124  0.097 -0.164  0.044   0.4184005115
 296  0.183  0.583  0.125  0.097 -0.164  0.044   0.4183999446
 309  0.183  0.583  0.125  0.098 -0.164  0.044   0.4183997389
 321  0.183  0.583  0.125  0.098 -0.162  0.044   0.4183979665
Powell done niters = 3
Computing relative cost
 0  -25.0 -25.0 -25.0   1.044943
 1  -25.0 -25.0  25.0   1.069582
 2  -25.0  25.0 -25.0   1.053951
 3  -25.0  25.0  25.0   0.966169
 4   25.0 -25.0 -25.0   1.038872
 5   25.0 -25.0  25.0   1.102641
 6   25.0  25.0 -25.0   1.087400
 7   25.0  25.0  25.0   1.027889
REL:  8  0.418398    8.391445  1.048931 rel = 0.39888 
Number of iterations     3
Min cost was 0.418398
Number of FunctionCalls   333
TolPowell 0.000100
nMaxItersPowell 36
OptimizationTime 0.262392 sec
Parameters at optimum (transmm)  0.18265  0.58264  0.12451
Parameters at optimum (rotdeg)  0.09753 -0.16226  0.04400 
Final costs ----------------
Number of surface hits 2545
WM  Intensity    37.6112 +/-   5.0158
Ctx Intensity    41.1395 +/-   8.4446
Pct Contrast      7.3148 +/-  21.1941
Cost   0.4184
RelCost   0.4211
Reg at min cost was 
 0.99999   0.00523  -0.00036   1.18898;
 0.00037  -0.00220   1.00000   0.16123;
 0.00523  -0.99998  -0.00220  -0.35655;
 0.00000   0.00000   0.00000   1.00000;

Writing optimal reg to /out/sourcedata/freesurfer/sub-v2s0x29032_ses-1/mri/transforms/tmp.bbregister.1750458/bbr.pass1.dat, type = 14 
Original Reg 
 1.00000   0.00239   0.00041   1.00464;
-0.00040  -0.00390   0.99999  -0.42300;
 0.00240  -0.99999  -0.00390  -0.48318;
 0.00000   0.00000   0.00000   1.00000;

Original Reg - Optimal Reg
 0.00001  -0.00283   0.00076  -0.18434;
-0.00076  -0.00171  -0.00001  -0.58423;
-0.00283  -0.00001  -0.00170  -0.12664;
 0.00000   0.00000   0.00000   0.00000;

Computing change in lh position
LH rmsDiffMean 0.567074
Computing change in rh position
Surface-RMS-Diff-mm 0.604466 0.098357 0.828581
mri_segreg done
mri_segreg --mov /out/sourcedata/freesurfer/sub-v2s0x29032_ses-1/mri/transforms/tmp.bbregister.1750458/template.nii --init-reg /out/sourcedata/freesurfer/sub-v2s0x29032_ses-1/mri/transforms/tmp.bbregister.1750458/bbr.pass1.dat --out-reg /out/sourcedata/freesurfer/sub-v2s0x29032_ses-1/mri/transforms/FLAIRraw.auto.dat --interp trilinear --wm-proj-abs 1 --tol 1e-8 --tol1d 1e-3 --c0 0 --mincost /out/sourcedata/freesurfer/sub-v2s0x29032_ses-1/mri/transforms/FLAIRraw.auto.dat.mincost --dof 6 --nmax 36 --param /out/sourcedata/freesurfer/sub-v2s0x29032_ses-1/mri/transforms/FLAIRraw.auto.dat.param --surf white --brute -0.1 0.1 0.1 --cur-reg /out/sourcedata/freesurfer/sub-v2s0x29032_ses-1/mri/transforms/tmp.bbregister.1750458/reg.curopt.dat --gm-proj-abs 2 --nsub 1 --gm-gt-wm 0.5
7.3.2
setenv SUBJECTS_DIR /out/sourcedata/freesurfer
cd /out/sourcedata/freesurfer/sub-v2s0x29032_ses-1/scripts
mri_segreg --mov /out/sourcedata/freesurfer/sub-v2s0x29032_ses-1/mri/transforms/tmp.bbregister.1750458/template.nii --init-reg /out/sourcedata/freesurfer/sub-v2s0x29032_ses-1/mri/transforms/tmp.bbregister.1750458/bbr.pass1.dat --out-reg /out/sourcedata/freesurfer/sub-v2s0x29032_ses-1/mri/transforms/FLAIRraw.auto.dat --interp trilinear --wm-proj-abs 1 --tol 1e-8 --tol1d 1e-3 --c0 0 --mincost /out/sourcedata/freesurfer/sub-v2s0x29032_ses-1/mri/transforms/FLAIRraw.auto.dat.mincost --dof 6 --nmax 36 --param /out/sourcedata/freesurfer/sub-v2s0x29032_ses-1/mri/transforms/FLAIRraw.auto.dat.param --surf white --brute -0.1 0.1 0.1 --cur-reg /out/sourcedata/freesurfer/sub-v2s0x29032_ses-1/mri/transforms/tmp.bbregister.1750458/reg.curopt.dat --gm-proj-abs 2 --nsub 1 --gm-gt-wm 0.5 
sysname  Linux
hostname dna074
machine  x86_64
user     oesteban
movvol /out/sourcedata/freesurfer/sub-v2s0x29032_ses-1/mri/transforms/tmp.bbregister.1750458/template.nii
regfile /out/sourcedata/freesurfer/sub-v2s0x29032_ses-1/mri/transforms/tmp.bbregister.1750458/bbr.pass1.dat
subject sub-v2s0x29032_ses-1
dof 6
outregfile /out/sourcedata/freesurfer/sub-v2s0x29032_ses-1/mri/transforms/FLAIRraw.auto.dat
UseMask 0
UseLH 1
UseRH 1
nsubsamp 1
PenaltySign  -1
PenaltySlope 0.500000
PenaltyCenter 0.000000
surfname white
GMProjAbs 2.000000
WMProjAbs 1.000000
lhcostfile (null)
rhcostfile (null)
interp  trilinear (1)
frame  0
TolPowell 0.000000
nMaxItersPowell 36
n1dmin  3
Profile   0
Gdiag_no  -1
AddNoise  0 (0)
SynthSeed 1773204897
TransRandMax 0.000000
RotRandMax 0.000000
Translations 0.000000 0.000000 0.000000
Rotations   0.000000 0.000000 0.000000
Input reg
 0.99999   0.00523  -0.00036   1.18898;
 0.00037  -0.00220   1.00000   0.16123;
 0.00523  -0.99998  -0.00220  -0.35655;
 0.00000   0.00000   0.00000   1.00000;

Loading mov
ExcludeZeroVoxels 1
Reading in targ vol /out/sourcedata/freesurfer/sub-v2s0x29032_ses-1/mri/orig.mgz
Projecting LH Surfs
Loading lh.white surf
GM Proj: 0 0.500000 2.000000
WM Proj: 0 0.500000 1.000000
Projecting RH Surfs
Loading rh.white surf
Projecting RH Surfs
Using lh.cortex.label
Using rh.cortex.label
Computing relative cost
 0  -25.0 -25.0 -25.0   1.013513
 1  -25.0 -25.0  25.0   1.043236
 2  -25.0  25.0 -25.0   1.035164
 3  -25.0  25.0  25.0   1.003496
 4   25.0 -25.0 -25.0   1.042855
 5   25.0 -25.0  25.0   1.050096
 6   25.0  25.0 -25.0   1.064163
 7   25.0  25.0  25.0   1.044622
REL:  8  0.462996    8.297145  1.037143 rel = 0.446414 
Initial costs ----------------
Number of surface hits 253852
WM  Intensity    37.8774 +/-   4.9235
Ctx Intensity    41.0947 +/-   8.4821
Pct Contrast      6.4472 +/-  21.0218
Cost   0.4630
RelCost   0.4464

------------------------------------
Brute force preopt -0.1 0.1 0.1, n = 729
     0  -0.1000  -0.1000  -0.1000  -0.1000  -0.1000  -0.1000      0.4445   0.4445  0.0
     1  -0.1000  -0.1000  -0.1000  -0.1000  -0.1000   0.0000      0.4411   0.4411  0.0
     2  -0.1000  -0.1000  -0.1000  -0.1000  -0.1000   0.1000      0.4399   0.4399  0.0
     5  -0.1000  -0.1000  -0.1000  -0.1000   0.0000   0.1000      0.4383   0.4383  0.0
    10  -0.1000  -0.1000  -0.1000   0.0000  -0.1000   0.0000      0.4381   0.4381  0.0
    11  -0.1000  -0.1000  -0.1000   0.0000  -0.1000   0.1000      0.4378   0.4378  0.0
    19  -0.1000  -0.1000  -0.1000   0.1000  -0.1000   0.0000      0.4363   0.4363  0.0
    44  -0.1000  -0.1000   0.0000   0.0000   0.1000   0.1000      0.4349   0.4349  0.0
    62  -0.1000  -0.1000   0.1000  -0.1000   0.1000   0.1000      0.4340   0.4340  0.0
    70  -0.1000  -0.1000   0.1000   0.0000   0.1000   0.0000      0.4337   0.4337  0.0
    71  -0.1000  -0.1000   0.1000   0.0000   0.1000   0.1000      0.4314   0.4314  0.0
Brute Force --------------------------
Min cost was 0.431433
Number of iterations   729
Search time 0.571995 sec
Parameters at best (transmm, rotdeg)
 -0.100  -0.100   0.100  0.000  0.100  0.100 
--------------------------------------------

Starting Powell Minimization
Init Powel Params dof = 6
0 -0.1
1 -0.1
2 0.1
3 0
4 0.1
5 0.1
fs_powell::minimize
  nparams 6
  maxfev 36
  ftol   0.000000
  linmin_xtol_   0.001000
  powell nthiter 0: fret = 0.456224
   7 -0.266 -0.100  0.100  0.000  0.100  0.100   0.4547589447
   8 -0.272 -0.100  0.100  0.000  0.100  0.100   0.4547371852
   9 -0.318 -0.100  0.100  0.000  0.100  0.100   0.4546593194
  11 -0.325 -0.100  0.100  0.000  0.100  0.100   0.4546543238
  13 -0.330 -0.100  0.100  0.000  0.100  0.100   0.4546531924
  14 -0.329 -0.100  0.100  0.000  0.100  0.100   0.4546530636
  22 -0.329 -0.123  0.100  0.000  0.100  0.100   0.4545863175
  23 -0.329 -0.129  0.100  0.000  0.100  0.100   0.4545736958
  26 -0.329 -0.138  0.100  0.000  0.100  0.100   0.4545664113
  35 -0.329 -0.138  0.172  0.000  0.100  0.100   0.4542649944
  36 -0.329 -0.138  0.176  0.000  0.100  0.100   0.4542510331
  37 -0.329 -0.138  0.293  0.000  0.100  0.100   0.4542240702
  38 -0.329 -0.138  0.238  0.000  0.100  0.100   0.4539797468
  40 -0.329 -0.138  0.249  0.000  0.100  0.100   0.4539573166
  43 -0.329 -0.138  0.251  0.000  0.100  0.100   0.4539562613
  51 -0.329 -0.138  0.251  0.382  0.100  0.100   0.4533070613
  52 -0.329 -0.138  0.251  0.212  0.100  0.100   0.4514027330
  54 -0.329 -0.138  0.251  0.223  0.100  0.100   0.4513956249
  55 -0.329 -0.138  0.251  0.221  0.100  0.100   0.4513950844
  63 -0.329 -0.138  0.251  0.221  0.162  0.100   0.4510888732
  64 -0.329 -0.138  0.251  0.221  0.174  0.100   0.4510823980
  65 -0.329 -0.138  0.251  0.221  0.173  0.100   0.4510820653
  66 -0.329 -0.138  0.251  0.221  0.171  0.100   0.4510815530
  68 -0.329 -0.138  0.251  0.221  0.170  0.100   0.4510810539
  78 -0.329 -0.138  0.251  0.221  0.170  0.096   0.4510800692
  powell nthiter 1: fret = 0.451080
  95 -0.331 -0.138  0.251  0.221  0.170  0.096   0.4510797236
 103 -0.331 -0.123  0.251  0.221  0.170  0.096   0.4510187827
 104 -0.331 -0.110  0.251  0.221  0.170  0.096   0.4510155270
 105 -0.331 -0.115  0.251  0.221  0.170  0.096   0.4510101252
 117 -0.331 -0.115  0.256  0.221  0.170  0.096   0.4510075025
 127 -0.331 -0.115  0.256  0.247  0.170  0.096   0.4509854781
 128 -0.331 -0.115  0.256  0.239  0.170  0.096   0.4509750678
 129 -0.331 -0.115  0.256  0.237  0.170  0.096   0.4509745865
 130 -0.331 -0.115  0.256  0.236  0.170  0.096   0.4509745788
 140 -0.331 -0.115  0.256  0.236  0.171  0.096   0.4509745711
 141 -0.331 -0.115  0.256  0.236  0.172  0.096   0.4509745037
 150 -0.331 -0.115  0.256  0.236  0.172  0.109   0.4509739785
 151 -0.331 -0.115  0.256  0.236  0.172  0.103   0.4509714683
  powell nthiter 2: fret = 0.450971
 166 -0.332 -0.115  0.256  0.236  0.172  0.103   0.4509713486
 176 -0.332 -0.114  0.256  0.236  0.172  0.103   0.4509711346
 187 -0.332 -0.114  0.257  0.236  0.172  0.103   0.4509709957
  powell nthiter 3: fret = 0.450971
Powell done niters = 3
Computing relative cost
 0  -25.0 -25.0 -25.0   1.013741
 1  -25.0 -25.0  25.0   1.040068
 2  -25.0  25.0 -25.0   1.034923
 3  -25.0  25.0  25.0   1.004858
 4   25.0 -25.0 -25.0   1.039665
 5   25.0 -25.0  25.0   1.047565
 6   25.0  25.0 -25.0   1.059018
 7   25.0  25.0  25.0   1.038835
REL:  8  0.450971    8.278674  1.034834 rel = 0.435791 
Number of iterations     3
Min cost was 0.450971
Number of FunctionCalls   285
TolPowell 0.000000
nMaxItersPowell 36
OptimizationTime 9.634208 sec
Parameters at optimum (transmm) -0.33176 -0.11427  0.25687
Parameters at optimum (rotdeg)  0.23631  0.17199  0.10276 
Final costs ----------------
Number of surface hits 253852
WM  Intensity    37.9639 +/-   5.0058
Ctx Intensity    41.1312 +/-   8.5538
Pct Contrast      6.2575 +/-  22.0052
Cost   0.4510
RelCost   0.4464
Reg at min cost was 
 1.00000   0.00222  -0.00214   0.85585;
 0.00214   0.00193   1.00000   0.05056;
 0.00223  -1.00000   0.00193  -0.10258;
 0.00000   0.00000   0.00000   1.00000;

Writing optimal reg to /out/sourcedata/freesurfer/sub-v2s0x29032_ses-1/mri/transforms/FLAIRraw.auto.dat, type = 14 
Original Reg 
 0.99999   0.00523  -0.00036   1.18898;
 0.00037  -0.00220   1.00000   0.16123;
 0.00523  -0.99998  -0.00220  -0.35655;
 0.00000   0.00000   0.00000   1.00000;

Original Reg - Optimal Reg
-0.00001   0.00301   0.00179   0.33312;
-0.00177  -0.00413   0.00000   0.11067;
 0.00300   0.00001  -0.00413  -0.25397;
 0.00000   0.00000   0.00000   0.00000;

Computing change in lh position
LH rmsDiffMean 0.552380
Computing change in rh position
Surface-RMS-Diff-mm 0.483919 0.118187 0.718078
mri_segreg done
MinCost: 0.450971 37.963950 41.131213 6.257535 
tkregister2_cmdl --mov /out/sourcedata/freesurfer/sub-v2s0x29032_ses-1/mri/orig/FLAIRraw.mgz --reg /out/sourcedata/freesurfer/sub-v2s0x29032_ses-1/mri/transforms/FLAIRraw.auto.dat --noedit --ltaout /out/sourcedata/freesurfer/sub-v2s0x29032_ses-1/mri/transforms/FLAIRraw.auto.lta
INFO: no target volume specified, assuming FreeSurfer orig volume.
target  volume orig
movable volume /out/sourcedata/freesurfer/sub-v2s0x29032_ses-1/mri/orig/FLAIRraw.mgz
reg file       /out/sourcedata/freesurfer/sub-v2s0x29032_ses-1/mri/transforms/FLAIRraw.auto.dat
LoadVol        0
ZeroCRAS       0
7.3.2
Diagnostic Level -1
---- Input registration matrix --------
 1.00000   0.00222  -0.00214   0.85585;
 0.00214   0.00193   1.00000   0.05056;
 0.00223  -1.00000   0.00193  -0.10258;
 0.00000   0.00000   0.00000   1.00000;
float2int = 0
---------------------------------------
INFO: loading target /out/sourcedata/freesurfer/sub-v2s0x29032_ses-1/mri/orig.mgz
Ttarg: --------------------
-1.00000   0.00000   0.00000   128.00000;
 0.00000   0.00000   1.00000  -128.00000;
 0.00000  -1.00000   0.00000   128.00000;
 0.00000   0.00000   0.00000   1.00000;
INFO: loading movable /out/sourcedata/freesurfer/sub-v2s0x29032_ses-1/mri/orig/FLAIRraw.mgz
Tmov: --------------------
-0.97656   0.00000   0.00000   91.30859;
 0.00000   0.00000   0.97656  -125.00000;
 0.00000  -0.97656   0.00000   125.00000;
 0.00000   0.00000   0.00000   1.00000;
mkheaderreg = 0, float2int = 0
---- Input registration matrix --------
 1.00000   0.00222  -0.00214   0.85585;
 0.00214   0.00193   1.00000   0.05056;
 0.00223  -1.00000   0.00193  -0.10258;
 0.00000   0.00000   0.00000   1.00000;
Determinant 1
subject = sub-v2s0x29032_ses-1
RegMat ---------------------------
 1.00000   0.00222  -0.00214   0.85585;
 0.00214   0.00193   1.00000   0.05056;
 0.00223  -1.00000   0.00193  -0.10258;
 0.00000   0.00000   0.00000   1.00000;
Cleaning up
 
Started at Tue Mar 10 11:28:49 CET 2026 
Ended   at Tue Mar 10 11:29:53 CET 2026
BBR-Run-Time-Sec 64
 
bbregister Done
To check results, run:
tkregisterfv --mov /out/sourcedata/freesurfer/sub-v2s0x29032_ses-1/mri/orig/FLAIRraw.mgz --reg /out/sourcedata/freesurfer/sub-v2s0x29032_ses-1/mri/transforms/FLAIRraw.auto.lta --surfs  --sd /out/sourcedata/freesurfer
