status file for recon-all
Tue Mar 10 10:52:58 CET 2026
#@# Tessellate lh Tue Mar 10 10:52:58 CET 2026
#@# Smooth1 lh Tue Mar 10 10:53:02 CET 2026
#@# Inflation1 lh Tue Mar 10 10:53:05 CET 2026
#@# QSphere lh Tue Mar 10 10:53:15 CET 2026
#@# Fix Topology lh Tue Mar 10 10:54:18 CET 2026
#@# Smooth2 lh Tue Mar 10 10:59:46 CET 2026
#@# Inflation2 lh Tue Mar 10 10:59:49 CET 2026
#@# Curv .H and .K lh Tue Mar 10 11:00:01 CET 2026
#@# Sphere lh Tue Mar 10 11:00:52 CET 2026
#@# Surf Reg lh Tue Mar 10 11:03:44 CET 2026
#@# Jacobian white lh Tue Mar 10 11:07:30 CET 2026
#@# AvgCurv lh Tue Mar 10 11:07:31 CET 2026
#@# Cortical Parc lh Tue Mar 10 11:07:32 CET 2026
#@# white curv lh Tue Mar 10 11:14:29 CET 2026
#@# white area lh Tue Mar 10 11:14:31 CET 2026
#@# pial curv lh Tue Mar 10 11:14:32 CET 2026
#@# pial area lh Tue Mar 10 11:14:33 CET 2026
#@# thickness lh Tue Mar 10 11:14:34 CET 2026
#@# area and vertex vol lh Tue Mar 10 11:15:06 CET 2026
#@# Curvature Stats lh Tue Mar 10 11:15:07 CET 2026
#@# Cortical Parc 2 lh Tue Mar 10 11:15:10 CET 2026
#@# Cortical Parc 3 lh Tue Mar 10 11:15:23 CET 2026
#@# WM/GM Contrast lh Tue Mar 10 11:15:34 CET 2026
recon-all -s sub-v2s0x29031_ses-1 finished without error at Tue Mar 10 11:15:37 CET 2026



#New# invocation of recon-all 



status file for recon-all
Tue Mar 10 12:05:41 CET 2026
#@# white curv lh Tue Mar 10 12:05:41 CET 2026
#@# white area lh Tue Mar 10 12:05:41 CET 2026
#@# pial curv lh Tue Mar 10 12:05:41 CET 2026
#@# pial area lh Tue Mar 10 12:05:41 CET 2026
#@# thickness lh Tue Mar 10 12:05:41 CET 2026
#@# area and vertex vol lh Tue Mar 10 12:05:41 CET 2026
#@# Parcellation Stats lh Tue Mar 10 12:05:41 CET 2026
#@# Parcellation Stats 2 lh Tue Mar 10 12:06:01 CET 2026
#@# Parcellation Stats 3 lh Tue Mar 10 12:06:12 CET 2026
#@# BA_exvivo Labels lh Tue Mar 10 12:06:22 CET 2026
recon-all -s sub-v2s0x29031_ses-1 finished without error at Tue Mar 10 12:08:52 CET 2026
