status file for recon-all
Tue Mar 10 09:56:02 CET 2026
#@# Tessellate rh Tue Mar 10 09:56:02 CET 2026
#@# Smooth1 rh Tue Mar 10 09:56:05 CET 2026
#@# Inflation1 rh Tue Mar 10 09:56:07 CET 2026
#@# QSphere rh Tue Mar 10 09:56:18 CET 2026
#@# Fix Topology rh Tue Mar 10 09:57:09 CET 2026
#@# Smooth2 rh Tue Mar 10 10:01:31 CET 2026
#@# Inflation2 rh Tue Mar 10 10:01:33 CET 2026
#@# Curv .H and .K rh Tue Mar 10 10:01:44 CET 2026
#@# Sphere rh Tue Mar 10 10:02:18 CET 2026
#@# Surf Reg rh Tue Mar 10 10:05:01 CET 2026
#@# Jacobian white rh Tue Mar 10 10:08:16 CET 2026
#@# AvgCurv rh Tue Mar 10 10:08:17 CET 2026
#@# Cortical Parc rh Tue Mar 10 10:08:17 CET 2026
#@# white curv rh Tue Mar 10 10:13:50 CET 2026
#@# white area rh Tue Mar 10 10:13:51 CET 2026
#@# pial curv rh Tue Mar 10 10:13:51 CET 2026
#@# pial area rh Tue Mar 10 10:13:53 CET 2026
#@# thickness rh Tue Mar 10 10:13:53 CET 2026
#@# area and vertex vol rh Tue Mar 10 10:14:10 CET 2026
#@# Curvature Stats rh Tue Mar 10 10:14:11 CET 2026
#@# Cortical Parc 2 rh Tue Mar 10 10:14:13 CET 2026
#@# Cortical Parc 3 rh Tue Mar 10 10:14:23 CET 2026
#@# WM/GM Contrast rh Tue Mar 10 10:14:30 CET 2026
recon-all -s sub-v2s0x29009_ses-1 finished without error at Tue Mar 10 10:14:32 CET 2026



#New# invocation of recon-all 



status file for recon-all
Tue Mar 10 10:19:31 CET 2026
#@# white curv rh Tue Mar 10 10:19:31 CET 2026
#@# white area rh Tue Mar 10 10:19:31 CET 2026
#@# pial curv rh Tue Mar 10 10:19:31 CET 2026
#@# pial area rh Tue Mar 10 10:19:31 CET 2026
#@# thickness rh Tue Mar 10 10:19:31 CET 2026
#@# area and vertex vol rh Tue Mar 10 10:19:31 CET 2026
#@# Parcellation Stats rh Tue Mar 10 10:19:31 CET 2026
#@# Parcellation Stats 2 rh Tue Mar 10 10:19:44 CET 2026
#@# Parcellation Stats 3 rh Tue Mar 10 10:19:51 CET 2026
#@# BA_exvivo Labels rh Tue Mar 10 10:19:58 CET 2026
recon-all -s sub-v2s0x29009_ses-1 finished without error at Tue Mar 10 10:21:54 CET 2026
