status file for recon-all
Tue Mar 10 08:02:47 CET 2026
#@# MotionCor Tue Mar 10 08:02:48 CET 2026
#@# Talairach Tue Mar 10 08:02:54 CET 2026
#@# Talairach Failure Detection Tue Mar 10 08:05:43 CET 2026
#@# Nu Intensity Correction Tue Mar 10 08:05:43 CET 2026
#@# Intensity Normalization Tue Mar 10 08:08:29 CET 2026
recon-all -s sub-v2s0x29009_ses-1 finished without error at Tue Mar 10 08:09:53 CET 2026



#New# invocation of recon-all 



status file for recon-all
Tue Mar 10 08:16:12 CET 2026
#@# EM Registration Tue Mar 10 08:16:12 CET 2026
recon-all -s sub-v2s0x29009_ses-1 finished without error at Tue Mar 10 08:17:44 CET 2026



#New# invocation of recon-all 



status file for recon-all
Tue Mar 10 08:17:47 CET 2026
#@# CA Normalize Tue Mar 10 08:17:47 CET 2026
#@# CA Reg Tue Mar 10 08:18:40 CET 2026
#@# SubCort Seg Tue Mar 10 09:10:24 CET 2026
#@# CC Seg Tue Mar 10 09:32:17 CET 2026
#@# Merge ASeg Tue Mar 10 09:32:42 CET 2026
#@# Intensity Normalization2 Tue Mar 10 09:32:42 CET 2026
#@# Mask BFS Tue Mar 10 09:34:12 CET 2026
#@# WM Segmentation Tue Mar 10 09:34:12 CET 2026
#@# Fill Tue Mar 10 09:35:49 CET 2026
recon-all -s sub-v2s0x29009_ses-1 finished without error at Tue Mar 10 09:36:28 CET 2026



#New# invocation of recon-all 



status file for recon-all
Tue Mar 10 10:14:37 CET 2026
#@# white curv lh Tue Mar 10 10:14:37 CET 2026
#@# white area lh Tue Mar 10 10:14:37 CET 2026
#@# pial curv lh Tue Mar 10 10:14:37 CET 2026
#@# pial area lh Tue Mar 10 10:14:37 CET 2026
#@# thickness lh Tue Mar 10 10:14:37 CET 2026
#@# area and vertex vol lh Tue Mar 10 10:14:37 CET 2026
#@# white curv rh Tue Mar 10 10:14:37 CET 2026
#@# white area rh Tue Mar 10 10:14:37 CET 2026
#@# pial curv rh Tue Mar 10 10:14:37 CET 2026
#@# pial area rh Tue Mar 10 10:14:37 CET 2026
#@# thickness rh Tue Mar 10 10:14:37 CET 2026
#@# area and vertex vol rh Tue Mar 10 10:14:37 CET 2026
#@# Cortical ribbon mask Tue Mar 10 10:14:37 CET 2026
recon-all -s sub-v2s0x29009_ses-1 finished without error at Tue Mar 10 10:16:53 CET 2026



#New# invocation of recon-all 



status file for recon-all
Tue Mar 10 10:21:59 CET 2026
#@# white curv lh Tue Mar 10 10:21:59 CET 2026
#@# white area lh Tue Mar 10 10:21:59 CET 2026
#@# pial curv lh Tue Mar 10 10:21:59 CET 2026
#@# pial area lh Tue Mar 10 10:21:59 CET 2026
#@# thickness lh Tue Mar 10 10:21:59 CET 2026
#@# area and vertex vol lh Tue Mar 10 10:21:59 CET 2026
#@# white curv rh Tue Mar 10 10:21:59 CET 2026
#@# white area rh Tue Mar 10 10:21:59 CET 2026
#@# pial curv rh Tue Mar 10 10:21:59 CET 2026
#@# pial area rh Tue Mar 10 10:21:59 CET 2026
#@# thickness rh Tue Mar 10 10:21:59 CET 2026
#@# area and vertex vol rh Tue Mar 10 10:21:59 CET 2026
#@# Curvature Stats lh Tue Mar 10 10:21:59 CET 2026
#@# Curvature Stats rh Tue Mar 10 10:22:01 CET 2026
#@# Relabel Hypointensities Tue Mar 10 10:22:02 CET 2026
#@# APas-to-ASeg Tue Mar 10 10:22:12 CET 2026
#@# AParc-to-ASeg aparc Tue Mar 10 10:22:18 CET 2026
#@# AParc-to-ASeg aparc.a2009s Tue Mar 10 10:22:33 CET 2026
#@# AParc-to-ASeg aparc.DKTatlas Tue Mar 10 10:22:49 CET 2026
#@# WMParc Tue Mar 10 10:23:04 CET 2026
#@# ASeg Stats Tue Mar 10 10:25:11 CET 2026
recon-all -s sub-v2s0x29009_ses-1 finished without error at Tue Mar 10 10:25:30 CET 2026
