status file for recon-all
Tue Mar 10 09:29:43 CET 2026
#@# T2/FLAIR Input Tue Mar 10 09:29:45 CET 2026
#@# MotionCor Tue Mar 10 09:29:47 CET 2026
#@# Talairach Tue Mar 10 09:29:55 CET 2026
#@# Talairach Failure Detection Tue Mar 10 09:34:17 CET 2026
#@# Nu Intensity Correction Tue Mar 10 09:34:17 CET 2026
#@# Intensity Normalization Tue Mar 10 09:37:32 CET 2026
recon-all -s sub-v2s0x29033_ses-1 finished without error at Tue Mar 10 09:39:55 CET 2026



#New# invocation of recon-all 



status file for recon-all
Tue Mar 10 09:47:14 CET 2026
#@# EM Registration Tue Mar 10 09:47:14 CET 2026
recon-all -s sub-v2s0x29033_ses-1 finished without error at Tue Mar 10 09:49:07 CET 2026



#New# invocation of recon-all 



status file for recon-all
Tue Mar 10 09:49:11 CET 2026
#@# CA Normalize Tue Mar 10 09:49:11 CET 2026
#@# CA Reg Tue Mar 10 09:50:32 CET 2026
#@# SubCort Seg Tue Mar 10 10:43:02 CET 2026
#@# CC Seg Tue Mar 10 11:09:28 CET 2026
#@# Merge ASeg Tue Mar 10 11:10:14 CET 2026
#@# Intensity Normalization2 Tue Mar 10 11:10:14 CET 2026
#@# Mask BFS Tue Mar 10 11:12:33 CET 2026
#@# WM Segmentation Tue Mar 10 11:12:33 CET 2026
#@# Fill Tue Mar 10 11:14:25 CET 2026
recon-all -s sub-v2s0x29033_ses-1 finished without error at Tue Mar 10 11:15:24 CET 2026



#New# invocation of recon-all 



status file for recon-all
Tue Mar 10 11:57:38 CET 2026
#@# Refine Pial Surfs w/ T2/FLAIR Tue Mar 10 11:57:38 CET 2026
#@# white curv lh Tue Mar 10 12:22:44 CET 2026
#@# white area lh Tue Mar 10 12:22:44 CET 2026
#@# pial curv lh Tue Mar 10 12:22:44 CET 2026
#@# pial area lh Tue Mar 10 12:22:45 CET 2026
#@# thickness lh Tue Mar 10 12:22:46 CET 2026
#@# area and vertex vol lh Tue Mar 10 12:23:11 CET 2026
#@# white curv rh Tue Mar 10 12:23:12 CET 2026
#@# white area rh Tue Mar 10 12:23:12 CET 2026
#@# pial curv rh Tue Mar 10 12:23:12 CET 2026
#@# pial area rh Tue Mar 10 12:23:14 CET 2026
#@# thickness rh Tue Mar 10 12:23:14 CET 2026
#@# area and vertex vol rh Tue Mar 10 12:23:39 CET 2026
#@# Cortical ribbon mask Tue Mar 10 12:23:41 CET 2026
recon-all -s sub-v2s0x29033_ses-1 finished without error at Tue Mar 10 12:26:29 CET 2026



#New# invocation of recon-all 



status file for recon-all
Tue Mar 10 12:32:58 CET 2026
#@# white curv lh Tue Mar 10 12:32:58 CET 2026
#@# white area lh Tue Mar 10 12:32:58 CET 2026
#@# pial curv lh Tue Mar 10 12:32:58 CET 2026
#@# pial area lh Tue Mar 10 12:32:58 CET 2026
#@# thickness lh Tue Mar 10 12:32:58 CET 2026
#@# area and vertex vol lh Tue Mar 10 12:32:58 CET 2026
#@# white curv rh Tue Mar 10 12:32:58 CET 2026
#@# white area rh Tue Mar 10 12:32:58 CET 2026
#@# pial curv rh Tue Mar 10 12:32:58 CET 2026
#@# pial area rh Tue Mar 10 12:32:58 CET 2026
#@# thickness rh Tue Mar 10 12:32:58 CET 2026
#@# area and vertex vol rh Tue Mar 10 12:32:58 CET 2026
#@# Curvature Stats lh Tue Mar 10 12:32:58 CET 2026
#@# Curvature Stats rh Tue Mar 10 12:33:00 CET 2026
#@# Relabel Hypointensities Tue Mar 10 12:33:03 CET 2026
#@# APas-to-ASeg Tue Mar 10 12:33:17 CET 2026
#@# AParc-to-ASeg aparc Tue Mar 10 12:33:24 CET 2026
#@# AParc-to-ASeg aparc.a2009s Tue Mar 10 12:33:56 CET 2026
#@# AParc-to-ASeg aparc.DKTatlas Tue Mar 10 12:34:25 CET 2026
#@# WMParc Tue Mar 10 12:34:52 CET 2026
#@# ASeg Stats Tue Mar 10 12:39:06 CET 2026
recon-all -s sub-v2s0x29033_ses-1 finished without error at Tue Mar 10 12:39:43 CET 2026
