status file for recon-all
Tue Mar 10 14:10:52 CET 2026
#@# Tessellate lh Tue Mar 10 14:10:52 CET 2026
#@# Smooth1 lh Tue Mar 10 14:10:57 CET 2026
#@# Inflation1 lh Tue Mar 10 14:10:59 CET 2026
#@# QSphere lh Tue Mar 10 14:11:07 CET 2026
#@# Fix Topology lh Tue Mar 10 14:12:00 CET 2026
#@# Smooth2 lh Tue Mar 10 14:16:13 CET 2026
#@# Inflation2 lh Tue Mar 10 14:16:15 CET 2026
#@# Curv .H and .K lh Tue Mar 10 14:16:25 CET 2026
#@# Sphere lh Tue Mar 10 14:17:07 CET 2026
#@# Surf Reg lh Tue Mar 10 14:19:18 CET 2026
#@# Jacobian white lh Tue Mar 10 14:22:02 CET 2026
#@# AvgCurv lh Tue Mar 10 14:22:03 CET 2026
#@# Cortical Parc lh Tue Mar 10 14:22:04 CET 2026
#@# white curv lh Tue Mar 10 14:27:01 CET 2026
#@# white area lh Tue Mar 10 14:27:02 CET 2026
#@# pial curv lh Tue Mar 10 14:27:03 CET 2026
#@# pial area lh Tue Mar 10 14:27:05 CET 2026
#@# thickness lh Tue Mar 10 14:27:05 CET 2026
#@# area and vertex vol lh Tue Mar 10 14:27:31 CET 2026
#@# Curvature Stats lh Tue Mar 10 14:27:33 CET 2026
#@# Cortical Parc 2 lh Tue Mar 10 14:27:35 CET 2026
#@# Cortical Parc 3 lh Tue Mar 10 14:27:47 CET 2026
#@# WM/GM Contrast lh Tue Mar 10 14:27:56 CET 2026
recon-all -s sub-v2s0x29047_ses-1 finished without error at Tue Mar 10 14:27:58 CET 2026



#New# invocation of recon-all 



status file for recon-all
Tue Mar 10 15:09:21 CET 2026
#@# white curv lh Tue Mar 10 15:09:21 CET 2026
#@# white area lh Tue Mar 10 15:09:21 CET 2026
#@# pial curv lh Tue Mar 10 15:09:21 CET 2026
#@# pial area lh Tue Mar 10 15:09:21 CET 2026
#@# thickness lh Tue Mar 10 15:09:21 CET 2026
#@# area and vertex vol lh Tue Mar 10 15:09:21 CET 2026
#@# Parcellation Stats lh Tue Mar 10 15:09:21 CET 2026
#@# Parcellation Stats 2 lh Tue Mar 10 15:09:36 CET 2026
#@# Parcellation Stats 3 lh Tue Mar 10 15:09:44 CET 2026
#@# BA_exvivo Labels lh Tue Mar 10 15:09:51 CET 2026
recon-all -s sub-v2s0x29047_ses-1 finished without error at Tue Mar 10 15:12:03 CET 2026
