status file for recon-all
Tue Mar 10 12:38:09 CET 2026
#@# T2/FLAIR Input Tue Mar 10 12:38:10 CET 2026
#@# MotionCor Tue Mar 10 12:38:12 CET 2026
#@# Talairach Tue Mar 10 12:38:20 CET 2026
#@# Talairach Failure Detection Tue Mar 10 12:42:43 CET 2026
#@# Nu Intensity Correction Tue Mar 10 12:42:43 CET 2026
#@# Intensity Normalization Tue Mar 10 12:45:56 CET 2026
recon-all -s sub-v2s0x29047_ses-1 finished without error at Tue Mar 10 12:47:57 CET 2026



#New# invocation of recon-all 



status file for recon-all
Tue Mar 10 12:55:06 CET 2026
#@# EM Registration Tue Mar 10 12:55:06 CET 2026
recon-all -s sub-v2s0x29047_ses-1 finished without error at Tue Mar 10 12:56:39 CET 2026



#New# invocation of recon-all 



status file for recon-all
Tue Mar 10 12:56:41 CET 2026
#@# CA Normalize Tue Mar 10 12:56:41 CET 2026
#@# CA Reg Tue Mar 10 12:58:04 CET 2026
#@# SubCort Seg Tue Mar 10 13:38:38 CET 2026
#@# CC Seg Tue Mar 10 14:05:05 CET 2026
#@# Merge ASeg Tue Mar 10 14:05:35 CET 2026
#@# Intensity Normalization2 Tue Mar 10 14:05:35 CET 2026
#@# Mask BFS Tue Mar 10 14:07:59 CET 2026
#@# WM Segmentation Tue Mar 10 14:08:00 CET 2026
#@# Fill Tue Mar 10 14:09:48 CET 2026
recon-all -s sub-v2s0x29047_ses-1 finished without error at Tue Mar 10 14:10:49 CET 2026



#New# invocation of recon-all 



status file for recon-all
Tue Mar 10 14:44:11 CET 2026
#@# Refine Pial Surfs w/ T2/FLAIR Tue Mar 10 14:44:11 CET 2026
#@# white curv lh Tue Mar 10 15:05:49 CET 2026
#@# white area lh Tue Mar 10 15:05:49 CET 2026
#@# pial curv lh Tue Mar 10 15:05:49 CET 2026
#@# pial area lh Tue Mar 10 15:05:50 CET 2026
#@# thickness lh Tue Mar 10 15:05:51 CET 2026
#@# area and vertex vol lh Tue Mar 10 15:06:16 CET 2026
#@# white curv rh Tue Mar 10 15:06:17 CET 2026
#@# white area rh Tue Mar 10 15:06:17 CET 2026
#@# pial curv rh Tue Mar 10 15:06:17 CET 2026
#@# pial area rh Tue Mar 10 15:06:19 CET 2026
#@# thickness rh Tue Mar 10 15:06:19 CET 2026
#@# area and vertex vol rh Tue Mar 10 15:06:44 CET 2026
#@# Cortical ribbon mask Tue Mar 10 15:06:45 CET 2026
recon-all -s sub-v2s0x29047_ses-1 finished without error at Tue Mar 10 15:09:16 CET 2026



#New# invocation of recon-all 



status file for recon-all
Tue Mar 10 15:14:48 CET 2026
#@# white curv lh Tue Mar 10 15:14:48 CET 2026
#@# white area lh Tue Mar 10 15:14:48 CET 2026
#@# pial curv lh Tue Mar 10 15:14:48 CET 2026
#@# pial area lh Tue Mar 10 15:14:48 CET 2026
#@# thickness lh Tue Mar 10 15:14:48 CET 2026
#@# area and vertex vol lh Tue Mar 10 15:14:48 CET 2026
#@# white curv rh Tue Mar 10 15:14:48 CET 2026
#@# white area rh Tue Mar 10 15:14:48 CET 2026
#@# pial curv rh Tue Mar 10 15:14:48 CET 2026
#@# pial area rh Tue Mar 10 15:14:48 CET 2026
#@# thickness rh Tue Mar 10 15:14:48 CET 2026
#@# area and vertex vol rh Tue Mar 10 15:14:48 CET 2026
#@# Curvature Stats lh Tue Mar 10 15:14:48 CET 2026
#@# Curvature Stats rh Tue Mar 10 15:14:51 CET 2026
#@# Relabel Hypointensities Tue Mar 10 15:14:53 CET 2026
#@# APas-to-ASeg Tue Mar 10 15:15:06 CET 2026
#@# AParc-to-ASeg aparc Tue Mar 10 15:15:12 CET 2026
#@# AParc-to-ASeg aparc.a2009s Tue Mar 10 15:15:26 CET 2026
#@# AParc-to-ASeg aparc.DKTatlas Tue Mar 10 15:15:40 CET 2026
#@# WMParc Tue Mar 10 15:15:54 CET 2026
#@# ASeg Stats Tue Mar 10 15:19:18 CET 2026
recon-all -s sub-v2s0x29047_ses-1 finished without error at Tue Mar 10 15:19:49 CET 2026
