Logfile for bbregister
Tue Mar 10 12:21:23 CET 2026

setenv SUBJECTS_DIR /out/sourcedata/freesurfer
cd /out/sourcedata/freesurfer/sub-v2s0x29042_ses-1/scripts
/opt/freesurfer/bin/bbregister --s sub-v2s0x29042_ses-1 --mov /out/sourcedata/freesurfer/sub-v2s0x29042_ses-1/mri/orig/FLAIRraw.mgz --lta /out/sourcedata/freesurfer/sub-v2s0x29042_ses-1/mri/transforms/FLAIRraw.auto.lta --init-coreg --T2 --gm-proj-abs 2 --wm-proj-abs 1 --no-coreg-ref-mask

bbregister 7.3.2
Linux dna003 5.14.0-427.37.1.el9_4.x86_64 #1 SMP PREEMPT_DYNAMIC Fri Sep 13 12:41:50 EDT 2024 x86_64 x86_64 x86_64 GNU/Linux
FREESURFER_HOME /opt/freesurfer
mri_convert /out/sourcedata/freesurfer/sub-v2s0x29042_ses-1/mri/orig/FLAIRraw.mgz /out/sourcedata/freesurfer/sub-v2s0x29042_ses-1/mri/transforms/tmp.bbregister.1875020/template.nii
mri_convert /out/sourcedata/freesurfer/sub-v2s0x29042_ses-1/mri/orig/FLAIRraw.mgz /out/sourcedata/freesurfer/sub-v2s0x29042_ses-1/mri/transforms/tmp.bbregister.1875020/template.nii 
reading from /out/sourcedata/freesurfer/sub-v2s0x29042_ses-1/mri/orig/FLAIRraw.mgz...
TR=0.00, TE=0.00, TI=0.00, flip angle=0.00
i_ras = (-1, 0, 0)
j_ras = (0, 1, 0)
k_ras = (0, 0, 1)
writing to /out/sourcedata/freesurfer/sub-v2s0x29042_ses-1/mri/transforms/tmp.bbregister.1875020/template.nii...
mri_coreg --s sub-v2s0x29042_ses-1 --mov /out/sourcedata/freesurfer/sub-v2s0x29042_ses-1/mri/transforms/tmp.bbregister.1875020/template.nii --regdat /out/sourcedata/freesurfer/sub-v2s0x29042_ses-1/mri/transforms/tmp.bbregister.1875020/reg.init.dat --reg /out/sourcedata/freesurfer/sub-v2s0x29042_ses-1/mri/transforms/tmp.bbregister.1875020/mri_coreg.lta --nthreads 4 --dof 6 --sep 4 --ftol .0001 --linmintol .01 --no-ref-mask

$Id: mri_coreg.c,v 1.27 2016/04/30 15:11:49 greve Exp $
cwd /out/sourcedata/freesurfer/sub-v2s0x29042_ses-1/scripts
cmdline mri_coreg --s sub-v2s0x29042_ses-1 --mov /out/sourcedata/freesurfer/sub-v2s0x29042_ses-1/mri/transforms/tmp.bbregister.1875020/template.nii --regdat /out/sourcedata/freesurfer/sub-v2s0x29042_ses-1/mri/transforms/tmp.bbregister.1875020/reg.init.dat --reg /out/sourcedata/freesurfer/sub-v2s0x29042_ses-1/mri/transforms/tmp.bbregister.1875020/mri_coreg.lta --nthreads 4 --dof 6 --sep 4 --ftol .0001 --linmintol .01 --no-ref-mask 
sysname  Linux
hostname dna003
machine  x86_64
user     oesteban
dof    6
nsep    1
cras0    1
ftol    0.000100
linmintol    0.010000
bf       1
bflim    30.000000
bfnsamp    30
SmoothRef 0
SatPct    99.990000
MovOOB 0
optschema 1
Seed 53
Reading in mov /out/sourcedata/freesurfer/sub-v2s0x29042_ses-1/mri/transforms/tmp.bbregister.1875020/template.nii
Reading in ref /out/sourcedata/freesurfer/sub-v2s0x29042_ses-1/mri/brainmask.mgz
Setting cras translation parameters to align volume centers
Creating random numbers for coordinate dithering
Performing intensity dithering
Performing intensity dithering on mov with computed dither
Init matrix params -1.0562 -0.0273 -1.0273  0.0000  0.0000  0.0000  1.0000  1.0000  1.0000  0.0000  0.0000  0.0000 
Initial parameters to be opt -1.0562 -0.0273 -1.0273  0.0000  0.0000  0.0000 
Separation list (1):  4   min = 4
DoSmoothing 1
DoCoordDither 1
DoIntensityDither 1
nitersmax 4
ftol 1.000e-04
linmintol 1.000e-02
SatPct 99.990000
Hist FWHM 7.000000 7.000000
nthreads 4
movsat = 75.0000
mov gstd 1.8943 1.8943 1.8943
Smoothing mov
refsat = 114.0000
ref gstd 1.8914 1.8914 1.8914
Smoothing ref
COREGpreproc() done
Testing if mov and target overlap
Init cost   -1.0661384574
nhits = 176015 out of 16777216, Percent Overlap:  67.1
Initial  RefRAS-to-MovRAS
 1.00000   0.00000   0.00000  -1.05624;
 0.00000   1.00000   0.00000  -0.02734;
 0.00000   0.00000   1.00000  -1.02734;
 0.00000   0.00000   0.00000   1.00000;
Initial  RefVox-to-MovVox
 1.02400   0.00000   0.00000  -37.55998;
 0.00000   0.00000   1.02400  -3.05999;
 0.00000  -1.02400   0.00000   258.06000;
 0.00000   0.00000   0.00000   1.00000;
sep = 4 -----------------------------------
COREGoptBruteForce() 30 1 30
Turning on MovOOB for BruteForce Search
#BF# sep= 4 iter=0 lim=30.0 delta=2.00  -1.05624  -0.02734   0.97266   0.00000   0.00000   0.00000   -1.0562938
Turning  MovOOB back off after brute force search


---------------------------------
Init Powel Params dof = 6: -1.056236 -0.027344 0.972664 0.000000 0.000000 0.000000 
Starting OpenPowel2(), sep = 4
InitialCost        -1.0676825047 
#@#  4  188  -1.05624 -0.02734 0.97266 0.00000 0.00000 0.00000   -1.0676825
fs_powell::minimize
  nparams 6
  maxfev 4
  ftol   0.000100
  linmin_xtol_   0.010000
  powell nthiter 0: fret = -1.067683
#@#  4  190  -0.05624 -0.02734 0.97266 0.00000 0.00000 0.00000   -1.0681403
#@#  4  194  -0.43820 -0.02734 0.97266 0.00000 0.00000 0.00000   -1.0683001
#@#  4  195  -0.42052 -0.02734 0.97266 0.00000 0.00000 0.00000   -1.0683023
#@#  4  196  -0.38842 -0.02734 0.97266 0.00000 0.00000 0.00000   -1.0683082
#@#  4  198  -0.33996 -0.02734 0.97266 0.00000 0.00000 0.00000   -1.0683095
#@#  4  199  -0.35732 -0.02734 0.97266 0.00000 0.00000 0.00000   -1.0683109
#@#  4  200  -0.36732 -0.02734 0.97266 0.00000 0.00000 0.00000   -1.0683115
#@#  4  208  -0.36732 -0.13945 0.97266 0.00000 0.00000 0.00000   -1.0683267
#@#  4  215  -0.36732 -0.13945 0.35463 0.00000 0.00000 0.00000   -1.0686063
#@#  4  217  -0.36732 -0.13945 0.49327 0.00000 0.00000 0.00000   -1.0686417
#@#  4  236  -0.36732 -0.13945 0.49327 0.00000 -0.03071 0.00000   -1.0686440
  powell nthiter 1: fret = -1.068644
#@#  4  255  -0.35555 -0.13945 0.49327 0.00000 -0.03071 0.00000   -1.0686456
#@#  4  256  -0.32781 -0.13945 0.49327 0.00000 -0.03071 0.00000   -1.0686482
#@#  4  276  -0.32781 -0.13945 0.50327 0.00000 -0.03071 0.00000   -1.0686487
#@#  4  280  -0.32781 -0.13945 0.51327 0.00000 -0.03071 0.00000   -1.0686488
#@#  4  300  -0.32781 -0.13945 0.51327 0.00000 -0.04944 0.00000   -1.0686500
Powell done niters total = 1
OptTimeSec  5.1 sec
OptTimeMin  0.08 min
nEvals 312
Final optimized parameters  -0.32780740  -0.13944978   0.51327407   0.00000000  -0.04943802   0.00000000 
Final matrix parameters -0.3278 -0.1394  0.5133  0.0000 -0.0494  0.0100  1.0000  1.0000  1.0000  0.0000  0.0000  0.0000 
Final cost   -1.068650054994072
 

---------------------------------
Final  RefRAS-to-MovRAS
 1.00000   0.00000  -0.00086  -0.32781;
 0.00000   1.00000   0.00000  -0.13945;
 0.00086   0.00000   1.00000   0.51327;
 0.00000   0.00000   0.00000   1.00000;
Final  RefVox-to-MovVox
 1.02400  -0.00088   0.00000  -38.16371;
 0.00000   0.00000   1.02400  -3.17479;
-0.00088  -1.02400   0.00000   259.75305;
 0.00000   0.00000   0.00000   1.00000;
Final matrix parameters -0.3278 -0.1394  0.5133  0.0000 -0.0494  0.0000  0.0000  0.0000  0.0000  0.0000  0.0000  0.0000 
Final opt parameters -0.3278 -0.1394  0.5133  0.0000 -0.0494  0.0000 
nhits = 175954 out of 16777216, Percent Overlap:  67.1
mri_coreg RunTimeSec 53.3 sec
To check run:
   tkregisterfv --mov /out/sourcedata/freesurfer/sub-v2s0x29042_ses-1/mri/transforms/tmp.bbregister.1875020/template.nii --targ /out/sourcedata/freesurfer/sub-v2s0x29042_ses-1/mri/brainmask.mgz --reg /out/sourcedata/freesurfer/sub-v2s0x29042_ses-1/mri/transforms/tmp.bbregister.1875020/mri_coreg.lta --s sub-v2s0x29042_ses-1 --surfs 

mri_coreg done

mri_segreg --mov /out/sourcedata/freesurfer/sub-v2s0x29042_ses-1/mri/transforms/tmp.bbregister.1875020/template.nii --init-reg /out/sourcedata/freesurfer/sub-v2s0x29042_ses-1/mri/transforms/tmp.bbregister.1875020/reg.init.dat --out-reg /out/sourcedata/freesurfer/sub-v2s0x29042_ses-1/mri/transforms/tmp.bbregister.1875020/bbr.pass1.dat --subsamp-brute 100 --subsamp 100 --tol 1e-4 --tol1d 1e-3 --brute -4 4 4 --surf white --gm-proj-abs 2 --gm-gt-wm 0.5
7.3.2
setenv SUBJECTS_DIR /out/sourcedata/freesurfer
cd /out/sourcedata/freesurfer/sub-v2s0x29042_ses-1/scripts
mri_segreg --mov /out/sourcedata/freesurfer/sub-v2s0x29042_ses-1/mri/transforms/tmp.bbregister.1875020/template.nii --init-reg /out/sourcedata/freesurfer/sub-v2s0x29042_ses-1/mri/transforms/tmp.bbregister.1875020/reg.init.dat --out-reg /out/sourcedata/freesurfer/sub-v2s0x29042_ses-1/mri/transforms/tmp.bbregister.1875020/bbr.pass1.dat --subsamp-brute 100 --subsamp 100 --tol 1e-4 --tol1d 1e-3 --brute -4 4 4 --surf white --gm-proj-abs 2 --gm-gt-wm 0.5 
sysname  Linux
hostname dna003
machine  x86_64
user     oesteban
movvol /out/sourcedata/freesurfer/sub-v2s0x29042_ses-1/mri/transforms/tmp.bbregister.1875020/template.nii
regfile /out/sourcedata/freesurfer/sub-v2s0x29042_ses-1/mri/transforms/tmp.bbregister.1875020/reg.init.dat
subject sub-v2s0x29042_ses-1
dof 6
outregfile /out/sourcedata/freesurfer/sub-v2s0x29042_ses-1/mri/transforms/tmp.bbregister.1875020/bbr.pass1.dat
UseMask 0
UseLH 1
UseRH 1
nsubsamp 100
PenaltySign  -1
PenaltySlope 0.500000
PenaltyCenter 0.000000
surfname white
GMProjAbs 2.000000
WMProjAbs 2.000000
lhcostfile (null)
rhcostfile (null)
interp  trilinear (1)
frame  0
TolPowell 0.000100
nMaxItersPowell 36
n1dmin  3
Profile   0
Gdiag_no  -1
AddNoise  0 (0)
SynthSeed 1773424008
TransRandMax 0.000000
RotRandMax 0.000000
Translations 0.000000 0.000000 0.000000
Rotations   0.000000 0.000000 0.000000
Input reg
 1.00000   0.00000  -0.00086   0.68832;
 0.00086   0.00000   1.00000   0.55472;
 0.00000  -1.00000   0.00000   0.10040;
 0.00000   0.00000   0.00000   1.00000;

Loading mov
ExcludeZeroVoxels 1
Reading in targ vol /out/sourcedata/freesurfer/sub-v2s0x29042_ses-1/mri/orig.mgz
Projecting LH Surfs
Loading lh.white surf
GM Proj: 0 0.500000 2.000000
WM Proj: 0 0.500000 2.000000
Projecting RH Surfs
Loading rh.white surf
Projecting RH Surfs
Using lh.cortex.label
Using rh.cortex.label
Computing relative cost
 0  -25.0 -25.0 -25.0   1.013582
 1  -25.0 -25.0  25.0   1.033869
 2  -25.0  25.0 -25.0   1.044566
 3  -25.0  25.0  25.0   1.021158
 4   25.0 -25.0 -25.0   1.029627
 5   25.0 -25.0  25.0   1.040105
 6   25.0  25.0 -25.0   1.014054
 7   25.0  25.0  25.0   1.035988
REL:  8  0.614683    8.232949  1.029119 rel = 0.597291 
Initial costs ----------------
Number of surface hits 2659
WM  Intensity    44.3894 +/-   6.2909
Ctx Intensity    46.8317 +/-  11.1170
Pct Contrast      3.0302 +/-  28.0233
Cost   0.6147
RelCost   0.5973

------------------------------------
Brute force preopt -4 4 4, n = 729
     0  -4.0000  -4.0000  -4.0000  -4.0000  -4.0000  -4.0000      1.0455   1.0455  0.0
     4  -4.0000  -4.0000  -4.0000  -4.0000   0.0000   0.0000      1.0315   1.0315  0.0
     7  -4.0000  -4.0000  -4.0000  -4.0000   4.0000   0.0000      1.0103   1.0103  0.0
    15  -4.0000  -4.0000  -4.0000   0.0000   4.0000  -4.0000      1.0008   1.0008  0.0
    71  -4.0000  -4.0000   4.0000   0.0000   4.0000   4.0000      1.0003   1.0003  0.0
    74  -4.0000  -4.0000   4.0000   4.0000  -4.0000   4.0000      0.9922   0.9922  0.0
    96  -4.0000   0.0000  -4.0000   0.0000   4.0000  -4.0000      0.9798   0.9798  0.0
    97  -4.0000   0.0000  -4.0000   0.0000   4.0000   0.0000      0.9464   0.9464  0.0
   120  -4.0000   0.0000   0.0000   0.0000   0.0000  -4.0000      0.9353   0.9353  0.0
   274   0.0000  -4.0000   0.0000  -4.0000   0.0000   0.0000      0.8973   0.8973  0.0
   346   0.0000   0.0000  -4.0000   4.0000   0.0000   0.0000      0.8952   0.8952  0.0
   361   0.0000   0.0000   0.0000   0.0000  -4.0000   0.0000      0.8910   0.8910  0.0
   364   0.0000   0.0000   0.0000   0.0000   0.0000   0.0000      0.6147   0.6147  0.0
Brute Force --------------------------
Min cost was 0.614683
Number of iterations   729
Search time 0.830434 sec
Parameters at best (transmm, rotdeg)
  0.000   0.000   0.000  0.000  0.000  0.000 
--------------------------------------------

Starting Powell Minimization
Init Powel Params dof = 6
0 0
1 0
2 0
3 0
4 0
5 0
fs_powell::minimize
  nparams 6
  maxfev 36
  ftol   0.000100
  linmin_xtol_   0.001000
  powell nthiter 0: fret = 0.614683
   2  1.000  0.000  0.000  0.000  0.000  0.000   0.5888291582
  10  0.939  0.000  0.000  0.000  0.000  0.000   0.5879818264
  11  0.933  0.000  0.000  0.000  0.000  0.000   0.5879533452
  14  0.930  0.000  0.000  0.000  0.000  0.000   0.5879458935
  15  0.929  0.000  0.000  0.000  0.000  0.000   0.5879453357
  22  0.929  0.382  0.000  0.000  0.000  0.000   0.5866802755
  23  0.929  0.289  0.000  0.000  0.000  0.000   0.5856900127
  25  0.929  0.313  0.000  0.000  0.000  0.000   0.5849763822
  26  0.929  0.327  0.000  0.000  0.000  0.000   0.5849591111
  27  0.929  0.320  0.000  0.000  0.000  0.000   0.5849128158
  28  0.929  0.319  0.000  0.000  0.000  0.000   0.5849115778
  34  0.929  0.319 -0.618  0.000  0.000  0.000   0.5818757702
  36  0.929  0.319 -0.793  0.000  0.000  0.000   0.5810338781
  37  0.929  0.319 -0.806  0.000  0.000  0.000   0.5808683858
  40  0.929  0.319 -0.811  0.000  0.000  0.000   0.5808359616
  41  0.929  0.319 -0.812  0.000  0.000  0.000   0.5808320476
  44  0.929  0.319 -0.812  1.000  0.000  0.000   0.5770269292
  51  0.929  0.319 -0.812  1.071  0.000  0.000   0.5757917298
  53  0.929  0.319 -0.812  1.065  0.000  0.000   0.5757661750
  56  0.929  0.319 -0.812  1.063  0.000  0.000   0.5757632232
  57  0.929  0.319 -0.812  1.062  0.000  0.000   0.5757625914
  66  0.929  0.319 -0.812  1.062  0.090  0.000   0.5754783355
  71  0.929  0.319 -0.812  1.062  0.077  0.000   0.5754015011
  72  0.929  0.319 -0.812  1.062  0.078  0.000   0.5753974209
  73  0.929  0.319 -0.812  1.062  0.080  0.000   0.5753952842
  85  0.929  0.319 -0.812  1.062  0.080 -0.004   0.5753871982
  86  0.929  0.319 -0.812  1.062  0.080 -0.005   0.5753860833
  powell nthiter 1: fret = 0.575386
  93  0.311  0.319 -0.812  1.062  0.080 -0.005   0.5688023535
  96  0.165  0.319 -0.812  1.062  0.080 -0.005   0.5630654812
  99  0.152  0.319 -0.812  1.062  0.080 -0.005   0.5630626512
 101  0.158  0.319 -0.812  1.062  0.080 -0.005   0.5630364766
 111  0.158  0.268 -0.812  1.062  0.080 -0.005   0.5610400009
 112  0.158  0.225 -0.812  1.062  0.080 -0.005   0.5609809659
 113  0.158  0.245 -0.812  1.062  0.080 -0.005   0.5609604763
 114  0.158  0.240 -0.812  1.062  0.080 -0.005   0.5609591396
 127  0.158  0.240 -0.775  1.062  0.080 -0.005   0.5596652075
 128  0.158  0.240 -0.767  1.062  0.080 -0.005   0.5596042634
 130  0.158  0.240 -0.768  1.062  0.080 -0.005   0.5596034127
 141  0.158  0.240 -0.768  1.032  0.080 -0.005   0.5592048634
 142  0.158  0.240 -0.768  1.033  0.080 -0.005   0.5591862357
 143  0.158  0.240 -0.768  1.039  0.080 -0.005   0.5591544015
 145  0.158  0.240 -0.768  1.041  0.080 -0.005   0.5591486350
 156  0.158  0.240 -0.768  1.041  0.219 -0.005   0.5584224933
 158  0.158  0.240 -0.768  1.041  0.172 -0.005   0.5576134145
 160  0.158  0.240 -0.768  1.041  0.179 -0.005   0.5575394701
 162  0.158  0.240 -0.768  1.041  0.182 -0.005   0.5575262423
 163  0.158  0.240 -0.768  1.041  0.184 -0.005   0.5575230226
 174  0.158  0.240 -0.768  1.041  0.184  0.039   0.5568407466
 175  0.158  0.240 -0.768  1.041  0.184  0.051   0.5568310949
 176  0.158  0.240 -0.768  1.041  0.184  0.046   0.5568222437
  powell nthiter 2: fret = 0.556822
 189  0.202  0.240 -0.768  1.041  0.184  0.046   0.5562166707
 192  0.208  0.240 -0.768  1.041  0.184  0.046   0.5561789882
 194  0.211  0.240 -0.768  1.041  0.184  0.046   0.5561696228
 205  0.211  0.183 -0.768  1.041  0.184  0.046   0.5553414208
 206  0.211  0.185 -0.768  1.041  0.184  0.046   0.5553328771
 208  0.211  0.187 -0.768  1.041  0.184  0.046   0.5553292615
 209  0.211  0.188 -0.768  1.041  0.184  0.046   0.5553287207
 224  0.211  0.188 -0.773  1.041  0.184  0.046   0.5552982596
 236  0.211  0.188 -0.773  1.049  0.184  0.046   0.5552042431
 248  0.211  0.188 -0.773  1.049  0.127  0.046   0.5550885391
 249  0.211  0.188 -0.773  1.049  0.153  0.046   0.5548082275
 250  0.211  0.188 -0.773  1.049  0.152  0.046   0.5548052254
 251  0.211  0.188 -0.773  1.049  0.150  0.046   0.5547989055
 253  0.211  0.188 -0.773  1.049  0.147  0.046   0.5547935776
 254  0.211  0.188 -0.773  1.049  0.145  0.046   0.5547935032
 256  0.211  0.188 -0.773  1.049  0.146  0.046   0.5547933136
 266  0.211  0.188 -0.773  1.049  0.146  0.060   0.5547039888
 267  0.211  0.188 -0.773  1.049  0.146  0.062   0.5547004417
  powell nthiter 3: fret = 0.554700
 280  0.224  0.188 -0.773  1.049  0.146  0.062   0.5545174036
 281  0.232  0.188 -0.773  1.049  0.146  0.062   0.5544337454
 283  0.240  0.188 -0.773  1.049  0.146  0.062   0.5543846024
 285  0.241  0.188 -0.773  1.049  0.146  0.062   0.5543827919
 286  0.242  0.188 -0.773  1.049  0.146  0.062   0.5543823856
 296  0.242  0.171 -0.773  1.049  0.146  0.062   0.5542816216
 298  0.242  0.172 -0.773  1.049  0.146  0.062   0.5542809924
 309  0.242  0.172 -0.802  1.049  0.146  0.062   0.5535315754
 310  0.242  0.172 -0.806  1.049  0.146  0.062   0.5534725623
 312  0.242  0.172 -0.811  1.049  0.146  0.062   0.5534234505
 323  0.242  0.172 -0.811  1.048  0.146  0.062   0.5533960554
 324  0.242  0.172 -0.811  1.041  0.146  0.062   0.5532990485
 338  0.242  0.172 -0.811  1.041  0.140  0.062   0.5531993963
 340  0.242  0.172 -0.811  1.041  0.135  0.062   0.5531769681
 341  0.242  0.172 -0.811  1.041  0.134  0.062   0.5531767864
 353  0.242  0.172 -0.811  1.041  0.134  0.069   0.5531485957
  powell nthiter 4: fret = 0.553149
 366  0.245  0.172 -0.811  1.041  0.134  0.069   0.5531069964
 367  0.252  0.172 -0.811  1.041  0.134  0.069   0.5530627152
 368  0.253  0.172 -0.811  1.041  0.134  0.069   0.5530616836
 378  0.253  0.176 -0.811  1.041  0.134  0.069   0.5530610786
 380  0.253  0.175 -0.811  1.041  0.134  0.069   0.5530583125
 381  0.253  0.174 -0.811  1.041  0.134  0.069   0.5530580755
 393  0.253  0.174 -0.809  1.041  0.134  0.069   0.5530495880
 405  0.253  0.174 -0.809  1.040  0.134  0.069   0.5530487340
 417  0.253  0.174 -0.809  1.040  0.136  0.069   0.5530442468
 430  0.253  0.174 -0.809  1.040  0.136  0.078   0.5529972034
 431  0.253  0.174 -0.809  1.040  0.136  0.077   0.5529960803
 433  0.265  0.175 -0.807  1.039  0.139  0.085   0.5528815272
 436  0.284  0.178 -0.803  1.038  0.142  0.098   0.5527286167
 442  0.285  0.178 -0.803  1.038  0.142  0.098   0.5527283010
 443  0.284  0.178 -0.803  1.038  0.142  0.098   0.5527280128
 445  0.284  0.178 -0.803  1.038  0.142  0.098   0.5527279360
  powell nthiter 5: fret = 0.552728
 457  0.284  0.178 -0.803  1.038  0.142  0.101   0.5526897959
 458  0.284  0.178 -0.803  1.038  0.142  0.109   0.5526351149
 469  0.284  0.174 -0.803  1.038  0.142  0.109   0.5525803487
 471  0.284  0.169 -0.803  1.038  0.142  0.109   0.5525557452
 472  0.284  0.168 -0.803  1.038  0.142  0.109   0.5525545210
 485  0.284  0.168 -0.808  1.038  0.142  0.109   0.5524968955
 486  0.284  0.168 -0.814  1.038  0.142  0.109   0.5524967515
 488  0.284  0.168 -0.811  1.038  0.142  0.109   0.5524851753
 500  0.284  0.168 -0.811  1.035  0.142  0.109   0.5524730111
 514  0.284  0.168 -0.811  1.035  0.139  0.109   0.5524632088
 518  0.296  0.170 -0.809  1.034  0.142  0.117   0.5523489195
 523  0.296  0.170 -0.809  1.034  0.142  0.118   0.5523483465
 525  0.297  0.170 -0.808  1.034  0.142  0.118   0.5523474303
  powell nthiter 6: fret = 0.552347
 543  0.297  0.170 -0.808  1.034  0.142  0.121   0.5523428733
 544  0.297  0.170 -0.808  1.034  0.142  0.120   0.5523424074
 556  0.297  0.159 -0.808  1.034  0.142  0.120   0.5522910961
 557  0.297  0.162 -0.808  1.034  0.142  0.120   0.5522883332
 558  0.297  0.161 -0.808  1.034  0.142  0.120   0.5522882026
 572  0.297  0.161 -0.807  1.034  0.142  0.120   0.5522877270
 583  0.297  0.161 -0.807  1.031  0.142  0.120   0.5522750788
 596  0.297  0.161 -0.807  1.031  0.134  0.120   0.5522586789
 597  0.297  0.161 -0.807  1.031  0.137  0.120   0.5522462173
 601  0.308  0.162 -0.805  1.030  0.139  0.128   0.5521533873
 608  0.308  0.162 -0.805  1.030  0.139  0.128   0.5521529315
 610  0.308  0.162 -0.805  1.030  0.139  0.128   0.5521528183
 612  0.320  0.155 -0.801  1.026  0.137  0.138   0.5518948121
 615  0.338  0.143 -0.796  1.020  0.133  0.155   0.5516745853
 621  0.338  0.143 -0.796  1.020  0.133  0.155   0.5516743964
 622  0.338  0.143 -0.796  1.020  0.133  0.155   0.5516739932
  powell nthiter 7: fret = 0.551674
 650  0.338  0.140 -0.796  1.020  0.133  0.155   0.5516690143
 664  0.338  0.140 -0.794  1.020  0.133  0.155   0.5516607986
 666  0.338  0.140 -0.793  1.020  0.133  0.155   0.5516589106
 676  0.338  0.140 -0.793  1.016  0.133  0.155   0.5516195928
 677  0.338  0.140 -0.793  1.015  0.133  0.155   0.5516154180
 678  0.338  0.140 -0.793  1.014  0.133  0.155   0.5516140515
 689  0.338  0.140 -0.793  1.014  0.129  0.155   0.5515924297
 704  0.338  0.140 -0.793  1.014  0.129  0.155   0.5515923756
 705  0.338  0.140 -0.793  1.014  0.129  0.155   0.5515922879
  powell nthiter 8: fret = 0.551592
 719  0.338  0.140 -0.793  1.014  0.129  0.154   0.5515912429
 731  0.338  0.135 -0.793  1.014  0.129  0.154   0.5515587071
 732  0.338  0.136 -0.793  1.014  0.129  0.154   0.5515582391
 746  0.338  0.136 -0.792  1.014  0.129  0.154   0.5515573198
 757  0.338  0.136 -0.792  1.012  0.129  0.154   0.5515387165
 759  0.338  0.136 -0.792  1.011  0.129  0.154   0.5515327919
 769  0.338  0.136 -0.792  1.011  0.128  0.154   0.5515307289
 782  0.338  0.136 -0.792  1.011  0.129  0.154   0.5515306822
 783  0.338  0.136 -0.792  1.011  0.128  0.154   0.5515306807
 785  0.338  0.136 -0.792  1.011  0.128  0.154   0.5515305797
 788  0.338  0.131 -0.791  1.008  0.127  0.153   0.5514933674
 793  0.338  0.128 -0.790  1.006  0.127  0.152   0.5514894834
 797  0.338  0.128 -0.790  1.006  0.127  0.152   0.5514894652
 798  0.338  0.128 -0.790  1.006  0.127  0.152   0.5514888184
 800  0.338  0.128 -0.790  1.006  0.127  0.152   0.5514886663
 804  0.338  0.128 -0.790  1.006  0.127  0.152   0.5514885911
  powell nthiter 9: fret = 0.551489
 816  0.338  0.128 -0.790  1.006  0.127  0.155   0.5514828632
 825  0.337  0.129 -0.790  1.006  0.127  0.154   0.5514820215
 826  0.337  0.129 -0.790  1.006  0.127  0.154   0.5514813184
 828  0.337  0.129 -0.790  1.006  0.127  0.154   0.5514805107
 831  0.337  0.129 -0.790  1.006  0.127  0.154   0.5514805086
 844  0.337  0.129 -0.788  1.006  0.127  0.154   0.5514766849
 857  0.337  0.129 -0.788  1.005  0.127  0.154   0.5514753196
 876  0.337  0.127 -0.788  1.004  0.126  0.154   0.5514749919
 877  0.337  0.128 -0.788  1.005  0.126  0.154   0.5514739423
 878  0.337  0.128 -0.788  1.005  0.126  0.154   0.5514735657
 885  0.337  0.128 -0.788  1.005  0.126  0.154   0.5514735221
 886  0.337  0.128 -0.788  1.005  0.126  0.154   0.5514731947
Powell done niters = 9
Computing relative cost
 0  -25.0 -25.0 -25.0   1.044603
 1  -25.0 -25.0  25.0   1.035277
 2  -25.0  25.0 -25.0   1.031123
 3  -25.0  25.0  25.0   1.019525
 4   25.0 -25.0 -25.0   1.026920
 5   25.0 -25.0  25.0   1.042152
 6   25.0  25.0 -25.0   1.022299
 7   25.0  25.0  25.0   1.048173
REL:  8  0.551473    8.270072  1.033759 rel = 0.533464 
Number of iterations     9
Min cost was 0.551473
Number of FunctionCalls   887
TolPowell 0.000100
nMaxItersPowell 36
OptimizationTime 1.197819 sec
Parameters at optimum (transmm)  0.33725  0.12771 -0.78814
Parameters at optimum (rotdeg)  1.00467  0.12590  0.15373 
Final costs ----------------
Number of surface hits 2659
WM  Intensity    44.7363 +/-   6.5923
Ctx Intensity    47.5717 +/-  10.9094
Pct Contrast      4.1000 +/-  26.1583
Cost   0.5515
RelCost   0.5973
Reg at min cost was 
 0.99999  -0.00224  -0.00351   1.02432;
 0.00355   0.01753   0.99984   0.68243;
-0.00218  -0.99984   0.01754  -0.67955;
 0.00000   0.00000   0.00000   1.00000;

Writing optimal reg to /out/sourcedata/freesurfer/sub-v2s0x29042_ses-1/mri/transforms/tmp.bbregister.1875020/bbr.pass1.dat, type = 14 
Original Reg 
 1.00000   0.00000  -0.00086   0.68832;
 0.00086   0.00000   1.00000   0.55472;
 0.00000  -1.00000   0.00000   0.10040;
 0.00000   0.00000   0.00000   1.00000;

Original Reg - Optimal Reg
 0.00001   0.00224   0.00264  -0.33600;
-0.00268  -0.01753   0.00016  -0.12771;
 0.00218  -0.00016  -0.01754   0.77994;
 0.00000   0.00000   0.00000   0.00000;

Computing change in lh position
LH rmsDiffMean 1.041000
Computing change in rh position
Surface-RMS-Diff-mm 1.016185 0.430430 2.227711
mri_segreg done
mri_segreg --mov /out/sourcedata/freesurfer/sub-v2s0x29042_ses-1/mri/transforms/tmp.bbregister.1875020/template.nii --init-reg /out/sourcedata/freesurfer/sub-v2s0x29042_ses-1/mri/transforms/tmp.bbregister.1875020/bbr.pass1.dat --out-reg /out/sourcedata/freesurfer/sub-v2s0x29042_ses-1/mri/transforms/FLAIRraw.auto.dat --interp trilinear --wm-proj-abs 1 --tol 1e-8 --tol1d 1e-3 --c0 0 --mincost /out/sourcedata/freesurfer/sub-v2s0x29042_ses-1/mri/transforms/FLAIRraw.auto.dat.mincost --dof 6 --nmax 36 --param /out/sourcedata/freesurfer/sub-v2s0x29042_ses-1/mri/transforms/FLAIRraw.auto.dat.param --surf white --brute -0.1 0.1 0.1 --cur-reg /out/sourcedata/freesurfer/sub-v2s0x29042_ses-1/mri/transforms/tmp.bbregister.1875020/reg.curopt.dat --gm-proj-abs 2 --nsub 1 --gm-gt-wm 0.5
7.3.2
setenv SUBJECTS_DIR /out/sourcedata/freesurfer
cd /out/sourcedata/freesurfer/sub-v2s0x29042_ses-1/scripts
mri_segreg --mov /out/sourcedata/freesurfer/sub-v2s0x29042_ses-1/mri/transforms/tmp.bbregister.1875020/template.nii --init-reg /out/sourcedata/freesurfer/sub-v2s0x29042_ses-1/mri/transforms/tmp.bbregister.1875020/bbr.pass1.dat --out-reg /out/sourcedata/freesurfer/sub-v2s0x29042_ses-1/mri/transforms/FLAIRraw.auto.dat --interp trilinear --wm-proj-abs 1 --tol 1e-8 --tol1d 1e-3 --c0 0 --mincost /out/sourcedata/freesurfer/sub-v2s0x29042_ses-1/mri/transforms/FLAIRraw.auto.dat.mincost --dof 6 --nmax 36 --param /out/sourcedata/freesurfer/sub-v2s0x29042_ses-1/mri/transforms/FLAIRraw.auto.dat.param --surf white --brute -0.1 0.1 0.1 --cur-reg /out/sourcedata/freesurfer/sub-v2s0x29042_ses-1/mri/transforms/tmp.bbregister.1875020/reg.curopt.dat --gm-proj-abs 2 --nsub 1 --gm-gt-wm 0.5 
sysname  Linux
hostname dna003
machine  x86_64
user     oesteban
movvol /out/sourcedata/freesurfer/sub-v2s0x29042_ses-1/mri/transforms/tmp.bbregister.1875020/template.nii
regfile /out/sourcedata/freesurfer/sub-v2s0x29042_ses-1/mri/transforms/tmp.bbregister.1875020/bbr.pass1.dat
subject sub-v2s0x29042_ses-1
dof 6
outregfile /out/sourcedata/freesurfer/sub-v2s0x29042_ses-1/mri/transforms/FLAIRraw.auto.dat
UseMask 0
UseLH 1
UseRH 1
nsubsamp 1
PenaltySign  -1
PenaltySlope 0.500000
PenaltyCenter 0.000000
surfname white
GMProjAbs 2.000000
WMProjAbs 1.000000
lhcostfile (null)
rhcostfile (null)
interp  trilinear (1)
frame  0
TolPowell 0.000000
nMaxItersPowell 36
n1dmin  3
Profile   0
Gdiag_no  -1
AddNoise  0 (0)
SynthSeed 1774122914
TransRandMax 0.000000
RotRandMax 0.000000
Translations 0.000000 0.000000 0.000000
Rotations   0.000000 0.000000 0.000000
Input reg
 0.99999  -0.00224  -0.00351   1.02432;
 0.00355   0.01753   0.99984   0.68243;
-0.00218  -0.99984   0.01754  -0.67955;
 0.00000   0.00000   0.00000   1.00000;

Loading mov
ExcludeZeroVoxels 1
Reading in targ vol /out/sourcedata/freesurfer/sub-v2s0x29042_ses-1/mri/orig.mgz
Projecting LH Surfs
Loading lh.white surf
GM Proj: 0 0.500000 2.000000
WM Proj: 0 0.500000 1.000000
Projecting RH Surfs
Loading rh.white surf
Projecting RH Surfs
Using lh.cortex.label
Using rh.cortex.label
Computing relative cost
 0  -25.0 -25.0 -25.0   1.023180
 1  -25.0 -25.0  25.0   1.046774
 2  -25.0  25.0 -25.0   1.024775
 3  -25.0  25.0  25.0   1.004309
 4   25.0 -25.0 -25.0   1.019551
 5   25.0 -25.0  25.0   1.044380
 6   25.0  25.0 -25.0   1.034314
 7   25.0  25.0  25.0   1.027525
REL:  8  0.582146    8.224809  1.028101 rel = 0.566234 
Initial costs ----------------
Number of surface hits 267302
WM  Intensity    45.3466 +/-   6.5294
Ctx Intensity    47.6095 +/-  10.8154
Pct Contrast      2.8632 +/-  26.6465
Cost   0.5821
RelCost   0.5662

------------------------------------
Brute force preopt -0.1 0.1 0.1, n = 729
     0  -0.1000  -0.1000  -0.1000  -0.1000  -0.1000  -0.1000      0.5865   0.5865  0.0
     3  -0.1000  -0.1000  -0.1000  -0.1000   0.0000  -0.1000      0.5815   0.5815  0.0
    30  -0.1000  -0.1000   0.0000  -0.1000   0.0000  -0.1000      0.5802   0.5802  0.0
    33  -0.1000  -0.1000   0.0000  -0.1000   0.1000  -0.1000      0.5774   0.5774  0.0
    60  -0.1000  -0.1000   0.1000  -0.1000   0.1000  -0.1000      0.5758   0.5758  0.0
   120  -0.1000   0.0000   0.0000   0.0000   0.0000  -0.1000      0.5742   0.5742  0.0
   123  -0.1000   0.0000   0.0000   0.0000   0.1000  -0.1000      0.5724   0.5724  0.0
   147  -0.1000   0.0000   0.1000   0.0000   0.0000  -0.1000      0.5719   0.5719  0.0
   211  -0.1000   0.1000   0.0000   0.1000   0.0000   0.0000      0.5712   0.5712  0.0
   226  -0.1000   0.1000   0.1000   0.0000  -0.1000   0.0000      0.5711   0.5711  0.0
   229  -0.1000   0.1000   0.1000   0.0000   0.0000   0.0000      0.5685   0.5685  0.0
Brute Force --------------------------
Min cost was 0.568528
Number of iterations   729
Search time 0.864827 sec
Parameters at best (transmm, rotdeg)
 -0.100   0.100   0.100  0.000  0.000  0.000 
--------------------------------------------

Starting Powell Minimization
Init Powel Params dof = 6
0 -0.1
1 0.1
2 0.1
3 0
4 0
5 0
fs_powell::minimize
  nparams 6
  maxfev 36
  ftol   0.000000
  linmin_xtol_   0.001000
  powell nthiter 0: fret = 0.577570
   7 -0.064  0.100  0.100  0.000  0.000  0.000   0.5775660633
   9 -0.069  0.100  0.100  0.000  0.000  0.000   0.5775653374
  10 -0.071  0.100  0.100  0.000  0.000  0.000   0.5775648644
  11 -0.075  0.100  0.100  0.000  0.000  0.000   0.5775644189
  13 -0.074  0.100  0.100  0.000  0.000  0.000   0.5775642835
  21 -0.074  0.135  0.100  0.000  0.000  0.000   0.5774599540
  22 -0.074  0.136  0.100  0.000  0.000  0.000   0.5774597805
  29 -0.074  0.136  0.482  0.000  0.000  0.000   0.5765100156
  30 -0.074  0.136  0.320  0.000  0.000  0.000   0.5740131990
  31 -0.074  0.136  0.306  0.000  0.000  0.000   0.5739822334
  33 -0.074  0.136  0.305  0.000  0.000  0.000   0.5739818283
  41 -0.074  0.136  0.305 -0.201  0.000  0.000   0.5729940224
  42 -0.074  0.136  0.305 -0.149  0.000  0.000   0.5726083812
  43 -0.074  0.136  0.305 -0.131  0.000  0.000   0.5725634873
  44 -0.074  0.136  0.305 -0.121  0.000  0.000   0.5725610815
  45 -0.074  0.136  0.305 -0.124  0.000  0.000   0.5725597990
  55 -0.074  0.136  0.305 -0.124 -0.021  0.000   0.5725250255
  56 -0.074  0.136  0.305 -0.124 -0.023  0.000   0.5725238250
  57 -0.074  0.136  0.305 -0.124 -0.029  0.000   0.5725229347
  59 -0.074  0.136  0.305 -0.124 -0.027  0.000   0.5725225064
  69 -0.074  0.136  0.305 -0.124 -0.027 -0.001   0.5725222711
  powell nthiter 1: fret = 0.572522
  82 -0.062  0.136  0.305 -0.124 -0.027 -0.001   0.5725115522
  83 -0.061  0.136  0.305 -0.124 -0.027 -0.001   0.5725114347
  91 -0.061  0.074  0.305 -0.124 -0.027 -0.001   0.5717115002
  93 -0.061  0.059  0.305 -0.124 -0.027 -0.001   0.5716965128
  94 -0.061  0.062  0.305 -0.124 -0.027 -0.001   0.5716956087
 102 -0.061  0.061  0.328 -0.124 -0.027 -0.001   0.5715307993
 104 -0.061  0.061  0.339 -0.124 -0.027 -0.001   0.5715236571
 105 -0.061  0.061  0.336 -0.124 -0.027 -0.001   0.5715212609
 106 -0.061  0.061  0.335 -0.124 -0.027 -0.001   0.5715210740
 115 -0.061  0.061  0.335 -0.139 -0.027 -0.001   0.5714487027
 117 -0.061  0.061  0.335 -0.149 -0.027 -0.001   0.5714366019
 130 -0.061  0.061  0.335 -0.150 -0.029 -0.001   0.5714363554
 139 -0.061  0.061  0.335 -0.150 -0.029 -0.002   0.5714355326
 140 -0.061  0.061  0.335 -0.150 -0.029 -0.007   0.5714340275
 151 -0.056  0.032  0.347 -0.160 -0.029 -0.009   0.5714020184
 152 -0.058  0.042  0.343 -0.157 -0.029 -0.009   0.5714009134
 153 -0.057  0.038  0.344 -0.158 -0.029 -0.009   0.5714005007
  powell nthiter 2: fret = 0.571401
 166 -0.037  0.038  0.344 -0.158 -0.029 -0.009   0.5713773197
 168 -0.043  0.038  0.344 -0.158 -0.029 -0.009   0.5713720030
 170 -0.042  0.038  0.344 -0.158 -0.029 -0.009   0.5713719954
 180 -0.042  0.038  0.344 -0.158 -0.029 -0.005   0.5713712087
 191 -0.042  0.038  0.355 -0.158 -0.029 -0.005   0.5713507113
 192 -0.042  0.038  0.357 -0.158 -0.029 -0.005   0.5713494956
 193 -0.042  0.038  0.358 -0.158 -0.029 -0.005   0.5713494544
 203 -0.042  0.038  0.358 -0.164 -0.029 -0.005   0.5713405823
 204 -0.042  0.038  0.358 -0.166 -0.029 -0.005   0.5713404019
 213 -0.042  0.038  0.358 -0.166 -0.033 -0.005   0.5713390163
 224 -0.043  0.040  0.357 -0.165 -0.033 -0.005   0.5713381613
 227 -0.043  0.040  0.357 -0.165 -0.033 -0.005   0.5713381519
  powell nthiter 3: fret = 0.571338
 237 -0.042  0.040  0.357 -0.165 -0.033 -0.005   0.5713377777
 238 -0.040  0.040  0.357 -0.165 -0.033 -0.005   0.5713376106
 250 -0.040  0.040  0.357 -0.165 -0.033 -0.007   0.5713375884
 253 -0.040  0.040  0.357 -0.165 -0.033 -0.006   0.5713374687
 262 -0.040  0.040  0.359 -0.165 -0.033 -0.006   0.5713367902
 263 -0.040  0.040  0.360 -0.165 -0.033 -0.006   0.5713367365
 299 -0.040  0.040  0.360 -0.165 -0.033 -0.006   0.5713366975
  powell nthiter 4: fret = 0.571337
 311 -0.041  0.040  0.360 -0.165 -0.033 -0.006   0.5713366638
Powell done niters = 4
Computing relative cost
 0  -25.0 -25.0 -25.0   1.022291
 1  -25.0 -25.0  25.0   1.045894
 2  -25.0  25.0 -25.0   1.026295
 3  -25.0  25.0  25.0   1.002824
 4   25.0 -25.0 -25.0   1.020353
 5   25.0 -25.0  25.0   1.040457
 6   25.0  25.0 -25.0   1.035849
 7   25.0  25.0  25.0   1.027120
REL:  8  0.571337    8.221084  1.027635 rel = 0.555972 
Number of iterations     4
Min cost was 0.571337
Number of FunctionCalls   368
TolPowell 0.000000
nMaxItersPowell 36
OptimizationTime 15.835884 sec
Parameters at optimum (transmm) -0.04129  0.03975  0.36011
Parameters at optimum (rotdeg) -0.16498 -0.03283 -0.00596 
Final costs ----------------
Number of surface hits 267302
WM  Intensity    45.0877 +/-   6.4091
Ctx Intensity    47.4954 +/-  10.7743
Pct Contrast      3.1896 +/-  26.4585
Cost   0.5713
RelCost   0.5662
Reg at min cost was 
 0.99999  -0.00167  -0.00341   0.98349;
 0.00344   0.01465   0.99989   0.72011;
-0.00162  -0.99989   0.01465  -0.32082;
 0.00000   0.00000   0.00000   1.00000;

Writing optimal reg to /out/sourcedata/freesurfer/sub-v2s0x29042_ses-1/mri/transforms/FLAIRraw.auto.dat, type = 14 
Original Reg 
 0.99999  -0.00224  -0.00351   1.02432;
 0.00355   0.01753   0.99984   0.68243;
-0.00218  -0.99984   0.01754  -0.67955;
 0.00000   0.00000   0.00000   1.00000;

Original Reg - Optimal Reg
-0.00000  -0.00057  -0.00010   0.04083;
 0.00011   0.00288  -0.00005  -0.03768;
-0.00056   0.00005   0.00288  -0.35873;
 0.00000   0.00000   0.00000   0.00000;

Computing change in lh position
LH rmsDiffMean 0.350002
Computing change in rh position
Surface-RMS-Diff-mm 0.356072 0.086275 0.565634
mri_segreg done
MinCost: 0.571337 45.087671 47.495432 3.189645 
tkregister2_cmdl --mov /out/sourcedata/freesurfer/sub-v2s0x29042_ses-1/mri/orig/FLAIRraw.mgz --reg /out/sourcedata/freesurfer/sub-v2s0x29042_ses-1/mri/transforms/FLAIRraw.auto.dat --noedit --ltaout /out/sourcedata/freesurfer/sub-v2s0x29042_ses-1/mri/transforms/FLAIRraw.auto.lta
INFO: no target volume specified, assuming FreeSurfer orig volume.
target  volume orig
movable volume /out/sourcedata/freesurfer/sub-v2s0x29042_ses-1/mri/orig/FLAIRraw.mgz
reg file       /out/sourcedata/freesurfer/sub-v2s0x29042_ses-1/mri/transforms/FLAIRraw.auto.dat
LoadVol        0
ZeroCRAS       0
7.3.2
Diagnostic Level -1
---- Input registration matrix --------
 0.99999  -0.00167  -0.00341   0.98349;
 0.00344   0.01465   0.99989   0.72011;
-0.00162  -0.99989   0.01465  -0.32082;
 0.00000   0.00000   0.00000   1.00000;
float2int = 0
---------------------------------------
INFO: loading target /out/sourcedata/freesurfer/sub-v2s0x29042_ses-1/mri/orig.mgz
Ttarg: --------------------
-1.00000   0.00000   0.00000   128.00000;
 0.00000   0.00000   1.00000  -128.00000;
 0.00000  -1.00000   0.00000   128.00000;
 0.00000   0.00000   0.00000   1.00000;
INFO: loading movable /out/sourcedata/freesurfer/sub-v2s0x29042_ses-1/mri/orig/FLAIRraw.mgz
Tmov: --------------------
-0.97656   0.00000   0.00000   91.30859;
 0.00000   0.00000   0.97656  -125.00000;
 0.00000  -0.97656   0.00000   125.00000;
 0.00000   0.00000   0.00000   1.00000;
mkheaderreg = 0, float2int = 0
---- Input registration matrix --------
 0.99999  -0.00167  -0.00341   0.98349;
 0.00344   0.01465   0.99989   0.72011;
-0.00162  -0.99989   0.01465  -0.32082;
 0.00000   0.00000   0.00000   1.00000;
Determinant 1
subject = sub-v2s0x29042_ses-1
RegMat ---------------------------
 0.99999  -0.00167  -0.00341   0.98349;
 0.00344   0.01465   0.99989   0.72011;
-0.00162  -0.99989   0.01465  -0.32082;
 0.00000   0.00000   0.00000   1.00000;
Cleaning up
 
Started at Tue Mar 10 12:21:23 CET 2026 
Ended   at Tue Mar 10 12:22:42 CET 2026
BBR-Run-Time-Sec 79
 
bbregister Done
To check results, run:
tkregisterfv --mov /out/sourcedata/freesurfer/sub-v2s0x29042_ses-1/mri/orig/FLAIRraw.mgz --reg /out/sourcedata/freesurfer/sub-v2s0x29042_ses-1/mri/transforms/FLAIRraw.auto.lta --surfs  --sd /out/sourcedata/freesurfer
