/out/sourcedata/freesurfer/sub-v2s0x29042_ses-1/mri
/opt/freesurfer/bin/talairach_avi
--i orig_nu.mgz --xfm transforms/talairach.auto.xfm
talairach_avi 7.3.2
Linux dna003 5.14.0-427.37.1.el9_4.x86_64 #1 SMP PREEMPT_DYNAMIC Fri Sep 13 12:41:50 EDT 2024 x86_64 x86_64 x86_64 GNU/Linux
Tue Mar 10 09:54:39 CET 2026
mri_convert orig_nu.mgz talsrcimg.img 
reading from orig_nu.mgz...
TR=0.00, TE=0.00, TI=0.00, flip angle=0.00
i_ras = (-1, 0, 0)
j_ras = (0, 0, -1)
k_ras = (0, 1, 0)
writing to talsrcimg.img...
Analyze Output Matrix
-1.00000   0.00000   0.00000   131.77806;
 0.00000   0.00000   1.00000  -96.19626;
 0.00000  -1.00000   0.00000   161.86478;
 0.00000   0.00000   0.00000   1.00000;
--------------------
INFO: set hdr.hist.orient to -1
mpr2mni305 talsrcimg
Tue Mar 10 09:54:40 CET 2026
/opt/freesurfer/bin/mpr2mni305 talsrcimg
mpr2mni305 7.3.2
target=711-2C_as_mni_average_305

---------------------------------------------------------------------
analyzeto4dfp talsrcimg -O0 -y
---------------------------------------------------------------------

freesurfer ifh2hdr.c
Tue Mar 10 09:54:40 2026
Writing: talsrcimg.4dfp.hdr
freesurfer analyzeto4dfp.c
Reading: talsrcimg.hdr
header size 348 bytes
hdr.dime.datatype	offset=70	value=2
hdr.dime.bitpix		offset=72	value=8
hdr.hist.orient		offset=252	value=-1
dimensionality     4
dimensions       256       256       256         1
Reading: talsrcimg.img
Writing: talsrcimg.4dfp.img
Writing: talsrcimg.4dfp.ifh
ifh2hdr talsrcimg -r0to255
ori=2

---------------------------------------------------------------------
gauss_4dfp talsrcimg 1.1
---------------------------------------------------------------------

freesurfer gauss_4dfp.c
Reading: talsrcimg.4dfp.img
Writing: talsrcimg_g11.4dfp.img
image dimensions 256 256 256 padded to 288 288 288
processing volume 1freesurfer ifh2hdr.c
Tue Mar 10 09:54:42 2026
Writing: talsrcimg_g11.4dfp.hdr

Writing: talsrcimg_g11.4dfp.ifh
including: talsrcimg.4dfp.img.rec in talsrcimg_g11.4dfp.img.rec

---------------------------------------------------------------------
imgreg_4dfp /opt/freesurfer/average/711-2C_as_mni_average_305 none talsrcimg_g11 none talsrcimg_to_711-2C_as_mni_average_305_t4 4355
---------------------------------------------------------------------

freesurfer imgreg_4dfp.c
/opt/freesurfer/average/711-2C_as_mni_average_305.4dfp.img
       256       256       256         1
  1.000000  1.000000  1.000000
orientation T byte_order littleendian
Reading image: /opt/freesurfer/average/711-2C_as_mni_average_305.4dfp.img
dimensions:      256       256       256
mmppix:       1.0000   -1.0000   -1.0000
center:     128.0000 -129.0000 -129.0000
talsrcimg_g11.4dfp.img
       256       256       256         1
  1.000000  1.000000  1.000000
orientation T byte_order littleendian
Reading image: talsrcimg_g11.4dfp.img
dimensions:      256       256       256
mmppix:       1.0000   -1.0000   -1.0000
center:     128.0000 -129.0000 -129.0000
t4_read: open error in t4_sub.f l:  41 t4_file(1:l)talsrcimg_to_711-2C_as_mni_average_305_t4 
t4_read: transform initialized to I4
rotation matrix determinant  1.000000
image alignment mode   4355 decimal     1103 hex
   -7.5000  -45.0000  -45.000011209.8662    7.2723
    0.0000  -45.0000  -45.000011669.4326    7.2876
    7.5000  -45.0000  -45.000011138.1562    7.2694
   -7.5000  -37.5000  -45.000011339.5205    7.4635
    0.0000  -37.5000  -45.000011803.2373    7.4778
    7.5000  -37.5000  -45.000011259.3477    7.4611
   -7.5000  -30.0000  -45.000011655.6670    7.4063
    0.0000  -30.0000  -45.000012135.8838    7.4210
    7.5000  -30.0000  -45.000011574.3281    7.4092
   -7.5000  -22.5000  -45.000011961.1865    7.3535
    0.0000  -22.5000  -45.000012471.3242    7.3685
    7.5000  -22.5000  -45.000011887.7197    7.3583
   -7.5000  -15.0000  -45.000012153.6631    7.3042
    0.0000  -15.0000  -45.000012647.6025    7.3196
    7.5000  -15.0000  -45.000012049.1494    7.3073
   -7.5000   -7.5000  -45.000012244.5869    7.2675
    0.0000   -7.5000  -45.000012721.2891    7.2831
    7.5000   -7.5000  -45.000012096.6504    7.2668
   -7.5000    0.0000  -45.000012249.2871    7.2619
    0.0000    0.0000  -45.000012710.3867    7.2772
    7.5000    0.0000  -45.000012089.9746    7.2590
   -7.5000    7.5000  -45.000011468.5361    7.4634
    0.0000    7.5000  -45.000011907.6445    7.4778
    7.5000    7.5000  -45.000011325.6338    7.4611
   -7.5000   15.0000  -45.000010777.2646    7.7629
    0.0000   15.0000  -45.000011190.0264    7.7765
    7.5000   15.0000  -45.000010653.5029    7.7629
   -7.5000   22.5000  -45.000010118.3242    8.0970
    0.0000   22.5000  -45.000010504.3730    8.1091
    7.5000   22.5000  -45.0000 9992.5068    8.0957
   -7.5000   30.0000  -45.0000 9439.6016    8.3042
    0.0000   30.0000  -45.0000 9791.8555    8.3145
    7.5000   30.0000  -45.0000 9303.2617    8.2958
   -7.5000   37.5000  -45.0000 9103.1162    8.6568
    0.0000   37.5000  -45.0000 9427.2314    8.6662
    7.5000   37.5000  -45.0000 8967.4639    8.6414
   -7.5000   45.0000  -45.0000 8490.5947    8.8502
    0.0000   45.0000  -45.0000 8784.6035    8.8592
    7.5000   45.0000  -45.0000 8367.0225    8.8308
   -7.5000  -45.0000  -37.500011752.3926    7.2765
    0.0000  -45.0000  -37.500012208.9062    7.2902
    7.5000  -45.0000  -37.500011663.7676    7.2715
   -7.5000  -37.5000  -37.500011898.9102    7.4679
    0.0000  -37.5000  -37.500012355.8545    7.4805
    7.5000  -37.5000  -37.500011803.0664    7.4633
   -7.5000  -30.0000  -37.500012227.0488    7.4115
    0.0000  -30.0000  -37.500012715.1387    7.4245
    7.5000  -30.0000  -37.500012148.1523    7.4118
   -7.5000  -22.5000  -37.500012558.4307    7.3582
    0.0000  -22.5000  -37.500013084.7021    7.3710
    7.5000  -22.5000  -37.500012497.7578    7.3600
   -7.5000  -15.0000  -37.500012753.7861    7.3078
    0.0000  -15.0000  -37.500013275.0479    7.3207
    7.5000  -15.0000  -37.500012656.1230    7.3079
   -7.5000   -7.5000  -37.500012836.4805    7.2709
    0.0000   -7.5000  -37.500013324.8965    7.2843
    7.5000   -7.5000  -37.500012696.3291    7.2677
   -7.5000    0.0000  -37.500012839.5225    7.2662
    0.0000    0.0000  -37.500013325.6396    7.2798
    7.5000    0.0000  -37.500012689.8574    7.2612
   -7.5000    7.5000  -37.500012024.7969    7.4678
    0.0000    7.5000  -37.500012491.7207    7.4805
    7.5000    7.5000  -37.500011886.4277    7.4632
   -7.5000   15.0000  -37.500011295.6748    7.7672
    0.0000   15.0000  -37.500011737.9824    7.7784
    7.5000   15.0000  -37.500011177.7725    7.7640
   -7.5000   22.5000  -37.500010597.7217    8.0993
    0.0000   22.5000  -37.500011006.0791    8.1083
    7.5000   22.5000  -37.500010464.2988    8.0935
   -7.5000   30.0000  -37.5000 9875.6602    8.3043
    0.0000   30.0000  -37.500010248.5322    8.3118
    7.5000   30.0000  -37.5000 9753.8408    8.2930
   -7.5000   37.5000  -37.5000 9524.8984    8.6539
    0.0000   37.5000  -37.5000 9856.7129    8.6606
    7.5000   37.5000  -37.5000 9389.7334    8.6361
   -7.5000   45.0000  -37.5000 8871.8643    8.8451
    0.0000   45.0000  -37.5000 9170.0410    8.8521
    7.5000   45.0000  -37.5000 8744.5645    8.8238
   -7.5000  -45.0000  -30.000012505.1377    7.5964
    0.0000  -45.0000  -30.000012964.3750    7.6094
    7.5000  -45.0000  -30.000012381.4385    7.5908
   -7.5000  -37.5000  -30.000012650.2881    7.7976
    0.0000  -37.5000  -30.000013110.2236    7.8100
    7.5000  -37.5000  -30.000012532.6133    7.7915
   -7.5000  -30.0000  -30.000013013.2305    7.7400
    0.0000  -30.0000  -30.000013522.2803    7.7528
    7.5000  -30.0000  -30.000012919.8340    7.7382
   -7.5000  -22.5000  -30.000013400.5635    7.6830
    0.0000  -22.5000  -30.000013945.3809    7.6954
    7.5000  -22.5000  -30.000013321.4541    7.6830
   -7.5000  -15.0000  -30.000013596.1865    7.6285
    0.0000  -15.0000  -30.000014154.8506    7.6406
    7.5000  -15.0000  -30.000013492.2891    7.6275
   -7.5000   -7.5000  -30.000013680.2002    7.5896
    0.0000   -7.5000  -30.000014229.4121    7.6019
    7.5000   -7.5000  -30.000013553.5098    7.5857
   -7.5000    0.0000  -30.000013687.7920    7.5856
    0.0000    0.0000  -30.000014235.4609    7.5985
    7.5000    0.0000  -30.000013550.4961    7.5800
   -7.5000    7.5000  -30.000012820.3584    7.7976
    0.0000    7.5000  -30.000013351.0684    7.8099
    7.5000    7.5000  -30.000012676.8525    7.7915
   -7.5000   15.0000  -30.000012064.4160    8.1114
    0.0000   15.0000  -30.000012568.9473    8.1223
    7.5000   15.0000  -30.000011921.5850    8.1056
   -7.5000   22.5000  -30.000011298.8916    8.4555
    0.0000   22.5000  -30.000011760.2285    8.4638
    7.5000   22.5000  -30.000011145.9316    8.4467
   -7.5000   30.0000  -30.000010507.4775    8.6685
    0.0000   30.0000  -30.000010922.5312    8.6752
    7.5000   30.0000  -30.000010361.4434    8.6555
   -7.5000   37.5000  -30.000010120.9668    9.0323
    0.0000   37.5000  -30.000010493.5557    9.0374
    7.5000   37.5000  -30.0000 9969.4805    9.0116
   -7.5000   45.0000  -30.0000 9432.4883    9.2353
    0.0000   45.0000  -30.0000 9753.3457    9.2418
    7.5000   45.0000  -30.0000 9287.7725    9.2121
   -7.5000  -45.0000  -22.500013154.1748    7.8511
    0.0000  -45.0000  -22.500013632.8564    7.8656
    7.5000  -45.0000  -22.500013014.4395    7.8481
   -7.5000  -37.5000  -22.500013315.8057    8.0608
    0.0000  -37.5000  -22.500013793.6611    8.0748
    7.5000  -37.5000  -22.500013182.1338    8.0559
   -7.5000  -30.0000  -22.500013730.7676    8.0022
    0.0000  -30.0000  -22.500014248.5918    8.0169
    7.5000  -30.0000  -22.500013622.1162    8.0012
   -7.5000  -22.5000  -22.500014174.5918    7.9426
    0.0000  -22.5000  -22.500014736.5391    7.9572
    7.5000  -22.5000  -22.500014076.6406    7.9442
   -7.5000  -15.0000  -22.500014419.9814    7.8850
    0.0000  -15.0000  -22.500015030.2764    7.8992
    7.5000  -15.0000  -22.500014301.1289    7.8866
   -7.5000   -7.5000  -22.500014513.8965    7.8440
    0.0000   -7.5000  -22.500015124.6533    7.8582
    7.5000   -7.5000  -22.500014384.4834    7.8432
   -7.5000    0.0000  -22.500014508.4854    7.8400
    0.0000    0.0000  -22.500015108.1777    7.8545
    7.5000    0.0000  -22.500014369.6924    7.8370
   -7.5000    7.5000  -22.500013588.5850    8.0607
    0.0000    7.5000  -22.500014173.5371    8.0747
    7.5000    7.5000  -22.500013441.5420    8.0559
   -7.5000   15.0000  -22.500012789.1562    8.3868
    0.0000   15.0000  -22.500013359.4180    8.3999
    7.5000   15.0000  -22.500012625.9531    8.3816
   -7.5000   22.5000  -22.500011963.9600    8.7418
    0.0000   22.5000  -22.500012495.2441    8.7530
    7.5000   22.5000  -22.500011803.4131    8.7350
   -7.5000   30.0000  -22.500011129.6826    8.9626
    0.0000   30.0000  -22.500011595.2666    8.9717
    7.5000   30.0000  -22.500010967.1133    8.9519
   -7.5000   37.5000  -22.500010724.6895    9.3399
    0.0000   37.5000  -22.500011133.9219    9.3468
    7.5000   37.5000  -22.500010537.9385    9.3201
   -7.5000   45.0000  -22.500010016.4863    9.5546
    0.0000   45.0000  -22.500010385.6865    9.5632
    7.5000   45.0000  -22.5000 9820.6348    9.5327
   -7.5000  -45.0000  -15.000013763.0088    8.0168
    0.0000  -45.0000  -15.000014278.2637    8.0339
    7.5000  -45.0000  -15.000013582.8955    8.0168
   -7.5000  -37.5000  -15.000013969.6758    8.2309
    0.0000  -37.5000  -15.000014487.2734    8.2473
    7.5000  -37.5000  -15.000013806.7529    8.2288
   -7.5000  -30.0000  -15.000014445.1006    8.1706
    0.0000  -30.0000  -15.000014990.8545    8.1878
    7.5000  -30.0000  -15.000014294.0225    8.1728
   -7.5000  -22.5000  -15.000014966.5488    8.1105
    0.0000  -22.5000  -15.000015522.3193    8.1280
    7.5000  -22.5000  -15.000014788.5566    8.1158
   -7.5000  -15.0000  -15.000015280.4785    8.0526
    0.0000  -15.0000  -15.000015928.8057    8.0702
    7.5000  -15.0000  -15.000015096.9951    8.0581
   -7.5000   -7.5000  -15.000015397.1719    8.0106
    0.0000   -7.5000  -15.000016086.4502    8.0279
    7.5000   -7.5000  -15.000015217.4756    8.0132
   -7.5000    0.0000  -15.000015358.7432    8.0055
    0.0000    0.0000  -15.000016042.9951    8.0225
    7.5000    0.0000  -15.000015180.0586    8.0054
   -7.5000    7.5000  -15.000014404.7002    8.2308
    0.0000    7.5000  -15.000015052.7148    8.2472
    7.5000    7.5000  -15.000014171.4248    8.2288
   -7.5000   15.0000  -15.000013587.0449    8.5641
    0.0000   15.0000  -15.000014230.0742    8.5804
    7.5000   15.0000  -15.000013315.1299    8.5625
   -7.5000   22.5000  -15.000012721.2627    8.9280
    0.0000   22.5000  -15.000013315.9902    8.9432
    7.5000   22.5000  -15.000012448.7686    8.9264
   -7.5000   30.0000  -15.000011830.0410    9.1569
    0.0000   30.0000  -15.000012348.2451    9.1697
    7.5000   30.0000  -15.000011545.5449    9.1500
   -7.5000   37.5000  -15.000011392.0654    9.5448
    0.0000   37.5000  -15.000011858.0273    9.5554
    7.5000   37.5000  -15.000011095.4922    9.5281
   -7.5000   45.0000  -15.000010646.3389    9.7701
    0.0000   45.0000  -15.000011066.8281    9.7816
    7.5000   45.0000  -15.000010364.2939    9.7508
   -7.5000  -45.0000   -7.500014412.4004    8.0989
    0.0000  -45.0000   -7.500014981.7881    8.1171
    7.5000  -45.0000   -7.500014178.7168    8.0985
   -7.5000  -37.5000   -7.500014653.5566    8.3129
    0.0000  -37.5000   -7.500015233.6641    8.3302
    7.5000  -37.5000   -7.500014438.6416    8.3120
   -7.5000  -30.0000   -7.500015183.5381    8.2502
    0.0000  -30.0000   -7.500015798.0703    8.2681
    7.5000  -30.0000   -7.500014953.2148    8.2545
   -7.5000  -22.5000   -7.500015745.4492    8.1910
    0.0000  -22.5000   -7.500016374.9453    8.2095
    7.5000  -22.5000   -7.500015484.5576    8.1981
   -7.5000  -15.0000   -7.500016172.1162    8.1352
    0.0000  -15.0000   -7.500016944.6152    8.1541
    7.5000  -15.0000   -7.500015870.7080    8.1414
   -7.5000   -7.5000   -7.500016440.8770    8.0938
    0.0000   -7.5000   -7.500017324.0918    8.1125
    7.5000   -7.5000   -7.500016090.2139    8.0961
   -7.5000    0.0000   -7.500016435.3926    8.0875
    0.0000    0.0000   -7.500017315.5586    8.1055
    7.5000    0.0000   -7.500016041.5029    8.0870
   -7.5000    7.5000   -7.500015339.4512    8.3128
    0.0000    7.5000   -7.500016108.8047    8.3301
    7.5000    7.5000   -7.500014900.1748    8.3119
   -7.5000   15.0000   -7.500014422.8164    8.6475
    0.0000   15.0000   -7.500015169.9766    8.6646
    7.5000   15.0000   -7.500013966.4004    8.6486
   -7.5000   22.5000   -7.500013491.3818    9.0159
    0.0000   22.5000   -7.500014174.7188    9.0321
    7.5000   22.5000   -7.500013044.1719    9.0170
   -7.5000   30.0000   -7.500012512.5664    9.2514
    0.0000   30.0000   -7.500013118.9404    9.2651
    7.5000   30.0000   -7.500012099.2979    9.2449
   -7.5000   37.5000   -7.500012015.5078    9.6445
    0.0000   37.5000   -7.500012566.2559    9.6567
    7.5000   37.5000   -7.500011625.8252    9.6290
   -7.5000   45.0000   -7.500011223.6289    9.8765
    0.0000   45.0000   -7.500011721.2090    9.8885
    7.5000   45.0000   -7.500010867.3457    9.8572
   -7.5000  -45.0000    0.000014870.5596    8.1233
    0.0000  -45.0000    0.000015486.8330    8.1405
    7.5000  -45.0000    0.000014622.7588    8.1202
   -7.5000  -37.5000    0.000015123.7842    8.3363
    0.0000  -37.5000    0.000015761.3691    8.3523
    7.5000  -37.5000    0.000014864.6025    8.3337
   -7.5000  -30.0000    0.000015663.1445    8.2724
    0.0000  -30.0000    0.000016315.1172    8.2889
    7.5000  -30.0000    0.000015358.6152    8.2757
   -7.5000  -22.5000    0.000016211.0264    8.2138
    0.0000  -22.5000    0.000016872.8984    8.2306
    7.5000  -22.5000    0.000015866.5684    8.2192
   -7.5000  -15.0000    0.000016754.7148    8.1591
    0.0000  -15.0000    0.000017573.9121    8.1764
    7.5000  -15.0000    0.000016295.2617    8.1627
   -7.5000   -7.5000    0.000017257.8906    8.1182
    0.0000   -7.5000    0.000018317.4414    8.1357
    7.5000   -7.5000    0.000016658.9004    8.1175
   -7.5000    0.0000    0.000017348.0137    8.1118
    0.0000    0.0000    0.000018430.3047    8.1289
    7.5000    0.0000    0.000016694.5742    8.1086
   -7.5000    7.5000    0.000016047.3027    8.3362
    0.0000    7.5000    0.000016974.8379    8.3523
    7.5000    7.5000    0.000015470.1641    8.3336
   -7.5000   15.0000    0.000014976.5537    8.6700
    0.0000   15.0000    0.000015819.9023    8.6852
    7.5000   15.0000    0.000014478.8604    8.6700
   -7.5000   22.5000    0.000013983.5625    9.0396
    0.0000   22.5000    0.000014764.1318    9.0532
    7.5000   22.5000    0.000013543.8535    9.0383
   -7.5000   30.0000    0.000012956.2773    9.2773
    0.0000   30.0000    0.000013653.4561    9.2888
    7.5000   30.0000    0.000012570.6348    9.2680
   -7.5000   37.5000    0.000012463.7910    9.6703
    0.0000   37.5000    0.000013084.4160    9.6809
    7.5000   37.5000    0.000012100.7256    9.6534
   -7.5000   45.0000    0.000011640.7861    9.9046
    0.0000   45.0000    0.000012183.4033    9.9146
    7.5000   45.0000    0.000011303.8066    9.8830
   -7.5000  -45.0000    7.500014000.8975    8.1423
    0.0000  -45.0000    7.500014591.8369    8.1576
    7.5000  -45.0000    7.500013777.3486    8.1367
   -7.5000  -37.5000    7.500014257.6182    8.3563
    0.0000  -37.5000    7.500014860.9580    8.3704
    7.5000  -37.5000    7.500013993.7568    8.3511
   -7.5000  -30.0000    7.500014782.5156    8.2931
    0.0000  -30.0000    7.500015393.2002    8.3077
    7.5000  -30.0000    7.500014483.5605    8.2934
   -7.5000  -22.5000    7.500015300.2734    8.2335
    0.0000  -22.5000    7.500015901.0547    8.2478
    7.5000  -22.5000    7.500014960.8076    8.2355
   -7.5000  -15.0000    7.500015761.7803    8.1773
    0.0000  -15.0000    7.500016536.6660    8.1917
    7.5000  -15.0000    7.500015407.2178    8.1774
   -7.5000   -7.5000    7.500016192.1631    8.1361
    0.0000   -7.5000    7.500017175.6133    8.1510
    7.5000   -7.5000    7.500015825.6992    8.1325
   -7.5000    0.0000    7.500016272.6807    8.1308
    0.0000    0.0000    7.500017190.6270    8.1460
    7.5000    0.0000    7.500015895.9453    8.1251
   -7.5000    7.5000    7.500015104.0957    8.3562
    0.0000    7.5000    7.500015879.8271    8.3704
    7.5000    7.5000    7.500014773.3936    8.3510
   -7.5000   15.0000    7.500014166.6182    8.6911
    0.0000   15.0000    7.500014891.3252    8.7037
    7.5000   15.0000    7.500013853.8955    8.6875
   -7.5000   22.5000    7.500013302.9082    9.0598
    0.0000   22.5000    7.500013990.0146    9.0699
    7.5000   22.5000    7.500012980.3770    9.0534
   -7.5000   30.0000    7.500012339.1104    9.2960
    0.0000   30.0000    7.500012952.0889    9.3044
    7.5000   30.0000    7.500012033.9600    9.2832
   -7.5000   37.5000    7.500011847.0186    9.6873
    0.0000   37.5000    7.500012426.1230    9.6948
    7.5000   37.5000    7.500011561.4648    9.6673
   -7.5000   45.0000    7.500011065.5869    9.9207
    0.0000   45.0000    7.500011586.9570    9.9286
    7.5000   45.0000    7.500010791.2939    9.8967
   -7.5000  -45.0000   15.000012915.2178    8.1619
    0.0000  -45.0000   15.000013448.7715    8.1759
    7.5000  -45.0000   15.000012723.7480    8.1558
   -7.5000  -37.5000   15.000013145.2900    8.3780
    0.0000  -37.5000   15.000013689.0684    8.3913
    7.5000  -37.5000   15.000012923.6055    8.3714
   -7.5000  -30.0000   15.000013633.4697    8.3162
    0.0000  -30.0000   15.000014183.7334    8.3299
    7.5000  -30.0000   15.000013391.7432    8.3142
   -7.5000  -22.5000   15.000014101.7314    8.2549
    0.0000  -22.5000   15.000014661.3594    8.2683
    7.5000  -22.5000   15.000013836.4521    8.2549
   -7.5000  -15.0000   15.000014535.2373    8.1964
    0.0000  -15.0000   15.000015225.5469    8.2093
    7.5000  -15.0000   15.000014271.5977    8.1952
   -7.5000   -7.5000   15.000014850.4160    8.1545
    0.0000   -7.5000   15.000015608.5811    8.1678
    7.5000   -7.5000   15.000014633.2324    8.1503
   -7.5000    0.0000   15.000014857.7295    8.1503
    0.0000    0.0000   15.000015530.2676    8.1642
    7.5000    0.0000   15.000014690.8096    8.1443
   -7.5000    7.5000   15.000013879.2852    8.3780
    0.0000    7.5000   15.000014443.3184    8.3912
    7.5000    7.5000   15.000013720.7598    8.3714
   -7.5000   15.0000   15.000013136.8828    8.7153
    0.0000   15.0000   15.000013722.6934    8.7269
    7.5000   15.0000   15.000012958.4453    8.7090
   -7.5000   22.5000   15.000012391.2676    9.0832
    0.0000   22.5000   15.000012952.0234    9.0921
    7.5000   22.5000   15.000012186.7051    9.0737
   -7.5000   30.0000   15.000011545.4229    9.3170
    0.0000   30.0000   15.000012049.8135    9.3242
    7.5000   30.0000   15.000011327.5488    9.3030
   -7.5000   37.5000   15.000011119.2988    9.7082
    0.0000   37.5000   15.000011626.5938    9.7137
    7.5000   37.5000   15.000010901.1426    9.6859
   -7.5000   45.0000   15.000010419.7764    9.9399
    0.0000   45.0000   15.000010885.2354    9.9469
    7.5000   45.0000   15.000010192.5498    9.9149
   -7.5000  -45.0000   22.500011867.6543    8.2644
    0.0000  -45.0000   22.500012326.1572    8.2800
    7.5000  -45.0000   22.500011694.2354    8.2612
   -7.5000  -37.5000   22.500012091.2715    8.4799
    0.0000  -37.5000   22.500012563.4736    8.4950
    7.5000  -37.5000   22.500011894.9287    8.4749
   -7.5000  -30.0000   22.500012552.9854    8.4193
    0.0000  -30.0000   22.500013034.2314    8.4351
    7.5000  -30.0000   22.500012341.8652    8.4185
   -7.5000  -22.5000   22.500012993.1455    8.3581
    0.0000  -22.5000   22.500013499.6396    8.3737
    7.5000  -22.5000   22.500012773.6484    8.3599
   -7.5000  -15.0000   22.500013386.5117    8.2988
    0.0000  -15.0000   22.500013982.8525    8.3140
    7.5000  -15.0000   22.500013196.6152    8.3006
   -7.5000   -7.5000   22.500013647.4453    8.2567
    0.0000   -7.5000   22.500014237.2197    8.2719
    7.5000   -7.5000   22.500013499.4912    8.2558
   -7.5000    0.0000   22.500013708.1797    8.2525
    0.0000    0.0000   22.500014222.9541    8.2680
    7.5000    0.0000   22.500013563.2969    8.2493
   -7.5000    7.5000   22.500012878.1855    8.4798
    0.0000    7.5000   22.500013366.6826    8.4949
    7.5000    7.5000   22.500012718.4932    8.4748
   -7.5000   15.0000   22.500012218.9971    8.8199
    0.0000   15.0000   22.500012701.1084    8.8340
    7.5000   15.0000   22.500012049.0010    8.8145
   -7.5000   22.5000   22.500011532.0557    9.1914
    0.0000   22.5000   22.500011993.8281    9.2034
    7.5000   22.5000   22.500011351.0283    9.1843
   -7.5000   30.0000   22.500010752.7715    9.4289
    0.0000   30.0000   22.500011199.0479    9.4388
    7.5000   30.0000   22.500010584.7764    9.4177
   -7.5000   37.5000   22.500010397.6484    9.8311
    0.0000   37.5000   22.500010821.3535    9.8387
    7.5000   37.5000   22.500010206.6416    9.8102
   -7.5000   45.0000   22.5000 9760.5000   10.0672
    0.0000   45.0000   22.500010168.1523   10.0765
    7.5000   45.0000   22.5000 9559.0742   10.0440
   -7.5000  -45.0000   30.000010991.1562    8.5006
    0.0000  -45.0000   30.000011426.0215    8.5197
    7.5000  -45.0000   30.000010846.9893    8.5010
   -7.5000  -37.5000   30.000011220.4844    8.7164
    0.0000  -37.5000   30.000011650.9736    8.7348
    7.5000  -37.5000   30.000011046.7793    8.7149
   -7.5000  -30.0000   30.000011660.5303    8.6552
    0.0000  -30.0000   30.000012098.9648    8.6743
    7.5000  -30.0000   30.000011474.1982    8.6581
   -7.5000  -22.5000   30.000012088.5791    8.5932
    0.0000  -22.5000   30.000012563.5146    8.6126
    7.5000  -22.5000   30.000011913.9951    8.5993
   -7.5000  -15.0000   30.000012455.3779    8.5337
    0.0000  -15.0000   30.000012977.6797    8.5532
    7.5000  -15.0000   30.000012287.1865    8.5400
   -7.5000   -7.5000   30.000012667.9180    8.4919
    0.0000   -7.5000   30.000013147.0293    8.5111
    7.5000   -7.5000   30.000012536.8252    8.4950
   -7.5000    0.0000   30.000012754.5391    8.4880
    0.0000    0.0000   30.000013191.2900    8.5070
    7.5000    0.0000   30.000012607.7480    8.4884
   -7.5000    7.5000   30.000012015.8848    8.7164
    0.0000    7.5000   30.000012440.5117    8.7347
    7.5000    7.5000   30.000011851.2627    8.7148
   -7.5000   15.0000   30.000011392.7910    9.0575
    0.0000   15.0000   30.000011796.9404    9.0755
    7.5000   15.0000   30.000011225.7764    9.0562
   -7.5000   22.5000   30.000010744.9766    9.4326
    0.0000   22.5000   30.000011132.4678    9.4494
    7.5000   22.5000   30.000010566.2314    9.4313
   -7.5000   30.0000   30.000010021.9131    9.6804
    0.0000   30.0000   30.000010399.7139    9.6946
    7.5000   30.0000   30.0000 9852.3438    9.6731
   -7.5000   37.5000   30.0000 9719.6465   10.1037
    0.0000   37.5000   30.000010085.7646   10.1155
    7.5000   37.5000   30.0000 9537.1123   10.0857
   -7.5000   45.0000   30.0000 9116.7451   10.3381
    0.0000   45.0000   30.0000 9477.8164   10.3509
    7.5000   45.0000   30.0000 8932.6416   10.3176
   -7.5000  -45.0000   37.500010610.0098    8.8297
    0.0000  -45.0000   37.500011028.3066    8.8512
    7.5000  -45.0000   37.500010486.9102    8.8294
   -7.5000  -37.5000   37.500010821.3213    9.0453
    0.0000  -37.5000   37.500011241.2822    9.0657
    7.5000  -37.5000   37.500010680.7666    9.0447
   -7.5000  -30.0000   37.500011246.2842    8.9813
    0.0000  -30.0000   37.500011696.2627    9.0022
    7.5000  -30.0000   37.500011107.7607    8.9863
   -7.5000  -22.5000   37.500011655.8232    8.9184
    0.0000  -22.5000   37.500012133.0820    8.9396
    7.5000  -22.5000   37.500011521.9248    8.9259
   -7.5000  -15.0000   37.500011992.9902    8.8595
    0.0000  -15.0000   37.500012482.1914    8.8812
    7.5000  -15.0000   37.500011843.3623    8.8657
   -7.5000   -7.5000   37.500012175.7646    8.8189
    0.0000   -7.5000   37.500012642.2812    8.8408
    7.5000   -7.5000   37.500012039.5146    8.8212
   -7.5000    0.0000   37.500012278.7070    8.8161
    0.0000    0.0000   37.500012731.9932    8.8375
    7.5000    0.0000   37.500012142.6924    8.8158
   -7.5000    7.5000   37.500011570.8574    9.0452
    0.0000    7.5000   37.500011995.8525    9.0657
    7.5000    7.5000   37.500011431.5098    9.0446
   -7.5000   15.0000   37.500010966.0000    9.3887
    0.0000   15.0000   37.500011363.1719    9.4084
    7.5000   15.0000   37.500010823.5869    9.3896
   -7.5000   22.5000   37.500010333.9824    9.7691
    0.0000   22.5000   37.500010710.8213    9.7873
    7.5000   22.5000   37.500010181.5830    9.7693
   -7.5000   30.0000   37.5000 9666.6973   10.0308
    0.0000   30.0000   37.500010042.2188   10.0460
    7.5000   30.0000   37.5000 9504.0352   10.0217
   -7.5000   37.5000   37.5000 9365.9414   10.4741
    0.0000   37.5000   37.5000 9728.8887   10.4879
    7.5000   37.5000   37.5000 9205.9551   10.4550
   -7.5000   45.0000   37.5000 8763.9111   10.7102
    0.0000   45.0000   37.5000 9116.8457   10.7242
    7.5000   45.0000   37.5000 8618.1807   10.6879
   -7.5000  -45.0000   45.0000 9818.6611    9.1939
    0.0000  -45.0000   45.000010202.9717    9.2176
    7.5000  -45.0000   45.0000 9695.9824    9.1931
   -7.5000  -37.5000   45.000010005.4150    9.4098
    0.0000  -37.5000   45.000010392.1201    9.4321
    7.5000  -37.5000   45.0000 9878.4717    9.4099
   -7.5000  -30.0000   45.000010401.6270    9.3461
    0.0000  -30.0000   45.000010827.4365    9.3688
    7.5000  -30.0000   45.000010282.4053    9.3531
   -7.5000  -22.5000   45.000010771.1680    9.2830
    0.0000  -22.5000   45.000011231.4561    9.3059
    7.5000  -22.5000   45.000010649.2510    9.2924
   -7.5000  -15.0000   45.000011053.0303    9.2229
    0.0000  -15.0000   45.000011516.2383    9.2464
    7.5000  -15.0000   45.000010923.7070    9.2299
   -7.5000   -7.5000   45.000011220.8027    9.1812
    0.0000   -7.5000   45.000011662.5283    9.2052
    7.5000   -7.5000   45.000011088.2852    9.1833
   -7.5000    0.0000   45.000011325.8311    9.1790
    0.0000    0.0000   45.000011773.9102    9.2026
    7.5000    0.0000   45.000011203.0049    9.1783
   -7.5000    7.5000   45.000010660.0107    9.4098
    0.0000    7.5000   45.000011085.0146    9.4320
    7.5000    7.5000   45.000010545.5732    9.4098
   -7.5000   15.0000   45.000010090.2646    9.7571
    0.0000   15.0000   45.000010468.4062    9.7781
    7.5000   15.0000   45.0000 9966.6592    9.7599
   -7.5000   22.5000   45.0000 9494.0176   10.1419
    0.0000   22.5000   45.0000 9847.4805   10.1612
    7.5000   22.5000   45.0000 9369.9648   10.1436
   -7.5000   30.0000   45.0000 8896.0234   10.4169
    0.0000   30.0000   45.0000 9261.3574   10.4338
    7.5000   30.0000   45.0000 8758.0020   10.4087
   -7.5000   37.5000   45.0000 8634.8643   10.8751
    0.0000   37.5000   45.0000 8999.5283   10.8911
    7.5000   37.5000   45.0000 8501.8457   10.8579
   -7.5000   45.0000   45.0000 8072.2334   11.1140
    0.0000   45.0000   45.0000 8413.0820   11.1295
    7.5000   45.0000   45.0000 7934.4316   11.0917

---------------------------------------------------------------------
imgreg_4dfp /opt/freesurfer/average/711-2C_as_mni_average_305 /opt/freesurfer/average/711-2B_as_mni_average_305_mask talsrcimg_g11 none talsrcimg_to_711-2C_as_mni_average_305_t4 4355
---------------------------------------------------------------------

freesurfer imgreg_4dfp.c
/opt/freesurfer/average/711-2C_as_mni_average_305.4dfp.img
       256       256       256         1
  1.000000  1.000000  1.000000
orientation T byte_order littleendian
Reading image: /opt/freesurfer/average/711-2C_as_mni_average_305.4dfp.img
dimensions:      256       256       256
mmppix:       1.0000   -1.0000   -1.0000
center:     128.0000 -129.0000 -129.0000
/opt/freesurfer/average/711-2B_as_mni_average_305_mask.4dfp.img
       256       256       256         1
  1.000000  1.000000  1.000000
orientation T byte_order littleendian
Reading mask: /opt/freesurfer/average/711-2B_as_mni_average_305_mask.4dfp.img (2306576 pixels)
talsrcimg_g11.4dfp.img
       256       256       256         1
  1.000000  1.000000  1.000000
orientation T byte_order littleendian
Reading image: talsrcimg_g11.4dfp.img
dimensions:      256       256       256
mmppix:       1.0000   -1.0000   -1.0000
center:     128.0000 -129.0000 -129.0000
rotation matrix determinant  1.000000
image alignment mode   4355 decimal     1103 hex
   -7.5000  -45.0000  -45.0000 2561.2063    9.1254
    0.0000  -45.0000  -45.0000 2572.2607    9.1185
    7.5000  -45.0000  -45.0000 2554.7644    9.1868
   -7.5000  -37.5000  -45.0000 2572.4934    9.1356
    0.0000  -37.5000  -45.0000 2582.0205    9.1137
    7.5000  -37.5000  -45.0000 2562.9060    9.1984
   -7.5000  -30.0000  -45.0000 2575.7156    9.1145
    0.0000  -30.0000  -45.0000 2585.6528    9.0805
    7.5000  -30.0000  -45.0000 2565.1848    9.1836
   -7.5000  -22.5000  -45.0000 2572.4897    9.1338
    0.0000  -22.5000  -45.0000 2582.5955    9.1071
    7.5000  -22.5000  -45.0000 2562.7686    9.2177
   -7.5000  -15.0000  -45.0000 2565.0513    9.2241
    0.0000  -15.0000  -45.0000 2575.1519    9.1856
    7.5000  -15.0000  -45.0000 2551.2900    9.3132
   -7.5000   -7.5000  -45.0000 2557.5493    9.3182
    0.0000   -7.5000  -45.0000 2564.9409    9.2735
    7.5000   -7.5000  -45.0000 2541.9421    9.4116
   -7.5000    0.0000  -45.0000 2549.1062    9.4868
    0.0000    0.0000  -45.0000 2555.2002    9.4244
    7.5000    0.0000  -45.0000 2530.0920    9.5846
   -7.5000    7.5000  -45.0000 2525.2073    9.7882
    0.0000    7.5000  -45.0000 2535.1533    9.7343
    7.5000    7.5000  -45.0000 2506.3557    9.9023
   -7.5000   15.0000  -45.0000 2485.5139   10.2232
    0.0000   15.0000  -45.0000 2494.9644   10.1693
    7.5000   15.0000  -45.0000 2467.0581   10.3323
   -7.5000   22.5000  -45.0000 2428.3962   10.7848
    0.0000   22.5000  -45.0000 2438.6768   10.7343
    7.5000   22.5000  -45.0000 2409.6011   10.9237
   -7.5000   30.0000  -45.0000 2351.6653   11.5069
    0.0000   30.0000  -45.0000 2363.3962   11.4736
    7.5000   30.0000  -45.0000 2332.3994   11.6564
   -7.5000   37.5000  -45.0000 2253.8877   12.4957
    0.0000   37.5000  -45.0000 2265.8362   12.4620
    7.5000   37.5000  -45.0000 2236.9412   12.6516
   -7.5000   45.0000  -45.0000 2139.8054   13.8655
    0.0000   45.0000  -45.0000 2147.4639   13.8314
    7.5000   45.0000  -45.0000 2119.4841   14.0110
   -7.5000  -45.0000  -37.5000 2633.7205    8.5807
    0.0000  -45.0000  -37.5000 2644.9827    8.5307
    7.5000  -45.0000  -37.5000 2631.7510    8.6202
   -7.5000  -37.5000  -37.5000 2645.6279    8.5824
    0.0000  -37.5000  -37.5000 2657.9001    8.5435
    7.5000  -37.5000  -37.5000 2640.3311    8.6381
   -7.5000  -30.0000  -37.5000 2647.7341    8.5827
    0.0000  -30.0000  -37.5000 2660.6328    8.5255
    7.5000  -30.0000  -37.5000 2643.3120    8.6255
   -7.5000  -22.5000  -37.5000 2649.2935    8.5962
    0.0000  -22.5000  -37.5000 2663.0361    8.5377
    7.5000  -22.5000  -37.5000 2647.2683    8.6445
   -7.5000  -15.0000  -37.5000 2648.5391    8.6448
    0.0000  -15.0000  -37.5000 2658.3284    8.5946
    7.5000  -15.0000  -37.5000 2642.3872    8.7103
   -7.5000   -7.5000  -37.5000 2645.0552    8.7328
    0.0000   -7.5000  -37.5000 2650.5564    8.6775
    7.5000   -7.5000  -37.5000 2633.3374    8.8123
   -7.5000    0.0000  -37.5000 2637.5129    8.8721
    0.0000    0.0000  -37.5000 2640.6023    8.8226
    7.5000    0.0000  -37.5000 2619.1243    8.9698
   -7.5000    7.5000  -37.5000 2618.3906    9.1431
    0.0000    7.5000  -37.5000 2626.1069    9.0961
    7.5000    7.5000  -37.5000 2602.2781    9.2418
   -7.5000   15.0000  -37.5000 2578.5098    9.5232
    0.0000   15.0000  -37.5000 2586.9299    9.4639
    7.5000   15.0000  -37.5000 2564.1936    9.6290
   -7.5000   22.5000  -37.5000 2519.9817   10.0261
    0.0000   22.5000  -37.5000 2531.1821    9.9755
    7.5000   22.5000  -37.5000 2504.3572   10.1576
   -7.5000   30.0000  -37.5000 2436.0708   10.7022
    0.0000   30.0000  -37.5000 2451.5735   10.6470
    7.5000   30.0000  -37.5000 2426.7639   10.8289
   -7.5000   37.5000  -37.5000 2335.9768   11.6328
    0.0000   37.5000  -37.5000 2349.0452   11.5805
    7.5000   37.5000  -37.5000 2324.9138   11.7620
   -7.5000   45.0000  -37.5000 2216.7957   12.9081
    0.0000   45.0000  -37.5000 2227.1392   12.8343
    7.5000   45.0000  -37.5000 2202.5376   13.0116
   -7.5000  -45.0000  -30.0000 2739.6384    8.4396
    0.0000  -45.0000  -30.0000 2754.0254    8.3683
    7.5000  -45.0000  -30.0000 2741.7690    8.4740
   -7.5000  -37.5000  -30.0000 2744.1172    8.4072
    0.0000  -37.5000  -30.0000 2757.5540    8.3427
    7.5000  -37.5000  -30.0000 2746.0103    8.4536
   -7.5000  -30.0000  -30.0000 2753.3394    8.3647
    0.0000  -30.0000  -30.0000 2766.2092    8.2993
    7.5000  -30.0000  -30.0000 2755.2837    8.4267
   -7.5000  -22.5000  -30.0000 2761.7397    8.3942
    0.0000  -22.5000  -30.0000 2775.1370    8.3424
    7.5000  -22.5000  -30.0000 2761.6436    8.4604
   -7.5000  -15.0000  -30.0000 2766.7451    8.4239
    0.0000  -15.0000  -30.0000 2779.2173    8.3719
    7.5000  -15.0000  -30.0000 2761.4167    8.4881
   -7.5000   -7.5000  -30.0000 2769.2307    8.4912
    0.0000   -7.5000  -30.0000 2778.7026    8.4395
    7.5000   -7.5000  -30.0000 2756.9336    8.5753
   -7.5000    0.0000  -30.0000 2769.2275    8.6101
    0.0000    0.0000  -30.0000 2776.5916    8.5676
    7.5000    0.0000  -30.0000 2753.7998    8.7137
   -7.5000    7.5000  -30.0000 2757.4880    8.8644
    0.0000    7.5000  -30.0000 2767.7605    8.8317
    7.5000    7.5000  -30.0000 2743.0371    8.9739
   -7.5000   15.0000  -30.0000 2720.1328    9.2348
    0.0000   15.0000  -30.0000 2729.2170    9.1883
    7.5000   15.0000  -30.0000 2706.4893    9.3493
   -7.5000   22.5000  -30.0000 2658.0686    9.7163
    0.0000   22.5000  -30.0000 2669.7458    9.6604
    7.5000   22.5000  -30.0000 2645.1877    9.8354
   -7.5000   30.0000  -30.0000 2566.5400   10.3552
    0.0000   30.0000  -30.0000 2579.6694   10.3012
    7.5000   30.0000  -30.0000 2555.9319   10.4786
   -7.5000   37.5000  -30.0000 2455.6184   11.2685
    0.0000   37.5000  -30.0000 2466.9543   11.2057
    7.5000   37.5000  -30.0000 2446.5500   11.3827
   -7.5000   45.0000  -30.0000 2334.5984   12.5016
    0.0000   45.0000  -30.0000 2340.5015   12.4115
    7.5000   45.0000  -30.0000 2320.4207   12.5935
   -7.5000  -45.0000  -22.5000 2798.5378    8.2927
    0.0000  -45.0000  -22.5000 2809.0144    8.2160
    7.5000  -45.0000  -22.5000 2803.6296    8.3364
   -7.5000  -37.5000  -22.5000 2803.1450    8.2194
    0.0000  -37.5000  -22.5000 2811.8574    8.1613
    7.5000  -37.5000  -22.5000 2811.4500    8.2925
   -7.5000  -30.0000  -22.5000 2816.3528    8.1892
    0.0000  -30.0000  -22.5000 2825.9797    8.1390
    7.5000  -30.0000  -22.5000 2824.6104    8.2728
   -7.5000  -22.5000  -22.5000 2834.9512    8.1890
    0.0000  -22.5000  -22.5000 2846.3757    8.1532
    7.5000  -22.5000  -22.5000 2837.6885    8.2800
   -7.5000  -15.0000  -22.5000 2848.7410    8.2034
    0.0000  -15.0000  -22.5000 2859.0190    8.1678
    7.5000  -15.0000  -22.5000 2847.5562    8.2910
   -7.5000   -7.5000  -22.5000 2858.6182    8.2527
    0.0000   -7.5000  -22.5000 2871.2126    8.2062
    7.5000   -7.5000  -22.5000 2852.5251    8.3514
   -7.5000    0.0000  -22.5000 2867.3367    8.3361
    0.0000    0.0000  -22.5000 2876.4160    8.3043
    7.5000    0.0000  -22.5000 2854.6089    8.4671
   -7.5000    7.5000  -22.5000 2859.6929    8.5746
    0.0000    7.5000  -22.5000 2874.6414    8.5456
    7.5000    7.5000  -22.5000 2849.7668    8.7002
   -7.5000   15.0000  -22.5000 2818.9807    8.9372
    0.0000   15.0000  -22.5000 2837.6475    8.9036
    7.5000   15.0000  -22.5000 2810.9812    9.0679
   -7.5000   22.5000  -22.5000 2757.0100    9.3898
    0.0000   22.5000  -22.5000 2771.3516    9.3551
    7.5000   22.5000  -22.5000 2748.9121    9.5310
   -7.5000   30.0000  -22.5000 2664.3718   10.0004
    0.0000   30.0000  -22.5000 2678.8135    9.9670
    7.5000   30.0000  -22.5000 2653.3220   10.1519
   -7.5000   37.5000  -22.5000 2547.4834   10.8826
    0.0000   37.5000  -22.5000 2561.2229   10.8412
    7.5000   37.5000  -22.5000 2536.6482   11.0191
   -7.5000   45.0000  -22.5000 2419.6707   12.0554
    0.0000   45.0000  -22.5000 2432.4739   12.0054
    7.5000   45.0000  -22.5000 2407.7612   12.1975
   -7.5000  -45.0000  -15.0000 2813.0825    8.2110
    0.0000  -45.0000  -15.0000 2826.1704    8.1509
    7.5000  -45.0000  -15.0000 2821.0579    8.2547
   -7.5000  -37.5000  -15.0000 2822.9526    8.1470
    0.0000  -37.5000  -15.0000 2834.6343    8.1089
    7.5000  -37.5000  -15.0000 2833.6729    8.2198
   -7.5000  -30.0000  -15.0000 2844.1201    8.1215
    0.0000  -30.0000  -15.0000 2854.0012    8.0886
    7.5000  -30.0000  -15.0000 2849.7056    8.1917
   -7.5000  -22.5000  -15.0000 2869.9326    8.1038
    0.0000  -22.5000  -15.0000 2876.8713    8.0823
    7.5000  -22.5000  -15.0000 2870.3770    8.1940
   -7.5000  -15.0000  -15.0000 2890.9910    8.0866
    0.0000  -15.0000  -15.0000 2900.4307    8.0809
    7.5000  -15.0000  -15.0000 2890.2974    8.1814
   -7.5000   -7.5000  -15.0000 2909.6882    8.1031
    0.0000   -7.5000  -15.0000 2927.5815    8.0979
    7.5000   -7.5000  -15.0000 2905.4397    8.2202
   -7.5000    0.0000  -15.0000 2924.8210    8.1416
    0.0000    0.0000  -15.0000 2937.9551    8.1404
    7.5000    0.0000  -15.0000 2912.1228    8.2978
   -7.5000    7.5000  -15.0000 2925.2205    8.3445
    0.0000    7.5000  -15.0000 2941.1211    8.3366
    7.5000    7.5000  -15.0000 2909.3308    8.4863
   -7.5000   15.0000  -15.0000 2887.6506    8.7010
    0.0000   15.0000  -15.0000 2908.7966    8.6891
    7.5000   15.0000  -15.0000 2869.2705    8.8132
   -7.5000   22.5000  -15.0000 2825.3523    9.1433
    0.0000   22.5000  -15.0000 2841.9324    9.1333
    7.5000   22.5000  -15.0000 2809.0977    9.2530
   -7.5000   30.0000  -15.0000 2730.0815    9.7521
    0.0000   30.0000  -15.0000 2742.5908    9.7422
    7.5000   30.0000  -15.0000 2714.1631    9.8722
   -7.5000   37.5000  -15.0000 2611.7422   10.6187
    0.0000   37.5000  -15.0000 2622.6445   10.5876
    7.5000   37.5000  -15.0000 2593.7837   10.7374
   -7.5000   45.0000  -15.0000 2477.0239   11.7682
    0.0000   45.0000  -15.0000 2489.8091   11.7149
    7.5000   45.0000  -15.0000 2464.3354   11.8820
   -7.5000  -45.0000   -7.5000 2807.0781    8.2629
    0.0000  -45.0000   -7.5000 2820.5698    8.2460
    7.5000  -45.0000   -7.5000 2818.4033    8.3169
   -7.5000  -37.5000   -7.5000 2825.7922    8.1843
    0.0000  -37.5000   -7.5000 2836.0190    8.1921
    7.5000  -37.5000   -7.5000 2835.5583    8.2609
   -7.5000  -30.0000   -7.5000 2848.7820    8.1515
    0.0000  -30.0000   -7.5000 2858.7441    8.1608
    7.5000  -30.0000   -7.5000 2852.7642    8.2106
   -7.5000  -22.5000   -7.5000 2876.5115    8.1204
    0.0000  -22.5000   -7.5000 2888.4685    8.1299
    7.5000  -22.5000   -7.5000 2882.9553    8.1841
   -7.5000  -15.0000   -7.5000 2909.3726    8.1054
    0.0000  -15.0000   -7.5000 2926.2354    8.1313
    7.5000  -15.0000   -7.5000 2915.9016    8.1612
   -7.5000   -7.5000   -7.5000 2945.8774    8.1335
    0.0000   -7.5000   -7.5000 2973.2715    8.2011
    7.5000   -7.5000   -7.5000 2945.3083    8.1756
   -7.5000    0.0000   -7.5000 2963.9543    8.1154
    0.0000    0.0000   -7.5000 2991.8474    8.1768
    7.5000    0.0000   -7.5000 2949.4727    8.1942
   -7.5000    7.5000   -7.5000 2964.6685    8.2077
    0.0000    7.5000   -7.5000 2986.0708    8.2516
    7.5000    7.5000   -7.5000 2933.3916    8.2954
   -7.5000   15.0000   -7.5000 2927.8367    8.5182
    0.0000   15.0000   -7.5000 2951.2791    8.5423
    7.5000   15.0000   -7.5000 2895.7454    8.5798
   -7.5000   22.5000   -7.5000 2863.8850    8.9513
    0.0000   22.5000   -7.5000 2884.5730    8.9746
    7.5000   22.5000   -7.5000 2838.7527    9.0262
   -7.5000   30.0000   -7.5000 2768.3472    9.5641
    0.0000   30.0000   -7.5000 2782.2900    9.5678
    7.5000   30.0000   -7.5000 2747.3792    9.6329
   -7.5000   37.5000   -7.5000 2645.6465   10.4238
    0.0000   37.5000   -7.5000 2658.5029   10.4130
    7.5000   37.5000   -7.5000 2623.8467   10.4977
   -7.5000   45.0000   -7.5000 2510.6064   11.5588
    0.0000   45.0000   -7.5000 2523.3638   11.5401
    7.5000   45.0000   -7.5000 2490.9333   11.6317
   -7.5000  -45.0000    0.0000 2783.3132    8.4325
    0.0000  -45.0000    0.0000 2801.7490    8.4649
    7.5000  -45.0000    0.0000 2801.6992    8.5132
   -7.5000  -37.5000    0.0000 2803.4463    8.3434
    0.0000  -37.5000    0.0000 2817.7085    8.4008
    7.5000  -37.5000    0.0000 2814.9729    8.4192
   -7.5000  -30.0000    0.0000 2833.4290    8.2749
    0.0000  -30.0000    0.0000 2843.2153    8.3284
    7.5000  -30.0000    0.0000 2836.5789    8.3356
   -7.5000  -22.5000    0.0000 2870.7896    8.2163
    0.0000  -22.5000    0.0000 2886.9988    8.2601
    7.5000  -22.5000    0.0000 2868.7385    8.2626
   -7.5000  -15.0000    0.0000 2917.0627    8.2150
    0.0000  -15.0000    0.0000 2939.6240    8.2830
    7.5000  -15.0000    0.0000 2908.8208    8.2301
   -7.5000   -7.5000    0.0000 2966.0784    8.2759
    0.0000   -7.5000    0.0000 2995.4316    8.3928
    7.5000   -7.5000    0.0000 2948.7253    8.2537
   -7.5000    0.0000    0.0000 2986.0217    8.2372
    0.0000    0.0000    0.0000 3025.1182    8.3626
    7.5000    0.0000    0.0000 2959.2661    8.2270
   -7.5000    7.5000    0.0000 2977.1758    8.2093
    0.0000    7.5000    0.0000 3007.9583    8.2860
    7.5000    7.5000    0.0000 2945.2681    8.2494
   -7.5000   15.0000    0.0000 2937.5476    8.4106
    0.0000   15.0000    0.0000 2963.2871    8.4615
    7.5000   15.0000    0.0000 2906.4465    8.4848
   -7.5000   22.5000    0.0000 2873.2742    8.8420
    0.0000   22.5000    0.0000 2895.9202    8.8632
    7.5000   22.5000    0.0000 2846.3127    8.9359
   -7.5000   30.0000    0.0000 2775.9668    9.4774
    0.0000   30.0000    0.0000 2791.4473    9.4809
    7.5000   30.0000    0.0000 2755.3318    9.5719
   -7.5000   37.5000    0.0000 2659.1528   10.3324
    0.0000   37.5000    0.0000 2669.0764   10.3387
    7.5000   37.5000    0.0000 2640.3733   10.4245
   -7.5000   45.0000    0.0000 2525.4395   11.4481
    0.0000   45.0000    0.0000 2533.8120   11.4368
    7.5000   45.0000    0.0000 2505.0872   11.5383
   -7.5000  -45.0000    7.5000 2755.9329    8.7313
    0.0000  -45.0000    7.5000 2771.8657    8.7859
    7.5000  -45.0000    7.5000 2767.5830    8.8385
   -7.5000  -37.5000    7.5000 2774.8135    8.6084
    0.0000  -37.5000    7.5000 2789.5320    8.6657
    7.5000  -37.5000    7.5000 2781.2600    8.7026
   -7.5000  -30.0000    7.5000 2806.4736    8.4794
    0.0000  -30.0000    7.5000 2816.5034    8.5243
    7.5000  -30.0000    7.5000 2803.4309    8.5508
   -7.5000  -22.5000    7.5000 2852.4333    8.3702
    0.0000  -22.5000    7.5000 2865.1755    8.4160
    7.5000  -22.5000    7.5000 2843.2024    8.4323
   -7.5000  -15.0000    7.5000 2905.5012    8.3326
    0.0000  -15.0000    7.5000 2922.9810    8.3899
    7.5000  -15.0000    7.5000 2892.6687    8.3891
   -7.5000   -7.5000    7.5000 2961.0493    8.3318
    0.0000   -7.5000    7.5000 2986.0093    8.4408
    7.5000   -7.5000    7.5000 2941.1040    8.3846
   -7.5000    0.0000    7.5000 2981.4902    8.2675
    0.0000    0.0000    7.5000 3012.1050    8.3691
    7.5000    0.0000    7.5000 2956.5515    8.3413
   -7.5000    7.5000    7.5000 2969.6514    8.2720
    0.0000    7.5000    7.5000 2992.1233    8.2883
    7.5000    7.5000    7.5000 2943.5503    8.3636
   -7.5000   15.0000    7.5000 2929.6577    8.4926
    0.0000   15.0000    7.5000 2946.0430    8.4879
    7.5000   15.0000    7.5000 2898.7417    8.6097
   -7.5000   22.5000    7.5000 2865.2124    8.9305
    0.0000   22.5000    7.5000 2881.9915    8.9248
    7.5000   22.5000    7.5000 2834.7732    9.0424
   -7.5000   30.0000    7.5000 2763.9888    9.5753
    0.0000   30.0000    7.5000 2771.2761    9.5552
    7.5000   30.0000    7.5000 2741.7161    9.6565
   -7.5000   37.5000    7.5000 2648.1423   10.3902
    0.0000   37.5000    7.5000 2654.9341   10.3753
    7.5000   37.5000    7.5000 2633.2178   10.4742
   -7.5000   45.0000    7.5000 2516.3018   11.4775
    0.0000   45.0000    7.5000 2524.9221   11.4462
    7.5000   45.0000    7.5000 2503.3252   11.5477
   -7.5000  -45.0000   15.0000 2725.2302    9.0600
    0.0000  -45.0000   15.0000 2736.2339    9.0970
    7.5000  -45.0000   15.0000 2724.8972    9.1589
   -7.5000  -37.5000   15.0000 2743.1228    8.8655
    0.0000  -37.5000   15.0000 2753.1372    8.9081
    7.5000  -37.5000   15.0000 2738.1804    8.9737
   -7.5000  -30.0000   15.0000 2772.5107    8.6872
    0.0000  -30.0000   15.0000 2782.7791    8.7220
    7.5000  -30.0000   15.0000 2767.6147    8.8111
   -7.5000  -22.5000   15.0000 2822.1628    8.5603
    0.0000  -22.5000   15.0000 2829.6670    8.5736
    7.5000  -22.5000   15.0000 2810.6074    8.6737
   -7.5000  -15.0000   15.0000 2874.8608    8.4924
    0.0000  -15.0000   15.0000 2884.8901    8.5143
    7.5000  -15.0000   15.0000 2862.0918    8.5998
   -7.5000   -7.5000   15.0000 2925.5076    8.4396
    0.0000   -7.5000   15.0000 2942.4746    8.5019
    7.5000   -7.5000   15.0000 2908.3708    8.5549
   -7.5000    0.0000   15.0000 2942.8799    8.3322
    0.0000    0.0000   15.0000 2963.9033    8.3396
    7.5000    0.0000   15.0000 2922.1228    8.4946
   -7.5000    7.5000   15.0000 2938.7551    8.3899
    0.0000    7.5000   15.0000 2950.1494    8.3335
    7.5000    7.5000   15.0000 2915.9126    8.5565
   -7.5000   15.0000   15.0000 2902.6597    8.6797
    0.0000   15.0000   15.0000 2918.1267    8.6535
    7.5000   15.0000   15.0000 2879.5491    8.8445
   -7.5000   22.5000   15.0000 2839.7781    9.1712
    0.0000   22.5000   15.0000 2853.1519    9.1431
    7.5000   22.5000   15.0000 2815.0034    9.2988
   -7.5000   30.0000   15.0000 2734.6501    9.8386
    0.0000   30.0000   15.0000 2740.6633    9.8024
    7.5000   30.0000   15.0000 2718.2222    9.9320
   -7.5000   37.5000   15.0000 2612.3970   10.6476
    0.0000   37.5000   15.0000 2622.5586   10.6229
    7.5000   37.5000   15.0000 2603.7314   10.7449
   -7.5000   45.0000   15.0000 2487.8259   11.7012
    0.0000   45.0000   15.0000 2496.9392   11.6634
    7.5000   45.0000   15.0000 2478.0327   11.7621
   -7.5000  -45.0000   22.5000 2685.7891    9.3621
    0.0000  -45.0000   22.5000 2696.0461    9.3742
    7.5000  -45.0000   22.5000 2681.7922    9.4723
   -7.5000  -37.5000   22.5000 2705.9612    9.1448
    0.0000  -37.5000   22.5000 2715.8142    9.1462
    7.5000  -37.5000   22.5000 2699.1863    9.2600
   -7.5000  -30.0000   22.5000 2736.5608    8.9671
    0.0000  -30.0000   22.5000 2741.3918    8.9556
    7.5000  -30.0000   22.5000 2727.9653    9.0937
   -7.5000  -22.5000   22.5000 2775.0183    8.8172
    0.0000  -22.5000   22.5000 2782.6619    8.8259
    7.5000  -22.5000   22.5000 2768.4917    8.9634
   -7.5000  -15.0000   22.5000 2824.8633    8.7466
    0.0000  -15.0000   22.5000 2833.9954    8.7528
    7.5000  -15.0000   22.5000 2816.7893    8.8794
   -7.5000   -7.5000   22.5000 2865.8291    8.6661
    0.0000   -7.5000   22.5000 2882.2639    8.6779
    7.5000   -7.5000   22.5000 2856.0747    8.8355
   -7.5000    0.0000   22.5000 2887.7454    8.6182
    0.0000    0.0000   22.5000 2894.9814    8.5469
    7.5000    0.0000   22.5000 2867.1768    8.7959
   -7.5000    7.5000   22.5000 2887.6746    8.7336
    0.0000    7.5000   22.5000 2897.5818    8.6768
    7.5000    7.5000   22.5000 2867.4294    8.9003
   -7.5000   15.0000   22.5000 2851.7393    9.0467
    0.0000   15.0000   22.5000 2866.0593    9.0239
    7.5000   15.0000   22.5000 2838.6287    9.2063
   -7.5000   22.5000   22.5000 2791.5767    9.5294
    0.0000   22.5000   22.5000 2802.3376    9.4982
    7.5000   22.5000   22.5000 2772.8723    9.6682
   -7.5000   30.0000   22.5000 2693.1753   10.1792
    0.0000   30.0000   22.5000 2702.3440   10.1453
    7.5000   30.0000   22.5000 2681.3215   10.3059
   -7.5000   37.5000   22.5000 2573.9436   11.0046
    0.0000   37.5000   22.5000 2580.2896   10.9807
    7.5000   37.5000   22.5000 2567.2458   11.1034
   -7.5000   45.0000   22.5000 2447.0535   12.0459
    0.0000   45.0000   22.5000 2456.2358   12.0137
    7.5000   45.0000   22.5000 2437.6660   12.1250
   -7.5000  -45.0000   30.0000 2635.3054    9.6922
    0.0000  -45.0000   30.0000 2644.3813    9.6770
    7.5000  -45.0000   30.0000 2632.6167    9.8048
   -7.5000  -37.5000   30.0000 2662.5261    9.4865
    0.0000  -37.5000   30.0000 2668.4744    9.4634
    7.5000  -37.5000   30.0000 2654.6089    9.6129
   -7.5000  -30.0000   30.0000 2692.7764    9.3077
    0.0000  -30.0000   30.0000 2696.4868    9.2764
    7.5000  -30.0000   30.0000 2680.1516    9.4410
   -7.5000  -22.5000   30.0000 2730.9497    9.1880
    0.0000  -22.5000   30.0000 2734.1523    9.1683
    7.5000  -22.5000   30.0000 2719.4631    9.3269
   -7.5000  -15.0000   30.0000 2771.8262    9.1175
    0.0000  -15.0000   30.0000 2774.7712    9.0933
    7.5000  -15.0000   30.0000 2759.3806    9.2541
   -7.5000   -7.5000   30.0000 2802.2559    9.0357
    0.0000   -7.5000   30.0000 2811.5225    8.9749
    7.5000   -7.5000   30.0000 2795.6819    9.2024
   -7.5000    0.0000   30.0000 2822.4783    9.0236
    0.0000    0.0000   30.0000 2823.9197    8.9401
    7.5000    0.0000   30.0000 2805.4365    9.2054
   -7.5000    7.5000   30.0000 2819.3518    9.2256
    0.0000    7.5000   30.0000 2823.1846    9.1595
    7.5000    7.5000   30.0000 2803.5005    9.3785
   -7.5000   15.0000   30.0000 2782.5171    9.5582
    0.0000   15.0000   30.0000 2791.5574    9.5100
    7.5000   15.0000   30.0000 2773.4993    9.7067
   -7.5000   22.5000   30.0000 2725.7239   10.0352
    0.0000   22.5000   30.0000 2734.5876    9.9795
    7.5000   22.5000   30.0000 2710.5002   10.1731
   -7.5000   30.0000   30.0000 2633.5012   10.6666
    0.0000   30.0000   30.0000 2644.4685   10.6005
    7.5000   30.0000   30.0000 2621.5625   10.7858
   -7.5000   37.5000   30.0000 2525.9585   11.4709
    0.0000   37.5000   30.0000 2530.6472   11.4408
    7.5000   37.5000   30.0000 2514.5305   11.5799
   -7.5000   45.0000   30.0000 2395.9473   12.5578
    0.0000   45.0000   30.0000 2402.3367   12.5160
    7.5000   45.0000   30.0000 2386.7815   12.6246
   -7.5000  -45.0000   37.5000 2573.8223   10.1096
    0.0000  -45.0000   37.5000 2584.9707   10.0719
    7.5000  -45.0000   37.5000 2574.4016   10.2404
   -7.5000  -37.5000   37.5000 2601.0789    9.8896
    0.0000  -37.5000   37.5000 2611.3193    9.8569
    7.5000  -37.5000   37.5000 2598.8279   10.0181
   -7.5000  -30.0000   37.5000 2637.6064    9.7253
    0.0000  -30.0000   37.5000 2645.2930    9.6739
    7.5000  -30.0000   37.5000 2626.1733    9.8538
   -7.5000  -22.5000   37.5000 2672.4380    9.6268
    0.0000  -22.5000   37.5000 2678.9138    9.5878
    7.5000  -22.5000   37.5000 2658.6382    9.7576
   -7.5000  -15.0000   37.5000 2707.2334    9.5512
    0.0000  -15.0000   37.5000 2713.5371    9.5091
    7.5000  -15.0000   37.5000 2694.1497    9.6940
   -7.5000   -7.5000   37.5000 2730.2388    9.4981
    0.0000   -7.5000   37.5000 2740.3459    9.4448
    7.5000   -7.5000   37.5000 2718.0869    9.6665
   -7.5000    0.0000   37.5000 2744.9902    9.5590
    0.0000    0.0000   37.5000 2748.0156    9.4947
    7.5000    0.0000   37.5000 2729.4204    9.7390
   -7.5000    7.5000   37.5000 2736.5237    9.8077
    0.0000    7.5000   37.5000 2741.9194    9.7258
    7.5000    7.5000   37.5000 2725.7542    9.9448
   -7.5000   15.0000   37.5000 2702.7563   10.1676
    0.0000   15.0000   37.5000 2712.2886   10.1005
    7.5000   15.0000   37.5000 2696.6453   10.2999
   -7.5000   22.5000   37.5000 2648.0823   10.6306
    0.0000   22.5000   37.5000 2659.9148   10.5603
    7.5000   22.5000   37.5000 2635.8455   10.7707
   -7.5000   30.0000   37.5000 2566.1309   11.2400
    0.0000   30.0000   37.5000 2578.2266   11.1764
    7.5000   30.0000   37.5000 2549.6965   11.3606
   -7.5000   37.5000   37.5000 2459.1660   12.0457
    0.0000   37.5000   37.5000 2467.8699   11.9984
    7.5000   37.5000   37.5000 2447.5098   12.1650
   -7.5000   45.0000   37.5000 2330.3040   13.1225
    0.0000   45.0000   37.5000 2342.6318   13.0899
    7.5000   45.0000   37.5000 2323.1541   13.2302
   -7.5000  -45.0000   45.0000 2502.0725   10.6619
    0.0000  -45.0000   45.0000 2512.8154   10.6264
    7.5000  -45.0000   45.0000 2499.3254   10.7869
   -7.5000  -37.5000   45.0000 2534.0850   10.4394
    0.0000  -37.5000   45.0000 2544.2676   10.3836
    7.5000  -37.5000   45.0000 2530.4392   10.5643
   -7.5000  -30.0000   45.0000 2570.4656   10.2561
    0.0000  -30.0000   45.0000 2583.0400   10.2075
    7.5000  -30.0000   45.0000 2565.4390   10.4044
   -7.5000  -22.5000   45.0000 2605.6824   10.1609
    0.0000  -22.5000   45.0000 2616.5823   10.1151
    7.5000  -22.5000   45.0000 2590.9741   10.3023
   -7.5000  -15.0000   45.0000 2629.7559   10.1158
    0.0000  -15.0000   45.0000 2643.1855   10.0629
    7.5000  -15.0000   45.0000 2615.1426   10.2621
   -7.5000   -7.5000   45.0000 2646.5730   10.1255
    0.0000   -7.5000   45.0000 2656.8308   10.0754
    7.5000   -7.5000   45.0000 2630.9170   10.2870
   -7.5000    0.0000   45.0000 2656.2397   10.2406
    0.0000    0.0000   45.0000 2661.5112   10.2084
    7.5000    0.0000   45.0000 2638.6313   10.4142
   -7.5000    7.5000   45.0000 2641.5225   10.5015
    0.0000    7.5000   45.0000 2652.2090   10.4551
    7.5000    7.5000   45.0000 2632.2969   10.6619
   -7.5000   15.0000   45.0000 2606.0300   10.8889
    0.0000   15.0000   45.0000 2614.9346   10.8445
    7.5000   15.0000   45.0000 2598.2710   11.0416
   -7.5000   22.5000   45.0000 2552.8235   11.3441
    0.0000   22.5000   45.0000 2564.6414   11.2903
    7.5000   22.5000   45.0000 2540.5442   11.4991
   -7.5000   30.0000   45.0000 2482.5400   11.9345
    0.0000   30.0000   45.0000 2503.3123   11.8554
    7.5000   30.0000   45.0000 2465.4094   12.0622
   -7.5000   37.5000   45.0000 2383.8108   12.7442
    0.0000   37.5000   45.0000 2400.9192   12.6708
    7.5000   37.5000   45.0000 2370.8525   12.8533
   -7.5000   45.0000   45.0000 2254.3899   13.8489
    0.0000   45.0000   45.0000 2267.3013   13.8056
    7.5000   45.0000   45.0000 2243.8481   13.9336

---------------------------------------------------------------------
imgreg_4dfp /opt/freesurfer/average/711-2C_as_mni_average_305 /opt/freesurfer/average/711-2B_as_mni_average_305_mask talsrcimg_g11 none talsrcimg_to_711-2C_as_mni_average_305_t4 1283
---------------------------------------------------------------------

freesurfer imgreg_4dfp.c
/opt/freesurfer/average/711-2C_as_mni_average_305.4dfp.img
       256       256       256         1
  1.000000  1.000000  1.000000
orientation T byte_order littleendian
Reading image: /opt/freesurfer/average/711-2C_as_mni_average_305.4dfp.img
dimensions:      256       256       256
mmppix:       1.0000   -1.0000   -1.0000
center:     128.0000 -129.0000 -129.0000
/opt/freesurfer/average/711-2B_as_mni_average_305_mask.4dfp.img
       256       256       256         1
  1.000000  1.000000  1.000000
orientation T byte_order littleendian
Reading mask: /opt/freesurfer/average/711-2B_as_mni_average_305_mask.4dfp.img (2306576 pixels)
talsrcimg_g11.4dfp.img
       256       256       256         1
  1.000000  1.000000  1.000000
orientation T byte_order littleendian
Reading image: talsrcimg_g11.4dfp.img
dimensions:      256       256       256
mmppix:       1.0000   -1.0000   -1.0000
center:     128.0000 -129.0000 -129.0000
rotation matrix determinant  1.000000
fimgreg.f
image alignment mode   1283 decimal      503 hex
parameters
    0.0000    0.0000    0.0000    0.0000    0.0000    0.0000
eta,q 0.94783  8.41216
niter,ni,del,rscale     5    3   12.0000    1.2000
parameter  4  1.193071 ->  0.500000 qaram    1.1500
parameters
   -1.2572    1.2277    2.3015   -3.4500    0.4619    1.5672
eta,q 0.95527  8.44411
  0.0605  0.0624  0.0596  0.0436  0.0523  0.0518
  0.0547  0.0579  0.0547  0.0447  0.0490  0.0488
  0.0509  0.0535  0.0514  0.0458  0.0461  0.0464
  0.0518  0.0504  0.0498  0.0486  0.0450  0.0449
  0.0569  0.0503  0.0488  0.0531  0.0456  0.0448
  0.0632  0.0527  0.0489  0.0583  0.0475  0.0456
  0.0698  0.0561  0.0509  0.0622  0.0504  0.0472
niter,ni,del,rscale     5    3   12.0000    1.2000
parameter  4  1.519362 ->  0.500000 qaram    1.3225
parameters
   -1.2645    1.5117    0.8270   -7.4175    0.5567    1.3912
eta,q 0.95937  8.41142
  0.0589  0.0539  0.0480  0.0383  0.0473  0.0451
  0.0520  0.0484  0.0460  0.0401  0.0432  0.0424
  0.0470  0.0450  0.0449  0.0424  0.0411  0.0408
  0.0447  0.0447  0.0449  0.0447  0.0406  0.0406
  0.0467  0.0463  0.0466  0.0476  0.0413  0.0413
  0.0523  0.0481  0.0497  0.0515  0.0433  0.0430
  0.0589  0.0514  0.0546  0.0570  0.0465  0.0454
niter,ni,del,rscale     5    3   12.0000    1.2000
parameter  4  1.135172 ->  0.500000 qaram    1.5209
parameters
   -1.3563    3.6764   -0.0405  -11.9801    0.9380    0.7188
eta,q 0.96533  8.37911
  0.0541  0.0525  0.0458  0.0349  0.0450  0.0389
  0.0472  0.0473  0.0412  0.0344  0.0404  0.0367
  0.0426  0.0436  0.0393  0.0367  0.0368  0.0351
  0.0406  0.0406  0.0398  0.0393  0.0348  0.0348
  0.0428  0.0398  0.0419  0.0439  0.0356  0.0360
  0.0481  0.0408  0.0450  0.0485  0.0386  0.0383
  0.0547  0.0428  0.0495  0.0528  0.0430  0.0413
niter,ni,del,rscale     5    3   12.0000    1.2000
parameters
   -1.5275    5.3085   -0.9456  -15.3923    1.2489    0.6512
eta,q 0.96767  8.37990
  0.0521  0.0484  0.0418  0.0366  0.0425  0.0379
  0.0436  0.0410  0.0366  0.0329  0.0378  0.0350
  0.0371  0.0365  0.0341  0.0324  0.0339  0.0329
  0.0347  0.0347  0.0343  0.0339  0.0323  0.0323
  0.0381  0.0344  0.0370  0.0375  0.0335  0.0328
  0.0454  0.0355  0.0416  0.0429  0.0364  0.0350
  0.0536  0.0381  0.0467  0.0498  0.0406  0.0384
niter,ni,del,rscale     4    3   12.0000    1.2000
parameters
   -1.5766    6.1311   -1.6159  -15.5297    1.2745    0.6159
eta,q 0.96858  8.36018
  0.0507  0.0443  0.0404  0.0437  0.0408  0.0372
  0.0411  0.0383  0.0348  0.0363  0.0360  0.0341
  0.0345  0.0342  0.0316  0.0318  0.0325  0.0320
  0.0323  0.0323  0.0319  0.0314  0.0314  0.0314
  0.0354  0.0318  0.0346  0.0336  0.0329  0.0318
  0.0423  0.0344  0.0388  0.0376  0.0359  0.0339
  0.0506  0.0394  0.0438  0.0434  0.0405  0.0376
niter,ni,del,rscale     3    3   12.0000    1.2000
parameters
   -1.6129    6.0845   -1.6883  -15.5576    1.3056    0.6238
eta,q 0.96862  8.36102
  0.0501  0.0414  0.0422  0.0439  0.0408  0.0373
  0.0405  0.0360  0.0364  0.0366  0.0360  0.0341
  0.0335  0.0328  0.0322  0.0319  0.0325  0.0320
  0.0314  0.0314  0.0314  0.0314  0.0314  0.0314
  0.0348  0.0320  0.0335  0.0334  0.0328  0.0317
  0.0415  0.0359  0.0372  0.0374  0.0359  0.0338
  0.0497  0.0423  0.0420  0.0431  0.0405  0.0375
niter,ni,del,rscale     2    3   12.0000    1.2000
parameters
   -1.6273    6.0804   -1.6975  -15.5655    1.3156    0.6276
eta,q 0.96863  8.36115
  0.0503  0.0416  0.0424  0.0440  0.0408  0.0373
  0.0405  0.0361  0.0366  0.0366  0.0359  0.0341
  0.0335  0.0328  0.0323  0.0319  0.0325  0.0320
  0.0314  0.0314  0.0314  0.0314  0.0314  0.0314
  0.0347  0.0318  0.0334  0.0334  0.0328  0.0317
  0.0414  0.0358  0.0370  0.0373  0.0359  0.0338
  0.0496  0.0422  0.0418  0.0431  0.0406  0.0375
registration optimization eta report
parameter search radius
    6.0000    6.0000    6.0000    9.1253    6.0000    6.0000
100000*second partial in parameter space
       50.       30.       29.       15.       25.       17.
  0.0503  0.0416  0.0424  0.0440  0.0408  0.0373
  0.0405  0.0361  0.0366  0.0366  0.0359  0.0341
  0.0335  0.0328  0.0323  0.0319  0.0325  0.0320
  0.0314  0.0314  0.0314  0.0314  0.0314  0.0314
  0.0347  0.0318  0.0334  0.0334  0.0328  0.0317
  0.0414  0.0358  0.0370  0.0373  0.0359  0.0338
  0.0496  0.0422  0.0418  0.0431  0.0406  0.0375
   -1.6273    6.0804   -1.6975  -15.5655    1.3156    0.6276
eta,q 0.96863  8.36115

---------------------------------------------------------------------
imgreg_4dfp /opt/freesurfer/average/711-2C_as_mni_average_305 /opt/freesurfer/average/711-2B_as_mni_average_305_mask talsrcimg_g11 none talsrcimg_to_711-2C_as_mni_average_305_t4 3335
---------------------------------------------------------------------

freesurfer imgreg_4dfp.c
/opt/freesurfer/average/711-2C_as_mni_average_305.4dfp.img
       256       256       256         1
  1.000000  1.000000  1.000000
orientation T byte_order littleendian
Reading image: /opt/freesurfer/average/711-2C_as_mni_average_305.4dfp.img
dimensions:      256       256       256
mmppix:       1.0000   -1.0000   -1.0000
center:     128.0000 -129.0000 -129.0000
/opt/freesurfer/average/711-2B_as_mni_average_305_mask.4dfp.img
       256       256       256         1
  1.000000  1.000000  1.000000
orientation T byte_order littleendian
Reading mask: /opt/freesurfer/average/711-2B_as_mni_average_305_mask.4dfp.img (2306576 pixels)
talsrcimg_g11.4dfp.img
       256       256       256         1
  1.000000  1.000000  1.000000
orientation T byte_order littleendian
Reading image: talsrcimg_g11.4dfp.img
dimensions:      256       256       256
mmppix:       1.0000   -1.0000   -1.0000
center:     128.0000 -129.0000 -129.0000
fimgreg.f
image alignment mode   3335 decimal      D07 hex
parameters
   -1.6273    6.0804   -1.6975   -0.0324   -3.6666   -3.6929
   -0.4391   -2.5054    1.0950   26.8081    2.2959  -26.8269
eta,q 0.96995  8.36341
niter,ni,del,rscale     5    3    5.0000    1.2000
parameter  4  0.755085 ->  0.500000 qaram    1.1500
parameter  5  1.263664 ->  0.500000 qaram    1.1500
parameters
   -1.6365    5.9646   -1.5642   -4.1724   -7.8066   -5.3928
   -0.6441   -1.8499    2.2640   25.8620    4.2481  -23.2704
eta,q 0.97537  8.20197
  0.0338  0.0319  0.0322  0.0280  0.0249  0.0264  0.0278  0.0304  0.0278  0.0273  0.0262  0.0279
  0.0317  0.0308  0.0310  0.0279  0.0248  0.0256  0.0263  0.0276  0.0265  0.0259  0.0256  0.0265
  0.0304  0.0302  0.0303  0.0285  0.0258  0.0252  0.0254  0.0258  0.0256  0.0251  0.0252  0.0255
  0.0300  0.0300  0.0300  0.0300  0.0280  0.0250  0.0251  0.0251  0.0251  0.0251  0.0250  0.0250
  0.0305  0.0304  0.0302  0.0329  0.0307  0.0253  0.0255  0.0255  0.0251  0.0257  0.0250  0.0247
  0.0318  0.0311  0.0308  0.0367  0.0334  0.0272  0.0265  0.0266  0.0256  0.0269  0.0251  0.0247
  0.0338  0.0322  0.0317  0.0407  0.0357  0.0306  0.0281  0.0286  0.0265  0.0288  0.0253  0.0249
niter,ni,del,rscale     6    3    5.0000    1.2000
parameters
   -1.3806    6.3538   -1.9913   -5.2999  -10.2239   -5.8370
   -1.1508   -1.7702    2.2733   25.4960    4.6835  -23.7624
eta,q 0.97550  8.09195
  0.0285  0.0281  0.0253  0.0272  0.0264  0.0259  0.0267  0.0285  0.0264  0.0267  0.0252  0.0254
  0.0266  0.0264  0.0248  0.0258  0.0253  0.0250  0.0254  0.0262  0.0253  0.0255  0.0248  0.0249
  0.0252  0.0252  0.0245  0.0249  0.0246  0.0246  0.0247  0.0249  0.0247  0.0248  0.0246  0.0246
  0.0246  0.0246  0.0245  0.0245  0.0246  0.0245  0.0245  0.0245  0.0245  0.0245  0.0245  0.0245
  0.0248  0.0246  0.0248  0.0249  0.0260  0.0245  0.0250  0.0249  0.0247  0.0248  0.0246  0.0247
  0.0256  0.0252  0.0253  0.0267  0.0284  0.0248  0.0259  0.0261  0.0253  0.0257  0.0247  0.0250
  0.0272  0.0264  0.0262  0.0302  0.0312  0.0268  0.0273  0.0282  0.0263  0.0273  0.0251  0.0257
niter,ni,del,rscale     5    3    5.0000    1.2000
parameters
   -1.4228    6.5429   -1.7517   -4.9781  -10.8092   -5.1982
   -1.1088   -1.8322    2.3776   25.8927    4.6656  -23.7708
eta,q 0.97551  8.11345
  0.0274  0.0272  0.0258  0.0277  0.0273  0.0262  0.0270  0.0283  0.0264  0.0270  0.0251  0.0255
  0.0258  0.0258  0.0252  0.0262  0.0260  0.0252  0.0257  0.0261  0.0254  0.0257  0.0247  0.0249
  0.0248  0.0249  0.0247  0.0251  0.0250  0.0246  0.0248  0.0248  0.0247  0.0249  0.0245  0.0246
  0.0245  0.0245  0.0245  0.0245  0.0244  0.0245  0.0245  0.0245  0.0245  0.0245  0.0245  0.0245
  0.0249  0.0246  0.0245  0.0244  0.0246  0.0245  0.0248  0.0249  0.0247  0.0246  0.0246  0.0246
  0.0259  0.0253  0.0248  0.0253  0.0263  0.0245  0.0256  0.0262  0.0253  0.0253  0.0248  0.0249
  0.0276  0.0265  0.0254  0.0277  0.0288  0.0259  0.0269  0.0284  0.0263  0.0266  0.0251  0.0255
niter,ni,del,rscale     4    3    5.0000    1.2000
parameters
   -1.4224    6.6168   -1.7148   -4.8668  -10.9195   -5.2408
   -1.1195   -1.8344    2.3537   25.8972    4.6230  -23.7636
eta,q 0.97551  8.11195
  0.0275  0.0269  0.0256  0.0277  0.0276  0.0260  0.0270  0.0284  0.0263  0.0267  0.0251  0.0255
  0.0259  0.0256  0.0250  0.0262  0.0263  0.0251  0.0256  0.0261  0.0253  0.0255  0.0247  0.0250
  0.0248  0.0248  0.0246  0.0251  0.0252  0.0246  0.0248  0.0249  0.0247  0.0248  0.0245  0.0246
  0.0245  0.0245  0.0245  0.0245  0.0245  0.0245  0.0245  0.0245  0.0245  0.0245  0.0245  0.0245
  0.0248  0.0247  0.0246  0.0244  0.0245  0.0244  0.0248  0.0249  0.0247  0.0247  0.0246  0.0246
  0.0258  0.0254  0.0249  0.0255  0.0259  0.0246  0.0256  0.0262  0.0253  0.0254  0.0248  0.0249
  0.0275  0.0266  0.0256  0.0281  0.0284  0.0265  0.0270  0.0284  0.0263  0.0268  0.0251  0.0255
niter,ni,del,rscale     3    3    5.0000    1.2000
parameters
   -1.4222    6.6345   -1.7100   -4.8649  -10.9343   -5.2244
   -1.1113   -1.8342    2.3522   25.9035    4.6175  -23.7691
eta,q 0.97551  8.11234
  0.0275  0.0268  0.0256  0.0276  0.0277  0.0260  0.0270  0.0284  0.0263  0.0267  0.0251  0.0255
  0.0259  0.0255  0.0250  0.0262  0.0263  0.0251  0.0256  0.0261  0.0253  0.0255  0.0247  0.0249
  0.0248  0.0247  0.0246  0.0251  0.0252  0.0246  0.0248  0.0249  0.0247  0.0248  0.0245  0.0246
  0.0245  0.0245  0.0245  0.0245  0.0245  0.0245  0.0245  0.0245  0.0245  0.0245  0.0245  0.0245
  0.0248  0.0247  0.0246  0.0245  0.0245  0.0244  0.0248  0.0249  0.0247  0.0247  0.0246  0.0246
  0.0258  0.0255  0.0250  0.0256  0.0258  0.0246  0.0256  0.0262  0.0253  0.0254  0.0248  0.0249
  0.0275  0.0267  0.0256  0.0282  0.0283  0.0264  0.0270  0.0284  0.0263  0.0268  0.0251  0.0255
registration optimization eta report
parameter search radius
    2.4000    2.4000    2.4000    8.2800    8.2800    7.2000
    7.2000    7.2000    7.2000    7.2000    7.2000    7.2000
100000*second partial in parameter space
       53.       39.       20.        5.        5.        4.
        5.        8.        3.        4.        1.        2.
  0.0275  0.0268  0.0256  0.0276  0.0277  0.0260  0.0270  0.0284  0.0263  0.0267  0.0251  0.0255
  0.0259  0.0255  0.0250  0.0262  0.0263  0.0251  0.0256  0.0261  0.0253  0.0255  0.0247  0.0249
  0.0248  0.0247  0.0246  0.0251  0.0252  0.0246  0.0248  0.0249  0.0247  0.0248  0.0245  0.0246
  0.0245  0.0245  0.0245  0.0245  0.0245  0.0245  0.0245  0.0245  0.0245  0.0245  0.0245  0.0245
  0.0248  0.0247  0.0246  0.0245  0.0245  0.0244  0.0248  0.0249  0.0247  0.0247  0.0246  0.0246
  0.0258  0.0255  0.0250  0.0256  0.0258  0.0246  0.0256  0.0262  0.0253  0.0254  0.0248  0.0249
  0.0275  0.0267  0.0256  0.0282  0.0283  0.0264  0.0270  0.0284  0.0263  0.0268  0.0251  0.0255
   -1.4222    6.6345   -1.7100   -4.8649  -10.9343   -5.2244
   -1.1113   -1.8342    2.3522   25.9035    4.6175  -23.7691
eta,q 0.97551  8.11234

---------------------------------------------------------------------
imgreg_4dfp /opt/freesurfer/average/711-2C_as_mni_average_305 /opt/freesurfer/average/711-2B_as_mni_average_305_mask talsrcimg_g11 none talsrcimg_to_711-2C_as_mni_average_305_t4 2311
---------------------------------------------------------------------

freesurfer imgreg_4dfp.c
/opt/freesurfer/average/711-2C_as_mni_average_305.4dfp.img
       256       256       256         1
  1.000000  1.000000  1.000000
orientation T byte_order littleendian
Reading image: /opt/freesurfer/average/711-2C_as_mni_average_305.4dfp.img
dimensions:      256       256       256
mmppix:       1.0000   -1.0000   -1.0000
center:     128.0000 -129.0000 -129.0000
/opt/freesurfer/average/711-2B_as_mni_average_305_mask.4dfp.img
       256       256       256         1
  1.000000  1.000000  1.000000
orientation T byte_order littleendian
Reading mask: /opt/freesurfer/average/711-2B_as_mni_average_305_mask.4dfp.img (2306576 pixels)
talsrcimg_g11.4dfp.img
       256       256       256         1
  1.000000  1.000000  1.000000
orientation T byte_order littleendian
Reading image: talsrcimg_g11.4dfp.img
dimensions:      256       256       256
mmppix:       1.0000   -1.0000   -1.0000
center:     128.0000 -129.0000 -129.0000
fimgreg.f
image alignment mode   2311 decimal      907 hex
parameters
   -1.4222    6.6345   -1.7100   -4.8649  -10.9343   -5.2244
   -1.1113   -1.8342    2.3522   25.9035    4.6175  -23.7691
eta,q 0.97551  8.11234
niter,ni,del,rscale     5    3    5.0000    0.8000
parameters
   -1.4162    6.6364   -1.6756   -3.9177  -10.1708   -3.6129
   -0.9294   -1.8510    2.5530   26.2894    4.8738  -24.7254
eta,q 0.97584  8.23306
  0.0259  0.0255  0.0250  0.0258  0.0259  0.0250  0.0256  0.0263  0.0252  0.0255  0.0246  0.0244
  0.0251  0.0249  0.0247  0.0252  0.0253  0.0246  0.0248  0.0251  0.0247  0.0249  0.0244  0.0242
  0.0246  0.0246  0.0246  0.0248  0.0248  0.0244  0.0244  0.0244  0.0243  0.0245  0.0242  0.0242
  0.0245  0.0245  0.0245  0.0245  0.0244  0.0243  0.0242  0.0242  0.0242  0.0242  0.0242  0.0242
  0.0246  0.0246  0.0245  0.0244  0.0243  0.0242  0.0243  0.0245  0.0243  0.0242  0.0242  0.0243
  0.0251  0.0249  0.0247  0.0246  0.0245  0.0241  0.0247  0.0252  0.0246  0.0245  0.0243  0.0245
  0.0258  0.0255  0.0250  0.0252  0.0254  0.0244  0.0254  0.0263  0.0251  0.0252  0.0245  0.0248
niter,ni,del,rscale     4    3    5.0000    0.7000
parameters
   -1.4010    6.6645   -2.0216   -3.8334  -10.0943   -4.2113
   -0.9421   -1.9144    2.5501   26.3143    4.6780  -25.2498
eta,q 0.97584  8.22316
  0.0253  0.0250  0.0244  0.0252  0.0253  0.0245  0.0251  0.0257  0.0249  0.0250  0.0244  0.0244
  0.0247  0.0246  0.0242  0.0247  0.0248  0.0244  0.0246  0.0248  0.0245  0.0246  0.0243  0.0242
  0.0243  0.0243  0.0241  0.0243  0.0244  0.0242  0.0243  0.0243  0.0243  0.0243  0.0242  0.0242
  0.0242  0.0242  0.0242  0.0241  0.0241  0.0241  0.0242  0.0242  0.0242  0.0242  0.0242  0.0242
  0.0243  0.0242  0.0243  0.0242  0.0241  0.0240  0.0243  0.0244  0.0242  0.0242  0.0242  0.0243
  0.0247  0.0245  0.0245  0.0245  0.0245  0.0243  0.0246  0.0249  0.0245  0.0245  0.0243  0.0244
  0.0253  0.0250  0.0248  0.0253  0.0254  0.0254  0.0251  0.0258  0.0249  0.0251  0.0245  0.0246
niter,ni,del,rscale     3    3    5.0000    0.6000
parameters
   -1.3939    6.6603   -2.1870   -3.6723   -9.9020   -3.9139
   -0.8805   -1.8845    2.5794   26.3751    4.8201  -25.7546
eta,q 0.97593  8.24451
  0.0250  0.0248  0.0244  0.0250  0.0251  0.0245  0.0248  0.0254  0.0246  0.0248  0.0243  0.0243
  0.0245  0.0244  0.0242  0.0246  0.0247  0.0244  0.0244  0.0247  0.0243  0.0245  0.0242  0.0241
  0.0242  0.0242  0.0242  0.0243  0.0244  0.0242  0.0242  0.0242  0.0242  0.0242  0.0241  0.0241
  0.0242  0.0242  0.0242  0.0241  0.0241  0.0241  0.0241  0.0241  0.0241  0.0241  0.0241  0.0241
  0.0242  0.0242  0.0242  0.0242  0.0241  0.0240  0.0242  0.0242  0.0242  0.0241  0.0241  0.0242
  0.0245  0.0244  0.0244  0.0244  0.0244  0.0241  0.0244  0.0247  0.0243  0.0244  0.0242  0.0243
  0.0250  0.0248  0.0245  0.0249  0.0250  0.0246  0.0248  0.0254  0.0246  0.0248  0.0243  0.0244
niter,ni,del,rscale     2    3    5.0000    0.5000
parameters
   -1.3968    6.6704   -2.2915   -3.5996   -9.7808   -3.6860
   -0.8737   -1.8779    2.5904   26.4935    4.9016  -26.0701
eta,q 0.97599  8.25718
  0.0247  0.0245  0.0243  0.0247  0.0248  0.0244  0.0246  0.0250  0.0244  0.0246  0.0242  0.0242
  0.0243  0.0243  0.0241  0.0244  0.0245  0.0243  0.0243  0.0245  0.0242  0.0243  0.0241  0.0241
  0.0241  0.0241  0.0241  0.0242  0.0242  0.0242  0.0241  0.0241  0.0241  0.0241  0.0240  0.0240
  0.0241  0.0241  0.0241  0.0241  0.0241  0.0241  0.0240  0.0240  0.0240  0.0240  0.0240  0.0240
  0.0241  0.0241  0.0241  0.0241  0.0241  0.0240  0.0241  0.0241  0.0241  0.0241  0.0240  0.0241
  0.0243  0.0243  0.0242  0.0243  0.0243  0.0240  0.0243  0.0245  0.0242  0.0242  0.0241  0.0242
  0.0247  0.0245  0.0244  0.0247  0.0248  0.0245  0.0245  0.0250  0.0244  0.0245  0.0242  0.0243
niter,ni,del,rscale     1    3    5.0000    0.4000
parameters
   -1.4020    6.6785   -2.3192   -3.5692   -9.6991   -3.3733
   -0.8702   -1.8573    2.5802   26.6118    4.9950  -26.2068
eta,q 0.97602  8.26825
  0.0244  0.0243  0.0242  0.0244  0.0245  0.0243  0.0243  0.0247  0.0242  0.0244  0.0241  0.0242
  0.0242  0.0242  0.0241  0.0242  0.0243  0.0242  0.0241  0.0243  0.0241  0.0242  0.0240  0.0240
  0.0240  0.0241  0.0240  0.0241  0.0241  0.0241  0.0240  0.0241  0.0240  0.0240  0.0240  0.0240
  0.0240  0.0240  0.0240  0.0240  0.0240  0.0240  0.0240  0.0240  0.0240  0.0240  0.0240  0.0240
  0.0241  0.0240  0.0240  0.0240  0.0240  0.0240  0.0240  0.0240  0.0240  0.0240  0.0240  0.0240
  0.0242  0.0241  0.0241  0.0242  0.0242  0.0240  0.0241  0.0243  0.0241  0.0241  0.0240  0.0241
  0.0244  0.0243  0.0242  0.0244  0.0245  0.0243  0.0243  0.0246  0.0242  0.0243  0.0241  0.0242
registration optimization eta report
parameter search radius
    0.8000    0.8000    0.8000    2.4000    2.4000    2.4000
    2.4000    2.4000    2.4000    2.4000    2.4000    2.4000
100000*second partial in parameter space
       65.       49.       27.        7.        9.        5.
        6.       12.        5.        7.        2.        3.
  0.0244  0.0243  0.0242  0.0244  0.0245  0.0243  0.0243  0.0247  0.0242  0.0244  0.0241  0.0242
  0.0242  0.0242  0.0241  0.0242  0.0243  0.0242  0.0241  0.0243  0.0241  0.0242  0.0240  0.0240
  0.0240  0.0241  0.0240  0.0241  0.0241  0.0241  0.0240  0.0241  0.0240  0.0240  0.0240  0.0240
  0.0240  0.0240  0.0240  0.0240  0.0240  0.0240  0.0240  0.0240  0.0240  0.0240  0.0240  0.0240
  0.0241  0.0240  0.0240  0.0240  0.0240  0.0240  0.0240  0.0240  0.0240  0.0240  0.0240  0.0240
  0.0242  0.0241  0.0241  0.0242  0.0242  0.0240  0.0241  0.0243  0.0241  0.0241  0.0240  0.0241
  0.0244  0.0243  0.0242  0.0244  0.0245  0.0243  0.0243  0.0246  0.0242  0.0243  0.0241  0.0242
   -1.4020    6.6785   -2.3192   -3.5692   -9.6991   -3.3733
   -0.8702   -1.8573    2.5802   26.6118    4.9950  -26.2068
eta,q 0.97602  8.26825

---------------------------------------------------------------------
imgreg_4dfp /opt/freesurfer/average/711-2C_as_mni_average_305 /opt/freesurfer/average/711-2B_as_mni_average_305_mask talsrcimg_g11 none talsrcimg_to_711-2C_as_mni_average_305_t4 2311
---------------------------------------------------------------------

freesurfer imgreg_4dfp.c
/opt/freesurfer/average/711-2C_as_mni_average_305.4dfp.img
       256       256       256         1
  1.000000  1.000000  1.000000
orientation T byte_order littleendian
Reading image: /opt/freesurfer/average/711-2C_as_mni_average_305.4dfp.img
dimensions:      256       256       256
mmppix:       1.0000   -1.0000   -1.0000
center:     128.0000 -129.0000 -129.0000
/opt/freesurfer/average/711-2B_as_mni_average_305_mask.4dfp.img
       256       256       256         1
  1.000000  1.000000  1.000000
orientation T byte_order littleendian
Reading mask: /opt/freesurfer/average/711-2B_as_mni_average_305_mask.4dfp.img (2306576 pixels)
talsrcimg_g11.4dfp.img
       256       256       256         1
  1.000000  1.000000  1.000000
orientation T byte_order littleendian
Reading image: talsrcimg_g11.4dfp.img
dimensions:      256       256       256
mmppix:       1.0000   -1.0000   -1.0000
center:     128.0000 -129.0000 -129.0000
fimgreg.f
image alignment mode   2311 decimal      907 hex
parameters
   -1.4020    6.6785   -2.3192   -3.5692   -9.6991   -3.3733
   -0.8702   -1.8573    2.5802   26.6118    4.9950  -26.2068
eta,q 0.97602  8.26825
niter,ni,del,rscale     5    3    5.0000    0.8000
parameters
   -1.4065    6.6589   -2.2013   -4.0683  -10.2156   -4.3813
   -0.9163   -1.9470    2.5010   26.4516    4.4464  -25.4634
eta,q 0.97581  8.21097
  0.0256  0.0252  0.0249  0.0252  0.0253  0.0247  0.0254  0.0262  0.0251  0.0253  0.0245  0.0249
  0.0247  0.0245  0.0244  0.0246  0.0247  0.0245  0.0247  0.0250  0.0246  0.0247  0.0243  0.0245
  0.0242  0.0241  0.0241  0.0242  0.0243  0.0243  0.0243  0.0244  0.0243  0.0243  0.0242  0.0243
  0.0240  0.0240  0.0240  0.0240  0.0240  0.0240  0.0242  0.0242  0.0242  0.0242  0.0242  0.0242
  0.0242  0.0241  0.0240  0.0242  0.0242  0.0240  0.0243  0.0245  0.0243  0.0243  0.0243  0.0242
  0.0247  0.0246  0.0243  0.0249  0.0250  0.0249  0.0248  0.0252  0.0246  0.0247  0.0244  0.0243
  0.0256  0.0253  0.0246  0.0262  0.0264  0.0267  0.0254  0.0263  0.0251  0.0255  0.0246  0.0245
niter,ni,del,rscale     4    3    5.0000    0.7000
parameters
   -1.3891    6.6636   -2.1862   -3.7754  -10.0386   -4.3055
   -0.8802   -1.8876    2.5520   26.3323    4.5892  -25.5115
eta,q 0.97586  8.22489
  0.0254  0.0250  0.0246  0.0253  0.0254  0.0246  0.0251  0.0259  0.0249  0.0250  0.0244  0.0246
  0.0247  0.0246  0.0244  0.0248  0.0249  0.0244  0.0246  0.0249  0.0245  0.0245  0.0243  0.0243
  0.0243  0.0243  0.0242  0.0244  0.0244  0.0243  0.0242  0.0243  0.0242  0.0243  0.0242  0.0242
  0.0242  0.0242  0.0242  0.0242  0.0242  0.0241  0.0241  0.0241  0.0241  0.0241  0.0241  0.0241
  0.0243  0.0243  0.0242  0.0242  0.0241  0.0240  0.0242  0.0243  0.0242  0.0242  0.0242  0.0242
  0.0247  0.0246  0.0244  0.0245  0.0245  0.0241  0.0246  0.0249  0.0245  0.0246  0.0243  0.0243
  0.0253  0.0250  0.0246  0.0252  0.0254  0.0249  0.0251  0.0257  0.0248  0.0251  0.0244  0.0245
niter,ni,del,rscale     3    3    5.0000    0.6000
parameters
   -1.3859    6.6594   -2.2539   -3.6696   -9.8828   -3.9583
   -0.8820   -1.8722    2.5960   26.3855    4.7874  -25.8474
eta,q 0.97593  8.24406
  0.0250  0.0248  0.0244  0.0250  0.0251  0.0245  0.0248  0.0254  0.0246  0.0248  0.0243  0.0244
  0.0245  0.0244  0.0243  0.0246  0.0247  0.0244  0.0244  0.0247  0.0243  0.0244  0.0242  0.0242
  0.0242  0.0242  0.0242  0.0243  0.0244  0.0243  0.0241  0.0242  0.0241  0.0242  0.0241  0.0241
  0.0241  0.0241  0.0241  0.0241  0.0241  0.0241  0.0241  0.0241  0.0241  0.0241  0.0241  0.0241
  0.0242  0.0242  0.0242  0.0242  0.0241  0.0240  0.0242  0.0242  0.0241  0.0241  0.0241  0.0242
  0.0245  0.0244  0.0243  0.0244  0.0244  0.0241  0.0244  0.0247  0.0243  0.0244  0.0242  0.0243
  0.0250  0.0248  0.0245  0.0250  0.0251  0.0246  0.0248  0.0254  0.0246  0.0248  0.0243  0.0244
niter,ni,del,rscale     2    3    5.0000    0.5000
parameters
   -1.3937    6.6704   -2.3160   -3.5970   -9.7762   -3.7123
   -0.8783   -1.8704    2.5897   26.4989    4.9017  -26.0974
eta,q 0.97598  8.25670
  0.0247  0.0245  0.0243  0.0247  0.0248  0.0244  0.0246  0.0250  0.0244  0.0246  0.0242  0.0243
  0.0243  0.0243  0.0242  0.0244  0.0245  0.0243  0.0243  0.0245  0.0242  0.0243  0.0241  0.0241
  0.0241  0.0241  0.0241  0.0242  0.0242  0.0242  0.0241  0.0241  0.0241  0.0241  0.0240  0.0240
  0.0241  0.0241  0.0241  0.0241  0.0241  0.0241  0.0240  0.0240  0.0240  0.0240  0.0240  0.0240
  0.0241  0.0241  0.0241  0.0241  0.0241  0.0240  0.0241  0.0241  0.0241  0.0241  0.0240  0.0241
  0.0243  0.0243  0.0242  0.0243  0.0243  0.0240  0.0243  0.0245  0.0242  0.0242  0.0241  0.0242
  0.0247  0.0245  0.0243  0.0247  0.0248  0.0245  0.0245  0.0250  0.0244  0.0246  0.0242  0.0243
niter,ni,del,rscale     1    3    5.0000    0.4000
parameters
   -1.4023    6.6752   -2.3306   -3.5615   -9.6954   -3.3772
   -0.8664   -1.8571    2.5876   26.6088    5.0035  -26.2316
eta,q 0.97603  8.26837
  0.0244  0.0243  0.0242  0.0244  0.0245  0.0243  0.0243  0.0247  0.0242  0.0244  0.0241  0.0242
  0.0242  0.0242  0.0241  0.0242  0.0243  0.0242  0.0241  0.0243  0.0241  0.0242  0.0240  0.0240
  0.0241  0.0241  0.0240  0.0241  0.0241  0.0241  0.0240  0.0240  0.0240  0.0240  0.0240  0.0240
  0.0240  0.0240  0.0240  0.0240  0.0240  0.0240  0.0240  0.0240  0.0240  0.0240  0.0240  0.0240
  0.0241  0.0241  0.0240  0.0240  0.0240  0.0239  0.0240  0.0240  0.0240  0.0240  0.0240  0.0240
  0.0242  0.0242  0.0241  0.0242  0.0242  0.0240  0.0241  0.0243  0.0241  0.0241  0.0240  0.0241
  0.0244  0.0243  0.0242  0.0244  0.0245  0.0243  0.0243  0.0246  0.0242  0.0243  0.0241  0.0242
registration optimization eta report
parameter search radius
    0.8000    0.8000    0.8000    2.4000    2.4000    2.4000
    2.4000    2.4000    2.4000    2.4000    2.4000    2.4000
100000*second partial in parameter space
       64.       49.       26.        7.        9.        5.
        6.       12.        5.        7.        2.        3.
  0.0244  0.0243  0.0242  0.0244  0.0245  0.0243  0.0243  0.0247  0.0242  0.0244  0.0241  0.0242
  0.0242  0.0242  0.0241  0.0242  0.0243  0.0242  0.0241  0.0243  0.0241  0.0242  0.0240  0.0240
  0.0241  0.0241  0.0240  0.0241  0.0241  0.0241  0.0240  0.0240  0.0240  0.0240  0.0240  0.0240
  0.0240  0.0240  0.0240  0.0240  0.0240  0.0240  0.0240  0.0240  0.0240  0.0240  0.0240  0.0240
  0.0241  0.0241  0.0240  0.0240  0.0240  0.0239  0.0240  0.0240  0.0240  0.0240  0.0240  0.0240
  0.0242  0.0242  0.0241  0.0242  0.0242  0.0240  0.0241  0.0243  0.0241  0.0241  0.0240  0.0241
  0.0244  0.0243  0.0242  0.0244  0.0245  0.0243  0.0243  0.0246  0.0242  0.0243  0.0241  0.0242
   -1.4023    6.6752   -2.3306   -3.5615   -9.6954   -3.3772
   -0.8664   -1.8571    2.5876   26.6088    5.0035  -26.2316
eta,q 0.97603  8.26837

---------------------------------------------------------------------
compute_vox2vox talsrcimg talsrcimg_to_711-2C_as_mni_average_305_t4 /opt/freesurfer/average/711-2C_as_mni_average_305
---------------------------------------------------------------------

freesurfer compute_vox2vox.c
Reading: talsrcimg.4dfp.ifh
Reading: talsrcimg_to_711-2C_as_mni_average_305_t4
Reading: /opt/freesurfer/average/711-2C_as_mni_average_305.4dfp.ifh
Writing: talsrcimg_to_711-2C_as_mni_average_305_t4_vox2vox.txt

start time Tue Mar 10 09:54:40 CET 2026
end		time Tue Mar 10 09:56:09 CET 2026

mpr2mni305 success

avi2talxfm orig_nu.mgz /opt/freesurfer/average/mni305.cor.mgz talsrcimg_to_711-2C_as_mni_average_305_t4_vox2vox.txt transforms/talairach.auto.xfm
avi2talxfm done
mv -f /out/sourcedata/freesurfer/sub-v2s0x29042_ses-1/mri/talsrcimg_to_711-2C_as_mni_average_305_t4_vox2vox.txt /out/sourcedata/freesurfer/sub-v2s0x29042_ses-1/mri/transforms/talsrcimg_to_711-2C_as_mni_average_305_t4_vox2vox.txt
lta_convert --src orig_nu.mgz --trg /opt/freesurfer/average/mni305.cor.mgz --inxfm transforms/talairach.auto.xfm --outlta transforms/talairach.auto.xfm.lta --subject fsaverage
7.3.2

--src: orig_nu.mgz src image (geometry).
--trg: /opt/freesurfer/average/mni305.cor.mgz trg image (geometry).
--inmni: transforms/talairach.auto.xfm input MNI/XFM transform.
--outlta: transforms/talairach.auto.xfm.lta output LTA.
--s: fsaverage subject name
 LTA read, type : 1
 1.03571   0.01590   0.01455  -2.46896;
-0.05712   0.95742   0.27756  -40.11431;
-0.01285  -0.28256   1.02516  -32.18906;
 0.00000   0.00000   0.00000   1.00000;
setting subject to fsaverage
Writing  LTA to file transforms/talairach.auto.xfm.lta...
lta_convert successful.
 
 
Started at Tue Mar 10 09:54:39 CET 2026
Ended   at Tue Mar 10 09:56:09 CET 2026
talairach_avi done
