status file for recon-all
Tue Mar 10 09:28:46 CET 2026
#@# Tessellate rh Tue Mar 10 09:28:46 CET 2026
#@# Smooth1 rh Tue Mar 10 09:28:48 CET 2026
#@# Inflation1 rh Tue Mar 10 09:28:50 CET 2026
#@# QSphere rh Tue Mar 10 09:28:57 CET 2026
#@# Fix Topology rh Tue Mar 10 09:29:38 CET 2026
#@# Smooth2 rh Tue Mar 10 09:33:36 CET 2026
#@# Inflation2 rh Tue Mar 10 09:33:38 CET 2026
#@# Curv .H and .K rh Tue Mar 10 09:33:45 CET 2026
#@# Sphere rh Tue Mar 10 09:34:21 CET 2026
#@# Surf Reg rh Tue Mar 10 09:35:42 CET 2026
#@# Jacobian white rh Tue Mar 10 09:38:03 CET 2026
#@# AvgCurv rh Tue Mar 10 09:38:04 CET 2026
#@# Cortical Parc rh Tue Mar 10 09:38:04 CET 2026
#@# white curv rh Tue Mar 10 09:43:04 CET 2026
#@# white area rh Tue Mar 10 09:43:06 CET 2026
#@# pial curv rh Tue Mar 10 09:43:06 CET 2026
#@# pial area rh Tue Mar 10 09:43:07 CET 2026
#@# thickness rh Tue Mar 10 09:43:08 CET 2026
#@# area and vertex vol rh Tue Mar 10 09:43:27 CET 2026
#@# Curvature Stats rh Tue Mar 10 09:43:28 CET 2026
#@# Cortical Parc 2 rh Tue Mar 10 09:43:30 CET 2026
#@# Cortical Parc 3 rh Tue Mar 10 09:43:39 CET 2026
#@# WM/GM Contrast rh Tue Mar 10 09:43:46 CET 2026
recon-all -s sub-v2s0x29010_ses-1 finished without error at Tue Mar 10 09:43:48 CET 2026



#New# invocation of recon-all 



status file for recon-all
Tue Mar 10 09:49:19 CET 2026
#@# white curv rh Tue Mar 10 09:49:19 CET 2026
#@# white area rh Tue Mar 10 09:49:19 CET 2026
#@# pial curv rh Tue Mar 10 09:49:19 CET 2026
#@# pial area rh Tue Mar 10 09:49:19 CET 2026
#@# thickness rh Tue Mar 10 09:49:19 CET 2026
#@# area and vertex vol rh Tue Mar 10 09:49:19 CET 2026
#@# Parcellation Stats rh Tue Mar 10 09:49:19 CET 2026
#@# Parcellation Stats 2 rh Tue Mar 10 09:49:32 CET 2026
#@# Parcellation Stats 3 rh Tue Mar 10 09:49:40 CET 2026
#@# BA_exvivo Labels rh Tue Mar 10 09:49:47 CET 2026
recon-all -s sub-v2s0x29010_ses-1 finished without error at Tue Mar 10 09:51:35 CET 2026
