status file for recon-all
Tue Mar 10 09:14:06 CET 2026
#@# Tessellate lh Tue Mar 10 09:14:06 CET 2026
#@# Smooth1 lh Tue Mar 10 09:14:09 CET 2026
#@# Inflation1 lh Tue Mar 10 09:14:11 CET 2026
#@# QSphere lh Tue Mar 10 09:14:18 CET 2026
#@# Fix Topology lh Tue Mar 10 09:15:01 CET 2026
#@# Smooth2 lh Tue Mar 10 09:18:46 CET 2026
#@# Inflation2 lh Tue Mar 10 09:18:48 CET 2026
#@# Curv .H and .K lh Tue Mar 10 09:18:56 CET 2026
#@# Sphere lh Tue Mar 10 09:19:34 CET 2026
#@# Surf Reg lh Tue Mar 10 09:20:56 CET 2026
#@# Jacobian white lh Tue Mar 10 09:23:07 CET 2026
#@# AvgCurv lh Tue Mar 10 09:23:08 CET 2026
#@# Cortical Parc lh Tue Mar 10 09:23:08 CET 2026
#@# white curv lh Tue Mar 10 09:27:57 CET 2026
#@# white area lh Tue Mar 10 09:27:59 CET 2026
#@# pial curv lh Tue Mar 10 09:27:59 CET 2026
#@# pial area lh Tue Mar 10 09:28:00 CET 2026
#@# thickness lh Tue Mar 10 09:28:01 CET 2026
#@# area and vertex vol lh Tue Mar 10 09:28:21 CET 2026
#@# Curvature Stats lh Tue Mar 10 09:28:22 CET 2026
#@# Cortical Parc 2 lh Tue Mar 10 09:28:24 CET 2026
#@# Cortical Parc 3 lh Tue Mar 10 09:28:33 CET 2026
#@# WM/GM Contrast lh Tue Mar 10 09:28:41 CET 2026
recon-all -s sub-v2s0x29010_ses-1 finished without error at Tue Mar 10 09:28:43 CET 2026



#New# invocation of recon-all 



status file for recon-all
Tue Mar 10 09:46:57 CET 2026
#@# white curv lh Tue Mar 10 09:46:57 CET 2026
#@# white area lh Tue Mar 10 09:46:57 CET 2026
#@# pial curv lh Tue Mar 10 09:46:57 CET 2026
#@# pial area lh Tue Mar 10 09:46:57 CET 2026
#@# thickness lh Tue Mar 10 09:46:57 CET 2026
#@# area and vertex vol lh Tue Mar 10 09:46:57 CET 2026
#@# Parcellation Stats lh Tue Mar 10 09:46:57 CET 2026
#@# Parcellation Stats 2 lh Tue Mar 10 09:47:11 CET 2026
#@# Parcellation Stats 3 lh Tue Mar 10 09:47:18 CET 2026
#@# BA_exvivo Labels lh Tue Mar 10 09:47:25 CET 2026
recon-all -s sub-v2s0x29010_ses-1 finished without error at Tue Mar 10 09:49:16 CET 2026
