status file for recon-all
Tue Mar 10 08:03:45 CET 2026
#@# MotionCor Tue Mar 10 08:03:46 CET 2026
#@# Talairach Tue Mar 10 08:03:52 CET 2026
#@# Talairach Failure Detection Tue Mar 10 08:06:41 CET 2026
#@# Nu Intensity Correction Tue Mar 10 08:06:41 CET 2026
#@# Intensity Normalization Tue Mar 10 08:09:25 CET 2026
recon-all -s sub-v2s0x29010_ses-1 finished without error at Tue Mar 10 08:10:22 CET 2026



#New# invocation of recon-all 



status file for recon-all
Tue Mar 10 08:16:24 CET 2026
#@# EM Registration Tue Mar 10 08:16:24 CET 2026
recon-all -s sub-v2s0x29010_ses-1 finished without error at Tue Mar 10 08:18:02 CET 2026



#New# invocation of recon-all 



status file for recon-all
Tue Mar 10 08:18:05 CET 2026
#@# CA Normalize Tue Mar 10 08:18:05 CET 2026
#@# CA Reg Tue Mar 10 08:18:58 CET 2026
#@# SubCort Seg Tue Mar 10 08:49:12 CET 2026
#@# CC Seg Tue Mar 10 09:10:01 CET 2026
#@# Merge ASeg Tue Mar 10 09:10:24 CET 2026
#@# Intensity Normalization2 Tue Mar 10 09:10:24 CET 2026
#@# Mask BFS Tue Mar 10 09:11:52 CET 2026
#@# WM Segmentation Tue Mar 10 09:11:53 CET 2026
#@# Fill Tue Mar 10 09:13:25 CET 2026
recon-all -s sub-v2s0x29010_ses-1 finished without error at Tue Mar 10 09:14:03 CET 2026



#New# invocation of recon-all 



status file for recon-all
Tue Mar 10 09:43:53 CET 2026
#@# white curv lh Tue Mar 10 09:43:53 CET 2026
#@# white area lh Tue Mar 10 09:43:53 CET 2026
#@# pial curv lh Tue Mar 10 09:43:53 CET 2026
#@# pial area lh Tue Mar 10 09:43:53 CET 2026
#@# thickness lh Tue Mar 10 09:43:53 CET 2026
#@# area and vertex vol lh Tue Mar 10 09:43:53 CET 2026
#@# white curv rh Tue Mar 10 09:43:53 CET 2026
#@# white area rh Tue Mar 10 09:43:53 CET 2026
#@# pial curv rh Tue Mar 10 09:43:53 CET 2026
#@# pial area rh Tue Mar 10 09:43:53 CET 2026
#@# thickness rh Tue Mar 10 09:43:53 CET 2026
#@# area and vertex vol rh Tue Mar 10 09:43:53 CET 2026
#@# Cortical ribbon mask Tue Mar 10 09:43:53 CET 2026
recon-all -s sub-v2s0x29010_ses-1 finished without error at Tue Mar 10 09:46:52 CET 2026



#New# invocation of recon-all 



status file for recon-all
Tue Mar 10 09:51:39 CET 2026
#@# white curv lh Tue Mar 10 09:51:39 CET 2026
#@# white area lh Tue Mar 10 09:51:39 CET 2026
#@# pial curv lh Tue Mar 10 09:51:39 CET 2026
#@# pial area lh Tue Mar 10 09:51:39 CET 2026
#@# thickness lh Tue Mar 10 09:51:39 CET 2026
#@# area and vertex vol lh Tue Mar 10 09:51:39 CET 2026
#@# white curv rh Tue Mar 10 09:51:39 CET 2026
#@# white area rh Tue Mar 10 09:51:39 CET 2026
#@# pial curv rh Tue Mar 10 09:51:39 CET 2026
#@# pial area rh Tue Mar 10 09:51:39 CET 2026
#@# thickness rh Tue Mar 10 09:51:39 CET 2026
#@# area and vertex vol rh Tue Mar 10 09:51:39 CET 2026
#@# Curvature Stats lh Tue Mar 10 09:51:39 CET 2026
#@# Curvature Stats rh Tue Mar 10 09:51:41 CET 2026
#@# Relabel Hypointensities Tue Mar 10 09:51:42 CET 2026
#@# APas-to-ASeg Tue Mar 10 09:51:52 CET 2026
#@# AParc-to-ASeg aparc Tue Mar 10 09:51:58 CET 2026
#@# AParc-to-ASeg aparc.a2009s Tue Mar 10 09:52:13 CET 2026
#@# AParc-to-ASeg aparc.DKTatlas Tue Mar 10 09:52:29 CET 2026
#@# WMParc Tue Mar 10 09:52:44 CET 2026
#@# ASeg Stats Tue Mar 10 09:54:44 CET 2026
recon-all -s sub-v2s0x29010_ses-1 finished without error at Tue Mar 10 09:55:01 CET 2026
