/out/sourcedata/freesurfer/sub-v2s0x29011_ses-1/mri
/opt/freesurfer/bin/talairach_avi
--i orig_nu.mgz --xfm transforms/talairach.auto.xfm
talairach_avi 7.3.2
Linux dna087 5.14.0-427.37.1.el9_4.x86_64 #1 SMP PREEMPT_DYNAMIC Fri Sep 13 12:41:50 EDT 2024 x86_64 x86_64 x86_64 GNU/Linux
Tue Mar 10 08:07:07 CET 2026
mri_convert orig_nu.mgz talsrcimg.img 
reading from orig_nu.mgz...
TR=0.00, TE=0.00, TI=0.00, flip angle=0.00
i_ras = (-1, 0, 0)
j_ras = (0, 0, -1)
k_ras = (0, 1, 0)
writing to talsrcimg.img...
Analyze Output Matrix
-1.00000   0.00000   0.00000   129.77406;
 0.00000   0.00000   1.00000  -81.23238;
 0.00000  -1.00000   0.00000   192.11090;
 0.00000   0.00000   0.00000   1.00000;
--------------------
INFO: set hdr.hist.orient to -1
mpr2mni305 talsrcimg
Tue Mar 10 08:07:08 CET 2026
/opt/freesurfer/bin/mpr2mni305 talsrcimg
mpr2mni305 7.3.2
target=711-2C_as_mni_average_305

---------------------------------------------------------------------
analyzeto4dfp talsrcimg -O0 -y
---------------------------------------------------------------------

freesurfer ifh2hdr.c
Tue Mar 10 08:07:08 2026
Writing: talsrcimg.4dfp.hdr
freesurfer analyzeto4dfp.c
Reading: talsrcimg.hdr
header size 348 bytes
hdr.dime.datatype	offset=70	value=2
hdr.dime.bitpix		offset=72	value=8
hdr.hist.orient		offset=252	value=-1
dimensionality     4
dimensions       256       256       256         1
Reading: talsrcimg.img
Writing: talsrcimg.4dfp.img
Writing: talsrcimg.4dfp.ifh
ifh2hdr talsrcimg -r0to238
ori=2

---------------------------------------------------------------------
gauss_4dfp talsrcimg 1.1
---------------------------------------------------------------------

freesurfer gauss_4dfp.c
Reading: talsrcimg.4dfp.img
Writing: talsrcimg_g11.4dfp.img
image dimensions 256 256 256 padded to 288 288 288
processing volume 1freesurfer ifh2hdr.c
Tue Mar 10 08:07:09 2026
Writing: talsrcimg_g11.4dfp.hdr

Writing: talsrcimg_g11.4dfp.ifh
including: talsrcimg.4dfp.img.rec in talsrcimg_g11.4dfp.img.rec

---------------------------------------------------------------------
imgreg_4dfp /opt/freesurfer/average/711-2C_as_mni_average_305 none talsrcimg_g11 none talsrcimg_to_711-2C_as_mni_average_305_t4 4355
---------------------------------------------------------------------

freesurfer imgreg_4dfp.c
/opt/freesurfer/average/711-2C_as_mni_average_305.4dfp.img
       256       256       256         1
  1.000000  1.000000  1.000000
orientation T byte_order littleendian
Reading image: /opt/freesurfer/average/711-2C_as_mni_average_305.4dfp.img
dimensions:      256       256       256
mmppix:       1.0000   -1.0000   -1.0000
center:     128.0000 -129.0000 -129.0000
talsrcimg_g11.4dfp.img
       256       256       256         1
  1.000000  1.000000  1.000000
orientation T byte_order littleendian
Reading image: talsrcimg_g11.4dfp.img
dimensions:      256       256       256
mmppix:       1.0000   -1.0000   -1.0000
center:     128.0000 -129.0000 -129.0000
t4_read: open error in t4_sub.f l:  41 t4_file(1:l)talsrcimg_to_711-2C_as_mni_average_305_t4 
t4_read: transform initialized to I4
rotation matrix determinant  1.000000
image alignment mode   4355 decimal     1103 hex
   -7.5000  -45.0000  -45.0000 9960.6465   13.6426
    0.0000  -45.0000  -45.000010417.7559   13.6659
    7.5000  -45.0000  -45.0000 9891.8936   13.6742
   -7.5000  -37.5000  -45.000010237.3516   13.6473
    0.0000  -37.5000  -45.000010709.8574   13.6702
    7.5000  -37.5000  -45.000010178.4688   13.6801
   -7.5000  -30.0000  -45.000010846.3135   13.6348
    0.0000  -30.0000  -45.000011334.3320   13.6538
    7.5000  -30.0000  -45.000010780.7891   13.6681
   -7.5000  -22.5000  -45.000011429.6094   13.6151
    0.0000  -22.5000  -45.000011933.4717   13.6306
    7.5000  -22.5000  -45.000011351.1504   13.6479
   -7.5000  -15.0000  -45.000011998.3682   13.6083
    0.0000  -15.0000  -45.000012525.2715   13.6235
    7.5000  -15.0000  -45.000011924.4258   13.6393
   -7.5000   -7.5000  -45.000012376.9482   13.6232
    0.0000   -7.5000  -45.000012910.0811   13.6425
    7.5000   -7.5000  -45.000012274.4180   13.6535
   -7.5000    0.0000  -45.000012675.9922   13.6426
    0.0000    0.0000  -45.000013246.1172   13.6659
    7.5000    0.0000  -45.000012556.0205   13.6742
   -7.5000    7.5000  -45.000011988.7568   13.6473
    0.0000    7.5000  -45.000012528.5029   13.6702
    7.5000    7.5000  -45.000011865.5742   13.6801
   -7.5000   15.0000  -45.000010923.6113   13.6348
    0.0000   15.0000  -45.000011418.9473   13.6538
    7.5000   15.0000  -45.000010793.9824   13.6681
   -7.5000   22.5000  -45.0000 9835.0371   13.6133
    0.0000   22.5000  -45.000010299.2334   13.6287
    7.5000   22.5000  -45.0000 9734.7617   13.6460
   -7.5000   30.0000  -45.0000 8870.1709   13.4269
    0.0000   30.0000  -45.0000 9302.1719   13.4420
    7.5000   30.0000  -45.0000 8805.6240   13.4575
   -7.5000   37.5000  -45.0000 8277.1914   13.4418
    0.0000   37.5000  -45.0000 8680.6494   13.4609
    7.5000   37.5000  -45.0000 8214.5723   13.4718
   -7.5000   45.0000  -45.0000 7350.3687   13.2263
    0.0000   45.0000  -45.0000 7690.2710   13.2498
    7.5000   45.0000  -45.0000 7273.6484   13.2584
   -7.5000  -45.0000  -37.500010462.2520   13.6117
    0.0000  -45.0000  -37.500010926.2021   13.6383
    7.5000  -45.0000  -37.500010386.8555   13.6465
   -7.5000  -37.5000  -37.500010770.3613   13.6194
    0.0000  -37.5000  -37.500011251.5625   13.6450
    7.5000  -37.5000  -37.500010700.2969   13.6538
   -7.5000  -30.0000  -37.500011402.8398   13.6088
    0.0000  -30.0000  -37.500011907.8086   13.6306
    7.5000  -30.0000  -37.500011328.7930   13.6435
   -7.5000  -22.5000  -37.500012013.5684   13.5876
    0.0000  -22.5000  -37.500012532.4414   13.6060
    7.5000  -22.5000  -37.500011923.0186   13.6229
   -7.5000  -15.0000  -37.500012632.4990   13.5773
    0.0000  -15.0000  -37.500013162.0107   13.5958
    7.5000  -15.0000  -37.500012514.3633   13.6125
   -7.5000   -7.5000  -37.500013014.3975   13.5908
    0.0000   -7.5000  -37.500013533.4209   13.6136
    7.5000   -7.5000  -37.500012884.3340   13.6257
   -7.5000    0.0000  -37.500013265.1689   13.6117
    0.0000    0.0000  -37.500013832.2168   13.6383
    7.5000    0.0000  -37.500013159.9238   13.6465
   -7.5000    7.5000  -37.500012533.0869   13.6194
    0.0000    7.5000  -37.500013069.6611   13.6450
    7.5000    7.5000  -37.500012421.5625   13.6538
   -7.5000   15.0000  -37.500011420.0039   13.6088
    0.0000   15.0000  -37.500011910.5879   13.6306
    7.5000   15.0000  -37.500011318.0117   13.6435
   -7.5000   22.5000  -37.500010260.5938   13.5857
    0.0000   22.5000  -37.500010721.9521   13.6042
    7.5000   22.5000  -37.500010187.5352   13.6211
   -7.5000   30.0000  -37.5000 9262.4170   13.3963
    0.0000   30.0000  -37.5000 9699.6006   13.4147
    7.5000   30.0000  -37.5000 9198.1758   13.4311
   -7.5000   37.5000  -37.5000 8616.1953   13.4099
    0.0000   37.5000  -37.5000 9035.8340   13.4324
    7.5000   37.5000  -37.5000 8539.7451   13.4443
   -7.5000   45.0000  -37.5000 7636.3271   13.1963
    0.0000   45.0000  -37.5000 7995.0098   13.2229
    7.5000   45.0000  -37.5000 7562.8091   13.2314
   -7.5000  -45.0000  -30.000011118.8857   14.1996
    0.0000  -45.0000  -30.000011600.2021   14.2285
    7.5000  -45.0000  -30.000011016.9531   14.2406
   -7.5000  -37.5000  -30.000011473.0557   14.2107
    0.0000  -37.5000  -30.000011964.8770   14.2376
    7.5000  -37.5000  -30.000011365.0801   14.2493
   -7.5000  -30.0000  -30.000012147.7686   14.2042
    0.0000  -30.0000  -30.000012677.1992   14.2276
    7.5000  -30.0000  -30.000012025.0332   14.2417
   -7.5000  -22.5000  -30.000012805.8330   14.1830
    0.0000  -22.5000  -30.000013343.1709   14.2049
    7.5000  -22.5000  -30.000012669.2510   14.2220
   -7.5000  -15.0000  -30.000013474.0576   14.1690
    0.0000  -15.0000  -30.000014022.3105   14.1924
    7.5000  -15.0000  -30.000013339.2959   14.2097
   -7.5000   -7.5000  -30.000013877.7363   14.1789
    0.0000   -7.5000  -30.000014439.3613   14.2059
    7.5000   -7.5000  -30.000013748.7109   14.2206
   -7.5000    0.0000  -30.000014083.9131   14.1996
    0.0000    0.0000  -30.000014677.1885   14.2285
    7.5000    0.0000  -30.000013975.6543   14.2406
   -7.5000    7.5000  -30.000013216.6914   14.2107
    0.0000    7.5000  -30.000013786.7012   14.2376
    7.5000    7.5000  -30.000013142.4443   14.2493
   -7.5000   15.0000  -30.000012057.3936   14.2042
    0.0000   15.0000  -30.000012557.8613   14.2276
    7.5000   15.0000  -30.000011996.7666   14.2417
   -7.5000   22.5000  -30.000010858.7100   14.1796
    0.0000   22.5000  -30.000011339.0830   14.2015
    7.5000   22.5000  -30.000010787.9219   14.2186
   -7.5000   30.0000  -30.0000 9811.2295   13.9815
    0.0000   30.0000  -30.000010266.1221   14.0046
    7.5000   30.0000  -30.0000 9738.9795   14.0217
   -7.5000   37.5000  -30.0000 9104.5518   13.9915
    0.0000   37.5000  -30.0000 9527.8564   14.0181
    7.5000   37.5000  -30.0000 9014.7666   14.0326
   -7.5000   45.0000  -30.0000 8041.7002   13.7746
    0.0000   45.0000  -30.0000 8416.1367   13.8032
    7.5000   45.0000  -30.0000 7966.7998   13.8150
   -7.5000  -45.0000  -22.500011731.5684   14.7142
    0.0000  -45.0000  -22.500012240.3242   14.7414
    7.5000  -45.0000  -22.500011596.7168   14.7578
   -7.5000  -37.5000  -22.500012149.2793   14.7242
    0.0000  -37.5000  -22.500012675.2539   14.7487
    7.5000  -37.5000  -22.500012001.2490   14.7650
   -7.5000  -30.0000  -22.500012871.3926   14.7206
    0.0000  -30.0000  -22.500013432.5869   14.7422
    7.5000  -30.0000  -22.500012714.7100   14.7591
   -7.5000  -22.5000  -22.500013570.9951   14.7040
    0.0000  -22.5000  -22.500014121.6045   14.7256
    7.5000  -22.5000  -22.500013403.5068   14.7432
   -7.5000  -15.0000  -22.500014273.3008   14.6916
    0.0000  -15.0000  -22.500014852.6426   14.7155
    7.5000  -15.0000  -22.500014127.4756   14.7327
   -7.5000   -7.5000  -22.500014702.6680   14.6982
    0.0000   -7.5000  -22.500015337.0273   14.7248
    7.5000   -7.5000  -22.500014606.2715   14.7414
   -7.5000    0.0000  -22.500014900.4912   14.7142
    0.0000    0.0000  -22.500015539.6152   14.7414
    7.5000    0.0000  -22.500014819.4756   14.7578
   -7.5000    7.5000  -22.500013948.2812   14.7242
    0.0000    7.5000  -22.500014549.6865   14.7487
    7.5000    7.5000  -22.500013860.8574   14.7650
   -7.5000   15.0000  -22.500012766.0908   14.7206
    0.0000   15.0000  -22.500013313.9590   14.7422
    7.5000   15.0000  -22.500012657.6592   14.7591
   -7.5000   22.5000  -22.500011530.6250   14.6995
    0.0000   22.5000  -22.500012055.1670   14.7210
    7.5000   22.5000  -22.500011416.7393   14.7386
   -7.5000   30.0000  -22.500010412.0576   14.4995
    0.0000   30.0000  -22.500010871.5518   14.5230
    7.5000   30.0000  -22.500010282.0137   14.5400
   -7.5000   37.5000  -22.5000 9607.2568   14.5061
    0.0000   37.5000  -22.500010038.3828   14.5323
    7.5000   37.5000  -22.5000 9485.7236   14.5487
   -7.5000   45.0000  -22.5000 8466.5801   14.2824
    0.0000   45.0000  -22.5000 8856.7314   14.3091
    7.5000   45.0000  -22.5000 8359.7432   14.3249
   -7.5000  -45.0000  -15.000012276.6641   15.0804
    0.0000  -45.0000  -15.000012778.9160   15.1037
    7.5000  -45.0000  -15.000012117.0508   15.1209
   -7.5000  -37.5000  -15.000012790.0020   15.0854
    0.0000  -37.5000  -15.000013317.5127   15.1067
    7.5000  -37.5000  -15.000012600.3252   15.1248
   -7.5000  -30.0000  -15.000013628.9043   15.0795
    0.0000  -30.0000  -15.000014221.6523   15.0982
    7.5000  -30.0000  -15.000013459.4033   15.1168
   -7.5000  -22.5000  -15.000014353.7881   15.0663
    0.0000  -22.5000  -15.000014985.2041   15.0847
    7.5000  -22.5000  -15.000014235.4785   15.1028
   -7.5000  -15.0000  -15.000015081.4014   15.0593
    0.0000  -15.0000  -15.000015738.3105   15.0795
    7.5000  -15.0000  -15.000014980.8330   15.0961
   -7.5000   -7.5000  -15.000015592.8291   15.0674
    0.0000   -7.5000  -15.000016287.5723   15.0898
    7.5000   -7.5000  -15.000015459.4473   15.1061
   -7.5000    0.0000  -15.000015840.9609   15.0804
    0.0000    0.0000  -15.000016518.8730   15.1037
    7.5000    0.0000  -15.000015599.2529   15.1209
   -7.5000    7.5000  -15.000014828.3760   15.0854
    0.0000    7.5000  -15.000015422.3838   15.1067
    7.5000    7.5000  -15.000014514.3232   15.1248
   -7.5000   15.0000  -15.000013551.8701   15.0795
    0.0000   15.0000  -15.000014099.8672   15.0982
    7.5000   15.0000  -15.000013239.1670   15.1168
   -7.5000   22.5000  -15.000012251.2900   15.0609
    0.0000   22.5000  -15.000012787.4932   15.0794
    7.5000   22.5000  -15.000011981.1270   15.0975
   -7.5000   30.0000  -15.000011033.8809   14.8644
    0.0000   30.0000  -15.000011535.0479   14.8843
    7.5000   30.0000  -15.000010808.9521   14.9007
   -7.5000   37.5000  -15.000010134.4355   14.8726
    0.0000   37.5000  -15.000010607.3750   14.8947
    7.5000   37.5000  -15.0000 9956.9883   14.9107
   -7.5000   45.0000  -15.0000 8907.8369   14.6463
    0.0000   45.0000  -15.0000 9329.8857   14.6692
    7.5000   45.0000  -15.0000 8757.0605   14.6859
   -7.5000  -45.0000   -7.500012722.9336   15.2384
    0.0000  -45.0000   -7.500013263.0078   15.2612
    7.5000  -45.0000   -7.500012649.1494   15.2745
   -7.5000  -37.5000   -7.500013401.6924   15.2413
    0.0000  -37.5000   -7.500013944.9834   15.2631
    7.5000  -37.5000   -7.500013228.0205   15.2784
   -7.5000  -30.0000   -7.500014608.0215   15.2301
    0.0000  -30.0000   -7.500015282.0869   15.2488
    7.5000  -30.0000   -7.500014260.4385   15.2668
   -7.5000  -22.5000   -7.500015592.6348   15.2139
    0.0000  -22.5000   -7.500016349.2695   15.2305
    7.5000  -22.5000   -7.500015159.6191   15.2492
   -7.5000  -15.0000   -7.500016328.5127   15.2090
    0.0000  -15.0000   -7.500017079.3008   15.2261
    7.5000  -15.0000   -7.500015843.2480   15.2426
   -7.5000   -7.5000   -7.500016705.0332   15.2223
    0.0000   -7.5000   -7.500017448.5586   15.2424
    7.5000   -7.5000   -7.500016178.7725   15.2561
   -7.5000    0.0000   -7.500016836.2695   15.2384
    0.0000    0.0000   -7.500017539.3086   15.2612
    7.5000    0.0000   -7.500016278.5684   15.2745
   -7.5000    7.5000   -7.500015620.4912   15.2413
    0.0000    7.5000   -7.500016240.9258   15.2631
    7.5000    7.5000   -7.500015113.7568   15.2784
   -7.5000   15.0000   -7.500014240.7822   15.2301
    0.0000   15.0000   -7.500014807.3516   15.2488
    7.5000   15.0000   -7.500013830.5264   15.2668
   -7.5000   22.5000   -7.500012882.4893   15.2069
    0.0000   22.5000   -7.500013454.1025   15.2235
    7.5000   22.5000   -7.500012556.2705   15.2422
   -7.5000   30.0000   -7.500011631.9609   15.0118
    0.0000   30.0000   -7.500012159.3496   15.0286
    7.5000   30.0000   -7.500011353.3604   15.0449
   -7.5000   37.5000   -7.500010685.7617   15.0250
    0.0000   37.5000   -7.500011173.0439   15.0449
    7.5000   37.5000   -7.500010451.8066   15.0584
   -7.5000   45.0000   -7.5000 9328.3145   14.8045
    0.0000   45.0000   -7.5000 9776.7363   14.8273
    7.5000   45.0000   -7.5000 9148.0986   14.8406
   -7.5000  -45.0000    0.000013220.8457   15.2400
    0.0000  -45.0000    0.000013784.9443   15.2661
    7.5000  -45.0000    0.000013129.4492   15.2752
   -7.5000  -37.5000    0.000013971.2568   15.2447
    0.0000  -37.5000    0.000014595.5498   15.2704
    7.5000  -37.5000    0.000013721.6641   15.2815
   -7.5000  -30.0000    0.000015340.8760   15.2311
    0.0000  -30.0000    0.000016129.9873   15.2524
    7.5000  -30.0000    0.000014809.9463   15.2684
   -7.5000  -22.5000    0.000016540.9922   15.2100
    0.0000  -22.5000    0.000017388.5176   15.2274
    7.5000  -22.5000    0.000015746.4150   15.2466
   -7.5000  -15.0000    0.000017292.6836   15.2028
    0.0000  -15.0000    0.000018117.4473   15.2200
    7.5000  -15.0000    0.000016449.4961   15.2375
   -7.5000   -7.5000    0.000017518.3008   15.2191
    0.0000   -7.5000    0.000018272.9551   15.2407
    7.5000   -7.5000    0.000016779.6992   15.2530
   -7.5000    0.0000    0.000017467.7363   15.2400
    0.0000    0.0000    0.000018202.5605   15.2661
    7.5000    0.0000    0.000016844.1133   15.2752
   -7.5000    7.5000    0.000016095.1123   15.2447
    0.0000    7.5000    0.000016789.8652   15.2704
    7.5000    7.5000    0.000015607.3457   15.2815
   -7.5000   15.0000    0.000014698.4443   15.2311
    0.0000   15.0000    0.000015329.1230   15.2524
    7.5000   15.0000    0.000014293.8711   15.2684
   -7.5000   22.5000    0.000013303.0127   15.2030
    0.0000   22.5000    0.000013917.7295   15.2203
    7.5000   22.5000    0.000012981.1680   15.2396
   -7.5000   30.0000    0.000012042.1191   15.0061
    0.0000   30.0000    0.000012594.0469   15.0230
    7.5000   30.0000    0.000011759.2949   15.0403
   -7.5000   37.5000    0.000011058.8398   15.0224
    0.0000   37.5000    0.000011570.4990   15.0437
    7.5000   37.5000    0.000010815.5762   15.0558
   -7.5000   45.0000    0.0000 9665.4033   14.8095
    0.0000   45.0000    0.000010131.2783   14.8359
    7.5000   45.0000    0.0000 9464.5605   14.8454
   -7.5000  -45.0000    7.500012776.9736   15.2318
    0.0000  -45.0000    7.500013342.5820   15.2616
    7.5000  -45.0000    7.500012528.1396   15.2707
   -7.5000  -37.5000    7.500013422.8379   15.2404
    0.0000  -37.5000    7.500014040.1865   15.2692
    7.5000  -37.5000    7.500013093.2246   15.2789
   -7.5000  -30.0000    7.500014553.2959   15.2286
    0.0000  -30.0000    7.500015345.1914   15.2531
    7.5000  -30.0000    7.500014108.3906   15.2674
   -7.5000  -22.5000    7.500015522.3652   15.2048
    0.0000  -22.5000    7.500016304.3496   15.2255
    7.5000  -22.5000    7.500014981.8418   15.2444
   -7.5000  -15.0000    7.500016239.9844   15.1933
    0.0000  -15.0000    7.500016992.8086   15.2141
    7.5000  -15.0000    7.500015657.5928   15.2327
   -7.5000   -7.5000    7.500016626.5195   15.2085
    0.0000   -7.5000    7.500017348.0312   15.2340
    7.5000   -7.5000    7.500016049.8164   15.2475
   -7.5000    0.0000    7.500016670.8945   15.2318
    0.0000    0.0000    7.500017369.9805   15.2616
    7.5000    0.0000    7.500016176.6553   15.2707
   -7.5000    7.5000    7.500015370.6553   15.2404
    0.0000    7.5000    7.500016032.0508   15.2692
    7.5000    7.5000    7.500014951.0859   15.2789
   -7.5000   15.0000    7.500014026.8174   15.2286
    0.0000   15.0000    7.500014625.6445   15.2531
    7.5000   15.0000    7.500013639.4678   15.2674
   -7.5000   22.5000    7.500012708.6670   15.1978
    0.0000   22.5000    7.500013278.1895   15.2185
    7.5000   22.5000    7.500012364.8359   15.2374
   -7.5000   30.0000    7.500011470.8184   14.9967
    0.0000   30.0000    7.500012016.8652   15.0172
    7.5000   30.0000    7.500011199.5264   15.0356
   -7.5000   37.5000    7.500010537.1357   15.0118
    0.0000   37.5000    7.500011026.6260   15.0370
    7.5000   37.5000    7.500010308.2305   15.0504
   -7.5000   45.0000    7.5000 9222.6309   14.8018
    0.0000   45.0000    7.5000 9652.2842   14.8316
    7.5000   45.0000    7.5000 9024.6914   14.8412
   -7.5000  -45.0000   15.000011983.2344   15.3205
    0.0000  -45.0000   15.000012528.2334   15.3522
    7.5000  -45.0000   15.000011790.3594   15.3653
   -7.5000  -37.5000   15.000012553.0332   15.3325
    0.0000  -37.5000   15.000013144.9707   15.3621
    7.5000  -37.5000   15.000012301.4727   15.3748
   -7.5000  -30.0000   15.000013497.8975   15.3252
    0.0000  -30.0000   15.000014132.2041   15.3512
    7.5000  -30.0000   15.000013176.8379   15.3666
   -7.5000  -22.5000   15.000014237.6846   15.3021
    0.0000  -22.5000   15.000014829.7090   15.3264
    7.5000  -22.5000   15.000013943.2666   15.3451
   -7.5000  -15.0000   15.000014928.0527   15.2869
    0.0000  -15.0000   15.000015514.1592   15.3128
    7.5000  -15.0000   15.000014619.0283   15.3318
   -7.5000   -7.5000   15.000015505.3027   15.2980
    0.0000   -7.5000   15.000016083.4561   15.3276
    7.5000   -7.5000   15.000015129.5693   15.3437
   -7.5000    0.0000   15.000015683.0664   15.3205
    0.0000    0.0000   15.000016286.8779   15.3522
    7.5000    0.0000   15.000015316.4277   15.3653
   -7.5000    7.5000   15.000014497.8291   15.3325
    0.0000    7.5000   15.000015064.3535   15.3621
    7.5000    7.5000   15.000014150.1934   15.3748
   -7.5000   15.0000   15.000013240.0049   15.3252
    0.0000   15.0000   15.000013751.9492   15.3512
    7.5000   15.0000   15.000012919.0186   15.3666
   -7.5000   22.5000   15.000011999.1758   15.2950
    0.0000   22.5000   15.000012523.4092   15.3193
    7.5000   22.5000   15.000011719.0967   15.3380
   -7.5000   30.0000   15.000010795.2656   15.0891
    0.0000   30.0000   15.000011309.9814   15.1147
    7.5000   30.0000   15.000010572.6211   15.1333
   -7.5000   37.5000   15.0000 9913.0693   15.1002
    0.0000   37.5000   15.000010378.4844   15.1294
    7.5000   37.5000   15.0000 9703.5645   15.1452
   -7.5000   45.0000   15.0000 8683.1924   14.8866
    0.0000   45.0000   15.0000 9078.0996   14.9181
    7.5000   45.0000   15.0000 8510.4053   14.9309
   -7.5000  -45.0000   22.500011106.5557   15.5378
    0.0000  -45.0000   22.500011592.8926   15.5676
    7.5000  -45.0000   22.500010984.0635   15.5845
   -7.5000  -37.5000   22.500011610.0801   15.5476
    0.0000  -37.5000   22.500012129.5391   15.5746
    7.5000  -37.5000   22.500011459.0771   15.5912
   -7.5000  -30.0000   22.500012406.0283   15.5431
    0.0000  -30.0000   22.500012907.0010   15.5669
    7.5000  -30.0000   22.500012246.2959   15.5842
   -7.5000  -22.5000   22.500013043.3496   15.5256
    0.0000  -22.5000   22.500013521.3115   15.5494
    7.5000  -22.5000   22.500012903.8018   15.5674
   -7.5000  -15.0000   22.500013698.0967   15.5132
    0.0000  -15.0000   22.500014171.0059   15.5394
    7.5000  -15.0000   22.500013539.8330   15.5570
   -7.5000   -7.5000   22.500014330.8867   15.5209
    0.0000   -7.5000   22.500014805.6562   15.5499
    7.5000   -7.5000   22.500014090.4785   15.5671
   -7.5000    0.0000   22.500014590.8770   15.5378
    0.0000    0.0000   22.500015086.6260   15.5676
    7.5000    0.0000   22.500014325.8936   15.5845
   -7.5000    7.5000   22.500013522.5986   15.5476
    0.0000    7.5000   22.500013993.8193   15.5746
    7.5000    7.5000   22.500013237.2637   15.5912
   -7.5000   15.0000   22.500012395.5264   15.5431
    0.0000   15.0000   22.500012853.9395   15.5669
    7.5000   15.0000   22.500012098.4854   15.5842
   -7.5000   22.5000   22.500011234.3428   15.5185
    0.0000   22.5000   22.500011706.6748   15.5422
    7.5000   22.5000   22.500010977.8740   15.5602
   -7.5000   30.0000   22.500010085.6250   15.3124
    0.0000   30.0000   22.500010522.8613   15.3383
    7.5000   30.0000   22.5000 9890.5400   15.3557
   -7.5000   37.5000   22.5000 9253.8203   15.3201
    0.0000   37.5000   22.5000 9655.9932   15.3488
    7.5000   37.5000   22.5000 9070.0166   15.3657
   -7.5000   45.0000   22.5000 8138.1143   15.0970
    0.0000   45.0000   22.5000 8487.8516   15.1263
    7.5000   45.0000   22.5000 7988.1436   15.1425
   -7.5000  -45.0000   30.000010263.5625   15.9454
    0.0000  -45.0000   30.000010730.6172   15.9744
    7.5000  -45.0000   30.000010215.1494   15.9949
   -7.5000  -37.5000   30.000010703.7871   15.9498
    0.0000  -37.5000   30.000011166.7344   15.9770
    7.5000  -37.5000   30.000010653.9854   15.9993
   -7.5000  -30.0000   30.000011402.7422   15.9407
    0.0000  -30.0000   30.000011844.8389   15.9655
    7.5000  -30.0000   30.000011330.6875   15.9883
   -7.5000  -22.5000   30.000011999.7676   15.9246
    0.0000  -22.5000   30.000012439.8193   15.9491
    7.5000  -22.5000   30.000011933.0918   15.9705
   -7.5000  -15.0000   30.000012594.8232   15.9179
    0.0000  -15.0000   30.000013036.3252   15.9439
    7.5000  -15.0000   30.000012498.5811   15.9628
   -7.5000   -7.5000   30.000013205.9316   15.9295
    0.0000   -7.5000   30.000013661.8125   15.9576
    7.5000   -7.5000   30.000013045.5518   15.9762
   -7.5000    0.0000   30.000013523.8184   15.9454
    0.0000    0.0000   30.000013989.6045   15.9744
    7.5000    0.0000   30.000013329.8789   15.9949
   -7.5000    7.5000   30.000012558.6387   15.9498
    0.0000    7.5000   30.000013006.9160   15.9770
    7.5000    7.5000   30.000012352.8389   15.9993
   -7.5000   15.0000   30.000011524.3320   15.9407
    0.0000   15.0000   30.000011966.8438   15.9655
    7.5000   15.0000   30.000011297.0068   15.9883
   -7.5000   22.5000   30.000010459.9658   15.9172
    0.0000   22.5000   30.000010908.6943   15.9418
    7.5000   22.5000   30.000010256.1660   15.9632
   -7.5000   30.0000   30.0000 9334.6846   15.7119
    0.0000   30.0000   30.0000 9759.1895   15.7376
    7.5000   30.0000   30.0000 9186.8828   15.7562
   -7.5000   37.5000   30.0000 8555.6553   15.7234
    0.0000   37.5000   30.0000 8929.6777   15.7512
    7.5000   37.5000   30.0000 8434.3242   15.7696
   -7.5000   45.0000   30.0000 7568.5034   15.4885
    0.0000   45.0000   30.0000 7874.9419   15.5171
    7.5000   45.0000   30.0000 7460.4404   15.5370
   -7.5000  -45.0000   37.5000 9857.5947   16.4816
    0.0000  -45.0000   37.500010309.1309   16.5119
    7.5000  -45.0000   37.5000 9820.4170   16.5286
   -7.5000  -37.5000   37.500010266.6973   16.4790
    0.0000  -37.5000   37.500010687.5742   16.5090
    7.5000  -37.5000   37.500010195.1377   16.5286
   -7.5000  -30.0000   37.500010913.2725   16.4557
    0.0000  -30.0000   37.500011321.5225   16.4829
    7.5000  -30.0000   37.500010847.5830   16.5057
   -7.5000  -22.5000   37.500011474.6836   16.4340
    0.0000  -22.5000   37.500011916.7705   16.4585
    7.5000  -22.5000   37.500011442.5195   16.4817
   -7.5000  -15.0000   37.500012066.4355   16.4340
    0.0000  -15.0000   37.500012517.6621   16.4583
    7.5000  -15.0000   37.500011993.8721   16.4784
   -7.5000   -7.5000   37.500012661.9873   16.4583
    0.0000   -7.5000   37.500013139.0508   16.4856
    7.5000   -7.5000   37.500012540.3018   16.5024
   -7.5000    0.0000   37.500012983.6553   16.4816
    0.0000    0.0000   37.500013485.9482   16.5119
    7.5000    0.0000   37.500012844.2920   16.5286
   -7.5000    7.5000   37.500012055.8779   16.4790
    0.0000    7.5000   37.500012531.6895   16.5090
    7.5000    7.5000   37.500011890.7129   16.5286
   -7.5000   15.0000   37.500011070.5146   16.4557
    0.0000   15.0000   37.500011538.2256   16.4829
    7.5000   15.0000   37.500010918.1514   16.5057
   -7.5000   22.5000   37.500010045.7988   16.4264
    0.0000   22.5000   37.500010494.7812   16.4509
    7.5000   22.5000   37.5000 9908.1914   16.4741
   -7.5000   30.0000   37.5000 8979.2344   16.2213
    0.0000   30.0000   37.5000 9393.0430   16.2453
    7.5000   30.0000   37.5000 8878.7422   16.2652
   -7.5000   37.5000   37.5000 8232.2344   16.2453
    0.0000   37.5000   37.5000 8612.6094   16.2723
    7.5000   37.5000   37.5000 8161.0811   16.2889
   -7.5000   45.0000   37.5000 7253.7876   15.9635
    0.0000   45.0000   37.5000 7577.8013   15.9929
    7.5000   45.0000   37.5000 7190.5049   16.0092
   -7.5000  -45.0000   45.0000 9066.3740   17.0258
    0.0000  -45.0000   45.0000 9485.5635   17.0584
    7.5000  -45.0000   45.0000 9030.3701   17.0715
   -7.5000  -37.5000   45.0000 9404.7207   17.0167
    0.0000  -37.5000   45.0000 9819.8252   17.0500
    7.5000  -37.5000   45.0000 9355.0566   17.0658
   -7.5000  -30.0000   45.000010005.8672   16.9840
    0.0000  -30.0000   45.000010413.5537   17.0128
    7.5000  -30.0000   45.0000 9941.6289   17.0346
   -7.5000  -22.5000   45.000010542.2285   16.9590
    0.0000  -22.5000   45.000010970.0986   16.9822
    7.5000  -22.5000   45.000010484.7910   17.0078
   -7.5000  -15.0000   45.000011102.2861   16.9641
    0.0000  -15.0000   45.000011529.6309   16.9858
    7.5000  -15.0000   45.000011013.1914   17.0090
   -7.5000   -7.5000   45.000011635.1592   16.9981
    0.0000   -7.5000   45.000012105.9287   17.0247
    7.5000   -7.5000   45.000011542.8350   17.0414
   -7.5000    0.0000   45.000011948.7422   17.0258
    0.0000    0.0000   45.000012452.2285   17.0584
    7.5000    0.0000   45.000011845.1641   17.0715
   -7.5000    7.5000   45.000011087.8232   17.0167
    0.0000    7.5000   45.000011550.4287   17.0500
    7.5000    7.5000   45.000010952.0430   17.0658
   -7.5000   15.0000   45.000010181.9326   16.9840
    0.0000   15.0000   45.000010623.6387   17.0128
    7.5000   15.0000   45.000010035.3584   17.0346
   -7.5000   22.5000   45.0000 9261.7734   16.9512
    0.0000   22.5000   45.0000 9671.2822   16.9743
    7.5000   22.5000   45.0000 9108.6709   17.0000
   -7.5000   30.0000   45.0000 8308.3613   16.7431
    0.0000   30.0000   45.0000 8683.5312   16.7645
    7.5000   30.0000   45.0000 8183.0469   16.7875
   -7.5000   37.5000   45.0000 7632.3008   16.7767
    0.0000   37.5000   45.0000 7972.5371   16.8029
    7.5000   37.5000   45.0000 7555.6519   16.8194
   -7.5000   45.0000   45.0000 6714.3779   16.4646
    0.0000   45.0000   45.0000 7004.2686   16.4968
    7.5000   45.0000   45.0000 6646.0083   16.5100

---------------------------------------------------------------------
imgreg_4dfp /opt/freesurfer/average/711-2C_as_mni_average_305 /opt/freesurfer/average/711-2B_as_mni_average_305_mask talsrcimg_g11 none talsrcimg_to_711-2C_as_mni_average_305_t4 4355
---------------------------------------------------------------------

freesurfer imgreg_4dfp.c
/opt/freesurfer/average/711-2C_as_mni_average_305.4dfp.img
       256       256       256         1
  1.000000  1.000000  1.000000
orientation T byte_order littleendian
Reading image: /opt/freesurfer/average/711-2C_as_mni_average_305.4dfp.img
dimensions:      256       256       256
mmppix:       1.0000   -1.0000   -1.0000
center:     128.0000 -129.0000 -129.0000
/opt/freesurfer/average/711-2B_as_mni_average_305_mask.4dfp.img
       256       256       256         1
  1.000000  1.000000  1.000000
orientation T byte_order littleendian
Reading mask: /opt/freesurfer/average/711-2B_as_mni_average_305_mask.4dfp.img (2306576 pixels)
talsrcimg_g11.4dfp.img
       256       256       256         1
  1.000000  1.000000  1.000000
orientation T byte_order littleendian
Reading image: talsrcimg_g11.4dfp.img
dimensions:      256       256       256
mmppix:       1.0000   -1.0000   -1.0000
center:     128.0000 -129.0000 -129.0000
rotation matrix determinant  1.000000
image alignment mode   4355 decimal     1103 hex
   -7.5000  -52.5000  -45.0000 2404.2449   12.6293
    0.0000  -52.5000  -45.0000 2415.2297   12.6475
    7.5000  -52.5000  -45.0000 2383.0000   12.7823
   -7.5000  -45.0000  -45.0000 2473.6953   11.9554
    0.0000  -45.0000  -45.0000 2484.1948   11.9615
    7.5000  -45.0000  -45.0000 2445.5566   12.0961
   -7.5000  -37.5000  -45.0000 2503.0852   11.5279
    0.0000  -37.5000  -45.0000 2514.7917   11.4964
    7.5000  -37.5000  -45.0000 2480.0891   11.6676
   -7.5000  -30.0000  -45.0000 2511.6572   11.2853
    0.0000  -30.0000  -45.0000 2520.8779   11.2587
    7.5000  -30.0000  -45.0000 2491.9541   11.4418
   -7.5000  -22.5000  -45.0000 2506.8516   11.2819
    0.0000  -22.5000  -45.0000 2508.8127   11.2644
    7.5000  -22.5000  -45.0000 2480.4448   11.4480
   -7.5000  -15.0000  -45.0000 2484.8181   11.5535
    0.0000  -15.0000  -45.0000 2489.0261   11.5378
    7.5000  -15.0000  -45.0000 2456.2786   11.7470
   -7.5000   -7.5000  -45.0000 2444.6848   12.0638
    0.0000   -7.5000  -45.0000 2452.6816   12.0443
    7.5000   -7.5000  -45.0000 2412.2188   12.2553
   -7.5000    0.0000  -45.0000 2391.1135   12.7680
    0.0000    0.0000  -45.0000 2402.6616   12.7579
    7.5000    0.0000  -45.0000 2361.1558   12.9738
   -7.5000    7.5000  -45.0000 2328.6394   13.7140
    0.0000    7.5000  -45.0000 2335.4204   13.7255
    7.5000    7.5000  -45.0000 2294.2009   13.9453
   -7.5000   15.0000  -45.0000 2236.5295   14.9190
    0.0000   15.0000  -45.0000 2242.5129   14.9477
    7.5000   15.0000  -45.0000 2202.2112   15.2262
   -7.5000   22.5000  -45.0000 2121.0093   16.5517
    0.0000   22.5000  -45.0000 2126.1594   16.5853
    7.5000   22.5000  -45.0000 2087.7659   16.9220
   -7.5000   30.0000  -45.0000 1987.8970   18.8115
    0.0000   30.0000  -45.0000 1990.8673   18.8412
    7.5000   30.0000  -45.0000 1961.3253   19.1672
   -7.5000   37.5000  -45.0000 1855.4586   21.8444
    0.0000   37.5000  -45.0000 1861.1451   21.9174
    7.5000   37.5000  -45.0000 1834.7246   22.3373
   -7.5000  -52.5000  -37.5000 2472.2185   11.9511
    0.0000  -52.5000  -37.5000 2482.5791   11.9535
    7.5000  -52.5000  -37.5000 2448.1101   12.0959
   -7.5000  -45.0000  -37.5000 2544.7822   11.2901
    0.0000  -45.0000  -37.5000 2557.5054   11.2556
    7.5000  -45.0000  -37.5000 2524.9026   11.4100
   -7.5000  -37.5000  -37.5000 2583.2200   10.8385
    0.0000  -37.5000  -37.5000 2594.3853   10.8096
    7.5000  -37.5000  -37.5000 2566.9644   10.9707
   -7.5000  -30.0000  -37.5000 2601.0913   10.5735
    0.0000  -30.0000  -37.5000 2611.3928   10.5448
    7.5000  -30.0000  -37.5000 2582.7400   10.7024
   -7.5000  -22.5000  -37.5000 2604.2759   10.5208
    0.0000  -22.5000  -37.5000 2610.0176   10.5061
    7.5000  -22.5000  -37.5000 2573.9539   10.6839
   -7.5000  -15.0000  -37.5000 2582.5378   10.7871
    0.0000  -15.0000  -37.5000 2588.6790   10.7568
    7.5000  -15.0000  -37.5000 2549.3757   10.9730
   -7.5000   -7.5000  -37.5000 2542.9504   11.2431
    0.0000   -7.5000  -37.5000 2552.8010   11.2092
    7.5000   -7.5000  -37.5000 2512.2075   11.4355
   -7.5000    0.0000  -37.5000 2487.5115   11.9045
    0.0000    0.0000  -37.5000 2499.9319   11.8650
    7.5000    0.0000  -37.5000 2459.7561   12.0994
   -7.5000    7.5000  -37.5000 2417.8589   12.7606
    0.0000    7.5000  -37.5000 2424.4802   12.7454
    7.5000    7.5000  -37.5000 2388.6189   13.0023
   -7.5000   15.0000  -37.5000 2319.0850   13.9172
    0.0000   15.0000  -37.5000 2325.3682   13.9155
    7.5000   15.0000  -37.5000 2291.0164   14.1811
   -7.5000   22.5000  -37.5000 2199.5271   15.4533
    0.0000   22.5000  -37.5000 2206.8545   15.4543
    7.5000   22.5000  -37.5000 2170.2395   15.7046
   -7.5000   30.0000  -37.5000 2060.0098   17.4985
    0.0000   30.0000  -37.5000 2066.2656   17.5050
    7.5000   30.0000  -37.5000 2032.1284   17.7613
   -7.5000   37.5000  -37.5000 1917.6030   20.2389
    0.0000   37.5000  -37.5000 1927.3016   20.3155
    7.5000   37.5000  -37.5000 1893.7416   20.6681
   -7.5000  -52.5000  -30.0000 2565.1726   11.8052
    0.0000  -52.5000  -30.0000 2576.9607   11.7702
    7.5000  -52.5000  -30.0000 2544.2327   11.9138
   -7.5000  -45.0000  -30.0000 2646.1907   11.0869
    0.0000  -45.0000  -30.0000 2658.6123   11.0465
    7.5000  -45.0000  -30.0000 2625.7683   11.1964
   -7.5000  -37.5000  -30.0000 2697.6809   10.5923
    0.0000  -37.5000  -30.0000 2709.5547   10.5749
    7.5000  -37.5000  -30.0000 2677.3252   10.7323
   -7.5000  -30.0000  -30.0000 2729.5151   10.2843
    0.0000  -30.0000  -30.0000 2742.0850   10.2662
    7.5000  -30.0000  -30.0000 2700.3545   10.4297
   -7.5000  -22.5000  -30.0000 2743.6504   10.1934
    0.0000  -22.5000  -30.0000 2751.4282   10.1693
    7.5000  -22.5000  -30.0000 2706.1672   10.3787
   -7.5000  -15.0000  -30.0000 2725.5361   10.4557
    0.0000  -15.0000  -30.0000 2735.0244   10.4167
    7.5000  -15.0000  -30.0000 2694.3062   10.6639
   -7.5000   -7.5000  -30.0000 2689.6360   10.9051
    0.0000   -7.5000  -30.0000 2698.8669   10.8544
    7.5000   -7.5000  -30.0000 2659.7522   11.1038
   -7.5000    0.0000  -30.0000 2627.7493   11.5496
    0.0000    0.0000  -30.0000 2639.0759   11.4827
    7.5000    0.0000  -30.0000 2599.0168   11.7424
   -7.5000    7.5000  -30.0000 2544.5361   12.4109
    0.0000    7.5000  -30.0000 2552.7744   12.3679
    7.5000    7.5000  -30.0000 2519.0645   12.6212
   -7.5000   15.0000  -30.0000 2433.3257   13.5373
    0.0000   15.0000  -30.0000 2437.4253   13.5204
    7.5000   15.0000  -30.0000 2407.4641   13.7723
   -7.5000   22.5000  -30.0000 2308.3188   15.0205
    0.0000   22.5000  -30.0000 2319.8376   15.0081
    7.5000   22.5000  -30.0000 2281.6560   15.2643
   -7.5000   30.0000  -30.0000 2164.3450   16.9454
    0.0000   30.0000  -30.0000 2171.9912   16.9957
    7.5000   30.0000  -30.0000 2135.2329   17.2647
   -7.5000   37.5000  -30.0000 2012.0880   19.5754
    0.0000   37.5000  -30.0000 2016.0121   19.6776
    7.5000   37.5000  -30.0000 1981.7959   19.9875
   -7.5000  -52.5000  -22.5000 2613.9565   11.5781
    0.0000  -52.5000  -22.5000 2627.7915   11.5214
    7.5000  -52.5000  -22.5000 2598.5881   11.6872
   -7.5000  -45.0000  -22.5000 2704.6335   10.8093
    0.0000  -45.0000  -22.5000 2724.9648   10.7926
    7.5000  -45.0000  -22.5000 2687.9302   10.9371
   -7.5000  -37.5000  -22.5000 2773.0088   10.2923
    0.0000  -37.5000  -22.5000 2792.7383   10.2880
    7.5000  -37.5000  -22.5000 2750.7173   10.4466
   -7.5000  -30.0000  -22.5000 2814.2432    9.9498
    0.0000  -30.0000  -22.5000 2828.8840    9.9437
    7.5000  -30.0000  -22.5000 2781.5518   10.1398
   -7.5000  -22.5000  -22.5000 2840.3213    9.8221
    0.0000  -22.5000  -22.5000 2849.8748    9.7968
    7.5000  -22.5000  -22.5000 2800.6091   10.0483
   -7.5000  -15.0000  -22.5000 2832.8345   10.0896
    0.0000  -15.0000  -22.5000 2839.8816   10.0490
    7.5000  -15.0000  -22.5000 2792.4724   10.3403
   -7.5000   -7.5000  -22.5000 2795.5950   10.5189
    0.0000   -7.5000  -22.5000 2807.6284   10.4823
    7.5000   -7.5000  -22.5000 2765.0542   10.7751
   -7.5000    0.0000  -22.5000 2728.1665   11.1448
    0.0000    0.0000  -22.5000 2741.3059   11.1107
    7.5000    0.0000  -22.5000 2701.1655   11.4004
   -7.5000    7.5000  -22.5000 2636.9453   11.9861
    0.0000    7.5000  -22.5000 2644.4717   11.9711
    7.5000    7.5000  -22.5000 2606.9048   12.2455
   -7.5000   15.0000  -22.5000 2521.6726   13.0836
    0.0000   15.0000  -22.5000 2522.9927   13.0920
    7.5000   15.0000  -22.5000 2490.2803   13.3407
   -7.5000   22.5000  -22.5000 2389.5320   14.5287
    0.0000   22.5000  -22.5000 2402.0322   14.5311
    7.5000   22.5000  -22.5000 2360.8723   14.8266
   -7.5000   30.0000  -22.5000 2238.0273   16.4195
    0.0000   30.0000  -22.5000 2246.8887   16.4544
    7.5000   30.0000  -22.5000 2208.0249   16.8036
   -7.5000   37.5000  -22.5000 2075.4019   18.9538
    0.0000   37.5000  -22.5000 2080.5747   18.9997
    7.5000   37.5000  -22.5000 2042.0286   19.3930
   -7.5000  -52.5000  -15.0000 2619.1301   11.3725
    0.0000  -52.5000  -15.0000 2634.1150   11.3078
    7.5000  -52.5000  -15.0000 2606.5122   11.4816
   -7.5000  -45.0000  -15.0000 2720.3696   10.6070
    0.0000  -45.0000  -15.0000 2740.9519   10.5475
    7.5000  -45.0000  -15.0000 2708.0837   10.7152
   -7.5000  -37.5000  -15.0000 2802.1658   10.0778
    0.0000  -37.5000  -15.0000 2824.9749   10.0291
    7.5000  -37.5000  -15.0000 2789.2993   10.2119
   -7.5000  -30.0000  -15.0000 2852.0325    9.7344
    0.0000  -30.0000  -15.0000 2869.4670    9.7022
    7.5000  -30.0000  -15.0000 2837.0962    9.9044
   -7.5000  -22.5000  -15.0000 2898.7175    9.5977
    0.0000  -22.5000  -15.0000 2915.8096    9.5660
    7.5000  -22.5000  -15.0000 2872.4111    9.8463
   -7.5000  -15.0000  -15.0000 2900.5945    9.7844
    0.0000  -15.0000  -15.0000 2913.1873    9.7806
    7.5000  -15.0000  -15.0000 2863.9768   10.1044
   -7.5000   -7.5000  -15.0000 2857.7109   10.2136
    0.0000   -7.5000  -15.0000 2876.3430   10.1999
    7.5000   -7.5000  -15.0000 2827.9980   10.4867
   -7.5000    0.0000  -15.0000 2788.6404   10.8149
    0.0000    0.0000  -15.0000 2803.0156   10.7958
    7.5000    0.0000  -15.0000 2755.5042   11.0453
   -7.5000    7.5000  -15.0000 2691.5659   11.6449
    0.0000    7.5000  -15.0000 2697.5168   11.6319
    7.5000    7.5000  -15.0000 2656.9753   11.8459
   -7.5000   15.0000  -15.0000 2565.2422   12.7701
    0.0000   15.0000  -15.0000 2570.7839   12.7270
    7.5000   15.0000  -15.0000 2533.5876   12.9501
   -7.5000   22.5000  -15.0000 2433.3298   14.2048
    0.0000   22.5000  -15.0000 2442.6575   14.1568
    7.5000   22.5000  -15.0000 2403.2380   14.4140
   -7.5000   30.0000  -15.0000 2280.3567   16.0465
    0.0000   30.0000  -15.0000 2289.5791   16.0528
    7.5000   30.0000  -15.0000 2253.1296   16.3598
   -7.5000   37.5000  -15.0000 2110.1709   18.4825
    0.0000   37.5000  -15.0000 2119.5693   18.5199
    7.5000   37.5000  -15.0000 2086.9651   18.8624
   -7.5000  -52.5000   -7.5000 2597.0483   11.2345
    0.0000  -52.5000   -7.5000 2614.9500   11.1745
    7.5000  -52.5000   -7.5000 2595.1946   11.3933
   -7.5000  -45.0000   -7.5000 2704.1792   10.4492
    0.0000  -45.0000   -7.5000 2724.7881   10.3901
    7.5000  -45.0000   -7.5000 2706.8088   10.6120
   -7.5000  -37.5000   -7.5000 2804.9138    9.9781
    0.0000  -37.5000   -7.5000 2828.2791    9.9114
    7.5000  -37.5000   -7.5000 2809.6821   10.1252
   -7.5000  -30.0000   -7.5000 2887.4131    9.7336
    0.0000  -30.0000   -7.5000 2916.4668    9.6746
    7.5000  -30.0000   -7.5000 2887.1943    9.8278
   -7.5000  -22.5000   -7.5000 2953.1775    9.6486
    0.0000  -22.5000   -7.5000 2989.1909    9.6367
    7.5000  -22.5000   -7.5000 2927.5852    9.7547
   -7.5000  -15.0000   -7.5000 2956.4546    9.7077
    0.0000  -15.0000   -7.5000 2983.9565    9.7143
    7.5000  -15.0000   -7.5000 2906.5308    9.8988
   -7.5000   -7.5000   -7.5000 2905.5088   10.0002
    0.0000   -7.5000   -7.5000 2922.3372   10.0135
    7.5000   -7.5000   -7.5000 2857.3630   10.2123
   -7.5000    0.0000   -7.5000 2825.4336   10.5344
    0.0000    0.0000   -7.5000 2840.8843   10.5217
    7.5000    0.0000   -7.5000 2789.0818   10.7224
   -7.5000    7.5000   -7.5000 2716.4250   11.3475
    0.0000    7.5000   -7.5000 2727.9568   11.3226
    7.5000    7.5000   -7.5000 2687.7568   11.5252
   -7.5000   15.0000   -7.5000 2587.2666   12.4971
    0.0000   15.0000   -7.5000 2596.6582   12.4694
    7.5000   15.0000   -7.5000 2558.1616   12.6878
   -7.5000   22.5000   -7.5000 2457.9434   13.9439
    0.0000   22.5000   -7.5000 2466.6870   13.9288
    7.5000   22.5000   -7.5000 2423.8945   14.1568
   -7.5000   30.0000   -7.5000 2304.5261   15.7681
    0.0000   30.0000   -7.5000 2310.2620   15.7694
    7.5000   30.0000   -7.5000 2271.9238   16.0131
   -7.5000   37.5000   -7.5000 2139.4377   18.1076
    0.0000   37.5000   -7.5000 2143.0400   18.1489
    7.5000   37.5000   -7.5000 2113.2971   18.4209
   -7.5000  -52.5000    0.0000 2565.1689   11.4035
    0.0000  -52.5000    0.0000 2584.5784   11.3242
    7.5000  -52.5000    0.0000 2579.1895   11.5661
   -7.5000  -45.0000    0.0000 2688.1155   10.6381
    0.0000  -45.0000    0.0000 2705.0122   10.6001
    7.5000  -45.0000    0.0000 2695.4668   10.7999
   -7.5000  -37.5000    0.0000 2807.4868   10.1302
    0.0000  -37.5000    0.0000 2828.4231   10.1280
    7.5000  -37.5000    0.0000 2802.3872   10.2709
   -7.5000  -30.0000    0.0000 2908.9031    9.8823
    0.0000  -30.0000    0.0000 2940.1677    9.8894
    7.5000  -30.0000    0.0000 2887.8569    9.9345
   -7.5000  -22.5000    0.0000 2990.6016    9.7855
    0.0000  -22.5000    0.0000 3029.2427    9.8131
    7.5000  -22.5000    0.0000 2941.4338    9.8118
   -7.5000  -15.0000    0.0000 2990.4785    9.8220
    0.0000  -15.0000    0.0000 3025.1084    9.8352
    7.5000  -15.0000    0.0000 2928.6438    9.8913
   -7.5000   -7.5000    0.0000 2918.9509   10.0474
    0.0000   -7.5000    0.0000 2937.6909   10.0329
    7.5000   -7.5000    0.0000 2872.6379   10.1794
   -7.5000    0.0000    0.0000 2832.8318   10.4944
    0.0000    0.0000    0.0000 2844.1165   10.4706
    7.5000    0.0000    0.0000 2797.1938   10.6454
   -7.5000    7.5000    0.0000 2721.2112   11.2601
    0.0000    7.5000    0.0000 2732.0005   11.2273
    7.5000    7.5000    0.0000 2693.0781   11.4342
   -7.5000   15.0000    0.0000 2595.1267   12.3733
    0.0000   15.0000    0.0000 2603.7827   12.3400
    7.5000   15.0000    0.0000 2567.6577   12.5738
   -7.5000   22.5000    0.0000 2459.7871   13.8006
    0.0000   22.5000    0.0000 2469.2568   13.7903
    7.5000   22.5000    0.0000 2432.3611   14.0360
   -7.5000   30.0000    0.0000 2309.3123   15.6096
    0.0000   30.0000    0.0000 2314.1416   15.6181
    7.5000   30.0000    0.0000 2282.1880   15.8856
   -7.5000   37.5000    0.0000 2142.8625   17.9152
    0.0000   37.5000    0.0000 2146.4399   17.9549
    7.5000   37.5000    0.0000 2115.7075   18.2498
   -7.5000  -52.5000    7.5000 2551.2019   11.8205
    0.0000  -52.5000    7.5000 2572.2673   11.8160
    7.5000  -52.5000    7.5000 2556.5046   11.9447
   -7.5000  -45.0000    7.5000 2671.7122   10.9823
    0.0000  -45.0000    7.5000 2695.1208   10.9917
    7.5000  -45.0000    7.5000 2675.2048   11.1111
   -7.5000  -37.5000    7.5000 2788.6675   10.4092
    0.0000  -37.5000    7.5000 2812.6096   10.4324
    7.5000  -37.5000    7.5000 2782.8809   10.5266
   -7.5000  -30.0000    7.5000 2891.6626   10.0558
    0.0000  -30.0000    7.5000 2923.2446   10.1017
    7.5000  -30.0000    7.5000 2873.4514   10.1495
   -7.5000  -22.5000    7.5000 2977.7705    9.8738
    0.0000  -22.5000    7.5000 3006.1277    9.9107
    7.5000  -22.5000    7.5000 2925.7705    9.9963
   -7.5000  -15.0000    7.5000 2986.6489    9.8613
    0.0000  -15.0000    7.5000 3012.3137    9.8447
    7.5000  -15.0000    7.5000 2921.7427   10.0235
   -7.5000   -7.5000    7.5000 2913.8276   10.1680
    0.0000   -7.5000    7.5000 2933.9817   10.1202
    7.5000   -7.5000    7.5000 2866.3757   10.3391
   -7.5000    0.0000    7.5000 2817.8364   10.6910
    0.0000    0.0000    7.5000 2831.9922   10.6438
    7.5000    0.0000    7.5000 2789.0649   10.8578
   -7.5000    7.5000    7.5000 2706.5415   11.4494
    0.0000    7.5000    7.5000 2719.0391   11.3952
    7.5000    7.5000    7.5000 2684.2126   11.5987
   -7.5000   15.0000    7.5000 2586.1704   12.4859
    0.0000   15.0000    7.5000 2593.4719   12.4418
    7.5000   15.0000    7.5000 2560.3811   12.6400
   -7.5000   22.5000    7.5000 2449.8616   13.8628
    0.0000   22.5000    7.5000 2453.0940   13.8422
    7.5000   22.5000    7.5000 2424.6765   14.0525
   -7.5000   30.0000    7.5000 2291.4893   15.6406
    0.0000   30.0000    7.5000 2301.1191   15.6314
    7.5000   30.0000    7.5000 2274.4751   15.8653
   -7.5000   37.5000    7.5000 2124.1487   17.9063
    0.0000   37.5000    7.5000 2132.2725   17.9338
    7.5000   37.5000    7.5000 2108.6858   18.2454
   -7.5000  -52.5000   15.0000 2522.5366   12.2649
    0.0000  -52.5000   15.0000 2545.8728   12.2716
    7.5000  -52.5000   15.0000 2525.4985   12.4393
   -7.5000  -45.0000   15.0000 2645.0234   11.3833
    0.0000  -45.0000   15.0000 2664.5146   11.3782
    7.5000  -45.0000   15.0000 2646.5637   11.5496
   -7.5000  -37.5000   15.0000 2756.0073   10.7523
    0.0000  -37.5000   15.0000 2776.9407   10.7667
    7.5000  -37.5000   15.0000 2750.8430   10.9095
   -7.5000  -30.0000   15.0000 2853.1450   10.3351
    0.0000  -30.0000   15.0000 2878.4458   10.3525
    7.5000  -30.0000   15.0000 2836.4326   10.4732
   -7.5000  -22.5000   15.0000 2919.1213   10.0483
    0.0000  -22.5000   15.0000 2944.1597   10.0362
    7.5000  -22.5000   15.0000 2885.3354   10.2420
   -7.5000  -15.0000   15.0000 2928.7485   10.0415
    0.0000  -15.0000   15.0000 2947.9626    9.9681
    7.5000  -15.0000   15.0000 2883.4819   10.2649
   -7.5000   -7.5000   15.0000 2879.4421   10.4296
    0.0000   -7.5000   15.0000 2895.2271   10.3696
    7.5000   -7.5000   15.0000 2839.1379   10.6434
   -7.5000    0.0000   15.0000 2783.4900   11.0280
    0.0000    0.0000   15.0000 2797.9304   10.9831
    7.5000    0.0000   15.0000 2759.3838   11.2328
   -7.5000    7.5000   15.0000 2675.7141   11.8008
    0.0000    7.5000   15.0000 2684.3726   11.7432
    7.5000    7.5000   15.0000 2655.6528   11.9810
   -7.5000   15.0000   15.0000 2551.8044   12.8193
    0.0000   15.0000   15.0000 2558.9211   12.7662
    7.5000   15.0000   15.0000 2532.8838   12.9895
   -7.5000   22.5000   15.0000 2415.2205   14.1324
    0.0000   22.5000   15.0000 2424.4551   14.0884
    7.5000   22.5000   15.0000 2400.1445   14.2944
   -7.5000   30.0000   15.0000 2260.9673   15.8315
    0.0000   30.0000   15.0000 2274.2791   15.8336
    7.5000   30.0000   15.0000 2247.5073   16.0439
   -7.5000   37.5000   15.0000 2093.5090   18.0959
    0.0000   37.5000   15.0000 2104.4617   18.1364
    7.5000   37.5000   15.0000 2080.2947   18.3661
   -7.5000  -52.5000   22.5000 2486.3508   12.8165
    0.0000  -52.5000   22.5000 2505.6968   12.7829
    7.5000  -52.5000   22.5000 2488.7603   13.0557
   -7.5000  -45.0000   22.5000 2606.1890   11.8945
    0.0000  -45.0000   22.5000 2623.7502   11.8341
    7.5000  -45.0000   22.5000 2607.4890   12.1202
   -7.5000  -37.5000   22.5000 2709.3210   11.2397
    0.0000  -37.5000   22.5000 2726.4377   11.1944
    7.5000  -37.5000   22.5000 2705.1965   11.4528
   -7.5000  -30.0000   22.5000 2792.5510   10.7641
    0.0000  -30.0000   22.5000 2811.7822   10.7212
    7.5000  -30.0000   22.5000 2778.2358   10.9675
   -7.5000  -22.5000   22.5000 2836.7869   10.4508
    0.0000  -22.5000   22.5000 2857.1545   10.3511
    7.5000  -22.5000   22.5000 2816.7874   10.6859
   -7.5000  -15.0000   22.5000 2852.1995   10.4536
    0.0000  -15.0000   22.5000 2867.5627   10.3636
    7.5000  -15.0000   22.5000 2828.1277   10.6803
   -7.5000   -7.5000   22.5000 2817.1335   10.8600
    0.0000   -7.5000   22.5000 2830.1189   10.7970
    7.5000   -7.5000   22.5000 2791.7878   11.0614
   -7.5000    0.0000   22.5000 2727.7585   11.5026
    0.0000    0.0000   22.5000 2740.6284   11.4385
    7.5000    0.0000   22.5000 2711.9561   11.6775
   -7.5000    7.5000   22.5000 2628.3127   12.2806
    0.0000    7.5000   22.5000 2637.3376   12.2175
    7.5000    7.5000   22.5000 2612.4851   12.4388
   -7.5000   15.0000   22.5000 2505.3523   13.3092
    0.0000   15.0000   22.5000 2513.7747   13.2668
    7.5000   15.0000   22.5000 2489.0032   13.4660
   -7.5000   22.5000   22.5000 2373.1804   14.5864
    0.0000   22.5000   22.5000 2382.9597   14.5443
    7.5000   22.5000   22.5000 2356.0322   14.7340
   -7.5000   30.0000   22.5000 2213.9304   16.2991
    0.0000   30.0000   22.5000 2226.3181   16.2796
    7.5000   30.0000   22.5000 2204.3713   16.4798
   -7.5000   37.5000   22.5000 2046.8282   18.5213
    0.0000   37.5000   22.5000 2061.6394   18.5323
    7.5000   37.5000   22.5000 2038.0164   18.7626
   -7.5000  -52.5000   30.0000 2435.9534   13.5092
    0.0000  -52.5000   30.0000 2459.2769   13.4418
    7.5000  -52.5000   30.0000 2443.0090   13.8050
   -7.5000  -45.0000   30.0000 2551.4956   12.5505
    0.0000  -45.0000   30.0000 2572.8540   12.4759
    7.5000  -45.0000   30.0000 2555.5632   12.8352
   -7.5000  -37.5000   30.0000 2648.3369   11.8461
    0.0000  -37.5000   30.0000 2670.4189   11.7638
    7.5000  -37.5000   30.0000 2647.6858   12.1068
   -7.5000  -30.0000   30.0000 2720.3105   11.3240
    0.0000  -30.0000   30.0000 2741.8020   11.2218
    7.5000  -30.0000   30.0000 2710.8950   11.5771
   -7.5000  -22.5000   30.0000 2759.6614   11.0183
    0.0000  -22.5000   30.0000 2778.8831   10.9009
    7.5000  -22.5000   30.0000 2747.3765   11.2579
   -7.5000  -15.0000   30.0000 2765.6865   11.0646
    0.0000  -15.0000   30.0000 2778.2878   10.9657
    7.5000  -15.0000   30.0000 2751.5547   11.2601
   -7.5000   -7.5000   30.0000 2730.5981   11.4716
    0.0000   -7.5000   30.0000 2744.5967   11.3968
    7.5000   -7.5000   30.0000 2714.1272   11.6430
   -7.5000    0.0000   30.0000 2654.8157   12.1043
    0.0000    0.0000   30.0000 2667.5457   12.0293
    7.5000    0.0000   30.0000 2641.0569   12.2648
   -7.5000    7.5000   30.0000 2563.1816   12.8930
    0.0000    7.5000   30.0000 2572.3933   12.8191
    7.5000    7.5000   30.0000 2549.9492   13.0366
   -7.5000   15.0000   30.0000 2448.9766   13.9132
    0.0000   15.0000   30.0000 2460.3650   13.8530
    7.5000   15.0000   30.0000 2432.7649   14.0478
   -7.5000   22.5000   30.0000 2316.2625   15.2475
    0.0000   22.5000   30.0000 2330.7803   15.1949
    7.5000   22.5000   30.0000 2299.9778   15.3622
   -7.5000   30.0000   30.0000 2151.8667   16.9557
    0.0000   30.0000   30.0000 2169.8157   16.9319
    7.5000   30.0000   30.0000 2145.4255   17.1025
   -7.5000   37.5000   30.0000 1994.5460   19.1930
    0.0000   37.5000   30.0000 2007.1404   19.1898
    7.5000   37.5000   30.0000 1986.2200   19.3830
   -7.5000  -52.5000   37.5000 2382.9897   14.3142
    0.0000  -52.5000   37.5000 2411.8499   14.2087
    7.5000  -52.5000   37.5000 2390.5972   14.6144
   -7.5000  -45.0000   37.5000 2489.0454   13.3393
    0.0000  -45.0000   37.5000 2514.9502   13.2324
    7.5000  -45.0000   37.5000 2493.8333   13.6014
   -7.5000  -37.5000   37.5000 2585.6982   12.5872
    0.0000  -37.5000   37.5000 2606.6704   12.4813
    7.5000  -37.5000   37.5000 2579.6882   12.8322
   -7.5000  -30.0000   37.5000 2647.3987   12.0430
    0.0000  -30.0000   37.5000 2665.9373   11.8970
    7.5000  -30.0000   37.5000 2637.1277   12.2742
   -7.5000  -22.5000   37.5000 2677.5051   11.7370
    0.0000  -22.5000   37.5000 2692.6917   11.6268
    7.5000  -22.5000   37.5000 2673.5164   11.9672
   -7.5000  -15.0000   37.5000 2680.0566   11.8131
    0.0000  -15.0000   37.5000 2692.8574   11.7087
    7.5000  -15.0000   37.5000 2671.0420   12.0009
   -7.5000   -7.5000   37.5000 2645.1277   12.1966
    0.0000   -7.5000   37.5000 2659.8401   12.1104
    7.5000   -7.5000   37.5000 2633.2512   12.3772
   -7.5000    0.0000   37.5000 2570.9736   12.8273
    0.0000    0.0000   37.5000 2587.6794   12.7452
    7.5000    0.0000   37.5000 2562.7241   12.9662
   -7.5000    7.5000   37.5000 2488.9963   13.5949
    0.0000    7.5000   37.5000 2502.8062   13.5316
    7.5000    7.5000   37.5000 2477.3142   13.7176
   -7.5000   15.0000   37.5000 2385.0156   14.6301
    0.0000   15.0000   37.5000 2397.5105   14.5696
    7.5000   15.0000   37.5000 2371.9268   14.7342
   -7.5000   22.5000   37.5000 2247.5959   16.0137
    0.0000   22.5000   37.5000 2262.4177   15.9786
    7.5000   22.5000   37.5000 2234.1289   16.1431
   -7.5000   30.0000   37.5000 2088.4641   17.7434
    0.0000   30.0000   37.5000 2106.2383   17.7394
    7.5000   30.0000   37.5000 2079.1611   17.9056
   -7.5000   37.5000   37.5000 1938.6516   20.0382
    0.0000   37.5000   37.5000 1953.4016   20.0759
    7.5000   37.5000   37.5000 1933.6954   20.2931
   -7.5000  -52.5000   45.0000 2323.3494   15.2828
    0.0000  -52.5000   45.0000 2354.0164   15.1928
    7.5000  -52.5000   45.0000 2331.0994   15.5760
   -7.5000  -45.0000   45.0000 2423.2939   14.2798
    0.0000  -45.0000   45.0000 2449.8174   14.1628
    7.5000  -45.0000   45.0000 2425.6599   14.5269
   -7.5000  -37.5000   45.0000 2505.0554   13.4790
    0.0000  -37.5000   45.0000 2529.4106   13.3674
    7.5000  -37.5000   45.0000 2502.5366   13.7174
   -7.5000  -30.0000   45.0000 2559.5645   12.9145
    0.0000  -30.0000   45.0000 2577.7822   12.8015
    7.5000  -30.0000   45.0000 2551.3916   13.1407
   -7.5000  -22.5000   45.0000 2591.1919   12.6137
    0.0000  -22.5000   45.0000 2602.7910   12.5241
    7.5000  -22.5000   45.0000 2582.3618   12.8096
   -7.5000  -15.0000   45.0000 2589.4888   12.6830
    0.0000  -15.0000   45.0000 2601.8955   12.6056
    7.5000  -15.0000   45.0000 2577.9680   12.8615
   -7.5000   -7.5000   45.0000 2555.0427   13.0356
    0.0000   -7.5000   45.0000 2572.1362   12.9868
    7.5000   -7.5000   45.0000 2547.0176   13.2491
   -7.5000    0.0000   45.0000 2491.3721   13.6584
    0.0000    0.0000   45.0000 2514.4475   13.5911
    7.5000    0.0000   45.0000 2483.5378   13.8294
   -7.5000    7.5000   45.0000 2414.4778   14.4297
    0.0000    7.5000   45.0000 2431.4941   14.3530
    7.5000    7.5000   45.0000 2402.8372   14.5643
   -7.5000   15.0000   45.0000 2312.3428   15.4817
    0.0000   15.0000   45.0000 2323.0869   15.4105
    7.5000   15.0000   45.0000 2293.8044   15.5714
   -7.5000   22.5000   45.0000 2177.8623   16.9075
    0.0000   22.5000   45.0000 2190.1685   16.8628
    7.5000   22.5000   45.0000 2159.9597   16.9960
   -7.5000   30.0000   45.0000 2027.4167   18.7464
    0.0000   30.0000   45.0000 2040.1469   18.7056
    7.5000   30.0000   45.0000 2013.9818   18.8522
   -7.5000   37.5000   45.0000 1891.4941   21.1219
    0.0000   37.5000   45.0000 1900.3036   21.0793
    7.5000   37.5000   45.0000 1883.4094   21.3164

---------------------------------------------------------------------
imgreg_4dfp /opt/freesurfer/average/711-2C_as_mni_average_305 /opt/freesurfer/average/711-2B_as_mni_average_305_mask talsrcimg_g11 none talsrcimg_to_711-2C_as_mni_average_305_t4 1283
---------------------------------------------------------------------

freesurfer imgreg_4dfp.c
/opt/freesurfer/average/711-2C_as_mni_average_305.4dfp.img
       256       256       256         1
  1.000000  1.000000  1.000000
orientation T byte_order littleendian
Reading image: /opt/freesurfer/average/711-2C_as_mni_average_305.4dfp.img
dimensions:      256       256       256
mmppix:       1.0000   -1.0000   -1.0000
center:     128.0000 -129.0000 -129.0000
/opt/freesurfer/average/711-2B_as_mni_average_305_mask.4dfp.img
       256       256       256         1
  1.000000  1.000000  1.000000
orientation T byte_order littleendian
Reading mask: /opt/freesurfer/average/711-2B_as_mni_average_305_mask.4dfp.img (2306576 pixels)
talsrcimg_g11.4dfp.img
       256       256       256         1
  1.000000  1.000000  1.000000
orientation T byte_order littleendian
Reading image: talsrcimg_g11.4dfp.img
dimensions:      256       256       256
mmppix:       1.0000   -1.0000   -1.0000
center:     128.0000 -129.0000 -129.0000
rotation matrix determinant  1.000000
fimgreg.f
image alignment mode   1283 decimal      503 hex
parameters
    0.0000  -22.5000    0.0000    0.0000    0.0000    0.0000
eta,q 0.94979  9.86817
niter,ni,del,rscale     5    3   12.0000    1.2000
parameter  4  0.552781 ->  0.500000 qaram    1.1500
parameters
   -1.5581  -19.8688    1.5902   -3.4500    0.7042   -1.0243
eta,q 0.96158  9.81341
  0.0548  0.0655  0.0544  0.0414  0.0508  0.0429
  0.0476  0.0558  0.0496  0.0391  0.0449  0.0400
  0.0433  0.0475  0.0457  0.0398  0.0411  0.0384
  0.0444  0.0427  0.0428  0.0415  0.0390  0.0389
  0.0518  0.0424  0.0417  0.0437  0.0395  0.0406
  0.0621  0.0428  0.0432  0.0473  0.0424  0.0428
  0.0718  0.0443  0.0470  0.0506  0.0461  0.0463
niter,ni,del,rscale     5    3   12.0000    1.2000
parameters
   -2.0439  -18.0439    0.9402   -4.2881    1.2743   -1.1666
eta,q 0.96308  9.76110
  0.0553  0.0573  0.0448  0.0461  0.0476  0.0431
  0.0460  0.0491  0.0412  0.0404  0.0425  0.0394
  0.0401  0.0423  0.0388  0.0368  0.0394  0.0371
  0.0384  0.0384  0.0380  0.0380  0.0373  0.0370
  0.0422  0.0380  0.0394  0.0407  0.0372  0.0383
  0.0506  0.0397  0.0434  0.0447  0.0401  0.0402
  0.0613  0.0431  0.0491  0.0495  0.0447  0.0430
niter,ni,del,rscale     4    3   12.0000    1.2000
parameters
   -2.1795  -17.8100    0.8536   -4.6719    1.3790   -1.1783
eta,q 0.96334  9.75433
  0.0561  0.0511  0.0457  0.0469  0.0462  0.0434
  0.0452  0.0438  0.0414  0.0421  0.0417  0.0395
  0.0387  0.0381  0.0383  0.0368  0.0387  0.0369
  0.0369  0.0369  0.0370  0.0370  0.0367  0.0367
  0.0399  0.0386  0.0380  0.0397  0.0374  0.0380
  0.0472  0.0419  0.0413  0.0436  0.0409  0.0399
  0.0570  0.0489  0.0467  0.0486  0.0461  0.0428
niter,ni,del,rscale     3    3   12.0000    1.2000
parameters
   -2.2018  -17.6506    0.8218   -4.8464    1.3990   -1.1713
eta,q 0.96340  9.75153
  0.0569  0.0510  0.0456  0.0473  0.0460  0.0435
  0.0455  0.0437  0.0413  0.0428  0.0416  0.0395
  0.0387  0.0379  0.0381  0.0372  0.0385  0.0368
  0.0367  0.0367  0.0367  0.0367  0.0366  0.0366
  0.0394  0.0385  0.0377  0.0392  0.0375  0.0379
  0.0467  0.0422  0.0410  0.0430  0.0411  0.0399
  0.0563  0.0495  0.0463  0.0482  0.0465  0.0428
niter,ni,del,rscale     2    3   12.0000    1.2000
parameters
   -2.2029  -17.5736    0.8071   -4.9242    1.4003   -1.1631
eta,q 0.96341  9.75083
  0.0570  0.0508  0.0456  0.0475  0.0460  0.0435
  0.0456  0.0435  0.0412  0.0431  0.0416  0.0395
  0.0386  0.0377  0.0380  0.0374  0.0385  0.0368
  0.0366  0.0366  0.0366  0.0366  0.0366  0.0366
  0.0393  0.0385  0.0376  0.0391  0.0375  0.0378
  0.0465  0.0425  0.0409  0.0427  0.0412  0.0399
  0.0562  0.0500  0.0461  0.0480  0.0466  0.0429
niter,ni,del,rscale     1    3   12.0000    1.2000
parameters
   -2.2018  -17.5377    0.8016   -4.9586    1.3999   -1.1596
eta,q 0.96342  9.75052
  0.0571  0.0506  0.0456  0.0476  0.0460  0.0435
  0.0456  0.0434  0.0412  0.0432  0.0416  0.0395
  0.0386  0.0376  0.0380  0.0375  0.0385  0.0368
  0.0366  0.0366  0.0366  0.0366  0.0366  0.0366
  0.0393  0.0386  0.0376  0.0390  0.0375  0.0378
  0.0465  0.0427  0.0408  0.0426  0.0412  0.0399
  0.0562  0.0503  0.0461  0.0479  0.0466  0.0429
registration optimization eta report
parameter search radius
    6.0000    6.0000    6.0000    6.9000    6.0000    6.0000
100000*second partial in parameter space
       55.       39.       25.       23.       26.       18.
  0.0571  0.0506  0.0456  0.0476  0.0460  0.0435
  0.0456  0.0434  0.0412  0.0432  0.0416  0.0395
  0.0386  0.0376  0.0380  0.0375  0.0385  0.0368
  0.0366  0.0366  0.0366  0.0366  0.0366  0.0366
  0.0393  0.0386  0.0376  0.0390  0.0375  0.0378
  0.0465  0.0427  0.0408  0.0426  0.0412  0.0399
  0.0562  0.0503  0.0461  0.0479  0.0466  0.0429
   -2.2018  -17.5377    0.8016   -4.9586    1.3999   -1.1596
eta,q 0.96342  9.75052

---------------------------------------------------------------------
imgreg_4dfp /opt/freesurfer/average/711-2C_as_mni_average_305 /opt/freesurfer/average/711-2B_as_mni_average_305_mask talsrcimg_g11 none talsrcimg_to_711-2C_as_mni_average_305_t4 3335
---------------------------------------------------------------------

freesurfer imgreg_4dfp.c
/opt/freesurfer/average/711-2C_as_mni_average_305.4dfp.img
       256       256       256         1
  1.000000  1.000000  1.000000
orientation T byte_order littleendian
Reading image: /opt/freesurfer/average/711-2C_as_mni_average_305.4dfp.img
dimensions:      256       256       256
mmppix:       1.0000   -1.0000   -1.0000
center:     128.0000 -129.0000 -129.0000
/opt/freesurfer/average/711-2B_as_mni_average_305_mask.4dfp.img
       256       256       256         1
  1.000000  1.000000  1.000000
orientation T byte_order littleendian
Reading mask: /opt/freesurfer/average/711-2B_as_mni_average_305_mask.4dfp.img (2306576 pixels)
talsrcimg_g11.4dfp.img
       256       256       256         1
  1.000000  1.000000  1.000000
orientation T byte_order littleendian
Reading image: talsrcimg_g11.4dfp.img
dimensions:      256       256       256
mmppix:       1.0000   -1.0000   -1.0000
center:     128.0000 -129.0000 -129.0000
fimgreg.f
image alignment mode   3335 decimal      D07 hex
parameters
   -2.2018  -17.5377    0.8016   -0.0503   -0.3989   -0.4040
    2.2273   -2.2584   -2.0231    8.6911    2.4430   -8.6410
eta,q 0.96220  9.89687
niter,ni,del,rscale     5    3    5.0000    1.2000
parameter  4  0.587702 ->  0.500000 qaram    1.1500
parameter  5  2.283521 ->  0.500000 qaram    1.1500
parameters
   -2.3350  -17.3063    0.9305   -4.1903   -4.5389   -0.3389
    1.3640   -0.5662   -1.2180    8.5942    4.7667   -9.9968
eta,q 0.96847  9.65909
  0.0414  0.0406  0.0397  0.0374  0.0301  0.0344  0.0343  0.0392  0.0345  0.0357  0.0337  0.0326
  0.0393  0.0391  0.0387  0.0367  0.0316  0.0333  0.0329  0.0359  0.0332  0.0337  0.0329  0.0319
  0.0381  0.0382  0.0380  0.0367  0.0339  0.0325  0.0322  0.0335  0.0323  0.0323  0.0322  0.0316
  0.0378  0.0378  0.0378  0.0378  0.0366  0.0322  0.0321  0.0321  0.0318  0.0318  0.0318  0.0316
  0.0384  0.0379  0.0379  0.0401  0.0396  0.0324  0.0327  0.0318  0.0319  0.0323  0.0316  0.0320
  0.0400  0.0385  0.0384  0.0431  0.0429  0.0330  0.0339  0.0328  0.0325  0.0339  0.0318  0.0328
  0.0423  0.0397  0.0393  0.0463  0.0467  0.0346  0.0355  0.0347  0.0336  0.0359  0.0322  0.0338
niter,ni,del,rscale     6    3    5.0000    1.2000
parameter  5  1.094782 ->  0.500000 qaram    1.3225
parameters
   -2.1634  -17.5490    0.9619   -4.3967   -9.2999    0.6201
    1.1686   -0.5220   -1.3453    9.2289    4.8483  -10.8411
eta,q 0.97147  9.51029
  0.0361  0.0340  0.0334  0.0356  0.0279  0.0311  0.0316  0.0335  0.0309  0.0329  0.0299  0.0298
  0.0337  0.0325  0.0324  0.0336  0.0283  0.0299  0.0300  0.0309  0.0296  0.0307  0.0292  0.0291
  0.0321  0.0316  0.0317  0.0322  0.0295  0.0290  0.0289  0.0292  0.0289  0.0292  0.0287  0.0286
  0.0315  0.0315  0.0315  0.0315  0.0315  0.0286  0.0286  0.0286  0.0286  0.0286  0.0286  0.0286
  0.0318  0.0321  0.0317  0.0317  0.0345  0.0287  0.0291  0.0291  0.0289  0.0287  0.0287  0.0289
  0.0329  0.0333  0.0323  0.0335  0.0379  0.0291  0.0302  0.0307  0.0298  0.0297  0.0291  0.0296
  0.0349  0.0352  0.0333  0.0366  0.0417  0.0301  0.0320  0.0334  0.0311  0.0317  0.0298  0.0305
niter,ni,del,rscale     6    3    5.0000    1.2000
parameters
   -2.1862  -17.4892    1.4041   -3.9857  -12.8419    1.3440
    1.2915   -0.5385   -1.4293    9.5678    4.8583  -10.8656
eta,q 0.97233  9.39854
  0.0325  0.0318  0.0309  0.0332  0.0297  0.0299  0.0311  0.0323  0.0302  0.0315  0.0289  0.0292
  0.0303  0.0300  0.0298  0.0310  0.0282  0.0287  0.0293  0.0298  0.0288  0.0293  0.0282  0.0283
  0.0289  0.0289  0.0290  0.0294  0.0276  0.0278  0.0281  0.0282  0.0280  0.0280  0.0278  0.0279
  0.0285  0.0285  0.0285  0.0285  0.0284  0.0276  0.0277  0.0277  0.0277  0.0277  0.0277  0.0277
  0.0290  0.0288  0.0285  0.0284  0.0301  0.0278  0.0280  0.0282  0.0280  0.0280  0.0278  0.0278
  0.0304  0.0298  0.0289  0.0300  0.0333  0.0280  0.0292  0.0298  0.0289  0.0291  0.0282  0.0284
  0.0326  0.0315  0.0297  0.0328  0.0372  0.0291  0.0309  0.0324  0.0303  0.0306  0.0289  0.0292
niter,ni,del,rscale     5    3    5.0000    1.2000
parameters
   -2.1998  -17.3007    1.7300   -3.6783  -13.3206    1.5913
    1.3102   -0.5535   -1.4999    9.7094    4.7553  -10.9154
eta,q 0.97245  9.40019
  0.0317  0.0313  0.0297  0.0322  0.0317  0.0296  0.0310  0.0322  0.0301  0.0311  0.0288  0.0291
  0.0294  0.0295  0.0287  0.0302  0.0297  0.0284  0.0292  0.0297  0.0287  0.0291  0.0281  0.0282
  0.0281  0.0283  0.0280  0.0286  0.0282  0.0277  0.0280  0.0281  0.0278  0.0279  0.0276  0.0278
  0.0277  0.0277  0.0276  0.0276  0.0275  0.0275  0.0276  0.0275  0.0275  0.0275  0.0276  0.0276
  0.0282  0.0278  0.0276  0.0276  0.0282  0.0277  0.0280  0.0281  0.0279  0.0280  0.0277  0.0277
  0.0296  0.0288  0.0280  0.0293  0.0299  0.0280  0.0291  0.0297  0.0288  0.0291  0.0281  0.0283
  0.0317  0.0304  0.0289  0.0321  0.0330  0.0294  0.0309  0.0323  0.0302  0.0307  0.0288  0.0291
niter,ni,del,rscale     4    3    5.0000    1.2000
parameters
   -2.2076  -17.2702    1.7717   -3.6178  -13.3756    1.6071
    1.3256   -0.5500   -1.4999    9.7339    4.7463  -10.9224
eta,q 0.97247  9.40076
  0.0317  0.0308  0.0292  0.0320  0.0321  0.0295  0.0309  0.0323  0.0301  0.0310  0.0288  0.0291
  0.0294  0.0291  0.0284  0.0300  0.0300  0.0283  0.0292  0.0297  0.0287  0.0290  0.0281  0.0282
  0.0280  0.0280  0.0278  0.0285  0.0283  0.0276  0.0280  0.0281  0.0279  0.0278  0.0276  0.0278
  0.0276  0.0276  0.0275  0.0275  0.0275  0.0275  0.0275  0.0275  0.0275  0.0275  0.0275  0.0275
  0.0281  0.0279  0.0277  0.0277  0.0280  0.0277  0.0279  0.0281  0.0278  0.0280  0.0277  0.0277
  0.0295  0.0290  0.0282  0.0295  0.0296  0.0280  0.0291  0.0297  0.0287  0.0291  0.0281  0.0283
  0.0317  0.0307  0.0292  0.0324  0.0325  0.0296  0.0309  0.0323  0.0301  0.0307  0.0288  0.0291
niter,ni,del,rscale     3    3    5.0000    1.2000
parameters
   -2.2083  -17.2653    1.7734   -3.6093  -13.3829    1.6123
    1.3257   -0.5533   -1.5045    9.7428    4.7522  -10.9272
eta,q 0.97247  9.40108
  0.0317  0.0308  0.0292  0.0320  0.0321  0.0295  0.0309  0.0322  0.0301  0.0310  0.0288  0.0291
  0.0294  0.0291  0.0283  0.0300  0.0300  0.0283  0.0292  0.0297  0.0287  0.0289  0.0281  0.0282
  0.0280  0.0280  0.0278  0.0285  0.0284  0.0276  0.0280  0.0281  0.0278  0.0278  0.0276  0.0278
  0.0275  0.0275  0.0275  0.0275  0.0275  0.0275  0.0275  0.0275  0.0275  0.0275  0.0275  0.0275
  0.0281  0.0279  0.0277  0.0277  0.0280  0.0277  0.0279  0.0280  0.0278  0.0280  0.0277  0.0277
  0.0295  0.0290  0.0282  0.0296  0.0296  0.0280  0.0291  0.0297  0.0287  0.0291  0.0281  0.0283
  0.0316  0.0308  0.0292  0.0325  0.0325  0.0296  0.0310  0.0323  0.0301  0.0307  0.0287  0.0291
registration optimization eta report
parameter search radius
    2.4000    2.4000    2.4000    8.2800    9.5220    7.2000
    7.2000    7.2000    7.2000    7.2000    7.2000    7.2000
100000*second partial in parameter space
       72.       56.       29.        7.        5.        4.
        7.        9.        5.        6.        2.        3.
  0.0317  0.0308  0.0292  0.0320  0.0321  0.0295  0.0309  0.0322  0.0301  0.0310  0.0288  0.0291
  0.0294  0.0291  0.0283  0.0300  0.0300  0.0283  0.0292  0.0297  0.0287  0.0289  0.0281  0.0282
  0.0280  0.0280  0.0278  0.0285  0.0284  0.0276  0.0280  0.0281  0.0278  0.0278  0.0276  0.0278
  0.0275  0.0275  0.0275  0.0275  0.0275  0.0275  0.0275  0.0275  0.0275  0.0275  0.0275  0.0275
  0.0281  0.0279  0.0277  0.0277  0.0280  0.0277  0.0279  0.0280  0.0278  0.0280  0.0277  0.0277
  0.0295  0.0290  0.0282  0.0296  0.0296  0.0280  0.0291  0.0297  0.0287  0.0291  0.0281  0.0283
  0.0316  0.0308  0.0292  0.0325  0.0325  0.0296  0.0310  0.0323  0.0301  0.0307  0.0287  0.0291
   -2.2083  -17.2653    1.7734   -3.6093  -13.3829    1.6123
    1.3257   -0.5533   -1.5045    9.7428    4.7522  -10.9272
eta,q 0.97247  9.40108

---------------------------------------------------------------------
imgreg_4dfp /opt/freesurfer/average/711-2C_as_mni_average_305 /opt/freesurfer/average/711-2B_as_mni_average_305_mask talsrcimg_g11 none talsrcimg_to_711-2C_as_mni_average_305_t4 2311
---------------------------------------------------------------------

freesurfer imgreg_4dfp.c
/opt/freesurfer/average/711-2C_as_mni_average_305.4dfp.img
       256       256       256         1
  1.000000  1.000000  1.000000
orientation T byte_order littleendian
Reading image: /opt/freesurfer/average/711-2C_as_mni_average_305.4dfp.img
dimensions:      256       256       256
mmppix:       1.0000   -1.0000   -1.0000
center:     128.0000 -129.0000 -129.0000
/opt/freesurfer/average/711-2B_as_mni_average_305_mask.4dfp.img
       256       256       256         1
  1.000000  1.000000  1.000000
orientation T byte_order littleendian
Reading mask: /opt/freesurfer/average/711-2B_as_mni_average_305_mask.4dfp.img (2306576 pixels)
talsrcimg_g11.4dfp.img
       256       256       256         1
  1.000000  1.000000  1.000000
orientation T byte_order littleendian
Reading image: talsrcimg_g11.4dfp.img
dimensions:      256       256       256
mmppix:       1.0000   -1.0000   -1.0000
center:     128.0000 -129.0000 -129.0000
fimgreg.f
image alignment mode   2311 decimal      907 hex
parameters
   -2.2083  -17.2653    1.7734   -3.6093  -13.3829    1.6123
    1.3257   -0.5533   -1.5045    9.7428    4.7522  -10.9272
eta,q 0.97247  9.40108
niter,ni,del,rscale     5    3    5.0000    0.8000
parameters
   -2.2373  -17.2466    1.8208   -3.0078  -13.0534    2.0266
    1.3261   -0.6012   -1.5279    9.5578    4.5304  -10.9370
eta,q 0.97255  9.45636
  0.0294  0.0291  0.0283  0.0296  0.0290  0.0283  0.0291  0.0297  0.0287  0.0289  0.0280  0.0282
  0.0283  0.0283  0.0279  0.0287  0.0283  0.0278  0.0282  0.0285  0.0280  0.0280  0.0276  0.0278
  0.0277  0.0277  0.0276  0.0280  0.0277  0.0275  0.0277  0.0277  0.0276  0.0276  0.0275  0.0276
  0.0275  0.0275  0.0275  0.0275  0.0275  0.0274  0.0275  0.0275  0.0275  0.0275  0.0275  0.0275
  0.0278  0.0277  0.0276  0.0274  0.0276  0.0275  0.0276  0.0277  0.0276  0.0277  0.0276  0.0275
  0.0284  0.0282  0.0278  0.0279  0.0280  0.0277  0.0282  0.0285  0.0280  0.0283  0.0277  0.0278
  0.0295  0.0290  0.0283  0.0289  0.0287  0.0280  0.0291  0.0298  0.0287  0.0291  0.0281  0.0282
niter,ni,del,rscale     4    3    5.0000    0.7000
parameters
   -2.2407  -17.2893    1.8469   -2.9380  -13.0023    1.9465
    1.3358   -0.5809   -1.4930    9.4518    4.4517  -10.8601
eta,q 0.97257  9.45585
  0.0290  0.0286  0.0281  0.0289  0.0286  0.0279  0.0287  0.0292  0.0284  0.0286  0.0279  0.0280
  0.0281  0.0279  0.0277  0.0282  0.0280  0.0276  0.0280  0.0282  0.0279  0.0279  0.0276  0.0277
  0.0276  0.0276  0.0275  0.0277  0.0276  0.0274  0.0276  0.0276  0.0276  0.0275  0.0275  0.0275
  0.0275  0.0275  0.0275  0.0274  0.0274  0.0274  0.0274  0.0274  0.0274  0.0274  0.0274  0.0274
  0.0276  0.0276  0.0275  0.0275  0.0276  0.0275  0.0276  0.0276  0.0275  0.0276  0.0275  0.0275
  0.0281  0.0280  0.0277  0.0280  0.0280  0.0277  0.0280  0.0282  0.0279  0.0280  0.0277  0.0277
  0.0289  0.0287  0.0280  0.0290  0.0285  0.0279  0.0287  0.0292  0.0284  0.0287  0.0279  0.0280
niter,ni,del,rscale     3    3    5.0000    0.6000
parameters
   -2.2450  -17.2977    1.8579   -2.8394  -13.0153    1.7904
    1.3325   -0.5706   -1.4819    9.3599    4.3995  -10.7945
eta,q 0.97258  9.45061
  0.0285  0.0283  0.0279  0.0286  0.0283  0.0278  0.0284  0.0287  0.0281  0.0283  0.0278  0.0279
  0.0279  0.0278  0.0276  0.0280  0.0278  0.0275  0.0278  0.0280  0.0277  0.0278  0.0275  0.0276
  0.0275  0.0275  0.0275  0.0276  0.0275  0.0274  0.0275  0.0276  0.0275  0.0275  0.0274  0.0275
  0.0274  0.0274  0.0274  0.0274  0.0274  0.0274  0.0274  0.0274  0.0274  0.0274  0.0274  0.0274
  0.0276  0.0275  0.0275  0.0275  0.0275  0.0275  0.0275  0.0275  0.0275  0.0275  0.0275  0.0275
  0.0279  0.0278  0.0276  0.0278  0.0278  0.0276  0.0279  0.0280  0.0277  0.0279  0.0276  0.0276
  0.0285  0.0283  0.0279  0.0286  0.0283  0.0278  0.0284  0.0287  0.0281  0.0284  0.0277  0.0279
niter,ni,del,rscale     2    3    5.0000    0.5000
parameters
   -2.2512  -17.2977    1.8633   -2.7381  -13.0413    1.6095
    1.3386   -0.5628   -1.4837    9.2908    4.3402  -10.7620
eta,q 0.97259  9.44409
  0.0282  0.0280  0.0277  0.0282  0.0280  0.0277  0.0281  0.0283  0.0279  0.0280  0.0276  0.0277
  0.0277  0.0277  0.0276  0.0278  0.0277  0.0275  0.0277  0.0278  0.0276  0.0277  0.0275  0.0276
  0.0275  0.0275  0.0275  0.0276  0.0275  0.0274  0.0275  0.0275  0.0275  0.0275  0.0274  0.0274
  0.0274  0.0274  0.0274  0.0274  0.0274  0.0274  0.0274  0.0274  0.0274  0.0274  0.0274  0.0274
  0.0275  0.0275  0.0274  0.0274  0.0275  0.0275  0.0275  0.0275  0.0275  0.0275  0.0274  0.0274
  0.0278  0.0277  0.0276  0.0277  0.0277  0.0276  0.0277  0.0278  0.0276  0.0277  0.0275  0.0275
  0.0282  0.0280  0.0277  0.0282  0.0280  0.0277  0.0281  0.0283  0.0279  0.0280  0.0276  0.0277
niter,ni,del,rscale     1    3    5.0000    0.4000
parameters
   -2.2538  -17.2932    1.8612   -2.6447  -13.0603    1.4118
    1.3356   -0.5519   -1.4781    9.2435    4.3485  -10.7408
eta,q 0.97260  9.43707
  0.0279  0.0278  0.0276  0.0279  0.0278  0.0276  0.0278  0.0280  0.0277  0.0278  0.0275  0.0276
  0.0276  0.0276  0.0275  0.0277  0.0276  0.0274  0.0276  0.0277  0.0275  0.0276  0.0275  0.0275
  0.0275  0.0275  0.0274  0.0275  0.0274  0.0274  0.0274  0.0275  0.0274  0.0274  0.0274  0.0274
  0.0274  0.0274  0.0274  0.0274  0.0274  0.0274  0.0274  0.0274  0.0274  0.0274  0.0274  0.0274
  0.0275  0.0274  0.0274  0.0274  0.0274  0.0274  0.0274  0.0274  0.0274  0.0274  0.0274  0.0274
  0.0276  0.0276  0.0275  0.0276  0.0276  0.0275  0.0276  0.0276  0.0275  0.0276  0.0275  0.0275
  0.0279  0.0278  0.0276  0.0279  0.0278  0.0276  0.0278  0.0280  0.0277  0.0278  0.0275  0.0276
registration optimization eta report
parameter search radius
    0.8000    0.8000    0.8000    2.4000    2.4000    2.4000
    2.4000    2.4000    2.4000    2.4000    2.4000    2.4000
100000*second partial in parameter space
       78.       61.       31.        9.        7.        3.
        7.       10.        5.        7.        3.        4.
  0.0279  0.0278  0.0276  0.0279  0.0278  0.0276  0.0278  0.0280  0.0277  0.0278  0.0275  0.0276
  0.0276  0.0276  0.0275  0.0277  0.0276  0.0274  0.0276  0.0277  0.0275  0.0276  0.0275  0.0275
  0.0275  0.0275  0.0274  0.0275  0.0274  0.0274  0.0274  0.0275  0.0274  0.0274  0.0274  0.0274
  0.0274  0.0274  0.0274  0.0274  0.0274  0.0274  0.0274  0.0274  0.0274  0.0274  0.0274  0.0274
  0.0275  0.0274  0.0274  0.0274  0.0274  0.0274  0.0274  0.0274  0.0274  0.0274  0.0274  0.0274
  0.0276  0.0276  0.0275  0.0276  0.0276  0.0275  0.0276  0.0276  0.0275  0.0276  0.0275  0.0275
  0.0279  0.0278  0.0276  0.0279  0.0278  0.0276  0.0278  0.0280  0.0277  0.0278  0.0275  0.0276
   -2.2538  -17.2932    1.8612   -2.6447  -13.0603    1.4118
    1.3356   -0.5519   -1.4781    9.2435    4.3485  -10.7408
eta,q 0.97260  9.43707

---------------------------------------------------------------------
imgreg_4dfp /opt/freesurfer/average/711-2C_as_mni_average_305 /opt/freesurfer/average/711-2B_as_mni_average_305_mask talsrcimg_g11 none talsrcimg_to_711-2C_as_mni_average_305_t4 2311
---------------------------------------------------------------------

freesurfer imgreg_4dfp.c
/opt/freesurfer/average/711-2C_as_mni_average_305.4dfp.img
       256       256       256         1
  1.000000  1.000000  1.000000
orientation T byte_order littleendian
Reading image: /opt/freesurfer/average/711-2C_as_mni_average_305.4dfp.img
dimensions:      256       256       256
mmppix:       1.0000   -1.0000   -1.0000
center:     128.0000 -129.0000 -129.0000
/opt/freesurfer/average/711-2B_as_mni_average_305_mask.4dfp.img
       256       256       256         1
  1.000000  1.000000  1.000000
orientation T byte_order littleendian
Reading mask: /opt/freesurfer/average/711-2B_as_mni_average_305_mask.4dfp.img (2306576 pixels)
talsrcimg_g11.4dfp.img
       256       256       256         1
  1.000000  1.000000  1.000000
orientation T byte_order littleendian
Reading image: talsrcimg_g11.4dfp.img
dimensions:      256       256       256
mmppix:       1.0000   -1.0000   -1.0000
center:     128.0000 -129.0000 -129.0000
fimgreg.f
image alignment mode   2311 decimal      907 hex
parameters
   -2.2538  -17.2932    1.8612   -2.6447  -13.0603    1.4118
    1.3356   -0.5519   -1.4781    9.2435    4.3485  -10.7408
eta,q 0.97260  9.43708
niter,ni,del,rscale     5    3    5.0000    0.8000
parameters
   -2.2274  -17.3081    1.8109   -3.0154  -13.0201    1.9472
    1.3228   -0.5522   -1.4507    9.4796    4.5012  -10.8789
eta,q 0.97256  9.45243
  0.0294  0.0289  0.0281  0.0290  0.0288  0.0284  0.0291  0.0297  0.0287  0.0292  0.0281  0.0281
  0.0283  0.0281  0.0277  0.0282  0.0281  0.0278  0.0282  0.0285  0.0280  0.0282  0.0277  0.0278
  0.0276  0.0276  0.0275  0.0277  0.0276  0.0275  0.0276  0.0277  0.0276  0.0276  0.0275  0.0275
  0.0274  0.0274  0.0274  0.0274  0.0274  0.0274  0.0274  0.0274  0.0274  0.0274  0.0274  0.0274
  0.0276  0.0276  0.0275  0.0276  0.0276  0.0275  0.0276  0.0277  0.0276  0.0276  0.0275  0.0275
  0.0283  0.0281  0.0278  0.0284  0.0281  0.0277  0.0282  0.0285  0.0280  0.0281  0.0277  0.0278
  0.0293  0.0290  0.0283  0.0298  0.0288  0.0279  0.0291  0.0297  0.0287  0.0288  0.0280  0.0282
niter,ni,del,rscale     4    3    5.0000    0.7000
parameters
   -2.2357  -17.2985    1.8516   -2.9396  -13.0019    1.9327
    1.3218   -0.5738   -1.4771    9.4328    4.4434  -10.8475
eta,q 0.97256  9.45493
  0.0289  0.0286  0.0281  0.0289  0.0286  0.0280  0.0287  0.0292  0.0284  0.0286  0.0279  0.0280
  0.0281  0.0280  0.0277  0.0282  0.0280  0.0276  0.0280  0.0282  0.0279  0.0279  0.0276  0.0277
  0.0276  0.0276  0.0275  0.0277  0.0276  0.0274  0.0276  0.0276  0.0275  0.0275  0.0275  0.0275
  0.0274  0.0274  0.0274  0.0274  0.0274  0.0274  0.0274  0.0274  0.0274  0.0274  0.0274  0.0274
  0.0276  0.0276  0.0275  0.0275  0.0276  0.0275  0.0276  0.0276  0.0275  0.0276  0.0275  0.0275
  0.0281  0.0280  0.0277  0.0280  0.0280  0.0277  0.0280  0.0282  0.0279  0.0280  0.0276  0.0277
  0.0289  0.0286  0.0280  0.0290  0.0286  0.0279  0.0287  0.0292  0.0284  0.0287  0.0279  0.0280
niter,ni,del,rscale     3    3    5.0000    0.6000
parameters
   -2.2425  -17.3002    1.8625   -2.8371  -13.0148    1.7955
    1.3269   -0.5667   -1.4759    9.3607    4.3709  -10.8039
eta,q 0.97259  9.45093
  0.0285  0.0283  0.0279  0.0286  0.0283  0.0278  0.0284  0.0287  0.0281  0.0283  0.0277  0.0279
  0.0279  0.0278  0.0276  0.0280  0.0278  0.0275  0.0279  0.0280  0.0277  0.0278  0.0275  0.0276
  0.0275  0.0275  0.0275  0.0276  0.0275  0.0274  0.0275  0.0276  0.0275  0.0275  0.0274  0.0275
  0.0274  0.0274  0.0274  0.0274  0.0274  0.0274  0.0274  0.0274  0.0274  0.0274  0.0274  0.0274
  0.0276  0.0275  0.0275  0.0275  0.0275  0.0275  0.0275  0.0276  0.0275  0.0275  0.0275  0.0275
  0.0279  0.0278  0.0276  0.0278  0.0278  0.0276  0.0278  0.0280  0.0277  0.0278  0.0276  0.0276
  0.0285  0.0283  0.0279  0.0286  0.0283  0.0278  0.0284  0.0287  0.0281  0.0283  0.0278  0.0279
niter,ni,del,rscale     2    3    5.0000    0.5000
parameters
   -2.2486  -17.2997    1.8715   -2.7337  -13.0430    1.6276
    1.3374   -0.5575   -1.4699    9.2887    4.3372  -10.7730
eta,q 0.97260  9.44494
  0.0282  0.0280  0.0277  0.0282  0.0280  0.0277  0.0281  0.0283  0.0279  0.0280  0.0276  0.0277
  0.0277  0.0277  0.0276  0.0278  0.0277  0.0275  0.0277  0.0278  0.0276  0.0277  0.0275  0.0276
  0.0275  0.0275  0.0275  0.0276  0.0275  0.0274  0.0275  0.0275  0.0275  0.0275  0.0274  0.0275
  0.0274  0.0274  0.0274  0.0274  0.0274  0.0274  0.0274  0.0274  0.0274  0.0274  0.0274  0.0274
  0.0275  0.0275  0.0274  0.0274  0.0275  0.0275  0.0275  0.0275  0.0275  0.0275  0.0274  0.0274
  0.0278  0.0277  0.0276  0.0277  0.0277  0.0276  0.0277  0.0278  0.0276  0.0277  0.0275  0.0275
  0.0282  0.0280  0.0277  0.0282  0.0280  0.0277  0.0281  0.0283  0.0279  0.0281  0.0276  0.0277
niter,ni,del,rscale     1    3    5.0000    0.4000
parameters
   -2.2528  -17.2928    1.8699   -2.6469  -13.0713    1.4132
    1.3378   -0.5485   -1.4778    9.2442    4.3376  -10.7428
eta,q 0.97261  9.43654
  0.0279  0.0278  0.0276  0.0279  0.0278  0.0276  0.0278  0.0280  0.0277  0.0278  0.0275  0.0276
  0.0276  0.0276  0.0275  0.0277  0.0276  0.0274  0.0276  0.0277  0.0275  0.0276  0.0275  0.0275
  0.0275  0.0274  0.0274  0.0275  0.0274  0.0274  0.0274  0.0275  0.0274  0.0274  0.0274  0.0274
  0.0274  0.0274  0.0274  0.0274  0.0274  0.0274  0.0274  0.0274  0.0274  0.0274  0.0274  0.0274
  0.0275  0.0274  0.0274  0.0274  0.0274  0.0274  0.0274  0.0274  0.0274  0.0274  0.0274  0.0274
  0.0276  0.0276  0.0275  0.0276  0.0276  0.0275  0.0276  0.0276  0.0275  0.0276  0.0275  0.0275
  0.0279  0.0278  0.0276  0.0279  0.0278  0.0276  0.0278  0.0280  0.0277  0.0278  0.0275  0.0276
registration optimization eta report
parameter search radius
    0.8000    0.8000    0.8000    2.4000    2.4000    2.4000
    2.4000    2.4000    2.4000    2.4000    2.4000    2.4000
100000*second partial in parameter space
       78.       62.       32.        9.        7.        3.
        7.       10.        6.        7.        3.        4.
  0.0279  0.0278  0.0276  0.0279  0.0278  0.0276  0.0278  0.0280  0.0277  0.0278  0.0275  0.0276
  0.0276  0.0276  0.0275  0.0277  0.0276  0.0274  0.0276  0.0277  0.0275  0.0276  0.0275  0.0275
  0.0275  0.0274  0.0274  0.0275  0.0274  0.0274  0.0274  0.0275  0.0274  0.0274  0.0274  0.0274
  0.0274  0.0274  0.0274  0.0274  0.0274  0.0274  0.0274  0.0274  0.0274  0.0274  0.0274  0.0274
  0.0275  0.0274  0.0274  0.0274  0.0274  0.0274  0.0274  0.0274  0.0274  0.0274  0.0274  0.0274
  0.0276  0.0276  0.0275  0.0276  0.0276  0.0275  0.0276  0.0276  0.0275  0.0276  0.0275  0.0275
  0.0279  0.0278  0.0276  0.0279  0.0278  0.0276  0.0278  0.0280  0.0277  0.0278  0.0275  0.0276
   -2.2528  -17.2928    1.8699   -2.6469  -13.0713    1.4132
    1.3378   -0.5485   -1.4778    9.2442    4.3376  -10.7428
eta,q 0.97261  9.43654

---------------------------------------------------------------------
compute_vox2vox talsrcimg talsrcimg_to_711-2C_as_mni_average_305_t4 /opt/freesurfer/average/711-2C_as_mni_average_305
---------------------------------------------------------------------

freesurfer compute_vox2vox.c
Reading: talsrcimg.4dfp.ifh
Reading: talsrcimg_to_711-2C_as_mni_average_305_t4
Reading: /opt/freesurfer/average/711-2C_as_mni_average_305.4dfp.ifh
Writing: talsrcimg_to_711-2C_as_mni_average_305_t4_vox2vox.txt

start time Tue Mar 10 08:07:08 CET 2026
end		time Tue Mar 10 08:07:21 CET 2026

mpr2mni305 success

avi2talxfm orig_nu.mgz /opt/freesurfer/average/mni305.cor.mgz talsrcimg_to_711-2C_as_mni_average_305_t4_vox2vox.txt transforms/talairach.auto.xfm
avi2talxfm done
mv -f /out/sourcedata/freesurfer/sub-v2s0x29011_ses-1/mri/talsrcimg_to_711-2C_as_mni_average_305_t4_vox2vox.txt /out/sourcedata/freesurfer/sub-v2s0x29011_ses-1/mri/transforms/talsrcimg_to_711-2C_as_mni_average_305_t4_vox2vox.txt
lta_convert --src orig_nu.mgz --trg /opt/freesurfer/average/mni305.cor.mgz --inxfm transforms/talairach.auto.xfm --outlta transforms/talairach.auto.xfm.lta --subject fsaverage
7.3.2

--src: orig_nu.mgz src image (geometry).
--trg: /opt/freesurfer/average/mni305.cor.mgz trg image (geometry).
--inmni: transforms/talairach.auto.xfm input MNI/XFM transform.
--outlta: transforms/talairach.auto.xfm.lta output LTA.
--s: fsaverage subject name
 LTA read, type : 1
 1.02665   0.00691  -0.01495   1.86653;
-0.04159   0.97480   0.12111  -54.02232;
 0.02188  -0.10355   1.13724  -47.03743;
 0.00000   0.00000   0.00000   1.00000;
setting subject to fsaverage
Writing  LTA to file transforms/talairach.auto.xfm.lta...
lta_convert successful.
 
 
Started at Tue Mar 10 08:07:07 CET 2026
Ended   at Tue Mar 10 08:07:22 CET 2026
talairach_avi done
