Logfile for bbregister
Tue Mar 10 10:58:24 CET 2026

setenv SUBJECTS_DIR /out/sourcedata/freesurfer
cd /out/sourcedata/freesurfer/sub-v2s0x29026_ses-1/scripts
/opt/freesurfer/bin/bbregister --s sub-v2s0x29026_ses-1 --mov /out/sourcedata/freesurfer/sub-v2s0x29026_ses-1/mri/orig/FLAIRraw.mgz --lta /out/sourcedata/freesurfer/sub-v2s0x29026_ses-1/mri/transforms/FLAIRraw.auto.lta --init-coreg --T2 --gm-proj-abs 2 --wm-proj-abs 1 --no-coreg-ref-mask

bbregister 7.3.2
Linux dna078 5.14.0-427.37.1.el9_4.x86_64 #1 SMP PREEMPT_DYNAMIC Fri Sep 13 12:41:50 EDT 2024 x86_64 x86_64 x86_64 GNU/Linux
FREESURFER_HOME /opt/freesurfer
mri_convert /out/sourcedata/freesurfer/sub-v2s0x29026_ses-1/mri/orig/FLAIRraw.mgz /out/sourcedata/freesurfer/sub-v2s0x29026_ses-1/mri/transforms/tmp.bbregister.4093140/template.nii
mri_convert /out/sourcedata/freesurfer/sub-v2s0x29026_ses-1/mri/orig/FLAIRraw.mgz /out/sourcedata/freesurfer/sub-v2s0x29026_ses-1/mri/transforms/tmp.bbregister.4093140/template.nii 
reading from /out/sourcedata/freesurfer/sub-v2s0x29026_ses-1/mri/orig/FLAIRraw.mgz...
TR=0.00, TE=0.00, TI=0.00, flip angle=0.00
i_ras = (-1, 0, 0)
j_ras = (0, 1, 0)
k_ras = (0, 0, 1)
writing to /out/sourcedata/freesurfer/sub-v2s0x29026_ses-1/mri/transforms/tmp.bbregister.4093140/template.nii...
mri_coreg --s sub-v2s0x29026_ses-1 --mov /out/sourcedata/freesurfer/sub-v2s0x29026_ses-1/mri/transforms/tmp.bbregister.4093140/template.nii --regdat /out/sourcedata/freesurfer/sub-v2s0x29026_ses-1/mri/transforms/tmp.bbregister.4093140/reg.init.dat --reg /out/sourcedata/freesurfer/sub-v2s0x29026_ses-1/mri/transforms/tmp.bbregister.4093140/mri_coreg.lta --nthreads 4 --dof 6 --sep 4 --ftol .0001 --linmintol .01 --no-ref-mask

$Id: mri_coreg.c,v 1.27 2016/04/30 15:11:49 greve Exp $
cwd /out/sourcedata/freesurfer/sub-v2s0x29026_ses-1/scripts
cmdline mri_coreg --s sub-v2s0x29026_ses-1 --mov /out/sourcedata/freesurfer/sub-v2s0x29026_ses-1/mri/transforms/tmp.bbregister.4093140/template.nii --regdat /out/sourcedata/freesurfer/sub-v2s0x29026_ses-1/mri/transforms/tmp.bbregister.4093140/reg.init.dat --reg /out/sourcedata/freesurfer/sub-v2s0x29026_ses-1/mri/transforms/tmp.bbregister.4093140/mri_coreg.lta --nthreads 4 --dof 6 --sep 4 --ftol .0001 --linmintol .01 --no-ref-mask 
sysname  Linux
hostname dna078
machine  x86_64
user     oesteban
dof    6
nsep    1
cras0    1
ftol    0.000100
linmintol    0.010000
bf       1
bflim    30.000000
bfnsamp    30
SmoothRef 0
SatPct    99.990000
MovOOB 0
optschema 1
Seed 53
Reading in mov /out/sourcedata/freesurfer/sub-v2s0x29026_ses-1/mri/transforms/tmp.bbregister.4093140/template.nii
Reading in ref /out/sourcedata/freesurfer/sub-v2s0x29026_ses-1/mri/brainmask.mgz
Setting cras translation parameters to align volume centers
Creating random numbers for coordinate dithering
Performing intensity dithering
Performing intensity dithering on mov with computed dither
Init matrix params -1.0569 -0.0273  3.3017  0.0000  0.0000  0.0000  1.0000  1.0000  1.0000  0.0000  0.0000  0.0000 
Initial parameters to be opt -1.0569 -0.0273  3.3017  0.0000  0.0000  0.0000 
Separation list (1):  4   min = 4
DoSmoothing 1
DoCoordDither 1
DoIntensityDither 1
nitersmax 4
ftol 1.000e-04
linmintol 1.000e-02
SatPct 99.990000
Hist FWHM 7.000000 7.000000
nthreads 4
movsat = 71.0000
mov gstd 1.8943 1.8943 1.8943
Smoothing mov
refsat = 113.0000
ref gstd 1.8914 1.8914 1.8914
Smoothing ref
COREGpreproc() done
Testing if mov and target overlap
Init cost   -1.0532981795
nhits = 176015 out of 16777216, Percent Overlap:  67.1
Initial  RefRAS-to-MovRAS
 1.00000   0.00000   0.00000  -1.05689;
 0.00000   1.00000   0.00000  -0.02733;
 0.00000   0.00000   1.00000   3.30166;
 0.00000   0.00000   0.00000   1.00000;
Initial  RefVox-to-MovVox
 1.02400   0.00000   0.00000  -37.55999;
 0.00000   0.00000   1.02400  -3.06000;
 0.00000  -1.02400   0.00000   258.06000;
 0.00000   0.00000   0.00000   1.00000;
sep = 4 -----------------------------------
COREGoptBruteForce() 30 1 30
Turning on MovOOB for BruteForce Search
#BF# sep= 4 iter=0 lim=30.0 delta=2.00   0.94311  -0.02733  -0.69834   0.00000   0.00000   0.00000   -1.0486400
Turning  MovOOB back off after brute force search


---------------------------------
Init Powel Params dof = 6: 0.943108 -0.027328 -0.698341 0.000000 0.000000 0.000000 
Starting OpenPowel2(), sep = 4
InitialCost        -1.0589793921 
#@#  4  188  0.94311 -0.02733 -0.69834 0.00000 0.00000 0.00000   -1.0589794
fs_powell::minimize
  nparams 6
  maxfev 4
  ftol   0.000100
  linmin_xtol_   0.010000
  powell nthiter 0: fret = -1.058979
#@#  4  191  -0.67493 -0.02733 -0.69834 0.00000 0.00000 0.00000   -1.0594276
#@#  4  192  -0.07855 -0.02733 -0.69834 0.00000 0.00000 0.00000   -1.0600441
#@#  4  196  -0.00460 -0.02733 -0.69834 0.00000 0.00000 0.00000   -1.0600533
#@#  4  197  0.00540 -0.02733 -0.69834 0.00000 0.00000 0.00000   -1.0600553
#@#  4  200  0.02224 -0.02733 -0.69834 0.00000 0.00000 0.00000   -1.0600554
#@#  4  207  0.02224 0.35464 -0.69834 0.00000 0.00000 0.00000   -1.0601922
#@#  4  210  0.02224 0.34054 -0.69834 0.00000 0.00000 0.00000   -1.0601927
#@#  4  211  0.02224 0.33054 -0.69834 0.00000 0.00000 0.00000   -1.0601929
#@#  4  218  0.02224 0.33054 -0.66626 0.00000 0.00000 0.00000   -1.0601945
#@#  4  227  0.02224 0.33054 -0.66626 0.12174 0.00000 0.00000   -1.0602108
#@#  4  228  0.02224 0.33054 -0.66626 0.13174 0.00000 0.00000   -1.0602111
#@#  4  238  0.02224 0.33054 -0.66626 0.14174 -0.07739 0.00000   -1.0602114
#@#  4  239  0.02224 0.33054 -0.66626 0.14174 -0.04123 0.00000   -1.0602117
#@#  4  241  0.02224 0.33054 -0.66626 0.14174 -0.03123 0.00000   -1.0602124
#@#  4  249  0.02224 0.33054 -0.66626 0.14174 -0.03123 -0.07285   -1.0602160
  powell nthiter 1: fret = -1.060216
#@#  4  263  0.03224 0.33054 -0.66626 0.14174 -0.03123 -0.07285   -1.0602163
#@#  4  274  0.03224 0.26813 -0.66626 0.14174 -0.03123 -0.07285   -1.0602188
#@#  4  275  0.03224 0.28114 -0.66626 0.14174 -0.03123 -0.07285   -1.0602192
#@#  4  283  0.03224 0.28114 -0.58273 0.14174 -0.03123 -0.07285   -1.0602280
#@#  4  292  0.03224 0.28114 -0.58273 0.20306 -0.03123 -0.07285   -1.0602336
#@#  4  293  0.03224 0.28114 -0.58273 0.21547 -0.03123 -0.07285   -1.0602343
#@#  4  296  0.03224 0.28114 -0.58273 0.22634 -0.03123 -0.07285   -1.0602348
Powell done niters total = 1
OptTimeSec  3.5 sec
OptTimeMin  0.06 min
nEvals 315
Final optimized parameters   0.03223941   0.28113905  -0.58272916   0.24383342  -0.03122992  -0.07284836 
Final matrix parameters  0.0322  0.2811 -0.5827  0.2438 -0.0312 -0.0628  1.0000  1.0000  1.0000  0.0000  0.0000  0.0000 
Final cost   -1.060234835208948
 

---------------------------------
Final  RefRAS-to-MovRAS
 1.00000  -0.00127  -0.00055   0.03224;
 0.00127   0.99999   0.00426   0.28114;
 0.00054  -0.00426   0.99999  -0.58273;
 0.00000   0.00000   0.00000   1.00000;
Final  RefVox-to-MovVox
 1.02400  -0.00056   0.00130  -38.71741;
-0.00130  -0.00436   1.02399  -2.02622;
-0.00055  -1.02399  -0.00436   254.52928;
 0.00000   0.00000   0.00000   1.00000;
Final matrix parameters  0.0322  0.2811 -0.5827  0.2438 -0.0312 -0.0728  0.0000  0.0000  0.0000  0.0000  0.0000  0.0000 
Final opt parameters  0.0322  0.2811 -0.5827  0.2438 -0.0312 -0.0728 
nhits = 175288 out of 16777216, Percent Overlap:  66.9
mri_coreg RunTimeSec 39.5 sec
To check run:
   tkregisterfv --mov /out/sourcedata/freesurfer/sub-v2s0x29026_ses-1/mri/transforms/tmp.bbregister.4093140/template.nii --targ /out/sourcedata/freesurfer/sub-v2s0x29026_ses-1/mri/brainmask.mgz --reg /out/sourcedata/freesurfer/sub-v2s0x29026_ses-1/mri/transforms/tmp.bbregister.4093140/mri_coreg.lta --s sub-v2s0x29026_ses-1 --surfs 

mri_coreg done

mri_segreg --mov /out/sourcedata/freesurfer/sub-v2s0x29026_ses-1/mri/transforms/tmp.bbregister.4093140/template.nii --init-reg /out/sourcedata/freesurfer/sub-v2s0x29026_ses-1/mri/transforms/tmp.bbregister.4093140/reg.init.dat --out-reg /out/sourcedata/freesurfer/sub-v2s0x29026_ses-1/mri/transforms/tmp.bbregister.4093140/bbr.pass1.dat --subsamp-brute 100 --subsamp 100 --tol 1e-4 --tol1d 1e-3 --brute -4 4 4 --surf white --gm-proj-abs 2 --gm-gt-wm 0.5
7.3.2
setenv SUBJECTS_DIR /out/sourcedata/freesurfer
cd /out/sourcedata/freesurfer/sub-v2s0x29026_ses-1/scripts
mri_segreg --mov /out/sourcedata/freesurfer/sub-v2s0x29026_ses-1/mri/transforms/tmp.bbregister.4093140/template.nii --init-reg /out/sourcedata/freesurfer/sub-v2s0x29026_ses-1/mri/transforms/tmp.bbregister.4093140/reg.init.dat --out-reg /out/sourcedata/freesurfer/sub-v2s0x29026_ses-1/mri/transforms/tmp.bbregister.4093140/bbr.pass1.dat --subsamp-brute 100 --subsamp 100 --tol 1e-4 --tol1d 1e-3 --brute -4 4 4 --surf white --gm-proj-abs 2 --gm-gt-wm 0.5 
sysname  Linux
hostname dna078
machine  x86_64
user     oesteban
movvol /out/sourcedata/freesurfer/sub-v2s0x29026_ses-1/mri/transforms/tmp.bbregister.4093140/template.nii
regfile /out/sourcedata/freesurfer/sub-v2s0x29026_ses-1/mri/transforms/tmp.bbregister.4093140/reg.init.dat
subject sub-v2s0x29026_ses-1
dof 6
outregfile /out/sourcedata/freesurfer/sub-v2s0x29026_ses-1/mri/transforms/tmp.bbregister.4093140/bbr.pass1.dat
UseMask 0
UseLH 1
UseRH 1
nsubsamp 100
PenaltySign  -1
PenaltySlope 0.500000
PenaltyCenter 0.000000
surfname white
GMProjAbs 2.000000
WMProjAbs 2.000000
lhcostfile (null)
rhcostfile (null)
interp  trilinear (1)
frame  0
TolPowell 0.000100
nMaxItersPowell 36
n1dmin  3
Profile   0
Gdiag_no  -1
AddNoise  0 (0)
SynthSeed 1773289259
TransRandMax 0.000000
RotRandMax 0.000000
Translations 0.000000 0.000000 0.000000
Rotations   0.000000 0.000000 0.000000
Input reg
 1.00000  -0.00127  -0.00055   1.02573;
 0.00054  -0.00426   0.99999  -5.04896;
-0.00127  -0.99999  -0.00426  -0.31223;
 0.00000   0.00000   0.00000   1.00000;

Loading mov
ExcludeZeroVoxels 1
Reading in targ vol /out/sourcedata/freesurfer/sub-v2s0x29026_ses-1/mri/orig.mgz
Projecting LH Surfs
Loading lh.white surf
GM Proj: 0 0.500000 2.000000
WM Proj: 0 0.500000 2.000000
Projecting RH Surfs
Loading rh.white surf
Projecting RH Surfs
Using lh.cortex.label
Using rh.cortex.label
Computing relative cost
 0  -25.0 -25.0 -25.0   0.995718
 1  -25.0 -25.0  25.0   1.007916
 2  -25.0  25.0 -25.0   1.041793
 3  -25.0  25.0  25.0   1.052296
 4   25.0 -25.0 -25.0   1.030845
 5   25.0 -25.0  25.0   1.011371
 6   25.0  25.0 -25.0   1.011292
 7   25.0  25.0  25.0   1.021652
REL:  8  0.594596    8.172884  1.021610 rel = 0.582018 
Initial costs ----------------
Number of surface hits 2306
WM  Intensity    36.2416 +/-   5.0252
Ctx Intensity    39.8055 +/-  10.6552
Pct Contrast      5.8664 +/-  30.6313
Cost   0.5946
RelCost   0.5820

------------------------------------
Brute force preopt -4 4 4, n = 729
     0  -4.0000  -4.0000  -4.0000  -4.0000  -4.0000  -4.0000      1.0305   1.0305  0.0
     1  -4.0000  -4.0000  -4.0000  -4.0000  -4.0000   0.0000      1.0131   1.0131  0.0
    15  -4.0000  -4.0000  -4.0000   0.0000   4.0000  -4.0000      0.9960   0.9960  0.0
    19  -4.0000  -4.0000  -4.0000   4.0000  -4.0000   0.0000      0.9863   0.9863  0.0
    34  -4.0000  -4.0000   0.0000  -4.0000   4.0000   0.0000      0.9820   0.9820  0.0
   102  -4.0000   0.0000  -4.0000   4.0000   0.0000  -4.0000      0.9666   0.9666  0.0
   120  -4.0000   0.0000   0.0000   0.0000   0.0000  -4.0000      0.9241   0.9241  0.0
   334   0.0000   0.0000  -4.0000   0.0000  -4.0000   0.0000      0.9112   0.9112  0.0
   346   0.0000   0.0000  -4.0000   4.0000   0.0000   0.0000      0.8816   0.8816  0.0
   364   0.0000   0.0000   0.0000   0.0000   0.0000   0.0000      0.5946   0.5946  0.0
Brute Force --------------------------
Min cost was 0.594596
Number of iterations   729
Search time 0.516506 sec
Parameters at best (transmm, rotdeg)
  0.000   0.000   0.000  0.000  0.000  0.000 
--------------------------------------------

Starting Powell Minimization
Init Powel Params dof = 6
0 0
1 0
2 0
3 0
4 0
5 0
fs_powell::minimize
  nparams 6
  maxfev 36
  ftol   0.000100
  linmin_xtol_   0.001000
  powell nthiter 0: fret = 0.594596
   6  0.382  0.000  0.000  0.000  0.000  0.000   0.5841770867
   8  0.454  0.000  0.000  0.000  0.000  0.000   0.5830555622
   9  0.481  0.000  0.000  0.000  0.000  0.000   0.5817566625
  10  0.533  0.000  0.000  0.000  0.000  0.000   0.5809570752
  11  0.525  0.000  0.000  0.000  0.000  0.000   0.5808113364
  12  0.517  0.000  0.000  0.000  0.000  0.000   0.5807557058
  13  0.515  0.000  0.000  0.000  0.000  0.000   0.5807547799
  22  0.515  0.043  0.000  0.000  0.000  0.000   0.5799750362
  26  0.515  0.048  0.000  0.000  0.000  0.000   0.5799366511
  27  0.515  0.050  0.000  0.000  0.000  0.000   0.5799293214
  35  0.515  0.050  0.382  0.000  0.000  0.000   0.5757909204
  37  0.515  0.050  0.241  0.000  0.000  0.000   0.5741305104
  40  0.515  0.050  0.206  0.000  0.000  0.000   0.5736133219
  44  0.515  0.050  0.208  0.000  0.000  0.000   0.5736110857
  52  0.515  0.050  0.208  0.382  0.000  0.000   0.5619186193
  54  0.515  0.050  0.208  0.359  0.000  0.000   0.5618438545
  55  0.515  0.050  0.208  0.353  0.000  0.000   0.5617611112
  57  0.515  0.050  0.208  0.302  0.000  0.000   0.5617431898
  58  0.515  0.050  0.208  0.327  0.000  0.000   0.5612165569
  60  0.515  0.050  0.208  0.322  0.000  0.000   0.5611806658
  62  0.515  0.050  0.208  0.321  0.000  0.000   0.5611797209
  70  0.515  0.050  0.208  0.321  0.039  0.000   0.5611238033
  72  0.515  0.050  0.208  0.321  0.170  0.000   0.5607087132
  74  0.515  0.050  0.208  0.321  0.120  0.000   0.5603081810
  75  0.515  0.050  0.208  0.321  0.116  0.000   0.5602859204
  77  0.515  0.050  0.208  0.321  0.107  0.000   0.5602669385
  78  0.515  0.050  0.208  0.321  0.108  0.000   0.5602662797
  87  0.515  0.050  0.208  0.321  0.108 -0.015   0.5597565603
  88  0.515  0.050  0.208  0.321  0.108 -0.028   0.5597284026
  89  0.515  0.050  0.208  0.321  0.108 -0.022   0.5597016420
  powell nthiter 1: fret = 0.559702
 102  0.490  0.050  0.208  0.321  0.108 -0.022   0.5592233945
 104  0.491  0.050  0.208  0.321  0.108 -0.022   0.5592188240
 106  0.495  0.050  0.208  0.321  0.108 -0.022   0.5592175735
 108  0.494  0.050  0.208  0.321  0.108 -0.022   0.5592150425
 109  0.493  0.050  0.208  0.321  0.108 -0.022   0.5592144627
 117  0.493  0.010  0.208  0.321  0.108 -0.022   0.5590832412
 118  0.493  0.015  0.208  0.321  0.108 -0.022   0.5590546345
 119  0.493  0.024  0.208  0.321  0.108 -0.022   0.5590118328
 120  0.493  0.034  0.208  0.321  0.108 -0.022   0.5590069374
 121  0.493  0.030  0.208  0.321  0.108 -0.022   0.5590005101
 130  0.493  0.030  0.083  0.321  0.108 -0.022   0.5576767816
 132  0.493  0.030  0.086  0.321  0.108 -0.022   0.5576749067
 142  0.493  0.030  0.086  0.428  0.108 -0.022   0.5555934577
 144  0.493  0.030  0.086  0.405  0.108 -0.022   0.5554473503
 146  0.493  0.030  0.086  0.397  0.108 -0.022   0.5554023713
 148  0.493  0.030  0.086  0.386  0.108 -0.022   0.5552796470
 150  0.493  0.030  0.086  0.385  0.108 -0.022   0.5552736356
 159  0.493  0.030  0.086  0.385  0.091 -0.022   0.5551046700
 160  0.493  0.030  0.086  0.385  0.087 -0.022   0.5550841599
 161  0.493  0.030  0.086  0.385  0.078 -0.022   0.5550803125
 162  0.493  0.030  0.086  0.385  0.082 -0.022   0.5550736862
 172  0.493  0.030  0.086  0.385  0.082 -0.043   0.5548045569
 173  0.493  0.030  0.086  0.385  0.082 -0.045   0.5548025647
 175  0.493  0.030  0.086  0.385  0.082 -0.044   0.5548024364
 176  0.470  0.009 -0.037  0.448  0.056 -0.066   0.5503450563
 181  0.456 -0.003 -0.112  0.487  0.040 -0.079   0.5490207449
 184  0.455 -0.004 -0.117  0.489  0.040 -0.080   0.5490200389
 186  0.456 -0.004 -0.115  0.488  0.040 -0.079   0.5490191762
 187  0.456 -0.004 -0.115  0.488  0.040 -0.079   0.5490180815
  powell nthiter 2: fret = 0.549018
 199  0.421 -0.004 -0.115  0.488  0.040 -0.079   0.5486489948
 200  0.422 -0.004 -0.115  0.488  0.040 -0.079   0.5486398761
 201  0.427 -0.004 -0.115  0.488  0.040 -0.079   0.5486360198
 203  0.425 -0.004 -0.115  0.488  0.040 -0.079   0.5486346122
 211  0.425 -0.038 -0.115  0.488  0.040 -0.079   0.5482477245
 213  0.425 -0.025 -0.115  0.488  0.040 -0.079   0.5480199623
 214  0.425 -0.026 -0.115  0.488  0.040 -0.079   0.5480143922
 215  0.425 -0.027 -0.115  0.488  0.040 -0.079   0.5480132356
 228  0.425 -0.027 -0.122  0.488  0.040 -0.079   0.5479364230
 229  0.425 -0.027 -0.121  0.488  0.040 -0.079   0.5479325705
 230  0.425 -0.027 -0.120  0.488  0.040 -0.079   0.5479320010
 240  0.425 -0.027 -0.120  0.488  0.040 -0.085   0.5479197222
 241  0.425 -0.027 -0.120  0.488  0.040 -0.084   0.5479159848
 249  0.425 -0.027 -0.120  0.488  0.081 -0.084   0.5476747052
 250  0.425 -0.027 -0.120  0.488  0.086 -0.084   0.5476190386
 254  0.425 -0.027 -0.120  0.488  0.095 -0.084   0.5475723235
 262  0.417 -0.035 -0.167  0.513  0.085 -0.092   0.5471988895
 263  0.419 -0.032 -0.154  0.506  0.088 -0.090   0.5470623992
 265  0.419 -0.032 -0.152  0.505  0.088 -0.089   0.5470613965
 267  0.419 -0.032 -0.152  0.505  0.088 -0.089   0.5470609222
 270  0.419 -0.032 -0.152  0.505  0.088 -0.089   0.5470609067
 271  0.419 -0.032 -0.152  0.505  0.088 -0.089   0.5470607291
  powell nthiter 3: fret = 0.547061
 282  0.387 -0.032 -0.152  0.505  0.088 -0.089   0.5467982273
 283  0.392 -0.032 -0.152  0.505  0.088 -0.089   0.5467721728
 293  0.392 -0.036 -0.152  0.505  0.088 -0.089   0.5467396808
 295  0.392 -0.037 -0.152  0.505  0.088 -0.089   0.5467378394
 307  0.392 -0.037 -0.156  0.505  0.088 -0.089   0.5467101609
 316  0.392 -0.037 -0.156  0.505  0.088 -0.096   0.5465358570
 319  0.392 -0.037 -0.156  0.505  0.088 -0.108   0.5463709397
 322  0.392 -0.037 -0.156  0.505  0.088 -0.109   0.5463694208
 330  0.392 -0.037 -0.156  0.505  0.081 -0.109   0.5463214767
 332  0.392 -0.037 -0.156  0.505  0.069 -0.109   0.5463138911
 333  0.392 -0.037 -0.156  0.505  0.074 -0.109   0.5463050091
 334  0.392 -0.037 -0.156  0.505  0.073 -0.109   0.5463045632
 342  0.391 -0.038 -0.161  0.507  0.072 -0.110   0.5462990988
 352  0.362 -0.043 -0.170  0.510  0.056 -0.131   0.5457985826
 360  0.362 -0.043 -0.170  0.510  0.056 -0.130   0.5457972545
 363  0.362 -0.043 -0.170  0.510  0.056 -0.131   0.5457969497
 366  0.362 -0.043 -0.170  0.510  0.056 -0.131   0.5457967152
  powell nthiter 4: fret = 0.545797
 376  0.340 -0.043 -0.170  0.510  0.056 -0.131   0.5456554977
 378  0.349 -0.043 -0.170  0.510  0.056 -0.131   0.5455766594
 388  0.349 -0.051 -0.170  0.510  0.056 -0.131   0.5454097262
 391  0.349 -0.053 -0.170  0.510  0.056 -0.131   0.5454078562
 393  0.349 -0.052 -0.170  0.510  0.056 -0.131   0.5454051031
 403  0.349 -0.052 -0.167  0.510  0.056 -0.131   0.5453335801
 404  0.349 -0.052 -0.161  0.510  0.056 -0.131   0.5452087411
 406  0.349 -0.052 -0.158  0.510  0.056 -0.131   0.5451899288
 407  0.349 -0.052 -0.157  0.510  0.056 -0.131   0.5451875073
 416  0.349 -0.052 -0.156  0.509  0.057 -0.130   0.5451872216
 418  0.349 -0.052 -0.156  0.509  0.056 -0.130   0.5451863863
 427  0.349 -0.052 -0.156  0.509  0.073 -0.130   0.5450341179
 429  0.349 -0.052 -0.156  0.509  0.070 -0.130   0.5449676090
 430  0.349 -0.052 -0.156  0.509  0.067 -0.130   0.5449219806
 440  0.347 -0.052 -0.157  0.510  0.066 -0.132   0.5449180830
 441  0.347 -0.052 -0.157  0.509  0.066 -0.132   0.5449172486
 443  0.347 -0.052 -0.157  0.509  0.066 -0.132   0.5449171551
  powell nthiter 5: fret = 0.544917
 468  0.347 -0.047 -0.157  0.509  0.066 -0.132   0.5448724178
 469  0.347 -0.048 -0.157  0.509  0.066 -0.132   0.5448717709
 481  0.347 -0.048 -0.158  0.509  0.066 -0.132   0.5448670981
 489  0.347 -0.048 -0.159  0.510  0.066 -0.132   0.5448608803
 490  0.346 -0.049 -0.164  0.512  0.065 -0.133   0.5448518433
 492  0.347 -0.049 -0.162  0.511  0.065 -0.132   0.5448454381
 502  0.347 -0.049 -0.162  0.511  0.068 -0.132   0.5448020601
 514  0.346 -0.049 -0.162  0.511  0.068 -0.133   0.5447948293
 518  0.346 -0.049 -0.162  0.511  0.068 -0.133   0.5447947441
  powell nthiter 6: fret = 0.544795
 544  0.346 -0.048 -0.162  0.511  0.068 -0.133   0.5447935735
 556  0.346 -0.048 -0.160  0.511  0.068 -0.133   0.5447873302
 565  0.345 -0.049 -0.166  0.514  0.067 -0.134   0.5447747250
 567  0.345 -0.048 -0.164  0.513  0.067 -0.133   0.5447693235
 568  0.345 -0.048 -0.164  0.513  0.067 -0.133   0.5447691202
 569  0.345 -0.048 -0.164  0.513  0.067 -0.133   0.5447682801
 583  0.345 -0.048 -0.164  0.513  0.069 -0.133   0.5447544006
 591  0.345 -0.048 -0.165  0.513  0.069 -0.134   0.5447480724
 596  0.345 -0.048 -0.165  0.513  0.069 -0.134   0.5447477531
 597  0.345 -0.048 -0.165  0.513  0.069 -0.134   0.5447469225
 598  0.345 -0.048 -0.165  0.513  0.068 -0.134   0.5447468634
Powell done niters = 6
Computing relative cost
 0  -25.0 -25.0 -25.0   1.003961
 1  -25.0 -25.0  25.0   1.002067
 2  -25.0  25.0 -25.0   1.028864
 3  -25.0  25.0  25.0   1.048583
 4   25.0 -25.0 -25.0   1.024981
 5   25.0 -25.0  25.0   0.989130
 6   25.0  25.0 -25.0   1.007331
 7   25.0  25.0  25.0   1.039222
REL:  8  0.544747    8.144138  1.018017 rel = 0.535106 
Number of iterations     6
Min cost was 0.544747
Number of FunctionCalls   600
TolPowell 0.000100
nMaxItersPowell 36
OptimizationTime 0.416348 sec
Parameters at optimum (transmm)  0.34463 -0.04846 -0.16457
Parameters at optimum (rotdeg)  0.51350  0.06849 -0.13387 
Final costs ----------------
Number of surface hits 2306
WM  Intensity    36.4731 +/-   5.1507
Ctx Intensity    40.2019 +/-  10.5915
Pct Contrast      6.2629 +/-  31.2875
Cost   0.5447
RelCost   0.5820
Reg at min cost was 
 1.00000  -0.00246   0.00180   1.35814;
-0.00179   0.00471   0.99999  -5.09680;
-0.00246  -0.99999   0.00471  -0.52326;
 0.00000   0.00000   0.00000   1.00000;

Writing optimal reg to /out/sourcedata/freesurfer/sub-v2s0x29026_ses-1/mri/transforms/tmp.bbregister.4093140/bbr.pass1.dat, type = 14 
Original Reg 
 1.00000  -0.00127  -0.00055   1.02573;
 0.00054  -0.00426   0.99999  -5.04896;
-0.00127  -0.99999  -0.00426  -0.31223;
 0.00000   0.00000   0.00000   1.00000;

Original Reg - Optimal Reg
 0.00000   0.00118  -0.00234  -0.33241;
 0.00233  -0.00897   0.00000   0.04785;
 0.00119  -0.00000  -0.00896   0.21103;
 0.00000   0.00000   0.00000   0.00000;

Computing change in lh position
LH rmsDiffMean 0.634068
Computing change in rh position
Surface-RMS-Diff-mm 0.627430 0.165731 1.019912
mri_segreg done
mri_segreg --mov /out/sourcedata/freesurfer/sub-v2s0x29026_ses-1/mri/transforms/tmp.bbregister.4093140/template.nii --init-reg /out/sourcedata/freesurfer/sub-v2s0x29026_ses-1/mri/transforms/tmp.bbregister.4093140/bbr.pass1.dat --out-reg /out/sourcedata/freesurfer/sub-v2s0x29026_ses-1/mri/transforms/FLAIRraw.auto.dat --interp trilinear --wm-proj-abs 1 --tol 1e-8 --tol1d 1e-3 --c0 0 --mincost /out/sourcedata/freesurfer/sub-v2s0x29026_ses-1/mri/transforms/FLAIRraw.auto.dat.mincost --dof 6 --nmax 36 --param /out/sourcedata/freesurfer/sub-v2s0x29026_ses-1/mri/transforms/FLAIRraw.auto.dat.param --surf white --brute -0.1 0.1 0.1 --cur-reg /out/sourcedata/freesurfer/sub-v2s0x29026_ses-1/mri/transforms/tmp.bbregister.4093140/reg.curopt.dat --gm-proj-abs 2 --nsub 1 --gm-gt-wm 0.5
7.3.2
setenv SUBJECTS_DIR /out/sourcedata/freesurfer
cd /out/sourcedata/freesurfer/sub-v2s0x29026_ses-1/scripts
mri_segreg --mov /out/sourcedata/freesurfer/sub-v2s0x29026_ses-1/mri/transforms/tmp.bbregister.4093140/template.nii --init-reg /out/sourcedata/freesurfer/sub-v2s0x29026_ses-1/mri/transforms/tmp.bbregister.4093140/bbr.pass1.dat --out-reg /out/sourcedata/freesurfer/sub-v2s0x29026_ses-1/mri/transforms/FLAIRraw.auto.dat --interp trilinear --wm-proj-abs 1 --tol 1e-8 --tol1d 1e-3 --c0 0 --mincost /out/sourcedata/freesurfer/sub-v2s0x29026_ses-1/mri/transforms/FLAIRraw.auto.dat.mincost --dof 6 --nmax 36 --param /out/sourcedata/freesurfer/sub-v2s0x29026_ses-1/mri/transforms/FLAIRraw.auto.dat.param --surf white --brute -0.1 0.1 0.1 --cur-reg /out/sourcedata/freesurfer/sub-v2s0x29026_ses-1/mri/transforms/tmp.bbregister.4093140/reg.curopt.dat --gm-proj-abs 2 --nsub 1 --gm-gt-wm 0.5 
sysname  Linux
hostname dna078
machine  x86_64
user     oesteban
movvol /out/sourcedata/freesurfer/sub-v2s0x29026_ses-1/mri/transforms/tmp.bbregister.4093140/template.nii
regfile /out/sourcedata/freesurfer/sub-v2s0x29026_ses-1/mri/transforms/tmp.bbregister.4093140/bbr.pass1.dat
subject sub-v2s0x29026_ses-1
dof 6
outregfile /out/sourcedata/freesurfer/sub-v2s0x29026_ses-1/mri/transforms/FLAIRraw.auto.dat
UseMask 0
UseLH 1
UseRH 1
nsubsamp 1
PenaltySign  -1
PenaltySlope 0.500000
PenaltyCenter 0.000000
surfname white
GMProjAbs 2.000000
WMProjAbs 1.000000
lhcostfile (null)
rhcostfile (null)
interp  trilinear (1)
frame  0
TolPowell 0.000000
nMaxItersPowell 36
n1dmin  3
Profile   0
Gdiag_no  -1
AddNoise  0 (0)
SynthSeed 1774032857
TransRandMax 0.000000
RotRandMax 0.000000
Translations 0.000000 0.000000 0.000000
Rotations   0.000000 0.000000 0.000000
Input reg
 1.00000  -0.00246   0.00180   1.35814;
-0.00179   0.00471   0.99999  -5.09680;
-0.00246  -0.99999   0.00471  -0.52326;
 0.00000   0.00000   0.00000   1.00000;

Loading mov
ExcludeZeroVoxels 1
Reading in targ vol /out/sourcedata/freesurfer/sub-v2s0x29026_ses-1/mri/orig.mgz
Projecting LH Surfs
Loading lh.white surf
GM Proj: 0 0.500000 2.000000
WM Proj: 0 0.500000 1.000000
Projecting RH Surfs
Loading rh.white surf
Projecting RH Surfs
Using lh.cortex.label
Using rh.cortex.label
Computing relative cost
 0  -25.0 -25.0 -25.0   1.015943
 1  -25.0 -25.0  25.0   1.010670
 2  -25.0  25.0 -25.0   1.043213
 3  -25.0  25.0  25.0   1.019165
 4   25.0 -25.0 -25.0   1.037876
 5   25.0 -25.0  25.0   1.013744
 6   25.0  25.0 -25.0   1.025567
 7   25.0  25.0  25.0   1.032604
REL:  8  0.627358    8.198783  1.024848 rel = 0.612147 
Initial costs ----------------
Number of surface hits 229387
WM  Intensity    37.5238 +/-   5.2457
Ctx Intensity    40.2163 +/-  10.6027
Pct Contrast      3.5997 +/-  31.6717
Cost   0.6274
RelCost   0.6121

------------------------------------
Brute force preopt -0.1 0.1 0.1, n = 729
     0  -0.1000  -0.1000  -0.1000  -0.1000  -0.1000  -0.1000      0.6262   0.6262  0.0
     1  -0.1000  -0.1000  -0.1000  -0.1000  -0.1000   0.0000      0.6255   0.6255  0.0
     2  -0.1000  -0.1000  -0.1000  -0.1000  -0.1000   0.1000      0.6209   0.6209  0.0
     3  -0.1000  -0.1000  -0.1000  -0.1000   0.0000  -0.1000      0.6190   0.6190  0.0
     4  -0.1000  -0.1000  -0.1000  -0.1000   0.0000   0.0000      0.6170   0.6170  0.0
     7  -0.1000  -0.1000  -0.1000  -0.1000   0.1000   0.0000      0.6147   0.6147  0.0
     8  -0.1000  -0.1000  -0.1000  -0.1000   0.1000   0.1000      0.6140   0.6140  0.0
    34  -0.1000  -0.1000   0.0000  -0.1000   0.1000   0.0000      0.6139   0.6139  0.0
Brute Force --------------------------
Min cost was 0.613852
Number of iterations   729
Search time 0.510279 sec
Parameters at best (transmm, rotdeg)
 -0.100  -0.100   0.000 -0.100  0.100  0.000 
--------------------------------------------

Starting Powell Minimization
Init Powel Params dof = 6
0 -0.1
1 -0.1
2 0
3 -0.1
4 0.1
5 0
fs_powell::minimize
  nparams 6
  maxfev 36
  ftol   0.000000
  linmin_xtol_   0.001000
  powell nthiter 0: fret = 0.631324
   7 -0.277 -0.100  0.000 -0.100  0.100  0.000   0.6306106362
   9 -0.334 -0.100  0.000 -0.100  0.100  0.000   0.6304401602
  11 -0.390 -0.100  0.000 -0.100  0.100  0.000   0.6303955920
  12 -0.382 -0.100  0.000 -0.100  0.100  0.000   0.6303354811
  13 -0.364 -0.100  0.000 -0.100  0.100  0.000   0.6302904726
  14 -0.367 -0.100  0.000 -0.100  0.100  0.000   0.6302871649
  15 -0.368 -0.100  0.000 -0.100  0.100  0.000   0.6302871291
  22 -0.368  0.282  0.000 -0.100  0.100  0.000   0.6233498069
  23 -0.368  0.212  0.000 -0.100  0.100  0.000   0.6224059655
  24 -0.368  0.180  0.000 -0.100  0.100  0.000   0.6223062983
  25 -0.368  0.181  0.000 -0.100  0.100  0.000   0.6223031378
  26 -0.368  0.189  0.000 -0.100  0.100  0.000   0.6222932670
  35 -0.368  0.189  0.382 -0.100  0.100  0.000   0.6201078576
  37 -0.368  0.189  0.482 -0.100  0.100  0.000   0.6197075766
  42 -0.368  0.189  0.472 -0.100  0.100  0.000   0.6197030993
  43 -0.368  0.189  0.474 -0.100  0.100  0.000   0.6197021916
  44 -0.368  0.189  0.475 -0.100  0.100  0.000   0.6197021642
  51 -0.368  0.189  0.475  0.282  0.100  0.000   0.6187936823
  52 -0.368  0.189  0.475  0.127  0.100  0.000   0.6174632420
  54 -0.368  0.189  0.475  0.135  0.100  0.000   0.6174429642
  55 -0.368  0.189  0.475  0.191  0.100  0.000   0.6173873352
  56 -0.368  0.189  0.475  0.183  0.100  0.000   0.6173589396
  57 -0.368  0.189  0.475  0.168  0.100  0.000   0.6173407734
  58 -0.368  0.189  0.475  0.170  0.100  0.000   0.6173396291
  59 -0.368  0.189  0.475  0.171  0.100  0.000   0.6173392635
  68 -0.368  0.189  0.475  0.171 -0.123  0.000   0.6163167554
  69 -0.368  0.189  0.475  0.171 -0.101  0.000   0.6162105066
  70 -0.368  0.189  0.475  0.171 -0.060  0.000   0.6161471308
  71 -0.368  0.189  0.475  0.171 -0.066  0.000   0.6161455417
  75 -0.368  0.189  0.475  0.171 -0.068  0.000   0.6161449131
  86 -0.368  0.189  0.475  0.171 -0.068 -0.108   0.6155256331
  88 -0.368  0.189  0.475  0.171 -0.068 -0.118   0.6155234743
  89 -0.368  0.189  0.475  0.171 -0.068 -0.115   0.6155225248
  91 -0.368  0.189  0.475  0.171 -0.068 -0.116   0.6155225181
  powell nthiter 1: fret = 0.615523
  99 -0.326  0.189  0.475  0.171 -0.068 -0.116   0.6152990438
 100 -0.300  0.189  0.475  0.171 -0.068 -0.116   0.6152254729
 102 -0.251  0.189  0.475  0.171 -0.068 -0.116   0.6149914205
 103 -0.243  0.189  0.475  0.171 -0.068 -0.116   0.6149699613
 105 -0.234  0.189  0.475  0.171 -0.068 -0.116   0.6149580756
 106 -0.233  0.189  0.475  0.171 -0.068 -0.116   0.6149578139
 107 -0.232  0.189  0.475  0.171 -0.068 -0.116   0.6149577405
 116 -0.232  0.267  0.475  0.171 -0.068 -0.116   0.6141995199
 118 -0.232  0.263  0.475  0.171 -0.068 -0.116   0.6141994377
 119 -0.232  0.265  0.475  0.171 -0.068 -0.116   0.6141989684
 130 -0.232  0.265  0.489  0.171 -0.068 -0.116   0.6141527272
 132 -0.232  0.265  0.491  0.171 -0.068 -0.116   0.6141525118
 141 -0.232  0.265  0.491  0.104 -0.068 -0.116   0.6139867384
 144 -0.232  0.265  0.491  0.102 -0.068 -0.116   0.6139862569
 154 -0.232  0.265  0.491  0.102 -0.100 -0.116   0.6139065322
 155 -0.232  0.265  0.491  0.102 -0.102 -0.116   0.6139038835
 156 -0.232  0.265  0.491  0.102 -0.113 -0.116   0.6139032470
 158 -0.232  0.265  0.491  0.102 -0.108 -0.116   0.6139007954
 167 -0.232  0.265  0.491  0.102 -0.108 -0.002   0.6136826577
 168 -0.232  0.265  0.491  0.102 -0.108 -0.038   0.6134586693
 169 -0.232  0.265  0.491  0.102 -0.108 -0.050   0.6134284921
 171 -0.232  0.265  0.491  0.102 -0.108 -0.053   0.6134265614
 172 -0.232  0.265  0.491  0.102 -0.108 -0.054   0.6134260625
  powell nthiter 2: fret = 0.613426
 183 -0.199  0.265  0.491  0.102 -0.108 -0.054   0.6133982361
 184 -0.211  0.265  0.491  0.102 -0.108 -0.054   0.6133757142
 185 -0.212  0.265  0.491  0.102 -0.108 -0.054   0.6133752758
 186 -0.214  0.265  0.491  0.102 -0.108 -0.054   0.6133748747
 195 -0.214  0.270  0.491  0.102 -0.108 -0.054   0.6133725244
 196 -0.214  0.271  0.491  0.102 -0.108 -0.054   0.6133720819
 200 -0.214  0.272  0.491  0.102 -0.108 -0.054   0.6133720431
 210 -0.214  0.272  0.513  0.102 -0.108 -0.054   0.6133234955
 211 -0.214  0.272  0.514  0.102 -0.108 -0.054   0.6133234636
 222 -0.214  0.272  0.514  0.113 -0.108 -0.054   0.6133111122
 225 -0.214  0.272  0.514  0.112 -0.108 -0.054   0.6133106931
 237 -0.214  0.272  0.514  0.112 -0.118 -0.054   0.6132969755
 238 -0.214  0.272  0.514  0.112 -0.119 -0.054   0.6132966943
 248 -0.214  0.272  0.514  0.112 -0.119 -0.031   0.6132776399
 250 -0.214  0.272  0.514  0.112 -0.119 -0.040   0.6132674291
 251 -0.214  0.272  0.514  0.112 -0.119 -0.039   0.6132673645
  powell nthiter 3: fret = 0.613267
 261 -0.206  0.272  0.514  0.112 -0.119 -0.039   0.6132639076
 262 -0.207  0.272  0.514  0.112 -0.119 -0.039   0.6132635956
 263 -0.208  0.272  0.514  0.112 -0.119 -0.039   0.6132634799
 272 -0.209  0.275  0.514  0.112 -0.119 -0.039   0.6132610542
 284 -0.209  0.274  0.509  0.112 -0.119 -0.039   0.6132538237
 286 -0.209  0.274  0.507  0.112 -0.119 -0.039   0.6132533859
 319 -0.209  0.274  0.507  0.112 -0.119 -0.035   0.6132529831
 320 -0.209  0.274  0.507  0.112 -0.119 -0.037   0.6132527827
 321 -0.209  0.274  0.507  0.112 -0.119 -0.038   0.6132524416
  powell nthiter 4: fret = 0.613252
 331 -0.207  0.274  0.507  0.112 -0.119 -0.038   0.6132518371
 384 -0.208  0.274  0.507  0.111 -0.119 -0.034   0.6132507943
 387 -0.206  0.274  0.507  0.110 -0.119 -0.029   0.6132505618
 392 -0.205  0.274  0.507  0.109 -0.119 -0.027   0.6132500481
 393 -0.205  0.274  0.507  0.109 -0.119 -0.025   0.6132498553
 395 -0.205  0.274  0.507  0.109 -0.119 -0.025   0.6132498386
  powell nthiter 5: fret = 0.613250
 412 -0.196  0.274  0.507  0.109 -0.119 -0.025   0.6132388769
 414 -0.194  0.274  0.507  0.109 -0.119 -0.025   0.6132386421
 422 -0.194  0.276  0.507  0.109 -0.119 -0.025   0.6132383629
 444 -0.194  0.276  0.507  0.108 -0.119 -0.025   0.6132380247
 460 -0.193  0.276  0.507  0.106 -0.119 -0.021   0.6132347974
 463 -0.192  0.276  0.507  0.105 -0.119 -0.019   0.6132343167
 466 -0.192  0.276  0.507  0.105 -0.119 -0.019   0.6132342249
 470 -0.192  0.276  0.507  0.105 -0.119 -0.019   0.6132342219
 472 -0.192  0.276  0.507  0.105 -0.119 -0.019   0.6132342156
 475 -0.192  0.276  0.507  0.105 -0.119 -0.019   0.6132342141
  powell nthiter 6: fret = 0.613234
 486 -0.190  0.276  0.507  0.105 -0.119 -0.019   0.6132332076
 487 -0.187  0.276  0.507  0.105 -0.119 -0.019   0.6132331357
 490 -0.188  0.276  0.507  0.105 -0.119 -0.019   0.6132327695
 498 -0.188  0.277  0.507  0.105 -0.119 -0.019   0.6132322081
 499 -0.188  0.280  0.507  0.105 -0.119 -0.019   0.6132321226
 502 -0.188  0.279  0.507  0.105 -0.119 -0.019   0.6132319136
 512 -0.188  0.279  0.508  0.105 -0.119 -0.019   0.6132316858
 523 -0.188  0.279  0.508  0.106 -0.119 -0.019   0.6132311862
 540 -0.187  0.279  0.508  0.105 -0.119 -0.015   0.6132297090
 544 -0.187  0.279  0.508  0.106 -0.119 -0.016   0.6132295581
 545 -0.187  0.279  0.508  0.106 -0.119 -0.016   0.6132295360
 546 -0.187  0.279  0.508  0.105 -0.119 -0.016   0.6132293966
 547 -0.187  0.279  0.508  0.105 -0.119 -0.015   0.6132292141
 550 -0.187  0.279  0.508  0.105 -0.119 -0.015   0.6132291425
  powell nthiter 7: fret = 0.613229
 573 -0.187  0.281  0.508  0.105 -0.119 -0.015   0.6132291386
 576 -0.187  0.280  0.508  0.105 -0.119 -0.015   0.6132289081
 587 -0.187  0.280  0.509  0.105 -0.119 -0.015   0.6132288953
 598 -0.187  0.280  0.509  0.106 -0.119 -0.015   0.6132288683
 618 -0.186  0.280  0.509  0.106 -0.119 -0.013   0.6132286657
 622 -0.187  0.280  0.509  0.106 -0.119 -0.014   0.6132285268
 624 -0.187  0.280  0.509  0.106 -0.119 -0.014   0.6132285186
 625 -0.187  0.280  0.509  0.106 -0.119 -0.014   0.6132285181
  powell nthiter 8: fret = 0.613228
 696 -0.187  0.280  0.509  0.106 -0.119 -0.014   0.6132284778
Powell done niters = 8
Computing relative cost
 0  -25.0 -25.0 -25.0   1.012659
 1  -25.0 -25.0  25.0   1.013274
 2  -25.0  25.0 -25.0   1.040454
 3  -25.0  25.0  25.0   1.017576
 4   25.0 -25.0 -25.0   1.036028
 5   25.0 -25.0  25.0   1.012875
 6   25.0  25.0 -25.0   1.025800
 7   25.0  25.0  25.0   1.036093
REL:  8  0.613228    8.194759  1.024345 rel = 0.598654 
Number of iterations     8
Min cost was 0.613228
Number of FunctionCalls   703
TolPowell 0.000000
nMaxItersPowell 36
OptimizationTime 19.283215 sec
Parameters at optimum (transmm) -0.18656  0.28043  0.50949
Parameters at optimum (rotdeg)  0.10602 -0.11919 -0.01420 
Final costs ----------------
Number of surface hits 229387
WM  Intensity    37.5032 +/-   5.1853
Ctx Intensity    40.2898 +/-  10.6688
Pct Contrast      3.7028 +/-  32.7028
Cost   0.6132
RelCost   0.6121
Reg at min cost was 
 1.00000  -0.00037   0.00203   1.17142;
-0.00203   0.00656   0.99998  -4.81573;
-0.00039  -0.99998   0.00656  -0.02038;
 0.00000   0.00000   0.00000   1.00000;

Writing optimal reg to /out/sourcedata/freesurfer/sub-v2s0x29026_ses-1/mri/transforms/FLAIRraw.auto.dat, type = 14 
Original Reg 
 1.00000  -0.00246   0.00180   1.35814;
-0.00179   0.00471   0.99999  -5.09680;
-0.00246  -0.99999   0.00471  -0.52326;
 0.00000   0.00000   0.00000   1.00000;

Original Reg - Optimal Reg
-0.00000  -0.00208  -0.00023   0.18672;
 0.00024  -0.00185   0.00001  -0.28107;
-0.00208  -0.00001  -0.00185  -0.50288;
 0.00000   0.00000   0.00000   0.00000;

Computing change in lh position
LH rmsDiffMean 0.626064
Computing change in rh position
Surface-RMS-Diff-mm 0.669426 0.062149 0.797258
mri_segreg done
MinCost: 0.613228 37.503185 40.289836 3.702827 
tkregister2_cmdl --mov /out/sourcedata/freesurfer/sub-v2s0x29026_ses-1/mri/orig/FLAIRraw.mgz --reg /out/sourcedata/freesurfer/sub-v2s0x29026_ses-1/mri/transforms/FLAIRraw.auto.dat --noedit --ltaout /out/sourcedata/freesurfer/sub-v2s0x29026_ses-1/mri/transforms/FLAIRraw.auto.lta
INFO: no target volume specified, assuming FreeSurfer orig volume.
target  volume orig
movable volume /out/sourcedata/freesurfer/sub-v2s0x29026_ses-1/mri/orig/FLAIRraw.mgz
reg file       /out/sourcedata/freesurfer/sub-v2s0x29026_ses-1/mri/transforms/FLAIRraw.auto.dat
LoadVol        0
ZeroCRAS       0
7.3.2
Diagnostic Level -1
---- Input registration matrix --------
 1.00000  -0.00037   0.00203   1.17142;
-0.00203   0.00656   0.99998  -4.81573;
-0.00039  -0.99998   0.00656  -0.02038;
 0.00000   0.00000   0.00000   1.00000;
float2int = 0
---------------------------------------
INFO: loading target /out/sourcedata/freesurfer/sub-v2s0x29026_ses-1/mri/orig.mgz
Ttarg: --------------------
-1.00000   0.00000   0.00000   128.00000;
 0.00000   0.00000   1.00000  -128.00000;
 0.00000  -1.00000   0.00000   128.00000;
 0.00000   0.00000   0.00000   1.00000;
INFO: loading movable /out/sourcedata/freesurfer/sub-v2s0x29026_ses-1/mri/orig/FLAIRraw.mgz
Tmov: --------------------
-0.97656   0.00000   0.00000   91.30859;
 0.00000   0.00000   0.97656  -125.00000;
 0.00000  -0.97656   0.00000   125.00000;
 0.00000   0.00000   0.00000   1.00000;
mkheaderreg = 0, float2int = 0
---- Input registration matrix --------
 1.00000  -0.00037   0.00203   1.17142;
-0.00203   0.00656   0.99998  -4.81573;
-0.00039  -0.99998   0.00656  -0.02038;
 0.00000   0.00000   0.00000   1.00000;
Determinant 1
subject = sub-v2s0x29026_ses-1
RegMat ---------------------------
 1.00000  -0.00037   0.00203   1.17142;
-0.00203   0.00656   0.99998  -4.81573;
-0.00039  -0.99998   0.00656  -0.02038;
 0.00000   0.00000   0.00000   1.00000;
Cleaning up
 
Started at Tue Mar 10 10:58:24 CET 2026 
Ended   at Tue Mar 10 10:59:29 CET 2026
BBR-Run-Time-Sec 65
 
bbregister Done
To check results, run:
tkregisterfv --mov /out/sourcedata/freesurfer/sub-v2s0x29026_ses-1/mri/orig/FLAIRraw.mgz --reg /out/sourcedata/freesurfer/sub-v2s0x29026_ses-1/mri/transforms/FLAIRraw.auto.lta --surfs  --sd /out/sourcedata/freesurfer
