/out/sourcedata/freesurfer/sub-v2s0x29026_ses-1/mri
/opt/freesurfer/bin/talairach_avi
--i orig_nu.mgz --xfm transforms/talairach.auto.xfm
talairach_avi 7.3.2
Linux dna078 5.14.0-427.37.1.el9_4.x86_64 #1 SMP PREEMPT_DYNAMIC Fri Sep 13 12:41:50 EDT 2024 x86_64 x86_64 x86_64 GNU/Linux
Tue Mar 10 09:02:46 CET 2026
mri_convert orig_nu.mgz talsrcimg.img 
reading from orig_nu.mgz...
TR=0.00, TE=0.00, TI=0.00, flip angle=0.00
i_ras = (-1, 0, 0)
j_ras = (0, 0, -1)
k_ras = (0, 1, 0)
writing to talsrcimg.img...
Analyze Output Matrix
-1.00000   0.00000   0.00000   135.34058;
 0.00000   0.00000   1.00000  -86.77110;
 0.00000  -1.00000   0.00000   125.33037;
 0.00000   0.00000   0.00000   1.00000;
--------------------
INFO: set hdr.hist.orient to -1
mpr2mni305 talsrcimg
Tue Mar 10 09:02:46 CET 2026
/opt/freesurfer/bin/mpr2mni305 talsrcimg
mpr2mni305 7.3.2
target=711-2C_as_mni_average_305

---------------------------------------------------------------------
analyzeto4dfp talsrcimg -O0 -y
---------------------------------------------------------------------

freesurfer ifh2hdr.c
Tue Mar 10 09:02:46 2026
Writing: talsrcimg.4dfp.hdr
freesurfer analyzeto4dfp.c
Reading: talsrcimg.hdr
header size 348 bytes
hdr.dime.datatype	offset=70	value=2
hdr.dime.bitpix		offset=72	value=8
hdr.hist.orient		offset=252	value=-1
dimensionality     4
dimensions       256       256       256         1
Reading: talsrcimg.img
Writing: talsrcimg.4dfp.img
Writing: talsrcimg.4dfp.ifh
ifh2hdr talsrcimg -r0to255
ori=2

---------------------------------------------------------------------
gauss_4dfp talsrcimg 1.1
---------------------------------------------------------------------

freesurfer gauss_4dfp.c
Reading: talsrcimg.4dfp.img
Writing: talsrcimg_g11.4dfp.img
image dimensions 256 256 256 padded to 288 288 288
processing volume 1freesurfer ifh2hdr.c
Tue Mar 10 09:02:48 2026
Writing: talsrcimg_g11.4dfp.hdr

Writing: talsrcimg_g11.4dfp.ifh
including: talsrcimg.4dfp.img.rec in talsrcimg_g11.4dfp.img.rec

---------------------------------------------------------------------
imgreg_4dfp /opt/freesurfer/average/711-2C_as_mni_average_305 none talsrcimg_g11 none talsrcimg_to_711-2C_as_mni_average_305_t4 4355
---------------------------------------------------------------------

freesurfer imgreg_4dfp.c
/opt/freesurfer/average/711-2C_as_mni_average_305.4dfp.img
       256       256       256         1
  1.000000  1.000000  1.000000
orientation T byte_order littleendian
Reading image: /opt/freesurfer/average/711-2C_as_mni_average_305.4dfp.img
dimensions:      256       256       256
mmppix:       1.0000   -1.0000   -1.0000
center:     128.0000 -129.0000 -129.0000
talsrcimg_g11.4dfp.img
       256       256       256         1
  1.000000  1.000000  1.000000
orientation T byte_order littleendian
Reading image: talsrcimg_g11.4dfp.img
dimensions:      256       256       256
mmppix:       1.0000   -1.0000   -1.0000
center:     128.0000 -129.0000 -129.0000
t4_read: open error in t4_sub.f l:  41 t4_file(1:l)talsrcimg_to_711-2C_as_mni_average_305_t4 
t4_read: transform initialized to I4
rotation matrix determinant  1.000000
image alignment mode   4355 decimal     1103 hex
   -7.5000  -45.0000  -45.000010014.6934    8.5925
    0.0000  -45.0000  -45.000010384.0957    8.5908
    7.5000  -45.0000  -45.0000 9875.1426    8.6098
   -7.5000  -37.5000  -45.000010248.6484    8.5237
    0.0000  -37.5000  -45.000010610.8242    8.5237
    7.5000  -37.5000  -45.000010090.0566    8.5427
   -7.5000  -30.0000  -45.000010786.7451    8.3876
    0.0000  -30.0000  -45.000011169.1729    8.3862
    7.5000  -30.0000  -45.000010616.3730    8.4040
   -7.5000  -22.5000  -45.000011263.0859    8.2902
    0.0000  -22.5000  -45.000011648.6172    8.2886
    7.5000  -22.5000  -45.000011055.7559    8.3042
   -7.5000  -15.0000  -45.000011692.5371    8.2507
    0.0000  -15.0000  -45.000012110.4766    8.2495
    7.5000  -15.0000  -45.000011468.9072    8.2653
   -7.5000   -7.5000  -45.000012035.0791    8.2284
    0.0000   -7.5000  -45.000012459.0801    8.2278
    7.5000   -7.5000  -45.000011790.2090    8.2451
   -7.5000    0.0000  -45.000012273.1074    8.2152
    0.0000    0.0000  -45.000012683.2881    8.2147
    7.5000    0.0000  -45.000012015.3232    8.2331
   -7.5000    7.5000  -45.000011642.9209    8.2925
    0.0000    7.5000  -45.000012018.3867    8.2919
    7.5000    7.5000  -45.000011375.8916    8.3106
   -7.5000   15.0000  -45.000011001.7549    8.4232
    0.0000   15.0000  -45.000011381.5557    8.4225
    7.5000   15.0000  -45.000010720.2900    8.4405
   -7.5000   22.5000  -45.000010337.1338    8.5962
    0.0000   22.5000  -45.000010703.0352    8.5951
    7.5000   22.5000  -45.000010070.4219    8.6118
   -7.5000   30.0000  -45.0000 9686.7754    8.7101
    0.0000   30.0000  -45.000010019.5469    8.7095
    7.5000   30.0000  -45.0000 9467.0908    8.7263
   -7.5000   37.5000  -45.0000 9438.0742    8.9873
    0.0000   37.5000  -45.0000 9754.3652    8.9890
    7.5000   37.5000  -45.0000 9206.1729    9.0100
   -7.5000   45.0000  -45.0000 8901.7480    9.1052
    0.0000   45.0000  -45.0000 9182.0361    9.1082
    7.5000   45.0000  -45.0000 8658.9844    9.1291
   -7.5000  -45.0000  -37.500010450.4678    8.5661
    0.0000  -45.0000  -37.500010843.0869    8.5627
    7.5000  -45.0000  -37.500010306.4385    8.5812
   -7.5000  -37.5000  -37.500010701.7256    8.4941
    0.0000  -37.5000  -37.500011097.5244    8.4936
    7.5000  -37.5000  -37.500010527.5762    8.5120
   -7.5000  -30.0000  -37.500011294.5303    8.3565
    0.0000  -30.0000  -37.500011694.3398    8.3562
    7.5000  -30.0000  -37.500011082.0107    8.3737
   -7.5000  -22.5000  -37.500011836.2002    8.2619
    0.0000  -22.5000  -37.500012250.5215    8.2609
    7.5000  -22.5000  -37.500011596.4326    8.2760
   -7.5000  -15.0000  -37.500012314.0771    8.2254
    0.0000  -15.0000  -37.500012757.2598    8.2233
    7.5000  -15.0000  -37.500012063.9629    8.2384
   -7.5000   -7.5000  -37.500012671.7031    8.2046
    0.0000   -7.5000  -37.500013140.7959    8.2021
    7.5000   -7.5000  -37.500012417.0596    8.2188
   -7.5000    0.0000  -37.500012887.9980    8.1908
    0.0000    0.0000  -37.500013351.0625    8.1887
    7.5000    0.0000  -37.500012637.2354    8.2067
   -7.5000    7.5000  -37.500012213.3105    8.2640
    0.0000    7.5000  -37.500012642.8848    8.2632
    7.5000    7.5000  -37.500011968.3037    8.2814
   -7.5000   15.0000  -37.500011526.2910    8.3914
    0.0000   15.0000  -37.500011943.0059    8.3917
    7.5000   15.0000  -37.500011284.2402    8.4093
   -7.5000   22.5000  -37.500010853.7471    8.5626
    0.0000   22.5000  -37.500011230.3857    8.5624
    7.5000   22.5000  -37.500010613.2295    8.5790
   -7.5000   30.0000  -37.500010179.1279    8.6769
    0.0000   30.0000  -37.500010535.2246    8.6756
    7.5000   30.0000  -37.5000 9956.3457    8.6911
   -7.5000   37.5000  -37.5000 9896.2109    8.9549
    0.0000   37.5000  -37.500010229.0059    8.9550
    7.5000   37.5000  -37.5000 9646.5293    8.9745
   -7.5000   45.0000  -37.5000 9315.8779    9.0705
    0.0000   45.0000  -37.5000 9617.9912    9.0724
    7.5000   45.0000  -37.5000 9082.1533    9.0927
   -7.5000  -45.0000  -30.000011016.3857    8.9189
    0.0000  -45.0000  -30.000011423.7803    8.9171
    7.5000  -45.0000  -30.000010870.0977    8.9389
   -7.5000  -37.5000  -30.000011317.2754    8.8438
    0.0000  -37.5000  -30.000011724.9668    8.8448
    7.5000  -37.5000  -30.000011132.8965    8.8657
   -7.5000  -30.0000  -30.000011989.7949    8.7010
    0.0000  -30.0000  -30.000012403.3857    8.7022
    7.5000  -30.0000  -30.000011747.8887    8.7221
   -7.5000  -22.5000  -30.000012597.8916    8.6045
    0.0000  -22.5000  -30.000013041.3965    8.6046
    7.5000  -22.5000  -30.000012339.2500    8.6219
   -7.5000  -15.0000  -30.000013107.2969    8.5671
    0.0000  -15.0000  -30.000013584.1074    8.5656
    7.5000  -15.0000  -30.000012866.6074    8.5830
   -7.5000   -7.5000  -30.000013475.5078    8.5446
    0.0000   -7.5000  -30.000013988.6475    8.5429
    7.5000   -7.5000  -30.000013248.4570    8.5623
   -7.5000    0.0000  -30.000013691.6006    8.5291
    0.0000    0.0000  -30.000014233.4414    8.5283
    7.5000    0.0000  -30.000013490.3096    8.5491
   -7.5000    7.5000  -30.000012968.6240    8.6044
    0.0000    7.5000  -30.000013475.8955    8.6050
    7.5000    7.5000  -30.000012770.7920    8.6256
   -7.5000   15.0000  -30.000012269.3096    8.7371
    0.0000   15.0000  -30.000012721.8213    8.7389
    7.5000   15.0000  -30.000012081.3662    8.7587
   -7.5000   22.5000  -30.000011591.8301    8.9144
    0.0000   22.5000  -30.000012009.1191    8.9154
    7.5000   22.5000  -30.000011375.9102    8.9348
   -7.5000   30.0000  -30.000010871.2422    9.0358
    0.0000   30.0000  -30.000011246.3467    9.0352
    7.5000   30.0000  -30.000010619.8936    9.0533
   -7.5000   37.5000  -30.000010526.8174    9.3252
    0.0000   37.5000  -30.000010894.1123    9.3258
    7.5000   37.5000  -30.000010270.4922    9.3476
   -7.5000   45.0000  -30.0000 9895.5371    9.4499
    0.0000   45.0000  -30.000010232.5576    9.4524
    7.5000   45.0000  -30.0000 9658.7188    9.4755
   -7.5000  -45.0000  -22.500011562.0098    9.2312
    0.0000  -45.0000  -22.500011989.4443    9.2336
    7.5000  -45.0000  -22.500011403.8760    9.2595
   -7.5000  -37.5000  -22.500011864.2998    9.1576
    0.0000  -37.5000  -22.500012305.2373    9.1608
    7.5000  -37.5000  -22.500011688.8721    9.1852
   -7.5000  -30.0000  -22.500012601.9180    9.0130
    0.0000  -30.0000  -22.500013051.8857    9.0148
    7.5000  -30.0000  -22.500012387.1338    9.0376
   -7.5000  -22.5000  -22.500013282.9824    8.9127
    0.0000  -22.5000  -22.500013760.3740    8.9136
    7.5000  -22.5000  -22.500013032.2822    8.9342
   -7.5000  -15.0000  -22.500013853.9434    8.8713
    0.0000  -15.0000  -22.500014351.9600    8.8720
    7.5000  -15.0000  -22.500013610.9912    8.8931
   -7.5000   -7.5000  -22.500014253.3809    8.8453
    0.0000   -7.5000  -22.500014783.3916    8.8470
    7.5000   -7.5000  -22.500014024.4268    8.8702
   -7.5000    0.0000  -22.500014488.3496    8.8286
    0.0000    0.0000  -22.500015059.7021    8.8314
    7.5000    0.0000  -22.500014304.7773    8.8558
   -7.5000    7.5000  -22.500013728.2803    8.9099
    0.0000    7.5000  -22.500014271.8955    8.9125
    7.5000    7.5000  -22.500013565.5107    8.9362
   -7.5000   15.0000  -22.500013029.9463    9.0508
    0.0000   15.0000  -22.500013533.3154    9.0530
    7.5000   15.0000  -22.500012871.4434    9.0759
   -7.5000   22.5000  -22.500012331.4521    9.2350
    0.0000   22.5000  -22.500012783.4775    9.2364
    7.5000   22.5000  -22.500012108.4707    9.2596
   -7.5000   30.0000  -22.500011586.2607    9.3620
    0.0000   30.0000  -22.500011971.6934    9.3634
    7.5000   30.0000  -22.500011293.7979    9.3862
   -7.5000   37.5000  -22.500011225.0557    9.6585
    0.0000   37.5000  -22.500011607.0127    9.6621
    7.5000   37.5000  -22.500010941.2158    9.6882
   -7.5000   45.0000  -22.500010533.5547    9.7932
    0.0000   45.0000  -22.500010885.9453    9.7980
    7.5000   45.0000  -22.500010271.8418    9.8248
   -7.5000  -45.0000  -15.000012040.0947    9.4663
    0.0000  -45.0000  -15.000012516.1719    9.4712
    7.5000  -45.0000  -15.000011875.5352    9.4991
   -7.5000  -37.5000  -15.000012429.5781    9.3951
    0.0000  -37.5000  -15.000012901.2490    9.3993
    7.5000  -37.5000  -15.000012230.6416    9.4256
   -7.5000  -30.0000  -15.000013242.2959    9.2497
    0.0000  -30.0000  -15.000013711.1738    9.2506
    7.5000  -30.0000  -15.000013004.5898    9.2749
   -7.5000  -22.5000  -15.000013986.6611    9.1447
    0.0000  -22.5000  -15.000014470.6436    9.1451
    7.5000  -22.5000  -15.000013700.3359    9.1674
   -7.5000  -15.0000  -15.000014618.0791    9.0988
    0.0000  -15.0000  -15.000015117.5342    9.1007
    7.5000  -15.0000  -15.000014323.0732    9.1238
   -7.5000   -7.5000  -15.000015070.2285    9.0700
    0.0000   -7.5000  -15.000015584.4951    9.0741
    7.5000   -7.5000  -15.000014776.2266    9.0993
   -7.5000    0.0000  -15.000015334.7490    9.0533
    0.0000    0.0000  -15.000015865.5420    9.0583
    7.5000    0.0000  -15.000015069.8975    9.0845
   -7.5000    7.5000  -15.000014572.0811    9.1412
    0.0000    7.5000  -15.000015087.2070    9.1444
    7.5000    7.5000  -15.000014357.3789    9.1698
   -7.5000   15.0000  -15.000013866.2227    9.2892
    0.0000   15.0000  -15.000014360.1553    9.2906
    7.5000   15.0000  -15.000013634.7715    9.3153
   -7.5000   22.5000  -15.000013130.5098    9.4791
    0.0000   22.5000  -15.000013559.1377    9.4797
    7.5000   22.5000  -15.000012826.6709    9.5042
   -7.5000   30.0000  -15.000012345.0625    9.6097
    0.0000   30.0000  -15.000012717.5986    9.6122
    7.5000   30.0000  -15.000011980.9844    9.6376
   -7.5000   37.5000  -15.000011983.4473    9.9108
    0.0000   37.5000  -15.000012347.6445    9.9167
    7.5000   37.5000  -15.000011634.3799    9.9459
   -7.5000   45.0000  -15.000011232.5889   10.0551
    0.0000   45.0000  -15.000011575.6621   10.0615
    7.5000   45.0000  -15.000010939.0635   10.0904
   -7.5000  -45.0000   -7.500012605.2188    9.5873
    0.0000  -45.0000   -7.500013127.5977    9.5900
    7.5000  -45.0000   -7.500012428.2168    9.6152
   -7.5000  -37.5000   -7.500013093.3936    9.5150
    0.0000  -37.5000   -7.500013587.8584    9.5175
    7.5000  -37.5000   -7.500012851.0820    9.5420
   -7.5000  -30.0000   -7.500013964.8018    9.3668
    0.0000  -30.0000   -7.500014449.8389    9.3660
    7.5000  -30.0000   -7.500013646.3848    9.3886
   -7.5000  -22.5000   -7.500014731.9990    9.2584
    0.0000  -22.5000   -7.500015204.4688    9.2574
    7.5000  -22.5000   -7.500014378.7725    9.2778
   -7.5000  -15.0000   -7.500015402.2676    9.2116
    0.0000  -15.0000   -7.500015868.7871    9.2123
    7.5000  -15.0000   -7.500015016.9473    9.2332
   -7.5000   -7.5000   -7.500015922.7002    9.1834
    0.0000   -7.5000   -7.500016397.5801    9.1862
    7.5000   -7.5000   -7.500015519.2285    9.2090
   -7.5000    0.0000   -7.500016298.9404    9.1678
    0.0000    0.0000   -7.500016778.4531    9.1711
    7.5000    0.0000   -7.500015904.0342    9.1950
   -7.5000    7.5000   -7.500015574.0039    9.2575
    0.0000    7.5000   -7.500016058.7764    9.2591
    7.5000    7.5000   -7.500015220.5244    9.2829
   -7.5000   15.0000   -7.500014946.9492    9.4070
    0.0000   15.0000   -7.500015393.7891    9.4069
    7.5000   15.0000   -7.500014484.0840    9.4299
   -7.5000   22.5000   -7.500014193.4707    9.5982
    0.0000   22.5000   -7.500014540.4121    9.5973
    7.5000   22.5000   -7.500013611.0771    9.6193
   -7.5000   30.0000   -7.500013323.2139    9.7308
    0.0000   30.0000   -7.500013615.8535    9.7320
    7.5000   30.0000   -7.500012751.1553    9.7550
   -7.5000   37.5000   -7.500012896.4229   10.0364
    0.0000   37.5000   -7.500013208.9727   10.0412
    7.5000   37.5000   -7.500012409.7900   10.0686
   -7.5000   45.0000   -7.500012041.9697   10.1864
    0.0000   45.0000   -7.500012383.1709   10.1919
    7.5000   45.0000   -7.500011649.9180   10.2188
   -7.5000  -45.0000    0.000013098.6338    9.6015
    0.0000  -45.0000    0.000013613.2188    9.5997
    7.5000  -45.0000    0.000012922.3486    9.6209
   -7.5000  -37.5000    0.000013643.5508    9.5248
    0.0000  -37.5000    0.000014127.3945    9.5248
    7.5000  -37.5000    0.000013361.3516    9.5460
   -7.5000  -30.0000    0.000014573.4922    9.3729
    0.0000  -30.0000    0.000015040.9473    9.3715
    7.5000  -30.0000    0.000014180.1885    9.3914
   -7.5000  -22.5000    0.000015335.5938    9.2644
    0.0000  -22.5000    0.000015801.1855    9.2627
    7.5000  -22.5000    0.000014928.3965    9.2802
   -7.5000  -15.0000    0.000015993.5967    9.2204
    0.0000  -15.0000    0.000016485.9434    9.2191
    7.5000  -15.0000    0.000015586.8516    9.2367
   -7.5000   -7.5000    0.000016588.6152    9.1953
    0.0000   -7.5000    0.000017090.3809    9.1946
    7.5000   -7.5000    0.000016124.0713    9.2140
   -7.5000    0.0000    0.000017179.4395    9.1805
    0.0000    0.0000    0.000017661.6973    9.1799
    7.5000    0.0000    0.000016604.0039    9.2005
   -7.5000    7.5000    0.000016762.6543    9.2668
    0.0000    7.5000    0.000017171.1816    9.2662
    7.5000    7.5000    0.000016008.1982    9.2870
   -7.5000   15.0000    0.000016361.0771    9.4127
    0.0000   15.0000    0.000016615.1406    9.4120
    7.5000   15.0000    0.000015292.0801    9.4322
   -7.5000   22.5000    0.000015449.8447    9.6028
    0.0000   22.5000    0.000015640.9668    9.6016
    7.5000   22.5000    0.000014394.5957    9.6203
   -7.5000   30.0000    0.000014342.3701    9.7366
    0.0000   30.0000    0.000014546.0508    9.7360
    7.5000   30.0000    0.000013466.3633    9.7548
   -7.5000   37.5000    0.000013784.5381   10.0458
    0.0000   37.5000    0.000014054.4873   10.0478
    7.5000   37.5000    0.000013083.9844   10.0713
   -7.5000   45.0000    0.000012799.3721   10.1969
    0.0000   45.0000    0.000013133.7412   10.2002
    7.5000   45.0000    0.000012237.4912   10.2237
   -7.5000  -45.0000    7.500012486.6035    9.5857
    0.0000  -45.0000    7.500012991.0254    9.5818
    7.5000  -45.0000    7.500012357.2676    9.6026
   -7.5000  -37.5000    7.500013016.1729    9.5051
    0.0000  -37.5000    7.500013508.1172    9.5046
    7.5000  -37.5000    7.500012776.5166    9.5251
   -7.5000  -30.0000    7.500013925.2979    9.3511
    0.0000  -30.0000    7.500014435.2275    9.3508
    7.5000  -30.0000    7.500013573.0439    9.3704
   -7.5000  -22.5000    7.500014707.3662    9.2452
    0.0000  -22.5000    7.500015241.3633    9.2441
    7.5000  -22.5000    7.500014298.8027    9.2610
   -7.5000  -15.0000    7.500015420.3467    9.2044
    0.0000  -15.0000    7.500015997.2598    9.2021
    7.5000  -15.0000    7.500014960.7129    9.2189
   -7.5000   -7.5000    7.500016065.7422    9.1811
    0.0000   -7.5000    7.500016606.4531    9.1783
    7.5000   -7.5000    7.500015521.8057    9.1970
   -7.5000    0.0000    7.500016741.8438    9.1657
    0.0000    0.0000    7.500017257.1934    9.1634
    7.5000    0.0000    7.500016031.6152    9.1835
   -7.5000    7.5000    7.500016522.2461    9.2477
    0.0000    7.5000    7.500016919.8906    9.2467
    7.5000    7.5000    7.500015454.9629    9.2671
   -7.5000   15.0000    7.500016112.4834    9.3902
    0.0000   15.0000    7.500016420.0801    9.3905
    7.5000   15.0000    7.500014771.9697    9.4102
   -7.5000   22.5000    7.500015064.8066    9.5787
    0.0000   22.5000    7.500015370.3438    9.5785
    7.5000   22.5000    7.500013919.1123    9.5969
   -7.5000   30.0000    7.500013922.4404    9.7135
    0.0000   30.0000    7.500014209.8154    9.7119
    7.5000   30.0000    7.500013023.0781    9.7293
   -7.5000   37.5000    7.500013309.1074   10.0247
    0.0000   37.5000    7.500013608.6172   10.0247
    7.5000   37.5000    7.500012581.8604   10.0465
   -7.5000   45.0000    7.500012308.6416   10.1740
    0.0000   45.0000    7.500012645.2969   10.1762
    7.5000   45.0000    7.500011721.3154   10.1988
   -7.5000  -45.0000   15.000011638.3057    9.5774
    0.0000  -45.0000   15.000012163.7266    9.5755
    7.5000  -45.0000   15.000011541.8701    9.5989
   -7.5000  -37.5000   15.000012134.4316    9.4968
    0.0000  -37.5000   15.000012668.2383    9.4979
    7.5000  -37.5000   15.000011969.7207    9.5203
   -7.5000  -30.0000   15.000013031.2344    9.3434
    0.0000  -30.0000   15.000013578.7285    9.3448
    7.5000  -30.0000   15.000012775.4121    9.3661
   -7.5000  -22.5000   15.000013825.2520    9.2398
    0.0000  -22.5000   15.000014364.0977    9.2399
    7.5000  -22.5000   15.000013505.4053    9.2585
   -7.5000  -15.0000   15.000014520.2520    9.1996
    0.0000  -15.0000   15.000015066.0547    9.1980
    7.5000  -15.0000   15.000014121.6484    9.2167
   -7.5000   -7.5000   15.000015127.6895    9.1755
    0.0000   -7.5000   15.000015630.9795    9.1737
    7.5000   -7.5000   15.000014638.0332    9.1945
   -7.5000    0.0000   15.000015692.3994    9.1588
    0.0000    0.0000   15.000016193.1982    9.1580
    7.5000    0.0000   15.000015096.3291    9.1804
   -7.5000    7.5000   15.000015249.8369    9.2397
    0.0000    7.5000   15.000015726.2725    9.2404
    7.5000    7.5000   15.000014491.1514    9.2625
   -7.5000   15.0000   15.000014658.0820    9.3822
    0.0000   15.0000   15.000015124.0098    9.3841
    7.5000   15.0000   15.000013778.9785    9.4054
   -7.5000   22.5000   15.000013781.1377    9.5705
    0.0000   22.5000   15.000014267.8340    9.5716
    7.5000   22.5000   15.000012983.1689    9.5924
   -7.5000   30.0000   15.000012871.3486    9.7058
    0.0000   30.0000   15.000013305.6670    9.7051
    7.5000   30.0000   15.000012183.8330    9.7247
   -7.5000   37.5000   15.000012373.5879   10.0167
    0.0000   37.5000   15.000012761.6631   10.0173
    7.5000   37.5000   15.000011793.1465   10.0407
   -7.5000   45.0000   15.000011493.4814   10.1640
    0.0000   45.0000   15.000011863.3965   10.1668
    7.5000   45.0000   15.000011021.9346   10.1916
   -7.5000  -45.0000   22.500010641.6377    9.5905
    0.0000  -45.0000   22.500011121.5459    9.5930
    7.5000  -45.0000   22.500010567.2061    9.6199
   -7.5000  -37.5000   22.500011096.5469    9.5140
    0.0000  -37.5000   22.500011576.6963    9.5173
    7.5000  -37.5000   22.500010964.8945    9.5426
   -7.5000  -30.0000   22.500011888.1328    9.3635
    0.0000  -30.0000   22.500012389.7598    9.3653
    7.5000  -30.0000   22.500011718.9863    9.3890
   -7.5000  -22.5000   22.500012584.2148    9.2591
    0.0000  -22.5000   22.500013110.4854    9.2600
    7.5000  -22.5000   22.500012404.8350    9.2815
   -7.5000  -15.0000   22.500013237.1865    9.2160
    0.0000  -15.0000   22.500013754.9678    9.2167
    7.5000  -15.0000   22.500013009.2080    9.2386
   -7.5000   -7.5000   22.500013806.9043    9.1891
    0.0000   -7.5000   22.500014287.2939    9.1908
    7.5000   -7.5000   22.500013503.9717    9.2150
   -7.5000    0.0000   22.500014331.6348    9.1719
    0.0000    0.0000   22.500014796.6221    9.1748
    7.5000    0.0000   22.500013934.6475    9.2001
   -7.5000    7.5000   22.500013834.2578    9.2565
    0.0000    7.5000   22.500014283.5898    9.2591
    7.5000    7.5000   22.500013384.5625    9.2838
   -7.5000   15.0000   22.500013157.1094    9.4028
    0.0000   15.0000   22.500013586.0400    9.4051
    7.5000   15.0000   22.500012737.1465    9.4289
   -7.5000   22.5000   22.500012398.9609    9.5927
    0.0000   22.5000   22.500012786.5723    9.5942
    7.5000   22.5000   22.500012015.5205    9.6183
   -7.5000   30.0000   22.500011680.1123    9.7276
    0.0000   30.0000   22.500012027.6875    9.7291
    7.5000   30.0000   22.500011283.9980    9.7527
   -7.5000   37.5000   22.500011355.7861   10.0361
    0.0000   37.5000   22.500011715.9229   10.0398
    7.5000   37.5000   22.500011000.5430   10.0670
   -7.5000   45.0000   22.500010637.5732   10.1836
    0.0000   45.0000   22.500010998.6299   10.1885
    7.5000   45.0000   22.500010344.0527   10.2164
   -7.5000  -45.0000   30.0000 9644.4170    9.7469
    0.0000  -45.0000   30.000010076.3438    9.7519
    7.5000  -45.0000   30.0000 9621.4580    9.7810
   -7.5000  -37.5000   30.000010049.1709    9.6718
    0.0000  -37.5000   30.000010488.3643    9.6760
    7.5000  -37.5000   30.0000 9979.7168    9.7035
   -7.5000  -30.0000   30.000010754.8223    9.5198
    0.0000  -30.0000   30.000011231.5352    9.5206
    7.5000  -30.0000   30.000010689.8027    9.5460
   -7.5000  -22.5000   30.000011398.2422    9.4108
    0.0000  -22.5000   30.000011891.3154    9.4112
    7.5000  -22.5000   30.000011338.5391    9.4344
   -7.5000  -15.0000   30.000012027.8945    9.3636
    0.0000  -15.0000   30.000012506.9512    9.3654
    7.5000  -15.0000   30.000011935.8965    9.3894
   -7.5000   -7.5000   30.000012597.8701    9.3333
    0.0000   -7.5000   30.000013044.8867    9.3375
    7.5000   -7.5000   30.000012414.1045    9.3637
   -7.5000    0.0000   30.000013104.2686    9.3153
    0.0000    0.0000   30.000013548.8369    9.3204
    7.5000    0.0000   30.000012839.7871    9.3477
   -7.5000    7.5000   30.000012607.6182    9.4064
    0.0000    7.5000   30.000013044.8711    9.4096
    7.5000    7.5000   30.000012344.6045    9.4362
   -7.5000   15.0000   30.000011966.0684    9.5610
    0.0000   15.0000   30.000012377.4277    9.5624
    7.5000   15.0000   30.000011753.6543    9.5882
   -7.5000   22.5000   30.000011276.0947    9.7594
    0.0000   22.5000   30.000011666.9512    9.7599
    7.5000   22.5000   30.000011091.5000    9.7855
   -7.5000   30.0000   30.000010639.2510    9.8998
    0.0000   30.0000   30.000010992.6455    9.9022
    7.5000   30.0000   30.000010445.7881    9.9286
   -7.5000   37.5000   30.000010408.6738   10.2105
    0.0000   37.5000   30.000010759.6436   10.2166
    7.5000   37.5000   30.000010217.1846   10.2470
   -7.5000   45.0000   30.0000 9815.2461   10.3437
    0.0000   45.0000   30.000010157.8330   10.3502
    7.5000   45.0000   30.0000 9649.8496   10.3803
   -7.5000  -45.0000   37.5000 9262.5889   10.0921
    0.0000  -45.0000   37.5000 9657.7979   10.0950
    7.5000  -45.0000   37.5000 9241.6787   10.1228
   -7.5000  -37.5000   37.5000 9644.1816   10.0120
    0.0000  -37.5000   37.500010053.7939   10.0146
    7.5000  -37.5000   37.5000 9596.6406   10.0417
   -7.5000  -30.0000   37.500010330.2744    9.8487
    0.0000  -30.0000   37.500010783.2480    9.8477
    7.5000  -30.0000   37.500010287.1035    9.8727
   -7.5000  -22.5000   37.500010968.1895    9.7297
    0.0000  -22.5000   37.500011444.7529    9.7286
    7.5000  -22.5000   37.500010929.7539    9.7512
   -7.5000  -15.0000   37.500011593.4141    9.6783
    0.0000  -15.0000   37.500012066.1748    9.6792
    7.5000  -15.0000   37.500011508.6621    9.7023
   -7.5000   -7.5000   37.500012162.3838    9.6470
    0.0000   -7.5000   37.500012613.0596    9.6501
    7.5000   -7.5000   37.500011999.7441    9.6751
   -7.5000    0.0000   37.500012658.9238    9.6293
    0.0000    0.0000   37.500013098.4639    9.6328
    7.5000    0.0000   37.500012436.7832    9.6591
   -7.5000    7.5000   37.500012182.4971    9.7279
    0.0000    7.5000   37.500012588.1572    9.7295
    7.5000    7.5000   37.500011954.6729    9.7556
   -7.5000   15.0000   37.500011556.1396    9.8931
    0.0000   15.0000   37.500011970.5332    9.8928
    7.5000   15.0000   37.500011383.6475    9.9183
   -7.5000   22.5000   37.500010880.8457   10.1049
    0.0000   22.5000   37.500011278.6582   10.1039
    7.5000   22.5000   37.500010749.2129   10.1283
   -7.5000   30.0000   37.500010256.6045   10.2477
    0.0000   30.0000   37.500010629.2529   10.2492
    7.5000   30.0000   37.500010127.7090   10.2743
   -7.5000   37.5000   37.500010037.7412   10.5493
    0.0000   37.5000   37.500010409.5410   10.5545
    7.5000   37.5000   37.5000 9926.8154   10.5842
   -7.5000   45.0000   37.5000 9495.2881   10.6676
    0.0000   45.0000   37.5000 9840.5957   10.6733
    7.5000   45.0000   37.5000 9387.9912   10.7024
   -7.5000  -45.0000   45.0000 8617.3789   10.5056
    0.0000  -45.0000   45.0000 8988.0781   10.5033
    7.5000  -45.0000   45.0000 8572.2402   10.5290
   -7.5000  -37.5000   45.0000 8975.3887   10.4156
    0.0000  -37.5000   45.0000 9369.3164   10.4156
    7.5000  -37.5000   45.0000 8939.5098   10.4413
   -7.5000  -30.0000   45.0000 9635.9141   10.2358
    0.0000  -30.0000   45.000010042.2822   10.2341
    7.5000  -30.0000   45.0000 9576.9131   10.2582
   -7.5000  -22.5000   45.000010240.3770   10.1058
    0.0000  -22.5000   45.000010669.9756   10.1037
    7.5000  -22.5000   45.000010172.4531   10.1250
   -7.5000  -15.0000   45.000010819.1836   10.0509
    0.0000  -15.0000   45.000011263.9619   10.0492
    7.5000  -15.0000   45.000010723.5215   10.0708
   -7.5000   -7.5000   45.000011335.3740   10.0186
    0.0000   -7.5000   45.000011776.3047   10.0176
    7.5000   -7.5000   45.000011187.8574   10.0410
   -7.5000    0.0000   45.000011800.8525   10.0004
    0.0000    0.0000   45.000012233.0430    9.9997
    7.5000    0.0000   45.000011596.8564   10.0245
   -7.5000    7.5000   45.000011363.2285   10.1059
    0.0000    7.5000   45.000011756.3330   10.1052
    7.5000    7.5000   45.000011153.8359   10.1303
   -7.5000   15.0000   45.000010792.8496   10.2831
    0.0000   15.0000   45.000011177.0342   10.2824
    7.5000   15.0000   45.000010624.3125   10.3067
   -7.5000   22.5000   45.000010159.7451   10.4967
    0.0000   22.5000   45.000010531.9277   10.4953
    7.5000   22.5000   45.000010031.4180   10.5178
   -7.5000   30.0000   45.0000 9561.2871   10.6225
    0.0000   30.0000   45.0000 9913.4873   10.6216
    7.5000   30.0000   45.0000 9435.2568   10.6438
   -7.5000   37.5000   45.0000 9376.3984   10.9118
    0.0000   37.5000   45.0000 9713.0879   10.9135
    7.5000   37.5000   45.0000 9241.5928   10.9408
   -7.5000   45.0000   45.0000 8857.9219   11.0154
    0.0000   45.0000   45.0000 9169.4844   11.0187
    7.5000   45.0000   45.0000 8723.4932   11.0458

---------------------------------------------------------------------
imgreg_4dfp /opt/freesurfer/average/711-2C_as_mni_average_305 /opt/freesurfer/average/711-2B_as_mni_average_305_mask talsrcimg_g11 none talsrcimg_to_711-2C_as_mni_average_305_t4 4355
---------------------------------------------------------------------

freesurfer imgreg_4dfp.c
/opt/freesurfer/average/711-2C_as_mni_average_305.4dfp.img
       256       256       256         1
  1.000000  1.000000  1.000000
orientation T byte_order littleendian
Reading image: /opt/freesurfer/average/711-2C_as_mni_average_305.4dfp.img
dimensions:      256       256       256
mmppix:       1.0000   -1.0000   -1.0000
center:     128.0000 -129.0000 -129.0000
/opt/freesurfer/average/711-2B_as_mni_average_305_mask.4dfp.img
       256       256       256         1
  1.000000  1.000000  1.000000
orientation T byte_order littleendian
Reading mask: /opt/freesurfer/average/711-2B_as_mni_average_305_mask.4dfp.img (2306576 pixels)
talsrcimg_g11.4dfp.img
       256       256       256         1
  1.000000  1.000000  1.000000
orientation T byte_order littleendian
Reading image: talsrcimg_g11.4dfp.img
dimensions:      256       256       256
mmppix:       1.0000   -1.0000   -1.0000
center:     128.0000 -129.0000 -129.0000
rotation matrix determinant  1.000000
image alignment mode   4355 decimal     1103 hex
   -7.5000  -45.0000  -45.0000 2386.8462   10.9255
    0.0000  -45.0000  -45.0000 2393.0552   10.9315
    7.5000  -45.0000  -45.0000 2376.3093   11.1417
   -7.5000  -37.5000  -45.0000 2382.2288   10.8148
    0.0000  -37.5000  -45.0000 2390.0554   10.8160
    7.5000  -37.5000  -45.0000 2372.8972   11.0030
   -7.5000  -30.0000  -45.0000 2376.3345   10.7785
    0.0000  -30.0000  -45.0000 2383.0242   10.7800
    7.5000  -30.0000  -45.0000 2368.8384   10.9854
   -7.5000  -22.5000  -45.0000 2375.0151   10.8212
    0.0000  -22.5000  -45.0000 2380.5642   10.8427
    7.5000  -22.5000  -45.0000 2365.5498   11.0618
   -7.5000  -15.0000  -45.0000 2387.9963   10.9414
    0.0000  -15.0000  -45.0000 2391.9553   10.9695
    7.5000  -15.0000  -45.0000 2368.8203   11.1881
   -7.5000   -7.5000  -45.0000 2398.7129   11.0824
    0.0000   -7.5000  -45.0000 2403.2976   11.1197
    7.5000   -7.5000  -45.0000 2379.2573   11.3056
   -7.5000    0.0000  -45.0000 2403.6331   11.1909
    0.0000    0.0000  -45.0000 2404.2734   11.2449
    7.5000    0.0000  -45.0000 2383.4497   11.3914
   -7.5000    7.5000  -45.0000 2400.5564   11.3441
    0.0000    7.5000  -45.0000 2395.2009   11.3825
    7.5000    7.5000  -45.0000 2373.5522   11.5170
   -7.5000   15.0000  -45.0000 2387.6047   11.5220
    0.0000   15.0000  -45.0000 2378.3975   11.5614
    7.5000   15.0000  -45.0000 2353.6736   11.7186
   -7.5000   22.5000  -45.0000 2364.5479   11.7486
    0.0000   22.5000  -45.0000 2361.9102   11.7931
    7.5000   22.5000  -45.0000 2335.5071   11.9776
   -7.5000   30.0000  -45.0000 2336.0793   12.0712
    0.0000   30.0000  -45.0000 2336.0620   12.1164
    7.5000   30.0000  -45.0000 2313.1758   12.3052
   -7.5000   37.5000  -45.0000 2309.8889   12.4910
    0.0000   37.5000  -45.0000 2310.2466   12.5480
    7.5000   37.5000  -45.0000 2285.5139   12.7682
   -7.5000   45.0000  -45.0000 2271.1567   13.1433
    0.0000   45.0000  -45.0000 2271.3281   13.1671
    7.5000   45.0000  -45.0000 2242.0732   13.4345
   -7.5000  -45.0000  -37.5000 2472.5774   10.2165
    0.0000  -45.0000  -37.5000 2480.5439   10.2221
    7.5000  -45.0000  -37.5000 2460.4661   10.4142
   -7.5000  -37.5000  -37.5000 2465.0237   10.0746
    0.0000  -37.5000  -37.5000 2478.9722   10.0838
    7.5000  -37.5000  -37.5000 2457.6211   10.2766
   -7.5000  -30.0000  -37.5000 2466.3445   10.0423
    0.0000  -30.0000  -37.5000 2472.4861   10.0607
    7.5000  -30.0000  -37.5000 2455.7451   10.2522
   -7.5000  -22.5000  -37.5000 2473.2146   10.1063
    0.0000  -22.5000  -37.5000 2475.8367   10.1196
    7.5000  -22.5000  -37.5000 2455.5051   10.3119
   -7.5000  -15.0000  -37.5000 2491.0352   10.1777
    0.0000  -15.0000  -37.5000 2491.7444   10.2101
    7.5000  -15.0000  -37.5000 2468.3809   10.4000
   -7.5000   -7.5000  -37.5000 2502.5574   10.2612
    0.0000   -7.5000  -37.5000 2505.9629   10.3184
    7.5000   -7.5000  -37.5000 2479.9497   10.4948
   -7.5000    0.0000  -37.5000 2507.9768   10.3188
    0.0000    0.0000  -37.5000 2507.9080   10.3760
    7.5000    0.0000  -37.5000 2481.3325   10.5434
   -7.5000    7.5000  -37.5000 2502.4570   10.4116
    0.0000    7.5000  -37.5000 2500.8958   10.4722
    7.5000    7.5000  -37.5000 2473.6475   10.6317
   -7.5000   15.0000  -37.5000 2487.6467   10.5553
    0.0000   15.0000  -37.5000 2484.6951   10.6128
    7.5000   15.0000  -37.5000 2455.6758   10.7626
   -7.5000   22.5000  -37.5000 2470.7083   10.7832
    0.0000   22.5000  -37.5000 2465.4561   10.8255
    7.5000   22.5000  -37.5000 2436.1111   11.0125
   -7.5000   30.0000  -37.5000 2442.7812   11.0980
    0.0000   30.0000  -37.5000 2440.7766   11.1494
    7.5000   30.0000  -37.5000 2410.3018   11.3459
   -7.5000   37.5000  -37.5000 2416.1077   11.5061
    0.0000   37.5000  -37.5000 2414.1318   11.5653
    7.5000   37.5000  -37.5000 2378.3140   11.7525
   -7.5000   45.0000  -37.5000 2369.3215   12.0775
    0.0000   45.0000  -37.5000 2370.5007   12.1282
    7.5000   45.0000  -37.5000 2332.2622   12.3893
   -7.5000  -45.0000  -30.0000 2584.6453    9.9661
    0.0000  -45.0000  -30.0000 2591.8889    9.9635
    7.5000  -45.0000  -30.0000 2574.2754   10.2109
   -7.5000  -37.5000  -30.0000 2584.1365    9.8096
    0.0000  -37.5000  -30.0000 2592.9226    9.8218
    7.5000  -37.5000  -30.0000 2573.4753   10.0606
   -7.5000  -30.0000  -30.0000 2591.5386    9.7612
    0.0000  -30.0000  -30.0000 2595.3984    9.7828
    7.5000  -30.0000  -30.0000 2575.7188    9.9964
   -7.5000  -22.5000  -30.0000 2599.1482    9.7883
    0.0000  -22.5000  -30.0000 2603.0630    9.8217
    7.5000  -22.5000  -30.0000 2578.0845   10.0226
   -7.5000  -15.0000  -30.0000 2615.7029    9.8462
    0.0000  -15.0000  -30.0000 2620.0771    9.8986
    7.5000  -15.0000  -30.0000 2593.1318   10.0930
   -7.5000   -7.5000  -30.0000 2630.3618    9.8814
    0.0000   -7.5000  -30.0000 2638.8149    9.9234
    7.5000   -7.5000  -30.0000 2609.1714   10.1186
   -7.5000    0.0000  -30.0000 2634.6147    9.8807
    0.0000    0.0000  -30.0000 2639.0649    9.9186
    7.5000    0.0000  -30.0000 2611.7654   10.1217
   -7.5000    7.5000  -30.0000 2633.1572    9.9358
    0.0000    7.5000  -30.0000 2634.1719    9.9739
    7.5000    7.5000  -30.0000 2605.2073   10.1699
   -7.5000   15.0000  -30.0000 2621.1414   10.0656
    0.0000   15.0000  -30.0000 2616.9946   10.1178
    7.5000   15.0000  -30.0000 2590.7483   10.2923
   -7.5000   22.5000  -30.0000 2615.3967   10.2916
    0.0000   22.5000  -30.0000 2608.4912   10.3216
    7.5000   22.5000  -30.0000 2580.7122   10.5185
   -7.5000   30.0000  -30.0000 2593.5801   10.6153
    0.0000   30.0000  -30.0000 2589.3574   10.6592
    7.5000   30.0000  -30.0000 2557.1782   10.8350
   -7.5000   37.5000  -30.0000 2560.2837   11.0196
    0.0000   37.5000  -30.0000 2557.1213   11.0800
    7.5000   37.5000  -30.0000 2517.2786   11.2488
   -7.5000   45.0000  -30.0000 2512.1201   11.5955
    0.0000   45.0000  -30.0000 2510.8345   11.6454
    7.5000   45.0000  -30.0000 2468.2317   11.8540
   -7.5000  -45.0000  -22.5000 2664.4548    9.7225
    0.0000  -45.0000  -22.5000 2671.2451    9.7277
    7.5000  -45.0000  -22.5000 2661.4795    9.9700
   -7.5000  -37.5000  -22.5000 2664.5369    9.5393
    0.0000  -37.5000  -22.5000 2674.9082    9.5626
    7.5000  -37.5000  -22.5000 2662.1794    9.8053
   -7.5000  -30.0000  -22.5000 2671.7109    9.4957
    0.0000  -30.0000  -22.5000 2679.2744    9.5205
    7.5000  -30.0000  -22.5000 2665.1870    9.7572
   -7.5000  -22.5000  -22.5000 2685.9062    9.5178
    0.0000  -22.5000  -22.5000 2696.5798    9.5345
    7.5000  -22.5000  -22.5000 2671.4412    9.7509
   -7.5000  -15.0000  -22.5000 2703.4033    9.5185
    0.0000  -15.0000  -22.5000 2711.2913    9.5243
    7.5000  -15.0000  -22.5000 2682.5842    9.7560
   -7.5000   -7.5000  -22.5000 2719.7207    9.4726
    0.0000   -7.5000  -22.5000 2727.1802    9.4707
    7.5000   -7.5000  -22.5000 2699.1594    9.7149
   -7.5000    0.0000  -22.5000 2729.1997    9.4529
    0.0000    0.0000  -22.5000 2732.1294    9.4609
    7.5000    0.0000  -22.5000 2708.9543    9.6736
   -7.5000    7.5000  -22.5000 2732.6216    9.4623
    0.0000    7.5000  -22.5000 2735.0232    9.4725
    7.5000    7.5000  -22.5000 2709.0161    9.6757
   -7.5000   15.0000  -22.5000 2732.2244    9.5920
    0.0000   15.0000  -22.5000 2730.5845    9.6006
    7.5000   15.0000  -22.5000 2703.1096    9.8045
   -7.5000   22.5000  -22.5000 2733.5447    9.7883
    0.0000   22.5000  -22.5000 2726.1392    9.8163
    7.5000   22.5000  -22.5000 2697.4875   10.0198
   -7.5000   30.0000  -22.5000 2720.2678   10.0947
    0.0000   30.0000  -22.5000 2708.5344   10.1333
    7.5000   30.0000  -22.5000 2675.4670   10.3117
   -7.5000   37.5000  -22.5000 2691.2527   10.5114
    0.0000   37.5000  -22.5000 2679.0728   10.5494
    7.5000   37.5000  -22.5000 2641.0974   10.7262
   -7.5000   45.0000  -22.5000 2641.7925   11.0883
    0.0000   45.0000  -22.5000 2631.5103   11.1086
    7.5000   45.0000  -22.5000 2586.4185   11.3317
   -7.5000  -45.0000  -15.0000 2696.0032    9.5401
    0.0000  -45.0000  -15.0000 2710.7812    9.5447
    7.5000  -45.0000  -15.0000 2698.1313    9.8058
   -7.5000  -37.5000  -15.0000 2701.1155    9.3878
    0.0000  -37.5000  -15.0000 2715.3523    9.4087
    7.5000  -37.5000  -15.0000 2698.9197    9.6824
   -7.5000  -30.0000  -15.0000 2713.9773    9.3507
    0.0000  -30.0000  -15.0000 2722.8135    9.3521
    7.5000  -30.0000  -15.0000 2707.0889    9.6134
   -7.5000  -22.5000  -15.0000 2729.3533    9.3290
    0.0000  -22.5000  -15.0000 2737.2263    9.3179
    7.5000  -22.5000  -15.0000 2715.4834    9.5607
   -7.5000  -15.0000  -15.0000 2744.0637    9.2731
    0.0000  -15.0000  -15.0000 2755.0615    9.2562
    7.5000  -15.0000  -15.0000 2730.9187    9.5083
   -7.5000   -7.5000  -15.0000 2765.4978    9.1564
    0.0000   -7.5000  -15.0000 2773.1113    9.1616
    7.5000   -7.5000  -15.0000 2748.8250    9.4178
   -7.5000    0.0000  -15.0000 2782.7053    9.0729
    0.0000    0.0000  -15.0000 2787.0232    9.0638
    7.5000    0.0000  -15.0000 2761.3545    9.2922
   -7.5000    7.5000  -15.0000 2802.1079    9.0771
    0.0000    7.5000  -15.0000 2800.8372    9.0565
    7.5000    7.5000  -15.0000 2773.8389    9.2946
   -7.5000   15.0000  -15.0000 2813.0872    9.2008
    0.0000   15.0000  -15.0000 2810.6907    9.1775
    7.5000   15.0000  -15.0000 2774.7405    9.4109
   -7.5000   22.5000  -15.0000 2821.3591    9.3782
    0.0000   22.5000  -15.0000 2811.8806    9.3899
    7.5000   22.5000  -15.0000 2775.0852    9.6125
   -7.5000   30.0000  -15.0000 2813.4492    9.6692
    0.0000   30.0000  -15.0000 2801.8640    9.6892
    7.5000   30.0000  -15.0000 2762.3389    9.8884
   -7.5000   37.5000  -15.0000 2787.2485   10.0673
    0.0000   37.5000  -15.0000 2770.2432   10.0839
    7.5000   37.5000  -15.0000 2730.9744   10.3016
   -7.5000   45.0000  -15.0000 2732.3169   10.6144
    0.0000   45.0000  -15.0000 2714.3127   10.6138
    7.5000   45.0000  -15.0000 2675.1875   10.8826
   -7.5000  -45.0000   -7.5000 2699.1150    9.5960
    0.0000  -45.0000   -7.5000 2714.4187    9.5707
    7.5000  -45.0000   -7.5000 2704.8628    9.8274
   -7.5000  -37.5000   -7.5000 2712.7317    9.4417
    0.0000  -37.5000   -7.5000 2723.0781    9.4164
    7.5000  -37.5000   -7.5000 2709.8777    9.6822
   -7.5000  -30.0000   -7.5000 2725.5466    9.3393
    0.0000  -30.0000   -7.5000 2729.6143    9.2925
    7.5000  -30.0000   -7.5000 2716.1216    9.5692
   -7.5000  -22.5000   -7.5000 2740.7168    9.2308
    0.0000  -22.5000   -7.5000 2740.4805    9.1905
    7.5000  -22.5000   -7.5000 2729.2637    9.4588
   -7.5000  -15.0000   -7.5000 2754.1492    9.1013
    0.0000  -15.0000   -7.5000 2759.5981    9.0669
    7.5000  -15.0000   -7.5000 2744.5952    9.3321
   -7.5000   -7.5000   -7.5000 2779.6179    8.9651
    0.0000   -7.5000   -7.5000 2782.5903    8.9278
    7.5000   -7.5000   -7.5000 2766.4685    9.1922
   -7.5000    0.0000   -7.5000 2809.3975    8.8644
    0.0000    0.0000   -7.5000 2808.5339    8.8340
    7.5000    0.0000   -7.5000 2788.5513    9.0888
   -7.5000    7.5000   -7.5000 2840.4902    8.8520
    0.0000    7.5000   -7.5000 2836.1396    8.8306
    7.5000    7.5000   -7.5000 2811.6282    9.0870
   -7.5000   15.0000   -7.5000 2869.6406    8.9703
    0.0000   15.0000   -7.5000 2860.9238    8.9345
    7.5000   15.0000   -7.5000 2828.4265    9.1936
   -7.5000   22.5000   -7.5000 2894.8279    9.1228
    0.0000   22.5000   -7.5000 2876.5110    9.1180
    7.5000   22.5000   -7.5000 2837.5090    9.3618
   -7.5000   30.0000   -7.5000 2891.6575    9.3892
    0.0000   30.0000   -7.5000 2874.1663    9.3686
    7.5000   30.0000   -7.5000 2831.8364    9.6174
   -7.5000   37.5000   -7.5000 2859.1934    9.7392
    0.0000   37.5000   -7.5000 2840.3669    9.7260
    7.5000   37.5000   -7.5000 2801.8289   10.0128
   -7.5000   45.0000   -7.5000 2791.1384   10.2004
    0.0000   45.0000   -7.5000 2780.3767   10.2031
    7.5000   45.0000   -7.5000 2743.1814   10.5435
   -7.5000  -45.0000    0.0000 2694.6719    9.7702
    0.0000  -45.0000    0.0000 2700.6099    9.7136
    7.5000  -45.0000    0.0000 2698.9104    9.9603
   -7.5000  -37.5000    0.0000 2703.3098    9.5988
    0.0000  -37.5000    0.0000 2705.4343    9.5397
    7.5000  -37.5000    0.0000 2699.0959    9.7741
   -7.5000  -30.0000    0.0000 2715.0444    9.4453
    0.0000  -30.0000    0.0000 2709.7390    9.3703
    7.5000  -30.0000    0.0000 2701.3486    9.6051
   -7.5000  -22.5000    0.0000 2725.9111    9.2587
    0.0000  -22.5000    0.0000 2717.1406    9.1760
    7.5000  -22.5000    0.0000 2718.0845    9.4503
   -7.5000  -15.0000    0.0000 2743.7922    9.0779
    0.0000  -15.0000    0.0000 2738.4617    9.0218
    7.5000  -15.0000    0.0000 2740.6938    9.2933
   -7.5000   -7.5000    0.0000 2772.7090    8.9345
    0.0000   -7.5000    0.0000 2770.5264    8.9117
    7.5000   -7.5000    0.0000 2767.2820    9.1594
   -7.5000    0.0000    0.0000 2813.0051    8.8834
    0.0000    0.0000    0.0000 2808.8918    8.8750
    7.5000    0.0000    0.0000 2795.8286    9.0769
   -7.5000    7.5000    0.0000 2861.8552    8.9433
    0.0000    7.5000    0.0000 2855.3359    8.9155
    7.5000    7.5000    0.0000 2831.9099    9.0980
   -7.5000   15.0000    0.0000 2915.6819    9.0939
    0.0000   15.0000    0.0000 2903.6643    9.0361
    7.5000   15.0000    0.0000 2863.8508    9.1840
   -7.5000   22.5000    0.0000 2957.3406    9.1519
    0.0000   22.5000    0.0000 2936.0425    9.1204
    7.5000   22.5000    0.0000 2882.2993    9.3194
   -7.5000   30.0000    0.0000 2955.9407    9.2860
    0.0000   30.0000    0.0000 2935.3306    9.2642
    7.5000   30.0000    0.0000 2878.6982    9.5209
   -7.5000   37.5000    0.0000 2905.9377    9.5488
    0.0000   37.5000    0.0000 2893.1941    9.5769
    7.5000   37.5000    0.0000 2847.6685    9.8764
   -7.5000   45.0000    0.0000 2831.2188    9.9817
    0.0000   45.0000    0.0000 2821.2708   10.0371
    7.5000   45.0000    0.0000 2775.7473   10.3728
   -7.5000  -45.0000    7.5000 2677.5852   10.0267
    0.0000  -45.0000    7.5000 2674.9426    9.9686
    7.5000  -45.0000    7.5000 2680.8774   10.2190
   -7.5000  -37.5000    7.5000 2690.0115    9.8571
    0.0000  -37.5000    7.5000 2682.8811    9.7902
    7.5000  -37.5000    7.5000 2685.0371    9.9870
   -7.5000  -30.0000    7.5000 2703.4050    9.6747
    0.0000  -30.0000    7.5000 2695.3621    9.6022
    7.5000  -30.0000    7.5000 2689.0203    9.7841
   -7.5000  -22.5000    7.5000 2713.4785    9.4657
    0.0000  -22.5000    7.5000 2709.2917    9.4076
    7.5000  -22.5000    7.5000 2709.1123    9.6195
   -7.5000  -15.0000    7.5000 2737.4316    9.2714
    0.0000  -15.0000    7.5000 2737.8691    9.2452
    7.5000  -15.0000    7.5000 2732.2927    9.4562
   -7.5000   -7.5000    7.5000 2777.8264    9.1489
    0.0000   -7.5000    7.5000 2776.9224    9.1379
    7.5000   -7.5000    7.5000 2763.3518    9.3319
   -7.5000    0.0000    7.5000 2826.3718    9.1016
    0.0000    0.0000    7.5000 2827.5703    9.1092
    7.5000    0.0000    7.5000 2799.8364    9.2481
   -7.5000    7.5000    7.5000 2884.6978    9.1788
    0.0000    7.5000    7.5000 2881.7366    9.1653
    7.5000    7.5000    7.5000 2845.1699    9.2613
   -7.5000   15.0000    7.5000 2947.0037    9.3791
    0.0000   15.0000    7.5000 2937.0449    9.3235
    7.5000   15.0000    7.5000 2882.2588    9.3062
   -7.5000   22.5000    7.5000 2991.9280    9.3281
    0.0000   22.5000    7.5000 2974.7932    9.3333
    7.5000   22.5000    7.5000 2900.3142    9.4181
   -7.5000   30.0000    7.5000 2980.6558    9.2621
    0.0000   30.0000    7.5000 2964.7051    9.3724
    7.5000   30.0000    7.5000 2895.7874    9.6026
   -7.5000   37.5000    7.5000 2924.9062    9.5158
    0.0000   37.5000    7.5000 2910.7732    9.6162
    7.5000   37.5000    7.5000 2856.4158    9.9080
   -7.5000   45.0000    7.5000 2847.0630    9.9336
    0.0000   45.0000    7.5000 2839.3176   10.0003
    7.5000   45.0000    7.5000 2785.8445   10.3284
   -7.5000  -45.0000   15.0000 2644.4434   10.3860
    0.0000  -45.0000   15.0000 2654.2651   10.3826
    7.5000  -45.0000   15.0000 2646.1729   10.6379
   -7.5000  -37.5000   15.0000 2665.5525   10.2000
    0.0000  -37.5000   15.0000 2669.0000   10.2040
    7.5000  -37.5000   15.0000 2658.1169   10.3809
   -7.5000  -30.0000   15.0000 2687.6887   10.0127
    0.0000  -30.0000   15.0000 2686.1687   10.0068
    7.5000  -30.0000   15.0000 2672.6587   10.1708
   -7.5000  -22.5000   15.0000 2710.9531    9.8025
    0.0000  -22.5000   15.0000 2710.6670    9.8045
    7.5000  -22.5000   15.0000 2697.5588    9.9728
   -7.5000  -15.0000   15.0000 2738.3098    9.6168
    0.0000  -15.0000   15.0000 2741.5049    9.6166
    7.5000  -15.0000   15.0000 2722.4534    9.7986
   -7.5000   -7.5000   15.0000 2777.6108    9.4812
    0.0000   -7.5000   15.0000 2777.9043    9.4807
    7.5000   -7.5000   15.0000 2757.3313    9.6249
   -7.5000    0.0000   15.0000 2827.4941    9.3845
    0.0000    0.0000   15.0000 2827.1660    9.4079
    7.5000    0.0000   15.0000 2796.4995    9.5133
   -7.5000    7.5000   15.0000 2884.8286    9.3855
    0.0000    7.5000   15.0000 2883.6052    9.4258
    7.5000    7.5000   15.0000 2840.4915    9.4815
   -7.5000   15.0000   15.0000 2934.3176    9.4457
    0.0000   15.0000   15.0000 2928.8560    9.4942
    7.5000   15.0000   15.0000 2874.0208    9.5200
   -7.5000   22.5000   15.0000 2958.6570    9.3764
    0.0000   22.5000   15.0000 2961.3601    9.5088
    7.5000   22.5000   15.0000 2890.1431    9.5902
   -7.5000   30.0000   15.0000 2961.0366    9.4899
    0.0000   30.0000   15.0000 2950.9524    9.6310
    7.5000   30.0000   15.0000 2880.6570    9.7884
   -7.5000   37.5000   15.0000 2906.0266    9.7343
    0.0000   37.5000   15.0000 2893.9072    9.8708
    7.5000   37.5000   15.0000 2836.5432   10.0717
   -7.5000   45.0000   15.0000 2827.4731   10.1241
    0.0000   45.0000   15.0000 2816.4304   10.2172
    7.5000   45.0000   15.0000 2762.2632   10.4867
   -7.5000  -45.0000   22.5000 2592.8655   10.8730
    0.0000  -45.0000   22.5000 2604.9768   10.9822
    7.5000  -45.0000   22.5000 2591.5383   11.2826
   -7.5000  -37.5000   22.5000 2626.3618   10.6422
    0.0000  -37.5000   22.5000 2630.8420   10.7112
    7.5000  -37.5000   22.5000 2613.0449   10.9525
   -7.5000  -30.0000   22.5000 2651.4106   10.3924
    0.0000  -30.0000   22.5000 2654.8118   10.4390
    7.5000  -30.0000   22.5000 2638.7712   10.6440
   -7.5000  -22.5000   22.5000 2680.0984   10.1447
    0.0000  -22.5000   22.5000 2687.0479   10.1810
    7.5000  -22.5000   22.5000 2668.6633   10.3855
   -7.5000  -15.0000   22.5000 2713.9597    9.9380
    0.0000  -15.0000   22.5000 2717.6470    9.9682
    7.5000  -15.0000   22.5000 2697.5090   10.1726
   -7.5000   -7.5000   22.5000 2761.2844    9.7538
    0.0000   -7.5000   22.5000 2760.1362    9.7876
    7.5000   -7.5000   22.5000 2735.7454    9.9801
   -7.5000    0.0000   22.5000 2807.9966    9.6429
    0.0000    0.0000   22.5000 2806.3389    9.6764
    7.5000    0.0000   22.5000 2772.9902    9.8383
   -7.5000    7.5000   22.5000 2857.1150    9.6024
    0.0000    7.5000   22.5000 2854.6562    9.6238
    7.5000    7.5000   22.5000 2812.9458    9.7705
   -7.5000   15.0000   22.5000 2890.3999    9.5134
    0.0000   15.0000   22.5000 2892.7693    9.5830
    7.5000   15.0000   22.5000 2846.6548    9.7811
   -7.5000   22.5000   22.5000 2920.8945    9.4833
    0.0000   22.5000   22.5000 2916.6006    9.5866
    7.5000   22.5000   22.5000 2864.3716    9.8429
   -7.5000   30.0000   22.5000 2916.7144    9.6985
    0.0000   30.0000   22.5000 2907.2395    9.7701
    7.5000   30.0000   22.5000 2847.6719   10.0151
   -7.5000   37.5000   22.5000 2868.2981   10.0359
    0.0000   37.5000   22.5000 2857.8977   10.1009
    7.5000   37.5000   22.5000 2801.8416   10.3316
   -7.5000   45.0000   22.5000 2787.5320   10.4869
    0.0000   45.0000   22.5000 2777.0015   10.5717
    7.5000   45.0000   22.5000 2726.7361   10.7910
   -7.5000  -45.0000   30.0000 2526.7559   11.4553
    0.0000  -45.0000   30.0000 2536.1868   11.5879
    7.5000  -45.0000   30.0000 2528.1462   11.9609
   -7.5000  -37.5000   30.0000 2566.0156   11.0885
    0.0000  -37.5000   30.0000 2571.4023   11.2248
    7.5000  -37.5000   30.0000 2555.9670   11.5449
   -7.5000  -30.0000   30.0000 2594.1538   10.7891
    0.0000  -30.0000   30.0000 2604.3372   10.8785
    7.5000  -30.0000   30.0000 2586.3098   11.1879
   -7.5000  -22.5000   30.0000 2629.3367   10.5069
    0.0000  -22.5000   30.0000 2637.2095   10.5832
    7.5000  -22.5000   30.0000 2622.1064   10.8946
   -7.5000  -15.0000   30.0000 2669.5906   10.2862
    0.0000  -15.0000   30.0000 2673.1057   10.3507
    7.5000  -15.0000   30.0000 2658.0725   10.6458
   -7.5000   -7.5000   30.0000 2720.6411   10.1036
    0.0000   -7.5000   30.0000 2720.9185   10.1559
    7.5000   -7.5000   30.0000 2695.3113   10.4221
   -7.5000    0.0000   30.0000 2771.2107    9.9804
    0.0000    0.0000   30.0000 2767.1199   10.0186
    7.5000    0.0000   30.0000 2730.9968   10.2688
   -7.5000    7.5000   30.0000 2810.2090    9.8601
    0.0000    7.5000   30.0000 2810.9604    9.9199
    7.5000    7.5000   30.0000 2771.9597   10.1774
   -7.5000   15.0000   30.0000 2838.2434    9.7669
    0.0000   15.0000   30.0000 2835.2554    9.8380
    7.5000   15.0000   30.0000 2797.3743   10.1701
   -7.5000   22.5000   30.0000 2859.3560    9.7925
    0.0000   22.5000   30.0000 2850.9485    9.8984
    7.5000   22.5000   30.0000 2806.6775   10.2170
   -7.5000   30.0000   30.0000 2847.4783   10.0077
    0.0000   30.0000   30.0000 2831.5120   10.1197
    7.5000   30.0000   30.0000 2783.5173   10.4039
   -7.5000   37.5000   30.0000 2803.0959   10.3650
    0.0000   37.5000   30.0000 2787.9080   10.4316
    7.5000   37.5000   30.0000 2735.1653   10.7291
   -7.5000   45.0000   30.0000 2720.8662   10.8676
    0.0000   45.0000   30.0000 2711.8169   10.9270
    7.5000   45.0000   30.0000 2666.5979   11.2232
   -7.5000  -45.0000   37.5000 2469.5974   12.0870
    0.0000  -45.0000   37.5000 2481.9636   12.2073
    7.5000  -45.0000   37.5000 2473.5171   12.6742
   -7.5000  -37.5000   37.5000 2515.4009   11.6497
    0.0000  -37.5000   37.5000 2523.0063   11.7740
    7.5000  -37.5000   37.5000 2507.3640   12.1936
   -7.5000  -30.0000   37.5000 2546.8811   11.2923
    0.0000  -30.0000   37.5000 2559.4180   11.4139
    7.5000  -30.0000   37.5000 2540.1040   11.8106
   -7.5000  -22.5000   37.5000 2589.5781   10.9959
    0.0000  -22.5000   37.5000 2596.8469   11.1026
    7.5000  -22.5000   37.5000 2574.6970   11.5005
   -7.5000  -15.0000   37.5000 2630.3945   10.7544
    0.0000  -15.0000   37.5000 2633.2898   10.8256
    7.5000  -15.0000   37.5000 2608.7910   11.2065
   -7.5000   -7.5000   37.5000 2678.5249   10.5560
    0.0000   -7.5000   37.5000 2679.9319   10.6032
    7.5000   -7.5000   37.5000 2644.7849   10.9468
   -7.5000    0.0000   37.5000 2721.5952   10.3877
    0.0000    0.0000   37.5000 2720.3499   10.4419
    7.5000    0.0000   37.5000 2681.1318   10.7626
   -7.5000    7.5000   37.5000 2756.4822   10.2775
    0.0000    7.5000   37.5000 2752.1309   10.3528
    7.5000    7.5000   37.5000 2714.4277   10.6949
   -7.5000   15.0000   37.5000 2773.0186   10.2245
    0.0000   15.0000   37.5000 2770.4187   10.3202
    7.5000   15.0000   37.5000 2729.3064   10.6793
   -7.5000   22.5000   37.5000 2780.2405   10.2700
    0.0000   22.5000   37.5000 2774.5176   10.4040
    7.5000   22.5000   37.5000 2731.2786   10.7565
   -7.5000   30.0000   37.5000 2759.8931   10.4971
    0.0000   30.0000   37.5000 2747.4202   10.6247
    7.5000   30.0000   37.5000 2701.5442   10.9705
   -7.5000   37.5000   37.5000 2715.1794   10.8624
    0.0000   37.5000   37.5000 2700.4141   10.9684
    7.5000   37.5000   37.5000 2656.9893   11.3037
   -7.5000   45.0000   37.5000 2640.2395   11.3852
    0.0000   45.0000   37.5000 2631.9360   11.4763
    7.5000   45.0000   37.5000 2592.6045   11.7907
   -7.5000  -45.0000   45.0000 2410.3403   12.8424
    0.0000  -45.0000   45.0000 2426.3518   12.9799
    7.5000  -45.0000   45.0000 2416.0989   13.5034
   -7.5000  -37.5000   45.0000 2453.7678   12.3578
    0.0000  -37.5000   45.0000 2470.3811   12.4891
    7.5000  -37.5000   45.0000 2453.3462   12.9417
   -7.5000  -30.0000   45.0000 2494.8694   11.9458
    0.0000  -30.0000   45.0000 2508.0166   12.0599
    7.5000  -30.0000   45.0000 2486.8616   12.5212
   -7.5000  -22.5000   45.0000 2542.1240   11.6170
    0.0000  -22.5000   45.0000 2547.7910   11.7211
    7.5000  -22.5000   45.0000 2516.2273   12.1695
   -7.5000  -15.0000   45.0000 2579.8442   11.3445
    0.0000  -15.0000   45.0000 2581.0852   11.4118
    7.5000  -15.0000   45.0000 2547.7617   11.8574
   -7.5000   -7.5000   45.0000 2620.5791   11.1042
    0.0000   -7.5000   45.0000 2620.7449   11.1915
    7.5000   -7.5000   45.0000 2581.2419   11.5862
   -7.5000    0.0000   45.0000 2654.6011   10.9186
    0.0000    0.0000   45.0000 2652.7283   11.0079
    7.5000    0.0000   45.0000 2611.8833   11.3761
   -7.5000    7.5000   45.0000 2686.6462   10.8254
    0.0000    7.5000   45.0000 2680.0305   10.9107
    7.5000    7.5000   45.0000 2637.2676   11.3050
   -7.5000   15.0000   45.0000 2694.4165   10.8151
    0.0000   15.0000   45.0000 2690.0234   10.9274
    7.5000   15.0000   45.0000 2647.7605   11.3037
   -7.5000   22.5000   45.0000 2686.1841   10.9215
    0.0000   22.5000   45.0000 2682.5405   11.0599
    7.5000   22.5000   45.0000 2643.9556   11.4302
   -7.5000   30.0000   45.0000 2661.0149   11.1572
    0.0000   30.0000   45.0000 2655.4814   11.2808
    7.5000   30.0000   45.0000 2611.8110   11.6709
   -7.5000   37.5000   45.0000 2629.3721   11.5262
    0.0000   37.5000   45.0000 2616.4912   11.6546
    7.5000   37.5000   45.0000 2575.6653   12.0077
   -7.5000   45.0000   45.0000 2558.9785   12.0544
    0.0000   45.0000   45.0000 2547.9573   12.1744
    7.5000   45.0000   45.0000 2508.7588   12.5007

---------------------------------------------------------------------
imgreg_4dfp /opt/freesurfer/average/711-2C_as_mni_average_305 /opt/freesurfer/average/711-2B_as_mni_average_305_mask talsrcimg_g11 none talsrcimg_to_711-2C_as_mni_average_305_t4 1283
---------------------------------------------------------------------

freesurfer imgreg_4dfp.c
/opt/freesurfer/average/711-2C_as_mni_average_305.4dfp.img
       256       256       256         1
  1.000000  1.000000  1.000000
orientation T byte_order littleendian
Reading image: /opt/freesurfer/average/711-2C_as_mni_average_305.4dfp.img
dimensions:      256       256       256
mmppix:       1.0000   -1.0000   -1.0000
center:     128.0000 -129.0000 -129.0000
/opt/freesurfer/average/711-2B_as_mni_average_305_mask.4dfp.img
       256       256       256         1
  1.000000  1.000000  1.000000
orientation T byte_order littleendian
Reading mask: /opt/freesurfer/average/711-2B_as_mni_average_305_mask.4dfp.img (2306576 pixels)
talsrcimg_g11.4dfp.img
       256       256       256         1
  1.000000  1.000000  1.000000
orientation T byte_order littleendian
Reading image: talsrcimg_g11.4dfp.img
dimensions:      256       256       256
mmppix:       1.0000   -1.0000   -1.0000
center:     128.0000 -129.0000 -129.0000
rotation matrix determinant  1.000000
fimgreg.f
image alignment mode   1283 decimal      503 hex
parameters
   -7.5000   22.5000    7.5000    0.0000    0.0000    0.0000
eta,q 0.94084  9.36575
niter,ni,del,rscale     5    3   12.0000    1.2000
parameter  1 -0.752938 -> -0.500000 qaram    1.1500
parameter  5 -0.898446 -> -0.500000 qaram    1.1500
parameters
   -4.0500   24.6671    7.7599    2.1963    3.4500   -1.7589
eta,q 0.94648  9.25975
  0.0813  0.0695  0.0682  0.0628  0.0714  0.0565
  0.0751  0.0662  0.0640  0.0614  0.0668  0.0542
  0.0704  0.0636  0.0612  0.0608  0.0615  0.0535
  0.0651  0.0608  0.0591  0.0590  0.0580  0.0542
  0.0612  0.0591  0.0598  0.0581  0.0554  0.0559
  0.0605  0.0594  0.0635  0.0588  0.0540  0.0588
  0.0624  0.0631  0.0668  0.0601  0.0544  0.0621
niter,ni,del,rscale     6    3   12.0000    1.2000
parameters
   -5.5752   23.8690    8.2592    1.7344    5.6060   -2.4153
eta,q 0.94857  9.29392
  0.0662  0.0600  0.0665  0.0551  0.0672  0.0553
  0.0584  0.0567  0.0615  0.0546  0.0620  0.0525
  0.0539  0.0544  0.0570  0.0540  0.0574  0.0515
  0.0535  0.0533  0.0537  0.0534  0.0535  0.0515
  0.0602  0.0546  0.0545  0.0535  0.0515  0.0523
  0.0725  0.0600  0.0586  0.0546  0.0534  0.0541
  0.0814  0.0653  0.0636  0.0563  0.0575  0.0573
niter,ni,del,rscale     5    3   12.0000    1.2000
parameters
   -6.1715   23.8410    8.2832    2.2410    5.8373   -2.6338
eta,q 0.94861  9.28146
  0.0703  0.0596  0.0650  0.0544  0.0630  0.0558
  0.0606  0.0555  0.0598  0.0538  0.0582  0.0528
  0.0539  0.0527  0.0546  0.0527  0.0541  0.0514
  0.0514  0.0516  0.0516  0.0516  0.0515  0.0514
  0.0556  0.0519  0.0538  0.0514  0.0525  0.0518
  0.0670  0.0552  0.0592  0.0523  0.0563  0.0533
  0.0771  0.0604  0.0653  0.0544  0.0626  0.0565
niter,ni,del,rscale     4    3   12.0000    1.2000
parameters
   -6.3561   23.7178    8.3001    2.3640    5.9276   -2.7192
eta,q 0.94851  9.28234
  0.0721  0.0592  0.0650  0.0545  0.0628  0.0560
  0.0623  0.0551  0.0598  0.0538  0.0581  0.0529
  0.0549  0.0526  0.0545  0.0525  0.0539  0.0515
  0.0514  0.0515  0.0515  0.0515  0.0515  0.0515
  0.0536  0.0518  0.0537  0.0517  0.0527  0.0517
  0.0640  0.0552  0.0593  0.0527  0.0567  0.0531
  0.0751  0.0605  0.0654  0.0550  0.0632  0.0562
niter,ni,del,rscale     3    3   12.0000    1.2000
parameters
   -6.4207   23.6850    8.3055    2.4356    5.9628   -2.7554
eta,q 0.94848  9.28182
  0.0728  0.0594  0.0651  0.0545  0.0627  0.0561
  0.0630  0.0552  0.0598  0.0538  0.0580  0.0530
  0.0553  0.0527  0.0545  0.0525  0.0538  0.0515
  0.0515  0.0515  0.0516  0.0515  0.0515  0.0515
  0.0532  0.0517  0.0538  0.0518  0.0528  0.0518
  0.0633  0.0549  0.0594  0.0528  0.0569  0.0530
  0.0746  0.0602  0.0655  0.0552  0.0634  0.0562
niter,ni,del,rscale     2    3   12.0000    1.2000
parameters
   -6.4460   23.6667    8.3076    2.4676    5.9764   -2.7714
eta,q 0.94846  9.28181
  0.0730  0.0594  0.0651  0.0545  0.0627  0.0561
  0.0632  0.0552  0.0598  0.0538  0.0580  0.0530
  0.0554  0.0527  0.0545  0.0524  0.0538  0.0515
  0.0515  0.0515  0.0516  0.0515  0.0515  0.0515
  0.0531  0.0517  0.0538  0.0518  0.0529  0.0518
  0.0630  0.0548  0.0594  0.0529  0.0569  0.0530
  0.0744  0.0601  0.0655  0.0552  0.0635  0.0561
registration optimization eta report
parameter search radius
    6.9000    6.0000    6.0000    6.0000    6.9000    6.0000
100000*second partial in parameter space
       46.       23.       36.        9.       24.       13.
  0.0730  0.0594  0.0651  0.0545  0.0627  0.0561
  0.0632  0.0552  0.0598  0.0538  0.0580  0.0530
  0.0554  0.0527  0.0545  0.0524  0.0538  0.0515
  0.0515  0.0515  0.0516  0.0515  0.0515  0.0515
  0.0531  0.0517  0.0538  0.0518  0.0529  0.0518
  0.0630  0.0548  0.0594  0.0529  0.0569  0.0530
  0.0744  0.0601  0.0655  0.0552  0.0635  0.0561
   -6.4460   23.6667    8.3076    2.4676    5.9764   -2.7714
eta,q 0.94846  9.28181

---------------------------------------------------------------------
imgreg_4dfp /opt/freesurfer/average/711-2C_as_mni_average_305 /opt/freesurfer/average/711-2B_as_mni_average_305_mask talsrcimg_g11 none talsrcimg_to_711-2C_as_mni_average_305_t4 3335
---------------------------------------------------------------------

freesurfer imgreg_4dfp.c
/opt/freesurfer/average/711-2C_as_mni_average_305.4dfp.img
       256       256       256         1
  1.000000  1.000000  1.000000
orientation T byte_order littleendian
Reading image: /opt/freesurfer/average/711-2C_as_mni_average_305.4dfp.img
dimensions:      256       256       256
mmppix:       1.0000   -1.0000   -1.0000
center:     128.0000 -129.0000 -129.0000
/opt/freesurfer/average/711-2B_as_mni_average_305_mask.4dfp.img
       256       256       256         1
  1.000000  1.000000  1.000000
orientation T byte_order littleendian
Reading mask: /opt/freesurfer/average/711-2B_as_mni_average_305_mask.4dfp.img (2306576 pixels)
talsrcimg_g11.4dfp.img
       256       256       256         1
  1.000000  1.000000  1.000000
orientation T byte_order littleendian
Reading image: talsrcimg_g11.4dfp.img
dimensions:      256       256       256
mmppix:       1.0000   -1.0000   -1.0000
center:     128.0000 -129.0000 -129.0000
fimgreg.f
image alignment mode   3335 decimal      D07 hex
parameters
   -6.4460   23.6667    8.3076   -0.6598   -0.1879   -0.6357
    4.3829  -10.5983   -4.8088   -3.7974   10.4119    4.2820
eta,q 0.94794  9.34675
niter,ni,del,rscale     5    3    5.0000    1.2000
parameter  4  2.356015 ->  0.500000 qaram    1.1500
parameter  5 49.952629 ->  0.500000 qaram    1.1500
parameter  6  0.769922 ->  0.500000 qaram    1.1500
parameters
   -6.2587   23.5851    8.3578   -4.7998   -4.3279   -4.7757
    2.8078   -8.7339   -3.5235   -5.2614    7.1120    3.8509
eta,q 0.96745  9.42041
  0.0554  0.0531  0.0543  0.0410  0.0334  0.0335  0.0355  0.0430  0.0354  0.0349  0.0331  0.0342
  0.0537  0.0524  0.0530  0.0430  0.0360  0.0337  0.0342  0.0388  0.0342  0.0335  0.0326  0.0333
  0.0526  0.0521  0.0523  0.0467  0.0396  0.0342  0.0336  0.0355  0.0335  0.0330  0.0326  0.0327
  0.0521  0.0520  0.0520  0.0520  0.0438  0.0369  0.0338  0.0336  0.0331  0.0331  0.0330  0.0326
  0.0522  0.0522  0.0522  0.0580  0.0477  0.0422  0.0346  0.0332  0.0331  0.0338  0.0338  0.0328
  0.0530  0.0526  0.0529  0.0638  0.0511  0.0492  0.0361  0.0342  0.0335  0.0353  0.0353  0.0335
  0.0546  0.0531  0.0541  0.0692  0.0543  0.0554  0.0382  0.0368  0.0342  0.0374  0.0372  0.0347
niter,ni,del,rscale     7    3    5.0000    1.2000
parameter  2 -0.718435 -> -0.500000 qaram    1.1500
parameter  3  0.558526 ->  0.500000 qaram    1.1500
parameter  4  0.555200 ->  0.500000 qaram    1.3225
parameter  5  1.335637 ->  0.500000 qaram    1.3225
parameters
   -6.1568   24.9651    6.9778   -9.5608   -9.0889   -7.4300
    3.4390   -7.4707   -2.8412   -4.9179    8.2324    4.9634
eta,q 0.97480  9.11451
  0.0370  0.0382  0.0312  0.0297  0.0246  0.0265  0.0288  0.0306  0.0280  0.0288  0.0266  0.0271
  0.0346  0.0359  0.0306  0.0293  0.0249  0.0255  0.0271  0.0280  0.0267  0.0269  0.0260  0.0262
  0.0331  0.0340  0.0307  0.0294  0.0263  0.0255  0.0260  0.0264  0.0257  0.0258  0.0256  0.0256
  0.0326  0.0325  0.0314  0.0305  0.0292  0.0252  0.0255  0.0255  0.0253  0.0253  0.0253  0.0252
  0.0329  0.0317  0.0326  0.0339  0.0330  0.0259  0.0257  0.0253  0.0255  0.0255  0.0253  0.0252
  0.0342  0.0313  0.0342  0.0399  0.0366  0.0294  0.0265  0.0261  0.0261  0.0265  0.0255  0.0256
  0.0363  0.0316  0.0362  0.0464  0.0401  0.0352  0.0278  0.0280  0.0272  0.0282  0.0260  0.0262
niter,ni,del,rscale     7    3    5.0000    1.2000
parameter  5  0.510737 ->  0.500000 qaram    1.5209
parameters
   -6.3238   25.8717    7.7373  -10.9499  -14.5640   -7.1512
    3.2888   -7.4715   -3.5628   -5.2161    8.1094    5.4437
eta,q 0.97643  8.86671
  0.0282  0.0317  0.0277  0.0276  0.0248  0.0269  0.0264  0.0277  0.0256  0.0266  0.0247  0.0251
  0.0265  0.0289  0.0263  0.0259  0.0238  0.0251  0.0248  0.0256  0.0244  0.0249  0.0241  0.0243
  0.0254  0.0267  0.0253  0.0249  0.0235  0.0239  0.0239  0.0242  0.0237  0.0239  0.0237  0.0238
  0.0252  0.0252  0.0246  0.0244  0.0245  0.0236  0.0236  0.0236  0.0236  0.0236  0.0236  0.0236
  0.0258  0.0246  0.0244  0.0249  0.0274  0.0236  0.0240  0.0240  0.0241  0.0241  0.0237  0.0237
  0.0271  0.0251  0.0247  0.0269  0.0313  0.0243  0.0251  0.0254  0.0251  0.0253  0.0241  0.0241
  0.0292  0.0267  0.0256  0.0317  0.0350  0.0268  0.0265  0.0279  0.0265  0.0271  0.0248  0.0247
niter,ni,del,rscale     7    3    5.0000    1.2000
parameters
   -6.4175   26.1250    8.3483  -10.5167  -15.0652   -6.9455
    3.4133   -7.5454   -3.6310   -5.2140    7.8898    5.3175
eta,q 0.97664  8.87032
  0.0268  0.0284  0.0265  0.0276  0.0288  0.0267  0.0263  0.0275  0.0259  0.0267  0.0244  0.0247
  0.0250  0.0259  0.0251  0.0256  0.0261  0.0249  0.0247  0.0253  0.0245  0.0249  0.0238  0.0239
  0.0239  0.0243  0.0241  0.0242  0.0242  0.0238  0.0237  0.0239  0.0236  0.0238  0.0235  0.0235
  0.0236  0.0236  0.0235  0.0234  0.0233  0.0234  0.0234  0.0234  0.0234  0.0234  0.0234  0.0234
  0.0240  0.0238  0.0234  0.0233  0.0237  0.0234  0.0237  0.0238  0.0237  0.0238  0.0235  0.0236
  0.0253  0.0249  0.0238  0.0243  0.0263  0.0243  0.0247  0.0253  0.0246  0.0250  0.0239  0.0240
  0.0274  0.0269  0.0247  0.0276  0.0307  0.0267  0.0261  0.0278  0.0259  0.0267  0.0246  0.0247
niter,ni,del,rscale     6    3    5.0000    1.2000
parameters
   -6.4436   26.1163    8.3852  -10.5677  -15.1131   -6.9167
    3.4348   -7.5533   -3.6012   -5.2170    7.8404    5.3209
eta,q 0.97662  8.86620
  0.0268  0.0275  0.0256  0.0273  0.0292  0.0266  0.0262  0.0275  0.0259  0.0267  0.0245  0.0247
  0.0250  0.0252  0.0244  0.0254  0.0264  0.0248  0.0247  0.0254  0.0245  0.0249  0.0239  0.0240
  0.0238  0.0238  0.0237  0.0241  0.0244  0.0237  0.0237  0.0239  0.0237  0.0238  0.0235  0.0235
  0.0234  0.0234  0.0234  0.0234  0.0234  0.0234  0.0234  0.0234  0.0234  0.0234  0.0234  0.0234
  0.0238  0.0239  0.0236  0.0234  0.0236  0.0235  0.0237  0.0238  0.0237  0.0238  0.0235  0.0236
  0.0250  0.0253  0.0243  0.0246  0.0258  0.0244  0.0247  0.0252  0.0245  0.0250  0.0239  0.0240
  0.0271  0.0275  0.0256  0.0283  0.0301  0.0269  0.0261  0.0277  0.0259  0.0267  0.0246  0.0247
niter,ni,del,rscale     5    3    5.0000    1.2000
parameters
   -6.4470   26.1151    8.3939  -10.5620  -15.1163   -6.9116
    3.4325   -7.5511   -3.5911   -5.2216    7.8258    5.3247
eta,q 0.97662  8.86635
  0.0269  0.0275  0.0256  0.0274  0.0293  0.0266  0.0262  0.0275  0.0259  0.0267  0.0245  0.0247
  0.0250  0.0253  0.0244  0.0255  0.0265  0.0248  0.0247  0.0254  0.0245  0.0249  0.0239  0.0240
  0.0238  0.0239  0.0237  0.0241  0.0244  0.0237  0.0237  0.0239  0.0236  0.0238  0.0235  0.0235
  0.0234  0.0234  0.0234  0.0234  0.0234  0.0234  0.0234  0.0234  0.0234  0.0234  0.0234  0.0234
  0.0238  0.0239  0.0236  0.0234  0.0235  0.0235  0.0237  0.0238  0.0237  0.0238  0.0235  0.0236
  0.0250  0.0253  0.0243  0.0246  0.0258  0.0244  0.0247  0.0252  0.0246  0.0250  0.0239  0.0240
  0.0270  0.0275  0.0256  0.0282  0.0301  0.0269  0.0262  0.0277  0.0259  0.0267  0.0245  0.0247
registration optimization eta report
parameter search radius
    2.4000    2.7600    2.7600    9.5220   10.9503    8.2800
    7.2000    7.2000    7.2000    7.2000    7.2000    7.2000
100000*second partial in parameter space
       62.       54.       29.        5.        5.        5.
        5.        8.        5.        6.        2.        3.
  0.0269  0.0275  0.0256  0.0274  0.0293  0.0266  0.0262  0.0275  0.0259  0.0267  0.0245  0.0247
  0.0250  0.0253  0.0244  0.0255  0.0265  0.0248  0.0247  0.0254  0.0245  0.0249  0.0239  0.0240
  0.0238  0.0239  0.0237  0.0241  0.0244  0.0237  0.0237  0.0239  0.0236  0.0238  0.0235  0.0235
  0.0234  0.0234  0.0234  0.0234  0.0234  0.0234  0.0234  0.0234  0.0234  0.0234  0.0234  0.0234
  0.0238  0.0239  0.0236  0.0234  0.0235  0.0235  0.0237  0.0238  0.0237  0.0238  0.0235  0.0236
  0.0250  0.0253  0.0243  0.0246  0.0258  0.0244  0.0247  0.0252  0.0246  0.0250  0.0239  0.0240
  0.0270  0.0275  0.0256  0.0282  0.0301  0.0269  0.0262  0.0277  0.0259  0.0267  0.0245  0.0247
   -6.4470   26.1151    8.3939  -10.5620  -15.1163   -6.9116
    3.4325   -7.5511   -3.5911   -5.2216    7.8258    5.3247
eta,q 0.97662  8.86635

---------------------------------------------------------------------
imgreg_4dfp /opt/freesurfer/average/711-2C_as_mni_average_305 /opt/freesurfer/average/711-2B_as_mni_average_305_mask talsrcimg_g11 none talsrcimg_to_711-2C_as_mni_average_305_t4 2311
---------------------------------------------------------------------

freesurfer imgreg_4dfp.c
/opt/freesurfer/average/711-2C_as_mni_average_305.4dfp.img
       256       256       256         1
  1.000000  1.000000  1.000000
orientation T byte_order littleendian
Reading image: /opt/freesurfer/average/711-2C_as_mni_average_305.4dfp.img
dimensions:      256       256       256
mmppix:       1.0000   -1.0000   -1.0000
center:     128.0000 -129.0000 -129.0000
/opt/freesurfer/average/711-2B_as_mni_average_305_mask.4dfp.img
       256       256       256         1
  1.000000  1.000000  1.000000
orientation T byte_order littleendian
Reading mask: /opt/freesurfer/average/711-2B_as_mni_average_305_mask.4dfp.img (2306576 pixels)
talsrcimg_g11.4dfp.img
       256       256       256         1
  1.000000  1.000000  1.000000
orientation T byte_order littleendian
Reading image: talsrcimg_g11.4dfp.img
dimensions:      256       256       256
mmppix:       1.0000   -1.0000   -1.0000
center:     128.0000 -129.0000 -129.0000
fimgreg.f
image alignment mode   2311 decimal      907 hex
parameters
   -6.4470   26.1151    8.3939  -10.5620  -15.1163   -6.9116
    3.4325   -7.5511   -3.5911   -5.2216    7.8258    5.3247
eta,q 0.97662  8.86635
niter,ni,del,rscale     5    3    5.0000    0.8000
parameters
   -6.4274   26.1179    8.4427   -9.1754  -14.0893   -6.0324
    3.5312   -7.4633   -3.4574   -4.9953    8.3199    5.2052
eta,q 0.97686  9.01819
  0.0250  0.0248  0.0242  0.0247  0.0248  0.0244  0.0245  0.0252  0.0244  0.0248  0.0238  0.0237
  0.0241  0.0240  0.0238  0.0242  0.0241  0.0237  0.0238  0.0242  0.0237  0.0240  0.0235  0.0234
  0.0236  0.0235  0.0235  0.0237  0.0236  0.0233  0.0233  0.0235  0.0233  0.0234  0.0233  0.0232
  0.0234  0.0234  0.0234  0.0234  0.0233  0.0232  0.0232  0.0232  0.0232  0.0232  0.0232  0.0231
  0.0235  0.0235  0.0234  0.0232  0.0232  0.0232  0.0233  0.0233  0.0233  0.0233  0.0232  0.0232
  0.0241  0.0240  0.0237  0.0234  0.0234  0.0232  0.0237  0.0239  0.0237  0.0237  0.0233  0.0234
  0.0250  0.0248  0.0241  0.0238  0.0239  0.0237  0.0244  0.0251  0.0243  0.0245  0.0236  0.0238
niter,ni,del,rscale     4    3    5.0000    0.7000
parameters
   -6.4409   26.0951    8.2553   -9.1011  -13.9224   -6.1151
    3.5425   -7.4358   -3.5360   -4.9158    8.4566    5.2106
eta,q 0.97688  9.02766
  0.0244  0.0242  0.0236  0.0240  0.0241  0.0237  0.0241  0.0247  0.0240  0.0243  0.0236  0.0236
  0.0237  0.0236  0.0233  0.0236  0.0236  0.0233  0.0236  0.0239  0.0235  0.0237  0.0234  0.0233
  0.0233  0.0233  0.0232  0.0233  0.0233  0.0232  0.0232  0.0234  0.0232  0.0233  0.0232  0.0232
  0.0231  0.0231  0.0231  0.0231  0.0231  0.0231  0.0231  0.0231  0.0231  0.0231  0.0231  0.0231
  0.0233  0.0233  0.0233  0.0232  0.0232  0.0231  0.0232  0.0232  0.0232  0.0232  0.0232  0.0232
  0.0237  0.0237  0.0235  0.0235  0.0234  0.0232  0.0236  0.0238  0.0236  0.0236  0.0233  0.0233
  0.0245  0.0243  0.0239  0.0241  0.0241  0.0239  0.0241  0.0247  0.0241  0.0243  0.0236  0.0236
niter,ni,del,rscale     3    3    5.0000    0.6000
parameters
   -6.4365   26.1095    8.2389   -8.9983  -13.8391   -5.9034
    3.5691   -7.4131   -3.5569   -4.8489    8.5088    5.1856
eta,q 0.97689  9.04576
  0.0241  0.0240  0.0235  0.0238  0.0238  0.0235  0.0239  0.0243  0.0238  0.0240  0.0235  0.0235
  0.0236  0.0235  0.0233  0.0235  0.0235  0.0233  0.0234  0.0237  0.0234  0.0235  0.0233  0.0233
  0.0232  0.0232  0.0232  0.0232  0.0232  0.0231  0.0232  0.0233  0.0232  0.0232  0.0232  0.0231
  0.0231  0.0231  0.0231  0.0231  0.0231  0.0231  0.0231  0.0231  0.0231  0.0231  0.0231  0.0231
  0.0232  0.0232  0.0232  0.0231  0.0232  0.0231  0.0232  0.0232  0.0232  0.0232  0.0231  0.0231
  0.0235  0.0235  0.0233  0.0234  0.0234  0.0231  0.0234  0.0236  0.0234  0.0235  0.0233  0.0233
  0.0241  0.0239  0.0236  0.0238  0.0238  0.0235  0.0238  0.0243  0.0238  0.0239  0.0235  0.0235
niter,ni,del,rscale     2    3    5.0000    0.5000
parameters
   -6.4360   26.1164    8.2118   -8.8934  -13.7367   -5.7073
    3.5958   -7.3909   -3.5655   -4.7928    8.5338    5.1628
eta,q 0.97691  9.06367
  0.0238  0.0237  0.0234  0.0236  0.0236  0.0234  0.0236  0.0239  0.0236  0.0237  0.0234  0.0233
  0.0234  0.0234  0.0232  0.0234  0.0234  0.0232  0.0233  0.0235  0.0233  0.0234  0.0232  0.0232
  0.0232  0.0232  0.0231  0.0232  0.0232  0.0231  0.0232  0.0232  0.0231  0.0232  0.0231  0.0231
  0.0231  0.0231  0.0231  0.0231  0.0231  0.0231  0.0231  0.0231  0.0231  0.0231  0.0231  0.0231
  0.0232  0.0232  0.0231  0.0231  0.0231  0.0231  0.0231  0.0232  0.0231  0.0231  0.0231  0.0231
  0.0234  0.0234  0.0232  0.0233  0.0233  0.0231  0.0233  0.0234  0.0233  0.0233  0.0232  0.0232
  0.0238  0.0237  0.0234  0.0236  0.0236  0.0233  0.0236  0.0239  0.0236  0.0237  0.0234  0.0233
niter,ni,del,rscale     1    3    5.0000    0.4000
parameters
   -6.4340   26.1242    8.1853   -8.8132  -13.6625   -5.4898
    3.6070   -7.3762   -3.5619   -4.7381    8.5263    5.1301
eta,q 0.97692  9.07992
  0.0235  0.0235  0.0233  0.0234  0.0234  0.0232  0.0234  0.0236  0.0234  0.0235  0.0233  0.0232
  0.0233  0.0233  0.0232  0.0233  0.0232  0.0231  0.0232  0.0233  0.0232  0.0233  0.0232  0.0232
  0.0231  0.0231  0.0231  0.0231  0.0231  0.0231  0.0231  0.0232  0.0231  0.0231  0.0231  0.0231
  0.0231  0.0231  0.0231  0.0231  0.0231  0.0231  0.0231  0.0231  0.0231  0.0231  0.0231  0.0231
  0.0231  0.0231  0.0231  0.0231  0.0231  0.0231  0.0231  0.0231  0.0231  0.0231  0.0231  0.0231
  0.0233  0.0233  0.0232  0.0232  0.0232  0.0231  0.0232  0.0233  0.0232  0.0232  0.0232  0.0232
  0.0235  0.0235  0.0233  0.0234  0.0234  0.0232  0.0234  0.0236  0.0234  0.0234  0.0233  0.0232
registration optimization eta report
parameter search radius
    0.8000    0.8000    0.8000    2.4000    2.4000    2.4000
    2.4000    2.4000    2.4000    2.4000    2.4000    2.4000
100000*second partial in parameter space
       69.       59.       32.        6.        6.        2.
        6.       10.        5.        7.        3.        3.
  0.0235  0.0235  0.0233  0.0234  0.0234  0.0232  0.0234  0.0236  0.0234  0.0235  0.0233  0.0232
  0.0233  0.0233  0.0232  0.0233  0.0232  0.0231  0.0232  0.0233  0.0232  0.0233  0.0232  0.0232
  0.0231  0.0231  0.0231  0.0231  0.0231  0.0231  0.0231  0.0232  0.0231  0.0231  0.0231  0.0231
  0.0231  0.0231  0.0231  0.0231  0.0231  0.0231  0.0231  0.0231  0.0231  0.0231  0.0231  0.0231
  0.0231  0.0231  0.0231  0.0231  0.0231  0.0231  0.0231  0.0231  0.0231  0.0231  0.0231  0.0231
  0.0233  0.0233  0.0232  0.0232  0.0232  0.0231  0.0232  0.0233  0.0232  0.0232  0.0232  0.0232
  0.0235  0.0235  0.0233  0.0234  0.0234  0.0232  0.0234  0.0236  0.0234  0.0234  0.0233  0.0232
   -6.4340   26.1242    8.1853   -8.8132  -13.6625   -5.4898
    3.6070   -7.3762   -3.5619   -4.7381    8.5263    5.1301
eta,q 0.97692  9.07992

---------------------------------------------------------------------
imgreg_4dfp /opt/freesurfer/average/711-2C_as_mni_average_305 /opt/freesurfer/average/711-2B_as_mni_average_305_mask talsrcimg_g11 none talsrcimg_to_711-2C_as_mni_average_305_t4 2311
---------------------------------------------------------------------

freesurfer imgreg_4dfp.c
/opt/freesurfer/average/711-2C_as_mni_average_305.4dfp.img
       256       256       256         1
  1.000000  1.000000  1.000000
orientation T byte_order littleendian
Reading image: /opt/freesurfer/average/711-2C_as_mni_average_305.4dfp.img
dimensions:      256       256       256
mmppix:       1.0000   -1.0000   -1.0000
center:     128.0000 -129.0000 -129.0000
/opt/freesurfer/average/711-2B_as_mni_average_305_mask.4dfp.img
       256       256       256         1
  1.000000  1.000000  1.000000
orientation T byte_order littleendian
Reading mask: /opt/freesurfer/average/711-2B_as_mni_average_305_mask.4dfp.img (2306576 pixels)
talsrcimg_g11.4dfp.img
       256       256       256         1
  1.000000  1.000000  1.000000
orientation T byte_order littleendian
Reading image: talsrcimg_g11.4dfp.img
dimensions:      256       256       256
mmppix:       1.0000   -1.0000   -1.0000
center:     128.0000 -129.0000 -129.0000
fimgreg.f
image alignment mode   2311 decimal      907 hex
parameters
   -6.4340   26.1242    8.1853   -8.8133  -13.6625   -5.4898
    3.6070   -7.3762   -3.5619   -4.7381    8.5263    5.1301
eta,q 0.97692  9.07992
niter,ni,del,rscale     5    3    5.0000    0.8000
parameters
   -6.4189   26.1237    8.1293   -9.2026  -13.9204   -6.3108
    3.5698   -7.4840   -3.5825   -4.9052    8.4687    5.1464
eta,q 0.97687  9.01689
  0.0249  0.0246  0.0238  0.0242  0.0242  0.0237  0.0244  0.0250  0.0243  0.0245  0.0237  0.0237
  0.0239  0.0238  0.0234  0.0236  0.0237  0.0233  0.0237  0.0241  0.0236  0.0238  0.0234  0.0234
  0.0233  0.0233  0.0232  0.0232  0.0233  0.0231  0.0233  0.0234  0.0232  0.0233  0.0232  0.0232
  0.0231  0.0231  0.0231  0.0231  0.0231  0.0231  0.0231  0.0231  0.0231  0.0231  0.0231  0.0231
  0.0233  0.0232  0.0232  0.0232  0.0232  0.0231  0.0233  0.0233  0.0233  0.0233  0.0232  0.0232
  0.0239  0.0237  0.0235  0.0237  0.0237  0.0236  0.0237  0.0240  0.0237  0.0239  0.0234  0.0234
  0.0248  0.0246  0.0240  0.0248  0.0247  0.0249  0.0245  0.0254  0.0243  0.0248  0.0238  0.0237
niter,ni,del,rscale     4    3    5.0000    0.7000
parameters
   -6.4346   26.1226    8.2439   -9.1221  -13.9326   -6.0261
    3.5667   -7.4549   -3.5708   -4.8874    8.4789    5.1704
eta,q 0.97688  9.03122
  0.0244  0.0243  0.0238  0.0240  0.0241  0.0238  0.0241  0.0247  0.0240  0.0243  0.0236  0.0236
  0.0237  0.0236  0.0235  0.0236  0.0236  0.0234  0.0236  0.0239  0.0235  0.0237  0.0233  0.0233
  0.0233  0.0233  0.0232  0.0233  0.0233  0.0232  0.0232  0.0234  0.0232  0.0233  0.0232  0.0232
  0.0231  0.0231  0.0231  0.0231  0.0231  0.0231  0.0231  0.0231  0.0231  0.0231  0.0231  0.0231
  0.0233  0.0233  0.0232  0.0232  0.0232  0.0231  0.0232  0.0232  0.0232  0.0232  0.0232  0.0232
  0.0237  0.0236  0.0233  0.0235  0.0235  0.0232  0.0236  0.0238  0.0235  0.0236  0.0233  0.0233
  0.0245  0.0243  0.0236  0.0240  0.0242  0.0237  0.0241  0.0247  0.0240  0.0243  0.0236  0.0236
niter,ni,del,rscale     3    3    5.0000    0.6000
parameters
   -6.4370   26.1152    8.2324   -8.9952  -13.8346   -5.9168
    3.5827   -7.4134   -3.5725   -4.8478    8.5014    5.1733
eta,q 0.97690  9.04561
  0.0241  0.0239  0.0236  0.0238  0.0238  0.0235  0.0239  0.0243  0.0238  0.0240  0.0235  0.0235
  0.0235  0.0235  0.0233  0.0235  0.0235  0.0233  0.0234  0.0237  0.0234  0.0235  0.0233  0.0233
  0.0232  0.0232  0.0232  0.0232  0.0232  0.0231  0.0232  0.0233  0.0232  0.0232  0.0232  0.0231
  0.0231  0.0231  0.0231  0.0231  0.0231  0.0231  0.0231  0.0231  0.0231  0.0231  0.0231  0.0231
  0.0232  0.0232  0.0232  0.0231  0.0231  0.0231  0.0232  0.0232  0.0232  0.0232  0.0231  0.0231
  0.0236  0.0235  0.0233  0.0234  0.0234  0.0231  0.0234  0.0236  0.0234  0.0235  0.0233  0.0233
  0.0241  0.0240  0.0236  0.0238  0.0238  0.0235  0.0238  0.0243  0.0238  0.0240  0.0235  0.0235
niter,ni,del,rscale     2    3    5.0000    0.5000
parameters
   -6.4337   26.1186    8.2137   -8.8973  -13.7350   -5.7067
    3.6007   -7.3862   -3.5558   -4.7970    8.5336    5.1625
eta,q 0.97691  9.06351
  0.0238  0.0237  0.0234  0.0236  0.0236  0.0234  0.0236  0.0239  0.0236  0.0237  0.0234  0.0233
  0.0234  0.0234  0.0232  0.0234  0.0234  0.0232  0.0233  0.0235  0.0233  0.0234  0.0232  0.0232
  0.0232  0.0232  0.0231  0.0232  0.0232  0.0231  0.0232  0.0232  0.0231  0.0232  0.0231  0.0231
  0.0231  0.0231  0.0231  0.0231  0.0231  0.0231  0.0231  0.0231  0.0231  0.0231  0.0231  0.0231
  0.0232  0.0232  0.0231  0.0231  0.0231  0.0231  0.0231  0.0232  0.0231  0.0231  0.0231  0.0231
  0.0234  0.0234  0.0232  0.0233  0.0233  0.0231  0.0233  0.0234  0.0233  0.0233  0.0232  0.0232
  0.0238  0.0237  0.0234  0.0236  0.0236  0.0233  0.0236  0.0239  0.0236  0.0237  0.0234  0.0233
niter,ni,del,rscale     1    3    5.0000    0.4000
parameters
   -6.4320   26.1231    8.1863   -8.8127  -13.6590   -5.5015
    3.6096   -7.3716   -3.5628   -4.7491    8.5196    5.1384
eta,q 0.97692  9.07956
  0.0235  0.0235  0.0233  0.0234  0.0234  0.0232  0.0234  0.0236  0.0234  0.0235  0.0232  0.0232
  0.0233  0.0233  0.0232  0.0233  0.0232  0.0231  0.0232  0.0233  0.0232  0.0233  0.0232  0.0232
  0.0231  0.0231  0.0231  0.0231  0.0231  0.0231  0.0231  0.0232  0.0231  0.0231  0.0231  0.0231
  0.0231  0.0231  0.0231  0.0231  0.0231  0.0231  0.0231  0.0231  0.0231  0.0231  0.0231  0.0231
  0.0231  0.0231  0.0231  0.0231  0.0231  0.0231  0.0231  0.0231  0.0231  0.0231  0.0231  0.0231
  0.0233  0.0233  0.0232  0.0232  0.0232  0.0231  0.0232  0.0233  0.0232  0.0232  0.0232  0.0232
  0.0235  0.0235  0.0233  0.0234  0.0234  0.0232  0.0234  0.0236  0.0234  0.0234  0.0233  0.0232
registration optimization eta report
parameter search radius
    0.8000    0.8000    0.8000    2.4000    2.4000    2.4000
    2.4000    2.4000    2.4000    2.4000    2.4000    2.4000
100000*second partial in parameter space
       69.       59.       32.        6.        6.        2.
        6.       10.        5.        7.        3.        3.
  0.0235  0.0235  0.0233  0.0234  0.0234  0.0232  0.0234  0.0236  0.0234  0.0235  0.0232  0.0232
  0.0233  0.0233  0.0232  0.0233  0.0232  0.0231  0.0232  0.0233  0.0232  0.0233  0.0232  0.0232
  0.0231  0.0231  0.0231  0.0231  0.0231  0.0231  0.0231  0.0232  0.0231  0.0231  0.0231  0.0231
  0.0231  0.0231  0.0231  0.0231  0.0231  0.0231  0.0231  0.0231  0.0231  0.0231  0.0231  0.0231
  0.0231  0.0231  0.0231  0.0231  0.0231  0.0231  0.0231  0.0231  0.0231  0.0231  0.0231  0.0231
  0.0233  0.0233  0.0232  0.0232  0.0232  0.0231  0.0232  0.0233  0.0232  0.0232  0.0232  0.0232
  0.0235  0.0235  0.0233  0.0234  0.0234  0.0232  0.0234  0.0236  0.0234  0.0234  0.0233  0.0232
   -6.4320   26.1231    8.1863   -8.8127  -13.6590   -5.5015
    3.6096   -7.3716   -3.5628   -4.7491    8.5196    5.1384
eta,q 0.97692  9.07956

---------------------------------------------------------------------
compute_vox2vox talsrcimg talsrcimg_to_711-2C_as_mni_average_305_t4 /opt/freesurfer/average/711-2C_as_mni_average_305
---------------------------------------------------------------------

freesurfer compute_vox2vox.c
Reading: talsrcimg.4dfp.ifh
Reading: talsrcimg_to_711-2C_as_mni_average_305_t4
Reading: /opt/freesurfer/average/711-2C_as_mni_average_305.4dfp.ifh
Writing: talsrcimg_to_711-2C_as_mni_average_305_t4_vox2vox.txt

start time Tue Mar 10 09:02:46 CET 2026
end		time Tue Mar 10 09:03:00 CET 2026

mpr2mni305 success

avi2talxfm orig_nu.mgz /opt/freesurfer/average/mni305.cor.mgz talsrcimg_to_711-2C_as_mni_average_305_t4_vox2vox.txt transforms/talairach.auto.xfm
avi2talxfm done
mv -f /out/sourcedata/freesurfer/sub-v2s0x29026_ses-1/mri/talsrcimg_to_711-2C_as_mni_average_305_t4_vox2vox.txt /out/sourcedata/freesurfer/sub-v2s0x29026_ses-1/mri/transforms/talsrcimg_to_711-2C_as_mni_average_305_t4_vox2vox.txt
lta_convert --src orig_nu.mgz --trg /opt/freesurfer/average/mni305.cor.mgz --inxfm transforms/talairach.auto.xfm --outlta transforms/talairach.auto.xfm.lta --subject fsaverage
7.3.2

--src: orig_nu.mgz src image (geometry).
--trg: /opt/freesurfer/average/mni305.cor.mgz trg image (geometry).
--inmni: transforms/talairach.auto.xfm input MNI/XFM transform.
--outlta: transforms/talairach.auto.xfm.lta output LTA.
--s: fsaverage subject name
 LTA read, type : 1
 1.08699   0.08226  -0.05034  -2.83543;
-0.10014   1.04748  -0.05815  -51.46497;
 0.03935   0.06101   1.15292  -28.89839;
 0.00000   0.00000   0.00000   1.00000;
setting subject to fsaverage
Writing  LTA to file transforms/talairach.auto.xfm.lta...
lta_convert successful.
 
 
Started at Tue Mar 10 09:02:46 CET 2026
Ended   at Tue Mar 10 09:03:00 CET 2026
talairach_avi done
