status file for recon-all
Tue Mar 10 12:55:39 CET 2026
#@# T2/FLAIR Input Tue Mar 10 12:55:41 CET 2026
#@# MotionCor Tue Mar 10 12:55:42 CET 2026
#@# Talairach Tue Mar 10 12:55:50 CET 2026
#@# Talairach Failure Detection Tue Mar 10 13:00:13 CET 2026
#@# Nu Intensity Correction Tue Mar 10 13:00:13 CET 2026
#@# Intensity Normalization Tue Mar 10 13:03:25 CET 2026
recon-all -s sub-v2s0x29056_ses-1 finished without error at Tue Mar 10 13:05:00 CET 2026



#New# invocation of recon-all 



status file for recon-all
Tue Mar 10 13:12:02 CET 2026
#@# EM Registration Tue Mar 10 13:12:02 CET 2026
recon-all -s sub-v2s0x29056_ses-1 finished without error at Tue Mar 10 13:13:43 CET 2026



#New# invocation of recon-all 



status file for recon-all
Tue Mar 10 13:13:44 CET 2026
#@# CA Normalize Tue Mar 10 13:13:44 CET 2026
#@# CA Reg Tue Mar 10 13:15:02 CET 2026
#@# SubCort Seg Tue Mar 10 14:01:45 CET 2026
#@# CC Seg Tue Mar 10 14:29:41 CET 2026
#@# Merge ASeg Tue Mar 10 14:30:16 CET 2026
#@# Intensity Normalization2 Tue Mar 10 14:30:16 CET 2026
#@# Mask BFS Tue Mar 10 14:32:27 CET 2026
#@# WM Segmentation Tue Mar 10 14:32:27 CET 2026
#@# Fill Tue Mar 10 14:34:22 CET 2026
recon-all -s sub-v2s0x29056_ses-1 finished without error at Tue Mar 10 14:35:26 CET 2026



#New# invocation of recon-all 



status file for recon-all
Tue Mar 10 15:09:33 CET 2026
#@# Refine Pial Surfs w/ T2/FLAIR Tue Mar 10 15:09:33 CET 2026
#@# white curv lh Tue Mar 10 15:30:16 CET 2026
#@# white area lh Tue Mar 10 15:30:16 CET 2026
#@# pial curv lh Tue Mar 10 15:30:16 CET 2026
#@# pial area lh Tue Mar 10 15:30:18 CET 2026
#@# thickness lh Tue Mar 10 15:30:18 CET 2026
#@# area and vertex vol lh Tue Mar 10 15:30:44 CET 2026
#@# white curv rh Tue Mar 10 15:30:45 CET 2026
#@# white area rh Tue Mar 10 15:30:45 CET 2026
#@# pial curv rh Tue Mar 10 15:30:45 CET 2026
#@# pial area rh Tue Mar 10 15:30:47 CET 2026
#@# thickness rh Tue Mar 10 15:30:47 CET 2026
#@# area and vertex vol rh Tue Mar 10 15:31:13 CET 2026
#@# Cortical ribbon mask Tue Mar 10 15:31:14 CET 2026
recon-all -s sub-v2s0x29056_ses-1 finished without error at Tue Mar 10 15:34:16 CET 2026



#New# invocation of recon-all 



status file for recon-all
Tue Mar 10 15:40:17 CET 2026
#@# white curv lh Tue Mar 10 15:40:18 CET 2026
#@# white area lh Tue Mar 10 15:40:18 CET 2026
#@# pial curv lh Tue Mar 10 15:40:18 CET 2026
#@# pial area lh Tue Mar 10 15:40:18 CET 2026
#@# thickness lh Tue Mar 10 15:40:18 CET 2026
#@# area and vertex vol lh Tue Mar 10 15:40:18 CET 2026
#@# white curv rh Tue Mar 10 15:40:18 CET 2026
#@# white area rh Tue Mar 10 15:40:18 CET 2026
#@# pial curv rh Tue Mar 10 15:40:18 CET 2026
#@# pial area rh Tue Mar 10 15:40:18 CET 2026
#@# thickness rh Tue Mar 10 15:40:18 CET 2026
#@# area and vertex vol rh Tue Mar 10 15:40:18 CET 2026
#@# Curvature Stats lh Tue Mar 10 15:40:18 CET 2026
#@# Curvature Stats rh Tue Mar 10 15:40:20 CET 2026
#@# Relabel Hypointensities Tue Mar 10 15:40:22 CET 2026
#@# APas-to-ASeg Tue Mar 10 15:40:37 CET 2026
#@# AParc-to-ASeg aparc Tue Mar 10 15:40:44 CET 2026
#@# AParc-to-ASeg aparc.a2009s Tue Mar 10 15:41:01 CET 2026
#@# AParc-to-ASeg aparc.DKTatlas Tue Mar 10 15:41:17 CET 2026
#@# WMParc Tue Mar 10 15:41:34 CET 2026
#@# ASeg Stats Tue Mar 10 15:45:20 CET 2026
recon-all -s sub-v2s0x29056_ses-1 finished without error at Tue Mar 10 15:45:54 CET 2026
