status file for recon-all
Tue Mar 10 14:35:30 CET 2026
#@# Tessellate lh Tue Mar 10 14:35:30 CET 2026
#@# Smooth1 lh Tue Mar 10 14:35:34 CET 2026
#@# Inflation1 lh Tue Mar 10 14:35:36 CET 2026
#@# QSphere lh Tue Mar 10 14:35:45 CET 2026
#@# Fix Topology lh Tue Mar 10 14:36:40 CET 2026
#@# Smooth2 lh Tue Mar 10 14:41:37 CET 2026
#@# Inflation2 lh Tue Mar 10 14:41:39 CET 2026
#@# Curv .H and .K lh Tue Mar 10 14:41:49 CET 2026
#@# Sphere lh Tue Mar 10 14:42:32 CET 2026
#@# Surf Reg lh Tue Mar 10 14:44:17 CET 2026
#@# Jacobian white lh Tue Mar 10 14:47:18 CET 2026
#@# AvgCurv lh Tue Mar 10 14:47:18 CET 2026
#@# Cortical Parc lh Tue Mar 10 14:47:19 CET 2026
#@# white curv lh Tue Mar 10 14:52:19 CET 2026
#@# white area lh Tue Mar 10 14:52:21 CET 2026
#@# pial curv lh Tue Mar 10 14:52:22 CET 2026
#@# pial area lh Tue Mar 10 14:52:23 CET 2026
#@# thickness lh Tue Mar 10 14:52:24 CET 2026
#@# area and vertex vol lh Tue Mar 10 14:52:51 CET 2026
#@# Curvature Stats lh Tue Mar 10 14:52:52 CET 2026
#@# Cortical Parc 2 lh Tue Mar 10 14:52:54 CET 2026
#@# Cortical Parc 3 lh Tue Mar 10 14:53:06 CET 2026
#@# WM/GM Contrast lh Tue Mar 10 14:53:15 CET 2026
recon-all -s sub-v2s0x29056_ses-1 finished without error at Tue Mar 10 14:53:18 CET 2026



#New# invocation of recon-all 



status file for recon-all
Tue Mar 10 15:34:19 CET 2026
#@# white curv lh Tue Mar 10 15:34:19 CET 2026
#@# white area lh Tue Mar 10 15:34:19 CET 2026
#@# pial curv lh Tue Mar 10 15:34:19 CET 2026
#@# pial area lh Tue Mar 10 15:34:19 CET 2026
#@# thickness lh Tue Mar 10 15:34:19 CET 2026
#@# area and vertex vol lh Tue Mar 10 15:34:19 CET 2026
#@# Parcellation Stats lh Tue Mar 10 15:34:19 CET 2026
#@# Parcellation Stats 2 lh Tue Mar 10 15:34:35 CET 2026
#@# Parcellation Stats 3 lh Tue Mar 10 15:34:43 CET 2026
#@# BA_exvivo Labels lh Tue Mar 10 15:34:51 CET 2026
recon-all -s sub-v2s0x29056_ses-1 finished without error at Tue Mar 10 15:37:17 CET 2026
