status file for recon-all
Tue Mar 10 15:00:53 CET 2026
#@# Tessellate rh Tue Mar 10 15:00:53 CET 2026
#@# Smooth1 rh Tue Mar 10 15:00:57 CET 2026
#@# Inflation1 rh Tue Mar 10 15:00:59 CET 2026
#@# QSphere rh Tue Mar 10 15:01:11 CET 2026
#@# Fix Topology rh Tue Mar 10 15:02:13 CET 2026
#@# Smooth2 rh Tue Mar 10 15:07:35 CET 2026
#@# Inflation2 rh Tue Mar 10 15:07:37 CET 2026
#@# Curv .H and .K rh Tue Mar 10 15:07:51 CET 2026
#@# Sphere rh Tue Mar 10 15:08:36 CET 2026
#@# Surf Reg rh Tue Mar 10 15:11:55 CET 2026
#@# Jacobian white rh Tue Mar 10 15:15:34 CET 2026
#@# AvgCurv rh Tue Mar 10 15:15:34 CET 2026
#@# Cortical Parc rh Tue Mar 10 15:15:35 CET 2026
#@# white curv rh Tue Mar 10 15:21:38 CET 2026
#@# white area rh Tue Mar 10 15:21:40 CET 2026
#@# pial curv rh Tue Mar 10 15:21:40 CET 2026
#@# pial area rh Tue Mar 10 15:21:42 CET 2026
#@# thickness rh Tue Mar 10 15:21:43 CET 2026
#@# area and vertex vol rh Tue Mar 10 15:22:11 CET 2026
#@# Curvature Stats rh Tue Mar 10 15:22:12 CET 2026
#@# Cortical Parc 2 rh Tue Mar 10 15:22:15 CET 2026
#@# Cortical Parc 3 rh Tue Mar 10 15:22:27 CET 2026
#@# WM/GM Contrast rh Tue Mar 10 15:22:37 CET 2026
recon-all -s sub-v2s0x29051_ses-1 finished without error at Tue Mar 10 15:22:39 CET 2026



#New# invocation of recon-all 



status file for recon-all
Tue Mar 10 15:54:08 CET 2026
#@# white curv rh Tue Mar 10 15:54:08 CET 2026
#@# white area rh Tue Mar 10 15:54:08 CET 2026
#@# pial curv rh Tue Mar 10 15:54:08 CET 2026
#@# pial area rh Tue Mar 10 15:54:08 CET 2026
#@# thickness rh Tue Mar 10 15:54:08 CET 2026
#@# area and vertex vol rh Tue Mar 10 15:54:08 CET 2026
#@# Parcellation Stats rh Tue Mar 10 15:54:08 CET 2026
#@# Parcellation Stats 2 rh Tue Mar 10 15:54:26 CET 2026
#@# Parcellation Stats 3 rh Tue Mar 10 15:54:35 CET 2026
#@# BA_exvivo Labels rh Tue Mar 10 15:54:43 CET 2026
recon-all -s sub-v2s0x29051_ses-1 finished without error at Tue Mar 10 15:57:13 CET 2026
