status file for recon-all
Tue Mar 10 15:02:03 CET 2026
#@# Tessellate rh Tue Mar 10 15:02:03 CET 2026
#@# Smooth1 rh Tue Mar 10 15:02:06 CET 2026
#@# Inflation1 rh Tue Mar 10 15:02:08 CET 2026
#@# QSphere rh Tue Mar 10 15:02:19 CET 2026
#@# Fix Topology rh Tue Mar 10 15:03:17 CET 2026
#@# Smooth2 rh Tue Mar 10 15:08:34 CET 2026
#@# Inflation2 rh Tue Mar 10 15:08:37 CET 2026
#@# Curv .H and .K rh Tue Mar 10 15:08:47 CET 2026
#@# Sphere rh Tue Mar 10 15:09:34 CET 2026
#@# Surf Reg rh Tue Mar 10 15:11:12 CET 2026
#@# Jacobian white rh Tue Mar 10 15:14:26 CET 2026
#@# AvgCurv rh Tue Mar 10 15:14:27 CET 2026
#@# Cortical Parc rh Tue Mar 10 15:14:27 CET 2026
#@# white curv rh Tue Mar 10 15:19:31 CET 2026
#@# white area rh Tue Mar 10 15:19:32 CET 2026
#@# pial curv rh Tue Mar 10 15:19:33 CET 2026
#@# pial area rh Tue Mar 10 15:19:34 CET 2026
#@# thickness rh Tue Mar 10 15:19:35 CET 2026
#@# area and vertex vol rh Tue Mar 10 15:20:04 CET 2026
#@# Curvature Stats rh Tue Mar 10 15:20:05 CET 2026
#@# Cortical Parc 2 rh Tue Mar 10 15:20:07 CET 2026
#@# Cortical Parc 3 rh Tue Mar 10 15:20:20 CET 2026
#@# WM/GM Contrast rh Tue Mar 10 15:20:30 CET 2026
recon-all -s sub-v2s0x30146_ses-1 finished without error at Tue Mar 10 15:20:33 CET 2026



#New# invocation of recon-all 



status file for recon-all
Tue Mar 10 15:55:13 CET 2026
#@# white curv rh Tue Mar 10 15:55:13 CET 2026
#@# white area rh Tue Mar 10 15:55:13 CET 2026
#@# pial curv rh Tue Mar 10 15:55:13 CET 2026
#@# pial area rh Tue Mar 10 15:55:13 CET 2026
#@# thickness rh Tue Mar 10 15:55:13 CET 2026
#@# area and vertex vol rh Tue Mar 10 15:55:13 CET 2026
#@# Parcellation Stats rh Tue Mar 10 15:55:13 CET 2026
#@# Parcellation Stats 2 rh Tue Mar 10 15:55:31 CET 2026
#@# Parcellation Stats 3 rh Tue Mar 10 15:55:40 CET 2026
#@# BA_exvivo Labels rh Tue Mar 10 15:55:49 CET 2026
recon-all -s sub-v2s0x30146_ses-1 finished without error at Tue Mar 10 15:58:10 CET 2026
