/out/sourcedata/freesurfer/sub-v2s0x29054_ses-1/mri
/opt/freesurfer/bin/talairach_avi
--i orig_nu.mgz --xfm transforms/talairach.auto.xfm
talairach_avi 7.3.2
Linux dna056 5.14.0-427.37.1.el9_4.x86_64 #1 SMP PREEMPT_DYNAMIC Fri Sep 13 12:41:50 EDT 2024 x86_64 x86_64 x86_64 GNU/Linux
Tue Mar 10 12:51:34 CET 2026
mri_convert orig_nu.mgz talsrcimg.img 
reading from orig_nu.mgz...
TR=0.00, TE=0.00, TI=0.00, flip angle=0.00
i_ras = (-1, 0, 0)
j_ras = (0, 0, -1)
k_ras = (0, 1, 0)
writing to talsrcimg.img...
Analyze Output Matrix
-1.00000   0.00000   0.00000   129.77406;
 0.00000   0.00000   1.00000  -92.18825;
 0.00000  -1.00000   0.00000   121.78462;
 0.00000   0.00000   0.00000   1.00000;
--------------------
INFO: set hdr.hist.orient to -1
mpr2mni305 talsrcimg
Tue Mar 10 12:51:34 CET 2026
/opt/freesurfer/bin/mpr2mni305 talsrcimg
mpr2mni305 7.3.2
target=711-2C_as_mni_average_305

---------------------------------------------------------------------
analyzeto4dfp talsrcimg -O0 -y
---------------------------------------------------------------------

freesurfer ifh2hdr.c
Tue Mar 10 12:51:34 2026
Writing: talsrcimg.4dfp.hdr
freesurfer analyzeto4dfp.c
Reading: talsrcimg.hdr
header size 348 bytes
hdr.dime.datatype	offset=70	value=2
hdr.dime.bitpix		offset=72	value=8
hdr.hist.orient		offset=252	value=-1
dimensionality     4
dimensions       256       256       256         1
Reading: talsrcimg.img
Writing: talsrcimg.4dfp.img
Writing: talsrcimg.4dfp.ifh
ifh2hdr talsrcimg -r0to255
ori=2

---------------------------------------------------------------------
gauss_4dfp talsrcimg 1.1
---------------------------------------------------------------------

freesurfer gauss_4dfp.c
Reading: talsrcimg.4dfp.img
Writing: talsrcimg_g11.4dfp.img
image dimensions 256 256 256 padded to 288 288 288
processing volume 1freesurfer ifh2hdr.c
Tue Mar 10 12:51:36 2026
Writing: talsrcimg_g11.4dfp.hdr

Writing: talsrcimg_g11.4dfp.ifh
including: talsrcimg.4dfp.img.rec in talsrcimg_g11.4dfp.img.rec

---------------------------------------------------------------------
imgreg_4dfp /opt/freesurfer/average/711-2C_as_mni_average_305 none talsrcimg_g11 none talsrcimg_to_711-2C_as_mni_average_305_t4 4355
---------------------------------------------------------------------

freesurfer imgreg_4dfp.c
/opt/freesurfer/average/711-2C_as_mni_average_305.4dfp.img
       256       256       256         1
  1.000000  1.000000  1.000000
orientation T byte_order littleendian
Reading image: /opt/freesurfer/average/711-2C_as_mni_average_305.4dfp.img
dimensions:      256       256       256
mmppix:       1.0000   -1.0000   -1.0000
center:     128.0000 -129.0000 -129.0000
talsrcimg_g11.4dfp.img
       256       256       256         1
  1.000000  1.000000  1.000000
orientation T byte_order littleendian
Reading image: talsrcimg_g11.4dfp.img
dimensions:      256       256       256
mmppix:       1.0000   -1.0000   -1.0000
center:     128.0000 -129.0000 -129.0000
t4_read: open error in t4_sub.f l:  41 t4_file(1:l)talsrcimg_to_711-2C_as_mni_average_305_t4 
t4_read: transform initialized to I4
rotation matrix determinant  1.000000
image alignment mode   4355 decimal     1103 hex
   -7.5000  -45.0000  -45.0000 9247.2295    9.6222
    0.0000  -45.0000  -45.0000 9677.5361    9.5685
    7.5000  -45.0000  -45.0000 9322.8691    9.5564
   -7.5000  -37.5000  -45.0000 9507.5400    9.5302
    0.0000  -37.5000  -45.0000 9933.1553    9.4784
    7.5000  -37.5000  -45.0000 9582.2529    9.4668
   -7.5000  -30.0000  -45.000010067.9971    9.3743
    0.0000  -30.0000  -45.000010501.9014    9.3233
    7.5000  -30.0000  -45.000010128.4697    9.3104
   -7.5000  -22.5000  -45.000010559.5459    9.2575
    0.0000  -22.5000  -45.000010991.9707    9.2060
    7.5000  -22.5000  -45.000010602.4141    9.1919
   -7.5000  -15.0000  -45.000011016.3916    9.2239
    0.0000  -15.0000  -45.000011449.7998    9.1724
    7.5000  -15.0000  -45.000011036.6768    9.1590
   -7.5000   -7.5000  -45.000011421.5498    9.2119
    0.0000   -7.5000  -45.000011854.4775    9.1616
    7.5000   -7.5000  -45.000011417.4707    9.1497
   -7.5000    0.0000  -45.000011720.3311    9.2093
    0.0000    0.0000  -45.000012167.9668    9.1602
    7.5000    0.0000  -45.000011694.9648    9.1495
   -7.5000    7.5000  -45.000011162.0625    9.2888
    0.0000    7.5000  -45.000011628.4385    9.2395
    7.5000    7.5000  -45.000011150.0205    9.2286
   -7.5000   15.0000  -45.000010577.6436    9.4296
    0.0000   15.0000  -45.000011068.3877    9.3780
    7.5000   15.0000  -45.000010602.0430    9.3652
   -7.5000   22.5000  -45.0000 9972.6260    9.6104
    0.0000   22.5000  -45.000010458.5029    9.5575
    7.5000   22.5000  -45.0000 9999.6943    9.5419
   -7.5000   30.0000  -45.0000 9382.8096    9.7275
    0.0000   30.0000  -45.0000 9832.7939    9.6748
    7.5000   30.0000  -45.0000 9393.7012    9.6594
   -7.5000   37.5000  -45.0000 9125.7812   10.0350
    0.0000   37.5000  -45.0000 9553.0244    9.9821
    7.5000   37.5000  -45.0000 9114.5742    9.9696
   -7.5000   45.0000  -45.0000 8551.4844   10.1293
    0.0000   45.0000  -45.0000 8949.0703   10.0773
    7.5000   45.0000  -45.0000 8550.9141   10.0674
   -7.5000  -45.0000  -37.5000 9750.1104    9.6050
    0.0000  -45.0000  -37.500010238.5791    9.5536
    7.5000  -45.0000  -37.5000 9870.3662    9.5419
   -7.5000  -37.5000  -37.500010033.5928    9.5159
    0.0000  -37.5000  -37.500010503.2979    9.4655
    7.5000  -37.5000  -37.500010122.2373    9.4543
   -7.5000  -30.0000  -37.500010613.2217    9.3594
    0.0000  -30.0000  -37.500011090.4521    9.3092
    7.5000  -30.0000  -37.500010686.3164    9.2969
   -7.5000  -22.5000  -37.500011136.4463    9.2417
    0.0000  -22.5000  -37.500011641.5225    9.1909
    7.5000  -22.5000  -37.500011207.4004    9.1766
   -7.5000  -15.0000  -37.500011638.9336    9.2079
    0.0000  -15.0000  -37.500012148.1104    9.1575
    7.5000  -15.0000  -37.500011699.5469    9.1430
   -7.5000   -7.5000  -37.500012074.8760    9.1965
    0.0000   -7.5000  -37.500012567.0625    9.1478
    7.5000   -7.5000  -37.500012098.2695    9.1352
   -7.5000    0.0000  -37.500012400.7822    9.1952
    0.0000    0.0000  -37.500012932.8066    9.1479
    7.5000    0.0000  -37.500012413.4805    9.1373
   -7.5000    7.5000  -37.500011812.2969    9.2750
    0.0000    7.5000  -37.500012335.2715    9.2270
    7.5000    7.5000  -37.500011825.7031    9.2166
   -7.5000   15.0000  -37.500011183.1807    9.4137
    0.0000   15.0000  -37.500011694.0400    9.3630
    7.5000   15.0000  -37.500011207.2744    9.3507
   -7.5000   22.5000  -37.500010540.1650    9.5937
    0.0000   22.5000  -37.500011044.6943    9.5410
    7.5000   22.5000  -37.500010560.8389    9.5248
   -7.5000   30.0000  -37.5000 9933.7178    9.7118
    0.0000   30.0000  -37.500010404.0098    9.6594
    7.5000   30.0000  -37.5000 9930.6348    9.6426
   -7.5000   37.5000  -37.5000 9630.5977   10.0186
    0.0000   37.5000  -37.500010102.7119    9.9665
    7.5000   37.5000  -37.5000 9641.0752    9.9533
   -7.5000   45.0000  -37.5000 9023.8320   10.1095
    0.0000   45.0000  -37.5000 9459.2383   10.0577
    7.5000   45.0000  -37.5000 9036.7939   10.0479
   -7.5000  -45.0000  -30.000010402.1689   10.0021
    0.0000  -45.0000  -30.000010952.9326    9.9494
    7.5000  -45.0000  -30.000010549.9238    9.9390
   -7.5000  -37.5000  -30.000010709.8730    9.9124
    0.0000  -37.5000  -30.000011249.9053    9.8597
    7.5000  -37.5000  -30.000010821.4863    9.8492
   -7.5000  -30.0000  -30.000011372.7031    9.7504
    0.0000  -30.0000  -30.000011913.2783    9.6975
    7.5000  -30.0000  -30.000011455.7783    9.6856
   -7.5000  -22.5000  -30.000011977.4004    9.6271
    0.0000  -22.5000  -30.000012553.0869    9.5737
    7.5000  -22.5000  -30.000012055.9199    9.5598
   -7.5000  -15.0000  -30.000012531.2178    9.5906
    0.0000  -15.0000  -30.000013121.0283    9.5382
    7.5000  -15.0000  -30.000012599.2666    9.5244
   -7.5000   -7.5000  -30.000012992.3779    9.5780
    0.0000   -7.5000  -30.000013597.9551    9.5279
    7.5000   -7.5000  -30.000013052.9609    9.5164
   -7.5000    0.0000  -30.000013356.5615    9.5775
    0.0000    0.0000  -30.000013977.3369    9.5287
    7.5000    0.0000  -30.000013396.5342    9.5194
   -7.5000    7.5000  -30.000012730.1045    9.6620
    0.0000    7.5000  -30.000013302.9814    9.6121
    7.5000    7.5000  -30.000012733.2061    9.6024
   -7.5000   15.0000  -30.000012044.4990    9.8067
    0.0000   15.0000  -30.000012568.7266    9.7536
    7.5000   15.0000  -30.000012036.1514    9.7414
   -7.5000   22.5000  -30.000011341.2705    9.9937
    0.0000   22.5000  -30.000011868.8223    9.9376
    7.5000   22.5000  -30.000011333.7637    9.9208
   -7.5000   30.0000  -30.000010673.4141   10.1176
    0.0000   30.0000  -30.000011177.3311   10.0624
    7.5000   30.0000  -30.000010670.5527   10.0452
   -7.5000   37.5000  -30.000010364.2764   10.4349
    0.0000   37.5000  -30.000010862.3184   10.3804
    7.5000   37.5000  -30.000010372.5898   10.3677
   -7.5000   45.0000  -30.0000 9704.7568   10.5307
    0.0000   45.0000  -30.000010185.2637   10.4763
    7.5000   45.0000  -30.0000 9711.6973   10.4676
   -7.5000  -45.0000  -22.500011050.5654   10.3188
    0.0000  -45.0000  -22.500011614.1582   10.2628
    7.5000  -45.0000  -22.500011171.2324   10.2544
   -7.5000  -37.5000  -22.500011386.8516   10.2267
    0.0000  -37.5000  -22.500011930.8584   10.1706
    7.5000  -37.5000  -22.500011476.6592   10.1608
   -7.5000  -30.0000  -22.500012153.9268   10.0632
    0.0000  -30.0000  -22.500012718.1289   10.0066
    7.5000  -30.0000  -22.500012207.1729    9.9949
   -7.5000  -22.5000  -22.500012846.9014    9.9379
    0.0000  -22.5000  -22.500013458.0156    9.8811
    7.5000  -22.5000  -22.500012902.2588    9.8684
   -7.5000  -15.0000  -22.500013463.9512    9.8995
    0.0000  -15.0000  -22.500014109.1953    9.8443
    7.5000  -15.0000  -22.500013524.2178    9.8331
   -7.5000   -7.5000  -22.500013955.6240    9.8842
    0.0000   -7.5000  -22.500014646.1445    9.8315
    7.5000   -7.5000  -22.500014026.8730    9.8228
   -7.5000    0.0000  -22.500014344.2422    9.8819
    0.0000    0.0000  -22.500015037.4648    9.8304
    7.5000    0.0000  -22.500014395.0693    9.8230
   -7.5000    7.5000  -22.500013669.1641    9.9699
    0.0000    7.5000  -22.500014304.4287    9.9169
    7.5000    7.5000  -22.500013675.1514    9.9080
   -7.5000   15.0000  -22.500012936.4775   10.1217
    0.0000   15.0000  -22.500013520.9609   10.0654
    7.5000   15.0000  -22.500012911.6562   10.0533
   -7.5000   22.5000  -22.500012151.9336   10.3152
    0.0000   22.5000  -22.500012734.9561   10.2558
    7.5000   22.5000  -22.500012155.2832   10.2397
   -7.5000   30.0000  -22.500011422.7783   10.4421
    0.0000   30.0000  -22.500011979.9414   10.3845
    7.5000   30.0000  -22.500011430.9688   10.3693
   -7.5000   37.5000  -22.500011096.4756   10.7649
    0.0000   37.5000  -22.500011641.2793   10.7079
    7.5000   37.5000  -22.500011116.5283   10.6974
   -7.5000   45.0000  -22.500010392.8779   10.8658
    0.0000   45.0000  -22.500010906.4082   10.8088
    7.5000   45.0000  -22.500010396.1865   10.8022
   -7.5000  -45.0000  -15.000011660.7588   10.5479
    0.0000  -45.0000  -15.000012176.7236   10.4881
    7.5000  -45.0000  -15.000011718.8936   10.4796
   -7.5000  -37.5000  -15.000012057.0068   10.4513
    0.0000  -37.5000  -15.000012578.7266   10.3925
    7.5000  -37.5000  -15.000012110.8457   10.3821
   -7.5000  -30.0000  -15.000012896.3711   10.2861
    0.0000  -30.0000  -15.000013457.6123   10.2270
    7.5000  -30.0000  -15.000012933.0469   10.2147
   -7.5000  -22.5000  -15.000013657.7773   10.1599
    0.0000  -22.5000  -15.000014273.9678   10.1006
    7.5000  -22.5000  -15.000013701.5830   10.0881
   -7.5000  -15.0000  -15.000014337.6660   10.1209
    0.0000  -15.0000  -15.000015013.0391   10.0631
    7.5000  -15.0000  -15.000014381.5332   10.0532
   -7.5000   -7.5000  -15.000014867.0439   10.1044
    0.0000   -7.5000  -15.000015596.0146   10.0486
    7.5000   -7.5000  -15.000014930.8486   10.0411
   -7.5000    0.0000  -15.000015287.2432   10.1004
    0.0000    0.0000  -15.000016050.3721   10.0457
    7.5000    0.0000  -15.000015353.3271   10.0384
   -7.5000    7.5000  -15.000014592.6074   10.1897
    0.0000    7.5000  -15.000015305.9531   10.1340
    7.5000    7.5000  -15.000014622.9072   10.1246
   -7.5000   15.0000  -15.000013813.0947   10.3466
    0.0000   15.0000  -15.000014494.6992   10.2880
    7.5000   15.0000  -15.000013826.8145   10.2752
   -7.5000   22.5000  -15.000012971.4668   10.5439
    0.0000   22.5000  -15.000013623.5781   10.4830
    7.5000   22.5000  -15.000012998.4805   10.4674
   -7.5000   30.0000  -15.000012163.7070   10.6734
    0.0000   30.0000  -15.000012786.7734   10.6142
    7.5000   30.0000  -15.000012199.4824   10.6007
   -7.5000   37.5000  -15.000011811.4902   11.0017
    0.0000   37.5000  -15.000012419.0469   10.9425
    7.5000   37.5000  -15.000011836.9453   10.9331
   -7.5000   45.0000  -15.000011059.1357   11.1113
    0.0000   45.0000  -15.000011603.9619   11.0525
    7.5000   45.0000  -15.000011053.1211   11.0463
   -7.5000  -45.0000   -7.500012261.0918   10.6832
    0.0000  -45.0000   -7.500012782.1758   10.6219
    7.5000  -45.0000   -7.500012311.0166   10.6107
   -7.5000  -37.5000   -7.500012669.6475   10.5819
    0.0000  -37.5000   -7.500013234.4014   10.5227
    7.5000  -37.5000   -7.500012739.2529   10.5107
   -7.5000  -30.0000   -7.500013549.8916   10.4124
    0.0000  -30.0000   -7.500014157.4229   10.3537
    7.5000  -30.0000   -7.500013623.1387   10.3400
   -7.5000  -22.5000   -7.500014367.4385   10.2844
    0.0000  -22.5000   -7.500015019.9258   10.2254
    7.5000  -22.5000   -7.500014436.5352   10.2114
   -7.5000  -15.0000   -7.500015140.5850   10.2464
    0.0000  -15.0000   -7.500015842.2559   10.1880
    7.5000  -15.0000   -7.500015194.0391   10.1762
   -7.5000   -7.5000   -7.500015743.7441   10.2315
    0.0000   -7.5000   -7.500016507.6191   10.1745
    7.5000   -7.5000   -7.500015810.2100   10.1645
   -7.5000    0.0000   -7.500016196.0586   10.2275
    0.0000    0.0000   -7.500017004.6465   10.1716
    7.5000    0.0000   -7.500016287.4521   10.1620
   -7.5000    7.5000   -7.500015512.7871   10.3163
    0.0000    7.5000   -7.500016285.1152   10.2600
    7.5000    7.5000   -7.500015571.1396   10.2489
   -7.5000   15.0000   -7.500014716.5137   10.4739
    0.0000   15.0000   -7.500015477.3242   10.4152
    7.5000   15.0000   -7.500014787.3418   10.4014
   -7.5000   22.5000   -7.500013812.0342   10.6714
    0.0000   22.5000   -7.500014517.5625   10.6112
    7.5000   22.5000   -7.500013880.9717   10.5950
   -7.5000   30.0000   -7.500012933.2832   10.8047
    0.0000   30.0000   -7.500013618.0830   10.7455
    7.5000   30.0000   -7.500012991.5557   10.7309
   -7.5000   37.5000   -7.500012550.0059   11.1411
    0.0000   37.5000   -7.500013220.9736   11.0813
    7.5000   37.5000   -7.500012605.0078   11.0701
   -7.5000   45.0000   -7.500011739.0703   11.2610
    0.0000   45.0000   -7.500012340.2021   11.2022
    7.5000   45.0000   -7.500011768.1797   11.1936
   -7.5000  -45.0000    0.000012821.9561   10.7286
    0.0000  -45.0000    0.000013356.9492   10.6688
    7.5000  -45.0000    0.000012877.3242   10.6554
   -7.5000  -37.5000    0.000013258.5322   10.6259
    0.0000  -37.5000    0.000013844.8389   10.5682
    7.5000  -37.5000    0.000013323.7891   10.5553
   -7.5000  -30.0000    0.000014159.8623   10.4526
    0.0000  -30.0000    0.000014817.2744   10.3956
    7.5000  -30.0000    0.000014255.4883   10.3813
   -7.5000  -22.5000    0.000015008.2480   10.3230
    0.0000  -22.5000    0.000015724.0527   10.2656
    7.5000  -22.5000    0.000015124.7637   10.2499
   -7.5000  -15.0000    0.000015825.4844   10.2860
    0.0000  -15.0000    0.000016597.8965   10.2287
    7.5000  -15.0000    0.000015952.0840   10.2139
   -7.5000   -7.5000    0.000016460.3652   10.2728
    0.0000   -7.5000    0.000017357.8281   10.2168
    7.5000   -7.5000    0.000016657.5117   10.2037
   -7.5000    0.0000    0.000016961.9355   10.2697
    0.0000    0.0000    0.000017929.5371   10.2150
    7.5000    0.0000    0.000017192.0449   10.2032
   -7.5000    7.5000    0.000016282.8359   10.3578
    0.0000    7.5000    0.000017279.2520   10.3028
    7.5000    7.5000    0.000016509.7305   10.2907
   -7.5000   15.0000    0.000015588.3604   10.5139
    0.0000   15.0000    0.000016585.2344   10.4565
    7.5000   15.0000    0.000015808.2637   10.4422
   -7.5000   22.5000    0.000014688.5957   10.7115
    0.0000   22.5000    0.000015563.1377   10.6527
    7.5000   22.5000    0.000014849.1621   10.6355
   -7.5000   30.0000    0.000013735.9414   10.8492
    0.0000   30.0000    0.000014499.1455   10.7906
    7.5000   30.0000    0.000013837.6709   10.7736
   -7.5000   37.5000    0.000013276.0215   11.1911
    0.0000   37.5000    0.000014047.4658   11.1323
    7.5000   37.5000    0.000013415.7910   11.1185
   -7.5000   45.0000    0.000012386.3662   11.3167
    0.0000   45.0000    0.000013150.2383   11.2586
    7.5000   45.0000    0.000012547.4668   11.2477
   -7.5000  -45.0000    7.500012399.7051   10.7452
    0.0000  -45.0000    7.500012927.8789   10.6877
    7.5000  -45.0000    7.500012459.5176   10.6745
   -7.5000  -37.5000    7.500012825.6191   10.6455
    0.0000  -37.5000    7.500013403.5635   10.5890
    7.5000  -37.5000    7.500012927.3779   10.5765
   -7.5000  -30.0000    7.500013718.6797   10.4703
    0.0000  -30.0000    7.500014378.5674   10.4142
    7.5000  -30.0000    7.500013843.3789   10.4003
   -7.5000  -22.5000    7.500014563.3467   10.3386
    0.0000  -22.5000    7.500015278.9492   10.2818
    7.5000  -22.5000    7.500014713.3408   10.2658
   -7.5000  -15.0000    7.500015352.9688   10.3008
    0.0000  -15.0000    7.500016176.0264   10.2445
    7.5000  -15.0000    7.500015576.4766   10.2283
   -7.5000   -7.5000    7.500015955.2363   10.2882
    0.0000   -7.5000    7.500016919.2285   10.2337
    7.5000   -7.5000    7.500016281.6182   10.2196
   -7.5000    0.0000    7.500016451.1367   10.2868
    0.0000    0.0000    7.500017496.1016   10.2339
    7.5000    0.0000    7.500016795.5957   10.2220
   -7.5000    7.5000    7.500015795.2051   10.3760
    0.0000    7.5000    7.500017008.7559   10.3223
    7.5000    7.5000    7.500016218.1455   10.3106
   -7.5000   15.0000    7.500015209.2109   10.5310
    0.0000   15.0000    7.500016596.3359   10.4743
    7.5000   15.0000    7.500015742.5391   10.4605
   -7.5000   22.5000    7.500014459.0840   10.7288
    0.0000   22.5000    7.500015706.2793   10.6698
    7.5000   22.5000    7.500014943.9268   10.6517
   -7.5000   30.0000    7.500013469.3379   10.8686
    0.0000   30.0000    7.500014520.9102   10.8100
    7.5000   30.0000    7.500013879.9053   10.7911
   -7.5000   37.5000    7.500012969.1084   11.2120
    0.0000   37.5000    7.500013940.8496   11.1537
    7.5000   37.5000    7.500013343.1885   11.1389
   -7.5000   45.0000    7.500012084.8398   11.3359
    0.0000   45.0000    7.500013014.7510   11.2778
    7.5000   45.0000    7.500012397.4678   11.2668
   -7.5000  -45.0000   15.000011888.0137   10.7406
    0.0000  -45.0000   15.000012412.1543   10.6839
    7.5000  -45.0000   15.000011980.0166   10.6728
   -7.5000  -37.5000   15.000012320.0840   10.6442
    0.0000  -37.5000   15.000012878.0186   10.5876
    7.5000  -37.5000   15.000012448.7236   10.5764
   -7.5000  -30.0000   15.000013160.7520   10.4703
    0.0000  -30.0000   15.000013804.8896   10.4135
    7.5000  -30.0000   15.000013330.5273   10.4007
   -7.5000  -22.5000   15.000013969.3818   10.3379
    0.0000  -22.5000   15.000014683.1016   10.2805
    7.5000  -22.5000   15.000014188.5908   10.2656
   -7.5000  -15.0000   15.000014726.6582   10.2987
    0.0000  -15.0000   15.000015557.7803   10.2424
    7.5000  -15.0000   15.000015018.6299   10.2276
   -7.5000   -7.5000   15.000015294.2441   10.2852
    0.0000   -7.5000   15.000016306.0820   10.2314
    7.5000   -7.5000   15.000015710.1123   10.2191
   -7.5000    0.0000   15.000015797.8779   10.2846
    0.0000    0.0000   15.000016930.7266   10.2323
    7.5000    0.0000   15.000016277.6045   10.2222
   -7.5000    7.5000   15.000015211.1396   10.3754
    0.0000    7.5000   15.000016516.6094   10.3218
    7.5000    7.5000   15.000015763.9697   10.3114
   -7.5000   15.0000   15.000014586.0967   10.5308
    0.0000   15.0000   15.000016035.2656   10.4737
    7.5000   15.0000   15.000015243.7607   10.4607
   -7.5000   22.5000   15.000013790.0762   10.7292
    0.0000   22.5000   15.000015075.2041   10.6689
    7.5000   22.5000   15.000014386.4004   10.6509
   -7.5000   30.0000   15.000012883.4795   10.8678
    0.0000   30.0000   15.000014013.4453   10.8085
    7.5000   30.0000   15.000013391.5645   10.7900
   -7.5000   37.5000   15.000012441.9521   11.2086
    0.0000   37.5000   15.000013488.0303   11.1501
    7.5000   37.5000   15.000012864.7354   11.1365
   -7.5000   45.0000   15.000011587.7891   11.3266
    0.0000   45.0000   15.000012537.8906   11.2680
    7.5000   45.0000   15.000011907.3145   11.2587
   -7.5000  -45.0000   22.500011264.2607   10.7118
    0.0000  -45.0000   22.500011769.1943   10.6537
    7.5000  -45.0000   22.500011382.7539   10.6450
   -7.5000  -37.5000   22.500011659.5303   10.6162
    0.0000  -37.5000   22.500012196.0508   10.5580
    7.5000  -37.5000   22.500011814.4463   10.5478
   -7.5000  -30.0000   22.500012440.1602   10.4465
    0.0000  -30.0000   22.500013077.1123   10.3877
    7.5000  -30.0000   22.500012671.1572   10.3756
   -7.5000  -22.5000   22.500013225.1650   10.3164
    0.0000  -22.5000   22.500013962.6055   10.2574
    7.5000  -22.5000   22.500013504.6328   10.2443
   -7.5000  -15.0000   22.500013962.4648   10.2765
    0.0000  -15.0000   22.500014813.2461   10.2192
    7.5000  -15.0000   22.500014301.9912   10.2077
   -7.5000   -7.5000   22.500014539.0439   10.2607
    0.0000   -7.5000   22.500015524.3525   10.2059
    7.5000   -7.5000   22.500014948.0361   10.1970
   -7.5000    0.0000   22.500015043.9062   10.2583
    0.0000    0.0000   22.500016095.3828   10.2048
    7.5000    0.0000   22.500015434.6416   10.1971
   -7.5000    7.5000   22.500014479.9951   10.3496
    0.0000    7.5000   22.500015592.8174   10.2946
    7.5000    7.5000   22.500014879.4102   10.2853
   -7.5000   15.0000   22.500013844.5498   10.5072
    0.0000   15.0000   22.500014897.8916   10.4487
    7.5000   15.0000   22.500014230.4893   10.4362
   -7.5000   22.5000   22.500013013.4521   10.7064
    0.0000   22.5000   22.500013890.3760   10.6448
    7.5000   22.5000   22.500013300.9385   10.6281
   -7.5000   30.0000   22.500012161.2227   10.8414
    0.0000   30.0000   22.500012994.0586   10.7816
    7.5000   30.0000   22.500012435.3086   10.7658
   -7.5000   37.5000   22.500011789.3877   11.1765
    0.0000   37.5000   22.500012629.7656   11.1173
    7.5000   37.5000   22.500012046.2549   11.1064
   -7.5000   45.0000   22.500010989.2764   11.2895
    0.0000   45.0000   22.500011781.5361   11.2302
    7.5000   45.0000   22.500011204.5879   11.2234
   -7.5000  -45.0000   30.000010460.8711   10.7264
    0.0000  -45.0000   30.000010896.5273   10.6655
    7.5000  -45.0000   30.000010535.4600   10.6568
   -7.5000  -37.5000   30.000010820.5742   10.6277
    0.0000  -37.5000   30.000011293.5508   10.5679
    7.5000  -37.5000   30.000010924.2256   10.5574
   -7.5000  -30.0000   30.000011579.2910   10.4593
    0.0000  -30.0000   30.000012135.4424   10.3992
    7.5000  -30.0000   30.000011734.3564   10.3866
   -7.5000  -22.5000   30.000012304.8916   10.3305
    0.0000  -22.5000   30.000012942.7930   10.2702
    7.5000  -22.5000   30.000012496.1377   10.2575
   -7.5000  -15.0000   30.000012974.4316   10.2908
    0.0000  -15.0000   30.000013677.0996   10.2320
    7.5000  -15.0000   30.000013187.5420   10.2219
   -7.5000   -7.5000   30.000013512.1279   10.2739
    0.0000   -7.5000   30.000014271.7686   10.2172
    7.5000   -7.5000   30.000013729.3799   10.2096
   -7.5000    0.0000   30.000013976.1494   10.2699
    0.0000    0.0000   30.000014762.1094   10.2142
    7.5000    0.0000   30.000014167.6006   10.2068
   -7.5000    7.5000   30.000013428.8848   10.3610
    0.0000    7.5000   30.000014225.7812   10.3043
    7.5000    7.5000   30.000013632.5947   10.2947
   -7.5000   15.0000   30.000012827.1230   10.5210
    0.0000   15.0000   30.000013532.0117   10.4613
    7.5000   15.0000   30.000012995.8682   10.4483
   -7.5000   22.5000   30.000012063.8242   10.7211
    0.0000   22.5000   30.000012675.2246   10.6591
    7.5000   22.5000   30.000012176.7285   10.6433
   -7.5000   30.0000   30.000011293.6445   10.8549
    0.0000   30.0000   30.000011912.5605   10.7946
    7.5000   30.0000   30.000011403.3604   10.7808
   -7.5000   37.5000   30.000010943.1553   11.1899
    0.0000   37.5000   30.000011565.7031   11.1296
    7.5000   37.5000   30.000011065.9590   11.1200
   -7.5000   45.0000   30.000010236.9072   11.3054
    0.0000   45.0000   30.000010840.3975   11.2456
    7.5000   45.0000   30.000010346.6836   11.2393
   -7.5000  -45.0000   37.5000 9949.0029   10.8399
    0.0000  -45.0000   37.500010296.5137   10.7771
    7.5000  -45.0000   37.5000 9938.4082   10.7655
   -7.5000  -37.5000   37.500010263.7344   10.7348
    0.0000  -37.5000   37.500010648.0820   10.6740
    7.5000  -37.5000   37.500010277.6543   10.6617
   -7.5000  -30.0000   37.500010986.7207   10.5613
    0.0000  -30.0000   37.500011428.4580   10.5010
    7.5000  -30.0000   37.500011021.8955   10.4871
   -7.5000  -22.5000   37.500011688.9805   10.4315
    0.0000  -22.5000   37.500012176.2656   10.3709
    7.5000  -22.5000   37.500011733.0586   10.3568
   -7.5000  -15.0000   37.500012340.7656   10.3935
    0.0000  -15.0000   37.500012868.2148   10.3337
    7.5000  -15.0000   37.500012392.0332   10.3218
   -7.5000   -7.5000   37.500012858.1836   10.3777
    0.0000   -7.5000   37.500013432.6680   10.3192
    7.5000   -7.5000   37.500012923.8125   10.3092
   -7.5000    0.0000   37.500013306.0186   10.3720
    0.0000    0.0000   37.500013945.0732   10.3147
    7.5000    0.0000   37.500013397.5967   10.3048
   -7.5000    7.5000   37.500012793.1924   10.4621
    0.0000    7.5000   37.500013447.9941   10.4044
    7.5000    7.5000   37.500012898.3867   10.3930
   -7.5000   15.0000   37.500012220.7422   10.6244
    0.0000   15.0000   37.500012790.1885   10.5642
    7.5000   15.0000   37.500012291.6406   10.5501
   -7.5000   22.5000   37.500011510.0547   10.8290
    0.0000   22.5000   37.500012020.6035   10.7673
    7.5000   22.5000   37.500011556.0459   10.7510
   -7.5000   30.0000   37.500010779.8525   10.9693
    0.0000   30.0000   37.500011289.2910   10.9084
    7.5000   30.0000   37.500010821.2119   10.8938
   -7.5000   37.5000   37.500010446.4268   11.3105
    0.0000   37.5000   37.500010968.0293   11.2493
    7.5000   37.5000   37.500010504.8135   11.2380
   -7.5000   45.0000   37.5000 9773.3438   11.4266
    0.0000   45.0000   37.500010275.1133   11.3661
    7.5000   45.0000   37.5000 9819.5693   11.3574
   -7.5000  -45.0000   45.0000 9033.3711   11.0344
    0.0000  -45.0000   45.0000 9329.9893   10.9711
    7.5000  -45.0000   45.0000 8976.2090   10.9563
   -7.5000  -37.5000   45.0000 9309.1143   10.9241
    0.0000  -37.5000   45.0000 9642.6152   10.8629
    7.5000  -37.5000   45.0000 9276.9580   10.8489
   -7.5000  -30.0000   45.0000 9951.1318   10.7409
    0.0000  -30.0000   45.000010326.8477   10.6804
    7.5000  -30.0000   45.0000 9949.6279   10.6651
   -7.5000  -22.5000   45.000010582.5117   10.6055
    0.0000  -22.5000   45.000010990.6279   10.5443
    7.5000  -22.5000   45.000010597.3545   10.5276
   -7.5000  -15.0000   45.000011204.3779   10.5674
    0.0000  -15.0000   45.000011626.7393   10.5064
    7.5000  -15.0000   45.000011195.3564   10.4904
   -7.5000   -7.5000   45.000011713.7988   10.5522
    0.0000   -7.5000   45.000012178.4551   10.4928
    7.5000   -7.5000   45.000011709.1582   10.4785
   -7.5000    0.0000   45.000012122.0840   10.5466
    0.0000    0.0000   45.000012667.8760   10.4888
    7.5000    0.0000   45.000012168.9883   10.4759
   -7.5000    7.5000   45.000011658.9287   10.6390
    0.0000    7.5000   45.000012206.1992   10.5808
    7.5000    7.5000   45.000011717.5205   10.5677
   -7.5000   15.0000   45.000011141.5020   10.8061
    0.0000   15.0000   45.000011622.7861   10.7451
    7.5000   15.0000   45.000011155.9404   10.7297
   -7.5000   22.5000   45.000010496.3486   11.0187
    0.0000   22.5000   45.000010937.1699   10.9558
    7.5000   22.5000   45.000010499.5654   10.9372
   -7.5000   30.0000   45.0000 9815.5293   11.1618
    0.0000   30.0000   45.000010247.6436   11.0993
    7.5000   30.0000   45.0000 9830.6572   11.0807
   -7.5000   37.5000   45.0000 9502.8516   11.4967
    0.0000   37.5000   45.0000 9941.4561   11.4340
    7.5000   37.5000   45.0000 9537.7041   11.4190
   -7.5000   45.0000   45.0000 8888.3926   11.6156
    0.0000   45.0000   45.0000 9320.7598   11.5537
    7.5000   45.0000   45.0000 8934.8516   11.5416

---------------------------------------------------------------------
imgreg_4dfp /opt/freesurfer/average/711-2C_as_mni_average_305 /opt/freesurfer/average/711-2B_as_mni_average_305_mask talsrcimg_g11 none talsrcimg_to_711-2C_as_mni_average_305_t4 4355
---------------------------------------------------------------------

freesurfer imgreg_4dfp.c
/opt/freesurfer/average/711-2C_as_mni_average_305.4dfp.img
       256       256       256         1
  1.000000  1.000000  1.000000
orientation T byte_order littleendian
Reading image: /opt/freesurfer/average/711-2C_as_mni_average_305.4dfp.img
dimensions:      256       256       256
mmppix:       1.0000   -1.0000   -1.0000
center:     128.0000 -129.0000 -129.0000
/opt/freesurfer/average/711-2B_as_mni_average_305_mask.4dfp.img
       256       256       256         1
  1.000000  1.000000  1.000000
orientation T byte_order littleendian
Reading mask: /opt/freesurfer/average/711-2B_as_mni_average_305_mask.4dfp.img (2306576 pixels)
talsrcimg_g11.4dfp.img
       256       256       256         1
  1.000000  1.000000  1.000000
orientation T byte_order littleendian
Reading image: talsrcimg_g11.4dfp.img
dimensions:      256       256       256
mmppix:       1.0000   -1.0000   -1.0000
center:     128.0000 -129.0000 -129.0000
rotation matrix determinant  1.000000
image alignment mode   4355 decimal     1103 hex
   -7.5000  -45.0000  -45.0000 2259.0317   13.5720
    0.0000  -45.0000  -45.0000 2287.4448   13.3267
    7.5000  -45.0000  -45.0000 2289.4817   13.3999
   -7.5000  -37.5000  -45.0000 2264.2793   13.4414
    0.0000  -37.5000  -45.0000 2291.6819   13.2146
    7.5000  -37.5000  -45.0000 2298.7664   13.3033
   -7.5000  -30.0000  -45.0000 2271.7014   13.3248
    0.0000  -30.0000  -45.0000 2298.0081   13.1024
    7.5000  -30.0000  -45.0000 2302.8545   13.2007
   -7.5000  -22.5000  -45.0000 2284.6213   13.1999
    0.0000  -22.5000  -45.0000 2307.6306   13.0086
    7.5000  -22.5000  -45.0000 2309.1824   13.1063
   -7.5000  -15.0000  -45.0000 2302.4370   13.1514
    0.0000  -15.0000  -45.0000 2324.3403   12.9758
    7.5000  -15.0000  -45.0000 2326.4529   13.0706
   -7.5000   -7.5000  -45.0000 2323.9409   13.1211
    0.0000   -7.5000  -45.0000 2343.4785   12.9528
    7.5000   -7.5000  -45.0000 2346.6604   13.0442
   -7.5000    0.0000  -45.0000 2332.0764   13.0974
    0.0000    0.0000  -45.0000 2350.8462   12.9679
    7.5000    0.0000  -45.0000 2352.6750   13.0213
   -7.5000    7.5000  -45.0000 2335.0195   13.0483
    0.0000    7.5000  -45.0000 2361.0386   12.9147
    7.5000    7.5000  -45.0000 2357.3845   12.9770
   -7.5000   15.0000  -45.0000 2337.8269   13.0336
    0.0000   15.0000  -45.0000 2365.7556   12.8983
    7.5000   15.0000  -45.0000 2360.7354   12.9769
   -7.5000   22.5000  -45.0000 2339.6829   13.1997
    0.0000   22.5000  -45.0000 2366.9026   13.0133
    7.5000   22.5000  -45.0000 2360.3022   13.0751
   -7.5000   30.0000  -45.0000 2329.3611   13.4830
    0.0000   30.0000  -45.0000 2360.5698   13.3048
    7.5000   30.0000  -45.0000 2350.1436   13.3629
   -7.5000   37.5000  -45.0000 2307.9849   14.0380
    0.0000   37.5000  -45.0000 2333.1917   13.8400
    7.5000   37.5000  -45.0000 2322.4358   13.8935
   -7.5000   45.0000  -45.0000 2256.3115   14.8162
    0.0000   45.0000  -45.0000 2278.5171   14.6108
    7.5000   45.0000  -45.0000 2267.2915   14.6498
   -7.5000  -45.0000  -37.5000 2359.9072   12.5460
    0.0000  -45.0000  -37.5000 2393.8086   12.3612
    7.5000  -45.0000  -37.5000 2394.3069   12.4458
   -7.5000  -37.5000  -37.5000 2366.9087   12.3847
    0.0000  -37.5000  -37.5000 2395.9546   12.1871
    7.5000  -37.5000  -37.5000 2399.2522   12.2800
   -7.5000  -30.0000  -37.5000 2367.6560   12.2647
    0.0000  -30.0000  -37.5000 2395.6213   12.0740
    7.5000  -30.0000  -37.5000 2398.9612   12.1551
   -7.5000  -22.5000  -37.5000 2379.0374   12.1946
    0.0000  -22.5000  -37.5000 2410.7141   12.0110
    7.5000  -22.5000  -37.5000 2409.7234   12.0756
   -7.5000  -15.0000  -37.5000 2398.4985   12.1498
    0.0000  -15.0000  -37.5000 2426.4133   11.9838
    7.5000  -15.0000  -37.5000 2425.5833   12.0486
   -7.5000   -7.5000  -37.5000 2422.8713   12.0993
    0.0000   -7.5000  -37.5000 2444.1108   11.9599
    7.5000   -7.5000  -37.5000 2444.3486   12.0223
   -7.5000    0.0000  -37.5000 2437.1838   12.0664
    0.0000    0.0000  -37.5000 2461.6362   11.9341
    7.5000    0.0000  -37.5000 2458.4880   11.9812
   -7.5000    7.5000  -37.5000 2442.2397   12.0574
    0.0000    7.5000  -37.5000 2470.6799   11.9309
    7.5000    7.5000  -37.5000 2466.0146   11.9650
   -7.5000   15.0000  -37.5000 2441.6460   12.0682
    0.0000   15.0000  -37.5000 2469.2056   11.9253
    7.5000   15.0000  -37.5000 2463.8552   11.9866
   -7.5000   22.5000  -37.5000 2439.5576   12.1876
    0.0000   22.5000  -37.5000 2471.0693   12.0281
    7.5000   22.5000  -37.5000 2462.1038   12.0828
   -7.5000   30.0000  -37.5000 2435.0046   12.4612
    0.0000   30.0000  -37.5000 2467.9436   12.2753
    7.5000   30.0000  -37.5000 2456.7246   12.3273
   -7.5000   37.5000  -37.5000 2406.9382   12.9393
    0.0000   37.5000  -37.5000 2440.9744   12.7665
    7.5000   37.5000  -37.5000 2429.7769   12.8119
   -7.5000   45.0000  -37.5000 2353.6541   13.6193
    0.0000   45.0000  -37.5000 2383.8425   13.4478
    7.5000   45.0000  -37.5000 2373.1790   13.4933
   -7.5000  -45.0000  -30.0000 2498.9839   12.0594
    0.0000  -45.0000  -30.0000 2544.9934   11.9257
    7.5000  -45.0000  -30.0000 2542.7117   11.9974
   -7.5000  -37.5000  -30.0000 2500.6750   11.8941
    0.0000  -37.5000  -30.0000 2540.8220   11.7189
    7.5000  -37.5000  -30.0000 2541.7798   11.8170
   -7.5000  -30.0000  -30.0000 2505.4783   11.7790
    0.0000  -30.0000  -30.0000 2540.9861   11.6015
    7.5000  -30.0000  -30.0000 2540.4060   11.6832
   -7.5000  -22.5000  -30.0000 2521.5820   11.7069
    0.0000  -22.5000  -30.0000 2560.8359   11.5361
    7.5000  -22.5000  -30.0000 2558.2732   11.6032
   -7.5000  -15.0000  -30.0000 2549.3696   11.6424
    0.0000  -15.0000  -30.0000 2585.3345   11.4878
    7.5000  -15.0000  -30.0000 2580.8359   11.5396
   -7.5000   -7.5000  -30.0000 2569.8118   11.5990
    0.0000   -7.5000  -30.0000 2602.3159   11.4569
    7.5000   -7.5000  -30.0000 2598.8499   11.5140
   -7.5000    0.0000  -30.0000 2583.7070   11.5480
    0.0000    0.0000  -30.0000 2618.4336   11.4245
    7.5000    0.0000  -30.0000 2612.6536   11.4716
   -7.5000    7.5000  -30.0000 2594.3391   11.5460
    0.0000    7.5000  -30.0000 2626.3916   11.3924
    7.5000    7.5000  -30.0000 2619.1506   11.4462
   -7.5000   15.0000  -30.0000 2595.6765   11.5596
    0.0000   15.0000  -30.0000 2626.4746   11.4149
    7.5000   15.0000  -30.0000 2614.5266   11.4888
   -7.5000   22.5000  -30.0000 2591.9419   11.6785
    0.0000   22.5000  -30.0000 2624.9077   11.5394
    7.5000   22.5000  -30.0000 2611.2327   11.6070
   -7.5000   30.0000  -30.0000 2580.4841   11.9521
    0.0000   30.0000  -30.0000 2615.3950   11.8206
    7.5000   30.0000  -30.0000 2603.1797   11.8776
   -7.5000   37.5000  -30.0000 2548.3098   12.4037
    0.0000   37.5000  -30.0000 2584.7910   12.2425
    7.5000   37.5000  -30.0000 2574.8093   12.3105
   -7.5000   45.0000  -30.0000 2495.0742   13.0331
    0.0000   45.0000  -30.0000 2530.7522   12.8762
    7.5000   45.0000  -30.0000 2517.1987   12.9191
   -7.5000  -45.0000  -22.5000 2607.3965   11.5731
    0.0000  -45.0000  -22.5000 2654.3369   11.4399
    7.5000  -45.0000  -22.5000 2653.4265   11.5177
   -7.5000  -37.5000  -22.5000 2607.7612   11.3742
    0.0000  -37.5000  -22.5000 2650.0945   11.2280
    7.5000  -37.5000  -22.5000 2648.2209   11.3045
   -7.5000  -30.0000  -22.5000 2616.0527   11.2474
    0.0000  -30.0000  -22.5000 2655.1848   11.0831
    7.5000  -30.0000  -22.5000 2652.1035   11.1616
   -7.5000  -22.5000  -22.5000 2636.4072   11.1664
    0.0000  -22.5000  -22.5000 2676.8945   11.0065
    7.5000  -22.5000  -22.5000 2673.9958   11.0674
   -7.5000  -15.0000  -22.5000 2662.3501   11.0684
    0.0000  -15.0000  -22.5000 2701.5229   10.9343
    7.5000  -15.0000  -22.5000 2697.9675   11.0034
   -7.5000   -7.5000  -22.5000 2683.5730   11.0050
    0.0000   -7.5000  -22.5000 2719.3982   10.8742
    7.5000   -7.5000  -22.5000 2714.2930   10.9404
   -7.5000    0.0000  -22.5000 2694.1523   10.9547
    0.0000    0.0000  -22.5000 2730.9404   10.8324
    7.5000    0.0000  -22.5000 2724.9998   10.8754
   -7.5000    7.5000  -22.5000 2708.7268   10.9348
    0.0000    7.5000  -22.5000 2743.0435   10.8061
    7.5000    7.5000  -22.5000 2735.4844   10.8462
   -7.5000   15.0000  -22.5000 2715.4709   10.9758
    0.0000   15.0000  -22.5000 2748.1057   10.8349
    7.5000   15.0000  -22.5000 2737.2126   10.8960
   -7.5000   22.5000  -22.5000 2717.2891   11.0995
    0.0000   22.5000  -22.5000 2754.6528   10.9508
    7.5000   22.5000  -22.5000 2739.4729   11.0140
   -7.5000   30.0000  -22.5000 2704.1509   11.3920
    0.0000   30.0000  -22.5000 2740.1377   11.2613
    7.5000   30.0000  -22.5000 2724.6250   11.3315
   -7.5000   37.5000  -22.5000 2670.6179   11.8323
    0.0000   37.5000  -22.5000 2707.5854   11.6762
    7.5000   37.5000  -22.5000 2694.2214   11.7330
   -7.5000   45.0000  -22.5000 2614.6648   12.4308
    0.0000   45.0000  -22.5000 2651.6958   12.2530
    7.5000   45.0000  -22.5000 2634.3921   12.2931
   -7.5000  -45.0000  -15.0000 2677.2422   11.1011
    0.0000  -45.0000  -15.0000 2714.7781   10.9491
    7.5000  -45.0000  -15.0000 2714.9929   11.0377
   -7.5000  -37.5000  -15.0000 2682.7124   10.9317
    0.0000  -37.5000  -15.0000 2718.4641   10.7644
    7.5000  -37.5000  -15.0000 2718.1414   10.8571
   -7.5000  -30.0000  -15.0000 2685.7661   10.8001
    0.0000  -30.0000  -15.0000 2722.6907   10.6430
    7.5000  -30.0000  -15.0000 2720.5117   10.7230
   -7.5000  -22.5000  -15.0000 2701.3901   10.6900
    0.0000  -22.5000  -15.0000 2744.2004   10.5339
    7.5000  -22.5000  -15.0000 2741.6855   10.6114
   -7.5000  -15.0000  -15.0000 2725.5569   10.5657
    0.0000  -15.0000  -15.0000 2767.0906   10.4152
    7.5000  -15.0000  -15.0000 2764.5725   10.4890
   -7.5000   -7.5000  -15.0000 2749.6460   10.4697
    0.0000   -7.5000  -15.0000 2784.7139   10.3329
    7.5000   -7.5000  -15.0000 2782.6929   10.4070
   -7.5000    0.0000  -15.0000 2766.1602   10.3982
    0.0000    0.0000  -15.0000 2801.1997   10.2612
    7.5000    0.0000  -15.0000 2795.7891   10.3230
   -7.5000    7.5000  -15.0000 2786.2466   10.3653
    0.0000    7.5000  -15.0000 2820.0327   10.2394
    7.5000    7.5000  -15.0000 2813.1172   10.2857
   -7.5000   15.0000  -15.0000 2800.0239   10.4111
    0.0000   15.0000  -15.0000 2837.4380   10.2707
    7.5000   15.0000  -15.0000 2825.3677   10.3258
   -7.5000   22.5000  -15.0000 2809.0266   10.5385
    0.0000   22.5000  -15.0000 2846.2891   10.3792
    7.5000   22.5000  -15.0000 2831.6213   10.4450
   -7.5000   30.0000  -15.0000 2800.2100   10.8539
    0.0000   30.0000  -15.0000 2835.7710   10.7050
    7.5000   30.0000  -15.0000 2819.8137   10.7637
   -7.5000   37.5000  -15.0000 2765.9783   11.2997
    0.0000   37.5000  -15.0000 2806.6094   11.1399
    7.5000   37.5000  -15.0000 2787.8911   11.1749
   -7.5000   45.0000  -15.0000 2700.2998   11.8796
    0.0000   45.0000  -15.0000 2735.9675   11.6922
    7.5000   45.0000  -15.0000 2718.5552   11.7263
   -7.5000  -45.0000   -7.5000 2713.4778   10.6805
    0.0000  -45.0000   -7.5000 2751.1785   10.5060
    7.5000  -45.0000   -7.5000 2749.8247   10.5983
   -7.5000  -37.5000   -7.5000 2713.5283   10.5507
    0.0000  -37.5000   -7.5000 2747.0767   10.3766
    7.5000  -37.5000   -7.5000 2746.1399   10.4736
   -7.5000  -30.0000   -7.5000 2717.1465   10.4215
    0.0000  -30.0000   -7.5000 2752.9485   10.2696
    7.5000  -30.0000   -7.5000 2752.6748   10.3578
   -7.5000  -22.5000   -7.5000 2731.8040   10.2943
    0.0000  -22.5000   -7.5000 2772.3899   10.1328
    7.5000  -22.5000   -7.5000 2769.5969   10.2073
   -7.5000  -15.0000   -7.5000 2759.0527   10.1543
    0.0000  -15.0000   -7.5000 2797.1565    9.9832
    7.5000  -15.0000   -7.5000 2791.7070   10.0499
   -7.5000   -7.5000   -7.5000 2787.5398   10.0430
    0.0000   -7.5000   -7.5000 2822.0830    9.8941
    7.5000   -7.5000   -7.5000 2815.8621    9.9411
   -7.5000    0.0000   -7.5000 2810.3118    9.9425
    0.0000    0.0000   -7.5000 2842.4033    9.8126
    7.5000    0.0000   -7.5000 2836.8152    9.8646
   -7.5000    7.5000   -7.5000 2835.4001    9.9078
    0.0000    7.5000   -7.5000 2867.3142    9.7873
    7.5000    7.5000   -7.5000 2860.0505    9.8388
   -7.5000   15.0000   -7.5000 2853.4260    9.9479
    0.0000   15.0000   -7.5000 2893.0220    9.8281
    7.5000   15.0000   -7.5000 2880.8853    9.8680
   -7.5000   22.5000   -7.5000 2867.8459   10.0542
    0.0000   22.5000   -7.5000 2905.7671    9.8915
    7.5000   22.5000   -7.5000 2891.1494    9.9653
   -7.5000   30.0000   -7.5000 2865.9866   10.3506
    0.0000   30.0000   -7.5000 2905.0869   10.1883
    7.5000   30.0000   -7.5000 2884.9109   10.2504
   -7.5000   37.5000   -7.5000 2832.2610   10.8368
    0.0000   37.5000   -7.5000 2873.1521   10.6671
    7.5000   37.5000   -7.5000 2855.4839   10.6891
   -7.5000   45.0000   -7.5000 2765.4373   11.4064
    0.0000   45.0000   -7.5000 2799.8752   11.2268
    7.5000   45.0000   -7.5000 2785.9570   11.2640
   -7.5000  -45.0000    0.0000 2732.6018   10.5216
    0.0000  -45.0000    0.0000 2764.4302   10.3197
    7.5000  -45.0000    0.0000 2763.5625   10.4341
   -7.5000  -37.5000    0.0000 2726.4236   10.3909
    0.0000  -37.5000    0.0000 2760.6907   10.1944
    7.5000  -37.5000    0.0000 2760.1472   10.2885
   -7.5000  -30.0000    0.0000 2728.7603   10.2231
    0.0000  -30.0000    0.0000 2758.7903   10.0461
    7.5000  -30.0000    0.0000 2757.5027   10.1314
   -7.5000  -22.5000    0.0000 2748.0244   10.0627
    0.0000  -22.5000    0.0000 2773.5732    9.9047
    7.5000  -22.5000    0.0000 2772.1052    9.9820
   -7.5000  -15.0000    0.0000 2773.5208    9.9257
    0.0000  -15.0000    0.0000 2797.2852    9.7746
    7.5000  -15.0000    0.0000 2796.7913    9.8279
   -7.5000   -7.5000    0.0000 2800.6123    9.7806
    0.0000   -7.5000    0.0000 2827.4282    9.6692
    7.5000   -7.5000    0.0000 2825.6760    9.7147
   -7.5000    0.0000    0.0000 2823.9727    9.6777
    0.0000    0.0000    0.0000 2853.5615    9.5817
    7.5000    0.0000    0.0000 2850.1816    9.6241
   -7.5000    7.5000    0.0000 2857.4478    9.6421
    0.0000    7.5000    0.0000 2890.6704    9.5653
    7.5000    7.5000    0.0000 2884.0967    9.6155
   -7.5000   15.0000    0.0000 2887.4746    9.7072
    0.0000   15.0000    0.0000 2931.9604    9.6547
    7.5000   15.0000    0.0000 2920.8506    9.6758
   -7.5000   22.5000    0.0000 2906.9915    9.8149
    0.0000   22.5000    0.0000 2952.5415    9.6999
    7.5000   22.5000    0.0000 2934.6194    9.7553
   -7.5000   30.0000    0.0000 2909.4060   10.0706
    0.0000   30.0000    0.0000 2951.0986    9.9168
    7.5000   30.0000    0.0000 2927.7971    9.9954
   -7.5000   37.5000    0.0000 2871.7327   10.5230
    0.0000   37.5000    0.0000 2915.5364   10.3721
    7.5000   37.5000    0.0000 2899.7095   10.4226
   -7.5000   45.0000    0.0000 2803.4917   11.0463
    0.0000   45.0000    0.0000 2843.2803   10.9211
    7.5000   45.0000    0.0000 2830.6873   10.9904
   -7.5000  -45.0000    7.5000 2728.5354   10.5806
    0.0000  -45.0000    7.5000 2757.0320   10.3628
    7.5000  -45.0000    7.5000 2758.0210   10.4749
   -7.5000  -37.5000    7.5000 2722.7783   10.3849
    0.0000  -37.5000    7.5000 2747.6187   10.2026
    7.5000  -37.5000    7.5000 2751.4048   10.3102
   -7.5000  -30.0000    7.5000 2726.6899   10.1982
    0.0000  -30.0000    7.5000 2748.5093   10.0357
    7.5000  -30.0000    7.5000 2748.8140   10.1457
   -7.5000  -22.5000    7.5000 2745.1562   10.0405
    0.0000  -22.5000    7.5000 2764.6709    9.8781
    7.5000  -22.5000    7.5000 2760.9663    9.9752
   -7.5000  -15.0000    7.5000 2769.7698    9.8908
    0.0000  -15.0000    7.5000 2789.2856    9.7247
    7.5000  -15.0000    7.5000 2789.9336    9.8092
   -7.5000   -7.5000    7.5000 2789.1440    9.7228
    0.0000   -7.5000    7.5000 2813.7297    9.5893
    7.5000   -7.5000    7.5000 2815.5278    9.6748
   -7.5000    0.0000    7.5000 2820.0271    9.6007
    0.0000    0.0000    7.5000 2846.7664    9.4975
    7.5000    0.0000    7.5000 2844.4558    9.5855
   -7.5000    7.5000    7.5000 2863.6389    9.5738
    0.0000    7.5000    7.5000 2894.2751    9.5094
    7.5000    7.5000    7.5000 2887.9502    9.5765
   -7.5000   15.0000    7.5000 2900.9780    9.6461
    0.0000   15.0000    7.5000 2946.5271    9.6731
    7.5000   15.0000    7.5000 2935.9890    9.6975
   -7.5000   22.5000    7.5000 2927.8999    9.8096
    0.0000   22.5000    7.5000 2985.9097    9.8243
    7.5000   22.5000    7.5000 2969.2822    9.8731
   -7.5000   30.0000    7.5000 2925.1208   10.0011
    0.0000   30.0000    7.5000 2981.3704    9.9342
    7.5000   30.0000    7.5000 2963.8169   10.0506
   -7.5000   37.5000    7.5000 2893.0398   10.3219
    0.0000   37.5000    7.5000 2939.9727   10.2202
    7.5000   37.5000    7.5000 2924.4634   10.3335
   -7.5000   45.0000    7.5000 2823.7061   10.8457
    0.0000   45.0000    7.5000 2871.7664   10.7089
    7.5000   45.0000    7.5000 2851.7700   10.7995
   -7.5000  -45.0000   15.0000 2709.5117   10.7800
    0.0000  -45.0000   15.0000 2726.5522   10.5299
    7.5000  -45.0000   15.0000 2733.3691   10.6889
   -7.5000  -37.5000   15.0000 2701.3589   10.5629
    0.0000  -37.5000   15.0000 2721.8499   10.3595
    7.5000  -37.5000   15.0000 2731.2751   10.5174
   -7.5000  -30.0000   15.0000 2704.3674   10.3589
    0.0000  -30.0000   15.0000 2725.3242   10.1849
    7.5000  -30.0000   15.0000 2730.4187   10.3260
   -7.5000  -22.5000   15.0000 2727.1956   10.1627
    0.0000  -22.5000   15.0000 2742.2993    9.9835
    7.5000  -22.5000   15.0000 2745.8318   10.1372
   -7.5000  -15.0000   15.0000 2748.7468    9.9870
    0.0000  -15.0000   15.0000 2762.2354    9.8297
    7.5000  -15.0000   15.0000 2769.7422    9.9775
   -7.5000   -7.5000   15.0000 2768.9067    9.8259
    0.0000   -7.5000   15.0000 2792.5608    9.7170
    7.5000   -7.5000   15.0000 2797.1936    9.8589
   -7.5000    0.0000   15.0000 2805.9402    9.7123
    0.0000    0.0000   15.0000 2833.2266    9.6228
    7.5000    0.0000   15.0000 2829.2766    9.7700
   -7.5000    7.5000   15.0000 2849.7217    9.7032
    0.0000    7.5000   15.0000 2887.0715    9.6557
    7.5000    7.5000   15.0000 2881.5415    9.7881
   -7.5000   15.0000   15.0000 2891.3345    9.7706
    0.0000   15.0000   15.0000 2945.1787    9.7998
    7.5000   15.0000   15.0000 2930.5601    9.9068
   -7.5000   22.5000   15.0000 2919.7615    9.8889
    0.0000   22.5000   15.0000 2988.3804    9.8919
    7.5000   22.5000   15.0000 2962.7976   10.0264
   -7.5000   30.0000   15.0000 2917.4048   10.0937
    0.0000   30.0000   15.0000 2982.8521   10.0090
    7.5000   30.0000   15.0000 2960.4595   10.1635
   -7.5000   37.5000   15.0000 2883.1150   10.3821
    0.0000   37.5000   15.0000 2936.8054   10.2807
    7.5000   37.5000   15.0000 2918.6487   10.4053
   -7.5000   45.0000   15.0000 2814.4460   10.8603
    0.0000   45.0000   15.0000 2862.4775   10.7344
    7.5000   45.0000   15.0000 2842.0156   10.8199
   -7.5000  -45.0000   22.5000 2678.8928   11.0874
    0.0000  -45.0000   22.5000 2690.8660   10.8270
    7.5000  -45.0000   22.5000 2705.4858   11.0278
   -7.5000  -37.5000   22.5000 2677.5820   10.8434
    0.0000  -37.5000   22.5000 2691.6548   10.6194
    7.5000  -37.5000   22.5000 2710.7915   10.8313
   -7.5000  -30.0000   22.5000 2676.6921   10.5998
    0.0000  -30.0000   22.5000 2698.3723   10.4525
    7.5000  -30.0000   22.5000 2712.3665   10.6443
   -7.5000  -22.5000   22.5000 2698.6685   10.3897
    0.0000  -22.5000   22.5000 2722.0503   10.2792
    7.5000  -22.5000   22.5000 2728.6653   10.4651
   -7.5000  -15.0000   22.5000 2725.4409   10.2308
    0.0000  -15.0000   22.5000 2749.5271   10.1211
    7.5000  -15.0000   22.5000 2752.5579   10.3025
   -7.5000   -7.5000   22.5000 2750.0183   10.0842
    0.0000   -7.5000   22.5000 2780.3167    9.9912
    7.5000   -7.5000   22.5000 2779.7854   10.1648
   -7.5000    0.0000   22.5000 2784.5894    9.9808
    0.0000    0.0000   22.5000 2813.1130    9.8825
    7.5000    0.0000   22.5000 2809.3440   10.0526
   -7.5000    7.5000   22.5000 2825.1431    9.9602
    0.0000    7.5000   22.5000 2862.0181    9.8833
    7.5000    7.5000   22.5000 2855.8982   10.0096
   -7.5000   15.0000   22.5000 2865.8533   10.0245
    0.0000   15.0000   22.5000 2913.4707    9.9252
    7.5000   15.0000   22.5000 2902.5693   10.0590
   -7.5000   22.5000   22.5000 2893.8074   10.1138
    0.0000   22.5000   22.5000 2949.4595    9.9316
    7.5000   22.5000   22.5000 2930.3218   10.1213
   -7.5000   30.0000   22.5000 2895.7817   10.3059
    0.0000   30.0000   22.5000 2954.4565   10.1029
    7.5000   30.0000   22.5000 2936.6177   10.2792
   -7.5000   37.5000   22.5000 2861.5813   10.6235
    0.0000   37.5000   22.5000 2913.4570   10.4893
    7.5000   37.5000   22.5000 2898.1953   10.5806
   -7.5000   45.0000   22.5000 2782.0164   11.1208
    0.0000   45.0000   22.5000 2824.5803   10.9859
    7.5000   45.0000   22.5000 2811.3389   11.0441
   -7.5000  -45.0000   30.0000 2618.0688   11.5506
    0.0000  -45.0000   30.0000 2632.4368   11.2949
    7.5000  -45.0000   30.0000 2651.9192   11.5104
   -7.5000  -37.5000   30.0000 2623.4775   11.2805
    0.0000  -37.5000   30.0000 2644.0122   11.0357
    7.5000  -37.5000   30.0000 2666.3740   11.2736
   -7.5000  -30.0000   30.0000 2632.0203   11.0048
    0.0000  -30.0000   30.0000 2660.1982   10.8343
    7.5000  -30.0000   30.0000 2678.4136   11.0686
   -7.5000  -22.5000   30.0000 2656.4016   10.7546
    0.0000  -22.5000   30.0000 2688.2324   10.6524
    7.5000  -22.5000   30.0000 2696.3501   10.8674
   -7.5000  -15.0000   30.0000 2686.3972   10.5755
    0.0000  -15.0000   30.0000 2717.6362   10.4814
    7.5000  -15.0000   30.0000 2716.9121   10.6706
   -7.5000   -7.5000   30.0000 2716.4634   10.4333
    0.0000   -7.5000   30.0000 2747.2761   10.3151
    7.5000   -7.5000   30.0000 2742.3989   10.4909
   -7.5000    0.0000   30.0000 2750.1003   10.3529
    0.0000    0.0000   30.0000 2778.1411   10.2013
    7.5000    0.0000   30.0000 2772.5933   10.3571
   -7.5000    7.5000   30.0000 2779.3145   10.3387
    0.0000    7.5000   30.0000 2812.4907   10.1713
    7.5000    7.5000   30.0000 2806.9377   10.3205
   -7.5000   15.0000   30.0000 2815.9390   10.3931
    0.0000   15.0000   30.0000 2853.9109   10.1791
    7.5000   15.0000   30.0000 2845.8901   10.3360
   -7.5000   22.5000   30.0000 2843.6743   10.4629
    0.0000   22.5000   30.0000 2883.8606   10.1949
    7.5000   22.5000   30.0000 2872.5989   10.3740
   -7.5000   30.0000   30.0000 2842.9763   10.6761
    0.0000   30.0000   30.0000 2886.1060   10.4591
    7.5000   30.0000   30.0000 2876.3318   10.5933
   -7.5000   37.5000   30.0000 2802.1165   11.0267
    0.0000   37.5000   30.0000 2838.0344   10.8780
    7.5000   37.5000   30.0000 2832.3809   10.9700
   -7.5000   45.0000   30.0000 2727.9143   11.5397
    0.0000   45.0000   30.0000 2762.0344   11.3965
    7.5000   45.0000   30.0000 2752.4424   11.4718
   -7.5000  -45.0000   37.5000 2544.8022   12.2693
    0.0000  -45.0000   37.5000 2553.9707   11.9733
    7.5000  -45.0000   37.5000 2571.2590   12.1814
   -7.5000  -37.5000   37.5000 2551.9536   11.8992
    0.0000  -37.5000   37.5000 2574.5276   11.6044
    7.5000  -37.5000   37.5000 2586.6018   11.8170
   -7.5000  -30.0000   37.5000 2564.6975   11.5511
    0.0000  -30.0000   37.5000 2591.5806   11.2915
    7.5000  -30.0000   37.5000 2603.3589   11.5174
   -7.5000  -22.5000   37.5000 2594.8989   11.2622
    0.0000  -22.5000   37.5000 2624.5007   11.0652
    7.5000  -22.5000   37.5000 2632.8169   11.2583
   -7.5000  -15.0000   37.5000 2626.8257   11.0461
    0.0000  -15.0000   37.5000 2658.0315   10.8584
    7.5000  -15.0000   37.5000 2658.7942   11.0465
   -7.5000   -7.5000   37.5000 2660.6873   10.8856
    0.0000   -7.5000   37.5000 2694.8237   10.7024
    7.5000   -7.5000   37.5000 2685.4875   10.8689
   -7.5000    0.0000   37.5000 2691.6394   10.8295
    0.0000    0.0000   37.5000 2729.0339   10.6236
    7.5000    0.0000   37.5000 2719.8911   10.7760
   -7.5000    7.5000   37.5000 2724.0112   10.8233
    0.0000    7.5000   37.5000 2760.5671   10.5894
    7.5000    7.5000   37.5000 2749.5645   10.7389
   -7.5000   15.0000   37.5000 2753.7969   10.8549
    0.0000   15.0000   37.5000 2788.8083   10.6045
    7.5000   15.0000   37.5000 2779.1558   10.7564
   -7.5000   22.5000   37.5000 2771.4429   10.9381
    0.0000   22.5000   37.5000 2801.1929   10.6771
    7.5000   22.5000   37.5000 2793.3391   10.8394
   -7.5000   30.0000   37.5000 2763.0437   11.1896
    0.0000   30.0000   37.5000 2790.8027   10.9684
    7.5000   30.0000   37.5000 2785.5103   11.0894
   -7.5000   37.5000   37.5000 2720.5945   11.5909
    0.0000   37.5000   37.5000 2748.4360   11.4162
    7.5000   37.5000   37.5000 2746.5720   11.5163
   -7.5000   45.0000   37.5000 2651.9905   12.1262
    0.0000   45.0000   37.5000 2679.4658   11.9683
    7.5000   45.0000   37.5000 2674.8391   12.0490
   -7.5000  -45.0000   45.0000 2462.0994   13.0945
    0.0000  -45.0000   45.0000 2472.7585   12.7369
    7.5000  -45.0000   45.0000 2481.1897   12.9237
   -7.5000  -37.5000   45.0000 2468.0249   12.6595
    0.0000  -37.5000   45.0000 2487.6865   12.3162
    7.5000  -37.5000   45.0000 2493.9021   12.4878
   -7.5000  -30.0000   45.0000 2482.4324   12.2652
    0.0000  -30.0000   45.0000 2507.6907   11.9228
    7.5000  -30.0000   45.0000 2516.9202   12.1196
   -7.5000  -22.5000   45.0000 2518.7090   11.9266
    0.0000  -22.5000   45.0000 2543.4758   11.6289
    7.5000  -22.5000   45.0000 2553.6545   11.8149
   -7.5000  -15.0000   45.0000 2557.4915   11.6827
    0.0000  -15.0000   45.0000 2582.6602   11.3926
    7.5000  -15.0000   45.0000 2585.2983   11.5609
   -7.5000   -7.5000   45.0000 2591.9214   11.5221
    0.0000   -7.5000   45.0000 2623.3525   11.2382
    7.5000   -7.5000   45.0000 2616.3289   11.4005
   -7.5000    0.0000   45.0000 2622.1045   11.4390
    0.0000    0.0000   45.0000 2662.6472   11.1690
    7.5000    0.0000   45.0000 2652.2131   11.3104
   -7.5000    7.5000   45.0000 2651.8943   11.4161
    0.0000    7.5000   45.0000 2692.8176   11.1560
    7.5000    7.5000   45.0000 2679.6421   11.2977
   -7.5000   15.0000   45.0000 2671.4595   11.4836
    0.0000   15.0000   45.0000 2707.9597   11.2207
    7.5000   15.0000   45.0000 2694.9219   11.3694
   -7.5000   22.5000   45.0000 2686.1682   11.5929
    0.0000   22.5000   45.0000 2711.0771   11.3627
    7.5000   22.5000   45.0000 2702.7510   11.4943
   -7.5000   30.0000   45.0000 2665.9165   11.8815
    0.0000   30.0000   45.0000 2691.5842   11.6588
    7.5000   30.0000   45.0000 2685.6938   11.7788
   -7.5000   37.5000   45.0000 2622.2471   12.3297
    0.0000   37.5000   45.0000 2647.1492   12.1500
    7.5000   37.5000   45.0000 2646.9382   12.2324
   -7.5000   45.0000   45.0000 2559.6956   12.8638
    0.0000   45.0000   45.0000 2587.8325   12.7063
    7.5000   45.0000   45.0000 2582.0315   12.7805

---------------------------------------------------------------------
imgreg_4dfp /opt/freesurfer/average/711-2C_as_mni_average_305 /opt/freesurfer/average/711-2B_as_mni_average_305_mask talsrcimg_g11 none talsrcimg_to_711-2C_as_mni_average_305_t4 1283
---------------------------------------------------------------------

freesurfer imgreg_4dfp.c
/opt/freesurfer/average/711-2C_as_mni_average_305.4dfp.img
       256       256       256         1
  1.000000  1.000000  1.000000
orientation T byte_order littleendian
Reading image: /opt/freesurfer/average/711-2C_as_mni_average_305.4dfp.img
dimensions:      256       256       256
mmppix:       1.0000   -1.0000   -1.0000
center:     128.0000 -129.0000 -129.0000
/opt/freesurfer/average/711-2B_as_mni_average_305_mask.4dfp.img
       256       256       256         1
  1.000000  1.000000  1.000000
orientation T byte_order littleendian
Reading mask: /opt/freesurfer/average/711-2B_as_mni_average_305_mask.4dfp.img (2306576 pixels)
talsrcimg_g11.4dfp.img
       256       256       256         1
  1.000000  1.000000  1.000000
orientation T byte_order littleendian
Reading image: talsrcimg_g11.4dfp.img
dimensions:      256       256       256
mmppix:       1.0000   -1.0000   -1.0000
center:     128.0000 -129.0000 -129.0000
rotation matrix determinant  1.000000
fimgreg.f
image alignment mode   1283 decimal      503 hex
parameters
    0.0000   22.5000   15.0000    0.0000    0.0000    0.0000
eta,q 0.93815  9.92804
niter,ni,del,rscale     5    3   12.0000    1.2000
parameter  3  0.574793 ->  0.500000 qaram    1.1500
parameter  4  0.865013 ->  0.500000 qaram    1.1500
parameters
    2.1582   25.3737   11.5500   -3.4500    1.1620    1.0811
eta,q 0.94762  9.90737
  0.0790  0.0691  0.0564  0.0519  0.0615  0.0555
  0.0729  0.0652  0.0549  0.0522  0.0580  0.0532
  0.0668  0.0626  0.0550  0.0532  0.0547  0.0519
  0.0615  0.0598  0.0570  0.0545  0.0524  0.0521
  0.0599  0.0572  0.0603  0.0579  0.0524  0.0525
  0.0615  0.0576  0.0646  0.0624  0.0545  0.0526
  0.0656  0.0604  0.0696  0.0663  0.0568  0.0531
niter,ni,del,rscale     6    3   12.0000    1.2000
parameter  4  0.708704 ->  0.500000 qaram    1.3225
parameter  6 -0.520279 -> -0.500000 qaram    1.1500
parameters
    2.3453   25.6945   10.8512   -7.4175    1.4828    4.5311
eta,q 0.94993  9.86929
  0.0666  0.0595  0.0616  0.0503  0.0589  0.0530
  0.0593  0.0552  0.0557  0.0506  0.0549  0.0520
  0.0543  0.0529  0.0531  0.0513  0.0518  0.0511
  0.0524  0.0523  0.0523  0.0524  0.0507  0.0507
  0.0533  0.0527  0.0546  0.0541  0.0516  0.0504
  0.0581  0.0547  0.0596  0.0565  0.0541  0.0500
  0.0652  0.0578  0.0654  0.0617  0.0571  0.0507
niter,ni,del,rscale     7    3   12.0000    1.2000
parameter  4  0.614825 ->  0.500000 qaram    1.5209
parameters
    2.5538   26.5475    9.7620  -11.9801    2.1299    2.6119
eta,q 0.95167  9.86998
  0.0662  0.0583  0.0591  0.0486  0.0561  0.0503
  0.0589  0.0542  0.0532  0.0484  0.0529  0.0493
  0.0533  0.0507  0.0498  0.0489  0.0504  0.0485
  0.0501  0.0499  0.0501  0.0495  0.0485  0.0483
  0.0510  0.0504  0.0537  0.0513  0.0487  0.0501
  0.0568  0.0516  0.0589  0.0544  0.0506  0.0520
  0.0651  0.0544  0.0660  0.0580  0.0540  0.0543
niter,ni,del,rscale     7    3   12.0000    1.2000
parameters
    1.9993   29.0408    9.0625  -16.3006    2.3246    2.0296
eta,q 0.95502  9.83402
  0.0614  0.0593  0.0579  0.0469  0.0548  0.0484
  0.0534  0.0538  0.0512  0.0448  0.0496  0.0469
  0.0488  0.0501  0.0475  0.0454  0.0455  0.0458
  0.0483  0.0481  0.0475  0.0471  0.0447  0.0448
  0.0515  0.0475  0.0506  0.0486  0.0466  0.0452
  0.0584  0.0478  0.0554  0.0513  0.0493  0.0475
  0.0659  0.0489  0.0619  0.0569  0.0529  0.0506
niter,ni,del,rscale     6    3   12.0000    1.2000
parameters
    1.9819   30.8157    8.0533  -16.6751    2.4092    1.5544
eta,q 0.95644  9.81488
  0.0640  0.0569  0.0547  0.0513  0.0536  0.0480
  0.0549  0.0519  0.0478  0.0470  0.0485  0.0453
  0.0474  0.0474  0.0441  0.0438  0.0445  0.0439
  0.0450  0.0450  0.0443  0.0437  0.0435  0.0436
  0.0478  0.0444  0.0482  0.0461  0.0455  0.0443
  0.0553  0.0456  0.0539  0.0482  0.0485  0.0462
  0.0640  0.0482  0.0618  0.0516  0.0525  0.0496
niter,ni,del,rscale     5    3   12.0000    1.2000
parameters
    1.9885   30.9588    7.9526  -16.7209    2.3437    1.5310
eta,q 0.95652  9.81382
  0.0633  0.0523  0.0579  0.0520  0.0531  0.0486
  0.0538  0.0479  0.0504  0.0476  0.0481  0.0457
  0.0460  0.0448  0.0452  0.0441  0.0443  0.0440
  0.0436  0.0436  0.0436  0.0435  0.0435  0.0435
  0.0467  0.0444  0.0461  0.0457  0.0456  0.0441
  0.0540  0.0473  0.0512  0.0480  0.0488  0.0457
  0.0628  0.0516  0.0583  0.0514  0.0529  0.0487
niter,ni,del,rscale     4    3   12.0000    1.2000
parameters
    2.0015   30.9704    7.9469  -16.7398    2.3228    1.5281
eta,q 0.95653  9.81409
  0.0633  0.0520  0.0582  0.0520  0.0532  0.0487
  0.0538  0.0476  0.0507  0.0477  0.0483  0.0457
  0.0459  0.0446  0.0453  0.0441  0.0444  0.0440
  0.0435  0.0435  0.0435  0.0435  0.0435  0.0435
  0.0466  0.0445  0.0459  0.0457  0.0455  0.0440
  0.0539  0.0475  0.0509  0.0479  0.0487  0.0457
  0.0627  0.0520  0.0579  0.0514  0.0527  0.0487
registration optimization eta report
parameter search radius
    6.0000    6.0000    6.9000    9.1253    6.0000    6.9000
100000*second partial in parameter space
       53.       23.       30.       10.       26.       11.
  0.0633  0.0520  0.0582  0.0520  0.0532  0.0487
  0.0538  0.0476  0.0507  0.0477  0.0483  0.0457
  0.0459  0.0446  0.0453  0.0441  0.0444  0.0440
  0.0435  0.0435  0.0435  0.0435  0.0435  0.0435
  0.0466  0.0445  0.0459  0.0457  0.0455  0.0440
  0.0539  0.0475  0.0509  0.0479  0.0487  0.0457
  0.0627  0.0520  0.0579  0.0514  0.0527  0.0487
    2.0015   30.9704    7.9469  -16.7398    2.3228    1.5281
eta,q 0.95653  9.81409

---------------------------------------------------------------------
imgreg_4dfp /opt/freesurfer/average/711-2C_as_mni_average_305 /opt/freesurfer/average/711-2B_as_mni_average_305_mask talsrcimg_g11 none talsrcimg_to_711-2C_as_mni_average_305_t4 3335
---------------------------------------------------------------------

freesurfer imgreg_4dfp.c
/opt/freesurfer/average/711-2C_as_mni_average_305.4dfp.img
       256       256       256         1
  1.000000  1.000000  1.000000
orientation T byte_order littleendian
Reading image: /opt/freesurfer/average/711-2C_as_mni_average_305.4dfp.img
dimensions:      256       256       256
mmppix:       1.0000   -1.0000   -1.0000
center:     128.0000 -129.0000 -129.0000
/opt/freesurfer/average/711-2B_as_mni_average_305_mask.4dfp.img
       256       256       256         1
  1.000000  1.000000  1.000000
orientation T byte_order littleendian
Reading mask: /opt/freesurfer/average/711-2B_as_mni_average_305_mask.4dfp.img (2306576 pixels)
talsrcimg_g11.4dfp.img
       256       256       256         1
  1.000000  1.000000  1.000000
orientation T byte_order littleendian
Reading image: talsrcimg_g11.4dfp.img
dimensions:      256       256       256
mmppix:       1.0000   -1.0000   -1.0000
center:     128.0000 -129.0000 -129.0000
fimgreg.f
image alignment mode   3335 decimal      D07 hex
parameters
    2.0015   30.9704    7.9469   -0.1177   -4.2407   -4.3164
   -1.3868   -4.6478    2.6645   28.6888    4.0529  -28.7789
eta,q 0.95670  9.86533
niter,ni,del,rscale     5    3    5.0000    1.2000
parameter  4  1.042969 ->  0.500000 qaram    1.1500
parameter  5  5.920166 ->  0.500000 qaram    1.1500
parameter  6  0.581286 ->  0.500000 qaram    1.1500
parameter 10  1.155240 ->  0.500000 qaram    1.1500
parameters
    1.9520   31.4041    7.8064   -4.2577   -8.3807   -8.4564
   -3.1205   -2.9024   -0.1030   24.5488    2.1430  -30.9016
eta,q 0.96885  9.73857
  0.0464  0.0450  0.0449  0.0393  0.0326  0.0341  0.0353  0.0399  0.0339  0.0306  0.0317  0.0318
  0.0448  0.0442  0.0440  0.0394  0.0344  0.0341  0.0343  0.0372  0.0335  0.0311  0.0314  0.0312
  0.0437  0.0436  0.0434  0.0406  0.0368  0.0342  0.0339  0.0352  0.0333  0.0320  0.0313  0.0311
  0.0433  0.0433  0.0433  0.0433  0.0395  0.0350  0.0341  0.0339  0.0335  0.0333  0.0313  0.0313
  0.0437  0.0433  0.0436  0.0471  0.0424  0.0369  0.0347  0.0335  0.0342  0.0351  0.0315  0.0316
  0.0449  0.0436  0.0443  0.0514  0.0452  0.0403  0.0359  0.0343  0.0351  0.0374  0.0320  0.0322
  0.0468  0.0441  0.0454  0.0556  0.0477  0.0445  0.0373  0.0362  0.0364  0.0401  0.0327  0.0329
niter,ni,del,rscale     7    3    5.0000    1.2000
parameter  5  1.471321 ->  0.500000 qaram    1.3225
parameters
    1.7039   32.2644    6.8081   -6.9013  -13.1417  -10.7890
   -1.1768   -1.4938   -0.7106   21.7107    3.1367  -30.8238
eta,q 0.97369  9.40418
  0.0339  0.0343  0.0311  0.0320  0.0262  0.0281  0.0299  0.0315  0.0282  0.0280  0.0269  0.0275
  0.0322  0.0328  0.0306  0.0315  0.0271  0.0274  0.0286  0.0296  0.0273  0.0268  0.0266  0.0268
  0.0313  0.0318  0.0305  0.0308  0.0285  0.0272  0.0277  0.0281  0.0269  0.0263  0.0265  0.0264
  0.0312  0.0311  0.0308  0.0305  0.0308  0.0274  0.0272  0.0270  0.0268  0.0268  0.0263  0.0263
  0.0318  0.0308  0.0313  0.0318  0.0339  0.0277  0.0271  0.0268  0.0271  0.0281  0.0263  0.0264
  0.0332  0.0310  0.0321  0.0348  0.0374  0.0289  0.0273  0.0275  0.0277  0.0302  0.0264  0.0268
  0.0352  0.0317  0.0331  0.0388  0.0406  0.0317  0.0280  0.0293  0.0287  0.0325  0.0267  0.0274
niter,ni,del,rscale     7    3    5.0000    1.2000
parameter  5  0.581035 ->  0.500000 qaram    1.5209
parameters
    1.5206   32.5333    6.8257   -7.1102  -18.6168  -10.9629
   -1.3131   -1.5737   -1.1408   22.5513    4.2479  -31.2225
eta,q 0.97510  9.17552
  0.0286  0.0291  0.0275  0.0282  0.0256  0.0271  0.0270  0.0285  0.0265  0.0296  0.0255  0.0260
  0.0272  0.0278  0.0268  0.0275  0.0250  0.0259  0.0259  0.0267  0.0256  0.0274  0.0252  0.0254
  0.0265  0.0268  0.0264  0.0269  0.0253  0.0251  0.0252  0.0254  0.0251  0.0258  0.0250  0.0250
  0.0263  0.0263  0.0262  0.0262  0.0263  0.0250  0.0250  0.0250  0.0250  0.0250  0.0249  0.0249
  0.0268  0.0263  0.0264  0.0258  0.0283  0.0254  0.0252  0.0253  0.0253  0.0251  0.0249  0.0251
  0.0278  0.0270  0.0268  0.0269  0.0313  0.0260  0.0260  0.0266  0.0259  0.0262  0.0250  0.0256
  0.0294  0.0282  0.0275  0.0293  0.0353  0.0273  0.0272  0.0288  0.0269  0.0281  0.0252  0.0263
niter,ni,del,rscale     7    3    5.0000    1.2000
parameters
    1.5570   32.5478    7.1958   -6.9827  -19.5654  -10.4406
   -1.2778   -1.5923   -1.1935   22.7556    4.0668  -31.1368
eta,q 0.97516  9.16317
  0.0277  0.0275  0.0266  0.0268  0.0285  0.0274  0.0270  0.0285  0.0267  0.0290  0.0253  0.0261
  0.0262  0.0260  0.0258  0.0259  0.0267  0.0261  0.0259  0.0267  0.0257  0.0269  0.0251  0.0255
  0.0252  0.0252  0.0252  0.0254  0.0253  0.0252  0.0252  0.0254  0.0251  0.0254  0.0249  0.0250
  0.0249  0.0249  0.0249  0.0249  0.0248  0.0248  0.0248  0.0248  0.0248  0.0248  0.0248  0.0248
  0.0251  0.0252  0.0249  0.0245  0.0256  0.0251  0.0251  0.0252  0.0251  0.0252  0.0249  0.0250
  0.0260  0.0261  0.0252  0.0252  0.0274  0.0256  0.0258  0.0265  0.0257  0.0266  0.0250  0.0254
  0.0275  0.0274  0.0258  0.0273  0.0305  0.0269  0.0270  0.0288  0.0267  0.0286  0.0254  0.0261
niter,ni,del,rscale     6    3    5.0000    1.2000
parameters
    1.5531   32.5637    7.3274   -6.9004  -19.6787  -10.2202
   -1.2326   -1.5855   -1.1395   22.7696    4.0292  -31.0629
eta,q 0.97518  9.17146
  0.0276  0.0275  0.0263  0.0268  0.0291  0.0273  0.0270  0.0286  0.0267  0.0288  0.0253  0.0261
  0.0261  0.0260  0.0255  0.0259  0.0272  0.0260  0.0259  0.0267  0.0257  0.0267  0.0251  0.0255
  0.0252  0.0251  0.0250  0.0254  0.0256  0.0251  0.0252  0.0254  0.0251  0.0253  0.0249  0.0250
  0.0248  0.0248  0.0248  0.0248  0.0248  0.0248  0.0248  0.0248  0.0248  0.0248  0.0248  0.0248
  0.0251  0.0251  0.0249  0.0244  0.0253  0.0251  0.0250  0.0252  0.0250  0.0253  0.0249  0.0250
  0.0260  0.0260  0.0253  0.0253  0.0268  0.0257  0.0258  0.0265  0.0257  0.0267  0.0250  0.0254
  0.0276  0.0274  0.0260  0.0274  0.0297  0.0271  0.0270  0.0288  0.0267  0.0288  0.0254  0.0261
niter,ni,del,rscale     5    3    5.0000    1.2000
parameters
    1.5449   32.5586    7.3780   -6.8822  -19.6887  -10.1537
   -1.2335   -1.5892   -1.1073   22.7545    4.0177  -31.0157
eta,q 0.97518  9.17387
  0.0276  0.0274  0.0262  0.0268  0.0291  0.0272  0.0270  0.0286  0.0267  0.0288  0.0254  0.0261
  0.0261  0.0260  0.0254  0.0259  0.0273  0.0259  0.0259  0.0267  0.0257  0.0267  0.0251  0.0255
  0.0252  0.0251  0.0250  0.0254  0.0256  0.0250  0.0251  0.0254  0.0251  0.0253  0.0249  0.0250
  0.0248  0.0248  0.0248  0.0248  0.0248  0.0248  0.0248  0.0248  0.0248  0.0248  0.0248  0.0248
  0.0251  0.0252  0.0250  0.0244  0.0253  0.0251  0.0250  0.0252  0.0250  0.0253  0.0249  0.0250
  0.0261  0.0260  0.0254  0.0253  0.0268  0.0257  0.0258  0.0265  0.0257  0.0267  0.0250  0.0254
  0.0276  0.0274  0.0261  0.0275  0.0296  0.0272  0.0271  0.0288  0.0267  0.0288  0.0254  0.0261
niter,ni,del,rscale     4    3    5.0000    1.2000
parameters
    1.5428   32.5544    7.3978   -6.8752  -19.6909  -10.1281
   -1.2356   -1.5926   -1.0881   22.7423    4.0149  -30.9987
eta,q 0.97517  9.17479
  0.0276  0.0274  0.0261  0.0268  0.0291  0.0271  0.0270  0.0286  0.0267  0.0288  0.0254  0.0261
  0.0261  0.0260  0.0254  0.0259  0.0273  0.0259  0.0259  0.0267  0.0257  0.0267  0.0251  0.0255
  0.0251  0.0251  0.0250  0.0254  0.0256  0.0250  0.0251  0.0254  0.0251  0.0253  0.0249  0.0250
  0.0248  0.0248  0.0248  0.0248  0.0248  0.0248  0.0248  0.0248  0.0248  0.0248  0.0248  0.0248
  0.0251  0.0252  0.0250  0.0244  0.0253  0.0251  0.0251  0.0252  0.0250  0.0253  0.0249  0.0250
  0.0260  0.0260  0.0254  0.0253  0.0268  0.0257  0.0258  0.0265  0.0257  0.0267  0.0250  0.0254
  0.0276  0.0274  0.0261  0.0275  0.0296  0.0272  0.0271  0.0288  0.0267  0.0288  0.0254  0.0261
registration optimization eta report
parameter search radius
    2.4000    2.4000    2.4000    8.2800   10.9503    8.2800
    7.2000    7.2000    7.2000    8.2800    7.2000    7.2000
100000*second partial in parameter space
       48.       45.       23.        4.        4.        3.
        4.        7.        4.        6.        1.        2.
  0.0276  0.0274  0.0261  0.0268  0.0291  0.0271  0.0270  0.0286  0.0267  0.0288  0.0254  0.0261
  0.0261  0.0260  0.0254  0.0259  0.0273  0.0259  0.0259  0.0267  0.0257  0.0267  0.0251  0.0255
  0.0251  0.0251  0.0250  0.0254  0.0256  0.0250  0.0251  0.0254  0.0251  0.0253  0.0249  0.0250
  0.0248  0.0248  0.0248  0.0248  0.0248  0.0248  0.0248  0.0248  0.0248  0.0248  0.0248  0.0248
  0.0251  0.0252  0.0250  0.0244  0.0253  0.0251  0.0251  0.0252  0.0250  0.0253  0.0249  0.0250
  0.0260  0.0260  0.0254  0.0253  0.0268  0.0257  0.0258  0.0265  0.0257  0.0267  0.0250  0.0254
  0.0276  0.0274  0.0261  0.0275  0.0296  0.0272  0.0271  0.0288  0.0267  0.0288  0.0254  0.0261
    1.5428   32.5544    7.3978   -6.8752  -19.6909  -10.1281
   -1.2356   -1.5926   -1.0881   22.7423    4.0149  -30.9987
eta,q 0.97517  9.17479

---------------------------------------------------------------------
imgreg_4dfp /opt/freesurfer/average/711-2C_as_mni_average_305 /opt/freesurfer/average/711-2B_as_mni_average_305_mask talsrcimg_g11 none talsrcimg_to_711-2C_as_mni_average_305_t4 2311
---------------------------------------------------------------------

freesurfer imgreg_4dfp.c
/opt/freesurfer/average/711-2C_as_mni_average_305.4dfp.img
       256       256       256         1
  1.000000  1.000000  1.000000
orientation T byte_order littleendian
Reading image: /opt/freesurfer/average/711-2C_as_mni_average_305.4dfp.img
dimensions:      256       256       256
mmppix:       1.0000   -1.0000   -1.0000
center:     128.0000 -129.0000 -129.0000
/opt/freesurfer/average/711-2B_as_mni_average_305_mask.4dfp.img
       256       256       256         1
  1.000000  1.000000  1.000000
orientation T byte_order littleendian
Reading mask: /opt/freesurfer/average/711-2B_as_mni_average_305_mask.4dfp.img (2306576 pixels)
talsrcimg_g11.4dfp.img
       256       256       256         1
  1.000000  1.000000  1.000000
orientation T byte_order littleendian
Reading image: talsrcimg_g11.4dfp.img
dimensions:      256       256       256
mmppix:       1.0000   -1.0000   -1.0000
center:     128.0000 -129.0000 -129.0000
fimgreg.f
image alignment mode   2311 decimal      907 hex
parameters
    1.5428   32.5544    7.3978   -6.8752  -19.6909  -10.1281
   -1.2356   -1.5926   -1.0881   22.7423    4.0149  -30.9987
eta,q 0.97517  9.17479
niter,ni,del,rscale     5    3    5.0000    0.8000
parameters
    1.5587   32.5334    7.4075   -4.5608  -19.1106   -9.9735
   -0.8986   -1.6096   -0.9347   22.7033    3.5324  -31.0977
eta,q 0.97557  9.30360
  0.0261  0.0260  0.0254  0.0258  0.0257  0.0254  0.0257  0.0264  0.0254  0.0259  0.0247  0.0250
  0.0254  0.0253  0.0251  0.0255  0.0251  0.0248  0.0251  0.0254  0.0249  0.0251  0.0245  0.0247
  0.0250  0.0249  0.0249  0.0252  0.0246  0.0245  0.0246  0.0247  0.0246  0.0246  0.0245  0.0245
  0.0248  0.0248  0.0248  0.0248  0.0244  0.0244  0.0244  0.0244  0.0244  0.0244  0.0244  0.0244
  0.0249  0.0250  0.0249  0.0245  0.0245  0.0245  0.0245  0.0246  0.0245  0.0246  0.0245  0.0245
  0.0254  0.0254  0.0251  0.0245  0.0247  0.0248  0.0248  0.0253  0.0248  0.0251  0.0246  0.0247
  0.0260  0.0260  0.0254  0.0250  0.0252  0.0252  0.0254  0.0266  0.0253  0.0260  0.0249  0.0251
niter,ni,del,rscale     4    3    5.0000    0.7000
parameters
    1.5266   32.4617    7.4231   -5.0363  -19.0990   -9.8791
   -0.9294   -1.4703   -0.8460   22.7008    3.6339  -30.9694
eta,q 0.97555  9.28817
  0.0256  0.0253  0.0249  0.0252  0.0253  0.0251  0.0253  0.0261  0.0252  0.0256  0.0247  0.0250
  0.0249  0.0248  0.0246  0.0249  0.0248  0.0247  0.0249  0.0253  0.0248  0.0250  0.0246  0.0247
  0.0245  0.0245  0.0245  0.0246  0.0245  0.0245  0.0246  0.0247  0.0245  0.0246  0.0245  0.0245
  0.0244  0.0244  0.0244  0.0244  0.0245  0.0245  0.0245  0.0245  0.0245  0.0245  0.0245  0.0245
  0.0246  0.0246  0.0245  0.0246  0.0246  0.0245  0.0246  0.0246  0.0245  0.0246  0.0245  0.0245
  0.0250  0.0249  0.0246  0.0251  0.0248  0.0247  0.0249  0.0250  0.0248  0.0250  0.0245  0.0247
  0.0257  0.0254  0.0249  0.0260  0.0253  0.0250  0.0254  0.0259  0.0251  0.0257  0.0247  0.0249
niter,ni,del,rscale     3    3    5.0000    0.6000
parameters
    1.5238   32.4539    7.4500   -4.9311  -19.1103   -9.9159
   -0.9061   -1.4383   -0.8512   22.6834    3.6461  -30.9100
eta,q 0.97557  9.28818
  0.0253  0.0251  0.0248  0.0252  0.0250  0.0249  0.0251  0.0256  0.0250  0.0253  0.0246  0.0248
  0.0248  0.0248  0.0246  0.0249  0.0247  0.0246  0.0247  0.0250  0.0247  0.0248  0.0245  0.0246
  0.0245  0.0245  0.0245  0.0247  0.0245  0.0245  0.0245  0.0246  0.0245  0.0245  0.0245  0.0245
  0.0244  0.0244  0.0244  0.0244  0.0244  0.0244  0.0244  0.0244  0.0244  0.0244  0.0244  0.0244
  0.0245  0.0245  0.0245  0.0244  0.0245  0.0245  0.0245  0.0245  0.0245  0.0245  0.0245  0.0245
  0.0248  0.0248  0.0246  0.0247  0.0247  0.0247  0.0247  0.0249  0.0247  0.0248  0.0245  0.0246
  0.0253  0.0251  0.0248  0.0253  0.0250  0.0249  0.0251  0.0256  0.0250  0.0254  0.0246  0.0248
niter,ni,del,rscale     2    3    5.0000    0.5000
parameters
    1.5236   32.4496    7.4494   -4.7507  -19.1450   -9.9853
   -0.8817   -1.4085   -0.8683   22.6671    3.6544  -30.9011
eta,q 0.97558  9.28892
  0.0250  0.0249  0.0247  0.0251  0.0248  0.0247  0.0249  0.0252  0.0248  0.0250  0.0246  0.0247
  0.0247  0.0246  0.0245  0.0248  0.0246  0.0246  0.0246  0.0248  0.0246  0.0247  0.0245  0.0245
  0.0245  0.0245  0.0245  0.0246  0.0245  0.0244  0.0245  0.0245  0.0245  0.0245  0.0244  0.0245
  0.0244  0.0244  0.0244  0.0244  0.0244  0.0244  0.0244  0.0244  0.0244  0.0244  0.0244  0.0244
  0.0245  0.0245  0.0245  0.0244  0.0245  0.0245  0.0245  0.0245  0.0245  0.0245  0.0244  0.0245
  0.0247  0.0247  0.0245  0.0246  0.0246  0.0246  0.0246  0.0247  0.0246  0.0247  0.0245  0.0245
  0.0250  0.0249  0.0247  0.0250  0.0249  0.0248  0.0249  0.0252  0.0248  0.0251  0.0246  0.0247
niter,ni,del,rscale     1    3    5.0000    0.4000
parameters
    1.5226   32.4493    7.4398   -4.6101  -19.1442  -10.0349
   -0.8491   -1.3848   -0.8534   22.6609    3.6379  -30.9067
eta,q 0.97559  9.29140
  0.0248  0.0247  0.0246  0.0249  0.0247  0.0246  0.0247  0.0249  0.0247  0.0248  0.0245  0.0246
  0.0246  0.0246  0.0245  0.0247  0.0245  0.0245  0.0246  0.0247  0.0245  0.0246  0.0245  0.0245
  0.0245  0.0244  0.0244  0.0245  0.0244  0.0244  0.0244  0.0245  0.0244  0.0244  0.0244  0.0244
  0.0244  0.0244  0.0244  0.0244  0.0244  0.0244  0.0244  0.0244  0.0244  0.0244  0.0244  0.0244
  0.0245  0.0245  0.0244  0.0244  0.0244  0.0244  0.0244  0.0245  0.0244  0.0245  0.0244  0.0244
  0.0246  0.0246  0.0245  0.0246  0.0245  0.0245  0.0245  0.0246  0.0245  0.0246  0.0245  0.0245
  0.0248  0.0247  0.0246  0.0248  0.0247  0.0246  0.0247  0.0249  0.0246  0.0248  0.0245  0.0246
registration optimization eta report
parameter search radius
    0.8000    0.8000    0.8000    2.4000    2.4000    2.4000
    2.4000    2.4000    2.4000    2.4000    2.4000    2.4000
100000*second partial in parameter space
       63.       48.       25.        7.        5.        4.
        5.        9.        4.        7.        2.        3.
  0.0248  0.0247  0.0246  0.0249  0.0247  0.0246  0.0247  0.0249  0.0247  0.0248  0.0245  0.0246
  0.0246  0.0246  0.0245  0.0247  0.0245  0.0245  0.0246  0.0247  0.0245  0.0246  0.0245  0.0245
  0.0245  0.0244  0.0244  0.0245  0.0244  0.0244  0.0244  0.0245  0.0244  0.0244  0.0244  0.0244
  0.0244  0.0244  0.0244  0.0244  0.0244  0.0244  0.0244  0.0244  0.0244  0.0244  0.0244  0.0244
  0.0245  0.0245  0.0244  0.0244  0.0244  0.0244  0.0244  0.0245  0.0244  0.0245  0.0244  0.0244
  0.0246  0.0246  0.0245  0.0246  0.0245  0.0245  0.0245  0.0246  0.0245  0.0246  0.0245  0.0245
  0.0248  0.0247  0.0246  0.0248  0.0247  0.0246  0.0247  0.0249  0.0246  0.0248  0.0245  0.0246
    1.5226   32.4493    7.4398   -4.6101  -19.1442  -10.0349
   -0.8491   -1.3848   -0.8534   22.6609    3.6379  -30.9067
eta,q 0.97559  9.29140

---------------------------------------------------------------------
imgreg_4dfp /opt/freesurfer/average/711-2C_as_mni_average_305 /opt/freesurfer/average/711-2B_as_mni_average_305_mask talsrcimg_g11 none talsrcimg_to_711-2C_as_mni_average_305_t4 2311
---------------------------------------------------------------------

freesurfer imgreg_4dfp.c
/opt/freesurfer/average/711-2C_as_mni_average_305.4dfp.img
       256       256       256         1
  1.000000  1.000000  1.000000
orientation T byte_order littleendian
Reading image: /opt/freesurfer/average/711-2C_as_mni_average_305.4dfp.img
dimensions:      256       256       256
mmppix:       1.0000   -1.0000   -1.0000
center:     128.0000 -129.0000 -129.0000
/opt/freesurfer/average/711-2B_as_mni_average_305_mask.4dfp.img
       256       256       256         1
  1.000000  1.000000  1.000000
orientation T byte_order littleendian
Reading mask: /opt/freesurfer/average/711-2B_as_mni_average_305_mask.4dfp.img (2306576 pixels)
talsrcimg_g11.4dfp.img
       256       256       256         1
  1.000000  1.000000  1.000000
orientation T byte_order littleendian
Reading image: talsrcimg_g11.4dfp.img
dimensions:      256       256       256
mmppix:       1.0000   -1.0000   -1.0000
center:     128.0000 -129.0000 -129.0000
fimgreg.f
image alignment mode   2311 decimal      907 hex
parameters
    1.5226   32.4493    7.4398   -4.6101  -19.1442  -10.0349
   -0.8491   -1.3848   -0.8534   22.6609    3.6379  -30.9067
eta,q 0.97559  9.29139
niter,ni,del,rscale     5    3    5.0000    0.8000
parameters
    1.5379   32.4646    7.4306   -5.2810  -19.0671   -9.8728
   -0.9474   -1.5003   -0.8736   22.6706    3.7198  -30.9306
eta,q 0.97552  9.28021
  0.0260  0.0257  0.0250  0.0254  0.0256  0.0254  0.0256  0.0263  0.0254  0.0260  0.0248  0.0251
  0.0251  0.0250  0.0247  0.0250  0.0250  0.0249  0.0250  0.0254  0.0249  0.0252  0.0246  0.0248
  0.0246  0.0245  0.0245  0.0246  0.0246  0.0246  0.0246  0.0247  0.0246  0.0247  0.0245  0.0246
  0.0244  0.0244  0.0244  0.0244  0.0245  0.0245  0.0245  0.0245  0.0245  0.0245  0.0245  0.0245
  0.0246  0.0246  0.0245  0.0246  0.0246  0.0246  0.0246  0.0247  0.0246  0.0246  0.0245  0.0246
  0.0251  0.0250  0.0247  0.0253  0.0249  0.0248  0.0250  0.0254  0.0249  0.0252  0.0246  0.0248
  0.0260  0.0256  0.0251  0.0265  0.0255  0.0252  0.0257  0.0266  0.0254  0.0260  0.0248  0.0251
niter,ni,del,rscale     4    3    5.0000    0.7000
parameters
    1.5207   32.4605    7.4518   -5.1452  -19.0856   -9.8845
   -0.9365   -1.4718   -0.8692   22.6762    3.7005  -30.8945
eta,q 0.97554  9.28305
  0.0256  0.0254  0.0250  0.0254  0.0253  0.0251  0.0253  0.0260  0.0252  0.0257  0.0247  0.0250
  0.0250  0.0249  0.0247  0.0251  0.0248  0.0247  0.0249  0.0252  0.0248  0.0250  0.0246  0.0247
  0.0246  0.0246  0.0245  0.0248  0.0245  0.0245  0.0246  0.0247  0.0245  0.0246  0.0245  0.0245
  0.0245  0.0245  0.0245  0.0245  0.0245  0.0245  0.0245  0.0245  0.0245  0.0245  0.0245  0.0245
  0.0246  0.0246  0.0245  0.0244  0.0246  0.0246  0.0246  0.0246  0.0245  0.0246  0.0245  0.0245
  0.0250  0.0249  0.0247  0.0248  0.0249  0.0248  0.0248  0.0251  0.0248  0.0250  0.0246  0.0247
  0.0257  0.0254  0.0249  0.0255  0.0253  0.0251  0.0253  0.0260  0.0252  0.0257  0.0247  0.0250
niter,ni,del,rscale     3    3    5.0000    0.6000
parameters
    1.5210   32.4540    7.4558   -4.9245  -19.1119   -9.9401
   -0.9036   -1.4431   -0.8625   22.6633    3.6652  -30.8752
eta,q 0.97557  9.28644
  0.0253  0.0251  0.0248  0.0252  0.0250  0.0249  0.0251  0.0256  0.0250  0.0253  0.0246  0.0248
  0.0248  0.0248  0.0246  0.0250  0.0247  0.0246  0.0247  0.0250  0.0247  0.0248  0.0245  0.0246
  0.0246  0.0245  0.0245  0.0247  0.0245  0.0245  0.0245  0.0246  0.0245  0.0245  0.0245  0.0245
  0.0245  0.0245  0.0245  0.0245  0.0244  0.0244  0.0244  0.0244  0.0244  0.0244  0.0244  0.0244
  0.0246  0.0245  0.0245  0.0244  0.0245  0.0245  0.0245  0.0245  0.0245  0.0245  0.0244  0.0245
  0.0248  0.0248  0.0246  0.0247  0.0247  0.0247  0.0247  0.0249  0.0247  0.0248  0.0245  0.0246
  0.0253  0.0252  0.0248  0.0252  0.0250  0.0249  0.0251  0.0256  0.0250  0.0253  0.0246  0.0248
niter,ni,del,rscale     2    3    5.0000    0.5000
parameters
    1.5219   32.4507    7.4496   -4.7477  -19.1331   -9.9862
   -0.8765   -1.4078   -0.8700   22.6664    3.6555  -30.8894
eta,q 0.97559  9.28940
  0.0250  0.0249  0.0247  0.0251  0.0248  0.0248  0.0249  0.0252  0.0248  0.0250  0.0246  0.0247
  0.0247  0.0247  0.0245  0.0248  0.0246  0.0246  0.0246  0.0248  0.0246  0.0247  0.0245  0.0245
  0.0245  0.0245  0.0245  0.0246  0.0245  0.0244  0.0245  0.0245  0.0245  0.0245  0.0244  0.0245
  0.0244  0.0244  0.0244  0.0244  0.0244  0.0244  0.0244  0.0244  0.0244  0.0244  0.0244  0.0244
  0.0245  0.0245  0.0245  0.0244  0.0245  0.0245  0.0245  0.0245  0.0245  0.0245  0.0244  0.0244
  0.0247  0.0246  0.0245  0.0246  0.0246  0.0246  0.0246  0.0247  0.0246  0.0247  0.0245  0.0245
  0.0250  0.0249  0.0247  0.0250  0.0249  0.0248  0.0249  0.0252  0.0248  0.0250  0.0246  0.0247
niter,ni,del,rscale     1    3    5.0000    0.4000
parameters
    1.5226   32.4521    7.4335   -4.6186  -19.1415  -10.0574
   -0.8380   -1.3809   -0.8732   22.6686    3.6317  -30.9134
eta,q 0.97559  9.29044
  0.0248  0.0247  0.0246  0.0249  0.0247  0.0246  0.0247  0.0249  0.0246  0.0248  0.0245  0.0246
  0.0246  0.0246  0.0245  0.0247  0.0245  0.0245  0.0246  0.0247  0.0245  0.0246  0.0245  0.0245
  0.0245  0.0244  0.0244  0.0245  0.0244  0.0244  0.0244  0.0245  0.0244  0.0245  0.0244  0.0244
  0.0244  0.0244  0.0244  0.0244  0.0244  0.0244  0.0244  0.0244  0.0244  0.0244  0.0244  0.0244
  0.0245  0.0245  0.0244  0.0244  0.0244  0.0244  0.0244  0.0245  0.0244  0.0245  0.0244  0.0244
  0.0246  0.0246  0.0245  0.0246  0.0245  0.0245  0.0245  0.0246  0.0245  0.0246  0.0244  0.0245
  0.0248  0.0247  0.0246  0.0248  0.0247  0.0246  0.0247  0.0249  0.0246  0.0248  0.0245  0.0246
registration optimization eta report
parameter search radius
    0.8000    0.8000    0.8000    2.4000    2.4000    2.4000
    2.4000    2.4000    2.4000    2.4000    2.4000    2.4000
100000*second partial in parameter space
       62.       48.       25.        7.        5.        4.
        5.        9.        4.        7.        2.        3.
  0.0248  0.0247  0.0246  0.0249  0.0247  0.0246  0.0247  0.0249  0.0246  0.0248  0.0245  0.0246
  0.0246  0.0246  0.0245  0.0247  0.0245  0.0245  0.0246  0.0247  0.0245  0.0246  0.0245  0.0245
  0.0245  0.0244  0.0244  0.0245  0.0244  0.0244  0.0244  0.0245  0.0244  0.0245  0.0244  0.0244
  0.0244  0.0244  0.0244  0.0244  0.0244  0.0244  0.0244  0.0244  0.0244  0.0244  0.0244  0.0244
  0.0245  0.0245  0.0244  0.0244  0.0244  0.0244  0.0244  0.0245  0.0244  0.0245  0.0244  0.0244
  0.0246  0.0246  0.0245  0.0246  0.0245  0.0245  0.0245  0.0246  0.0245  0.0246  0.0244  0.0245
  0.0248  0.0247  0.0246  0.0248  0.0247  0.0246  0.0247  0.0249  0.0246  0.0248  0.0245  0.0246
    1.5226   32.4521    7.4335   -4.6186  -19.1415  -10.0574
   -0.8380   -1.3809   -0.8732   22.6686    3.6317  -30.9134
eta,q 0.97559  9.29044

---------------------------------------------------------------------
compute_vox2vox talsrcimg talsrcimg_to_711-2C_as_mni_average_305_t4 /opt/freesurfer/average/711-2C_as_mni_average_305
---------------------------------------------------------------------

freesurfer compute_vox2vox.c
Reading: talsrcimg.4dfp.ifh
Reading: talsrcimg_to_711-2C_as_mni_average_305_t4
Reading: /opt/freesurfer/average/711-2C_as_mni_average_305.4dfp.ifh
Writing: talsrcimg_to_711-2C_as_mni_average_305_t4_vox2vox.txt

start time Tue Mar 10 12:51:34 CET 2026
end		time Tue Mar 10 12:52:59 CET 2026

mpr2mni305 success

avi2talxfm orig_nu.mgz /opt/freesurfer/average/mni305.cor.mgz talsrcimg_to_711-2C_as_mni_average_305_t4_vox2vox.txt transforms/talairach.auto.xfm
avi2talxfm done
mv -f /out/sourcedata/freesurfer/sub-v2s0x29054_ses-1/mri/talsrcimg_to_711-2C_as_mni_average_305_t4_vox2vox.txt /out/sourcedata/freesurfer/sub-v2s0x29054_ses-1/mri/transforms/talsrcimg_to_711-2C_as_mni_average_305_t4_vox2vox.txt
lta_convert --src orig_nu.mgz --trg /opt/freesurfer/average/mni305.cor.mgz --inxfm transforms/talairach.auto.xfm --outlta transforms/talairach.auto.xfm.lta --subject fsaverage
7.3.2

--src: orig_nu.mgz src image (geometry).
--trg: /opt/freesurfer/average/mni305.cor.mgz trg image (geometry).
--inmni: transforms/talairach.auto.xfm input MNI/XFM transform.
--outlta: transforms/talairach.auto.xfm.lta output LTA.
--s: fsaverage subject name
 LTA read, type : 1
 1.04810   0.01218   0.01552  -3.32552;
-0.03505   1.01370   0.38719  -54.52846;
 0.02114  -0.28406   1.12835  -16.24028;
 0.00000   0.00000   0.00000   1.00000;
setting subject to fsaverage
Writing  LTA to file transforms/talairach.auto.xfm.lta...
lta_convert successful.
 
 
Started at Tue Mar 10 12:51:34 CET 2026
Ended   at Tue Mar 10 12:52:59 CET 2026
talairach_avi done
