status file for recon-all
Tue Mar 10 08:00:11 CET 2026
#@# MotionCor Tue Mar 10 08:00:13 CET 2026
#@# Talairach Tue Mar 10 08:00:20 CET 2026
#@# Talairach Failure Detection Tue Mar 10 08:04:47 CET 2026
#@# Nu Intensity Correction Tue Mar 10 08:04:47 CET 2026
#@# Intensity Normalization Tue Mar 10 08:08:05 CET 2026
recon-all -s sub-v2s0x29008_ses-1 finished without error at Tue Mar 10 08:09:48 CET 2026



#New# invocation of recon-all 



status file for recon-all
Tue Mar 10 08:17:20 CET 2026
#@# EM Registration Tue Mar 10 08:17:21 CET 2026
recon-all -s sub-v2s0x29008_ses-1 finished without error at Tue Mar 10 08:19:03 CET 2026



#New# invocation of recon-all 



status file for recon-all
Tue Mar 10 08:19:05 CET 2026
#@# CA Normalize Tue Mar 10 08:19:05 CET 2026
#@# CA Reg Tue Mar 10 08:20:26 CET 2026
#@# SubCort Seg Tue Mar 10 09:13:24 CET 2026
#@# CC Seg Tue Mar 10 09:40:19 CET 2026
#@# Merge ASeg Tue Mar 10 09:40:51 CET 2026
#@# Intensity Normalization2 Tue Mar 10 09:40:51 CET 2026
#@# Mask BFS Tue Mar 10 09:43:11 CET 2026
#@# WM Segmentation Tue Mar 10 09:43:12 CET 2026
#@# Fill Tue Mar 10 09:45:07 CET 2026
recon-all -s sub-v2s0x29008_ses-1 finished without error at Tue Mar 10 09:46:10 CET 2026



#New# invocation of recon-all 



status file for recon-all
Tue Mar 10 10:24:33 CET 2026
#@# white curv lh Tue Mar 10 10:24:33 CET 2026
#@# white area lh Tue Mar 10 10:24:33 CET 2026
#@# pial curv lh Tue Mar 10 10:24:33 CET 2026
#@# pial area lh Tue Mar 10 10:24:33 CET 2026
#@# thickness lh Tue Mar 10 10:24:33 CET 2026
#@# area and vertex vol lh Tue Mar 10 10:24:33 CET 2026
#@# white curv rh Tue Mar 10 10:24:33 CET 2026
#@# white area rh Tue Mar 10 10:24:33 CET 2026
#@# pial curv rh Tue Mar 10 10:24:33 CET 2026
#@# pial area rh Tue Mar 10 10:24:33 CET 2026
#@# thickness rh Tue Mar 10 10:24:33 CET 2026
#@# area and vertex vol rh Tue Mar 10 10:24:33 CET 2026
#@# Cortical ribbon mask Tue Mar 10 10:24:33 CET 2026
recon-all -s sub-v2s0x29008_ses-1 finished without error at Tue Mar 10 10:29:10 CET 2026



#New# invocation of recon-all 



status file for recon-all
Tue Mar 10 10:35:05 CET 2026
#@# white curv lh Tue Mar 10 10:35:05 CET 2026
#@# white area lh Tue Mar 10 10:35:05 CET 2026
#@# pial curv lh Tue Mar 10 10:35:05 CET 2026
#@# pial area lh Tue Mar 10 10:35:05 CET 2026
#@# thickness lh Tue Mar 10 10:35:05 CET 2026
#@# area and vertex vol lh Tue Mar 10 10:35:05 CET 2026
#@# white curv rh Tue Mar 10 10:35:05 CET 2026
#@# white area rh Tue Mar 10 10:35:05 CET 2026
#@# pial curv rh Tue Mar 10 10:35:05 CET 2026
#@# pial area rh Tue Mar 10 10:35:05 CET 2026
#@# thickness rh Tue Mar 10 10:35:05 CET 2026
#@# area and vertex vol rh Tue Mar 10 10:35:05 CET 2026
#@# Curvature Stats lh Tue Mar 10 10:35:05 CET 2026
#@# Curvature Stats rh Tue Mar 10 10:35:07 CET 2026
#@# Relabel Hypointensities Tue Mar 10 10:35:10 CET 2026
#@# APas-to-ASeg Tue Mar 10 10:35:23 CET 2026
#@# AParc-to-ASeg aparc Tue Mar 10 10:35:31 CET 2026
#@# AParc-to-ASeg aparc.a2009s Tue Mar 10 10:35:54 CET 2026
#@# AParc-to-ASeg aparc.DKTatlas Tue Mar 10 10:36:19 CET 2026
#@# WMParc Tue Mar 10 10:36:45 CET 2026
#@# ASeg Stats Tue Mar 10 10:41:45 CET 2026
recon-all -s sub-v2s0x29008_ses-1 finished without error at Tue Mar 10 10:42:27 CET 2026
