status file for recon-all
Tue Mar 10 10:06:09 CET 2026
#@# Tessellate rh Tue Mar 10 10:06:09 CET 2026
#@# Smooth1 rh Tue Mar 10 10:06:12 CET 2026
#@# Inflation1 rh Tue Mar 10 10:06:15 CET 2026
#@# QSphere rh Tue Mar 10 10:06:26 CET 2026
#@# Fix Topology rh Tue Mar 10 10:07:26 CET 2026
#@# Smooth2 rh Tue Mar 10 10:12:13 CET 2026
#@# Inflation2 rh Tue Mar 10 10:12:16 CET 2026
#@# Curv .H and .K rh Tue Mar 10 10:12:29 CET 2026
#@# Sphere rh Tue Mar 10 10:13:12 CET 2026
#@# Surf Reg rh Tue Mar 10 10:14:48 CET 2026
#@# Jacobian white rh Tue Mar 10 10:17:59 CET 2026
#@# AvgCurv rh Tue Mar 10 10:18:00 CET 2026
#@# Cortical Parc rh Tue Mar 10 10:18:01 CET 2026
#@# white curv rh Tue Mar 10 10:23:31 CET 2026
#@# white area rh Tue Mar 10 10:23:32 CET 2026
#@# pial curv rh Tue Mar 10 10:23:33 CET 2026
#@# pial area rh Tue Mar 10 10:23:34 CET 2026
#@# thickness rh Tue Mar 10 10:23:35 CET 2026
#@# area and vertex vol rh Tue Mar 10 10:24:01 CET 2026
#@# Curvature Stats rh Tue Mar 10 10:24:03 CET 2026
#@# Cortical Parc 2 rh Tue Mar 10 10:24:05 CET 2026
#@# Cortical Parc 3 rh Tue Mar 10 10:24:17 CET 2026
#@# WM/GM Contrast rh Tue Mar 10 10:24:26 CET 2026
recon-all -s sub-v2s0x29008_ses-1 finished without error at Tue Mar 10 10:24:29 CET 2026



#New# invocation of recon-all 



status file for recon-all
Tue Mar 10 10:32:07 CET 2026
#@# white curv rh Tue Mar 10 10:32:07 CET 2026
#@# white area rh Tue Mar 10 10:32:07 CET 2026
#@# pial curv rh Tue Mar 10 10:32:07 CET 2026
#@# pial area rh Tue Mar 10 10:32:07 CET 2026
#@# thickness rh Tue Mar 10 10:32:07 CET 2026
#@# area and vertex vol rh Tue Mar 10 10:32:07 CET 2026
#@# Parcellation Stats rh Tue Mar 10 10:32:07 CET 2026
#@# Parcellation Stats 2 rh Tue Mar 10 10:32:23 CET 2026
#@# Parcellation Stats 3 rh Tue Mar 10 10:32:31 CET 2026
#@# BA_exvivo Labels rh Tue Mar 10 10:32:39 CET 2026
recon-all -s sub-v2s0x29008_ses-1 finished without error at Tue Mar 10 10:35:02 CET 2026
