/out/sourcedata/freesurfer/sub-v2s0x29021_ses-1/mri
/opt/freesurfer/bin/talairach_avi
--i orig_nu.mgz --xfm transforms/talairach.auto.xfm
talairach_avi 7.3.2
Linux dna014 5.14.0-427.37.1.el9_4.x86_64 #1 SMP PREEMPT_DYNAMIC Fri Sep 13 12:41:50 EDT 2024 x86_64 x86_64 x86_64 GNU/Linux
Tue Mar 10 08:44:31 CET 2026
mri_convert orig_nu.mgz talsrcimg.img 
reading from orig_nu.mgz...
TR=0.00, TE=0.00, TI=0.00, flip angle=0.00
i_ras = (-1, 0, 0)
j_ras = (0, 0, -1)
k_ras = (0, 1, 0)
writing to talsrcimg.img...
Analyze Output Matrix
-1.00000   0.00000   0.00000   129.77406;
 0.00000   0.00000   1.00000  -90.62082;
 0.00000  -1.00000   0.00000   126.46828;
 0.00000   0.00000   0.00000   1.00000;
--------------------
INFO: set hdr.hist.orient to -1
mpr2mni305 talsrcimg
Tue Mar 10 08:44:31 CET 2026
/opt/freesurfer/bin/mpr2mni305 talsrcimg
mpr2mni305 7.3.2
target=711-2C_as_mni_average_305

---------------------------------------------------------------------
analyzeto4dfp talsrcimg -O0 -y
---------------------------------------------------------------------

freesurfer ifh2hdr.c
Tue Mar 10 08:44:32 2026
Writing: talsrcimg.4dfp.hdr
freesurfer analyzeto4dfp.c
Reading: talsrcimg.hdr
header size 348 bytes
hdr.dime.datatype	offset=70	value=2
hdr.dime.bitpix		offset=72	value=8
hdr.hist.orient		offset=252	value=-1
dimensionality     4
dimensions       256       256       256         1
Reading: talsrcimg.img
Writing: talsrcimg.4dfp.img
Writing: talsrcimg.4dfp.ifh
ifh2hdr talsrcimg -r0to253
ori=2

---------------------------------------------------------------------
gauss_4dfp talsrcimg 1.1
---------------------------------------------------------------------

freesurfer gauss_4dfp.c
Reading: talsrcimg.4dfp.img
Writing: talsrcimg_g11.4dfp.img
image dimensions 256 256 256 padded to 288 288 288
processing volume 1freesurfer ifh2hdr.c
Tue Mar 10 08:44:33 2026
Writing: talsrcimg_g11.4dfp.hdr

Writing: talsrcimg_g11.4dfp.ifh
including: talsrcimg.4dfp.img.rec in talsrcimg_g11.4dfp.img.rec

---------------------------------------------------------------------
imgreg_4dfp /opt/freesurfer/average/711-2C_as_mni_average_305 none talsrcimg_g11 none talsrcimg_to_711-2C_as_mni_average_305_t4 4355
---------------------------------------------------------------------

freesurfer imgreg_4dfp.c
/opt/freesurfer/average/711-2C_as_mni_average_305.4dfp.img
       256       256       256         1
  1.000000  1.000000  1.000000
orientation T byte_order littleendian
Reading image: /opt/freesurfer/average/711-2C_as_mni_average_305.4dfp.img
dimensions:      256       256       256
mmppix:       1.0000   -1.0000   -1.0000
center:     128.0000 -129.0000 -129.0000
talsrcimg_g11.4dfp.img
       256       256       256         1
  1.000000  1.000000  1.000000
orientation T byte_order littleendian
Reading image: talsrcimg_g11.4dfp.img
dimensions:      256       256       256
mmppix:       1.0000   -1.0000   -1.0000
center:     128.0000 -129.0000 -129.0000
t4_read: open error in t4_sub.f l:  41 t4_file(1:l)talsrcimg_to_711-2C_as_mni_average_305_t4 
t4_read: transform initialized to I4
rotation matrix determinant  1.000000
image alignment mode   4355 decimal     1103 hex
   -7.5000  -45.0000  -45.0000 5881.9995   12.7231
    0.0000  -45.0000  -45.0000 6151.2290   12.6981
    7.5000  -45.0000  -45.0000 5891.2104   12.6951
   -7.5000  -37.5000  -45.0000 6489.1401   12.3880
    0.0000  -37.5000  -45.0000 6782.0181   12.3560
    7.5000  -37.5000  -45.0000 6477.7017   12.3539
   -7.5000  -30.0000  -45.0000 7397.8047   12.1217
    0.0000  -30.0000  -45.0000 7722.1553   12.0932
    7.5000  -30.0000  -45.0000 7347.4155   12.0907
   -7.5000  -22.5000  -45.0000 8338.9121   11.9629
    0.0000  -22.5000  -45.0000 8716.6699   11.9453
    7.5000  -22.5000  -45.0000 8283.8496   11.9414
   -7.5000  -15.0000  -45.0000 9328.1426   11.9654
    0.0000  -15.0000  -45.0000 9744.6953   11.9560
    7.5000  -15.0000  -45.0000 9253.6914   11.9518
   -7.5000   -7.5000  -45.000010304.2529   11.9766
    0.0000   -7.5000  -45.000010771.4170   11.9648
    7.5000   -7.5000  -45.000010201.3721   11.9620
   -7.5000    0.0000  -45.000011216.9131   11.9758
    0.0000    0.0000  -45.000011731.0254   11.9543
    7.5000    0.0000  -45.000011093.2324   11.9532
   -7.5000    7.5000  -45.000011168.5879   11.9632
    0.0000    7.5000  -45.000011679.7207   11.9340
    7.5000    7.5000  -45.000011030.4072   11.9331
   -7.5000   15.0000  -45.000010993.0059   11.9500
    0.0000   15.0000  -45.000011480.9150   11.9224
    7.5000   15.0000  -45.000010811.4717   11.9201
   -7.5000   22.5000  -45.000010765.5088   11.9498
    0.0000   22.5000  -45.000011246.2910   11.9322
    7.5000   22.5000  -45.000010587.5703   11.9284
   -7.5000   30.0000  -45.000010511.8291   11.8060
    0.0000   30.0000  -45.000011002.6738   11.7967
    7.5000   30.0000  -45.000010351.0908   11.7925
   -7.5000   37.5000  -45.000010592.8955   11.8170
    0.0000   37.5000  -45.000011103.3594   11.8054
    7.5000   37.5000  -45.000010434.9658   11.8026
   -7.5000   45.0000  -45.000010153.3984   11.5162
    0.0000   45.0000  -45.000010636.3555   11.4955
    7.5000   45.0000  -45.0000 9967.0742   11.4945
   -7.5000  -45.0000  -37.5000 6216.6216   12.6485
    0.0000  -45.0000  -37.5000 6501.1899   12.6210
    7.5000  -45.0000  -37.5000 6201.4849   12.6205
   -7.5000  -37.5000  -37.5000 6858.9683   12.3165
    0.0000  -37.5000  -37.5000 7156.1333   12.2819
    7.5000  -37.5000  -37.5000 6811.5723   12.2811
   -7.5000  -30.0000  -37.5000 7823.0786   12.0552
    0.0000  -30.0000  -37.5000 8149.4600   12.0226
    7.5000  -30.0000  -37.5000 7745.1050   12.0202
   -7.5000  -22.5000  -37.5000 8851.6680   11.8973
    0.0000  -22.5000  -37.5000 9230.9746   11.8743
    7.5000  -22.5000  -37.5000 8764.0293   11.8709
   -7.5000  -15.0000  -37.5000 9892.8369   11.8983
    0.0000  -15.0000  -37.500010330.1299   11.8836
    7.5000  -15.0000  -37.5000 9788.9277   11.8812
   -7.5000   -7.5000  -37.500010927.5801   11.9086
    0.0000   -7.5000  -37.500011405.1553   11.8930
    7.5000   -7.5000  -37.500010808.4697   11.8928
   -7.5000    0.0000  -37.500011895.6416   11.9085
    0.0000    0.0000  -37.500012429.2178   11.8846
    7.5000    0.0000  -37.500011764.4844   11.8857
   -7.5000    7.5000  -37.500011872.4727   11.8979
    0.0000    7.5000  -37.500012373.5361   11.8661
    7.5000    7.5000  -37.500011709.4658   11.8660
   -7.5000   15.0000  -37.500011679.8740   11.8856
    0.0000   15.0000  -37.500012162.7871   11.8539
    7.5000   15.0000  -37.500011491.9980   11.8517
   -7.5000   22.5000  -37.500011408.8799   11.8843
    0.0000   22.5000  -37.500011902.5859   11.8614
    7.5000   22.5000  -37.500011216.4648   11.8582
   -7.5000   30.0000  -37.500011093.3828   11.7397
    0.0000   30.0000  -37.500011591.8955   11.7253
    7.5000   30.0000  -37.500010924.0615   11.7228
   -7.5000   37.5000  -37.500011161.7666   11.7499
    0.0000   37.5000  -37.500011674.6768   11.7346
    7.5000   37.5000  -37.500010990.7324   11.7343
   -7.5000   45.0000  -37.500010686.3955   11.4515
    0.0000   45.0000  -37.500011168.1572   11.4285
    7.5000   45.0000  -37.500010490.4297   11.4295
   -7.5000  -45.0000  -30.0000 6655.2495   13.1880
    0.0000  -45.0000  -30.0000 6944.3184   13.1582
    7.5000  -45.0000  -30.0000 6619.2988   13.1618
   -7.5000  -37.5000  -30.0000 7367.5532   12.8404
    0.0000  -37.5000  -30.0000 7678.6440   12.8031
    7.5000  -37.5000  -30.0000 7302.7280   12.8048
   -7.5000  -30.0000  -30.0000 8417.4551   12.5684
    0.0000  -30.0000  -30.0000 8764.5508   12.5310
    7.5000  -30.0000  -30.0000 8333.5977   12.5296
   -7.5000  -22.5000  -30.0000 9543.7100   12.4039
    0.0000  -22.5000  -30.0000 9931.1455   12.3744
    7.5000  -22.5000  -30.0000 9433.3398   12.3721
   -7.5000  -15.0000  -30.000010654.5195   12.4042
    0.0000  -15.0000  -30.000011101.2969   12.3829
    7.5000  -15.0000  -30.000010539.3584   12.3827
   -7.5000   -7.5000  -30.000011750.9092   12.4146
    0.0000   -7.5000  -30.000012242.5283   12.3946
    7.5000   -7.5000  -30.000011625.5625   12.3979
   -7.5000    0.0000  -30.000012807.8691   12.4149
    0.0000    0.0000  -30.000013348.9482   12.3885
    7.5000    0.0000  -30.000012655.7988   12.3930
   -7.5000    7.5000  -30.000012779.0801   12.4041
    0.0000    7.5000  -30.000013304.7549   12.3696
    7.5000    7.5000  -30.000012615.2393   12.3717
   -7.5000   15.0000  -30.000012564.9111   12.3919
    0.0000   15.0000  -30.000013068.9307   12.3555
    7.5000   15.0000  -30.000012360.4395   12.3543
   -7.5000   22.5000  -30.000012275.5791   12.3892
    0.0000   22.5000  -30.000012788.9668   12.3598
    7.5000   22.5000  -30.000012032.9102   12.3575
   -7.5000   30.0000  -30.000011897.7402   12.2401
    0.0000   30.0000  -30.000012413.7705   12.2191
    7.5000   30.0000  -30.000011693.5117   12.2189
   -7.5000   37.5000  -30.000011955.7979   12.2504
    0.0000   37.5000  -30.000012482.6592   12.2305
    7.5000   37.5000  -30.000011755.7041   12.2338
   -7.5000   45.0000  -30.000011434.6572   11.9471
    0.0000   45.0000  -30.000011904.5635   11.9217
    7.5000   45.0000  -30.000011204.5752   11.9261
   -7.5000  -45.0000  -22.5000 7101.0996   13.6523
    0.0000  -45.0000  -22.5000 7387.8789   13.6239
    7.5000  -45.0000  -22.5000 7048.2012   13.6280
   -7.5000  -37.5000  -22.5000 7900.8066   13.2918
    0.0000  -37.5000  -22.5000 8220.8867   13.2556
    7.5000  -37.5000  -22.5000 7813.9053   13.2577
   -7.5000  -30.0000  -22.5000 9041.8184   13.0092
    0.0000  -30.0000  -22.5000 9424.3340   12.9725
    7.5000  -30.0000  -22.5000 8930.7197   12.9712
   -7.5000  -22.5000  -22.500010240.2549   12.8408
    0.0000  -22.5000  -22.500010655.2705   12.8111
    7.5000  -22.5000  -22.500010089.7002   12.8084
   -7.5000  -15.0000  -22.500011401.9316   12.8419
    0.0000  -15.0000  -22.500011860.2842   12.8200
    7.5000  -15.0000  -22.500011268.9521   12.8193
   -7.5000   -7.5000  -22.500012553.6523   12.8527
    0.0000   -7.5000  -22.500013069.3535   12.8325
    7.5000   -7.5000  -22.500012417.9502   12.8356
   -7.5000    0.0000  -22.500013703.9941   12.8515
    0.0000    0.0000  -22.500014233.2168   12.8260
    7.5000    0.0000  -22.500013513.5146   12.8306
   -7.5000    7.5000  -22.500013688.5049   12.8388
    0.0000    7.5000  -22.500014229.5039   12.8054
    7.5000    7.5000  -22.500013499.3203   12.8078
   -7.5000   15.0000  -22.500013452.2041   12.8266
    0.0000   15.0000  -22.500013983.0830   12.7909
    7.5000   15.0000  -22.500013218.9277   12.7898
   -7.5000   22.5000  -22.500013131.0488   12.8247
    0.0000   22.5000  -22.500013644.7812   12.7951
    7.5000   22.5000  -22.500012849.2275   12.7924
   -7.5000   30.0000  -22.500012752.9932   12.6739
    0.0000   30.0000  -22.500013258.2188   12.6524
    7.5000   30.0000  -22.500012458.5537   12.6516
   -7.5000   37.5000  -22.500012792.2734   12.6845
    0.0000   37.5000  -22.500013317.1914   12.6647
    7.5000   37.5000  -22.500012526.4268   12.6677
   -7.5000   45.0000  -22.500012198.3535   12.3766
    0.0000   45.0000  -22.500012655.0762   12.3521
    7.5000   45.0000  -22.500011903.2598   12.3565
   -7.5000  -45.0000  -15.0000 7542.1606   13.9736
    0.0000  -45.0000  -15.0000 7855.3149   13.9482
    7.5000  -45.0000  -15.0000 7491.8110   13.9491
   -7.5000  -37.5000  -15.0000 8400.8711   13.6051
    0.0000  -37.5000  -15.0000 8751.8428   13.5716
    7.5000  -37.5000  -15.0000 8315.6592   13.5721
   -7.5000  -30.0000  -15.0000 9614.5410   13.3148
    0.0000  -30.0000  -15.000010025.1855   13.2821
    7.5000  -30.0000  -15.0000 9511.1816   13.2805
   -7.5000  -22.5000  -15.000010868.0127   13.1449
    0.0000  -22.5000  -15.000011311.1201   13.1209
    7.5000  -22.5000  -15.000010738.6084   13.1173
   -7.5000  -15.0000  -15.000012079.6895   13.1481
    0.0000  -15.0000  -15.000012571.1738   13.1319
    7.5000  -15.0000  -15.000011969.1475   13.1291
   -7.5000   -7.5000  -15.000013318.7637   13.1590
    0.0000   -7.5000  -15.000013849.2402   13.1431
    7.5000   -7.5000  -15.000013166.1094   13.1432
   -7.5000    0.0000  -15.000014588.1357   13.1556
    0.0000    0.0000  -15.000015121.0039   13.1328
    7.5000    0.0000  -15.000014355.4941   13.1347
   -7.5000    7.5000  -15.000014641.5039   13.1400
    0.0000    7.5000  -15.000015178.9346   13.1094
    7.5000    7.5000  -15.000014388.9502   13.1106
   -7.5000   15.0000  -15.000014384.5908   13.1278
    0.0000   15.0000  -15.000014916.6924   13.0963
    7.5000   15.0000  -15.000014075.5352   13.0948
   -7.5000   22.5000  -15.000014020.9775   13.1279
    0.0000   22.5000  -15.000014469.3115   13.1038
    7.5000   22.5000  -15.000013630.2793   13.1002
   -7.5000   30.0000  -15.000013596.0049   12.9780
    0.0000   30.0000  -15.000014037.5537   12.9620
    7.5000   30.0000  -15.000013205.2656   12.9592
   -7.5000   37.5000  -15.000013647.1934   12.9887
    0.0000   37.5000  -15.000014130.0771   12.9730
    7.5000   37.5000  -15.000013301.2998   12.9731
   -7.5000   45.0000  -15.000012949.1455   12.6772
    0.0000   45.0000  -15.000013396.1074   12.6552
    7.5000   45.0000  -15.000012627.1152   12.6570
   -7.5000  -45.0000   -7.5000 7944.2896   14.1148
    0.0000  -45.0000   -7.5000 8294.9932   14.0896
    7.5000  -45.0000   -7.5000 7887.0356   14.0874
   -7.5000  -37.5000   -7.5000 8908.7979   13.7450
    0.0000  -37.5000   -7.5000 9299.2783   13.7116
    7.5000  -37.5000   -7.5000 8816.8975   13.7104
   -7.5000  -30.0000   -7.500010231.3604   13.4516
    0.0000  -30.0000   -7.500010657.9922   13.4216
    7.5000  -30.0000   -7.500010116.1143   13.4196
   -7.5000  -22.5000   -7.500011535.7969   13.2796
    0.0000  -22.5000   -7.500012004.8594   13.2607
    7.5000  -22.5000   -7.500011405.3398   13.2568
   -7.5000  -15.0000   -7.500012764.5068   13.2832
    0.0000  -15.0000   -7.500013325.0654   13.2728
    7.5000  -15.0000   -7.500012659.2900   13.2686
   -7.5000   -7.5000   -7.500014048.9473   13.2943
    0.0000   -7.5000   -7.500014641.1152   13.2818
    7.5000   -7.5000   -7.500013885.7061   13.2794
   -7.5000    0.0000   -7.500015406.7969   13.2910
    0.0000    0.0000   -7.500015997.9971   13.2689
    7.5000    0.0000   -7.500015141.5244   13.2684
   -7.5000    7.5000   -7.500015579.6377   13.2754
    0.0000    7.5000   -7.500016220.1445   13.2452
    7.5000    7.5000   -7.500015264.0273   13.2451
   -7.5000   15.0000   -7.500015419.2344   13.2625
    0.0000   15.0000   -7.500016007.9033   13.2335
    7.5000   15.0000   -7.500015045.7129   13.2317
   -7.5000   22.5000   -7.500014972.4004   13.2609
    0.0000   22.5000   -7.500015403.4648   13.2419
    7.5000   22.5000   -7.500014548.0762   13.2381
   -7.5000   30.0000   -7.500014471.9531   13.1109
    0.0000   30.0000   -7.500014870.8086   13.1006
    7.5000   30.0000   -7.500014067.0059   13.0965
   -7.5000   37.5000   -7.500014545.7041   13.1219
    0.0000   37.5000   -7.500014999.6426   13.1096
    7.5000   37.5000   -7.500014166.0547   13.1072
   -7.5000   45.0000   -7.500013783.1016   12.8101
    0.0000   45.0000   -7.500014265.7979   12.7887
    7.5000   45.0000   -7.500013451.9365   12.7882
   -7.5000  -45.0000    0.0000 8281.1855   14.1309
    0.0000  -45.0000    0.0000 8651.2471   14.1031
    7.5000  -45.0000    0.0000 8213.2598   14.0999
   -7.5000  -37.5000    0.0000 9303.6943   13.7619
    0.0000  -37.5000    0.0000 9742.0078   13.7264
    7.5000  -37.5000    0.0000 9223.8379   13.7242
   -7.5000  -30.0000    0.000010681.3525   13.4689
    0.0000  -30.0000    0.000011184.2500   13.4376
    7.5000  -30.0000    0.000010581.8340   13.4350
   -7.5000  -22.5000    0.000012054.9814   13.2940
    0.0000  -22.5000    0.000012607.4658   13.2748
    7.5000  -22.5000    0.000011931.9570   13.2707
   -7.5000  -15.0000    0.000013396.1875   13.2964
    0.0000  -15.0000    0.000014019.2529   13.2862
    7.5000  -15.0000    0.000013249.6484   13.2818
   -7.5000   -7.5000    0.000014705.8555   13.3081
    0.0000   -7.5000    0.000015330.7764   13.2950
    7.5000   -7.5000    0.000014499.1016   13.2921
   -7.5000    0.0000    0.000016028.7002   13.3068
    0.0000    0.0000    0.000016629.0977   13.2829
    7.5000    0.0000    0.000015731.4443   13.2818
   -7.5000    7.5000    0.000016268.8887   13.2932
    0.0000    7.5000    0.000017016.9648   13.2610
    7.5000    7.5000    0.000015941.9951   13.2600
   -7.5000   15.0000    0.000016342.1406   13.2794
    0.0000   15.0000    0.000017098.1250   13.2491
    7.5000   15.0000    0.000015997.3682   13.2467
   -7.5000   22.5000    0.000016004.0166   13.2753
    0.0000   22.5000    0.000016600.3340   13.2561
    7.5000   22.5000    0.000015629.8125   13.2521
   -7.5000   30.0000    0.000015449.3975   13.1243
    0.0000   30.0000    0.000016003.8594   13.1143
    7.5000   30.0000    0.000015057.8691   13.1099
   -7.5000   37.5000    0.000015407.2383   13.1359
    0.0000   37.5000    0.000016031.8916   13.1230
    7.5000   37.5000    0.000015038.1738   13.1201
   -7.5000   45.0000    0.000014524.6221   12.8262
    0.0000   45.0000    0.000015151.3867   12.8031
    7.5000   45.0000    0.000014190.7168   12.8021
   -7.5000  -45.0000    7.5000 7951.6572   14.1423
    0.0000  -45.0000    7.5000 8347.4854   14.1117
    7.5000  -45.0000    7.5000 7887.4229   14.1113
   -7.5000  -37.5000    7.5000 8995.6006   13.7714
    0.0000  -37.5000    7.5000 9460.6748   13.7329
    7.5000  -37.5000    7.5000 8922.7158   13.7321
   -7.5000  -30.0000    7.500010343.0732   13.4794
    0.0000  -30.0000    7.500010832.5352   13.4430
    7.5000  -30.0000    7.500010243.8115   13.4406
   -7.5000  -22.5000    7.500011679.3643   13.3030
    0.0000  -22.5000    7.500012170.6240   13.2773
    7.5000  -22.5000    7.500011542.2197   13.2738
   -7.5000  -15.0000    7.500012973.8652   13.3041
    0.0000  -15.0000    7.500013521.4326   13.2878
    7.5000  -15.0000    7.500012823.1768   13.2852
   -7.5000   -7.5000    7.500014204.6680   13.3157
    0.0000   -7.5000    7.500014777.4697   13.2983
    7.5000   -7.5000    7.500014027.1973   13.2983
   -7.5000    0.0000    7.500015423.9150   13.3156
    0.0000    0.0000    7.500016054.1172   13.2889
    7.5000    0.0000    7.500015175.5420   13.2904
   -7.5000    7.5000    7.500015698.5527   13.3037
    0.0000    7.5000    7.500016485.7988   13.2683
    7.5000    7.5000    7.500015403.8896   13.2684
   -7.5000   15.0000    7.500015877.8184   13.2899
    0.0000   15.0000    7.500016807.3379   13.2545
    7.5000   15.0000    7.500015546.0195   13.2523
   -7.5000   22.5000    7.500015627.8994   13.2842
    0.0000   22.5000    7.500016591.4668   13.2586
    7.5000   22.5000    7.500015327.3555   13.2552
   -7.5000   30.0000    7.500015119.7842   13.1319
    0.0000   30.0000    7.500016010.3613   13.1158
    7.5000   30.0000    7.500014776.5576   13.1133
   -7.5000   37.5000    7.500015003.4814   13.1433
    0.0000   37.5000    7.500015829.0059   13.1262
    7.5000   37.5000    7.500014652.2422   13.1262
   -7.5000   45.0000    7.500014047.7549   12.8347
    0.0000   45.0000    7.500014759.6836   12.8090
    7.5000   45.0000    7.500013752.9375   12.8104
   -7.5000  -45.0000   15.0000 7555.1553   14.1618
    0.0000  -45.0000   15.0000 7932.8389   14.1297
    7.5000  -45.0000   15.0000 7481.7256   14.1336
   -7.5000  -37.5000   15.0000 8565.8623   13.7884
    0.0000  -37.5000   15.0000 9003.2920   13.7484
    7.5000  -37.5000   15.0000 8480.7197   13.7503
   -7.5000  -30.0000   15.0000 9835.2432   13.4964
    0.0000  -30.0000   15.000010307.6797   13.4562
    7.5000  -30.0000   15.0000 9724.4922   13.4547
   -7.5000  -22.5000   15.000011115.4473   13.3197
    0.0000  -22.5000   15.000011613.6250   13.2880
    7.5000  -22.5000   15.000010989.6982   13.2856
   -7.5000  -15.0000   15.000012375.0557   13.3201
    0.0000  -15.0000   15.000012930.0439   13.2972
    7.5000  -15.0000   15.000012247.9844   13.2970
   -7.5000   -7.5000   15.000013573.4326   13.3313
    0.0000   -7.5000   15.000014180.1201   13.3097
    7.5000   -7.5000   15.000013420.5176   13.3133
   -7.5000    0.0000   15.000014758.4844   13.3315
    0.0000    0.0000   15.000015444.1406   13.3031
    7.5000    0.0000   15.000014564.5332   13.3081
   -7.5000    7.5000   15.000015010.2012   13.3200
    0.0000    7.5000   15.000015774.9326   13.2829
    7.5000    7.5000   15.000014723.6279   13.2852
   -7.5000   15.0000   15.000014961.4326   13.3068
    0.0000   15.0000   15.000015784.7305   13.2677
    7.5000   15.0000   15.000014764.7510   13.2664
   -7.5000   22.5000   15.000014560.5342   13.3010
    0.0000   22.5000   15.000015371.9912   13.2694
    7.5000   22.5000   15.000014473.2295   13.2670
   -7.5000   30.0000   15.000014141.3516   13.1477
    0.0000   30.0000   15.000014874.5049   13.1251
    7.5000   30.0000   15.000013971.2461   13.1249
   -7.5000   37.5000   15.000014176.8037   13.1587
    0.0000   37.5000   15.000014855.4805   13.1374
    7.5000   37.5000   15.000013917.1035   13.1410
   -7.5000   45.0000   15.000013340.3633   12.8500
    0.0000   45.0000   15.000013943.5586   12.8227
    7.5000   45.0000   15.000013112.0225   12.8274
   -7.5000  -45.0000   22.5000 7030.9546   14.2038
    0.0000  -45.0000   22.5000 7379.0356   14.1741
    7.5000  -45.0000   22.5000 6958.4429   14.1783
   -7.5000  -37.5000   22.5000 8001.8403   13.8278
    0.0000  -37.5000   22.5000 8411.6719   13.7902
    7.5000  -37.5000   22.5000 7922.0249   13.7923
   -7.5000  -30.0000   22.5000 9217.0010   13.5333
    0.0000  -30.0000   22.5000 9686.7598   13.4950
    7.5000  -30.0000   22.5000 9125.9053   13.4936
   -7.5000  -22.5000   22.500010442.1523   13.3577
    0.0000  -22.5000   22.500010939.6191   13.3268
    7.5000  -22.5000   22.500010329.2285   13.3238
   -7.5000  -15.0000   22.500011643.3701   13.3589
    0.0000  -15.0000   22.500012161.6025   13.3361
    7.5000  -15.0000   22.500011490.1875   13.3352
   -7.5000   -7.5000   22.500012746.2998   13.3700
    0.0000   -7.5000   22.500013287.8613   13.3491
    7.5000   -7.5000   22.500012583.0537   13.3522
   -7.5000    0.0000   22.500013856.2119   13.3688
    0.0000    0.0000   22.500014438.0762   13.3423
    7.5000    0.0000   22.500013646.1133   13.3470
   -7.5000    7.5000   22.500014008.2305   13.3556
    0.0000    7.5000   22.500014645.3994   13.3208
    7.5000    7.5000   22.500013762.4336   13.3232
   -7.5000   15.0000   22.500013767.0752   13.3429
    0.0000   15.0000   22.500014448.6152   13.3057
    7.5000   15.0000   22.500013710.0947   13.3045
   -7.5000   22.5000   22.500013359.9219   13.3389
    0.0000   22.5000   22.500013983.1162   13.3081
    7.5000   22.5000   22.500013387.3506   13.3051
   -7.5000   30.0000   22.500013051.0645   13.1860
    0.0000   30.0000   22.500013593.0420   13.1635
    7.5000   30.0000   22.500012941.2158   13.1626
   -7.5000   37.5000   22.500013171.8203   13.1970
    0.0000   37.5000   22.500013696.2334   13.1763
    7.5000   37.5000   22.500012955.3994   13.1794
   -7.5000   45.0000   22.500012508.8975   12.8860
    0.0000   45.0000   22.500012999.8516   12.8604
    7.5000   45.0000   22.500012314.3037   12.8650
   -7.5000  -45.0000   30.0000 6527.8726   14.3821
    0.0000  -45.0000   30.0000 6815.3140   14.3551
    7.5000  -45.0000   30.0000 6403.1187   14.3562
   -7.5000  -37.5000   30.0000 7419.8286   13.9974
    0.0000  -37.5000   30.0000 7761.9692   13.9620
    7.5000  -37.5000   30.0000 7288.8716   13.9623
   -7.5000  -30.0000   30.0000 8558.3066   13.6942
    0.0000  -30.0000   30.0000 8945.6582   13.6597
    7.5000  -30.0000   30.0000 8427.8281   13.6578
   -7.5000  -22.5000   30.0000 9711.7783   13.5166
    0.0000  -22.5000   30.000010089.8398   13.4912
    7.5000  -22.5000   30.0000 9539.3672   13.4874
   -7.5000  -15.0000   30.000010809.8105   13.5198
    0.0000  -15.0000   30.000011212.3867   13.5026
    7.5000  -15.0000   30.000010616.1719   13.4997
   -7.5000   -7.5000   30.000011840.2441   13.5313
    0.0000   -7.5000   30.000012258.0244   13.5144
    7.5000   -7.5000   30.000011625.9072   13.5146
   -7.5000    0.0000   30.000012897.8066   13.5281
    0.0000    0.0000   30.000013373.1826   13.5039
    7.5000    0.0000   30.000012644.8086   13.5060
   -7.5000    7.5000   30.000012945.1445   13.5121
    0.0000    7.5000   30.000013478.8779   13.4797
    7.5000    7.5000   30.000012751.9248   13.4808
   -7.5000   15.0000   30.000012662.2432   13.4992
    0.0000   15.0000   30.000013208.9375   13.4658
    7.5000   15.0000   30.000012628.9688   13.4641
   -7.5000   22.5000   30.000012331.0547   13.4975
    0.0000   22.5000   30.000012818.6709   13.4720
    7.5000   22.5000   30.000012289.0615   13.4682
   -7.5000   30.0000   30.000012065.9463   13.3448
    0.0000   30.0000   30.000012506.4404   13.3279
    7.5000   30.0000   30.000011921.8662   13.3250
   -7.5000   37.5000   30.000012189.2441   13.3561
    0.0000   37.5000   30.000012624.3555   13.3395
    7.5000   37.5000   30.000011989.9033   13.3397
   -7.5000   45.0000   30.000011616.2314   13.0396
    0.0000   45.0000   30.000012051.4463   13.0162
    7.5000   45.0000   30.000011440.0693   13.0182
   -7.5000  -45.0000   37.5000 6309.4019   14.6805
    0.0000  -45.0000   37.5000 6532.7036   14.6522
    7.5000  -45.0000   37.5000 6147.5996   14.6505
   -7.5000  -37.5000   37.5000 7139.0469   14.2852
    0.0000  -37.5000   37.5000 7397.9463   14.2484
    7.5000  -37.5000   37.5000 6963.5259   14.2473
   -7.5000  -30.0000   37.5000 8201.8750   13.9707
    0.0000  -30.0000   37.5000 8512.7451   13.9377
    7.5000  -30.0000   37.5000 8048.2827   13.9356
   -7.5000  -22.5000   37.5000 9316.6475   13.7833
    0.0000  -22.5000   37.5000 9638.5898   13.7625
    7.5000  -22.5000   37.5000 9123.7100   13.7583
   -7.5000  -15.0000   37.500010375.9814   13.7838
    0.0000  -15.0000   37.500010735.0059   13.7721
    7.5000  -15.0000   37.500010176.3076   13.7679
   -7.5000   -7.5000   37.500011395.2031   13.7947
    0.0000   -7.5000   37.500011768.2451   13.7806
    7.5000   -7.5000   37.500011173.6924   13.7784
   -7.5000    0.0000   37.500012396.5322   13.7931
    0.0000    0.0000   37.500012831.6543   13.7684
    7.5000    0.0000   37.500012158.7725   13.7684
   -7.5000    7.5000   37.500012410.4580   13.7796
    0.0000    7.5000   37.500012852.7812   13.7463
    7.5000    7.5000   37.500012234.4297   13.7464
   -7.5000   15.0000   37.500012150.8301   13.7672
    0.0000   15.0000   37.500012587.0225   13.7354
    7.5000   15.0000   37.500012054.7598   13.7335
   -7.5000   22.5000   37.500011863.4932   13.7635
    0.0000   22.5000   37.500012266.2158   13.7426
    7.5000   22.5000   37.500011745.7158   13.7384
   -7.5000   30.0000   37.500011582.5527   13.6055
    0.0000   30.0000   37.500011970.0586   13.5939
    7.5000   30.0000   37.500011421.0039   13.5897
   -7.5000   37.5000   37.500011702.7861   13.6162
    0.0000   37.5000   37.500012088.1484   13.6022
    7.5000   37.5000   37.500011484.9385   13.6001
   -7.5000   45.0000   37.500011185.0547   13.2950
    0.0000   45.0000   37.500011580.3359   13.2712
    7.5000   45.0000   37.500010993.2090   13.2711
   -7.5000  -45.0000   45.0000 5850.2944   15.0863
    0.0000  -45.0000   45.0000 6042.9829   15.0543
    7.5000  -45.0000   45.0000 5690.7407   15.0513
   -7.5000  -37.5000   45.0000 6584.8105   14.6696
    0.0000  -37.5000   45.0000 6805.5601   14.6283
    7.5000  -37.5000   45.0000 6425.2056   14.6258
   -7.5000  -30.0000   45.0000 7569.1362   14.3368
    0.0000  -30.0000   45.0000 7840.0801   14.2998
    7.5000  -30.0000   45.0000 7411.1978   14.2962
   -7.5000  -22.5000   45.0000 8594.5723   14.1345
    0.0000  -22.5000   45.0000 8888.8691   14.1116
    7.5000  -22.5000   45.0000 8404.6816   14.1063
   -7.5000  -15.0000   45.0000 9598.2354   14.1330
    0.0000  -15.0000   45.0000 9923.6709   14.1210
    7.5000  -15.0000   45.0000 9394.7607   14.1159
   -7.5000   -7.5000   45.000010547.5176   14.1451
    0.0000   -7.5000   45.000010887.9580   14.1302
    7.5000   -7.5000   45.000010329.4727   14.1275
   -7.5000    0.0000   45.000011455.7070   14.1462
    0.0000    0.0000   45.000011836.8486   14.1187
    7.5000    0.0000   45.000011233.5361   14.1182
   -7.5000    7.5000   45.000011436.5215   14.1349
    0.0000    7.5000   45.000011800.5293   14.0975
    7.5000    7.5000   45.000011256.2910   14.0964
   -7.5000   15.0000   45.000011209.5195   14.1209
    0.0000   15.0000   45.000011572.8838   14.0851
    7.5000   15.0000   45.000011069.3906   14.0818
   -7.5000   22.5000   45.000010950.6875   14.1136
    0.0000   22.5000   45.000011316.6416   14.0907
    7.5000   22.5000   45.000010801.2080   14.0855
   -7.5000   30.0000   45.000010678.5312   13.9489
    0.0000   30.0000   45.000011042.4121   13.9370
    7.5000   30.0000   45.000010507.7070   13.9320
   -7.5000   37.5000   45.000010784.6631   13.9608
    0.0000   37.5000   45.000011141.9268   13.9461
    7.5000   37.5000   45.000010575.0518   13.9434
   -7.5000   45.0000   45.000010321.4932   13.6415
    0.0000   45.0000   45.000010679.4766   13.6150
    7.5000   45.0000   45.000010137.9082   13.6145

---------------------------------------------------------------------
imgreg_4dfp /opt/freesurfer/average/711-2C_as_mni_average_305 /opt/freesurfer/average/711-2B_as_mni_average_305_mask talsrcimg_g11 none talsrcimg_to_711-2C_as_mni_average_305_t4 4355
---------------------------------------------------------------------

freesurfer imgreg_4dfp.c
/opt/freesurfer/average/711-2C_as_mni_average_305.4dfp.img
       256       256       256         1
  1.000000  1.000000  1.000000
orientation T byte_order littleendian
Reading image: /opt/freesurfer/average/711-2C_as_mni_average_305.4dfp.img
dimensions:      256       256       256
mmppix:       1.0000   -1.0000   -1.0000
center:     128.0000 -129.0000 -129.0000
/opt/freesurfer/average/711-2B_as_mni_average_305_mask.4dfp.img
       256       256       256         1
  1.000000  1.000000  1.000000
orientation T byte_order littleendian
Reading mask: /opt/freesurfer/average/711-2B_as_mni_average_305_mask.4dfp.img (2306576 pixels)
talsrcimg_g11.4dfp.img
       256       256       256         1
  1.000000  1.000000  1.000000
orientation T byte_order littleendian
Reading image: talsrcimg_g11.4dfp.img
dimensions:      256       256       256
mmppix:       1.0000   -1.0000   -1.0000
center:     128.0000 -129.0000 -129.0000
rotation matrix determinant  1.000000
image alignment mode   4355 decimal     1103 hex
   -7.5000  -30.0000  -45.0000 1915.4974   16.0934
    0.0000  -30.0000  -45.0000 1922.0967   16.2094
    7.5000  -30.0000  -45.0000 1910.3557   16.3804
   -7.5000  -22.5000  -45.0000 2044.4200   14.3672
    0.0000  -22.5000  -45.0000 2052.5291   14.4290
    7.5000  -22.5000  -45.0000 2043.6735   14.5775
   -7.5000  -15.0000  -45.0000 2158.3406   13.0406
    0.0000  -15.0000  -45.0000 2167.3528   13.0921
    7.5000  -15.0000  -45.0000 2155.9109   13.2116
   -7.5000   -7.5000  -45.0000 2259.3542   12.0098
    0.0000   -7.5000  -45.0000 2266.9031   12.0880
    7.5000   -7.5000  -45.0000 2253.3367   12.1724
   -7.5000    0.0000  -45.0000 2332.6531   11.2353
    0.0000    0.0000  -45.0000 2344.5259   11.2651
    7.5000    0.0000  -45.0000 2329.3191   11.3563
   -7.5000    7.5000  -45.0000 2372.1221   10.7093
    0.0000    7.5000  -45.0000 2381.7791   10.7212
    7.5000    7.5000  -45.0000 2362.9751   10.8340
   -7.5000   15.0000  -45.0000 2397.0083   10.4250
    0.0000   15.0000  -45.0000 2404.0149   10.4422
    7.5000   15.0000  -45.0000 2378.6519   10.5413
   -7.5000   22.5000  -45.0000 2405.4111   10.3937
    0.0000   22.5000  -45.0000 2410.9910   10.3663
    7.5000   22.5000  -45.0000 2389.4961   10.4581
   -7.5000   30.0000  -45.0000 2390.4412   10.5504
    0.0000   30.0000  -45.0000 2401.5098   10.5396
    7.5000   30.0000  -45.0000 2377.0635   10.6252
   -7.5000   37.5000  -45.0000 2362.7300   10.9364
    0.0000   37.5000  -45.0000 2368.7512   10.9388
    7.5000   37.5000  -45.0000 2341.9067   11.0443
   -7.5000   45.0000  -45.0000 2311.7273   11.5210
    0.0000   45.0000  -45.0000 2318.5640   11.5374
    7.5000   45.0000  -45.0000 2290.7139   11.6702
   -7.5000   52.5000  -45.0000 2219.6526   12.2683
    0.0000   52.5000  -45.0000 2227.3604   12.2570
    7.5000   52.5000  -45.0000 2202.3079   12.4244
   -7.5000   60.0000  -45.0000 2078.6301   13.1112
    0.0000   60.0000  -45.0000 2085.9167   13.0788
    7.5000   60.0000  -45.0000 2062.5647   13.2844
   -7.5000  -30.0000  -37.5000 1973.2607   15.1666
    0.0000  -30.0000  -37.5000 1977.1445   15.2319
    7.5000  -30.0000  -37.5000 1961.8805   15.4072
   -7.5000  -22.5000  -37.5000 2114.1477   13.4966
    0.0000  -22.5000  -37.5000 2123.4827   13.5308
    7.5000  -22.5000  -37.5000 2107.5947   13.6930
   -7.5000  -15.0000  -37.5000 2235.2974   12.2391
    0.0000  -15.0000  -37.5000 2247.3071   12.2722
    7.5000  -15.0000  -37.5000 2229.9622   12.4061
   -7.5000   -7.5000  -37.5000 2338.6887   11.2643
    0.0000   -7.5000  -37.5000 2352.1680   11.3037
    7.5000   -7.5000  -37.5000 2336.9299   11.4139
   -7.5000    0.0000  -37.5000 2419.9351   10.5190
    0.0000    0.0000  -37.5000 2435.5212   10.5311
    7.5000    0.0000  -37.5000 2416.1077   10.6285
   -7.5000    7.5000  -37.5000 2472.7397   10.0054
    0.0000    7.5000  -37.5000 2476.5837    9.9967
    7.5000    7.5000  -37.5000 2457.5029   10.1196
   -7.5000   15.0000  -37.5000 2509.0098    9.7329
    0.0000   15.0000  -37.5000 2509.9705    9.7261
    7.5000   15.0000  -37.5000 2480.4363    9.8332
   -7.5000   22.5000  -37.5000 2514.7170    9.6543
    0.0000   22.5000  -37.5000 2517.3396    9.6502
    7.5000   22.5000  -37.5000 2491.5269    9.7612
   -7.5000   30.0000  -37.5000 2492.4226    9.8124
    0.0000   30.0000  -37.5000 2493.6455    9.8170
    7.5000   30.0000  -37.5000 2470.6370    9.9153
   -7.5000   37.5000  -37.5000 2457.9160   10.1464
    0.0000   37.5000  -37.5000 2462.1045   10.1682
    7.5000   37.5000  -37.5000 2437.6018   10.2907
   -7.5000   45.0000  -37.5000 2405.9524   10.6773
    0.0000   45.0000  -37.5000 2410.5212   10.7173
    7.5000   45.0000  -37.5000 2384.4890   10.8517
   -7.5000   52.5000  -37.5000 2310.3511   11.3506
    0.0000   52.5000  -37.5000 2317.9209   11.3861
    7.5000   52.5000  -37.5000 2290.0801   11.5543
   -7.5000   60.0000  -37.5000 2161.8838   12.1501
    0.0000   60.0000  -37.5000 2171.8657   12.1526
    7.5000   60.0000  -37.5000 2145.0818   12.3128
   -7.5000  -30.0000  -30.0000 2065.3577   14.8495
    0.0000  -30.0000  -30.0000 2070.9290   14.8832
    7.5000  -30.0000  -30.0000 2055.5366   15.0761
   -7.5000  -22.5000  -30.0000 2216.3396   13.1896
    0.0000  -22.5000  -30.0000 2225.5366   13.1986
    7.5000  -22.5000  -30.0000 2209.3362   13.3874
   -7.5000  -15.0000  -30.0000 2341.2749   11.9215
    0.0000  -15.0000  -30.0000 2353.2466   11.9261
    7.5000  -15.0000  -30.0000 2337.2764   12.1185
   -7.5000   -7.5000  -30.0000 2450.4719   10.9532
    0.0000   -7.5000  -30.0000 2463.8079   10.9413
    7.5000   -7.5000  -30.0000 2447.4109   11.1084
   -7.5000    0.0000  -30.0000 2544.7549   10.2243
    0.0000    0.0000  -30.0000 2557.9875   10.1971
    7.5000    0.0000  -30.0000 2536.5007   10.3369
   -7.5000    7.5000  -30.0000 2606.3005    9.6965
    0.0000    7.5000  -30.0000 2611.4329    9.6685
    7.5000    7.5000  -30.0000 2590.5691    9.7994
   -7.5000   15.0000  -30.0000 2647.7791    9.3833
    0.0000   15.0000  -30.0000 2650.0125    9.3655
    7.5000   15.0000  -30.0000 2621.3811    9.5053
   -7.5000   22.5000  -30.0000 2662.8687    9.2749
    0.0000   22.5000  -30.0000 2664.3040    9.2787
    7.5000   22.5000  -30.0000 2636.4255    9.3975
   -7.5000   30.0000  -30.0000 2635.5476    9.4266
    0.0000   30.0000  -30.0000 2639.9617    9.4356
    7.5000   30.0000  -30.0000 2614.5928    9.5474
   -7.5000   37.5000  -30.0000 2599.1965    9.7646
    0.0000   37.5000  -30.0000 2604.9895    9.7718
    7.5000   37.5000  -30.0000 2576.9468    9.8960
   -7.5000   45.0000  -30.0000 2543.6436   10.2877
    0.0000   45.0000  -30.0000 2547.4753   10.3026
    7.5000   45.0000  -30.0000 2520.5574   10.4463
   -7.5000   52.5000  -30.0000 2439.0225   10.9383
    0.0000   52.5000  -30.0000 2446.2537   10.9510
    7.5000   52.5000  -30.0000 2416.6169   11.1153
   -7.5000   60.0000  -30.0000 2282.6230   11.7282
    0.0000   60.0000  -30.0000 2291.8848   11.7205
    7.5000   60.0000  -30.0000 2265.8271   11.8640
   -7.5000  -30.0000  -22.5000 2129.4146   14.4685
    0.0000  -30.0000  -22.5000 2142.0398   14.4546
    7.5000  -30.0000  -22.5000 2122.3376   14.6698
   -7.5000  -22.5000  -22.5000 2284.1567   12.8022
    0.0000  -22.5000  -22.5000 2297.6987   12.7806
    7.5000  -22.5000  -22.5000 2277.5828   12.9661
   -7.5000  -15.0000  -22.5000 2411.1716   11.5219
    0.0000  -15.0000  -22.5000 2424.1768   11.5146
    7.5000  -15.0000  -22.5000 2408.5164   11.6992
   -7.5000   -7.5000  -22.5000 2525.7991   10.5643
    0.0000   -7.5000  -22.5000 2540.0093   10.5239
    7.5000   -7.5000  -22.5000 2523.8315   10.7104
   -7.5000    0.0000  -22.5000 2630.0415    9.8414
    0.0000    0.0000  -22.5000 2641.1243    9.7719
    7.5000    0.0000  -22.5000 2620.5813    9.9453
   -7.5000    7.5000  -22.5000 2701.6133    9.3362
    0.0000    7.5000  -22.5000 2708.9893    9.2756
    7.5000    7.5000  -22.5000 2685.9851    9.4228
   -7.5000   15.0000  -22.5000 2754.1191    8.9993
    0.0000   15.0000  -22.5000 2760.1238    8.9424
    7.5000   15.0000  -22.5000 2725.4468    9.0761
   -7.5000   22.5000  -22.5000 2777.4697    8.8457
    0.0000   22.5000  -22.5000 2780.8904    8.8254
    7.5000   22.5000  -22.5000 2747.1875    8.9466
   -7.5000   30.0000  -22.5000 2756.7710    8.9827
    0.0000   30.0000  -22.5000 2761.4438    8.9535
    7.5000   30.0000  -22.5000 2729.3057    9.0800
   -7.5000   37.5000  -22.5000 2717.8357    9.3356
    0.0000   37.5000  -22.5000 2725.6025    9.3005
    7.5000   37.5000  -22.5000 2693.1375    9.4286
   -7.5000   45.0000  -22.5000 2657.2061    9.8327
    0.0000   45.0000  -22.5000 2659.9392    9.8124
    7.5000   45.0000  -22.5000 2627.3547    9.9583
   -7.5000   52.5000  -22.5000 2543.3010   10.4706
    0.0000   52.5000  -22.5000 2547.7197   10.4539
    7.5000   52.5000  -22.5000 2514.8738   10.6098
   -7.5000   60.0000  -22.5000 2377.3728   11.2366
    0.0000   60.0000  -22.5000 2383.8484   11.2056
    7.5000   60.0000  -22.5000 2355.4160   11.3510
   -7.5000  -30.0000  -15.0000 2159.8760   14.1112
    0.0000  -30.0000  -15.0000 2173.5181   14.0513
    7.5000  -30.0000  -15.0000 2154.1948   14.3049
   -7.5000  -22.5000  -15.0000 2311.0857   12.4357
    0.0000  -22.5000  -15.0000 2326.3779   12.3697
    7.5000  -22.5000  -15.0000 2308.2683   12.5950
   -7.5000  -15.0000  -15.0000 2437.9148   11.1638
    0.0000  -15.0000  -15.0000 2455.3203   11.0965
    7.5000  -15.0000  -15.0000 2439.8684   11.3161
   -7.5000   -7.5000  -15.0000 2559.9895   10.2102
    0.0000   -7.5000  -15.0000 2579.2361   10.1218
    7.5000   -7.5000  -15.0000 2560.7593   10.3298
   -7.5000    0.0000  -15.0000 2682.6785    9.4876
    0.0000    0.0000  -15.0000 2692.0273    9.4026
    7.5000    0.0000  -15.0000 2669.1431    9.5652
   -7.5000    7.5000  -15.0000 2769.5688    8.9881
    0.0000    7.5000  -15.0000 2773.7749    8.8999
    7.5000    7.5000  -15.0000 2748.6633    9.0574
   -7.5000   15.0000  -15.0000 2827.0859    8.6288
    0.0000   15.0000  -15.0000 2833.8042    8.5532
    7.5000   15.0000  -15.0000 2795.6052    8.7139
   -7.5000   22.5000  -15.0000 2859.0122    8.4500
    0.0000   22.5000  -15.0000 2861.6919    8.3693
    7.5000   22.5000  -15.0000 2818.8933    8.5263
   -7.5000   30.0000  -15.0000 2843.5144    8.5593
    0.0000   30.0000  -15.0000 2843.5334    8.4779
    7.5000   30.0000  -15.0000 2806.2839    8.6283
   -7.5000   37.5000  -15.0000 2803.4937    8.9032
    0.0000   37.5000  -15.0000 2806.8833    8.8348
    7.5000   37.5000  -15.0000 2772.9209    8.9858
   -7.5000   45.0000  -15.0000 2734.6455    9.4054
    0.0000   45.0000  -15.0000 2734.1978    9.3514
    7.5000   45.0000  -15.0000 2699.6257    9.5391
   -7.5000   52.5000  -15.0000 2611.2004   10.0286
    0.0000   52.5000  -15.0000 2614.2612    9.9802
    7.5000   52.5000  -15.0000 2579.5183   10.1748
   -7.5000   60.0000  -15.0000 2440.2019   10.7702
    0.0000   60.0000  -15.0000 2448.7322   10.7039
    7.5000   60.0000  -15.0000 2415.1018   10.8732
   -7.5000  -30.0000   -7.5000 2176.9834   13.9442
    0.0000  -30.0000   -7.5000 2188.8384   13.8278
    7.5000  -30.0000   -7.5000 2170.3196   14.1053
   -7.5000  -22.5000   -7.5000 2324.4465   12.2229
    0.0000  -22.5000   -7.5000 2331.9971   12.0890
    7.5000  -22.5000   -7.5000 2321.0496   12.3498
   -7.5000  -15.0000   -7.5000 2447.4958   10.8841
    0.0000  -15.0000   -7.5000 2461.2517   10.7938
    7.5000  -15.0000   -7.5000 2450.9116   11.0231
   -7.5000   -7.5000   -7.5000 2576.7856    9.9092
    0.0000   -7.5000   -7.5000 2589.7756    9.8244
    7.5000   -7.5000   -7.5000 2570.1865   10.0147
   -7.5000    0.0000   -7.5000 2707.7017    9.1929
    0.0000    0.0000   -7.5000 2710.1992    9.1019
    7.5000    0.0000   -7.5000 2687.4688    9.2646
   -7.5000    7.5000   -7.5000 2807.9080    8.7047
    0.0000    7.5000   -7.5000 2812.9788    8.6055
    7.5000    7.5000   -7.5000 2784.3892    8.7535
   -7.5000   15.0000   -7.5000 2877.8171    8.3586
    0.0000   15.0000   -7.5000 2888.5540    8.2618
    7.5000   15.0000   -7.5000 2847.3584    8.4106
   -7.5000   22.5000   -7.5000 2916.7698    8.1458
    0.0000   22.5000   -7.5000 2921.3904    8.0326
    7.5000   22.5000   -7.5000 2872.6958    8.2298
   -7.5000   30.0000   -7.5000 2908.1501    8.2292
    0.0000   30.0000   -7.5000 2905.1028    8.1031
    7.5000   30.0000   -7.5000 2863.7183    8.3062
   -7.5000   37.5000   -7.5000 2864.2402    8.5611
    0.0000   37.5000   -7.5000 2858.1667    8.4523
    7.5000   37.5000   -7.5000 2823.3235    8.6588
   -7.5000   45.0000   -7.5000 2786.1104    9.0546
    0.0000   45.0000   -7.5000 2783.9685    8.9743
    7.5000   45.0000   -7.5000 2743.9470    9.1948
   -7.5000   52.5000   -7.5000 2653.7544    9.6764
    0.0000   52.5000   -7.5000 2657.9678    9.6040
    7.5000   52.5000   -7.5000 2620.9792    9.7956
   -7.5000   60.0000   -7.5000 2480.3174   10.4060
    0.0000   60.0000   -7.5000 2486.5637   10.3417
    7.5000   60.0000   -7.5000 2446.4680   10.5074
   -7.5000  -30.0000    0.0000 2175.3372   13.8680
    0.0000  -30.0000    0.0000 2185.1423   13.7802
    7.5000  -30.0000    0.0000 2167.3284   14.0510
   -7.5000  -22.5000    0.0000 2318.8303   12.1160
    0.0000  -22.5000    0.0000 2325.0991   12.0284
    7.5000  -22.5000    0.0000 2311.2146   12.2435
   -7.5000  -15.0000    0.0000 2446.1030   10.7811
    0.0000  -15.0000    0.0000 2455.5774   10.7066
    7.5000  -15.0000    0.0000 2437.8118   10.8902
   -7.5000   -7.5000    0.0000 2580.1631    9.7748
    0.0000   -7.5000    0.0000 2586.1912    9.6947
    7.5000   -7.5000    0.0000 2559.7295    9.8734
   -7.5000    0.0000    0.0000 2710.3025    9.0276
    0.0000    0.0000    0.0000 2706.2515    8.9324
    7.5000    0.0000    0.0000 2677.0901    9.1194
   -7.5000    7.5000    0.0000 2824.6553    8.5432
    0.0000    7.5000    0.0000 2824.0369    8.4375
    7.5000    7.5000    0.0000 2788.9929    8.6081
   -7.5000   15.0000    0.0000 2906.1956    8.2728
    0.0000   15.0000    0.0000 2919.3379    8.1872
    7.5000   15.0000    0.0000 2880.1189    8.3155
   -7.5000   22.5000    0.0000 2962.2197    8.1018
    0.0000   22.5000    0.0000 2975.4709    8.0113
    7.5000   22.5000    0.0000 2917.1687    8.1910
   -7.5000   30.0000    0.0000 2954.3323    8.1185
    0.0000   30.0000    0.0000 2959.6519    8.0297
    7.5000   30.0000    0.0000 2903.2512    8.2209
   -7.5000   37.5000    0.0000 2899.4536    8.3600
    0.0000   37.5000    0.0000 2898.2607    8.2984
    7.5000   37.5000    0.0000 2850.7412    8.4817
   -7.5000   45.0000    0.0000 2812.4668    8.7965
    0.0000   45.0000    0.0000 2809.5039    8.7540
    7.5000   45.0000    0.0000 2767.7964    8.9333
   -7.5000   52.5000    0.0000 2676.7676    9.4363
    0.0000   52.5000    0.0000 2677.3496    9.3811
    7.5000   52.5000    0.0000 2641.1514    9.5501
   -7.5000   60.0000    0.0000 2500.0383   10.1915
    0.0000   60.0000    0.0000 2502.9719   10.1434
    7.5000   60.0000    0.0000 2463.5251   10.3007
   -7.5000  -30.0000    7.5000 2167.7810   13.9730
    0.0000  -30.0000    7.5000 2180.3894   13.9176
    7.5000  -30.0000    7.5000 2155.8423   14.2092
   -7.5000  -22.5000    7.5000 2310.9597   12.1420
    0.0000  -22.5000    7.5000 2316.5784   12.0563
    7.5000  -22.5000    7.5000 2294.6968   12.3229
   -7.5000  -15.0000    7.5000 2439.7737   10.7801
    0.0000  -15.0000    7.5000 2440.9595   10.6850
    7.5000  -15.0000    7.5000 2419.2546   10.9331
   -7.5000   -7.5000    7.5000 2573.9844    9.7671
    0.0000   -7.5000    7.5000 2567.0244    9.6859
    7.5000   -7.5000    7.5000 2540.8892    9.9245
   -7.5000    0.0000    7.5000 2704.5364    9.0508
    0.0000    0.0000    7.5000 2696.8694    8.9850
    7.5000    0.0000    7.5000 2658.4561    9.1774
   -7.5000    7.5000    7.5000 2824.6982    8.5638
    0.0000    7.5000    7.5000 2826.5791    8.5352
    7.5000    7.5000    7.5000 2779.0276    8.7028
   -7.5000   15.0000    7.5000 2921.7393    8.2990
    0.0000   15.0000    7.5000 2940.1316    8.2973
    7.5000   15.0000    7.5000 2882.4424    8.4169
   -7.5000   22.5000    7.5000 2989.3953    8.1440
    0.0000   22.5000    7.5000 3008.0935    8.1714
    7.5000   22.5000    7.5000 2932.8909    8.2980
   -7.5000   30.0000    7.5000 2984.4336    8.1687
    0.0000   30.0000    7.5000 2988.9324    8.1984
    7.5000   30.0000    7.5000 2917.2129    8.3220
   -7.5000   37.5000    7.5000 2914.6521    8.3665
    0.0000   37.5000    7.5000 2912.9958    8.3854
    7.5000   37.5000    7.5000 2855.8911    8.5225
   -7.5000   45.0000    7.5000 2819.0754    8.7494
    0.0000   45.0000    7.5000 2814.8325    8.7404
    7.5000   45.0000    7.5000 2772.3376    8.9119
   -7.5000   52.5000    7.5000 2680.9500    9.3648
    0.0000   52.5000    7.5000 2677.8396    9.3296
    7.5000   52.5000    7.5000 2638.6931    9.4886
   -7.5000   60.0000    7.5000 2497.9646   10.1196
    0.0000   60.0000    7.5000 2496.1443   10.0705
    7.5000   60.0000    7.5000 2462.3926   10.2220
   -7.5000  -30.0000   15.0000 2152.4297   14.2475
    0.0000  -30.0000   15.0000 2163.2678   14.1666
    7.5000  -30.0000   15.0000 2135.5991   14.5030
   -7.5000  -22.5000   15.0000 2297.0874   12.3514
    0.0000  -22.5000   15.0000 2302.5261   12.2587
    7.5000  -22.5000   15.0000 2274.1284   12.5967
   -7.5000  -15.0000   15.0000 2429.6514   10.9729
    0.0000  -15.0000   15.0000 2427.3628   10.9133
    7.5000  -15.0000   15.0000 2396.8179   11.2223
   -7.5000   -7.5000   15.0000 2561.9736    9.9718
    0.0000   -7.5000   15.0000 2550.8350    9.9483
    7.5000   -7.5000   15.0000 2517.4202   10.2253
   -7.5000    0.0000   15.0000 2690.0684    9.2385
    0.0000    0.0000   15.0000 2676.9663    9.2415
    7.5000    0.0000   15.0000 2639.8921    9.4832
   -7.5000    7.5000   15.0000 2806.6287    8.7210
    0.0000    7.5000   15.0000 2805.1438    8.7433
    7.5000    7.5000   15.0000 2758.8125    8.9543
   -7.5000   15.0000   15.0000 2909.8738    8.4028
    0.0000   15.0000   15.0000 2919.5039    8.4291
    7.5000   15.0000   15.0000 2859.6665    8.6003
   -7.5000   22.5000   15.0000 2973.8818    8.1749
    0.0000   22.5000   15.0000 2978.2473    8.2198
    7.5000   22.5000   15.0000 2909.5032    8.4331
   -7.5000   30.0000   15.0000 2968.8525    8.2047
    0.0000   30.0000   15.0000 2969.9224    8.2429
    7.5000   30.0000   15.0000 2896.4209    8.4472
   -7.5000   37.5000   15.0000 2900.5012    8.5081
    0.0000   37.5000   15.0000 2902.2341    8.4987
    7.5000   37.5000   15.0000 2841.0332    8.6843
   -7.5000   45.0000   15.0000 2798.6865    8.9344
    0.0000   45.0000   15.0000 2797.4612    8.9181
    7.5000   45.0000   15.0000 2754.4917    9.0964
   -7.5000   52.5000   15.0000 2659.5420    9.5088
    0.0000   52.5000   15.0000 2657.4436    9.4806
    7.5000   52.5000   15.0000 2619.4417    9.6514
   -7.5000   60.0000   15.0000 2478.9417   10.1953
    0.0000   60.0000   15.0000 2473.0371   10.1607
    7.5000   60.0000   15.0000 2442.4275   10.3156
   -7.5000  -30.0000   22.5000 2127.3923   14.7030
    0.0000  -30.0000   22.5000 2134.9543   14.6994
    7.5000  -30.0000   22.5000 2105.8865   15.1256
   -7.5000  -22.5000   22.5000 2275.8530   12.7480
    0.0000  -22.5000   22.5000 2278.0044   12.7566
    7.5000  -22.5000   22.5000 2244.7546   13.1576
   -7.5000  -15.0000   22.5000 2414.3103   11.3386
    0.0000  -15.0000   22.5000 2408.9487   11.3309
    7.5000  -15.0000   22.5000 2370.8562   11.6957
   -7.5000   -7.5000   22.5000 2543.2332   10.3066
    0.0000   -7.5000   22.5000 2532.2224   10.2908
    7.5000   -7.5000   22.5000 2492.5305   10.6278
   -7.5000    0.0000   22.5000 2666.5396    9.5249
    0.0000    0.0000   22.5000 2651.1008    9.5261
    7.5000    0.0000   22.5000 2614.0229    9.8316
   -7.5000    7.5000   22.5000 2782.3440    8.9910
    0.0000    7.5000   22.5000 2769.8335    8.9989
    7.5000    7.5000   22.5000 2726.7180    9.2586
   -7.5000   15.0000   22.5000 2871.9287    8.5999
    0.0000   15.0000   22.5000 2868.1187    8.6258
    7.5000   15.0000   22.5000 2812.7939    8.8736
   -7.5000   22.5000   22.5000 2920.7078    8.3175
    0.0000   22.5000   22.5000 2914.0002    8.3719
    7.5000   22.5000   22.5000 2859.0186    8.6705
   -7.5000   30.0000   22.5000 2920.3345    8.4022
    0.0000   30.0000   22.5000 2915.6194    8.4078
    7.5000   30.0000   22.5000 2850.3755    8.6768
   -7.5000   37.5000   22.5000 2860.1318    8.7607
    0.0000   37.5000   22.5000 2857.2205    8.7221
    7.5000   37.5000   22.5000 2797.9238    8.9316
   -7.5000   45.0000   22.5000 2760.1875    9.2641
    0.0000   45.0000   22.5000 2758.8726    9.2019
    7.5000   45.0000   22.5000 2718.6714    9.4044
   -7.5000   52.5000   22.5000 2621.3237    9.8527
    0.0000   52.5000   22.5000 2619.6465    9.8043
    7.5000   52.5000   22.5000 2585.4182    9.9891
   -7.5000   60.0000   22.5000 2442.4167   10.5027
    0.0000   60.0000   22.5000 2439.0327   10.4671
    7.5000   60.0000   22.5000 2406.9434   10.6243
   -7.5000  -30.0000   30.0000 2093.5649   15.2676
    0.0000  -30.0000   30.0000 2097.9658   15.3126
    7.5000  -30.0000   30.0000 2067.5542   15.7996
   -7.5000  -22.5000   30.0000 2248.8125   13.2752
    0.0000  -22.5000   30.0000 2244.6548   13.2690
    7.5000  -22.5000   30.0000 2210.8477   13.7176
   -7.5000  -15.0000   30.0000 2390.2544   11.8065
    0.0000  -15.0000   30.0000 2378.8230   11.7841
    7.5000  -15.0000   30.0000 2340.4783   12.1768
   -7.5000   -7.5000   30.0000 2513.0193   10.7119
    0.0000   -7.5000   30.0000 2500.3831   10.7065
    7.5000   -7.5000   30.0000 2458.9585   11.0741
   -7.5000    0.0000   30.0000 2633.2996    9.9436
    0.0000    0.0000   30.0000 2616.7312    9.9384
    7.5000    0.0000   30.0000 2577.2456   10.2622
   -7.5000    7.5000   30.0000 2741.2268    9.3998
    0.0000    7.5000   30.0000 2727.2883    9.3960
    7.5000    7.5000   30.0000 2684.7859    9.6741
   -7.5000   15.0000   30.0000 2812.3010    8.9255
    0.0000   15.0000   30.0000 2804.5862    8.9426
    7.5000   15.0000   30.0000 2752.5083    9.2683
   -7.5000   22.5000   30.0000 2849.8992    8.6952
    0.0000   22.5000   30.0000 2837.8315    8.7037
    7.5000   22.5000   30.0000 2790.2009    9.0322
   -7.5000   30.0000   30.0000 2848.8718    8.7900
    0.0000   30.0000   30.0000 2839.7852    8.7758
    7.5000   30.0000   30.0000 2786.5723    9.0170
   -7.5000   37.5000   30.0000 2796.0066    9.1423
    0.0000   37.5000   30.0000 2790.9792    9.1101
    7.5000   37.5000   30.0000 2737.7539    9.3074
   -7.5000   45.0000   30.0000 2704.4490    9.6545
    0.0000   45.0000   30.0000 2702.3103    9.6115
    7.5000   45.0000   30.0000 2661.3501    9.7955
   -7.5000   52.5000   30.0000 2572.4487   10.2560
    0.0000   52.5000   30.0000 2567.0896   10.2077
    7.5000   52.5000   30.0000 2527.6392   10.4089
   -7.5000   60.0000   30.0000 2394.6516   10.9394
    0.0000   60.0000   30.0000 2387.7283   10.8966
    7.5000   60.0000   30.0000 2355.1677   11.0635
   -7.5000  -30.0000   37.5000 2052.3865   15.9337
    0.0000  -30.0000   37.5000 2056.9631   15.9445
    7.5000  -30.0000   37.5000 2028.1562   16.4245
   -7.5000  -22.5000   37.5000 2214.8274   13.8914
    0.0000  -22.5000   37.5000 2211.4373   13.8509
    7.5000  -22.5000   37.5000 2175.8533   14.2881
   -7.5000  -15.0000   37.5000 2353.1592   12.3521
    0.0000  -15.0000   37.5000 2348.1787   12.3217
    7.5000  -15.0000   37.5000 2309.2114   12.7400
   -7.5000   -7.5000   37.5000 2474.7439   11.2519
    0.0000   -7.5000   37.5000 2463.7122   11.2294
    7.5000   -7.5000   37.5000 2426.0103   11.6249
   -7.5000    0.0000   37.5000 2587.5146   10.4618
    0.0000    0.0000   37.5000 2574.7449   10.4496
    7.5000    0.0000   37.5000 2535.9761   10.8072
   -7.5000    7.5000   37.5000 2686.8240    9.8705
    0.0000    7.5000   37.5000 2674.3662    9.8543
    7.5000    7.5000   37.5000 2629.1516   10.2048
   -7.5000   15.0000   37.5000 2745.1719    9.3933
    0.0000   15.0000   37.5000 2734.4136    9.3934
    7.5000   15.0000   37.5000 2686.5105    9.7605
   -7.5000   22.5000   37.5000 2774.7161    9.2218
    0.0000   22.5000   37.5000 2763.9924    9.2037
    7.5000   22.5000   37.5000 2719.1631    9.5137
   -7.5000   30.0000   37.5000 2766.5513    9.3184
    0.0000   30.0000   37.5000 2758.4006    9.2881
    7.5000   30.0000   37.5000 2711.3474    9.5354
   -7.5000   37.5000   37.5000 2720.0415    9.6573
    0.0000   37.5000   37.5000 2710.1233    9.6229
    7.5000   37.5000   37.5000 2663.2854    9.8196
   -7.5000   45.0000   37.5000 2637.8706   10.1504
    0.0000   45.0000   37.5000 2630.9023   10.1197
    7.5000   45.0000   37.5000 2589.6052   10.3106
   -7.5000   52.5000   37.5000 2511.1890   10.7321
    0.0000   52.5000   37.5000 2506.1672   10.7037
    7.5000   52.5000   37.5000 2462.5737   10.8957
   -7.5000   60.0000   37.5000 2333.7959   11.4045
    0.0000   60.0000   37.5000 2333.9060   11.3876
    7.5000   60.0000   37.5000 2297.3333   11.5454
   -7.5000  -30.0000   45.0000 2006.5741   16.7583
    0.0000  -30.0000   45.0000 2011.3738   16.7156
    7.5000  -30.0000   45.0000 1981.4042   17.2446
   -7.5000  -22.5000   45.0000 2169.0110   14.6484
    0.0000  -22.5000   45.0000 2170.2354   14.6221
    7.5000  -22.5000   45.0000 2129.8567   15.0638
   -7.5000  -15.0000   45.0000 2308.8242   13.0495
    0.0000  -15.0000   45.0000 2308.1587   13.0162
    7.5000  -15.0000   45.0000 2265.5144   13.4387
   -7.5000   -7.5000   45.0000 2425.9878   11.9138
    0.0000   -7.5000   45.0000 2416.3542   11.8929
    7.5000   -7.5000   45.0000 2378.1660   12.3008
   -7.5000    0.0000   45.0000 2530.3301   11.0962
    0.0000    0.0000   45.0000 2518.3398   11.0818
    7.5000    0.0000   45.0000 2476.2554   11.4662
   -7.5000    7.5000   45.0000 2620.9819   10.4599
    0.0000    7.5000   45.0000 2606.7742   10.4552
    7.5000    7.5000   45.0000 2559.2634   10.8520
   -7.5000   15.0000   45.0000 2666.9360   10.0138
    0.0000   15.0000   45.0000 2652.5388   10.0145
    7.5000   15.0000   45.0000 2609.3081   10.3670
   -7.5000   22.5000   45.0000 2687.2893    9.8759
    0.0000   22.5000   45.0000 2676.2480    9.8701
    7.5000   22.5000   45.0000 2635.3350   10.1443
   -7.5000   30.0000   45.0000 2676.4312    9.9584
    0.0000   30.0000   45.0000 2668.1843    9.9438
    7.5000   30.0000   45.0000 2623.5957   10.1777
   -7.5000   37.5000   45.0000 2630.7434   10.2776
    0.0000   37.5000   45.0000 2623.1926   10.2456
    7.5000   37.5000   45.0000 2577.6179   10.4597
   -7.5000   45.0000   45.0000 2554.0632   10.7459
    0.0000   45.0000   45.0000 2547.5813   10.7327
    7.5000   45.0000   45.0000 2508.4065   10.9377
   -7.5000   52.5000   45.0000 2432.9956   11.3287
    0.0000   52.5000   45.0000 2431.5334   11.3193
    7.5000   52.5000   45.0000 2392.0837   11.5309
   -7.5000   60.0000   45.0000 2263.5330   11.9926
    0.0000   60.0000   45.0000 2263.5906   12.0034
    7.5000   60.0000   45.0000 2233.5002   12.1823

---------------------------------------------------------------------
imgreg_4dfp /opt/freesurfer/average/711-2C_as_mni_average_305 /opt/freesurfer/average/711-2B_as_mni_average_305_mask talsrcimg_g11 none talsrcimg_to_711-2C_as_mni_average_305_t4 1283
---------------------------------------------------------------------

freesurfer imgreg_4dfp.c
/opt/freesurfer/average/711-2C_as_mni_average_305.4dfp.img
       256       256       256         1
  1.000000  1.000000  1.000000
orientation T byte_order littleendian
Reading image: /opt/freesurfer/average/711-2C_as_mni_average_305.4dfp.img
dimensions:      256       256       256
mmppix:       1.0000   -1.0000   -1.0000
center:     128.0000 -129.0000 -129.0000
/opt/freesurfer/average/711-2B_as_mni_average_305_mask.4dfp.img
       256       256       256         1
  1.000000  1.000000  1.000000
orientation T byte_order littleendian
Reading mask: /opt/freesurfer/average/711-2B_as_mni_average_305_mask.4dfp.img (2306576 pixels)
talsrcimg_g11.4dfp.img
       256       256       256         1
  1.000000  1.000000  1.000000
orientation T byte_order littleendian
Reading image: talsrcimg_g11.4dfp.img
dimensions:      256       256       256
mmppix:       1.0000   -1.0000   -1.0000
center:     128.0000 -129.0000 -129.0000
rotation matrix determinant  1.000000
fimgreg.f
image alignment mode   1283 decimal      503 hex
parameters
    0.0000   22.5000    7.5000    0.0000    0.0000    0.0000
eta,q 0.94435  8.21333
niter,ni,del,rscale     5    3   12.0000    1.2000
parameter  5 -0.870739 -> -0.500000 qaram    1.1500
parameter  6 -0.804309 -> -0.500000 qaram    1.1500
parameters
   -2.2704   24.5911    7.2187   -2.0100    3.4500    3.4500
eta,q 0.95437  8.17995
  0.0589  0.0717  0.0593  0.0548  0.0674  0.0613
  0.0557  0.0640  0.0559  0.0536  0.0615  0.0564
  0.0540  0.0576  0.0536  0.0523  0.0566  0.0517
  0.0553  0.0539  0.0529  0.0529  0.0523  0.0481
  0.0605  0.0528  0.0544  0.0553  0.0492  0.0462
  0.0685  0.0543  0.0570  0.0577  0.0480  0.0455
  0.0763  0.0572  0.0602  0.0602  0.0484  0.0453
niter,ni,del,rscale     6    3   12.0000    1.2000
parameters
   -3.1296   25.1732    7.3931   -3.3739    4.8185    6.2566
eta,q 0.95568  8.22279
  0.0568  0.0571  0.0516  0.0474  0.0575  0.0534
  0.0506  0.0519  0.0483  0.0466  0.0524  0.0489
  0.0467  0.0485  0.0465  0.0465  0.0487  0.0466
  0.0456  0.0458  0.0452  0.0452  0.0462  0.0454
  0.0480  0.0453  0.0455  0.0456  0.0453  0.0445
  0.0558  0.0488  0.0477  0.0488  0.0471  0.0443
  0.0677  0.0542  0.0512  0.0529  0.0517  0.0459
niter,ni,del,rscale     5    3   12.0000    1.2000
parameters
   -3.3263   25.1765    6.6621   -4.4102    4.5916    6.1396
eta,q 0.95528  8.22855
  0.0608  0.0538  0.0493  0.0467  0.0536  0.0489
  0.0517  0.0494  0.0463  0.0450  0.0494  0.0470
  0.0458  0.0467  0.0447  0.0448  0.0463  0.0457
  0.0443  0.0443  0.0443  0.0443  0.0446  0.0447
  0.0468  0.0445  0.0454  0.0443  0.0455  0.0446
  0.0533  0.0487  0.0483  0.0467  0.0496  0.0464
  0.0630  0.0549  0.0529  0.0505  0.0558  0.0502
niter,ni,del,rscale     4    3   12.0000    1.2000
parameters
   -3.2975   25.2425    6.5197   -4.5208    4.6027    6.1752
eta,q 0.95531  8.22727
  0.0626  0.0537  0.0523  0.0480  0.0542  0.0492
  0.0530  0.0487  0.0478  0.0455  0.0498  0.0471
  0.0465  0.0463  0.0454  0.0448  0.0466  0.0457
  0.0447  0.0447  0.0447  0.0447  0.0447  0.0447
  0.0468  0.0447  0.0459  0.0442  0.0452  0.0445
  0.0527  0.0480  0.0486  0.0454  0.0491  0.0463
  0.0622  0.0541  0.0527  0.0487  0.0550  0.0499
niter,ni,del,rscale     3    3   12.0000    1.2000
parameters
   -3.2983   25.2299    6.5040   -4.5058    4.5988    6.1748
eta,q 0.95530  8.22725
  0.0624  0.0536  0.0528  0.0481  0.0542  0.0491
  0.0528  0.0486  0.0481  0.0456  0.0497  0.0471
  0.0464  0.0461  0.0456  0.0448  0.0466  0.0457
  0.0447  0.0447  0.0447  0.0447  0.0447  0.0447
  0.0469  0.0449  0.0459  0.0443  0.0452  0.0446
  0.0528  0.0483  0.0486  0.0453  0.0491  0.0464
  0.0623  0.0543  0.0526  0.0485  0.0551  0.0500
registration optimization eta report
parameter search radius
    6.0000    6.0000    6.0000    6.0000    6.9000    6.9000
100000*second partial in parameter space
       49.       26.       22.       11.       21.       10.
  0.0624  0.0536  0.0528  0.0481  0.0542  0.0491
  0.0528  0.0486  0.0481  0.0456  0.0497  0.0471
  0.0464  0.0461  0.0456  0.0448  0.0466  0.0457
  0.0447  0.0447  0.0447  0.0447  0.0447  0.0447
  0.0469  0.0449  0.0459  0.0443  0.0452  0.0446
  0.0528  0.0483  0.0486  0.0453  0.0491  0.0464
  0.0623  0.0543  0.0526  0.0485  0.0551  0.0500
   -3.2983   25.2299    6.5040   -4.5058    4.5988    6.1748
eta,q 0.95530  8.22725

---------------------------------------------------------------------
imgreg_4dfp /opt/freesurfer/average/711-2C_as_mni_average_305 /opt/freesurfer/average/711-2B_as_mni_average_305_mask talsrcimg_g11 none talsrcimg_to_711-2C_as_mni_average_305_t4 3335
---------------------------------------------------------------------

freesurfer imgreg_4dfp.c
/opt/freesurfer/average/711-2C_as_mni_average_305.4dfp.img
       256       256       256         1
  1.000000  1.000000  1.000000
orientation T byte_order littleendian
Reading image: /opt/freesurfer/average/711-2C_as_mni_average_305.4dfp.img
dimensions:      256       256       256
mmppix:       1.0000   -1.0000   -1.0000
center:     128.0000 -129.0000 -129.0000
/opt/freesurfer/average/711-2B_as_mni_average_305_mask.4dfp.img
       256       256       256         1
  1.000000  1.000000  1.000000
orientation T byte_order littleendian
Reading mask: /opt/freesurfer/average/711-2B_as_mni_average_305_mask.4dfp.img (2306576 pixels)
talsrcimg_g11.4dfp.img
       256       256       256         1
  1.000000  1.000000  1.000000
orientation T byte_order littleendian
Reading image: talsrcimg_g11.4dfp.img
dimensions:      256       256       256
mmppix:       1.0000   -1.0000   -1.0000
center:     128.0000 -129.0000 -129.0000
fimgreg.f
image alignment mode   3335 decimal      D07 hex
parameters
   -3.2983   25.2299    6.5040   -0.9003   -0.8197   -0.6300
  -10.0968   -8.7917   10.7216    6.9507    8.0179   -7.8307
eta,q 0.95727  8.20564
niter,ni,del,rscale     5    3    5.0000    1.2000
parameter  4  1.118345 ->  0.500000 qaram    1.1500
parameter  5  4.030994 ->  0.500000 qaram    1.1500
parameter 12  0.671880 ->  0.500000 qaram    1.1500
parameters
   -3.3558   25.6636    6.8132   -5.0403   -4.9597    2.5233
   -7.2233   -8.4373    9.4573    5.7321    5.2241  -11.9707
eta,q 0.96825  8.08487
  0.0457  0.0453  0.0440  0.0390  0.0314  0.0380  0.0379  0.0388  0.0339  0.0353  0.0327  0.0319
  0.0441  0.0438  0.0433  0.0393  0.0334  0.0364  0.0358  0.0355  0.0330  0.0335  0.0323  0.0317
  0.0431  0.0430  0.0429  0.0405  0.0363  0.0352  0.0341  0.0334  0.0325  0.0326  0.0323  0.0319
  0.0427  0.0427  0.0427  0.0427  0.0396  0.0341  0.0330  0.0326  0.0326  0.0325  0.0325  0.0323
  0.0431  0.0428  0.0427  0.0457  0.0427  0.0332  0.0326  0.0330  0.0331  0.0334  0.0328  0.0329
  0.0442  0.0431  0.0430  0.0492  0.0460  0.0332  0.0328  0.0347  0.0340  0.0354  0.0335  0.0337
  0.0461  0.0438  0.0434  0.0529  0.0499  0.0346  0.0337  0.0377  0.0354  0.0380  0.0345  0.0347
niter,ni,del,rscale     7    3    5.0000    1.2000
parameter  5  1.117100 ->  0.500000 qaram    1.3225
parameters
   -3.4395   25.6025    7.0653   -7.7674   -9.7207    3.6646
   -6.5395   -8.1926   10.7314    6.9085    6.3488  -13.0251
eta,q 0.97241  7.92888
  0.0355  0.0347  0.0338  0.0332  0.0274  0.0319  0.0311  0.0331  0.0306  0.0332  0.0289  0.0287
  0.0334  0.0330  0.0327  0.0324  0.0279  0.0305  0.0294  0.0303  0.0293  0.0306  0.0283  0.0280
  0.0321  0.0320  0.0320  0.0317  0.0294  0.0294  0.0283  0.0285  0.0284  0.0287  0.0279  0.0277
  0.0317  0.0317  0.0317  0.0317  0.0317  0.0282  0.0279  0.0278  0.0278  0.0277  0.0276  0.0276
  0.0323  0.0322  0.0318  0.0332  0.0351  0.0276  0.0280  0.0283  0.0278  0.0278  0.0276  0.0279
  0.0338  0.0333  0.0323  0.0362  0.0393  0.0284  0.0288  0.0298  0.0282  0.0287  0.0278  0.0285
  0.0361  0.0349  0.0330  0.0404  0.0435  0.0308  0.0301  0.0324  0.0292  0.0306  0.0283  0.0294
niter,ni,del,rscale     7    3    5.0000    1.2000
parameters
   -3.4550   25.9121    7.4347   -7.6704  -14.4176    4.1983
   -6.6969   -8.5536   10.9943    8.2063    6.2387  -13.1002
eta,q 0.97396  7.77652
  0.0312  0.0314  0.0297  0.0308  0.0274  0.0301  0.0288  0.0308  0.0283  0.0311  0.0271  0.0274
  0.0292  0.0295  0.0285  0.0294  0.0266  0.0288  0.0274  0.0282  0.0272  0.0289  0.0265  0.0267
  0.0280  0.0282  0.0279  0.0284  0.0265  0.0275  0.0265  0.0266  0.0265  0.0273  0.0262  0.0262
  0.0276  0.0276  0.0275  0.0275  0.0275  0.0264  0.0263  0.0263  0.0263  0.0263  0.0260  0.0260
  0.0280  0.0276  0.0275  0.0273  0.0297  0.0261  0.0266  0.0270  0.0264  0.0261  0.0261  0.0262
  0.0292  0.0284  0.0279  0.0286  0.0333  0.0274  0.0276  0.0288  0.0270  0.0270  0.0265  0.0267
  0.0313  0.0299  0.0286  0.0314  0.0382  0.0299  0.0290  0.0317  0.0280  0.0287  0.0272  0.0275
niter,ni,del,rscale     6    3    5.0000    1.2000
parameters
   -3.5527   26.0130    7.7624   -7.5165  -15.4223    4.4468
   -6.6387   -8.7239   11.0368    8.5546    6.1184  -12.8413
eta,q 0.97410  7.74730
  0.0293  0.0293  0.0282  0.0291  0.0293  0.0299  0.0286  0.0308  0.0278  0.0299  0.0270  0.0274
  0.0275  0.0275  0.0271  0.0278  0.0275  0.0285  0.0272  0.0281  0.0268  0.0280  0.0264  0.0266
  0.0264  0.0264  0.0264  0.0269  0.0263  0.0271  0.0263  0.0264  0.0262  0.0266  0.0260  0.0261
  0.0260  0.0260  0.0260  0.0260  0.0260  0.0260  0.0259  0.0259  0.0259  0.0259  0.0259  0.0259
  0.0265  0.0264  0.0261  0.0258  0.0266  0.0259  0.0262  0.0266  0.0261  0.0261  0.0260  0.0260
  0.0278  0.0273  0.0265  0.0270  0.0284  0.0276  0.0271  0.0284  0.0268  0.0273  0.0264  0.0265
  0.0300  0.0287  0.0273  0.0297  0.0315  0.0301  0.0285  0.0312  0.0278  0.0294  0.0271  0.0272
niter,ni,del,rscale     5    3    5.0000    1.2000
parameters
   -3.6164   26.0539    7.8647   -7.5747  -15.5915    4.5019
   -6.6182   -8.7723   11.0642    8.6380    6.1446  -12.7331
eta,q 0.97410  7.74007
  0.0293  0.0289  0.0278  0.0289  0.0299  0.0299  0.0285  0.0309  0.0278  0.0296  0.0270  0.0273
  0.0274  0.0272  0.0267  0.0276  0.0279  0.0284  0.0271  0.0281  0.0268  0.0278  0.0264  0.0265
  0.0263  0.0262  0.0261  0.0267  0.0265  0.0269  0.0262  0.0264  0.0261  0.0265  0.0260  0.0261
  0.0259  0.0259  0.0259  0.0259  0.0259  0.0259  0.0259  0.0259  0.0259  0.0259  0.0259  0.0259
  0.0263  0.0263  0.0260  0.0257  0.0263  0.0259  0.0262  0.0265  0.0261  0.0262  0.0260  0.0260
  0.0276  0.0272  0.0265  0.0270  0.0278  0.0279  0.0271  0.0282  0.0267  0.0275  0.0263  0.0265
  0.0297  0.0286  0.0275  0.0298  0.0305  0.0303  0.0285  0.0310  0.0278  0.0296  0.0270  0.0272
niter,ni,del,rscale     4    3    5.0000    1.2000
parameters
   -3.6368   26.0620    7.8908   -7.5979  -15.6359    4.5080
   -6.6170   -8.7929   11.0611    8.6551    6.1623  -12.6964
eta,q 0.97409  7.73764
  0.0294  0.0288  0.0277  0.0289  0.0300  0.0298  0.0285  0.0309  0.0278  0.0295  0.0270  0.0273
  0.0275  0.0271  0.0267  0.0276  0.0279  0.0284  0.0271  0.0282  0.0268  0.0277  0.0264  0.0265
  0.0263  0.0262  0.0261  0.0267  0.0265  0.0269  0.0262  0.0264  0.0261  0.0265  0.0260  0.0261
  0.0259  0.0259  0.0259  0.0259  0.0259  0.0259  0.0259  0.0259  0.0259  0.0259  0.0259  0.0259
  0.0263  0.0263  0.0261  0.0257  0.0262  0.0260  0.0262  0.0265  0.0261  0.0262  0.0260  0.0260
  0.0275  0.0272  0.0266  0.0270  0.0277  0.0280  0.0271  0.0282  0.0267  0.0276  0.0263  0.0265
  0.0296  0.0287  0.0276  0.0297  0.0303  0.0304  0.0285  0.0309  0.0278  0.0297  0.0270  0.0272
niter,ni,del,rscale     3    3    5.0000    1.2000
parameters
   -3.6422   26.0635    7.8958   -7.6015  -15.6479    4.5070
   -6.6148   -8.8001   11.0573    8.6576    6.1735  -12.6836
eta,q 0.97409  7.73696
  0.0294  0.0288  0.0277  0.0289  0.0300  0.0298  0.0285  0.0309  0.0278  0.0295  0.0270  0.0273
  0.0275  0.0271  0.0267  0.0276  0.0279  0.0284  0.0271  0.0282  0.0267  0.0277  0.0264  0.0265
  0.0263  0.0262  0.0261  0.0267  0.0265  0.0269  0.0262  0.0264  0.0261  0.0265  0.0260  0.0261
  0.0259  0.0259  0.0259  0.0259  0.0259  0.0259  0.0259  0.0259  0.0259  0.0259  0.0259  0.0259
  0.0263  0.0263  0.0261  0.0257  0.0262  0.0260  0.0262  0.0265  0.0261  0.0262  0.0260  0.0260
  0.0275  0.0272  0.0267  0.0270  0.0277  0.0280  0.0271  0.0282  0.0267  0.0276  0.0263  0.0265
  0.0295  0.0287  0.0276  0.0297  0.0303  0.0304  0.0285  0.0309  0.0278  0.0297  0.0270  0.0273
registration optimization eta report
parameter search radius
    2.4000    2.4000    2.4000    8.2800    9.5220    7.2000
    7.2000    7.2000    7.2000    7.2000    7.2000    8.2800
100000*second partial in parameter space
       62.       49.       31.        5.        5.        8.
        5.       10.        4.        7.        2.        2.
  0.0294  0.0288  0.0277  0.0289  0.0300  0.0298  0.0285  0.0309  0.0278  0.0295  0.0270  0.0273
  0.0275  0.0271  0.0267  0.0276  0.0279  0.0284  0.0271  0.0282  0.0267  0.0277  0.0264  0.0265
  0.0263  0.0262  0.0261  0.0267  0.0265  0.0269  0.0262  0.0264  0.0261  0.0265  0.0260  0.0261
  0.0259  0.0259  0.0259  0.0259  0.0259  0.0259  0.0259  0.0259  0.0259  0.0259  0.0259  0.0259
  0.0263  0.0263  0.0261  0.0257  0.0262  0.0260  0.0262  0.0265  0.0261  0.0262  0.0260  0.0260
  0.0275  0.0272  0.0267  0.0270  0.0277  0.0280  0.0271  0.0282  0.0267  0.0276  0.0263  0.0265
  0.0295  0.0287  0.0276  0.0297  0.0303  0.0304  0.0285  0.0309  0.0278  0.0297  0.0270  0.0273
   -3.6422   26.0635    7.8958   -7.6015  -15.6479    4.5070
   -6.6148   -8.8001   11.0573    8.6576    6.1735  -12.6836
eta,q 0.97409  7.73696

---------------------------------------------------------------------
imgreg_4dfp /opt/freesurfer/average/711-2C_as_mni_average_305 /opt/freesurfer/average/711-2B_as_mni_average_305_mask talsrcimg_g11 none talsrcimg_to_711-2C_as_mni_average_305_t4 2311
---------------------------------------------------------------------

freesurfer imgreg_4dfp.c
/opt/freesurfer/average/711-2C_as_mni_average_305.4dfp.img
       256       256       256         1
  1.000000  1.000000  1.000000
orientation T byte_order littleendian
Reading image: /opt/freesurfer/average/711-2C_as_mni_average_305.4dfp.img
dimensions:      256       256       256
mmppix:       1.0000   -1.0000   -1.0000
center:     128.0000 -129.0000 -129.0000
/opt/freesurfer/average/711-2B_as_mni_average_305_mask.4dfp.img
       256       256       256         1
  1.000000  1.000000  1.000000
orientation T byte_order littleendian
Reading mask: /opt/freesurfer/average/711-2B_as_mni_average_305_mask.4dfp.img (2306576 pixels)
talsrcimg_g11.4dfp.img
       256       256       256         1
  1.000000  1.000000  1.000000
orientation T byte_order littleendian
Reading image: talsrcimg_g11.4dfp.img
dimensions:      256       256       256
mmppix:       1.0000   -1.0000   -1.0000
center:     128.0000 -129.0000 -129.0000
fimgreg.f
image alignment mode   2311 decimal      907 hex
parameters
   -3.6422   26.0635    7.8958   -7.6015  -15.6479    4.5070
   -6.6148   -8.8001   11.0573    8.6576    6.1735  -12.6836
eta,q 0.97409  7.73697
niter,ni,del,rscale     5    3    5.0000    0.8000
parameters
   -3.6202   26.0142    7.8967   -6.2252  -15.2206    4.8145
   -6.6637   -8.8359   10.9378    8.5289    5.8782  -12.8421
eta,q 0.97442  7.80234
  0.0275  0.0271  0.0267  0.0274  0.0269  0.0282  0.0268  0.0282  0.0264  0.0273  0.0261  0.0260
  0.0267  0.0264  0.0262  0.0269  0.0263  0.0272  0.0261  0.0267  0.0260  0.0264  0.0258  0.0258
  0.0261  0.0260  0.0260  0.0264  0.0259  0.0262  0.0257  0.0258  0.0257  0.0258  0.0256  0.0256
  0.0259  0.0259  0.0259  0.0259  0.0257  0.0256  0.0256  0.0256  0.0256  0.0256  0.0256  0.0256
  0.0261  0.0261  0.0260  0.0256  0.0257  0.0255  0.0257  0.0259  0.0257  0.0258  0.0257  0.0256
  0.0266  0.0266  0.0262  0.0258  0.0260  0.0264  0.0262  0.0268  0.0260  0.0265  0.0259  0.0258
  0.0275  0.0272  0.0267  0.0265  0.0266  0.0280  0.0269  0.0282  0.0265  0.0276  0.0263  0.0261
niter,ni,del,rscale     4    3    5.0000    0.7000
parameters
   -3.6044   25.9946    7.8920   -6.2813  -15.1302    4.9940
   -6.6490   -8.8050   10.9837    8.5169    5.8365  -12.9196
eta,q 0.97445  7.80844
  0.0270  0.0266  0.0262  0.0267  0.0265  0.0277  0.0266  0.0277  0.0263  0.0270  0.0260  0.0259
  0.0262  0.0260  0.0259  0.0262  0.0260  0.0267  0.0260  0.0265  0.0259  0.0263  0.0257  0.0257
  0.0257  0.0257  0.0256  0.0258  0.0257  0.0260  0.0257  0.0258  0.0256  0.0258  0.0256  0.0256
  0.0256  0.0256  0.0256  0.0256  0.0256  0.0256  0.0255  0.0255  0.0255  0.0255  0.0256  0.0255
  0.0257  0.0257  0.0257  0.0256  0.0256  0.0255  0.0257  0.0258  0.0256  0.0257  0.0256  0.0256
  0.0262  0.0261  0.0259  0.0261  0.0259  0.0262  0.0260  0.0265  0.0259  0.0262  0.0258  0.0257
  0.0269  0.0266  0.0262  0.0269  0.0264  0.0276  0.0265  0.0276  0.0262  0.0271  0.0260  0.0260
niter,ni,del,rscale     3    3    5.0000    0.6000
parameters
   -3.5934   25.9873    7.9102   -6.1635  -15.1030    5.1128
   -6.6532   -8.8209   10.9650    8.5217    5.7972  -12.9063
eta,q 0.97448  7.81501
  0.0266  0.0263  0.0260  0.0265  0.0262  0.0271  0.0263  0.0271  0.0260  0.0266  0.0259  0.0258
  0.0260  0.0259  0.0258  0.0261  0.0258  0.0264  0.0259  0.0262  0.0258  0.0260  0.0257  0.0257
  0.0257  0.0256  0.0256  0.0258  0.0256  0.0259  0.0256  0.0257  0.0256  0.0257  0.0256  0.0256
  0.0255  0.0255  0.0256  0.0256  0.0255  0.0255  0.0255  0.0255  0.0255  0.0255  0.0255  0.0255
  0.0257  0.0256  0.0256  0.0256  0.0256  0.0255  0.0256  0.0257  0.0256  0.0256  0.0256  0.0255
  0.0260  0.0259  0.0258  0.0259  0.0258  0.0261  0.0259  0.0262  0.0258  0.0260  0.0257  0.0256
  0.0266  0.0263  0.0260  0.0265  0.0262  0.0271  0.0263  0.0271  0.0261  0.0267  0.0259  0.0258
niter,ni,del,rscale     2    3    5.0000    0.5000
parameters
   -3.5932   25.9817    7.9268   -6.0558  -15.0761    5.2257
   -6.6526   -8.8310   10.9462    8.5189    5.7600  -12.8971
eta,q 0.97450  7.82103
  0.0262  0.0261  0.0259  0.0262  0.0259  0.0267  0.0260  0.0266  0.0259  0.0263  0.0257  0.0257
  0.0259  0.0258  0.0257  0.0259  0.0257  0.0261  0.0257  0.0260  0.0257  0.0259  0.0256  0.0256
  0.0256  0.0256  0.0256  0.0257  0.0256  0.0257  0.0256  0.0256  0.0255  0.0256  0.0255  0.0255
  0.0255  0.0255  0.0255  0.0255  0.0255  0.0255  0.0255  0.0255  0.0255  0.0255  0.0255  0.0255
  0.0256  0.0256  0.0256  0.0255  0.0255  0.0255  0.0256  0.0256  0.0255  0.0256  0.0255  0.0255
  0.0259  0.0258  0.0257  0.0258  0.0257  0.0259  0.0257  0.0260  0.0257  0.0258  0.0256  0.0256
  0.0262  0.0261  0.0259  0.0262  0.0260  0.0267  0.0260  0.0266  0.0259  0.0263  0.0257  0.0257
niter,ni,del,rscale     1    3    5.0000    0.4000
parameters
   -3.5952   25.9783    7.9416   -5.9715  -15.0319    5.3396
   -6.6508   -8.8397   10.9443    8.5133    5.7048  -12.8832
eta,q 0.97452  7.82698
  0.0260  0.0258  0.0257  0.0260  0.0258  0.0263  0.0258  0.0262  0.0257  0.0260  0.0256  0.0256
  0.0257  0.0256  0.0256  0.0258  0.0256  0.0259  0.0256  0.0258  0.0256  0.0257  0.0255  0.0256
  0.0256  0.0255  0.0255  0.0256  0.0255  0.0257  0.0255  0.0256  0.0255  0.0255  0.0255  0.0255
  0.0255  0.0255  0.0255  0.0255  0.0255  0.0255  0.0255  0.0255  0.0255  0.0255  0.0255  0.0255
  0.0255  0.0255  0.0255  0.0255  0.0255  0.0255  0.0255  0.0256  0.0255  0.0255  0.0255  0.0255
  0.0257  0.0257  0.0256  0.0257  0.0256  0.0257  0.0256  0.0258  0.0256  0.0257  0.0256  0.0255
  0.0260  0.0258  0.0257  0.0260  0.0258  0.0262  0.0258  0.0262  0.0257  0.0260  0.0256  0.0256
registration optimization eta report
parameter search radius
    0.8000    0.8000    0.8000    2.4000    2.4000    2.4000
    2.4000    2.4000    2.4000    2.4000    2.4000    2.4000
100000*second partial in parameter space
       74.       54.       36.        8.        5.       13.
        6.       13.        4.        9.        3.        2.
  0.0260  0.0258  0.0257  0.0260  0.0258  0.0263  0.0258  0.0262  0.0257  0.0260  0.0256  0.0256
  0.0257  0.0256  0.0256  0.0258  0.0256  0.0259  0.0256  0.0258  0.0256  0.0257  0.0255  0.0256
  0.0256  0.0255  0.0255  0.0256  0.0255  0.0257  0.0255  0.0256  0.0255  0.0255  0.0255  0.0255
  0.0255  0.0255  0.0255  0.0255  0.0255  0.0255  0.0255  0.0255  0.0255  0.0255  0.0255  0.0255
  0.0255  0.0255  0.0255  0.0255  0.0255  0.0255  0.0255  0.0256  0.0255  0.0255  0.0255  0.0255
  0.0257  0.0257  0.0256  0.0257  0.0256  0.0257  0.0256  0.0258  0.0256  0.0257  0.0256  0.0255
  0.0260  0.0258  0.0257  0.0260  0.0258  0.0262  0.0258  0.0262  0.0257  0.0260  0.0256  0.0256
   -3.5952   25.9783    7.9416   -5.9715  -15.0319    5.3396
   -6.6508   -8.8397   10.9443    8.5133    5.7048  -12.8832
eta,q 0.97452  7.82698

---------------------------------------------------------------------
imgreg_4dfp /opt/freesurfer/average/711-2C_as_mni_average_305 /opt/freesurfer/average/711-2B_as_mni_average_305_mask talsrcimg_g11 none talsrcimg_to_711-2C_as_mni_average_305_t4 2311
---------------------------------------------------------------------

freesurfer imgreg_4dfp.c
/opt/freesurfer/average/711-2C_as_mni_average_305.4dfp.img
       256       256       256         1
  1.000000  1.000000  1.000000
orientation T byte_order littleendian
Reading image: /opt/freesurfer/average/711-2C_as_mni_average_305.4dfp.img
dimensions:      256       256       256
mmppix:       1.0000   -1.0000   -1.0000
center:     128.0000 -129.0000 -129.0000
/opt/freesurfer/average/711-2B_as_mni_average_305_mask.4dfp.img
       256       256       256         1
  1.000000  1.000000  1.000000
orientation T byte_order littleendian
Reading mask: /opt/freesurfer/average/711-2B_as_mni_average_305_mask.4dfp.img (2306576 pixels)
talsrcimg_g11.4dfp.img
       256       256       256         1
  1.000000  1.000000  1.000000
orientation T byte_order littleendian
Reading image: talsrcimg_g11.4dfp.img
dimensions:      256       256       256
mmppix:       1.0000   -1.0000   -1.0000
center:     128.0000 -129.0000 -129.0000
fimgreg.f
image alignment mode   2311 decimal      907 hex
parameters
   -3.5952   25.9783    7.9416   -5.9715  -15.0319    5.3396
   -6.6508   -8.8397   10.9443    8.5133    5.7048  -12.8832
eta,q 0.97452  7.82698
niter,ni,del,rscale     5    3    5.0000    0.8000
parameters
   -3.5984   26.0125    7.9777   -6.5009  -15.2324    5.0363
   -6.6428   -8.7626   11.0283    8.5229    5.8297  -12.8570
eta,q 0.97443  7.79903
  0.0273  0.0269  0.0265  0.0267  0.0266  0.0278  0.0269  0.0283  0.0265  0.0274  0.0262  0.0261
  0.0263  0.0261  0.0259  0.0262  0.0260  0.0267  0.0261  0.0268  0.0260  0.0265  0.0258  0.0258
  0.0257  0.0256  0.0256  0.0257  0.0257  0.0259  0.0257  0.0259  0.0257  0.0258  0.0256  0.0256
  0.0255  0.0255  0.0255  0.0255  0.0255  0.0255  0.0256  0.0256  0.0256  0.0256  0.0256  0.0256
  0.0257  0.0256  0.0256  0.0257  0.0256  0.0258  0.0257  0.0259  0.0257  0.0257  0.0256  0.0256
  0.0263  0.0261  0.0259  0.0264  0.0261  0.0270  0.0261  0.0267  0.0260  0.0264  0.0258  0.0258
  0.0274  0.0268  0.0264  0.0277  0.0268  0.0287  0.0268  0.0281  0.0264  0.0275  0.0261  0.0261
niter,ni,del,rscale     4    3    5.0000    0.7000
parameters
   -3.5975   25.9900    7.9366   -6.3306  -15.1563    5.0344
   -6.6652   -8.7978   10.9853    8.5110    5.8249  -12.8604
eta,q 0.97445  7.80668
  0.0269  0.0266  0.0262  0.0267  0.0264  0.0275  0.0265  0.0276  0.0262  0.0270  0.0260  0.0259
  0.0262  0.0260  0.0258  0.0263  0.0260  0.0266  0.0260  0.0264  0.0259  0.0263  0.0257  0.0257
  0.0257  0.0257  0.0256  0.0259  0.0257  0.0259  0.0257  0.0257  0.0256  0.0258  0.0256  0.0256
  0.0256  0.0256  0.0256  0.0256  0.0255  0.0255  0.0255  0.0255  0.0255  0.0255  0.0255  0.0255
  0.0257  0.0257  0.0257  0.0256  0.0256  0.0256  0.0257  0.0258  0.0256  0.0257  0.0256  0.0256
  0.0262  0.0261  0.0259  0.0260  0.0259  0.0264  0.0260  0.0265  0.0259  0.0262  0.0257  0.0257
  0.0269  0.0266  0.0263  0.0267  0.0264  0.0278  0.0266  0.0276  0.0263  0.0271  0.0260  0.0260
niter,ni,del,rscale     3    3    5.0000    0.6000
parameters
   -3.5943   25.9854    7.9269   -6.1735  -15.1150    5.1222
   -6.6639   -8.8175   10.9682    8.5114    5.8014  -12.8892
eta,q 0.97448  7.81443
  0.0266  0.0263  0.0260  0.0265  0.0262  0.0271  0.0263  0.0271  0.0260  0.0266  0.0259  0.0258
  0.0260  0.0259  0.0258  0.0261  0.0258  0.0264  0.0259  0.0262  0.0258  0.0260  0.0257  0.0257
  0.0257  0.0256  0.0256  0.0258  0.0256  0.0259  0.0256  0.0257  0.0256  0.0257  0.0256  0.0256
  0.0255  0.0255  0.0256  0.0256  0.0255  0.0255  0.0255  0.0255  0.0255  0.0255  0.0255  0.0255
  0.0257  0.0256  0.0256  0.0256  0.0256  0.0255  0.0256  0.0257  0.0256  0.0256  0.0256  0.0255
  0.0260  0.0259  0.0258  0.0259  0.0258  0.0261  0.0259  0.0262  0.0258  0.0260  0.0257  0.0256
  0.0266  0.0263  0.0260  0.0265  0.0262  0.0272  0.0263  0.0271  0.0260  0.0267  0.0259  0.0258
niter,ni,del,rscale     2    3    5.0000    0.5000
parameters
   -3.5960   25.9786    7.9288   -6.0583  -15.0742    5.2251
   -6.6595   -8.8298   10.9459    8.5125    5.7520  -12.8931
eta,q 0.97450  7.82096
  0.0262  0.0261  0.0259  0.0262  0.0260  0.0267  0.0260  0.0266  0.0259  0.0263  0.0257  0.0257
  0.0258  0.0257  0.0257  0.0259  0.0257  0.0261  0.0257  0.0260  0.0257  0.0259  0.0256  0.0256
  0.0256  0.0256  0.0256  0.0257  0.0256  0.0257  0.0256  0.0256  0.0255  0.0256  0.0255  0.0255
  0.0255  0.0255  0.0255  0.0255  0.0255  0.0255  0.0255  0.0255  0.0255  0.0255  0.0255  0.0255
  0.0256  0.0256  0.0256  0.0255  0.0255  0.0255  0.0256  0.0256  0.0255  0.0256  0.0255  0.0255
  0.0258  0.0258  0.0257  0.0258  0.0257  0.0259  0.0257  0.0260  0.0257  0.0258  0.0256  0.0256
  0.0262  0.0261  0.0259  0.0262  0.0260  0.0267  0.0260  0.0266  0.0259  0.0263  0.0257  0.0257
niter,ni,del,rscale     1    3    5.0000    0.4000
parameters
   -3.5937   25.9763    7.9434   -5.9727  -15.0321    5.3412
   -6.6499   -8.8389   10.9417    8.5109    5.7064  -12.8608
eta,q 0.97452  7.82685
  0.0260  0.0258  0.0257  0.0260  0.0258  0.0263  0.0258  0.0262  0.0257  0.0260  0.0256  0.0256
  0.0257  0.0256  0.0256  0.0258  0.0256  0.0259  0.0256  0.0258  0.0256  0.0257  0.0255  0.0256
  0.0256  0.0255  0.0255  0.0256  0.0255  0.0257  0.0255  0.0256  0.0255  0.0256  0.0255  0.0255
  0.0255  0.0255  0.0255  0.0255  0.0255  0.0255  0.0255  0.0255  0.0255  0.0255  0.0255  0.0255
  0.0256  0.0255  0.0255  0.0255  0.0255  0.0255  0.0255  0.0256  0.0255  0.0255  0.0255  0.0255
  0.0257  0.0257  0.0256  0.0257  0.0256  0.0257  0.0256  0.0258  0.0256  0.0257  0.0256  0.0255
  0.0260  0.0258  0.0257  0.0259  0.0258  0.0262  0.0258  0.0262  0.0257  0.0260  0.0256  0.0256
registration optimization eta report
parameter search radius
    0.8000    0.8000    0.8000    2.4000    2.4000    2.4000
    2.4000    2.4000    2.4000    2.4000    2.4000    2.4000
100000*second partial in parameter space
       74.       54.       35.        8.        5.       13.
        6.       12.        4.        9.        3.        2.
  0.0260  0.0258  0.0257  0.0260  0.0258  0.0263  0.0258  0.0262  0.0257  0.0260  0.0256  0.0256
  0.0257  0.0256  0.0256  0.0258  0.0256  0.0259  0.0256  0.0258  0.0256  0.0257  0.0255  0.0256
  0.0256  0.0255  0.0255  0.0256  0.0255  0.0257  0.0255  0.0256  0.0255  0.0256  0.0255  0.0255
  0.0255  0.0255  0.0255  0.0255  0.0255  0.0255  0.0255  0.0255  0.0255  0.0255  0.0255  0.0255
  0.0256  0.0255  0.0255  0.0255  0.0255  0.0255  0.0255  0.0256  0.0255  0.0255  0.0255  0.0255
  0.0257  0.0257  0.0256  0.0257  0.0256  0.0257  0.0256  0.0258  0.0256  0.0257  0.0256  0.0255
  0.0260  0.0258  0.0257  0.0259  0.0258  0.0262  0.0258  0.0262  0.0257  0.0260  0.0256  0.0256
   -3.5937   25.9763    7.9434   -5.9727  -15.0321    5.3412
   -6.6499   -8.8389   10.9417    8.5109    5.7064  -12.8608
eta,q 0.97452  7.82685

---------------------------------------------------------------------
compute_vox2vox talsrcimg talsrcimg_to_711-2C_as_mni_average_305_t4 /opt/freesurfer/average/711-2C_as_mni_average_305
---------------------------------------------------------------------

freesurfer compute_vox2vox.c
Reading: talsrcimg.4dfp.ifh
Reading: talsrcimg_to_711-2C_as_mni_average_305_t4
Reading: /opt/freesurfer/average/711-2C_as_mni_average_305.4dfp.ifh
Writing: talsrcimg_to_711-2C_as_mni_average_305_t4_vox2vox.txt

start time Tue Mar 10 08:44:31 CET 2026
end		time Tue Mar 10 08:46:01 CET 2026

mpr2mni305 success

avi2talxfm orig_nu.mgz /opt/freesurfer/average/mni305.cor.mgz talsrcimg_to_711-2C_as_mni_average_305_t4_vox2vox.txt transforms/talairach.auto.xfm
avi2talxfm done
mv -f /out/sourcedata/freesurfer/sub-v2s0x29021_ses-1/mri/talsrcimg_to_711-2C_as_mni_average_305_t4_vox2vox.txt /out/sourcedata/freesurfer/sub-v2s0x29021_ses-1/mri/transforms/talsrcimg_to_711-2C_as_mni_average_305_t4_vox2vox.txt
lta_convert --src orig_nu.mgz --trg /opt/freesurfer/average/mni305.cor.mgz --inxfm transforms/talairach.auto.xfm --outlta transforms/talairach.auto.xfm.lta --subject fsaverage
7.3.2

--src: orig_nu.mgz src image (geometry).
--trg: /opt/freesurfer/average/mni305.cor.mgz trg image (geometry).
--inmni: transforms/talairach.auto.xfm input MNI/XFM transform.
--outlta: transforms/talairach.auto.xfm.lta output LTA.
--s: fsaverage subject name
 LTA read, type : 1
 1.04769   0.08030   0.09415  -2.89275;
-0.07234   0.93228   0.13545  -46.63303;
-0.12767  -0.10372   1.15122  -22.64879;
 0.00000   0.00000   0.00000   1.00000;
setting subject to fsaverage
Writing  LTA to file transforms/talairach.auto.xfm.lta...
lta_convert successful.
 
 
Started at Tue Mar 10 08:44:31 CET 2026
Ended   at Tue Mar 10 08:46:02 CET 2026
talairach_avi done
