/out/sourcedata/freesurfer/sub-v2s0x30146_ses-1/mri
/opt/freesurfer/bin/talairach_avi
--i orig_nu.mgz --xfm transforms/talairach.auto.xfm
talairach_avi 7.3.2
Linux dna003 5.14.0-427.37.1.el9_4.x86_64 #1 SMP PREEMPT_DYNAMIC Fri Sep 13 12:41:50 EDT 2024 x86_64 x86_64 x86_64 GNU/Linux
Tue Mar 10 13:13:00 CET 2026
mri_convert orig_nu.mgz talsrcimg.img 
reading from orig_nu.mgz...
TR=0.00, TE=0.00, TI=0.00, flip angle=0.00
i_ras = (-1, 0, 0)
j_ras = (0, 0, -1)
k_ras = (0, 1, 0)
writing to talsrcimg.img...
Analyze Output Matrix
-1.00000   0.00000   0.00000   129.77406;
 0.00000   0.00000   1.00000  -89.00609;
 0.00000  -1.00000   0.00000   122.84923;
 0.00000   0.00000   0.00000   1.00000;
--------------------
INFO: set hdr.hist.orient to -1
mpr2mni305 talsrcimg
Tue Mar 10 13:13:00 CET 2026
/opt/freesurfer/bin/mpr2mni305 talsrcimg
mpr2mni305 7.3.2
target=711-2C_as_mni_average_305

---------------------------------------------------------------------
analyzeto4dfp talsrcimg -O0 -y
---------------------------------------------------------------------

freesurfer ifh2hdr.c
Tue Mar 10 13:13:00 2026
Writing: talsrcimg.4dfp.hdr
freesurfer analyzeto4dfp.c
Reading: talsrcimg.hdr
header size 348 bytes
hdr.dime.datatype	offset=70	value=2
hdr.dime.bitpix		offset=72	value=8
hdr.hist.orient		offset=252	value=-1
dimensionality     4
dimensions       256       256       256         1
Reading: talsrcimg.img
Writing: talsrcimg.4dfp.img
Writing: talsrcimg.4dfp.ifh
ifh2hdr talsrcimg -r0to254
ori=2

---------------------------------------------------------------------
gauss_4dfp talsrcimg 1.1
---------------------------------------------------------------------

freesurfer gauss_4dfp.c
Reading: talsrcimg.4dfp.img
Writing: talsrcimg_g11.4dfp.img
image dimensions 256 256 256 padded to 288 288 288
processing volume 1freesurfer ifh2hdr.c
Tue Mar 10 13:13:02 2026
Writing: talsrcimg_g11.4dfp.hdr

Writing: talsrcimg_g11.4dfp.ifh
including: talsrcimg.4dfp.img.rec in talsrcimg_g11.4dfp.img.rec

---------------------------------------------------------------------
imgreg_4dfp /opt/freesurfer/average/711-2C_as_mni_average_305 none talsrcimg_g11 none talsrcimg_to_711-2C_as_mni_average_305_t4 4355
---------------------------------------------------------------------

freesurfer imgreg_4dfp.c
/opt/freesurfer/average/711-2C_as_mni_average_305.4dfp.img
       256       256       256         1
  1.000000  1.000000  1.000000
orientation T byte_order littleendian
Reading image: /opt/freesurfer/average/711-2C_as_mni_average_305.4dfp.img
dimensions:      256       256       256
mmppix:       1.0000   -1.0000   -1.0000
center:     128.0000 -129.0000 -129.0000
talsrcimg_g11.4dfp.img
       256       256       256         1
  1.000000  1.000000  1.000000
orientation T byte_order littleendian
Reading image: talsrcimg_g11.4dfp.img
dimensions:      256       256       256
mmppix:       1.0000   -1.0000   -1.0000
center:     128.0000 -129.0000 -129.0000
t4_read: open error in t4_sub.f l:  41 t4_file(1:l)talsrcimg_to_711-2C_as_mni_average_305_t4 
t4_read: transform initialized to I4
rotation matrix determinant  1.000000
image alignment mode   4355 decimal     1103 hex
   -7.5000  -45.0000  -45.0000 5490.4858   12.2017
    0.0000  -45.0000  -45.0000 5773.6777   12.2276
    7.5000  -45.0000  -45.0000 5572.5073   12.2200
   -7.5000  -37.5000  -45.0000 6077.1328   11.7888
    0.0000  -37.5000  -45.0000 6389.7666   11.8153
    7.5000  -37.5000  -45.0000 6168.2021   11.8049
   -7.5000  -30.0000  -45.0000 6925.9429   11.4873
    0.0000  -30.0000  -45.0000 7281.0073   11.5114
    7.5000  -30.0000  -45.0000 7037.7568   11.4989
   -7.5000  -22.5000  -45.0000 7824.4229   11.2636
    0.0000  -22.5000  -45.0000 8240.8750   11.2861
    7.5000  -22.5000  -45.0000 7961.0679   11.2763
   -7.5000  -15.0000  -45.0000 8799.3672   11.1525
    0.0000  -15.0000  -45.0000 9270.8877   11.1762
    7.5000  -15.0000  -45.0000 8949.2109   11.1713
   -7.5000   -7.5000  -45.0000 9800.3633   11.1520
    0.0000   -7.5000  -45.000010307.9775   11.1780
    7.5000   -7.5000  -45.0000 9954.2959   11.1756
   -7.5000    0.0000  -45.000010802.6641   11.1655
    0.0000    0.0000  -45.000011360.6426   11.1922
    7.5000    0.0000  -45.000010963.3369   11.1877
   -7.5000    7.5000  -45.000010932.4307   11.1686
    0.0000    7.5000  -45.000011479.4795   11.1939
    7.5000    7.5000  -45.000011072.4404   11.1847
   -7.5000   15.0000  -45.000010873.9238   11.1588
    0.0000   15.0000  -45.000011410.2471   11.1817
    7.5000   15.0000  -45.000010991.2256   11.1701
   -7.5000   22.5000  -45.000010672.0117   11.1453
    0.0000   22.5000  -45.000011194.1416   11.1673
    7.5000   22.5000  -45.000010810.1602   11.1579
   -7.5000   30.0000  -45.000010430.4990   10.9947
    0.0000   30.0000  -45.000010940.3213   11.0180
    7.5000   30.0000  -45.000010567.4932   11.0132
   -7.5000   37.5000  -45.000010540.4053   11.0034
    0.0000   37.5000  -45.000011045.6670   11.0291
    7.5000   37.5000  -45.000010680.4756   11.0267
   -7.5000   45.0000  -45.000010296.6807   10.7369
    0.0000   45.0000  -45.000010808.9336   10.7627
    7.5000   45.0000  -45.000010444.3271   10.7584
   -7.5000  -45.0000  -37.5000 5783.5889   12.1161
    0.0000  -45.0000  -37.5000 6084.4170   12.1377
    7.5000  -45.0000  -37.5000 5865.9995   12.1293
   -7.5000  -37.5000  -37.5000 6408.5874   11.7128
    0.0000  -37.5000  -37.5000 6743.7710   11.7360
    7.5000  -37.5000  -37.5000 6508.3071   11.7239
   -7.5000  -30.0000  -37.5000 7306.4253   11.4188
    0.0000  -30.0000  -37.5000 7691.0366   11.4405
    7.5000  -30.0000  -37.5000 7434.7759   11.4277
   -7.5000  -22.5000  -37.5000 8277.1738   11.1964
    0.0000  -22.5000  -37.5000 8734.9219   11.2161
    7.5000  -22.5000  -37.5000 8427.6611   11.2085
   -7.5000  -15.0000  -37.5000 9334.7422   11.0845
    0.0000  -15.0000  -37.5000 9847.9551   11.1047
    7.5000  -15.0000  -37.5000 9488.7861   11.1033
   -7.5000   -7.5000  -37.500010412.4375   11.0843
    0.0000   -7.5000  -37.500010964.3057   11.1064
    7.5000   -7.5000  -37.500010574.9395   11.1058
   -7.5000    0.0000  -37.500011444.1172   11.0987
    0.0000    0.0000  -37.500012048.7432   11.1218
    7.5000    0.0000  -37.500011622.6074   11.1167
   -7.5000    7.5000  -37.500011574.7568   11.1030
    0.0000    7.5000  -37.500012157.6094   11.1255
    7.5000    7.5000  -37.500011729.2129   11.1150
   -7.5000   15.0000  -37.500011493.2002   11.0944
    0.0000   15.0000  -37.500012072.7021   11.1151
    7.5000   15.0000  -37.500011631.5801   11.1032
   -7.5000   22.5000  -37.500011294.2783   11.0795
    0.0000   22.5000  -37.500011845.7236   11.0989
    7.5000   22.5000  -37.500011431.5596   11.0917
   -7.5000   30.0000  -37.500011033.1152   10.9277
    0.0000   30.0000  -37.500011566.0928   10.9476
    7.5000   30.0000  -37.500011167.6523   10.9462
   -7.5000   37.5000  -37.500011124.5664   10.9366
    0.0000   37.5000  -37.500011657.6084   10.9584
    7.5000   37.5000  -37.500011260.8750   10.9578
   -7.5000   45.0000  -37.500010842.3672   10.6727
    0.0000   45.0000  -37.500011378.6924   10.6949
    7.5000   45.0000  -37.500010994.5576   10.6900
   -7.5000  -45.0000  -30.0000 6156.5850   12.6140
    0.0000  -45.0000  -30.0000 6483.5991   12.6355
    7.5000  -45.0000  -30.0000 6269.3320   12.6265
   -7.5000  -37.5000  -30.0000 6843.1963   12.1932
    0.0000  -37.5000  -30.0000 7207.3779   12.2152
    7.5000  -37.5000  -30.0000 6966.6406   12.2018
   -7.5000  -30.0000  -30.0000 7840.1362   11.8948
    0.0000  -30.0000  -30.0000 8261.7363   11.9141
    7.5000  -30.0000  -30.0000 7981.8145   11.9003
   -7.5000  -22.5000  -30.0000 8920.0000   11.6636
    0.0000  -22.5000  -30.0000 9406.4463   11.6806
    7.5000  -22.5000  -30.0000 9084.9727   11.6738
   -7.5000  -15.0000  -30.000010063.0703   11.5462
    0.0000  -15.0000  -30.000010599.5938   11.5639
    7.5000  -15.0000  -30.000010228.4033   11.5640
   -7.5000   -7.5000  -30.000011212.1045   11.5448
    0.0000   -7.5000  -30.000011801.2305   11.5651
    7.5000   -7.5000  -30.000011389.8340   11.5648
   -7.5000    0.0000  -30.000012308.2178   11.5583
    0.0000    0.0000  -30.000012941.5684   11.5802
    7.5000    0.0000  -30.000012493.7988   11.5740
   -7.5000    7.5000  -30.000012411.9014   11.5637
    0.0000    7.5000  -30.000013027.9121   11.5848
    7.5000    7.5000  -30.000012597.2070   11.5725
   -7.5000   15.0000  -30.000012329.7178   11.5571
    0.0000   15.0000  -30.000012927.8730   11.5757
    7.5000   15.0000  -30.000012500.6230   11.5628
   -7.5000   22.5000  -30.000012117.3535   11.5407
    0.0000   22.5000  -30.000012722.4707   11.5574
    7.5000   22.5000  -30.000012280.7422   11.5510
   -7.5000   30.0000  -30.000011834.3691   11.3840
    0.0000   30.0000  -30.000012414.1719   11.4014
    7.5000   30.0000  -30.000011990.1670   11.4015
   -7.5000   37.5000  -30.000011898.6143   11.3920
    0.0000   37.5000  -30.000012496.2744   11.4121
    7.5000   37.5000  -30.000012067.0840   11.4118
   -7.5000   45.0000  -30.000011591.7803   11.1228
    0.0000   45.0000  -30.000012173.1846   11.1439
    7.5000   45.0000  -30.000011769.8174   11.1380
   -7.5000  -45.0000  -22.5000 6547.7109   13.0371
    0.0000  -45.0000  -22.5000 6890.8477   13.0626
    7.5000  -45.0000  -22.5000 6661.8101   13.0530
   -7.5000  -37.5000  -22.5000 7286.2749   12.5956
    0.0000  -37.5000  -22.5000 7668.4126   12.6195
    7.5000  -37.5000  -22.5000 7417.1489   12.6059
   -7.5000  -30.0000  -22.5000 8387.1631   12.2906
    0.0000  -30.0000  -22.5000 8833.0352   12.3095
    7.5000  -30.0000  -22.5000 8538.3301   12.2949
   -7.5000  -22.5000  -22.5000 9565.5107   12.0540
    0.0000  -22.5000  -22.500010094.2861   12.0705
    7.5000  -22.5000  -22.5000 9758.0479   12.0621
   -7.5000  -15.0000  -22.500010787.8828   11.9350
    0.0000  -15.0000  -22.500011373.1689   11.9536
    7.5000  -15.0000  -22.500010982.6270   11.9511
   -7.5000   -7.5000  -22.500012000.3369   11.9326
    0.0000   -7.5000  -22.500012632.4307   11.9550
    7.5000   -7.5000  -22.500012197.4619   11.9525
   -7.5000    0.0000  -22.500013161.3496   11.9437
    0.0000    0.0000  -22.500013848.1494   11.9680
    7.5000    0.0000  -22.500013390.1426   11.9605
   -7.5000    7.5000  -22.500013257.5312   11.9482
    0.0000    7.5000  -22.500013942.1201   11.9703
    7.5000    7.5000  -22.500013491.1709   11.9572
   -7.5000   15.0000  -22.500013163.9561   11.9420
    0.0000   15.0000  -22.500013818.4365   11.9600
    7.5000   15.0000  -22.500013372.1943   11.9464
   -7.5000   22.5000  -22.500012932.0508   11.9263
    0.0000   22.5000  -22.500013602.2021   11.9425
    7.5000   22.5000  -22.500013137.1514   11.9346
   -7.5000   30.0000  -22.500012631.8291   11.7691
    0.0000   30.0000  -22.500013259.4990   11.7873
    7.5000   30.0000  -22.500012806.5977   11.7849
   -7.5000   37.5000  -22.500012702.8867   11.7765
    0.0000   37.5000  -22.500013340.3779   11.7987
    7.5000   37.5000  -22.500012880.3281   11.7961
   -7.5000   45.0000  -22.500012361.9883   11.5024
    0.0000   45.0000  -22.500012985.5840   11.5258
    7.5000   45.0000  -22.500012552.6172   11.5185
   -7.5000  -45.0000  -15.0000 6935.2075   13.3378
    0.0000  -45.0000  -15.0000 7283.8799   13.3679
    7.5000  -45.0000  -15.0000 7050.0479   13.3584
   -7.5000  -37.5000  -15.0000 7719.6729   12.8809
    0.0000  -37.5000  -15.0000 8118.5151   12.9082
    7.5000  -37.5000  -15.0000 7849.3594   12.8958
   -7.5000  -30.0000  -15.0000 8913.0273   12.5656
    0.0000  -30.0000  -15.0000 9379.1973   12.5868
    7.5000  -30.0000  -15.0000 9071.4004   12.5724
   -7.5000  -22.5000  -15.000010180.6719   12.3262
    0.0000  -22.5000  -15.000010720.0010   12.3455
    7.5000  -22.5000  -15.000010359.3975   12.3346
   -7.5000  -15.0000  -15.000011473.5254   12.2081
    0.0000  -15.0000  -15.000012064.3271   12.2302
    7.5000  -15.0000  -15.000011654.0654   12.2239
   -7.5000   -7.5000  -15.000012743.9521   12.2054
    0.0000   -7.5000  -15.000013392.4463   12.2320
    7.5000   -7.5000  -15.000012937.0762   12.2270
   -7.5000    0.0000  -15.000013970.6357   12.2148
    0.0000    0.0000  -15.000014700.9238   12.2430
    7.5000    0.0000  -15.000014208.0820   12.2354
   -7.5000    7.5000  -15.000014147.3633   12.2171
    0.0000    7.5000  -15.000014869.0439   12.2421
    7.5000    7.5000  -15.000014388.2588   12.2301
   -7.5000   15.0000  -15.000014075.0205   12.2096
    0.0000   15.0000  -15.000014759.9658   12.2298
    7.5000   15.0000  -15.000014291.5498   12.2162
   -7.5000   22.5000  -15.000013795.4678   12.1954
    0.0000   22.5000  -15.000014477.6670   12.2142
    7.5000   22.5000  -15.000013992.4287   12.2038
   -7.5000   30.0000  -15.000013452.0596   12.0399
    0.0000   30.0000  -15.000014098.7598   12.0618
    7.5000   30.0000  -15.000013593.5029   12.0555
   -7.5000   37.5000  -15.000013556.2002   12.0474
    0.0000   37.5000  -15.000014217.4170   12.0737
    7.5000   37.5000  -15.000013712.9160   12.0688
   -7.5000   45.0000  -15.000013166.9658   11.7706
    0.0000   45.0000  -15.000013819.5332   11.7977
    7.5000   45.0000  -15.000013365.2930   11.7904
   -7.5000  -45.0000   -7.5000 7288.1328   13.4929
    0.0000  -45.0000   -7.5000 7660.3081   13.5238
    7.5000  -45.0000   -7.5000 7403.2744   13.5153
   -7.5000  -37.5000   -7.5000 8169.2417   13.0331
    0.0000  -37.5000   -7.5000 8593.8857   13.0626
    7.5000  -37.5000   -7.5000 8303.7363   13.0517
   -7.5000  -30.0000   -7.5000 9466.9443   12.7070
    0.0000  -30.0000   -7.5000 9960.9629   12.7318
    7.5000  -30.0000   -7.5000 9624.1328   12.7180
   -7.5000  -22.5000   -7.500010820.2979   12.4646
    0.0000  -22.5000   -7.500011378.0234   12.4877
    7.5000  -22.5000   -7.500010984.4688   12.4757
   -7.5000  -15.0000   -7.500012179.1660   12.3454
    0.0000  -15.0000   -7.500012802.4883   12.3709
    7.5000  -15.0000   -7.500012360.7793   12.3631
   -7.5000   -7.5000   -7.500013499.3184   12.3433
    0.0000   -7.5000   -7.500014192.3770   12.3726
    7.5000   -7.5000   -7.500013688.1738   12.3677
   -7.5000    0.0000   -7.500014791.4307   12.3545
    0.0000    0.0000   -7.500015557.5244   12.3848
    7.5000    0.0000   -7.500015017.2637   12.3787
   -7.5000    7.5000   -7.500014995.0771   12.3564
    0.0000    7.5000   -7.500015767.7656   12.3839
    7.5000    7.5000   -7.500015276.7227   12.3737
   -7.5000   15.0000   -7.500015030.7061   12.3469
    0.0000   15.0000   -7.500015805.8008   12.3705
    7.5000   15.0000   -7.500015320.9453   12.3576
   -7.5000   22.5000   -7.500014768.9248   12.3310
    0.0000   22.5000   -7.500015544.6719   12.3535
    7.5000   22.5000   -7.500015022.6387   12.3420
   -7.5000   30.0000   -7.500014404.2529   12.1751
    0.0000   30.0000   -7.500015083.9746   12.2002
    7.5000   30.0000   -7.500014512.4160   12.1926
   -7.5000   37.5000   -7.500014504.7080   12.1833
    0.0000   37.5000   -7.500015205.0273   12.2121
    7.5000   37.5000   -7.500014611.2441   12.2073
   -7.5000   45.0000   -7.500014074.6748   11.9074
    0.0000   45.0000   -7.500014793.7520   11.9366
    7.5000   45.0000   -7.500014246.4932   11.9307
   -7.5000  -45.0000    0.0000 7594.7051   13.5323
    0.0000  -45.0000    0.0000 8008.5518   13.5603
    7.5000  -45.0000    0.0000 7706.2041   13.5518
   -7.5000  -37.5000    0.0000 8531.7070   13.0781
    0.0000  -37.5000    0.0000 8997.8291   13.1069
    7.5000  -37.5000    0.0000 8677.7246   13.0954
   -7.5000  -30.0000    0.0000 9898.1543   12.7463
    0.0000  -30.0000    0.000010432.3340   12.7726
    7.5000  -30.0000    0.000010066.3789   12.7589
   -7.5000  -22.5000    0.000011324.2031   12.5002
    0.0000  -22.5000    0.000011917.0996   12.5247
    7.5000  -22.5000    0.000011498.7754   12.5139
   -7.5000  -15.0000    0.000012795.0029   12.3781
    0.0000  -15.0000    0.000013427.7637   12.4039
    7.5000  -15.0000    0.000012966.3086   12.3984
   -7.5000   -7.5000    0.000014216.0156   12.3777
    0.0000   -7.5000    0.000014918.3271   12.4060
    7.5000   -7.5000    0.000014395.3750   12.4031
   -7.5000    0.0000    0.000015549.8242   12.3924
    0.0000    0.0000    0.000016286.3135   12.4216
    7.5000    0.0000    0.000015742.7012   12.4164
   -7.5000    7.5000    0.000015748.2158   12.3957
    0.0000    7.5000    0.000016479.8906   12.4233
    7.5000    7.5000    0.000015973.6465   12.4131
   -7.5000   15.0000    0.000015818.9863   12.3848
    0.0000   15.0000    0.000016742.6426   12.4098
    7.5000   15.0000    0.000016238.1123   12.3970
   -7.5000   22.5000    0.000015717.3877   12.3660
    0.0000   22.5000    0.000016865.0117   12.3900
    7.5000   22.5000    0.000016252.5840   12.3796
   -7.5000   30.0000    0.000015364.5127   12.2078
    0.0000   30.0000    0.000016460.5664   12.2332
    7.5000   30.0000    0.000015681.3281   12.2278
   -7.5000   37.5000    0.000015426.7090   12.2175
    0.0000   37.5000    0.000016460.0391   12.2454
    7.5000   37.5000    0.000015636.8330   12.2426
   -7.5000   45.0000    0.000014921.4727   11.9449
    0.0000   45.0000    0.000015890.3545   11.9730
    7.5000   45.0000    0.000015144.4775   11.9680
   -7.5000  -45.0000    7.5000 7271.2563   13.5450
    0.0000  -45.0000    7.5000 7708.4971   13.5690
    7.5000  -45.0000    7.5000 7403.6147   13.5597
   -7.5000  -37.5000    7.5000 8254.7139   13.0945
    0.0000  -37.5000    7.5000 8722.7334   13.1204
    7.5000  -37.5000    7.5000 8391.5400   13.1069
   -7.5000  -30.0000    7.5000 9610.2959   12.7661
    0.0000  -30.0000    7.500010141.2578   12.7903
    7.5000  -30.0000    7.5000 9764.7344   12.7760
   -7.5000  -22.5000    7.500010984.5977   12.5177
    0.0000  -22.5000    7.500011549.7510   12.5396
    7.5000  -22.5000    7.500011159.0293   12.5311
   -7.5000  -15.0000    7.500012402.1396   12.3926
    0.0000  -15.0000    7.500013002.5186   12.4151
    7.5000  -15.0000    7.500012551.5107   12.4136
   -7.5000   -7.5000    7.500013782.5879   12.3925
    0.0000   -7.5000    7.500014453.3643   12.4170
    7.5000   -7.5000    7.500013960.4912   12.4165
   -7.5000    0.0000    7.500015082.6250   12.4086
    0.0000    0.0000    7.500015833.0713   12.4344
    7.5000    0.0000    7.500015295.5283   12.4287
   -7.5000    7.5000    7.500015236.0752   12.4135
    0.0000    7.5000    7.500016088.9746   12.4385
    7.5000    7.5000    7.500015526.1562   12.4267
   -7.5000   15.0000    7.500015286.9238   12.4037
    0.0000   15.0000    7.500016462.8730   12.4268
    7.5000   15.0000    7.500015886.7393   12.4136
   -7.5000   22.5000    7.500015179.9131   12.3830
    0.0000   22.5000    7.500016723.8848   12.4046
    7.5000   22.5000    7.500016057.6494   12.3966
   -7.5000   30.0000    7.500014918.7969   12.2221
    0.0000   30.0000    7.500016447.5996   12.2443
    7.5000   30.0000    7.500015666.9893   12.2428
   -7.5000   37.5000    7.500014973.0801   12.2321
    0.0000   37.5000    7.500016332.3008   12.2563
    7.5000   37.5000    7.500015513.6035   12.2558
   -7.5000   45.0000    7.500014413.4629   11.9605
    0.0000   45.0000    7.500015574.7627   11.9853
    7.5000   45.0000    7.500014840.2832   11.9798
   -7.5000  -45.0000   15.0000 6865.2954   13.5454
    0.0000  -45.0000   15.0000 7273.5591   13.5685
    7.5000  -45.0000   15.0000 6988.3047   13.5589
   -7.5000  -37.5000   15.0000 7795.6499   13.0935
    0.0000  -37.5000   15.0000 8263.7090   13.1172
    7.5000  -37.5000   15.0000 7926.6392   13.1027
   -7.5000  -30.0000   15.0000 9090.2178   12.7731
    0.0000  -30.0000   15.0000 9645.7471   12.7939
    7.5000  -30.0000   15.0000 9258.1123   12.7791
   -7.5000  -22.5000   15.000010424.9033   12.5249
    0.0000  -22.5000   15.000011020.7812   12.5431
    7.5000  -22.5000   15.000010615.1387   12.5358
   -7.5000  -15.0000   15.000011778.5557   12.3988
    0.0000  -15.0000   15.000012426.3076   12.4178
    7.5000  -15.0000   15.000011962.6514   12.4179
   -7.5000   -7.5000   15.000013082.5322   12.3972
    0.0000   -7.5000   15.000013827.4180   12.4190
    7.5000   -7.5000   15.000013301.3750   12.4188
   -7.5000    0.0000   15.000014351.9131   12.4117
    0.0000    0.0000   15.000015191.3545   12.4353
    7.5000    0.0000   15.000014583.2568   12.4286
   -7.5000    7.5000   15.000014540.9346   12.4176
    0.0000    7.5000   15.000015489.2773   12.4402
    7.5000    7.5000   15.000014839.4385   12.4270
   -7.5000   15.0000   15.000014524.2217   12.4104
    0.0000   15.0000   15.000015679.7266   12.4304
    7.5000   15.0000   15.000015047.3213   12.4166
   -7.5000   22.5000   15.000014362.2402   12.3901
    0.0000   22.5000   15.000015555.0049   12.4081
    7.5000   22.5000   15.000014931.3760   12.4012
   -7.5000   30.0000   15.000014085.6035   12.2282
    0.0000   30.0000   15.000015186.8779   12.2468
    7.5000   30.0000   15.000014522.1816   12.2470
   -7.5000   37.5000   15.000014202.5020   12.2368
    0.0000   37.5000   15.000015244.9814   12.2583
    7.5000   37.5000   15.000014573.3506   12.2581
   -7.5000   45.0000   15.000013696.9404   11.9635
    0.0000   45.0000   15.000014642.4150   11.9862
    7.5000   45.0000   15.000014016.5039   11.9798
   -7.5000  -45.0000   22.5000 6415.4551   13.5583
    0.0000  -45.0000   22.5000 6768.1895   13.5849
    7.5000  -45.0000   22.5000 6525.4141   13.5749
   -7.5000  -37.5000   22.5000 7279.7515   13.0983
    0.0000  -37.5000   22.5000 7693.1348   13.1232
    7.5000  -37.5000   22.5000 7417.0513   13.1090
   -7.5000  -30.0000   22.5000 8502.4238   12.7806
    0.0000  -30.0000   22.5000 8990.8037   12.8002
    7.5000  -30.0000   22.5000 8668.1543   12.7851
   -7.5000  -22.5000   22.5000 9768.4707   12.5342
    0.0000  -22.5000   22.500010295.0918   12.5514
    7.5000  -22.5000   22.5000 9929.6377   12.5427
   -7.5000  -15.0000   22.500011060.1416   12.4104
    0.0000  -15.0000   22.500011607.9990   12.4298
    7.5000  -15.0000   22.500011193.5410   12.4272
   -7.5000   -7.5000   22.500012288.0986   12.4078
    0.0000   -7.5000   22.500012906.7217   12.4312
    7.5000   -7.5000   22.500012437.9863   12.4285
   -7.5000    0.0000   22.500013485.5430   12.4193
    0.0000    0.0000   22.500014167.0225   12.4446
    7.5000    0.0000   22.500013641.0674   12.4368
   -7.5000    7.5000   22.500013659.2568   12.4239
    0.0000    7.5000   22.500014398.0391   12.4469
    7.5000    7.5000   22.500013868.5801   12.4333
   -7.5000   15.0000   22.500013611.0488   12.4174
    0.0000   15.0000   22.500014372.3086   12.4363
    7.5000   15.0000   22.500013885.2383   12.4221
   -7.5000   22.5000   22.500013399.6357   12.3993
    0.0000   22.5000   22.500014101.5879   12.4163
    7.5000   22.5000   22.500013630.6475   12.4079
   -7.5000   30.0000   22.500013110.7832   12.2395
    0.0000   30.0000   22.500013745.7705   12.2586
    7.5000   30.0000   22.500013291.2949   12.2560
   -7.5000   37.5000   22.500013227.3447   12.2472
    0.0000   37.5000   22.500013929.0771   12.2703
    7.5000   37.5000   22.500013460.1094   12.2677
   -7.5000   45.0000   22.500012829.8887   11.9708
    0.0000   45.0000   22.500013514.6211   11.9952
    7.5000   45.0000   22.500013053.0605   11.9876
   -7.5000  -45.0000   30.0000 6008.9673   13.7755
    0.0000  -45.0000   30.0000 6331.6694   13.8086
    7.5000  -45.0000   30.0000 6125.8203   13.7995
   -7.5000  -37.5000   30.0000 6796.7056   13.2948
    0.0000  -37.5000   30.0000 7166.2710   13.3248
    7.5000  -37.5000   30.0000 6931.4111   13.3126
   -7.5000  -30.0000   30.0000 7929.0820   12.9639
    0.0000  -30.0000   30.0000 8340.3330   12.9872
    7.5000  -30.0000   30.0000 8069.6372   12.9727
   -7.5000  -22.5000   30.0000 9113.4043   12.7128
    0.0000  -22.5000   30.0000 9547.9287   12.7341
    7.5000  -22.5000   30.0000 9254.1445   12.7233
   -7.5000  -15.0000   30.000010304.3223   12.5889
    0.0000  -15.0000   30.000010760.1006   12.6134
    7.5000  -15.0000   30.000010432.6523   12.6073
   -7.5000   -7.5000   30.000011480.5547   12.5860
    0.0000   -7.5000   30.000011970.1211   12.6152
    7.5000   -7.5000   30.000011596.3799   12.6106
   -7.5000    0.0000   30.000012595.5967   12.5956
    0.0000    0.0000   30.000013135.8477   12.6264
    7.5000    0.0000   30.000012707.1582   12.6192
   -7.5000    7.5000   30.000012725.4795   12.5979
    0.0000    7.5000   30.000013308.8154   12.6253
    7.5000    7.5000   30.000012880.6113   12.6134
   -7.5000   15.0000   30.000012665.1240   12.5902
    0.0000   15.0000   30.000013225.7334   12.6124
    7.5000   15.0000   30.000012824.0439   12.5988
   -7.5000   22.5000   30.000012459.7461   12.5743
    0.0000   22.5000   30.000012973.9756   12.5951
    7.5000   22.5000   30.000012565.3438   12.5847
   -7.5000   30.0000   30.000012171.9365   12.4154
    0.0000   30.0000   30.000012689.8486   12.4395
    7.5000   30.0000   30.000012290.1689   12.4335
   -7.5000   37.5000   30.000012294.0078   12.4231
    0.0000   37.5000   30.000012886.9121   12.4519
    7.5000   37.5000   30.000012487.6201   12.4474
   -7.5000   45.0000   30.000011935.8389   12.1407
    0.0000   45.0000   30.000012521.3311   12.1704
    7.5000   45.0000   30.000012128.9385   12.1634
   -7.5000  -45.0000   37.5000 5843.0381   14.1498
    0.0000  -45.0000   37.5000 6165.5630   14.1839
    7.5000  -45.0000   37.5000 5974.8257   14.1754
   -7.5000  -37.5000   37.5000 6602.3359   13.6436
    0.0000  -37.5000   37.5000 6962.7861   13.6756
    7.5000  -37.5000   37.5000 6735.0000   13.6645
   -7.5000  -30.0000   37.5000 7687.1919   13.2847
    0.0000  -30.0000   37.5000 8080.8403   13.3115
    7.5000  -30.0000   37.5000 7830.1895   13.2974
   -7.5000  -22.5000   37.5000 8835.8867   13.0203
    0.0000  -22.5000   37.5000 9257.0107   13.0455
    7.5000  -22.5000   37.5000 8973.9697   13.0335
   -7.5000  -15.0000   37.5000 9986.1094   12.8923
    0.0000  -15.0000   37.500010441.6309   12.9207
    7.5000  -15.0000   37.500010128.8525   12.9132
   -7.5000   -7.5000   37.500011123.4414   12.8926
    0.0000   -7.5000   37.500011614.4326   12.9249
    7.5000   -7.5000   37.500011267.2891   12.9204
   -7.5000    0.0000   37.500012168.8301   12.9053
    0.0000    0.0000   37.500012717.0264   12.9384
    7.5000    0.0000   37.500012331.2725   12.9325
   -7.5000    7.5000   37.500012295.7246   12.9053
    0.0000    7.5000   37.500012837.2949   12.9350
    7.5000    7.5000   37.500012442.2109   12.9246
   -7.5000   15.0000   37.500012227.2031   12.8925
    0.0000   15.0000   37.500012742.9277   12.9178
    7.5000   15.0000   37.500012345.8877   12.9047
   -7.5000   22.5000   37.500012032.2764   12.8751
    0.0000   22.5000   37.500012508.5000   12.8997
    7.5000   22.5000   37.500012112.0518   12.8881
   -7.5000   30.0000   37.500011767.6152   12.7144
    0.0000   30.0000   37.500012245.4121   12.7423
    7.5000   30.0000   37.500011848.3984   12.7349
   -7.5000   37.5000   37.500011894.3789   12.7257
    0.0000   37.5000   37.500012442.6816   12.7577
    7.5000   37.5000   37.500012035.8096   12.7532
   -7.5000   45.0000   37.500011554.2031   12.4392
    0.0000   45.0000   37.500012096.0645   12.4711
    7.5000   45.0000   37.500011706.2461   12.4654
   -7.5000  -45.0000   45.0000 5400.7300   14.4932
    0.0000  -45.0000   45.0000 5705.7466   14.5259
    7.5000  -45.0000   45.0000 5528.7466   14.5156
   -7.5000  -37.5000   45.0000 6110.6865   13.9677
    0.0000  -37.5000   45.0000 6448.1040   14.0009
    7.5000  -37.5000   45.0000 6243.7402   13.9875
   -7.5000  -30.0000   45.0000 7103.2710   13.5818
    0.0000  -30.0000   45.0000 7473.5508   13.6124
    7.5000  -30.0000   45.0000 7246.3809   13.5974
   -7.5000  -22.5000   45.0000 8152.0464   13.2994
    0.0000  -22.5000   45.0000 8563.5156   13.3285
    7.5000  -22.5000   45.0000 8292.8906   13.3172
   -7.5000  -15.0000   45.0000 9213.1904   13.1637
    0.0000  -15.0000   45.0000 9665.2783   13.1945
    7.5000  -15.0000   45.0000 9373.9102   13.1890
   -7.5000   -7.5000   45.000010249.3750   13.1687
    0.0000   -7.5000   45.000010752.7500   13.2019
    7.5000   -7.5000   45.000010415.5146   13.1987
   -7.5000    0.0000   45.000011217.6846   13.1874
    0.0000    0.0000   45.000011746.1797   13.2209
    7.5000    0.0000   45.000011383.3730   13.2147
   -7.5000    7.5000   45.000011305.2119   13.1871
    0.0000    7.5000   45.000011830.2715   13.2187
    7.5000    7.5000   45.000011470.8984   13.2070
   -7.5000   15.0000   45.000011253.6396   13.1695
    0.0000   15.0000   45.000011728.8740   13.1984
    7.5000   15.0000   45.000011372.8486   13.1845
   -7.5000   22.5000   45.000011072.7295   13.1470
    0.0000   22.5000   45.000011504.4014   13.1755
    7.5000   22.5000   45.000011145.4600   13.1646
   -7.5000   30.0000   45.000010814.0020   12.9806
    0.0000   30.0000   45.000011255.1016   13.0110
    7.5000   30.0000   45.000010898.8750   13.0056
   -7.5000   37.5000   45.000010943.0107   12.9971
    0.0000   37.5000   45.000011428.9629   13.0299
    7.5000   37.5000   45.000011071.1543   13.0267
   -7.5000   45.0000   45.000010645.0010   12.7169
    0.0000   45.0000   45.000011120.2285   12.7492
    7.5000   45.0000   45.000010763.4639   12.7432

---------------------------------------------------------------------
imgreg_4dfp /opt/freesurfer/average/711-2C_as_mni_average_305 /opt/freesurfer/average/711-2B_as_mni_average_305_mask talsrcimg_g11 none talsrcimg_to_711-2C_as_mni_average_305_t4 4355
---------------------------------------------------------------------

freesurfer imgreg_4dfp.c
/opt/freesurfer/average/711-2C_as_mni_average_305.4dfp.img
       256       256       256         1
  1.000000  1.000000  1.000000
orientation T byte_order littleendian
Reading image: /opt/freesurfer/average/711-2C_as_mni_average_305.4dfp.img
dimensions:      256       256       256
mmppix:       1.0000   -1.0000   -1.0000
center:     128.0000 -129.0000 -129.0000
/opt/freesurfer/average/711-2B_as_mni_average_305_mask.4dfp.img
       256       256       256         1
  1.000000  1.000000  1.000000
orientation T byte_order littleendian
Reading mask: /opt/freesurfer/average/711-2B_as_mni_average_305_mask.4dfp.img (2306576 pixels)
talsrcimg_g11.4dfp.img
       256       256       256         1
  1.000000  1.000000  1.000000
orientation T byte_order littleendian
Reading image: talsrcimg_g11.4dfp.img
dimensions:      256       256       256
mmppix:       1.0000   -1.0000   -1.0000
center:     128.0000 -129.0000 -129.0000
rotation matrix determinant  1.000000
image alignment mode   4355 decimal     1103 hex
   -7.5000  -22.5000  -45.0000 1975.0709   15.0847
    0.0000  -22.5000  -45.0000 1996.9264   14.8329
    7.5000  -22.5000  -45.0000 1998.5614   14.8121
   -7.5000  -15.0000  -45.0000 2097.6807   13.5221
    0.0000  -15.0000  -45.0000 2123.9866   13.2993
    7.5000  -15.0000  -45.0000 2126.0962   13.2663
   -7.5000   -7.5000  -45.0000 2207.3457   12.3313
    0.0000   -7.5000  -45.0000 2233.0808   12.1270
    7.5000   -7.5000  -45.0000 2234.5955   12.1076
   -7.5000    0.0000  -45.0000 2303.0767   11.4366
    0.0000    0.0000  -45.0000 2331.9788   11.2307
    7.5000    0.0000  -45.0000 2331.0999   11.2426
   -7.5000    7.5000  -45.0000 2360.8792   10.8058
    0.0000    7.5000  -45.0000 2389.6870   10.6157
    7.5000    7.5000  -45.0000 2388.8613   10.6161
   -7.5000   15.0000  -45.0000 2391.0537   10.3987
    0.0000   15.0000  -45.0000 2418.7410   10.1960
    7.5000   15.0000  -45.0000 2418.1660   10.1869
   -7.5000   22.5000  -45.0000 2400.8298   10.1605
    0.0000   22.5000  -45.0000 2426.7122    9.9438
    7.5000   22.5000  -45.0000 2433.3362    9.9572
   -7.5000   30.0000  -45.0000 2397.0737   10.1159
    0.0000   30.0000  -45.0000 2422.8936    9.9170
    7.5000   30.0000  -45.0000 2431.3123    9.9261
   -7.5000   37.5000  -45.0000 2374.1963   10.3090
    0.0000   37.5000  -45.0000 2403.9417   10.0964
    7.5000   37.5000  -45.0000 2415.3330   10.1181
   -7.5000   45.0000  -45.0000 2340.6748   10.7278
    0.0000   45.0000  -45.0000 2375.8381   10.5115
    7.5000   45.0000  -45.0000 2386.3047   10.5238
   -7.5000   52.5000  -45.0000 2265.8511   11.2930
    0.0000   52.5000  -45.0000 2300.3206   11.0614
    7.5000   52.5000  -45.0000 2311.5454   11.0812
   -7.5000   60.0000  -45.0000 2149.4387   11.9086
    0.0000   60.0000  -45.0000 2177.8740   11.6750
    7.5000   60.0000  -45.0000 2188.2229   11.6962
   -7.5000   67.5000  -45.0000 2000.5215   12.5211
    0.0000   67.5000  -45.0000 2030.2184   12.2777
    7.5000   67.5000  -45.0000 2035.8912   12.3099
   -7.5000  -22.5000  -37.5000 2038.7200   14.1792
    0.0000  -22.5000  -37.5000 2067.8123   13.9469
    7.5000  -22.5000  -37.5000 2069.1362   13.9004
   -7.5000  -15.0000  -37.5000 2172.4438   12.6982
    0.0000  -15.0000  -37.5000 2204.8218   12.4865
    7.5000  -15.0000  -37.5000 2203.8699   12.4477
   -7.5000   -7.5000  -37.5000 2287.7212   11.5802
    0.0000   -7.5000  -37.5000 2319.3801   11.3826
    7.5000   -7.5000  -37.5000 2317.7397   11.3734
   -7.5000    0.0000  -37.5000 2383.1760   10.7059
    0.0000    0.0000  -37.5000 2416.0295   10.5179
    7.5000    0.0000  -37.5000 2415.5344   10.5251
   -7.5000    7.5000  -37.5000 2447.1384   10.1045
    0.0000    7.5000  -37.5000 2480.3735    9.8871
    7.5000    7.5000  -37.5000 2480.5232    9.8939
   -7.5000   15.0000  -37.5000 2482.0488    9.6962
    0.0000   15.0000  -37.5000 2515.7603    9.4791
    7.5000   15.0000  -37.5000 2516.9773    9.4811
   -7.5000   22.5000  -37.5000 2500.7610    9.4348
    0.0000   22.5000  -37.5000 2529.4834    9.2228
    7.5000   22.5000  -37.5000 2534.8679    9.2472
   -7.5000   30.0000  -37.5000 2499.2217    9.3679
    0.0000   30.0000  -37.5000 2527.7825    9.1849
    7.5000   30.0000  -37.5000 2536.0850    9.2118
   -7.5000   37.5000  -37.5000 2476.8025    9.5323
    0.0000   37.5000  -37.5000 2511.2119    9.3345
    7.5000   37.5000  -37.5000 2523.0037    9.3563
   -7.5000   45.0000  -37.5000 2437.2588    9.9198
    0.0000   45.0000  -37.5000 2475.5874    9.7110
    7.5000   45.0000  -37.5000 2488.4749    9.7415
   -7.5000   52.5000  -37.5000 2357.4519   10.4451
    0.0000   52.5000  -37.5000 2394.3599   10.2352
    7.5000   52.5000  -37.5000 2410.5586   10.2563
   -7.5000   60.0000  -37.5000 2235.7825   11.0344
    0.0000   60.0000  -37.5000 2269.7942   10.7919
    7.5000   60.0000  -37.5000 2282.1172   10.8418
   -7.5000   67.5000  -37.5000 2080.6201   11.6134
    0.0000   67.5000  -37.5000 2114.4919   11.3722
    7.5000   67.5000  -37.5000 2126.5896   11.4386
   -7.5000  -22.5000  -30.0000 2139.6392   13.9170
    0.0000  -22.5000  -30.0000 2172.6626   13.6574
    7.5000  -22.5000  -30.0000 2175.3608   13.6032
   -7.5000  -15.0000  -30.0000 2282.7351   12.4285
    0.0000  -15.0000  -30.0000 2315.0122   12.2027
    7.5000  -15.0000  -30.0000 2316.4519   12.1610
   -7.5000   -7.5000  -30.0000 2397.9683   11.2776
    0.0000   -7.5000  -30.0000 2433.2273   11.0638
    7.5000   -7.5000  -30.0000 2433.7668   11.0561
   -7.5000    0.0000  -30.0000 2496.3452   10.4072
    0.0000    0.0000  -30.0000 2532.5293   10.2005
    7.5000    0.0000  -30.0000 2533.7637   10.2154
   -7.5000    7.5000  -30.0000 2563.8589    9.7741
    0.0000    7.5000  -30.0000 2596.2275    9.5697
    7.5000    7.5000  -30.0000 2600.9385    9.5851
   -7.5000   15.0000  -30.0000 2606.3669    9.3511
    0.0000   15.0000  -30.0000 2641.7927    9.1385
    7.5000   15.0000  -30.0000 2650.6477    9.1441
   -7.5000   22.5000  -30.0000 2636.4927    9.0729
    0.0000   22.5000  -30.0000 2669.9175    8.8751
    7.5000   22.5000  -30.0000 2681.2500    8.8874
   -7.5000   30.0000  -30.0000 2643.3018    8.9976
    0.0000   30.0000  -30.0000 2677.3477    8.8137
    7.5000   30.0000  -30.0000 2688.7771    8.8305
   -7.5000   37.5000  -30.0000 2625.5293    9.1401
    0.0000   37.5000  -30.0000 2666.6331    8.9471
    7.5000   37.5000  -30.0000 2678.0566    8.9648
   -7.5000   45.0000  -30.0000 2582.4263    9.5207
    0.0000   45.0000  -30.0000 2626.4458    9.3127
    7.5000   45.0000  -30.0000 2640.2761    9.3401
   -7.5000   52.5000  -30.0000 2496.7385   10.0455
    0.0000   52.5000  -30.0000 2536.7439    9.8215
    7.5000   52.5000  -30.0000 2553.8545    9.8400
   -7.5000   60.0000  -30.0000 2363.2585   10.6240
    0.0000   60.0000  -30.0000 2400.7651   10.3850
    7.5000   60.0000  -30.0000 2417.9146   10.4174
   -7.5000   67.5000  -30.0000 2201.7124   11.2125
    0.0000   67.5000  -30.0000 2236.1914   10.9750
    7.5000   67.5000  -30.0000 2250.9055   11.0300
   -7.5000  -22.5000  -22.5000 2211.9497   13.5351
    0.0000  -22.5000  -22.5000 2248.8354   13.2672
    7.5000  -22.5000  -22.5000 2251.7273   13.2326
   -7.5000  -15.0000  -22.5000 2357.8052   12.0577
    0.0000  -15.0000  -22.5000 2394.6858   11.8128
    7.5000  -15.0000  -22.5000 2395.4380   11.8048
   -7.5000   -7.5000  -22.5000 2475.0840   10.9132
    0.0000   -7.5000  -22.5000 2512.0669   10.7006
    7.5000   -7.5000  -22.5000 2515.8777   10.6886
   -7.5000    0.0000  -22.5000 2573.8018   10.0354
    0.0000    0.0000  -22.5000 2612.6926    9.8427
    7.5000    0.0000  -22.5000 2616.7898    9.8330
   -7.5000    7.5000  -22.5000 2645.9692    9.3985
    0.0000    7.5000  -22.5000 2683.7407    9.2088
    7.5000    7.5000  -22.5000 2692.7927    9.1984
   -7.5000   15.0000  -22.5000 2696.6699    8.9538
    0.0000   15.0000  -22.5000 2738.8286    8.7643
    7.5000   15.0000  -22.5000 2750.9443    8.7545
   -7.5000   22.5000  -22.5000 2735.7327    8.6701
    0.0000   22.5000  -22.5000 2782.4609    8.4704
    7.5000   22.5000  -22.5000 2792.1489    8.4622
   -7.5000   30.0000  -22.5000 2754.1626    8.5825
    0.0000   30.0000  -22.5000 2799.3267    8.3629
    7.5000   30.0000  -22.5000 2810.9092    8.3767
   -7.5000   37.5000  -22.5000 2741.5837    8.7100
    0.0000   37.5000  -22.5000 2788.3374    8.4950
    7.5000   37.5000  -22.5000 2798.9946    8.5115
   -7.5000   45.0000  -22.5000 2699.0264    9.0901
    0.0000   45.0000  -22.5000 2748.2026    8.8697
    7.5000   45.0000  -22.5000 2759.9419    8.8847
   -7.5000   52.5000  -22.5000 2608.6294    9.5983
    0.0000   52.5000  -22.5000 2653.4058    9.3794
    7.5000   52.5000  -22.5000 2667.8816    9.3772
   -7.5000   60.0000  -22.5000 2463.8311   10.1621
    0.0000   60.0000  -22.5000 2506.3711    9.9394
    7.5000   60.0000  -22.5000 2520.0813    9.9537
   -7.5000   67.5000  -22.5000 2289.3816   10.7330
    0.0000   67.5000  -22.5000 2329.0605   10.5249
    7.5000   67.5000  -22.5000 2343.9490   10.5558
   -7.5000  -22.5000  -15.0000 2245.3789   13.1949
    0.0000  -22.5000  -15.0000 2285.2393   12.8899
    7.5000  -22.5000  -15.0000 2284.1409   12.8683
   -7.5000  -15.0000  -15.0000 2387.5769   11.7403
    0.0000  -15.0000  -15.0000 2426.0991   11.4469
    7.5000  -15.0000  -15.0000 2427.2974   11.4384
   -7.5000   -7.5000  -15.0000 2506.0571   10.6057
    0.0000   -7.5000  -15.0000 2543.5627   10.3480
    7.5000   -7.5000  -15.0000 2548.6616   10.3261
   -7.5000    0.0000  -15.0000 2612.1892    9.7174
    0.0000    0.0000  -15.0000 2654.3186    9.4895
    7.5000    0.0000  -15.0000 2660.3391    9.4640
   -7.5000    7.5000  -15.0000 2698.7930    9.0715
    0.0000    7.5000  -15.0000 2739.4790    8.8585
    7.5000    7.5000  -15.0000 2750.6245    8.8538
   -7.5000   15.0000  -15.0000 2761.8596    8.6129
    0.0000   15.0000  -15.0000 2803.9634    8.4028
    7.5000   15.0000  -15.0000 2817.0354    8.3853
   -7.5000   22.5000  -15.0000 2808.0178    8.3239
    0.0000   22.5000  -15.0000 2854.8406    8.0873
    7.5000   22.5000  -15.0000 2867.3992    8.0662
   -7.5000   30.0000  -15.0000 2831.7231    8.1954
    0.0000   30.0000  -15.0000 2878.0771    7.9429
    7.5000   30.0000  -15.0000 2890.4082    7.9445
   -7.5000   37.5000  -15.0000 2828.2312    8.3263
    0.0000   37.5000  -15.0000 2876.5327    8.0781
    7.5000   37.5000  -15.0000 2884.9827    8.0880
   -7.5000   45.0000  -15.0000 2781.4275    8.6935
    0.0000   45.0000  -15.0000 2831.2405    8.4535
    7.5000   45.0000  -15.0000 2843.3301    8.4732
   -7.5000   52.5000  -15.0000 2687.4988    9.1881
    0.0000   52.5000  -15.0000 2729.4680    8.9580
    7.5000   52.5000  -15.0000 2742.8687    8.9699
   -7.5000   60.0000  -15.0000 2536.2119    9.7555
    0.0000   60.0000  -15.0000 2572.5994    9.5066
    7.5000   60.0000  -15.0000 2584.9495    9.5294
   -7.5000   67.5000  -15.0000 2350.2576   10.3367
    0.0000   67.5000  -15.0000 2390.6702   10.0924
    7.5000   67.5000  -15.0000 2404.1179   10.1219
   -7.5000  -22.5000   -7.5000 2262.5103   13.0131
    0.0000  -22.5000   -7.5000 2294.4995   12.6603
    7.5000  -22.5000   -7.5000 2295.8164   12.6411
   -7.5000  -15.0000   -7.5000 2403.2485   11.5282
    0.0000  -15.0000   -7.5000 2436.0461   11.2071
    7.5000  -15.0000   -7.5000 2438.1365   11.1909
   -7.5000   -7.5000   -7.5000 2515.6094   10.3524
    0.0000   -7.5000   -7.5000 2552.1321   10.0773
    7.5000   -7.5000   -7.5000 2558.5505   10.0655
   -7.5000    0.0000   -7.5000 2627.2678    9.4401
    0.0000    0.0000   -7.5000 2667.0657    9.2080
    7.5000    0.0000   -7.5000 2675.5706    9.1954
   -7.5000    7.5000   -7.5000 2724.4170    8.7865
    0.0000    7.5000   -7.5000 2763.8474    8.5761
    7.5000    7.5000   -7.5000 2779.4597    8.5658
   -7.5000   15.0000   -7.5000 2803.4502    8.3483
    0.0000   15.0000   -7.5000 2842.9033    8.1351
    7.5000   15.0000   -7.5000 2860.2283    8.1291
   -7.5000   22.5000   -7.5000 2860.4065    8.0414
    0.0000   22.5000   -7.5000 2903.3855    7.8270
    7.5000   22.5000   -7.5000 2921.8342    7.8102
   -7.5000   30.0000   -7.5000 2894.7451    7.9132
    0.0000   30.0000   -7.5000 2940.3975    7.6518
    7.5000   30.0000   -7.5000 2951.1394    7.6437
   -7.5000   37.5000   -7.5000 2890.8379    8.0164
    0.0000   37.5000   -7.5000 2936.7368    7.7637
    7.5000   37.5000   -7.5000 2946.6257    7.7654
   -7.5000   45.0000   -7.5000 2837.9583    8.3650
    0.0000   45.0000   -7.5000 2886.9343    8.1293
    7.5000   45.0000   -7.5000 2900.4871    8.1322
   -7.5000   52.5000   -7.5000 2739.0757    8.8623
    0.0000   52.5000   -7.5000 2781.7615    8.6299
    7.5000   52.5000   -7.5000 2794.7571    8.6352
   -7.5000   60.0000   -7.5000 2580.7937    9.4283
    0.0000   60.0000   -7.5000 2620.7034    9.1858
    7.5000   60.0000   -7.5000 2631.1128    9.1947
   -7.5000   67.5000   -7.5000 2394.0024    9.9983
    0.0000   67.5000   -7.5000 2434.4307    9.7695
    7.5000   67.5000   -7.5000 2443.6975    9.7742
   -7.5000  -22.5000    0.0000 2256.3376   12.9381
    0.0000  -22.5000    0.0000 2284.0979   12.6046
    7.5000  -22.5000    0.0000 2290.7161   12.5841
   -7.5000  -15.0000    0.0000 2399.8870   11.4417
    0.0000  -15.0000    0.0000 2424.5051   11.1215
    7.5000  -15.0000    0.0000 2432.5479   11.1254
   -7.5000   -7.5000    0.0000 2518.3694   10.2635
    0.0000   -7.5000    0.0000 2546.5962    9.9752
    7.5000   -7.5000    0.0000 2560.3481    9.9797
   -7.5000    0.0000    0.0000 2631.7034    9.3389
    0.0000    0.0000    0.0000 2660.7427    9.0942
    7.5000    0.0000    0.0000 2677.0359    9.0887
   -7.5000    7.5000    0.0000 2738.3416    8.6532
    0.0000    7.5000    0.0000 2768.0325    8.4570
    7.5000    7.5000    0.0000 2789.3401    8.4533
   -7.5000   15.0000    0.0000 2834.9272    8.2159
    0.0000   15.0000    0.0000 2867.4106    8.0380
    7.5000   15.0000    0.0000 2884.7581    8.0362
   -7.5000   22.5000    0.0000 2908.0796    7.9487
    0.0000   22.5000    0.0000 2953.1455    7.8270
    7.5000   22.5000    0.0000 2973.3015    7.8250
   -7.5000   30.0000    0.0000 2940.5259    7.8192
    0.0000   30.0000    0.0000 3000.1863    7.6826
    7.5000   30.0000    0.0000 3013.8311    7.6482
   -7.5000   37.5000    0.0000 2933.2583    7.8676
    0.0000   37.5000    0.0000 2989.6355    7.7019
    7.5000   37.5000    0.0000 2996.1411    7.6656
   -7.5000   45.0000    0.0000 2877.5427    8.1685
    0.0000   45.0000    0.0000 2929.7351    7.9869
    7.5000   45.0000    0.0000 2939.9988    7.9578
   -7.5000   52.5000    0.0000 2768.1770    8.6577
    0.0000   52.5000    0.0000 2816.3274    8.4550
    7.5000   52.5000    0.0000 2827.6516    8.4423
   -7.5000   60.0000    0.0000 2602.7764    9.2175
    0.0000   60.0000    0.0000 2647.4329    9.0144
    7.5000   60.0000    0.0000 2658.8132    9.0104
   -7.5000   67.5000    0.0000 2412.1375    9.7865
    0.0000   67.5000    0.0000 2454.1311    9.5905
    7.5000   67.5000    0.0000 2463.3821    9.5952
   -7.5000  -22.5000    7.5000 2251.3774   13.0548
    0.0000  -22.5000    7.5000 2277.7571   12.6941
    7.5000  -22.5000    7.5000 2285.9016   12.6865
   -7.5000  -15.0000    7.5000 2393.2603   11.4873
    0.0000  -15.0000    7.5000 2414.7678   11.1457
    7.5000  -15.0000    7.5000 2425.0667   11.1517
   -7.5000   -7.5000    7.5000 2516.1973   10.2795
    0.0000   -7.5000    7.5000 2538.9148   10.0036
    7.5000   -7.5000    7.5000 2554.5435    9.9933
   -7.5000    0.0000    7.5000 2630.8931    9.3535
    0.0000    0.0000    7.5000 2655.6018    9.1533
    7.5000    0.0000    7.5000 2674.8630    9.1376
   -7.5000    7.5000    7.5000 2736.6396    8.6752
    0.0000    7.5000    7.5000 2771.6252    8.5345
    7.5000    7.5000    7.5000 2791.9844    8.5231
   -7.5000   15.0000    7.5000 2840.5264    8.2174
    0.0000   15.0000    7.5000 2884.5144    8.1439
    7.5000   15.0000    7.5000 2900.7478    8.1266
   -7.5000   22.5000    7.5000 2927.2310    7.9485
    0.0000   22.5000    7.5000 2992.4177    7.9536
    7.5000   22.5000    7.5000 3002.6738    7.9432
   -7.5000   30.0000    7.5000 2964.9958    7.8405
    0.0000   30.0000    7.5000 3051.4995    7.8401
    7.5000   30.0000    7.5000 3056.9070    7.8481
   -7.5000   37.5000    7.5000 2949.0640    7.9066
    0.0000   37.5000    7.5000 3018.1423    7.8345
    7.5000   37.5000    7.5000 3020.6121    7.8277
   -7.5000   45.0000    7.5000 2885.8562    8.1693
    0.0000   45.0000    7.5000 2944.1543    8.0143
    7.5000   45.0000    7.5000 2952.5142    8.0011
   -7.5000   52.5000    7.5000 2775.4609    8.5934
    0.0000   52.5000    7.5000 2823.4436    8.4121
    7.5000   52.5000    7.5000 2831.1196    8.4023
   -7.5000   60.0000    7.5000 2608.6052    9.1399
    0.0000   60.0000    7.5000 2650.0298    8.9350
    7.5000   60.0000    7.5000 2656.4219    8.9219
   -7.5000   67.5000    7.5000 2415.2075    9.7010
    0.0000   67.5000    7.5000 2454.0125    9.5011
    7.5000   67.5000    7.5000 2458.9915    9.4846
   -7.5000  -22.5000   15.0000 2234.8647   13.2891
    0.0000  -22.5000   15.0000 2266.9963   12.9899
    7.5000  -22.5000   15.0000 2272.1301   12.9734
   -7.5000  -15.0000   15.0000 2378.6421   11.6945
    0.0000  -15.0000   15.0000 2409.5103   11.4189
    7.5000  -15.0000   15.0000 2415.3325   11.4145
   -7.5000   -7.5000   15.0000 2500.9080   10.4483
    0.0000   -7.5000   15.0000 2534.0637   10.2390
    7.5000   -7.5000   15.0000 2543.0598   10.2239
   -7.5000    0.0000   15.0000 2621.9844    9.5250
    0.0000    0.0000   15.0000 2656.2932    9.3739
    7.5000    0.0000   15.0000 2667.5908    9.3561
   -7.5000    7.5000   15.0000 2735.5806    8.8345
    0.0000    7.5000   15.0000 2777.0059    8.7278
    7.5000    7.5000   15.0000 2787.7954    8.6893
   -7.5000   15.0000   15.0000 2839.2185    8.3435
    0.0000   15.0000   15.0000 2890.3030    8.2917
    7.5000   15.0000   15.0000 2899.8167    8.2591
   -7.5000   22.5000   15.0000 2919.5764    8.0304
    0.0000   22.5000   15.0000 2988.4546    8.0309
    7.5000   22.5000   15.0000 2991.7268    8.0139
   -7.5000   30.0000   15.0000 2955.3987    7.9291
    0.0000   30.0000   15.0000 3034.1711    7.8506
    7.5000   30.0000   15.0000 3028.9568    7.8695
   -7.5000   37.5000   15.0000 2938.7827    8.0343
    0.0000   37.5000   15.0000 3004.0762    7.9037
    7.5000   37.5000   15.0000 3004.7190    7.9172
   -7.5000   45.0000   15.0000 2873.7024    8.3090
    0.0000   45.0000   15.0000 2927.5930    8.1662
    7.5000   45.0000   15.0000 2936.1799    8.1581
   -7.5000   52.5000   15.0000 2759.7939    8.7275
    0.0000   52.5000   15.0000 2800.2544    8.5672
    7.5000   52.5000   15.0000 2809.3994    8.5678
   -7.5000   60.0000   15.0000 2592.4321    9.2346
    0.0000   60.0000   15.0000 2627.2446    9.0327
    7.5000   60.0000   15.0000 2632.5569    9.0372
   -7.5000   67.5000   15.0000 2400.5818    9.7746
    0.0000   67.5000   15.0000 2434.7561    9.5569
    7.5000   67.5000   15.0000 2437.8120    9.5704
   -7.5000  -22.5000   22.5000 2213.8713   13.6349
    0.0000  -22.5000   22.5000 2246.6306   13.2979
    7.5000  -22.5000   22.5000 2247.7744   13.3124
   -7.5000  -15.0000   22.5000 2360.4631   12.0016
    0.0000  -15.0000   22.5000 2394.4829   11.6919
    7.5000  -15.0000   22.5000 2396.8635   11.7266
   -7.5000   -7.5000   22.5000 2485.4663   10.7562
    0.0000   -7.5000   22.5000 2521.4209   10.4947
    7.5000   -7.5000   22.5000 2528.3491   10.4983
   -7.5000    0.0000   22.5000 2610.9543    9.8001
    0.0000    0.0000   22.5000 2645.1047    9.5932
    7.5000    0.0000   22.5000 2654.2239    9.5847
   -7.5000    7.5000   22.5000 2729.8677    9.0920
    0.0000    7.5000   22.5000 2766.0432    8.9146
    7.5000    7.5000   22.5000 2778.4094    8.9073
   -7.5000   15.0000   22.5000 2828.1956    8.5750
    0.0000   15.0000   22.5000 2869.7336    8.4400
    7.5000   15.0000   22.5000 2879.5667    8.4329
   -7.5000   22.5000   22.5000 2895.2073    8.2536
    0.0000   22.5000   22.5000 2944.8884    8.0916
    7.5000   22.5000   22.5000 2952.3188    8.0980
   -7.5000   30.0000   22.5000 2926.2078    8.1275
    0.0000   30.0000   22.5000 2978.8999    7.9422
    7.5000   30.0000   22.5000 2979.6431    7.9623
   -7.5000   37.5000   22.5000 2905.7295    8.2285
    0.0000   37.5000   22.5000 2962.4407    8.0797
    7.5000   37.5000   22.5000 2965.3564    8.0960
   -7.5000   45.0000   22.5000 2838.7026    8.5576
    0.0000   45.0000   22.5000 2887.4829    8.4062
    7.5000   45.0000   22.5000 2894.0305    8.4045
   -7.5000   52.5000   22.5000 2725.6846    8.9999
    0.0000   52.5000   22.5000 2763.5481    8.8314
    7.5000   52.5000   22.5000 2771.5222    8.8277
   -7.5000   60.0000   22.5000 2557.8635    9.4853
    0.0000   60.0000   22.5000 2592.1487    9.3119
    7.5000   60.0000   22.5000 2601.1926    9.3110
   -7.5000   67.5000   22.5000 2368.5823    9.9597
    0.0000   67.5000   22.5000 2405.6890    9.7847
    7.5000   67.5000   22.5000 2409.5020    9.7907
   -7.5000  -22.5000   30.0000 2186.6199   14.0442
    0.0000  -22.5000   30.0000 2214.8418   13.6205
    7.5000  -22.5000   30.0000 2220.8232   13.6799
   -7.5000  -15.0000   30.0000 2335.5928   12.3836
    0.0000  -15.0000   30.0000 2367.2493   11.9993
    7.5000  -15.0000   30.0000 2371.8005   12.0598
   -7.5000   -7.5000   30.0000 2465.8816   11.1066
    0.0000   -7.5000   30.0000 2499.0771   10.7811
    7.5000   -7.5000   30.0000 2505.5459   10.8176
   -7.5000    0.0000   30.0000 2589.2861   10.1563
    0.0000    0.0000   30.0000 2623.1060    9.8654
    7.5000    0.0000   30.0000 2630.6377    9.8864
   -7.5000    7.5000   30.0000 2703.7917    9.4302
    0.0000    7.5000   30.0000 2741.0457    9.1870
    7.5000    7.5000   30.0000 2750.1978    9.2019
   -7.5000   15.0000   30.0000 2794.9685    8.9102
    0.0000   15.0000   30.0000 2834.0798    8.6720
    7.5000   15.0000   30.0000 2841.8003    8.6857
   -7.5000   22.5000   30.0000 2851.5969    8.5830
    0.0000   22.5000   30.0000 2897.3745    8.3131
    7.5000   22.5000   30.0000 2900.6738    8.3346
   -7.5000   30.0000   30.0000 2869.3979    8.4576
    0.0000   30.0000   30.0000 2918.2319    8.2341
    7.5000   30.0000   30.0000 2918.1138    8.2709
   -7.5000   37.5000   30.0000 2846.3926    8.5568
    0.0000   37.5000   30.0000 2900.3884    8.3935
    7.5000   37.5000   30.0000 2901.7351    8.4101
   -7.5000   45.0000   30.0000 2783.9185    8.8791
    0.0000   45.0000   30.0000 2826.9639    8.7354
    7.5000   45.0000   30.0000 2833.4517    8.7331
   -7.5000   52.5000   30.0000 2673.7898    9.3335
    0.0000   52.5000   30.0000 2709.0654    9.1791
    7.5000   52.5000   30.0000 2717.7119    9.1728
   -7.5000   60.0000   30.0000 2513.1113    9.8304
    0.0000   60.0000   30.0000 2545.5706    9.6597
    7.5000   60.0000   30.0000 2551.0364    9.6569
   -7.5000   67.5000   30.0000 2327.3137   10.3000
    0.0000   67.5000   30.0000 2359.4812   10.1290
    7.5000   67.5000   30.0000 2362.7793   10.1366
   -7.5000  -22.5000   37.5000 2156.3523   14.5667
    0.0000  -22.5000   37.5000 2182.3179   14.1228
    7.5000  -22.5000   37.5000 2189.5918   14.1825
   -7.5000  -15.0000   37.5000 2303.0657   12.8636
    0.0000  -15.0000   37.5000 2335.2378   12.4641
    7.5000  -15.0000   37.5000 2338.7427   12.5199
   -7.5000   -7.5000   37.5000 2433.6860   11.5834
    0.0000   -7.5000   37.5000 2463.9150   11.2275
    7.5000   -7.5000   37.5000 2471.2844   11.2691
   -7.5000    0.0000   37.5000 2551.4382   10.6109
    0.0000    0.0000   37.5000 2584.4502   10.3028
    7.5000    0.0000   37.5000 2592.4026   10.3198
   -7.5000    7.5000   37.5000 2660.4841    9.8800
    0.0000    7.5000   37.5000 2694.9084    9.5871
    7.5000    7.5000   37.5000 2702.0295    9.5975
   -7.5000   15.0000   37.5000 2742.6499    9.3601
    0.0000   15.0000   37.5000 2780.0371    9.0459
    7.5000   15.0000   37.5000 2786.3271    9.0577
   -7.5000   22.5000   37.5000 2792.2561    9.0120
    0.0000   22.5000   37.5000 2833.7197    8.7200
    7.5000   22.5000   37.5000 2838.1191    8.7442
   -7.5000   30.0000   37.5000 2802.9397    8.9212
    0.0000   30.0000   37.5000 2846.2480    8.6754
    7.5000   30.0000   37.5000 2845.5659    8.7170
   -7.5000   37.5000   37.5000 2776.7371    9.0298
    0.0000   37.5000   37.5000 2823.9473    8.8363
    7.5000   37.5000   37.5000 2825.0237    8.8625
   -7.5000   45.0000   37.5000 2715.7866    9.3509
    0.0000   45.0000   37.5000 2754.7781    9.1759
    7.5000   45.0000   37.5000 2760.9070    9.1869
   -7.5000   52.5000   37.5000 2607.9761    9.7883
    0.0000   52.5000   37.5000 2641.1812    9.6168
    7.5000   52.5000   37.5000 2650.4426    9.6161
   -7.5000   60.0000   37.5000 2452.6428   10.2583
    0.0000   60.0000   37.5000 2485.6965   10.0939
    7.5000   60.0000   37.5000 2490.7820   10.0878
   -7.5000   67.5000   37.5000 2273.4082   10.7177
    0.0000   67.5000   37.5000 2300.8879   10.5632
    7.5000   67.5000   37.5000 2305.3367   10.5790
   -7.5000  -22.5000   45.0000 2114.7485   15.2656
    0.0000  -22.5000   45.0000 2143.7683   14.8294
    7.5000  -22.5000   45.0000 2146.0242   14.8510
   -7.5000  -15.0000   45.0000 2258.0334   13.5140
    0.0000  -15.0000   45.0000 2290.4412   13.1208
    7.5000  -15.0000   45.0000 2293.9358   13.1521
   -7.5000   -7.5000   45.0000 2386.8574   12.2009
    0.0000   -7.5000   45.0000 2418.7241   11.8509
    7.5000   -7.5000   45.0000 2425.5344   11.8540
   -7.5000    0.0000   45.0000 2500.8496   11.1916
    0.0000    0.0000   45.0000 2533.8489   10.8703
    7.5000    0.0000   45.0000 2539.3782   10.8692
   -7.5000    7.5000   45.0000 2599.0737   10.4565
    0.0000    7.5000   45.0000 2632.8914   10.1113
    7.5000    7.5000   45.0000 2640.9685   10.1229
   -7.5000   15.0000   45.0000 2672.4500    9.9368
    0.0000   15.0000   45.0000 2706.5581    9.5949
    7.5000   15.0000   45.0000 2714.5874    9.6119
   -7.5000   22.5000   45.0000 2715.4241    9.5998
    0.0000   22.5000   45.0000 2746.7063    9.2987
    7.5000   22.5000   45.0000 2751.8340    9.3327
   -7.5000   30.0000   45.0000 2720.0398    9.4960
    0.0000   30.0000   45.0000 2757.9114    9.2440
    7.5000   30.0000   45.0000 2758.0872    9.2900
   -7.5000   37.5000   45.0000 2693.3562    9.6038
    0.0000   37.5000   45.0000 2737.2686    9.3778
    7.5000   37.5000   45.0000 2740.5791    9.4210
   -7.5000   45.0000   45.0000 2641.2654    9.9235
    0.0000   45.0000   45.0000 2674.6194    9.7203
    7.5000   45.0000   45.0000 2678.0989    9.7469
   -7.5000   52.5000   45.0000 2532.3352   10.3404
    0.0000   52.5000   45.0000 2565.6616   10.1470
    7.5000   52.5000   45.0000 2568.2036   10.1614
   -7.5000   60.0000   45.0000 2380.5566   10.7974
    0.0000   60.0000   45.0000 2411.2817   10.6078
    7.5000   60.0000   45.0000 2415.8135   10.6239
   -7.5000   67.5000   45.0000 2201.7590   11.2554
    0.0000   67.5000   45.0000 2228.8257   11.0968
    7.5000   67.5000   45.0000 2232.2429   11.1372

---------------------------------------------------------------------
imgreg_4dfp /opt/freesurfer/average/711-2C_as_mni_average_305 /opt/freesurfer/average/711-2B_as_mni_average_305_mask talsrcimg_g11 none talsrcimg_to_711-2C_as_mni_average_305_t4 1283
---------------------------------------------------------------------

freesurfer imgreg_4dfp.c
/opt/freesurfer/average/711-2C_as_mni_average_305.4dfp.img
       256       256       256         1
  1.000000  1.000000  1.000000
orientation T byte_order littleendian
Reading image: /opt/freesurfer/average/711-2C_as_mni_average_305.4dfp.img
dimensions:      256       256       256
mmppix:       1.0000   -1.0000   -1.0000
center:     128.0000 -129.0000 -129.0000
/opt/freesurfer/average/711-2B_as_mni_average_305_mask.4dfp.img
       256       256       256         1
  1.000000  1.000000  1.000000
orientation T byte_order littleendian
Reading mask: /opt/freesurfer/average/711-2B_as_mni_average_305_mask.4dfp.img (2306576 pixels)
talsrcimg_g11.4dfp.img
       256       256       256         1
  1.000000  1.000000  1.000000
orientation T byte_order littleendian
Reading image: talsrcimg_g11.4dfp.img
dimensions:      256       256       256
mmppix:       1.0000   -1.0000   -1.0000
center:     128.0000 -129.0000 -129.0000
rotation matrix determinant  1.000000
fimgreg.f
image alignment mode   1283 decimal      503 hex
parameters
    7.5000   30.0000    7.5000    0.0000    0.0000    0.0000
eta,q 0.95956  7.84434
niter,ni,del,rscale     5    3   12.0000    1.2000
parameter  1  0.830128 ->  0.500000 qaram    1.1500
parameter  6  0.695414 ->  0.500000 qaram    1.1500
parameters
    4.0500   30.1337    8.0157    2.4595    0.4846   -3.4500
eta,q 0.97017  7.76511
  0.0369  0.0444  0.0447  0.0405  0.0417  0.0301
  0.0333  0.0389  0.0388  0.0378  0.0374  0.0298
  0.0353  0.0350  0.0352  0.0352  0.0336  0.0301
  0.0413  0.0335  0.0334  0.0334  0.0319  0.0317
  0.0502  0.0339  0.0340  0.0320  0.0328  0.0349
  0.0593  0.0374  0.0370  0.0322  0.0355  0.0391
  0.0663  0.0442  0.0412  0.0345  0.0391  0.0433
niter,ni,del,rscale     6    3   12.0000    1.2000
parameters
    3.3293   29.3724    8.6498    2.3821    1.0228   -4.4801
eta,q 0.97158  7.76578
  0.0495  0.0392  0.0405  0.0345  0.0388  0.0339
  0.0381  0.0329  0.0345  0.0321  0.0340  0.0304
  0.0306  0.0290  0.0307  0.0295  0.0305  0.0287
  0.0298  0.0293  0.0288  0.0287  0.0287  0.0285
  0.0354  0.0324  0.0295  0.0299  0.0288  0.0300
  0.0461  0.0377  0.0323  0.0318  0.0314  0.0335
  0.0579  0.0450  0.0362  0.0351  0.0362  0.0385
niter,ni,del,rscale     5    3   12.0000    1.2000
parameters
    3.0579   29.4207    8.8375    2.2476    1.2327   -4.5656
eta,q 0.97173  7.76489
  0.0521  0.0418  0.0385  0.0343  0.0381  0.0358
  0.0398  0.0349  0.0332  0.0318  0.0334  0.0318
  0.0308  0.0295  0.0298  0.0293  0.0301  0.0291
  0.0284  0.0283  0.0283  0.0284  0.0283  0.0283
  0.0332  0.0303  0.0296  0.0296  0.0288  0.0290
  0.0432  0.0344  0.0328  0.0318  0.0321  0.0318
  0.0551  0.0412  0.0371  0.0350  0.0374  0.0364
niter,ni,del,rscale     4    3   12.0000    1.2000
parameters
    2.9772   29.4849    8.8566    2.1869    1.2857   -4.5801
eta,q 0.97174  7.76438
  0.0534  0.0418  0.0379  0.0344  0.0377  0.0360
  0.0409  0.0349  0.0328  0.0319  0.0332  0.0319
  0.0314  0.0296  0.0295  0.0293  0.0299  0.0292
  0.0283  0.0282  0.0283  0.0283  0.0283  0.0283
  0.0326  0.0302  0.0298  0.0294  0.0290  0.0289
  0.0422  0.0342  0.0331  0.0317  0.0325  0.0317
  0.0540  0.0412  0.0374  0.0349  0.0380  0.0363
niter,ni,del,rscale     3    3   12.0000    1.2000
parameters
    2.9573   29.5109    8.8549    2.1629    1.2979   -4.5832
eta,q 0.97174  7.76428
  0.0539  0.0416  0.0378  0.0345  0.0376  0.0360
  0.0413  0.0348  0.0327  0.0319  0.0331  0.0319
  0.0316  0.0295  0.0294  0.0293  0.0299  0.0292
  0.0283  0.0283  0.0283  0.0283  0.0283  0.0283
  0.0324  0.0302  0.0298  0.0294  0.0290  0.0289
  0.0419  0.0343  0.0331  0.0316  0.0326  0.0317
  0.0537  0.0414  0.0375  0.0348  0.0382  0.0363
registration optimization eta report
parameter search radius
    6.9000    6.0000    6.0000    6.0000    6.0000    6.9000
100000*second partial in parameter space
       52.       37.       26.       17.       27.       17.
  0.0539  0.0416  0.0378  0.0345  0.0376  0.0360
  0.0413  0.0348  0.0327  0.0319  0.0331  0.0319
  0.0316  0.0295  0.0294  0.0293  0.0299  0.0292
  0.0283  0.0283  0.0283  0.0283  0.0283  0.0283
  0.0324  0.0302  0.0298  0.0294  0.0290  0.0289
  0.0419  0.0343  0.0331  0.0316  0.0326  0.0317
  0.0537  0.0414  0.0375  0.0348  0.0382  0.0363
    2.9573   29.5109    8.8549    2.1629    1.2979   -4.5832
eta,q 0.97174  7.76428

---------------------------------------------------------------------
imgreg_4dfp /opt/freesurfer/average/711-2C_as_mni_average_305 /opt/freesurfer/average/711-2B_as_mni_average_305_mask talsrcimg_g11 none talsrcimg_to_711-2C_as_mni_average_305_t4 3335
---------------------------------------------------------------------

freesurfer imgreg_4dfp.c
/opt/freesurfer/average/711-2C_as_mni_average_305.4dfp.img
       256       256       256         1
  1.000000  1.000000  1.000000
orientation T byte_order littleendian
Reading image: /opt/freesurfer/average/711-2C_as_mni_average_305.4dfp.img
dimensions:      256       256       256
mmppix:       1.0000   -1.0000   -1.0000
center:     128.0000 -129.0000 -129.0000
/opt/freesurfer/average/711-2B_as_mni_average_305_mask.4dfp.img
       256       256       256         1
  1.000000  1.000000  1.000000
orientation T byte_order littleendian
Reading mask: /opt/freesurfer/average/711-2B_as_mni_average_305_mask.4dfp.img (2306576 pixels)
talsrcimg_g11.4dfp.img
       256       256       256         1
  1.000000  1.000000  1.000000
orientation T byte_order littleendian
Reading image: talsrcimg_g11.4dfp.img
dimensions:      256       256       256
mmppix:       1.0000   -1.0000   -1.0000
center:     128.0000 -129.0000 -129.0000
fimgreg.f
image alignment mode   3335 decimal      D07 hex
parameters
    2.9573   29.5109    8.8549   -0.3453   -0.3839   -0.0969
    7.8997   -2.5577   -7.9885   -3.5811    2.2650    3.7731
eta,q 0.97092  7.84055
niter,ni,del,rscale     5    3    5.0000    1.2000
parameter  4  0.826317 ->  0.500000 qaram    1.1500
parameter  5  1.332513 ->  0.500000 qaram    1.1500
parameter 12  0.531953 ->  0.500000 qaram    1.1500
parameters
    3.0395   29.6221    9.2241   -4.4853   -4.5239   -0.7679
    7.7316   -1.9815   -6.5662   -3.7118    1.9563   -0.3669
eta,q 0.97704  7.65243
  0.0330  0.0319  0.0313  0.0265  0.0224  0.0256  0.0260  0.0288  0.0262  0.0266  0.0245  0.0233
  0.0309  0.0303  0.0302  0.0263  0.0231  0.0245  0.0246  0.0263  0.0248  0.0248  0.0238  0.0230
  0.0296  0.0294  0.0294  0.0270  0.0246  0.0237  0.0237  0.0245  0.0239  0.0236  0.0235  0.0230
  0.0291  0.0291  0.0291  0.0290  0.0264  0.0234  0.0235  0.0235  0.0234  0.0233  0.0233  0.0233
  0.0294  0.0294  0.0291  0.0322  0.0288  0.0236  0.0238  0.0236  0.0234  0.0239  0.0235  0.0239
  0.0306  0.0301  0.0295  0.0361  0.0319  0.0247  0.0248  0.0250  0.0238  0.0249  0.0239  0.0248
  0.0325  0.0313  0.0302  0.0402  0.0352  0.0274  0.0262  0.0276  0.0246  0.0268  0.0247  0.0259
niter,ni,del,rscale     7    3    5.0000    1.2000
parameters
    2.9390   29.7874    8.8231   -6.4892   -8.1860    0.6502
    7.7795   -1.9912   -6.6645   -2.3462    2.1768   -0.4353
eta,q 0.97807  7.52446
  0.0262  0.0259  0.0240  0.0249  0.0235  0.0250  0.0245  0.0263  0.0240  0.0264  0.0232  0.0236
  0.0244  0.0244  0.0232  0.0241  0.0227  0.0239  0.0232  0.0242  0.0229  0.0246  0.0226  0.0227
  0.0232  0.0234  0.0229  0.0232  0.0224  0.0230  0.0224  0.0228  0.0223  0.0231  0.0222  0.0221
  0.0230  0.0229  0.0229  0.0229  0.0230  0.0224  0.0222  0.0222  0.0222  0.0222  0.0219  0.0219
  0.0235  0.0231  0.0233  0.0238  0.0247  0.0221  0.0224  0.0224  0.0224  0.0220  0.0220  0.0222
  0.0248  0.0239  0.0240  0.0263  0.0269  0.0222  0.0232  0.0239  0.0231  0.0228  0.0224  0.0228
  0.0268  0.0253  0.0249  0.0301  0.0299  0.0238  0.0244  0.0266  0.0240  0.0243  0.0231  0.0237
niter,ni,del,rscale     6    3    5.0000    1.2000
parameters
    2.9084   29.8004    9.2439   -6.7869   -8.9151    0.6917
    7.7416   -1.9013   -6.8150   -2.1402    2.3437   -0.0904
eta,q 0.97806  7.49027
  0.0250  0.0247  0.0240  0.0246  0.0249  0.0244  0.0243  0.0261  0.0238  0.0254  0.0231  0.0238
  0.0233  0.0231  0.0230  0.0235  0.0233  0.0233  0.0230  0.0240  0.0228  0.0238  0.0225  0.0229
  0.0223  0.0222  0.0223  0.0227  0.0223  0.0225  0.0222  0.0226  0.0221  0.0226  0.0221  0.0222
  0.0219  0.0219  0.0219  0.0219  0.0220  0.0220  0.0220  0.0220  0.0220  0.0220  0.0219  0.0219
  0.0223  0.0223  0.0219  0.0218  0.0226  0.0218  0.0223  0.0222  0.0222  0.0222  0.0220  0.0221
  0.0234  0.0232  0.0223  0.0231  0.0241  0.0227  0.0231  0.0236  0.0229  0.0234  0.0224  0.0227
  0.0252  0.0245  0.0229  0.0259  0.0262  0.0250  0.0243  0.0262  0.0239  0.0252  0.0231  0.0235
niter,ni,del,rscale     5    3    5.0000    1.2000
parameters
    2.8844   29.7638    9.3444   -6.8266   -9.0764    0.6831
    7.7229   -1.9094   -6.8735   -2.1792    2.4083    0.0692
eta,q 0.97805  7.48289
  0.0249  0.0245  0.0235  0.0247  0.0252  0.0245  0.0243  0.0260  0.0239  0.0252  0.0231  0.0238
  0.0233  0.0230  0.0227  0.0236  0.0236  0.0233  0.0230  0.0240  0.0228  0.0236  0.0225  0.0228
  0.0223  0.0221  0.0221  0.0227  0.0225  0.0225  0.0222  0.0226  0.0221  0.0225  0.0221  0.0222
  0.0219  0.0219  0.0219  0.0219  0.0219  0.0219  0.0219  0.0219  0.0220  0.0220  0.0219  0.0220
  0.0223  0.0223  0.0221  0.0218  0.0223  0.0218  0.0222  0.0222  0.0222  0.0223  0.0220  0.0222
  0.0234  0.0232  0.0225  0.0229  0.0237  0.0227  0.0231  0.0237  0.0229  0.0236  0.0224  0.0227
  0.0251  0.0245  0.0233  0.0256  0.0256  0.0251  0.0242  0.0263  0.0239  0.0254  0.0231  0.0236
niter,ni,del,rscale     4    3    5.0000    1.2000
parameters
    2.8763   29.7409    9.3717   -6.8339   -9.1026    0.6794
    7.7321   -1.9178   -6.8918   -2.2220    2.4338    0.1345
eta,q 0.97804  7.48155
  0.0250  0.0245  0.0235  0.0247  0.0253  0.0245  0.0243  0.0260  0.0239  0.0252  0.0230  0.0237
  0.0233  0.0230  0.0226  0.0236  0.0237  0.0233  0.0230  0.0240  0.0228  0.0236  0.0225  0.0228
  0.0223  0.0221  0.0221  0.0227  0.0225  0.0225  0.0222  0.0226  0.0222  0.0225  0.0221  0.0222
  0.0220  0.0220  0.0219  0.0219  0.0220  0.0220  0.0220  0.0220  0.0220  0.0220  0.0220  0.0220
  0.0223  0.0223  0.0221  0.0218  0.0223  0.0218  0.0222  0.0222  0.0222  0.0223  0.0220  0.0222
  0.0233  0.0232  0.0226  0.0229  0.0236  0.0228  0.0230  0.0237  0.0229  0.0236  0.0224  0.0227
  0.0250  0.0245  0.0234  0.0255  0.0255  0.0251  0.0242  0.0263  0.0239  0.0254  0.0231  0.0237
niter,ni,del,rscale     3    3    5.0000    1.2000
parameters
    2.8723   29.7311    9.3782   -6.8387   -9.1032    0.6718
    7.7343   -1.9232   -6.8957   -2.2418    2.4449    0.1609
eta,q 0.97803  7.48108
  0.0250  0.0246  0.0234  0.0247  0.0253  0.0245  0.0243  0.0260  0.0239  0.0253  0.0230  0.0237
  0.0233  0.0230  0.0226  0.0236  0.0237  0.0233  0.0230  0.0240  0.0228  0.0237  0.0225  0.0228
  0.0223  0.0222  0.0221  0.0227  0.0225  0.0225  0.0222  0.0226  0.0222  0.0225  0.0221  0.0222
  0.0220  0.0220  0.0220  0.0220  0.0220  0.0220  0.0220  0.0220  0.0220  0.0220  0.0220  0.0220
  0.0223  0.0223  0.0221  0.0218  0.0223  0.0218  0.0222  0.0222  0.0222  0.0223  0.0221  0.0222
  0.0233  0.0232  0.0226  0.0229  0.0236  0.0228  0.0231  0.0237  0.0229  0.0236  0.0224  0.0228
  0.0250  0.0245  0.0234  0.0255  0.0255  0.0251  0.0242  0.0263  0.0238  0.0254  0.0231  0.0237
registration optimization eta report
parameter search radius
    2.4000    2.4000    2.4000    8.2800    8.2800    7.2000
    7.2000    7.2000    7.2000    7.2000    7.2000    8.2800
100000*second partial in parameter space
       53.       44.       25.        5.        5.        6.
        4.        8.        4.        6.        2.        3.
  0.0250  0.0246  0.0234  0.0247  0.0253  0.0245  0.0243  0.0260  0.0239  0.0253  0.0230  0.0237
  0.0233  0.0230  0.0226  0.0236  0.0237  0.0233  0.0230  0.0240  0.0228  0.0237  0.0225  0.0228
  0.0223  0.0222  0.0221  0.0227  0.0225  0.0225  0.0222  0.0226  0.0222  0.0225  0.0221  0.0222
  0.0220  0.0220  0.0220  0.0220  0.0220  0.0220  0.0220  0.0220  0.0220  0.0220  0.0220  0.0220
  0.0223  0.0223  0.0221  0.0218  0.0223  0.0218  0.0222  0.0222  0.0222  0.0223  0.0221  0.0222
  0.0233  0.0232  0.0226  0.0229  0.0236  0.0228  0.0231  0.0237  0.0229  0.0236  0.0224  0.0228
  0.0250  0.0245  0.0234  0.0255  0.0255  0.0251  0.0242  0.0263  0.0238  0.0254  0.0231  0.0237
    2.8723   29.7311    9.3782   -6.8387   -9.1032    0.6718
    7.7343   -1.9232   -6.8957   -2.2418    2.4449    0.1609
eta,q 0.97803  7.48108

---------------------------------------------------------------------
imgreg_4dfp /opt/freesurfer/average/711-2C_as_mni_average_305 /opt/freesurfer/average/711-2B_as_mni_average_305_mask talsrcimg_g11 none talsrcimg_to_711-2C_as_mni_average_305_t4 2311
---------------------------------------------------------------------

freesurfer imgreg_4dfp.c
/opt/freesurfer/average/711-2C_as_mni_average_305.4dfp.img
       256       256       256         1
  1.000000  1.000000  1.000000
orientation T byte_order littleendian
Reading image: /opt/freesurfer/average/711-2C_as_mni_average_305.4dfp.img
dimensions:      256       256       256
mmppix:       1.0000   -1.0000   -1.0000
center:     128.0000 -129.0000 -129.0000
/opt/freesurfer/average/711-2B_as_mni_average_305_mask.4dfp.img
       256       256       256         1
  1.000000  1.000000  1.000000
orientation T byte_order littleendian
Reading mask: /opt/freesurfer/average/711-2B_as_mni_average_305_mask.4dfp.img (2306576 pixels)
talsrcimg_g11.4dfp.img
       256       256       256         1
  1.000000  1.000000  1.000000
orientation T byte_order littleendian
Reading image: talsrcimg_g11.4dfp.img
dimensions:      256       256       256
mmppix:       1.0000   -1.0000   -1.0000
center:     128.0000 -129.0000 -129.0000
fimgreg.f
image alignment mode   2311 decimal      907 hex
parameters
    2.8723   29.7311    9.3782   -6.8387   -9.1032    0.6718
    7.7343   -1.9232   -6.8957   -2.2418    2.4449    0.1609
eta,q 0.97803  7.48109
niter,ni,del,rscale     5    3    5.0000    0.8000
parameters
    2.8737   29.6598    9.3636   -5.3967   -8.9452    1.2259
    7.5967   -1.8983   -6.9699   -2.3026    2.1576   -0.2242
eta,q 0.97836  7.54735
  0.0233  0.0230  0.0226  0.0234  0.0231  0.0232  0.0227  0.0239  0.0225  0.0233  0.0222  0.0222
  0.0226  0.0224  0.0222  0.0229  0.0224  0.0225  0.0221  0.0228  0.0220  0.0225  0.0219  0.0219
  0.0221  0.0220  0.0220  0.0224  0.0220  0.0220  0.0218  0.0220  0.0217  0.0219  0.0217  0.0217
  0.0220  0.0220  0.0220  0.0220  0.0217  0.0217  0.0217  0.0217  0.0217  0.0217  0.0216  0.0217
  0.0221  0.0222  0.0220  0.0217  0.0218  0.0216  0.0218  0.0218  0.0218  0.0218  0.0217  0.0218
  0.0226  0.0226  0.0223  0.0218  0.0222  0.0219  0.0222  0.0226  0.0221  0.0225  0.0220  0.0220
  0.0233  0.0232  0.0226  0.0225  0.0230  0.0228  0.0229  0.0240  0.0226  0.0234  0.0224  0.0224
niter,ni,del,rscale     4    3    5.0000    0.7000
parameters
    2.9103   29.6738    9.3355   -5.4898   -8.8989    1.4609
    7.6075   -1.8208   -6.9332   -2.2067    2.0650   -0.4143
eta,q 0.97838  7.55245
  0.0229  0.0226  0.0222  0.0227  0.0227  0.0227  0.0225  0.0234  0.0224  0.0230  0.0221  0.0221
  0.0222  0.0220  0.0219  0.0222  0.0222  0.0222  0.0220  0.0225  0.0220  0.0223  0.0218  0.0218
  0.0218  0.0217  0.0217  0.0219  0.0218  0.0219  0.0217  0.0219  0.0217  0.0218  0.0217  0.0217
  0.0216  0.0216  0.0216  0.0216  0.0217  0.0217  0.0216  0.0216  0.0216  0.0216  0.0216  0.0216
  0.0218  0.0218  0.0217  0.0217  0.0217  0.0216  0.0217  0.0218  0.0217  0.0217  0.0217  0.0217
  0.0221  0.0221  0.0219  0.0221  0.0221  0.0219  0.0220  0.0223  0.0219  0.0222  0.0219  0.0219
  0.0228  0.0225  0.0222  0.0230  0.0227  0.0226  0.0225  0.0234  0.0223  0.0229  0.0222  0.0222
niter,ni,del,rscale     3    3    5.0000    0.6000
parameters
    2.9265   29.6866    9.3384   -5.3779   -8.8987    1.6239
    7.5712   -1.7923   -6.9156   -2.1352    1.9902   -0.5537
eta,q 0.97840  7.55991
  0.0225  0.0223  0.0220  0.0225  0.0224  0.0224  0.0222  0.0229  0.0221  0.0226  0.0220  0.0219
  0.0220  0.0219  0.0218  0.0221  0.0220  0.0220  0.0219  0.0222  0.0218  0.0221  0.0218  0.0217
  0.0217  0.0217  0.0217  0.0218  0.0217  0.0218  0.0217  0.0218  0.0217  0.0218  0.0216  0.0216
  0.0216  0.0216  0.0216  0.0216  0.0216  0.0216  0.0216  0.0216  0.0216  0.0216  0.0216  0.0216
  0.0217  0.0217  0.0217  0.0216  0.0217  0.0216  0.0217  0.0217  0.0217  0.0217  0.0216  0.0217
  0.0220  0.0219  0.0218  0.0219  0.0219  0.0218  0.0219  0.0222  0.0218  0.0220  0.0218  0.0218
  0.0225  0.0223  0.0220  0.0225  0.0224  0.0224  0.0223  0.0229  0.0221  0.0226  0.0220  0.0220
niter,ni,del,rscale     2    3    5.0000    0.5000
parameters
    2.9366   29.6938    9.3343   -5.2638   -8.8779    1.7853
    7.5510   -1.7889   -6.9105   -2.0866    1.9370   -0.7039
eta,q 0.97843  7.56796
  0.0222  0.0221  0.0219  0.0223  0.0221  0.0221  0.0220  0.0225  0.0220  0.0223  0.0218  0.0218
  0.0219  0.0218  0.0217  0.0220  0.0219  0.0219  0.0218  0.0220  0.0217  0.0219  0.0217  0.0217
  0.0217  0.0216  0.0216  0.0217  0.0217  0.0217  0.0216  0.0217  0.0216  0.0217  0.0216  0.0216
  0.0216  0.0216  0.0216  0.0216  0.0216  0.0216  0.0216  0.0216  0.0216  0.0216  0.0216  0.0216
  0.0217  0.0217  0.0216  0.0216  0.0216  0.0216  0.0216  0.0217  0.0216  0.0216  0.0216  0.0216
  0.0219  0.0218  0.0217  0.0218  0.0218  0.0217  0.0218  0.0220  0.0217  0.0219  0.0217  0.0217
  0.0222  0.0221  0.0219  0.0222  0.0222  0.0221  0.0221  0.0225  0.0219  0.0223  0.0219  0.0219
niter,ni,del,rscale     1    3    5.0000    0.4000
parameters
    2.9441   29.6995    9.3386   -5.1844   -8.8405    1.9651
    7.5379   -1.7911   -6.8942   -2.0498    1.8731   -0.8364
eta,q 0.97843  7.57588
  0.0220  0.0219  0.0218  0.0220  0.0219  0.0219  0.0219  0.0222  0.0218  0.0220  0.0217  0.0217
  0.0218  0.0217  0.0217  0.0218  0.0218  0.0218  0.0217  0.0219  0.0217  0.0218  0.0216  0.0216
  0.0216  0.0216  0.0216  0.0217  0.0216  0.0216  0.0216  0.0217  0.0216  0.0216  0.0216  0.0216
  0.0216  0.0216  0.0216  0.0216  0.0216  0.0216  0.0216  0.0216  0.0216  0.0216  0.0216  0.0216
  0.0216  0.0216  0.0216  0.0216  0.0216  0.0216  0.0216  0.0216  0.0216  0.0216  0.0216  0.0216
  0.0218  0.0217  0.0217  0.0217  0.0217  0.0217  0.0217  0.0218  0.0217  0.0218  0.0217  0.0217
  0.0220  0.0219  0.0218  0.0220  0.0219  0.0219  0.0219  0.0222  0.0218  0.0220  0.0217  0.0217
registration optimization eta report
parameter search radius
    0.8000    0.8000    0.8000    2.4000    2.4000    2.4000
    2.4000    2.4000    2.4000    2.4000    2.4000    2.4000
100000*second partial in parameter space
       63.       48.       29.        8.        6.        6.
        5.       11.        4.        8.        3.        3.
  0.0220  0.0219  0.0218  0.0220  0.0219  0.0219  0.0219  0.0222  0.0218  0.0220  0.0217  0.0217
  0.0218  0.0217  0.0217  0.0218  0.0218  0.0218  0.0217  0.0219  0.0217  0.0218  0.0216  0.0216
  0.0216  0.0216  0.0216  0.0217  0.0216  0.0216  0.0216  0.0217  0.0216  0.0216  0.0216  0.0216
  0.0216  0.0216  0.0216  0.0216  0.0216  0.0216  0.0216  0.0216  0.0216  0.0216  0.0216  0.0216
  0.0216  0.0216  0.0216  0.0216  0.0216  0.0216  0.0216  0.0216  0.0216  0.0216  0.0216  0.0216
  0.0218  0.0217  0.0217  0.0217  0.0217  0.0217  0.0217  0.0218  0.0217  0.0218  0.0217  0.0217
  0.0220  0.0219  0.0218  0.0220  0.0219  0.0219  0.0219  0.0222  0.0218  0.0220  0.0217  0.0217
    2.9441   29.6995    9.3386   -5.1844   -8.8405    1.9651
    7.5379   -1.7911   -6.8942   -2.0498    1.8731   -0.8364
eta,q 0.97843  7.57588

---------------------------------------------------------------------
imgreg_4dfp /opt/freesurfer/average/711-2C_as_mni_average_305 /opt/freesurfer/average/711-2B_as_mni_average_305_mask talsrcimg_g11 none talsrcimg_to_711-2C_as_mni_average_305_t4 2311
---------------------------------------------------------------------

freesurfer imgreg_4dfp.c
/opt/freesurfer/average/711-2C_as_mni_average_305.4dfp.img
       256       256       256         1
  1.000000  1.000000  1.000000
orientation T byte_order littleendian
Reading image: /opt/freesurfer/average/711-2C_as_mni_average_305.4dfp.img
dimensions:      256       256       256
mmppix:       1.0000   -1.0000   -1.0000
center:     128.0000 -129.0000 -129.0000
/opt/freesurfer/average/711-2B_as_mni_average_305_mask.4dfp.img
       256       256       256         1
  1.000000  1.000000  1.000000
orientation T byte_order littleendian
Reading mask: /opt/freesurfer/average/711-2B_as_mni_average_305_mask.4dfp.img (2306576 pixels)
talsrcimg_g11.4dfp.img
       256       256       256         1
  1.000000  1.000000  1.000000
orientation T byte_order littleendian
Reading image: talsrcimg_g11.4dfp.img
dimensions:      256       256       256
mmppix:       1.0000   -1.0000   -1.0000
center:     128.0000 -129.0000 -129.0000
fimgreg.f
image alignment mode   2311 decimal      907 hex
parameters
    2.9441   29.6995    9.3386   -5.1844   -8.8405    1.9651
    7.5379   -1.7911   -6.8942   -2.0498    1.8731   -0.8364
eta,q 0.97843  7.57588
niter,ni,del,rscale     5    3    5.0000    0.8000
parameters
    2.9533   29.7618    9.3579   -5.6819   -9.0506    1.4621
    7.6408   -1.7552   -6.8634   -2.0102    2.0376   -0.4968
eta,q 0.97836  7.54205
  0.0232  0.0229  0.0224  0.0228  0.0228  0.0227  0.0228  0.0238  0.0226  0.0233  0.0223  0.0224
  0.0223  0.0222  0.0219  0.0222  0.0222  0.0222  0.0222  0.0227  0.0221  0.0225  0.0220  0.0220
  0.0218  0.0217  0.0216  0.0218  0.0218  0.0218  0.0218  0.0220  0.0218  0.0219  0.0218  0.0217
  0.0216  0.0216  0.0216  0.0216  0.0216  0.0216  0.0217  0.0216  0.0216  0.0216  0.0216  0.0216
  0.0217  0.0217  0.0217  0.0218  0.0217  0.0217  0.0218  0.0218  0.0217  0.0218  0.0217  0.0217
  0.0223  0.0221  0.0219  0.0225  0.0223  0.0223  0.0221  0.0226  0.0221  0.0224  0.0219  0.0219
  0.0232  0.0227  0.0223  0.0237  0.0231  0.0237  0.0227  0.0239  0.0225  0.0233  0.0222  0.0222
niter,ni,del,rscale     4    3    5.0000    0.7000
parameters
    2.9302   29.7233    9.3473   -5.5279   -8.9956    1.4799
    7.5884   -1.7793   -6.9049   -2.0815    2.0471   -0.4867
eta,q 0.97838  7.54875
  0.0228  0.0225  0.0222  0.0227  0.0227  0.0226  0.0225  0.0233  0.0223  0.0229  0.0221  0.0221
  0.0221  0.0220  0.0219  0.0223  0.0222  0.0221  0.0220  0.0224  0.0219  0.0222  0.0219  0.0218
  0.0218  0.0217  0.0217  0.0219  0.0218  0.0218  0.0217  0.0219  0.0217  0.0218  0.0217  0.0217
  0.0216  0.0216  0.0216  0.0216  0.0216  0.0216  0.0216  0.0216  0.0216  0.0216  0.0216  0.0216
  0.0218  0.0218  0.0217  0.0216  0.0217  0.0216  0.0217  0.0218  0.0217  0.0218  0.0217  0.0217
  0.0222  0.0221  0.0219  0.0220  0.0221  0.0219  0.0220  0.0224  0.0220  0.0223  0.0218  0.0219
  0.0229  0.0226  0.0222  0.0228  0.0227  0.0228  0.0225  0.0234  0.0223  0.0230  0.0221  0.0221
niter,ni,del,rscale     3    3    5.0000    0.6000
parameters
    2.9311   29.7039    9.3390   -5.3795   -8.9359    1.6227
    7.5689   -1.7876   -6.9156   -2.0955    1.9917   -0.5752
eta,q 0.97841  7.55870
  0.0225  0.0223  0.0220  0.0225  0.0224  0.0224  0.0222  0.0229  0.0221  0.0226  0.0220  0.0220
  0.0220  0.0219  0.0218  0.0221  0.0220  0.0220  0.0219  0.0222  0.0218  0.0221  0.0218  0.0217
  0.0217  0.0217  0.0217  0.0218  0.0217  0.0218  0.0217  0.0218  0.0217  0.0217  0.0216  0.0216
  0.0216  0.0216  0.0216  0.0216  0.0216  0.0216  0.0216  0.0216  0.0216  0.0216  0.0216  0.0216
  0.0217  0.0217  0.0217  0.0216  0.0217  0.0216  0.0217  0.0217  0.0217  0.0217  0.0216  0.0217
  0.0220  0.0219  0.0218  0.0219  0.0219  0.0218  0.0219  0.0222  0.0218  0.0220  0.0218  0.0218
  0.0225  0.0223  0.0220  0.0225  0.0224  0.0224  0.0223  0.0230  0.0221  0.0226  0.0220  0.0220
niter,ni,del,rscale     2    3    5.0000    0.5000
parameters
    2.9391   29.6979    9.3365   -5.2650   -8.8843    1.7919
    7.5465   -1.7889   -6.9101   -2.0794    1.9141   -0.7036
eta,q 0.97842  7.56796
  0.0222  0.0221  0.0219  0.0223  0.0221  0.0221  0.0220  0.0225  0.0220  0.0223  0.0218  0.0218
  0.0219  0.0218  0.0217  0.0220  0.0219  0.0219  0.0218  0.0220  0.0217  0.0219  0.0217  0.0217
  0.0217  0.0216  0.0216  0.0217  0.0217  0.0217  0.0216  0.0217  0.0216  0.0217  0.0216  0.0216
  0.0216  0.0216  0.0216  0.0216  0.0216  0.0216  0.0216  0.0216  0.0216  0.0216  0.0216  0.0216
  0.0217  0.0217  0.0216  0.0216  0.0216  0.0216  0.0216  0.0217  0.0216  0.0216  0.0216  0.0216
  0.0219  0.0218  0.0217  0.0218  0.0218  0.0217  0.0218  0.0220  0.0217  0.0219  0.0217  0.0217
  0.0222  0.0221  0.0219  0.0222  0.0222  0.0221  0.0221  0.0225  0.0219  0.0223  0.0219  0.0219
niter,ni,del,rscale     1    3    5.0000    0.4000
parameters
    2.9446   29.6986    9.3396   -5.1835   -8.8345    1.9705
    7.5344   -1.7876   -6.8874   -2.0552    1.8632   -0.8417
eta,q 0.97844  7.57618
  0.0220  0.0219  0.0218  0.0220  0.0219  0.0219  0.0219  0.0222  0.0218  0.0220  0.0217  0.0217
  0.0218  0.0217  0.0217  0.0218  0.0218  0.0218  0.0217  0.0219  0.0217  0.0218  0.0216  0.0216
  0.0216  0.0216  0.0216  0.0217  0.0216  0.0216  0.0216  0.0216  0.0216  0.0216  0.0216  0.0216
  0.0216  0.0216  0.0216  0.0216  0.0216  0.0216  0.0216  0.0216  0.0216  0.0216  0.0216  0.0216
  0.0216  0.0216  0.0216  0.0216  0.0216  0.0216  0.0216  0.0216  0.0216  0.0216  0.0216  0.0216
  0.0218  0.0217  0.0217  0.0217  0.0217  0.0217  0.0217  0.0218  0.0217  0.0218  0.0217  0.0217
  0.0220  0.0219  0.0218  0.0220  0.0219  0.0219  0.0219  0.0222  0.0218  0.0220  0.0217  0.0217
registration optimization eta report
parameter search radius
    0.8000    0.8000    0.8000    2.4000    2.4000    2.4000
    2.4000    2.4000    2.4000    2.4000    2.4000    2.4000
100000*second partial in parameter space
       64.       48.       30.        8.        6.        6.
        5.       11.        4.        8.        3.        3.
  0.0220  0.0219  0.0218  0.0220  0.0219  0.0219  0.0219  0.0222  0.0218  0.0220  0.0217  0.0217
  0.0218  0.0217  0.0217  0.0218  0.0218  0.0218  0.0217  0.0219  0.0217  0.0218  0.0216  0.0216
  0.0216  0.0216  0.0216  0.0217  0.0216  0.0216  0.0216  0.0216  0.0216  0.0216  0.0216  0.0216
  0.0216  0.0216  0.0216  0.0216  0.0216  0.0216  0.0216  0.0216  0.0216  0.0216  0.0216  0.0216
  0.0216  0.0216  0.0216  0.0216  0.0216  0.0216  0.0216  0.0216  0.0216  0.0216  0.0216  0.0216
  0.0218  0.0217  0.0217  0.0217  0.0217  0.0217  0.0217  0.0218  0.0217  0.0218  0.0217  0.0217
  0.0220  0.0219  0.0218  0.0220  0.0219  0.0219  0.0219  0.0222  0.0218  0.0220  0.0217  0.0217
    2.9446   29.6986    9.3396   -5.1835   -8.8345    1.9705
    7.5344   -1.7876   -6.8874   -2.0552    1.8632   -0.8417
eta,q 0.97844  7.57618

---------------------------------------------------------------------
compute_vox2vox talsrcimg talsrcimg_to_711-2C_as_mni_average_305_t4 /opt/freesurfer/average/711-2C_as_mni_average_305
---------------------------------------------------------------------

freesurfer compute_vox2vox.c
Reading: talsrcimg.4dfp.ifh
Reading: talsrcimg_to_711-2C_as_mni_average_305_t4
Reading: /opt/freesurfer/average/711-2C_as_mni_average_305.4dfp.ifh
Writing: talsrcimg_to_711-2C_as_mni_average_305_t4_vox2vox.txt

start time Tue Mar 10 13:13:00 CET 2026
end		time Tue Mar 10 13:14:25 CET 2026

mpr2mni305 success

avi2talxfm orig_nu.mgz /opt/freesurfer/average/mni305.cor.mgz talsrcimg_to_711-2C_as_mni_average_305_t4_vox2vox.txt transforms/talairach.auto.xfm
avi2talxfm done
mv -f /out/sourcedata/freesurfer/sub-v2s0x30146_ses-1/mri/talsrcimg_to_711-2C_as_mni_average_305_t4_vox2vox.txt /out/sourcedata/freesurfer/sub-v2s0x30146_ses-1/mri/transforms/talsrcimg_to_711-2C_as_mni_average_305_t4_vox2vox.txt
lta_convert --src orig_nu.mgz --trg /opt/freesurfer/average/mni305.cor.mgz --inxfm transforms/talairach.auto.xfm --outlta transforms/talairach.auto.xfm.lta --subject fsaverage
7.3.2

--src: orig_nu.mgz src image (geometry).
--trg: /opt/freesurfer/average/mni305.cor.mgz trg image (geometry).
--inmni: transforms/talairach.auto.xfm input MNI/XFM transform.
--outlta: transforms/talairach.auto.xfm.lta output LTA.
--s: fsaverage subject name
 LTA read, type : 1
 1.04806   0.01663  -0.08646  -2.66516;
-0.01850   0.98057   0.01058  -48.57454;
 0.07876   0.02336   1.09061  -27.10365;
 0.00000   0.00000   0.00000   1.00000;
setting subject to fsaverage
Writing  LTA to file transforms/talairach.auto.xfm.lta...
lta_convert successful.
 
 
Started at Tue Mar 10 13:13:00 CET 2026
Ended   at Tue Mar 10 13:14:25 CET 2026
talairach_avi done
