status file for recon-all
Tue Mar 10 10:44:45 CET 2026
#@# Tessellate rh Tue Mar 10 10:44:45 CET 2026
#@# Smooth1 rh Tue Mar 10 10:44:48 CET 2026
#@# Inflation1 rh Tue Mar 10 10:44:51 CET 2026
#@# QSphere rh Tue Mar 10 10:45:02 CET 2026
#@# Fix Topology rh Tue Mar 10 10:46:02 CET 2026
#@# Smooth2 rh Tue Mar 10 10:51:34 CET 2026
#@# Inflation2 rh Tue Mar 10 10:51:37 CET 2026
#@# Curv .H and .K rh Tue Mar 10 10:51:49 CET 2026
#@# Sphere rh Tue Mar 10 10:52:31 CET 2026
#@# Surf Reg rh Tue Mar 10 10:54:30 CET 2026
#@# Jacobian white rh Tue Mar 10 10:58:02 CET 2026
#@# AvgCurv rh Tue Mar 10 10:58:03 CET 2026
#@# Cortical Parc rh Tue Mar 10 10:58:04 CET 2026
#@# white curv rh Tue Mar 10 11:03:43 CET 2026
#@# white area rh Tue Mar 10 11:03:44 CET 2026
#@# pial curv rh Tue Mar 10 11:03:45 CET 2026
#@# pial area rh Tue Mar 10 11:03:47 CET 2026
#@# thickness rh Tue Mar 10 11:03:47 CET 2026
#@# area and vertex vol rh Tue Mar 10 11:04:13 CET 2026
#@# Curvature Stats rh Tue Mar 10 11:04:15 CET 2026
#@# Cortical Parc 2 rh Tue Mar 10 11:04:17 CET 2026
#@# Cortical Parc 3 rh Tue Mar 10 11:04:29 CET 2026
#@# WM/GM Contrast rh Tue Mar 10 11:04:38 CET 2026
recon-all -s sub-v2s0x29022_ses-1 finished without error at Tue Mar 10 11:04:41 CET 2026



#New# invocation of recon-all 



status file for recon-all
Tue Mar 10 11:33:19 CET 2026
#@# white curv rh Tue Mar 10 11:33:19 CET 2026
#@# white area rh Tue Mar 10 11:33:19 CET 2026
#@# pial curv rh Tue Mar 10 11:33:19 CET 2026
#@# pial area rh Tue Mar 10 11:33:19 CET 2026
#@# thickness rh Tue Mar 10 11:33:19 CET 2026
#@# area and vertex vol rh Tue Mar 10 11:33:19 CET 2026
#@# Parcellation Stats rh Tue Mar 10 11:33:19 CET 2026
#@# Parcellation Stats 2 rh Tue Mar 10 11:33:34 CET 2026
#@# Parcellation Stats 3 rh Tue Mar 10 11:33:42 CET 2026
#@# BA_exvivo Labels rh Tue Mar 10 11:33:50 CET 2026
recon-all -s sub-v2s0x29022_ses-1 finished without error at Tue Mar 10 11:36:12 CET 2026
