status file for recon-all
Tue Mar 10 10:25:31 CET 2026
#@# Tessellate lh Tue Mar 10 10:25:31 CET 2026
#@# Smooth1 lh Tue Mar 10 10:25:34 CET 2026
#@# Inflation1 lh Tue Mar 10 10:25:37 CET 2026
#@# QSphere lh Tue Mar 10 10:25:50 CET 2026
#@# Fix Topology lh Tue Mar 10 10:26:57 CET 2026
#@# Smooth2 lh Tue Mar 10 10:31:51 CET 2026
#@# Inflation2 lh Tue Mar 10 10:31:53 CET 2026
#@# Curv .H and .K lh Tue Mar 10 10:32:07 CET 2026
#@# Sphere lh Tue Mar 10 10:32:49 CET 2026
#@# Surf Reg lh Tue Mar 10 10:34:37 CET 2026
#@# Jacobian white lh Tue Mar 10 10:38:18 CET 2026
#@# AvgCurv lh Tue Mar 10 10:38:19 CET 2026
#@# Cortical Parc lh Tue Mar 10 10:38:19 CET 2026
#@# white curv lh Tue Mar 10 10:43:44 CET 2026
#@# white area lh Tue Mar 10 10:43:46 CET 2026
#@# pial curv lh Tue Mar 10 10:43:46 CET 2026
#@# pial area lh Tue Mar 10 10:43:48 CET 2026
#@# thickness lh Tue Mar 10 10:43:48 CET 2026
#@# area and vertex vol lh Tue Mar 10 10:44:14 CET 2026
#@# Curvature Stats lh Tue Mar 10 10:44:16 CET 2026
#@# Cortical Parc 2 lh Tue Mar 10 10:44:18 CET 2026
#@# Cortical Parc 3 lh Tue Mar 10 10:44:31 CET 2026
#@# WM/GM Contrast lh Tue Mar 10 10:44:40 CET 2026
recon-all -s sub-v2s0x29022_ses-1 finished without error at Tue Mar 10 10:44:42 CET 2026



#New# invocation of recon-all 



status file for recon-all
Tue Mar 10 11:30:21 CET 2026
#@# white curv lh Tue Mar 10 11:30:21 CET 2026
#@# white area lh Tue Mar 10 11:30:21 CET 2026
#@# pial curv lh Tue Mar 10 11:30:21 CET 2026
#@# pial area lh Tue Mar 10 11:30:21 CET 2026
#@# thickness lh Tue Mar 10 11:30:21 CET 2026
#@# area and vertex vol lh Tue Mar 10 11:30:21 CET 2026
#@# Parcellation Stats lh Tue Mar 10 11:30:21 CET 2026
#@# Parcellation Stats 2 lh Tue Mar 10 11:30:37 CET 2026
#@# Parcellation Stats 3 lh Tue Mar 10 11:30:45 CET 2026
#@# BA_exvivo Labels lh Tue Mar 10 11:30:55 CET 2026
recon-all -s sub-v2s0x29022_ses-1 finished without error at Tue Mar 10 11:33:17 CET 2026
