status file for recon-all
Tue Mar 10 10:17:31 CET 2026
#@# T2/FLAIR Input Tue Mar 10 10:17:32 CET 2026
#@# MotionCor Tue Mar 10 10:17:34 CET 2026
#@# Talairach Tue Mar 10 10:17:42 CET 2026
#@# Talairach Failure Detection Tue Mar 10 10:22:10 CET 2026
#@# Nu Intensity Correction Tue Mar 10 10:22:10 CET 2026
#@# Intensity Normalization Tue Mar 10 10:25:26 CET 2026
recon-all -s sub-v2s0x29045_ses-1 finished without error at Tue Mar 10 10:27:04 CET 2026



#New# invocation of recon-all 



status file for recon-all
Tue Mar 10 10:34:38 CET 2026
#@# EM Registration Tue Mar 10 10:34:38 CET 2026
recon-all -s sub-v2s0x29045_ses-1 finished without error at Tue Mar 10 10:37:02 CET 2026



#New# invocation of recon-all 



status file for recon-all
Tue Mar 10 10:37:04 CET 2026
#@# CA Normalize Tue Mar 10 10:37:04 CET 2026
#@# CA Reg Tue Mar 10 10:38:24 CET 2026
#@# SubCort Seg Tue Mar 10 11:27:29 CET 2026
#@# CC Seg Tue Mar 10 11:56:17 CET 2026
#@# Merge ASeg Tue Mar 10 11:56:59 CET 2026
#@# Intensity Normalization2 Tue Mar 10 11:56:59 CET 2026
#@# Mask BFS Tue Mar 10 11:59:07 CET 2026
#@# WM Segmentation Tue Mar 10 11:59:08 CET 2026
#@# Fill Tue Mar 10 12:01:07 CET 2026
recon-all -s sub-v2s0x29045_ses-1 finished without error at Tue Mar 10 12:02:12 CET 2026



#New# invocation of recon-all 



status file for recon-all
Tue Mar 10 12:41:41 CET 2026
#@# Refine Pial Surfs w/ T2/FLAIR Tue Mar 10 12:41:41 CET 2026
#@# white curv lh Tue Mar 10 13:02:06 CET 2026
#@# white area lh Tue Mar 10 13:02:06 CET 2026
#@# pial curv lh Tue Mar 10 13:02:06 CET 2026
#@# pial area lh Tue Mar 10 13:02:07 CET 2026
#@# thickness lh Tue Mar 10 13:02:08 CET 2026
#@# area and vertex vol lh Tue Mar 10 13:02:33 CET 2026
#@# white curv rh Tue Mar 10 13:02:34 CET 2026
#@# white area rh Tue Mar 10 13:02:34 CET 2026
#@# pial curv rh Tue Mar 10 13:02:34 CET 2026
#@# pial area rh Tue Mar 10 13:02:36 CET 2026
#@# thickness rh Tue Mar 10 13:02:36 CET 2026
#@# area and vertex vol rh Tue Mar 10 13:03:00 CET 2026
#@# Cortical ribbon mask Tue Mar 10 13:03:02 CET 2026
recon-all -s sub-v2s0x29045_ses-1 finished without error at Tue Mar 10 13:05:37 CET 2026



#New# invocation of recon-all 



status file for recon-all
Tue Mar 10 13:11:51 CET 2026
#@# white curv lh Tue Mar 10 13:11:51 CET 2026
#@# white area lh Tue Mar 10 13:11:51 CET 2026
#@# pial curv lh Tue Mar 10 13:11:51 CET 2026
#@# pial area lh Tue Mar 10 13:11:51 CET 2026
#@# thickness lh Tue Mar 10 13:11:51 CET 2026
#@# area and vertex vol lh Tue Mar 10 13:11:51 CET 2026
#@# white curv rh Tue Mar 10 13:11:51 CET 2026
#@# white area rh Tue Mar 10 13:11:51 CET 2026
#@# pial curv rh Tue Mar 10 13:11:51 CET 2026
#@# pial area rh Tue Mar 10 13:11:51 CET 2026
#@# thickness rh Tue Mar 10 13:11:51 CET 2026
#@# area and vertex vol rh Tue Mar 10 13:11:51 CET 2026
#@# Curvature Stats lh Tue Mar 10 13:11:51 CET 2026
#@# Curvature Stats rh Tue Mar 10 13:11:53 CET 2026
#@# Relabel Hypointensities Tue Mar 10 13:11:56 CET 2026
#@# APas-to-ASeg Tue Mar 10 13:12:10 CET 2026
#@# AParc-to-ASeg aparc Tue Mar 10 13:12:17 CET 2026
#@# AParc-to-ASeg aparc.a2009s Tue Mar 10 13:12:34 CET 2026
#@# AParc-to-ASeg aparc.DKTatlas Tue Mar 10 13:12:52 CET 2026
#@# WMParc Tue Mar 10 13:13:10 CET 2026
#@# ASeg Stats Tue Mar 10 13:17:32 CET 2026
recon-all -s sub-v2s0x29045_ses-1 finished without error at Tue Mar 10 13:18:12 CET 2026
