status file for recon-all
Tue Mar 10 09:51:55 CET 2026
#@# Tessellate rh Tue Mar 10 09:51:55 CET 2026
#@# Smooth1 rh Tue Mar 10 09:51:57 CET 2026
#@# Inflation1 rh Tue Mar 10 09:51:59 CET 2026
#@# QSphere rh Tue Mar 10 09:52:13 CET 2026
#@# Fix Topology rh Tue Mar 10 09:53:36 CET 2026
#@# Smooth2 rh Tue Mar 10 09:58:33 CET 2026
#@# Inflation2 rh Tue Mar 10 09:58:36 CET 2026
#@# Curv .H and .K rh Tue Mar 10 09:58:49 CET 2026
#@# Sphere rh Tue Mar 10 09:59:28 CET 2026
#@# Surf Reg rh Tue Mar 10 10:02:35 CET 2026
#@# Jacobian white rh Tue Mar 10 10:06:09 CET 2026
#@# AvgCurv rh Tue Mar 10 10:06:10 CET 2026
#@# Cortical Parc rh Tue Mar 10 10:06:11 CET 2026
#@# white curv rh Tue Mar 10 10:12:10 CET 2026
#@# white area rh Tue Mar 10 10:12:12 CET 2026
#@# pial curv rh Tue Mar 10 10:12:13 CET 2026
#@# pial area rh Tue Mar 10 10:12:14 CET 2026
#@# thickness rh Tue Mar 10 10:12:15 CET 2026
#@# area and vertex vol rh Tue Mar 10 10:12:35 CET 2026
#@# Curvature Stats rh Tue Mar 10 10:12:36 CET 2026
#@# Cortical Parc 2 rh Tue Mar 10 10:12:38 CET 2026
#@# Cortical Parc 3 rh Tue Mar 10 10:12:49 CET 2026
#@# WM/GM Contrast rh Tue Mar 10 10:12:56 CET 2026
recon-all -s sub-v2s0x29011_ses-1 finished without error at Tue Mar 10 10:12:59 CET 2026



#New# invocation of recon-all 



status file for recon-all
Tue Mar 10 10:18:50 CET 2026
#@# white curv rh Tue Mar 10 10:18:50 CET 2026
#@# white area rh Tue Mar 10 10:18:50 CET 2026
#@# pial curv rh Tue Mar 10 10:18:50 CET 2026
#@# pial area rh Tue Mar 10 10:18:50 CET 2026
#@# thickness rh Tue Mar 10 10:18:50 CET 2026
#@# area and vertex vol rh Tue Mar 10 10:18:50 CET 2026
#@# Parcellation Stats rh Tue Mar 10 10:18:50 CET 2026
#@# Parcellation Stats 2 rh Tue Mar 10 10:19:05 CET 2026
#@# Parcellation Stats 3 rh Tue Mar 10 10:19:13 CET 2026
#@# BA_exvivo Labels rh Tue Mar 10 10:19:21 CET 2026
recon-all -s sub-v2s0x29011_ses-1 finished without error at Tue Mar 10 10:21:24 CET 2026
