status file for recon-all
Tue Mar 10 08:04:28 CET 2026
#@# MotionCor Tue Mar 10 08:04:29 CET 2026
#@# Talairach Tue Mar 10 08:04:35 CET 2026
#@# Talairach Failure Detection Tue Mar 10 08:07:24 CET 2026
#@# Nu Intensity Correction Tue Mar 10 08:07:24 CET 2026
#@# Intensity Normalization Tue Mar 10 08:10:09 CET 2026
recon-all -s sub-v2s0x29011_ses-1 finished without error at Tue Mar 10 08:11:14 CET 2026



#New# invocation of recon-all 



status file for recon-all
Tue Mar 10 08:17:34 CET 2026
#@# EM Registration Tue Mar 10 08:17:34 CET 2026
recon-all -s sub-v2s0x29011_ses-1 finished without error at Tue Mar 10 08:18:58 CET 2026



#New# invocation of recon-all 



status file for recon-all
Tue Mar 10 08:18:59 CET 2026
#@# CA Normalize Tue Mar 10 08:18:59 CET 2026
#@# CA Reg Tue Mar 10 08:19:52 CET 2026
#@# SubCort Seg Tue Mar 10 09:06:51 CET 2026
#@# CC Seg Tue Mar 10 09:28:31 CET 2026
#@# Merge ASeg Tue Mar 10 09:28:50 CET 2026
#@# Intensity Normalization2 Tue Mar 10 09:28:50 CET 2026
#@# Mask BFS Tue Mar 10 09:30:18 CET 2026
#@# WM Segmentation Tue Mar 10 09:30:19 CET 2026
#@# Fill Tue Mar 10 09:31:55 CET 2026
recon-all -s sub-v2s0x29011_ses-1 finished without error at Tue Mar 10 09:32:33 CET 2026



#New# invocation of recon-all 



status file for recon-all
Tue Mar 10 10:13:03 CET 2026
#@# white curv lh Tue Mar 10 10:13:03 CET 2026
#@# white area lh Tue Mar 10 10:13:03 CET 2026
#@# pial curv lh Tue Mar 10 10:13:03 CET 2026
#@# pial area lh Tue Mar 10 10:13:03 CET 2026
#@# thickness lh Tue Mar 10 10:13:03 CET 2026
#@# area and vertex vol lh Tue Mar 10 10:13:03 CET 2026
#@# white curv rh Tue Mar 10 10:13:03 CET 2026
#@# white area rh Tue Mar 10 10:13:03 CET 2026
#@# pial curv rh Tue Mar 10 10:13:03 CET 2026
#@# pial area rh Tue Mar 10 10:13:03 CET 2026
#@# thickness rh Tue Mar 10 10:13:03 CET 2026
#@# area and vertex vol rh Tue Mar 10 10:13:03 CET 2026
#@# Cortical ribbon mask Tue Mar 10 10:13:04 CET 2026
recon-all -s sub-v2s0x29011_ses-1 finished without error at Tue Mar 10 10:16:13 CET 2026



#New# invocation of recon-all 



status file for recon-all
Tue Mar 10 10:21:29 CET 2026
#@# white curv lh Tue Mar 10 10:21:29 CET 2026
#@# white area lh Tue Mar 10 10:21:29 CET 2026
#@# pial curv lh Tue Mar 10 10:21:29 CET 2026
#@# pial area lh Tue Mar 10 10:21:29 CET 2026
#@# thickness lh Tue Mar 10 10:21:29 CET 2026
#@# area and vertex vol lh Tue Mar 10 10:21:29 CET 2026
#@# white curv rh Tue Mar 10 10:21:30 CET 2026
#@# white area rh Tue Mar 10 10:21:30 CET 2026
#@# pial curv rh Tue Mar 10 10:21:30 CET 2026
#@# pial area rh Tue Mar 10 10:21:30 CET 2026
#@# thickness rh Tue Mar 10 10:21:30 CET 2026
#@# area and vertex vol rh Tue Mar 10 10:21:30 CET 2026
#@# Curvature Stats lh Tue Mar 10 10:21:30 CET 2026
#@# Curvature Stats rh Tue Mar 10 10:21:31 CET 2026
#@# Relabel Hypointensities Tue Mar 10 10:21:33 CET 2026
#@# APas-to-ASeg Tue Mar 10 10:21:44 CET 2026
#@# AParc-to-ASeg aparc Tue Mar 10 10:21:50 CET 2026
#@# AParc-to-ASeg aparc.a2009s Tue Mar 10 10:22:05 CET 2026
#@# AParc-to-ASeg aparc.DKTatlas Tue Mar 10 10:22:21 CET 2026
#@# WMParc Tue Mar 10 10:22:36 CET 2026
#@# ASeg Stats Tue Mar 10 10:24:33 CET 2026
recon-all -s sub-v2s0x29011_ses-1 finished without error at Tue Mar 10 10:24:51 CET 2026
