status file for recon-all
Tue Mar 10 09:32:37 CET 2026
#@# Tessellate lh Tue Mar 10 09:32:37 CET 2026
#@# Smooth1 lh Tue Mar 10 09:32:40 CET 2026
#@# Inflation1 lh Tue Mar 10 09:32:42 CET 2026
#@# QSphere lh Tue Mar 10 09:32:55 CET 2026
#@# Fix Topology lh Tue Mar 10 09:33:56 CET 2026
#@# Smooth2 lh Tue Mar 10 09:38:51 CET 2026
#@# Inflation2 lh Tue Mar 10 09:38:53 CET 2026
#@# Curv .H and .K lh Tue Mar 10 09:39:07 CET 2026
#@# Sphere lh Tue Mar 10 09:39:46 CET 2026
#@# Surf Reg lh Tue Mar 10 09:41:24 CET 2026
#@# Jacobian white lh Tue Mar 10 09:44:58 CET 2026
#@# AvgCurv lh Tue Mar 10 09:44:59 CET 2026
#@# Cortical Parc lh Tue Mar 10 09:44:59 CET 2026
#@# white curv lh Tue Mar 10 09:51:03 CET 2026
#@# white area lh Tue Mar 10 09:51:04 CET 2026
#@# pial curv lh Tue Mar 10 09:51:05 CET 2026
#@# pial area lh Tue Mar 10 09:51:07 CET 2026
#@# thickness lh Tue Mar 10 09:51:07 CET 2026
#@# area and vertex vol lh Tue Mar 10 09:51:27 CET 2026
#@# Curvature Stats lh Tue Mar 10 09:51:28 CET 2026
#@# Cortical Parc 2 lh Tue Mar 10 09:51:30 CET 2026
#@# Cortical Parc 3 lh Tue Mar 10 09:51:40 CET 2026
#@# WM/GM Contrast lh Tue Mar 10 09:51:48 CET 2026
recon-all -s sub-v2s0x29011_ses-1 finished without error at Tue Mar 10 09:51:51 CET 2026



#New# invocation of recon-all 



status file for recon-all
Tue Mar 10 10:16:18 CET 2026
#@# white curv lh Tue Mar 10 10:16:18 CET 2026
#@# white area lh Tue Mar 10 10:16:18 CET 2026
#@# pial curv lh Tue Mar 10 10:16:18 CET 2026
#@# pial area lh Tue Mar 10 10:16:18 CET 2026
#@# thickness lh Tue Mar 10 10:16:18 CET 2026
#@# area and vertex vol lh Tue Mar 10 10:16:18 CET 2026
#@# Parcellation Stats lh Tue Mar 10 10:16:18 CET 2026
#@# Parcellation Stats 2 lh Tue Mar 10 10:16:33 CET 2026
#@# Parcellation Stats 3 lh Tue Mar 10 10:16:41 CET 2026
#@# BA_exvivo Labels lh Tue Mar 10 10:16:48 CET 2026
recon-all -s sub-v2s0x29011_ses-1 finished without error at Tue Mar 10 10:18:47 CET 2026
