status file for recon-all
Tue Mar 10 08:14:24 CET 2026
#@# T2/FLAIR Input Tue Mar 10 08:14:26 CET 2026
#@# MotionCor Tue Mar 10 08:14:27 CET 2026
#@# Talairach Tue Mar 10 08:14:33 CET 2026
#@# Talairach Failure Detection Tue Mar 10 08:17:26 CET 2026
#@# Nu Intensity Correction Tue Mar 10 08:17:26 CET 2026
#@# Intensity Normalization Tue Mar 10 08:20:14 CET 2026
recon-all -s sub-v2s0x29015_ses-1 finished without error at Tue Mar 10 08:21:40 CET 2026



#New# invocation of recon-all 



status file for recon-all
Tue Mar 10 08:27:34 CET 2026
#@# EM Registration Tue Mar 10 08:27:34 CET 2026
recon-all -s sub-v2s0x29015_ses-1 finished without error at Tue Mar 10 08:29:02 CET 2026



#New# invocation of recon-all 



status file for recon-all
Tue Mar 10 08:29:06 CET 2026
#@# CA Normalize Tue Mar 10 08:29:06 CET 2026
#@# CA Reg Tue Mar 10 08:30:00 CET 2026
#@# SubCort Seg Tue Mar 10 09:01:32 CET 2026
#@# CC Seg Tue Mar 10 09:18:35 CET 2026
#@# Merge ASeg Tue Mar 10 09:19:03 CET 2026
#@# Intensity Normalization2 Tue Mar 10 09:19:03 CET 2026
#@# Mask BFS Tue Mar 10 09:20:31 CET 2026
#@# WM Segmentation Tue Mar 10 09:20:32 CET 2026
#@# Fill Tue Mar 10 09:21:59 CET 2026
recon-all -s sub-v2s0x29015_ses-1 finished without error at Tue Mar 10 09:22:37 CET 2026



#New# invocation of recon-all 



status file for recon-all
Tue Mar 10 09:49:27 CET 2026
#@# Refine Pial Surfs w/ T2/FLAIR Tue Mar 10 09:49:27 CET 2026
#@# white curv lh Tue Mar 10 10:03:46 CET 2026
#@# white area lh Tue Mar 10 10:03:46 CET 2026
#@# pial curv lh Tue Mar 10 10:03:46 CET 2026
#@# pial area lh Tue Mar 10 10:03:47 CET 2026
#@# thickness lh Tue Mar 10 10:03:47 CET 2026
#@# area and vertex vol lh Tue Mar 10 10:04:02 CET 2026
#@# white curv rh Tue Mar 10 10:04:03 CET 2026
#@# white area rh Tue Mar 10 10:04:03 CET 2026
#@# pial curv rh Tue Mar 10 10:04:03 CET 2026
#@# pial area rh Tue Mar 10 10:04:04 CET 2026
#@# thickness rh Tue Mar 10 10:04:05 CET 2026
#@# area and vertex vol rh Tue Mar 10 10:04:20 CET 2026
#@# Cortical ribbon mask Tue Mar 10 10:04:21 CET 2026
recon-all -s sub-v2s0x29015_ses-1 finished without error at Tue Mar 10 10:06:44 CET 2026



#New# invocation of recon-all 



status file for recon-all
Tue Mar 10 10:10:45 CET 2026
#@# white curv lh Tue Mar 10 10:10:45 CET 2026
#@# white area lh Tue Mar 10 10:10:45 CET 2026
#@# pial curv lh Tue Mar 10 10:10:45 CET 2026
#@# pial area lh Tue Mar 10 10:10:45 CET 2026
#@# thickness lh Tue Mar 10 10:10:45 CET 2026
#@# area and vertex vol lh Tue Mar 10 10:10:45 CET 2026
#@# white curv rh Tue Mar 10 10:10:45 CET 2026
#@# white area rh Tue Mar 10 10:10:45 CET 2026
#@# pial curv rh Tue Mar 10 10:10:45 CET 2026
#@# pial area rh Tue Mar 10 10:10:45 CET 2026
#@# thickness rh Tue Mar 10 10:10:45 CET 2026
#@# area and vertex vol rh Tue Mar 10 10:10:45 CET 2026
#@# Curvature Stats lh Tue Mar 10 10:10:45 CET 2026
#@# Curvature Stats rh Tue Mar 10 10:10:46 CET 2026
#@# Relabel Hypointensities Tue Mar 10 10:10:47 CET 2026
#@# APas-to-ASeg Tue Mar 10 10:10:56 CET 2026
#@# AParc-to-ASeg aparc Tue Mar 10 10:11:01 CET 2026
#@# AParc-to-ASeg aparc.a2009s Tue Mar 10 10:11:12 CET 2026
#@# AParc-to-ASeg aparc.DKTatlas Tue Mar 10 10:11:22 CET 2026
#@# WMParc Tue Mar 10 10:11:33 CET 2026
#@# ASeg Stats Tue Mar 10 10:13:19 CET 2026
recon-all -s sub-v2s0x29015_ses-1 finished without error at Tue Mar 10 10:13:35 CET 2026
