status file for recon-all
Tue Mar 10 09:35:59 CET 2026
#@# Tessellate rh Tue Mar 10 09:35:59 CET 2026
#@# Smooth1 rh Tue Mar 10 09:36:01 CET 2026
#@# Inflation1 rh Tue Mar 10 09:36:03 CET 2026
#@# QSphere rh Tue Mar 10 09:36:09 CET 2026
#@# Fix Topology rh Tue Mar 10 09:36:48 CET 2026
#@# Smooth2 rh Tue Mar 10 09:40:05 CET 2026
#@# Inflation2 rh Tue Mar 10 09:40:07 CET 2026
#@# Curv .H and .K rh Tue Mar 10 09:40:14 CET 2026
#@# Sphere rh Tue Mar 10 09:40:46 CET 2026
#@# Surf Reg rh Tue Mar 10 09:42:36 CET 2026
#@# Jacobian white rh Tue Mar 10 09:44:32 CET 2026
#@# AvgCurv rh Tue Mar 10 09:44:33 CET 2026
#@# Cortical Parc rh Tue Mar 10 09:44:33 CET 2026
#@# white curv rh Tue Mar 10 09:48:46 CET 2026
#@# white area rh Tue Mar 10 09:48:47 CET 2026
#@# pial curv rh Tue Mar 10 09:48:47 CET 2026
#@# pial area rh Tue Mar 10 09:48:48 CET 2026
#@# thickness rh Tue Mar 10 09:48:49 CET 2026
#@# area and vertex vol rh Tue Mar 10 09:49:05 CET 2026
#@# Curvature Stats rh Tue Mar 10 09:49:05 CET 2026
#@# Cortical Parc 2 rh Tue Mar 10 09:49:07 CET 2026
#@# Cortical Parc 3 rh Tue Mar 10 09:49:15 CET 2026
#@# WM/GM Contrast rh Tue Mar 10 09:49:22 CET 2026
recon-all -s sub-v2s0x29015_ses-1 finished without error at Tue Mar 10 09:49:24 CET 2026



#New# invocation of recon-all 



status file for recon-all
Tue Mar 10 10:08:44 CET 2026
#@# white curv rh Tue Mar 10 10:08:44 CET 2026
#@# white area rh Tue Mar 10 10:08:44 CET 2026
#@# pial curv rh Tue Mar 10 10:08:44 CET 2026
#@# pial area rh Tue Mar 10 10:08:44 CET 2026
#@# thickness rh Tue Mar 10 10:08:44 CET 2026
#@# area and vertex vol rh Tue Mar 10 10:08:44 CET 2026
#@# Parcellation Stats rh Tue Mar 10 10:08:44 CET 2026
#@# Parcellation Stats 2 rh Tue Mar 10 10:08:55 CET 2026
#@# Parcellation Stats 3 rh Tue Mar 10 10:09:01 CET 2026
#@# BA_exvivo Labels rh Tue Mar 10 10:09:06 CET 2026
recon-all -s sub-v2s0x29015_ses-1 finished without error at Tue Mar 10 10:10:39 CET 2026
